2021-11-24 15:26:09,621:INFO:All directories created, ready to load the data
2021-11-24 15:26:09,652:INFO:Dataset loaded from /data/theorie/jthoeve/event_generation/events_high_stats/quad/cHW/events_29.npy
2021-11-24 15:26:09,655:INFO:Dataset loaded from /data/theorie/jthoeve/event_generation/events_high_stats/sm/events_29.npy
2021-11-24 15:26:13,499:INFO:Epoch 1, Training loss 183825.984375, Validation loss 183869.14453125
2021-11-24 15:26:17,341:INFO:Epoch 2, Training loss 183825.984375, Validation loss 183869.14453125
2021-11-24 15:26:21,126:INFO:Epoch 3, Training loss 183825.98828125, Validation loss 183869.14453125
2021-11-24 15:26:25,237:INFO:Epoch 4, Training loss 183825.984375, Validation loss 183869.14453125
2021-11-24 15:26:29,016:INFO:Epoch 5, Training loss 183825.98828125, Validation loss 183869.14453125
2021-11-24 15:26:32,837:INFO:Epoch 6, Training loss 183825.98828125, Validation loss 183869.14453125
2021-11-24 15:26:36,640:INFO:Epoch 7, Training loss 183825.984375, Validation loss 183869.14453125
2021-11-24 15:26:40,508:INFO:Epoch 8, Training loss 183825.98828125, Validation loss 183869.14453125
2021-11-24 15:26:44,460:INFO:Epoch 9, Training loss 183825.98828125, Validation loss 183869.14453125
2021-11-24 15:26:48,279:INFO:Epoch 10, Training loss 183825.98828125, Validation loss 183869.14453125
2021-11-24 15:26:52,489:INFO:Epoch 11, Training loss 183825.984375, Validation loss 183869.14453125
2021-11-24 15:26:52,493:INFO:Detected stagant training, reset the weights
2021-11-24 15:26:56,318:INFO:Epoch 12, Training loss 183807.44921875, Validation loss 183770.55078125
2021-11-24 15:27:00,120:INFO:Epoch 13, Training loss 183384.80859375, Validation loss 182378.02734375
2021-11-24 15:27:03,902:INFO:Epoch 14, Training loss 179560.09375, Validation loss 167252.9140625
2021-11-24 15:27:07,720:INFO:Epoch 15, Training loss 155715.337890625, Validation loss 147537.169921875
2021-11-24 15:27:11,557:INFO:Epoch 16, Training loss 148080.2578125, Validation loss 149483.63671875
2021-11-24 15:27:15,380:INFO:Epoch 17, Training loss 149744.04296875, Validation loss 149478.779296875
2021-11-24 15:27:19,165:INFO:Epoch 18, Training loss 148716.3671875, Validation loss 147547.828125
2021-11-24 15:27:23,050:INFO:Epoch 19, Training loss 146851.775390625, Validation loss 145961.80078125
2021-11-24 15:27:26,841:INFO:Epoch 20, Training loss 145566.15625, Validation loss 145125.275390625
2021-11-24 15:27:30,699:INFO:Epoch 21, Training loss 144931.251953125, Validation loss 144654.39453125
2021-11-24 15:27:34,482:INFO:Epoch 22, Training loss 144449.822265625, Validation loss 144178.6640625
2021-11-24 15:27:38,309:INFO:Epoch 23, Training loss 144065.947265625, Validation loss 143927.693359375
2021-11-24 15:27:42,132:INFO:Epoch 24, Training loss 143845.740234375, Validation loss 143749.23828125
2021-11-24 15:27:45,970:INFO:Epoch 25, Training loss 143712.8125, Validation loss 143706.068359375
2021-11-24 15:27:49,757:INFO:Epoch 26, Training loss 143671.814453125, Validation loss 143691.166015625
2021-11-24 15:27:53,568:INFO:Epoch 27, Training loss 143660.849609375, Validation loss 143681.5078125
2021-11-24 15:27:57,385:INFO:Epoch 28, Training loss 143644.775390625, Validation loss 143673.69921875
2021-11-24 15:28:01,230:INFO:Epoch 29, Training loss 143630.099609375, Validation loss 143658.05859375
2021-11-24 15:28:05,032:INFO:Epoch 30, Training loss 143616.5234375, Validation loss 143650.466796875
2021-11-24 15:28:08,840:INFO:Epoch 31, Training loss 143608.673828125, Validation loss 143648.412109375
2021-11-24 15:28:12,651:INFO:Epoch 32, Training loss 143604.7890625, Validation loss 143644.537109375
2021-11-24 15:28:16,476:INFO:Epoch 33, Training loss 143597.2578125, Validation loss 143641.888671875
2021-11-24 15:28:20,288:INFO:Epoch 34, Training loss 143594.001953125, Validation loss 143642.32421875
2021-11-24 15:28:24,078:INFO:Epoch 35, Training loss 143590.3828125, Validation loss 143641.359375
2021-11-24 15:28:28,263:INFO:Epoch 36, Training loss 143587.30078125, Validation loss 143642.591796875
2021-11-24 15:28:32,084:INFO:Epoch 37, Training loss 143585.267578125, Validation loss 143639.7734375
2021-11-24 15:28:35,908:INFO:Epoch 38, Training loss 143583.85546875, Validation loss 143639.02734375
2021-11-24 15:28:39,696:INFO:Epoch 39, Training loss 143580.376953125, Validation loss 143639.29296875
2021-11-24 15:28:43,664:INFO:Epoch 40, Training loss 143579.189453125, Validation loss 143638.115234375
2021-11-24 15:28:47,449:INFO:Epoch 41, Training loss 143577.443359375, Validation loss 143638.767578125
2021-11-24 15:28:51,315:INFO:Epoch 42, Training loss 143576.111328125, Validation loss 143638.623046875
2021-11-24 15:28:55,107:INFO:Epoch 43, Training loss 143577.5, Validation loss 143638.126953125
2021-11-24 15:28:58,932:INFO:Epoch 44, Training loss 143574.662109375, Validation loss 143637.794921875
2021-11-24 15:29:03,103:INFO:Epoch 45, Training loss 143572.947265625, Validation loss 143637.04296875
2021-11-24 15:29:06,948:INFO:Epoch 46, Training loss 143573.5390625, Validation loss 143637.609375
2021-11-24 15:29:10,749:INFO:Epoch 47, Training loss 143573.26953125, Validation loss 143637.4765625
2021-11-24 15:29:14,564:INFO:Epoch 48, Training loss 143571.134765625, Validation loss 143638.09375
2021-11-24 15:29:18,362:INFO:Epoch 49, Training loss 143571.111328125, Validation loss 143636.869140625
2021-11-24 15:29:22,207:INFO:Epoch 50, Training loss 143574.576171875, Validation loss 143639.87890625
2021-11-24 15:29:26,005:INFO:Epoch 51, Training loss 143568.203125, Validation loss 143638.1484375
2021-11-24 15:29:29,837:INFO:Epoch 52, Training loss 143568.15625, Validation loss 143641.384765625
2021-11-24 15:29:33,647:INFO:Epoch 53, Training loss 143568.97265625, Validation loss 143637.3125
2021-11-24 15:29:37,480:INFO:Epoch 54, Training loss 143568.3203125, Validation loss 143636.888671875
2021-11-24 15:29:41,296:INFO:Epoch 55, Training loss 143565.0390625, Validation loss 143637.12890625
2021-11-24 15:29:45,102:INFO:Epoch 56, Training loss 143566.328125, Validation loss 143637.72265625
2021-11-24 15:29:48,918:INFO:Epoch 57, Training loss 143564.5390625, Validation loss 143636.4765625
2021-11-24 15:29:52,735:INFO:Epoch 58, Training loss 143564.025390625, Validation loss 143635.607421875
2021-11-24 15:29:56,565:INFO:Epoch 59, Training loss 143563.416015625, Validation loss 143635.857421875
2021-11-24 15:30:00,373:INFO:Epoch 60, Training loss 143562.970703125, Validation loss 143635.25
2021-11-24 15:30:04,207:INFO:Epoch 61, Training loss 143562.404296875, Validation loss 143635.57421875
2021-11-24 15:30:07,985:INFO:Epoch 62, Training loss 143564.28515625, Validation loss 143635.501953125
2021-11-24 15:30:11,875:INFO:Epoch 63, Training loss 143561.630859375, Validation loss 143636.240234375
2021-11-24 15:30:15,736:INFO:Epoch 64, Training loss 143561.50390625, Validation loss 143636.158203125
2021-11-24 15:30:19,672:INFO:Epoch 65, Training loss 143560.095703125, Validation loss 143636.658203125
2021-11-24 15:30:23,549:INFO:Epoch 66, Training loss 143561.103515625, Validation loss 143634.974609375
2021-11-24 15:30:27,518:INFO:Epoch 67, Training loss 143559.85546875, Validation loss 143637.697265625
2021-11-24 15:30:31,437:INFO:Epoch 68, Training loss 143560.0390625, Validation loss 143634.71875
2021-11-24 15:30:35,356:INFO:Epoch 69, Training loss 143559.462890625, Validation loss 143638.169921875
2021-11-24 15:30:39,211:INFO:Epoch 70, Training loss 143559.419921875, Validation loss 143635.927734375
2021-11-24 15:30:43,129:INFO:Epoch 71, Training loss 143559.791015625, Validation loss 143636.298828125
2021-11-24 15:30:47,032:INFO:Epoch 72, Training loss 143559.84765625, Validation loss 143636.26171875
2021-11-24 15:30:50,928:INFO:Epoch 73, Training loss 143558.1875, Validation loss 143635.7421875
2021-11-24 15:30:54,786:INFO:Epoch 74, Training loss 143558.9453125, Validation loss 143638.623046875
2021-11-24 15:30:58,631:INFO:Epoch 75, Training loss 143557.798828125, Validation loss 143634.447265625
2021-11-24 15:31:02,478:INFO:Epoch 76, Training loss 143557.15625, Validation loss 143636.021484375
2021-11-24 15:31:06,271:INFO:Epoch 77, Training loss 143557.93359375, Validation loss 143635.81640625
2021-11-24 15:31:10,096:INFO:Epoch 78, Training loss 143556.537109375, Validation loss 143635.20703125
2021-11-24 15:31:13,914:INFO:Epoch 79, Training loss 143556.95703125, Validation loss 143635.861328125
2021-11-24 15:31:17,744:INFO:Epoch 80, Training loss 143555.0, Validation loss 143634.064453125
2021-11-24 15:31:21,534:INFO:Epoch 81, Training loss 143554.919921875, Validation loss 143635.158203125
2021-11-24 15:31:25,372:INFO:Epoch 82, Training loss 143556.40625, Validation loss 143634.369140625
2021-11-24 15:31:29,175:INFO:Epoch 83, Training loss 143559.3359375, Validation loss 143638.310546875
2021-11-24 15:31:33,051:INFO:Epoch 84, Training loss 143558.66796875, Validation loss 143634.931640625
2021-11-24 15:31:36,832:INFO:Epoch 85, Training loss 143558.7734375, Validation loss 143636.068359375
2021-11-24 15:31:40,667:INFO:Epoch 86, Training loss 143556.359375, Validation loss 143634.5234375
2021-11-24 15:31:44,476:INFO:Epoch 87, Training loss 143555.09765625, Validation loss 143639.0078125
2021-11-24 15:31:48,332:INFO:Epoch 88, Training loss 143552.859375, Validation loss 143634.494140625
2021-11-24 15:31:52,133:INFO:Epoch 89, Training loss 143557.9296875, Validation loss 143639.4609375
2021-11-24 15:31:55,956:INFO:Epoch 90, Training loss 143559.298828125, Validation loss 143636.48828125
2021-11-24 15:31:59,781:INFO:Epoch 91, Training loss 143554.396484375, Validation loss 143636.111328125
2021-11-24 15:32:03,639:INFO:Epoch 92, Training loss 143554.26171875, Validation loss 143636.53515625
2021-11-24 15:32:07,459:INFO:Epoch 93, Training loss 143555.482421875, Validation loss 143633.62890625
2021-11-24 15:32:11,268:INFO:Epoch 94, Training loss 143554.89453125, Validation loss 143635.416015625
2021-11-24 15:32:15,092:INFO:Epoch 95, Training loss 143551.240234375, Validation loss 143634.861328125
2021-11-24 15:32:18,930:INFO:Epoch 96, Training loss 143550.525390625, Validation loss 143635.96875
2021-11-24 15:32:22,750:INFO:Epoch 97, Training loss 143551.4140625, Validation loss 143635.65625
2021-11-24 15:32:26,550:INFO:Epoch 98, Training loss 143549.716796875, Validation loss 143636.36328125
2021-11-24 15:32:30,404:INFO:Epoch 99, Training loss 143556.94921875, Validation loss 143639.984375
2021-11-24 15:32:34,234:INFO:Epoch 100, Training loss 143555.24609375, Validation loss 143638.962890625
2021-11-24 15:32:38,063:INFO:Epoch 101, Training loss 143553.015625, Validation loss 143637.392578125
2021-11-24 15:32:41,858:INFO:Epoch 102, Training loss 143551.19921875, Validation loss 143635.05078125
2021-11-24 15:32:45,683:INFO:Epoch 103, Training loss 143551.3046875, Validation loss 143637.8828125
2021-11-24 15:32:49,471:INFO:Epoch 104, Training loss 143549.87890625, Validation loss 143636.4453125
2021-11-24 15:32:53,343:INFO:Epoch 105, Training loss 143551.671875, Validation loss 143638.814453125
2021-11-24 15:32:57,132:INFO:Epoch 106, Training loss 143550.130859375, Validation loss 143635.841796875
2021-11-24 15:33:01,000:INFO:Epoch 107, Training loss 143548.1484375, Validation loss 143637.740234375
2021-11-24 15:33:04,801:INFO:Epoch 108, Training loss 143548.48046875, Validation loss 143637.203125
2021-11-24 15:33:08,770:INFO:Epoch 109, Training loss 143548.314453125, Validation loss 143637.505859375
2021-11-24 15:33:12,572:INFO:Epoch 110, Training loss 143549.708984375, Validation loss 143636.912109375
2021-11-24 15:33:16,407:INFO:Epoch 111, Training loss 143548.142578125, Validation loss 143637.30859375
2021-11-24 15:33:20,223:INFO:Epoch 112, Training loss 143548.3359375, Validation loss 143636.796875
2021-11-24 15:33:24,067:INFO:Epoch 113, Training loss 143549.3984375, Validation loss 143636.68359375
2021-11-24 15:33:27,876:INFO:Epoch 114, Training loss 143550.560546875, Validation loss 143639.5546875
2021-11-24 15:33:31,727:INFO:Epoch 115, Training loss 143551.005859375, Validation loss 143637.720703125
2021-11-24 15:33:35,552:INFO:Epoch 116, Training loss 143551.5546875, Validation loss 143638.435546875
2021-11-24 15:33:39,390:INFO:Epoch 117, Training loss 143560.134765625, Validation loss 143637.736328125
2021-11-24 15:33:43,207:INFO:Epoch 118, Training loss 143553.841796875, Validation loss 143638.42578125
2021-11-24 15:33:47,004:INFO:Epoch 119, Training loss 143547.087890625, Validation loss 143644.69921875
2021-11-24 15:33:50,838:INFO:Epoch 120, Training loss 143547.51171875, Validation loss 143639.54296875
2021-11-24 15:33:54,946:INFO:Epoch 121, Training loss 143549.1875, Validation loss 143642.890625
2021-11-24 15:33:58,778:INFO:Epoch 122, Training loss 143553.791015625, Validation loss 143637.974609375
2021-11-24 15:34:02,596:INFO:Epoch 123, Training loss 143550.35546875, Validation loss 143638.939453125
2021-11-24 15:34:06,432:INFO:Epoch 124, Training loss 143547.267578125, Validation loss 143638.4921875
2021-11-24 15:34:10,217:INFO:Epoch 125, Training loss 143547.111328125, Validation loss 143638.98046875
2021-11-24 15:34:14,089:INFO:Epoch 126, Training loss 143546.0859375, Validation loss 143641.37890625
2021-11-24 15:34:17,880:INFO:Epoch 127, Training loss 143545.53125, Validation loss 143639.119140625
2021-11-24 15:34:21,708:INFO:Epoch 128, Training loss 143545.84765625, Validation loss 143641.798828125
2021-11-24 15:34:25,511:INFO:Epoch 129, Training loss 143545.42578125, Validation loss 143638.443359375
2021-11-24 15:34:29,372:INFO:Epoch 130, Training loss 143544.96484375, Validation loss 143641.18359375
2021-11-24 15:34:33,203:INFO:Epoch 131, Training loss 143544.314453125, Validation loss 143639.236328125
2021-11-24 15:34:37,037:INFO:Epoch 132, Training loss 143544.244140625, Validation loss 143639.94140625
2021-11-24 15:34:40,937:INFO:Epoch 133, Training loss 143543.64453125, Validation loss 143639.203125
2021-11-24 15:34:44,784:INFO:Epoch 134, Training loss 143545.35546875, Validation loss 143639.85546875
2021-11-24 15:34:48,598:INFO:Epoch 135, Training loss 143545.111328125, Validation loss 143641.990234375
2021-11-24 15:34:52,409:INFO:Epoch 136, Training loss 143545.291015625, Validation loss 143639.53125
2021-11-24 15:34:56,223:INFO:Epoch 137, Training loss 143543.50390625, Validation loss 143640.00390625
2021-11-24 15:35:00,064:INFO:Epoch 138, Training loss 143544.02734375, Validation loss 143640.205078125
2021-11-24 15:35:03,931:INFO:Epoch 139, Training loss 143543.486328125, Validation loss 143639.439453125
2021-11-24 15:35:07,731:INFO:Epoch 140, Training loss 143543.173828125, Validation loss 143640.64453125
2021-11-24 15:35:11,569:INFO:Epoch 141, Training loss 143546.0, Validation loss 143640.908203125
2021-11-24 15:35:15,398:INFO:Epoch 142, Training loss 143545.640625, Validation loss 143641.73046875
2021-11-24 15:35:19,251:INFO:Epoch 143, Training loss 143546.595703125, Validation loss 143639.34375
2021-11-24 15:35:19,257:INFO:Finished training, producing training report at /data/theorie/jthoeve/ML4EFT_higgs/models/24_11/model_quad_cHW/mc_run_29/plots/training_report/
2021-11-24 15:35:19,618:WARNING:findfont: Font family ['sans-serif'] not found. Falling back to DejaVu Sans.
