8.109008593750000000e+04
7.672252246093750000e+04
7.463819628906250000e+04
7.392563769531250000e+04
7.390067773437500000e+04
7.394575390625000000e+04
7.386502343750000000e+04
7.379613476562500000e+04
7.378771386718750000e+04
7.379437890625000000e+04
7.378538085937500000e+04
7.377726953125000000e+04
7.377635937500000000e+04
7.377591699218750000e+04
7.377452246093750000e+04
7.377387304687500000e+04
7.377272460937500000e+04
7.377163769531250000e+04
7.377136132812500000e+04
7.377101367187500000e+04
7.377081738281250000e+04
7.377040820312500000e+04
7.377013183593750000e+04
7.376969726562500000e+04
7.376953417968750000e+04
7.376932714843750000e+04
7.376892968750000000e+04
7.376865429687500000e+04
7.376829980468750000e+04
7.376803417968750000e+04
7.376783984375000000e+04
7.376746191406250000e+04
7.376723437500000000e+04
7.376705957031250000e+04
7.376679296875000000e+04
7.376670800781250000e+04
7.376644921875000000e+04
7.376622167968750000e+04
7.376630957031250000e+04
7.376589453125000000e+04
7.376570996093750000e+04
7.376570410156250000e+04
7.376570410156250000e+04
7.376518554687500000e+04
7.376524316406250000e+04
7.376519628906250000e+04
7.376482812500000000e+04
7.376465234375000000e+04
7.376448828125000000e+04
7.376416894531250000e+04
7.376420898437500000e+04
7.376390039062500000e+04
7.376363085937500000e+04
7.376355371093750000e+04
7.376336523437500000e+04
7.376316796875000000e+04
7.376292285156250000e+04
7.376271386718750000e+04
7.376288183593750000e+04
7.376230957031250000e+04
7.376220800781250000e+04
7.376196484375000000e+04
