8.469897851562500000e+04
8.469850195312500000e+04
8.468245117187500000e+04
8.386834375000000000e+04
7.816953613281250000e+04
7.448652832031250000e+04
7.398982714843750000e+04
7.424317871093750000e+04
7.418383300781250000e+04
7.396118066406250000e+04
7.381996679687500000e+04
7.380296875000000000e+04
7.381791308593750000e+04
7.380939941406250000e+04
7.379833886718750000e+04
7.379425292968750000e+04
7.379439746093750000e+04
7.379432617187500000e+04
7.379268066406250000e+04
7.379188964843750000e+04
7.379151660156250000e+04
7.379111523437500000e+04
7.379066601562500000e+04
7.379031054687500000e+04
7.379008398437500000e+04
7.378987695312500000e+04
7.378963671875000000e+04
7.378944238281250000e+04
7.378935839843750000e+04
7.378905078125000000e+04
7.378891894531250000e+04
7.378870507812500000e+04
7.378850390625000000e+04
7.378828125000000000e+04
7.378809765625000000e+04
7.378798632812500000e+04
7.378772070312500000e+04
7.378765332031250000e+04
7.378729199218750000e+04
7.378717871093750000e+04
7.378689453125000000e+04
7.378660351562500000e+04
7.378639843750000000e+04
7.378630957031250000e+04
7.378596191406250000e+04
7.378573144531250000e+04
7.378558984375000000e+04
7.378520312500000000e+04
7.378494433593750000e+04
7.378450585937500000e+04
7.378412792968750000e+04
7.378346679687500000e+04
7.378287011718750000e+04
7.378259375000000000e+04
7.378241503906250000e+04
7.378196777343750000e+04
7.378137011718750000e+04
7.378106445312500000e+04
7.378059960937500000e+04
7.378042089843750000e+04
7.378028027343750000e+04
7.377991406250000000e+04
7.377956542968750000e+04
7.377966406250000000e+04
7.377888964843750000e+04
7.377852539062500000e+04
7.377870019531250000e+04
7.377750683593750000e+04
7.377829492187500000e+04
7.377752636718750000e+04
