1.642387597656250000e+05
1.437355546875000000e+05
1.316637304687500000e+05
1.236159550781250000e+05
1.177448085937500000e+05
1.135787089843750000e+05
1.109801308593750000e+05
1.097517578125000000e+05
1.095023085937500000e+05
1.096140332031250000e+05
1.096267890625000000e+05
1.094970351562500000e+05
1.093789492187500000e+05
1.093368105468750000e+05
1.093297089843750000e+05
1.093125625000000000e+05
1.092851582031250000e+05
1.092636250000000000e+05
1.092489687500000000e+05
1.092336816406250000e+05
1.092170917968750000e+05
1.091994589843750000e+05
1.091823398437500000e+05
1.091655664062500000e+05
1.091468671875000000e+05
1.091265234375000000e+05
1.091031289062500000e+05
1.090771015625000000e+05
1.090482968750000000e+05
1.090163710937500000e+05
1.089813691406250000e+05
1.089406542968750000e+05
1.088969375000000000e+05
1.088543847656250000e+05
1.088089042968750000e+05
1.087639355468750000e+05
1.087201113281250000e+05
1.086820996093750000e+05
1.086456914062500000e+05
1.086148496093750000e+05
1.085887089843750000e+05
1.085660312500000000e+05
1.085485156250000000e+05
1.085350644531250000e+05
1.085240976562500000e+05
1.085178750000000000e+05
1.085140429687500000e+05
1.085076582031250000e+05
1.085044042968750000e+05
1.084991621093750000e+05
1.084961601562500000e+05
1.084937695312500000e+05
1.084896035156250000e+05
1.084889941406250000e+05
1.084852500000000000e+05
1.084840839843750000e+05
1.084830781250000000e+05
1.084823476562500000e+05
1.084800117187500000e+05
1.084809628906250000e+05
1.084788046875000000e+05
1.084801425781250000e+05
1.084807558593750000e+05
1.084773789062500000e+05
1.084764843750000000e+05
1.084739394531250000e+05
1.084738691406250000e+05
1.084734726562500000e+05
1.084720058593750000e+05
1.084738945312500000e+05
1.084721230468750000e+05
1.084707617187500000e+05
1.084750000000000000e+05
1.084710214843750000e+05
1.084709355468750000e+05
1.084693945312500000e+05
1.084699511718750000e+05
1.084680957031250000e+05
1.084685234375000000e+05
1.084683476562500000e+05
1.084675097656250000e+05
1.084663730468750000e+05
1.084667050781250000e+05
1.084663867187500000e+05
1.084668300781250000e+05
1.084654941406250000e+05
1.084663164062500000e+05
1.084643496093750000e+05
1.084668847656250000e+05
1.084649355468750000e+05
1.084656386718750000e+05
1.084635625000000000e+05
1.084662480468750000e+05
1.084640507812500000e+05
1.084650214843750000e+05
1.084654960937500000e+05
