2022-01-24 14:09:29,643:INFO:All directories created, ready to load the data
2022-01-24 14:09:29,746:INFO:Dataset loaded from /data/theorie/jthoeve/event_generation/events_high_stats/pT/lin/cHq3/events_3.npy
2022-01-24 14:09:29,753:INFO:Dataset loaded from /data/theorie/jthoeve/event_generation/events_high_stats/pT/sm/events_3.npy
2022-01-24 14:09:32,252:INFO:Epoch 1, Training loss 84653.92578125, Validation loss 84653.92578125
2022-01-24 14:09:34,717:INFO:Epoch 2, Training loss 84653.92578125, Validation loss 84653.92578125
2022-01-24 14:09:37,173:INFO:Epoch 3, Training loss 84653.92578125, Validation loss 84653.92578125
2022-01-24 14:09:39,675:INFO:Epoch 4, Training loss 84653.92578125, Validation loss 84653.92578125
2022-01-24 14:09:42,148:INFO:Epoch 5, Training loss 84653.92578125, Validation loss 84653.92578125
2022-01-24 14:09:44,615:INFO:Epoch 6, Training loss 84653.92578125, Validation loss 84653.92578125
2022-01-24 14:09:47,091:INFO:Epoch 7, Training loss 84653.92578125, Validation loss 84653.92578125
2022-01-24 14:09:49,592:INFO:Epoch 8, Training loss 84653.92578125, Validation loss 84653.92578125
2022-01-24 14:09:52,077:INFO:Epoch 9, Training loss 84653.92578125, Validation loss 84653.92578125
2022-01-24 14:09:54,533:INFO:Epoch 10, Training loss 84653.92578125, Validation loss 84653.92578125
2022-01-24 14:09:57,029:INFO:Epoch 11, Training loss 84653.92578125, Validation loss 84653.92578125
2022-01-24 14:09:57,033:INFO:Detected stagant training, reset the weights
2022-01-24 14:09:59,541:INFO:Epoch 12, Training loss 84653.92578125, Validation loss 84653.92578125
2022-01-24 14:09:59,544:INFO:Detected stagant training, reset the weights
2022-01-24 14:10:02,034:INFO:Epoch 13, Training loss 84653.92578125, Validation loss 84653.92578125
2022-01-24 14:10:02,039:INFO:Detected stagant training, reset the weights
2022-01-24 14:10:04,488:INFO:Epoch 14, Training loss 84653.92578125, Validation loss 84653.92578125
2022-01-24 14:10:04,492:INFO:Detected stagant training, reset the weights
2022-01-24 14:10:06,989:INFO:Epoch 15, Training loss 84653.92578125, Validation loss 84653.92578125
2022-01-24 14:10:06,993:INFO:Detected stagant training, reset the weights
2022-01-24 14:10:09,454:INFO:Epoch 16, Training loss 84653.92578125, Validation loss 84653.92578125
2022-01-24 14:10:09,458:INFO:Detected stagant training, reset the weights
2022-01-24 14:10:11,989:INFO:Epoch 17, Training loss 84653.92578125, Validation loss 84653.92578125
2022-01-24 14:10:11,993:INFO:Detected stagant training, reset the weights
2022-01-24 14:10:14,452:INFO:Epoch 18, Training loss 74165.203125, Validation loss 73771.3173828125
2022-01-24 14:10:16,956:INFO:Epoch 19, Training loss 73884.3994140625, Validation loss 73938.8125
2022-01-24 14:10:19,433:INFO:Epoch 20, Training loss 73866.9052734375, Validation loss 73768.4560546875
2022-01-24 14:10:21,950:INFO:Epoch 21, Training loss 73761.267578125, Validation loss 73788.966796875
2022-01-24 14:10:24,421:INFO:Epoch 22, Training loss 73786.8173828125, Validation loss 73777.466796875
2022-01-24 14:10:26,912:INFO:Epoch 23, Training loss 73759.7958984375, Validation loss 73756.205078125
2022-01-24 14:10:29,394:INFO:Epoch 24, Training loss 73755.7548828125, Validation loss 73765.533203125
2022-01-24 14:10:31,904:INFO:Epoch 25, Training loss 73757.900390625, Validation loss 73758.9814453125
2022-01-24 14:10:34,382:INFO:Epoch 26, Training loss 73750.71875, Validation loss 73757.943359375
2022-01-24 14:10:36,856:INFO:Epoch 27, Training loss 73751.38671875, Validation loss 73760.34375
2022-01-24 14:10:39,337:INFO:Epoch 28, Training loss 73751.044921875, Validation loss 73759.08984375
2022-01-24 14:10:41,840:INFO:Epoch 29, Training loss 73749.0166015625, Validation loss 73759.0458984375
2022-01-24 14:10:44,331:INFO:Epoch 30, Training loss 73749.37109375, Validation loss 73758.755859375
2022-01-24 14:10:46,790:INFO:Epoch 31, Training loss 73748.5703125, Validation loss 73758.8740234375
2022-01-24 14:10:49,295:INFO:Epoch 32, Training loss 73748.3623046875, Validation loss 73759.87109375
2022-01-24 14:10:51,796:INFO:Epoch 33, Training loss 73747.8564453125, Validation loss 73759.7421875
2022-01-24 14:10:54,300:INFO:Epoch 34, Training loss 73747.544921875, Validation loss 73760.0537109375
2022-01-24 14:10:56,765:INFO:Epoch 35, Training loss 73747.4736328125, Validation loss 73760.4248046875
2022-01-24 14:10:59,271:INFO:Epoch 36, Training loss 73747.15234375, Validation loss 73760.3583984375
2022-01-24 14:11:01,732:INFO:Epoch 37, Training loss 73747.078125, Validation loss 73760.294921875
2022-01-24 14:11:04,259:INFO:Epoch 38, Training loss 73746.77734375, Validation loss 73760.6943359375
2022-01-24 14:11:06,722:INFO:Epoch 39, Training loss 73746.8076171875, Validation loss 73761.4033203125
2022-01-24 14:11:09,223:INFO:Epoch 40, Training loss 73746.55859375, Validation loss 73760.953125
2022-01-24 14:11:11,692:INFO:Epoch 41, Training loss 73746.2578125, Validation loss 73761.15625
2022-01-24 14:11:14,211:INFO:Epoch 42, Training loss 73746.5029296875, Validation loss 73761.896484375
2022-01-24 14:11:16,687:INFO:Epoch 43, Training loss 73746.005859375, Validation loss 73761.6162109375
2022-01-24 14:11:19,178:INFO:Epoch 44, Training loss 73745.72265625, Validation loss 73761.7666015625
2022-01-24 14:11:21,664:INFO:Epoch 45, Training loss 73745.5361328125, Validation loss 73761.83984375
2022-01-24 14:11:24,176:INFO:Epoch 46, Training loss 73745.7958984375, Validation loss 73762.220703125
2022-01-24 14:11:26,667:INFO:Epoch 47, Training loss 73745.3798828125, Validation loss 73762.048828125
2022-01-24 14:11:29,143:INFO:Epoch 48, Training loss 73745.1728515625, Validation loss 73762.3232421875
2022-01-24 14:11:31,640:INFO:Epoch 49, Training loss 73745.3408203125, Validation loss 73762.3232421875
2022-01-24 14:11:34,140:INFO:Epoch 50, Training loss 73744.9287109375, Validation loss 73763.0048828125
2022-01-24 14:11:36,629:INFO:Epoch 51, Training loss 73744.9931640625, Validation loss 73762.9208984375
2022-01-24 14:11:39,085:INFO:Epoch 52, Training loss 73744.7197265625, Validation loss 73762.765625
2022-01-24 14:11:41,614:INFO:Epoch 53, Training loss 73744.474609375, Validation loss 73762.7080078125
2022-01-24 14:11:44,107:INFO:Epoch 54, Training loss 73744.7529296875, Validation loss 73763.76953125
2022-01-24 14:11:46,613:INFO:Epoch 55, Training loss 73744.3095703125, Validation loss 73762.8583984375
2022-01-24 14:11:49,073:INFO:Epoch 56, Training loss 73744.087890625, Validation loss 73762.8857421875
2022-01-24 14:11:51,596:INFO:Epoch 57, Training loss 73744.0927734375, Validation loss 73763.5078125
2022-01-24 14:11:54,070:INFO:Epoch 58, Training loss 73743.919921875, Validation loss 73762.865234375
2022-01-24 14:11:56,631:INFO:Epoch 59, Training loss 73743.7724609375, Validation loss 73763.7001953125
2022-01-24 14:11:59,097:INFO:Epoch 60, Training loss 73743.6865234375, Validation loss 73763.22265625
2022-01-24 14:12:01,606:INFO:Epoch 61, Training loss 73743.4697265625, Validation loss 73764.15234375
2022-01-24 14:12:04,099:INFO:Epoch 62, Training loss 73743.638671875, Validation loss 73763.9833984375
2022-01-24 14:12:06,616:INFO:Epoch 63, Training loss 73743.041015625, Validation loss 73764.1875
2022-01-24 14:12:09,091:INFO:Epoch 64, Training loss 73743.7109375, Validation loss 73764.130859375
2022-01-24 14:12:11,578:INFO:Epoch 65, Training loss 73742.8076171875, Validation loss 73764.0634765625
2022-01-24 14:12:14,059:INFO:Epoch 66, Training loss 73742.869140625, Validation loss 73764.556640625
2022-01-24 14:12:16,567:INFO:Epoch 67, Training loss 73742.5537109375, Validation loss 73764.36328125
2022-01-24 14:12:19,044:INFO:Epoch 68, Training loss 73742.4921875, Validation loss 73764.21875
2022-01-24 14:12:21,510:INFO:Epoch 69, Training loss 73742.61328125, Validation loss 73764.46875
2022-01-24 14:12:24,001:INFO:Epoch 70, Training loss 73742.4775390625, Validation loss 73764.2216796875
2022-01-24 14:12:26,515:INFO:Epoch 71, Training loss 73742.3505859375, Validation loss 73764.169921875
2022-01-24 14:12:29,017:INFO:Epoch 72, Training loss 73742.603515625, Validation loss 73765.7138671875
2022-01-24 14:12:31,484:INFO:Epoch 73, Training loss 73742.955078125, Validation loss 73764.0615234375
2022-01-24 14:12:31,490:INFO:Finished training
