2022-01-24 14:09:30,498:INFO:All directories created, ready to load the data
2022-01-24 14:09:30,523:INFO:Dataset loaded from /data/theorie/jthoeve/event_generation/events_high_stats/pT/lin/cHq3/events_12.npy
2022-01-24 14:09:30,529:INFO:Dataset loaded from /data/theorie/jthoeve/event_generation/events_high_stats/pT/sm/events_12.npy
2022-01-24 14:09:32,887:INFO:Epoch 1, Training loss 74397.578125, Validation loss 73921.802734375
2022-01-24 14:09:35,249:INFO:Epoch 2, Training loss 73830.396484375, Validation loss 73757.65625
2022-01-24 14:09:37,593:INFO:Epoch 3, Training loss 73773.591796875, Validation loss 73787.3740234375
2022-01-24 14:09:39,972:INFO:Epoch 4, Training loss 73801.6044921875, Validation loss 73799.001953125
2022-01-24 14:09:42,324:INFO:Epoch 5, Training loss 73793.0791015625, Validation loss 73773.2021484375
2022-01-24 14:09:44,678:INFO:Epoch 6, Training loss 73764.181640625, Validation loss 73752.5185546875
2022-01-24 14:09:47,034:INFO:Epoch 7, Training loss 73751.6396484375, Validation loss 73754.5986328125
2022-01-24 14:09:49,414:INFO:Epoch 8, Training loss 73755.2255859375, Validation loss 73757.6572265625
2022-01-24 14:09:51,785:INFO:Epoch 9, Training loss 73753.4736328125, Validation loss 73753.091796875
2022-01-24 14:09:54,132:INFO:Epoch 10, Training loss 73749.173828125, Validation loss 73751.6953125
2022-01-24 14:09:56,509:INFO:Epoch 11, Training loss 73748.880859375, Validation loss 73752.5244140625
2022-01-24 14:09:58,883:INFO:Epoch 12, Training loss 73749.04296875, Validation loss 73752.2626953125
2022-01-24 14:10:01,262:INFO:Epoch 13, Training loss 73747.767578125, Validation loss 73751.890625
2022-01-24 14:10:03,607:INFO:Epoch 14, Training loss 73747.220703125, Validation loss 73752.23828125
2022-01-24 14:10:05,993:INFO:Epoch 15, Training loss 73746.9931640625, Validation loss 73752.396484375
2022-01-24 14:10:08,334:INFO:Epoch 16, Training loss 73746.6142578125, Validation loss 73752.216796875
2022-01-24 14:10:10,736:INFO:Epoch 17, Training loss 73746.1708984375, Validation loss 73752.22265625
2022-01-24 14:10:13,075:INFO:Epoch 18, Training loss 73745.9462890625, Validation loss 73752.32421875
2022-01-24 14:10:15,447:INFO:Epoch 19, Training loss 73745.7333984375, Validation loss 73752.6298828125
2022-01-24 14:10:17,789:INFO:Epoch 20, Training loss 73745.279296875, Validation loss 73752.8125
2022-01-24 14:10:20,185:INFO:Epoch 21, Training loss 73744.892578125, Validation loss 73752.669921875
2022-01-24 14:10:22,531:INFO:Epoch 22, Training loss 73744.5810546875, Validation loss 73752.6904296875
2022-01-24 14:10:24,897:INFO:Epoch 23, Training loss 73744.1171875, Validation loss 73752.7919921875
2022-01-24 14:10:27,259:INFO:Epoch 24, Training loss 73743.837890625, Validation loss 73753.1318359375
2022-01-24 14:10:29,650:INFO:Epoch 25, Training loss 73743.3876953125, Validation loss 73752.765625
2022-01-24 14:10:32,007:INFO:Epoch 26, Training loss 73742.943359375, Validation loss 73752.8173828125
2022-01-24 14:10:34,358:INFO:Epoch 27, Training loss 73742.6005859375, Validation loss 73753.205078125
2022-01-24 14:10:36,729:INFO:Epoch 28, Training loss 73742.0888671875, Validation loss 73753.3271484375
2022-01-24 14:10:39,109:INFO:Epoch 29, Training loss 73741.8017578125, Validation loss 73753.4716796875
2022-01-24 14:10:41,476:INFO:Epoch 30, Training loss 73741.15625, Validation loss 73754.0947265625
2022-01-24 14:10:43,819:INFO:Epoch 31, Training loss 73740.9697265625, Validation loss 73754.1044921875
2022-01-24 14:10:46,196:INFO:Epoch 32, Training loss 73740.0771484375, Validation loss 73754.2431640625
2022-01-24 14:10:48,572:INFO:Epoch 33, Training loss 73739.51171875, Validation loss 73754.5966796875
2022-01-24 14:10:50,943:INFO:Epoch 34, Training loss 73739.021484375, Validation loss 73755.1201171875
2022-01-24 14:10:53,281:INFO:Epoch 35, Training loss 73738.1796875, Validation loss 73755.244140625
2022-01-24 14:10:55,662:INFO:Epoch 36, Training loss 73737.423828125, Validation loss 73756.0927734375
2022-01-24 14:10:57,996:INFO:Epoch 37, Training loss 73736.8818359375, Validation loss 73756.4541015625
2022-01-24 14:11:00,408:INFO:Epoch 38, Training loss 73736.2099609375, Validation loss 73757.095703125
2022-01-24 14:11:02,757:INFO:Epoch 39, Training loss 73735.630859375, Validation loss 73757.3857421875
2022-01-24 14:11:05,130:INFO:Epoch 40, Training loss 73735.1748046875, Validation loss 73757.974609375
2022-01-24 14:11:07,483:INFO:Epoch 41, Training loss 73734.2001953125, Validation loss 73758.6650390625
2022-01-24 14:11:09,881:INFO:Epoch 42, Training loss 73733.8623046875, Validation loss 73759.103515625
2022-01-24 14:11:12,235:INFO:Epoch 43, Training loss 73732.693359375, Validation loss 73759.578125
2022-01-24 14:11:14,601:INFO:Epoch 44, Training loss 73732.8759765625, Validation loss 73759.3427734375
2022-01-24 14:11:16,961:INFO:Epoch 45, Training loss 73732.1396484375, Validation loss 73760.3017578125
2022-01-24 14:11:19,355:INFO:Epoch 46, Training loss 73730.9384765625, Validation loss 73761.2275390625
2022-01-24 14:11:21,707:INFO:Epoch 47, Training loss 73730.142578125, Validation loss 73761.787109375
2022-01-24 14:11:24,065:INFO:Epoch 48, Training loss 73729.7919921875, Validation loss 73761.6572265625
2022-01-24 14:11:26,423:INFO:Epoch 49, Training loss 73729.0283203125, Validation loss 73762.9404296875
2022-01-24 14:11:28,796:INFO:Epoch 50, Training loss 73728.8701171875, Validation loss 73762.689453125
2022-01-24 14:11:31,162:INFO:Epoch 51, Training loss 73727.21875, Validation loss 73765.1962890625
2022-01-24 14:11:33,503:INFO:Epoch 52, Training loss 73726.322265625, Validation loss 73765.1611328125
2022-01-24 14:11:35,874:INFO:Epoch 53, Training loss 73725.345703125, Validation loss 73766.177734375
2022-01-24 14:11:38,241:INFO:Epoch 54, Training loss 73725.734375, Validation loss 73765.16796875
2022-01-24 14:11:40,617:INFO:Epoch 55, Training loss 73723.484375, Validation loss 73767.6865234375
2022-01-24 14:11:42,943:INFO:Epoch 56, Training loss 73724.4541015625, Validation loss 73769.4619140625
2022-01-24 14:11:45,321:INFO:Epoch 57, Training loss 73722.23828125, Validation loss 73768.716796875
2022-01-24 14:11:47,652:INFO:Epoch 58, Training loss 73720.833984375, Validation loss 73770.888671875
2022-01-24 14:11:50,059:INFO:Epoch 59, Training loss 73719.818359375, Validation loss 73771.6123046875
2022-01-24 14:11:52,395:INFO:Epoch 60, Training loss 73719.4326171875, Validation loss 73772.021484375
2022-01-24 14:11:52,400:INFO:Finished training
