8.464357031250000000e+04
8.464357031250000000e+04
8.464357031250000000e+04
8.464357031250000000e+04
8.464357031250000000e+04
8.464357031250000000e+04
8.464357031250000000e+04
8.464357031250000000e+04
8.464357031250000000e+04
8.464357031250000000e+04
8.464357031250000000e+04
7.376345312500000000e+04
7.374828906250000000e+04
7.374844531250000000e+04
7.375500781250000000e+04
7.375090625000000000e+04
7.374348437500000000e+04
7.374157031250000000e+04
7.374464843750000000e+04
7.374592968750000000e+04
7.374310156250000000e+04
7.373955468750000000e+04
7.373908593750000000e+04
7.374109375000000000e+04
7.374186718750000000e+04
7.374022656250000000e+04
7.373826562500000000e+04
7.373799218750000000e+04
7.373894531250000000e+04
7.373923437500000000e+04
7.373822656250000000e+04
7.373696875000000000e+04
7.373672656250000000e+04
7.373725000000000000e+04
7.373735156250000000e+04
7.373653906250000000e+04
7.373568750000000000e+04
7.373559375000000000e+04
7.373588281250000000e+04
7.373575781250000000e+04
7.373512500000000000e+04
7.373461718750000000e+04
7.373458593750000000e+04
7.373470312500000000e+04
7.373450781250000000e+04
7.373404687500000000e+04
7.373378125000000000e+04
7.373380468750000000e+04
7.373373437500000000e+04
7.373342187500000000e+04
7.373309375000000000e+04
7.373299218750000000e+04
7.373298437500000000e+04
7.373282812500000000e+04
7.373253906250000000e+04
7.373233593750000000e+04
7.373222656250000000e+04
7.373205468750000000e+04
7.373178906250000000e+04
7.373154687500000000e+04
7.373135156250000000e+04
7.373114062500000000e+04
7.373089843750000000e+04
7.373067968750000000e+04
7.373050781250000000e+04
7.373030468750000000e+04
7.373007031250000000e+04
7.372986718750000000e+04
7.372968750000000000e+04
7.372947656250000000e+04
7.372925000000000000e+04
7.372905468750000000e+04
