2022-03-03 12:56:00,274:INFO:All directories created, ready to load the data
2022-03-03 12:56:00,324:INFO:Dataset loaded from /data/theorie/jthoeve/training_data/zh/features_mzh_y_ptz_v2/lin/cHW/events_2.pkl.gz
2022-03-03 12:56:00,356:INFO:Dataset loaded from /data/theorie/jthoeve/training_data/zh/features_mzh_y_ptz_v2/sm/events_2.pkl.gz
2022-03-03 12:56:02,695:INFO:Epoch 1, Training loss 207997.1875, Validation loss 207997.1875
2022-03-03 12:56:05,066:INFO:Epoch 2, Training loss 207997.1875, Validation loss 207997.1875
2022-03-03 12:56:07,385:INFO:Epoch 3, Training loss 207997.1875, Validation loss 207997.1875
2022-03-03 12:56:09,738:INFO:Epoch 4, Training loss 207997.1875, Validation loss 207997.1875
2022-03-03 12:56:12,131:INFO:Epoch 5, Training loss 207997.1875, Validation loss 207997.1875
2022-03-03 12:56:14,581:INFO:Epoch 6, Training loss 207997.1875, Validation loss 207997.1875
2022-03-03 12:56:16,971:INFO:Epoch 7, Training loss 207997.1875, Validation loss 207997.1875
2022-03-03 12:56:19,361:INFO:Epoch 8, Training loss 207997.1875, Validation loss 207997.1875
2022-03-03 12:56:21,765:INFO:Epoch 9, Training loss 207997.1875, Validation loss 207997.1875
2022-03-03 12:56:24,204:INFO:Epoch 10, Training loss 207997.1875, Validation loss 207997.1875
2022-03-03 12:56:26,610:INFO:Epoch 11, Training loss 207997.1875, Validation loss 207997.1875
2022-03-03 12:56:26,614:INFO:Detected stagant training, reset the weights
2022-03-03 12:56:28,983:INFO:Epoch 12, Training loss 116477.400390625, Validation loss 113886.912109375
2022-03-03 12:56:31,391:INFO:Epoch 13, Training loss 112477.59375, Validation loss 110629.451171875
2022-03-03 12:56:33,807:INFO:Epoch 14, Training loss 109988.841796875, Validation loss 109290.578125
2022-03-03 12:56:36,229:INFO:Epoch 15, Training loss 109341.32421875, Validation loss 109412.845703125
2022-03-03 12:56:38,593:INFO:Epoch 16, Training loss 109539.439453125, Validation loss 109477.02734375
2022-03-03 12:56:41,024:INFO:Epoch 17, Training loss 109457.171875, Validation loss 109271.08203125
2022-03-03 12:56:43,390:INFO:Epoch 18, Training loss 109273.802734375, Validation loss 109174.380859375
2022-03-03 12:56:45,850:INFO:Epoch 19, Training loss 109220.37109375, Validation loss 109170.529296875
2022-03-03 12:56:48,219:INFO:Epoch 20, Training loss 109207.76953125, Validation loss 109132.884765625
2022-03-03 12:56:50,627:INFO:Epoch 21, Training loss 109173.314453125, Validation loss 109088.603515625
2022-03-03 12:56:53,003:INFO:Epoch 22, Training loss 109146.51953125, Validation loss 109063.1015625
2022-03-03 12:56:55,460:INFO:Epoch 23, Training loss 109131.78515625, Validation loss 109045.744140625
2022-03-03 12:56:57,850:INFO:Epoch 24, Training loss 109114.7578125, Validation loss 109024.373046875
2022-03-03 12:57:00,257:INFO:Epoch 25, Training loss 109091.84375, Validation loss 109004.583984375
2022-03-03 12:57:02,654:INFO:Epoch 26, Training loss 109070.037109375, Validation loss 108984.33203125
2022-03-03 12:57:05,101:INFO:Epoch 27, Training loss 109047.181640625, Validation loss 108957.802734375
2022-03-03 12:57:07,488:INFO:Epoch 28, Training loss 109020.763671875, Validation loss 108927.544921875
2022-03-03 12:57:09,863:INFO:Epoch 29, Training loss 108991.873046875, Validation loss 108896.349609375
2022-03-03 12:57:12,261:INFO:Epoch 30, Training loss 108958.931640625, Validation loss 108861.8046875
2022-03-03 12:57:14,688:INFO:Epoch 31, Training loss 108922.1328125, Validation loss 108821.07421875
2022-03-03 12:57:17,092:INFO:Epoch 32, Training loss 108880.197265625, Validation loss 108775.08203125
2022-03-03 12:57:19,466:INFO:Epoch 33, Training loss 108830.53515625, Validation loss 108722.392578125
2022-03-03 12:57:21,872:INFO:Epoch 34, Training loss 108774.9921875, Validation loss 108658.34375
2022-03-03 12:57:24,293:INFO:Epoch 35, Training loss 108717.60546875, Validation loss 108592.671875
2022-03-03 12:57:26,706:INFO:Epoch 36, Training loss 108657.9453125, Validation loss 108545.033203125
2022-03-03 12:57:29,068:INFO:Epoch 37, Training loss 108614.525390625, Validation loss 108503.25
2022-03-03 12:57:31,479:INFO:Epoch 38, Training loss 108587.73828125, Validation loss 108480.00390625
2022-03-03 12:57:33,840:INFO:Epoch 39, Training loss 108577.59765625, Validation loss 108476.24609375
2022-03-03 12:57:36,301:INFO:Epoch 40, Training loss 108569.7734375, Validation loss 108475.63671875
2022-03-03 12:57:38,675:INFO:Epoch 41, Training loss 108559.19921875, Validation loss 108470.986328125
2022-03-03 12:57:41,096:INFO:Epoch 42, Training loss 108554.33203125, Validation loss 108465.892578125
2022-03-03 12:57:43,470:INFO:Epoch 43, Training loss 108550.15625, Validation loss 108466.25390625
2022-03-03 12:57:45,914:INFO:Epoch 44, Training loss 108549.470703125, Validation loss 108464.35546875
2022-03-03 12:57:48,296:INFO:Epoch 45, Training loss 108545.48046875, Validation loss 108462.52734375
2022-03-03 12:57:50,699:INFO:Epoch 46, Training loss 108543.751953125, Validation loss 108471.611328125
2022-03-03 12:57:53,083:INFO:Epoch 47, Training loss 108543.94921875, Validation loss 108460.64453125
2022-03-03 12:57:55,531:INFO:Epoch 48, Training loss 108541.720703125, Validation loss 108456.220703125
2022-03-03 12:57:57,926:INFO:Epoch 49, Training loss 108537.3203125, Validation loss 108463.48046875
2022-03-03 12:58:00,307:INFO:Epoch 50, Training loss 108534.48046875, Validation loss 108458.796875
2022-03-03 12:58:02,706:INFO:Epoch 51, Training loss 108536.189453125, Validation loss 108458.45703125
2022-03-03 12:58:05,132:INFO:Epoch 52, Training loss 108534.326171875, Validation loss 108458.912109375
2022-03-03 12:58:07,538:INFO:Epoch 53, Training loss 108529.845703125, Validation loss 108457.78125
2022-03-03 12:58:09,919:INFO:Epoch 54, Training loss 108532.8359375, Validation loss 108457.625
2022-03-03 12:58:12,334:INFO:Epoch 55, Training loss 108527.16796875, Validation loss 108457.259765625
2022-03-03 12:58:14,756:INFO:Epoch 56, Training loss 108523.16015625, Validation loss 108449.7890625
2022-03-03 12:58:17,174:INFO:Epoch 57, Training loss 108521.00390625, Validation loss 108453.33984375
2022-03-03 12:58:19,537:INFO:Epoch 58, Training loss 108523.572265625, Validation loss 108454.28515625
2022-03-03 12:58:21,957:INFO:Epoch 59, Training loss 108520.70703125, Validation loss 108456.22265625
2022-03-03 12:58:24,329:INFO:Epoch 60, Training loss 108517.943359375, Validation loss 108456.87890625
2022-03-03 12:58:26,781:INFO:Epoch 61, Training loss 108515.98046875, Validation loss 108453.2109375
2022-03-03 12:58:29,154:INFO:Epoch 62, Training loss 108512.826171875, Validation loss 108451.4453125
2022-03-03 12:58:31,575:INFO:Epoch 63, Training loss 108513.54296875, Validation loss 108447.349609375
2022-03-03 12:58:33,957:INFO:Epoch 64, Training loss 108513.5, Validation loss 108454.44140625
2022-03-03 12:58:36,408:INFO:Epoch 65, Training loss 108513.880859375, Validation loss 108451.673828125
2022-03-03 12:58:38,782:INFO:Epoch 66, Training loss 108512.796875, Validation loss 108451.31640625
2022-03-03 12:58:41,175:INFO:Epoch 67, Training loss 108509.78125, Validation loss 108450.412109375
2022-03-03 12:58:43,564:INFO:Epoch 68, Training loss 108507.546875, Validation loss 108448.458984375
2022-03-03 12:58:46,005:INFO:Epoch 69, Training loss 108506.6875, Validation loss 108454.2890625
2022-03-03 12:58:48,401:INFO:Epoch 70, Training loss 108507.990234375, Validation loss 108450.13671875
2022-03-03 12:58:50,786:INFO:Epoch 71, Training loss 108505.68359375, Validation loss 108448.833984375
2022-03-03 12:58:53,181:INFO:Epoch 72, Training loss 108504.26171875, Validation loss 108450.888671875
2022-03-03 12:58:55,613:INFO:Epoch 73, Training loss 108505.8125, Validation loss 108450.45703125
2022-03-03 12:58:58,016:INFO:Epoch 74, Training loss 108503.658203125, Validation loss 108457.32421875
2022-03-03 12:59:00,387:INFO:Epoch 75, Training loss 108505.904296875, Validation loss 108450.349609375
2022-03-03 12:59:02,796:INFO:Epoch 76, Training loss 108506.830078125, Validation loss 108456.02734375
2022-03-03 12:59:05,215:INFO:Epoch 77, Training loss 108507.953125, Validation loss 108461.5234375
2022-03-03 12:59:07,624:INFO:Epoch 78, Training loss 108505.275390625, Validation loss 108452.888671875
2022-03-03 12:59:09,984:INFO:Epoch 79, Training loss 108501.09375, Validation loss 108454.0390625
2022-03-03 12:59:12,403:INFO:Epoch 80, Training loss 108502.005859375, Validation loss 108457.439453125
2022-03-03 12:59:14,769:INFO:Epoch 81, Training loss 108500.78515625, Validation loss 108455.326171875
2022-03-03 12:59:17,238:INFO:Epoch 82, Training loss 108500.3125, Validation loss 108454.421875
2022-03-03 12:59:19,610:INFO:Epoch 83, Training loss 108497.81640625, Validation loss 108452.705078125
2022-03-03 12:59:22,035:INFO:Epoch 84, Training loss 108498.9453125, Validation loss 108456.513671875
2022-03-03 12:59:24,422:INFO:Epoch 85, Training loss 108498.814453125, Validation loss 108459.564453125
2022-03-03 12:59:26,886:INFO:Epoch 86, Training loss 108499.30859375, Validation loss 108457.396484375
2022-03-03 12:59:29,259:INFO:Epoch 87, Training loss 108497.19140625, Validation loss 108461.236328125
2022-03-03 12:59:31,654:INFO:Epoch 88, Training loss 108496.833984375, Validation loss 108453.501953125
2022-03-03 12:59:34,045:INFO:Epoch 89, Training loss 108495.271484375, Validation loss 108454.40234375
2022-03-03 12:59:36,488:INFO:Epoch 90, Training loss 108494.78125, Validation loss 108458.4453125
2022-03-03 12:59:38,876:INFO:Epoch 91, Training loss 108494.71875, Validation loss 108454.064453125
2022-03-03 12:59:41,264:INFO:Epoch 92, Training loss 108496.462890625, Validation loss 108454.6640625
2022-03-03 12:59:43,661:INFO:Epoch 93, Training loss 108494.701171875, Validation loss 108461.20703125
2022-03-03 12:59:46,111:INFO:Epoch 94, Training loss 108495.72265625, Validation loss 108454.431640625
2022-03-03 12:59:48,516:INFO:Epoch 95, Training loss 108493.201171875, Validation loss 108456.900390625
2022-03-03 12:59:50,891:INFO:Epoch 96, Training loss 108494.05078125, Validation loss 108461.603515625
2022-03-03 12:59:53,302:INFO:Epoch 97, Training loss 108496.64453125, Validation loss 108457.3828125
2022-03-03 12:59:55,725:INFO:Epoch 98, Training loss 108492.068359375, Validation loss 108457.828125
2022-03-03 12:59:58,149:INFO:Epoch 99, Training loss 108495.318359375, Validation loss 108462.90625
2022-03-03 13:00:00,518:INFO:Epoch 100, Training loss 108496.353515625, Validation loss 108453.990234375
2022-03-03 13:00:02,937:INFO:Epoch 101, Training loss 108493.736328125, Validation loss 108467.126953125
2022-03-03 13:00:05,309:INFO:Epoch 102, Training loss 108492.3125, Validation loss 108458.177734375
2022-03-03 13:00:07,773:INFO:Epoch 103, Training loss 108493.466796875, Validation loss 108456.212890625
2022-03-03 13:00:10,146:INFO:Epoch 104, Training loss 108489.603515625, Validation loss 108463.1953125
2022-03-03 13:00:12,566:INFO:Epoch 105, Training loss 108491.1953125, Validation loss 108459.83203125
2022-03-03 13:00:14,941:INFO:Epoch 106, Training loss 108490.216796875, Validation loss 108458.1875
2022-03-03 13:00:17,390:INFO:Epoch 107, Training loss 108488.712890625, Validation loss 108464.51171875
2022-03-03 13:00:19,769:INFO:Epoch 108, Training loss 108490.0625, Validation loss 108458.943359375
2022-03-03 13:00:22,157:INFO:Epoch 109, Training loss 108487.837890625, Validation loss 108461.1171875
2022-03-03 13:00:24,548:INFO:Epoch 110, Training loss 108489.470703125, Validation loss 108462.375
2022-03-03 13:00:26,986:INFO:Epoch 111, Training loss 108487.484375, Validation loss 108459.23046875
2022-03-03 13:00:29,377:INFO:Epoch 112, Training loss 108486.677734375, Validation loss 108461.255859375
2022-03-03 13:00:31,752:INFO:Epoch 113, Training loss 108487.787109375, Validation loss 108460.216796875
2022-03-03 13:00:31,758:INFO:Finished training
