2021-11-18 16:14:00,688:INFO:All directories created, ready to load the data
2021-11-18 16:14:00,726:INFO:Dataset loaded from /data/theorie/jthoeve/event_generation/events_high_stats/lin/cHq3/events_20.npy
2021-11-18 16:14:00,763:INFO:Dataset loaded from /data/theorie/jthoeve/event_generation/events_high_stats/sm/events_20.npy
2021-11-18 16:14:04,499:INFO:Epoch 1, Training loss 84674.734375, Validation loss 84674.734375
2021-11-18 16:14:08,262:INFO:Epoch 2, Training loss 84674.734375, Validation loss 84674.734375
2021-11-18 16:14:12,047:INFO:Epoch 3, Training loss 84674.734375, Validation loss 84674.734375
2021-11-18 16:14:15,707:INFO:Epoch 4, Training loss 84674.734375, Validation loss 84674.734375
2021-11-18 16:14:19,420:INFO:Epoch 5, Training loss 84674.734375, Validation loss 84674.734375
2021-11-18 16:14:23,059:INFO:Epoch 6, Training loss 84674.734375, Validation loss 84674.734375
2021-11-18 16:14:26,744:INFO:Epoch 7, Training loss 84674.734375, Validation loss 84674.734375
2021-11-18 16:14:30,446:INFO:Epoch 8, Training loss 84674.734375, Validation loss 84674.734375
2021-11-18 16:14:34,091:INFO:Epoch 9, Training loss 84674.734375, Validation loss 84674.734375
2021-11-18 16:14:37,786:INFO:Epoch 10, Training loss 84674.734375, Validation loss 84674.734375
2021-11-18 16:14:41,518:INFO:Epoch 11, Training loss 84674.734375, Validation loss 84674.734375
2021-11-18 16:14:41,522:INFO:Detected stagant training, reset the weights
2021-11-18 16:14:45,185:INFO:Epoch 12, Training loss 75218.2265625, Validation loss 75120.0390625
2021-11-18 16:14:48,952:INFO:Epoch 13, Training loss 75118.015625, Validation loss 74989.6796875
2021-11-18 16:14:52,581:INFO:Epoch 14, Training loss 74987.84375, Validation loss 74844.34375
2021-11-18 16:14:56,257:INFO:Epoch 15, Training loss 74842.84375, Validation loss 74692.25
2021-11-18 16:14:59,945:INFO:Epoch 16, Training loss 74691.1796875, Validation loss 74540.828125
2021-11-18 16:15:03,605:INFO:Epoch 17, Training loss 74540.1640625, Validation loss 74395.078125
2021-11-18 16:15:07,281:INFO:Epoch 18, Training loss 74394.90625, Validation loss 74259.515625
2021-11-18 16:15:10,989:INFO:Epoch 19, Training loss 74259.828125, Validation loss 74137.78125
2021-11-18 16:15:14,651:INFO:Epoch 20, Training loss 74138.359375, Validation loss 74032.8359375
2021-11-18 16:15:18,332:INFO:Epoch 21, Training loss 74033.7578125, Validation loss 73947.0546875
2021-11-18 16:15:21,951:INFO:Epoch 22, Training loss 73948.53125, Validation loss 73878.3828125
2021-11-18 16:15:25,670:INFO:Epoch 23, Training loss 73880.3828125, Validation loss 73826.453125
2021-11-18 16:15:29,385:INFO:Epoch 24, Training loss 73828.9453125, Validation loss 73791.25
2021-11-18 16:15:33,030:INFO:Epoch 25, Training loss 73794.1953125, Validation loss 73773.2578125
2021-11-18 16:15:36,740:INFO:Epoch 26, Training loss 73776.203125, Validation loss 73771.375
2021-11-18 16:15:40,410:INFO:Epoch 27, Training loss 73774.2734375, Validation loss 73782.1640625
2021-11-18 16:15:44,083:INFO:Epoch 28, Training loss 73785.3359375, Validation loss 73799.6484375
2021-11-18 16:15:47,782:INFO:Epoch 29, Training loss 73802.9609375, Validation loss 73817.90625
2021-11-18 16:15:51,414:INFO:Epoch 30, Training loss 73821.1328125, Validation loss 73832.3359375
2021-11-18 16:15:55,102:INFO:Epoch 31, Training loss 73835.4296875, Validation loss 73840.421875
2021-11-18 16:15:58,825:INFO:Epoch 32, Training loss 73843.4375, Validation loss 73841.5859375
2021-11-18 16:16:02,472:INFO:Epoch 33, Training loss 73844.3984375, Validation loss 73836.703125
2021-11-18 16:16:06,194:INFO:Epoch 34, Training loss 73839.25, Validation loss 73827.5078125
2021-11-18 16:16:09,855:INFO:Epoch 35, Training loss 73829.6484375, Validation loss 73815.8671875
2021-11-18 16:16:13,523:INFO:Epoch 36, Training loss 73817.625, Validation loss 73803.6640625
2021-11-18 16:16:17,245:INFO:Epoch 37, Training loss 73805.125, Validation loss 73792.5
2021-11-18 16:16:20,890:INFO:Epoch 38, Training loss 73793.578125, Validation loss 73783.1875
2021-11-18 16:16:24,597:INFO:Epoch 39, Training loss 73783.9375, Validation loss 73775.875
2021-11-18 16:16:28,323:INFO:Epoch 40, Training loss 73776.328125, Validation loss 73770.96875
2021-11-18 16:16:31,984:INFO:Epoch 41, Training loss 73771.296875, Validation loss 73768.5546875
2021-11-18 16:16:35,702:INFO:Epoch 42, Training loss 73768.7421875, Validation loss 73768.15625
2021-11-18 16:16:39,326:INFO:Epoch 43, Training loss 73768.1796875, Validation loss 73769.2578125
2021-11-18 16:16:43,000:INFO:Epoch 44, Training loss 73769.09375, Validation loss 73771.265625
2021-11-18 16:16:46,725:INFO:Epoch 45, Training loss 73770.9296875, Validation loss 73773.6328125
2021-11-18 16:16:50,399:INFO:Epoch 46, Training loss 73773.1015625, Validation loss 73775.828125
2021-11-18 16:16:54,120:INFO:Epoch 47, Training loss 73775.125, Validation loss 73777.5
2021-11-18 16:16:57,842:INFO:Epoch 48, Training loss 73776.6328125, Validation loss 73778.4296875
2021-11-18 16:17:01,471:INFO:Epoch 49, Training loss 73777.4296875, Validation loss 73778.5703125
2021-11-18 16:17:05,146:INFO:Epoch 50, Training loss 73777.453125, Validation loss 73777.9921875
2021-11-18 16:17:08,774:INFO:Epoch 51, Training loss 73776.796875, Validation loss 73776.890625
2021-11-18 16:17:12,472:INFO:Epoch 52, Training loss 73775.625, Validation loss 73775.4375
2021-11-18 16:17:16,197:INFO:Epoch 53, Training loss 73774.1015625, Validation loss 73773.8515625
2021-11-18 16:17:19,907:INFO:Epoch 54, Training loss 73772.4609375, Validation loss 73772.3203125
2021-11-18 16:17:23,599:INFO:Epoch 55, Training loss 73770.8671875, Validation loss 73771.0
2021-11-18 16:17:27,351:INFO:Epoch 56, Training loss 73769.484375, Validation loss 73769.984375
2021-11-18 16:17:30,975:INFO:Epoch 57, Training loss 73768.4296875, Validation loss 73769.3359375
2021-11-18 16:17:35,055:INFO:Epoch 58, Training loss 73767.734375, Validation loss 73769.046875
2021-11-18 16:17:38,687:INFO:Epoch 59, Training loss 73767.40625, Validation loss 73769.0703125
2021-11-18 16:17:42,385:INFO:Epoch 60, Training loss 73767.3828125, Validation loss 73769.328125
2021-11-18 16:17:46,099:INFO:Epoch 61, Training loss 73767.5859375, Validation loss 73769.6953125
2021-11-18 16:17:49,769:INFO:Epoch 62, Training loss 73767.921875, Validation loss 73770.109375
2021-11-18 16:17:53,655:INFO:Epoch 63, Training loss 73768.2890625, Validation loss 73770.4609375
2021-11-18 16:17:57,329:INFO:Epoch 64, Training loss 73768.59375, Validation loss 73770.703125
2021-11-18 16:18:01,018:INFO:Epoch 65, Training loss 73768.78125, Validation loss 73770.7890625
2021-11-18 16:18:04,731:INFO:Epoch 66, Training loss 73768.828125, Validation loss 73770.7265625
2021-11-18 16:18:08,381:INFO:Epoch 67, Training loss 73768.71875, Validation loss 73770.5390625
2021-11-18 16:18:12,102:INFO:Epoch 68, Training loss 73768.484375, Validation loss 73770.2578125
2021-11-18 16:18:15,838:INFO:Epoch 69, Training loss 73768.1640625, Validation loss 73769.9453125
2021-11-18 16:18:19,561:INFO:Epoch 70, Training loss 73767.8046875, Validation loss 73769.6328125
2021-11-18 16:18:23,237:INFO:Epoch 71, Training loss 73767.453125, Validation loss 73769.3671875
2021-11-18 16:18:26,867:INFO:Epoch 72, Training loss 73767.15625, Validation loss 73769.1796875
2021-11-18 16:18:30,531:INFO:Epoch 73, Training loss 73766.921875, Validation loss 73769.0703125
2021-11-18 16:18:34,248:INFO:Epoch 74, Training loss 73766.765625, Validation loss 73769.03125
2021-11-18 16:18:37,892:INFO:Epoch 75, Training loss 73766.6875, Validation loss 73769.0625
2021-11-18 16:18:41,603:INFO:Epoch 76, Training loss 73766.671875, Validation loss 73769.140625
2021-11-18 16:18:45,329:INFO:Epoch 77, Training loss 73766.6953125, Validation loss 73769.234375
2021-11-18 16:18:49,017:INFO:Epoch 78, Training loss 73766.734375, Validation loss 73769.3203125
2021-11-18 16:18:52,711:INFO:Epoch 79, Training loss 73766.7734375, Validation loss 73769.390625
2021-11-18 16:18:56,354:INFO:Epoch 80, Training loss 73766.7890625, Validation loss 73769.4375
2021-11-18 16:19:00,047:INFO:Epoch 81, Training loss 73766.78125, Validation loss 73769.4453125
2021-11-18 16:19:03,739:INFO:Epoch 82, Training loss 73766.7421875, Validation loss 73769.421875
2021-11-18 16:19:07,402:INFO:Epoch 83, Training loss 73766.671875, Validation loss 73769.3671875
2021-11-18 16:19:11,129:INFO:Epoch 84, Training loss 73766.59375, Validation loss 73769.3046875
2021-11-18 16:19:14,870:INFO:Epoch 85, Training loss 73766.5, Validation loss 73769.2265625
2021-11-18 16:19:18,547:INFO:Epoch 86, Training loss 73766.40625, Validation loss 73769.15625
2021-11-18 16:19:22,248:INFO:Epoch 87, Training loss 73766.3125, Validation loss 73769.1015625
2021-11-18 16:19:25,890:INFO:Epoch 88, Training loss 73766.234375, Validation loss 73769.0703125
2021-11-18 16:19:29,593:INFO:Epoch 89, Training loss 73766.171875, Validation loss 73769.0546875
2021-11-18 16:19:33,326:INFO:Epoch 90, Training loss 73766.125, Validation loss 73769.0546875
2021-11-18 16:19:37,002:INFO:Epoch 91, Training loss 73766.09375, Validation loss 73769.0625
2021-11-18 16:19:40,788:INFO:Epoch 92, Training loss 73766.0703125, Validation loss 73769.0703125
2021-11-18 16:19:40,794:INFO:Finished training, producing training report at /data/theorie/jthoeve/ML4EFT_higgs/models/17_11/model_final_lin_cHq3_v7/mc_run_20/plots/training_report/
2021-11-18 16:19:41,197:WARNING:findfont: Font family ['sans-serif'] not found. Falling back to DejaVu Sans.
