2022-01-24 14:09:30,296:INFO:All directories created, ready to load the data
2022-01-24 14:09:30,342:INFO:Dataset loaded from /data/theorie/jthoeve/event_generation/events_high_stats/pT/lin/cHq3/events_10.npy
2022-01-24 14:09:30,347:INFO:Dataset loaded from /data/theorie/jthoeve/event_generation/events_high_stats/pT/sm/events_10.npy
2022-01-24 14:09:32,748:INFO:Epoch 1, Training loss 73745.458984375, Validation loss 73740.009765625
2022-01-24 14:09:35,138:INFO:Epoch 2, Training loss 73740.0185546875, Validation loss 73741.0869140625
2022-01-24 14:09:37,533:INFO:Epoch 3, Training loss 73737.41015625, Validation loss 73742.5478515625
2022-01-24 14:09:39,980:INFO:Epoch 4, Training loss 73736.177734375, Validation loss 73743.4658203125
2022-01-24 14:09:42,451:INFO:Epoch 5, Training loss 73735.5791015625, Validation loss 73744.2294921875
2022-01-24 14:09:44,907:INFO:Epoch 6, Training loss 73734.5546875, Validation loss 73744.2919921875
2022-01-24 14:09:47,370:INFO:Epoch 7, Training loss 73734.4296875, Validation loss 73744.431640625
2022-01-24 14:09:49,857:INFO:Epoch 8, Training loss 73733.376953125, Validation loss 73745.0302734375
2022-01-24 14:09:52,328:INFO:Epoch 9, Training loss 73732.68359375, Validation loss 73745.66796875
2022-01-24 14:09:54,774:INFO:Epoch 10, Training loss 73732.4765625, Validation loss 73746.0029296875
2022-01-24 14:09:57,323:INFO:Epoch 11, Training loss 73731.890625, Validation loss 73745.4755859375
2022-01-24 14:09:59,814:INFO:Epoch 12, Training loss 73731.1953125, Validation loss 73745.7021484375
2022-01-24 14:10:02,316:INFO:Epoch 13, Training loss 73731.0751953125, Validation loss 73746.630859375
2022-01-24 14:10:04,776:INFO:Epoch 14, Training loss 73730.1748046875, Validation loss 73746.861328125
2022-01-24 14:10:07,293:INFO:Epoch 15, Training loss 73729.9423828125, Validation loss 73747.671875
2022-01-24 14:10:09,762:INFO:Epoch 16, Training loss 73728.8671875, Validation loss 73748.916015625
2022-01-24 14:10:12,289:INFO:Epoch 17, Training loss 73729.0341796875, Validation loss 73748.2119140625
2022-01-24 14:10:14,750:INFO:Epoch 18, Training loss 73728.2353515625, Validation loss 73747.828125
2022-01-24 14:10:17,248:INFO:Epoch 19, Training loss 73727.580078125, Validation loss 73749.4892578125
2022-01-24 14:10:19,723:INFO:Epoch 20, Training loss 73726.43359375, Validation loss 73749.3935546875
2022-01-24 14:10:22,250:INFO:Epoch 21, Training loss 73727.017578125, Validation loss 73749.6728515625
2022-01-24 14:10:24,728:INFO:Epoch 22, Training loss 73726.0458984375, Validation loss 73751.4599609375
2022-01-24 14:10:27,222:INFO:Epoch 23, Training loss 73724.9580078125, Validation loss 73751.2734375
2022-01-24 14:10:29,719:INFO:Epoch 24, Training loss 73724.9775390625, Validation loss 73752.7998046875
2022-01-24 14:10:32,255:INFO:Epoch 25, Training loss 73723.005859375, Validation loss 73752.54296875
2022-01-24 14:10:34,744:INFO:Epoch 26, Training loss 73723.4736328125, Validation loss 73752.0693359375
2022-01-24 14:10:37,230:INFO:Epoch 27, Training loss 73722.1240234375, Validation loss 73754.1865234375
2022-01-24 14:10:39,736:INFO:Epoch 28, Training loss 73721.6650390625, Validation loss 73754.9658203125
2022-01-24 14:10:42,255:INFO:Epoch 29, Training loss 73721.06640625, Validation loss 73754.5869140625
2022-01-24 14:10:44,753:INFO:Epoch 30, Training loss 73723.265625, Validation loss 73755.3671875
2022-01-24 14:10:47,227:INFO:Epoch 31, Training loss 73719.5537109375, Validation loss 73756.046875
2022-01-24 14:10:49,739:INFO:Epoch 32, Training loss 73719.5263671875, Validation loss 73757.892578125
2022-01-24 14:10:52,239:INFO:Epoch 33, Training loss 73721.3056640625, Validation loss 73762.2099609375
2022-01-24 14:10:54,750:INFO:Epoch 34, Training loss 73718.70703125, Validation loss 73757.5791015625
2022-01-24 14:10:57,207:INFO:Epoch 35, Training loss 73718.884765625, Validation loss 73756.9794921875
2022-01-24 14:10:59,721:INFO:Epoch 36, Training loss 73717.865234375, Validation loss 73759.212890625
2022-01-24 14:11:02,188:INFO:Epoch 37, Training loss 73715.6181640625, Validation loss 73757.6669921875
2022-01-24 14:11:04,734:INFO:Epoch 38, Training loss 73718.6025390625, Validation loss 73759.8134765625
2022-01-24 14:11:07,206:INFO:Epoch 39, Training loss 73714.361328125, Validation loss 73759.904296875
2022-01-24 14:11:09,722:INFO:Epoch 40, Training loss 73715.0087890625, Validation loss 73762.009765625
2022-01-24 14:11:12,206:INFO:Epoch 41, Training loss 73712.849609375, Validation loss 73761.953125
2022-01-24 14:11:14,742:INFO:Epoch 42, Training loss 73715.279296875, Validation loss 73763.955078125
2022-01-24 14:11:17,224:INFO:Epoch 43, Training loss 73710.490234375, Validation loss 73761.6708984375
2022-01-24 14:11:19,713:INFO:Epoch 44, Training loss 73713.017578125, Validation loss 73762.517578125
2022-01-24 14:11:22,203:INFO:Epoch 45, Training loss 73711.71484375, Validation loss 73765.54296875
2022-01-24 14:11:24,727:INFO:Epoch 46, Training loss 73709.19921875, Validation loss 73766.1064453125
2022-01-24 14:11:27,217:INFO:Epoch 47, Training loss 73711.19921875, Validation loss 73765.298828125
2022-01-24 14:11:29,704:INFO:Epoch 48, Training loss 73709.8466796875, Validation loss 73764.6572265625
2022-01-24 14:11:32,195:INFO:Epoch 49, Training loss 73708.6064453125, Validation loss 73767.4560546875
2022-01-24 14:11:34,703:INFO:Epoch 50, Training loss 73709.193359375, Validation loss 73768.673828125
2022-01-24 14:11:37,200:INFO:Epoch 51, Training loss 73707.11328125, Validation loss 73770.201171875
2022-01-24 14:11:37,206:INFO:Finished training
