2021-11-24 15:26:09,478:INFO:All directories created, ready to load the data
2021-11-24 15:26:09,533:INFO:Dataset loaded from /data/theorie/jthoeve/event_generation/events_high_stats/quad/cHW/events_24.npy
2021-11-24 15:26:09,536:INFO:Dataset loaded from /data/theorie/jthoeve/event_generation/events_high_stats/sm/events_24.npy
2021-11-24 15:26:13,373:INFO:Epoch 1, Training loss 184138.125, Validation loss 184163.99609375
2021-11-24 15:26:17,244:INFO:Epoch 2, Training loss 184138.12109375, Validation loss 184163.99609375
2021-11-24 15:26:21,221:INFO:Epoch 3, Training loss 184138.125, Validation loss 184163.99609375
2021-11-24 15:26:25,235:INFO:Epoch 4, Training loss 184138.12890625, Validation loss 184163.99609375
2021-11-24 15:26:29,005:INFO:Epoch 5, Training loss 184138.12109375, Validation loss 184163.99609375
2021-11-24 15:26:32,836:INFO:Epoch 6, Training loss 184138.12890625, Validation loss 184163.99609375
2021-11-24 15:26:36,630:INFO:Epoch 7, Training loss 184138.12890625, Validation loss 184163.99609375
2021-11-24 15:26:40,458:INFO:Epoch 8, Training loss 184138.12109375, Validation loss 184163.99609375
2021-11-24 15:26:44,474:INFO:Epoch 9, Training loss 184138.125, Validation loss 184163.99609375
2021-11-24 15:26:48,291:INFO:Epoch 10, Training loss 184138.125, Validation loss 184163.99609375
2021-11-24 15:26:52,489:INFO:Epoch 11, Training loss 184138.125, Validation loss 184163.99609375
2021-11-24 15:26:56,364:INFO:Epoch 12, Training loss 184138.125, Validation loss 184163.99609375
2021-11-24 15:27:00,165:INFO:Epoch 13, Training loss 184138.12890625, Validation loss 184163.99609375
2021-11-24 15:27:03,962:INFO:Epoch 14, Training loss 184138.125, Validation loss 184163.99609375
2021-11-24 15:27:07,772:INFO:Epoch 15, Training loss 184138.125, Validation loss 184163.99609375
2021-11-24 15:27:11,767:INFO:Epoch 16, Training loss 184138.12109375, Validation loss 184163.99609375
2021-11-24 15:27:11,771:INFO:Detected stagant training, reset the weights
2021-11-24 15:27:15,581:INFO:Epoch 17, Training loss 184138.12890625, Validation loss 184163.984375
2021-11-24 15:27:19,360:INFO:Epoch 18, Training loss 184138.125, Validation loss 184163.984375
2021-11-24 15:27:23,180:INFO:Epoch 19, Training loss 184138.12109375, Validation loss 184163.984375
2021-11-24 15:27:23,184:INFO:Detected stagant training, reset the weights
2021-11-24 15:27:26,957:INFO:Epoch 20, Training loss 184138.125, Validation loss 184163.99609375
2021-11-24 15:27:30,864:INFO:Epoch 21, Training loss 184138.12109375, Validation loss 184163.99609375
2021-11-24 15:27:30,868:INFO:Detected stagant training, reset the weights
2021-11-24 15:27:34,647:INFO:Epoch 22, Training loss 168541.087890625, Validation loss 155473.5859375
2021-11-24 15:27:38,469:INFO:Epoch 23, Training loss 151903.0078125, Validation loss 148974.240234375
2021-11-24 15:27:42,292:INFO:Epoch 24, Training loss 148713.345703125, Validation loss 148820.91796875
2021-11-24 15:27:46,142:INFO:Epoch 25, Training loss 148674.62109375, Validation loss 148346.8046875
2021-11-24 15:27:49,919:INFO:Epoch 26, Training loss 147814.537109375, Validation loss 147151.353515625
2021-11-24 15:27:53,730:INFO:Epoch 27, Training loss 146614.736328125, Validation loss 146017.935546875
2021-11-24 15:27:57,561:INFO:Epoch 28, Training loss 145556.484375, Validation loss 145076.666015625
2021-11-24 15:28:01,401:INFO:Epoch 29, Training loss 144694.54296875, Validation loss 144404.4921875
2021-11-24 15:28:05,206:INFO:Epoch 30, Training loss 144150.0703125, Validation loss 144061.5
2021-11-24 15:28:09,260:INFO:Epoch 31, Training loss 143855.25, Validation loss 143907.07421875
2021-11-24 15:28:13,083:INFO:Epoch 32, Training loss 143735.56640625, Validation loss 143850.916015625
2021-11-24 15:28:16,921:INFO:Epoch 33, Training loss 143667.08203125, Validation loss 143789.119140625
2021-11-24 15:28:20,749:INFO:Epoch 34, Training loss 143594.34375, Validation loss 143720.568359375
2021-11-24 15:28:24,540:INFO:Epoch 35, Training loss 143568.583984375, Validation loss 143701.228515625
2021-11-24 15:28:28,391:INFO:Epoch 36, Training loss 143547.5078125, Validation loss 143685.701171875
2021-11-24 15:28:32,232:INFO:Epoch 37, Training loss 143541.474609375, Validation loss 143690.705078125
2021-11-24 15:28:36,055:INFO:Epoch 38, Training loss 143538.58984375, Validation loss 143705.935546875
2021-11-24 15:28:39,839:INFO:Epoch 39, Training loss 143538.291015625, Validation loss 143683.96875
2021-11-24 15:28:43,730:INFO:Epoch 40, Training loss 143526.150390625, Validation loss 143713.3359375
2021-11-24 15:28:47,521:INFO:Epoch 41, Training loss 143517.37890625, Validation loss 143677.404296875
2021-11-24 15:28:51,371:INFO:Epoch 42, Training loss 143528.357421875, Validation loss 143675.34375
2021-11-24 15:28:55,153:INFO:Epoch 43, Training loss 143520.1796875, Validation loss 143704.361328125
2021-11-24 15:28:58,970:INFO:Epoch 44, Training loss 143513.90625, Validation loss 143671.984375
2021-11-24 15:29:03,101:INFO:Epoch 45, Training loss 143515.79296875, Validation loss 143679.419921875
2021-11-24 15:29:06,944:INFO:Epoch 46, Training loss 143505.83203125, Validation loss 143695.138671875
2021-11-24 15:29:10,736:INFO:Epoch 47, Training loss 143507.43359375, Validation loss 143679.77734375
2021-11-24 15:29:14,551:INFO:Epoch 48, Training loss 143511.728515625, Validation loss 143678.78515625
2021-11-24 15:29:18,425:INFO:Epoch 49, Training loss 143505.984375, Validation loss 143677.814453125
2021-11-24 15:29:22,267:INFO:Epoch 50, Training loss 143508.955078125, Validation loss 143679.623046875
2021-11-24 15:29:26,068:INFO:Epoch 51, Training loss 143502.59765625, Validation loss 143680.384765625
2021-11-24 15:29:29,895:INFO:Epoch 52, Training loss 143504.33203125, Validation loss 143691.462890625
2021-11-24 15:29:33,697:INFO:Epoch 53, Training loss 143511.68359375, Validation loss 143692.712890625
2021-11-24 15:29:37,513:INFO:Epoch 54, Training loss 143507.126953125, Validation loss 143670.966796875
2021-11-24 15:29:41,318:INFO:Epoch 55, Training loss 143496.060546875, Validation loss 143680.96484375
2021-11-24 15:29:45,114:INFO:Epoch 56, Training loss 143496.759765625, Validation loss 143666.025390625
2021-11-24 15:29:48,939:INFO:Epoch 57, Training loss 143491.779296875, Validation loss 143676.2890625
2021-11-24 15:29:52,762:INFO:Epoch 58, Training loss 143491.388671875, Validation loss 143679.265625
2021-11-24 15:29:56,637:INFO:Epoch 59, Training loss 143492.005859375, Validation loss 143664.333984375
2021-11-24 15:30:00,438:INFO:Epoch 60, Training loss 143487.453125, Validation loss 143678.291015625
2021-11-24 15:30:04,267:INFO:Epoch 61, Training loss 143495.8359375, Validation loss 143667.072265625
2021-11-24 15:30:08,053:INFO:Epoch 62, Training loss 143491.744140625, Validation loss 143666.59375
2021-11-24 15:30:11,903:INFO:Epoch 63, Training loss 143487.623046875, Validation loss 143680.01171875
2021-11-24 15:30:15,747:INFO:Epoch 64, Training loss 143491.357421875, Validation loss 143669.400390625
2021-11-24 15:30:19,684:INFO:Epoch 65, Training loss 143490.044921875, Validation loss 143672.65234375
2021-11-24 15:30:23,551:INFO:Epoch 66, Training loss 143486.5703125, Validation loss 143666.498046875
2021-11-24 15:30:27,436:INFO:Epoch 67, Training loss 143488.55078125, Validation loss 143671.875
2021-11-24 15:30:31,439:INFO:Epoch 68, Training loss 143482.921875, Validation loss 143661.478515625
2021-11-24 15:30:35,320:INFO:Epoch 69, Training loss 143482.107421875, Validation loss 143668.7734375
2021-11-24 15:30:39,153:INFO:Epoch 70, Training loss 143481.73046875, Validation loss 143671.037109375
2021-11-24 15:30:43,036:INFO:Epoch 71, Training loss 143482.140625, Validation loss 143663.587890625
2021-11-24 15:30:46,917:INFO:Epoch 72, Training loss 143479.44921875, Validation loss 143670.93359375
2021-11-24 15:30:50,811:INFO:Epoch 73, Training loss 143479.037109375, Validation loss 143670.43359375
2021-11-24 15:30:54,658:INFO:Epoch 74, Training loss 143478.0390625, Validation loss 143663.8203125
2021-11-24 15:30:58,500:INFO:Epoch 75, Training loss 143479.759765625, Validation loss 143669.4609375
2021-11-24 15:31:02,346:INFO:Epoch 76, Training loss 143480.037109375, Validation loss 143672.65234375
2021-11-24 15:31:06,139:INFO:Epoch 77, Training loss 143477.0546875, Validation loss 143661.931640625
2021-11-24 15:31:10,011:INFO:Epoch 78, Training loss 143478.6484375, Validation loss 143674.16796875
2021-11-24 15:31:13,824:INFO:Epoch 79, Training loss 143478.765625, Validation loss 143665.3203125
2021-11-24 15:31:17,639:INFO:Epoch 80, Training loss 143475.904296875, Validation loss 143667.474609375
2021-11-24 15:31:21,432:INFO:Epoch 81, Training loss 143478.099609375, Validation loss 143665.630859375
2021-11-24 15:31:25,260:INFO:Epoch 82, Training loss 143476.142578125, Validation loss 143663.408203125
2021-11-24 15:31:29,058:INFO:Epoch 83, Training loss 143481.365234375, Validation loss 143676.796875
2021-11-24 15:31:32,937:INFO:Epoch 84, Training loss 143476.17578125, Validation loss 143663.291015625
2021-11-24 15:31:36,736:INFO:Epoch 85, Training loss 143479.556640625, Validation loss 143669.28125
2021-11-24 15:31:40,574:INFO:Epoch 86, Training loss 143487.373046875, Validation loss 143682.619140625
2021-11-24 15:31:44,416:INFO:Epoch 87, Training loss 143478.638671875, Validation loss 143662.2734375
2021-11-24 15:31:48,270:INFO:Epoch 88, Training loss 143490.341796875, Validation loss 143671.53515625
2021-11-24 15:31:52,091:INFO:Epoch 89, Training loss 143480.275390625, Validation loss 143670.251953125
2021-11-24 15:31:55,902:INFO:Epoch 90, Training loss 143474.60546875, Validation loss 143663.0390625
2021-11-24 15:31:59,728:INFO:Epoch 91, Training loss 143474.228515625, Validation loss 143664.171875
2021-11-24 15:32:03,579:INFO:Epoch 92, Training loss 143474.197265625, Validation loss 143665.60546875
2021-11-24 15:32:07,381:INFO:Epoch 93, Training loss 143473.296875, Validation loss 143670.234375
2021-11-24 15:32:11,195:INFO:Epoch 94, Training loss 143475.384765625, Validation loss 143674.8125
2021-11-24 15:32:15,020:INFO:Epoch 95, Training loss 143480.041015625, Validation loss 143683.326171875
2021-11-24 15:32:18,860:INFO:Epoch 96, Training loss 143477.193359375, Validation loss 143665.2265625
2021-11-24 15:32:22,747:INFO:Epoch 97, Training loss 143476.140625, Validation loss 143665.90234375
2021-11-24 15:32:26,547:INFO:Epoch 98, Training loss 143473.603515625, Validation loss 143668.45703125
2021-11-24 15:32:30,379:INFO:Epoch 99, Training loss 143473.451171875, Validation loss 143665.818359375
2021-11-24 15:32:34,202:INFO:Epoch 100, Training loss 143473.810546875, Validation loss 143675.578125
2021-11-24 15:32:38,038:INFO:Epoch 101, Training loss 143474.91015625, Validation loss 143672.89453125
2021-11-24 15:32:41,823:INFO:Epoch 102, Training loss 143471.4296875, Validation loss 143666.26171875
2021-11-24 15:32:45,651:INFO:Epoch 103, Training loss 143476.25, Validation loss 143668.18359375
2021-11-24 15:32:49,430:INFO:Epoch 104, Training loss 143473.701171875, Validation loss 143671.541015625
2021-11-24 15:32:53,287:INFO:Epoch 105, Training loss 143473.107421875, Validation loss 143669.640625
2021-11-24 15:32:57,150:INFO:Epoch 106, Training loss 143474.962890625, Validation loss 143666.9140625
2021-11-24 15:33:00,994:INFO:Epoch 107, Training loss 143471.333984375, Validation loss 143666.369140625
2021-11-24 15:33:04,788:INFO:Epoch 108, Training loss 143475.466796875, Validation loss 143667.16796875
2021-11-24 15:33:08,745:INFO:Epoch 109, Training loss 143470.966796875, Validation loss 143668.435546875
2021-11-24 15:33:12,544:INFO:Epoch 110, Training loss 143471.736328125, Validation loss 143664.21484375
2021-11-24 15:33:16,360:INFO:Epoch 111, Training loss 143473.607421875, Validation loss 143675.658203125
2021-11-24 15:33:20,177:INFO:Epoch 112, Training loss 143476.8203125, Validation loss 143680.2890625
2021-11-24 15:33:24,022:INFO:Epoch 113, Training loss 143477.5234375, Validation loss 143676.30859375
2021-11-24 15:33:27,834:INFO:Epoch 114, Training loss 143473.01953125, Validation loss 143662.189453125
2021-11-24 15:33:31,751:INFO:Epoch 115, Training loss 143475.51171875, Validation loss 143669.646484375
2021-11-24 15:33:35,567:INFO:Epoch 116, Training loss 143481.626953125, Validation loss 143680.673828125
2021-11-24 15:33:39,395:INFO:Epoch 117, Training loss 143476.00390625, Validation loss 143659.150390625
2021-11-24 15:33:43,210:INFO:Epoch 118, Training loss 143471.306640625, Validation loss 143672.109375
2021-11-24 15:33:47,017:INFO:Epoch 119, Training loss 143476.095703125, Validation loss 143671.236328125
2021-11-24 15:33:50,841:INFO:Epoch 120, Training loss 143477.0, Validation loss 143656.927734375
2021-11-24 15:33:54,934:INFO:Epoch 121, Training loss 143468.8359375, Validation loss 143683.951171875
2021-11-24 15:33:58,768:INFO:Epoch 122, Training loss 143473.171875, Validation loss 143665.685546875
2021-11-24 15:34:02,571:INFO:Epoch 123, Training loss 143466.296875, Validation loss 143664.9609375
2021-11-24 15:34:06,442:INFO:Epoch 124, Training loss 143469.15234375, Validation loss 143672.212890625
2021-11-24 15:34:10,507:INFO:Epoch 125, Training loss 143471.416015625, Validation loss 143664.072265625
2021-11-24 15:34:14,371:INFO:Epoch 126, Training loss 143474.845703125, Validation loss 143660.314453125
2021-11-24 15:34:18,170:INFO:Epoch 127, Training loss 143466.505859375, Validation loss 143682.392578125
2021-11-24 15:34:22,450:INFO:Epoch 128, Training loss 143469.548828125, Validation loss 143661.974609375
2021-11-24 15:34:26,240:INFO:Epoch 129, Training loss 143467.95703125, Validation loss 143666.037109375
2021-11-24 15:34:30,091:INFO:Epoch 130, Training loss 143468.326171875, Validation loss 143669.28125
2021-11-24 15:34:33,922:INFO:Epoch 131, Training loss 143470.5078125, Validation loss 143684.11328125
2021-11-24 15:34:37,742:INFO:Epoch 132, Training loss 143479.720703125, Validation loss 143667.87109375
2021-11-24 15:34:41,550:INFO:Epoch 133, Training loss 143471.150390625, Validation loss 143680.564453125
2021-11-24 15:34:45,474:INFO:Epoch 134, Training loss 143466.0546875, Validation loss 143664.890625
2021-11-24 15:34:49,281:INFO:Epoch 135, Training loss 143470.22265625, Validation loss 143661.435546875
2021-11-24 15:34:53,088:INFO:Epoch 136, Training loss 143470.5234375, Validation loss 143676.673828125
2021-11-24 15:34:56,899:INFO:Epoch 137, Training loss 143470.75390625, Validation loss 143665.17578125
2021-11-24 15:35:00,741:INFO:Epoch 138, Training loss 143472.47265625, Validation loss 143679.115234375
2021-11-24 15:35:04,576:INFO:Epoch 139, Training loss 143468.3828125, Validation loss 143665.025390625
2021-11-24 15:35:08,636:INFO:Epoch 140, Training loss 143466.23046875, Validation loss 143675.427734375
2021-11-24 15:35:12,479:INFO:Epoch 141, Training loss 143467.02734375, Validation loss 143667.19140625
2021-11-24 15:35:16,329:INFO:Epoch 142, Training loss 143470.3359375, Validation loss 143669.44921875
2021-11-24 15:35:20,221:INFO:Epoch 143, Training loss 143463.033203125, Validation loss 143678.23046875
2021-11-24 15:35:24,046:INFO:Epoch 144, Training loss 143465.484375, Validation loss 143666.5390625
2021-11-24 15:35:27,869:INFO:Epoch 145, Training loss 143463.443359375, Validation loss 143661.0859375
2021-11-24 15:35:31,624:INFO:Epoch 146, Training loss 143463.3125, Validation loss 143665.966796875
2021-11-24 15:35:35,417:INFO:Epoch 147, Training loss 143463.498046875, Validation loss 143670.939453125
2021-11-24 15:35:39,188:INFO:Epoch 148, Training loss 143463.9296875, Validation loss 143668.44140625
2021-11-24 15:35:43,024:INFO:Epoch 149, Training loss 143473.44921875, Validation loss 143668.615234375
2021-11-24 15:35:46,837:INFO:Epoch 150, Training loss 143463.71875, Validation loss 143661.1640625
2021-11-24 15:35:50,711:INFO:Epoch 151, Training loss 143466.931640625, Validation loss 143676.080078125
2021-11-24 15:35:54,511:INFO:Epoch 152, Training loss 143463.111328125, Validation loss 143660.828125
2021-11-24 15:35:58,283:INFO:Epoch 153, Training loss 143463.458984375, Validation loss 143665.939453125
2021-11-24 15:36:02,048:INFO:Epoch 154, Training loss 143462.8828125, Validation loss 143674.693359375
2021-11-24 15:36:05,854:INFO:Epoch 155, Training loss 143466.4609375, Validation loss 143665.888671875
2021-11-24 15:36:09,616:INFO:Epoch 156, Training loss 143461.34765625, Validation loss 143681.55859375
2021-11-24 15:36:13,581:INFO:Epoch 157, Training loss 143470.955078125, Validation loss 143684.083984375
2021-11-24 15:36:17,329:INFO:Epoch 158, Training loss 143480.47265625, Validation loss 143659.90234375
2021-11-24 15:36:21,102:INFO:Epoch 159, Training loss 143468.6953125, Validation loss 143683.3671875
2021-11-24 15:36:24,864:INFO:Epoch 160, Training loss 143463.50390625, Validation loss 143662.546875
2021-11-24 15:36:28,619:INFO:Epoch 161, Training loss 143473.0546875, Validation loss 143674.171875
2021-11-24 15:36:32,510:INFO:Epoch 162, Training loss 143473.427734375, Validation loss 143703.08984375
2021-11-24 15:36:36,283:INFO:Epoch 163, Training loss 143474.380859375, Validation loss 143672.623046875
2021-11-24 15:36:40,061:INFO:Epoch 164, Training loss 143472.408203125, Validation loss 143673.755859375
2021-11-24 15:36:43,797:INFO:Epoch 165, Training loss 143463.08984375, Validation loss 143664.6875
2021-11-24 15:36:47,576:INFO:Epoch 166, Training loss 143464.1015625, Validation loss 143665.181640625
2021-11-24 15:36:51,328:INFO:Epoch 167, Training loss 143462.44140625, Validation loss 143684.216796875
2021-11-24 15:36:55,146:INFO:Epoch 168, Training loss 143462.537109375, Validation loss 143677.59765625
2021-11-24 15:36:59,077:INFO:Epoch 169, Training loss 143468.068359375, Validation loss 143677.484375
2021-11-24 15:37:02,859:INFO:Epoch 170, Training loss 143474.80078125, Validation loss 143663.349609375
2021-11-24 15:37:02,865:INFO:Finished training, producing training report at /data/theorie/jthoeve/ML4EFT_higgs/models/24_11/model_quad_cHW/mc_run_24/plots/training_report/
2021-11-24 15:37:03,194:WARNING:findfont: Font family ['sans-serif'] not found. Falling back to DejaVu Sans.
