2021-11-17 17:54:11,605:INFO:All directories created, ready to load the data
2021-11-17 17:54:11,660:INFO:Dataset loaded from /data/theorie/jthoeve/event_generation/events_high_stats/lin/cHW/events_9.npy
2021-11-17 17:54:11,699:INFO:Dataset loaded from /data/theorie/jthoeve/event_generation/events_high_stats/sm/events_9.npy
2021-11-17 17:54:15,120:INFO:Epoch 1, Training loss 142911.2734375, Validation loss 135177.29296875
2021-11-17 17:54:18,417:INFO:Epoch 2, Training loss 131412.77734375, Validation loss 126452.244140625
2021-11-17 17:54:21,718:INFO:Epoch 3, Training loss 123867.833984375, Validation loss 120443.90625
2021-11-17 17:54:25,034:INFO:Epoch 4, Training loss 118611.474609375, Validation loss 116148.248046875
2021-11-17 17:54:28,319:INFO:Epoch 5, Training loss 114811.97265625, Validation loss 113021.96484375
2021-11-17 17:54:31,630:INFO:Epoch 6, Training loss 112124.955078125, Validation loss 110998.609375
2021-11-17 17:54:34,907:INFO:Epoch 7, Training loss 110492.634765625, Validation loss 109883.423828125
2021-11-17 17:54:38,226:INFO:Epoch 8, Training loss 109672.638671875, Validation loss 109467.388671875
2021-11-17 17:54:41,502:INFO:Epoch 9, Training loss 109463.330078125, Validation loss 109479.1171875
2021-11-17 17:54:44,802:INFO:Epoch 10, Training loss 109507.138671875, Validation loss 109497.755859375
2021-11-17 17:54:48,085:INFO:Epoch 11, Training loss 109463.76953125, Validation loss 109379.28125
2021-11-17 17:54:51,384:INFO:Epoch 12, Training loss 109333.78125, Validation loss 109267.9296875
2021-11-17 17:54:54,676:INFO:Epoch 13, Training loss 109246.70703125, Validation loss 109218.58984375
2021-11-17 17:54:57,943:INFO:Epoch 14, Training loss 109208.150390625, Validation loss 109187.32421875
2021-11-17 17:55:01,235:INFO:Epoch 15, Training loss 109171.0, Validation loss 109146.03515625
2021-11-17 17:55:04,533:INFO:Epoch 16, Training loss 109132.677734375, Validation loss 109112.10546875
2021-11-17 17:55:07,849:INFO:Epoch 17, Training loss 109100.037109375, Validation loss 109084.05078125
2021-11-17 17:55:11,114:INFO:Epoch 18, Training loss 109071.98046875, Validation loss 109056.30859375
2021-11-17 17:55:14,423:INFO:Epoch 19, Training loss 109041.328125, Validation loss 109032.005859375
2021-11-17 17:55:17,687:INFO:Epoch 20, Training loss 109016.703125, Validation loss 109009.0390625
2021-11-17 17:55:21,018:INFO:Epoch 21, Training loss 108993.3359375, Validation loss 108986.953125
2021-11-17 17:55:24,287:INFO:Epoch 22, Training loss 108970.861328125, Validation loss 108968.083984375
2021-11-17 17:55:27,587:INFO:Epoch 23, Training loss 108951.55078125, Validation loss 108952.689453125
2021-11-17 17:55:30,863:INFO:Epoch 24, Training loss 108935.513671875, Validation loss 108940.0546875
2021-11-17 17:55:34,191:INFO:Epoch 25, Training loss 108923.2421875, Validation loss 108929.791015625
2021-11-17 17:55:37,496:INFO:Epoch 26, Training loss 108911.931640625, Validation loss 108921.86328125
2021-11-17 17:55:40,785:INFO:Epoch 27, Training loss 108901.958984375, Validation loss 108915.505859375
2021-11-17 17:55:44,086:INFO:Epoch 28, Training loss 108894.09765625, Validation loss 108909.689453125
2021-11-17 17:55:47,403:INFO:Epoch 29, Training loss 108886.43359375, Validation loss 108904.546875
2021-11-17 17:55:50,689:INFO:Epoch 30, Training loss 108879.904296875, Validation loss 108899.95703125
2021-11-17 17:55:53,973:INFO:Epoch 31, Training loss 108874.19921875, Validation loss 108895.3828125
2021-11-17 17:55:57,257:INFO:Epoch 32, Training loss 108868.791015625, Validation loss 108890.982421875
2021-11-17 17:56:00,568:INFO:Epoch 33, Training loss 108863.580078125, Validation loss 108886.42578125
2021-11-17 17:56:03,864:INFO:Epoch 34, Training loss 108857.634765625, Validation loss 108881.716796875
2021-11-17 17:56:07,139:INFO:Epoch 35, Training loss 108852.916015625, Validation loss 108878.2421875
2021-11-17 17:56:10,451:INFO:Epoch 36, Training loss 108849.033203125, Validation loss 108875.1484375
2021-11-17 17:56:13,754:INFO:Epoch 37, Training loss 108846.333984375, Validation loss 108872.17578125
2021-11-17 17:56:17,056:INFO:Epoch 38, Training loss 108842.44140625, Validation loss 108869.4453125
2021-11-17 17:56:20,322:INFO:Epoch 39, Training loss 108839.91015625, Validation loss 108866.8046875
2021-11-17 17:56:23,633:INFO:Epoch 40, Training loss 108837.181640625, Validation loss 108864.7578125
2021-11-17 17:56:26,906:INFO:Epoch 41, Training loss 108835.828125, Validation loss 108863.224609375
2021-11-17 17:56:30,238:INFO:Epoch 42, Training loss 108833.583984375, Validation loss 108861.708984375
2021-11-17 17:56:33,507:INFO:Epoch 43, Training loss 108832.763671875, Validation loss 108860.41015625
2021-11-17 17:56:36,820:INFO:Epoch 44, Training loss 108832.091796875, Validation loss 108859.330078125
2021-11-17 17:56:40,114:INFO:Epoch 45, Training loss 108831.314453125, Validation loss 108858.439453125
2021-11-17 17:56:43,455:INFO:Epoch 46, Training loss 108830.568359375, Validation loss 108858.3359375
2021-11-17 17:56:46,739:INFO:Epoch 47, Training loss 108829.548828125, Validation loss 108857.55078125
2021-11-17 17:56:50,058:INFO:Epoch 48, Training loss 108829.025390625, Validation loss 108857.59375
2021-11-17 17:56:53,403:INFO:Epoch 49, Training loss 108828.9609375, Validation loss 108856.943359375
2021-11-17 17:56:56,817:INFO:Epoch 50, Training loss 108828.326171875, Validation loss 108856.521484375
2021-11-17 17:57:00,202:INFO:Epoch 51, Training loss 108828.58984375, Validation loss 108856.19140625
2021-11-17 17:57:03,578:INFO:Epoch 52, Training loss 108827.333984375, Validation loss 108856.546875
2021-11-17 17:57:06,960:INFO:Epoch 53, Training loss 108827.3515625, Validation loss 108856.42578125
2021-11-17 17:57:10,365:INFO:Epoch 54, Training loss 108827.53125, Validation loss 108855.736328125
2021-11-17 17:57:13,754:INFO:Epoch 55, Training loss 108826.7421875, Validation loss 108855.65625
2021-11-17 17:57:17,113:INFO:Epoch 56, Training loss 108826.494140625, Validation loss 108855.9296875
2021-11-17 17:57:20,505:INFO:Epoch 57, Training loss 108826.16015625, Validation loss 108856.064453125
2021-11-17 17:57:23,889:INFO:Epoch 58, Training loss 108825.732421875, Validation loss 108855.142578125
2021-11-17 17:57:27,276:INFO:Epoch 59, Training loss 108826.009765625, Validation loss 108855.46875
2021-11-17 17:57:30,639:INFO:Epoch 60, Training loss 108825.369140625, Validation loss 108854.98828125
2021-11-17 17:57:34,040:INFO:Epoch 61, Training loss 108825.638671875, Validation loss 108855.396484375
2021-11-17 17:57:37,385:INFO:Epoch 62, Training loss 108825.408203125, Validation loss 108854.74609375
2021-11-17 17:57:40,836:INFO:Epoch 63, Training loss 108825.28125, Validation loss 108855.109375
2021-11-17 17:57:44,196:INFO:Epoch 64, Training loss 108825.529296875, Validation loss 108855.158203125
2021-11-17 17:57:47,592:INFO:Epoch 65, Training loss 108825.53515625, Validation loss 108854.4921875
2021-11-17 17:57:50,957:INFO:Epoch 66, Training loss 108824.294921875, Validation loss 108854.25
2021-11-17 17:57:54,379:INFO:Epoch 67, Training loss 108823.84765625, Validation loss 108854.056640625
2021-11-17 17:57:57,743:INFO:Epoch 68, Training loss 108824.27734375, Validation loss 108854.7109375
2021-11-17 17:58:01,132:INFO:Epoch 69, Training loss 108824.01953125, Validation loss 108854.18359375
2021-11-17 17:58:04,506:INFO:Epoch 70, Training loss 108823.689453125, Validation loss 108854.48046875
2021-11-17 17:58:07,916:INFO:Epoch 71, Training loss 108822.814453125, Validation loss 108854.50390625
2021-11-17 17:58:11,293:INFO:Epoch 72, Training loss 108822.65234375, Validation loss 108854.333984375
2021-11-17 17:58:14,660:INFO:Epoch 73, Training loss 108823.23828125, Validation loss 108853.71875
2021-11-17 17:58:18,044:INFO:Epoch 74, Training loss 108823.271484375, Validation loss 108854.37109375
2021-11-17 17:58:21,449:INFO:Epoch 75, Training loss 108822.345703125, Validation loss 108854.255859375
2021-11-17 17:58:24,829:INFO:Epoch 76, Training loss 108822.029296875, Validation loss 108853.896484375
2021-11-17 17:58:28,200:INFO:Epoch 77, Training loss 108822.181640625, Validation loss 108853.291015625
2021-11-17 17:58:31,597:INFO:Epoch 78, Training loss 108821.697265625, Validation loss 108853.482421875
2021-11-17 17:58:35,000:INFO:Epoch 79, Training loss 108821.853515625, Validation loss 108853.611328125
2021-11-17 17:58:38,397:INFO:Epoch 80, Training loss 108822.62109375, Validation loss 108852.8359375
2021-11-17 17:58:41,774:INFO:Epoch 81, Training loss 108822.341796875, Validation loss 108853.150390625
2021-11-17 17:58:45,178:INFO:Epoch 82, Training loss 108821.244140625, Validation loss 108853.16015625
2021-11-17 17:58:48,542:INFO:Epoch 83, Training loss 108821.1171875, Validation loss 108852.888671875
2021-11-17 17:58:51,979:INFO:Epoch 84, Training loss 108821.283203125, Validation loss 108853.130859375
2021-11-17 17:58:55,348:INFO:Epoch 85, Training loss 108821.962890625, Validation loss 108853.2265625
2021-11-17 17:58:58,760:INFO:Epoch 86, Training loss 108820.9296875, Validation loss 108852.947265625
2021-11-17 17:59:02,135:INFO:Epoch 87, Training loss 108820.234375, Validation loss 108852.830078125
2021-11-17 17:59:05,572:INFO:Epoch 88, Training loss 108820.580078125, Validation loss 108852.552734375
2021-11-17 17:59:08,938:INFO:Epoch 89, Training loss 108820.634765625, Validation loss 108852.990234375
2021-11-17 17:59:12,322:INFO:Epoch 90, Training loss 108820.234375, Validation loss 108852.849609375
2021-11-17 17:59:15,705:INFO:Epoch 91, Training loss 108821.18359375, Validation loss 108853.029296875
2021-11-17 17:59:19,132:INFO:Epoch 92, Training loss 108819.96484375, Validation loss 108852.4296875
2021-11-17 17:59:22,509:INFO:Epoch 93, Training loss 108820.75, Validation loss 108851.69921875
2021-11-17 17:59:25,899:INFO:Epoch 94, Training loss 108820.375, Validation loss 108852.373046875
2021-11-17 17:59:29,274:INFO:Epoch 95, Training loss 108820.427734375, Validation loss 108852.376953125
2021-11-17 17:59:32,682:INFO:Epoch 96, Training loss 108820.5625, Validation loss 108853.41796875
2021-11-17 17:59:36,066:INFO:Epoch 97, Training loss 108819.990234375, Validation loss 108853.080078125
2021-11-17 17:59:39,449:INFO:Epoch 98, Training loss 108820.23828125, Validation loss 108852.599609375
2021-11-17 17:59:42,852:INFO:Epoch 99, Training loss 108821.35546875, Validation loss 108852.611328125
2021-11-17 17:59:46,251:INFO:Epoch 100, Training loss 108821.458984375, Validation loss 108854.111328125
2021-11-17 17:59:49,643:INFO:Epoch 101, Training loss 108820.716796875, Validation loss 108853.59765625
2021-11-17 17:59:53,002:INFO:Epoch 102, Training loss 108820.50390625, Validation loss 108853.962890625
2021-11-17 17:59:56,405:INFO:Epoch 103, Training loss 108821.08984375, Validation loss 108852.6875
2021-11-17 17:59:59,767:INFO:Epoch 104, Training loss 108820.900390625, Validation loss 108852.12890625
2021-11-17 18:00:03,206:INFO:Epoch 105, Training loss 108819.962890625, Validation loss 108852.0859375
2021-11-17 18:00:06,574:INFO:Epoch 106, Training loss 108819.24609375, Validation loss 108852.7734375
2021-11-17 18:00:09,982:INFO:Epoch 107, Training loss 108819.69140625, Validation loss 108852.62109375
2021-11-17 18:00:13,357:INFO:Epoch 108, Training loss 108819.1953125, Validation loss 108851.76171875
2021-11-17 18:00:16,789:INFO:Epoch 109, Training loss 108819.228515625, Validation loss 108851.771484375
2021-11-17 18:00:20,166:INFO:Epoch 110, Training loss 108819.548828125, Validation loss 108852.33984375
2021-11-17 18:00:23,566:INFO:Epoch 111, Training loss 108819.3203125, Validation loss 108852.990234375
2021-11-17 18:00:26,955:INFO:Epoch 112, Training loss 108818.71875, Validation loss 108852.306640625
2021-11-17 18:00:30,368:INFO:Epoch 113, Training loss 108820.16796875, Validation loss 108852.111328125
2021-11-17 18:00:30,374:INFO:Finished training, producing training report at /data/theorie/jthoeve/ML4EFT_higgs/models/17_11/model_final_lin_cHW/mc_run_9/plots/training_report/
2021-11-17 18:00:31,202:WARNING:findfont: Font family ['sans-serif'] not found. Falling back to DejaVu Sans.
