1.837453984375000000e+05
1.837453945312500000e+05
1.837453906250000000e+05
1.837453945312500000e+05
1.837453945312500000e+05
1.837453867187500000e+05
1.837453945312500000e+05
1.837453945312500000e+05
1.837453945312500000e+05
1.837453945312500000e+05
1.837453945312500000e+05
1.837453945312500000e+05
1.837453984375000000e+05
1.837453945312500000e+05
1.501848867187500000e+05
1.495748886718750000e+05
1.486058847656250000e+05
1.469921015625000000e+05
1.451655449218750000e+05
1.442832871093750000e+05
1.441135722656250000e+05
1.438729335937500000e+05
1.437372558593750000e+05
1.436755292968750000e+05
1.436511054687500000e+05
1.436272207031250000e+05
1.436049179687500000e+05
1.436096542968750000e+05
1.435633457031250000e+05
1.435551640625000000e+05
1.435506972656250000e+05
1.435411367187500000e+05
1.435335429687500000e+05
1.435338769531250000e+05
1.435368984375000000e+05
1.435485683593750000e+05
1.435473750000000000e+05
1.435305957031250000e+05
1.435328417968750000e+05
1.435245371093750000e+05
1.435232988281250000e+05
1.435173671875000000e+05
1.435296152343750000e+05
1.435211582031250000e+05
1.435326464843750000e+05
1.435326464843750000e+05
1.435212167968750000e+05
1.435198964843750000e+05
1.435159843750000000e+05
1.435120546875000000e+05
1.435149414062500000e+05
1.435293808593750000e+05
1.435348671875000000e+05
1.435181445312500000e+05
1.435281777343750000e+05
1.435325937500000000e+05
1.435222773437500000e+05
1.435145976562500000e+05
1.435304179687500000e+05
1.435235957031250000e+05
1.435122089843750000e+05
1.435181445312500000e+05
1.435077734375000000e+05
1.435207011718750000e+05
1.435171855468750000e+05
1.435138613281250000e+05
1.435148339843750000e+05
1.435100566406250000e+05
1.435092851562500000e+05
1.435043066406250000e+05
1.435078691406250000e+05
1.435045390625000000e+05
1.435023710937500000e+05
1.435079863281250000e+05
1.435193554687500000e+05
1.435189101562500000e+05
1.435054863281250000e+05
1.435080507812500000e+05
1.435003320312500000e+05
1.435263652343750000e+05
1.435107304687500000e+05
1.435151093750000000e+05
1.435206210937500000e+05
1.435316132812500000e+05
1.435146621093750000e+05
1.435202324218750000e+05
1.435047968750000000e+05
1.435132343750000000e+05
1.435047773437500000e+05
1.435020214843750000e+05
1.435044882812500000e+05
1.435029179687500000e+05
1.435061523437500000e+05
1.435051210937500000e+05
1.435091503906250000e+05
1.435109746093750000e+05
1.435198671875000000e+05
1.435095273437500000e+05
1.435100097656250000e+05
1.435001171875000000e+05
1.434982675781250000e+05
1.435007617187500000e+05
1.434985664062500000e+05
1.434990117187500000e+05
1.435007070312500000e+05
1.434962167968750000e+05
1.435064960937500000e+05
1.435088300781250000e+05
1.435080097656250000e+05
1.435004179687500000e+05
1.434990527343750000e+05
1.434981562500000000e+05
1.434951289062500000e+05
1.434989101562500000e+05
1.434951640625000000e+05
1.434965390625000000e+05
1.435025234375000000e+05
1.435045019531250000e+05
1.434979726562500000e+05
1.435287226562500000e+05
1.435152011718750000e+05
1.434980878906250000e+05
1.435136367187500000e+05
1.435237675781250000e+05
1.435543027343750000e+05
1.435503710937500000e+05
1.435021113281250000e+05
1.435116582031250000e+05
1.435192187500000000e+05
1.435218886718750000e+05
1.434990351562500000e+05
1.434964472656250000e+05
1.434967851562500000e+05
1.434970488281250000e+05
1.434900781250000000e+05
1.434929179687500000e+05
1.435003710937500000e+05
1.434943417968750000e+05
1.434926933593750000e+05
1.434937167968750000e+05
1.434925507812500000e+05
1.434966386718750000e+05
1.434963046875000000e+05
1.434901210937500000e+05
1.434933125000000000e+05
1.434932246093750000e+05
1.435033945312500000e+05
1.434934394531250000e+05
1.434891601562500000e+05
