8.465186914062500000e+04
8.444127148437500000e+04
8.345236718750000000e+04
7.906469726562500000e+04
7.490166992187500000e+04
7.455444335937500000e+04
7.470069042968750000e+04
7.442510937500000000e+04
7.408426855468750000e+04
7.394732617187500000e+04
7.393629199218750000e+04
7.390797265625000000e+04
7.384731542968750000e+04
7.380587402343750000e+04
7.379322265625000000e+04
7.379211425781250000e+04
7.378969726562500000e+04
7.378444531250000000e+04
7.378106933593750000e+04
7.377898242187500000e+04
7.377758105468750000e+04
7.377521875000000000e+04
7.377383300781250000e+04
7.377255664062500000e+04
7.377145800781250000e+04
7.377041210937500000e+04
7.376966992187500000e+04
7.376883886718750000e+04
7.376832812500000000e+04
7.376784570312500000e+04
7.376732910156250000e+04
7.376692968750000000e+04
7.376676367187500000e+04
7.376627148437500000e+04
7.376565820312500000e+04
7.376483496093750000e+04
7.376469726562500000e+04
7.376443164062500000e+04
7.376449218750000000e+04
7.376390820312500000e+04
7.376381445312500000e+04
7.376342578125000000e+04
7.376326269531250000e+04
7.376327832031250000e+04
7.376327246093750000e+04
7.376355468750000000e+04
7.376280175781250000e+04
7.376257128906250000e+04
7.376204492187500000e+04
7.376218945312500000e+04
7.376195996093750000e+04
7.376165136718750000e+04
7.376197460937500000e+04
7.376108105468750000e+04
7.376128320312500000e+04
7.376093359375000000e+04
7.376087109375000000e+04
7.376089062500000000e+04
7.376067187500000000e+04
7.376043164062500000e+04
7.376023632812500000e+04
7.376000878906250000e+04
7.375961718750000000e+04
7.375952734375000000e+04
7.375932519531250000e+04
7.375943847656250000e+04
7.375930273437500000e+04
7.375934667968750000e+04
7.375890820312500000e+04
7.375857519531250000e+04
7.375853417968750000e+04
7.375840136718750000e+04
7.375819824218750000e+04
7.375778613281250000e+04
7.375782421875000000e+04
7.375748925781250000e+04
7.375736328125000000e+04
7.375903125000000000e+04
