1.517918984375000000e+05
1.506573691406250000e+05
1.497168632812500000e+05
1.489905722656250000e+05
1.485111621093750000e+05
1.477836503906250000e+05
1.468659082031250000e+05
1.459196191406250000e+05
1.450257285156250000e+05
1.443572929687500000e+05
1.440322597656250000e+05
1.438890781250000000e+05
1.437582128906250000e+05
1.436272324218750000e+05
1.435777167968750000e+05
1.435363613281250000e+05
1.435127226562500000e+05
1.435015156250000000e+05
1.434917949218750000e+05
1.434847792968750000e+05
1.434762050781250000e+05
1.434724843750000000e+05
1.434633750000000000e+05
1.434575214843750000e+05
1.434536679687500000e+05
1.434525312500000000e+05
1.434523203125000000e+05
1.434558769531250000e+05
1.434514726562500000e+05
1.434470253906250000e+05
1.434407988281250000e+05
1.434375078125000000e+05
1.434415234375000000e+05
1.434377421875000000e+05
1.434340078125000000e+05
1.434345683593750000e+05
1.434310742187500000e+05
1.434290449218750000e+05
1.434332753906250000e+05
1.434357265625000000e+05
1.434337558593750000e+05
1.434249042968750000e+05
1.434261464843750000e+05
1.434226640625000000e+05
1.434309433593750000e+05
1.434502304687500000e+05
1.434369335937500000e+05
1.434428886718750000e+05
1.434266171875000000e+05
1.434292949218750000e+05
1.434239960937500000e+05
1.434353574218750000e+05
1.434354824218750000e+05
1.434297617187500000e+05
1.434258164062500000e+05
1.434197285156250000e+05
1.434217597656250000e+05
1.434174980468750000e+05
1.434184609375000000e+05
1.434175722656250000e+05
1.434165820312500000e+05
1.434155312500000000e+05
1.434308593750000000e+05
1.434184648437500000e+05
1.434189980468750000e+05
1.434185625000000000e+05
1.434200859375000000e+05
1.434223593750000000e+05
1.434284394531250000e+05
1.434255839843750000e+05
1.434188886718750000e+05
1.434127207031250000e+05
1.434169042968750000e+05
1.434226660156250000e+05
1.434228007812500000e+05
1.434172363281250000e+05
1.434144902343750000e+05
1.434124199218750000e+05
1.434139687500000000e+05
1.434176699218750000e+05
1.434189433593750000e+05
1.434218085937500000e+05
1.434148593750000000e+05
1.434185527343750000e+05
1.434253769531250000e+05
1.434194960937500000e+05
1.434438359375000000e+05
1.434262050781250000e+05
1.434212265625000000e+05
