2021-11-17 17:54:11,604:INFO:All directories created, ready to load the data
2021-11-17 17:54:11,673:INFO:Dataset loaded from /data/theorie/jthoeve/event_generation/events_high_stats/lin/cHW/events_8.npy
2021-11-17 17:54:11,712:INFO:Dataset loaded from /data/theorie/jthoeve/event_generation/events_high_stats/sm/events_8.npy
2021-11-17 17:54:15,150:INFO:Epoch 1, Training loss 207635.1640625, Validation loss 206350.0234375
2021-11-17 17:54:18,486:INFO:Epoch 2, Training loss 196953.0, Validation loss 176025.515625
2021-11-17 17:54:21,812:INFO:Epoch 3, Training loss 162890.26953125, Validation loss 145972.9765625
2021-11-17 17:54:25,176:INFO:Epoch 4, Training loss 138069.828125, Validation loss 128030.78515625
2021-11-17 17:54:28,499:INFO:Epoch 5, Training loss 123292.232421875, Validation loss 117381.01953125
2021-11-17 17:54:31,845:INFO:Epoch 6, Training loss 114774.015625, Validation loss 111835.8984375
2021-11-17 17:54:35,153:INFO:Epoch 7, Training loss 110863.22265625, Validation loss 109998.876953125
2021-11-17 17:54:38,531:INFO:Epoch 8, Training loss 109874.4296875, Validation loss 109931.923828125
2021-11-17 17:54:41,840:INFO:Epoch 9, Training loss 110010.06640625, Validation loss 110159.37109375
2021-11-17 17:54:45,172:INFO:Epoch 10, Training loss 110146.6171875, Validation loss 110139.755859375
2021-11-17 17:54:48,478:INFO:Epoch 11, Training loss 110049.0390625, Validation loss 109937.607421875
2021-11-17 17:54:51,817:INFO:Epoch 12, Training loss 109823.783203125, Validation loss 109706.11328125
2021-11-17 17:54:55,143:INFO:Epoch 13, Training loss 109630.94140625, Validation loss 109574.7265625
2021-11-17 17:54:58,449:INFO:Epoch 14, Training loss 109544.345703125, Validation loss 109537.34375
2021-11-17 17:55:01,762:INFO:Epoch 15, Training loss 109523.6953125, Validation loss 109516.052734375
2021-11-17 17:55:05,081:INFO:Epoch 16, Training loss 109497.255859375, Validation loss 109472.431640625
2021-11-17 17:55:08,423:INFO:Epoch 17, Training loss 109452.248046875, Validation loss 109426.455078125
2021-11-17 17:55:11,708:INFO:Epoch 18, Training loss 109413.826171875, Validation loss 109393.740234375
2021-11-17 17:55:15,041:INFO:Epoch 19, Training loss 109388.197265625, Validation loss 109369.0859375
2021-11-17 17:55:18,323:INFO:Epoch 20, Training loss 109365.98046875, Validation loss 109344.302734375
2021-11-17 17:55:21,681:INFO:Epoch 21, Training loss 109342.900390625, Validation loss 109319.080078125
2021-11-17 17:55:24,965:INFO:Epoch 22, Training loss 109320.716796875, Validation loss 109295.81640625
2021-11-17 17:55:28,301:INFO:Epoch 23, Training loss 109300.359375, Validation loss 109274.578125
2021-11-17 17:55:31,596:INFO:Epoch 24, Training loss 109281.302734375, Validation loss 109254.25
2021-11-17 17:55:34,951:INFO:Epoch 25, Training loss 109262.896484375, Validation loss 109234.478515625
2021-11-17 17:55:38,254:INFO:Epoch 26, Training loss 109245.052734375, Validation loss 109215.69140625
2021-11-17 17:55:41,591:INFO:Epoch 27, Training loss 109228.357421875, Validation loss 109197.529296875
2021-11-17 17:55:44,903:INFO:Epoch 28, Training loss 109211.15625, Validation loss 109180.25390625
2021-11-17 17:55:48,250:INFO:Epoch 29, Training loss 109195.6640625, Validation loss 109163.306640625
2021-11-17 17:55:51,560:INFO:Epoch 30, Training loss 109180.62109375, Validation loss 109146.9296875
2021-11-17 17:55:54,868:INFO:Epoch 31, Training loss 109165.5703125, Validation loss 109131.123046875
2021-11-17 17:55:58,191:INFO:Epoch 32, Training loss 109151.375, Validation loss 109115.7421875
2021-11-17 17:56:01,526:INFO:Epoch 33, Training loss 109137.712890625, Validation loss 109100.73046875
2021-11-17 17:56:04,845:INFO:Epoch 34, Training loss 109124.083984375, Validation loss 109086.2890625
2021-11-17 17:56:08,149:INFO:Epoch 35, Training loss 109111.060546875, Validation loss 109072.017578125
2021-11-17 17:56:11,480:INFO:Epoch 36, Training loss 109098.048828125, Validation loss 109058.2265625
2021-11-17 17:56:14,814:INFO:Epoch 37, Training loss 109085.271484375, Validation loss 109044.666015625
2021-11-17 17:56:18,153:INFO:Epoch 38, Training loss 109073.212890625, Validation loss 109031.21875
2021-11-17 17:56:21,453:INFO:Epoch 39, Training loss 109060.798828125, Validation loss 109018.09765625
2021-11-17 17:56:24,790:INFO:Epoch 40, Training loss 109048.849609375, Validation loss 109005.328125
2021-11-17 17:56:28,081:INFO:Epoch 41, Training loss 109037.439453125, Validation loss 108992.759765625
2021-11-17 17:56:31,446:INFO:Epoch 42, Training loss 109025.896484375, Validation loss 108980.716796875
2021-11-17 17:56:34,739:INFO:Epoch 43, Training loss 109014.595703125, Validation loss 108969.0546875
2021-11-17 17:56:38,066:INFO:Epoch 44, Training loss 109003.921875, Validation loss 108957.541015625
2021-11-17 17:56:41,387:INFO:Epoch 45, Training loss 108993.46484375, Validation loss 108946.2578125
2021-11-17 17:56:44,751:INFO:Epoch 46, Training loss 108982.884765625, Validation loss 108935.486328125
2021-11-17 17:56:48,133:INFO:Epoch 47, Training loss 108972.86328125, Validation loss 108924.6953125
2021-11-17 17:56:51,547:INFO:Epoch 48, Training loss 108963.716796875, Validation loss 108914.095703125
2021-11-17 17:56:54,991:INFO:Epoch 49, Training loss 108953.408203125, Validation loss 108904.466796875
2021-11-17 17:56:58,437:INFO:Epoch 50, Training loss 108945.32421875, Validation loss 108894.9140625
2021-11-17 17:57:01,860:INFO:Epoch 51, Training loss 108935.83203125, Validation loss 108886.44140625
2021-11-17 17:57:05,292:INFO:Epoch 52, Training loss 108928.1640625, Validation loss 108878.08203125
2021-11-17 17:57:08,736:INFO:Epoch 53, Training loss 108920.482421875, Validation loss 108870.005859375
2021-11-17 17:57:12,186:INFO:Epoch 54, Training loss 108913.427734375, Validation loss 108862.3984375
2021-11-17 17:57:15,609:INFO:Epoch 55, Training loss 108905.76953125, Validation loss 108855.552734375
2021-11-17 17:57:19,007:INFO:Epoch 56, Training loss 108899.765625, Validation loss 108848.689453125
2021-11-17 17:57:22,436:INFO:Epoch 57, Training loss 108893.75, Validation loss 108842.068359375
2021-11-17 17:57:25,854:INFO:Epoch 58, Training loss 108887.921875, Validation loss 108836.3671875
2021-11-17 17:57:29,294:INFO:Epoch 59, Training loss 108882.662109375, Validation loss 108830.921875
2021-11-17 17:57:32,707:INFO:Epoch 60, Training loss 108877.44140625, Validation loss 108826.005859375
2021-11-17 17:57:36,144:INFO:Epoch 61, Training loss 108873.3984375, Validation loss 108822.05859375
2021-11-17 17:57:39,551:INFO:Epoch 62, Training loss 108869.90234375, Validation loss 108818.15625
2021-11-17 17:57:43,025:INFO:Epoch 63, Training loss 108866.458984375, Validation loss 108814.900390625
2021-11-17 17:57:46,428:INFO:Epoch 64, Training loss 108863.826171875, Validation loss 108811.947265625
2021-11-17 17:57:49,887:INFO:Epoch 65, Training loss 108860.66796875, Validation loss 108809.544921875
2021-11-17 17:57:53,296:INFO:Epoch 66, Training loss 108858.888671875, Validation loss 108807.365234375
2021-11-17 17:57:56,773:INFO:Epoch 67, Training loss 108856.833984375, Validation loss 108805.484375
2021-11-17 17:58:00,176:INFO:Epoch 68, Training loss 108855.318359375, Validation loss 108804.05859375
2021-11-17 17:58:03,603:INFO:Epoch 69, Training loss 108853.298828125, Validation loss 108802.41015625
2021-11-17 17:58:07,049:INFO:Epoch 70, Training loss 108852.435546875, Validation loss 108801.33203125
2021-11-17 17:58:10,503:INFO:Epoch 71, Training loss 108851.259765625, Validation loss 108799.740234375
2021-11-17 17:58:13,920:INFO:Epoch 72, Training loss 108850.111328125, Validation loss 108799.328125
2021-11-17 17:58:17,343:INFO:Epoch 73, Training loss 108848.94140625, Validation loss 108798.017578125
2021-11-17 17:58:20,776:INFO:Epoch 74, Training loss 108848.208984375, Validation loss 108797.44140625
2021-11-17 17:58:24,211:INFO:Epoch 75, Training loss 108847.615234375, Validation loss 108796.810546875
2021-11-17 17:58:27,644:INFO:Epoch 76, Training loss 108847.017578125, Validation loss 108796.587890625
2021-11-17 17:58:31,038:INFO:Epoch 77, Training loss 108846.537109375, Validation loss 108796.03125
2021-11-17 17:58:34,481:INFO:Epoch 78, Training loss 108845.931640625, Validation loss 108795.70703125
2021-11-17 17:58:37,917:INFO:Epoch 79, Training loss 108845.431640625, Validation loss 108795.189453125
2021-11-17 17:58:41,396:INFO:Epoch 80, Training loss 108845.197265625, Validation loss 108794.73828125
2021-11-17 17:58:44,797:INFO:Epoch 81, Training loss 108844.861328125, Validation loss 108794.75
2021-11-17 17:58:48,235:INFO:Epoch 82, Training loss 108844.51953125, Validation loss 108794.373046875
2021-11-17 17:58:51,613:INFO:Epoch 83, Training loss 108844.0, Validation loss 108794.5625
2021-11-17 17:58:55,079:INFO:Epoch 84, Training loss 108843.986328125, Validation loss 108794.583984375
2021-11-17 17:58:58,477:INFO:Epoch 85, Training loss 108843.517578125, Validation loss 108794.0078125
2021-11-17 17:59:01,945:INFO:Epoch 86, Training loss 108843.427734375, Validation loss 108793.712890625
2021-11-17 17:59:05,364:INFO:Epoch 87, Training loss 108842.701171875, Validation loss 108794.0078125
2021-11-17 17:59:08,834:INFO:Epoch 88, Training loss 108842.34765625, Validation loss 108793.958984375
2021-11-17 17:59:12,237:INFO:Epoch 89, Training loss 108841.966796875, Validation loss 108793.8203125
2021-11-17 17:59:15,662:INFO:Epoch 90, Training loss 108842.345703125, Validation loss 108794.310546875
2021-11-17 17:59:19,095:INFO:Epoch 91, Training loss 108841.17578125, Validation loss 108793.400390625
2021-11-17 17:59:22,573:INFO:Epoch 92, Training loss 108841.025390625, Validation loss 108793.6484375
2021-11-17 17:59:25,990:INFO:Epoch 93, Training loss 108840.7421875, Validation loss 108793.216796875
2021-11-17 17:59:29,418:INFO:Epoch 94, Training loss 108840.7421875, Validation loss 108793.51171875
2021-11-17 17:59:32,846:INFO:Epoch 95, Training loss 108840.39453125, Validation loss 108792.673828125
2021-11-17 17:59:36,286:INFO:Epoch 96, Training loss 108840.36328125, Validation loss 108792.61328125
2021-11-17 17:59:39,734:INFO:Epoch 97, Training loss 108839.572265625, Validation loss 108792.744140625
2021-11-17 17:59:43,152:INFO:Epoch 98, Training loss 108839.58203125, Validation loss 108792.484375
2021-11-17 17:59:46,602:INFO:Epoch 99, Training loss 108839.525390625, Validation loss 108792.640625
2021-11-17 17:59:50,054:INFO:Epoch 100, Training loss 108838.873046875, Validation loss 108792.375
2021-11-17 17:59:53,499:INFO:Epoch 101, Training loss 108838.734375, Validation loss 108792.337890625
2021-11-17 17:59:56,900:INFO:Epoch 102, Training loss 108838.8125, Validation loss 108792.615234375
2021-11-17 18:00:00,369:INFO:Epoch 103, Training loss 108838.935546875, Validation loss 108792.640625
2021-11-17 18:00:03,770:INFO:Epoch 104, Training loss 108838.10546875, Validation loss 108792.103515625
2021-11-17 18:00:07,250:INFO:Epoch 105, Training loss 108838.90234375, Validation loss 108791.728515625
2021-11-17 18:00:10,656:INFO:Epoch 106, Training loss 108838.490234375, Validation loss 108791.4921875
2021-11-17 18:00:14,106:INFO:Epoch 107, Training loss 108838.041015625, Validation loss 108791.982421875
2021-11-17 18:00:17,507:INFO:Epoch 108, Training loss 108838.00390625, Validation loss 108792.365234375
2021-11-17 18:00:20,973:INFO:Epoch 109, Training loss 108838.03515625, Validation loss 108792.208984375
2021-11-17 18:00:24,381:INFO:Epoch 110, Training loss 108837.501953125, Validation loss 108791.84375
2021-11-17 18:00:27,847:INFO:Epoch 111, Training loss 108837.162109375, Validation loss 108792.0546875
2021-11-17 18:00:31,272:INFO:Epoch 112, Training loss 108838.0, Validation loss 108791.599609375
2021-11-17 18:00:34,744:INFO:Epoch 113, Training loss 108837.7734375, Validation loss 108792.87890625
2021-11-17 18:00:38,166:INFO:Epoch 114, Training loss 108837.08984375, Validation loss 108792.1953125
2021-11-17 18:00:41,632:INFO:Epoch 115, Training loss 108836.75390625, Validation loss 108792.078125
2021-11-17 18:00:45,069:INFO:Epoch 116, Training loss 108836.76171875, Validation loss 108791.9375
2021-11-17 18:00:48,521:INFO:Epoch 117, Training loss 108836.734375, Validation loss 108791.798828125
2021-11-17 18:00:51,955:INFO:Epoch 118, Training loss 108836.53125, Validation loss 108792.396484375
2021-11-17 18:00:55,374:INFO:Epoch 119, Training loss 108836.337890625, Validation loss 108792.052734375
2021-11-17 18:00:58,813:INFO:Epoch 120, Training loss 108836.27734375, Validation loss 108791.78515625
2021-11-17 18:01:02,245:INFO:Epoch 121, Training loss 108836.72265625, Validation loss 108792.66796875
2021-11-17 18:01:05,681:INFO:Epoch 122, Training loss 108836.10546875, Validation loss 108792.439453125
2021-11-17 18:01:09,083:INFO:Epoch 123, Training loss 108835.76171875, Validation loss 108792.271484375
2021-11-17 18:01:12,532:INFO:Epoch 124, Training loss 108835.6875, Validation loss 108791.6640625
2021-11-17 18:01:15,941:INFO:Epoch 125, Training loss 108835.685546875, Validation loss 108791.734375
2021-11-17 18:01:19,420:INFO:Epoch 126, Training loss 108835.484375, Validation loss 108791.701171875
2021-11-17 18:01:19,426:INFO:Finished training, producing training report at /data/theorie/jthoeve/ML4EFT_higgs/models/17_11/model_final_lin_cHW/mc_run_8/plots/training_report/
2021-11-17 18:01:20,238:WARNING:findfont: Font family ['sans-serif'] not found. Falling back to DejaVu Sans.
