2021-11-24 15:26:09,933:INFO:All directories created, ready to load the data
2021-11-24 15:26:09,968:INFO:Dataset loaded from /data/theorie/jthoeve/event_generation/events_high_stats/quad/cHW/events_28.npy
2021-11-24 15:26:09,972:INFO:Dataset loaded from /data/theorie/jthoeve/event_generation/events_high_stats/sm/events_28.npy
2021-11-24 15:26:13,732:INFO:Epoch 1, Training loss 184130.48828125, Validation loss 183868.42578125
2021-11-24 15:26:17,506:INFO:Epoch 2, Training loss 184130.484375, Validation loss 183868.42578125
2021-11-24 15:26:21,216:INFO:Epoch 3, Training loss 184130.48828125, Validation loss 183868.42578125
2021-11-24 15:26:25,166:INFO:Epoch 4, Training loss 184130.4921875, Validation loss 183868.42578125
2021-11-24 15:26:28,877:INFO:Epoch 5, Training loss 184130.48828125, Validation loss 183868.42578125
2021-11-24 15:26:32,604:INFO:Epoch 6, Training loss 184130.48828125, Validation loss 183868.42578125
2021-11-24 15:26:36,349:INFO:Epoch 7, Training loss 184130.48828125, Validation loss 183868.42578125
2021-11-24 15:26:40,098:INFO:Epoch 8, Training loss 184130.48828125, Validation loss 183868.42578125
2021-11-24 15:26:43,918:INFO:Epoch 9, Training loss 184130.4921875, Validation loss 183868.42578125
2021-11-24 15:26:47,628:INFO:Epoch 10, Training loss 184130.48828125, Validation loss 183868.42578125
2021-11-24 15:26:51,373:INFO:Epoch 11, Training loss 184130.484375, Validation loss 183868.42578125
2021-11-24 15:26:51,377:INFO:Detected stagant training, reset the weights
2021-11-24 15:26:55,123:INFO:Epoch 12, Training loss 164716.001953125, Validation loss 155561.849609375
2021-11-24 15:26:58,854:INFO:Epoch 13, Training loss 153092.0546875, Validation loss 150597.86328125
2021-11-24 15:27:02,564:INFO:Epoch 14, Training loss 150046.076171875, Validation loss 149449.26171875
2021-11-24 15:27:06,305:INFO:Epoch 15, Training loss 149375.916015625, Validation loss 149216.53125
2021-11-24 15:27:10,050:INFO:Epoch 16, Training loss 149152.50390625, Validation loss 148882.025390625
2021-11-24 15:27:13,794:INFO:Epoch 17, Training loss 148690.974609375, Validation loss 148194.91015625
2021-11-24 15:27:17,528:INFO:Epoch 18, Training loss 147890.486328125, Validation loss 147232.76953125
2021-11-24 15:27:21,305:INFO:Epoch 19, Training loss 146939.693359375, Validation loss 146232.66015625
2021-11-24 15:27:25,010:INFO:Epoch 20, Training loss 146000.962890625, Validation loss 145348.994140625
2021-11-24 15:27:28,796:INFO:Epoch 21, Training loss 145264.00390625, Validation loss 144736.568359375
2021-11-24 15:27:32,505:INFO:Epoch 22, Training loss 144762.90625, Validation loss 144324.69140625
2021-11-24 15:27:36,251:INFO:Epoch 23, Training loss 144427.72265625, Validation loss 144023.986328125
2021-11-24 15:27:39,964:INFO:Epoch 24, Training loss 144216.42578125, Validation loss 143840.6171875
2021-11-24 15:27:43,736:INFO:Epoch 25, Training loss 144085.291015625, Validation loss 143715.974609375
2021-11-24 15:27:47,453:INFO:Epoch 26, Training loss 144015.736328125, Validation loss 143652.388671875
2021-11-24 15:27:51,298:INFO:Epoch 27, Training loss 143971.44140625, Validation loss 143638.767578125
2021-11-24 15:27:55,018:INFO:Epoch 28, Training loss 143949.0234375, Validation loss 143608.71875
2021-11-24 15:27:58,788:INFO:Epoch 29, Training loss 143925.064453125, Validation loss 143577.66015625
2021-11-24 15:28:02,506:INFO:Epoch 30, Training loss 143912.802734375, Validation loss 143560.5078125
2021-11-24 15:28:06,241:INFO:Epoch 31, Training loss 143902.5078125, Validation loss 143560.033203125
2021-11-24 15:28:09,978:INFO:Epoch 32, Training loss 143893.6640625, Validation loss 143556.162109375
2021-11-24 15:28:13,731:INFO:Epoch 33, Training loss 143886.810546875, Validation loss 143546.771484375
2021-11-24 15:28:17,470:INFO:Epoch 34, Training loss 143881.126953125, Validation loss 143539.35546875
2021-11-24 15:28:21,213:INFO:Epoch 35, Training loss 143876.470703125, Validation loss 143539.189453125
2021-11-24 15:28:24,982:INFO:Epoch 36, Training loss 143872.728515625, Validation loss 143533.083984375
2021-11-24 15:28:28,721:INFO:Epoch 37, Training loss 143870.490234375, Validation loss 143524.75
2021-11-24 15:28:32,470:INFO:Epoch 38, Training loss 143866.521484375, Validation loss 143534.25390625
2021-11-24 15:28:36,175:INFO:Epoch 39, Training loss 143866.11328125, Validation loss 143536.634765625
2021-11-24 15:28:39,929:INFO:Epoch 40, Training loss 143861.6796875, Validation loss 143520.953125
2021-11-24 15:28:43,624:INFO:Epoch 41, Training loss 143861.7109375, Validation loss 143524.65234375
2021-11-24 15:28:47,395:INFO:Epoch 42, Training loss 143856.71875, Validation loss 143524.935546875
2021-11-24 15:28:51,131:INFO:Epoch 43, Training loss 143855.892578125, Validation loss 143525.1171875
2021-11-24 15:28:54,875:INFO:Epoch 44, Training loss 143855.236328125, Validation loss 143521.22265625
2021-11-24 15:28:58,615:INFO:Epoch 45, Training loss 143859.0546875, Validation loss 143517.529296875
2021-11-24 15:29:02,416:INFO:Epoch 46, Training loss 143860.89453125, Validation loss 143526.404296875
2021-11-24 15:29:06,155:INFO:Epoch 47, Training loss 143859.583984375, Validation loss 143520.28125
2021-11-24 15:29:09,888:INFO:Epoch 48, Training loss 143854.951171875, Validation loss 143524.12890625
2021-11-24 15:29:13,615:INFO:Epoch 49, Training loss 143855.6484375, Validation loss 143529.21484375
2021-11-24 15:29:17,372:INFO:Epoch 50, Training loss 143852.513671875, Validation loss 143516.630859375
2021-11-24 15:29:21,161:INFO:Epoch 51, Training loss 143851.259765625, Validation loss 143519.951171875
2021-11-24 15:29:24,897:INFO:Epoch 52, Training loss 143850.0546875, Validation loss 143516.994140625
2021-11-24 15:29:28,629:INFO:Epoch 53, Training loss 143847.73046875, Validation loss 143516.75390625
2021-11-24 15:29:32,403:INFO:Epoch 54, Training loss 143848.58984375, Validation loss 143516.642578125
2021-11-24 15:29:36,147:INFO:Epoch 55, Training loss 143847.6796875, Validation loss 143512.908203125
2021-11-24 15:29:39,859:INFO:Epoch 56, Training loss 143849.1640625, Validation loss 143519.72265625
2021-11-24 15:29:43,596:INFO:Epoch 57, Training loss 143847.576171875, Validation loss 143514.61328125
2021-11-24 15:29:47,353:INFO:Epoch 58, Training loss 143847.666015625, Validation loss 143516.15234375
2021-11-24 15:29:51,125:INFO:Epoch 59, Training loss 143846.669921875, Validation loss 143517.96484375
2021-11-24 15:29:54,830:INFO:Epoch 60, Training loss 143846.677734375, Validation loss 143514.650390625
2021-11-24 15:29:58,580:INFO:Epoch 61, Training loss 143846.185546875, Validation loss 143511.44921875
2021-11-24 15:30:02,276:INFO:Epoch 62, Training loss 143844.455078125, Validation loss 143524.50390625
2021-11-24 15:30:06,093:INFO:Epoch 63, Training loss 143854.947265625, Validation loss 143519.642578125
2021-11-24 15:30:09,808:INFO:Epoch 64, Training loss 143846.638671875, Validation loss 143520.05078125
2021-11-24 15:30:13,907:INFO:Epoch 65, Training loss 143847.814453125, Validation loss 143510.908203125
2021-11-24 15:30:17,703:INFO:Epoch 66, Training loss 143847.263671875, Validation loss 143512.390625
2021-11-24 15:30:21,632:INFO:Epoch 67, Training loss 143844.5625, Validation loss 143514.236328125
2021-11-24 15:30:25,475:INFO:Epoch 68, Training loss 143845.318359375, Validation loss 143509.421875
2021-11-24 15:30:29,347:INFO:Epoch 69, Training loss 143842.4765625, Validation loss 143515.01171875
2021-11-24 15:30:33,139:INFO:Epoch 70, Training loss 143842.21484375, Validation loss 143511.96484375
2021-11-24 15:30:36,941:INFO:Epoch 71, Training loss 143841.755859375, Validation loss 143511.94140625
2021-11-24 15:30:40,785:INFO:Epoch 72, Training loss 143842.166015625, Validation loss 143509.228515625
2021-11-24 15:30:44,642:INFO:Epoch 73, Training loss 143841.2421875, Validation loss 143509.8984375
2021-11-24 15:30:48,466:INFO:Epoch 74, Training loss 143840.75, Validation loss 143510.94921875
2021-11-24 15:30:52,297:INFO:Epoch 75, Training loss 143844.51953125, Validation loss 143519.763671875
2021-11-24 15:30:56,051:INFO:Epoch 76, Training loss 143844.1484375, Validation loss 143508.47265625
2021-11-24 15:30:59,763:INFO:Epoch 77, Training loss 143843.3828125, Validation loss 143511.8671875
2021-11-24 15:31:03,513:INFO:Epoch 78, Training loss 143843.083984375, Validation loss 143518.244140625
2021-11-24 15:31:07,279:INFO:Epoch 79, Training loss 143843.201171875, Validation loss 143511.955078125
2021-11-24 15:31:11,422:INFO:Epoch 80, Training loss 143843.591796875, Validation loss 143523.818359375
2021-11-24 15:31:15,193:INFO:Epoch 81, Training loss 143844.431640625, Validation loss 143518.068359375
2021-11-24 15:31:18,954:INFO:Epoch 82, Training loss 143846.15234375, Validation loss 143516.177734375
2021-11-24 15:31:22,707:INFO:Epoch 83, Training loss 143839.63671875, Validation loss 143507.08984375
2021-11-24 15:31:26,507:INFO:Epoch 84, Training loss 143839.029296875, Validation loss 143512.83203125
2021-11-24 15:31:30,216:INFO:Epoch 85, Training loss 143836.802734375, Validation loss 143506.064453125
2021-11-24 15:31:34,004:INFO:Epoch 86, Training loss 143838.568359375, Validation loss 143508.392578125
2021-11-24 15:31:37,945:INFO:Epoch 87, Training loss 143838.49609375, Validation loss 143515.90234375
2021-11-24 15:31:41,732:INFO:Epoch 88, Training loss 143837.6484375, Validation loss 143511.572265625
2021-11-24 15:31:45,458:INFO:Epoch 89, Training loss 143844.8125, Validation loss 143506.96875
2021-11-24 15:31:49,230:INFO:Epoch 90, Training loss 143842.640625, Validation loss 143513.060546875
2021-11-24 15:31:52,991:INFO:Epoch 91, Training loss 143842.5234375, Validation loss 143523.87109375
2021-11-24 15:31:56,767:INFO:Epoch 92, Training loss 143841.44140625, Validation loss 143503.859375
2021-11-24 15:32:00,493:INFO:Epoch 93, Training loss 143837.41015625, Validation loss 143506.904296875
2021-11-24 15:32:04,296:INFO:Epoch 94, Training loss 143835.37109375, Validation loss 143514.251953125
2021-11-24 15:32:08,039:INFO:Epoch 95, Training loss 143837.017578125, Validation loss 143509.369140625
2021-11-24 15:32:11,790:INFO:Epoch 96, Training loss 143838.333984375, Validation loss 143509.72265625
2021-11-24 15:32:15,543:INFO:Epoch 97, Training loss 143839.76953125, Validation loss 143508.2734375
2021-11-24 15:32:19,264:INFO:Epoch 98, Training loss 143836.251953125, Validation loss 143506.2109375
2021-11-24 15:32:23,109:INFO:Epoch 99, Training loss 143835.236328125, Validation loss 143505.9765625
2021-11-24 15:32:26,868:INFO:Epoch 100, Training loss 143834.7265625, Validation loss 143506.548828125
2021-11-24 15:32:30,617:INFO:Epoch 101, Training loss 143834.65625, Validation loss 143506.228515625
2021-11-24 15:32:34,339:INFO:Epoch 102, Training loss 143834.111328125, Validation loss 143510.3671875
2021-11-24 15:32:38,099:INFO:Epoch 103, Training loss 143835.158203125, Validation loss 143508.26953125
2021-11-24 15:32:41,807:INFO:Epoch 104, Training loss 143837.666015625, Validation loss 143508.517578125
2021-11-24 15:32:45,585:INFO:Epoch 105, Training loss 143834.1875, Validation loss 143508.908203125
2021-11-24 15:32:49,310:INFO:Epoch 106, Training loss 143837.150390625, Validation loss 143513.2578125
2021-11-24 15:32:53,082:INFO:Epoch 107, Training loss 143835.208984375, Validation loss 143507.259765625
2021-11-24 15:32:56,856:INFO:Epoch 108, Training loss 143833.763671875, Validation loss 143512.060546875
2021-11-24 15:33:00,625:INFO:Epoch 109, Training loss 143834.603515625, Validation loss 143506.453125
2021-11-24 15:33:04,354:INFO:Epoch 110, Training loss 143838.814453125, Validation loss 143503.353515625
2021-11-24 15:33:08,106:INFO:Epoch 111, Training loss 143837.11328125, Validation loss 143515.28125
2021-11-24 15:33:11,839:INFO:Epoch 112, Training loss 143835.708984375, Validation loss 143504.97265625
2021-11-24 15:33:15,604:INFO:Epoch 113, Training loss 143836.087890625, Validation loss 143515.673828125
2021-11-24 15:33:19,332:INFO:Epoch 114, Training loss 143836.953125, Validation loss 143508.306640625
2021-11-24 15:33:23,071:INFO:Epoch 115, Training loss 143832.94140625, Validation loss 143509.408203125
2021-11-24 15:33:26,820:INFO:Epoch 116, Training loss 143834.453125, Validation loss 143509.89453125
2021-11-24 15:33:30,613:INFO:Epoch 117, Training loss 143831.1484375, Validation loss 143506.521484375
2021-11-24 15:33:34,373:INFO:Epoch 118, Training loss 143831.62890625, Validation loss 143505.857421875
2021-11-24 15:33:38,086:INFO:Epoch 119, Training loss 143831.65625, Validation loss 143505.94140625
2021-11-24 15:33:41,839:INFO:Epoch 120, Training loss 143832.8125, Validation loss 143508.630859375
2021-11-24 15:33:45,618:INFO:Epoch 121, Training loss 143833.693359375, Validation loss 143507.908203125
2021-11-24 15:33:49,372:INFO:Epoch 122, Training loss 143833.658203125, Validation loss 143506.203125
2021-11-24 15:33:53,074:INFO:Epoch 123, Training loss 143834.3984375, Validation loss 143508.71484375
2021-11-24 15:33:56,833:INFO:Epoch 124, Training loss 143832.169921875, Validation loss 143507.74609375
2021-11-24 15:34:00,532:INFO:Epoch 125, Training loss 143833.984375, Validation loss 143512.9921875
2021-11-24 15:34:04,716:INFO:Epoch 126, Training loss 143834.103515625, Validation loss 143507.3671875
2021-11-24 15:34:08,441:INFO:Epoch 127, Training loss 143830.7421875, Validation loss 143512.5703125
2021-11-24 15:34:12,184:INFO:Epoch 128, Training loss 143833.556640625, Validation loss 143507.498046875
2021-11-24 15:34:15,903:INFO:Epoch 129, Training loss 143830.44921875, Validation loss 143510.755859375
2021-11-24 15:34:19,685:INFO:Epoch 130, Training loss 143828.91796875, Validation loss 143503.794921875
2021-11-24 15:34:23,411:INFO:Epoch 131, Training loss 143829.740234375, Validation loss 143503.607421875
2021-11-24 15:34:27,150:INFO:Epoch 132, Training loss 143831.2109375, Validation loss 143501.66015625
2021-11-24 15:34:30,880:INFO:Epoch 133, Training loss 143830.359375, Validation loss 143513.61328125
2021-11-24 15:34:34,656:INFO:Epoch 134, Training loss 143829.47265625, Validation loss 143503.55859375
2021-11-24 15:34:38,425:INFO:Epoch 135, Training loss 143830.197265625, Validation loss 143507.837890625
2021-11-24 15:34:42,156:INFO:Epoch 136, Training loss 143834.513671875, Validation loss 143505.19140625
2021-11-24 15:34:45,956:INFO:Epoch 137, Training loss 143838.046875, Validation loss 143514.65625
2021-11-24 15:34:49,710:INFO:Epoch 138, Training loss 143839.943359375, Validation loss 143520.740234375
2021-11-24 15:34:53,448:INFO:Epoch 139, Training loss 143836.880859375, Validation loss 143502.494140625
2021-11-24 15:34:57,323:INFO:Epoch 140, Training loss 143830.595703125, Validation loss 143506.421875
2021-11-24 15:35:01,082:INFO:Epoch 141, Training loss 143829.05859375, Validation loss 143510.1328125
2021-11-24 15:35:04,843:INFO:Epoch 142, Training loss 143827.9375, Validation loss 143503.46875
2021-11-24 15:35:08,591:INFO:Epoch 143, Training loss 143827.984375, Validation loss 143503.755859375
2021-11-24 15:35:12,344:INFO:Epoch 144, Training loss 143829.001953125, Validation loss 143505.08203125
2021-11-24 15:35:16,208:INFO:Epoch 145, Training loss 143829.169921875, Validation loss 143509.03125
2021-11-24 15:35:19,952:INFO:Epoch 146, Training loss 143830.47265625, Validation loss 143503.537109375
2021-11-24 15:35:23,767:INFO:Epoch 147, Training loss 143830.142578125, Validation loss 143512.765625
2021-11-24 15:35:27,502:INFO:Epoch 148, Training loss 143830.54296875, Validation loss 143511.400390625
2021-11-24 15:35:31,282:INFO:Epoch 149, Training loss 143828.693359375, Validation loss 143504.345703125
2021-11-24 15:35:35,261:INFO:Epoch 150, Training loss 143828.552734375, Validation loss 143516.875
2021-11-24 15:35:39,049:INFO:Epoch 151, Training loss 143829.5390625, Validation loss 143502.16015625
2021-11-24 15:35:42,810:INFO:Epoch 152, Training loss 143828.701171875, Validation loss 143509.58203125
2021-11-24 15:35:46,604:INFO:Epoch 153, Training loss 143829.47265625, Validation loss 143507.130859375
2021-11-24 15:35:50,404:INFO:Epoch 154, Training loss 143830.984375, Validation loss 143507.37109375
2021-11-24 15:35:54,260:INFO:Epoch 155, Training loss 143830.47265625, Validation loss 143500.89453125
2021-11-24 15:35:58,071:INFO:Epoch 156, Training loss 143826.369140625, Validation loss 143507.701171875
2021-11-24 15:36:01,900:INFO:Epoch 157, Training loss 143826.8046875, Validation loss 143505.822265625
2021-11-24 15:36:05,697:INFO:Epoch 158, Training loss 143830.7109375, Validation loss 143514.16015625
2021-11-24 15:36:09,480:INFO:Epoch 159, Training loss 143829.314453125, Validation loss 143505.93359375
2021-11-24 15:36:13,598:INFO:Epoch 160, Training loss 143830.4921875, Validation loss 143510.669921875
2021-11-24 15:36:17,351:INFO:Epoch 161, Training loss 143834.8984375, Validation loss 143500.970703125
2021-11-24 15:36:21,137:INFO:Epoch 162, Training loss 143828.55859375, Validation loss 143514.40625
2021-11-24 15:36:24,892:INFO:Epoch 163, Training loss 143828.435546875, Validation loss 143509.40234375
2021-11-24 15:36:28,650:INFO:Epoch 164, Training loss 143830.923828125, Validation loss 143504.130859375
2021-11-24 15:36:32,370:INFO:Epoch 165, Training loss 143829.234375, Validation loss 143507.740234375
2021-11-24 15:36:36,130:INFO:Epoch 166, Training loss 143836.1484375, Validation loss 143521.162109375
2021-11-24 15:36:39,846:INFO:Epoch 167, Training loss 143831.50390625, Validation loss 143510.6640625
2021-11-24 15:36:43,684:INFO:Epoch 168, Training loss 143833.509765625, Validation loss 143504.533203125
2021-11-24 15:36:47,519:INFO:Epoch 169, Training loss 143830.849609375, Validation loss 143520.81640625
2021-11-24 15:36:51,369:INFO:Epoch 170, Training loss 143837.80859375, Validation loss 143505.025390625
2021-11-24 15:36:55,235:INFO:Epoch 171, Training loss 143836.107421875, Validation loss 143509.126953125
2021-11-24 15:36:59,030:INFO:Epoch 172, Training loss 143838.375, Validation loss 143526.748046875
2021-11-24 15:37:02,780:INFO:Epoch 173, Training loss 143830.865234375, Validation loss 143506.05859375
2021-11-24 15:37:06,549:INFO:Epoch 174, Training loss 143828.89453125, Validation loss 143511.193359375
2021-11-24 15:37:10,302:INFO:Epoch 175, Training loss 143827.263671875, Validation loss 143506.623046875
2021-11-24 15:37:14,095:INFO:Epoch 176, Training loss 143831.796875, Validation loss 143506.16015625
2021-11-24 15:37:17,892:INFO:Epoch 177, Training loss 143840.40625, Validation loss 143522.1484375
2021-11-24 15:37:21,636:INFO:Epoch 178, Training loss 143845.32421875, Validation loss 143515.56640625
2021-11-24 15:37:25,377:INFO:Epoch 179, Training loss 143834.87890625, Validation loss 143527.6484375
2021-11-24 15:37:29,192:INFO:Epoch 180, Training loss 143832.966796875, Validation loss 143514.041015625
2021-11-24 15:37:32,933:INFO:Epoch 181, Training loss 143827.59375, Validation loss 143510.625
2021-11-24 15:37:36,674:INFO:Epoch 182, Training loss 143827.224609375, Validation loss 143504.5703125
2021-11-24 15:37:40,430:INFO:Epoch 183, Training loss 143823.923828125, Validation loss 143504.15234375
2021-11-24 15:37:44,190:INFO:Epoch 184, Training loss 143825.119140625, Validation loss 143505.8046875
2021-11-24 15:37:47,973:INFO:Epoch 185, Training loss 143826.03515625, Validation loss 143514.919921875
2021-11-24 15:37:51,703:INFO:Epoch 186, Training loss 143830.658203125, Validation loss 143500.369140625
2021-11-24 15:37:55,494:INFO:Epoch 187, Training loss 143826.515625, Validation loss 143507.97265625
2021-11-24 15:37:59,212:INFO:Epoch 188, Training loss 143828.228515625, Validation loss 143506.9765625
2021-11-24 15:38:03,053:INFO:Epoch 189, Training loss 143826.470703125, Validation loss 143508.1640625
2021-11-24 15:38:06,793:INFO:Epoch 190, Training loss 143828.689453125, Validation loss 143529.556640625
2021-11-24 15:38:10,552:INFO:Epoch 191, Training loss 143832.63671875, Validation loss 143511.34375
2021-11-24 15:38:14,279:INFO:Epoch 192, Training loss 143827.58203125, Validation loss 143503.673828125
2021-11-24 15:38:18,076:INFO:Epoch 193, Training loss 143825.48046875, Validation loss 143505.15234375
2021-11-24 15:38:21,805:INFO:Epoch 194, Training loss 143824.501953125, Validation loss 143510.20703125
2021-11-24 15:38:25,556:INFO:Epoch 195, Training loss 143822.734375, Validation loss 143502.470703125
2021-11-24 15:38:29,305:INFO:Epoch 196, Training loss 143826.216796875, Validation loss 143500.685546875
2021-11-24 15:38:33,080:INFO:Epoch 197, Training loss 143823.083984375, Validation loss 143513.986328125
2021-11-24 15:38:36,846:INFO:Epoch 198, Training loss 143824.41796875, Validation loss 143507.6640625
2021-11-24 15:38:40,698:INFO:Epoch 199, Training loss 143824.490234375, Validation loss 143510.390625
2021-11-24 15:38:44,446:INFO:Epoch 200, Training loss 143825.029296875, Validation loss 143506.015625
2021-11-24 15:38:48,248:INFO:Epoch 201, Training loss 143824.037109375, Validation loss 143509.6171875
2021-11-24 15:38:52,005:INFO:Epoch 202, Training loss 143823.171875, Validation loss 143499.259765625
2021-11-24 15:38:55,754:INFO:Epoch 203, Training loss 143828.3828125, Validation loss 143509.953125
2021-11-24 15:38:59,505:INFO:Epoch 204, Training loss 143825.78515625, Validation loss 143512.28515625
2021-11-24 15:39:03,273:INFO:Epoch 205, Training loss 143829.380859375, Validation loss 143515.580078125
2021-11-24 15:39:07,049:INFO:Epoch 206, Training loss 143830.103515625, Validation loss 143512.990234375
2021-11-24 15:39:10,822:INFO:Epoch 207, Training loss 143829.455078125, Validation loss 143503.576171875
2021-11-24 15:39:14,790:INFO:Epoch 208, Training loss 143832.39453125, Validation loss 143510.140625
2021-11-24 15:39:18,537:INFO:Epoch 209, Training loss 143832.630859375, Validation loss 143522.158203125
2021-11-24 15:39:22,337:INFO:Epoch 210, Training loss 143832.150390625, Validation loss 143505.193359375
2021-11-24 15:39:26,064:INFO:Epoch 211, Training loss 143831.822265625, Validation loss 143508.73046875
2021-11-24 15:39:29,826:INFO:Epoch 212, Training loss 143824.466796875, Validation loss 143508.208984375
2021-11-24 15:39:33,551:INFO:Epoch 213, Training loss 143824.90625, Validation loss 143506.298828125
2021-11-24 15:39:37,334:INFO:Epoch 214, Training loss 143827.666015625, Validation loss 143512.162109375
2021-11-24 15:39:41,075:INFO:Epoch 215, Training loss 143825.3515625, Validation loss 143506.349609375
2021-11-24 15:39:44,882:INFO:Epoch 216, Training loss 143833.328125, Validation loss 143509.158203125
2021-11-24 15:39:48,638:INFO:Epoch 217, Training loss 143822.458984375, Validation loss 143505.666015625
2021-11-24 15:39:52,416:INFO:Epoch 218, Training loss 143826.904296875, Validation loss 143502.861328125
2021-11-24 15:39:56,156:INFO:Epoch 219, Training loss 143825.09375, Validation loss 143517.62109375
2021-11-24 15:39:59,894:INFO:Epoch 220, Training loss 143824.107421875, Validation loss 143503.154296875
2021-11-24 15:40:03,645:INFO:Epoch 221, Training loss 143824.0859375, Validation loss 143503.671875
2021-11-24 15:40:07,406:INFO:Epoch 222, Training loss 143821.833984375, Validation loss 143505.23828125
2021-11-24 15:40:11,169:INFO:Epoch 223, Training loss 143822.287109375, Validation loss 143507.478515625
2021-11-24 15:40:14,894:INFO:Epoch 224, Training loss 143824.32421875, Validation loss 143506.107421875
2021-11-24 15:40:18,717:INFO:Epoch 225, Training loss 143821.015625, Validation loss 143504.330078125
2021-11-24 15:40:22,600:INFO:Epoch 226, Training loss 143822.05078125, Validation loss 143502.255859375
2021-11-24 15:40:26,356:INFO:Epoch 227, Training loss 143821.01953125, Validation loss 143506.265625
2021-11-24 15:40:30,079:INFO:Epoch 228, Training loss 143821.263671875, Validation loss 143503.798828125
2021-11-24 15:40:33,840:INFO:Epoch 229, Training loss 143820.91796875, Validation loss 143503.794921875
2021-11-24 15:40:37,555:INFO:Epoch 230, Training loss 143822.646484375, Validation loss 143517.119140625
2021-11-24 15:40:41,359:INFO:Epoch 231, Training loss 143823.556640625, Validation loss 143504.048828125
2021-11-24 15:40:45,106:INFO:Epoch 232, Training loss 143822.689453125, Validation loss 143505.15234375
2021-11-24 15:40:48,885:INFO:Epoch 233, Training loss 143820.98046875, Validation loss 143508.833984375
2021-11-24 15:40:52,657:INFO:Epoch 234, Training loss 143821.158203125, Validation loss 143503.53515625
2021-11-24 15:40:56,635:INFO:Epoch 235, Training loss 143826.033203125, Validation loss 143499.810546875
2021-11-24 15:41:00,360:INFO:Epoch 236, Training loss 143819.64453125, Validation loss 143517.865234375
2021-11-24 15:41:04,120:INFO:Epoch 237, Training loss 143821.6484375, Validation loss 143510.333984375
2021-11-24 15:41:07,861:INFO:Epoch 238, Training loss 143822.55859375, Validation loss 143501.880859375
2021-11-24 15:41:11,633:INFO:Epoch 239, Training loss 143822.1875, Validation loss 143510.390625
2021-11-24 15:41:15,375:INFO:Epoch 240, Training loss 143821.220703125, Validation loss 143505.521484375
2021-11-24 15:41:19,144:INFO:Epoch 241, Training loss 143822.798828125, Validation loss 143505.24609375
2021-11-24 15:41:22,909:INFO:Epoch 242, Training loss 143822.658203125, Validation loss 143511.08203125
2021-11-24 15:41:26,692:INFO:Epoch 243, Training loss 143830.5703125, Validation loss 143514.40234375
2021-11-24 15:41:30,565:INFO:Epoch 244, Training loss 143825.833984375, Validation loss 143508.31640625
2021-11-24 15:41:34,290:INFO:Epoch 245, Training loss 143821.96484375, Validation loss 143506.857421875
2021-11-24 15:41:38,051:INFO:Epoch 246, Training loss 143821.431640625, Validation loss 143505.8671875
2021-11-24 15:41:41,815:INFO:Epoch 247, Training loss 143820.298828125, Validation loss 143506.544921875
2021-11-24 15:41:45,584:INFO:Epoch 248, Training loss 143821.015625, Validation loss 143510.375
2021-11-24 15:41:49,329:INFO:Epoch 249, Training loss 143823.419921875, Validation loss 143510.408203125
2021-11-24 15:41:53,108:INFO:Epoch 250, Training loss 143819.9921875, Validation loss 143505.1484375
2021-11-24 15:41:56,850:INFO:Epoch 251, Training loss 143822.2578125, Validation loss 143511.037109375
2021-11-24 15:42:00,733:INFO:Epoch 252, Training loss 143818.736328125, Validation loss 143503.490234375
2021-11-24 15:42:01,018:INFO:Finished training, producing training report at /data/theorie/jthoeve/ML4EFT_higgs/models/24_11/model_quad_cHW/mc_run_28/plots/training_report/
2021-11-24 15:42:01,451:WARNING:findfont: Font family ['sans-serif'] not found. Falling back to DejaVu Sans.
