2022-01-24 14:05:53,640:INFO:All directories created, ready to load the data
2022-01-24 14:05:53,727:INFO:Dataset loaded from /data/theorie/jthoeve/event_generation/events_high_stats/pT/lin/cHW/events_12.npy
2022-01-24 14:05:53,751:INFO:Dataset loaded from /data/theorie/jthoeve/event_generation/events_high_stats/pT/sm/events_12.npy
2022-01-24 14:05:56,178:INFO:Epoch 1, Training loss 208039.27734375, Validation loss 208039.27734375
2022-01-24 14:05:58,545:INFO:Epoch 2, Training loss 208039.27734375, Validation loss 208039.27734375
2022-01-24 14:06:00,892:INFO:Epoch 3, Training loss 208039.27734375, Validation loss 208039.27734375
2022-01-24 14:06:03,276:INFO:Epoch 4, Training loss 208039.27734375, Validation loss 208039.27734375
2022-01-24 14:06:05,630:INFO:Epoch 5, Training loss 208039.27734375, Validation loss 208039.27734375
2022-01-24 14:06:07,991:INFO:Epoch 6, Training loss 208039.27734375, Validation loss 208039.27734375
2022-01-24 14:06:10,351:INFO:Epoch 7, Training loss 208039.27734375, Validation loss 208039.27734375
2022-01-24 14:06:12,726:INFO:Epoch 8, Training loss 208039.27734375, Validation loss 208039.27734375
2022-01-24 14:06:15,095:INFO:Epoch 9, Training loss 208039.27734375, Validation loss 208039.27734375
2022-01-24 14:06:17,437:INFO:Epoch 10, Training loss 208039.27734375, Validation loss 208039.27734375
2022-01-24 14:06:19,810:INFO:Epoch 11, Training loss 208039.27734375, Validation loss 208039.27734375
2022-01-24 14:06:19,813:INFO:Detected stagant training, reset the weights
2022-01-24 14:06:22,184:INFO:Epoch 12, Training loss 208039.27734375, Validation loss 208039.27734375
2022-01-24 14:06:22,187:INFO:Detected stagant training, reset the weights
2022-01-24 14:06:24,556:INFO:Epoch 13, Training loss 154541.30078125, Validation loss 145367.19921875
2022-01-24 14:06:26,886:INFO:Epoch 14, Training loss 139555.5234375, Validation loss 131547.123046875
2022-01-24 14:06:29,262:INFO:Epoch 15, Training loss 127310.8671875, Validation loss 121488.36328125
2022-01-24 14:06:31,608:INFO:Epoch 16, Training loss 118405.873046875, Validation loss 114236.865234375
2022-01-24 14:06:34,014:INFO:Epoch 17, Training loss 112479.8515625, Validation loss 110269.244140625
2022-01-24 14:06:36,364:INFO:Epoch 18, Training loss 109800.458984375, Validation loss 109356.068359375
2022-01-24 14:06:38,736:INFO:Epoch 19, Training loss 109676.828125, Validation loss 109812.8046875
2022-01-24 14:06:41,092:INFO:Epoch 20, Training loss 109943.267578125, Validation loss 109712.755859375
2022-01-24 14:06:43,510:INFO:Epoch 21, Training loss 109693.603515625, Validation loss 109387.0859375
2022-01-24 14:06:45,862:INFO:Epoch 22, Training loss 109414.00390625, Validation loss 109220.107421875
2022-01-24 14:06:48,224:INFO:Epoch 23, Training loss 109301.232421875, Validation loss 109185.322265625
2022-01-24 14:06:50,583:INFO:Epoch 24, Training loss 109276.8828125, Validation loss 109176.896484375
2022-01-24 14:06:52,974:INFO:Epoch 25, Training loss 109260.388671875, Validation loss 109150.392578125
2022-01-24 14:06:55,337:INFO:Epoch 26, Training loss 109225.169921875, Validation loss 109108.32421875
2022-01-24 14:06:57,696:INFO:Epoch 27, Training loss 109187.162109375, Validation loss 109076.33203125
2022-01-24 14:07:00,105:INFO:Epoch 28, Training loss 109159.16015625, Validation loss 109049.4609375
2022-01-24 14:07:02,491:INFO:Epoch 29, Training loss 109128.83203125, Validation loss 109018.978515625
2022-01-24 14:07:04,864:INFO:Epoch 30, Training loss 109093.88671875, Validation loss 108987.279296875
2022-01-24 14:07:07,213:INFO:Epoch 31, Training loss 109058.548828125, Validation loss 108954.404296875
2022-01-24 14:07:09,589:INFO:Epoch 32, Training loss 109023.462890625, Validation loss 108916.703125
2022-01-24 14:07:11,962:INFO:Epoch 33, Training loss 108985.3515625, Validation loss 108878.23046875
2022-01-24 14:07:14,338:INFO:Epoch 34, Training loss 108947.99609375, Validation loss 108840.525390625
2022-01-24 14:07:16,677:INFO:Epoch 35, Training loss 108909.349609375, Validation loss 108800.65625
2022-01-24 14:07:19,068:INFO:Epoch 36, Training loss 108869.521484375, Validation loss 108762.18359375
2022-01-24 14:07:21,406:INFO:Epoch 37, Training loss 108830.041015625, Validation loss 108720.912109375
2022-01-24 14:07:23,819:INFO:Epoch 38, Training loss 108791.671875, Validation loss 108688.130859375
2022-01-24 14:07:26,160:INFO:Epoch 39, Training loss 108759.52734375, Validation loss 108659.103515625
2022-01-24 14:07:28,537:INFO:Epoch 40, Training loss 108725.6796875, Validation loss 108622.79296875
2022-01-24 14:07:30,892:INFO:Epoch 41, Training loss 108691.962890625, Validation loss 108592.509765625
2022-01-24 14:07:33,294:INFO:Epoch 42, Training loss 108665.515625, Validation loss 108566.658203125
2022-01-24 14:07:35,653:INFO:Epoch 43, Training loss 108643.591796875, Validation loss 108547.810546875
2022-01-24 14:07:38,023:INFO:Epoch 44, Training loss 108629.69140625, Validation loss 108538.962890625
2022-01-24 14:07:40,382:INFO:Epoch 45, Training loss 108616.26171875, Validation loss 108526.189453125
2022-01-24 14:07:42,777:INFO:Epoch 46, Training loss 108607.994140625, Validation loss 108520.12109375
2022-01-24 14:07:45,140:INFO:Epoch 47, Training loss 108599.095703125, Validation loss 108517.634765625
2022-01-24 14:07:47,510:INFO:Epoch 48, Training loss 108594.044921875, Validation loss 108511.830078125
2022-01-24 14:07:49,881:INFO:Epoch 49, Training loss 108589.16015625, Validation loss 108504.806640625
2022-01-24 14:07:52,264:INFO:Epoch 50, Training loss 108586.251953125, Validation loss 108505.455078125
2022-01-24 14:07:54,642:INFO:Epoch 51, Training loss 108584.0390625, Validation loss 108505.48828125
2022-01-24 14:07:56,992:INFO:Epoch 52, Training loss 108581.005859375, Validation loss 108497.828125
2022-01-24 14:07:59,374:INFO:Epoch 53, Training loss 108578.677734375, Validation loss 108499.05859375
2022-01-24 14:08:01,750:INFO:Epoch 54, Training loss 108575.9296875, Validation loss 108498.875
2022-01-24 14:08:04,127:INFO:Epoch 55, Training loss 108574.03125, Validation loss 108496.5
2022-01-24 14:08:06,471:INFO:Epoch 56, Training loss 108572.13671875, Validation loss 108492.041015625
2022-01-24 14:08:08,863:INFO:Epoch 57, Training loss 108570.53125, Validation loss 108495.94140625
2022-01-24 14:08:11,210:INFO:Epoch 58, Training loss 108569.51171875, Validation loss 108491.134765625
2022-01-24 14:08:13,622:INFO:Epoch 59, Training loss 108565.923828125, Validation loss 108492.857421875
2022-01-24 14:08:15,974:INFO:Epoch 60, Training loss 108564.798828125, Validation loss 108490.41015625
2022-01-24 14:08:18,349:INFO:Epoch 61, Training loss 108563.783203125, Validation loss 108486.73046875
2022-01-24 14:08:20,708:INFO:Epoch 62, Training loss 108562.443359375, Validation loss 108489.02734375
2022-01-24 14:08:23,113:INFO:Epoch 63, Training loss 108561.125, Validation loss 108486.865234375
2022-01-24 14:08:25,464:INFO:Epoch 64, Training loss 108559.654296875, Validation loss 108485.53125
2022-01-24 14:08:27,837:INFO:Epoch 65, Training loss 108560.578125, Validation loss 108485.31640625
2022-01-24 14:08:30,206:INFO:Epoch 66, Training loss 108559.498046875, Validation loss 108489.8046875
2022-01-24 14:08:32,605:INFO:Epoch 67, Training loss 108557.01171875, Validation loss 108481.291015625
2022-01-24 14:08:34,969:INFO:Epoch 68, Training loss 108557.07421875, Validation loss 108485.38671875
2022-01-24 14:08:37,334:INFO:Epoch 69, Training loss 108553.275390625, Validation loss 108484.25390625
2022-01-24 14:08:39,709:INFO:Epoch 70, Training loss 108553.263671875, Validation loss 108483.4375
2022-01-24 14:08:42,096:INFO:Epoch 71, Training loss 108551.5625, Validation loss 108482.046875
2022-01-24 14:08:44,470:INFO:Epoch 72, Training loss 108551.07421875, Validation loss 108482.263671875
2022-01-24 14:08:46,821:INFO:Epoch 73, Training loss 108550.7265625, Validation loss 108483.4140625
2022-01-24 14:08:49,207:INFO:Epoch 74, Training loss 108549.412109375, Validation loss 108482.88671875
2022-01-24 14:08:51,589:INFO:Epoch 75, Training loss 108549.662109375, Validation loss 108481.1015625
2022-01-24 14:08:53,971:INFO:Epoch 76, Training loss 108551.8125, Validation loss 108478.34375
2022-01-24 14:08:56,312:INFO:Epoch 77, Training loss 108548.57421875, Validation loss 108486.025390625
2022-01-24 14:08:58,697:INFO:Epoch 78, Training loss 108547.19921875, Validation loss 108482.50390625
2022-01-24 14:09:01,042:INFO:Epoch 79, Training loss 108545.849609375, Validation loss 108478.291015625
2022-01-24 14:09:03,458:INFO:Epoch 80, Training loss 108545.9375, Validation loss 108478.783203125
2022-01-24 14:09:05,807:INFO:Epoch 81, Training loss 108544.73046875, Validation loss 108482.45703125
2022-01-24 14:09:08,187:INFO:Epoch 82, Training loss 108544.875, Validation loss 108479.6875
2022-01-24 14:09:10,543:INFO:Epoch 83, Training loss 108546.17578125, Validation loss 108480.310546875
2022-01-24 14:09:12,948:INFO:Epoch 84, Training loss 108546.046875, Validation loss 108484.849609375
2022-01-24 14:09:15,305:INFO:Epoch 85, Training loss 108543.689453125, Validation loss 108478.95703125
2022-01-24 14:09:17,672:INFO:Epoch 86, Training loss 108544.27734375, Validation loss 108478.87890625
2022-01-24 14:09:20,033:INFO:Epoch 87, Training loss 108543.05859375, Validation loss 108482.6875
2022-01-24 14:09:22,426:INFO:Epoch 88, Training loss 108543.51171875, Validation loss 108482.0859375
2022-01-24 14:09:24,791:INFO:Epoch 89, Training loss 108543.12890625, Validation loss 108477.634765625
2022-01-24 14:09:27,171:INFO:Epoch 90, Training loss 108543.3984375, Validation loss 108481.40234375
2022-01-24 14:09:29,593:INFO:Epoch 91, Training loss 108542.80859375, Validation loss 108478.375
2022-01-24 14:09:32,080:INFO:Epoch 92, Training loss 108540.625, Validation loss 108483.337890625
2022-01-24 14:09:34,551:INFO:Epoch 93, Training loss 108539.169921875, Validation loss 108479.38671875
2022-01-24 14:09:37,005:INFO:Epoch 94, Training loss 108540.5234375, Validation loss 108478.494140625
2022-01-24 14:09:39,490:INFO:Epoch 95, Training loss 108541.611328125, Validation loss 108485.21484375
2022-01-24 14:09:41,962:INFO:Epoch 96, Training loss 108538.373046875, Validation loss 108480.267578125
2022-01-24 14:09:44,436:INFO:Epoch 97, Training loss 108539.634765625, Validation loss 108476.52734375
2022-01-24 14:09:46,863:INFO:Epoch 98, Training loss 108538.013671875, Validation loss 108480.9296875
2022-01-24 14:09:49,348:INFO:Epoch 99, Training loss 108537.615234375, Validation loss 108481.779296875
2022-01-24 14:09:51,784:INFO:Epoch 100, Training loss 108539.1171875, Validation loss 108477.021484375
2022-01-24 14:09:54,281:INFO:Epoch 101, Training loss 108537.322265625, Validation loss 108482.197265625
2022-01-24 14:09:56,706:INFO:Epoch 102, Training loss 108535.953125, Validation loss 108480.0078125
2022-01-24 14:09:59,175:INFO:Epoch 103, Training loss 108535.703125, Validation loss 108478.384765625
2022-01-24 14:10:01,616:INFO:Epoch 104, Training loss 108535.75390625, Validation loss 108478.2109375
2022-01-24 14:10:04,110:INFO:Epoch 105, Training loss 108535.591796875, Validation loss 108481.966796875
2022-01-24 14:10:06,563:INFO:Epoch 106, Training loss 108534.931640625, Validation loss 108479.888671875
2022-01-24 14:10:09,026:INFO:Epoch 107, Training loss 108534.083984375, Validation loss 108477.05859375
2022-01-24 14:10:11,481:INFO:Epoch 108, Training loss 108534.763671875, Validation loss 108479.19140625
2022-01-24 14:10:13,970:INFO:Epoch 109, Training loss 108534.9140625, Validation loss 108481.9140625
2022-01-24 14:10:16,433:INFO:Epoch 110, Training loss 108533.40625, Validation loss 108478.154296875
2022-01-24 14:10:18,897:INFO:Epoch 111, Training loss 108533.7890625, Validation loss 108478.787109375
2022-01-24 14:10:21,367:INFO:Epoch 112, Training loss 108533.140625, Validation loss 108479.181640625
2022-01-24 14:10:23,845:INFO:Epoch 113, Training loss 108532.787109375, Validation loss 108479.513671875
2022-01-24 14:10:26,307:INFO:Epoch 114, Training loss 108534.966796875, Validation loss 108481.669921875
2022-01-24 14:10:28,802:INFO:Epoch 115, Training loss 108537.306640625, Validation loss 108475.953125
2022-01-24 14:10:31,264:INFO:Epoch 116, Training loss 108534.2890625, Validation loss 108483.869140625
2022-01-24 14:10:33,738:INFO:Epoch 117, Training loss 108535.78515625, Validation loss 108477.04296875
2022-01-24 14:10:36,208:INFO:Epoch 118, Training loss 108531.69921875, Validation loss 108479.93359375
2022-01-24 14:10:38,633:INFO:Epoch 119, Training loss 108532.55859375, Validation loss 108479.3515625
2022-01-24 14:10:41,113:INFO:Epoch 120, Training loss 108532.361328125, Validation loss 108481.890625
2022-01-24 14:10:43,562:INFO:Epoch 121, Training loss 108531.1875, Validation loss 108478.5390625
2022-01-24 14:10:46,067:INFO:Epoch 122, Training loss 108531.68359375, Validation loss 108478.2734375
2022-01-24 14:10:48,498:INFO:Epoch 123, Training loss 108530.615234375, Validation loss 108478.21875
2022-01-24 14:10:50,966:INFO:Epoch 124, Training loss 108531.55859375, Validation loss 108480.078125
2022-01-24 14:10:53,412:INFO:Epoch 125, Training loss 108531.7265625, Validation loss 108479.625
2022-01-24 14:10:55,905:INFO:Epoch 126, Training loss 108529.59375, Validation loss 108478.048828125
2022-01-24 14:10:58,358:INFO:Epoch 127, Training loss 108531.046875, Validation loss 108480.455078125
2022-01-24 14:11:00,819:INFO:Epoch 128, Training loss 108530.796875, Validation loss 108481.6953125
2022-01-24 14:11:03,274:INFO:Epoch 129, Training loss 108528.802734375, Validation loss 108480.146484375
2022-01-24 14:11:05,766:INFO:Epoch 130, Training loss 108530.21875, Validation loss 108479.13671875
2022-01-24 14:11:08,233:INFO:Epoch 131, Training loss 108529.349609375, Validation loss 108479.736328125
2022-01-24 14:11:10,682:INFO:Epoch 132, Training loss 108528.857421875, Validation loss 108479.751953125
2022-01-24 14:11:13,145:INFO:Epoch 133, Training loss 108529.072265625, Validation loss 108480.115234375
2022-01-24 14:11:15,629:INFO:Epoch 134, Training loss 108529.599609375, Validation loss 108478.904296875
2022-01-24 14:11:18,094:INFO:Epoch 135, Training loss 108529.029296875, Validation loss 108483.859375
2022-01-24 14:11:20,529:INFO:Epoch 136, Training loss 108528.85546875, Validation loss 108479.037109375
2022-01-24 14:11:23,011:INFO:Epoch 137, Training loss 108527.638671875, Validation loss 108478.5078125
2022-01-24 14:11:25,482:INFO:Epoch 138, Training loss 108529.3359375, Validation loss 108482.625
2022-01-24 14:11:27,944:INFO:Epoch 139, Training loss 108527.58984375, Validation loss 108479.021484375
2022-01-24 14:11:30,371:INFO:Epoch 140, Training loss 108527.580078125, Validation loss 108481.59375
2022-01-24 14:11:32,845:INFO:Epoch 141, Training loss 108527.76171875, Validation loss 108483.591796875
2022-01-24 14:11:35,282:INFO:Epoch 142, Training loss 108529.255859375, Validation loss 108478.1640625
2022-01-24 14:11:37,785:INFO:Epoch 143, Training loss 108527.984375, Validation loss 108484.525390625
2022-01-24 14:11:40,213:INFO:Epoch 144, Training loss 108527.20703125, Validation loss 108481.20703125
2022-01-24 14:11:42,672:INFO:Epoch 145, Training loss 108526.705078125, Validation loss 108480.4765625
2022-01-24 14:11:45,106:INFO:Epoch 146, Training loss 108527.80859375, Validation loss 108481.287109375
2022-01-24 14:11:47,590:INFO:Epoch 147, Training loss 108527.6171875, Validation loss 108485.0546875
2022-01-24 14:11:50,031:INFO:Epoch 148, Training loss 108527.76171875, Validation loss 108479.89453125
2022-01-24 14:11:52,486:INFO:Epoch 149, Training loss 108528.515625, Validation loss 108484.818359375
2022-01-24 14:11:54,896:INFO:Epoch 150, Training loss 108527.7421875, Validation loss 108479.171875
2022-01-24 14:11:57,299:INFO:Epoch 151, Training loss 108526.716796875, Validation loss 108482.10546875
2022-01-24 14:11:59,666:INFO:Epoch 152, Training loss 108525.1875, Validation loss 108481.431640625
2022-01-24 14:12:02,031:INFO:Epoch 153, Training loss 108525.740234375, Validation loss 108481.5859375
2022-01-24 14:12:04,410:INFO:Epoch 154, Training loss 108525.224609375, Validation loss 108481.12890625
2022-01-24 14:12:06,798:INFO:Epoch 155, Training loss 108524.818359375, Validation loss 108482.216796875
2022-01-24 14:12:09,177:INFO:Epoch 156, Training loss 108524.591796875, Validation loss 108482.18359375
2022-01-24 14:12:11,530:INFO:Epoch 157, Training loss 108524.439453125, Validation loss 108481.328125
2022-01-24 14:12:13,914:INFO:Epoch 158, Training loss 108524.630859375, Validation loss 108480.7421875
2022-01-24 14:12:16,290:INFO:Epoch 159, Training loss 108525.0546875, Validation loss 108481.96484375
2022-01-24 14:12:18,673:INFO:Epoch 160, Training loss 108525.576171875, Validation loss 108486.3359375
2022-01-24 14:12:21,013:INFO:Epoch 161, Training loss 108524.943359375, Validation loss 108481.03125
2022-01-24 14:12:23,399:INFO:Epoch 162, Training loss 108525.171875, Validation loss 108483.060546875
2022-01-24 14:12:25,743:INFO:Epoch 163, Training loss 108524.61328125, Validation loss 108490.35546875
2022-01-24 14:12:28,156:INFO:Epoch 164, Training loss 108525.74609375, Validation loss 108481.423828125
2022-01-24 14:12:30,505:INFO:Epoch 165, Training loss 108524.94921875, Validation loss 108480.521484375
2022-01-24 14:12:30,512:INFO:Finished training
