8.464916015625000000e+04
8.464916015625000000e+04
8.464916015625000000e+04
8.464916015625000000e+04
8.464916015625000000e+04
8.464916015625000000e+04
8.464916015625000000e+04
8.464916015625000000e+04
8.464916015625000000e+04
8.464916015625000000e+04
8.464916015625000000e+04
7.398102050781250000e+04
7.383145898437500000e+04
7.381306835937500000e+04
7.375209277343750000e+04
7.376802441406250000e+04
7.375047851562500000e+04
7.374927246093750000e+04
7.374908007812500000e+04
7.374475097656250000e+04
7.374531347656250000e+04
7.374354687500000000e+04
7.374314062500000000e+04
7.374265820312500000e+04
7.374202148437500000e+04
7.374187109375000000e+04
7.374158984375000000e+04
7.374102929687500000e+04
7.374070019531250000e+04
7.374069433593750000e+04
7.374023144531250000e+04
7.374010253906250000e+04
7.373970605468750000e+04
7.373940625000000000e+04
7.373933007812500000e+04
7.373892773437500000e+04
7.373862402343750000e+04
7.373838769531250000e+04
7.373797167968750000e+04
7.373771582031250000e+04
7.373744628906250000e+04
7.373746777343750000e+04
7.373726269531250000e+04
7.373681738281250000e+04
7.373632617187500000e+04
7.373614160156250000e+04
7.373567187500000000e+04
7.373550878906250000e+04
7.373511425781250000e+04
7.373491992187500000e+04
7.373467382812500000e+04
7.373429199218750000e+04
7.373390429687500000e+04
7.373346582031250000e+04
7.373335937500000000e+04
7.373272949218750000e+04
7.373248339843750000e+04
7.373224218750000000e+04
7.373157910156250000e+04
7.373128027343750000e+04
7.373076269531250000e+04
7.373023437500000000e+04
7.373007226562500000e+04
7.373011523437500000e+04
7.372954882812500000e+04
7.372910351562500000e+04
7.372831640625000000e+04
