2021-11-24 15:26:09,903:INFO:All directories created, ready to load the data
2021-11-24 15:26:09,939:INFO:Dataset loaded from /data/theorie/jthoeve/event_generation/events_high_stats/quad/cHW/events_25.npy
2021-11-24 15:26:09,942:INFO:Dataset loaded from /data/theorie/jthoeve/event_generation/events_high_stats/sm/events_25.npy
2021-11-24 15:26:13,712:INFO:Epoch 1, Training loss 183745.3984375, Validation loss 183647.40625
2021-11-24 15:26:17,449:INFO:Epoch 2, Training loss 183745.39453125, Validation loss 183647.40625
2021-11-24 15:26:21,176:INFO:Epoch 3, Training loss 183745.390625, Validation loss 183647.40625
2021-11-24 15:26:25,131:INFO:Epoch 4, Training loss 183745.39453125, Validation loss 183647.40625
2021-11-24 15:26:28,837:INFO:Epoch 5, Training loss 183745.39453125, Validation loss 183647.40625
2021-11-24 15:26:32,589:INFO:Epoch 6, Training loss 183745.38671875, Validation loss 183647.40625
2021-11-24 15:26:36,299:INFO:Epoch 7, Training loss 183745.39453125, Validation loss 183647.40625
2021-11-24 15:26:40,051:INFO:Epoch 8, Training loss 183745.39453125, Validation loss 183647.40625
2021-11-24 15:26:43,766:INFO:Epoch 9, Training loss 183745.39453125, Validation loss 183647.40625
2021-11-24 15:26:47,507:INFO:Epoch 10, Training loss 183745.39453125, Validation loss 183647.40625
2021-11-24 15:26:51,242:INFO:Epoch 11, Training loss 183745.39453125, Validation loss 183647.40625
2021-11-24 15:26:51,246:INFO:Detected stagant training, reset the weights
2021-11-24 15:26:54,996:INFO:Epoch 12, Training loss 183745.39453125, Validation loss 183647.40625
2021-11-24 15:26:54,999:INFO:Detected stagant training, reset the weights
2021-11-24 15:26:58,716:INFO:Epoch 13, Training loss 183745.3984375, Validation loss 183647.40625
2021-11-24 15:27:02,429:INFO:Epoch 14, Training loss 183745.39453125, Validation loss 183647.40625
2021-11-24 15:27:02,433:INFO:Detected stagant training, reset the weights
2021-11-24 15:27:06,167:INFO:Epoch 15, Training loss 150184.88671875, Validation loss 149763.11328125
2021-11-24 15:27:09,904:INFO:Epoch 16, Training loss 149574.888671875, Validation loss 149084.271484375
2021-11-24 15:27:13,774:INFO:Epoch 17, Training loss 148605.884765625, Validation loss 147661.20703125
2021-11-24 15:27:17,504:INFO:Epoch 18, Training loss 146992.1015625, Validation loss 145722.716796875
2021-11-24 15:27:21,254:INFO:Epoch 19, Training loss 145165.544921875, Validation loss 144274.720703125
2021-11-24 15:27:24,947:INFO:Epoch 20, Training loss 144283.287109375, Validation loss 144031.37890625
2021-11-24 15:27:28,719:INFO:Epoch 21, Training loss 144113.572265625, Validation loss 143775.994140625
2021-11-24 15:27:32,629:INFO:Epoch 22, Training loss 143872.93359375, Validation loss 143584.888671875
2021-11-24 15:27:36,369:INFO:Epoch 23, Training loss 143737.255859375, Validation loss 143529.373046875
2021-11-24 15:27:40,075:INFO:Epoch 24, Training loss 143675.529296875, Validation loss 143488.19140625
2021-11-24 15:27:43,835:INFO:Epoch 25, Training loss 143651.10546875, Validation loss 143468.8203125
2021-11-24 15:27:47,575:INFO:Epoch 26, Training loss 143627.220703125, Validation loss 143475.73046875
2021-11-24 15:27:51,651:INFO:Epoch 27, Training loss 143604.91796875, Validation loss 143446.74609375
2021-11-24 15:27:55,371:INFO:Epoch 28, Training loss 143609.654296875, Validation loss 143432.6796875
2021-11-24 15:27:59,131:INFO:Epoch 29, Training loss 143563.345703125, Validation loss 143428.689453125
2021-11-24 15:28:02,856:INFO:Epoch 30, Training loss 143555.1640625, Validation loss 143423.361328125
2021-11-24 15:28:06,605:INFO:Epoch 31, Training loss 143550.697265625, Validation loss 143416.640625
2021-11-24 15:28:10,375:INFO:Epoch 32, Training loss 143541.13671875, Validation loss 143409.4765625
2021-11-24 15:28:14,133:INFO:Epoch 33, Training loss 143533.54296875, Validation loss 143414.203125
2021-11-24 15:28:18,191:INFO:Epoch 34, Training loss 143533.876953125, Validation loss 143410.18359375
2021-11-24 15:28:21,908:INFO:Epoch 35, Training loss 143536.8984375, Validation loss 143406.328125
2021-11-24 15:28:25,654:INFO:Epoch 36, Training loss 143548.568359375, Validation loss 143419.21875
2021-11-24 15:28:29,395:INFO:Epoch 37, Training loss 143547.375, Validation loss 143418.529296875
2021-11-24 15:28:33,134:INFO:Epoch 38, Training loss 143530.595703125, Validation loss 143419.30859375
2021-11-24 15:28:37,032:INFO:Epoch 39, Training loss 143532.841796875, Validation loss 143405.46875
2021-11-24 15:28:40,792:INFO:Epoch 40, Training loss 143524.537109375, Validation loss 143419.94140625
2021-11-24 15:28:44,493:INFO:Epoch 41, Training loss 143523.298828125, Validation loss 143405.30078125
2021-11-24 15:28:48,298:INFO:Epoch 42, Training loss 143517.3671875, Validation loss 143431.716796875
2021-11-24 15:28:52,000:INFO:Epoch 43, Training loss 143529.615234375, Validation loss 143415.197265625
2021-11-24 15:28:55,749:INFO:Epoch 44, Training loss 143521.158203125, Validation loss 143406.107421875
2021-11-24 15:28:59,457:INFO:Epoch 45, Training loss 143532.646484375, Validation loss 143438.455078125
2021-11-24 15:29:03,217:INFO:Epoch 46, Training loss 143532.646484375, Validation loss 143409.76171875
2021-11-24 15:29:06,951:INFO:Epoch 47, Training loss 143521.216796875, Validation loss 143407.779296875
2021-11-24 15:29:10,686:INFO:Epoch 48, Training loss 143519.896484375, Validation loss 143411.828125
2021-11-24 15:29:14,403:INFO:Epoch 49, Training loss 143515.984375, Validation loss 143405.291015625
2021-11-24 15:29:18,188:INFO:Epoch 50, Training loss 143512.0546875, Validation loss 143401.84375
2021-11-24 15:29:21,914:INFO:Epoch 51, Training loss 143514.94140625, Validation loss 143426.94921875
2021-11-24 15:29:25,637:INFO:Epoch 52, Training loss 143529.380859375, Validation loss 143421.08984375
2021-11-24 15:29:29,372:INFO:Epoch 53, Training loss 143534.8671875, Validation loss 143411.416015625
2021-11-24 15:29:33,122:INFO:Epoch 54, Training loss 143518.14453125, Validation loss 143409.0859375
2021-11-24 15:29:36,869:INFO:Epoch 55, Training loss 143528.177734375, Validation loss 143406.19921875
2021-11-24 15:29:40,584:INFO:Epoch 56, Training loss 143532.59375, Validation loss 143444.861328125
2021-11-24 15:29:44,321:INFO:Epoch 57, Training loss 143522.27734375, Validation loss 143412.16015625
2021-11-24 15:29:48,085:INFO:Epoch 58, Training loss 143514.59765625, Validation loss 143419.646484375
2021-11-24 15:29:51,834:INFO:Epoch 59, Training loss 143530.41796875, Validation loss 143404.826171875
2021-11-24 15:29:55,548:INFO:Epoch 60, Training loss 143523.595703125, Validation loss 143410.208984375
2021-11-24 15:29:59,306:INFO:Epoch 61, Training loss 143512.208984375, Validation loss 143399.35546875
2021-11-24 15:30:03,009:INFO:Epoch 62, Training loss 143518.14453125, Validation loss 143400.271484375
2021-11-24 15:30:06,796:INFO:Epoch 63, Training loss 143507.7734375, Validation loss 143418.53125
2021-11-24 15:30:10,543:INFO:Epoch 64, Training loss 143520.701171875, Validation loss 143409.7109375
2021-11-24 15:30:14,332:INFO:Epoch 65, Training loss 143517.185546875, Validation loss 143401.376953125
2021-11-24 15:30:18,143:INFO:Epoch 66, Training loss 143513.861328125, Validation loss 143419.755859375
2021-11-24 15:30:21,984:INFO:Epoch 67, Training loss 143514.833984375, Validation loss 143401.359375
2021-11-24 15:30:25,793:INFO:Epoch 68, Training loss 143510.056640625, Validation loss 143411.814453125
2021-11-24 15:30:29,543:INFO:Epoch 69, Training loss 143509.28515625, Validation loss 143401.029296875
2021-11-24 15:30:33,291:INFO:Epoch 70, Training loss 143504.306640625, Validation loss 143402.974609375
2021-11-24 15:30:37,098:INFO:Epoch 71, Training loss 143507.869140625, Validation loss 143402.3046875
2021-11-24 15:30:40,926:INFO:Epoch 72, Training loss 143504.5390625, Validation loss 143405.03515625
2021-11-24 15:30:44,734:INFO:Epoch 73, Training loss 143502.37109375, Validation loss 143407.140625
2021-11-24 15:30:48,537:INFO:Epoch 74, Training loss 143507.986328125, Validation loss 143403.8125
2021-11-24 15:30:52,364:INFO:Epoch 75, Training loss 143519.35546875, Validation loss 143433.009765625
2021-11-24 15:30:56,167:INFO:Epoch 76, Training loss 143518.91015625, Validation loss 143407.22265625
2021-11-24 15:30:59,940:INFO:Epoch 77, Training loss 143505.486328125, Validation loss 143407.892578125
2021-11-24 15:31:03,701:INFO:Epoch 78, Training loss 143508.05078125, Validation loss 143408.11328125
2021-11-24 15:31:07,444:INFO:Epoch 79, Training loss 143500.33203125, Validation loss 143425.3203125
2021-11-24 15:31:11,424:INFO:Epoch 80, Training loss 143526.365234375, Validation loss 143406.630859375
2021-11-24 15:31:15,132:INFO:Epoch 81, Training loss 143510.73046875, Validation loss 143422.625
2021-11-24 15:31:18,915:INFO:Epoch 82, Training loss 143515.109375, Validation loss 143403.099609375
2021-11-24 15:31:22,640:INFO:Epoch 83, Training loss 143520.62109375, Validation loss 143466.33984375
2021-11-24 15:31:26,435:INFO:Epoch 84, Training loss 143531.61328125, Validation loss 143406.9453125
2021-11-24 15:31:30,147:INFO:Epoch 85, Training loss 143514.662109375, Validation loss 143441.07421875
2021-11-24 15:31:33,923:INFO:Epoch 86, Training loss 143520.232421875, Validation loss 143402.814453125
2021-11-24 15:31:37,949:INFO:Epoch 87, Training loss 143504.796875, Validation loss 143408.85546875
2021-11-24 15:31:41,722:INFO:Epoch 88, Training loss 143513.234375, Validation loss 143405.744140625
2021-11-24 15:31:45,446:INFO:Epoch 89, Training loss 143504.77734375, Validation loss 143407.625
2021-11-24 15:31:49,208:INFO:Epoch 90, Training loss 143502.021484375, Validation loss 143402.525390625
2021-11-24 15:31:52,947:INFO:Epoch 91, Training loss 143504.48828125, Validation loss 143403.3203125
2021-11-24 15:31:56,725:INFO:Epoch 92, Training loss 143502.91796875, Validation loss 143413.17578125
2021-11-24 15:32:00,456:INFO:Epoch 93, Training loss 143506.15234375, Validation loss 143404.427734375
2021-11-24 15:32:04,294:INFO:Epoch 94, Training loss 143505.12109375, Validation loss 143417.537109375
2021-11-24 15:32:08,034:INFO:Epoch 95, Training loss 143509.150390625, Validation loss 143404.3671875
2021-11-24 15:32:11,792:INFO:Epoch 96, Training loss 143510.974609375, Validation loss 143430.837890625
2021-11-24 15:32:15,529:INFO:Epoch 97, Training loss 143519.8671875, Validation loss 143418.650390625
2021-11-24 15:32:19,271:INFO:Epoch 98, Training loss 143509.52734375, Validation loss 143423.921875
2021-11-24 15:32:23,030:INFO:Epoch 99, Training loss 143510.009765625, Validation loss 143398.96484375
2021-11-24 15:32:26,773:INFO:Epoch 100, Training loss 143500.1171875, Validation loss 143401.291015625
2021-11-24 15:32:30,520:INFO:Epoch 101, Training loss 143498.267578125, Validation loss 143401.533203125
2021-11-24 15:32:34,222:INFO:Epoch 102, Training loss 143500.76171875, Validation loss 143402.4140625
2021-11-24 15:32:37,974:INFO:Epoch 103, Training loss 143498.56640625, Validation loss 143406.306640625
2021-11-24 15:32:41,684:INFO:Epoch 104, Training loss 143499.01171875, Validation loss 143408.20703125
2021-11-24 15:32:45,468:INFO:Epoch 105, Training loss 143500.70703125, Validation loss 143400.810546875
2021-11-24 15:32:49,195:INFO:Epoch 106, Training loss 143496.216796875, Validation loss 143410.861328125
2021-11-24 15:32:52,953:INFO:Epoch 107, Training loss 143506.49609375, Validation loss 143418.33984375
2021-11-24 15:32:56,676:INFO:Epoch 108, Training loss 143508.830078125, Validation loss 143429.78515625
2021-11-24 15:33:00,448:INFO:Epoch 109, Training loss 143508.009765625, Validation loss 143418.119140625
2021-11-24 15:33:04,169:INFO:Epoch 110, Training loss 143500.41796875, Validation loss 143400.806640625
2021-11-24 15:33:07,913:INFO:Epoch 111, Training loss 143499.052734375, Validation loss 143405.248046875
2021-11-24 15:33:11,647:INFO:Epoch 112, Training loss 143498.15625, Validation loss 143410.576171875
2021-11-24 15:33:15,604:INFO:Epoch 113, Training loss 143495.12890625, Validation loss 143402.140625
2021-11-24 15:33:19,357:INFO:Epoch 114, Training loss 143498.91015625, Validation loss 143406.029296875
2021-11-24 15:33:23,098:INFO:Epoch 115, Training loss 143495.1640625, Validation loss 143409.107421875
2021-11-24 15:33:26,865:INFO:Epoch 116, Training loss 143496.5390625, Validation loss 143402.853515625
2021-11-24 15:33:30,613:INFO:Epoch 117, Training loss 143502.5234375, Validation loss 143421.314453125
2021-11-24 15:33:34,360:INFO:Epoch 118, Training loss 143504.501953125, Validation loss 143405.517578125
2021-11-24 15:33:38,078:INFO:Epoch 119, Training loss 143497.97265625, Validation loss 143431.51171875
2021-11-24 15:33:41,826:INFO:Epoch 120, Training loss 143528.72265625, Validation loss 143411.24609375
2021-11-24 15:33:45,569:INFO:Epoch 121, Training loss 143515.201171875, Validation loss 143408.26953125
2021-11-24 15:33:49,338:INFO:Epoch 122, Training loss 143498.087890625, Validation loss 143411.513671875
2021-11-24 15:33:53,052:INFO:Epoch 123, Training loss 143513.63671875, Validation loss 143428.880859375
2021-11-24 15:33:56,810:INFO:Epoch 124, Training loss 143523.767578125, Validation loss 143432.681640625
2021-11-24 15:34:00,522:INFO:Epoch 125, Training loss 143554.302734375, Validation loss 143474.966796875
2021-11-24 15:34:04,666:INFO:Epoch 126, Training loss 143550.37109375, Validation loss 143405.92578125
2021-11-24 15:34:08,383:INFO:Epoch 127, Training loss 143502.111328125, Validation loss 143435.6015625
2021-11-24 15:34:12,145:INFO:Epoch 128, Training loss 143511.658203125, Validation loss 143404.509765625
2021-11-24 15:34:15,867:INFO:Epoch 129, Training loss 143519.21875, Validation loss 143424.287109375
2021-11-24 15:34:19,663:INFO:Epoch 130, Training loss 143521.888671875, Validation loss 143413.84765625
2021-11-24 15:34:23,393:INFO:Epoch 131, Training loss 143499.03515625, Validation loss 143400.5390625
2021-11-24 15:34:27,135:INFO:Epoch 132, Training loss 143496.447265625, Validation loss 143409.435546875
2021-11-24 15:34:30,870:INFO:Epoch 133, Training loss 143496.78515625, Validation loss 143405.1640625
2021-11-24 15:34:34,639:INFO:Epoch 134, Training loss 143497.048828125, Validation loss 143401.583984375
2021-11-24 15:34:38,372:INFO:Epoch 135, Training loss 143490.078125, Validation loss 143403.009765625
2021-11-24 15:34:42,096:INFO:Epoch 136, Training loss 143492.91796875, Validation loss 143405.216796875
2021-11-24 15:34:45,833:INFO:Epoch 137, Training loss 143500.37109375, Validation loss 143404.474609375
2021-11-24 15:34:49,609:INFO:Epoch 138, Training loss 143494.341796875, Validation loss 143406.921875
2021-11-24 15:34:53,358:INFO:Epoch 139, Training loss 143492.693359375, Validation loss 143408.259765625
2021-11-24 15:34:57,321:INFO:Epoch 140, Training loss 143493.716796875, Validation loss 143403.556640625
2021-11-24 15:35:01,073:INFO:Epoch 141, Training loss 143492.55078125, Validation loss 143402.7890625
2021-11-24 15:35:04,830:INFO:Epoch 142, Training loss 143496.638671875, Validation loss 143417.509765625
2021-11-24 15:35:08,593:INFO:Epoch 143, Training loss 143496.3046875, Validation loss 143408.837890625
2021-11-24 15:35:12,315:INFO:Epoch 144, Training loss 143490.12109375, Validation loss 143404.052734375
2021-11-24 15:35:16,185:INFO:Epoch 145, Training loss 143493.3125, Validation loss 143402.1953125
2021-11-24 15:35:19,934:INFO:Epoch 146, Training loss 143493.224609375, Validation loss 143428.21875
2021-11-24 15:35:23,780:INFO:Epoch 147, Training loss 143503.39453125, Validation loss 143403.84375
2021-11-24 15:35:27,514:INFO:Epoch 148, Training loss 143493.439453125, Validation loss 143404.470703125
2021-11-24 15:35:31,287:INFO:Epoch 149, Training loss 143489.16015625, Validation loss 143410.478515625
2021-11-24 15:35:31,551:INFO:Finished training, producing training report at /data/theorie/jthoeve/ML4EFT_higgs/models/24_11/model_quad_cHW/mc_run_25/plots/training_report/
2021-11-24 15:35:31,908:WARNING:findfont: Font family ['sans-serif'] not found. Falling back to DejaVu Sans.
