1.270282929687500000e+05
1.220322617187500000e+05
1.184804707031250000e+05
1.157179101562500000e+05
1.134095097656250000e+05
1.114554707031250000e+05
1.101333750000000000e+05
1.096072207031250000e+05
1.096203496093750000e+05
1.095760761718750000e+05
1.094298027343750000e+05
1.093532988281250000e+05
1.093356523437500000e+05
1.092916347656250000e+05
1.092550078125000000e+05
1.092272656250000000e+05
1.091912343750000000e+05
1.091567480468750000e+05
1.091178417968750000e+05
1.090739628906250000e+05
1.090221992187500000e+05
1.089663125000000000e+05
1.089035664062500000e+05
1.088375761718750000e+05
1.087750351562500000e+05
1.087169101562500000e+05
1.086677500000000000e+05
1.086264746093750000e+05
1.085954589843750000e+05
1.085773066406250000e+05
1.085649824218750000e+05
1.085622148437500000e+05
1.085550371093750000e+05
1.085471191406250000e+05
1.085442597656250000e+05
1.085386718750000000e+05
1.085336406250000000e+05
1.085339843750000000e+05
1.085309609375000000e+05
1.085325859375000000e+05
1.085266894531250000e+05
1.085296113281250000e+05
1.085248222656250000e+05
1.085254023437500000e+05
1.085197285156250000e+05
1.085191503906250000e+05
1.085194550781250000e+05
1.085186503906250000e+05
1.085180234375000000e+05
1.085159453125000000e+05
1.085164472656250000e+05
1.085118496093750000e+05
1.085141113281250000e+05
1.085132792968750000e+05
1.085148339843750000e+05
1.085137812500000000e+05
1.085131152343750000e+05
1.085145605468750000e+05
1.085188437500000000e+05
1.085206503906250000e+05
1.085127128906250000e+05
1.085151230468750000e+05
1.085120566406250000e+05
1.085138164062500000e+05
1.085073847656250000e+05
1.085134355468750000e+05
1.085042734375000000e+05
1.085063730468750000e+05
1.085074511718750000e+05
1.085032363281250000e+05
1.085040312500000000e+05
1.085039628906250000e+05
1.085044980468750000e+05
1.085045664062500000e+05
1.085022031250000000e+05
1.085004257812500000e+05
1.084996738281250000e+05
1.085000625000000000e+05
1.085004550781250000e+05
1.084986289062500000e+05
1.084989472656250000e+05
1.084983730468750000e+05
1.084982226562500000e+05
1.084968535156250000e+05
1.084991601562500000e+05
1.085056757812500000e+05
1.084995156250000000e+05
1.084968515625000000e+05
1.084994570312500000e+05
1.084965703125000000e+05
1.085017187500000000e+05
1.084985410156250000e+05
1.084928789062500000e+05
1.084982519531250000e+05
1.084974863281250000e+05
1.084914218750000000e+05
1.084914765625000000e+05
1.084902636718750000e+05
1.084894101562500000e+05
1.084887070312500000e+05
1.084911699218750000e+05
1.084911367187500000e+05
1.084924960937500000e+05
1.084885039062500000e+05
1.084895468750000000e+05
1.084912734375000000e+05
1.084872207031250000e+05
1.084864199218750000e+05
1.084895273437500000e+05
1.084862421875000000e+05
1.084844589843750000e+05
1.084909199218750000e+05
1.084858222656250000e+05
1.084861757812500000e+05
1.084843554687500000e+05
1.084823320312500000e+05
1.084818222656250000e+05
1.084799003906250000e+05
1.084801445312500000e+05
1.084808593750000000e+05
1.084812578125000000e+05
1.084791171875000000e+05
1.084808105468750000e+05
1.084793359375000000e+05
1.084782929687500000e+05
1.084801386718750000e+05
1.084822128906250000e+05
1.084797890625000000e+05
1.084783085937500000e+05
1.084818964843750000e+05
1.084783652343750000e+05
1.084790839843750000e+05
1.084773320312500000e+05
1.084839394531250000e+05
1.084779453125000000e+05
1.084775312500000000e+05
1.084759023437500000e+05
1.084768535156250000e+05
1.084781230468750000e+05
1.084805820312500000e+05
1.084778964843750000e+05
1.084812148437500000e+05
1.084799355468750000e+05
1.084773847656250000e+05
1.084776953125000000e+05
1.084810820312500000e+05
1.084796269531250000e+05
1.084770683593750000e+05
1.084801562500000000e+05
1.084774804687500000e+05
1.084779355468750000e+05
1.084769453125000000e+05
1.084732753906250000e+05
1.084735351562500000e+05
1.084765410156250000e+05
1.084768808593750000e+05
1.084724531250000000e+05
