7.378707714843750000e+04
7.376843066406250000e+04
7.375459570312500000e+04
7.375543652343750000e+04
7.375171679687500000e+04
7.375121875000000000e+04
7.375035058593750000e+04
7.374967773437500000e+04
7.374949414062500000e+04
7.374886132812500000e+04
7.374825781250000000e+04
7.374809765625000000e+04
7.374747070312500000e+04
7.374721972656250000e+04
7.374695800781250000e+04
7.374649121093750000e+04
7.374621289062500000e+04
7.374581054687500000e+04
7.374544140625000000e+04
7.374499707031250000e+04
7.374472949218750000e+04
7.374423339843750000e+04
7.374386230468750000e+04
7.374332324218750000e+04
7.374309277343750000e+04
7.374247265625000000e+04
7.374224511718750000e+04
7.374156347656250000e+04
7.374129980468750000e+04
7.374118261718750000e+04
7.374062402343750000e+04
7.374023828125000000e+04
7.373931445312500000e+04
7.373818750000000000e+04
7.373762695312500000e+04
7.373835449218750000e+04
7.373668164062500000e+04
7.373482714843750000e+04
7.373522558593750000e+04
7.373372656250000000e+04
7.373364160156250000e+04
7.373220507812500000e+04
7.373272656250000000e+04
7.373069042968750000e+04
7.373145410156250000e+04
7.372846289062500000e+04
7.372842187500000000e+04
7.372729687500000000e+04
7.372664843750000000e+04
7.372386914062500000e+04
7.372367675781250000e+04
7.372288281250000000e+04
7.372023828125000000e+04
7.372001171875000000e+04
7.371847656250000000e+04
7.371712988281250000e+04
7.371758203125000000e+04
7.371723730468750000e+04
7.371630273437500000e+04
