8.465244531250000000e+04
8.465244531250000000e+04
8.465244531250000000e+04
8.465244531250000000e+04
8.465244531250000000e+04
8.465244531250000000e+04
8.465244531250000000e+04
8.465244531250000000e+04
8.465244531250000000e+04
8.465244531250000000e+04
8.465244531250000000e+04
8.465244531250000000e+04
8.465244531250000000e+04
8.465150781250000000e+04
8.465031250000000000e+04
8.464825000000000000e+04
8.464369531250000000e+04
8.463610156250000000e+04
8.462407031250000000e+04
8.460416406250000000e+04
8.457382812500000000e+04
8.452933593750000000e+04
8.446014062500000000e+04
8.433486718750000000e+04
8.394257031250000000e+04
8.311553906250000000e+04
8.172567968750000000e+04
7.972014843750000000e+04
7.785567187500000000e+04
7.639089843750000000e+04
7.531991406250000000e+04
7.458621093750000000e+04
7.416068750000000000e+04
7.399846875000000000e+04
7.403613281250000000e+04
7.418079687500000000e+04
7.435325000000000000e+04
7.450052343750000000e+04
7.459618750000000000e+04
7.463354687500000000e+04
7.461581250000000000e+04
7.455169531250000000e+04
7.445357031250000000e+04
7.433524218750000000e+04
7.421348437500000000e+04
7.409936718750000000e+04
7.400390625000000000e+04
7.392684375000000000e+04
7.386671875000000000e+04
7.382525781250000000e+04
7.380322656250000000e+04
7.379985937500000000e+04
7.381232812500000000e+04
7.383456250000000000e+04
7.385830468750000000e+04
7.387564062500000000e+04
7.388196875000000000e+04
7.387696875000000000e+04
7.386342187500000000e+04
7.384535937500000000e+04
7.382654687500000000e+04
7.380982031250000000e+04
7.379675000000000000e+04
7.378777343750000000e+04
7.378271875000000000e+04
7.378095312500000000e+04
7.378143750000000000e+04
7.378314062500000000e+04
7.378507031250000000e+04
7.378644531250000000e+04
7.378665625000000000e+04
7.378539062500000000e+04
7.378263281250000000e+04
7.377875000000000000e+04
7.377433593750000000e+04
7.377001562500000000e+04
7.376654687500000000e+04
7.376415625000000000e+04
7.376307812500000000e+04
7.376315625000000000e+04
7.376400781250000000e+04
7.376510937500000000e+04
7.376582812500000000e+04
7.376575781250000000e+04
7.376482812500000000e+04
7.376325781250000000e+04
7.376139843750000000e+04
7.375964062500000000e+04
7.375826562500000000e+04
7.375741406250000000e+04
7.375702343750000000e+04
7.375690625000000000e+04
7.375685156250000000e+04
7.375668750000000000e+04
7.375632812500000000e+04
7.375574218750000000e+04
7.375498437500000000e+04
7.375417968750000000e+04
7.375343750000000000e+04
7.375290625000000000e+04
7.375258593750000000e+04
7.375244531250000000e+04
7.375239062500000000e+04
7.375228906250000000e+04
7.375207812500000000e+04
7.375175000000000000e+04
7.375133593750000000e+04
7.375089843750000000e+04
7.375050781250000000e+04
7.375019531250000000e+04
7.374997656250000000e+04
7.374981250000000000e+04
7.374967187500000000e+04
7.374951562500000000e+04
7.374930468750000000e+04
7.374905468750000000e+04
7.374878125000000000e+04
7.374852343750000000e+04
7.374830468750000000e+04
7.374813281250000000e+04
7.374800781250000000e+04
7.374789062500000000e+04
7.374777343750000000e+04
7.374762500000000000e+04
7.374747656250000000e+04
7.374732031250000000e+04
7.374717187500000000e+04
7.374705468750000000e+04
7.374695312500000000e+04
7.374686718750000000e+04
7.374678906250000000e+04
7.374670312500000000e+04
7.374661718750000000e+04
7.374652343750000000e+04
7.374642968750000000e+04
7.374635156250000000e+04
7.374627343750000000e+04
7.374621093750000000e+04
7.374614062500000000e+04
7.374607812500000000e+04
7.374600781250000000e+04
7.374594531250000000e+04
7.374589062500000000e+04
7.374583593750000000e+04
7.374577343750000000e+04
7.374571875000000000e+04
7.374566406250000000e+04
7.374560937500000000e+04
7.374555468750000000e+04
7.374550000000000000e+04
7.374544531250000000e+04
7.374539062500000000e+04
7.374533593750000000e+04
7.374528906250000000e+04
7.374524218750000000e+04
7.374520312500000000e+04
7.374516406250000000e+04
7.374512500000000000e+04
7.374508593750000000e+04
7.374503906250000000e+04
7.374500000000000000e+04
7.374496093750000000e+04
7.374492968750000000e+04
7.374489062500000000e+04
7.374485156250000000e+04
7.374481250000000000e+04
7.374478125000000000e+04
7.374474218750000000e+04
7.374471093750000000e+04
7.374467968750000000e+04
7.374464843750000000e+04
7.374460937500000000e+04
7.374457812500000000e+04
7.374453906250000000e+04
7.374450000000000000e+04
7.374446875000000000e+04
7.374442968750000000e+04
7.374439062500000000e+04
7.374435937500000000e+04
7.374432812500000000e+04
7.374428906250000000e+04
7.374425781250000000e+04
7.374422656250000000e+04
7.374418750000000000e+04
7.374415625000000000e+04
7.374412500000000000e+04
7.374409375000000000e+04
7.374406250000000000e+04
7.374403125000000000e+04
