1.356713574218750000e+05
1.254252773437500000e+05
1.185955585937500000e+05
1.145465664062500000e+05
1.119802636718750000e+05
1.104565136718750000e+05
1.097578867187500000e+05
1.095799765625000000e+05
1.095517402343750000e+05
1.094585292968750000e+05
1.093258496093750000e+05
1.092052226562500000e+05
1.091243359375000000e+05
1.090676523437500000e+05
1.090209921875000000e+05
1.089830351562500000e+05
1.089541601562500000e+05
1.089306953125000000e+05
1.089127578125000000e+05
1.088944355468750000e+05
1.088782011718750000e+05
1.088655273437500000e+05
1.088535703125000000e+05
1.088441621093750000e+05
1.088366289062500000e+05
1.088297050781250000e+05
1.088247851562500000e+05
1.088221679687500000e+05
1.088199492187500000e+05
1.088190957031250000e+05
1.088163339843750000e+05
1.088161445312500000e+05
1.088143417968750000e+05
1.088134335937500000e+05
1.088124316406250000e+05
1.088119804687500000e+05
1.088117109375000000e+05
1.088107363281250000e+05
1.088105664062500000e+05
1.088110488281250000e+05
1.088108027343750000e+05
1.088101562500000000e+05
1.088087656250000000e+05
1.088084667968750000e+05
1.088093984375000000e+05
1.088077558593750000e+05
1.088076210937500000e+05
1.088071445312500000e+05
1.088067324218750000e+05
1.088067441406250000e+05
1.088069472656250000e+05
1.088068183593750000e+05
1.088063066406250000e+05
1.088058789062500000e+05
1.088055351562500000e+05
1.088057187500000000e+05
1.088066582031250000e+05
1.088049921875000000e+05
1.088046503906250000e+05
