8.464511328125000000e+04
8.360218554687500000e+04
7.835359472656250000e+04
7.484538574218750000e+04
7.432791894531250000e+04
7.445500195312500000e+04
7.418822167968750000e+04
7.391540625000000000e+04
7.383594042968750000e+04
7.384643066406250000e+04
7.383466406250000000e+04
7.380880273437500000e+04
7.379935839843750000e+04
7.380054589843750000e+04
7.379916015625000000e+04
7.379554492187500000e+04
7.379398046875000000e+04
7.379337207031250000e+04
7.379222070312500000e+04
7.379133593750000000e+04
7.379049609375000000e+04
7.379001367187500000e+04
7.378946972656250000e+04
7.378902539062500000e+04
7.378834960937500000e+04
7.378782421875000000e+04
7.378738671875000000e+04
7.378702441406250000e+04
7.378658398437500000e+04
7.378634863281250000e+04
7.378597558593750000e+04
7.378568164062500000e+04
7.378533105468750000e+04
7.378522460937500000e+04
7.378495800781250000e+04
7.378465722656250000e+04
7.378436621093750000e+04
7.378419335937500000e+04
7.378405957031250000e+04
7.378392187500000000e+04
7.378361718750000000e+04
7.378343750000000000e+04
7.378321386718750000e+04
7.378298144531250000e+04
7.378293457031250000e+04
7.378264453125000000e+04
7.378269140625000000e+04
7.378237792968750000e+04
7.378243066406250000e+04
7.378198925781250000e+04
7.378189257812500000e+04
7.378185449218750000e+04
7.378167089843750000e+04
7.378155371093750000e+04
7.378125195312500000e+04
7.378121191406250000e+04
7.378111132812500000e+04
7.378129589843750000e+04
7.378075683593750000e+04
7.378070410156250000e+04
7.378042675781250000e+04
7.378028125000000000e+04
7.378018652343750000e+04
7.378003515625000000e+04
7.377977832031250000e+04
7.377978417968750000e+04
7.377954882812500000e+04
7.377951367187500000e+04
7.377933691406250000e+04
7.377919335937500000e+04
7.377900585937500000e+04
7.377892187500000000e+04
7.377878222656250000e+04
7.377836230468750000e+04
7.377824707031250000e+04
7.377818457031250000e+04
7.377787402343750000e+04
7.377766113281250000e+04
7.377765039062500000e+04
7.377750488281250000e+04
7.377694531250000000e+04
7.377697558593750000e+04
7.377669824218750000e+04
7.377662792968750000e+04
7.377624902343750000e+04
7.377625195312500000e+04
7.377614257812500000e+04
7.377586816406250000e+04
7.377561328125000000e+04
7.377572656250000000e+04
7.377516992187500000e+04
7.377527929687500000e+04
7.377505078125000000e+04
7.377487597656250000e+04
7.377454882812500000e+04
7.377454980468750000e+04
7.377421289062500000e+04
7.377444140625000000e+04
7.377387695312500000e+04
7.377403417968750000e+04
7.377387792968750000e+04
7.377297558593750000e+04
7.377308984375000000e+04
7.377263671875000000e+04
7.377229882812500000e+04
7.377242773437500000e+04
7.377209765625000000e+04
7.377201171875000000e+04
7.377162597656250000e+04
7.377156640625000000e+04
7.377135449218750000e+04
7.377098242187500000e+04
7.377063378906250000e+04
7.377102246093750000e+04
7.377022167968750000e+04
7.377063769531250000e+04
7.377037109375000000e+04
7.376964843750000000e+04
7.376918750000000000e+04
7.376910449218750000e+04
7.376889062500000000e+04
7.376853808593750000e+04
7.376897949218750000e+04
7.376977539062500000e+04
7.376791992187500000e+04
7.376810546875000000e+04
7.376850878906250000e+04
7.376738574218750000e+04
7.376698632812500000e+04
7.376660058593750000e+04
