1.838259843750000000e+05
1.838259843750000000e+05
1.838259882812500000e+05
1.838259843750000000e+05
1.838259882812500000e+05
1.838259882812500000e+05
1.838259843750000000e+05
1.838259882812500000e+05
1.838259882812500000e+05
1.838259882812500000e+05
1.838259843750000000e+05
1.838074492187500000e+05
1.833848085937500000e+05
1.795600937500000000e+05
1.557153378906250000e+05
1.480802578125000000e+05
1.497440429687500000e+05
1.487163671875000000e+05
1.468517753906250000e+05
1.455661562500000000e+05
1.449312519531250000e+05
1.444498222656250000e+05
1.440659472656250000e+05
1.438457402343750000e+05
1.437128125000000000e+05
1.436718144531250000e+05
1.436608496093750000e+05
1.436447753906250000e+05
1.436300996093750000e+05
1.436165234375000000e+05
1.436086738281250000e+05
1.436047890625000000e+05
1.435972578125000000e+05
1.435940019531250000e+05
1.435903828125000000e+05
1.435873007812500000e+05
1.435852675781250000e+05
1.435838554687500000e+05
1.435803769531250000e+05
1.435791894531250000e+05
1.435774433593750000e+05
1.435761113281250000e+05
1.435775000000000000e+05
1.435746621093750000e+05
1.435729472656250000e+05
1.435735390625000000e+05
1.435732695312500000e+05
1.435711347656250000e+05
1.435711113281250000e+05
1.435745761718750000e+05
1.435682031250000000e+05
1.435681562500000000e+05
1.435689726562500000e+05
1.435683203125000000e+05
1.435650390625000000e+05
1.435663281250000000e+05
1.435645390625000000e+05
1.435640253906250000e+05
1.435634160156250000e+05
1.435629707031250000e+05
1.435624042968750000e+05
1.435642851562500000e+05
1.435616308593750000e+05
1.435615039062500000e+05
1.435600957031250000e+05
1.435611035156250000e+05
1.435598554687500000e+05
1.435600390625000000e+05
1.435594628906250000e+05
1.435594199218750000e+05
1.435597910156250000e+05
1.435598476562500000e+05
1.435581875000000000e+05
1.435589453125000000e+05
1.435577988281250000e+05
1.435571562500000000e+05
1.435579335937500000e+05
1.435565371093750000e+05
1.435569570312500000e+05
1.435550000000000000e+05
1.435549199218750000e+05
1.435564062500000000e+05
1.435593359375000000e+05
1.435586679687500000e+05
1.435587734375000000e+05
1.435563593750000000e+05
1.435550976562500000e+05
1.435528593750000000e+05
1.435579296875000000e+05
1.435592988281250000e+05
1.435543964843750000e+05
1.435542617187500000e+05
1.435554824218750000e+05
1.435548945312500000e+05
1.435512402343750000e+05
1.435505253906250000e+05
1.435514140625000000e+05
1.435497167968750000e+05
1.435569492187500000e+05
1.435552460937500000e+05
1.435530156250000000e+05
1.435511992187500000e+05
1.435513046875000000e+05
1.435498789062500000e+05
1.435516718750000000e+05
1.435501308593750000e+05
1.435481484375000000e+05
1.435484804687500000e+05
1.435483144531250000e+05
1.435497089843750000e+05
1.435481425781250000e+05
1.435483359375000000e+05
1.435493984375000000e+05
1.435505605468750000e+05
1.435510058593750000e+05
1.435515546875000000e+05
1.435601347656250000e+05
1.435538417968750000e+05
1.435470878906250000e+05
1.435475117187500000e+05
1.435491875000000000e+05
1.435537910156250000e+05
1.435503554687500000e+05
1.435472675781250000e+05
1.435471113281250000e+05
1.435460859375000000e+05
1.435455312500000000e+05
1.435458476562500000e+05
1.435454257812500000e+05
1.435449648437500000e+05
1.435443144531250000e+05
1.435442441406250000e+05
1.435436445312500000e+05
1.435453554687500000e+05
1.435451113281250000e+05
1.435452910156250000e+05
1.435435039062500000e+05
1.435440273437500000e+05
1.435434863281250000e+05
1.435431738281250000e+05
1.435460000000000000e+05
1.435456406250000000e+05
1.435465957031250000e+05
