2022-01-24 14:09:39,550:INFO:All directories created, ready to load the data
2022-01-24 14:09:39,592:INFO:Dataset loaded from /data/theorie/jthoeve/event_generation/events_high_stats/pT/lin/cHq3/events_25.npy
2022-01-24 14:09:39,597:INFO:Dataset loaded from /data/theorie/jthoeve/event_generation/events_high_stats/pT/sm/events_25.npy
2022-01-24 14:09:41,999:INFO:Epoch 1, Training loss 84624.052734375, Validation loss 84624.052734375
2022-01-24 14:09:44,398:INFO:Epoch 2, Training loss 84624.052734375, Validation loss 84624.052734375
2022-01-24 14:09:46,781:INFO:Epoch 3, Training loss 84624.052734375, Validation loss 84624.052734375
2022-01-24 14:09:49,195:INFO:Epoch 4, Training loss 84624.052734375, Validation loss 84624.052734375
2022-01-24 14:09:51,575:INFO:Epoch 5, Training loss 84624.052734375, Validation loss 84624.052734375
2022-01-24 14:09:53,951:INFO:Epoch 6, Training loss 84624.052734375, Validation loss 84624.052734375
2022-01-24 14:09:56,338:INFO:Epoch 7, Training loss 84624.052734375, Validation loss 84624.052734375
2022-01-24 14:09:58,740:INFO:Epoch 8, Training loss 84624.052734375, Validation loss 84624.052734375
2022-01-24 14:10:01,132:INFO:Epoch 9, Training loss 84624.052734375, Validation loss 84624.052734375
2022-01-24 14:10:03,496:INFO:Epoch 10, Training loss 84624.052734375, Validation loss 84624.052734375
2022-01-24 14:10:05,898:INFO:Epoch 11, Training loss 84624.052734375, Validation loss 84624.052734375
2022-01-24 14:10:05,901:INFO:Detected stagant training, reset the weights
2022-01-24 14:10:08,302:INFO:Epoch 12, Training loss 84624.05859375, Validation loss 84624.052734375
2022-01-24 14:10:10,705:INFO:Epoch 13, Training loss 84624.052734375, Validation loss 84624.052734375
2022-01-24 14:10:10,708:INFO:Detected stagant training, reset the weights
2022-01-24 14:10:13,071:INFO:Epoch 14, Training loss 84624.052734375, Validation loss 84624.052734375
2022-01-24 14:10:13,074:INFO:Detected stagant training, reset the weights
2022-01-24 14:10:15,478:INFO:Epoch 15, Training loss 73951.3349609375, Validation loss 73746.8916015625
2022-01-24 14:10:17,842:INFO:Epoch 16, Training loss 73748.666015625, Validation loss 73786.5048828125
2022-01-24 14:10:20,277:INFO:Epoch 17, Training loss 73769.0537109375, Validation loss 73737.916015625
2022-01-24 14:10:22,655:INFO:Epoch 18, Training loss 73730.0927734375, Validation loss 73736.640625
2022-01-24 14:10:25,050:INFO:Epoch 19, Training loss 73737.0625, Validation loss 73737.89453125
2022-01-24 14:10:27,430:INFO:Epoch 20, Training loss 73730.181640625, Validation loss 73728.14453125
2022-01-24 14:10:29,860:INFO:Epoch 21, Training loss 73726.84765625, Validation loss 73730.916015625
2022-01-24 14:10:32,240:INFO:Epoch 22, Training loss 73727.9609375, Validation loss 73728.5498046875
2022-01-24 14:10:34,627:INFO:Epoch 23, Training loss 73725.314453125, Validation loss 73728.736328125
2022-01-24 14:10:37,010:INFO:Epoch 24, Training loss 73725.5009765625, Validation loss 73729.5283203125
2022-01-24 14:10:39,431:INFO:Epoch 25, Training loss 73724.77734375, Validation loss 73729.0654296875
2022-01-24 14:10:41,816:INFO:Epoch 26, Training loss 73724.2314453125, Validation loss 73729.6025390625
2022-01-24 14:10:44,199:INFO:Epoch 27, Training loss 73724.048828125, Validation loss 73729.75
2022-01-24 14:10:46,595:INFO:Epoch 28, Training loss 73723.810546875, Validation loss 73730.203125
2022-01-24 14:10:49,005:INFO:Epoch 29, Training loss 73723.4619140625, Validation loss 73730.185546875
2022-01-24 14:10:51,401:INFO:Epoch 30, Training loss 73723.40234375, Validation loss 73730.2109375
2022-01-24 14:10:53,772:INFO:Epoch 31, Training loss 73723.0068359375, Validation loss 73730.796875
2022-01-24 14:10:56,179:INFO:Epoch 32, Training loss 73722.6513671875, Validation loss 73731.0341796875
2022-01-24 14:10:58,580:INFO:Epoch 33, Training loss 73722.4609375, Validation loss 73731.32421875
2022-01-24 14:11:00,983:INFO:Epoch 34, Training loss 73722.173828125, Validation loss 73731.5771484375
2022-01-24 14:11:03,347:INFO:Epoch 35, Training loss 73721.955078125, Validation loss 73731.7265625
2022-01-24 14:11:05,763:INFO:Epoch 36, Training loss 73721.72265625, Validation loss 73731.9599609375
2022-01-24 14:11:08,136:INFO:Epoch 37, Training loss 73721.4169921875, Validation loss 73732.0439453125
2022-01-24 14:11:10,578:INFO:Epoch 38, Training loss 73721.203125, Validation loss 73732.205078125
2022-01-24 14:11:12,952:INFO:Epoch 39, Training loss 73720.8896484375, Validation loss 73732.3955078125
2022-01-24 14:11:15,352:INFO:Epoch 40, Training loss 73720.3701171875, Validation loss 73732.6357421875
2022-01-24 14:11:17,726:INFO:Epoch 41, Training loss 73720.029296875, Validation loss 73732.927734375
2022-01-24 14:11:20,151:INFO:Epoch 42, Training loss 73720.0478515625, Validation loss 73733.39453125
2022-01-24 14:11:22,529:INFO:Epoch 43, Training loss 73719.525390625, Validation loss 73733.90625
2022-01-24 14:11:24,922:INFO:Epoch 44, Training loss 73719.9208984375, Validation loss 73734.32421875
2022-01-24 14:11:27,306:INFO:Epoch 45, Training loss 73719.3994140625, Validation loss 73733.9599609375
2022-01-24 14:11:29,728:INFO:Epoch 46, Training loss 73718.9716796875, Validation loss 73733.8310546875
2022-01-24 14:11:32,121:INFO:Epoch 47, Training loss 73717.966796875, Validation loss 73734.2275390625
2022-01-24 14:11:34,512:INFO:Epoch 48, Training loss 73717.52734375, Validation loss 73734.3857421875
2022-01-24 14:11:36,905:INFO:Epoch 49, Training loss 73716.7841796875, Validation loss 73734.9423828125
2022-01-24 14:11:39,314:INFO:Epoch 50, Training loss 73716.3408203125, Validation loss 73735.43359375
2022-01-24 14:11:41,718:INFO:Epoch 51, Training loss 73715.765625, Validation loss 73736.16796875
2022-01-24 14:11:44,089:INFO:Epoch 52, Training loss 73714.927734375, Validation loss 73736.2822265625
2022-01-24 14:11:46,494:INFO:Epoch 53, Training loss 73714.7314453125, Validation loss 73736.4560546875
2022-01-24 14:11:48,902:INFO:Epoch 54, Training loss 73714.998046875, Validation loss 73736.3330078125
2022-01-24 14:11:51,314:INFO:Epoch 55, Training loss 73713.4345703125, Validation loss 73736.8544921875
2022-01-24 14:11:53,663:INFO:Epoch 56, Training loss 73712.603515625, Validation loss 73737.05859375
2022-01-24 14:11:56,065:INFO:Epoch 57, Training loss 73712.2978515625, Validation loss 73738.265625
2022-01-24 14:11:58,417:INFO:Epoch 58, Training loss 73711.0546875, Validation loss 73738.60546875
2022-01-24 14:12:00,835:INFO:Epoch 59, Training loss 73710.7080078125, Validation loss 73738.173828125
2022-01-24 14:12:03,202:INFO:Epoch 60, Training loss 73709.5673828125, Validation loss 73739.0576171875
2022-01-24 14:12:05,588:INFO:Epoch 61, Training loss 73709.38671875, Validation loss 73741.619140625
2022-01-24 14:12:07,949:INFO:Epoch 62, Training loss 73709.107421875, Validation loss 73741.685546875
2022-01-24 14:12:10,366:INFO:Epoch 63, Training loss 73707.142578125, Validation loss 73742.05859375
2022-01-24 14:12:12,730:INFO:Epoch 64, Training loss 73707.32421875, Validation loss 73741.38671875
2022-01-24 14:12:15,102:INFO:Epoch 65, Training loss 73706.4619140625, Validation loss 73742.841796875
2022-01-24 14:12:17,473:INFO:Epoch 66, Training loss 73705.8125, Validation loss 73743.068359375
2022-01-24 14:12:19,876:INFO:Epoch 67, Training loss 73705.0244140625, Validation loss 73746.041015625
2022-01-24 14:12:22,254:INFO:Epoch 68, Training loss 73703.9873046875, Validation loss 73745.763671875
2022-01-24 14:12:24,639:INFO:Epoch 69, Training loss 73704.2734375, Validation loss 73746.0576171875
2022-01-24 14:12:27,022:INFO:Epoch 70, Training loss 73702.61328125, Validation loss 73746.6796875
2022-01-24 14:12:27,027:INFO:Finished training
