2022-01-24 14:09:30,891:INFO:All directories created, ready to load the data
2022-01-24 14:09:30,949:INFO:Dataset loaded from /data/theorie/jthoeve/event_generation/events_high_stats/pT/lin/cHq3/events_17.npy
2022-01-24 14:09:30,955:INFO:Dataset loaded from /data/theorie/jthoeve/event_generation/events_high_stats/pT/sm/events_17.npy
2022-01-24 14:09:33,353:INFO:Epoch 1, Training loss 74407.515625, Validation loss 74010.23828125
2022-01-24 14:09:35,752:INFO:Epoch 2, Training loss 73889.6552734375, Validation loss 73821.548828125
2022-01-24 14:09:38,139:INFO:Epoch 3, Training loss 73819.29296875, Validation loss 73807.599609375
2022-01-24 14:09:40,555:INFO:Epoch 4, Training loss 73783.5537109375, Validation loss 73753.78515625
2022-01-24 14:09:42,937:INFO:Epoch 5, Training loss 73755.767578125, Validation loss 73752.833984375
2022-01-24 14:09:45,314:INFO:Epoch 6, Training loss 73760.0166015625, Validation loss 73756.7138671875
2022-01-24 14:09:47,708:INFO:Epoch 7, Training loss 73757.365234375, Validation loss 73749.8720703125
2022-01-24 14:09:50,117:INFO:Epoch 8, Training loss 73751.849609375, Validation loss 73749.7880859375
2022-01-24 14:09:52,524:INFO:Epoch 9, Training loss 73751.6240234375, Validation loss 73750.177734375
2022-01-24 14:09:54,891:INFO:Epoch 10, Training loss 73749.5888671875, Validation loss 73749.1279296875
2022-01-24 14:09:57,286:INFO:Epoch 11, Training loss 73748.3916015625, Validation loss 73750.1025390625
2022-01-24 14:09:59,685:INFO:Epoch 12, Training loss 73748.69921875, Validation loss 73750.5703125
2022-01-24 14:10:02,080:INFO:Epoch 13, Training loss 73747.9873046875, Validation loss 73750.8837890625
2022-01-24 14:10:04,430:INFO:Epoch 14, Training loss 73747.853515625, Validation loss 73751.0830078125
2022-01-24 14:10:06,819:INFO:Epoch 15, Training loss 73747.630859375, Validation loss 73751.0078125
2022-01-24 14:10:09,173:INFO:Epoch 16, Training loss 73747.3984375, Validation loss 73750.9794921875
2022-01-24 14:10:11,588:INFO:Epoch 17, Training loss 73747.2744140625, Validation loss 73750.7294921875
2022-01-24 14:10:13,948:INFO:Epoch 18, Training loss 73747.068359375, Validation loss 73750.8857421875
2022-01-24 14:10:16,334:INFO:Epoch 19, Training loss 73746.8994140625, Validation loss 73750.7490234375
2022-01-24 14:10:18,704:INFO:Epoch 20, Training loss 73746.7841796875, Validation loss 73750.8046875
2022-01-24 14:10:21,114:INFO:Epoch 21, Training loss 73746.5927734375, Validation loss 73750.9248046875
2022-01-24 14:10:23,481:INFO:Epoch 22, Training loss 73746.5224609375, Validation loss 73751.1533203125
2022-01-24 14:10:25,859:INFO:Epoch 23, Training loss 73746.24609375, Validation loss 73751.2451171875
2022-01-24 14:10:28,229:INFO:Epoch 24, Training loss 73746.0966796875, Validation loss 73751.3115234375
2022-01-24 14:10:30,639:INFO:Epoch 25, Training loss 73745.9912109375, Validation loss 73751.2158203125
2022-01-24 14:10:33,014:INFO:Epoch 26, Training loss 73745.8505859375, Validation loss 73751.19140625
2022-01-24 14:10:35,391:INFO:Epoch 27, Training loss 73745.7451171875, Validation loss 73751.4736328125
2022-01-24 14:10:37,776:INFO:Epoch 28, Training loss 73745.6083984375, Validation loss 73751.8125
2022-01-24 14:10:40,170:INFO:Epoch 29, Training loss 73745.3359375, Validation loss 73751.91796875
2022-01-24 14:10:42,553:INFO:Epoch 30, Training loss 73745.3935546875, Validation loss 73751.56640625
2022-01-24 14:10:44,908:INFO:Epoch 31, Training loss 73745.0263671875, Validation loss 73751.6142578125
2022-01-24 14:10:47,306:INFO:Epoch 32, Training loss 73744.8759765625, Validation loss 73751.826171875
2022-01-24 14:10:49,700:INFO:Epoch 33, Training loss 73744.7587890625, Validation loss 73751.951171875
2022-01-24 14:10:52,095:INFO:Epoch 34, Training loss 73744.5419921875, Validation loss 73751.974609375
2022-01-24 14:10:54,438:INFO:Epoch 35, Training loss 73744.296875, Validation loss 73752.0537109375
2022-01-24 14:10:56,832:INFO:Epoch 36, Training loss 73744.2158203125, Validation loss 73752.2158203125
2022-01-24 14:10:59,186:INFO:Epoch 37, Training loss 73744.1005859375, Validation loss 73752.5458984375
2022-01-24 14:11:01,609:INFO:Epoch 38, Training loss 73743.8251953125, Validation loss 73752.525390625
2022-01-24 14:11:03,970:INFO:Epoch 39, Training loss 73743.69140625, Validation loss 73752.7587890625
2022-01-24 14:11:06,363:INFO:Epoch 40, Training loss 73743.5244140625, Validation loss 73752.50390625
2022-01-24 14:11:08,728:INFO:Epoch 41, Training loss 73743.32421875, Validation loss 73752.7041015625
2022-01-24 14:11:11,139:INFO:Epoch 42, Training loss 73743.1083984375, Validation loss 73752.9111328125
2022-01-24 14:11:13,514:INFO:Epoch 43, Training loss 73743.20703125, Validation loss 73752.8623046875
2022-01-24 14:11:15,892:INFO:Epoch 44, Training loss 73742.712890625, Validation loss 73753.205078125
2022-01-24 14:11:18,270:INFO:Epoch 45, Training loss 73742.8388671875, Validation loss 73753.517578125
2022-01-24 14:11:20,677:INFO:Epoch 46, Training loss 73742.6513671875, Validation loss 73753.6611328125
2022-01-24 14:11:23,054:INFO:Epoch 47, Training loss 73742.1083984375, Validation loss 73753.5693359375
2022-01-24 14:11:25,426:INFO:Epoch 48, Training loss 73741.9296875, Validation loss 73753.53125
2022-01-24 14:11:27,806:INFO:Epoch 49, Training loss 73741.5849609375, Validation loss 73753.58984375
2022-01-24 14:11:30,200:INFO:Epoch 50, Training loss 73741.474609375, Validation loss 73753.6201171875
2022-01-24 14:11:32,583:INFO:Epoch 51, Training loss 73741.15625, Validation loss 73754.1513671875
2022-01-24 14:11:34,946:INFO:Epoch 52, Training loss 73741.0576171875, Validation loss 73753.9033203125
2022-01-24 14:11:37,341:INFO:Epoch 53, Training loss 73740.783203125, Validation loss 73754.330078125
2022-01-24 14:11:39,730:INFO:Epoch 54, Training loss 73740.28125, Validation loss 73754.9912109375
2022-01-24 14:11:42,126:INFO:Epoch 55, Training loss 73740.001953125, Validation loss 73754.4716796875
2022-01-24 14:11:44,481:INFO:Epoch 56, Training loss 73739.662109375, Validation loss 73754.642578125
2022-01-24 14:11:46,880:INFO:Epoch 57, Training loss 73739.4150390625, Validation loss 73754.8310546875
2022-01-24 14:11:49,234:INFO:Epoch 58, Training loss 73739.291015625, Validation loss 73755.546875
2022-01-24 14:11:51,656:INFO:Epoch 59, Training loss 73738.2998046875, Validation loss 73755.375
2022-01-24 14:11:54,022:INFO:Epoch 60, Training loss 73738.228515625, Validation loss 73755.1748046875
2022-01-24 14:11:54,028:INFO:Finished training
