1.601220078125000000e+05
1.394319492187500000e+05
1.256030566406250000e+05
1.171248398437500000e+05
1.124091406250000000e+05
1.101282285156250000e+05
1.094014218750000000e+05
1.094160546875000000e+05
1.095294511718750000e+05
1.095020156250000000e+05
1.093878886718750000e+05
1.092774453125000000e+05
1.092123554687500000e+05
1.091835546875000000e+05
1.091705273437500000e+05
1.091574453125000000e+05
1.091404863281250000e+05
1.091213164062500000e+05
1.091035332031250000e+05
1.090869765625000000e+05
1.090709687500000000e+05
1.090553398437500000e+05
1.090388105468750000e+05
1.090224628906250000e+05
1.090058574218750000e+05
1.089889609375000000e+05
1.089718476562500000e+05
1.089547792968750000e+05
1.089367929687500000e+05
1.089179238281250000e+05
1.088993476562500000e+05
1.088797968750000000e+05
1.088597402343750000e+05
1.088397167968750000e+05
1.088192617187500000e+05
1.087983183593750000e+05
1.087763906250000000e+05
1.087543906250000000e+05
1.087326503906250000e+05
1.087099707031250000e+05
1.086871484375000000e+05
1.086653847656250000e+05
1.086435371093750000e+05
1.086214863281250000e+05
1.086011894531250000e+05
1.085802460937500000e+05
1.085606074218750000e+05
1.085412695312500000e+05
1.085245136718750000e+05
1.085108437500000000e+05
1.084994882812500000e+05
1.084914257812500000e+05
1.084839238281250000e+05
1.084789160156250000e+05
1.084732968750000000e+05
1.084689238281250000e+05
1.084654082031250000e+05
1.084628359375000000e+05
1.084602519531250000e+05
1.084579082031250000e+05
1.084564550781250000e+05
1.084541523437500000e+05
1.084540351562500000e+05
1.084513632812500000e+05
1.084491171875000000e+05
1.084492539062500000e+05
1.084475957031250000e+05
1.084455957031250000e+05
1.084449531250000000e+05
1.084436562500000000e+05
1.084426699218750000e+05
1.084420976562500000e+05
1.084403808593750000e+05
1.084391914062500000e+05
1.084391386718750000e+05
1.084375761718750000e+05
1.084375488281250000e+05
1.084368710937500000e+05
1.084356445312500000e+05
1.084355292968750000e+05
1.084355410156250000e+05
1.084344101562500000e+05
1.084332871093750000e+05
1.084330488281250000e+05
1.084319140625000000e+05
1.084314960937500000e+05
1.084309355468750000e+05
1.084301621093750000e+05
1.084296054687500000e+05
1.084291718750000000e+05
1.084294511718750000e+05
1.084292460937500000e+05
1.084281777343750000e+05
1.084281855468750000e+05
1.084267929687500000e+05
1.084264609375000000e+05
1.084260937500000000e+05
1.084263847656250000e+05
1.084265839843750000e+05
1.084253359375000000e+05
1.084247382812500000e+05
1.084241855468750000e+05
1.084240976562500000e+05
1.084235527343750000e+05
1.084242070312500000e+05
1.084236289062500000e+05
1.084227792968750000e+05
1.084228925781250000e+05
1.084219375000000000e+05
1.084213281250000000e+05
1.084210800781250000e+05
1.084208515625000000e+05
1.084204218750000000e+05
1.084198339843750000e+05
1.084198378906250000e+05
1.084199843750000000e+05
1.084195566406250000e+05
1.084193886718750000e+05
1.084192558593750000e+05
1.084184023437500000e+05
1.084183437500000000e+05
1.084181289062500000e+05
1.084178144531250000e+05
1.084176093750000000e+05
1.084170292968750000e+05
1.084177207031250000e+05
1.084169589843750000e+05
1.084166054687500000e+05
1.084169785156250000e+05
1.084163984375000000e+05
1.084162597656250000e+05
1.084160898437500000e+05
1.084153027343750000e+05
1.084166875000000000e+05
1.084152695312500000e+05
1.084154394531250000e+05
1.084154218750000000e+05
1.084151679687500000e+05
1.084152285156250000e+05
1.084149160156250000e+05
1.084138378906250000e+05
1.084142363281250000e+05
1.084142734375000000e+05
1.084145058593750000e+05
1.084139628906250000e+05
1.084135664062500000e+05
1.084143320312500000e+05
1.084132890625000000e+05
1.084132929687500000e+05
1.084128320312500000e+05
1.084128300781250000e+05
1.084121738281250000e+05
1.084123320312500000e+05
1.084117871093750000e+05
1.084130820312500000e+05
1.084127871093750000e+05
1.084122460937500000e+05
1.084140312500000000e+05
1.084121035156250000e+05
1.084116621093750000e+05
1.084108886718750000e+05
1.084109589843750000e+05
1.084106093750000000e+05
1.084101503906250000e+05
1.084101328125000000e+05
1.084112480468750000e+05
1.084104726562500000e+05
1.084101679687500000e+05
1.084092207031250000e+05
1.084106640625000000e+05
1.084092382812500000e+05
1.084094453125000000e+05
1.084088632812500000e+05
1.084091445312500000e+05
1.084099121093750000e+05
1.084095234375000000e+05
1.084099433593750000e+05
1.084084160156250000e+05
1.084079843750000000e+05
1.084084160156250000e+05
1.084077773437500000e+05
1.084089921875000000e+05
1.084095273437500000e+05
1.084080312500000000e+05
1.084080312500000000e+05
1.084077792968750000e+05
1.084070449218750000e+05
1.084063437500000000e+05
1.084062812500000000e+05
1.084057480468750000e+05
1.084073769531250000e+05
1.084086464843750000e+05
1.084059003906250000e+05
1.084072890625000000e+05
1.084064511718750000e+05
1.084053652343750000e+05
1.084066386718750000e+05
1.084051152343750000e+05
1.084059550781250000e+05
1.084048222656250000e+05
1.084050429687500000e+05
1.084075507812500000e+05
1.084031972656250000e+05
1.084061445312500000e+05
1.084048613281250000e+05
1.084039765625000000e+05
1.084052910156250000e+05
1.084051699218750000e+05
1.084038496093750000e+05
1.084056152343750000e+05
1.084054589843750000e+05
1.084044765625000000e+05
1.084038691406250000e+05
1.084025273437500000e+05
1.084034667968750000e+05
1.084035156250000000e+05
1.084019882812500000e+05
1.084025859375000000e+05
1.084021347656250000e+05
1.084020781250000000e+05
1.084016835937500000e+05
1.084025664062500000e+05
1.084013945312500000e+05
1.084012949218750000e+05
1.084020625000000000e+05
1.084022578125000000e+05
1.084017929687500000e+05
1.084015312500000000e+05
1.084029160156250000e+05
1.084010449218750000e+05
1.084007011718750000e+05
1.084032343750000000e+05
1.084015859375000000e+05
1.083999628906250000e+05
1.084025859375000000e+05
1.084013964843750000e+05
1.083992246093750000e+05
1.084001406250000000e+05
1.084002011718750000e+05
1.083999238281250000e+05
1.083993164062500000e+05
1.084020859375000000e+05
1.084001582031250000e+05
1.084008339843750000e+05
1.083997421875000000e+05
1.083996015625000000e+05
1.083996660156250000e+05
1.083996152343750000e+05
1.084034042968750000e+05
1.083986816406250000e+05
1.083981230468750000e+05
1.083971933593750000e+05
1.083977539062500000e+05
1.083991093750000000e+05
1.083986113281250000e+05
1.083985996093750000e+05
1.084020117187500000e+05
1.083981347656250000e+05
