2022-01-24 14:05:53,355:INFO:All directories created, ready to load the data
2022-01-24 14:05:53,458:INFO:Dataset loaded from /data/theorie/jthoeve/event_generation/events_high_stats/pT/lin/cHW/events_9.npy
2022-01-24 14:05:53,539:INFO:Dataset loaded from /data/theorie/jthoeve/event_generation/events_high_stats/pT/sm/events_9.npy
2022-01-24 14:05:55,983:INFO:Epoch 1, Training loss 208082.40234375, Validation loss 208082.40234375
2022-01-24 14:05:58,386:INFO:Epoch 2, Training loss 208082.40234375, Validation loss 208082.40234375
2022-01-24 14:06:00,783:INFO:Epoch 3, Training loss 208082.40234375, Validation loss 208082.40234375
2022-01-24 14:06:03,233:INFO:Epoch 4, Training loss 208082.40234375, Validation loss 208082.40234375
2022-01-24 14:06:05,696:INFO:Epoch 5, Training loss 208082.40234375, Validation loss 208082.40234375
2022-01-24 14:06:08,163:INFO:Epoch 6, Training loss 208082.40234375, Validation loss 208082.40234375
2022-01-24 14:06:10,628:INFO:Epoch 7, Training loss 208082.40234375, Validation loss 208082.40234375
2022-01-24 14:06:13,118:INFO:Epoch 8, Training loss 208082.40234375, Validation loss 208082.40234375
2022-01-24 14:06:15,590:INFO:Epoch 9, Training loss 208082.40234375, Validation loss 208082.40234375
2022-01-24 14:06:18,028:INFO:Epoch 10, Training loss 208082.40234375, Validation loss 208082.40234375
2022-01-24 14:06:20,507:INFO:Epoch 11, Training loss 208082.40234375, Validation loss 208082.40234375
2022-01-24 14:06:20,510:INFO:Detected stagant training, reset the weights
2022-01-24 14:06:22,988:INFO:Epoch 12, Training loss 201124.57421875, Validation loss 176425.4921875
2022-01-24 14:06:25,477:INFO:Epoch 13, Training loss 158974.162109375, Validation loss 137962.783203125
2022-01-24 14:06:28,201:INFO:Epoch 14, Training loss 128892.50390625, Validation loss 118486.7109375
2022-01-24 14:06:30,700:INFO:Epoch 15, Training loss 114715.7578125, Validation loss 111058.94921875
2022-01-24 14:06:33,156:INFO:Epoch 16, Training loss 110167.515625, Validation loss 109724.765625
2022-01-24 14:06:35,688:INFO:Epoch 17, Training loss 109804.015625, Validation loss 110137.974609375
2022-01-24 14:06:38,154:INFO:Epoch 18, Training loss 110153.078125, Validation loss 110201.384765625
2022-01-24 14:06:40,632:INFO:Epoch 19, Training loss 109997.296875, Validation loss 109805.017578125
2022-01-24 14:06:43,086:INFO:Epoch 20, Training loss 109582.41015625, Validation loss 109453.9296875
2022-01-24 14:06:45,604:INFO:Epoch 21, Training loss 109349.720703125, Validation loss 109399.7265625
2022-01-24 14:06:48,064:INFO:Epoch 22, Training loss 109351.5625, Validation loss 109410.3046875
2022-01-24 14:06:50,528:INFO:Epoch 23, Training loss 109313.728515625, Validation loss 109315.357421875
2022-01-24 14:06:52,995:INFO:Epoch 24, Training loss 109229.427734375, Validation loss 109257.97265625
2022-01-24 14:06:55,483:INFO:Epoch 25, Training loss 109191.00390625, Validation loss 109229.712890625
2022-01-24 14:06:57,946:INFO:Epoch 26, Training loss 109159.9375, Validation loss 109185.796875
2022-01-24 14:07:00,415:INFO:Epoch 27, Training loss 109116.400390625, Validation loss 109143.712890625
2022-01-24 14:07:02,891:INFO:Epoch 28, Training loss 109079.09765625, Validation loss 109106.513671875
2022-01-24 14:07:05,384:INFO:Epoch 29, Training loss 109041.90234375, Validation loss 109063.80859375
2022-01-24 14:07:07,866:INFO:Epoch 30, Training loss 108998.6953125, Validation loss 109020.212890625
2022-01-24 14:07:10,321:INFO:Epoch 31, Training loss 108955.2421875, Validation loss 108978.333984375
2022-01-24 14:07:12,814:INFO:Epoch 32, Training loss 108913.8203125, Validation loss 108934.90234375
2022-01-24 14:07:15,300:INFO:Epoch 33, Training loss 108872.0859375, Validation loss 108892.6640625
2022-01-24 14:07:17,785:INFO:Epoch 34, Training loss 108830.486328125, Validation loss 108850.259765625
2022-01-24 14:07:20,228:INFO:Epoch 35, Training loss 108788.119140625, Validation loss 108807.837890625
2022-01-24 14:07:22,727:INFO:Epoch 36, Training loss 108746.626953125, Validation loss 108763.669921875
2022-01-24 14:07:25,170:INFO:Epoch 37, Training loss 108708.736328125, Validation loss 108724.62109375
2022-01-24 14:07:27,689:INFO:Epoch 38, Training loss 108672.24609375, Validation loss 108689.728515625
2022-01-24 14:07:30,157:INFO:Epoch 39, Training loss 108639.884765625, Validation loss 108661.08203125
2022-01-24 14:07:32,718:INFO:Epoch 40, Training loss 108614.70703125, Validation loss 108637.4140625
2022-01-24 14:07:35,184:INFO:Epoch 41, Training loss 108592.986328125, Validation loss 108618.970703125
2022-01-24 14:07:37,706:INFO:Epoch 42, Training loss 108576.685546875, Validation loss 108604.970703125
2022-01-24 14:07:40,168:INFO:Epoch 43, Training loss 108563.4140625, Validation loss 108595.205078125
2022-01-24 14:07:42,645:INFO:Epoch 44, Training loss 108553.751953125, Validation loss 108589.322265625
2022-01-24 14:07:45,126:INFO:Epoch 45, Training loss 108547.318359375, Validation loss 108584.166015625
2022-01-24 14:07:47,635:INFO:Epoch 46, Training loss 108541.322265625, Validation loss 108582.22265625
2022-01-24 14:07:50,119:INFO:Epoch 47, Training loss 108536.521484375, Validation loss 108581.826171875
2022-01-24 14:07:52,598:INFO:Epoch 48, Training loss 108533.12109375, Validation loss 108580.85546875
2022-01-24 14:07:55,092:INFO:Epoch 49, Training loss 108529.82421875, Validation loss 108579.82421875
2022-01-24 14:07:57,594:INFO:Epoch 50, Training loss 108525.37109375, Validation loss 108577.986328125
2022-01-24 14:08:00,084:INFO:Epoch 51, Training loss 108520.92578125, Validation loss 108578.7109375
2022-01-24 14:08:02,552:INFO:Epoch 52, Training loss 108521.908203125, Validation loss 108573.166015625
2022-01-24 14:08:05,053:INFO:Epoch 53, Training loss 108515.24609375, Validation loss 108569.58203125
2022-01-24 14:08:07,546:INFO:Epoch 54, Training loss 108512.076171875, Validation loss 108570.552734375
2022-01-24 14:08:10,044:INFO:Epoch 55, Training loss 108509.4296875, Validation loss 108570.09375
2022-01-24 14:08:12,506:INFO:Epoch 56, Training loss 108506.78125, Validation loss 108571.796875
2022-01-24 14:08:15,017:INFO:Epoch 57, Training loss 108502.833984375, Validation loss 108565.66796875
2022-01-24 14:08:17,475:INFO:Epoch 58, Training loss 108500.65625, Validation loss 108564.10546875
2022-01-24 14:08:20,003:INFO:Epoch 59, Training loss 108499.576171875, Validation loss 108562.44140625
2022-01-24 14:08:22,456:INFO:Epoch 60, Training loss 108497.044921875, Validation loss 108564.052734375
2022-01-24 14:08:24,952:INFO:Epoch 61, Training loss 108495.962890625, Validation loss 108562.509765625
2022-01-24 14:08:27,423:INFO:Epoch 62, Training loss 108493.109375, Validation loss 108561.00390625
2022-01-24 14:08:29,947:INFO:Epoch 63, Training loss 108491.0234375, Validation loss 108560.73046875
2022-01-24 14:08:32,420:INFO:Epoch 64, Training loss 108489.23046875, Validation loss 108560.75
2022-01-24 14:08:34,908:INFO:Epoch 65, Training loss 108488.5, Validation loss 108559.53515625
2022-01-24 14:08:37,383:INFO:Epoch 66, Training loss 108487.662109375, Validation loss 108559.283203125
2022-01-24 14:08:39,885:INFO:Epoch 67, Training loss 108484.8671875, Validation loss 108557.61328125
2022-01-24 14:08:42,364:INFO:Epoch 68, Training loss 108485.76171875, Validation loss 108560.64453125
2022-01-24 14:08:44,839:INFO:Epoch 69, Training loss 108484.015625, Validation loss 108557.78515625
2022-01-24 14:08:47,332:INFO:Epoch 70, Training loss 108483.501953125, Validation loss 108558.251953125
2022-01-24 14:08:49,832:INFO:Epoch 71, Training loss 108481.71484375, Validation loss 108561.294921875
2022-01-24 14:08:52,324:INFO:Epoch 72, Training loss 108483.220703125, Validation loss 108560.810546875
2022-01-24 14:08:54,784:INFO:Epoch 73, Training loss 108481.703125, Validation loss 108556.826171875
2022-01-24 14:08:57,280:INFO:Epoch 74, Training loss 108479.884765625, Validation loss 108558.85546875
2022-01-24 14:08:59,771:INFO:Epoch 75, Training loss 108478.38671875, Validation loss 108559.021484375
2022-01-24 14:09:02,261:INFO:Epoch 76, Training loss 108477.84765625, Validation loss 108561.244140625
2022-01-24 14:09:04,710:INFO:Epoch 77, Training loss 108476.90234375, Validation loss 108558.173828125
2022-01-24 14:09:07,219:INFO:Epoch 78, Training loss 108477.880859375, Validation loss 108556.99609375
2022-01-24 14:09:09,688:INFO:Epoch 79, Training loss 108476.068359375, Validation loss 108559.119140625
2022-01-24 14:09:12,221:INFO:Epoch 80, Training loss 108474.931640625, Validation loss 108555.93359375
2022-01-24 14:09:14,680:INFO:Epoch 81, Training loss 108475.94921875, Validation loss 108558.681640625
2022-01-24 14:09:17,177:INFO:Epoch 82, Training loss 108476.056640625, Validation loss 108560.97265625
2022-01-24 14:09:19,655:INFO:Epoch 83, Training loss 108472.7421875, Validation loss 108555.673828125
2022-01-24 14:09:22,180:INFO:Epoch 84, Training loss 108471.91015625, Validation loss 108555.52734375
2022-01-24 14:09:24,647:INFO:Epoch 85, Training loss 108470.78515625, Validation loss 108556.71484375
2022-01-24 14:09:27,123:INFO:Epoch 86, Training loss 108470.54296875, Validation loss 108561.04296875
2022-01-24 14:09:29,613:INFO:Epoch 87, Training loss 108470.6015625, Validation loss 108559.376953125
2022-01-24 14:09:32,131:INFO:Epoch 88, Training loss 108470.146484375, Validation loss 108555.6875
2022-01-24 14:09:34,617:INFO:Epoch 89, Training loss 108469.46875, Validation loss 108555.623046875
2022-01-24 14:09:37,104:INFO:Epoch 90, Training loss 108469.0625, Validation loss 108557.990234375
2022-01-24 14:09:39,612:INFO:Epoch 91, Training loss 108468.626953125, Validation loss 108556.552734375
2022-01-24 14:09:42,128:INFO:Epoch 92, Training loss 108469.294921875, Validation loss 108560.375
2022-01-24 14:09:44,626:INFO:Epoch 93, Training loss 108467.517578125, Validation loss 108554.8359375
2022-01-24 14:09:47,106:INFO:Epoch 94, Training loss 108467.037109375, Validation loss 108555.927734375
2022-01-24 14:09:49,614:INFO:Epoch 95, Training loss 108467.197265625, Validation loss 108559.3828125
2022-01-24 14:09:52,121:INFO:Epoch 96, Training loss 108467.654296875, Validation loss 108560.509765625
2022-01-24 14:09:54,635:INFO:Epoch 97, Training loss 108465.271484375, Validation loss 108554.201171875
2022-01-24 14:09:57,110:INFO:Epoch 98, Training loss 108466.4609375, Validation loss 108557.751953125
2022-01-24 14:09:59,622:INFO:Epoch 99, Training loss 108465.08984375, Validation loss 108558.697265625
2022-01-24 14:10:02,102:INFO:Epoch 100, Training loss 108464.912109375, Validation loss 108559.568359375
2022-01-24 14:10:04,642:INFO:Epoch 101, Training loss 108466.09375, Validation loss 108557.7109375
2022-01-24 14:10:07,121:INFO:Epoch 102, Training loss 108465.951171875, Validation loss 108558.8125
2022-01-24 14:10:09,630:INFO:Epoch 103, Training loss 108465.896484375, Validation loss 108558.55859375
2022-01-24 14:10:12,116:INFO:Epoch 104, Training loss 108464.623046875, Validation loss 108558.40234375
2022-01-24 14:10:14,653:INFO:Epoch 105, Training loss 108463.806640625, Validation loss 108556.73828125
2022-01-24 14:10:17,134:INFO:Epoch 106, Training loss 108463.5703125, Validation loss 108557.546875
2022-01-24 14:10:19,629:INFO:Epoch 107, Training loss 108461.97265625, Validation loss 108558.11328125
2022-01-24 14:10:22,127:INFO:Epoch 108, Training loss 108461.919921875, Validation loss 108558.095703125
2022-01-24 14:10:24,651:INFO:Epoch 109, Training loss 108462.306640625, Validation loss 108559.791015625
2022-01-24 14:10:27,153:INFO:Epoch 110, Training loss 108462.009765625, Validation loss 108557.458984375
2022-01-24 14:10:29,653:INFO:Epoch 111, Training loss 108463.017578125, Validation loss 108555.587890625
2022-01-24 14:10:32,162:INFO:Epoch 112, Training loss 108460.01953125, Validation loss 108560.880859375
2022-01-24 14:10:34,688:INFO:Epoch 113, Training loss 108462.677734375, Validation loss 108561.720703125
2022-01-24 14:10:37,203:INFO:Epoch 114, Training loss 108459.908203125, Validation loss 108555.953125
2022-01-24 14:10:39,688:INFO:Epoch 115, Training loss 108461.162109375, Validation loss 108558.2734375
2022-01-24 14:10:42,204:INFO:Epoch 116, Training loss 108460.912109375, Validation loss 108560.365234375
2022-01-24 14:10:44,705:INFO:Epoch 117, Training loss 108460.890625, Validation loss 108560.1875
2022-01-24 14:10:47,219:INFO:Epoch 118, Training loss 108459.28515625, Validation loss 108558.802734375
2022-01-24 14:10:49,689:INFO:Epoch 119, Training loss 108459.099609375, Validation loss 108557.087890625
2022-01-24 14:10:52,211:INFO:Epoch 120, Training loss 108457.744140625, Validation loss 108557.966796875
2022-01-24 14:10:54,695:INFO:Epoch 121, Training loss 108457.806640625, Validation loss 108559.68359375
2022-01-24 14:10:57,250:INFO:Epoch 122, Training loss 108457.29296875, Validation loss 108557.447265625
2022-01-24 14:10:59,740:INFO:Epoch 123, Training loss 108459.73828125, Validation loss 108557.318359375
2022-01-24 14:11:02,250:INFO:Epoch 124, Training loss 108456.51171875, Validation loss 108562.96875
2022-01-24 14:11:04,736:INFO:Epoch 125, Training loss 108459.1953125, Validation loss 108561.7421875
2022-01-24 14:11:07,266:INFO:Epoch 126, Training loss 108456.26953125, Validation loss 108556.923828125
2022-01-24 14:11:09,762:INFO:Epoch 127, Training loss 108456.236328125, Validation loss 108557.5390625
2022-01-24 14:11:12,265:INFO:Epoch 128, Training loss 108456.52734375, Validation loss 108559.994140625
2022-01-24 14:11:14,769:INFO:Epoch 129, Training loss 108459.2890625, Validation loss 108562.185546875
2022-01-24 14:11:17,304:INFO:Epoch 130, Training loss 108456.302734375, Validation loss 108558.021484375
2022-01-24 14:11:19,804:INFO:Epoch 131, Training loss 108455.791015625, Validation loss 108558.12109375
2022-01-24 14:11:22,272:INFO:Epoch 132, Training loss 108455.541015625, Validation loss 108560.603515625
2022-01-24 14:11:24,700:INFO:Epoch 133, Training loss 108455.953125, Validation loss 108561.826171875
2022-01-24 14:11:27,144:INFO:Epoch 134, Training loss 108455.283203125, Validation loss 108563.591796875
2022-01-24 14:11:29,569:INFO:Epoch 135, Training loss 108456.212890625, Validation loss 108561.47265625
2022-01-24 14:11:31,964:INFO:Epoch 136, Training loss 108454.056640625, Validation loss 108558.640625
2022-01-24 14:11:34,398:INFO:Epoch 137, Training loss 108453.30859375, Validation loss 108558.150390625
2022-01-24 14:11:36,828:INFO:Epoch 138, Training loss 108453.478515625, Validation loss 108561.1171875
2022-01-24 14:11:39,263:INFO:Epoch 139, Training loss 108453.095703125, Validation loss 108557.73046875
2022-01-24 14:11:41,649:INFO:Epoch 140, Training loss 108453.548828125, Validation loss 108561.01953125
2022-01-24 14:11:44,089:INFO:Epoch 141, Training loss 108452.78125, Validation loss 108560.91015625
2022-01-24 14:11:46,482:INFO:Epoch 142, Training loss 108453.603515625, Validation loss 108560.2109375
2022-01-24 14:11:48,940:INFO:Epoch 143, Training loss 108453.345703125, Validation loss 108562.37109375
2022-01-24 14:11:51,333:INFO:Epoch 144, Training loss 108452.609375, Validation loss 108563.53125
2022-01-24 14:11:53,754:INFO:Epoch 145, Training loss 108452.802734375, Validation loss 108558.55078125
2022-01-24 14:11:56,160:INFO:Epoch 146, Training loss 108455.36328125, Validation loss 108561.81640625
2022-01-24 14:11:58,612:INFO:Epoch 147, Training loss 108457.109375, Validation loss 108568.05859375
2022-01-24 14:11:58,618:INFO:Finished training
