2022-01-24 14:05:53,171:INFO:All directories created, ready to load the data
2022-01-24 14:05:53,233:INFO:Dataset loaded from /data/theorie/jthoeve/event_generation/events_high_stats/pT/lin/cHW/events_6.npy
2022-01-24 14:05:53,327:INFO:Dataset loaded from /data/theorie/jthoeve/event_generation/events_high_stats/pT/sm/events_6.npy
2022-01-24 14:05:55,754:INFO:Epoch 1, Training loss 167489.197265625, Validation loss 154152.21484375
2022-01-24 14:05:58,141:INFO:Epoch 2, Training loss 147463.119140625, Validation loss 138775.986328125
2022-01-24 14:06:00,504:INFO:Epoch 3, Training loss 134140.95703125, Validation loss 127929.224609375
2022-01-24 14:06:02,924:INFO:Epoch 4, Training loss 124403.685546875, Validation loss 119813.36328125
2022-01-24 14:06:05,358:INFO:Epoch 5, Training loss 117271.875, Validation loss 114047.755859375
2022-01-24 14:06:07,799:INFO:Epoch 6, Training loss 112466.685546875, Validation loss 110761.8125
2022-01-24 14:06:10,246:INFO:Epoch 7, Training loss 110134.052734375, Validation loss 109664.91015625
2022-01-24 14:06:12,713:INFO:Epoch 8, Training loss 109603.54296875, Validation loss 109726.30859375
2022-01-24 14:06:15,164:INFO:Epoch 9, Training loss 109780.41796875, Validation loss 109896.7421875
2022-01-24 14:06:17,586:INFO:Epoch 10, Training loss 109842.845703125, Validation loss 109797.7109375
2022-01-24 14:06:20,046:INFO:Epoch 11, Training loss 109682.91796875, Validation loss 109584.55078125
2022-01-24 14:06:22,510:INFO:Epoch 12, Training loss 109480.49609375, Validation loss 109419.982421875
2022-01-24 14:06:24,972:INFO:Epoch 13, Training loss 109350.95703125, Validation loss 109335.60546875
2022-01-24 14:06:27,396:INFO:Epoch 14, Training loss 109288.669921875, Validation loss 109292.203125
2022-01-24 14:06:29,868:INFO:Epoch 15, Training loss 109251.91796875, Validation loss 109252.04296875
2022-01-24 14:06:32,290:INFO:Epoch 16, Training loss 109211.998046875, Validation loss 109205.998046875
2022-01-24 14:06:34,783:INFO:Epoch 17, Training loss 109167.890625, Validation loss 109158.65234375
2022-01-24 14:06:37,207:INFO:Epoch 18, Training loss 109124.6953125, Validation loss 109113.533203125
2022-01-24 14:06:39,671:INFO:Epoch 19, Training loss 109084.458984375, Validation loss 109070.08203125
2022-01-24 14:06:42,100:INFO:Epoch 20, Training loss 109043.888671875, Validation loss 109028.171875
2022-01-24 14:06:44,584:INFO:Epoch 21, Training loss 109005.064453125, Validation loss 108986.0703125
2022-01-24 14:06:47,015:INFO:Epoch 22, Training loss 108966.1953125, Validation loss 108942.9921875
2022-01-24 14:06:49,464:INFO:Epoch 23, Training loss 108925.921875, Validation loss 108899.90234375
2022-01-24 14:06:51,917:INFO:Epoch 24, Training loss 108885.51953125, Validation loss 108856.4921875
2022-01-24 14:06:54,395:INFO:Epoch 25, Training loss 108845.568359375, Validation loss 108813.203125
2022-01-24 14:06:56,845:INFO:Epoch 26, Training loss 108806.62890625, Validation loss 108770.6640625
2022-01-24 14:06:59,281:INFO:Epoch 27, Training loss 108771.0546875, Validation loss 108730.09765625
2022-01-24 14:07:01,747:INFO:Epoch 28, Training loss 108736.1171875, Validation loss 108695.25390625
2022-01-24 14:07:04,221:INFO:Epoch 29, Training loss 108705.7109375, Validation loss 108665.44140625
2022-01-24 14:07:06,679:INFO:Epoch 30, Training loss 108681.916015625, Validation loss 108639.84375
2022-01-24 14:07:09,111:INFO:Epoch 31, Training loss 108664.291015625, Validation loss 108619.04296875
2022-01-24 14:07:11,583:INFO:Epoch 32, Training loss 108648.923828125, Validation loss 108602.39453125
2022-01-24 14:07:14,051:INFO:Epoch 33, Training loss 108637.99609375, Validation loss 108590.16796875
2022-01-24 14:07:16,510:INFO:Epoch 34, Training loss 108629.41015625, Validation loss 108580.25
2022-01-24 14:07:18,928:INFO:Epoch 35, Training loss 108623.197265625, Validation loss 108574.087890625
2022-01-24 14:07:21,400:INFO:Epoch 36, Training loss 108620.0234375, Validation loss 108568.607421875
2022-01-24 14:07:23,836:INFO:Epoch 37, Training loss 108617.681640625, Validation loss 108564.65625
2022-01-24 14:07:26,342:INFO:Epoch 38, Training loss 108615.064453125, Validation loss 108564.072265625
2022-01-24 14:07:28,778:INFO:Epoch 39, Training loss 108613.677734375, Validation loss 108562.943359375
2022-01-24 14:07:31,241:INFO:Epoch 40, Training loss 108611.6328125, Validation loss 108561.00390625
2022-01-24 14:07:33,680:INFO:Epoch 41, Training loss 108610.693359375, Validation loss 108560.59375
2022-01-24 14:07:36,172:INFO:Epoch 42, Training loss 108609.5390625, Validation loss 108558.9140625
2022-01-24 14:07:38,616:INFO:Epoch 43, Training loss 108608.654296875, Validation loss 108559.98046875
2022-01-24 14:07:41,073:INFO:Epoch 44, Training loss 108606.58203125, Validation loss 108558.65625
2022-01-24 14:07:43,525:INFO:Epoch 45, Training loss 108605.52734375, Validation loss 108558.708984375
2022-01-24 14:07:46,009:INFO:Epoch 46, Training loss 108605.37890625, Validation loss 108558.162109375
2022-01-24 14:07:48,464:INFO:Epoch 47, Training loss 108603.498046875, Validation loss 108556.435546875
2022-01-24 14:07:50,920:INFO:Epoch 48, Training loss 108603.4296875, Validation loss 108555.357421875
2022-01-24 14:07:53,385:INFO:Epoch 49, Training loss 108602.41015625, Validation loss 108555.03515625
2022-01-24 14:07:55,860:INFO:Epoch 50, Training loss 108601.98828125, Validation loss 108556.03515625
2022-01-24 14:07:58,329:INFO:Epoch 51, Training loss 108600.537109375, Validation loss 108554.900390625
2022-01-24 14:08:00,772:INFO:Epoch 52, Training loss 108599.462890625, Validation loss 108554.208984375
2022-01-24 14:08:03,244:INFO:Epoch 53, Training loss 108598.189453125, Validation loss 108552.875
2022-01-24 14:08:05,715:INFO:Epoch 54, Training loss 108598.1328125, Validation loss 108552.953125
2022-01-24 14:08:08,200:INFO:Epoch 55, Training loss 108597.6015625, Validation loss 108554.29296875
2022-01-24 14:08:10,636:INFO:Epoch 56, Training loss 108596.951171875, Validation loss 108553.044921875
2022-01-24 14:08:13,123:INFO:Epoch 57, Training loss 108596.2421875, Validation loss 108552.77734375
2022-01-24 14:08:15,560:INFO:Epoch 58, Training loss 108596.146484375, Validation loss 108552.283203125
2022-01-24 14:08:18,069:INFO:Epoch 59, Training loss 108595.21875, Validation loss 108551.46484375
2022-01-24 14:08:20,507:INFO:Epoch 60, Training loss 108595.146484375, Validation loss 108550.87890625
2022-01-24 14:08:22,982:INFO:Epoch 61, Training loss 108594.84765625, Validation loss 108551.46875
2022-01-24 14:08:25,426:INFO:Epoch 62, Training loss 108594.287109375, Validation loss 108549.970703125
2022-01-24 14:08:27,924:INFO:Epoch 63, Training loss 108593.7421875, Validation loss 108549.7265625
2022-01-24 14:08:30,374:INFO:Epoch 64, Training loss 108593.28515625, Validation loss 108549.68359375
2022-01-24 14:08:32,832:INFO:Epoch 65, Training loss 108593.841796875, Validation loss 108550.11328125
2022-01-24 14:08:35,285:INFO:Epoch 66, Training loss 108592.697265625, Validation loss 108548.9296875
2022-01-24 14:08:37,773:INFO:Epoch 67, Training loss 108591.900390625, Validation loss 108550.580078125
2022-01-24 14:08:40,231:INFO:Epoch 68, Training loss 108592.078125, Validation loss 108549.66796875
2022-01-24 14:08:42,681:INFO:Epoch 69, Training loss 108591.615234375, Validation loss 108548.396484375
2022-01-24 14:08:45,136:INFO:Epoch 70, Training loss 108591.419921875, Validation loss 108549.166015625
2022-01-24 14:08:47,625:INFO:Epoch 71, Training loss 108591.384765625, Validation loss 108549.765625
2022-01-24 14:08:50,086:INFO:Epoch 72, Training loss 108590.201171875, Validation loss 108549.0546875
2022-01-24 14:08:52,532:INFO:Epoch 73, Training loss 108589.919921875, Validation loss 108549.05859375
2022-01-24 14:08:55,031:INFO:Epoch 74, Training loss 108589.435546875, Validation loss 108548.994140625
2022-01-24 14:08:57,504:INFO:Epoch 75, Training loss 108589.04296875, Validation loss 108548.564453125
2022-01-24 14:08:59,982:INFO:Epoch 76, Training loss 108588.818359375, Validation loss 108547.916015625
2022-01-24 14:09:02,407:INFO:Epoch 77, Training loss 108588.578125, Validation loss 108548.501953125
2022-01-24 14:09:04,889:INFO:Epoch 78, Training loss 108588.931640625, Validation loss 108549.58984375
2022-01-24 14:09:07,326:INFO:Epoch 79, Training loss 108588.6875, Validation loss 108547.9453125
2022-01-24 14:09:09,851:INFO:Epoch 80, Training loss 108587.197265625, Validation loss 108549.12109375
2022-01-24 14:09:12,301:INFO:Epoch 81, Training loss 108587.4296875, Validation loss 108548.546875
2022-01-24 14:09:14,773:INFO:Epoch 82, Training loss 108587.119140625, Validation loss 108548.119140625
2022-01-24 14:09:17,223:INFO:Epoch 83, Training loss 108586.56640625, Validation loss 108548.666015625
2022-01-24 14:09:19,722:INFO:Epoch 84, Training loss 108586.75390625, Validation loss 108548.615234375
2022-01-24 14:09:22,168:INFO:Epoch 85, Training loss 108586.8125, Validation loss 108547.189453125
2022-01-24 14:09:24,626:INFO:Epoch 86, Training loss 108585.6484375, Validation loss 108548.046875
2022-01-24 14:09:27,077:INFO:Epoch 87, Training loss 108585.818359375, Validation loss 108549.390625
2022-01-24 14:09:29,566:INFO:Epoch 88, Training loss 108585.955078125, Validation loss 108548.626953125
2022-01-24 14:09:32,031:INFO:Epoch 89, Training loss 108585.744140625, Validation loss 108547.650390625
2022-01-24 14:09:34,490:INFO:Epoch 90, Training loss 108585.431640625, Validation loss 108547.22265625
2022-01-24 14:09:36,969:INFO:Epoch 91, Training loss 108585.2578125, Validation loss 108548.548828125
2022-01-24 14:09:39,462:INFO:Epoch 92, Training loss 108584.8828125, Validation loss 108547.802734375
2022-01-24 14:09:41,928:INFO:Epoch 93, Training loss 108584.533203125, Validation loss 108548.412109375
2022-01-24 14:09:44,376:INFO:Epoch 94, Training loss 108584.53125, Validation loss 108548.501953125
2022-01-24 14:09:46,861:INFO:Epoch 95, Training loss 108585.080078125, Validation loss 108547.42578125
2022-01-24 14:09:49,341:INFO:Epoch 96, Training loss 108584.896484375, Validation loss 108548.275390625
2022-01-24 14:09:51,826:INFO:Epoch 97, Training loss 108584.423828125, Validation loss 108548.41796875
2022-01-24 14:09:54,260:INFO:Epoch 98, Training loss 108583.4140625, Validation loss 108548.02734375
2022-01-24 14:09:56,743:INFO:Epoch 99, Training loss 108583.11328125, Validation loss 108548.671875
2022-01-24 14:09:59,187:INFO:Epoch 100, Training loss 108582.5, Validation loss 108548.181640625
2022-01-24 14:10:01,693:INFO:Epoch 101, Training loss 108582.642578125, Validation loss 108547.671875
2022-01-24 14:10:04,130:INFO:Epoch 102, Training loss 108583.6796875, Validation loss 108547.244140625
2022-01-24 14:10:06,601:INFO:Epoch 103, Training loss 108583.11328125, Validation loss 108549.4375
2022-01-24 14:10:09,052:INFO:Epoch 104, Training loss 108582.69140625, Validation loss 108547.98828125
2022-01-24 14:10:11,548:INFO:Epoch 105, Training loss 108581.677734375, Validation loss 108547.123046875
2022-01-24 14:10:13,995:INFO:Epoch 106, Training loss 108582.412109375, Validation loss 108546.96484375
2022-01-24 14:10:16,454:INFO:Epoch 107, Training loss 108582.064453125, Validation loss 108548.39453125
2022-01-24 14:10:18,912:INFO:Epoch 108, Training loss 108581.77734375, Validation loss 108548.9765625
2022-01-24 14:10:21,398:INFO:Epoch 109, Training loss 108581.1875, Validation loss 108547.8359375
2022-01-24 14:10:23,854:INFO:Epoch 110, Training loss 108581.017578125, Validation loss 108547.087890625
2022-01-24 14:10:26,298:INFO:Epoch 111, Training loss 108580.591796875, Validation loss 108547.427734375
2022-01-24 14:10:28,866:INFO:Epoch 112, Training loss 108581.048828125, Validation loss 108548.619140625
2022-01-24 14:10:31,348:INFO:Epoch 113, Training loss 108580.357421875, Validation loss 108547.98046875
2022-01-24 14:10:33,815:INFO:Epoch 114, Training loss 108581.109375, Validation loss 108548.93359375
2022-01-24 14:10:36,259:INFO:Epoch 115, Training loss 108582.255859375, Validation loss 108546.970703125
2022-01-24 14:10:38,736:INFO:Epoch 116, Training loss 108581.447265625, Validation loss 108549.62109375
2022-01-24 14:10:41,213:INFO:Epoch 117, Training loss 108579.943359375, Validation loss 108549.033203125
2022-01-24 14:10:43,680:INFO:Epoch 118, Training loss 108580.787109375, Validation loss 108547.904296875
2022-01-24 14:10:46,107:INFO:Epoch 119, Training loss 108579.287109375, Validation loss 108547.208984375
2022-01-24 14:10:48,589:INFO:Epoch 120, Training loss 108579.431640625, Validation loss 108547.025390625
2022-01-24 14:10:51,026:INFO:Epoch 121, Training loss 108578.3046875, Validation loss 108548.005859375
2022-01-24 14:10:53,530:INFO:Epoch 122, Training loss 108578.927734375, Validation loss 108548.380859375
2022-01-24 14:10:55,967:INFO:Epoch 123, Training loss 108578.533203125, Validation loss 108547.6875
2022-01-24 14:10:58,440:INFO:Epoch 124, Training loss 108579.5546875, Validation loss 108548.134765625
2022-01-24 14:11:00,895:INFO:Epoch 125, Training loss 108580.599609375, Validation loss 108547.658203125
2022-01-24 14:11:03,395:INFO:Epoch 126, Training loss 108578.046875, Validation loss 108546.654296875
2022-01-24 14:11:05,845:INFO:Epoch 127, Training loss 108579.056640625, Validation loss 108548.6875
2022-01-24 14:11:08,303:INFO:Epoch 128, Training loss 108579.41015625, Validation loss 108549.55078125
2022-01-24 14:11:10,759:INFO:Epoch 129, Training loss 108578.65234375, Validation loss 108547.767578125
2022-01-24 14:11:13,244:INFO:Epoch 130, Training loss 108578.8828125, Validation loss 108546.45703125
2022-01-24 14:11:15,697:INFO:Epoch 131, Training loss 108578.162109375, Validation loss 108547.689453125
2022-01-24 14:11:18,143:INFO:Epoch 132, Training loss 108578.869140625, Validation loss 108549.65625
2022-01-24 14:11:20,610:INFO:Epoch 133, Training loss 108577.0078125, Validation loss 108546.708984375
2022-01-24 14:11:23,084:INFO:Epoch 134, Training loss 108577.083984375, Validation loss 108547.580078125
2022-01-24 14:11:25,553:INFO:Epoch 135, Training loss 108577.431640625, Validation loss 108547.81640625
2022-01-24 14:11:27,990:INFO:Epoch 136, Training loss 108576.421875, Validation loss 108547.455078125
2022-01-24 14:11:30,466:INFO:Epoch 137, Training loss 108576.611328125, Validation loss 108548.388671875
2022-01-24 14:11:32,938:INFO:Epoch 138, Training loss 108576.3984375, Validation loss 108547.130859375
2022-01-24 14:11:35,416:INFO:Epoch 139, Training loss 108577.275390625, Validation loss 108547.3125
2022-01-24 14:11:37,855:INFO:Epoch 140, Training loss 108575.93359375, Validation loss 108548.166015625
2022-01-24 14:11:40,339:INFO:Epoch 141, Training loss 108576.7890625, Validation loss 108547.98046875
2022-01-24 14:11:42,775:INFO:Epoch 142, Training loss 108576.513671875, Validation loss 108547.3125
2022-01-24 14:11:45,281:INFO:Epoch 143, Training loss 108577.0859375, Validation loss 108547.330078125
2022-01-24 14:11:47,720:INFO:Epoch 144, Training loss 108575.228515625, Validation loss 108547.3125
2022-01-24 14:11:50,198:INFO:Epoch 145, Training loss 108575.287109375, Validation loss 108546.7734375
2022-01-24 14:11:52,646:INFO:Epoch 146, Training loss 108575.333984375, Validation loss 108548.05859375
2022-01-24 14:11:55,147:INFO:Epoch 147, Training loss 108575.185546875, Validation loss 108547.796875
2022-01-24 14:11:57,576:INFO:Epoch 148, Training loss 108575.75390625, Validation loss 108546.546875
2022-01-24 14:12:00,038:INFO:Epoch 149, Training loss 108575.45703125, Validation loss 108547.79296875
2022-01-24 14:12:02,483:INFO:Epoch 150, Training loss 108575.0703125, Validation loss 108547.0703125
2022-01-24 14:12:04,961:INFO:Epoch 151, Training loss 108574.390625, Validation loss 108547.998046875
2022-01-24 14:12:07,408:INFO:Epoch 152, Training loss 108574.94140625, Validation loss 108546.44921875
2022-01-24 14:12:09,850:INFO:Epoch 153, Training loss 108574.609375, Validation loss 108546.921875
2022-01-24 14:12:12,314:INFO:Epoch 154, Training loss 108574.62109375, Validation loss 108547.185546875
2022-01-24 14:12:14,783:INFO:Epoch 155, Training loss 108575.009765625, Validation loss 108547.923828125
2022-01-24 14:12:17,246:INFO:Epoch 156, Training loss 108574.138671875, Validation loss 108547.98828125
2022-01-24 14:12:19,676:INFO:Epoch 157, Training loss 108574.337890625, Validation loss 108548.333984375
2022-01-24 14:12:22,111:INFO:Epoch 158, Training loss 108573.830078125, Validation loss 108546.96484375
2022-01-24 14:12:24,505:INFO:Epoch 159, Training loss 108574.681640625, Validation loss 108547.591796875
2022-01-24 14:12:26,892:INFO:Epoch 160, Training loss 108573.521484375, Validation loss 108547.453125
2022-01-24 14:12:29,231:INFO:Epoch 161, Training loss 108574.578125, Validation loss 108548.49609375
2022-01-24 14:12:31,618:INFO:Epoch 162, Training loss 108573.953125, Validation loss 108548.8828125
2022-01-24 14:12:33,970:INFO:Epoch 163, Training loss 108573.5703125, Validation loss 108547.181640625
2022-01-24 14:12:36,383:INFO:Epoch 164, Training loss 108573.869140625, Validation loss 108547.423828125
2022-01-24 14:12:38,732:INFO:Epoch 165, Training loss 108573.443359375, Validation loss 108547.2109375
2022-01-24 14:12:41,115:INFO:Epoch 166, Training loss 108572.921875, Validation loss 108548.6328125
2022-01-24 14:12:43,469:INFO:Epoch 167, Training loss 108573.16796875, Validation loss 108548.203125
2022-01-24 14:12:45,877:INFO:Epoch 168, Training loss 108574.00390625, Validation loss 108548.71484375
2022-01-24 14:12:48,239:INFO:Epoch 169, Training loss 108573.00390625, Validation loss 108548.216796875
2022-01-24 14:12:50,612:INFO:Epoch 170, Training loss 108575.572265625, Validation loss 108549.142578125
2022-01-24 14:12:52,972:INFO:Epoch 171, Training loss 108573.07421875, Validation loss 108549.009765625
2022-01-24 14:12:55,375:INFO:Epoch 172, Training loss 108573.810546875, Validation loss 108549.126953125
2022-01-24 14:12:57,745:INFO:Epoch 173, Training loss 108573.513671875, Validation loss 108547.83203125
2022-01-24 14:13:00,106:INFO:Epoch 174, Training loss 108572.8984375, Validation loss 108548.626953125
2022-01-24 14:13:02,478:INFO:Epoch 175, Training loss 108572.9765625, Validation loss 108548.646484375
2022-01-24 14:13:04,869:INFO:Epoch 176, Training loss 108573.244140625, Validation loss 108548.62890625
2022-01-24 14:13:07,245:INFO:Epoch 177, Training loss 108572.720703125, Validation loss 108548.193359375
2022-01-24 14:13:09,602:INFO:Epoch 178, Training loss 108572.740234375, Validation loss 108546.814453125
2022-01-24 14:13:11,983:INFO:Epoch 179, Training loss 108572.390625, Validation loss 108547.341796875
2022-01-24 14:13:14,362:INFO:Epoch 180, Training loss 108574.392578125, Validation loss 108549.732421875
2022-01-24 14:13:16,742:INFO:Epoch 181, Training loss 108571.591796875, Validation loss 108547.857421875
2022-01-24 14:13:19,079:INFO:Epoch 182, Training loss 108574.41015625, Validation loss 108547.01953125
2022-01-24 14:13:21,464:INFO:Epoch 183, Training loss 108571.9375, Validation loss 108548.4921875
2022-01-24 14:13:23,808:INFO:Epoch 184, Training loss 108571.8046875, Validation loss 108548.42578125
2022-01-24 14:13:26,223:INFO:Epoch 185, Training loss 108572.025390625, Validation loss 108549.330078125
2022-01-24 14:13:28,576:INFO:Epoch 186, Training loss 108571.826171875, Validation loss 108547.59765625
2022-01-24 14:13:30,954:INFO:Epoch 187, Training loss 108572.080078125, Validation loss 108547.84765625
2022-01-24 14:13:33,315:INFO:Epoch 188, Training loss 108571.2109375, Validation loss 108547.533203125
2022-01-24 14:13:35,722:INFO:Epoch 189, Training loss 108572.19921875, Validation loss 108548.849609375
2022-01-24 14:13:38,082:INFO:Epoch 190, Training loss 108572.3671875, Validation loss 108549.771484375
2022-01-24 14:13:40,452:INFO:Epoch 191, Training loss 108571.814453125, Validation loss 108547.818359375
2022-01-24 14:13:42,819:INFO:Epoch 192, Training loss 108573.12890625, Validation loss 108546.498046875
2022-01-24 14:13:45,218:INFO:Epoch 193, Training loss 108571.29296875, Validation loss 108547.302734375
2022-01-24 14:13:47,582:INFO:Epoch 194, Training loss 108571.431640625, Validation loss 108549.107421875
2022-01-24 14:13:49,949:INFO:Epoch 195, Training loss 108570.595703125, Validation loss 108549.208984375
2022-01-24 14:13:52,335:INFO:Epoch 196, Training loss 108572.416015625, Validation loss 108547.306640625
2022-01-24 14:13:54,740:INFO:Epoch 197, Training loss 108570.255859375, Validation loss 108546.86328125
2022-01-24 14:13:57,115:INFO:Epoch 198, Training loss 108571.48046875, Validation loss 108550.06640625
2022-01-24 14:13:59,467:INFO:Epoch 199, Training loss 108570.576171875, Validation loss 108548.416015625
2022-01-24 14:14:01,842:INFO:Epoch 200, Training loss 108570.12109375, Validation loss 108546.150390625
2022-01-24 14:14:04,223:INFO:Epoch 201, Training loss 108570.208984375, Validation loss 108546.23046875
2022-01-24 14:14:06,605:INFO:Epoch 202, Training loss 108572.166015625, Validation loss 108549.58984375
2022-01-24 14:14:08,940:INFO:Epoch 203, Training loss 108569.72265625, Validation loss 108547.875
2022-01-24 14:14:11,325:INFO:Epoch 204, Training loss 108570.806640625, Validation loss 108548.87890625
2022-01-24 14:14:13,673:INFO:Epoch 205, Training loss 108570.11328125, Validation loss 108546.087890625
2022-01-24 14:14:16,086:INFO:Epoch 206, Training loss 108569.47265625, Validation loss 108546.654296875
2022-01-24 14:14:18,439:INFO:Epoch 207, Training loss 108569.2578125, Validation loss 108547.986328125
2022-01-24 14:14:20,826:INFO:Epoch 208, Training loss 108569.98046875, Validation loss 108547.876953125
2022-01-24 14:14:23,184:INFO:Epoch 209, Training loss 108568.859375, Validation loss 108548.76953125
2022-01-24 14:14:25,588:INFO:Epoch 210, Training loss 108569.0703125, Validation loss 108547.689453125
2022-01-24 14:14:27,950:INFO:Epoch 211, Training loss 108569.95703125, Validation loss 108547.724609375
2022-01-24 14:14:30,323:INFO:Epoch 212, Training loss 108568.8359375, Validation loss 108546.4375
2022-01-24 14:14:32,686:INFO:Epoch 213, Training loss 108568.974609375, Validation loss 108548.265625
2022-01-24 14:14:35,082:INFO:Epoch 214, Training loss 108569.02734375, Validation loss 108547.234375
2022-01-24 14:14:37,455:INFO:Epoch 215, Training loss 108568.46875, Validation loss 108548.431640625
2022-01-24 14:14:39,815:INFO:Epoch 216, Training loss 108569.19921875, Validation loss 108547.265625
2022-01-24 14:14:42,193:INFO:Epoch 217, Training loss 108568.73046875, Validation loss 108546.06640625
2022-01-24 14:14:44,584:INFO:Epoch 218, Training loss 108568.44921875, Validation loss 108547.2890625
2022-01-24 14:14:46,957:INFO:Epoch 219, Training loss 108568.537109375, Validation loss 108550.150390625
2022-01-24 14:14:49,311:INFO:Epoch 220, Training loss 108567.73046875, Validation loss 108548.109375
2022-01-24 14:14:51,688:INFO:Epoch 221, Training loss 108568.203125, Validation loss 108547.517578125
2022-01-24 14:14:54,069:INFO:Epoch 222, Training loss 108568.20703125, Validation loss 108548.171875
2022-01-24 14:14:56,451:INFO:Epoch 223, Training loss 108568.05859375, Validation loss 108547.8515625
2022-01-24 14:14:58,791:INFO:Epoch 224, Training loss 108569.3515625, Validation loss 108549.30859375
2022-01-24 14:15:01,178:INFO:Epoch 225, Training loss 108569.23828125, Validation loss 108547.287109375
2022-01-24 14:15:03,523:INFO:Epoch 226, Training loss 108568.828125, Validation loss 108547.044921875
2022-01-24 14:15:05,938:INFO:Epoch 227, Training loss 108568.369140625, Validation loss 108550.404296875
2022-01-24 14:15:08,288:INFO:Epoch 228, Training loss 108569.06640625, Validation loss 108549.09375
2022-01-24 14:15:10,671:INFO:Epoch 229, Training loss 108567.16796875, Validation loss 108547.65625
2022-01-24 14:15:13,033:INFO:Epoch 230, Training loss 108568.0078125, Validation loss 108547.38671875
2022-01-24 14:15:15,436:INFO:Epoch 231, Training loss 108567.072265625, Validation loss 108548.19140625
2022-01-24 14:15:17,789:INFO:Epoch 232, Training loss 108568.53515625, Validation loss 108547.2890625
2022-01-24 14:15:20,164:INFO:Epoch 233, Training loss 108567.04296875, Validation loss 108548.787109375
2022-01-24 14:15:22,529:INFO:Epoch 234, Training loss 108567.591796875, Validation loss 108548.62890625
2022-01-24 14:15:24,934:INFO:Epoch 235, Training loss 108567.20703125, Validation loss 108550.12890625
2022-01-24 14:15:27,296:INFO:Epoch 236, Training loss 108567.501953125, Validation loss 108548.083984375
2022-01-24 14:15:29,661:INFO:Epoch 237, Training loss 108566.6640625, Validation loss 108548.173828125
2022-01-24 14:15:32,034:INFO:Epoch 238, Training loss 108567.03125, Validation loss 108547.533203125
2022-01-24 14:15:34,427:INFO:Epoch 239, Training loss 108567.46484375, Validation loss 108548.42578125
2022-01-24 14:15:36,797:INFO:Epoch 240, Training loss 108568.009765625, Validation loss 108549.498046875
2022-01-24 14:15:39,145:INFO:Epoch 241, Training loss 108567.0, Validation loss 108548.30078125
2022-01-24 14:15:41,521:INFO:Epoch 242, Training loss 108566.3359375, Validation loss 108549.033203125
2022-01-24 14:15:43,901:INFO:Epoch 243, Training loss 108567.677734375, Validation loss 108546.56640625
2022-01-24 14:15:46,280:INFO:Epoch 244, Training loss 108568.14453125, Validation loss 108550.466796875
2022-01-24 14:15:48,620:INFO:Epoch 245, Training loss 108567.1875, Validation loss 108549.875
2022-01-24 14:15:51,005:INFO:Epoch 246, Training loss 108567.3671875, Validation loss 108547.310546875
2022-01-24 14:15:53,354:INFO:Epoch 247, Training loss 108566.3671875, Validation loss 108548.94921875
2022-01-24 14:15:55,773:INFO:Epoch 248, Training loss 108565.505859375, Validation loss 108547.724609375
2022-01-24 14:15:58,123:INFO:Epoch 249, Training loss 108565.88671875, Validation loss 108549.478515625
2022-01-24 14:16:00,508:INFO:Epoch 250, Training loss 108565.388671875, Validation loss 108549.14453125
2022-01-24 14:16:02,864:INFO:Epoch 251, Training loss 108566.033203125, Validation loss 108549.447265625
2022-01-24 14:16:05,277:INFO:Epoch 252, Training loss 108564.7421875, Validation loss 108547.6484375
2022-01-24 14:16:07,635:INFO:Epoch 253, Training loss 108565.228515625, Validation loss 108547.822265625
2022-01-24 14:16:10,011:INFO:Epoch 254, Training loss 108566.4921875, Validation loss 108548.2890625
2022-01-24 14:16:12,376:INFO:Epoch 255, Training loss 108565.509765625, Validation loss 108547.5390625
2022-01-24 14:16:14,769:INFO:Epoch 256, Training loss 108564.90625, Validation loss 108550.396484375
2022-01-24 14:16:17,130:INFO:Epoch 257, Training loss 108565.607421875, Validation loss 108548.138671875
2022-01-24 14:16:19,491:INFO:Epoch 258, Training loss 108565.591796875, Validation loss 108548.669921875
2022-01-24 14:16:21,868:INFO:Epoch 259, Training loss 108564.8828125, Validation loss 108549.21875
2022-01-24 14:16:24,255:INFO:Epoch 260, Training loss 108565.87109375, Validation loss 108551.1171875
2022-01-24 14:16:26,630:INFO:Epoch 261, Training loss 108564.173828125, Validation loss 108549.642578125
2022-01-24 14:16:28,987:INFO:Epoch 262, Training loss 108565.09765625, Validation loss 108548.4296875
2022-01-24 14:16:31,365:INFO:Epoch 263, Training loss 108566.810546875, Validation loss 108549.609375
2022-01-24 14:16:33,744:INFO:Epoch 264, Training loss 108564.5078125, Validation loss 108550.01171875
2022-01-24 14:16:36,133:INFO:Epoch 265, Training loss 108565.32421875, Validation loss 108547.44140625
2022-01-24 14:16:38,477:INFO:Epoch 266, Training loss 108564.0, Validation loss 108549.607421875
2022-01-24 14:16:40,871:INFO:Epoch 267, Training loss 108563.828125, Validation loss 108549.873046875
2022-01-24 14:16:40,879:INFO:Finished training
