2021-11-18 16:14:00,912:INFO:All directories created, ready to load the data
2021-11-18 16:14:00,941:INFO:Dataset loaded from /data/theorie/jthoeve/event_generation/events_high_stats/lin/cHq3/events_23.npy
2021-11-18 16:14:00,962:INFO:Dataset loaded from /data/theorie/jthoeve/event_generation/events_high_stats/sm/events_23.npy
2021-11-18 16:14:04,696:INFO:Epoch 1, Training loss 75136.2734375, Validation loss 74734.7578125
2021-11-18 16:14:08,443:INFO:Epoch 2, Training loss 74733.1796875, Validation loss 74420.0
2021-11-18 16:14:12,192:INFO:Epoch 3, Training loss 74419.5078125, Validation loss 74179.453125
2021-11-18 16:14:15,845:INFO:Epoch 4, Training loss 74179.8359375, Validation loss 74001.1796875
2021-11-18 16:14:19,540:INFO:Epoch 5, Training loss 74002.4453125, Validation loss 73876.1328125
2021-11-18 16:14:23,151:INFO:Epoch 6, Training loss 73878.1015625, Validation loss 73796.5234375
2021-11-18 16:14:26,816:INFO:Epoch 7, Training loss 73799.2109375, Validation loss 73756.1953125
2021-11-18 16:14:30,512:INFO:Epoch 8, Training loss 73759.328125, Validation loss 73746.8984375
2021-11-18 16:14:34,160:INFO:Epoch 9, Training loss 73750.171875, Validation loss 73759.0625
2021-11-18 16:14:37,845:INFO:Epoch 10, Training loss 73762.1484375, Validation loss 73782.4921875
2021-11-18 16:14:41,547:INFO:Epoch 11, Training loss 73785.328125, Validation loss 73808.328125
2021-11-18 16:14:45,199:INFO:Epoch 12, Training loss 73810.921875, Validation loss 73830.3671875
2021-11-18 16:14:48,905:INFO:Epoch 13, Training loss 73832.828125, Validation loss 73845.34375
2021-11-18 16:14:52,504:INFO:Epoch 14, Training loss 73847.6796875, Validation loss 73852.265625
2021-11-18 16:14:56,211:INFO:Epoch 15, Training loss 73854.46875, Validation loss 73851.59375
2021-11-18 16:14:59,876:INFO:Epoch 16, Training loss 73853.6640625, Validation loss 73844.6484375
2021-11-18 16:15:03,509:INFO:Epoch 17, Training loss 73846.625, Validation loss 73833.1328125
2021-11-18 16:15:07,192:INFO:Epoch 18, Training loss 73835.0625, Validation loss 73818.8828125
2021-11-18 16:15:10,918:INFO:Epoch 19, Training loss 73820.796875, Validation loss 73803.5625
2021-11-18 16:15:14,543:INFO:Epoch 20, Training loss 73805.5390625, Validation loss 73788.78125
2021-11-18 16:15:18,210:INFO:Epoch 21, Training loss 73790.6640625, Validation loss 73776.0859375
2021-11-18 16:15:21,819:INFO:Epoch 22, Training loss 73777.9765625, Validation loss 73765.9921875
2021-11-18 16:15:25,487:INFO:Epoch 23, Training loss 73767.5859375, Validation loss 73757.71875
2021-11-18 16:15:29,170:INFO:Epoch 24, Training loss 73758.9453125, Validation loss 73751.3828125
2021-11-18 16:15:32,827:INFO:Epoch 25, Training loss 73752.296875, Validation loss 73747.0703125
2021-11-18 16:15:36,526:INFO:Epoch 26, Training loss 73747.671875, Validation loss 73744.7421875
2021-11-18 16:15:40,287:INFO:Epoch 27, Training loss 73745.0234375, Validation loss 73744.1015625
2021-11-18 16:15:43,919:INFO:Epoch 28, Training loss 73744.1015625, Validation loss 73744.8203125
2021-11-18 16:15:47,609:INFO:Epoch 29, Training loss 73744.609375, Validation loss 73746.4296875
2021-11-18 16:15:51,236:INFO:Epoch 30, Training loss 73746.0390625, Validation loss 73748.4609375
2021-11-18 16:15:54,934:INFO:Epoch 31, Training loss 73747.875, Validation loss 73750.4921875
2021-11-18 16:15:58,658:INFO:Epoch 32, Training loss 73749.734375, Validation loss 73752.234375
2021-11-18 16:16:02,343:INFO:Epoch 33, Training loss 73751.328125, Validation loss 73753.53125
2021-11-18 16:16:06,068:INFO:Epoch 34, Training loss 73752.4921875, Validation loss 73754.2578125
2021-11-18 16:16:09,772:INFO:Epoch 35, Training loss 73753.1171875, Validation loss 73754.390625
2021-11-18 16:16:13,452:INFO:Epoch 36, Training loss 73753.171875, Validation loss 73753.9765625
2021-11-18 16:16:17,153:INFO:Epoch 37, Training loss 73752.6953125, Validation loss 73753.109375
2021-11-18 16:16:20,827:INFO:Epoch 38, Training loss 73751.765625, Validation loss 73751.9140625
2021-11-18 16:16:24,531:INFO:Epoch 39, Training loss 73750.5234375, Validation loss 73750.546875
2021-11-18 16:16:28,286:INFO:Epoch 40, Training loss 73749.1171875, Validation loss 73749.15625
2021-11-18 16:16:31,988:INFO:Epoch 41, Training loss 73747.7109375, Validation loss 73747.859375
2021-11-18 16:16:35,669:INFO:Epoch 42, Training loss 73746.40625, Validation loss 73746.75
2021-11-18 16:16:39,347:INFO:Epoch 43, Training loss 73745.3125, Validation loss 73745.8984375
2021-11-18 16:16:43,033:INFO:Epoch 44, Training loss 73744.46875, Validation loss 73745.3046875
2021-11-18 16:16:46,757:INFO:Epoch 45, Training loss 73743.890625, Validation loss 73744.96875
2021-11-18 16:16:50,428:INFO:Epoch 46, Training loss 73743.5703125, Validation loss 73744.859375
2021-11-18 16:16:54,152:INFO:Epoch 47, Training loss 73743.46875, Validation loss 73744.9296875
2021-11-18 16:16:57,912:INFO:Epoch 48, Training loss 73743.5390625, Validation loss 73745.1171875
2021-11-18 16:17:01,615:INFO:Epoch 49, Training loss 73743.7265625, Validation loss 73745.375
2021-11-18 16:17:05,328:INFO:Epoch 50, Training loss 73743.96875, Validation loss 73745.6328125
2021-11-18 16:17:08,987:INFO:Epoch 51, Training loss 73744.2265625, Validation loss 73745.859375
2021-11-18 16:17:12,682:INFO:Epoch 52, Training loss 73744.4375, Validation loss 73746.015625
2021-11-18 16:17:16,432:INFO:Epoch 53, Training loss 73744.578125, Validation loss 73746.09375
2021-11-18 16:17:20,100:INFO:Epoch 54, Training loss 73744.625, Validation loss 73746.0859375
2021-11-18 16:17:23,853:INFO:Epoch 55, Training loss 73744.5859375, Validation loss 73746.0
2021-11-18 16:17:27,620:INFO:Epoch 56, Training loss 73744.453125, Validation loss 73745.84375
2021-11-18 16:17:31,294:INFO:Epoch 57, Training loss 73744.2578125, Validation loss 73745.6484375
2021-11-18 16:17:35,094:INFO:Epoch 58, Training loss 73744.0234375, Validation loss 73745.4375
2021-11-18 16:17:38,789:INFO:Epoch 59, Training loss 73743.7734375, Validation loss 73745.234375
2021-11-18 16:17:42,522:INFO:Epoch 60, Training loss 73743.5234375, Validation loss 73745.0546875
2021-11-18 16:17:46,280:INFO:Epoch 61, Training loss 73743.3125, Validation loss 73744.921875
2021-11-18 16:17:49,967:INFO:Epoch 62, Training loss 73743.140625, Validation loss 73744.8359375
2021-11-18 16:17:53,715:INFO:Epoch 63, Training loss 73743.015625, Validation loss 73744.796875
2021-11-18 16:17:57,355:INFO:Epoch 64, Training loss 73742.9453125, Validation loss 73744.8046875
2021-11-18 16:18:01,045:INFO:Epoch 65, Training loss 73742.9140625, Validation loss 73744.8359375
2021-11-18 16:18:04,775:INFO:Epoch 66, Training loss 73742.9140625, Validation loss 73744.8984375
2021-11-18 16:18:08,454:INFO:Epoch 67, Training loss 73742.9296875, Validation loss 73744.9765625
2021-11-18 16:18:12,180:INFO:Epoch 68, Training loss 73742.9453125, Validation loss 73745.0546875
2021-11-18 16:18:15,930:INFO:Epoch 69, Training loss 73742.9609375, Validation loss 73745.125
2021-11-18 16:18:19,634:INFO:Epoch 70, Training loss 73742.96875, Validation loss 73745.1796875
2021-11-18 16:18:23,391:INFO:Epoch 71, Training loss 73742.953125, Validation loss 73745.21875
2021-11-18 16:18:27,048:INFO:Epoch 72, Training loss 73742.921875, Validation loss 73745.2421875
2021-11-18 16:18:30,747:INFO:Epoch 73, Training loss 73742.875, Validation loss 73745.2421875
2021-11-18 16:18:34,491:INFO:Epoch 74, Training loss 73742.8203125, Validation loss 73745.234375
2021-11-18 16:18:38,201:INFO:Epoch 75, Training loss 73742.7578125, Validation loss 73745.21875
2021-11-18 16:18:41,968:INFO:Epoch 76, Training loss 73742.6953125, Validation loss 73745.1953125
2021-11-18 16:18:45,732:INFO:Epoch 77, Training loss 73742.6328125, Validation loss 73745.1796875
2021-11-18 16:18:45,738:INFO:Finished training, producing training report at /data/theorie/jthoeve/ML4EFT_higgs/models/17_11/model_final_lin_cHq3_v7/mc_run_23/plots/training_report/
2021-11-18 16:18:46,659:WARNING:findfont: Font family ['sans-serif'] not found. Falling back to DejaVu Sans.
