1.296535878906250000e+05
1.233169082031250000e+05
1.189971425781250000e+05
1.159305800781250000e+05
1.133390839843750000e+05
1.113868359375000000e+05
1.101424960937500000e+05
1.095764726562500000e+05
1.095046171875000000e+05
1.095006210937500000e+05
1.093903789062500000e+05
1.092788164062500000e+05
1.092181660156250000e+05
1.091650722656250000e+05
1.091084160156250000e+05
1.090599531250000000e+05
1.090047070312500000e+05
1.089446679687500000e+05
1.088729843750000000e+05
1.088007167968750000e+05
1.087242949218750000e+05
1.086441386718750000e+05
1.085677714843750000e+05
1.085007011718750000e+05
1.084613750000000000e+05
1.084484687500000000e+05
1.084372578125000000e+05
1.084354960937500000e+05
1.084310644531250000e+05
1.084278144531250000e+05
1.084246699218750000e+05
1.084208320312500000e+05
1.084217832031250000e+05
1.084210175781250000e+05
1.084168632812500000e+05
1.084160449218750000e+05
1.084162421875000000e+05
1.084125996093750000e+05
1.084142675781250000e+05
1.084103222656250000e+05
1.084113769531250000e+05
1.084116894531250000e+05
1.084119726562500000e+05
1.084122519531250000e+05
1.084083847656250000e+05
1.084068554687500000e+05
1.084074101562500000e+05
1.084058359375000000e+05
1.084068789062500000e+05
1.084039082031250000e+05
1.084048632812500000e+05
1.084045898437500000e+05
1.084041953125000000e+05
1.084056621093750000e+05
1.084027890625000000e+05
1.084022421875000000e+05
1.084023457031250000e+05
1.084013164062500000e+05
1.084006640625000000e+05
1.084002832031250000e+05
1.084003496093750000e+05
1.084003945312500000e+05
1.083994746093750000e+05
1.083983027343750000e+05
1.083992460937500000e+05
1.083987226562500000e+05
1.083965429687500000e+05
1.083960546875000000e+05
1.083964648437500000e+05
1.083960859375000000e+05
1.083956074218750000e+05
1.083948691406250000e+05
1.083950390625000000e+05
1.083939375000000000e+05
1.083929785156250000e+05
1.083934023437500000e+05
1.083924453125000000e+05
1.083920683593750000e+05
1.083984179687500000e+05
1.083928476562500000e+05
1.083944472656250000e+05
1.083928398437500000e+05
1.083928007812500000e+05
1.083933164062500000e+05
1.083927480468750000e+05
1.083925664062500000e+05
1.083904472656250000e+05
1.083901230468750000e+05
1.083895039062500000e+05
1.083923925781250000e+05
1.083907304687500000e+05
1.083905390625000000e+05
1.083890546875000000e+05
1.083880859375000000e+05
1.083885898437500000e+05
1.083880312500000000e+05
1.083898574218750000e+05
1.083892246093750000e+05
1.083881972656250000e+05
1.083893769531250000e+05
1.083912031250000000e+05
1.083902148437500000e+05
1.083894609375000000e+05
1.083883457031250000e+05
1.083873417968750000e+05
1.083871992187500000e+05
1.083874843750000000e+05
1.083853359375000000e+05
1.083843710937500000e+05
1.083840488281250000e+05
1.083838867187500000e+05
1.083831230468750000e+05
1.083836855468750000e+05
1.083834765625000000e+05
1.083808496093750000e+05
1.083827441406250000e+05
1.083813710937500000e+05
1.083802031250000000e+05
1.083817851562500000e+05
1.083790722656250000e+05
1.083815449218750000e+05
1.083800117187500000e+05
1.083804042968750000e+05
1.083801523437500000e+05
1.083826250000000000e+05
1.083798398437500000e+05
1.083803671875000000e+05
1.083781699218750000e+05
1.083779062500000000e+05
1.083789746093750000e+05
1.083768789062500000e+05
1.083783867187500000e+05
1.083764882812500000e+05
1.083764277343750000e+05
1.083798730468750000e+05
1.083803535156250000e+05
1.083784179687500000e+05
1.083763691406250000e+05
1.083766894531250000e+05
1.083751757812500000e+05
1.083788144531250000e+05
1.083747929687500000e+05
1.083746132812500000e+05
1.083777187500000000e+05
1.083792968750000000e+05
1.083815859375000000e+05
1.083770429687500000e+05
1.083772988281250000e+05
1.083759375000000000e+05
1.083732773437500000e+05
1.083751132812500000e+05
1.083740859375000000e+05
1.083764179687500000e+05
1.083723808593750000e+05
1.083745937500000000e+05
1.083752207031250000e+05
1.083737792968750000e+05
1.083748515625000000e+05
1.083752675781250000e+05
1.083726347656250000e+05
1.083744941406250000e+05
1.083691152343750000e+05
1.083726113281250000e+05
1.083724140625000000e+05
1.083704394531250000e+05
1.083718632812500000e+05
1.083710371093750000e+05
1.083755468750000000e+05
1.083697558593750000e+05
1.083703242187500000e+05
1.083689121093750000e+05
1.083684746093750000e+05
1.083701816406250000e+05
1.083693261718750000e+05
1.083683632812500000e+05
1.083717558593750000e+05
1.083717773437500000e+05
1.083697890625000000e+05
1.083720742187500000e+05
