2.081393164062500000e+05
2.081393164062500000e+05
2.081393164062500000e+05
2.081393164062500000e+05
2.081393164062500000e+05
2.081393164062500000e+05
2.081393164062500000e+05
2.081393164062500000e+05
2.081393164062500000e+05
2.081393164062500000e+05
2.081393164062500000e+05
1.304018105468750000e+05
1.208599453125000000e+05
1.145497832031250000e+05
1.109590429687500000e+05
1.095432851562500000e+05
1.095620527343750000e+05
1.096183750000000000e+05
1.093995390625000000e+05
1.092382792968750000e+05
1.091792968750000000e+05
1.091572617187500000e+05
1.091189453125000000e+05
1.090626914062500000e+05
1.090093339843750000e+05
1.089614941406250000e+05
1.089033867187500000e+05
1.088453691406250000e+05
1.087932617187500000e+05
1.087446972656250000e+05
1.087062753906250000e+05
1.086763046875000000e+05
1.086496328125000000e+05
1.086314199218750000e+05
1.086214121093750000e+05
1.086097675781250000e+05
1.086051738281250000e+05
1.085994804687500000e+05
1.085961738281250000e+05
1.085924843750000000e+05
1.085886484375000000e+05
1.085879687500000000e+05
1.085852128906250000e+05
1.085854433593750000e+05
1.085823222656250000e+05
1.085795976562500000e+05
1.085778496093750000e+05
1.085772050781250000e+05
1.085760957031250000e+05
1.085749199218750000e+05
1.085742871093750000e+05
1.085725390625000000e+05
1.085738046875000000e+05
1.085712792968750000e+05
1.085705703125000000e+05
1.085688281250000000e+05
1.085698222656250000e+05
1.085684296875000000e+05
1.085675097656250000e+05
1.085669394531250000e+05
1.085671464843750000e+05
1.085681523437500000e+05
1.085665371093750000e+05
1.085639570312500000e+05
1.085640957031250000e+05
1.085634003906250000e+05
1.085634648437500000e+05
1.085609648437500000e+05
1.085616660156250000e+05
1.085632402343750000e+05
1.085607460937500000e+05
1.085607265625000000e+05
1.085587714843750000e+05
1.085594785156250000e+05
1.085588027343750000e+05
1.085582792968750000e+05
1.085560273437500000e+05
1.085568789062500000e+05
1.085589707031250000e+05
1.085569492187500000e+05
1.085549277343750000e+05
1.085559492187500000e+05
1.085553925781250000e+05
1.085527324218750000e+05
1.085520078125000000e+05
1.085518183593750000e+05
1.085509160156250000e+05
1.085502988281250000e+05
1.085496914062500000e+05
1.085490917968750000e+05
1.085483378906250000e+05
1.085497363281250000e+05
1.085480703125000000e+05
1.085489765625000000e+05
1.085476289062500000e+05
1.085464648437500000e+05
1.085469160156250000e+05
1.085455136718750000e+05
1.085501875000000000e+05
1.085501445312500000e+05
1.085449375000000000e+05
1.085482363281250000e+05
1.085478437500000000e+05
1.085446796875000000e+05
1.085444355468750000e+05
1.085444687500000000e+05
1.085415156250000000e+05
1.085422226562500000e+05
1.085405273437500000e+05
1.085408515625000000e+05
1.085390214843750000e+05
1.085392656250000000e+05
1.085382285156250000e+05
1.085394238281250000e+05
1.085370820312500000e+05
1.085370078125000000e+05
1.085366757812500000e+05
1.085389941406250000e+05
