2022-03-03 12:56:09,841:INFO:All directories created, ready to load the data
2022-03-03 12:56:09,910:INFO:Dataset loaded from /data/theorie/jthoeve/training_data/zh/features_mzh_y_ptz_v2/lin/cHW/events_27.pkl.gz
2022-03-03 12:56:09,936:INFO:Dataset loaded from /data/theorie/jthoeve/training_data/zh/features_mzh_y_ptz_v2/sm/events_27.pkl.gz
2022-03-03 12:56:12,271:INFO:Epoch 1, Training loss 126575.837890625, Validation loss 123054.666015625
2022-03-03 12:56:14,667:INFO:Epoch 2, Training loss 121035.517578125, Validation loss 118209.287109375
2022-03-03 12:56:16,993:INFO:Epoch 3, Training loss 116708.552734375, Validation loss 114495.61328125
2022-03-03 12:56:19,337:INFO:Epoch 4, Training loss 113311.90234375, Validation loss 111675.447265625
2022-03-03 12:56:21,658:INFO:Epoch 5, Training loss 110957.48046875, Validation loss 109987.17578125
2022-03-03 12:56:24,040:INFO:Epoch 6, Training loss 109721.447265625, Validation loss 109384.18359375
2022-03-03 12:56:26,379:INFO:Epoch 7, Training loss 109442.87890625, Validation loss 109446.013671875
2022-03-03 12:56:28,714:INFO:Epoch 8, Training loss 109549.87109375, Validation loss 109510.44140625
2022-03-03 12:56:31,049:INFO:Epoch 9, Training loss 109523.93359375, Validation loss 109376.5
2022-03-03 12:56:33,424:INFO:Epoch 10, Training loss 109367.775390625, Validation loss 109241.533203125
2022-03-03 12:56:35,781:INFO:Epoch 11, Training loss 109272.6640625, Validation loss 109215.8515625
2022-03-03 12:56:38,097:INFO:Epoch 12, Training loss 109261.69921875, Validation loss 109208.01953125
2022-03-03 12:56:40,442:INFO:Epoch 13, Training loss 109236.55078125, Validation loss 109165.033203125
2022-03-03 12:56:42,800:INFO:Epoch 14, Training loss 109193.47265625, Validation loss 109128.11328125
2022-03-03 12:56:45,151:INFO:Epoch 15, Training loss 109163.470703125, Validation loss 109105.37109375
2022-03-03 12:56:47,437:INFO:Epoch 16, Training loss 109139.9453125, Validation loss 109079.25
2022-03-03 12:56:49,802:INFO:Epoch 17, Training loss 109109.83984375, Validation loss 109049.37109375
2022-03-03 12:56:52,106:INFO:Epoch 18, Training loss 109078.19921875, Validation loss 109021.447265625
2022-03-03 12:56:54,501:INFO:Epoch 19, Training loss 109047.884765625, Validation loss 108990.43359375
2022-03-03 12:56:56,797:INFO:Epoch 20, Training loss 109015.244140625, Validation loss 108956.767578125
2022-03-03 12:56:59,151:INFO:Epoch 21, Training loss 108980.337890625, Validation loss 108922.525390625
2022-03-03 12:57:01,463:INFO:Epoch 22, Training loss 108944.4140625, Validation loss 108887.048828125
2022-03-03 12:57:03,855:INFO:Epoch 23, Training loss 108906.9296875, Validation loss 108848.853515625
2022-03-03 12:57:06,171:INFO:Epoch 24, Training loss 108867.333984375, Validation loss 108809.80859375
2022-03-03 12:57:08,493:INFO:Epoch 25, Training loss 108827.548828125, Validation loss 108771.1015625
2022-03-03 12:57:10,818:INFO:Epoch 26, Training loss 108788.248046875, Validation loss 108731.52734375
2022-03-03 12:57:13,207:INFO:Epoch 27, Training loss 108747.6875, Validation loss 108694.111328125
2022-03-03 12:57:15,540:INFO:Epoch 28, Training loss 108712.904296875, Validation loss 108659.087890625
2022-03-03 12:57:17,863:INFO:Epoch 29, Training loss 108678.16015625, Validation loss 108628.216796875
2022-03-03 12:57:20,199:INFO:Epoch 30, Training loss 108648.1015625, Validation loss 108603.439453125
2022-03-03 12:57:22,565:INFO:Epoch 31, Training loss 108625.33984375, Validation loss 108586.28125
2022-03-03 12:57:24,901:INFO:Epoch 32, Training loss 108610.07421875, Validation loss 108571.626953125
2022-03-03 12:57:27,206:INFO:Epoch 33, Training loss 108596.07421875, Validation loss 108567.8828125
2022-03-03 12:57:29,555:INFO:Epoch 34, Training loss 108585.31640625, Validation loss 108557.962890625
2022-03-03 12:57:31,915:INFO:Epoch 35, Training loss 108588.021484375, Validation loss 108553.947265625
2022-03-03 12:57:34,264:INFO:Epoch 36, Training loss 108577.453125, Validation loss 108555.4375
2022-03-03 12:57:36,569:INFO:Epoch 37, Training loss 108573.314453125, Validation loss 108551.474609375
2022-03-03 12:57:38,934:INFO:Epoch 38, Training loss 108569.28125, Validation loss 108550.244140625
2022-03-03 12:57:41,239:INFO:Epoch 39, Training loss 108567.546875, Validation loss 108549.0390625
2022-03-03 12:57:43,644:INFO:Epoch 40, Training loss 108565.88671875, Validation loss 108546.47265625
2022-03-03 12:57:45,955:INFO:Epoch 41, Training loss 108565.025390625, Validation loss 108547.42578125
2022-03-03 12:57:48,317:INFO:Epoch 42, Training loss 108562.400390625, Validation loss 108545.109375
2022-03-03 12:57:50,639:INFO:Epoch 43, Training loss 108560.1484375, Validation loss 108544.87890625
2022-03-03 12:57:53,033:INFO:Epoch 44, Training loss 108558.169921875, Validation loss 108543.13671875
2022-03-03 12:57:55,361:INFO:Epoch 45, Training loss 108557.95703125, Validation loss 108543.783203125
2022-03-03 12:57:57,688:INFO:Epoch 46, Training loss 108556.130859375, Validation loss 108542.619140625
2022-03-03 12:58:00,022:INFO:Epoch 47, Training loss 108556.119140625, Validation loss 108543.69921875
2022-03-03 12:58:02,402:INFO:Epoch 48, Training loss 108554.734375, Validation loss 108542.744140625
2022-03-03 12:58:04,741:INFO:Epoch 49, Training loss 108554.296875, Validation loss 108541.201171875
2022-03-03 12:58:07,063:INFO:Epoch 50, Training loss 108553.57421875, Validation loss 108541.986328125
2022-03-03 12:58:09,403:INFO:Epoch 51, Training loss 108552.5546875, Validation loss 108544.2109375
2022-03-03 12:58:11,772:INFO:Epoch 52, Training loss 108552.349609375, Validation loss 108542.666015625
2022-03-03 12:58:14,115:INFO:Epoch 53, Training loss 108551.552734375, Validation loss 108542.677734375
2022-03-03 12:58:16,425:INFO:Epoch 54, Training loss 108551.66015625, Validation loss 108540.986328125
2022-03-03 12:58:18,782:INFO:Epoch 55, Training loss 108548.984375, Validation loss 108542.53125
2022-03-03 12:58:21,143:INFO:Epoch 56, Training loss 108548.677734375, Validation loss 108542.7265625
2022-03-03 12:58:23,498:INFO:Epoch 57, Training loss 108549.234375, Validation loss 108542.75390625
2022-03-03 12:58:25,801:INFO:Epoch 58, Training loss 108548.251953125, Validation loss 108542.70703125
2022-03-03 12:58:28,164:INFO:Epoch 59, Training loss 108548.228515625, Validation loss 108542.69921875
2022-03-03 12:58:30,476:INFO:Epoch 60, Training loss 108545.685546875, Validation loss 108542.837890625
2022-03-03 12:58:32,877:INFO:Epoch 61, Training loss 108545.265625, Validation loss 108543.701171875
2022-03-03 12:58:35,185:INFO:Epoch 62, Training loss 108545.37109375, Validation loss 108542.060546875
2022-03-03 12:58:37,540:INFO:Epoch 63, Training loss 108544.84375, Validation loss 108542.689453125
2022-03-03 12:58:39,868:INFO:Epoch 64, Training loss 108544.580078125, Validation loss 108541.513671875
2022-03-03 12:58:42,266:INFO:Epoch 65, Training loss 108542.892578125, Validation loss 108542.96484375
2022-03-03 12:58:44,591:INFO:Epoch 66, Training loss 108543.431640625, Validation loss 108545.126953125
2022-03-03 12:58:46,931:INFO:Epoch 67, Training loss 108542.427734375, Validation loss 108543.4921875
2022-03-03 12:58:49,261:INFO:Epoch 68, Training loss 108541.248046875, Validation loss 108544.033203125
2022-03-03 12:58:51,649:INFO:Epoch 69, Training loss 108540.23828125, Validation loss 108543.314453125
2022-03-03 12:58:53,986:INFO:Epoch 70, Training loss 108541.455078125, Validation loss 108543.853515625
2022-03-03 12:58:56,315:INFO:Epoch 71, Training loss 108541.2265625, Validation loss 108542.615234375
2022-03-03 12:58:58,655:INFO:Epoch 72, Training loss 108540.951171875, Validation loss 108547.3046875
2022-03-03 12:59:01,023:INFO:Epoch 73, Training loss 108539.162109375, Validation loss 108542.76171875
2022-03-03 12:59:03,365:INFO:Epoch 74, Training loss 108540.615234375, Validation loss 108543.451171875
2022-03-03 12:59:05,674:INFO:Epoch 75, Training loss 108537.994140625, Validation loss 108544.12890625
2022-03-03 12:59:08,028:INFO:Epoch 76, Training loss 108539.78515625, Validation loss 108545.693359375
2022-03-03 12:59:10,387:INFO:Epoch 77, Training loss 108537.716796875, Validation loss 108542.9375
2022-03-03 12:59:12,747:INFO:Epoch 78, Training loss 108539.23828125, Validation loss 108544.58203125
2022-03-03 12:59:15,048:INFO:Epoch 79, Training loss 108536.109375, Validation loss 108545.5546875
2022-03-03 12:59:17,417:INFO:Epoch 80, Training loss 108537.580078125, Validation loss 108543.869140625
2022-03-03 12:59:19,734:INFO:Epoch 81, Training loss 108536.3046875, Validation loss 108543.943359375
2022-03-03 12:59:22,136:INFO:Epoch 82, Training loss 108537.1484375, Validation loss 108545.748046875
2022-03-03 12:59:24,452:INFO:Epoch 83, Training loss 108535.712890625, Validation loss 108546.611328125
2022-03-03 12:59:26,820:INFO:Epoch 84, Training loss 108535.16796875, Validation loss 108543.013671875
2022-03-03 12:59:29,146:INFO:Epoch 85, Training loss 108533.208984375, Validation loss 108542.978515625
2022-03-03 12:59:31,544:INFO:Epoch 86, Training loss 108536.52734375, Validation loss 108542.654296875
2022-03-03 12:59:33,872:INFO:Epoch 87, Training loss 108532.9453125, Validation loss 108548.08984375
2022-03-03 12:59:36,201:INFO:Epoch 88, Training loss 108534.3203125, Validation loss 108546.017578125
2022-03-03 12:59:38,523:INFO:Epoch 89, Training loss 108532.5, Validation loss 108541.30859375
2022-03-03 12:59:40,910:INFO:Epoch 90, Training loss 108533.556640625, Validation loss 108543.04296875
2022-03-03 12:59:43,284:INFO:Epoch 91, Training loss 108532.896484375, Validation loss 108548.619140625
2022-03-03 12:59:45,617:INFO:Epoch 92, Training loss 108532.70703125, Validation loss 108544.755859375
2022-03-03 12:59:47,971:INFO:Epoch 93, Training loss 108532.5859375, Validation loss 108542.896484375
2022-03-03 12:59:50,348:INFO:Epoch 94, Training loss 108530.802734375, Validation loss 108543.94921875
2022-03-03 12:59:52,704:INFO:Epoch 95, Training loss 108532.3046875, Validation loss 108544.220703125
2022-03-03 12:59:55,022:INFO:Epoch 96, Training loss 108529.62109375, Validation loss 108546.037109375
2022-03-03 12:59:57,376:INFO:Epoch 97, Training loss 108535.38671875, Validation loss 108544.845703125
2022-03-03 12:59:59,733:INFO:Epoch 98, Training loss 108532.94921875, Validation loss 108551.01171875
2022-03-03 13:00:02,090:INFO:Epoch 99, Training loss 108533.904296875, Validation loss 108543.9921875
2022-03-03 13:00:04,391:INFO:Epoch 100, Training loss 108530.517578125, Validation loss 108548.376953125
2022-03-03 13:00:06,754:INFO:Epoch 101, Training loss 108530.68359375, Validation loss 108546.056640625
2022-03-03 13:00:09,056:INFO:Epoch 102, Training loss 108530.3203125, Validation loss 108546.52734375
2022-03-03 13:00:11,465:INFO:Epoch 103, Training loss 108528.115234375, Validation loss 108544.75390625
2022-03-03 13:00:13,764:INFO:Epoch 104, Training loss 108528.837890625, Validation loss 108544.328125
2022-03-03 13:00:13,770:INFO:Finished training
