2.080282968750000000e+05
2.080268320312500000e+05
2.080205195312500000e+05
2.079593906250000000e+05
2.076188281250000000e+05
2.063447968750000000e+05
1.905204570312500000e+05
1.547260605468750000e+05
1.292115292968750000e+05
1.152801503906250000e+05
1.103443906250000000e+05
1.098773964843750000e+05
1.103482050781250000e+05
1.104041093750000000e+05
1.100904804687500000e+05
1.097417734375000000e+05
1.095494296875000000e+05
1.095072304687500000e+05
1.095104277343750000e+05
1.094903750000000000e+05
1.094506445312500000e+05
1.094160273437500000e+05
1.093937011718750000e+05
1.093768320312500000e+05
1.093593554687500000e+05
1.093402832031250000e+05
1.093217695312500000e+05
1.093053085937500000e+05
1.092891308593750000e+05
1.092724843750000000e+05
1.092565039062500000e+05
1.092407832031250000e+05
1.092247480468750000e+05
1.092091992187500000e+05
1.091936972656250000e+05
1.091780625000000000e+05
1.091621582031250000e+05
1.091467187500000000e+05
1.091309433593750000e+05
1.091150351562500000e+05
1.090991757812500000e+05
1.090836562500000000e+05
1.090673906250000000e+05
1.090511542968750000e+05
1.090352031250000000e+05
1.090198320312500000e+05
1.090041972656250000e+05
1.089895683593750000e+05
1.089750117187500000e+05
1.089614121093750000e+05
1.089485039062500000e+05
1.089372871093750000e+05
1.089257792968750000e+05
1.089160820312500000e+05
1.089087207031250000e+05
1.089012890625000000e+05
1.088955625000000000e+05
1.088898945312500000e+05
1.088849023437500000e+05
1.088814218750000000e+05
1.088790097656250000e+05
1.088765957031250000e+05
1.088745136718750000e+05
1.088734394531250000e+05
1.088722128906250000e+05
1.088712714843750000e+05
1.088703906250000000e+05
1.088699921875000000e+05
1.088700644531250000e+05
1.088690605468750000e+05
1.088692832031250000e+05
1.088675214843750000e+05
1.088670937500000000e+05
1.088664804687500000e+05
1.088661542968750000e+05
1.088656914062500000e+05
1.088653300781250000e+05
1.088649863281250000e+05
1.088645175781250000e+05
1.088649238281250000e+05
1.088639453125000000e+05
1.088637285156250000e+05
1.088630664062500000e+05
1.088628691406250000e+05
1.088627070312500000e+05
1.088620722656250000e+05
1.088623007812500000e+05
1.088619687500000000e+05
1.088615117187500000e+05
1.088613750000000000e+05
1.088617792968750000e+05
1.088613417968750000e+05
1.088610957031250000e+05
1.088609882812500000e+05
1.088608242187500000e+05
1.088602421875000000e+05
1.088600625000000000e+05
1.088597910156250000e+05
1.088597089843750000e+05
1.088592128906250000e+05
1.088588242187500000e+05
1.088587304687500000e+05
1.088592617187500000e+05
1.088585878906250000e+05
1.088588496093750000e+05
1.088598789062500000e+05
1.088589824218750000e+05
1.088588105468750000e+05
1.088579238281250000e+05
1.088579394531250000e+05
1.088580937500000000e+05
1.088574003906250000e+05
1.088577675781250000e+05
1.088574687500000000e+05
1.088573574218750000e+05
1.088573398437500000e+05
1.088569472656250000e+05
1.088568046875000000e+05
1.088570664062500000e+05
1.088569902343750000e+05
