2022-03-03 14:19:15,984:INFO:All directories created, ready to load the data
2022-03-03 14:19:16,060:INFO:Dataset loaded from /data/theorie/jthoeve/training_data/zh/features_mzh_y_ptz_v2/lin/cHq3/events_3.pkl.gz
2022-03-03 14:19:16,083:INFO:Dataset loaded from /data/theorie/jthoeve/training_data/zh/features_mzh_y_ptz_v2/sm/events_3.pkl.gz
2022-03-03 14:19:18,327:INFO:Epoch 1, Training loss 84653.916015625, Validation loss 84653.916015625
2022-03-03 14:19:20,618:INFO:Epoch 2, Training loss 84653.916015625, Validation loss 84653.916015625
2022-03-03 14:19:22,846:INFO:Epoch 3, Training loss 84653.916015625, Validation loss 84653.916015625
2022-03-03 14:19:25,084:INFO:Epoch 4, Training loss 84653.916015625, Validation loss 84653.916015625
2022-03-03 14:19:27,336:INFO:Epoch 5, Training loss 84653.916015625, Validation loss 84653.916015625
2022-03-03 14:19:29,810:INFO:Epoch 6, Training loss 84653.916015625, Validation loss 84653.916015625
2022-03-03 14:19:32,038:INFO:Epoch 7, Training loss 84653.916015625, Validation loss 84653.916015625
2022-03-03 14:19:34,254:INFO:Epoch 8, Training loss 84653.916015625, Validation loss 84653.916015625
2022-03-03 14:19:36,503:INFO:Epoch 9, Training loss 84653.916015625, Validation loss 84653.916015625
2022-03-03 14:19:38,775:INFO:Epoch 10, Training loss 84653.916015625, Validation loss 84653.916015625
2022-03-03 14:19:41,013:INFO:Epoch 11, Training loss 84653.916015625, Validation loss 84653.916015625
2022-03-03 14:19:41,018:INFO:Detected stagant training, reset the weights
2022-03-03 14:19:43,235:INFO:Epoch 12, Training loss 84653.916015625, Validation loss 84653.916015625
2022-03-03 14:19:43,238:INFO:Detected stagant training, reset the weights
2022-03-03 14:19:45,489:INFO:Epoch 13, Training loss 84653.916015625, Validation loss 84653.916015625
2022-03-03 14:19:45,492:INFO:Detected stagant training, reset the weights
2022-03-03 14:19:47,752:INFO:Epoch 14, Training loss 84652.671875, Validation loss 84649.736328125
2022-03-03 14:19:50,011:INFO:Epoch 15, Training loss 84613.291015625, Validation loss 84450.537109375
2022-03-03 14:19:52,213:INFO:Epoch 16, Training loss 83544.091796875, Validation loss 80033.021484375
2022-03-03 14:19:54,481:INFO:Epoch 17, Training loss 77093.8095703125, Validation loss 74499.9267578125
2022-03-03 14:19:56,694:INFO:Epoch 18, Training loss 74439.607421875, Validation loss 74714.0927734375
2022-03-03 14:19:58,997:INFO:Epoch 19, Training loss 74703.728515625, Validation loss 74500.4873046875
2022-03-03 14:20:01,211:INFO:Epoch 20, Training loss 74228.359375, Validation loss 73900.8212890625
2022-03-03 14:20:03,463:INFO:Epoch 21, Training loss 73821.044921875, Validation loss 73808.5703125
2022-03-03 14:20:05,687:INFO:Epoch 22, Training loss 73840.9892578125, Validation loss 73847.373046875
2022-03-03 14:20:07,980:INFO:Epoch 23, Training loss 73821.078125, Validation loss 73777.1494140625
2022-03-03 14:20:10,206:INFO:Epoch 24, Training loss 73764.087890625, Validation loss 73760.359375
2022-03-03 14:20:12,436:INFO:Epoch 25, Training loss 73764.11328125, Validation loss 73770.3642578125
2022-03-03 14:20:14,659:INFO:Epoch 26, Training loss 73766.845703125, Validation loss 73761.056640625
2022-03-03 14:20:16,932:INFO:Epoch 27, Training loss 73757.36328125, Validation loss 73753.59375
2022-03-03 14:20:19,156:INFO:Epoch 28, Training loss 73756.2001953125, Validation loss 73755.8134765625
2022-03-03 14:20:21,380:INFO:Epoch 29, Training loss 73755.91015625, Validation loss 73754.8095703125
2022-03-03 14:20:23,618:INFO:Epoch 30, Training loss 73753.880859375, Validation loss 73755.1220703125
2022-03-03 14:20:25,881:INFO:Epoch 31, Training loss 73754.0009765625, Validation loss 73755.9462890625
2022-03-03 14:20:28,125:INFO:Epoch 32, Training loss 73753.880859375, Validation loss 73756.0107421875
2022-03-03 14:20:30,335:INFO:Epoch 33, Training loss 73753.4384765625, Validation loss 73755.8330078125
2022-03-03 14:20:32,597:INFO:Epoch 34, Training loss 73753.3154296875, Validation loss 73755.7890625
2022-03-03 14:20:34,850:INFO:Epoch 35, Training loss 73753.064453125, Validation loss 73755.73046875
2022-03-03 14:20:37,097:INFO:Epoch 36, Training loss 73752.681640625, Validation loss 73755.69140625
2022-03-03 14:20:39,291:INFO:Epoch 37, Training loss 73752.5537109375, Validation loss 73755.810546875
2022-03-03 14:20:41,548:INFO:Epoch 38, Training loss 73752.5888671875, Validation loss 73755.8720703125
2022-03-03 14:20:43,770:INFO:Epoch 39, Training loss 73752.32421875, Validation loss 73755.9296875
2022-03-03 14:20:46,073:INFO:Epoch 40, Training loss 73752.193359375, Validation loss 73755.8466796875
2022-03-03 14:20:48,281:INFO:Epoch 41, Training loss 73752.041015625, Validation loss 73755.9580078125
2022-03-03 14:20:50,558:INFO:Epoch 42, Training loss 73751.953125, Validation loss 73756.0537109375
2022-03-03 14:20:52,779:INFO:Epoch 43, Training loss 73751.8916015625, Validation loss 73756.021484375
2022-03-03 14:20:55,069:INFO:Epoch 44, Training loss 73751.8271484375, Validation loss 73756.0458984375
2022-03-03 14:20:57,294:INFO:Epoch 45, Training loss 73751.662109375, Validation loss 73756.1240234375
2022-03-03 14:20:59,537:INFO:Epoch 46, Training loss 73751.6728515625, Validation loss 73756.103515625
2022-03-03 14:21:01,776:INFO:Epoch 47, Training loss 73751.7880859375, Validation loss 73756.166015625
2022-03-03 14:21:04,054:INFO:Epoch 48, Training loss 73751.4775390625, Validation loss 73756.1806640625
2022-03-03 14:21:06,270:INFO:Epoch 49, Training loss 73751.32421875, Validation loss 73756.0009765625
2022-03-03 14:21:08,492:INFO:Epoch 50, Training loss 73751.34765625, Validation loss 73756.064453125
2022-03-03 14:21:10,726:INFO:Epoch 51, Training loss 73751.138671875, Validation loss 73756.1005859375
2022-03-03 14:21:12,997:INFO:Epoch 52, Training loss 73751.2646484375, Validation loss 73756.09375
2022-03-03 14:21:15,247:INFO:Epoch 53, Training loss 73750.955078125, Validation loss 73756.1123046875
2022-03-03 14:21:17,458:INFO:Epoch 54, Training loss 73750.78125, Validation loss 73756.259765625
2022-03-03 14:21:19,696:INFO:Epoch 55, Training loss 73750.787109375, Validation loss 73756.197265625
2022-03-03 14:21:21,948:INFO:Epoch 56, Training loss 73750.8095703125, Validation loss 73756.2451171875
2022-03-03 14:21:24,367:INFO:Epoch 57, Training loss 73750.6201171875, Validation loss 73756.201171875
2022-03-03 14:21:26,564:INFO:Epoch 58, Training loss 73750.46484375, Validation loss 73756.263671875
2022-03-03 14:21:28,773:INFO:Epoch 59, Training loss 73750.384765625, Validation loss 73756.3369140625
2022-03-03 14:21:30,890:INFO:Epoch 60, Training loss 73750.3857421875, Validation loss 73756.271484375
2022-03-03 14:21:33,094:INFO:Epoch 61, Training loss 73750.201171875, Validation loss 73756.2529296875
2022-03-03 14:21:35,211:INFO:Epoch 62, Training loss 73750.1650390625, Validation loss 73756.0888671875
2022-03-03 14:21:37,370:INFO:Epoch 63, Training loss 73750.39453125, Validation loss 73756.068359375
2022-03-03 14:21:39,496:INFO:Epoch 64, Training loss 73750.3447265625, Validation loss 73756.4267578125
2022-03-03 14:21:41,693:INFO:Epoch 65, Training loss 73749.94921875, Validation loss 73756.44921875
2022-03-03 14:21:43,830:INFO:Epoch 66, Training loss 73749.703125, Validation loss 73756.40234375
2022-03-03 14:21:45,981:INFO:Epoch 67, Training loss 73749.9619140625, Validation loss 73756.3046875
2022-03-03 14:21:48,121:INFO:Epoch 68, Training loss 73749.6845703125, Validation loss 73756.3564453125
2022-03-03 14:21:50,307:INFO:Epoch 69, Training loss 73749.359375, Validation loss 73756.4404296875
2022-03-03 14:21:52,447:INFO:Epoch 70, Training loss 73749.5283203125, Validation loss 73756.6123046875
2022-03-03 14:21:54,578:INFO:Epoch 71, Training loss 73749.3115234375, Validation loss 73756.5615234375
2022-03-03 14:21:56,729:INFO:Epoch 72, Training loss 73749.1728515625, Validation loss 73756.529296875
2022-03-03 14:21:58,903:INFO:Epoch 73, Training loss 73749.1748046875, Validation loss 73756.5830078125
2022-03-03 14:22:01,050:INFO:Epoch 74, Training loss 73749.1875, Validation loss 73756.5712890625
2022-03-03 14:22:03,166:INFO:Epoch 75, Training loss 73748.912109375, Validation loss 73756.6396484375
2022-03-03 14:22:05,327:INFO:Epoch 76, Training loss 73748.755859375, Validation loss 73756.5625
2022-03-03 14:22:07,484:INFO:Epoch 77, Training loss 73748.888671875, Validation loss 73756.515625
2022-03-03 14:22:07,491:INFO:Finished training
