2021-11-24 15:26:08,796:INFO:All directories created, ready to load the data
2021-11-24 15:26:08,835:INFO:Dataset loaded from /data/theorie/jthoeve/event_generation/events_high_stats/quad/cHW/events_21.npy
2021-11-24 15:26:08,838:INFO:Dataset loaded from /data/theorie/jthoeve/event_generation/events_high_stats/sm/events_21.npy
2021-11-24 15:26:12,767:INFO:Epoch 1, Training loss 165703.650390625, Validation loss 159660.986328125
2021-11-24 15:26:16,687:INFO:Epoch 2, Training loss 157123.08203125, Validation loss 154046.759765625
2021-11-24 15:26:20,541:INFO:Epoch 3, Training loss 152770.689453125, Validation loss 151197.30859375
2021-11-24 15:26:24,481:INFO:Epoch 4, Training loss 150536.23828125, Validation loss 149696.6328125
2021-11-24 15:26:28,339:INFO:Epoch 5, Training loss 149346.716796875, Validation loss 148868.30859375
2021-11-24 15:26:32,233:INFO:Epoch 6, Training loss 148650.09765625, Validation loss 148302.93359375
2021-11-24 15:26:36,086:INFO:Epoch 7, Training loss 148102.390625, Validation loss 147745.52734375
2021-11-24 15:26:39,994:INFO:Epoch 8, Training loss 147504.71484375, Validation loss 147073.08984375
2021-11-24 15:26:43,860:INFO:Epoch 9, Training loss 146788.904296875, Validation loss 146321.3984375
2021-11-24 15:26:47,765:INFO:Epoch 10, Training loss 146057.9921875, Validation loss 145636.970703125
2021-11-24 15:26:51,654:INFO:Epoch 11, Training loss 145411.2421875, Validation loss 145039.021484375
2021-11-24 15:26:55,557:INFO:Epoch 12, Training loss 144851.12109375, Validation loss 144540.205078125
2021-11-24 15:26:59,434:INFO:Epoch 13, Training loss 144413.931640625, Validation loss 144182.890625
2021-11-24 15:27:03,306:INFO:Epoch 14, Training loss 144130.740234375, Validation loss 143974.806640625
2021-11-24 15:27:07,215:INFO:Epoch 15, Training loss 143967.6875, Validation loss 143875.775390625
2021-11-24 15:27:11,118:INFO:Epoch 16, Training loss 143893.482421875, Validation loss 143810.0
2021-11-24 15:27:15,017:INFO:Epoch 17, Training loss 143837.271484375, Validation loss 143748.234375
2021-11-24 15:27:18,872:INFO:Epoch 18, Training loss 143780.53125, Validation loss 143696.767578125
2021-11-24 15:27:23,110:INFO:Epoch 19, Training loss 143738.166015625, Validation loss 143669.828125
2021-11-24 15:27:26,959:INFO:Epoch 20, Training loss 143714.716796875, Validation loss 143652.220703125
2021-11-24 15:27:30,882:INFO:Epoch 21, Training loss 143696.841796875, Validation loss 143637.400390625
2021-11-24 15:27:34,743:INFO:Epoch 22, Training loss 143684.3046875, Validation loss 143628.07421875
2021-11-24 15:27:38,661:INFO:Epoch 23, Training loss 143675.400390625, Validation loss 143620.3359375
2021-11-24 15:27:42,533:INFO:Epoch 24, Training loss 143667.0234375, Validation loss 143615.73828125
2021-11-24 15:27:46,440:INFO:Epoch 25, Training loss 143663.994140625, Validation loss 143620.0
2021-11-24 15:27:50,294:INFO:Epoch 26, Training loss 143655.4140625, Validation loss 143613.912109375
2021-11-24 15:27:54,184:INFO:Epoch 27, Training loss 143658.0625, Validation loss 143614.822265625
2021-11-24 15:27:58,062:INFO:Epoch 28, Training loss 143653.5, Validation loss 143608.58203125
2021-11-24 15:28:01,978:INFO:Epoch 29, Training loss 143639.626953125, Validation loss 143603.24609375
2021-11-24 15:28:05,865:INFO:Epoch 30, Training loss 143642.689453125, Validation loss 143599.91796875
2021-11-24 15:28:09,762:INFO:Epoch 31, Training loss 143639.693359375, Validation loss 143604.005859375
2021-11-24 15:28:13,649:INFO:Epoch 32, Training loss 143638.66796875, Validation loss 143603.171875
2021-11-24 15:28:17,569:INFO:Epoch 33, Training loss 143637.330078125, Validation loss 143599.8359375
2021-11-24 15:28:21,472:INFO:Epoch 34, Training loss 143625.814453125, Validation loss 143597.0390625
2021-11-24 15:28:25,344:INFO:Epoch 35, Training loss 143624.431640625, Validation loss 143593.875
2021-11-24 15:28:29,242:INFO:Epoch 36, Training loss 143622.0390625, Validation loss 143592.150390625
2021-11-24 15:28:33,141:INFO:Epoch 37, Training loss 143621.388671875, Validation loss 143590.80859375
2021-11-24 15:28:37,238:INFO:Epoch 38, Training loss 143620.537109375, Validation loss 143592.060546875
2021-11-24 15:28:41,131:INFO:Epoch 39, Training loss 143617.083984375, Validation loss 143589.7734375
2021-11-24 15:28:45,022:INFO:Epoch 40, Training loss 143619.19140625, Validation loss 143592.986328125
2021-11-24 15:28:48,878:INFO:Epoch 41, Training loss 143617.203125, Validation loss 143592.0703125
2021-11-24 15:28:52,797:INFO:Epoch 42, Training loss 143615.873046875, Validation loss 143587.037109375
2021-11-24 15:28:56,668:INFO:Epoch 43, Training loss 143612.201171875, Validation loss 143585.56640625
2021-11-24 15:29:00,565:INFO:Epoch 44, Training loss 143609.7421875, Validation loss 143588.6484375
2021-11-24 15:29:04,420:INFO:Epoch 45, Training loss 143612.064453125, Validation loss 143588.828125
2021-11-24 15:29:08,349:INFO:Epoch 46, Training loss 143611.01953125, Validation loss 143586.275390625
2021-11-24 15:29:12,222:INFO:Epoch 47, Training loss 143610.81640625, Validation loss 143584.11328125
2021-11-24 15:29:16,105:INFO:Epoch 48, Training loss 143604.279296875, Validation loss 143581.921875
2021-11-24 15:29:19,990:INFO:Epoch 49, Training loss 143607.259765625, Validation loss 143584.052734375
2021-11-24 15:29:23,895:INFO:Epoch 50, Training loss 143602.310546875, Validation loss 143580.623046875
2021-11-24 15:29:27,801:INFO:Epoch 51, Training loss 143601.73046875, Validation loss 143581.048828125
2021-11-24 15:29:31,685:INFO:Epoch 52, Training loss 143601.091796875, Validation loss 143582.44140625
2021-11-24 15:29:35,556:INFO:Epoch 53, Training loss 143601.2421875, Validation loss 143579.126953125
2021-11-24 15:29:39,700:INFO:Epoch 54, Training loss 143601.3671875, Validation loss 143578.27734375
2021-11-24 15:29:43,592:INFO:Epoch 55, Training loss 143604.283203125, Validation loss 143580.80859375
2021-11-24 15:29:47,461:INFO:Epoch 56, Training loss 143596.2109375, Validation loss 143577.658203125
2021-11-24 15:29:51,713:INFO:Epoch 57, Training loss 143597.07421875, Validation loss 143578.306640625
2021-11-24 15:29:55,597:INFO:Epoch 58, Training loss 143596.12890625, Validation loss 143579.6015625
2021-11-24 15:29:59,947:INFO:Epoch 59, Training loss 143597.7265625, Validation loss 143576.4765625
2021-11-24 15:30:03,819:INFO:Epoch 60, Training loss 143596.884765625, Validation loss 143579.462890625
2021-11-24 15:30:07,921:INFO:Epoch 61, Training loss 143596.85546875, Validation loss 143578.1640625
2021-11-24 15:30:11,792:INFO:Epoch 62, Training loss 143594.837890625, Validation loss 143579.6171875
2021-11-24 15:30:15,801:INFO:Epoch 63, Training loss 143593.873046875, Validation loss 143581.18359375
2021-11-24 15:30:19,748:INFO:Epoch 64, Training loss 143599.314453125, Validation loss 143598.42578125
2021-11-24 15:30:23,728:INFO:Epoch 65, Training loss 143606.478515625, Validation loss 143580.779296875
2021-11-24 15:30:27,654:INFO:Epoch 66, Training loss 143613.712890625, Validation loss 143576.947265625
2021-11-24 15:30:31,601:INFO:Epoch 67, Training loss 143601.4140625, Validation loss 143584.62890625
2021-11-24 15:30:35,509:INFO:Epoch 68, Training loss 143595.0078125, Validation loss 143578.0078125
2021-11-24 15:30:39,497:INFO:Epoch 69, Training loss 143596.556640625, Validation loss 143583.36328125
2021-11-24 15:30:43,447:INFO:Epoch 70, Training loss 143597.357421875, Validation loss 143585.068359375
2021-11-24 15:30:47,392:INFO:Epoch 71, Training loss 143592.765625, Validation loss 143579.771484375
2021-11-24 15:30:51,367:INFO:Epoch 72, Training loss 143590.380859375, Validation loss 143575.861328125
2021-11-24 15:30:55,332:INFO:Epoch 73, Training loss 143589.32421875, Validation loss 143574.869140625
2021-11-24 15:30:59,313:INFO:Epoch 74, Training loss 143587.888671875, Validation loss 143572.87890625
2021-11-24 15:31:03,247:INFO:Epoch 75, Training loss 143587.43359375, Validation loss 143575.380859375
2021-11-24 15:31:07,140:INFO:Epoch 76, Training loss 143590.09375, Validation loss 143582.32421875
2021-11-24 15:31:11,020:INFO:Epoch 77, Training loss 143587.978515625, Validation loss 143576.095703125
2021-11-24 15:31:14,936:INFO:Epoch 78, Training loss 143588.470703125, Validation loss 143574.982421875
2021-11-24 15:31:18,838:INFO:Epoch 79, Training loss 143586.40234375, Validation loss 143574.982421875
2021-11-24 15:31:22,750:INFO:Epoch 80, Training loss 143585.884765625, Validation loss 143575.1796875
2021-11-24 15:31:26,617:INFO:Epoch 81, Training loss 143584.861328125, Validation loss 143580.900390625
2021-11-24 15:31:30,561:INFO:Epoch 82, Training loss 143588.109375, Validation loss 143573.83984375
2021-11-24 15:31:34,422:INFO:Epoch 83, Training loss 143586.111328125, Validation loss 143576.771484375
2021-11-24 15:31:38,360:INFO:Epoch 84, Training loss 143589.375, Validation loss 143574.4140625
2021-11-24 15:31:42,233:INFO:Epoch 85, Training loss 143591.015625, Validation loss 143578.1953125
2021-11-24 15:31:46,144:INFO:Epoch 86, Training loss 143587.51953125, Validation loss 143576.908203125
2021-11-24 15:31:50,036:INFO:Epoch 87, Training loss 143593.6328125, Validation loss 143573.7734375
2021-11-24 15:31:54,109:INFO:Epoch 88, Training loss 143592.341796875, Validation loss 143581.03125
2021-11-24 15:31:58,008:INFO:Epoch 89, Training loss 143585.205078125, Validation loss 143580.693359375
2021-11-24 15:32:01,938:INFO:Epoch 90, Training loss 143589.146484375, Validation loss 143573.603515625
2021-11-24 15:32:05,812:INFO:Epoch 91, Training loss 143582.6796875, Validation loss 143575.65625
2021-11-24 15:32:09,751:INFO:Epoch 92, Training loss 143582.71875, Validation loss 143575.591796875
2021-11-24 15:32:13,638:INFO:Epoch 93, Training loss 143584.044921875, Validation loss 143574.7890625
2021-11-24 15:32:17,525:INFO:Epoch 94, Training loss 143589.578125, Validation loss 143576.35546875
2021-11-24 15:32:21,414:INFO:Epoch 95, Training loss 143586.8828125, Validation loss 143581.423828125
2021-11-24 15:32:25,325:INFO:Epoch 96, Training loss 143587.357421875, Validation loss 143580.21484375
2021-11-24 15:32:29,241:INFO:Epoch 97, Training loss 143581.92578125, Validation loss 143574.162109375
2021-11-24 15:32:33,122:INFO:Epoch 98, Training loss 143585.6875, Validation loss 143576.919921875
2021-11-24 15:32:37,011:INFO:Epoch 99, Training loss 143581.978515625, Validation loss 143572.4609375
2021-11-24 15:32:40,903:INFO:Epoch 100, Training loss 143579.439453125, Validation loss 143573.46875
2021-11-24 15:32:44,796:INFO:Epoch 101, Training loss 143581.234375, Validation loss 143578.845703125
2021-11-24 15:32:48,658:INFO:Epoch 102, Training loss 143584.51171875, Validation loss 143572.458984375
2021-11-24 15:32:52,550:INFO:Epoch 103, Training loss 143580.97265625, Validation loss 143574.6875
2021-11-24 15:32:56,417:INFO:Epoch 104, Training loss 143582.39453125, Validation loss 143573.484375
2021-11-24 15:33:00,510:INFO:Epoch 105, Training loss 143581.005859375, Validation loss 143574.240234375
2021-11-24 15:33:04,369:INFO:Epoch 106, Training loss 143586.005859375, Validation loss 143574.484375
2021-11-24 15:33:08,277:INFO:Epoch 107, Training loss 143579.736328125, Validation loss 143574.64453125
2021-11-24 15:33:12,134:INFO:Epoch 108, Training loss 143582.56640625, Validation loss 143577.4453125
2021-11-24 15:33:16,055:INFO:Epoch 109, Training loss 143582.4296875, Validation loss 143579.865234375
2021-11-24 15:33:19,933:INFO:Epoch 110, Training loss 143585.263671875, Validation loss 143571.48046875
2021-11-24 15:33:23,836:INFO:Epoch 111, Training loss 143580.33203125, Validation loss 143580.884765625
2021-11-24 15:33:27,726:INFO:Epoch 112, Training loss 143583.103515625, Validation loss 143575.451171875
2021-11-24 15:33:31,682:INFO:Epoch 113, Training loss 143577.40625, Validation loss 143578.68359375
2021-11-24 15:33:35,570:INFO:Epoch 114, Training loss 143579.841796875, Validation loss 143578.14453125
2021-11-24 15:33:39,453:INFO:Epoch 115, Training loss 143585.357421875, Validation loss 143587.478515625
2021-11-24 15:33:43,341:INFO:Epoch 116, Training loss 143586.76171875, Validation loss 143573.3359375
2021-11-24 15:33:47,234:INFO:Epoch 117, Training loss 143584.25390625, Validation loss 143575.478515625
2021-11-24 15:33:51,113:INFO:Epoch 118, Training loss 143584.32421875, Validation loss 143584.953125
2021-11-24 15:33:54,980:INFO:Epoch 119, Training loss 143586.48046875, Validation loss 143584.259765625
2021-11-24 15:33:58,876:INFO:Epoch 120, Training loss 143577.453125, Validation loss 143580.650390625
2021-11-24 15:34:02,795:INFO:Epoch 121, Training loss 143585.181640625, Validation loss 143574.1640625
2021-11-24 15:34:06,713:INFO:Epoch 122, Training loss 143577.83203125, Validation loss 143575.30078125
2021-11-24 15:34:11,013:INFO:Epoch 123, Training loss 143577.173828125, Validation loss 143574.259765625
2021-11-24 15:34:14,924:INFO:Epoch 124, Training loss 143576.568359375, Validation loss 143576.419921875
2021-11-24 15:34:18,792:INFO:Epoch 125, Training loss 143576.390625, Validation loss 143574.25390625
2021-11-24 15:34:22,733:INFO:Epoch 126, Training loss 143577.54296875, Validation loss 143575.013671875
2021-11-24 15:34:26,605:INFO:Epoch 127, Training loss 143576.388671875, Validation loss 143575.603515625
2021-11-24 15:34:30,537:INFO:Epoch 128, Training loss 143575.662109375, Validation loss 143575.359375
2021-11-24 15:34:34,410:INFO:Epoch 129, Training loss 143575.177734375, Validation loss 143578.294921875
2021-11-24 15:34:38,343:INFO:Epoch 130, Training loss 143578.318359375, Validation loss 143580.08203125
2021-11-24 15:34:42,218:INFO:Epoch 131, Training loss 143578.28125, Validation loss 143577.736328125
2021-11-24 15:34:46,111:INFO:Epoch 132, Training loss 143581.22265625, Validation loss 143574.986328125
2021-11-24 15:34:50,002:INFO:Epoch 133, Training loss 143575.91015625, Validation loss 143575.53515625
2021-11-24 15:34:53,917:INFO:Epoch 134, Training loss 143578.40234375, Validation loss 143576.552734375
2021-11-24 15:34:57,801:INFO:Epoch 135, Training loss 143576.380859375, Validation loss 143575.26953125
2021-11-24 15:35:01,710:INFO:Epoch 136, Training loss 143578.09375, Validation loss 143576.869140625
2021-11-24 15:35:05,613:INFO:Epoch 137, Training loss 143576.58203125, Validation loss 143577.0
2021-11-24 15:35:09,521:INFO:Epoch 138, Training loss 143576.365234375, Validation loss 143580.142578125
2021-11-24 15:35:13,463:INFO:Epoch 139, Training loss 143574.61328125, Validation loss 143574.80859375
2021-11-24 15:35:17,371:INFO:Epoch 140, Training loss 143577.400390625, Validation loss 143575.93359375
2021-11-24 15:35:21,307:INFO:Epoch 141, Training loss 143575.755859375, Validation loss 143575.0
2021-11-24 15:35:25,335:INFO:Epoch 142, Training loss 143577.87109375, Validation loss 143574.1484375
2021-11-24 15:35:29,253:INFO:Epoch 143, Training loss 143575.53515625, Validation loss 143582.29296875
2021-11-24 15:35:33,150:INFO:Epoch 144, Training loss 143575.24609375, Validation loss 143579.673828125
2021-11-24 15:35:37,091:INFO:Epoch 145, Training loss 143582.6484375, Validation loss 143575.0703125
2021-11-24 15:35:41,030:INFO:Epoch 146, Training loss 143577.921875, Validation loss 143578.40234375
2021-11-24 15:35:45,061:INFO:Epoch 147, Training loss 143576.91796875, Validation loss 143575.91796875
2021-11-24 15:35:49,005:INFO:Epoch 148, Training loss 143574.294921875, Validation loss 143577.412109375
2021-11-24 15:35:52,940:INFO:Epoch 149, Training loss 143576.34765625, Validation loss 143576.50390625
2021-11-24 15:35:56,816:INFO:Epoch 150, Training loss 143574.40234375, Validation loss 143575.68359375
2021-11-24 15:36:00,792:INFO:Epoch 151, Training loss 143575.904296875, Validation loss 143580.7890625
2021-11-24 15:36:04,690:INFO:Epoch 152, Training loss 143576.025390625, Validation loss 143575.21484375
2021-11-24 15:36:08,595:INFO:Epoch 153, Training loss 143573.955078125, Validation loss 143576.087890625
2021-11-24 15:36:12,489:INFO:Epoch 154, Training loss 143573.14453125, Validation loss 143578.654296875
2021-11-24 15:36:16,415:INFO:Epoch 155, Training loss 143574.33203125, Validation loss 143575.20703125
2021-11-24 15:36:20,319:INFO:Epoch 156, Training loss 143576.73828125, Validation loss 143574.556640625
2021-11-24 15:36:24,199:INFO:Epoch 157, Training loss 143585.341796875, Validation loss 143582.849609375
2021-11-24 15:36:28,100:INFO:Epoch 158, Training loss 143578.23046875, Validation loss 143574.98046875
2021-11-24 15:36:32,042:INFO:Epoch 159, Training loss 143578.80859375, Validation loss 143585.66796875
2021-11-24 15:36:35,967:INFO:Epoch 160, Training loss 143578.240234375, Validation loss 143579.654296875
2021-11-24 15:36:35,977:INFO:Finished training, producing training report at /data/theorie/jthoeve/ML4EFT_higgs/models/24_11/model_quad_cHW/mc_run_21/plots/training_report/
2021-11-24 15:36:42,099:WARNING:findfont: Font family ['sans-serif'] not found. Falling back to DejaVu Sans.
