2021-11-17 17:54:11,604:INFO:All directories created, ready to load the data
2021-11-17 17:54:11,679:INFO:Dataset loaded from /data/theorie/jthoeve/event_generation/events_high_stats/lin/cHW/events_16.npy
2021-11-17 17:54:11,730:INFO:Dataset loaded from /data/theorie/jthoeve/event_generation/events_high_stats/sm/events_16.npy
2021-11-17 17:54:15,137:INFO:Epoch 1, Training loss 174357.4375, Validation loss 162651.90234375
2021-11-17 17:54:18,466:INFO:Epoch 2, Training loss 157376.0390625, Validation loss 150547.4765625
2021-11-17 17:54:21,784:INFO:Epoch 3, Training loss 147053.37109375, Validation loss 142305.642578125
2021-11-17 17:54:25,134:INFO:Epoch 4, Training loss 139637.9296875, Validation loss 135803.998046875
2021-11-17 17:54:28,446:INFO:Epoch 5, Training loss 133495.7890625, Validation loss 130180.044921875
2021-11-17 17:54:31,781:INFO:Epoch 6, Training loss 128240.703125, Validation loss 125503.818359375
2021-11-17 17:54:35,081:INFO:Epoch 7, Training loss 123804.38671875, Validation loss 121335.373046875
2021-11-17 17:54:38,405:INFO:Epoch 8, Training loss 119700.47265625, Validation loss 117269.048828125
2021-11-17 17:54:41,696:INFO:Epoch 9, Training loss 115702.416015625, Validation loss 113546.35546875
2021-11-17 17:54:45,019:INFO:Epoch 10, Training loss 112327.240234375, Validation loss 110868.830078125
2021-11-17 17:54:48,313:INFO:Epoch 11, Training loss 110233.4921875, Validation loss 109644.40625
2021-11-17 17:54:51,629:INFO:Epoch 12, Training loss 109479.73046875, Validation loss 109480.0546875
2021-11-17 17:54:54,935:INFO:Epoch 13, Training loss 109499.60546875, Validation loss 109641.21484375
2021-11-17 17:54:58,219:INFO:Epoch 14, Training loss 109616.375, Validation loss 109654.203125
2021-11-17 17:55:01,537:INFO:Epoch 15, Training loss 109552.07421875, Validation loss 109500.5625
2021-11-17 17:55:04,846:INFO:Epoch 16, Training loss 109386.115234375, Validation loss 109348.31640625
2021-11-17 17:55:08,195:INFO:Epoch 17, Training loss 109277.77734375, Validation loss 109305.99609375
2021-11-17 17:55:11,479:INFO:Epoch 18, Training loss 109264.125, Validation loss 109307.6328125
2021-11-17 17:55:14,820:INFO:Epoch 19, Training loss 109251.75, Validation loss 109278.720703125
2021-11-17 17:55:18,108:INFO:Epoch 20, Training loss 109218.818359375, Validation loss 109253.173828125
2021-11-17 17:55:21,469:INFO:Epoch 21, Training loss 109197.03125, Validation loss 109239.416015625
2021-11-17 17:55:24,755:INFO:Epoch 22, Training loss 109181.94921875, Validation loss 109227.244140625
2021-11-17 17:55:28,084:INFO:Epoch 23, Training loss 109167.232421875, Validation loss 109213.224609375
2021-11-17 17:55:31,378:INFO:Epoch 24, Training loss 109152.24609375, Validation loss 109198.994140625
2021-11-17 17:55:34,728:INFO:Epoch 25, Training loss 109137.5859375, Validation loss 109186.283203125
2021-11-17 17:55:38,034:INFO:Epoch 26, Training loss 109124.9765625, Validation loss 109174.384765625
2021-11-17 17:55:41,377:INFO:Epoch 27, Training loss 109112.701171875, Validation loss 109162.62890625
2021-11-17 17:55:44,689:INFO:Epoch 28, Training loss 109099.880859375, Validation loss 109151.40234375
2021-11-17 17:55:48,027:INFO:Epoch 29, Training loss 109087.990234375, Validation loss 109140.33203125
2021-11-17 17:55:51,325:INFO:Epoch 30, Training loss 109076.677734375, Validation loss 109129.587890625
2021-11-17 17:55:54,631:INFO:Epoch 31, Training loss 109065.068359375, Validation loss 109118.888671875
2021-11-17 17:55:57,940:INFO:Epoch 32, Training loss 109054.275390625, Validation loss 109108.576171875
2021-11-17 17:56:01,299:INFO:Epoch 33, Training loss 109043.31640625, Validation loss 109097.931640625
2021-11-17 17:56:04,621:INFO:Epoch 34, Training loss 109032.681640625, Validation loss 109087.50390625
2021-11-17 17:56:07,929:INFO:Epoch 35, Training loss 109021.634765625, Validation loss 109077.6484375
2021-11-17 17:56:11,263:INFO:Epoch 36, Training loss 109011.33984375, Validation loss 109067.7734375
2021-11-17 17:56:14,586:INFO:Epoch 37, Training loss 109001.376953125, Validation loss 109057.63671875
2021-11-17 17:56:17,924:INFO:Epoch 38, Training loss 108991.193359375, Validation loss 109048.931640625
2021-11-17 17:56:21,218:INFO:Epoch 39, Training loss 108981.67578125, Validation loss 109040.728515625
2021-11-17 17:56:24,549:INFO:Epoch 40, Training loss 108973.078125, Validation loss 109032.984375
2021-11-17 17:56:27,840:INFO:Epoch 41, Training loss 108964.705078125, Validation loss 109024.767578125
2021-11-17 17:56:31,210:INFO:Epoch 42, Training loss 108957.033203125, Validation loss 109016.982421875
2021-11-17 17:56:34,501:INFO:Epoch 43, Training loss 108949.33203125, Validation loss 109009.390625
2021-11-17 17:56:37,829:INFO:Epoch 44, Training loss 108942.03125, Validation loss 109002.580078125
2021-11-17 17:56:41,140:INFO:Epoch 45, Training loss 108935.44921875, Validation loss 108996.404296875
2021-11-17 17:56:44,490:INFO:Epoch 46, Training loss 108928.59765625, Validation loss 108990.28515625
2021-11-17 17:56:47,772:INFO:Epoch 47, Training loss 108923.240234375, Validation loss 108984.818359375
2021-11-17 17:56:51,088:INFO:Epoch 48, Training loss 108917.4296875, Validation loss 108979.15234375
2021-11-17 17:56:54,406:INFO:Epoch 49, Training loss 108912.029296875, Validation loss 108974.595703125
2021-11-17 17:56:57,750:INFO:Epoch 50, Training loss 108907.5859375, Validation loss 108970.60546875
2021-11-17 17:57:01,067:INFO:Epoch 51, Training loss 108903.212890625, Validation loss 108966.966796875
2021-11-17 17:57:04,390:INFO:Epoch 52, Training loss 108898.9921875, Validation loss 108963.41015625
2021-11-17 17:57:07,728:INFO:Epoch 53, Training loss 108895.505859375, Validation loss 108960.263671875
2021-11-17 17:57:11,072:INFO:Epoch 54, Training loss 108892.71875, Validation loss 108955.93359375
2021-11-17 17:57:14,400:INFO:Epoch 55, Training loss 108889.658203125, Validation loss 108954.068359375
2021-11-17 17:57:17,700:INFO:Epoch 56, Training loss 108887.048828125, Validation loss 108951.701171875
2021-11-17 17:57:21,034:INFO:Epoch 57, Training loss 108884.4296875, Validation loss 108950.283203125
2021-11-17 17:57:24,373:INFO:Epoch 58, Training loss 108882.341796875, Validation loss 108949.427734375
2021-11-17 17:57:27,709:INFO:Epoch 59, Training loss 108881.427734375, Validation loss 108949.44921875
2021-11-17 17:57:31,238:INFO:Epoch 60, Training loss 108878.9609375, Validation loss 108946.72265625
2021-11-17 17:57:34,660:INFO:Epoch 61, Training loss 108878.0078125, Validation loss 108944.197265625
2021-11-17 17:57:37,930:INFO:Epoch 62, Training loss 108876.765625, Validation loss 108943.31640625
2021-11-17 17:57:41,302:INFO:Epoch 63, Training loss 108876.06640625, Validation loss 108944.701171875
2021-11-17 17:57:44,589:INFO:Epoch 64, Training loss 108875.009765625, Validation loss 108943.146484375
2021-11-17 17:57:47,912:INFO:Epoch 65, Training loss 108874.001953125, Validation loss 108943.203125
2021-11-17 17:57:51,203:INFO:Epoch 66, Training loss 108872.935546875, Validation loss 108942.95703125
2021-11-17 17:57:54,546:INFO:Epoch 67, Training loss 108872.767578125, Validation loss 108941.041015625
2021-11-17 17:57:57,828:INFO:Epoch 68, Training loss 108871.888671875, Validation loss 108941.3671875
2021-11-17 17:58:01,134:INFO:Epoch 69, Training loss 108871.130859375, Validation loss 108941.4921875
2021-11-17 17:58:04,428:INFO:Epoch 70, Training loss 108870.919921875, Validation loss 108941.025390625
2021-11-17 17:58:07,764:INFO:Epoch 71, Training loss 108870.818359375, Validation loss 108940.845703125
2021-11-17 17:58:11,053:INFO:Epoch 72, Training loss 108870.2265625, Validation loss 108941.826171875
2021-11-17 17:58:14,350:INFO:Epoch 73, Training loss 108870.4375, Validation loss 108940.865234375
2021-11-17 17:58:17,653:INFO:Epoch 74, Training loss 108869.326171875, Validation loss 108941.1953125
2021-11-17 17:58:20,993:INFO:Epoch 75, Training loss 108869.009765625, Validation loss 108941.771484375
2021-11-17 17:58:24,339:INFO:Epoch 76, Training loss 108869.201171875, Validation loss 108943.251953125
2021-11-17 17:58:27,664:INFO:Epoch 77, Training loss 108868.546875, Validation loss 108941.248046875
2021-11-17 17:58:30,979:INFO:Epoch 78, Training loss 108868.13671875, Validation loss 108941.064453125
2021-11-17 17:58:34,295:INFO:Epoch 79, Training loss 108867.52734375, Validation loss 108940.77734375
2021-11-17 17:58:37,609:INFO:Epoch 80, Training loss 108867.26171875, Validation loss 108940.806640625
2021-11-17 17:58:40,916:INFO:Epoch 81, Training loss 108867.3046875, Validation loss 108941.751953125
2021-11-17 17:58:44,242:INFO:Epoch 82, Training loss 108866.96484375, Validation loss 108940.97265625
2021-11-17 17:58:47,521:INFO:Epoch 83, Training loss 108866.521484375, Validation loss 108941.3984375
2021-11-17 17:58:50,868:INFO:Epoch 84, Training loss 108866.259765625, Validation loss 108941.236328125
2021-11-17 17:58:54,147:INFO:Epoch 85, Training loss 108866.18359375, Validation loss 108940.794921875
2021-11-17 17:58:57,474:INFO:Epoch 86, Training loss 108866.443359375, Validation loss 108941.978515625
2021-11-17 17:59:00,764:INFO:Epoch 87, Training loss 108865.744140625, Validation loss 108940.935546875
2021-11-17 17:59:04,120:INFO:Epoch 88, Training loss 108865.40234375, Validation loss 108940.826171875
2021-11-17 17:59:07,409:INFO:Epoch 89, Training loss 108865.263671875, Validation loss 108942.23828125
2021-11-17 17:59:10,720:INFO:Epoch 90, Training loss 108865.9375, Validation loss 108941.34765625
2021-11-17 17:59:14,022:INFO:Epoch 91, Training loss 108865.00390625, Validation loss 108942.1640625
2021-11-17 17:59:17,363:INFO:Epoch 92, Training loss 108864.80078125, Validation loss 108941.6953125
2021-11-17 17:59:20,659:INFO:Epoch 93, Training loss 108864.8359375, Validation loss 108940.767578125
2021-11-17 17:59:23,971:INFO:Epoch 94, Training loss 108865.548828125, Validation loss 108942.919921875
2021-11-17 17:59:27,273:INFO:Epoch 95, Training loss 108864.720703125, Validation loss 108940.79296875
2021-11-17 17:59:30,597:INFO:Epoch 96, Training loss 108864.310546875, Validation loss 108941.052734375
2021-11-17 17:59:33,899:INFO:Epoch 97, Training loss 108864.6171875, Validation loss 108942.9609375
2021-11-17 17:59:37,190:INFO:Epoch 98, Training loss 108863.923828125, Validation loss 108941.55078125
2021-11-17 17:59:40,525:INFO:Epoch 99, Training loss 108864.2109375, Validation loss 108940.673828125
2021-11-17 17:59:43,845:INFO:Epoch 100, Training loss 108863.775390625, Validation loss 108941.64453125
2021-11-17 17:59:47,168:INFO:Epoch 101, Training loss 108863.8828125, Validation loss 108942.376953125
2021-11-17 17:59:50,460:INFO:Epoch 102, Training loss 108863.736328125, Validation loss 108942.693359375
2021-11-17 17:59:53,786:INFO:Epoch 103, Training loss 108863.947265625, Validation loss 108941.568359375
2021-11-17 17:59:57,070:INFO:Epoch 104, Training loss 108863.265625, Validation loss 108941.3515625
2021-11-17 18:00:00,426:INFO:Epoch 105, Training loss 108864.515625, Validation loss 108943.14453125
2021-11-17 18:00:03,705:INFO:Epoch 106, Training loss 108863.318359375, Validation loss 108941.18359375
2021-11-17 18:00:07,036:INFO:Epoch 107, Training loss 108863.537109375, Validation loss 108941.515625
2021-11-17 18:00:10,330:INFO:Epoch 108, Training loss 108863.98828125, Validation loss 108943.501953125
2021-11-17 18:00:13,677:INFO:Epoch 109, Training loss 108863.44140625, Validation loss 108942.576171875
2021-11-17 18:00:16,965:INFO:Epoch 110, Training loss 108864.193359375, Validation loss 108941.0625
2021-11-17 18:00:20,275:INFO:Epoch 111, Training loss 108863.478515625, Validation loss 108943.2890625
2021-11-17 18:00:23,566:INFO:Epoch 112, Training loss 108863.525390625, Validation loss 108944.1875
2021-11-17 18:00:26,895:INFO:Epoch 113, Training loss 108863.28125, Validation loss 108942.44140625
2021-11-17 18:00:30,198:INFO:Epoch 114, Training loss 108862.94140625, Validation loss 108941.3984375
2021-11-17 18:00:33,503:INFO:Epoch 115, Training loss 108863.232421875, Validation loss 108943.509765625
2021-11-17 18:00:36,808:INFO:Epoch 116, Training loss 108863.107421875, Validation loss 108942.3515625
2021-11-17 18:00:40,144:INFO:Epoch 117, Training loss 108862.552734375, Validation loss 108942.75
2021-11-17 18:00:43,452:INFO:Epoch 118, Training loss 108862.59375, Validation loss 108941.171875
2021-11-17 18:00:46,738:INFO:Epoch 119, Training loss 108862.61328125, Validation loss 108942.564453125
2021-11-17 18:00:46,744:INFO:Finished training, producing training report at /data/theorie/jthoeve/ML4EFT_higgs/models/17_11/model_final_lin_cHW/mc_run_16/plots/training_report/
2021-11-17 18:00:47,601:WARNING:findfont: Font family ['sans-serif'] not found. Falling back to DejaVu Sans.
