2022-01-24 14:09:39,803:INFO:All directories created, ready to load the data
2022-01-24 14:09:39,839:INFO:Dataset loaded from /data/theorie/jthoeve/event_generation/events_high_stats/pT/lin/cHq3/events_27.npy
2022-01-24 14:09:39,846:INFO:Dataset loaded from /data/theorie/jthoeve/event_generation/events_high_stats/pT/sm/events_27.npy
2022-01-24 14:09:42,347:INFO:Epoch 1, Training loss 84643.564453125, Validation loss 84643.564453125
2022-01-24 14:09:44,853:INFO:Epoch 2, Training loss 84643.564453125, Validation loss 84643.564453125
2022-01-24 14:09:47,347:INFO:Epoch 3, Training loss 84643.564453125, Validation loss 84643.564453125
2022-01-24 14:09:49,860:INFO:Epoch 4, Training loss 84643.564453125, Validation loss 84643.564453125
2022-01-24 14:09:52,348:INFO:Epoch 5, Training loss 84643.564453125, Validation loss 84643.564453125
2022-01-24 14:09:54,825:INFO:Epoch 6, Training loss 84643.564453125, Validation loss 84643.564453125
2022-01-24 14:09:57,315:INFO:Epoch 7, Training loss 84643.564453125, Validation loss 84643.564453125
2022-01-24 14:09:59,817:INFO:Epoch 8, Training loss 84643.564453125, Validation loss 84643.564453125
2022-01-24 14:10:02,314:INFO:Epoch 9, Training loss 84643.564453125, Validation loss 84643.564453125
2022-01-24 14:10:04,785:INFO:Epoch 10, Training loss 84643.564453125, Validation loss 84643.564453125
2022-01-24 14:10:07,294:INFO:Epoch 11, Training loss 84643.564453125, Validation loss 84643.564453125
2022-01-24 14:10:07,298:INFO:Detected stagant training, reset the weights
2022-01-24 14:10:09,797:INFO:Epoch 12, Training loss 73821.484375, Validation loss 73795.70703125
2022-01-24 14:10:12,296:INFO:Epoch 13, Training loss 73805.0078125, Validation loss 73763.40625
2022-01-24 14:10:14,754:INFO:Epoch 14, Training loss 73749.9033203125, Validation loss 73767.8515625
2022-01-24 14:10:17,270:INFO:Epoch 15, Training loss 73760.482421875, Validation loss 73746.0966796875
2022-01-24 14:10:19,743:INFO:Epoch 16, Training loss 73743.8232421875, Validation loss 73753.9599609375
2022-01-24 14:10:22,281:INFO:Epoch 17, Training loss 73747.08203125, Validation loss 73744.9130859375
2022-01-24 14:10:24,755:INFO:Epoch 18, Training loss 73741.466796875, Validation loss 73748.841796875
2022-01-24 14:10:27,256:INFO:Epoch 19, Training loss 73741.2509765625, Validation loss 73745.4326171875
2022-01-24 14:10:29,733:INFO:Epoch 20, Training loss 73739.0302734375, Validation loss 73746.9462890625
2022-01-24 14:10:32,268:INFO:Epoch 21, Training loss 73738.3388671875, Validation loss 73746.3583984375
2022-01-24 14:10:34,750:INFO:Epoch 22, Training loss 73737.5615234375, Validation loss 73746.8623046875
2022-01-24 14:10:37,242:INFO:Epoch 23, Training loss 73736.6171875, Validation loss 73747.2421875
2022-01-24 14:10:39,729:INFO:Epoch 24, Training loss 73736.2578125, Validation loss 73747.6162109375
2022-01-24 14:10:42,268:INFO:Epoch 25, Training loss 73736.1640625, Validation loss 73747.849609375
2022-01-24 14:10:44,758:INFO:Epoch 26, Training loss 73735.0849609375, Validation loss 73747.54296875
2022-01-24 14:10:47,256:INFO:Epoch 27, Training loss 73734.796875, Validation loss 73748.0791015625
2022-01-24 14:10:49,746:INFO:Epoch 28, Training loss 73735.587890625, Validation loss 73749.279296875
2022-01-24 14:10:52,266:INFO:Epoch 29, Training loss 73735.369140625, Validation loss 73749.3232421875
2022-01-24 14:10:54,771:INFO:Epoch 30, Training loss 73733.41796875, Validation loss 73749.3310546875
2022-01-24 14:10:57,251:INFO:Epoch 31, Training loss 73733.0634765625, Validation loss 73749.3984375
2022-01-24 14:10:59,760:INFO:Epoch 32, Training loss 73732.56640625, Validation loss 73749.828125
2022-01-24 14:11:02,269:INFO:Epoch 33, Training loss 73732.3115234375, Validation loss 73750.3037109375
2022-01-24 14:11:04,781:INFO:Epoch 34, Training loss 73731.8486328125, Validation loss 73750.935546875
2022-01-24 14:11:07,257:INFO:Epoch 35, Training loss 73731.984375, Validation loss 73751.1240234375
2022-01-24 14:11:09,782:INFO:Epoch 36, Training loss 73731.111328125, Validation loss 73751.8330078125
2022-01-24 14:11:12,268:INFO:Epoch 37, Training loss 73730.96875, Validation loss 73752.8818359375
2022-01-24 14:11:14,818:INFO:Epoch 38, Training loss 73730.3505859375, Validation loss 73752.6767578125
2022-01-24 14:11:17,296:INFO:Epoch 39, Training loss 73730.060546875, Validation loss 73753.5849609375
2022-01-24 14:11:19,804:INFO:Epoch 40, Training loss 73729.208984375, Validation loss 73753.720703125
2022-01-24 14:11:22,295:INFO:Epoch 41, Training loss 73730.0341796875, Validation loss 73754.8017578125
2022-01-24 14:11:24,835:INFO:Epoch 42, Training loss 73731.1162109375, Validation loss 73756.0087890625
2022-01-24 14:11:27,321:INFO:Epoch 43, Training loss 73729.208984375, Validation loss 73755.646484375
2022-01-24 14:11:29,816:INFO:Epoch 44, Training loss 73728.8427734375, Validation loss 73755.7958984375
2022-01-24 14:11:32,300:INFO:Epoch 45, Training loss 73727.9638671875, Validation loss 73756.4267578125
2022-01-24 14:11:34,823:INFO:Epoch 46, Training loss 73727.287109375, Validation loss 73756.1083984375
2022-01-24 14:11:37,325:INFO:Epoch 47, Training loss 73729.6533203125, Validation loss 73755.591796875
2022-01-24 14:11:39,813:INFO:Epoch 48, Training loss 73726.8056640625, Validation loss 73757.2021484375
2022-01-24 14:11:42,326:INFO:Epoch 49, Training loss 73726.8701171875, Validation loss 73756.9345703125
2022-01-24 14:11:44,853:INFO:Epoch 50, Training loss 73726.3212890625, Validation loss 73757.4189453125
2022-01-24 14:11:47,361:INFO:Epoch 51, Training loss 73725.6904296875, Validation loss 73758.6494140625
2022-01-24 14:11:49,843:INFO:Epoch 52, Training loss 73725.4111328125, Validation loss 73758.890625
2022-01-24 14:11:52,344:INFO:Epoch 53, Training loss 73723.8984375, Validation loss 73758.703125
2022-01-24 14:11:54,858:INFO:Epoch 54, Training loss 73724.15625, Validation loss 73759.1044921875
2022-01-24 14:11:57,370:INFO:Epoch 55, Training loss 73723.2431640625, Validation loss 73761.306640625
2022-01-24 14:11:59,851:INFO:Epoch 56, Training loss 73723.0419921875, Validation loss 73759.625
2022-01-24 14:12:02,377:INFO:Epoch 57, Training loss 73722.9599609375, Validation loss 73762.8173828125
2022-01-24 14:12:04,850:INFO:Epoch 58, Training loss 73721.91015625, Validation loss 73762.587890625
2022-01-24 14:12:07,391:INFO:Epoch 59, Training loss 73722.6357421875, Validation loss 73763.263671875
2022-01-24 14:12:09,849:INFO:Epoch 60, Training loss 73722.66015625, Validation loss 73763.494140625
2022-01-24 14:12:12,283:INFO:Epoch 61, Training loss 73722.9384765625, Validation loss 73763.1591796875
2022-01-24 14:12:14,667:INFO:Epoch 62, Training loss 73720.9755859375, Validation loss 73762.89453125
2022-01-24 14:12:17,101:INFO:Epoch 63, Training loss 73719.5, Validation loss 73762.9384765625
2022-01-24 14:12:19,478:INFO:Epoch 64, Training loss 73719.7216796875, Validation loss 73764.0341796875
2022-01-24 14:12:21,867:INFO:Epoch 65, Training loss 73717.5712890625, Validation loss 73764.296875
2022-01-24 14:12:24,252:INFO:Epoch 66, Training loss 73721.0458984375, Validation loss 73765.31640625
2022-01-24 14:12:26,677:INFO:Epoch 67, Training loss 73719.216796875, Validation loss 73768.6435546875
2022-01-24 14:12:26,684:INFO:Finished training
