2021-11-17 17:54:11,612:INFO:All directories created, ready to load the data
2021-11-17 17:54:11,667:INFO:Dataset loaded from /data/theorie/jthoeve/event_generation/events_high_stats/lin/cHW/events_15.npy
2021-11-17 17:54:11,706:INFO:Dataset loaded from /data/theorie/jthoeve/event_generation/events_high_stats/sm/events_15.npy
2021-11-17 17:54:15,130:INFO:Epoch 1, Training loss 133103.98828125, Validation loss 128074.91015625
2021-11-17 17:54:18,432:INFO:Epoch 2, Training loss 125475.091796875, Validation loss 122027.44921875
2021-11-17 17:54:21,730:INFO:Epoch 3, Training loss 120175.6640625, Validation loss 117658.978515625
2021-11-17 17:54:25,057:INFO:Epoch 4, Training loss 116254.95703125, Validation loss 114338.611328125
2021-11-17 17:54:28,319:INFO:Epoch 5, Training loss 113301.583984375, Validation loss 111946.388671875
2021-11-17 17:54:31,633:INFO:Epoch 6, Training loss 111268.53125, Validation loss 110426.875
2021-11-17 17:54:34,925:INFO:Epoch 7, Training loss 110112.951171875, Validation loss 109824.396484375
2021-11-17 17:54:38,244:INFO:Epoch 8, Training loss 109804.900390625, Validation loss 109828.865234375
2021-11-17 17:54:41,517:INFO:Epoch 9, Training loss 109848.982421875, Validation loss 109834.197265625
2021-11-17 17:54:44,821:INFO:Epoch 10, Training loss 109777.068359375, Validation loss 109668.029296875
2021-11-17 17:54:48,099:INFO:Epoch 11, Training loss 109593.19140625, Validation loss 109488.4453125
2021-11-17 17:54:51,403:INFO:Epoch 12, Training loss 109441.328125, Validation loss 109384.6171875
2021-11-17 17:54:54,701:INFO:Epoch 13, Training loss 109358.91015625, Validation loss 109318.232421875
2021-11-17 17:54:57,980:INFO:Epoch 14, Training loss 109293.51953125, Validation loss 109249.34375
2021-11-17 17:55:01,279:INFO:Epoch 15, Training loss 109225.48828125, Validation loss 109182.578125
2021-11-17 17:55:04,568:INFO:Epoch 16, Training loss 109164.462890625, Validation loss 109135.484375
2021-11-17 17:55:07,885:INFO:Epoch 17, Training loss 109119.685546875, Validation loss 109089.546875
2021-11-17 17:55:11,148:INFO:Epoch 18, Training loss 109076.791015625, Validation loss 109053.978515625
2021-11-17 17:55:14,465:INFO:Epoch 19, Training loss 109047.080078125, Validation loss 109025.3828125
2021-11-17 17:55:17,727:INFO:Epoch 20, Training loss 109022.12109375, Validation loss 109002.447265625
2021-11-17 17:55:21,061:INFO:Epoch 21, Training loss 109000.49609375, Validation loss 108981.998046875
2021-11-17 17:55:24,323:INFO:Epoch 22, Training loss 108980.078125, Validation loss 108966.568359375
2021-11-17 17:55:27,630:INFO:Epoch 23, Training loss 108966.408203125, Validation loss 108953.80078125
2021-11-17 17:55:30,902:INFO:Epoch 24, Training loss 108954.552734375, Validation loss 108944.177734375
2021-11-17 17:55:34,240:INFO:Epoch 25, Training loss 108945.337890625, Validation loss 108936.400390625
2021-11-17 17:55:37,515:INFO:Epoch 26, Training loss 108939.439453125, Validation loss 108929.25390625
2021-11-17 17:55:40,810:INFO:Epoch 27, Training loss 108931.5703125, Validation loss 108925.697265625
2021-11-17 17:55:44,116:INFO:Epoch 28, Training loss 108927.0234375, Validation loss 108921.48828125
2021-11-17 17:55:47,439:INFO:Epoch 29, Training loss 108923.208984375, Validation loss 108918.05859375
2021-11-17 17:55:50,728:INFO:Epoch 30, Training loss 108919.291015625, Validation loss 108914.650390625
2021-11-17 17:55:54,019:INFO:Epoch 31, Training loss 108916.75390625, Validation loss 108912.88671875
2021-11-17 17:55:57,307:INFO:Epoch 32, Training loss 108914.83984375, Validation loss 108911.078125
2021-11-17 17:56:00,649:INFO:Epoch 33, Training loss 108912.75390625, Validation loss 108909.9765625
2021-11-17 17:56:03,948:INFO:Epoch 34, Training loss 108910.955078125, Validation loss 108908.90234375
2021-11-17 17:56:07,221:INFO:Epoch 35, Training loss 108910.236328125, Validation loss 108908.283203125
2021-11-17 17:56:10,528:INFO:Epoch 36, Training loss 108908.412109375, Validation loss 108907.1171875
2021-11-17 17:56:13,830:INFO:Epoch 37, Training loss 108907.517578125, Validation loss 108905.916015625
2021-11-17 17:56:17,134:INFO:Epoch 38, Training loss 108907.015625, Validation loss 108906.658203125
2021-11-17 17:56:20,399:INFO:Epoch 39, Training loss 108906.01953125, Validation loss 108905.923828125
2021-11-17 17:56:23,708:INFO:Epoch 40, Training loss 108905.9296875, Validation loss 108905.498046875
2021-11-17 17:56:26,989:INFO:Epoch 41, Training loss 108904.654296875, Validation loss 108905.91796875
2021-11-17 17:56:30,330:INFO:Epoch 42, Training loss 108904.47265625, Validation loss 108905.947265625
2021-11-17 17:56:33,601:INFO:Epoch 43, Training loss 108903.154296875, Validation loss 108905.572265625
2021-11-17 17:56:36,919:INFO:Epoch 44, Training loss 108903.380859375, Validation loss 108904.927734375
2021-11-17 17:56:40,219:INFO:Epoch 45, Training loss 108902.81640625, Validation loss 108906.203125
2021-11-17 17:56:43,557:INFO:Epoch 46, Training loss 108903.5390625, Validation loss 108905.302734375
2021-11-17 17:56:46,845:INFO:Epoch 47, Training loss 108900.9921875, Validation loss 108904.716796875
2021-11-17 17:56:50,163:INFO:Epoch 48, Training loss 108900.798828125, Validation loss 108904.734375
2021-11-17 17:56:53,482:INFO:Epoch 49, Training loss 108900.708984375, Validation loss 108904.314453125
2021-11-17 17:56:56,824:INFO:Epoch 50, Training loss 108899.4375, Validation loss 108905.240234375
2021-11-17 17:57:00,129:INFO:Epoch 51, Training loss 108899.865234375, Validation loss 108905.365234375
2021-11-17 17:57:03,427:INFO:Epoch 52, Training loss 108898.935546875, Validation loss 108904.328125
2021-11-17 17:57:06,738:INFO:Epoch 53, Training loss 108898.15625, Validation loss 108904.39453125
2021-11-17 17:57:10,064:INFO:Epoch 54, Training loss 108898.33203125, Validation loss 108904.0625
2021-11-17 17:57:13,372:INFO:Epoch 55, Training loss 108898.09765625, Validation loss 108904.076171875
2021-11-17 17:57:16,664:INFO:Epoch 56, Training loss 108898.845703125, Validation loss 108905.376953125
2021-11-17 17:57:19,989:INFO:Epoch 57, Training loss 108897.3515625, Validation loss 108905.16015625
2021-11-17 17:57:23,322:INFO:Epoch 58, Training loss 108897.01171875, Validation loss 108905.03125
2021-11-17 17:57:26,648:INFO:Epoch 59, Training loss 108896.8671875, Validation loss 108904.447265625
2021-11-17 17:57:29,932:INFO:Epoch 60, Training loss 108896.833984375, Validation loss 108904.826171875
2021-11-17 17:57:33,263:INFO:Epoch 61, Training loss 108896.953125, Validation loss 108905.388671875
2021-11-17 17:57:36,548:INFO:Epoch 62, Training loss 108896.39453125, Validation loss 108904.814453125
2021-11-17 17:57:39,918:INFO:Epoch 63, Training loss 108896.041015625, Validation loss 108904.720703125
2021-11-17 17:57:43,196:INFO:Epoch 64, Training loss 108896.3828125, Validation loss 108906.130859375
2021-11-17 17:57:46,527:INFO:Epoch 65, Training loss 108895.623046875, Validation loss 108905.228515625
2021-11-17 17:57:49,827:INFO:Epoch 66, Training loss 108895.486328125, Validation loss 108904.55078125
2021-11-17 17:57:53,175:INFO:Epoch 67, Training loss 108894.8828125, Validation loss 108905.1328125
2021-11-17 17:57:56,464:INFO:Epoch 68, Training loss 108894.92578125, Validation loss 108906.3984375
2021-11-17 17:57:59,776:INFO:Epoch 69, Training loss 108895.6640625, Validation loss 108905.033203125
2021-11-17 17:58:03,076:INFO:Epoch 70, Training loss 108894.95703125, Validation loss 108905.67578125
2021-11-17 17:58:06,418:INFO:Epoch 71, Training loss 108894.923828125, Validation loss 108905.2890625
2021-11-17 17:58:09,723:INFO:Epoch 72, Training loss 108894.408203125, Validation loss 108905.28515625
2021-11-17 17:58:13,035:INFO:Epoch 73, Training loss 108894.349609375, Validation loss 108905.302734375
2021-11-17 17:58:16,343:INFO:Epoch 74, Training loss 108894.33203125, Validation loss 108905.65234375
2021-11-17 17:58:16,349:INFO:Finished training, producing training report at /data/theorie/jthoeve/ML4EFT_higgs/models/17_11/model_final_lin_cHW/mc_run_15/plots/training_report/
2021-11-17 17:58:17,670:WARNING:findfont: Font family ['sans-serif'] not found. Falling back to DejaVu Sans.
