8.467473437500000000e+04
8.467473437500000000e+04
8.467473437500000000e+04
8.467473437500000000e+04
8.467473437500000000e+04
8.467473437500000000e+04
8.467473437500000000e+04
8.467473437500000000e+04
8.467473437500000000e+04
8.467473437500000000e+04
8.467473437500000000e+04
7.521822656250000000e+04
7.511801562500000000e+04
7.498784375000000000e+04
7.484284375000000000e+04
7.469117968750000000e+04
7.454016406250000000e+04
7.439490625000000000e+04
7.425982812500000000e+04
7.413835937500000000e+04
7.403375781250000000e+04
7.394853125000000000e+04
7.388038281250000000e+04
7.382894531250000000e+04
7.379419531250000000e+04
7.377620312500000000e+04
7.377427343750000000e+04
7.378533593750000000e+04
7.380296093750000000e+04
7.382113281250000000e+04
7.383542968750000000e+04
7.384343750000000000e+04
7.384439843750000000e+04
7.383925000000000000e+04
7.382964843750000000e+04
7.381762500000000000e+04
7.380512500000000000e+04
7.379357812500000000e+04
7.378393750000000000e+04
7.377632812500000000e+04
7.377129687500000000e+04
7.376874218750000000e+04
7.376817968750000000e+04
7.376909375000000000e+04
7.377092968750000000e+04
7.377310156250000000e+04
7.377512500000000000e+04
7.377663281250000000e+04
7.377742968750000000e+04
7.377745312500000000e+04
7.377679687500000000e+04
7.377562500000000000e+04
7.377410156250000000e+04
7.377246093750000000e+04
7.377086718750000000e+04
7.376948437500000000e+04
7.376842968750000000e+04
7.376773437500000000e+04
7.376740625000000000e+04
7.376738281250000000e+04
7.376758593750000000e+04
7.376792187500000000e+04
7.376828906250000000e+04
7.376859375000000000e+04
7.376878125000000000e+04
7.376882812500000000e+04
7.376871875000000000e+04
7.376848437500000000e+04
7.376816406250000000e+04
7.376780468750000000e+04
7.376745312500000000e+04
7.376715625000000000e+04
7.376692187500000000e+04
7.376676562500000000e+04
7.376668750000000000e+04
7.376667187500000000e+04
7.376669531250000000e+04
7.376673437500000000e+04
7.376677343750000000e+04
7.376678906250000000e+04
7.376678125000000000e+04
7.376674218750000000e+04
7.376667187500000000e+04
7.376659375000000000e+04
7.376650000000000000e+04
7.376640625000000000e+04
7.376631250000000000e+04
7.376623437500000000e+04
7.376617187500000000e+04
7.376612500000000000e+04
7.376609375000000000e+04
7.376607031250000000e+04
