2022-01-24 14:09:39,442:INFO:All directories created, ready to load the data
2022-01-24 14:09:39,496:INFO:Dataset loaded from /data/theorie/jthoeve/event_generation/events_high_stats/pT/lin/cHq3/events_24.npy
2022-01-24 14:09:39,502:INFO:Dataset loaded from /data/theorie/jthoeve/event_generation/events_high_stats/pT/sm/events_24.npy
2022-01-24 14:09:41,886:INFO:Epoch 1, Training loss 78226.896484375, Validation loss 75746.484375
2022-01-24 14:09:44,279:INFO:Epoch 2, Training loss 74959.6630859375, Validation loss 74155.9462890625
2022-01-24 14:09:46,638:INFO:Epoch 3, Training loss 73959.39453125, Validation loss 73813.8583984375
2022-01-24 14:09:49,029:INFO:Epoch 4, Training loss 73828.9365234375, Validation loss 73881.849609375
2022-01-24 14:09:51,391:INFO:Epoch 5, Training loss 73915.9853515625, Validation loss 73949.58203125
2022-01-24 14:09:53,746:INFO:Epoch 6, Training loss 73942.82421875, Validation loss 73919.9111328125
2022-01-24 14:09:56,118:INFO:Epoch 7, Training loss 73893.357421875, Validation loss 73855.5595703125
2022-01-24 14:09:58,496:INFO:Epoch 8, Training loss 73835.3447265625, Validation loss 73813.97265625
2022-01-24 14:10:00,872:INFO:Epoch 9, Training loss 73808.0029296875, Validation loss 73805.8076171875
2022-01-24 14:10:03,219:INFO:Epoch 10, Training loss 73807.22265625, Validation loss 73811.4853515625
2022-01-24 14:10:05,598:INFO:Epoch 11, Training loss 73811.830078125, Validation loss 73812.3701171875
2022-01-24 14:10:07,974:INFO:Epoch 12, Training loss 73810.0673828125, Validation loss 73808.0927734375
2022-01-24 14:10:10,364:INFO:Epoch 13, Training loss 73805.7626953125, Validation loss 73804.81640625
2022-01-24 14:10:12,701:INFO:Epoch 14, Training loss 73803.6220703125, Validation loss 73804.318359375
2022-01-24 14:10:15,087:INFO:Epoch 15, Training loss 73803.607421875, Validation loss 73804.66796875
2022-01-24 14:10:17,436:INFO:Epoch 16, Training loss 73803.7333984375, Validation loss 73804.4755859375
2022-01-24 14:10:19,845:INFO:Epoch 17, Training loss 73803.34375, Validation loss 73803.96484375
2022-01-24 14:10:22,194:INFO:Epoch 18, Training loss 73802.8212890625, Validation loss 73803.59375
2022-01-24 14:10:24,573:INFO:Epoch 19, Training loss 73802.576171875, Validation loss 73803.4169921875
2022-01-24 14:10:26,931:INFO:Epoch 20, Training loss 73802.4111328125, Validation loss 73803.310546875
2022-01-24 14:10:29,348:INFO:Epoch 21, Training loss 73802.2978515625, Validation loss 73803.2021484375
2022-01-24 14:10:31,717:INFO:Epoch 22, Training loss 73802.025390625, Validation loss 73803.0859375
2022-01-24 14:10:34,089:INFO:Epoch 23, Training loss 73801.931640625, Validation loss 73802.982421875
2022-01-24 14:10:36,447:INFO:Epoch 24, Training loss 73801.7275390625, Validation loss 73802.8876953125
2022-01-24 14:10:38,844:INFO:Epoch 25, Training loss 73801.625, Validation loss 73802.796875
2022-01-24 14:10:41,215:INFO:Epoch 26, Training loss 73801.482421875, Validation loss 73802.76171875
2022-01-24 14:10:43,576:INFO:Epoch 27, Training loss 73801.4326171875, Validation loss 73802.77734375
2022-01-24 14:10:45,950:INFO:Epoch 28, Training loss 73801.19921875, Validation loss 73802.7099609375
2022-01-24 14:10:48,339:INFO:Epoch 29, Training loss 73801.001953125, Validation loss 73802.68359375
2022-01-24 14:10:50,720:INFO:Epoch 30, Training loss 73800.9228515625, Validation loss 73802.7060546875
2022-01-24 14:10:53,067:INFO:Epoch 31, Training loss 73800.7470703125, Validation loss 73802.5791015625
2022-01-24 14:10:55,442:INFO:Epoch 32, Training loss 73800.681640625, Validation loss 73802.5732421875
2022-01-24 14:10:57,798:INFO:Epoch 33, Training loss 73800.5078125, Validation loss 73802.5244140625
2022-01-24 14:11:00,186:INFO:Epoch 34, Training loss 73800.3662109375, Validation loss 73802.5322265625
2022-01-24 14:11:02,505:INFO:Epoch 35, Training loss 73800.3056640625, Validation loss 73802.4033203125
2022-01-24 14:11:04,880:INFO:Epoch 36, Training loss 73800.052734375, Validation loss 73802.3037109375
2022-01-24 14:11:07,209:INFO:Epoch 37, Training loss 73799.935546875, Validation loss 73802.25390625
2022-01-24 14:11:09,601:INFO:Epoch 38, Training loss 73799.841796875, Validation loss 73802.2294921875
2022-01-24 14:11:11,945:INFO:Epoch 39, Training loss 73799.73046875, Validation loss 73802.2548828125
2022-01-24 14:11:14,319:INFO:Epoch 40, Training loss 73799.9169921875, Validation loss 73802.4658203125
2022-01-24 14:11:16,660:INFO:Epoch 41, Training loss 73799.4287109375, Validation loss 73802.345703125
2022-01-24 14:11:19,051:INFO:Epoch 42, Training loss 73799.3564453125, Validation loss 73802.2294921875
2022-01-24 14:11:21,391:INFO:Epoch 43, Training loss 73799.2158203125, Validation loss 73802.150390625
2022-01-24 14:11:23,741:INFO:Epoch 44, Training loss 73799.0869140625, Validation loss 73802.1298828125
2022-01-24 14:11:26,090:INFO:Epoch 45, Training loss 73798.9501953125, Validation loss 73802.1015625
2022-01-24 14:11:28,470:INFO:Epoch 46, Training loss 73798.9453125, Validation loss 73802.201171875
2022-01-24 14:11:30,826:INFO:Epoch 47, Training loss 73798.673828125, Validation loss 73802.125
2022-01-24 14:11:33,178:INFO:Epoch 48, Training loss 73798.6865234375, Validation loss 73802.0224609375
2022-01-24 14:11:35,544:INFO:Epoch 49, Training loss 73798.513671875, Validation loss 73802.0537109375
2022-01-24 14:11:37,918:INFO:Epoch 50, Training loss 73798.443359375, Validation loss 73802.19921875
2022-01-24 14:11:40,290:INFO:Epoch 51, Training loss 73798.357421875, Validation loss 73802.2822265625
2022-01-24 14:11:42,625:INFO:Epoch 52, Training loss 73797.98828125, Validation loss 73802.0546875
2022-01-24 14:11:44,987:INFO:Epoch 53, Training loss 73798.005859375, Validation loss 73802.0078125
2022-01-24 14:11:47,344:INFO:Epoch 54, Training loss 73797.8857421875, Validation loss 73802.1806640625
2022-01-24 14:11:49,731:INFO:Epoch 55, Training loss 73797.4765625, Validation loss 73802.2392578125
2022-01-24 14:11:52,066:INFO:Epoch 56, Training loss 73797.4501953125, Validation loss 73802.3349609375
2022-01-24 14:11:54,436:INFO:Epoch 57, Training loss 73797.3447265625, Validation loss 73802.0966796875
2022-01-24 14:11:56,759:INFO:Epoch 58, Training loss 73796.9951171875, Validation loss 73802.2060546875
2022-01-24 14:11:59,159:INFO:Epoch 59, Training loss 73796.873046875, Validation loss 73802.263671875
2022-01-24 14:12:01,492:INFO:Epoch 60, Training loss 73796.69921875, Validation loss 73802.3701171875
2022-01-24 14:12:03,859:INFO:Epoch 61, Training loss 73796.4755859375, Validation loss 73802.2412109375
2022-01-24 14:12:06,198:INFO:Epoch 62, Training loss 73796.3623046875, Validation loss 73802.48046875
2022-01-24 14:12:08,596:INFO:Epoch 63, Training loss 73796.2001953125, Validation loss 73802.669921875
2022-01-24 14:12:10,940:INFO:Epoch 64, Training loss 73795.845703125, Validation loss 73802.4150390625
2022-01-24 14:12:13,288:INFO:Epoch 65, Training loss 73795.65234375, Validation loss 73802.388671875
2022-01-24 14:12:15,631:INFO:Epoch 66, Training loss 73795.5439453125, Validation loss 73802.732421875
2022-01-24 14:12:18,002:INFO:Epoch 67, Training loss 73795.25, Validation loss 73802.5263671875
2022-01-24 14:12:20,348:INFO:Epoch 68, Training loss 73795.04296875, Validation loss 73802.494140625
2022-01-24 14:12:22,680:INFO:Epoch 69, Training loss 73794.8359375, Validation loss 73802.7431640625
2022-01-24 14:12:25,028:INFO:Epoch 70, Training loss 73794.8515625, Validation loss 73802.927734375
2022-01-24 14:12:27,388:INFO:Epoch 71, Training loss 73794.2265625, Validation loss 73802.771484375
2022-01-24 14:12:29,737:INFO:Epoch 72, Training loss 73794.2294921875, Validation loss 73802.978515625
2022-01-24 14:12:32,079:INFO:Epoch 73, Training loss 73794.1455078125, Validation loss 73803.4326171875
2022-01-24 14:12:34,465:INFO:Epoch 74, Training loss 73793.064453125, Validation loss 73803.130859375
2022-01-24 14:12:36,815:INFO:Epoch 75, Training loss 73793.240234375, Validation loss 73803.697265625
2022-01-24 14:12:39,172:INFO:Epoch 76, Training loss 73792.3994140625, Validation loss 73803.4326171875
2022-01-24 14:12:41,485:INFO:Epoch 77, Training loss 73792.6044921875, Validation loss 73803.7236328125
2022-01-24 14:12:43,847:INFO:Epoch 78, Training loss 73791.8828125, Validation loss 73804.3896484375
2022-01-24 14:12:46,169:INFO:Epoch 79, Training loss 73791.712890625, Validation loss 73804.359375
2022-01-24 14:12:48,562:INFO:Epoch 80, Training loss 73791.521484375, Validation loss 73804.111328125
2022-01-24 14:12:50,890:INFO:Epoch 81, Training loss 73790.7890625, Validation loss 73804.6328125
2022-01-24 14:12:53,247:INFO:Epoch 82, Training loss 73790.4111328125, Validation loss 73805.09765625
2022-01-24 14:12:55,578:INFO:Epoch 83, Training loss 73789.87890625, Validation loss 73805.1103515625
2022-01-24 14:12:57,957:INFO:Epoch 84, Training loss 73789.521484375, Validation loss 73805.556640625
2022-01-24 14:13:00,291:INFO:Epoch 85, Training loss 73789.123046875, Validation loss 73805.693359375
2022-01-24 14:13:02,636:INFO:Epoch 86, Training loss 73788.47265625, Validation loss 73806.5283203125
2022-01-24 14:13:04,976:INFO:Epoch 87, Training loss 73788.6494140625, Validation loss 73806.0849609375
2022-01-24 14:13:07,345:INFO:Epoch 88, Training loss 73787.4619140625, Validation loss 73807.861328125
2022-01-24 14:13:09,683:INFO:Epoch 89, Training loss 73786.9208984375, Validation loss 73807.5478515625
2022-01-24 14:13:12,022:INFO:Epoch 90, Training loss 73787.087890625, Validation loss 73806.765625
2022-01-24 14:13:14,371:INFO:Epoch 91, Training loss 73786.3173828125, Validation loss 73809.0751953125
2022-01-24 14:13:16,733:INFO:Epoch 92, Training loss 73786.6943359375, Validation loss 73810.171875
2022-01-24 14:13:19,081:INFO:Epoch 93, Training loss 73785.1220703125, Validation loss 73808.2353515625
2022-01-24 14:13:21,406:INFO:Epoch 94, Training loss 73785.3798828125, Validation loss 73807.49609375
2022-01-24 14:13:23,764:INFO:Epoch 95, Training loss 73784.6767578125, Validation loss 73809.39453125
2022-01-24 14:13:26,131:INFO:Epoch 96, Training loss 73783.1513671875, Validation loss 73812.28515625
2022-01-24 14:13:28,487:INFO:Epoch 97, Training loss 73784.26953125, Validation loss 73814.43359375
2022-01-24 14:13:30,808:INFO:Epoch 98, Training loss 73782.767578125, Validation loss 73810.45703125
2022-01-24 14:13:33,171:INFO:Epoch 99, Training loss 73782.6162109375, Validation loss 73811.2001953125
2022-01-24 14:13:35,492:INFO:Epoch 100, Training loss 73781.57421875, Validation loss 73812.6064453125
2022-01-24 14:13:37,880:INFO:Epoch 101, Training loss 73781.0673828125, Validation loss 73813.7177734375
2022-01-24 14:13:40,203:INFO:Epoch 102, Training loss 73780.3671875, Validation loss 73814.3349609375
2022-01-24 14:13:42,560:INFO:Epoch 103, Training loss 73779.2841796875, Validation loss 73814.662109375
2022-01-24 14:13:42,566:INFO:Finished training
