2022-01-24 14:05:54,011:INFO:All directories created, ready to load the data
2022-01-24 14:05:54,050:INFO:Dataset loaded from /data/theorie/jthoeve/event_generation/events_high_stats/pT/lin/cHW/events_16.npy
2022-01-24 14:05:54,076:INFO:Dataset loaded from /data/theorie/jthoeve/event_generation/events_high_stats/pT/sm/events_16.npy
2022-01-24 14:05:56,503:INFO:Epoch 1, Training loss 207977.12890625, Validation loss 207977.12890625
2022-01-24 14:05:58,901:INFO:Epoch 2, Training loss 207977.12890625, Validation loss 207977.12890625
2022-01-24 14:06:01,288:INFO:Epoch 3, Training loss 207977.12890625, Validation loss 207977.12890625
2022-01-24 14:06:03,714:INFO:Epoch 4, Training loss 207977.12890625, Validation loss 207977.12890625
2022-01-24 14:06:06,106:INFO:Epoch 5, Training loss 207977.12890625, Validation loss 207977.12890625
2022-01-24 14:06:08,496:INFO:Epoch 6, Training loss 207977.12890625, Validation loss 207977.12890625
2022-01-24 14:06:10,900:INFO:Epoch 7, Training loss 207977.12890625, Validation loss 207977.12890625
2022-01-24 14:06:13,315:INFO:Epoch 8, Training loss 207977.12890625, Validation loss 207977.12890625
2022-01-24 14:06:15,728:INFO:Epoch 9, Training loss 207977.12890625, Validation loss 207977.12890625
2022-01-24 14:06:18,107:INFO:Epoch 10, Training loss 207977.12890625, Validation loss 207977.12890625
2022-01-24 14:06:20,516:INFO:Epoch 11, Training loss 207977.12890625, Validation loss 207977.12890625
2022-01-24 14:06:20,519:INFO:Detected stagant training, reset the weights
2022-01-24 14:06:22,921:INFO:Epoch 12, Training loss 151034.908203125, Validation loss 141361.150390625
2022-01-24 14:06:25,341:INFO:Epoch 13, Training loss 135640.078125, Validation loss 128234.923828125
2022-01-24 14:06:27,706:INFO:Epoch 14, Training loss 124632.82421875, Validation loss 119456.89453125
2022-01-24 14:06:30,126:INFO:Epoch 15, Training loss 116511.92578125, Validation loss 112716.99609375
2022-01-24 14:06:32,501:INFO:Epoch 16, Training loss 111240.361328125, Validation loss 109791.3046875
2022-01-24 14:06:34,950:INFO:Epoch 17, Training loss 109720.10546875, Validation loss 109928.0546875
2022-01-24 14:06:37,332:INFO:Epoch 18, Training loss 110129.978515625, Validation loss 110234.97265625
2022-01-24 14:06:39,744:INFO:Epoch 19, Training loss 110114.220703125, Validation loss 109818.763671875
2022-01-24 14:06:42,130:INFO:Epoch 20, Training loss 109656.306640625, Validation loss 109406.501953125
2022-01-24 14:06:44,567:INFO:Epoch 21, Training loss 109373.84765625, Validation loss 109294.626953125
2022-01-24 14:06:46,962:INFO:Epoch 22, Training loss 109333.712890625, Validation loss 109302.716796875
2022-01-24 14:06:49,370:INFO:Epoch 23, Training loss 109332.56640625, Validation loss 109268.01953125
2022-01-24 14:06:51,769:INFO:Epoch 24, Training loss 109282.50390625, Validation loss 109203.6484375
2022-01-24 14:06:54,211:INFO:Epoch 25, Training loss 109227.4609375, Validation loss 109161.48828125
2022-01-24 14:06:56,614:INFO:Epoch 26, Training loss 109197.6640625, Validation loss 109137.958984375
2022-01-24 14:06:59,007:INFO:Epoch 27, Training loss 109173.33203125, Validation loss 109105.015625
2022-01-24 14:07:01,420:INFO:Epoch 28, Training loss 109137.708984375, Validation loss 109066.36328125
2022-01-24 14:07:03,845:INFO:Epoch 29, Training loss 109100.34765625, Validation loss 109025.837890625
2022-01-24 14:07:06,255:INFO:Epoch 30, Training loss 109059.404296875, Validation loss 108980.36328125
2022-01-24 14:07:08,648:INFO:Epoch 31, Training loss 109011.76953125, Validation loss 108931.919921875
2022-01-24 14:07:11,067:INFO:Epoch 32, Training loss 108964.607421875, Validation loss 108886.01171875
2022-01-24 14:07:13,478:INFO:Epoch 33, Training loss 108916.455078125, Validation loss 108837.775390625
2022-01-24 14:07:15,908:INFO:Epoch 34, Training loss 108871.67578125, Validation loss 108793.60546875
2022-01-24 14:07:18,287:INFO:Epoch 35, Training loss 108830.298828125, Validation loss 108754.95703125
2022-01-24 14:07:20,732:INFO:Epoch 36, Training loss 108793.0625, Validation loss 108719.89453125
2022-01-24 14:07:23,133:INFO:Epoch 37, Training loss 108762.314453125, Validation loss 108695.333984375
2022-01-24 14:07:25,586:INFO:Epoch 38, Training loss 108738.705078125, Validation loss 108676.1171875
2022-01-24 14:07:27,973:INFO:Epoch 39, Training loss 108721.048828125, Validation loss 108656.3125
2022-01-24 14:07:30,384:INFO:Epoch 40, Training loss 108704.431640625, Validation loss 108642.16796875
2022-01-24 14:07:32,770:INFO:Epoch 41, Training loss 108690.75390625, Validation loss 108634.31640625
2022-01-24 14:07:35,211:INFO:Epoch 42, Training loss 108678.2265625, Validation loss 108623.26171875
2022-01-24 14:07:37,602:INFO:Epoch 43, Training loss 108666.611328125, Validation loss 108612.7265625
2022-01-24 14:07:40,011:INFO:Epoch 44, Training loss 108662.55859375, Validation loss 108607.8359375
2022-01-24 14:07:42,417:INFO:Epoch 45, Training loss 108656.4453125, Validation loss 108606.712890625
2022-01-24 14:07:44,851:INFO:Epoch 46, Training loss 108652.333984375, Validation loss 108606.07421875
2022-01-24 14:07:47,246:INFO:Epoch 47, Training loss 108648.3203125, Validation loss 108599.009765625
2022-01-24 14:07:49,642:INFO:Epoch 48, Training loss 108648.306640625, Validation loss 108595.515625
2022-01-24 14:07:52,047:INFO:Epoch 49, Training loss 108644.556640625, Validation loss 108597.216796875
2022-01-24 14:07:54,477:INFO:Epoch 50, Training loss 108643.642578125, Validation loss 108598.5234375
2022-01-24 14:07:56,895:INFO:Epoch 51, Training loss 108641.228515625, Validation loss 108593.798828125
2022-01-24 14:07:59,295:INFO:Epoch 52, Training loss 108642.580078125, Validation loss 108589.89453125
2022-01-24 14:08:01,726:INFO:Epoch 53, Training loss 108639.775390625, Validation loss 108593.123046875
2022-01-24 14:08:04,152:INFO:Epoch 54, Training loss 108638.61328125, Validation loss 108595.845703125
2022-01-24 14:08:06,589:INFO:Epoch 55, Training loss 108637.33984375, Validation loss 108588.37109375
2022-01-24 14:08:08,977:INFO:Epoch 56, Training loss 108635.59765625, Validation loss 108588.931640625
2022-01-24 14:08:11,410:INFO:Epoch 57, Training loss 108635.83203125, Validation loss 108586.40234375
2022-01-24 14:08:13,804:INFO:Epoch 58, Training loss 108633.62109375, Validation loss 108588.083984375
2022-01-24 14:08:16,262:INFO:Epoch 59, Training loss 108631.7890625, Validation loss 108586.9140625
2022-01-24 14:08:18,659:INFO:Epoch 60, Training loss 108631.42578125, Validation loss 108584.671875
2022-01-24 14:08:21,083:INFO:Epoch 61, Training loss 108629.2265625, Validation loss 108586.017578125
2022-01-24 14:08:23,482:INFO:Epoch 62, Training loss 108628.923828125, Validation loss 108583.91015625
2022-01-24 14:08:25,932:INFO:Epoch 63, Training loss 108627.59375, Validation loss 108585.12109375
2022-01-24 14:08:28,333:INFO:Epoch 64, Training loss 108626.568359375, Validation loss 108584.1796875
2022-01-24 14:08:30,745:INFO:Epoch 65, Training loss 108625.52734375, Validation loss 108582.443359375
2022-01-24 14:08:33,156:INFO:Epoch 66, Training loss 108625.712890625, Validation loss 108582.50390625
2022-01-24 14:08:35,595:INFO:Epoch 67, Training loss 108626.55859375, Validation loss 108583.55078125
2022-01-24 14:08:37,999:INFO:Epoch 68, Training loss 108624.595703125, Validation loss 108580.40625
2022-01-24 14:08:40,403:INFO:Epoch 69, Training loss 108623.462890625, Validation loss 108581.74609375
2022-01-24 14:08:42,823:INFO:Epoch 70, Training loss 108623.3125, Validation loss 108581.599609375
2022-01-24 14:08:45,253:INFO:Epoch 71, Training loss 108622.84375, Validation loss 108583.45703125
2022-01-24 14:08:47,674:INFO:Epoch 72, Training loss 108622.59375, Validation loss 108580.796875
2022-01-24 14:08:50,070:INFO:Epoch 73, Training loss 108624.966796875, Validation loss 108578.62890625
2022-01-24 14:08:52,487:INFO:Epoch 74, Training loss 108621.8828125, Validation loss 108582.630859375
2022-01-24 14:08:54,907:INFO:Epoch 75, Training loss 108622.583984375, Validation loss 108585.455078125
2022-01-24 14:08:57,329:INFO:Epoch 76, Training loss 108622.7578125, Validation loss 108578.115234375
2022-01-24 14:08:59,708:INFO:Epoch 77, Training loss 108621.466796875, Validation loss 108580.125
2022-01-24 14:09:02,149:INFO:Epoch 78, Training loss 108618.802734375, Validation loss 108580.017578125
2022-01-24 14:09:04,539:INFO:Epoch 79, Training loss 108619.712890625, Validation loss 108579.55078125
2022-01-24 14:09:07,001:INFO:Epoch 80, Training loss 108618.1484375, Validation loss 108577.876953125
2022-01-24 14:09:09,398:INFO:Epoch 81, Training loss 108619.46484375, Validation loss 108578.12109375
2022-01-24 14:09:11,826:INFO:Epoch 82, Training loss 108617.9140625, Validation loss 108582.83984375
2022-01-24 14:09:14,229:INFO:Epoch 83, Training loss 108619.123046875, Validation loss 108578.1875
2022-01-24 14:09:16,673:INFO:Epoch 84, Training loss 108617.4140625, Validation loss 108578.3515625
2022-01-24 14:09:19,070:INFO:Epoch 85, Training loss 108616.623046875, Validation loss 108578.375
2022-01-24 14:09:21,486:INFO:Epoch 86, Training loss 108616.517578125, Validation loss 108576.861328125
2022-01-24 14:09:23,888:INFO:Epoch 87, Training loss 108616.283203125, Validation loss 108578.548828125
2022-01-24 14:09:26,334:INFO:Epoch 88, Training loss 108615.791015625, Validation loss 108577.666015625
2022-01-24 14:09:28,768:INFO:Epoch 89, Training loss 108615.40625, Validation loss 108577.85546875
2022-01-24 14:09:31,234:INFO:Epoch 90, Training loss 108615.9375, Validation loss 108578.072265625
2022-01-24 14:09:33,732:INFO:Epoch 91, Training loss 108615.86328125, Validation loss 108579.44921875
2022-01-24 14:09:36,240:INFO:Epoch 92, Training loss 108614.01171875, Validation loss 108576.822265625
2022-01-24 14:09:38,742:INFO:Epoch 93, Training loss 108614.701171875, Validation loss 108576.888671875
2022-01-24 14:09:41,226:INFO:Epoch 94, Training loss 108614.41796875, Validation loss 108575.359375
2022-01-24 14:09:43,741:INFO:Epoch 95, Training loss 108613.544921875, Validation loss 108576.54296875
2022-01-24 14:09:46,263:INFO:Epoch 96, Training loss 108613.40625, Validation loss 108577.287109375
2022-01-24 14:09:48,779:INFO:Epoch 97, Training loss 108612.720703125, Validation loss 108578.1796875
2022-01-24 14:09:51,247:INFO:Epoch 98, Training loss 108612.2421875, Validation loss 108576.677734375
2022-01-24 14:09:53,777:INFO:Epoch 99, Training loss 108612.87890625, Validation loss 108575.76953125
2022-01-24 14:09:56,262:INFO:Epoch 100, Training loss 108612.48046875, Validation loss 108574.744140625
2022-01-24 14:09:58,812:INFO:Epoch 101, Training loss 108611.638671875, Validation loss 108579.521484375
2022-01-24 14:10:01,298:INFO:Epoch 102, Training loss 108612.826171875, Validation loss 108577.162109375
2022-01-24 14:10:03,816:INFO:Epoch 103, Training loss 108611.044921875, Validation loss 108575.591796875
2022-01-24 14:10:06,304:INFO:Epoch 104, Training loss 108612.009765625, Validation loss 108578.9765625
2022-01-24 14:10:08,844:INFO:Epoch 105, Training loss 108612.501953125, Validation loss 108578.17578125
2022-01-24 14:10:11,336:INFO:Epoch 106, Training loss 108612.298828125, Validation loss 108580.46875
2022-01-24 14:10:13,842:INFO:Epoch 107, Training loss 108611.34375, Validation loss 108574.58203125
2022-01-24 14:10:16,355:INFO:Epoch 108, Training loss 108609.720703125, Validation loss 108575.884765625
2022-01-24 14:10:18,893:INFO:Epoch 109, Training loss 108610.798828125, Validation loss 108578.7578125
2022-01-24 14:10:21,399:INFO:Epoch 110, Training loss 108609.38671875, Validation loss 108575.138671875
2022-01-24 14:10:23,897:INFO:Epoch 111, Training loss 108609.8359375, Validation loss 108576.80078125
2022-01-24 14:10:26,407:INFO:Epoch 112, Training loss 108608.37109375, Validation loss 108577.2265625
2022-01-24 14:10:28,924:INFO:Epoch 113, Training loss 108608.36328125, Validation loss 108576.21875
2022-01-24 14:10:31,446:INFO:Epoch 114, Training loss 108609.076171875, Validation loss 108574.4765625
2022-01-24 14:10:33,934:INFO:Epoch 115, Training loss 108608.58984375, Validation loss 108576.744140625
2022-01-24 14:10:36,456:INFO:Epoch 116, Training loss 108609.486328125, Validation loss 108575.958984375
2022-01-24 14:10:38,971:INFO:Epoch 117, Training loss 108609.189453125, Validation loss 108580.501953125
2022-01-24 14:10:41,492:INFO:Epoch 118, Training loss 108611.904296875, Validation loss 108573.830078125
2022-01-24 14:10:43,977:INFO:Epoch 119, Training loss 108607.0234375, Validation loss 108577.23046875
2022-01-24 14:10:46,510:INFO:Epoch 120, Training loss 108609.1171875, Validation loss 108581.705078125
2022-01-24 14:10:48,998:INFO:Epoch 121, Training loss 108606.583984375, Validation loss 108574.888671875
2022-01-24 14:10:51,559:INFO:Epoch 122, Training loss 108607.25390625, Validation loss 108573.20703125
2022-01-24 14:10:54,051:INFO:Epoch 123, Training loss 108605.857421875, Validation loss 108576.771484375
2022-01-24 14:10:56,573:INFO:Epoch 124, Training loss 108605.640625, Validation loss 108579.365234375
2022-01-24 14:10:59,061:INFO:Epoch 125, Training loss 108605.294921875, Validation loss 108575.533203125
2022-01-24 14:11:01,611:INFO:Epoch 126, Training loss 108605.373046875, Validation loss 108574.4140625
2022-01-24 14:11:04,108:INFO:Epoch 127, Training loss 108606.716796875, Validation loss 108574.76953125
2022-01-24 14:11:06,618:INFO:Epoch 128, Training loss 108607.400390625, Validation loss 108581.646484375
2022-01-24 14:11:09,128:INFO:Epoch 129, Training loss 108606.9765625, Validation loss 108577.287109375
2022-01-24 14:11:11,659:INFO:Epoch 130, Training loss 108607.974609375, Validation loss 108574.40625
2022-01-24 14:11:14,166:INFO:Epoch 131, Training loss 108605.169921875, Validation loss 108577.265625
2022-01-24 14:11:16,661:INFO:Epoch 132, Training loss 108606.67578125, Validation loss 108577.869140625
2022-01-24 14:11:19,176:INFO:Epoch 133, Training loss 108606.470703125, Validation loss 108577.298828125
2022-01-24 14:11:21,699:INFO:Epoch 134, Training loss 108607.923828125, Validation loss 108581.7890625
2022-01-24 14:11:24,201:INFO:Epoch 135, Training loss 108605.384765625, Validation loss 108579.857421875
2022-01-24 14:11:26,686:INFO:Epoch 136, Training loss 108605.357421875, Validation loss 108577.287109375
2022-01-24 14:11:29,211:INFO:Epoch 137, Training loss 108603.671875, Validation loss 108578.8671875
2022-01-24 14:11:31,732:INFO:Epoch 138, Training loss 108602.431640625, Validation loss 108575.283203125
2022-01-24 14:11:34,252:INFO:Epoch 139, Training loss 108601.771484375, Validation loss 108578.349609375
2022-01-24 14:11:36,727:INFO:Epoch 140, Training loss 108603.798828125, Validation loss 108578.169921875
2022-01-24 14:11:39,251:INFO:Epoch 141, Training loss 108602.16015625, Validation loss 108575.626953125
2022-01-24 14:11:41,742:INFO:Epoch 142, Training loss 108602.166015625, Validation loss 108577.376953125
2022-01-24 14:11:44,291:INFO:Epoch 143, Training loss 108601.427734375, Validation loss 108574.5078125
2022-01-24 14:11:46,782:INFO:Epoch 144, Training loss 108603.708984375, Validation loss 108574.56640625
2022-01-24 14:11:49,307:INFO:Epoch 145, Training loss 108601.15625, Validation loss 108581.609375
2022-01-24 14:11:51,802:INFO:Epoch 146, Training loss 108603.357421875, Validation loss 108577.64453125
2022-01-24 14:11:54,357:INFO:Epoch 147, Training loss 108599.8203125, Validation loss 108574.32421875
2022-01-24 14:11:56,851:INFO:Epoch 148, Training loss 108599.265625, Validation loss 108576.361328125
2022-01-24 14:11:59,367:INFO:Epoch 149, Training loss 108599.85546875, Validation loss 108574.59765625
2022-01-24 14:12:01,870:INFO:Epoch 150, Training loss 108600.27734375, Validation loss 108576.30859375
2022-01-24 14:12:04,408:INFO:Epoch 151, Training loss 108599.109375, Validation loss 108576.818359375
2022-01-24 14:12:06,923:INFO:Epoch 152, Training loss 108598.841796875, Validation loss 108578.423828125
2022-01-24 14:12:09,421:INFO:Epoch 153, Training loss 108599.4765625, Validation loss 108574.888671875
2022-01-24 14:12:11,929:INFO:Epoch 154, Training loss 108601.015625, Validation loss 108572.8359375
2022-01-24 14:12:14,458:INFO:Epoch 155, Training loss 108597.626953125, Validation loss 108578.705078125
2022-01-24 14:12:16,984:INFO:Epoch 156, Training loss 108599.91015625, Validation loss 108580.744140625
2022-01-24 14:12:19,483:INFO:Epoch 157, Training loss 108599.09765625, Validation loss 108574.95703125
2022-01-24 14:12:22,005:INFO:Epoch 158, Training loss 108597.611328125, Validation loss 108578.890625
2022-01-24 14:12:24,533:INFO:Epoch 159, Training loss 108598.814453125, Validation loss 108581.517578125
2022-01-24 14:12:27,023:INFO:Epoch 160, Training loss 108595.69140625, Validation loss 108575.515625
2022-01-24 14:12:29,425:INFO:Epoch 161, Training loss 108596.70703125, Validation loss 108576.212890625
2022-01-24 14:12:31,869:INFO:Epoch 162, Training loss 108596.46875, Validation loss 108578.146484375
2022-01-24 14:12:34,278:INFO:Epoch 163, Training loss 108596.03125, Validation loss 108579.34765625
2022-01-24 14:12:36,739:INFO:Epoch 164, Training loss 108597.56640625, Validation loss 108577.123046875
2022-01-24 14:12:39,140:INFO:Epoch 165, Training loss 108597.4296875, Validation loss 108577.6171875
2022-01-24 14:12:41,569:INFO:Epoch 166, Training loss 108596.22265625, Validation loss 108585.052734375
2022-01-24 14:12:43,970:INFO:Epoch 167, Training loss 108596.001953125, Validation loss 108579.978515625
2022-01-24 14:12:46,418:INFO:Epoch 168, Training loss 108595.76953125, Validation loss 108577.859375
2022-01-24 14:12:48,818:INFO:Epoch 169, Training loss 108593.82421875, Validation loss 108578.392578125
2022-01-24 14:12:51,233:INFO:Epoch 170, Training loss 108594.79296875, Validation loss 108580.287109375
2022-01-24 14:12:53,646:INFO:Epoch 171, Training loss 108596.533203125, Validation loss 108575.3828125
2022-01-24 14:12:56,095:INFO:Epoch 172, Training loss 108593.828125, Validation loss 108579.84765625
2022-01-24 14:12:58,508:INFO:Epoch 173, Training loss 108594.2421875, Validation loss 108581.173828125
2022-01-24 14:13:00,909:INFO:Epoch 174, Training loss 108594.255859375, Validation loss 108577.60546875
2022-01-24 14:13:03,325:INFO:Epoch 175, Training loss 108593.83203125, Validation loss 108579.638671875
2022-01-24 14:13:05,754:INFO:Epoch 176, Training loss 108591.74609375, Validation loss 108580.544921875
2022-01-24 14:13:08,180:INFO:Epoch 177, Training loss 108592.83984375, Validation loss 108577.564453125
2022-01-24 14:13:10,577:INFO:Epoch 178, Training loss 108593.322265625, Validation loss 108577.123046875
2022-01-24 14:13:13,008:INFO:Epoch 179, Training loss 108591.947265625, Validation loss 108582.62109375
2022-01-24 14:13:15,439:INFO:Epoch 180, Training loss 108593.447265625, Validation loss 108579.40625
2022-01-24 14:13:17,872:INFO:Epoch 181, Training loss 108590.6796875, Validation loss 108578.517578125
2022-01-24 14:13:20,259:INFO:Epoch 182, Training loss 108593.396484375, Validation loss 108579.611328125
2022-01-24 14:13:22,698:INFO:Epoch 183, Training loss 108590.51953125, Validation loss 108582.521484375
2022-01-24 14:13:25,091:INFO:Epoch 184, Training loss 108592.046875, Validation loss 108578.591796875
2022-01-24 14:13:27,556:INFO:Epoch 185, Training loss 108590.71875, Validation loss 108578.888671875
2022-01-24 14:13:29,954:INFO:Epoch 186, Training loss 108589.453125, Validation loss 108579.8125
2022-01-24 14:13:32,381:INFO:Epoch 187, Training loss 108589.26171875, Validation loss 108580.400390625
2022-01-24 14:13:34,790:INFO:Epoch 188, Training loss 108591.70703125, Validation loss 108579.84375
2022-01-24 14:13:37,239:INFO:Epoch 189, Training loss 108590.017578125, Validation loss 108584.009765625
2022-01-24 14:13:39,651:INFO:Epoch 190, Training loss 108590.49609375, Validation loss 108580.806640625
2022-01-24 14:13:42,070:INFO:Epoch 191, Training loss 108589.671875, Validation loss 108577.21484375
2022-01-24 14:13:44,480:INFO:Epoch 192, Training loss 108589.013671875, Validation loss 108576.904296875
2022-01-24 14:13:46,929:INFO:Epoch 193, Training loss 108589.806640625, Validation loss 108581.26953125
2022-01-24 14:13:49,347:INFO:Epoch 194, Training loss 108590.26171875, Validation loss 108583.76953125
2022-01-24 14:13:51,747:INFO:Epoch 195, Training loss 108589.58203125, Validation loss 108578.80859375
2022-01-24 14:13:54,163:INFO:Epoch 196, Training loss 108590.474609375, Validation loss 108583.333984375
2022-01-24 14:13:56,600:INFO:Epoch 197, Training loss 108586.13671875, Validation loss 108577.939453125
2022-01-24 14:13:59,022:INFO:Epoch 198, Training loss 108587.607421875, Validation loss 108578.693359375
2022-01-24 14:14:01,418:INFO:Epoch 199, Training loss 108586.13671875, Validation loss 108582.146484375
2022-01-24 14:14:03,861:INFO:Epoch 200, Training loss 108587.283203125, Validation loss 108581.25
2022-01-24 14:14:06,281:INFO:Epoch 201, Training loss 108587.529296875, Validation loss 108578.02734375
2022-01-24 14:14:08,712:INFO:Epoch 202, Training loss 108585.927734375, Validation loss 108585.962890625
2022-01-24 14:14:11,094:INFO:Epoch 203, Training loss 108586.501953125, Validation loss 108579.845703125
2022-01-24 14:14:13,531:INFO:Epoch 204, Training loss 108584.4296875, Validation loss 108581.15625
2022-01-24 14:14:13,537:INFO:Finished training
