2.079081875000000000e+05
2.075042539062500000e+05
2.059721367187500000e+05
2.008425312500000000e+05
1.805024609375000000e+05
1.441943750000000000e+05
1.237201035156250000e+05
1.145626699218750000e+05
1.109244453125000000e+05
1.098421035156250000e+05
1.097444667968750000e+05
1.098658925781250000e+05
1.099149921875000000e+05
1.098260664062500000e+05
1.096870957031250000e+05
1.095769804687500000e+05
1.095280195312500000e+05
1.095166738281250000e+05
1.095011582031250000e+05
1.094742148437500000e+05
1.094491601562500000e+05
1.094302597656250000e+05
1.094122988281250000e+05
1.093922988281250000e+05
1.093696269531250000e+05
1.093457675781250000e+05
1.093222148437500000e+05
1.092993085937500000e+05
1.092766601562500000e+05
1.092533261718750000e+05
1.092306425781250000e+05
1.092078066406250000e+05
1.091849531250000000e+05
1.091619785156250000e+05
1.091399238281250000e+05
1.091176347656250000e+05
1.090946445312500000e+05
1.090730019531250000e+05
1.090532207031250000e+05
1.090333046875000000e+05
1.090172929687500000e+05
1.090010585937500000e+05
1.089850683593750000e+05
1.089717910156250000e+05
1.089597851562500000e+05
1.089487734375000000e+05
1.089389609375000000e+05
1.089287539062500000e+05
1.089200937500000000e+05
1.089120097656250000e+05
1.089036328125000000e+05
1.088959843750000000e+05
1.088891796875000000e+05
1.088827812500000000e+05
1.088768203125000000e+05
1.088710761718750000e+05
1.088658007812500000e+05
1.088614101562500000e+05
1.088574785156250000e+05
1.088533281250000000e+05
1.088497675781250000e+05
1.088472128906250000e+05
1.088447343750000000e+05
1.088421425781250000e+05
1.088400507812500000e+05
1.088388105468750000e+05
1.088368359375000000e+05
1.088361933593750000e+05
1.088344140625000000e+05
1.088334082031250000e+05
1.088325468750000000e+05
1.088312421875000000e+05
1.088305703125000000e+05
1.088296875000000000e+05
1.088290917968750000e+05
1.088284199218750000e+05
1.088280078125000000e+05
1.088276269531250000e+05
1.088275507812500000e+05
1.088264003906250000e+05
1.088269570312500000e+05
1.088259453125000000e+05
1.088257812500000000e+05
1.088253164062500000e+05
1.088253027343750000e+05
1.088247539062500000e+05
1.088242304687500000e+05
1.088247539062500000e+05
1.088239687500000000e+05
1.088240273437500000e+05
1.088236152343750000e+05
1.088238417968750000e+05
1.088236640625000000e+05
1.088230839843750000e+05
1.088230332031250000e+05
1.088228476562500000e+05
1.088224453125000000e+05
1.088224238281250000e+05
1.088223671875000000e+05
1.088222558593750000e+05
1.088221757812500000e+05
1.088218144531250000e+05
1.088221542968750000e+05
1.088220019531250000e+05
1.088213203125000000e+05
1.088213535156250000e+05
1.088213613281250000e+05
1.088211738281250000e+05
1.088212343750000000e+05
1.088214960937500000e+05
1.088213554687500000e+05
1.088210781250000000e+05
1.088207675781250000e+05
1.088210078125000000e+05
1.088206171875000000e+05
1.088208652343750000e+05
1.088203593750000000e+05
1.088201171875000000e+05
1.088203867187500000e+05
1.088200664062500000e+05
1.088206074218750000e+05
1.088199375000000000e+05
1.088197851562500000e+05
1.088199121093750000e+05
1.088204179687500000e+05
1.088199433593750000e+05
1.088199414062500000e+05
1.088196269531250000e+05
1.088197890625000000e+05
1.088194257812500000e+05
1.088191757812500000e+05
1.088195703125000000e+05
1.088193105468750000e+05
1.088190117187500000e+05
1.088199531250000000e+05
1.088203066406250000e+05
1.088192207031250000e+05
1.088194042968750000e+05
1.088192265625000000e+05
1.088191679687500000e+05
1.088210410156250000e+05
1.088185722656250000e+05
1.088191660156250000e+05
1.088194863281250000e+05
1.088189023437500000e+05
1.088189511718750000e+05
1.088188105468750000e+05
1.088185820312500000e+05
1.088190390625000000e+05
1.088195156250000000e+05
1.088186308593750000e+05
1.088186972656250000e+05
1.088188046875000000e+05
1.088190839843750000e+05
1.088188828125000000e+05
1.088184824218750000e+05
1.088184531250000000e+05
1.088182832031250000e+05
1.088183886718750000e+05
1.088188906250000000e+05
1.088190781250000000e+05
1.088197714843750000e+05
1.088179687500000000e+05
1.088182363281250000e+05
