2022-01-24 14:09:30,414:INFO:All directories created, ready to load the data
2022-01-24 14:09:30,477:INFO:Dataset loaded from /data/theorie/jthoeve/event_generation/events_high_stats/pT/lin/cHq3/events_11.npy
2022-01-24 14:09:30,484:INFO:Dataset loaded from /data/theorie/jthoeve/event_generation/events_high_stats/pT/sm/events_11.npy
2022-01-24 14:09:32,893:INFO:Epoch 1, Training loss 77470.4775390625, Validation loss 75320.4169921875
2022-01-24 14:09:35,274:INFO:Epoch 2, Training loss 74649.28125, Validation loss 73963.4609375
2022-01-24 14:09:37,656:INFO:Epoch 3, Training loss 73829.7978515625, Validation loss 73751.03515625
2022-01-24 14:09:40,093:INFO:Epoch 4, Training loss 73802.966796875, Validation loss 73873.6201171875
2022-01-24 14:09:42,550:INFO:Epoch 5, Training loss 73898.568359375, Validation loss 73893.853515625
2022-01-24 14:09:44,994:INFO:Epoch 6, Training loss 73866.404296875, Validation loss 73811.7578125
2022-01-24 14:09:47,454:INFO:Epoch 7, Training loss 73782.521484375, Validation loss 73748.16015625
2022-01-24 14:09:49,929:INFO:Epoch 8, Training loss 73742.1103515625, Validation loss 73742.4814453125
2022-01-24 14:09:52,405:INFO:Epoch 9, Training loss 73745.966796875, Validation loss 73752.451171875
2022-01-24 14:09:54,846:INFO:Epoch 10, Training loss 73749.369140625, Validation loss 73746.953125
2022-01-24 14:09:57,329:INFO:Epoch 11, Training loss 73742.205078125, Validation loss 73739.333984375
2022-01-24 14:09:59,811:INFO:Epoch 12, Training loss 73737.171875, Validation loss 73737.1650390625
2022-01-24 14:10:02,300:INFO:Epoch 13, Training loss 73736.6865234375, Validation loss 73737.587890625
2022-01-24 14:10:04,740:INFO:Epoch 14, Training loss 73737.15234375, Validation loss 73737.609375
2022-01-24 14:10:07,220:INFO:Epoch 15, Training loss 73736.7421875, Validation loss 73737.140625
2022-01-24 14:10:09,657:INFO:Epoch 16, Training loss 73735.8310546875, Validation loss 73736.9716796875
2022-01-24 14:10:12,178:INFO:Epoch 17, Training loss 73735.6484375, Validation loss 73737.28125
2022-01-24 14:10:14,635:INFO:Epoch 18, Training loss 73735.37109375, Validation loss 73737.4658203125
2022-01-24 14:10:17,103:INFO:Epoch 19, Training loss 73735.0869140625, Validation loss 73737.4521484375
2022-01-24 14:10:19,549:INFO:Epoch 20, Training loss 73734.7900390625, Validation loss 73737.5009765625
2022-01-24 14:10:22,055:INFO:Epoch 21, Training loss 73734.505859375, Validation loss 73737.537109375
2022-01-24 14:10:24,525:INFO:Epoch 22, Training loss 73734.3408203125, Validation loss 73737.5986328125
2022-01-24 14:10:26,998:INFO:Epoch 23, Training loss 73734.216796875, Validation loss 73737.7880859375
2022-01-24 14:10:29,468:INFO:Epoch 24, Training loss 73733.9580078125, Validation loss 73737.8349609375
2022-01-24 14:10:31,963:INFO:Epoch 25, Training loss 73733.77734375, Validation loss 73738.05859375
2022-01-24 14:10:34,429:INFO:Epoch 26, Training loss 73733.5927734375, Validation loss 73738.22265625
2022-01-24 14:10:36,892:INFO:Epoch 27, Training loss 73733.4267578125, Validation loss 73738.287109375
2022-01-24 14:10:39,372:INFO:Epoch 28, Training loss 73733.173828125, Validation loss 73738.41015625
2022-01-24 14:10:41,864:INFO:Epoch 29, Training loss 73732.9912109375, Validation loss 73738.4736328125
2022-01-24 14:10:44,351:INFO:Epoch 30, Training loss 73732.865234375, Validation loss 73738.572265625
2022-01-24 14:10:46,803:INFO:Epoch 31, Training loss 73732.6923828125, Validation loss 73738.5322265625
2022-01-24 14:10:49,292:INFO:Epoch 32, Training loss 73732.47265625, Validation loss 73738.58203125
2022-01-24 14:10:51,777:INFO:Epoch 33, Training loss 73732.3251953125, Validation loss 73738.8681640625
2022-01-24 14:10:54,253:INFO:Epoch 34, Training loss 73732.0419921875, Validation loss 73738.880859375
2022-01-24 14:10:56,699:INFO:Epoch 35, Training loss 73731.8291015625, Validation loss 73738.9677734375
2022-01-24 14:10:59,195:INFO:Epoch 36, Training loss 73731.775390625, Validation loss 73739.1279296875
2022-01-24 14:11:01,646:INFO:Epoch 37, Training loss 73731.474609375, Validation loss 73739.1572265625
2022-01-24 14:11:04,168:INFO:Epoch 38, Training loss 73731.2333984375, Validation loss 73739.22265625
2022-01-24 14:11:06,615:INFO:Epoch 39, Training loss 73731.150390625, Validation loss 73739.048828125
2022-01-24 14:11:09,105:INFO:Epoch 40, Training loss 73730.798828125, Validation loss 73739.47265625
2022-01-24 14:11:11,565:INFO:Epoch 41, Training loss 73730.6455078125, Validation loss 73739.8251953125
2022-01-24 14:11:14,092:INFO:Epoch 42, Training loss 73730.3671875, Validation loss 73739.9658203125
2022-01-24 14:11:16,558:INFO:Epoch 43, Training loss 73730.0, Validation loss 73739.8837890625
2022-01-24 14:11:19,032:INFO:Epoch 44, Training loss 73729.8017578125, Validation loss 73739.978515625
2022-01-24 14:11:21,501:INFO:Epoch 45, Training loss 73729.4755859375, Validation loss 73740.021484375
2022-01-24 14:11:24,003:INFO:Epoch 46, Training loss 73729.271484375, Validation loss 73740.5078125
2022-01-24 14:11:26,465:INFO:Epoch 47, Training loss 73729.1181640625, Validation loss 73740.4970703125
2022-01-24 14:11:28,914:INFO:Epoch 48, Training loss 73728.625, Validation loss 73740.9970703125
2022-01-24 14:11:31,383:INFO:Epoch 49, Training loss 73728.7490234375, Validation loss 73741.19921875
2022-01-24 14:11:33,878:INFO:Epoch 50, Training loss 73728.3388671875, Validation loss 73741.58203125
2022-01-24 14:11:36,345:INFO:Epoch 51, Training loss 73728.052734375, Validation loss 73741.716796875
2022-01-24 14:11:38,786:INFO:Epoch 52, Training loss 73727.783203125, Validation loss 73742.0185546875
2022-01-24 14:11:41,280:INFO:Epoch 53, Training loss 73727.52734375, Validation loss 73742.34375
2022-01-24 14:11:43,763:INFO:Epoch 54, Training loss 73727.462890625, Validation loss 73742.1923828125
2022-01-24 14:11:46,244:INFO:Epoch 55, Training loss 73727.1630859375, Validation loss 73742.7509765625
2022-01-24 14:11:48,672:INFO:Epoch 56, Training loss 73727.0615234375, Validation loss 73742.587890625
2022-01-24 14:11:51,157:INFO:Epoch 57, Training loss 73726.693359375, Validation loss 73742.9482421875
2022-01-24 14:11:53,586:INFO:Epoch 58, Training loss 73726.6533203125, Validation loss 73743.5146484375
2022-01-24 14:11:56,100:INFO:Epoch 59, Training loss 73726.5498046875, Validation loss 73743.5703125
2022-01-24 14:11:58,548:INFO:Epoch 60, Training loss 73726.1435546875, Validation loss 73743.5537109375
2022-01-24 14:12:01,019:INFO:Epoch 61, Training loss 73725.8642578125, Validation loss 73743.6865234375
2022-01-24 14:12:03,471:INFO:Epoch 62, Training loss 73725.7314453125, Validation loss 73744.24609375
2022-01-24 14:12:05,979:INFO:Epoch 63, Training loss 73725.830078125, Validation loss 73743.826171875
2022-01-24 14:12:08,435:INFO:Epoch 64, Training loss 73725.25, Validation loss 73744.142578125
2022-01-24 14:12:10,883:INFO:Epoch 65, Training loss 73725.271484375, Validation loss 73744.8642578125
2022-01-24 14:12:13,344:INFO:Epoch 66, Training loss 73724.7705078125, Validation loss 73744.6328125
2022-01-24 14:12:13,350:INFO:Finished training
