2022-03-03 14:19:16,314:INFO:All directories created, ready to load the data
2022-03-03 14:19:16,378:INFO:Dataset loaded from /data/theorie/jthoeve/training_data/zh/features_mzh_y_ptz_v2/lin/cHq3/events_7.pkl.gz
2022-03-03 14:19:16,421:INFO:Dataset loaded from /data/theorie/jthoeve/training_data/zh/features_mzh_y_ptz_v2/sm/events_7.pkl.gz
2022-03-03 14:19:18,579:INFO:Epoch 1, Training loss 84698.978515625, Validation loss 84698.54296875
2022-03-03 14:19:20,787:INFO:Epoch 2, Training loss 84698.501953125, Validation loss 84696.505859375
2022-03-03 14:19:22,933:INFO:Epoch 3, Training loss 84682.451171875, Validation loss 84652.076171875
2022-03-03 14:19:25,138:INFO:Epoch 4, Training loss 83868.34375, Validation loss 80730.6689453125
2022-03-03 14:19:27,362:INFO:Epoch 5, Training loss 78169.5361328125, Validation loss 75272.2724609375
2022-03-03 14:19:29,807:INFO:Epoch 6, Training loss 74486.5283203125, Validation loss 73924.5361328125
2022-03-03 14:19:32,048:INFO:Epoch 7, Training loss 73989.8271484375, Validation loss 74169.9130859375
2022-03-03 14:19:34,288:INFO:Epoch 8, Training loss 74243.1787109375, Validation loss 74254.3857421875
2022-03-03 14:19:36,544:INFO:Epoch 9, Training loss 74183.8330078125, Validation loss 74046.5400390625
2022-03-03 14:19:38,825:INFO:Epoch 10, Training loss 73961.1806640625, Validation loss 73854.84765625
2022-03-03 14:19:41,293:INFO:Epoch 11, Training loss 73819.966796875, Validation loss 73796.173828125
2022-03-03 14:19:43,520:INFO:Epoch 12, Training loss 73802.96875, Validation loss 73816.076171875
2022-03-03 14:19:45,773:INFO:Epoch 13, Training loss 73817.9130859375, Validation loss 73813.615234375
2022-03-03 14:19:48,035:INFO:Epoch 14, Training loss 73809.3994140625, Validation loss 73800.861328125
2022-03-03 14:19:50,303:INFO:Epoch 15, Training loss 73798.3388671875, Validation loss 73794.1572265625
2022-03-03 14:19:52,520:INFO:Epoch 16, Training loss 73794.2529296875, Validation loss 73793.7451171875
2022-03-03 14:19:54,788:INFO:Epoch 17, Training loss 73794.3974609375, Validation loss 73793.9501953125
2022-03-03 14:19:57,013:INFO:Epoch 18, Training loss 73794.326171875, Validation loss 73792.8154296875
2022-03-03 14:19:59,322:INFO:Epoch 19, Training loss 73792.6806640625, Validation loss 73791.67578125
2022-03-03 14:20:01,539:INFO:Epoch 20, Training loss 73791.8896484375, Validation loss 73791.0634765625
2022-03-03 14:20:03,801:INFO:Epoch 21, Training loss 73791.5166015625, Validation loss 73791.1748046875
2022-03-03 14:20:06,037:INFO:Epoch 22, Training loss 73791.115234375, Validation loss 73791.2685546875
2022-03-03 14:20:08,339:INFO:Epoch 23, Training loss 73790.666015625, Validation loss 73791.349609375
2022-03-03 14:20:10,572:INFO:Epoch 24, Training loss 73790.310546875, Validation loss 73791.5029296875
2022-03-03 14:20:12,820:INFO:Epoch 25, Training loss 73790.083984375, Validation loss 73791.55078125
2022-03-03 14:20:15,078:INFO:Epoch 26, Training loss 73789.876953125, Validation loss 73791.8193359375
2022-03-03 14:20:17,368:INFO:Epoch 27, Training loss 73789.63671875, Validation loss 73791.8232421875
2022-03-03 14:20:19,616:INFO:Epoch 28, Training loss 73789.4423828125, Validation loss 73791.861328125
2022-03-03 14:20:21,853:INFO:Epoch 29, Training loss 73789.3583984375, Validation loss 73792.0615234375
2022-03-03 14:20:24,102:INFO:Epoch 30, Training loss 73789.05078125, Validation loss 73792.12109375
2022-03-03 14:20:26,379:INFO:Epoch 31, Training loss 73788.9189453125, Validation loss 73792.044921875
2022-03-03 14:20:28,629:INFO:Epoch 32, Training loss 73788.705078125, Validation loss 73792.171875
2022-03-03 14:20:30,845:INFO:Epoch 33, Training loss 73788.50390625, Validation loss 73792.234375
2022-03-03 14:20:33,114:INFO:Epoch 34, Training loss 73788.28125, Validation loss 73792.27734375
2022-03-03 14:20:35,386:INFO:Epoch 35, Training loss 73788.09765625, Validation loss 73792.408203125
2022-03-03 14:20:37,652:INFO:Epoch 36, Training loss 73787.986328125, Validation loss 73792.447265625
2022-03-03 14:20:39,863:INFO:Epoch 37, Training loss 73787.720703125, Validation loss 73792.54296875
2022-03-03 14:20:42,139:INFO:Epoch 38, Training loss 73787.6533203125, Validation loss 73792.486328125
2022-03-03 14:20:44,358:INFO:Epoch 39, Training loss 73787.2919921875, Validation loss 73792.6396484375
2022-03-03 14:20:46,672:INFO:Epoch 40, Training loss 73787.1787109375, Validation loss 73792.62109375
2022-03-03 14:20:48,902:INFO:Epoch 41, Training loss 73786.89453125, Validation loss 73792.5068359375
2022-03-03 14:20:51,176:INFO:Epoch 42, Training loss 73786.603515625, Validation loss 73792.5576171875
2022-03-03 14:20:53,412:INFO:Epoch 43, Training loss 73786.3984375, Validation loss 73792.583984375
2022-03-03 14:20:55,711:INFO:Epoch 44, Training loss 73786.3095703125, Validation loss 73792.8173828125
2022-03-03 14:20:57,950:INFO:Epoch 45, Training loss 73785.9619140625, Validation loss 73792.765625
2022-03-03 14:21:00,191:INFO:Epoch 46, Training loss 73785.7314453125, Validation loss 73792.728515625
2022-03-03 14:21:02,432:INFO:Epoch 47, Training loss 73785.58984375, Validation loss 73792.771484375
2022-03-03 14:21:04,721:INFO:Epoch 48, Training loss 73785.203125, Validation loss 73792.84765625
2022-03-03 14:21:06,972:INFO:Epoch 49, Training loss 73784.9443359375, Validation loss 73792.9091796875
2022-03-03 14:21:09,225:INFO:Epoch 50, Training loss 73784.505859375, Validation loss 73792.9716796875
2022-03-03 14:21:11,483:INFO:Epoch 51, Training loss 73784.1279296875, Validation loss 73792.89453125
2022-03-03 14:21:13,764:INFO:Epoch 52, Training loss 73783.466796875, Validation loss 73792.3916015625
2022-03-03 14:21:16,023:INFO:Epoch 53, Training loss 73782.8701171875, Validation loss 73792.5205078125
2022-03-03 14:21:18,249:INFO:Epoch 54, Training loss 73782.59375, Validation loss 73793.06640625
2022-03-03 14:21:20,520:INFO:Epoch 55, Training loss 73782.4150390625, Validation loss 73793.2509765625
2022-03-03 14:21:22,793:INFO:Epoch 56, Training loss 73781.9677734375, Validation loss 73793.771484375
2022-03-03 14:21:25,067:INFO:Epoch 57, Training loss 73781.3701171875, Validation loss 73794.3935546875
2022-03-03 14:21:27,277:INFO:Epoch 58, Training loss 73781.064453125, Validation loss 73793.9580078125
2022-03-03 14:21:29,538:INFO:Epoch 59, Training loss 73780.599609375, Validation loss 73794.84765625
2022-03-03 14:21:31,758:INFO:Epoch 60, Training loss 73780.4208984375, Validation loss 73794.75390625
2022-03-03 14:21:34,081:INFO:Epoch 61, Training loss 73780.2802734375, Validation loss 73795.9951171875
2022-03-03 14:21:36,309:INFO:Epoch 62, Training loss 73779.9140625, Validation loss 73797.3798828125
2022-03-03 14:21:38,571:INFO:Epoch 63, Training loss 73779.5654296875, Validation loss 73797.3984375
2022-03-03 14:21:40,765:INFO:Epoch 64, Training loss 73779.6640625, Validation loss 73797.0927734375
2022-03-03 14:21:42,970:INFO:Epoch 65, Training loss 73778.8896484375, Validation loss 73798.5380859375
2022-03-03 14:21:45,105:INFO:Epoch 66, Training loss 73778.525390625, Validation loss 73797.765625
2022-03-03 14:21:47,257:INFO:Epoch 67, Training loss 73778.7001953125, Validation loss 73797.3037109375
2022-03-03 14:21:49,403:INFO:Epoch 68, Training loss 73777.5068359375, Validation loss 73798.408203125
2022-03-03 14:21:51,594:INFO:Epoch 69, Training loss 73778.294921875, Validation loss 73798.4462890625
2022-03-03 14:21:53,739:INFO:Epoch 70, Training loss 73777.5263671875, Validation loss 73799.0283203125
2022-03-03 14:21:53,748:INFO:Finished training
