2.080860937500000000e+05
2.080860937500000000e+05
2.080860937500000000e+05
2.080860937500000000e+05
2.080860937500000000e+05
2.080860937500000000e+05
2.080860937500000000e+05
2.080860937500000000e+05
2.080860937500000000e+05
2.080860937500000000e+05
2.080860937500000000e+05
2.080860937500000000e+05
2.049075585937500000e+05
1.724792890625000000e+05
1.413648164062500000e+05
1.223953320312500000e+05
1.126678730468750000e+05
1.100348496093750000e+05
1.103840234375000000e+05
1.105567207031250000e+05
1.101381972656250000e+05
1.097075078125000000e+05
1.095860429687500000e+05
1.096095859375000000e+05
1.095541308593750000e+05
1.094810507812500000e+05
1.094513007812500000e+05
1.094315039062500000e+05
1.094048593750000000e+05
1.093766660156250000e+05
1.093549140625000000e+05
1.093365156250000000e+05
1.093171582031250000e+05
1.092990449218750000e+05
1.092829296875000000e+05
1.092662070312500000e+05
1.092506308593750000e+05
1.092350410156250000e+05
1.092194375000000000e+05
1.092040742187500000e+05
1.091891093750000000e+05
1.091735507812500000e+05
1.091584941406250000e+05
1.091431992187500000e+05
1.091273242187500000e+05
1.091085371093750000e+05
1.090875000000000000e+05
1.090679062500000000e+05
1.090448535156250000e+05
1.090230859375000000e+05
1.089997519531250000e+05
1.089743183593750000e+05
1.089467988281250000e+05
1.089218144531250000e+05
1.088956445312500000e+05
1.088695664062500000e+05
1.088424589843750000e+05
1.088199316406250000e+05
1.087974335937500000e+05
1.087782148437500000e+05
1.087619042968750000e+05
1.087443281250000000e+05
1.087296835937500000e+05
1.087179628906250000e+05
1.087067089843750000e+05
1.086976152343750000e+05
1.086893339843750000e+05
1.086816816406250000e+05
1.086733554687500000e+05
1.086676445312500000e+05
1.086627617187500000e+05
1.086581250000000000e+05
1.086529785156250000e+05
1.086489003906250000e+05
1.086450937500000000e+05
1.086435761718750000e+05
1.086403125000000000e+05
1.086370214843750000e+05
1.086338984375000000e+05
1.086305429687500000e+05
1.086298457031250000e+05
1.086272363281250000e+05
1.086264355468750000e+05
1.086258281250000000e+05
1.086241503906250000e+05
1.086246289062500000e+05
1.086240253906250000e+05
1.086208652343750000e+05
1.086216015625000000e+05
1.086186699218750000e+05
1.086180507812500000e+05
1.086151054687500000e+05
1.086114921875000000e+05
1.086132753906250000e+05
1.086137460937500000e+05
1.086121445312500000e+05
1.086125976562500000e+05
1.086097109375000000e+05
1.086106328125000000e+05
1.086063261718750000e+05
1.086062871093750000e+05
1.086046269531250000e+05
1.086061679687500000e+05
1.086050781250000000e+05
1.086048574218750000e+05
1.086043964843750000e+05
1.086062050781250000e+05
1.086037597656250000e+05
1.086026054687500000e+05
1.086020605468750000e+05
1.086001269531250000e+05
1.086005527343750000e+05
1.085978437500000000e+05
1.085993027343750000e+05
1.085990839843750000e+05
1.085962441406250000e+05
1.085966328125000000e+05
1.085960039062500000e+05
1.085963867187500000e+05
1.085958574218750000e+05
1.085979921875000000e+05
1.085953320312500000e+05
1.085932695312500000e+05
1.085952128906250000e+05
1.085953203125000000e+05
1.085934296875000000e+05
1.085909570312500000e+05
1.085909355468750000e+05
1.085913867187500000e+05
1.085912968750000000e+05
1.085888710937500000e+05
1.085908125000000000e+05
1.085885644531250000e+05
1.085885839843750000e+05
1.085877285156250000e+05
1.085889101562500000e+05
1.085873945312500000e+05
1.085875449218750000e+05
1.085860546875000000e+05
1.085856562500000000e+05
1.085864765625000000e+05
1.085859960937500000e+05
1.085904804687500000e+05
1.085885371093750000e+05
1.085862265625000000e+05
1.085837343750000000e+05
1.085836855468750000e+05
1.085841875000000000e+05
1.085820898437500000e+05
1.085822109375000000e+05
1.085824589843750000e+05
1.085812480468750000e+05
1.085806757812500000e+05
1.085808535156250000e+05
1.085817128906250000e+05
1.085798925781250000e+05
1.085803359375000000e+05
1.085793398437500000e+05
1.085796835937500000e+05
1.085804414062500000e+05
1.085780449218750000e+05
1.085807832031250000e+05
1.085817636718750000e+05
1.085790742187500000e+05
1.085816250000000000e+05
1.085820273437500000e+05
1.085778574218750000e+05
1.085794062500000000e+05
1.085803593750000000e+05
1.085805429687500000e+05
1.085777050781250000e+05
1.085765585937500000e+05
1.085765839843750000e+05
1.085757285156250000e+05
1.085759824218750000e+05
1.085757988281250000e+05
1.085747226562500000e+05
1.085750800781250000e+05
1.085742363281250000e+05
1.085759335937500000e+05
1.085732812500000000e+05
1.085768476562500000e+05
1.085751054687500000e+05
1.085740546875000000e+05
1.085746699218750000e+05
1.085737578125000000e+05
1.085736445312500000e+05
1.085741406250000000e+05
1.085740449218750000e+05
1.085725566406250000e+05
1.085752500000000000e+05
1.085739277343750000e+05
1.085743046875000000e+05
1.085740097656250000e+05
1.085729785156250000e+05
1.085730058593750000e+05
1.085718691406250000e+05
1.085754042968750000e+05
1.085730019531250000e+05
1.085710351562500000e+05
1.085717500000000000e+05
1.085701894531250000e+05
1.085705136718750000e+05
1.085707851562500000e+05
1.085711875000000000e+05
1.085692675781250000e+05
1.085700800781250000e+05
1.085688906250000000e+05
1.085707128906250000e+05
1.085696191406250000e+05
1.085705136718750000e+05
1.085700253906250000e+05
1.085698066406250000e+05
1.085701406250000000e+05
1.085692812500000000e+05
1.085685839843750000e+05
1.085674277343750000e+05
1.085696250000000000e+05
1.085719648437500000e+05
1.085728222656250000e+05
1.085713320312500000e+05
1.085704160156250000e+05
1.085672304687500000e+05
1.085712773437500000e+05
1.085661582031250000e+05
1.085678242187500000e+05
1.085708789062500000e+05
1.085716367187500000e+05
1.085752285156250000e+05
1.085701640625000000e+05
1.085659843750000000e+05
1.085676445312500000e+05
1.085686679687500000e+05
1.085683847656250000e+05
1.085704414062500000e+05
1.085690449218750000e+05
1.085690644531250000e+05
1.085685722656250000e+05
1.085663925781250000e+05
1.085676855468750000e+05
1.085644316406250000e+05
1.085661015625000000e+05
1.085671542968750000e+05
1.085644375000000000e+05
1.085654082031250000e+05
1.085634101562500000e+05
1.085654921875000000e+05
1.085648671875000000e+05
1.085655839843750000e+05
1.085671718750000000e+05
1.085638281250000000e+05
1.085650996093750000e+05
1.085660976562500000e+05
1.085656855468750000e+05
1.085634960937500000e+05
1.085646171875000000e+05
1.085658945312500000e+05
1.085673730468750000e+05
1.085645351562500000e+05
1.085620683593750000e+05
1.085642871093750000e+05
1.085652089843750000e+05
1.085626269531250000e+05
1.085650683593750000e+05
1.085658203125000000e+05
1.085635039062500000e+05
1.085634843750000000e+05
1.085627089843750000e+05
1.085625292968750000e+05
1.085621777343750000e+05
1.085636035156250000e+05
1.085625742187500000e+05
1.085643398437500000e+05
