2.080008242187500000e+05
2.079373750000000000e+05
2.069927773437500000e+05
1.989816015625000000e+05
1.652947539062500000e+05
1.326681914062500000e+05
1.165809628906250000e+05
1.107570976562500000e+05
1.095232910156250000e+05
1.097729531250000000e+05
1.100509257812500000e+05
1.099812656250000000e+05
1.097129980468750000e+05
1.094617929687500000e+05
1.093321582031250000e+05
1.093080683593750000e+05
1.093132207031250000e+05
1.092993437500000000e+05
1.092710957031250000e+05
1.092480859375000000e+05
1.092333945312500000e+05
1.092226250000000000e+05
1.092110371093750000e+05
1.091979863281250000e+05
1.091858320312500000e+05
1.091740683593750000e+05
1.091631503906250000e+05
1.091521132812500000e+05
1.091412734375000000e+05
1.091307714843750000e+05
1.091198320312500000e+05
1.091096640625000000e+05
1.090990468750000000e+05
1.090891640625000000e+05
1.090785703125000000e+05
1.090682675781250000e+05
1.090577246093750000e+05
1.090470917968750000e+05
1.090362968750000000e+05
1.090253203125000000e+05
1.090142500000000000e+05
1.090028750000000000e+05
1.089912695312500000e+05
1.089796250000000000e+05
1.089674218750000000e+05
1.089549785156250000e+05
1.089421601562500000e+05
1.089284277343750000e+05
1.089120000000000000e+05
1.088945332031250000e+05
1.088761347656250000e+05
1.088542070312500000e+05
1.088278867187500000e+05
1.087994316406250000e+05
1.087685644531250000e+05
1.087380507812500000e+05
1.087058339843750000e+05
1.086755332031250000e+05
1.086476972656250000e+05
1.086230058593750000e+05
1.086022539062500000e+05
1.085841621093750000e+05
1.085674687500000000e+05
1.085533320312500000e+05
1.085391074218750000e+05
1.085281386718750000e+05
1.085197578125000000e+05
1.085115722656250000e+05
1.085039179687500000e+05
1.084983261718750000e+05
1.084930410156250000e+05
1.084884550781250000e+05
1.084851386718750000e+05
1.084806093750000000e+05
1.084764082031250000e+05
1.084734023437500000e+05
1.084727011718750000e+05
1.084699042968750000e+05
1.084670468750000000e+05
1.084640039062500000e+05
1.084638242187500000e+05
1.084611425781250000e+05
1.084607851562500000e+05
1.084601914062500000e+05
1.084592167968750000e+05
1.084569355468750000e+05
1.084565117187500000e+05
1.084561406250000000e+05
1.084547968750000000e+05
1.084551679687500000e+05
1.084548789062500000e+05
1.084541640625000000e+05
1.084525390625000000e+05
1.084509707031250000e+05
1.084515273437500000e+05
1.084501582031250000e+05
1.084507968750000000e+05
1.084489414062500000e+05
1.084486347656250000e+05
1.084475214843750000e+05
1.084481562500000000e+05
1.084474863281250000e+05
1.084461855468750000e+05
1.084452714843750000e+05
1.084467558593750000e+05
1.084444609375000000e+05
1.084444687500000000e+05
1.084443281250000000e+05
1.084432539062500000e+05
1.084441386718750000e+05
1.084430507812500000e+05
1.084464062500000000e+05
1.084443613281250000e+05
1.084433554687500000e+05
1.084433359375000000e+05
1.084427285156250000e+05
1.084436992187500000e+05
1.084425078125000000e+05
1.084418671875000000e+05
1.084401171875000000e+05
1.084396015625000000e+05
1.084399355468750000e+05
1.084392011718750000e+05
1.084405468750000000e+05
1.084397675781250000e+05
1.084400039062500000e+05
1.084396171875000000e+05
1.084396621093750000e+05
1.084381464843750000e+05
1.084382500000000000e+05
1.084394433593750000e+05
1.084376816406250000e+05
1.084383808593750000e+05
1.084380976562500000e+05
1.084386738281250000e+05
1.084366328125000000e+05
1.084361992187500000e+05
1.084364199218750000e+05
1.084353750000000000e+05
1.084367109375000000e+05
1.084374277343750000e+05
1.084367929687500000e+05
1.084386699218750000e+05
1.084368125000000000e+05
1.084361406250000000e+05
1.084353203125000000e+05
1.084347910156250000e+05
1.084349550781250000e+05
1.084338964843750000e+05
1.084354179687500000e+05
1.084348281250000000e+05
1.084347324218750000e+05
1.084347832031250000e+05
1.084336660156250000e+05
1.084337968750000000e+05
1.084336406250000000e+05
1.084341953125000000e+05
1.084332714843750000e+05
1.084331738281250000e+05
1.084328789062500000e+05
1.084321250000000000e+05
1.084324863281250000e+05
1.084337519531250000e+05
1.084322558593750000e+05
1.084332187500000000e+05
1.084335214843750000e+05
1.084314628906250000e+05
1.084316035156250000e+05
1.084332812500000000e+05
