2022-01-24 14:06:03,866:INFO:All directories created, ready to load the data
2022-01-24 14:06:03,880:INFO:Dataset loaded from /data/theorie/jthoeve/event_generation/events_high_stats/pT/lin/cHW/events_27.npy
2022-01-24 14:06:03,901:INFO:Dataset loaded from /data/theorie/jthoeve/event_generation/events_high_stats/pT/sm/events_27.npy
2022-01-24 14:06:06,384:INFO:Epoch 1, Training loss 134071.25390625, Validation loss 130459.197265625
2022-01-24 14:06:08,871:INFO:Epoch 2, Training loss 128565.1640625, Validation loss 125969.966796875
2022-01-24 14:06:11,345:INFO:Epoch 3, Training loss 124484.392578125, Validation loss 122400.111328125
2022-01-24 14:06:13,845:INFO:Epoch 4, Training loss 121181.302734375, Validation loss 119439.048828125
2022-01-24 14:06:16,307:INFO:Epoch 5, Training loss 118389.2265625, Validation loss 116848.775390625
2022-01-24 14:06:18,767:INFO:Epoch 6, Training loss 115898.650390625, Validation loss 114524.9453125
2022-01-24 14:06:21,234:INFO:Epoch 7, Training loss 113783.0390625, Validation loss 112691.951171875
2022-01-24 14:06:23,722:INFO:Epoch 8, Training loss 112064.6328125, Validation loss 111133.091796875
2022-01-24 14:06:26,199:INFO:Epoch 9, Training loss 110648.013671875, Validation loss 109940.98046875
2022-01-24 14:06:28,656:INFO:Epoch 10, Training loss 109681.779296875, Validation loss 109345.0859375
2022-01-24 14:06:31,156:INFO:Epoch 11, Training loss 109352.998046875, Validation loss 109334.44140625
2022-01-24 14:06:33,661:INFO:Epoch 12, Training loss 109411.015625, Validation loss 109372.84765625
2022-01-24 14:06:36,154:INFO:Epoch 13, Training loss 109381.955078125, Validation loss 109266.740234375
2022-01-24 14:06:38,604:INFO:Epoch 14, Training loss 109281.490234375, Validation loss 109204.82421875
2022-01-24 14:06:41,103:INFO:Epoch 15, Training loss 109253.421875, Validation loss 109209.681640625
2022-01-24 14:06:43,556:INFO:Epoch 16, Training loss 109249.439453125, Validation loss 109182.705078125
2022-01-24 14:06:46,081:INFO:Epoch 17, Training loss 109219.388671875, Validation loss 109151.0390625
2022-01-24 14:06:48,541:INFO:Epoch 18, Training loss 109198.890625, Validation loss 109134.53125
2022-01-24 14:06:51,023:INFO:Epoch 19, Training loss 109185.09375, Validation loss 109115.953125
2022-01-24 14:06:53,488:INFO:Epoch 20, Training loss 109166.21484375, Validation loss 109094.20703125
2022-01-24 14:06:56,012:INFO:Epoch 21, Training loss 109146.046875, Validation loss 109073.521484375
2022-01-24 14:06:58,485:INFO:Epoch 22, Training loss 109126.3984375, Validation loss 109050.26953125
2022-01-24 14:07:00,958:INFO:Epoch 23, Training loss 109105.228515625, Validation loss 109023.9375
2022-01-24 14:07:03,429:INFO:Epoch 24, Training loss 109081.798828125, Validation loss 108995.46484375
2022-01-24 14:07:05,944:INFO:Epoch 25, Training loss 109055.763671875, Validation loss 108964.447265625
2022-01-24 14:07:08,420:INFO:Epoch 26, Training loss 109026.318359375, Validation loss 108929.634765625
2022-01-24 14:07:10,888:INFO:Epoch 27, Training loss 108992.8125, Validation loss 108891.390625
2022-01-24 14:07:13,370:INFO:Epoch 28, Training loss 108957.232421875, Validation loss 108849.2265625
2022-01-24 14:07:15,864:INFO:Epoch 29, Training loss 108917.10546875, Validation loss 108803.962890625
2022-01-24 14:07:18,343:INFO:Epoch 30, Training loss 108875.84375, Validation loss 108755.0546875
2022-01-24 14:07:20,799:INFO:Epoch 31, Training loss 108831.48046875, Validation loss 108702.6875
2022-01-24 14:07:23,295:INFO:Epoch 32, Training loss 108783.580078125, Validation loss 108648.611328125
2022-01-24 14:07:25,789:INFO:Epoch 33, Training loss 108739.953125, Validation loss 108598.044921875
2022-01-24 14:07:28,291:INFO:Epoch 34, Training loss 108697.623046875, Validation loss 108560.646484375
2022-01-24 14:07:30,732:INFO:Epoch 35, Training loss 108667.8671875, Validation loss 108532.169921875
2022-01-24 14:07:33,231:INFO:Epoch 36, Training loss 108643.12109375, Validation loss 108512.287109375
2022-01-24 14:07:35,687:INFO:Epoch 37, Training loss 108633.513671875, Validation loss 108503.2421875
2022-01-24 14:07:38,222:INFO:Epoch 38, Training loss 108625.951171875, Validation loss 108493.41796875
2022-01-24 14:07:40,677:INFO:Epoch 39, Training loss 108619.759765625, Validation loss 108493.25390625
2022-01-24 14:07:43,177:INFO:Epoch 40, Training loss 108618.0859375, Validation loss 108494.48046875
2022-01-24 14:07:45,647:INFO:Epoch 41, Training loss 108614.05859375, Validation loss 108490.40234375
2022-01-24 14:07:48,172:INFO:Epoch 42, Training loss 108611.79296875, Validation loss 108487.791015625
2022-01-24 14:07:50,655:INFO:Epoch 43, Training loss 108609.037109375, Validation loss 108486.66015625
2022-01-24 14:07:53,138:INFO:Epoch 44, Training loss 108607.24609375, Validation loss 108486.123046875
2022-01-24 14:07:55,621:INFO:Epoch 45, Training loss 108604.83984375, Validation loss 108486.37109375
2022-01-24 14:07:58,157:INFO:Epoch 46, Training loss 108604.427734375, Validation loss 108484.994140625
2022-01-24 14:08:00,638:INFO:Epoch 47, Training loss 108603.6328125, Validation loss 108486.166015625
2022-01-24 14:08:03,110:INFO:Epoch 48, Training loss 108604.65625, Validation loss 108484.296875
2022-01-24 14:08:05,594:INFO:Epoch 49, Training loss 108600.662109375, Validation loss 108485.51171875
2022-01-24 14:08:08,095:INFO:Epoch 50, Training loss 108600.4375, Validation loss 108485.775390625
2022-01-24 14:08:10,579:INFO:Epoch 51, Training loss 108598.173828125, Validation loss 108481.09765625
2022-01-24 14:08:13,044:INFO:Epoch 52, Training loss 108597.572265625, Validation loss 108481.337890625
2022-01-24 14:08:15,545:INFO:Epoch 53, Training loss 108598.412109375, Validation loss 108485.61328125
2022-01-24 14:08:18,042:INFO:Epoch 54, Training loss 108597.388671875, Validation loss 108482.201171875
2022-01-24 14:08:20,545:INFO:Epoch 55, Training loss 108595.72265625, Validation loss 108481.8984375
2022-01-24 14:08:22,989:INFO:Epoch 56, Training loss 108595.42578125, Validation loss 108480.4453125
2022-01-24 14:08:25,496:INFO:Epoch 57, Training loss 108594.587890625, Validation loss 108484.248046875
2022-01-24 14:08:27,954:INFO:Epoch 58, Training loss 108593.306640625, Validation loss 108482.22265625
2022-01-24 14:08:30,486:INFO:Epoch 59, Training loss 108593.0078125, Validation loss 108480.853515625
2022-01-24 14:08:32,953:INFO:Epoch 60, Training loss 108592.904296875, Validation loss 108481.021484375
2022-01-24 14:08:35,455:INFO:Epoch 61, Training loss 108593.53515625, Validation loss 108482.791015625
2022-01-24 14:08:37,919:INFO:Epoch 62, Training loss 108591.248046875, Validation loss 108481.953125
2022-01-24 14:08:40,440:INFO:Epoch 63, Training loss 108591.02734375, Validation loss 108480.623046875
2022-01-24 14:08:42,908:INFO:Epoch 64, Training loss 108590.67578125, Validation loss 108480.001953125
2022-01-24 14:08:45,389:INFO:Epoch 65, Training loss 108591.40234375, Validation loss 108484.75
2022-01-24 14:08:47,862:INFO:Epoch 66, Training loss 108591.150390625, Validation loss 108480.609375
2022-01-24 14:08:50,375:INFO:Epoch 67, Training loss 108589.576171875, Validation loss 108482.578125
2022-01-24 14:08:52,853:INFO:Epoch 68, Training loss 108588.970703125, Validation loss 108483.3046875
2022-01-24 14:08:55,323:INFO:Epoch 69, Training loss 108588.376953125, Validation loss 108480.392578125
2022-01-24 14:08:57,805:INFO:Epoch 70, Training loss 108588.787109375, Validation loss 108481.58203125
2022-01-24 14:09:00,304:INFO:Epoch 71, Training loss 108587.712890625, Validation loss 108483.15625
2022-01-24 14:09:02,820:INFO:Epoch 72, Training loss 108588.35546875, Validation loss 108484.400390625
2022-01-24 14:09:05,277:INFO:Epoch 73, Training loss 108586.779296875, Validation loss 108480.90234375
2022-01-24 14:09:07,769:INFO:Epoch 74, Training loss 108587.41015625, Validation loss 108480.533203125
2022-01-24 14:09:10,264:INFO:Epoch 75, Training loss 108586.203125, Validation loss 108485.265625
2022-01-24 14:09:12,764:INFO:Epoch 76, Training loss 108586.283203125, Validation loss 108483.947265625
2022-01-24 14:09:15,214:INFO:Epoch 77, Training loss 108587.28515625, Validation loss 108478.650390625
2022-01-24 14:09:17,720:INFO:Epoch 78, Training loss 108586.029296875, Validation loss 108483.73828125
2022-01-24 14:09:20,182:INFO:Epoch 79, Training loss 108585.048828125, Validation loss 108484.517578125
2022-01-24 14:09:22,713:INFO:Epoch 80, Training loss 108584.736328125, Validation loss 108482.25390625
2022-01-24 14:09:25,178:INFO:Epoch 81, Training loss 108585.029296875, Validation loss 108480.57421875
2022-01-24 14:09:27,671:INFO:Epoch 82, Training loss 108583.44140625, Validation loss 108484.517578125
2022-01-24 14:09:30,146:INFO:Epoch 83, Training loss 108583.13671875, Validation loss 108484.556640625
2022-01-24 14:09:32,677:INFO:Epoch 84, Training loss 108587.1640625, Validation loss 108480.73828125
2022-01-24 14:09:35,155:INFO:Epoch 85, Training loss 108586.517578125, Validation loss 108489.447265625
2022-01-24 14:09:37,649:INFO:Epoch 86, Training loss 108582.966796875, Validation loss 108483.962890625
2022-01-24 14:09:40,140:INFO:Epoch 87, Training loss 108582.947265625, Validation loss 108480.07421875
2022-01-24 14:09:42,667:INFO:Epoch 88, Training loss 108581.25, Validation loss 108484.06640625
2022-01-24 14:09:45,161:INFO:Epoch 89, Training loss 108581.513671875, Validation loss 108487.91015625
2022-01-24 14:09:47,650:INFO:Epoch 90, Training loss 108581.095703125, Validation loss 108484.1171875
2022-01-24 14:09:50,152:INFO:Epoch 91, Training loss 108583.703125, Validation loss 108480.474609375
2022-01-24 14:09:52,673:INFO:Epoch 92, Training loss 108579.705078125, Validation loss 108485.0078125
2022-01-24 14:09:55,190:INFO:Epoch 93, Training loss 108581.30859375, Validation loss 108488.46484375
2022-01-24 14:09:57,663:INFO:Epoch 94, Training loss 108580.775390625, Validation loss 108481.876953125
2022-01-24 14:10:00,166:INFO:Epoch 95, Training loss 108580.2265625, Validation loss 108482.5078125
2022-01-24 14:10:02,670:INFO:Epoch 96, Training loss 108578.802734375, Validation loss 108486.03515625
2022-01-24 14:10:05,178:INFO:Epoch 97, Training loss 108579.20703125, Validation loss 108484.287109375
2022-01-24 14:10:07,646:INFO:Epoch 98, Training loss 108579.541015625, Validation loss 108481.11328125
2022-01-24 14:10:10,153:INFO:Epoch 99, Training loss 108578.265625, Validation loss 108486.341796875
2022-01-24 14:10:12,625:INFO:Epoch 100, Training loss 108578.03125, Validation loss 108484.97265625
2022-01-24 14:10:15,165:INFO:Epoch 101, Training loss 108577.60546875, Validation loss 108483.177734375
2022-01-24 14:10:17,636:INFO:Epoch 102, Training loss 108578.87890625, Validation loss 108482.62890625
2022-01-24 14:10:20,136:INFO:Epoch 103, Training loss 108577.251953125, Validation loss 108487.033203125
2022-01-24 14:10:22,615:INFO:Epoch 104, Training loss 108577.734375, Validation loss 108484.5
2022-01-24 14:10:25,152:INFO:Epoch 105, Training loss 108577.970703125, Validation loss 108483.291015625
2022-01-24 14:10:27,628:INFO:Epoch 106, Training loss 108576.21484375, Validation loss 108485.193359375
2022-01-24 14:10:30,127:INFO:Epoch 107, Training loss 108578.642578125, Validation loss 108484.54296875
2022-01-24 14:10:32,625:INFO:Epoch 108, Training loss 108578.36328125, Validation loss 108483.34765625
2022-01-24 14:10:35,154:INFO:Epoch 109, Training loss 108577.548828125, Validation loss 108485.107421875
2022-01-24 14:10:37,648:INFO:Epoch 110, Training loss 108576.7734375, Validation loss 108485.78515625
2022-01-24 14:10:40,134:INFO:Epoch 111, Training loss 108577.060546875, Validation loss 108484.16796875
2022-01-24 14:10:42,639:INFO:Epoch 112, Training loss 108577.2578125, Validation loss 108485.537109375
2022-01-24 14:10:45,157:INFO:Epoch 113, Training loss 108575.466796875, Validation loss 108483.296875
2022-01-24 14:10:47,668:INFO:Epoch 114, Training loss 108575.794921875, Validation loss 108484.853515625
2022-01-24 14:10:50,145:INFO:Epoch 115, Training loss 108576.1328125, Validation loss 108485.0703125
2022-01-24 14:10:52,664:INFO:Epoch 116, Training loss 108575.994140625, Validation loss 108483.76171875
2022-01-24 14:10:55,180:INFO:Epoch 117, Training loss 108575.123046875, Validation loss 108486.19921875
2022-01-24 14:10:57,689:INFO:Epoch 118, Training loss 108575.677734375, Validation loss 108486.259765625
2022-01-24 14:11:00,149:INFO:Epoch 119, Training loss 108575.630859375, Validation loss 108483.55859375
2022-01-24 14:11:02,665:INFO:Epoch 120, Training loss 108574.767578125, Validation loss 108485.80078125
2022-01-24 14:11:05,130:INFO:Epoch 121, Training loss 108574.95703125, Validation loss 108487.384765625
2022-01-24 14:11:07,663:INFO:Epoch 122, Training loss 108576.365234375, Validation loss 108486.7265625
2022-01-24 14:11:10,135:INFO:Epoch 123, Training loss 108575.84765625, Validation loss 108483.603515625
2022-01-24 14:11:12,646:INFO:Epoch 124, Training loss 108575.11328125, Validation loss 108487.677734375
2022-01-24 14:11:15,124:INFO:Epoch 125, Training loss 108576.2109375, Validation loss 108490.849609375
2022-01-24 14:11:17,658:INFO:Epoch 126, Training loss 108574.80859375, Validation loss 108483.470703125
2022-01-24 14:11:20,137:INFO:Epoch 127, Training loss 108578.39453125, Validation loss 108485.6875
2022-01-24 14:11:20,143:INFO:Finished training
