1.674891972656250000e+05
1.474631191406250000e+05
1.341409570312500000e+05
1.244036855468750000e+05
1.172718750000000000e+05
1.124666855468750000e+05
1.101340527343750000e+05
1.096035429687500000e+05
1.097804179687500000e+05
1.098428457031250000e+05
1.096829179687500000e+05
1.094804960937500000e+05
1.093509570312500000e+05
1.092886699218750000e+05
1.092519179687500000e+05
1.092119980468750000e+05
1.091678906250000000e+05
1.091246953125000000e+05
1.090844589843750000e+05
1.090438886718750000e+05
1.090050644531250000e+05
1.089661953125000000e+05
1.089259218750000000e+05
1.088855195312500000e+05
1.088455683593750000e+05
1.088066289062500000e+05
1.087710546875000000e+05
1.087361171875000000e+05
1.087057109375000000e+05
1.086819160156250000e+05
1.086642910156250000e+05
1.086489238281250000e+05
1.086379960937500000e+05
1.086294101562500000e+05
1.086231972656250000e+05
1.086200234375000000e+05
1.086176816406250000e+05
1.086150644531250000e+05
1.086136777343750000e+05
1.086116328125000000e+05
1.086106933593750000e+05
1.086095390625000000e+05
1.086086542968750000e+05
1.086065820312500000e+05
1.086055273437500000e+05
1.086053789062500000e+05
1.086034980468750000e+05
1.086034296875000000e+05
1.086024101562500000e+05
1.086019882812500000e+05
1.086005371093750000e+05
1.085994628906250000e+05
1.085981894531250000e+05
1.085981328125000000e+05
1.085976015625000000e+05
1.085969511718750000e+05
1.085962421875000000e+05
1.085961464843750000e+05
1.085952187500000000e+05
1.085951464843750000e+05
1.085948476562500000e+05
1.085942871093750000e+05
1.085937421875000000e+05
1.085932851562500000e+05
1.085938417968750000e+05
1.085926972656250000e+05
1.085919003906250000e+05
1.085920781250000000e+05
1.085916152343750000e+05
1.085914199218750000e+05
1.085913847656250000e+05
1.085902011718750000e+05
1.085899199218750000e+05
1.085894355468750000e+05
1.085890429687500000e+05
1.085888183593750000e+05
1.085885781250000000e+05
1.085889316406250000e+05
1.085886875000000000e+05
1.085871972656250000e+05
1.085874296875000000e+05
1.085871191406250000e+05
1.085865664062500000e+05
1.085867539062500000e+05
1.085868125000000000e+05
1.085856484375000000e+05
1.085858183593750000e+05
1.085859550781250000e+05
1.085857441406250000e+05
1.085854316406250000e+05
1.085852578125000000e+05
1.085848828125000000e+05
1.085845332031250000e+05
1.085845312500000000e+05
1.085850800781250000e+05
1.085848964843750000e+05
1.085844238281250000e+05
1.085834140625000000e+05
1.085831132812500000e+05
1.085825000000000000e+05
1.085826425781250000e+05
1.085836796875000000e+05
1.085831132812500000e+05
1.085826914062500000e+05
1.085816777343750000e+05
1.085824121093750000e+05
1.085820644531250000e+05
1.085817773437500000e+05
1.085811875000000000e+05
1.085810175781250000e+05
1.085805917968750000e+05
1.085810488281250000e+05
1.085803574218750000e+05
1.085811093750000000e+05
1.085822558593750000e+05
1.085814472656250000e+05
1.085799433593750000e+05
1.085807871093750000e+05
1.085792871093750000e+05
1.085794316406250000e+05
1.085783046875000000e+05
1.085789277343750000e+05
1.085785332031250000e+05
1.085795546875000000e+05
1.085805996093750000e+05
1.085780468750000000e+05
1.085790566406250000e+05
1.085794101562500000e+05
1.085786523437500000e+05
1.085788828125000000e+05
1.085781621093750000e+05
1.085788691406250000e+05
1.085770078125000000e+05
1.085770839843750000e+05
1.085774316406250000e+05
1.085764218750000000e+05
1.085766113281250000e+05
1.085763984375000000e+05
1.085772753906250000e+05
1.085759335937500000e+05
1.085767890625000000e+05
1.085765136718750000e+05
1.085770859375000000e+05
1.085752285156250000e+05
1.085752871093750000e+05
1.085753339843750000e+05
1.085751855468750000e+05
1.085757539062500000e+05
1.085754570312500000e+05
1.085750703125000000e+05
1.085743906250000000e+05
1.085749414062500000e+05
1.085746093750000000e+05
1.085746210937500000e+05
1.085750097656250000e+05
1.085741386718750000e+05
1.085743378906250000e+05
1.085738300781250000e+05
1.085746816406250000e+05
1.085735214843750000e+05
1.085745781250000000e+05
1.085739531250000000e+05
1.085735703125000000e+05
1.085738691406250000e+05
1.085734433593750000e+05
1.085729218750000000e+05
1.085731679687500000e+05
1.085740039062500000e+05
1.085730039062500000e+05
1.085755722656250000e+05
1.085730742187500000e+05
1.085738105468750000e+05
1.085735136718750000e+05
1.085728984375000000e+05
1.085729765625000000e+05
1.085732441406250000e+05
1.085727207031250000e+05
1.085727402343750000e+05
1.085723906250000000e+05
1.085743925781250000e+05
1.085715917968750000e+05
1.085744101562500000e+05
1.085719375000000000e+05
1.085718046875000000e+05
1.085720253906250000e+05
1.085718261718750000e+05
1.085720800781250000e+05
1.085712109375000000e+05
1.085721992187500000e+05
1.085723671875000000e+05
1.085718144531250000e+05
1.085731289062500000e+05
1.085712929687500000e+05
1.085714316406250000e+05
1.085705957031250000e+05
1.085724160156250000e+05
1.085702558593750000e+05
1.085714804687500000e+05
1.085705761718750000e+05
1.085701210937500000e+05
1.085702089843750000e+05
1.085721660156250000e+05
1.085697226562500000e+05
1.085708066406250000e+05
1.085701132812500000e+05
1.085694726562500000e+05
1.085692578125000000e+05
1.085699804687500000e+05
1.085688593750000000e+05
1.085690703125000000e+05
1.085699570312500000e+05
1.085688359375000000e+05
1.085689746093750000e+05
1.085690273437500000e+05
1.085684687500000000e+05
1.085691992187500000e+05
1.085687304687500000e+05
1.085684492187500000e+05
1.085685371093750000e+05
1.085677304687500000e+05
1.085682031250000000e+05
1.085682070312500000e+05
1.085680585937500000e+05
1.085693515625000000e+05
1.085692382812500000e+05
1.085688281250000000e+05
1.085683691406250000e+05
1.085690664062500000e+05
1.085671679687500000e+05
1.085680078125000000e+05
1.085670722656250000e+05
1.085685351562500000e+05
1.085670429687500000e+05
1.085675917968750000e+05
1.085672070312500000e+05
1.085675019531250000e+05
1.085666640625000000e+05
1.085670312500000000e+05
1.085674648437500000e+05
1.085680097656250000e+05
1.085670000000000000e+05
1.085663359375000000e+05
1.085676777343750000e+05
1.085681445312500000e+05
1.085671875000000000e+05
1.085673671875000000e+05
1.085663671875000000e+05
1.085655058593750000e+05
1.085658867187500000e+05
1.085653886718750000e+05
1.085660332031250000e+05
1.085647421875000000e+05
1.085652285156250000e+05
1.085664921875000000e+05
1.085655097656250000e+05
1.085649062500000000e+05
1.085656074218750000e+05
1.085655917968750000e+05
1.085648828125000000e+05
1.085658710937500000e+05
1.085641738281250000e+05
1.085650976562500000e+05
1.085668105468750000e+05
1.085645078125000000e+05
1.085653242187500000e+05
1.085640000000000000e+05
1.085638281250000000e+05
