2021-11-18 16:13:50,016:INFO:All directories created, ready to load the data
2021-11-18 16:13:50,047:INFO:Dataset loaded from /data/theorie/jthoeve/event_generation/events_high_stats/lin/cHq3/events_6.npy
2021-11-18 16:13:50,072:INFO:Dataset loaded from /data/theorie/jthoeve/event_generation/events_high_stats/sm/events_6.npy
2021-11-18 16:13:53,730:INFO:Epoch 1, Training loss 74492.8984375, Validation loss 74338.8828125
2021-11-18 16:13:57,416:INFO:Epoch 2, Training loss 74338.515625, Validation loss 74192.4609375
2021-11-18 16:14:01,136:INFO:Epoch 3, Training loss 74192.7265625, Validation loss 74059.1640625
2021-11-18 16:14:04,794:INFO:Epoch 4, Training loss 74060.296875, Validation loss 73945.0859375
2021-11-18 16:14:08,580:INFO:Epoch 5, Training loss 73947.2578125, Validation loss 73857.3203125
2021-11-18 16:14:12,179:INFO:Epoch 6, Training loss 73860.1171875, Validation loss 73798.453125
2021-11-18 16:14:15,849:INFO:Epoch 7, Training loss 73803.0703125, Validation loss 73770.6953125
2021-11-18 16:14:19,499:INFO:Epoch 8, Training loss 73777.015625, Validation loss 73771.140625
2021-11-18 16:14:23,118:INFO:Epoch 9, Training loss 73778.1640625, Validation loss 73790.375
2021-11-18 16:14:26,782:INFO:Epoch 10, Training loss 73797.5390625, Validation loss 73813.0625
2021-11-18 16:14:30,537:INFO:Epoch 11, Training loss 73820.3671875, Validation loss 73827.6328125
2021-11-18 16:14:34,180:INFO:Epoch 12, Training loss 73834.609375, Validation loss 73829.765625
2021-11-18 16:14:37,922:INFO:Epoch 13, Training loss 73836.0703125, Validation loss 73821.171875
2021-11-18 16:14:41,539:INFO:Epoch 14, Training loss 73826.5703125, Validation loss 73806.2734375
2021-11-18 16:14:45,214:INFO:Epoch 15, Training loss 73810.7578125, Validation loss 73789.328125
2021-11-18 16:14:48,880:INFO:Epoch 16, Training loss 73793.0, Validation loss 73773.6796875
2021-11-18 16:14:52,519:INFO:Epoch 17, Training loss 73776.6171875, Validation loss 73761.3125
2021-11-18 16:14:56,205:INFO:Epoch 18, Training loss 73763.625, Validation loss 73753.046875
2021-11-18 16:14:59,912:INFO:Epoch 19, Training loss 73754.84375, Validation loss 73748.6875
2021-11-18 16:15:03,523:INFO:Epoch 20, Training loss 73750.046875, Validation loss 73747.3671875
2021-11-18 16:15:07,191:INFO:Epoch 21, Training loss 73748.5390625, Validation loss 73748.296875
2021-11-18 16:15:10,804:INFO:Epoch 22, Training loss 73749.3359375, Validation loss 73750.4453125
2021-11-18 16:15:14,505:INFO:Epoch 23, Training loss 73751.3828125, Validation loss 73752.9609375
2021-11-18 16:15:18,207:INFO:Epoch 24, Training loss 73753.828125, Validation loss 73755.1796875
2021-11-18 16:15:21,849:INFO:Epoch 25, Training loss 73755.9296875, Validation loss 73756.6484375
2021-11-18 16:15:25,536:INFO:Epoch 26, Training loss 73757.2578125, Validation loss 73757.2265625
2021-11-18 16:15:29,250:INFO:Epoch 27, Training loss 73757.65625, Validation loss 73756.8984375
2021-11-18 16:15:32,850:INFO:Epoch 28, Training loss 73757.1640625, Validation loss 73755.8203125
2021-11-18 16:15:36,538:INFO:Epoch 29, Training loss 73755.9453125, Validation loss 73754.1328125
2021-11-18 16:15:40,144:INFO:Epoch 30, Training loss 73754.140625, Validation loss 73752.0703125
2021-11-18 16:15:43,821:INFO:Epoch 31, Training loss 73752.03125, Validation loss 73749.9609375
2021-11-18 16:15:47,523:INFO:Epoch 32, Training loss 73749.9375, Validation loss 73748.0625
2021-11-18 16:15:51,175:INFO:Epoch 33, Training loss 73748.03125, Validation loss 73746.5078125
2021-11-18 16:15:54,859:INFO:Epoch 34, Training loss 73746.4921875, Validation loss 73745.4140625
2021-11-18 16:15:58,506:INFO:Epoch 35, Training loss 73745.421875, Validation loss 73744.875
2021-11-18 16:16:02,177:INFO:Epoch 36, Training loss 73744.859375, Validation loss 73744.796875
2021-11-18 16:16:05,902:INFO:Epoch 37, Training loss 73744.75, Validation loss 73745.0234375
2021-11-18 16:16:09,572:INFO:Epoch 38, Training loss 73744.953125, Validation loss 73745.421875
2021-11-18 16:16:13,287:INFO:Epoch 39, Training loss 73745.296875, Validation loss 73745.84375
2021-11-18 16:16:17,028:INFO:Epoch 40, Training loss 73745.65625, Validation loss 73746.1640625
2021-11-18 16:16:20,695:INFO:Epoch 41, Training loss 73745.90625, Validation loss 73746.296875
2021-11-18 16:16:24,358:INFO:Epoch 42, Training loss 73745.96875, Validation loss 73746.1953125
2021-11-18 16:16:27,984:INFO:Epoch 43, Training loss 73745.8046875, Validation loss 73745.8828125
2021-11-18 16:16:31,648:INFO:Epoch 44, Training loss 73745.40625, Validation loss 73745.4140625
2021-11-18 16:16:35,323:INFO:Epoch 45, Training loss 73744.8359375, Validation loss 73744.875
2021-11-18 16:16:38,957:INFO:Epoch 46, Training loss 73744.1796875, Validation loss 73744.34375
2021-11-18 16:16:42,662:INFO:Epoch 47, Training loss 73743.5234375, Validation loss 73743.8984375
2021-11-18 16:16:46,384:INFO:Epoch 48, Training loss 73742.96875, Validation loss 73743.578125
2021-11-18 16:16:50,051:INFO:Epoch 49, Training loss 73742.5390625, Validation loss 73743.40625
2021-11-18 16:16:53,725:INFO:Epoch 50, Training loss 73742.2890625, Validation loss 73743.3515625
2021-11-18 16:16:57,333:INFO:Epoch 51, Training loss 73742.171875, Validation loss 73743.390625
2021-11-18 16:17:00,986:INFO:Epoch 52, Training loss 73742.140625, Validation loss 73743.4921875
2021-11-18 16:17:04,682:INFO:Epoch 53, Training loss 73742.15625, Validation loss 73743.59375
2021-11-18 16:17:08,360:INFO:Epoch 54, Training loss 73742.1875, Validation loss 73743.671875
2021-11-18 16:17:12,064:INFO:Epoch 55, Training loss 73742.1875, Validation loss 73743.703125
2021-11-18 16:17:15,814:INFO:Epoch 56, Training loss 73742.140625, Validation loss 73743.6796875
2021-11-18 16:17:19,445:INFO:Epoch 57, Training loss 73742.046875, Validation loss 73743.609375
2021-11-18 16:17:23,140:INFO:Epoch 58, Training loss 73741.90625, Validation loss 73743.5078125
2021-11-18 16:17:26,756:INFO:Epoch 59, Training loss 73741.734375, Validation loss 73743.3828125
2021-11-18 16:17:30,448:INFO:Epoch 60, Training loss 73741.5546875, Validation loss 73743.265625
2021-11-18 16:17:34,155:INFO:Epoch 61, Training loss 73741.375, Validation loss 73743.171875
2021-11-18 16:17:37,799:INFO:Epoch 62, Training loss 73741.2109375, Validation loss 73743.109375
2021-11-18 16:17:41,508:INFO:Epoch 63, Training loss 73741.078125, Validation loss 73743.0859375
2021-11-18 16:17:45,120:INFO:Epoch 64, Training loss 73740.96875, Validation loss 73743.09375
2021-11-18 16:17:48,759:INFO:Epoch 65, Training loss 73740.8828125, Validation loss 73743.1171875
2021-11-18 16:17:52,437:INFO:Epoch 66, Training loss 73740.8203125, Validation loss 73743.15625
2021-11-18 16:17:56,072:INFO:Epoch 67, Training loss 73740.765625, Validation loss 73743.1953125
2021-11-18 16:17:59,753:INFO:Epoch 68, Training loss 73740.71875, Validation loss 73743.2265625
2021-11-18 16:18:03,468:INFO:Epoch 69, Training loss 73740.65625, Validation loss 73743.234375
2021-11-18 16:18:07,143:INFO:Epoch 70, Training loss 73740.5703125, Validation loss 73743.234375
2021-11-18 16:18:10,861:INFO:Epoch 71, Training loss 73740.46875, Validation loss 73743.2265625
2021-11-18 16:18:14,481:INFO:Epoch 72, Training loss 73740.3515625, Validation loss 73743.2109375
2021-11-18 16:18:18,128:INFO:Epoch 73, Training loss 73740.234375, Validation loss 73743.1875
2021-11-18 16:18:21,819:INFO:Epoch 74, Training loss 73740.1171875, Validation loss 73743.171875
2021-11-18 16:18:25,466:INFO:Epoch 75, Training loss 73740.0078125, Validation loss 73743.1640625
2021-11-18 16:18:29,151:INFO:Epoch 76, Training loss 73739.9140625, Validation loss 73743.1640625
2021-11-18 16:18:32,874:INFO:Epoch 77, Training loss 73739.828125, Validation loss 73743.171875
2021-11-18 16:18:36,543:INFO:Epoch 78, Training loss 73739.7578125, Validation loss 73743.203125
2021-11-18 16:18:40,209:INFO:Epoch 79, Training loss 73739.6875, Validation loss 73743.234375
2021-11-18 16:18:43,826:INFO:Epoch 80, Training loss 73739.609375, Validation loss 73743.2734375
2021-11-18 16:18:47,502:INFO:Epoch 81, Training loss 73739.53125, Validation loss 73743.3125
2021-11-18 16:18:51,192:INFO:Epoch 82, Training loss 73739.4453125, Validation loss 73743.3515625
2021-11-18 16:18:54,845:INFO:Epoch 83, Training loss 73739.34375, Validation loss 73743.390625
2021-11-18 16:18:58,559:INFO:Epoch 84, Training loss 73739.2421875, Validation loss 73743.4296875
2021-11-18 16:19:02,210:INFO:Epoch 85, Training loss 73739.140625, Validation loss 73743.4765625
2021-11-18 16:19:05,859:INFO:Epoch 86, Training loss 73739.0390625, Validation loss 73743.5234375
2021-11-18 16:19:09,574:INFO:Epoch 87, Training loss 73738.9453125, Validation loss 73743.578125
2021-11-18 16:19:13,217:INFO:Epoch 88, Training loss 73738.859375, Validation loss 73743.625
2021-11-18 16:19:16,914:INFO:Epoch 89, Training loss 73738.7734375, Validation loss 73743.671875
2021-11-18 16:19:20,640:INFO:Epoch 90, Training loss 73738.6875, Validation loss 73743.71875
2021-11-18 16:19:24,299:INFO:Epoch 91, Training loss 73738.6015625, Validation loss 73743.7578125
2021-11-18 16:19:28,007:INFO:Epoch 92, Training loss 73738.5078125, Validation loss 73743.7890625
2021-11-18 16:19:31,644:INFO:Epoch 93, Training loss 73738.4140625, Validation loss 73743.8203125
2021-11-18 16:19:35,289:INFO:Epoch 94, Training loss 73738.3125, Validation loss 73743.8515625
2021-11-18 16:19:38,991:INFO:Epoch 95, Training loss 73738.2109375, Validation loss 73743.890625
2021-11-18 16:19:42,629:INFO:Epoch 96, Training loss 73738.109375, Validation loss 73743.921875
2021-11-18 16:19:46,327:INFO:Epoch 97, Training loss 73738.0078125, Validation loss 73743.9609375
2021-11-18 16:19:50,023:INFO:Epoch 98, Training loss 73737.8984375, Validation loss 73744.0
2021-11-18 16:19:53,643:INFO:Epoch 99, Training loss 73737.8046875, Validation loss 73744.0390625
2021-11-18 16:19:57,344:INFO:Epoch 100, Training loss 73737.703125, Validation loss 73744.0859375
2021-11-18 16:20:00,931:INFO:Epoch 101, Training loss 73737.609375, Validation loss 73744.125
2021-11-18 16:20:04,578:INFO:Epoch 102, Training loss 73737.53125, Validation loss 73744.171875
2021-11-18 16:20:08,283:INFO:Epoch 103, Training loss 73737.4453125, Validation loss 73744.2265625
2021-11-18 16:20:11,910:INFO:Epoch 104, Training loss 73737.359375, Validation loss 73744.28125
2021-11-18 16:20:15,594:INFO:Epoch 105, Training loss 73737.28125, Validation loss 73744.328125
2021-11-18 16:20:19,298:INFO:Epoch 106, Training loss 73737.203125, Validation loss 73744.3671875
2021-11-18 16:20:22,893:INFO:Epoch 107, Training loss 73737.125, Validation loss 73744.40625
2021-11-18 16:20:26,560:INFO:Epoch 108, Training loss 73737.0390625, Validation loss 73744.4375
2021-11-18 16:20:30,154:INFO:Epoch 109, Training loss 73736.953125, Validation loss 73744.46875
2021-11-18 16:20:33,809:INFO:Epoch 110, Training loss 73736.875, Validation loss 73744.4921875
2021-11-18 16:20:37,491:INFO:Epoch 111, Training loss 73736.7890625, Validation loss 73744.5234375
2021-11-18 16:20:41,129:INFO:Epoch 112, Training loss 73736.6953125, Validation loss 73744.546875
2021-11-18 16:20:44,816:INFO:Epoch 113, Training loss 73736.609375, Validation loss 73744.578125
2021-11-18 16:20:44,822:INFO:Finished training, producing training report at /data/theorie/jthoeve/ML4EFT_higgs/models/17_11/model_final_lin_cHq3_v7/mc_run_6/plots/training_report/
2021-11-18 16:20:45,180:WARNING:findfont: Font family ['sans-serif'] not found. Falling back to DejaVu Sans.
