2.079539453125000000e+05
2.079539453125000000e+05
2.079539453125000000e+05
2.079539453125000000e+05
2.079539453125000000e+05
2.079539453125000000e+05
2.079539453125000000e+05
2.079539453125000000e+05
2.079539453125000000e+05
2.079539453125000000e+05
2.079539453125000000e+05
1.223170976562500000e+05
1.185503066406250000e+05
1.148374804687500000e+05
1.116358066406250000e+05
1.096284023437500000e+05
1.096661699218750000e+05
1.096365546875000000e+05
1.092720937500000000e+05
1.091818085937500000e+05
1.091751953125000000e+05
1.091259609375000000e+05
1.090816640625000000e+05
1.090606328125000000e+05
1.090291347656250000e+05
1.089939804687500000e+05
1.089587167968750000e+05
1.089194433593750000e+05
1.088785292968750000e+05
1.088302949218750000e+05
1.087785917968750000e+05
1.087244785156250000e+05
1.086715097656250000e+05
1.086211894531250000e+05
1.085804316406250000e+05
1.085498789062500000e+05
1.085305996093750000e+05
1.085173183593750000e+05
1.085107519531250000e+05
1.085066328125000000e+05
1.085041503906250000e+05
1.085016582031250000e+05
1.084992304687500000e+05
1.084971914062500000e+05
1.084961777343750000e+05
1.084964414062500000e+05
1.084943203125000000e+05
1.084931054687500000e+05
1.084917031250000000e+05
1.084901015625000000e+05
1.084894121093750000e+05
1.084893417968750000e+05
1.084886308593750000e+05
1.084868457031250000e+05
1.084881816406250000e+05
1.084848691406250000e+05
1.084869824218750000e+05
1.084842148437500000e+05
1.084857246093750000e+05
1.084837207031250000e+05
1.084838261718750000e+05
1.084828906250000000e+05
1.084826699218750000e+05
1.084810117187500000e+05
1.084823828125000000e+05
1.084808164062500000e+05
1.084821152343750000e+05
1.084813398437500000e+05
1.084796113281250000e+05
1.084804804687500000e+05
1.084769511718750000e+05
1.084781601562500000e+05
1.084798554687500000e+05
1.084776601562500000e+05
1.084787812500000000e+05
1.084772167968750000e+05
1.084764785156250000e+05
1.084772734375000000e+05
1.084748710937500000e+05
1.084743378906250000e+05
1.084737519531250000e+05
1.084739375000000000e+05
1.084735351562500000e+05
1.084732636718750000e+05
1.084721250000000000e+05
1.084716542968750000e+05
1.084717441406250000e+05
1.084713125000000000e+05
1.084739746093750000e+05
1.084733027343750000e+05
1.084712382812500000e+05
1.084720117187500000e+05
1.084704023437500000e+05
1.084694160156250000e+05
1.084721503906250000e+05
1.084699375000000000e+05
1.084707792968750000e+05
1.084712636718750000e+05
1.084686933593750000e+05
1.084685292968750000e+05
1.084688515625000000e+05
1.084669687500000000e+05
1.084695898437500000e+05
1.084695722656250000e+05
1.084686230468750000e+05
1.084692285156250000e+05
1.084665429687500000e+05
1.084667851562500000e+05
1.084696113281250000e+05
1.084659863281250000e+05
1.084677031250000000e+05
1.084679882812500000e+05
1.084657949218750000e+05
