2022-03-03 14:19:26,711:INFO:All directories created, ready to load the data
2022-03-03 14:19:26,815:INFO:Dataset loaded from /data/theorie/jthoeve/training_data/zh/features_mzh_y_ptz_v2/lin/cHq3/events_26.pkl.gz
2022-03-03 14:19:26,869:INFO:Dataset loaded from /data/theorie/jthoeve/training_data/zh/features_mzh_y_ptz_v2/sm/events_26.pkl.gz
2022-03-03 14:19:29,434:INFO:Epoch 1, Training loss 84657.421875, Validation loss 84657.421875
2022-03-03 14:19:32,047:INFO:Epoch 2, Training loss 84657.421875, Validation loss 84657.421875
2022-03-03 14:19:34,581:INFO:Epoch 3, Training loss 84657.421875, Validation loss 84657.421875
2022-03-03 14:19:37,120:INFO:Epoch 4, Training loss 84657.421875, Validation loss 84657.421875
2022-03-03 14:19:39,646:INFO:Epoch 5, Training loss 84657.421875, Validation loss 84657.421875
2022-03-03 14:19:42,245:INFO:Epoch 6, Training loss 84657.421875, Validation loss 84657.421875
2022-03-03 14:19:44,786:INFO:Epoch 7, Training loss 84657.421875, Validation loss 84657.421875
2022-03-03 14:19:47,301:INFO:Epoch 8, Training loss 84657.421875, Validation loss 84657.421875
2022-03-03 14:19:49,855:INFO:Epoch 9, Training loss 84657.421875, Validation loss 84657.421875
2022-03-03 14:19:52,446:INFO:Epoch 10, Training loss 84657.421875, Validation loss 84657.421875
2022-03-03 14:19:55,009:INFO:Epoch 11, Training loss 84657.421875, Validation loss 84657.421875
2022-03-03 14:19:55,013:INFO:Detected stagant training, reset the weights
2022-03-03 14:19:57,540:INFO:Epoch 12, Training loss 84657.46875, Validation loss 84657.421875
2022-03-03 14:20:00,089:INFO:Epoch 13, Training loss 84657.421875, Validation loss 84657.421875
2022-03-03 14:20:00,093:INFO:Detected stagant training, reset the weights
2022-03-03 14:20:02,674:INFO:Epoch 14, Training loss 84568.236328125, Validation loss 83146.328125
2022-03-03 14:20:05,234:INFO:Epoch 15, Training loss 79275.4619140625, Validation loss 74922.7861328125
2022-03-03 14:20:07,748:INFO:Epoch 16, Training loss 74223.525390625, Validation loss 74041.521484375
2022-03-03 14:20:10,322:INFO:Epoch 17, Training loss 74333.3095703125, Validation loss 74547.3369140625
2022-03-03 14:20:12,842:INFO:Epoch 18, Training loss 74480.474609375, Validation loss 74264.517578125
2022-03-03 14:20:15,478:INFO:Epoch 19, Training loss 74118.357421875, Validation loss 73908.904296875
2022-03-03 14:20:18,001:INFO:Epoch 20, Training loss 73838.845703125, Validation loss 73762.4287109375
2022-03-03 14:20:20,577:INFO:Epoch 21, Training loss 73763.2880859375, Validation loss 73773.8837890625
2022-03-03 14:20:23,120:INFO:Epoch 22, Training loss 73785.8134765625, Validation loss 73794.814453125
2022-03-03 14:20:25,737:INFO:Epoch 23, Training loss 73790.083984375, Validation loss 73779.71484375
2022-03-03 14:20:28,267:INFO:Epoch 24, Training loss 73772.5029296875, Validation loss 73761.376953125
2022-03-03 14:20:30,815:INFO:Epoch 25, Training loss 73759.494140625, Validation loss 73756.2451171875
2022-03-03 14:20:33,371:INFO:Epoch 26, Training loss 73757.8720703125, Validation loss 73757.765625
2022-03-03 14:20:35,977:INFO:Epoch 27, Training loss 73759.33203125, Validation loss 73758.4599609375
2022-03-03 14:20:38,525:INFO:Epoch 28, Training loss 73759.0419921875, Validation loss 73757.1953125
2022-03-03 14:20:41,056:INFO:Epoch 29, Training loss 73757.3720703125, Validation loss 73756.0517578125
2022-03-03 14:20:43,610:INFO:Epoch 30, Training loss 73756.4091796875, Validation loss 73755.8994140625
2022-03-03 14:20:46,209:INFO:Epoch 31, Training loss 73756.3125, Validation loss 73756.2509765625
2022-03-03 14:20:48,814:INFO:Epoch 32, Training loss 73756.0380859375, Validation loss 73756.1484375
2022-03-03 14:20:51,352:INFO:Epoch 33, Training loss 73755.859375, Validation loss 73756.015625
2022-03-03 14:20:53,930:INFO:Epoch 34, Training loss 73755.5126953125, Validation loss 73755.7626953125
2022-03-03 14:20:56,509:INFO:Epoch 35, Training loss 73755.3134765625, Validation loss 73755.57421875
2022-03-03 14:20:59,079:INFO:Epoch 36, Training loss 73755.16015625, Validation loss 73755.501953125
2022-03-03 14:21:01,755:INFO:Epoch 37, Training loss 73755.07421875, Validation loss 73755.3125
2022-03-03 14:21:04,306:INFO:Epoch 38, Training loss 73754.8759765625, Validation loss 73755.2744140625
2022-03-03 14:21:06,836:INFO:Epoch 39, Training loss 73754.6865234375, Validation loss 73755.2001953125
2022-03-03 14:21:09,481:INFO:Epoch 40, Training loss 73754.5537109375, Validation loss 73755.1787109375
2022-03-03 14:21:12,004:INFO:Epoch 41, Training loss 73754.388671875, Validation loss 73755.072265625
2022-03-03 14:21:14,571:INFO:Epoch 42, Training loss 73754.263671875, Validation loss 73755.017578125
2022-03-03 14:21:17,111:INFO:Epoch 43, Training loss 73754.109375, Validation loss 73754.81640625
2022-03-03 14:21:19,728:INFO:Epoch 44, Training loss 73754.0087890625, Validation loss 73754.8046875
2022-03-03 14:21:22,285:INFO:Epoch 45, Training loss 73753.892578125, Validation loss 73754.6630859375
2022-03-03 14:21:24,841:INFO:Epoch 46, Training loss 73753.7880859375, Validation loss 73754.6025390625
2022-03-03 14:21:27,399:INFO:Epoch 47, Training loss 73753.6923828125, Validation loss 73754.5498046875
2022-03-03 14:21:30,002:INFO:Epoch 48, Training loss 73753.599609375, Validation loss 73754.484375
2022-03-03 14:21:32,562:INFO:Epoch 49, Training loss 73753.5087890625, Validation loss 73754.4912109375
2022-03-03 14:21:35,114:INFO:Epoch 50, Training loss 73753.435546875, Validation loss 73754.3427734375
2022-03-03 14:21:37,672:INFO:Epoch 51, Training loss 73753.3212890625, Validation loss 73754.2939453125
2022-03-03 14:21:40,259:INFO:Epoch 52, Training loss 73753.2568359375, Validation loss 73754.375
2022-03-03 14:21:42,853:INFO:Epoch 53, Training loss 73753.1298828125, Validation loss 73754.2734375
2022-03-03 14:21:45,378:INFO:Epoch 54, Training loss 73753.08203125, Validation loss 73754.150390625
2022-03-03 14:21:48,148:INFO:Epoch 55, Training loss 73752.951171875, Validation loss 73754.1435546875
2022-03-03 14:21:50,714:INFO:Epoch 56, Training loss 73752.8310546875, Validation loss 73754.146484375
2022-03-03 14:21:53,266:INFO:Epoch 57, Training loss 73752.7841796875, Validation loss 73754.146484375
2022-03-03 14:21:55,752:INFO:Epoch 58, Training loss 73752.681640625, Validation loss 73754.2158203125
2022-03-03 14:21:58,295:INFO:Epoch 59, Training loss 73752.6123046875, Validation loss 73754.1943359375
2022-03-03 14:22:00,784:INFO:Epoch 60, Training loss 73752.4912109375, Validation loss 73754.01171875
2022-03-03 14:22:03,386:INFO:Epoch 61, Training loss 73752.4150390625, Validation loss 73753.8564453125
2022-03-03 14:22:05,856:INFO:Epoch 62, Training loss 73752.3798828125, Validation loss 73754.0361328125
2022-03-03 14:22:08,339:INFO:Epoch 63, Training loss 73752.2939453125, Validation loss 73753.7939453125
2022-03-03 14:22:10,728:INFO:Epoch 64, Training loss 73752.162109375, Validation loss 73753.7587890625
2022-03-03 14:22:13,216:INFO:Epoch 65, Training loss 73752.056640625, Validation loss 73753.9052734375
2022-03-03 14:22:15,634:INFO:Epoch 66, Training loss 73751.9755859375, Validation loss 73753.9794921875
2022-03-03 14:22:18,054:INFO:Epoch 67, Training loss 73751.876953125, Validation loss 73754.01953125
2022-03-03 14:22:20,460:INFO:Epoch 68, Training loss 73751.64453125, Validation loss 73753.951171875
2022-03-03 14:22:22,996:INFO:Epoch 69, Training loss 73751.4814453125, Validation loss 73754.1162109375
2022-03-03 14:22:25,418:INFO:Epoch 70, Training loss 73751.201171875, Validation loss 73754.0625
2022-03-03 14:22:27,827:INFO:Epoch 71, Training loss 73750.9501953125, Validation loss 73754.197265625
2022-03-03 14:22:30,232:INFO:Epoch 72, Training loss 73750.734375, Validation loss 73754.392578125
2022-03-03 14:22:32,689:INFO:Epoch 73, Training loss 73750.59375, Validation loss 73754.8095703125
2022-03-03 14:22:35,118:INFO:Epoch 74, Training loss 73750.3330078125, Validation loss 73754.716796875
2022-03-03 14:22:37,512:INFO:Epoch 75, Training loss 73750.4560546875, Validation loss 73754.537109375
2022-03-03 14:22:39,941:INFO:Epoch 76, Training loss 73749.9228515625, Validation loss 73755.0673828125
2022-03-03 14:22:42,365:INFO:Epoch 77, Training loss 73749.7939453125, Validation loss 73755.427734375
2022-03-03 14:22:44,798:INFO:Epoch 78, Training loss 73749.6875, Validation loss 73755.6083984375
2022-03-03 14:22:47,168:INFO:Epoch 79, Training loss 73749.3935546875, Validation loss 73755.6806640625
2022-03-03 14:22:49,590:INFO:Epoch 80, Training loss 73749.28125, Validation loss 73755.591796875
2022-03-03 14:22:51,955:INFO:Epoch 81, Training loss 73749.1943359375, Validation loss 73755.486328125
2022-03-03 14:22:54,416:INFO:Epoch 82, Training loss 73749.02734375, Validation loss 73755.953125
2022-03-03 14:22:56,779:INFO:Epoch 83, Training loss 73748.7734375, Validation loss 73755.9521484375
2022-03-03 14:22:59,212:INFO:Epoch 84, Training loss 73748.662109375, Validation loss 73755.9404296875
2022-03-03 14:23:01,593:INFO:Epoch 85, Training loss 73748.4716796875, Validation loss 73755.9091796875
2022-03-03 14:23:04,062:INFO:Epoch 86, Training loss 73748.2890625, Validation loss 73756.130859375
2022-03-03 14:23:06,473:INFO:Epoch 87, Training loss 73748.2578125, Validation loss 73756.5810546875
2022-03-03 14:23:08,896:INFO:Epoch 88, Training loss 73747.9794921875, Validation loss 73756.4599609375
2022-03-03 14:23:11,284:INFO:Epoch 89, Training loss 73747.9306640625, Validation loss 73756.083984375
2022-03-03 14:23:13,722:INFO:Epoch 90, Training loss 73747.826171875, Validation loss 73756.1044921875
2022-03-03 14:23:16,144:INFO:Epoch 91, Training loss 73747.435546875, Validation loss 73756.7763671875
2022-03-03 14:23:18,555:INFO:Epoch 92, Training loss 73747.169921875, Validation loss 73756.6552734375
2022-03-03 14:23:20,984:INFO:Epoch 93, Training loss 73747.0751953125, Validation loss 73756.6484375
2022-03-03 14:23:23,444:INFO:Epoch 94, Training loss 73746.8330078125, Validation loss 73757.1103515625
2022-03-03 14:23:25,846:INFO:Epoch 95, Training loss 73746.5595703125, Validation loss 73757.0458984375
2022-03-03 14:23:28,205:INFO:Epoch 96, Training loss 73746.3681640625, Validation loss 73757.076171875
2022-03-03 14:23:30,607:INFO:Epoch 97, Training loss 73746.0927734375, Validation loss 73756.96484375
2022-03-03 14:23:33,039:INFO:Epoch 98, Training loss 73745.8447265625, Validation loss 73757.56640625
2022-03-03 14:23:35,471:INFO:Epoch 99, Training loss 73745.8095703125, Validation loss 73756.9775390625
2022-03-03 14:23:37,865:INFO:Epoch 100, Training loss 73745.4423828125, Validation loss 73757.2119140625
2022-03-03 14:23:40,320:INFO:Epoch 101, Training loss 73745.2021484375, Validation loss 73757.1328125
2022-03-03 14:23:42,732:INFO:Epoch 102, Training loss 73744.9404296875, Validation loss 73757.7216796875
2022-03-03 14:23:45,233:INFO:Epoch 103, Training loss 73744.6435546875, Validation loss 73757.71875
2022-03-03 14:23:47,637:INFO:Epoch 104, Training loss 73744.52734375, Validation loss 73757.119140625
2022-03-03 14:23:50,099:INFO:Epoch 105, Training loss 73744.1943359375, Validation loss 73757.3740234375
2022-03-03 14:23:53,192:INFO:Epoch 106, Training loss 73744.0849609375, Validation loss 73758.0068359375
2022-03-03 14:23:56,221:INFO:Epoch 107, Training loss 73743.5322265625, Validation loss 73757.646484375
2022-03-03 14:23:58,698:INFO:Epoch 108, Training loss 73743.2197265625, Validation loss 73758.091796875
2022-03-03 14:24:01,247:INFO:Epoch 109, Training loss 73742.9599609375, Validation loss 73759.17578125
2022-03-03 14:24:04,240:INFO:Epoch 110, Training loss 73742.123046875, Validation loss 73757.8837890625
2022-03-03 14:24:10,847:INFO:Epoch 111, Training loss 73741.80859375, Validation loss 73758.3876953125
2022-03-03 14:24:16,384:INFO:Epoch 112, Training loss 73741.9794921875, Validation loss 73759.6689453125
2022-03-03 14:24:21,550:INFO:Epoch 113, Training loss 73741.0712890625, Validation loss 73757.880859375
2022-03-03 14:24:28,546:INFO:Epoch 114, Training loss 73740.7587890625, Validation loss 73758.2822265625
2022-03-03 14:24:31,378:INFO:Finished training
