1.429112734375000000e+05
1.314127773437500000e+05
1.238678339843750000e+05
1.186114746093750000e+05
1.148119726562500000e+05
1.121249550781250000e+05
1.104926347656250000e+05
1.096726386718750000e+05
1.094633300781250000e+05
1.095071386718750000e+05
1.094637695312500000e+05
1.093337812500000000e+05
1.092467070312500000e+05
1.092081503906250000e+05
1.091710000000000000e+05
1.091326777343750000e+05
1.091000371093750000e+05
1.090719804687500000e+05
1.090413281250000000e+05
1.090167031250000000e+05
1.089933359375000000e+05
1.089708613281250000e+05
1.089515507812500000e+05
1.089355136718750000e+05
1.089232421875000000e+05
1.089119316406250000e+05
1.089019589843750000e+05
1.088940976562500000e+05
1.088864335937500000e+05
1.088799042968750000e+05
1.088741992187500000e+05
1.088687910156250000e+05
1.088635800781250000e+05
1.088576347656250000e+05
1.088529160156250000e+05
1.088490332031250000e+05
1.088463339843750000e+05
1.088424414062500000e+05
1.088399101562500000e+05
1.088371816406250000e+05
1.088358281250000000e+05
1.088335839843750000e+05
1.088327636718750000e+05
1.088320917968750000e+05
1.088313144531250000e+05
1.088305683593750000e+05
1.088295488281250000e+05
1.088290253906250000e+05
1.088289609375000000e+05
1.088283261718750000e+05
1.088285898437500000e+05
1.088273339843750000e+05
1.088273515625000000e+05
1.088275312500000000e+05
1.088267421875000000e+05
1.088264941406250000e+05
1.088261601562500000e+05
1.088257324218750000e+05
1.088260097656250000e+05
1.088253691406250000e+05
1.088256386718750000e+05
1.088254082031250000e+05
1.088252812500000000e+05
1.088255292968750000e+05
1.088255351562500000e+05
1.088242949218750000e+05
1.088238476562500000e+05
1.088242773437500000e+05
1.088240195312500000e+05
1.088236894531250000e+05
1.088228144531250000e+05
1.088226523437500000e+05
1.088232382812500000e+05
1.088232714843750000e+05
1.088223457031250000e+05
1.088220292968750000e+05
1.088221816406250000e+05
1.088216972656250000e+05
1.088218535156250000e+05
1.088226210937500000e+05
1.088223417968750000e+05
1.088212441406250000e+05
1.088211171875000000e+05
1.088212832031250000e+05
1.088219628906250000e+05
1.088209296875000000e+05
1.088202343750000000e+05
1.088205800781250000e+05
1.088206347656250000e+05
1.088202343750000000e+05
1.088211835937500000e+05
1.088199648437500000e+05
1.088207500000000000e+05
1.088203750000000000e+05
1.088204277343750000e+05
1.088205625000000000e+05
1.088199902343750000e+05
1.088202382812500000e+05
1.088213554687500000e+05
1.088214589843750000e+05
1.088207167968750000e+05
1.088205039062500000e+05
1.088210898437500000e+05
1.088209003906250000e+05
1.088199628906250000e+05
1.088192460937500000e+05
1.088196914062500000e+05
1.088191953125000000e+05
1.088192285156250000e+05
1.088195488281250000e+05
1.088193203125000000e+05
1.088187187500000000e+05
1.088201679687500000e+05
