2021-11-24 15:26:09,414:INFO:All directories created, ready to load the data
2021-11-24 15:26:09,453:INFO:Dataset loaded from /data/theorie/jthoeve/event_generation/events_high_stats/quad/cHW/events_18.npy
2021-11-24 15:26:09,457:INFO:Dataset loaded from /data/theorie/jthoeve/event_generation/events_high_stats/sm/events_18.npy
2021-11-24 15:26:13,218:INFO:Epoch 1, Training loss 183820.4296875, Validation loss 183797.10546875
2021-11-24 15:26:16,958:INFO:Epoch 2, Training loss 183820.4296875, Validation loss 183797.10546875
2021-11-24 15:26:20,687:INFO:Epoch 3, Training loss 183820.43359375, Validation loss 183797.10546875
2021-11-24 15:26:24,447:INFO:Epoch 4, Training loss 183820.4375, Validation loss 183797.10546875
2021-11-24 15:26:28,154:INFO:Epoch 5, Training loss 183820.4375, Validation loss 183797.10546875
2021-11-24 15:26:31,917:INFO:Epoch 6, Training loss 183820.43359375, Validation loss 183797.10546875
2021-11-24 15:26:35,632:INFO:Epoch 7, Training loss 183820.43359375, Validation loss 183797.10546875
2021-11-24 15:26:39,415:INFO:Epoch 8, Training loss 183820.43359375, Validation loss 183797.10546875
2021-11-24 15:26:43,137:INFO:Epoch 9, Training loss 183820.43359375, Validation loss 183797.10546875
2021-11-24 15:26:46,882:INFO:Epoch 10, Training loss 183820.4296875, Validation loss 183797.10546875
2021-11-24 15:26:50,609:INFO:Epoch 11, Training loss 183820.4375, Validation loss 183797.10546875
2021-11-24 15:26:54,356:INFO:Epoch 12, Training loss 183820.4375, Validation loss 183797.10546875
2021-11-24 15:26:58,087:INFO:Epoch 13, Training loss 183820.4375, Validation loss 183797.10546875
2021-11-24 15:27:01,813:INFO:Epoch 14, Training loss 183820.43359375, Validation loss 183797.10546875
2021-11-24 15:27:05,558:INFO:Epoch 15, Training loss 183820.4375, Validation loss 183797.10546875
2021-11-24 15:27:09,309:INFO:Epoch 16, Training loss 183820.43359375, Validation loss 183797.10546875
2021-11-24 15:27:13,052:INFO:Epoch 17, Training loss 183820.43359375, Validation loss 183797.10546875
2021-11-24 15:27:16,853:INFO:Epoch 18, Training loss 183820.4296875, Validation loss 183797.10546875
2021-11-24 15:27:16,857:INFO:Detected stagant training, reset the weights
2021-11-24 15:27:20,610:INFO:Epoch 19, Training loss 150413.646484375, Validation loss 149888.396484375
2021-11-24 15:27:24,339:INFO:Epoch 20, Training loss 149689.953125, Validation loss 149197.15234375
2021-11-24 15:27:28,115:INFO:Epoch 21, Training loss 148595.767578125, Validation loss 147439.765625
2021-11-24 15:27:31,819:INFO:Epoch 22, Training loss 146648.333984375, Validation loss 145269.75390625
2021-11-24 15:27:35,575:INFO:Epoch 23, Training loss 144682.50390625, Validation loss 143952.859375
2021-11-24 15:27:39,303:INFO:Epoch 24, Training loss 144024.080078125, Validation loss 143940.9140625
2021-11-24 15:27:43,082:INFO:Epoch 25, Training loss 143961.951171875, Validation loss 143776.5390625
2021-11-24 15:27:46,800:INFO:Epoch 26, Training loss 143831.6796875, Validation loss 143754.564453125
2021-11-24 15:27:50,547:INFO:Epoch 27, Training loss 143772.37890625, Validation loss 143647.447265625
2021-11-24 15:27:54,285:INFO:Epoch 28, Training loss 143701.228515625, Validation loss 143619.509765625
2021-11-24 15:27:58,057:INFO:Epoch 29, Training loss 143657.798828125, Validation loss 143571.150390625
2021-11-24 15:28:01,791:INFO:Epoch 30, Training loss 143638.70703125, Validation loss 143569.7734375
2021-11-24 15:28:05,578:INFO:Epoch 31, Training loss 143629.38671875, Validation loss 143596.57421875
2021-11-24 15:28:09,570:INFO:Epoch 32, Training loss 143621.6484375, Validation loss 143543.857421875
2021-11-24 15:28:13,340:INFO:Epoch 33, Training loss 143622.732421875, Validation loss 143580.0625
2021-11-24 15:28:17,130:INFO:Epoch 34, Training loss 143639.6015625, Validation loss 143580.2578125
2021-11-24 15:28:20,859:INFO:Epoch 35, Training loss 143652.1953125, Validation loss 143542.84375
2021-11-24 15:28:24,613:INFO:Epoch 36, Training loss 143635.576171875, Validation loss 143589.16796875
2021-11-24 15:28:28,361:INFO:Epoch 37, Training loss 143620.185546875, Validation loss 143548.490234375
2021-11-24 15:28:32,121:INFO:Epoch 38, Training loss 143605.546875, Validation loss 143555.056640625
2021-11-24 15:28:35,841:INFO:Epoch 39, Training loss 143600.2578125, Validation loss 143544.5703125
2021-11-24 15:28:39,604:INFO:Epoch 40, Training loss 143599.90234375, Validation loss 143554.09375
2021-11-24 15:28:43,566:INFO:Epoch 41, Training loss 143603.333984375, Validation loss 143566.6171875
2021-11-24 15:28:47,373:INFO:Epoch 42, Training loss 143604.57421875, Validation loss 143539.568359375
2021-11-24 15:28:51,096:INFO:Epoch 43, Training loss 143594.359375, Validation loss 143547.544921875
2021-11-24 15:28:54,861:INFO:Epoch 44, Training loss 143593.525390625, Validation loss 143570.6640625
2021-11-24 15:28:58,589:INFO:Epoch 45, Training loss 143606.57421875, Validation loss 143559.083984375
2021-11-24 15:29:02,371:INFO:Epoch 46, Training loss 143597.69921875, Validation loss 143541.798828125
2021-11-24 15:29:06,120:INFO:Epoch 47, Training loss 143596.029296875, Validation loss 143560.607421875
2021-11-24 15:29:09,879:INFO:Epoch 48, Training loss 143606.490234375, Validation loss 143553.927734375
2021-11-24 15:29:13,615:INFO:Epoch 49, Training loss 143587.7734375, Validation loss 143541.740234375
2021-11-24 15:29:17,399:INFO:Epoch 50, Training loss 143591.224609375, Validation loss 143550.20703125
2021-11-24 15:29:21,161:INFO:Epoch 51, Training loss 143603.005859375, Validation loss 143548.9765625
2021-11-24 15:29:24,892:INFO:Epoch 52, Training loss 143596.8125, Validation loss 143565.6328125
2021-11-24 15:29:28,651:INFO:Epoch 53, Training loss 143599.587890625, Validation loss 143544.251953125
2021-11-24 15:29:32,414:INFO:Epoch 54, Training loss 143599.419921875, Validation loss 143556.791015625
2021-11-24 15:29:36,168:INFO:Epoch 55, Training loss 143596.0546875, Validation loss 143546.736328125
2021-11-24 15:29:39,888:INFO:Epoch 56, Training loss 143590.314453125, Validation loss 143563.7265625
2021-11-24 15:29:43,639:INFO:Epoch 57, Training loss 143591.76171875, Validation loss 143548.802734375
2021-11-24 15:29:47,385:INFO:Epoch 58, Training loss 143589.05859375, Validation loss 143534.9921875
2021-11-24 15:29:51,572:INFO:Epoch 59, Training loss 143590.8125, Validation loss 143563.12890625
2021-11-24 15:29:55,292:INFO:Epoch 60, Training loss 143583.39453125, Validation loss 143535.9140625
2021-11-24 15:29:59,054:INFO:Epoch 61, Training loss 143587.015625, Validation loss 143539.998046875
2021-11-24 15:30:02,770:INFO:Epoch 62, Training loss 143581.857421875, Validation loss 143555.400390625
2021-11-24 15:30:06,591:INFO:Epoch 63, Training loss 143582.509765625, Validation loss 143541.748046875
2021-11-24 15:30:10,339:INFO:Epoch 64, Training loss 143581.853515625, Validation loss 143542.498046875
2021-11-24 15:30:14,162:INFO:Epoch 65, Training loss 143592.060546875, Validation loss 143549.859375
2021-11-24 15:30:17,959:INFO:Epoch 66, Training loss 143593.3984375, Validation loss 143545.283203125
2021-11-24 15:30:21,814:INFO:Epoch 67, Training loss 143595.841796875, Validation loss 143588.478515625
2021-11-24 15:30:25,576:INFO:Epoch 68, Training loss 143605.9375, Validation loss 143543.220703125
2021-11-24 15:30:29,349:INFO:Epoch 69, Training loss 143596.400390625, Validation loss 143564.630859375
2021-11-24 15:30:33,111:INFO:Epoch 70, Training loss 143591.611328125, Validation loss 143532.90234375
2021-11-24 15:30:36,980:INFO:Epoch 71, Training loss 143584.298828125, Validation loss 143547.044921875
2021-11-24 15:30:40,792:INFO:Epoch 72, Training loss 143582.8515625, Validation loss 143565.27734375
2021-11-24 15:30:44,584:INFO:Epoch 73, Training loss 143594.720703125, Validation loss 143534.314453125
2021-11-24 15:30:48,349:INFO:Epoch 74, Training loss 143581.36328125, Validation loss 143551.396484375
2021-11-24 15:30:52,180:INFO:Epoch 75, Training loss 143577.55078125, Validation loss 143547.35546875
2021-11-24 15:30:56,008:INFO:Epoch 76, Training loss 143579.873046875, Validation loss 143549.966796875
2021-11-24 15:30:59,790:INFO:Epoch 77, Training loss 143580.373046875, Validation loss 143550.072265625
2021-11-24 15:31:03,533:INFO:Epoch 78, Training loss 143575.25390625, Validation loss 143562.71484375
2021-11-24 15:31:07,301:INFO:Epoch 79, Training loss 143581.056640625, Validation loss 143548.166015625
2021-11-24 15:31:11,423:INFO:Epoch 80, Training loss 143578.330078125, Validation loss 143535.18359375
2021-11-24 15:31:15,147:INFO:Epoch 81, Training loss 143584.4375, Validation loss 143558.951171875
2021-11-24 15:31:18,914:INFO:Epoch 82, Training loss 143593.009765625, Validation loss 143576.208984375
2021-11-24 15:31:22,653:INFO:Epoch 83, Training loss 143577.748046875, Validation loss 143552.5234375
2021-11-24 15:31:26,471:INFO:Epoch 84, Training loss 143587.998046875, Validation loss 143573.947265625
2021-11-24 15:31:30,195:INFO:Epoch 85, Training loss 143594.96484375, Validation loss 143561.171875
2021-11-24 15:31:33,977:INFO:Epoch 86, Training loss 143587.728515625, Validation loss 143557.931640625
2021-11-24 15:31:37,958:INFO:Epoch 87, Training loss 143586.869140625, Validation loss 143540.146484375
2021-11-24 15:31:41,795:INFO:Epoch 88, Training loss 143578.341796875, Validation loss 143562.423828125
2021-11-24 15:31:45,531:INFO:Epoch 89, Training loss 143583.16796875, Validation loss 143551.958984375
2021-11-24 15:31:49,290:INFO:Epoch 90, Training loss 143588.88671875, Validation loss 143536.837890625
2021-11-24 15:31:53,035:INFO:Epoch 91, Training loss 143580.173828125, Validation loss 143570.908203125
2021-11-24 15:31:56,823:INFO:Epoch 92, Training loss 143579.716796875, Validation loss 143534.19140625
2021-11-24 15:32:00,571:INFO:Epoch 93, Training loss 143576.365234375, Validation loss 143539.435546875
2021-11-24 15:32:04,315:INFO:Epoch 94, Training loss 143575.375, Validation loss 143560.919921875
2021-11-24 15:32:08,060:INFO:Epoch 95, Training loss 143573.80078125, Validation loss 143553.07421875
2021-11-24 15:32:11,842:INFO:Epoch 96, Training loss 143584.32421875, Validation loss 143536.427734375
2021-11-24 15:32:15,577:INFO:Epoch 97, Training loss 143579.2109375, Validation loss 143579.9296875
2021-11-24 15:32:19,400:INFO:Epoch 98, Training loss 143584.224609375, Validation loss 143541.48046875
2021-11-24 15:32:23,165:INFO:Epoch 99, Training loss 143578.82421875, Validation loss 143543.0546875
2021-11-24 15:32:26,940:INFO:Epoch 100, Training loss 143575.05859375, Validation loss 143552.228515625
2021-11-24 15:32:30,697:INFO:Epoch 101, Training loss 143570.763671875, Validation loss 143548.669921875
2021-11-24 15:32:34,438:INFO:Epoch 102, Training loss 143579.279296875, Validation loss 143542.12109375
2021-11-24 15:32:38,197:INFO:Epoch 103, Training loss 143575.314453125, Validation loss 143545.3046875
2021-11-24 15:32:41,919:INFO:Epoch 104, Training loss 143582.53125, Validation loss 143554.8046875
2021-11-24 15:32:45,709:INFO:Epoch 105, Training loss 143578.16796875, Validation loss 143535.42578125
2021-11-24 15:32:49,430:INFO:Epoch 106, Training loss 143573.169921875, Validation loss 143560.4765625
2021-11-24 15:32:53,192:INFO:Epoch 107, Training loss 143573.20703125, Validation loss 143545.408203125
2021-11-24 15:32:56,937:INFO:Epoch 108, Training loss 143573.353515625, Validation loss 143547.8515625
2021-11-24 15:33:00,726:INFO:Epoch 109, Training loss 143581.005859375, Validation loss 143544.275390625
2021-11-24 15:33:04,495:INFO:Epoch 110, Training loss 143572.669921875, Validation loss 143545.853515625
2021-11-24 15:33:08,644:INFO:Epoch 111, Training loss 143571.873046875, Validation loss 143537.421875
2021-11-24 15:33:12,387:INFO:Epoch 112, Training loss 143566.734375, Validation loss 143552.171875
2021-11-24 15:33:16,150:INFO:Epoch 113, Training loss 143571.1015625, Validation loss 143546.080078125
2021-11-24 15:33:19,892:INFO:Epoch 114, Training loss 143570.916015625, Validation loss 143546.029296875
2021-11-24 15:33:23,640:INFO:Epoch 115, Training loss 143573.013671875, Validation loss 143555.115234375
2021-11-24 15:33:27,435:INFO:Epoch 116, Training loss 143569.580078125, Validation loss 143545.15625
2021-11-24 15:33:31,215:INFO:Epoch 117, Training loss 143566.80859375, Validation loss 143538.677734375
2021-11-24 15:33:35,325:INFO:Epoch 118, Training loss 143573.943359375, Validation loss 143549.75
2021-11-24 15:33:39,059:INFO:Epoch 119, Training loss 143569.724609375, Validation loss 143562.001953125
2021-11-24 15:33:42,842:INFO:Epoch 120, Training loss 143581.130859375, Validation loss 143554.7578125
2021-11-24 15:33:42,849:INFO:Finished training, producing training report at /data/theorie/jthoeve/ML4EFT_higgs/models/24_11/model_quad_cHW/mc_run_18/plots/training_report/
2021-11-24 15:33:43,183:WARNING:findfont: Font family ['sans-serif'] not found. Falling back to DejaVu Sans.
