2022-03-03 12:56:00,630:INFO:All directories created, ready to load the data
2022-03-03 12:56:00,700:INFO:Dataset loaded from /data/theorie/jthoeve/training_data/zh/features_mzh_y_ptz_v2/lin/cHW/events_17.pkl.gz
2022-03-03 12:56:00,758:INFO:Dataset loaded from /data/theorie/jthoeve/training_data/zh/features_mzh_y_ptz_v2/sm/events_17.pkl.gz
2022-03-03 12:56:03,103:INFO:Epoch 1, Training loss 129653.587890625, Validation loss 125465.423828125
2022-03-03 12:56:05,506:INFO:Epoch 2, Training loss 123316.908203125, Validation loss 120468.146484375
2022-03-03 12:56:07,828:INFO:Epoch 3, Training loss 118997.142578125, Validation loss 117068.615234375
2022-03-03 12:56:10,172:INFO:Epoch 4, Training loss 115930.580078125, Validation loss 114277.83984375
2022-03-03 12:56:12,515:INFO:Epoch 5, Training loss 113339.083984375, Validation loss 112045.759765625
2022-03-03 12:56:14,909:INFO:Epoch 6, Training loss 111386.8359375, Validation loss 110517.9375
2022-03-03 12:56:17,252:INFO:Epoch 7, Training loss 110142.49609375, Validation loss 109692.6640625
2022-03-03 12:56:19,591:INFO:Epoch 8, Training loss 109576.47265625, Validation loss 109491.150390625
2022-03-03 12:56:21,951:INFO:Epoch 9, Training loss 109504.6171875, Validation loss 109522.4921875
2022-03-03 12:56:24,335:INFO:Epoch 10, Training loss 109500.62109375, Validation loss 109447.10546875
2022-03-03 12:56:26,679:INFO:Epoch 11, Training loss 109390.37890625, Validation loss 109320.451171875
2022-03-03 12:56:29,003:INFO:Epoch 12, Training loss 109278.81640625, Validation loss 109245.115234375
2022-03-03 12:56:31,356:INFO:Epoch 13, Training loss 109218.166015625, Validation loss 109197.689453125
2022-03-03 12:56:33,717:INFO:Epoch 14, Training loss 109165.072265625, Validation loss 109141.732421875
2022-03-03 12:56:36,091:INFO:Epoch 15, Training loss 109108.416015625, Validation loss 109094.244140625
2022-03-03 12:56:38,401:INFO:Epoch 16, Training loss 109059.953125, Validation loss 109046.091796875
2022-03-03 12:56:40,755:INFO:Epoch 17, Training loss 109004.70703125, Validation loss 108990.552734375
2022-03-03 12:56:43,058:INFO:Epoch 18, Training loss 108944.66796875, Validation loss 108926.55859375
2022-03-03 12:56:45,465:INFO:Epoch 19, Training loss 108872.984375, Validation loss 108860.876953125
2022-03-03 12:56:47,778:INFO:Epoch 20, Training loss 108800.716796875, Validation loss 108790.392578125
2022-03-03 12:56:50,133:INFO:Epoch 21, Training loss 108724.294921875, Validation loss 108718.59375
2022-03-03 12:56:52,455:INFO:Epoch 22, Training loss 108644.138671875, Validation loss 108651.17578125
2022-03-03 12:56:54,851:INFO:Epoch 23, Training loss 108567.771484375, Validation loss 108589.90234375
2022-03-03 12:56:57,175:INFO:Epoch 24, Training loss 108500.701171875, Validation loss 108555.634765625
2022-03-03 12:56:59,514:INFO:Epoch 25, Training loss 108461.375, Validation loss 108547.634765625
2022-03-03 12:57:01,854:INFO:Epoch 26, Training loss 108448.46875, Validation loss 108553.91015625
2022-03-03 12:57:04,242:INFO:Epoch 27, Training loss 108437.2578125, Validation loss 108551.81640625
2022-03-03 12:57:06,583:INFO:Epoch 28, Training loss 108435.49609375, Validation loss 108552.751953125
2022-03-03 12:57:08,928:INFO:Epoch 29, Training loss 108431.064453125, Validation loss 108547.81640625
2022-03-03 12:57:11,276:INFO:Epoch 30, Training loss 108427.814453125, Validation loss 108542.41015625
2022-03-03 12:57:13,656:INFO:Epoch 31, Training loss 108424.669921875, Validation loss 108542.642578125
2022-03-03 12:57:16,001:INFO:Epoch 32, Training loss 108420.83203125, Validation loss 108540.14453125
2022-03-03 12:57:18,318:INFO:Epoch 33, Training loss 108421.783203125, Validation loss 108543.236328125
2022-03-03 12:57:20,674:INFO:Epoch 34, Training loss 108421.017578125, Validation loss 108537.673828125
2022-03-03 12:57:23,040:INFO:Epoch 35, Training loss 108416.86328125, Validation loss 108535.53125
2022-03-03 12:57:25,402:INFO:Epoch 36, Training loss 108416.044921875, Validation loss 108535.5234375
2022-03-03 12:57:27,708:INFO:Epoch 37, Training loss 108416.2421875, Validation loss 108534.96484375
2022-03-03 12:57:30,067:INFO:Epoch 38, Training loss 108412.599609375, Validation loss 108536.279296875
2022-03-03 12:57:32,370:INFO:Epoch 39, Training loss 108414.267578125, Validation loss 108536.314453125
2022-03-03 12:57:34,777:INFO:Epoch 40, Training loss 108410.322265625, Validation loss 108532.49609375
2022-03-03 12:57:37,101:INFO:Epoch 41, Training loss 108411.376953125, Validation loss 108534.685546875
2022-03-03 12:57:39,467:INFO:Epoch 42, Training loss 108411.689453125, Validation loss 108537.478515625
2022-03-03 12:57:41,805:INFO:Epoch 43, Training loss 108411.97265625, Validation loss 108540.134765625
2022-03-03 12:57:44,201:INFO:Epoch 44, Training loss 108412.251953125, Validation loss 108532.81640625
2022-03-03 12:57:46,523:INFO:Epoch 45, Training loss 108408.384765625, Validation loss 108531.8671875
2022-03-03 12:57:48,857:INFO:Epoch 46, Training loss 108406.85546875, Validation loss 108531.158203125
2022-03-03 12:57:51,202:INFO:Epoch 47, Training loss 108407.41015625, Validation loss 108531.966796875
2022-03-03 12:57:53,594:INFO:Epoch 48, Training loss 108405.8359375, Validation loss 108531.357421875
2022-03-03 12:57:55,928:INFO:Epoch 49, Training loss 108406.87890625, Validation loss 108531.11328125
2022-03-03 12:57:58,261:INFO:Epoch 50, Training loss 108403.908203125, Validation loss 108532.076171875
2022-03-03 12:58:00,604:INFO:Epoch 51, Training loss 108404.86328125, Validation loss 108531.3046875
2022-03-03 12:58:02,976:INFO:Epoch 52, Training loss 108404.58984375, Validation loss 108531.341796875
2022-03-03 12:58:05,324:INFO:Epoch 53, Training loss 108404.1953125, Validation loss 108532.14453125
2022-03-03 12:58:07,644:INFO:Epoch 54, Training loss 108405.662109375, Validation loss 108531.5234375
2022-03-03 12:58:10,004:INFO:Epoch 55, Training loss 108402.7890625, Validation loss 108531.232421875
2022-03-03 12:58:12,368:INFO:Epoch 56, Training loss 108402.2421875, Validation loss 108531.4609375
2022-03-03 12:58:14,733:INFO:Epoch 57, Training loss 108402.345703125, Validation loss 108530.90234375
2022-03-03 12:58:17,037:INFO:Epoch 58, Training loss 108401.31640625, Validation loss 108530.564453125
2022-03-03 12:58:19,396:INFO:Epoch 59, Training loss 108400.6640625, Validation loss 108529.720703125
2022-03-03 12:58:21,709:INFO:Epoch 60, Training loss 108400.283203125, Validation loss 108530.60546875
2022-03-03 12:58:24,114:INFO:Epoch 61, Training loss 108400.349609375, Validation loss 108531.208984375
2022-03-03 12:58:26,428:INFO:Epoch 62, Training loss 108400.39453125, Validation loss 108532.61328125
2022-03-03 12:58:28,793:INFO:Epoch 63, Training loss 108399.474609375, Validation loss 108529.986328125
2022-03-03 12:58:31,130:INFO:Epoch 64, Training loss 108398.302734375, Validation loss 108533.970703125
2022-03-03 12:58:33,527:INFO:Epoch 65, Training loss 108399.24609375, Validation loss 108529.3515625
2022-03-03 12:58:35,857:INFO:Epoch 66, Training loss 108398.72265625, Validation loss 108530.19140625
2022-03-03 12:58:38,208:INFO:Epoch 67, Training loss 108396.54296875, Validation loss 108527.8984375
2022-03-03 12:58:40,546:INFO:Epoch 68, Training loss 108396.0546875, Validation loss 108527.1640625
2022-03-03 12:58:42,942:INFO:Epoch 69, Training loss 108396.46484375, Validation loss 108528.5546875
2022-03-03 12:58:45,278:INFO:Epoch 70, Training loss 108396.0859375, Validation loss 108527.80078125
2022-03-03 12:58:47,610:INFO:Epoch 71, Training loss 108395.607421875, Validation loss 108527.64453125
2022-03-03 12:58:49,956:INFO:Epoch 72, Training loss 108394.869140625, Validation loss 108529.552734375
2022-03-03 12:58:52,337:INFO:Epoch 73, Training loss 108395.0390625, Validation loss 108529.40234375
2022-03-03 12:58:54,688:INFO:Epoch 74, Training loss 108393.9375, Validation loss 108528.646484375
2022-03-03 12:58:57,001:INFO:Epoch 75, Training loss 108392.978515625, Validation loss 108526.541015625
2022-03-03 12:58:59,357:INFO:Epoch 76, Training loss 108393.40234375, Validation loss 108526.388671875
2022-03-03 12:59:01,725:INFO:Epoch 77, Training loss 108392.4453125, Validation loss 108528.62109375
2022-03-03 12:59:04,094:INFO:Epoch 78, Training loss 108392.068359375, Validation loss 108528.5390625
2022-03-03 12:59:06,402:INFO:Epoch 79, Training loss 108398.41796875, Validation loss 108526.576171875
2022-03-03 12:59:08,774:INFO:Epoch 80, Training loss 108392.84765625, Validation loss 108533.12890625
2022-03-03 12:59:11,103:INFO:Epoch 81, Training loss 108394.447265625, Validation loss 108526.052734375
2022-03-03 12:59:13,502:INFO:Epoch 82, Training loss 108392.83984375, Validation loss 108524.69921875
2022-03-03 12:59:15,813:INFO:Epoch 83, Training loss 108392.80078125, Validation loss 108525.646484375
2022-03-03 12:59:18,175:INFO:Epoch 84, Training loss 108393.31640625, Validation loss 108527.80078125
2022-03-03 12:59:20,498:INFO:Epoch 85, Training loss 108392.748046875, Validation loss 108526.419921875
2022-03-03 12:59:22,900:INFO:Epoch 86, Training loss 108392.56640625, Validation loss 108529.28515625
2022-03-03 12:59:25,226:INFO:Epoch 87, Training loss 108390.447265625, Validation loss 108525.0703125
2022-03-03 12:59:27,561:INFO:Epoch 88, Training loss 108390.123046875, Validation loss 108527.033203125
2022-03-03 12:59:29,901:INFO:Epoch 89, Training loss 108389.50390625, Validation loss 108526.58203125
2022-03-03 12:59:32,288:INFO:Epoch 90, Training loss 108392.392578125, Validation loss 108530.0
2022-03-03 12:59:34,626:INFO:Epoch 91, Training loss 108390.73046875, Validation loss 108529.212890625
2022-03-03 12:59:36,963:INFO:Epoch 92, Training loss 108390.5390625, Validation loss 108526.365234375
2022-03-03 12:59:39,308:INFO:Epoch 93, Training loss 108389.0546875, Validation loss 108526.546875
2022-03-03 12:59:41,685:INFO:Epoch 94, Training loss 108388.0859375, Validation loss 108527.27734375
2022-03-03 12:59:44,034:INFO:Epoch 95, Training loss 108388.58984375, Validation loss 108528.02734375
2022-03-03 12:59:46,353:INFO:Epoch 96, Training loss 108388.03125, Validation loss 108525.3515625
2022-03-03 12:59:48,703:INFO:Epoch 97, Training loss 108389.857421875, Validation loss 108527.3125
2022-03-03 12:59:51,064:INFO:Epoch 98, Training loss 108389.224609375, Validation loss 108527.09765625
2022-03-03 12:59:53,417:INFO:Epoch 99, Training loss 108388.197265625, Validation loss 108523.037109375
2022-03-03 12:59:55,724:INFO:Epoch 100, Training loss 108389.376953125, Validation loss 108528.31640625
2022-03-03 12:59:58,092:INFO:Epoch 101, Training loss 108391.203125, Validation loss 108532.203125
2022-03-03 13:00:00,409:INFO:Epoch 102, Training loss 108390.21484375, Validation loss 108530.359375
2022-03-03 13:00:02,815:INFO:Epoch 103, Training loss 108389.4609375, Validation loss 108526.033203125
2022-03-03 13:00:05,131:INFO:Epoch 104, Training loss 108388.345703125, Validation loss 108525.640625
2022-03-03 13:00:07,497:INFO:Epoch 105, Training loss 108387.341796875, Validation loss 108526.32421875
2022-03-03 13:00:09,824:INFO:Epoch 106, Training loss 108387.19921875, Validation loss 108525.8515625
2022-03-03 13:00:12,219:INFO:Epoch 107, Training loss 108387.484375, Validation loss 108524.3046875
2022-03-03 13:00:14,548:INFO:Epoch 108, Training loss 108385.3359375, Validation loss 108525.669921875
2022-03-03 13:00:16,887:INFO:Epoch 109, Training loss 108384.37109375, Validation loss 108525.681640625
2022-03-03 13:00:19,216:INFO:Epoch 110, Training loss 108384.048828125, Validation loss 108525.513671875
2022-03-03 13:00:21,602:INFO:Epoch 111, Training loss 108383.88671875, Validation loss 108525.904296875
2022-03-03 13:00:23,942:INFO:Epoch 112, Training loss 108383.123046875, Validation loss 108525.978515625
2022-03-03 13:00:26,276:INFO:Epoch 113, Training loss 108383.685546875, Validation loss 108526.921875
2022-03-03 13:00:28,616:INFO:Epoch 114, Training loss 108383.4765625, Validation loss 108525.24609375
2022-03-03 13:00:30,992:INFO:Epoch 115, Training loss 108380.849609375, Validation loss 108524.1015625
2022-03-03 13:00:33,341:INFO:Epoch 116, Training loss 108382.744140625, Validation loss 108524.314453125
2022-03-03 13:00:35,661:INFO:Epoch 117, Training loss 108381.37109375, Validation loss 108525.06640625
2022-03-03 13:00:38,015:INFO:Epoch 118, Training loss 108380.203125, Validation loss 108525.2109375
2022-03-03 13:00:40,386:INFO:Epoch 119, Training loss 108381.78515625, Validation loss 108523.630859375
2022-03-03 13:00:42,756:INFO:Epoch 120, Training loss 108379.072265625, Validation loss 108525.607421875
2022-03-03 13:00:45,056:INFO:Epoch 121, Training loss 108381.544921875, Validation loss 108526.0234375
2022-03-03 13:00:47,417:INFO:Epoch 122, Training loss 108380.01171875, Validation loss 108524.185546875
2022-03-03 13:00:49,731:INFO:Epoch 123, Training loss 108380.404296875, Validation loss 108523.05078125
2022-03-03 13:00:52,139:INFO:Epoch 124, Training loss 108380.15234375, Validation loss 108523.826171875
2022-03-03 13:00:54,452:INFO:Epoch 125, Training loss 108382.625, Validation loss 108528.072265625
2022-03-03 13:00:56,813:INFO:Epoch 126, Training loss 108379.83984375, Validation loss 108524.318359375
2022-03-03 13:00:59,128:INFO:Epoch 127, Training loss 108380.3671875, Validation loss 108524.802734375
2022-03-03 13:01:01,519:INFO:Epoch 128, Training loss 108378.169921875, Validation loss 108529.9296875
2022-03-03 13:01:03,847:INFO:Epoch 129, Training loss 108377.90625, Validation loss 108522.5703125
2022-03-03 13:01:06,187:INFO:Epoch 130, Training loss 108378.974609375, Validation loss 108525.037109375
2022-03-03 13:01:08,521:INFO:Epoch 131, Training loss 108376.87890625, Validation loss 108527.60546875
2022-03-03 13:01:10,914:INFO:Epoch 132, Training loss 108378.38671875, Validation loss 108525.365234375
2022-03-03 13:01:13,253:INFO:Epoch 133, Training loss 108376.48828125, Validation loss 108527.51171875
2022-03-03 13:01:15,579:INFO:Epoch 134, Training loss 108376.427734375, Validation loss 108524.73828125
2022-03-03 13:01:17,931:INFO:Epoch 135, Training loss 108379.873046875, Validation loss 108527.451171875
2022-03-03 13:01:20,301:INFO:Epoch 136, Training loss 108380.353515625, Validation loss 108524.41015625
2022-03-03 13:01:22,645:INFO:Epoch 137, Training loss 108378.41796875, Validation loss 108529.06640625
2022-03-03 13:01:24,965:INFO:Epoch 138, Training loss 108376.369140625, Validation loss 108526.3828125
2022-03-03 13:01:27,309:INFO:Epoch 139, Training loss 108376.689453125, Validation loss 108525.490234375
2022-03-03 13:01:29,568:INFO:Epoch 140, Training loss 108375.17578125, Validation loss 108528.3046875
2022-03-03 13:01:31,809:INFO:Epoch 141, Training loss 108378.814453125, Validation loss 108527.21875
2022-03-03 13:01:33,999:INFO:Epoch 142, Training loss 108374.79296875, Validation loss 108526.08984375
2022-03-03 13:01:36,257:INFO:Epoch 143, Training loss 108374.61328125, Validation loss 108527.83203125
2022-03-03 13:01:38,458:INFO:Epoch 144, Training loss 108377.71875, Validation loss 108528.357421875
2022-03-03 13:01:40,757:INFO:Epoch 145, Training loss 108379.296875, Validation loss 108534.796875
2022-03-03 13:01:42,961:INFO:Epoch 146, Training loss 108381.5859375, Validation loss 108524.923828125
2022-03-03 13:01:45,209:INFO:Epoch 147, Training loss 108377.04296875, Validation loss 108533.888671875
2022-03-03 13:01:47,423:INFO:Epoch 148, Training loss 108377.298828125, Validation loss 108535.283203125
2022-03-03 13:01:49,709:INFO:Epoch 149, Training loss 108375.9375, Validation loss 108526.623046875
2022-03-03 13:01:51,925:INFO:Epoch 150, Training loss 108373.27734375, Validation loss 108526.703125
2022-03-03 13:01:54,154:INFO:Epoch 151, Training loss 108375.11328125, Validation loss 108529.380859375
2022-03-03 13:01:56,381:INFO:Epoch 152, Training loss 108374.0859375, Validation loss 108531.884765625
2022-03-03 13:01:58,658:INFO:Epoch 153, Training loss 108376.41796875, Validation loss 108527.357421875
2022-03-03 13:02:00,893:INFO:Epoch 154, Training loss 108372.380859375, Validation loss 108529.12890625
2022-03-03 13:02:03,119:INFO:Epoch 155, Training loss 108374.59375, Validation loss 108529.76953125
2022-03-03 13:02:05,364:INFO:Epoch 156, Training loss 108375.220703125, Validation loss 108532.3359375
2022-03-03 13:02:07,634:INFO:Epoch 157, Training loss 108373.779296875, Validation loss 108527.138671875
2022-03-03 13:02:09,879:INFO:Epoch 158, Training loss 108374.8515625, Validation loss 108525.986328125
2022-03-03 13:02:12,095:INFO:Epoch 159, Training loss 108375.267578125, Validation loss 108531.986328125
2022-03-03 13:02:14,346:INFO:Epoch 160, Training loss 108372.634765625, Validation loss 108530.39453125
2022-03-03 13:02:16,602:INFO:Epoch 161, Training loss 108374.494140625, Validation loss 108525.552734375
2022-03-03 13:02:18,854:INFO:Epoch 162, Training loss 108369.115234375, Validation loss 108534.71875
2022-03-03 13:02:21,054:INFO:Epoch 163, Training loss 108372.611328125, Validation loss 108528.04296875
2022-03-03 13:02:23,312:INFO:Epoch 164, Training loss 108372.4140625, Validation loss 108526.654296875
2022-03-03 13:02:25,511:INFO:Epoch 165, Training loss 108370.439453125, Validation loss 108530.572265625
2022-03-03 13:02:27,811:INFO:Epoch 166, Training loss 108371.86328125, Validation loss 108528.28515625
2022-03-03 13:02:30,018:INFO:Epoch 167, Training loss 108371.037109375, Validation loss 108531.4609375
2022-03-03 13:02:32,270:INFO:Epoch 168, Training loss 108375.546875, Validation loss 108528.078125
2022-03-03 13:02:34,495:INFO:Epoch 169, Training loss 108369.755859375, Validation loss 108530.2421875
2022-03-03 13:02:36,798:INFO:Epoch 170, Training loss 108370.32421875, Validation loss 108529.701171875
2022-03-03 13:02:39,017:INFO:Epoch 171, Training loss 108368.912109375, Validation loss 108529.560546875
2022-03-03 13:02:41,263:INFO:Epoch 172, Training loss 108368.474609375, Validation loss 108530.416015625
2022-03-03 13:02:43,494:INFO:Epoch 173, Training loss 108370.181640625, Validation loss 108528.22265625
2022-03-03 13:02:45,768:INFO:Epoch 174, Training loss 108369.326171875, Validation loss 108528.3359375
2022-03-03 13:02:48,004:INFO:Epoch 175, Training loss 108368.36328125, Validation loss 108530.017578125
2022-03-03 13:02:50,225:INFO:Epoch 176, Training loss 108371.755859375, Validation loss 108534.234375
2022-03-03 13:02:52,463:INFO:Epoch 177, Training loss 108371.77734375, Validation loss 108533.80859375
2022-03-03 13:02:54,730:INFO:Epoch 178, Training loss 108369.7890625, Validation loss 108527.76171875
2022-03-03 13:02:56,973:INFO:Epoch 179, Training loss 108372.07421875, Validation loss 108533.0625
2022-03-03 13:02:56,980:INFO:Finished training
