2022-03-03 12:56:09,370:INFO:All directories created, ready to load the data
2022-03-03 12:56:09,418:INFO:Dataset loaded from /data/theorie/jthoeve/training_data/zh/features_mzh_y_ptz_v2/lin/cHW/events_26.pkl.gz
2022-03-03 12:56:09,444:INFO:Dataset loaded from /data/theorie/jthoeve/training_data/zh/features_mzh_y_ptz_v2/sm/events_26.pkl.gz
2022-03-03 12:56:11,791:INFO:Epoch 1, Training loss 126013.97265625, Validation loss 122712.125
2022-03-03 12:56:14,189:INFO:Epoch 2, Training loss 120884.86328125, Validation loss 118425.267578125
2022-03-03 12:56:16,511:INFO:Epoch 3, Training loss 117111.26953125, Validation loss 115379.640625
2022-03-03 12:56:18,856:INFO:Epoch 4, Training loss 114370.1484375, Validation loss 113021.58984375
2022-03-03 12:56:21,192:INFO:Epoch 5, Training loss 112185.578125, Validation loss 111104.58203125
2022-03-03 12:56:23,576:INFO:Epoch 6, Training loss 110473.328125, Validation loss 109807.896484375
2022-03-03 12:56:25,906:INFO:Epoch 7, Training loss 109496.544921875, Validation loss 109316.12109375
2022-03-03 12:56:28,234:INFO:Epoch 8, Training loss 109256.625, Validation loss 109371.34765625
2022-03-03 12:56:30,576:INFO:Epoch 9, Training loss 109351.79296875, Validation loss 109442.197265625
2022-03-03 12:56:32,947:INFO:Epoch 10, Training loss 109351.287109375, Validation loss 109347.603515625
2022-03-03 12:56:35,297:INFO:Epoch 11, Training loss 109233.0, Validation loss 109225.12890625
2022-03-03 12:56:37,607:INFO:Epoch 12, Training loss 109133.0703125, Validation loss 109163.38671875
2022-03-03 12:56:39,960:INFO:Epoch 13, Training loss 109091.08203125, Validation loss 109140.48828125
2022-03-03 12:56:42,318:INFO:Epoch 14, Training loss 109067.3515625, Validation loss 109114.51171875
2022-03-03 12:56:44,673:INFO:Epoch 15, Training loss 109036.552734375, Validation loss 109083.822265625
2022-03-03 12:56:46,974:INFO:Epoch 16, Training loss 109003.29296875, Validation loss 109055.953125
2022-03-03 12:56:49,329:INFO:Epoch 17, Training loss 108973.822265625, Validation loss 109029.34375
2022-03-03 12:56:51,628:INFO:Epoch 18, Training loss 108944.27734375, Validation loss 108998.87109375
2022-03-03 12:56:54,030:INFO:Epoch 19, Training loss 108912.451171875, Validation loss 108968.73046875
2022-03-03 12:56:56,339:INFO:Epoch 20, Training loss 108880.658203125, Validation loss 108937.650390625
2022-03-03 12:56:58,700:INFO:Epoch 21, Training loss 108846.51171875, Validation loss 108903.783203125
2022-03-03 12:57:01,021:INFO:Epoch 22, Training loss 108810.93359375, Validation loss 108869.267578125
2022-03-03 12:57:03,421:INFO:Epoch 23, Training loss 108773.6484375, Validation loss 108833.66796875
2022-03-03 12:57:05,739:INFO:Epoch 24, Training loss 108733.11328125, Validation loss 108796.458984375
2022-03-03 12:57:08,073:INFO:Epoch 25, Training loss 108691.86328125, Validation loss 108756.091796875
2022-03-03 12:57:10,406:INFO:Epoch 26, Training loss 108648.173828125, Validation loss 108714.35546875
2022-03-03 12:57:12,794:INFO:Epoch 27, Training loss 108602.609375, Validation loss 108673.708984375
2022-03-03 12:57:15,119:INFO:Epoch 28, Training loss 108558.509765625, Validation loss 108632.69140625
2022-03-03 12:57:17,441:INFO:Epoch 29, Training loss 108514.796875, Validation loss 108595.96484375
2022-03-03 12:57:19,783:INFO:Epoch 30, Training loss 108474.8671875, Validation loss 108566.470703125
2022-03-03 12:57:22,153:INFO:Epoch 31, Training loss 108443.78125, Validation loss 108544.208984375
2022-03-03 12:57:24,493:INFO:Epoch 32, Training loss 108423.826171875, Validation loss 108536.3046875
2022-03-03 12:57:26,803:INFO:Epoch 33, Training loss 108410.998046875, Validation loss 108531.263671875
2022-03-03 12:57:29,153:INFO:Epoch 34, Training loss 108402.36328125, Validation loss 108530.28515625
2022-03-03 12:57:31,508:INFO:Epoch 35, Training loss 108397.322265625, Validation loss 108525.5
2022-03-03 12:57:33,866:INFO:Epoch 36, Training loss 108394.31640625, Validation loss 108519.1796875
2022-03-03 12:57:36,167:INFO:Epoch 37, Training loss 108391.890625, Validation loss 108516.59375
2022-03-03 12:57:38,529:INFO:Epoch 38, Training loss 108390.49609375, Validation loss 108516.33984375
2022-03-03 12:57:40,835:INFO:Epoch 39, Training loss 108388.0078125, Validation loss 108517.74609375
2022-03-03 12:57:43,236:INFO:Epoch 40, Training loss 108388.150390625, Validation loss 108516.65625
2022-03-03 12:57:45,550:INFO:Epoch 41, Training loss 108385.166015625, Validation loss 108515.35546875
2022-03-03 12:57:47,903:INFO:Epoch 42, Training loss 108383.580078125, Validation loss 108514.41015625
2022-03-03 12:57:50,226:INFO:Epoch 43, Training loss 108382.513671875, Validation loss 108513.44921875
2022-03-03 12:57:52,627:INFO:Epoch 44, Training loss 108381.326171875, Validation loss 108513.123046875
2022-03-03 12:57:54,960:INFO:Epoch 45, Training loss 108380.126953125, Validation loss 108514.548828125
2022-03-03 12:57:57,295:INFO:Epoch 46, Training loss 108378.640625, Validation loss 108514.59765625
2022-03-03 12:57:59,629:INFO:Epoch 47, Training loss 108378.197265625, Validation loss 108514.291015625
2022-03-03 12:58:02,014:INFO:Epoch 48, Training loss 108379.455078125, Validation loss 108514.015625
2022-03-03 12:58:04,343:INFO:Epoch 49, Training loss 108377.384765625, Validation loss 108513.251953125
2022-03-03 12:58:06,675:INFO:Epoch 50, Training loss 108375.7734375, Validation loss 108514.322265625
2022-03-03 12:58:09,014:INFO:Epoch 51, Training loss 108374.693359375, Validation loss 108515.552734375
2022-03-03 12:58:11,384:INFO:Epoch 52, Training loss 108374.09765625, Validation loss 108514.50390625
2022-03-03 12:58:13,720:INFO:Epoch 53, Training loss 108373.40625, Validation loss 108514.435546875
2022-03-03 12:58:16,052:INFO:Epoch 54, Training loss 108373.458984375, Validation loss 108513.578125
2022-03-03 12:58:18,406:INFO:Epoch 55, Training loss 108373.015625, Validation loss 108514.2421875
2022-03-03 12:58:20,775:INFO:Epoch 56, Training loss 108372.3203125, Validation loss 108514.435546875
2022-03-03 12:58:23,125:INFO:Epoch 57, Training loss 108371.333984375, Validation loss 108513.388671875
2022-03-03 12:58:25,425:INFO:Epoch 58, Training loss 108372.669921875, Validation loss 108516.265625
2022-03-03 12:58:27,796:INFO:Epoch 59, Training loss 108372.095703125, Validation loss 108515.173828125
2022-03-03 12:58:30,113:INFO:Epoch 60, Training loss 108372.853515625, Validation loss 108516.01953125
2022-03-03 12:58:32,520:INFO:Epoch 61, Training loss 108369.78515625, Validation loss 108514.201171875
2022-03-03 12:58:34,835:INFO:Epoch 62, Training loss 108368.80859375, Validation loss 108513.7578125
2022-03-03 12:58:37,196:INFO:Epoch 63, Training loss 108370.04296875, Validation loss 108513.103515625
2022-03-03 12:58:39,527:INFO:Epoch 64, Training loss 108367.3046875, Validation loss 108514.62109375
2022-03-03 12:58:41,928:INFO:Epoch 65, Training loss 108367.783203125, Validation loss 108514.921875
2022-03-03 12:58:44,252:INFO:Epoch 66, Training loss 108367.205078125, Validation loss 108513.833984375
2022-03-03 12:58:46,595:INFO:Epoch 67, Training loss 108366.248046875, Validation loss 108513.716796875
2022-03-03 12:58:48,929:INFO:Epoch 68, Training loss 108367.58984375, Validation loss 108513.048828125
2022-03-03 12:58:51,315:INFO:Epoch 69, Training loss 108366.474609375, Validation loss 108515.236328125
2022-03-03 12:58:53,649:INFO:Epoch 70, Training loss 108366.333984375, Validation loss 108514.64453125
2022-03-03 12:58:55,974:INFO:Epoch 71, Training loss 108364.77734375, Validation loss 108514.794921875
2022-03-03 12:58:58,296:INFO:Epoch 72, Training loss 108364.66796875, Validation loss 108513.2265625
2022-03-03 12:59:00,672:INFO:Epoch 73, Training loss 108364.634765625, Validation loss 108514.455078125
2022-03-03 12:59:03,010:INFO:Epoch 74, Training loss 108364.396484375, Validation loss 108513.251953125
2022-03-03 12:59:05,332:INFO:Epoch 75, Training loss 108363.39453125, Validation loss 108515.666015625
2022-03-03 12:59:07,679:INFO:Epoch 76, Training loss 108363.0234375, Validation loss 108514.15234375
2022-03-03 12:59:10,039:INFO:Epoch 77, Training loss 108362.328125, Validation loss 108515.0
2022-03-03 12:59:12,403:INFO:Epoch 78, Training loss 108363.86328125, Validation loss 108515.431640625
2022-03-03 12:59:14,713:INFO:Epoch 79, Training loss 108361.556640625, Validation loss 108516.125
2022-03-03 12:59:17,082:INFO:Epoch 80, Training loss 108363.568359375, Validation loss 108516.13671875
2022-03-03 12:59:19,407:INFO:Epoch 81, Training loss 108361.17578125, Validation loss 108515.8515625
2022-03-03 12:59:21,818:INFO:Epoch 82, Training loss 108361.40234375, Validation loss 108515.306640625
2022-03-03 12:59:24,140:INFO:Epoch 83, Training loss 108360.146484375, Validation loss 108516.365234375
2022-03-03 12:59:26,506:INFO:Epoch 84, Training loss 108360.541015625, Validation loss 108516.701171875
2022-03-03 12:59:28,819:INFO:Epoch 85, Training loss 108360.705078125, Validation loss 108516.072265625
2022-03-03 12:59:31,212:INFO:Epoch 86, Training loss 108360.384765625, Validation loss 108517.583984375
2022-03-03 12:59:33,539:INFO:Epoch 87, Training loss 108361.966796875, Validation loss 108515.798828125
2022-03-03 12:59:35,869:INFO:Epoch 88, Training loss 108359.404296875, Validation loss 108518.0078125
2022-03-03 12:59:38,203:INFO:Epoch 89, Training loss 108360.337890625, Validation loss 108517.353515625
2022-03-03 12:59:40,582:INFO:Epoch 90, Training loss 108358.57421875, Validation loss 108516.94140625
2022-03-03 12:59:42,915:INFO:Epoch 91, Training loss 108358.2421875, Validation loss 108516.75390625
2022-03-03 12:59:45,240:INFO:Epoch 92, Training loss 108359.1328125, Validation loss 108517.697265625
2022-03-03 12:59:47,577:INFO:Epoch 93, Training loss 108358.689453125, Validation loss 108518.86328125
2022-03-03 12:59:49,961:INFO:Epoch 94, Training loss 108358.3984375, Validation loss 108517.185546875
2022-03-03 12:59:52,307:INFO:Epoch 95, Training loss 108357.37890625, Validation loss 108516.453125
2022-03-03 12:59:54,605:INFO:Epoch 96, Training loss 108357.869140625, Validation loss 108517.416015625
2022-03-03 12:59:56,954:INFO:Epoch 97, Training loss 108357.11328125, Validation loss 108517.900390625
2022-03-03 12:59:59,311:INFO:Epoch 98, Training loss 108357.283203125, Validation loss 108518.2890625
2022-03-03 13:00:01,657:INFO:Epoch 99, Training loss 108355.96875, Validation loss 108518.591796875
2022-03-03 13:00:03,968:INFO:Epoch 100, Training loss 108355.392578125, Validation loss 108519.3828125
2022-03-03 13:00:06,328:INFO:Epoch 101, Training loss 108357.248046875, Validation loss 108518.216796875
2022-03-03 13:00:08,636:INFO:Epoch 102, Training loss 108356.234375, Validation loss 108517.033203125
2022-03-03 13:00:11,037:INFO:Epoch 103, Training loss 108358.6875, Validation loss 108521.169921875
2022-03-03 13:00:13,345:INFO:Epoch 104, Training loss 108355.1328125, Validation loss 108517.201171875
2022-03-03 13:00:15,700:INFO:Epoch 105, Training loss 108355.822265625, Validation loss 108517.95703125
2022-03-03 13:00:18,013:INFO:Epoch 106, Training loss 108354.466796875, Validation loss 108520.529296875
2022-03-03 13:00:20,403:INFO:Epoch 107, Training loss 108355.8515625, Validation loss 108522.412109375
2022-03-03 13:00:22,727:INFO:Epoch 108, Training loss 108359.2734375, Validation loss 108519.041015625
2022-03-03 13:00:25,057:INFO:Epoch 109, Training loss 108353.40625, Validation loss 108520.28125
2022-03-03 13:00:27,386:INFO:Epoch 110, Training loss 108356.66015625, Validation loss 108519.810546875
2022-03-03 13:00:29,773:INFO:Epoch 111, Training loss 108353.18359375, Validation loss 108517.8984375
2022-03-03 13:00:32,110:INFO:Epoch 112, Training loss 108354.1640625, Validation loss 108518.208984375
2022-03-03 13:00:34,430:INFO:Epoch 113, Training loss 108352.4375, Validation loss 108518.79296875
2022-03-03 13:00:36,762:INFO:Epoch 114, Training loss 108353.412109375, Validation loss 108518.69921875
2022-03-03 13:00:39,116:INFO:Epoch 115, Training loss 108352.2890625, Validation loss 108521.3671875
2022-03-03 13:00:41,349:INFO:Epoch 116, Training loss 108352.32421875, Validation loss 108519.087890625
2022-03-03 13:00:43,545:INFO:Epoch 117, Training loss 108352.08984375, Validation loss 108518.193359375
2022-03-03 13:00:45,781:INFO:Epoch 118, Training loss 108351.04296875, Validation loss 108519.419921875
2022-03-03 13:00:45,787:INFO:Finished training
