2.080597851562500000e+05
2.080597851562500000e+05
2.080597851562500000e+05
2.080597851562500000e+05
2.080597851562500000e+05
2.080597851562500000e+05
2.080597851562500000e+05
2.080597851562500000e+05
2.080597851562500000e+05
2.080597851562500000e+05
2.080597851562500000e+05
1.283589921875000000e+05
1.216462890625000000e+05
1.161371484375000000e+05
1.116200605468750000e+05
1.094412617187500000e+05
1.097471738281250000e+05
1.097063847656250000e+05
1.092698164062500000e+05
1.091682558593750000e+05
1.091993417968750000e+05
1.091423574218750000e+05
1.090981484375000000e+05
1.090903925781250000e+05
1.090839687500000000e+05
1.090691230468750000e+05
1.090585449218750000e+05
1.090494824218750000e+05
1.090401464843750000e+05
1.090307832031250000e+05
1.090214082031250000e+05
1.090123085937500000e+05
1.090042167968750000e+05
1.089971464843750000e+05
1.089892792968750000e+05
1.089828554687500000e+05
1.089759453125000000e+05
1.089699765625000000e+05
1.089653476562500000e+05
1.089599960937500000e+05
1.089564199218750000e+05
1.089524804687500000e+05
1.089495859375000000e+05
1.089477070312500000e+05
1.089448203125000000e+05
1.089427910156250000e+05
1.089413300781250000e+05
1.089400781250000000e+05
1.089389570312500000e+05
1.089375019531250000e+05
1.089364042968750000e+05
1.089354316406250000e+05
1.089345019531250000e+05
1.089344824218750000e+05
1.089332578125000000e+05
1.089323730468750000e+05
1.089318378906250000e+05
1.089310800781250000e+05
1.089307207031250000e+05
1.089299746093750000e+05
1.089293125000000000e+05
1.089289199218750000e+05
1.089288242187500000e+05
1.089280546875000000e+05
1.089277285156250000e+05
1.089273828125000000e+05
1.089266816406250000e+05
1.089266132812500000e+05
1.089261523437500000e+05
1.089257988281250000e+05
1.089256132812500000e+05
1.089256914062500000e+05
1.089249140625000000e+05
1.089260312500000000e+05
1.089249453125000000e+05
1.089245234375000000e+05
1.089259355468750000e+05
1.089239335937500000e+05
1.089238964843750000e+05
1.089237421875000000e+05
1.089239804687500000e+05
1.089233671875000000e+05
1.089235996093750000e+05
1.089233593750000000e+05
1.089227656250000000e+05
1.089228437500000000e+05
1.089223867187500000e+05
1.089228066406250000e+05
1.089220820312500000e+05
1.089226484375000000e+05
1.089220761718750000e+05
1.089214335937500000e+05
1.089220761718750000e+05
1.089218730468750000e+05
1.089214179687500000e+05
1.089210625000000000e+05
1.089212753906250000e+05
1.089214238281250000e+05
1.089216660156250000e+05
1.089206875000000000e+05
1.089210000000000000e+05
1.089207011718750000e+05
1.089206562500000000e+05
1.089206640625000000e+05
1.089199726562500000e+05
1.089200761718750000e+05
1.089197050781250000e+05
1.089211035156250000e+05
1.089193789062500000e+05
1.089199648437500000e+05
1.089197070312500000e+05
1.089200683593750000e+05
1.089188632812500000e+05
1.089208730468750000e+05
1.089209921875000000e+05
1.089187363281250000e+05
1.089188105468750000e+05
1.089185312500000000e+05
1.089181953125000000e+05
1.089183867187500000e+05
1.089185957031250000e+05
1.089184550781250000e+05
1.089188613281250000e+05
1.089178535156250000e+05
1.089196835937500000e+05
1.089193066406250000e+05
1.089180976562500000e+05
1.089179941406250000e+05
1.089183046875000000e+05
1.089174042968750000e+05
1.089191230468750000e+05
1.089167207031250000e+05
1.089184179687500000e+05
1.089170351562500000e+05
1.089176503906250000e+05
1.089175742187500000e+05
1.089171113281250000e+05
1.089167910156250000e+05
1.089171386718750000e+05
1.089176875000000000e+05
1.089170078125000000e+05
1.089165898437500000e+05
1.089167832031250000e+05
1.089161386718750000e+05
1.089163398437500000e+05
1.089157578125000000e+05
1.089157910156250000e+05
1.089157050781250000e+05
1.089154042968750000e+05
1.089163593750000000e+05
1.089168437500000000e+05
1.089169687500000000e+05
1.089155546875000000e+05
1.089153925781250000e+05
1.089161855468750000e+05
1.089150527343750000e+05
1.089150839843750000e+05
1.089156171875000000e+05
1.089156464843750000e+05
1.089150703125000000e+05
