2022-01-24 14:09:39,110:INFO:All directories created, ready to load the data
2022-01-24 14:09:39,195:INFO:Dataset loaded from /data/theorie/jthoeve/event_generation/events_high_stats/pT/lin/cHq3/events_20.npy
2022-01-24 14:09:39,200:INFO:Dataset loaded from /data/theorie/jthoeve/event_generation/events_high_stats/pT/sm/events_20.npy
2022-01-24 14:09:41,576:INFO:Epoch 1, Training loss 84674.736328125, Validation loss 84674.736328125
2022-01-24 14:09:43,948:INFO:Epoch 2, Training loss 84674.736328125, Validation loss 84674.736328125
2022-01-24 14:09:46,300:INFO:Epoch 3, Training loss 84674.736328125, Validation loss 84674.736328125
2022-01-24 14:09:48,688:INFO:Epoch 4, Training loss 84674.736328125, Validation loss 84674.736328125
2022-01-24 14:09:51,045:INFO:Epoch 5, Training loss 84674.736328125, Validation loss 84674.736328125
2022-01-24 14:09:53,408:INFO:Epoch 6, Training loss 84674.736328125, Validation loss 84674.736328125
2022-01-24 14:09:55,782:INFO:Epoch 7, Training loss 84674.736328125, Validation loss 84674.736328125
2022-01-24 14:09:58,167:INFO:Epoch 8, Training loss 84674.736328125, Validation loss 84674.736328125
2022-01-24 14:10:00,551:INFO:Epoch 9, Training loss 84674.736328125, Validation loss 84674.736328125
2022-01-24 14:10:02,900:INFO:Epoch 10, Training loss 84674.736328125, Validation loss 84674.736328125
2022-01-24 14:10:05,280:INFO:Epoch 11, Training loss 84674.736328125, Validation loss 84674.736328125
2022-01-24 14:10:05,284:INFO:Detected stagant training, reset the weights
2022-01-24 14:10:07,657:INFO:Epoch 12, Training loss 73916.6142578125, Validation loss 73798.7802734375
2022-01-24 14:10:10,044:INFO:Epoch 13, Training loss 73843.33984375, Validation loss 73837.443359375
2022-01-24 14:10:12,385:INFO:Epoch 14, Training loss 73794.0595703125, Validation loss 73780.841796875
2022-01-24 14:10:14,770:INFO:Epoch 15, Training loss 73787.904296875, Validation loss 73797.5654296875
2022-01-24 14:10:17,116:INFO:Epoch 16, Training loss 73778.2392578125, Validation loss 73774.6923828125
2022-01-24 14:10:19,534:INFO:Epoch 17, Training loss 73770.986328125, Validation loss 73781.3818359375
2022-01-24 14:10:21,883:INFO:Epoch 18, Training loss 73771.5419921875, Validation loss 73773.349609375
2022-01-24 14:10:24,266:INFO:Epoch 19, Training loss 73766.533203125, Validation loss 73774.4921875
2022-01-24 14:10:26,619:INFO:Epoch 20, Training loss 73767.7041015625, Validation loss 73772.5556640625
2022-01-24 14:10:29,020:INFO:Epoch 21, Training loss 73765.380859375, Validation loss 73772.23828125
2022-01-24 14:10:31,380:INFO:Epoch 22, Training loss 73765.6494140625, Validation loss 73772.041015625
2022-01-24 14:10:33,750:INFO:Epoch 23, Training loss 73764.5048828125, Validation loss 73771.9599609375
2022-01-24 14:10:36,117:INFO:Epoch 24, Training loss 73764.3359375, Validation loss 73772.140625
2022-01-24 14:10:38,521:INFO:Epoch 25, Training loss 73763.8916015625, Validation loss 73772.0380859375
2022-01-24 14:10:40,891:INFO:Epoch 26, Training loss 73763.634765625, Validation loss 73772.150390625
2022-01-24 14:10:43,254:INFO:Epoch 27, Training loss 73763.5087890625, Validation loss 73772.1376953125
2022-01-24 14:10:45,634:INFO:Epoch 28, Training loss 73763.0107421875, Validation loss 73772.455078125
2022-01-24 14:10:48,020:INFO:Epoch 29, Training loss 73762.6806640625, Validation loss 73772.6142578125
2022-01-24 14:10:50,403:INFO:Epoch 30, Training loss 73762.6669921875, Validation loss 73772.7724609375
2022-01-24 14:10:52,761:INFO:Epoch 31, Training loss 73762.197265625, Validation loss 73772.5146484375
2022-01-24 14:10:55,144:INFO:Epoch 32, Training loss 73761.7509765625, Validation loss 73772.583984375
2022-01-24 14:10:57,522:INFO:Epoch 33, Training loss 73761.32421875, Validation loss 73772.818359375
2022-01-24 14:10:59,905:INFO:Epoch 34, Training loss 73761.1015625, Validation loss 73773.119140625
2022-01-24 14:11:02,253:INFO:Epoch 35, Training loss 73760.818359375, Validation loss 73773.259765625
2022-01-24 14:11:04,661:INFO:Epoch 36, Training loss 73760.3955078125, Validation loss 73773.3671875
2022-01-24 14:11:07,020:INFO:Epoch 37, Training loss 73760.0791015625, Validation loss 73773.505859375
2022-01-24 14:11:09,436:INFO:Epoch 38, Training loss 73759.822265625, Validation loss 73773.7529296875
2022-01-24 14:11:11,786:INFO:Epoch 39, Training loss 73759.4775390625, Validation loss 73773.5595703125
2022-01-24 14:11:14,169:INFO:Epoch 40, Training loss 73758.9130859375, Validation loss 73773.9697265625
2022-01-24 14:11:16,528:INFO:Epoch 41, Training loss 73758.59765625, Validation loss 73773.978515625
2022-01-24 14:11:18,936:INFO:Epoch 42, Training loss 73758.8720703125, Validation loss 73775.0283203125
2022-01-24 14:11:21,296:INFO:Epoch 43, Training loss 73757.8564453125, Validation loss 73774.482421875
2022-01-24 14:11:23,678:INFO:Epoch 44, Training loss 73757.57421875, Validation loss 73774.595703125
2022-01-24 14:11:26,043:INFO:Epoch 45, Training loss 73756.7822265625, Validation loss 73775.279296875
2022-01-24 14:11:28,445:INFO:Epoch 46, Training loss 73756.91796875, Validation loss 73775.892578125
2022-01-24 14:11:30,821:INFO:Epoch 47, Training loss 73756.353515625, Validation loss 73776.52734375
2022-01-24 14:11:33,185:INFO:Epoch 48, Training loss 73755.994140625, Validation loss 73776.4599609375
2022-01-24 14:11:35,569:INFO:Epoch 49, Training loss 73755.2890625, Validation loss 73776.9697265625
2022-01-24 14:11:37,963:INFO:Epoch 50, Training loss 73754.8115234375, Validation loss 73777.3935546875
2022-01-24 14:11:40,353:INFO:Epoch 51, Training loss 73754.275390625, Validation loss 73777.6533203125
2022-01-24 14:11:42,725:INFO:Epoch 52, Training loss 73753.6787109375, Validation loss 73777.72265625
2022-01-24 14:11:45,121:INFO:Epoch 53, Training loss 73753.80078125, Validation loss 73778.740234375
2022-01-24 14:11:47,508:INFO:Epoch 54, Training loss 73753.2412109375, Validation loss 73778.61328125
2022-01-24 14:11:49,905:INFO:Epoch 55, Training loss 73752.3369140625, Validation loss 73779.541015625
2022-01-24 14:11:52,267:INFO:Epoch 56, Training loss 73752.376953125, Validation loss 73779.8525390625
2022-01-24 14:11:54,655:INFO:Epoch 57, Training loss 73751.4248046875, Validation loss 73779.7197265625
2022-01-24 14:11:56,996:INFO:Epoch 58, Training loss 73750.595703125, Validation loss 73780.5126953125
2022-01-24 14:11:59,410:INFO:Epoch 59, Training loss 73750.845703125, Validation loss 73781.8896484375
2022-01-24 14:12:01,773:INFO:Epoch 60, Training loss 73749.72265625, Validation loss 73782.2041015625
2022-01-24 14:12:04,150:INFO:Epoch 61, Training loss 73749.7421875, Validation loss 73782.28125
2022-01-24 14:12:06,500:INFO:Epoch 62, Training loss 73750.0478515625, Validation loss 73783.22265625
2022-01-24 14:12:08,903:INFO:Epoch 63, Training loss 73747.9111328125, Validation loss 73783.513671875
2022-01-24 14:12:11,262:INFO:Epoch 64, Training loss 73748.4814453125, Validation loss 73785.0107421875
2022-01-24 14:12:13,629:INFO:Epoch 65, Training loss 73747.9296875, Validation loss 73785.0126953125
2022-01-24 14:12:15,991:INFO:Epoch 66, Training loss 73746.7080078125, Validation loss 73785.3515625
2022-01-24 14:12:18,378:INFO:Epoch 67, Training loss 73746.080078125, Validation loss 73786.578125
2022-01-24 14:12:20,754:INFO:Epoch 68, Training loss 73745.0556640625, Validation loss 73786.83984375
2022-01-24 14:12:23,104:INFO:Epoch 69, Training loss 73744.05859375, Validation loss 73788.00390625
2022-01-24 14:12:25,485:INFO:Epoch 70, Training loss 73744.6064453125, Validation loss 73787.9755859375
2022-01-24 14:12:27,871:INFO:Epoch 71, Training loss 73742.380859375, Validation loss 73789.716796875
2022-01-24 14:12:30,238:INFO:Epoch 72, Training loss 73742.2119140625, Validation loss 73790.6875
2022-01-24 14:12:32,589:INFO:Epoch 73, Training loss 73741.8876953125, Validation loss 73792.6357421875
2022-01-24 14:12:32,616:INFO:Finished training
