1.900549492187500000e+05
1.558736191406250000e+05
1.363980253906250000e+05
1.244991503906250000e+05
1.171922421875000000e+05
1.128654238281250000e+05
1.104996718750000000e+05
1.096028828125000000e+05
1.095561230468750000e+05
1.096240351562500000e+05
1.095263886718750000e+05
1.093915703125000000e+05
1.093335312500000000e+05
1.093196835937500000e+05
1.092875898437500000e+05
1.092489472656250000e+05
1.092194746093750000e+05
1.091910644531250000e+05
1.091598535156250000e+05
1.091256484375000000e+05
1.090912187500000000e+05
1.090536523437500000e+05
1.090146855468750000e+05
1.089730019531250000e+05
1.089307597656250000e+05
1.088832597656250000e+05
1.088356269531250000e+05
1.087876621093750000e+05
1.087404238281250000e+05
1.086943144531250000e+05
1.086522675781250000e+05
1.086119238281250000e+05
1.085772246093750000e+05
1.085503691406250000e+05
1.085275644531250000e+05
1.085127734375000000e+05
1.084983593750000000e+05
1.084896464843750000e+05
1.084842441406250000e+05
1.084776464843750000e+05
1.084748613281250000e+05
1.084713125000000000e+05
1.084673808593750000e+05
1.084652636718750000e+05
1.084627753906250000e+05
1.084615703125000000e+05
1.084588144531250000e+05
1.084616269531250000e+05
1.084561425781250000e+05
1.084554257812500000e+05
1.084530527343750000e+05
1.084509804687500000e+05
1.084499023437500000e+05
1.084486347656250000e+05
1.084468554687500000e+05
1.084492519531250000e+05
1.084462578125000000e+05
1.084444726562500000e+05
1.084420234375000000e+05
1.084416328125000000e+05
1.084395566406250000e+05
1.084388632812500000e+05
1.084374257812500000e+05
1.084371308593750000e+05
1.084355390625000000e+05
1.084342402343750000e+05
1.084335019531250000e+05
1.084328281250000000e+05
1.084323398437500000e+05
1.084326660156250000e+05
1.084311484375000000e+05
1.084305976562500000e+05
1.084297441406250000e+05
1.084282558593750000e+05
1.084279199218750000e+05
1.084273378906250000e+05
1.084288925781250000e+05
1.084274414062500000e+05
1.084275273437500000e+05
1.084257011718750000e+05
1.084243613281250000e+05
1.084244101562500000e+05
1.084252226562500000e+05
1.084225351562500000e+05
1.084236191406250000e+05
1.084216328125000000e+05
1.084207382812500000e+05
1.084211816406250000e+05
1.084211796875000000e+05
1.084200371093750000e+05
1.084201972656250000e+05
1.084176347656250000e+05
1.084180625000000000e+05
1.084185078125000000e+05
1.084176796875000000e+05
1.084179648437500000e+05
1.084165820312500000e+05
1.084171718750000000e+05
1.084161015625000000e+05
1.084157148437500000e+05
1.084143886718750000e+05
1.084134648437500000e+05
1.084135585937500000e+05
1.084132031250000000e+05
1.084127324218750000e+05
1.084127460937500000e+05
1.084118300781250000e+05
1.084120332031250000e+05
1.084129218750000000e+05
1.084113789062500000e+05
1.084103398437500000e+05
1.084113222656250000e+05
1.084099843750000000e+05
1.084101796875000000e+05
1.084095429687500000e+05
1.084092187500000000e+05
1.084099335937500000e+05
1.084082304687500000e+05
1.084076972656250000e+05
1.084094746093750000e+05
1.084072324218750000e+05
1.084103710937500000e+05
1.084106230468750000e+05
1.084084863281250000e+05
1.084061445312500000e+05
1.084076757812500000e+05
1.084103984375000000e+05
1.084069140625000000e+05
1.084076503906250000e+05
1.084071015625000000e+05
