2021-11-17 17:54:11,604:INFO:All directories created, ready to load the data
2021-11-17 17:54:11,669:INFO:Dataset loaded from /data/theorie/jthoeve/event_generation/events_high_stats/lin/cHW/events_3.npy
2021-11-17 17:54:11,695:INFO:Dataset loaded from /data/theorie/jthoeve/event_generation/events_high_stats/sm/events_3.npy
2021-11-17 17:54:15,100:INFO:Epoch 1, Training loss 207861.875, Validation loss 207134.28515625
2021-11-17 17:54:18,385:INFO:Epoch 2, Training loss 203307.46484375, Validation loss 187212.72265625
2021-11-17 17:54:21,655:INFO:Epoch 3, Training loss 171073.220703125, Validation loss 149604.611328125
2021-11-17 17:54:24,952:INFO:Epoch 4, Training loss 139654.130859375, Validation loss 127552.435546875
2021-11-17 17:54:28,199:INFO:Epoch 5, Training loss 122643.181640625, Validation loss 116743.01171875
2021-11-17 17:54:31,480:INFO:Epoch 6, Training loss 114353.119140625, Validation loss 111608.328125
2021-11-17 17:54:34,733:INFO:Epoch 7, Training loss 110667.865234375, Validation loss 109723.818359375
2021-11-17 17:54:38,027:INFO:Epoch 8, Training loss 109511.22265625, Validation loss 109395.66796875
2021-11-17 17:54:41,289:INFO:Epoch 9, Training loss 109430.919921875, Validation loss 109549.603515625
2021-11-17 17:54:44,568:INFO:Epoch 10, Training loss 109591.859375, Validation loss 109668.521484375
2021-11-17 17:54:47,834:INFO:Epoch 11, Training loss 109649.46484375, Validation loss 109636.890625
2021-11-17 17:54:51,120:INFO:Epoch 12, Training loss 109576.376953125, Validation loss 109518.220703125
2021-11-17 17:54:54,398:INFO:Epoch 13, Training loss 109452.62890625, Validation loss 109398.169921875
2021-11-17 17:54:57,652:INFO:Epoch 14, Training loss 109349.9296875, Validation loss 109321.638671875
2021-11-17 17:55:00,927:INFO:Epoch 15, Training loss 109293.828125, Validation loss 109290.95703125
2021-11-17 17:55:04,200:INFO:Epoch 16, Training loss 109275.931640625, Validation loss 109284.56640625
2021-11-17 17:55:07,494:INFO:Epoch 17, Training loss 109272.412109375, Validation loss 109280.1796875
2021-11-17 17:55:10,739:INFO:Epoch 18, Training loss 109265.712890625, Validation loss 109270.21484375
2021-11-17 17:55:14,025:INFO:Epoch 19, Training loss 109254.251953125, Validation loss 109257.609375
2021-11-17 17:55:17,264:INFO:Epoch 20, Training loss 109241.54296875, Validation loss 109246.642578125
2021-11-17 17:55:20,578:INFO:Epoch 21, Training loss 109231.404296875, Validation loss 109237.857421875
2021-11-17 17:55:23,831:INFO:Epoch 22, Training loss 109223.06640625, Validation loss 109230.11328125
2021-11-17 17:55:27,112:INFO:Epoch 23, Training loss 109215.046875, Validation loss 109222.388671875
2021-11-17 17:55:30,366:INFO:Epoch 24, Training loss 109207.212890625, Validation loss 109214.294921875
2021-11-17 17:55:33,675:INFO:Epoch 25, Training loss 109199.0546875, Validation loss 109206.169921875
2021-11-17 17:55:36,928:INFO:Epoch 26, Training loss 109191.05859375, Validation loss 109198.11328125
2021-11-17 17:55:40,200:INFO:Epoch 27, Training loss 109183.265625, Validation loss 109190.08984375
2021-11-17 17:55:43,487:INFO:Epoch 28, Training loss 109175.1328125, Validation loss 109182.326171875
2021-11-17 17:55:46,778:INFO:Epoch 29, Training loss 109167.34765625, Validation loss 109174.544921875
2021-11-17 17:55:50,043:INFO:Epoch 30, Training loss 109159.626953125, Validation loss 109166.701171875
2021-11-17 17:55:53,309:INFO:Epoch 31, Training loss 109151.603515625, Validation loss 109158.966796875
2021-11-17 17:55:56,580:INFO:Epoch 32, Training loss 109143.896484375, Validation loss 109151.0859375
2021-11-17 17:55:59,870:INFO:Epoch 33, Training loss 109135.859375, Validation loss 109143.20703125
2021-11-17 17:56:03,144:INFO:Epoch 34, Training loss 109127.935546875, Validation loss 109135.30078125
2021-11-17 17:56:06,399:INFO:Epoch 35, Training loss 109120.0, Validation loss 109127.41796875
2021-11-17 17:56:09,688:INFO:Epoch 36, Training loss 109112.048828125, Validation loss 109119.515625
2021-11-17 17:56:12,963:INFO:Epoch 37, Training loss 109104.423828125, Validation loss 109111.533203125
2021-11-17 17:56:16,237:INFO:Epoch 38, Training loss 109096.330078125, Validation loss 109103.73828125
2021-11-17 17:56:19,481:INFO:Epoch 39, Training loss 109088.7578125, Validation loss 109095.958984375
2021-11-17 17:56:22,764:INFO:Epoch 40, Training loss 109081.5234375, Validation loss 109088.111328125
2021-11-17 17:56:26,015:INFO:Epoch 41, Training loss 109073.931640625, Validation loss 109080.578125
2021-11-17 17:56:29,334:INFO:Epoch 42, Training loss 109066.3203125, Validation loss 109073.48046875
2021-11-17 17:56:32,577:INFO:Epoch 43, Training loss 109059.603515625, Validation loss 109066.212890625
2021-11-17 17:56:35,864:INFO:Epoch 44, Training loss 109052.67578125, Validation loss 109059.224609375
2021-11-17 17:56:39,138:INFO:Epoch 45, Training loss 109045.896484375, Validation loss 109052.470703125
2021-11-17 17:56:42,450:INFO:Epoch 46, Training loss 109039.275390625, Validation loss 109046.123046875
2021-11-17 17:56:45,713:INFO:Epoch 47, Training loss 109033.240234375, Validation loss 109039.833984375
2021-11-17 17:56:49,007:INFO:Epoch 48, Training loss 109027.279296875, Validation loss 109033.8203125
2021-11-17 17:56:52,295:INFO:Epoch 49, Training loss 109021.443359375, Validation loss 109028.17578125
2021-11-17 17:56:55,661:INFO:Epoch 50, Training loss 109015.921875, Validation loss 109022.984375
2021-11-17 17:56:58,997:INFO:Epoch 51, Training loss 109010.802734375, Validation loss 109017.802734375
2021-11-17 17:57:02,338:INFO:Epoch 52, Training loss 109005.865234375, Validation loss 109012.91015625
2021-11-17 17:57:05,680:INFO:Epoch 53, Training loss 109000.775390625, Validation loss 109008.359375
2021-11-17 17:57:09,043:INFO:Epoch 54, Training loss 108995.919921875, Validation loss 109003.943359375
2021-11-17 17:57:12,397:INFO:Epoch 55, Training loss 108991.650390625, Validation loss 108999.64453125
2021-11-17 17:57:15,728:INFO:Epoch 56, Training loss 108987.271484375, Validation loss 108995.46484375
2021-11-17 17:57:19,082:INFO:Epoch 57, Training loss 108982.89453125, Validation loss 108991.546875
2021-11-17 17:57:22,443:INFO:Epoch 58, Training loss 108978.890625, Validation loss 108987.587890625
2021-11-17 17:57:25,791:INFO:Epoch 59, Training loss 108974.451171875, Validation loss 108983.96875
2021-11-17 17:57:29,118:INFO:Epoch 60, Training loss 108970.607421875, Validation loss 108980.357421875
2021-11-17 17:57:32,490:INFO:Epoch 61, Training loss 108966.4765625, Validation loss 108976.81640625
2021-11-17 17:57:35,804:INFO:Epoch 62, Training loss 108962.46484375, Validation loss 108973.30859375
2021-11-17 17:57:39,213:INFO:Epoch 63, Training loss 108958.76953125, Validation loss 108969.865234375
2021-11-17 17:57:42,528:INFO:Epoch 64, Training loss 108954.919921875, Validation loss 108966.71875
2021-11-17 17:57:45,897:INFO:Epoch 65, Training loss 108951.0859375, Validation loss 108963.5625
2021-11-17 17:57:49,228:INFO:Epoch 66, Training loss 108947.646484375, Validation loss 108960.353515625
2021-11-17 17:57:52,622:INFO:Epoch 67, Training loss 108944.2578125, Validation loss 108957.27734375
2021-11-17 17:57:55,950:INFO:Epoch 68, Training loss 108941.0859375, Validation loss 108954.552734375
2021-11-17 17:57:59,298:INFO:Epoch 69, Training loss 108937.865234375, Validation loss 108951.908203125
2021-11-17 17:58:02,637:INFO:Epoch 70, Training loss 108934.962890625, Validation loss 108949.705078125
2021-11-17 17:58:06,016:INFO:Epoch 71, Training loss 108932.25390625, Validation loss 108947.267578125
2021-11-17 17:58:09,361:INFO:Epoch 72, Training loss 108929.14453125, Validation loss 108945.205078125
2021-11-17 17:58:12,699:INFO:Epoch 73, Training loss 108926.634765625, Validation loss 108943.48046875
2021-11-17 17:58:16,048:INFO:Epoch 74, Training loss 108924.021484375, Validation loss 108941.529296875
2021-11-17 17:58:19,411:INFO:Epoch 75, Training loss 108921.580078125, Validation loss 108939.822265625
2021-11-17 17:58:22,755:INFO:Epoch 76, Training loss 108919.65234375, Validation loss 108938.259765625
2021-11-17 17:58:26,100:INFO:Epoch 77, Training loss 108917.376953125, Validation loss 108936.763671875
2021-11-17 17:58:29,462:INFO:Epoch 78, Training loss 108915.5078125, Validation loss 108935.619140625
2021-11-17 17:58:32,812:INFO:Epoch 79, Training loss 108913.541015625, Validation loss 108934.34375
2021-11-17 17:58:36,175:INFO:Epoch 80, Training loss 108911.943359375, Validation loss 108933.1328125
2021-11-17 17:58:39,503:INFO:Epoch 81, Training loss 108910.373046875, Validation loss 108932.0859375
2021-11-17 17:58:42,854:INFO:Epoch 82, Training loss 108908.859375, Validation loss 108931.36328125
2021-11-17 17:58:46,154:INFO:Epoch 83, Training loss 108907.39453125, Validation loss 108930.33984375
2021-11-17 17:58:49,526:INFO:Epoch 84, Training loss 108906.08203125, Validation loss 108929.408203125
2021-11-17 17:58:52,828:INFO:Epoch 85, Training loss 108904.875, Validation loss 108928.5546875
2021-11-17 17:58:56,170:INFO:Epoch 86, Training loss 108903.580078125, Validation loss 108927.736328125
2021-11-17 17:58:59,483:INFO:Epoch 87, Training loss 108902.4921875, Validation loss 108927.203125
2021-11-17 17:59:02,850:INFO:Epoch 88, Training loss 108901.658203125, Validation loss 108926.5625
2021-11-17 17:59:06,163:INFO:Epoch 89, Training loss 108900.701171875, Validation loss 108926.333984375
2021-11-17 17:59:09,506:INFO:Epoch 90, Training loss 108899.716796875, Validation loss 108925.810546875
2021-11-17 17:59:12,828:INFO:Epoch 91, Training loss 108899.09375, Validation loss 108925.30078125
2021-11-17 17:59:16,190:INFO:Epoch 92, Training loss 108898.263671875, Validation loss 108924.86328125
2021-11-17 17:59:19,517:INFO:Epoch 93, Training loss 108897.630859375, Validation loss 108924.548828125
2021-11-17 17:59:22,841:INFO:Epoch 94, Training loss 108897.203125, Validation loss 108924.59375
2021-11-17 17:59:26,205:INFO:Epoch 95, Training loss 108896.490234375, Validation loss 108924.36328125
2021-11-17 17:59:29,577:INFO:Epoch 96, Training loss 108895.978515625, Validation loss 108924.232421875
2021-11-17 17:59:32,958:INFO:Epoch 97, Training loss 108895.521484375, Validation loss 108924.169921875
2021-11-17 17:59:36,279:INFO:Epoch 98, Training loss 108894.99609375, Validation loss 108923.8125
2021-11-17 17:59:39,642:INFO:Epoch 99, Training loss 108894.685546875, Validation loss 108923.435546875
2021-11-17 17:59:42,983:INFO:Epoch 100, Training loss 108894.185546875, Validation loss 108923.396484375
2021-11-17 17:59:46,323:INFO:Epoch 101, Training loss 108894.07421875, Validation loss 108923.640625
2021-11-17 17:59:49,636:INFO:Epoch 102, Training loss 108893.419921875, Validation loss 108923.265625
2021-11-17 17:59:52,988:INFO:Epoch 103, Training loss 108893.060546875, Validation loss 108922.90234375
2021-11-17 17:59:56,294:INFO:Epoch 104, Training loss 108892.787109375, Validation loss 108922.8046875
2021-11-17 17:59:59,672:INFO:Epoch 105, Training loss 108892.412109375, Validation loss 108922.591796875
2021-11-17 18:00:02,987:INFO:Epoch 106, Training loss 108892.333984375, Validation loss 108922.76171875
2021-11-17 18:00:06,331:INFO:Epoch 107, Training loss 108892.0, Validation loss 108922.650390625
2021-11-17 18:00:09,646:INFO:Epoch 108, Training loss 108891.623046875, Validation loss 108922.583984375
2021-11-17 18:00:13,028:INFO:Epoch 109, Training loss 108891.587890625, Validation loss 108922.44921875
2021-11-17 18:00:16,347:INFO:Epoch 110, Training loss 108891.171875, Validation loss 108922.337890625
2021-11-17 18:00:19,692:INFO:Epoch 111, Training loss 108891.08203125, Validation loss 108922.34765625
2021-11-17 18:00:23,023:INFO:Epoch 112, Training loss 108890.97265625, Validation loss 108922.1015625
2021-11-17 18:00:26,385:INFO:Epoch 113, Training loss 108890.685546875, Validation loss 108922.037109375
2021-11-17 18:00:29,708:INFO:Epoch 114, Training loss 108890.38671875, Validation loss 108921.779296875
2021-11-17 18:00:33,037:INFO:Epoch 115, Training loss 108890.25390625, Validation loss 108921.708984375
2021-11-17 18:00:36,371:INFO:Epoch 116, Training loss 108890.15234375, Validation loss 108921.78515625
2021-11-17 18:00:39,743:INFO:Epoch 117, Training loss 108889.845703125, Validation loss 108921.595703125
2021-11-17 18:00:43,083:INFO:Epoch 118, Training loss 108889.791015625, Validation loss 108921.3203125
2021-11-17 18:00:46,399:INFO:Epoch 119, Training loss 108889.712890625, Validation loss 108921.29296875
2021-11-17 18:00:49,744:INFO:Epoch 120, Training loss 108889.38671875, Validation loss 108920.998046875
2021-11-17 18:00:53,086:INFO:Epoch 121, Training loss 108889.1640625, Validation loss 108920.921875
2021-11-17 18:00:56,438:INFO:Epoch 122, Training loss 108888.8203125, Validation loss 108920.890625
2021-11-17 18:00:59,752:INFO:Epoch 123, Training loss 108888.615234375, Validation loss 108920.736328125
2021-11-17 18:01:03,114:INFO:Epoch 124, Training loss 108888.59375, Validation loss 108921.033203125
2021-11-17 18:01:06,421:INFO:Epoch 125, Training loss 108888.138671875, Validation loss 108920.6640625
2021-11-17 18:01:09,799:INFO:Epoch 126, Training loss 108887.826171875, Validation loss 108920.50390625
2021-11-17 18:01:13,115:INFO:Epoch 127, Training loss 108887.66796875, Validation loss 108920.17578125
2021-11-17 18:01:16,475:INFO:Epoch 128, Training loss 108887.501953125, Validation loss 108919.92578125
2021-11-17 18:01:19,790:INFO:Epoch 129, Training loss 108887.388671875, Validation loss 108919.908203125
2021-11-17 18:01:23,183:INFO:Epoch 130, Training loss 108887.3515625, Validation loss 108920.08984375
2021-11-17 18:01:26,510:INFO:Epoch 131, Training loss 108887.27734375, Validation loss 108920.4140625
2021-11-17 18:01:29,863:INFO:Epoch 132, Training loss 108886.939453125, Validation loss 108920.138671875
2021-11-17 18:01:33,197:INFO:Epoch 133, Training loss 108886.73046875, Validation loss 108919.810546875
2021-11-17 18:01:36,567:INFO:Epoch 134, Training loss 108886.708984375, Validation loss 108919.369140625
2021-11-17 18:01:39,921:INFO:Epoch 135, Training loss 108886.521484375, Validation loss 108919.373046875
2021-11-17 18:01:43,258:INFO:Epoch 136, Training loss 108886.568359375, Validation loss 108919.736328125
2021-11-17 18:01:46,607:INFO:Epoch 137, Training loss 108886.291015625, Validation loss 108919.89453125
2021-11-17 18:01:49,979:INFO:Epoch 138, Training loss 108886.169921875, Validation loss 108919.9140625
2021-11-17 18:01:53,321:INFO:Epoch 139, Training loss 108886.107421875, Validation loss 108919.392578125
2021-11-17 18:01:56,649:INFO:Epoch 140, Training loss 108885.814453125, Validation loss 108919.142578125
2021-11-17 18:02:00,006:INFO:Epoch 141, Training loss 108885.658203125, Validation loss 108919.18359375
2021-11-17 18:02:03,357:INFO:Epoch 142, Training loss 108885.6328125, Validation loss 108919.1328125
2021-11-17 18:02:06,703:INFO:Epoch 143, Training loss 108885.51171875, Validation loss 108919.201171875
2021-11-17 18:02:10,026:INFO:Epoch 144, Training loss 108885.34765625, Validation loss 108919.154296875
2021-11-17 18:02:13,382:INFO:Epoch 145, Training loss 108885.1875, Validation loss 108919.267578125
2021-11-17 18:02:16,695:INFO:Epoch 146, Training loss 108885.158203125, Validation loss 108919.080078125
2021-11-17 18:02:20,080:INFO:Epoch 147, Training loss 108884.98828125, Validation loss 108918.9765625
2021-11-17 18:02:23,397:INFO:Epoch 148, Training loss 108884.80078125, Validation loss 108918.7890625
2021-11-17 18:02:26,758:INFO:Epoch 149, Training loss 108884.794921875, Validation loss 108918.671875
2021-11-17 18:02:30,080:INFO:Epoch 150, Training loss 108884.748046875, Validation loss 108918.228515625
2021-11-17 18:02:33,450:INFO:Epoch 151, Training loss 108884.525390625, Validation loss 108918.078125
2021-11-17 18:02:36,774:INFO:Epoch 152, Training loss 108884.482421875, Validation loss 108918.400390625
2021-11-17 18:02:40,146:INFO:Epoch 153, Training loss 108884.30078125, Validation loss 108918.4765625
2021-11-17 18:02:43,485:INFO:Epoch 154, Training loss 108884.47265625, Validation loss 108918.771484375
2021-11-17 18:02:46,850:INFO:Epoch 155, Training loss 108884.076171875, Validation loss 108918.60546875
2021-11-17 18:02:50,184:INFO:Epoch 156, Training loss 108884.001953125, Validation loss 108918.26953125
2021-11-17 18:02:53,522:INFO:Epoch 157, Training loss 108883.876953125, Validation loss 108918.021484375
2021-11-17 18:02:56,859:INFO:Epoch 158, Training loss 108883.884765625, Validation loss 108917.681640625
2021-11-17 18:03:00,211:INFO:Epoch 159, Training loss 108883.673828125, Validation loss 108917.771484375
2021-11-17 18:03:03,560:INFO:Epoch 160, Training loss 108883.91796875, Validation loss 108918.3125
2021-11-17 18:03:06,886:INFO:Epoch 161, Training loss 108883.638671875, Validation loss 108917.70703125
2021-11-17 18:03:10,238:INFO:Epoch 162, Training loss 108883.326171875, Validation loss 108917.80078125
2021-11-17 18:03:13,584:INFO:Epoch 163, Training loss 108883.3828125, Validation loss 108917.974609375
2021-11-17 18:03:16,937:INFO:Epoch 164, Training loss 108883.095703125, Validation loss 108917.337890625
2021-11-17 18:03:20,250:INFO:Epoch 165, Training loss 108883.04296875, Validation loss 108917.39453125
2021-11-17 18:03:23,611:INFO:Epoch 166, Training loss 108882.90625, Validation loss 108917.1953125
2021-11-17 18:03:26,930:INFO:Epoch 167, Training loss 108882.966796875, Validation loss 108917.18359375
2021-11-17 18:03:30,320:INFO:Epoch 168, Training loss 108882.8828125, Validation loss 108917.04296875
2021-11-17 18:03:33,635:INFO:Epoch 169, Training loss 108882.59375, Validation loss 108917.1171875
2021-11-17 18:03:36,989:INFO:Epoch 170, Training loss 108883.1171875, Validation loss 108917.486328125
2021-11-17 18:03:40,327:INFO:Epoch 171, Training loss 108882.59375, Validation loss 108917.142578125
2021-11-17 18:03:43,713:INFO:Epoch 172, Training loss 108882.607421875, Validation loss 108916.87109375
2021-11-17 18:03:47,036:INFO:Epoch 173, Training loss 108882.525390625, Validation loss 108917.283203125
2021-11-17 18:03:50,381:INFO:Epoch 174, Training loss 108882.06640625, Validation loss 108917.20703125
2021-11-17 18:03:53,709:INFO:Epoch 175, Training loss 108882.142578125, Validation loss 108916.962890625
2021-11-17 18:03:57,085:INFO:Epoch 176, Training loss 108882.03125, Validation loss 108916.5859375
2021-11-17 18:04:00,415:INFO:Epoch 177, Training loss 108881.873046875, Validation loss 108916.93359375
2021-11-17 18:04:03,750:INFO:Epoch 178, Training loss 108881.876953125, Validation loss 108916.6796875
2021-11-17 18:04:07,092:INFO:Epoch 179, Training loss 108881.728515625, Validation loss 108916.5625
2021-11-17 18:04:10,445:INFO:Epoch 180, Training loss 108881.634765625, Validation loss 108916.55859375
2021-11-17 18:04:13,792:INFO:Epoch 181, Training loss 108881.6171875, Validation loss 108916.599609375
2021-11-17 18:04:17,118:INFO:Epoch 182, Training loss 108881.68359375, Validation loss 108916.59765625
2021-11-17 18:04:20,475:INFO:Epoch 183, Training loss 108881.380859375, Validation loss 108916.30859375
2021-11-17 18:04:23,829:INFO:Epoch 184, Training loss 108881.52734375, Validation loss 108916.169921875
2021-11-17 18:04:27,179:INFO:Epoch 185, Training loss 108881.3359375, Validation loss 108916.09765625
2021-11-17 18:04:30,497:INFO:Epoch 186, Training loss 108881.1640625, Validation loss 108916.115234375
2021-11-17 18:04:33,859:INFO:Epoch 187, Training loss 108881.236328125, Validation loss 108916.41015625
2021-11-17 18:04:37,178:INFO:Epoch 188, Training loss 108880.9765625, Validation loss 108916.587890625
2021-11-17 18:04:40,586:INFO:Epoch 189, Training loss 108881.26171875, Validation loss 108916.921875
2021-11-17 18:04:43,902:INFO:Epoch 190, Training loss 108881.068359375, Validation loss 108916.30078125
2021-11-17 18:04:47,261:INFO:Epoch 191, Training loss 108880.892578125, Validation loss 108916.212890625
2021-11-17 18:04:50,589:INFO:Epoch 192, Training loss 108880.99609375, Validation loss 108915.873046875
2021-11-17 18:04:53,978:INFO:Epoch 193, Training loss 108880.779296875, Validation loss 108916.080078125
2021-11-17 18:04:57,306:INFO:Epoch 194, Training loss 108880.69140625, Validation loss 108915.970703125
2021-11-17 18:05:00,659:INFO:Epoch 195, Training loss 108880.568359375, Validation loss 108915.97265625
2021-11-17 18:05:03,987:INFO:Epoch 196, Training loss 108880.6328125, Validation loss 108916.109375
2021-11-17 18:05:07,359:INFO:Epoch 197, Training loss 108880.76953125, Validation loss 108916.44921875
2021-11-17 18:05:10,698:INFO:Epoch 198, Training loss 108880.62109375, Validation loss 108916.142578125
2021-11-17 18:05:14,050:INFO:Epoch 199, Training loss 108880.380859375, Validation loss 108915.73828125
2021-11-17 18:05:17,397:INFO:Epoch 200, Training loss 108880.25, Validation loss 108915.646484375
2021-11-17 18:05:20,752:INFO:Epoch 201, Training loss 108880.2734375, Validation loss 108915.8671875
2021-11-17 18:05:24,100:INFO:Epoch 202, Training loss 108880.22265625, Validation loss 108915.8984375
2021-11-17 18:05:27,441:INFO:Epoch 203, Training loss 108880.263671875, Validation loss 108915.732421875
2021-11-17 18:05:30,795:INFO:Epoch 204, Training loss 108880.220703125, Validation loss 108915.755859375
2021-11-17 18:05:34,141:INFO:Epoch 205, Training loss 108880.0390625, Validation loss 108915.85546875
2021-11-17 18:05:37,495:INFO:Epoch 206, Training loss 108879.966796875, Validation loss 108916.009765625
2021-11-17 18:05:40,841:INFO:Epoch 207, Training loss 108879.81640625, Validation loss 108915.794921875
2021-11-17 18:05:44,206:INFO:Epoch 208, Training loss 108879.76953125, Validation loss 108915.68359375
2021-11-17 18:05:47,523:INFO:Epoch 209, Training loss 108879.685546875, Validation loss 108915.765625
2021-11-17 18:05:50,906:INFO:Epoch 210, Training loss 108879.6875, Validation loss 108915.59375
2021-11-17 18:05:54,227:INFO:Epoch 211, Training loss 108879.53515625, Validation loss 108915.759765625
2021-11-17 18:05:57,582:INFO:Epoch 212, Training loss 108879.646484375, Validation loss 108915.529296875
2021-11-17 18:06:00,904:INFO:Epoch 213, Training loss 108879.431640625, Validation loss 108915.44921875
2021-11-17 18:06:04,291:INFO:Epoch 214, Training loss 108879.517578125, Validation loss 108915.484375
2021-11-17 18:06:07,629:INFO:Epoch 215, Training loss 108879.46875, Validation loss 108915.564453125
2021-11-17 18:06:10,979:INFO:Epoch 216, Training loss 108879.248046875, Validation loss 108915.775390625
2021-11-17 18:06:14,309:INFO:Epoch 217, Training loss 108879.201171875, Validation loss 108916.08984375
2021-11-17 18:06:17,680:INFO:Epoch 218, Training loss 108879.314453125, Validation loss 108916.01953125
2021-11-17 18:06:21,017:INFO:Epoch 219, Training loss 108879.072265625, Validation loss 108915.53515625
2021-11-17 18:06:24,346:INFO:Epoch 220, Training loss 108878.896484375, Validation loss 108915.412109375
2021-11-17 18:06:27,688:INFO:Epoch 221, Training loss 108878.876953125, Validation loss 108915.44921875
2021-11-17 18:06:31,045:INFO:Epoch 222, Training loss 108878.892578125, Validation loss 108915.271484375
2021-11-17 18:06:34,379:INFO:Epoch 223, Training loss 108878.95703125, Validation loss 108915.18359375
2021-11-17 18:06:37,701:INFO:Epoch 224, Training loss 108878.771484375, Validation loss 108915.2421875
2021-11-17 18:06:41,078:INFO:Epoch 225, Training loss 108878.80078125, Validation loss 108915.6484375
2021-11-17 18:06:44,426:INFO:Epoch 226, Training loss 108878.8828125, Validation loss 108916.115234375
2021-11-17 18:06:47,780:INFO:Epoch 227, Training loss 108878.736328125, Validation loss 108915.734375
2021-11-17 18:06:51,092:INFO:Epoch 228, Training loss 108878.517578125, Validation loss 108915.642578125
2021-11-17 18:06:54,459:INFO:Epoch 229, Training loss 108878.646484375, Validation loss 108915.26953125
2021-11-17 18:06:57,773:INFO:Epoch 230, Training loss 108878.8359375, Validation loss 108915.048828125
2021-11-17 18:07:01,166:INFO:Epoch 231, Training loss 108878.560546875, Validation loss 108915.447265625
2021-11-17 18:07:04,476:INFO:Epoch 232, Training loss 108878.37890625, Validation loss 108915.52734375
2021-11-17 18:07:07,837:INFO:Epoch 233, Training loss 108878.36328125, Validation loss 108915.5
2021-11-17 18:07:11,165:INFO:Epoch 234, Training loss 108878.33984375, Validation loss 108915.494140625
2021-11-17 18:07:14,548:INFO:Epoch 235, Training loss 108878.369140625, Validation loss 108915.29296875
2021-11-17 18:07:17,875:INFO:Epoch 236, Training loss 108878.578125, Validation loss 108915.798828125
2021-11-17 18:07:21,225:INFO:Epoch 237, Training loss 108878.037109375, Validation loss 108915.642578125
2021-11-17 18:07:24,557:INFO:Epoch 238, Training loss 108878.0, Validation loss 108915.142578125
2021-11-17 18:07:27,931:INFO:Epoch 239, Training loss 108878.13671875, Validation loss 108915.21484375
2021-11-17 18:07:31,271:INFO:Epoch 240, Training loss 108877.96484375, Validation loss 108915.17578125
2021-11-17 18:07:34,604:INFO:Epoch 241, Training loss 108878.0, Validation loss 108915.71484375
2021-11-17 18:07:37,945:INFO:Epoch 242, Training loss 108877.869140625, Validation loss 108915.53515625
2021-11-17 18:07:41,324:INFO:Epoch 243, Training loss 108877.8125, Validation loss 108915.548828125
2021-11-17 18:07:44,664:INFO:Epoch 244, Training loss 108877.71875, Validation loss 108915.552734375
2021-11-17 18:07:47,992:INFO:Epoch 245, Training loss 108878.08203125, Validation loss 108915.166015625
2021-11-17 18:07:51,347:INFO:Epoch 246, Training loss 108877.546875, Validation loss 108915.279296875
2021-11-17 18:07:54,704:INFO:Epoch 247, Training loss 108877.91015625, Validation loss 108915.40625
2021-11-17 18:07:58,053:INFO:Epoch 248, Training loss 108877.51953125, Validation loss 108915.505859375
2021-11-17 18:08:01,364:INFO:Epoch 249, Training loss 108877.732421875, Validation loss 108915.091796875
2021-11-17 18:08:04,739:INFO:Epoch 250, Training loss 108877.3671875, Validation loss 108915.232421875
2021-11-17 18:08:04,746:INFO:Finished training, producing training report at /data/theorie/jthoeve/ML4EFT_higgs/models/17_11/model_final_lin_cHW/mc_run_3/plots/training_report/
2021-11-17 18:08:06,903:WARNING:findfont: Font family ['sans-serif'] not found. Falling back to DejaVu Sans.
