8.448736132812500000e+04
8.023911230468750000e+04
7.556076562500000000e+04
7.396637597656250000e+04
7.394307812500000000e+04
7.411833300781250000e+04
7.405611035156250000e+04
7.389293652343750000e+04
7.378590722656250000e+04
7.376409863281250000e+04
7.377001074218750000e+04
7.376013183593750000e+04
7.374849316406250000e+04
7.374324414062500000e+04
7.374085839843750000e+04
7.373953515625000000e+04
7.374008007812500000e+04
7.373916601562500000e+04
7.373890332031250000e+04
7.373785937500000000e+04
7.373733398437500000e+04
7.373708496093750000e+04
7.373658691406250000e+04
7.373631542968750000e+04
7.373595410156250000e+04
7.373574316406250000e+04
7.373533007812500000e+04
7.373515332031250000e+04
7.373511523437500000e+04
7.373468945312500000e+04
7.373450585937500000e+04
7.373480078125000000e+04
7.373413964843750000e+04
7.373395898437500000e+04
7.373367285156250000e+04
7.373334082031250000e+04
7.373356542968750000e+04
7.373308300781250000e+04
7.373310156250000000e+04
7.373271972656250000e+04
7.373267480468750000e+04
7.373244042968750000e+04
7.373211816406250000e+04
7.373191699218750000e+04
7.373176367187500000e+04
7.373176464843750000e+04
7.373137402343750000e+04
7.373132128906250000e+04
7.373108300781250000e+04
7.373083203125000000e+04
7.373073632812500000e+04
7.373039648437500000e+04
7.373079687500000000e+04
7.373005468750000000e+04
7.373014550781250000e+04
7.373042773437500000e+04
7.372961132812500000e+04
7.372968554687500000e+04
7.372953515625000000e+04
7.372918359375000000e+04
7.372914843750000000e+04
7.372915136718750000e+04
7.372891015625000000e+04
7.372872460937500000e+04
7.372945800781250000e+04
7.372855273437500000e+04
7.372880859375000000e+04
7.372828808593750000e+04
7.372847070312500000e+04
7.372826367187500000e+04
7.372821386718750000e+04
7.372793652343750000e+04
7.372781445312500000e+04
7.372776171875000000e+04
7.372744531250000000e+04
7.372778417968750000e+04
7.372720019531250000e+04
7.372765625000000000e+04
7.372753515625000000e+04
7.372683105468750000e+04
7.372725000000000000e+04
7.372766601562500000e+04
7.372663964843750000e+04
7.372682617187500000e+04
7.372620019531250000e+04
7.372628710937500000e+04
7.372602343750000000e+04
7.372643847656250000e+04
