2022-03-03 14:19:15,672:INFO:All directories created, ready to load the data
2022-03-03 14:19:15,745:INFO:Dataset loaded from /data/theorie/jthoeve/training_data/zh/features_mzh_y_ptz_v2/lin/cHq3/events_11.pkl.gz
2022-03-03 14:19:15,786:INFO:Dataset loaded from /data/theorie/jthoeve/training_data/zh/features_mzh_y_ptz_v2/sm/events_11.pkl.gz
2022-03-03 14:19:18,053:INFO:Epoch 1, Training loss 84639.453125, Validation loss 84639.453125
2022-03-03 14:19:20,364:INFO:Epoch 2, Training loss 84639.453125, Validation loss 84639.453125
2022-03-03 14:19:22,599:INFO:Epoch 3, Training loss 84639.453125, Validation loss 84639.453125
2022-03-03 14:19:24,875:INFO:Epoch 4, Training loss 84639.453125, Validation loss 84639.453125
2022-03-03 14:19:27,165:INFO:Epoch 5, Training loss 84639.453125, Validation loss 84639.453125
2022-03-03 14:19:29,519:INFO:Epoch 6, Training loss 84639.453125, Validation loss 84639.453125
2022-03-03 14:19:31,826:INFO:Epoch 7, Training loss 84639.453125, Validation loss 84639.453125
2022-03-03 14:19:34,124:INFO:Epoch 8, Training loss 84639.453125, Validation loss 84639.453125
2022-03-03 14:19:36,440:INFO:Epoch 9, Training loss 84639.453125, Validation loss 84639.453125
2022-03-03 14:19:38,784:INFO:Epoch 10, Training loss 84639.453125, Validation loss 84639.453125
2022-03-03 14:19:41,098:INFO:Epoch 11, Training loss 84639.453125, Validation loss 84639.453125
2022-03-03 14:19:41,103:INFO:Detected stagant training, reset the weights
2022-03-03 14:19:43,383:INFO:Epoch 12, Training loss 84639.453125, Validation loss 84639.453125
2022-03-03 14:19:43,387:INFO:Detected stagant training, reset the weights
2022-03-03 14:19:45,699:INFO:Epoch 13, Training loss 81093.142578125, Validation loss 76342.4501953125
2022-03-03 14:19:48,041:INFO:Epoch 14, Training loss 74936.822265625, Validation loss 73824.140625
2022-03-03 14:19:50,375:INFO:Epoch 15, Training loss 73812.880859375, Validation loss 73968.400390625
2022-03-03 14:19:52,835:INFO:Epoch 16, Training loss 74031.01171875, Validation loss 74071.78515625
2022-03-03 14:19:55,160:INFO:Epoch 17, Training loss 74005.7177734375, Validation loss 73904.41015625
2022-03-03 14:19:57,436:INFO:Epoch 18, Training loss 73851.0615234375, Validation loss 73795.177734375
2022-03-03 14:19:59,815:INFO:Epoch 19, Training loss 73777.7587890625, Validation loss 73757.1015625
2022-03-03 14:20:02,098:INFO:Epoch 20, Training loss 73752.4990234375, Validation loss 73746.37109375
2022-03-03 14:20:04,422:INFO:Epoch 21, Training loss 73741.5771484375, Validation loss 73742.3935546875
2022-03-03 14:20:06,713:INFO:Epoch 22, Training loss 73738.0947265625, Validation loss 73742.3134765625
2022-03-03 14:20:09,076:INFO:Epoch 23, Training loss 73737.66015625, Validation loss 73744.119140625
2022-03-03 14:20:11,366:INFO:Epoch 24, Training loss 73737.8525390625, Validation loss 73742.787109375
2022-03-03 14:20:13,673:INFO:Epoch 25, Training loss 73737.00390625, Validation loss 73741.263671875
2022-03-03 14:20:15,978:INFO:Epoch 26, Training loss 73736.48046875, Validation loss 73740.6943359375
2022-03-03 14:20:18,333:INFO:Epoch 27, Training loss 73736.2255859375, Validation loss 73740.091796875
2022-03-03 14:20:20,643:INFO:Epoch 28, Training loss 73735.87890625, Validation loss 73739.955078125
2022-03-03 14:20:22,932:INFO:Epoch 29, Training loss 73735.708984375, Validation loss 73739.7958984375
2022-03-03 14:20:25,246:INFO:Epoch 30, Training loss 73735.462890625, Validation loss 73739.599609375
2022-03-03 14:20:27,588:INFO:Epoch 31, Training loss 73735.337890625, Validation loss 73739.4599609375
2022-03-03 14:20:29,905:INFO:Epoch 32, Training loss 73735.142578125, Validation loss 73739.3623046875
2022-03-03 14:20:32,197:INFO:Epoch 33, Training loss 73734.9482421875, Validation loss 73739.279296875
2022-03-03 14:20:34,522:INFO:Epoch 34, Training loss 73734.8427734375, Validation loss 73739.19140625
2022-03-03 14:20:36,858:INFO:Epoch 35, Training loss 73734.6484375, Validation loss 73739.2197265625
2022-03-03 14:20:39,187:INFO:Epoch 36, Training loss 73734.466796875, Validation loss 73739.228515625
2022-03-03 14:20:41,458:INFO:Epoch 37, Training loss 73734.2197265625, Validation loss 73739.416015625
2022-03-03 14:20:43,790:INFO:Epoch 38, Training loss 73734.1591796875, Validation loss 73739.5263671875
2022-03-03 14:20:46,060:INFO:Epoch 39, Training loss 73733.9970703125, Validation loss 73739.3583984375
2022-03-03 14:20:48,447:INFO:Epoch 40, Training loss 73733.7412109375, Validation loss 73739.306640625
2022-03-03 14:20:50,732:INFO:Epoch 41, Training loss 73733.7138671875, Validation loss 73739.3603515625
2022-03-03 14:20:53,062:INFO:Epoch 42, Training loss 73733.5732421875, Validation loss 73739.39453125
2022-03-03 14:20:55,346:INFO:Epoch 43, Training loss 73733.357421875, Validation loss 73739.296875
2022-03-03 14:20:57,718:INFO:Epoch 44, Training loss 73733.2099609375, Validation loss 73739.177734375
2022-03-03 14:21:00,011:INFO:Epoch 45, Training loss 73733.224609375, Validation loss 73739.3505859375
2022-03-03 14:21:02,340:INFO:Epoch 46, Training loss 73733.2041015625, Validation loss 73739.4423828125
2022-03-03 14:21:04,638:INFO:Epoch 47, Training loss 73732.8369140625, Validation loss 73739.30859375
2022-03-03 14:21:06,990:INFO:Epoch 48, Training loss 73732.6708984375, Validation loss 73739.2548828125
2022-03-03 14:21:09,305:INFO:Epoch 49, Training loss 73732.572265625, Validation loss 73739.443359375
2022-03-03 14:21:11,591:INFO:Epoch 50, Training loss 73732.40234375, Validation loss 73739.4921875
2022-03-03 14:21:13,898:INFO:Epoch 51, Training loss 73732.33984375, Validation loss 73739.4130859375
2022-03-03 14:21:16,234:INFO:Epoch 52, Training loss 73732.1572265625, Validation loss 73739.5322265625
2022-03-03 14:21:18,549:INFO:Epoch 53, Training loss 73732.0869140625, Validation loss 73739.498046875
2022-03-03 14:21:20,849:INFO:Epoch 54, Training loss 73731.958984375, Validation loss 73739.3896484375
2022-03-03 14:21:23,175:INFO:Epoch 55, Training loss 73731.7421875, Validation loss 73739.4951171875
2022-03-03 14:21:25,498:INFO:Epoch 56, Training loss 73731.6328125, Validation loss 73739.701171875
2022-03-03 14:21:27,828:INFO:Epoch 57, Training loss 73731.4892578125, Validation loss 73739.62109375
2022-03-03 14:21:30,118:INFO:Epoch 58, Training loss 73731.421875, Validation loss 73739.8154296875
2022-03-03 14:21:32,444:INFO:Epoch 59, Training loss 73731.2763671875, Validation loss 73739.810546875
2022-03-03 14:21:34,726:INFO:Epoch 60, Training loss 73731.12109375, Validation loss 73739.65234375
2022-03-03 14:21:37,108:INFO:Epoch 61, Training loss 73731.044921875, Validation loss 73739.611328125
2022-03-03 14:21:39,395:INFO:Epoch 62, Training loss 73730.8994140625, Validation loss 73739.7119140625
2022-03-03 14:21:41,723:INFO:Epoch 63, Training loss 73731.0205078125, Validation loss 73740.08203125
2022-03-03 14:21:44,013:INFO:Epoch 64, Training loss 73730.662109375, Validation loss 73739.9521484375
2022-03-03 14:21:46,378:INFO:Epoch 65, Training loss 73730.4453125, Validation loss 73739.98046875
2022-03-03 14:21:48,676:INFO:Epoch 66, Training loss 73730.2236328125, Validation loss 73739.97265625
2022-03-03 14:21:50,975:INFO:Epoch 67, Training loss 73730.05078125, Validation loss 73739.982421875
2022-03-03 14:21:53,278:INFO:Epoch 68, Training loss 73729.9365234375, Validation loss 73740.107421875
2022-03-03 14:21:55,634:INFO:Epoch 69, Training loss 73729.7216796875, Validation loss 73740.216796875
2022-03-03 14:21:57,942:INFO:Epoch 70, Training loss 73729.77734375, Validation loss 73740.1083984375
2022-03-03 14:22:00,237:INFO:Epoch 71, Training loss 73729.4736328125, Validation loss 73740.595703125
2022-03-03 14:22:02,550:INFO:Epoch 72, Training loss 73729.3232421875, Validation loss 73740.4345703125
2022-03-03 14:22:04,895:INFO:Epoch 73, Training loss 73729.044921875, Validation loss 73740.60546875
2022-03-03 14:22:07,218:INFO:Epoch 74, Training loss 73728.8603515625, Validation loss 73740.5341796875
2022-03-03 14:22:09,502:INFO:Epoch 75, Training loss 73728.7001953125, Validation loss 73740.37109375
2022-03-03 14:22:11,810:INFO:Epoch 76, Training loss 73728.6494140625, Validation loss 73740.2470703125
2022-03-03 14:22:14,079:INFO:Epoch 77, Training loss 73728.291015625, Validation loss 73740.8505859375
2022-03-03 14:22:16,353:INFO:Epoch 78, Training loss 73728.1748046875, Validation loss 73740.9072265625
2022-03-03 14:22:18,558:INFO:Epoch 79, Training loss 73728.0537109375, Validation loss 73740.87890625
2022-03-03 14:22:20,828:INFO:Epoch 80, Training loss 73727.7158203125, Validation loss 73741.1982421875
2022-03-03 14:22:23,035:INFO:Epoch 81, Training loss 73727.6240234375, Validation loss 73741.125
2022-03-03 14:22:25,339:INFO:Epoch 82, Training loss 73727.380859375, Validation loss 73741.1044921875
2022-03-03 14:22:27,574:INFO:Epoch 83, Training loss 73727.3232421875, Validation loss 73741.1845703125
2022-03-03 14:22:29,843:INFO:Epoch 84, Training loss 73727.0029296875, Validation loss 73741.7763671875
2022-03-03 14:22:32,075:INFO:Epoch 85, Training loss 73726.6923828125, Validation loss 73741.9658203125
2022-03-03 14:22:34,395:INFO:Epoch 86, Training loss 73726.6708984375, Validation loss 73742.0234375
2022-03-03 14:22:36,560:INFO:Epoch 87, Training loss 73726.2626953125, Validation loss 73741.947265625
2022-03-03 14:22:38,719:INFO:Epoch 88, Training loss 73726.37890625, Validation loss 73741.4326171875
2022-03-03 14:22:40,867:INFO:Epoch 89, Training loss 73726.1064453125, Validation loss 73741.4140625
2022-03-03 14:22:43,071:INFO:Epoch 90, Training loss 73725.7490234375, Validation loss 73741.84765625
2022-03-03 14:22:45,235:INFO:Epoch 91, Training loss 73725.1904296875, Validation loss 73742.43359375
2022-03-03 14:22:47,396:INFO:Epoch 92, Training loss 73725.0048828125, Validation loss 73742.6953125
2022-03-03 14:22:49,556:INFO:Epoch 93, Training loss 73725.3017578125, Validation loss 73743.74609375
2022-03-03 14:22:51,743:INFO:Epoch 94, Training loss 73725.021484375, Validation loss 73742.7744140625
2022-03-03 14:22:51,751:INFO:Finished training
