2.079772265625000000e+05
2.079772265625000000e+05
2.079772265625000000e+05
2.079772265625000000e+05
2.079772265625000000e+05
2.079772265625000000e+05
2.079772265625000000e+05
2.079772265625000000e+05
2.079772265625000000e+05
2.079772265625000000e+05
2.079772265625000000e+05
1.250749531250000000e+05
1.187782402343750000e+05
1.134263847656250000e+05
1.103056269531250000e+05
1.096090136718750000e+05
1.098394609375000000e+05
1.096453574218750000e+05
1.093166035156250000e+05
1.091724179687500000e+05
1.091234628906250000e+05
1.090668300781250000e+05
1.090068203125000000e+05
1.089605976562500000e+05
1.089137128906250000e+05
1.088711777343750000e+05
1.088288105468750000e+05
1.087877050781250000e+05
1.087519433593750000e+05
1.087199101562500000e+05
1.086937207031250000e+05
1.086733203125000000e+05
1.086567558593750000e+05
1.086487714843750000e+05
1.086421972656250000e+05
1.086386972656250000e+05
1.086352656250000000e+05
1.086333398437500000e+05
1.086316328125000000e+05
1.086294570312500000e+05
1.086279882812500000e+05
1.086265898437500000e+05
1.086252167968750000e+05
1.086238925781250000e+05
1.086230527343750000e+05
1.086214667968750000e+05
1.086204472656250000e+05
1.086194550781250000e+05
1.086188476562500000e+05
1.086179335937500000e+05
1.086170625000000000e+05
1.086160683593750000e+05
1.086147597656250000e+05
1.086159355468750000e+05
1.086144062500000000e+05
1.086146582031250000e+05
1.086123242187500000e+05
1.086120234375000000e+05
1.086124296875000000e+05
1.086110644531250000e+05
1.086103867187500000e+05
1.086093339843750000e+05
1.086100097656250000e+05
1.086094785156250000e+05
1.086078320312500000e+05
1.086082500000000000e+05
1.086069023437500000e+05
1.086071953125000000e+05
1.086060136718750000e+05
1.086057851562500000e+05
1.086054824218750000e+05
1.086052226562500000e+05
1.086042070312500000e+05
1.086038457031250000e+05
1.086033085937500000e+05
1.086027851562500000e+05
1.086026972656250000e+05
1.086022070312500000e+05
1.086013046875000000e+05
1.086029160156250000e+05
1.086011914062500000e+05
1.086021113281250000e+05
1.086018125000000000e+05
1.086005507812500000e+05
1.086002851562500000e+05
1.085991093750000000e+05
1.085991132812500000e+05
1.085986386718750000e+05
1.085985976562500000e+05
1.085981542968750000e+05
1.085979550781250000e+05
1.085976445312500000e+05
1.085970273437500000e+05
1.085965234375000000e+05
1.085968730468750000e+05
1.085957636718750000e+05
1.085960195312500000e+05
1.085957011718750000e+05
1.085960488281250000e+05
1.085944863281250000e+05
1.085950488281250000e+05
1.085943164062500000e+05
1.085931445312500000e+05
1.085922871093750000e+05
1.085933671875000000e+05
1.085920625000000000e+05
1.085918125000000000e+05
1.085927558593750000e+05
1.085922597656250000e+05
1.085910781250000000e+05
1.085900019531250000e+05
1.085903593750000000e+05
1.085896621093750000e+05
1.085899375000000000e+05
1.085894941406250000e+05
1.085904824218750000e+05
1.085911191406250000e+05
1.085889472656250000e+05
