2.080031445312500000e+05
2.080031445312500000e+05
2.080031445312500000e+05
2.080031445312500000e+05
2.080031445312500000e+05
2.080031445312500000e+05
2.080031445312500000e+05
2.080031445312500000e+05
2.080031445312500000e+05
2.080031445312500000e+05
2.080031445312500000e+05
1.373887929687500000e+05
1.304540917968750000e+05
1.235470996093750000e+05
1.169315703125000000e+05
1.116632070312500000e+05
1.095166054687500000e+05
1.098519960937500000e+05
1.098393847656250000e+05
1.093996621093750000e+05
1.092086171875000000e+05
1.092249707031250000e+05
1.092095039062500000e+05
1.091492675781250000e+05
1.091090273437500000e+05
1.090915859375000000e+05
1.090729453125000000e+05
1.090532031250000000e+05
1.090353027343750000e+05
1.090193359375000000e+05
1.090037109375000000e+05
1.089897968750000000e+05
1.089750468750000000e+05
1.089610058593750000e+05
1.089475312500000000e+05
1.089347109375000000e+05
1.089223339843750000e+05
1.089120449218750000e+05
1.089006015625000000e+05
1.088918339843750000e+05
1.088856464843750000e+05
1.088781230468750000e+05
1.088731777343750000e+05
1.088703437500000000e+05
1.088666621093750000e+05
1.088649394531250000e+05
1.088635312500000000e+05
1.088618535156250000e+05
1.088611367187500000e+05
1.088599140625000000e+05
1.088590839843750000e+05
1.088578750000000000e+05
1.088577187500000000e+05
1.088562519531250000e+05
1.088559218750000000e+05
1.088550429687500000e+05
1.088546445312500000e+05
1.088535722656250000e+05
1.088531347656250000e+05
1.088524511718750000e+05
1.088522988281250000e+05
1.088526914062500000e+05
1.088516191406250000e+05
1.088514609375000000e+05
1.088512304687500000e+05
1.088497949218750000e+05
1.088498105468750000e+05
1.088496816406250000e+05
1.088491914062500000e+05
1.088487031250000000e+05
1.088488164062500000e+05
1.088483320312500000e+05
1.088480527343750000e+05
