2021-11-18 16:13:49,603:INFO:All directories created, ready to load the data
2021-11-18 16:13:49,637:INFO:Dataset loaded from /data/theorie/jthoeve/event_generation/events_high_stats/lin/cHq3/events_0.npy
2021-11-18 16:13:49,670:INFO:Dataset loaded from /data/theorie/jthoeve/event_generation/events_high_stats/sm/events_0.npy
2021-11-18 16:13:53,652:INFO:Epoch 1, Training loss 84648.625, Validation loss 84648.625
2021-11-18 16:13:57,555:INFO:Epoch 2, Training loss 84648.625, Validation loss 84648.625
2021-11-18 16:14:01,433:INFO:Epoch 3, Training loss 84648.625, Validation loss 84648.625
2021-11-18 16:14:05,387:INFO:Epoch 4, Training loss 84648.625, Validation loss 84648.625
2021-11-18 16:14:09,331:INFO:Epoch 5, Training loss 84648.625, Validation loss 84648.625
2021-11-18 16:14:13,162:INFO:Epoch 6, Training loss 84648.625, Validation loss 84648.625
2021-11-18 16:14:17,173:INFO:Epoch 7, Training loss 84648.625, Validation loss 84648.625
2021-11-18 16:14:21,142:INFO:Epoch 8, Training loss 84648.625, Validation loss 84648.625
2021-11-18 16:14:24,995:INFO:Epoch 9, Training loss 84648.625, Validation loss 84648.625
2021-11-18 16:14:28,988:INFO:Epoch 10, Training loss 84648.625, Validation loss 84648.625
2021-11-18 16:14:33,024:INFO:Epoch 11, Training loss 84648.625, Validation loss 84648.625
2021-11-18 16:14:33,028:INFO:Detected stagant training, reset the weights
2021-11-18 16:14:36,859:INFO:Epoch 12, Training loss 74587.6796875, Validation loss 74466.59375
2021-11-18 16:14:40,981:INFO:Epoch 13, Training loss 74465.078125, Validation loss 74322.15625
2021-11-18 16:14:44,871:INFO:Epoch 14, Training loss 74320.640625, Validation loss 74180.8046875
2021-11-18 16:14:48,718:INFO:Epoch 15, Training loss 74179.1953125, Validation loss 74053.6796875
2021-11-18 16:14:52,755:INFO:Epoch 16, Training loss 74051.7578125, Validation loss 73947.0859375
2021-11-18 16:14:56,648:INFO:Epoch 17, Training loss 73945.0546875, Validation loss 73864.4765625
2021-11-18 16:15:00,574:INFO:Epoch 18, Training loss 73862.3671875, Validation loss 73806.296875
2021-11-18 16:15:04,599:INFO:Epoch 19, Training loss 73803.953125, Validation loss 73771.328125
2021-11-18 16:15:08,601:INFO:Epoch 20, Training loss 73768.6484375, Validation loss 73756.390625
2021-11-18 16:15:12,500:INFO:Epoch 21, Training loss 73753.265625, Validation loss 73757.59375
2021-11-18 16:15:16,286:INFO:Epoch 22, Training loss 73753.90625, Validation loss 73769.9609375
2021-11-18 16:15:20,275:INFO:Epoch 23, Training loss 73765.828125, Validation loss 73788.0078125
2021-11-18 16:15:24,260:INFO:Epoch 24, Training loss 73783.4921875, Validation loss 73806.4375
2021-11-18 16:15:28,142:INFO:Epoch 25, Training loss 73801.703125, Validation loss 73821.3359375
2021-11-18 16:15:32,205:INFO:Epoch 26, Training loss 73816.5390625, Validation loss 73830.4296875
2021-11-18 16:15:36,096:INFO:Epoch 27, Training loss 73825.6953125, Validation loss 73832.8984375
2021-11-18 16:15:39,980:INFO:Epoch 28, Training loss 73828.3671875, Validation loss 73829.2109375
2021-11-18 16:15:43,963:INFO:Epoch 29, Training loss 73824.96875, Validation loss 73820.5703125
2021-11-18 16:15:47,846:INFO:Epoch 30, Training loss 73816.7421875, Validation loss 73808.546875
2021-11-18 16:15:51,744:INFO:Epoch 31, Training loss 73805.25, Validation loss 73795.0
2021-11-18 16:15:55,759:INFO:Epoch 32, Training loss 73792.203125, Validation loss 73781.46875
2021-11-18 16:15:59,708:INFO:Epoch 33, Training loss 73779.34375, Validation loss 73769.1484375
2021-11-18 16:16:03,588:INFO:Epoch 34, Training loss 73767.609375, Validation loss 73758.9765625
2021-11-18 16:16:07,556:INFO:Epoch 35, Training loss 73757.875, Validation loss 73751.375
2021-11-18 16:16:11,477:INFO:Epoch 36, Training loss 73750.6015625, Validation loss 73746.578125
2021-11-18 16:16:15,330:INFO:Epoch 37, Training loss 73746.125, Validation loss 73744.5625
2021-11-18 16:16:19,352:INFO:Epoch 38, Training loss 73744.390625, Validation loss 73745.1171875
2021-11-18 16:16:23,292:INFO:Epoch 39, Training loss 73745.125, Validation loss 73747.4921875
2021-11-18 16:16:27,972:INFO:Epoch 40, Training loss 73747.5703125, Validation loss 73750.5078125
2021-11-18 16:16:31,945:INFO:Epoch 41, Training loss 73750.5234375, Validation loss 73752.96875
2021-11-18 16:16:35,946:INFO:Epoch 42, Training loss 73752.9765625, Validation loss 73754.328125
2021-11-18 16:16:39,691:INFO:Epoch 43, Training loss 73754.2890625, Validation loss 73754.5390625
2021-11-18 16:16:43,576:INFO:Epoch 44, Training loss 73754.375, Validation loss 73753.7890625
2021-11-18 16:16:47,459:INFO:Epoch 45, Training loss 73753.453125, Validation loss 73752.453125
2021-11-18 16:16:51,209:INFO:Epoch 46, Training loss 73751.8984375, Validation loss 73750.84375
2021-11-18 16:16:55,146:INFO:Epoch 47, Training loss 73750.078125, Validation loss 73749.2265625
2021-11-18 16:16:59,096:INFO:Epoch 48, Training loss 73748.2421875, Validation loss 73747.765625
2021-11-18 16:17:02,834:INFO:Epoch 49, Training loss 73746.578125, Validation loss 73746.59375
2021-11-18 16:17:06,690:INFO:Epoch 50, Training loss 73745.2109375, Validation loss 73745.765625
2021-11-18 16:17:10,535:INFO:Epoch 51, Training loss 73744.1953125, Validation loss 73745.296875
2021-11-18 16:17:14,356:INFO:Epoch 52, Training loss 73743.5703125, Validation loss 73745.1796875
2021-11-18 16:17:18,231:INFO:Epoch 53, Training loss 73743.296875, Validation loss 73745.2734375
2021-11-18 16:17:22,141:INFO:Epoch 54, Training loss 73743.25, Validation loss 73745.5
2021-11-18 16:17:26,039:INFO:Epoch 55, Training loss 73743.359375, Validation loss 73745.8046875
2021-11-18 16:17:29,906:INFO:Epoch 56, Training loss 73743.546875, Validation loss 73746.140625
2021-11-18 16:17:33,768:INFO:Epoch 57, Training loss 73743.75, Validation loss 73746.4296875
2021-11-18 16:17:37,627:INFO:Epoch 58, Training loss 73743.90625, Validation loss 73746.640625
2021-11-18 16:17:41,366:INFO:Epoch 59, Training loss 73743.984375, Validation loss 73746.7578125
2021-11-18 16:17:45,295:INFO:Epoch 60, Training loss 73743.9765625, Validation loss 73746.7734375
2021-11-18 16:17:49,182:INFO:Epoch 61, Training loss 73743.859375, Validation loss 73746.7109375
2021-11-18 16:17:52,962:INFO:Epoch 62, Training loss 73743.6484375, Validation loss 73746.578125
2021-11-18 16:17:56,873:INFO:Epoch 63, Training loss 73743.3671875, Validation loss 73746.3984375
2021-11-18 16:18:00,748:INFO:Epoch 64, Training loss 73743.03125, Validation loss 73746.203125
2021-11-18 16:18:04,496:INFO:Epoch 65, Training loss 73742.6953125, Validation loss 73746.0234375
2021-11-18 16:18:08,356:INFO:Epoch 66, Training loss 73742.3828125, Validation loss 73745.8671875
2021-11-18 16:18:12,217:INFO:Epoch 67, Training loss 73742.109375, Validation loss 73745.7578125
2021-11-18 16:18:16,080:INFO:Epoch 68, Training loss 73741.890625, Validation loss 73745.7109375
2021-11-18 16:18:20,153:INFO:Epoch 69, Training loss 73741.7265625, Validation loss 73745.7109375
2021-11-18 16:18:24,041:INFO:Epoch 70, Training loss 73741.625, Validation loss 73745.75
2021-11-18 16:18:27,871:INFO:Epoch 71, Training loss 73741.5703125, Validation loss 73745.8203125
2021-11-18 16:18:31,588:INFO:Epoch 72, Training loss 73741.546875, Validation loss 73745.8984375
2021-11-18 16:18:35,481:INFO:Epoch 73, Training loss 73741.5390625, Validation loss 73745.9765625
2021-11-18 16:18:39,357:INFO:Epoch 74, Training loss 73741.515625, Validation loss 73746.0390625
2021-11-18 16:18:43,086:INFO:Epoch 75, Training loss 73741.4765625, Validation loss 73746.09375
2021-11-18 16:18:47,032:INFO:Epoch 76, Training loss 73741.4140625, Validation loss 73746.125
2021-11-18 16:18:50,969:INFO:Epoch 77, Training loss 73741.3359375, Validation loss 73746.1484375
2021-11-18 16:18:54,766:INFO:Epoch 78, Training loss 73741.2421875, Validation loss 73746.1640625
2021-11-18 16:18:58,648:INFO:Epoch 79, Training loss 73741.15625, Validation loss 73746.171875
2021-11-18 16:19:02,487:INFO:Epoch 80, Training loss 73741.0546875, Validation loss 73746.171875
2021-11-18 16:19:06,293:INFO:Epoch 81, Training loss 73740.96875, Validation loss 73746.1875
2021-11-18 16:19:10,151:INFO:Epoch 82, Training loss 73740.8828125, Validation loss 73746.203125
2021-11-18 16:19:14,058:INFO:Epoch 83, Training loss 73740.796875, Validation loss 73746.234375
2021-11-18 16:19:17,956:INFO:Epoch 84, Training loss 73740.7265625, Validation loss 73746.28125
2021-11-18 16:19:21,807:INFO:Epoch 85, Training loss 73740.6640625, Validation loss 73746.328125
2021-11-18 16:19:25,676:INFO:Epoch 86, Training loss 73740.6015625, Validation loss 73746.3828125
2021-11-18 16:19:29,553:INFO:Epoch 87, Training loss 73740.5390625, Validation loss 73746.4375
2021-11-18 16:19:29,559:INFO:Finished training, producing training report at /data/theorie/jthoeve/ML4EFT_higgs/models/17_11/model_final_lin_cHq3_v7/mc_run_0/plots/training_report/
2021-11-18 16:19:29,904:WARNING:findfont: Font family ['sans-serif'] not found. Falling back to DejaVu Sans.
