2022-03-03 12:56:10,375:INFO:All directories created, ready to load the data
2022-03-03 12:56:10,430:INFO:Dataset loaded from /data/theorie/jthoeve/training_data/zh/features_mzh_y_ptz_v2/lin/cHW/events_20.pkl.gz
2022-03-03 12:56:10,457:INFO:Dataset loaded from /data/theorie/jthoeve/training_data/zh/features_mzh_y_ptz_v2/sm/events_20.pkl.gz
2022-03-03 12:56:12,643:INFO:Epoch 1, Training loss 153779.033203125, Validation loss 143122.498046875
2022-03-03 12:56:14,859:INFO:Epoch 2, Training loss 138194.197265625, Validation loss 131680.982421875
2022-03-03 12:56:16,998:INFO:Epoch 3, Training loss 128272.966796875, Validation loss 123781.490234375
2022-03-03 12:56:19,156:INFO:Epoch 4, Training loss 121479.853515625, Validation loss 118466.7890625
2022-03-03 12:56:21,303:INFO:Epoch 5, Training loss 116865.373046875, Validation loss 114733.626953125
2022-03-03 12:56:23,506:INFO:Epoch 6, Training loss 113590.841796875, Validation loss 112125.75
2022-03-03 12:56:25,658:INFO:Epoch 7, Training loss 111396.138671875, Validation loss 110539.6953125
2022-03-03 12:56:27,801:INFO:Epoch 8, Training loss 110179.583984375, Validation loss 109840.712890625
2022-03-03 12:56:29,957:INFO:Epoch 9, Training loss 109743.703125, Validation loss 109715.962890625
2022-03-03 12:56:32,144:INFO:Epoch 10, Training loss 109703.6640625, Validation loss 109717.951171875
2022-03-03 12:56:34,305:INFO:Epoch 11, Training loss 109671.521484375, Validation loss 109627.802734375
2022-03-03 12:56:36,437:INFO:Epoch 12, Training loss 109556.021484375, Validation loss 109488.458984375
2022-03-03 12:56:38,602:INFO:Epoch 13, Training loss 109423.15625, Validation loss 109367.04296875
2022-03-03 12:56:40,778:INFO:Epoch 14, Training loss 109318.9609375, Validation loss 109286.94921875
2022-03-03 12:56:42,952:INFO:Epoch 15, Training loss 109253.75390625, Validation loss 109238.26171875
2022-03-03 12:56:45,068:INFO:Epoch 16, Training loss 109208.15234375, Validation loss 109192.966796875
2022-03-03 12:56:47,240:INFO:Epoch 17, Training loss 109163.423828125, Validation loss 109147.166015625
2022-03-03 12:56:49,362:INFO:Epoch 18, Training loss 109119.638671875, Validation loss 109108.10546875
2022-03-03 12:56:51,576:INFO:Epoch 19, Training loss 109081.810546875, Validation loss 109073.62890625
2022-03-03 12:56:53,703:INFO:Epoch 20, Training loss 109048.298828125, Validation loss 109038.76953125
2022-03-03 12:56:55,871:INFO:Epoch 21, Training loss 109013.654296875, Validation loss 109004.09765625
2022-03-03 12:56:58,006:INFO:Epoch 22, Training loss 108980.05859375, Validation loss 108972.380859375
2022-03-03 12:57:00,217:INFO:Epoch 23, Training loss 108950.359375, Validation loss 108940.404296875
2022-03-03 12:57:02,356:INFO:Epoch 24, Training loss 108916.330078125, Validation loss 108907.80078125
2022-03-03 12:57:04,505:INFO:Epoch 25, Training loss 108884.345703125, Validation loss 108874.994140625
2022-03-03 12:57:06,651:INFO:Epoch 26, Training loss 108851.62109375, Validation loss 108842.658203125
2022-03-03 12:57:08,852:INFO:Epoch 27, Training loss 108819.408203125, Validation loss 108807.81640625
2022-03-03 12:57:11,003:INFO:Epoch 28, Training loss 108782.705078125, Validation loss 108770.01171875
2022-03-03 12:57:13,148:INFO:Epoch 29, Training loss 108743.603515625, Validation loss 108732.44140625
2022-03-03 12:57:15,301:INFO:Epoch 30, Training loss 108706.216796875, Validation loss 108696.119140625
2022-03-03 12:57:17,489:INFO:Epoch 31, Training loss 108669.525390625, Validation loss 108661.546875
2022-03-03 12:57:19,654:INFO:Epoch 32, Training loss 108634.912109375, Validation loss 108630.166015625
2022-03-03 12:57:21,787:INFO:Epoch 33, Training loss 108604.603515625, Validation loss 108604.333984375
2022-03-03 12:57:23,964:INFO:Epoch 34, Training loss 108578.09765625, Validation loss 108585.91796875
2022-03-03 12:57:26,140:INFO:Epoch 35, Training loss 108558.404296875, Validation loss 108572.423828125
2022-03-03 12:57:28,312:INFO:Epoch 36, Training loss 108542.791015625, Validation loss 108561.673828125
2022-03-03 12:57:30,432:INFO:Epoch 37, Training loss 108531.669921875, Validation loss 108554.857421875
2022-03-03 12:57:32,606:INFO:Epoch 38, Training loss 108522.986328125, Validation loss 108550.771484375
2022-03-03 12:57:34,730:INFO:Epoch 39, Training loss 108516.42578125, Validation loss 108549.904296875
2022-03-03 12:57:36,949:INFO:Epoch 40, Training loss 108511.927734375, Validation loss 108549.25390625
2022-03-03 12:57:39,078:INFO:Epoch 41, Training loss 108507.65234375, Validation loss 108546.98828125
2022-03-03 12:57:41,252:INFO:Epoch 42, Training loss 108504.96875, Validation loss 108545.3359375
2022-03-03 12:57:43,388:INFO:Epoch 43, Training loss 108502.669921875, Validation loss 108544.15234375
2022-03-03 12:57:45,594:INFO:Epoch 44, Training loss 108499.853515625, Validation loss 108544.255859375
2022-03-03 12:57:47,739:INFO:Epoch 45, Training loss 108497.3828125, Validation loss 108543.576171875
2022-03-03 12:57:49,891:INFO:Epoch 46, Training loss 108494.767578125, Validation loss 108541.6484375
2022-03-03 12:57:52,038:INFO:Epoch 47, Training loss 108492.826171875, Validation loss 108539.724609375
2022-03-03 12:57:54,234:INFO:Epoch 48, Training loss 108490.564453125, Validation loss 108539.421875
2022-03-03 12:57:56,383:INFO:Epoch 49, Training loss 108490.775390625, Validation loss 108539.39453125
2022-03-03 12:57:58,527:INFO:Epoch 50, Training loss 108488.810546875, Validation loss 108537.220703125
2022-03-03 12:58:00,680:INFO:Epoch 51, Training loss 108486.384765625, Validation loss 108537.2421875
2022-03-03 12:58:02,867:INFO:Epoch 52, Training loss 108485.69921875, Validation loss 108537.6484375
2022-03-03 12:58:05,026:INFO:Epoch 53, Training loss 108483.193359375, Validation loss 108536.1015625
2022-03-03 12:58:07,157:INFO:Epoch 54, Training loss 108481.513671875, Validation loss 108535.21484375
2022-03-03 12:58:09,325:INFO:Epoch 55, Training loss 108479.826171875, Validation loss 108534.822265625
2022-03-03 12:58:11,499:INFO:Epoch 56, Training loss 108478.40625, Validation loss 108534.86328125
2022-03-03 12:58:13,675:INFO:Epoch 57, Training loss 108476.947265625, Validation loss 108534.068359375
2022-03-03 12:58:15,796:INFO:Epoch 58, Training loss 108477.203125, Validation loss 108533.09375
2022-03-03 12:58:17,972:INFO:Epoch 59, Training loss 108475.109375, Validation loss 108534.412109375
2022-03-03 12:58:20,101:INFO:Epoch 60, Training loss 108473.80859375, Validation loss 108533.619140625
2022-03-03 12:58:22,322:INFO:Epoch 61, Training loss 108473.08984375, Validation loss 108532.142578125
2022-03-03 12:58:24,453:INFO:Epoch 62, Training loss 108472.302734375, Validation loss 108532.009765625
2022-03-03 12:58:26,625:INFO:Epoch 63, Training loss 108471.107421875, Validation loss 108532.888671875
2022-03-03 12:58:28,771:INFO:Epoch 64, Training loss 108471.166015625, Validation loss 108531.98046875
2022-03-03 12:58:30,985:INFO:Epoch 65, Training loss 108469.486328125, Validation loss 108531.71484375
2022-03-03 12:58:33,130:INFO:Epoch 66, Training loss 108469.984375, Validation loss 108533.029296875
2022-03-03 12:58:35,290:INFO:Epoch 67, Training loss 108468.904296875, Validation loss 108531.234375
2022-03-03 12:58:37,437:INFO:Epoch 68, Training loss 108468.658203125, Validation loss 108532.474609375
2022-03-03 12:58:39,642:INFO:Epoch 69, Training loss 108466.748046875, Validation loss 108532.0546875
2022-03-03 12:58:41,795:INFO:Epoch 70, Training loss 108466.638671875, Validation loss 108532.58203125
2022-03-03 12:58:43,941:INFO:Epoch 71, Training loss 108465.755859375, Validation loss 108531.060546875
2022-03-03 12:58:46,094:INFO:Epoch 72, Training loss 108465.203125, Validation loss 108532.615234375
2022-03-03 12:58:48,280:INFO:Epoch 73, Training loss 108465.255859375, Validation loss 108533.39453125
2022-03-03 12:58:50,440:INFO:Epoch 74, Training loss 108464.3359375, Validation loss 108530.755859375
2022-03-03 12:58:52,571:INFO:Epoch 75, Training loss 108463.37890625, Validation loss 108531.298828125
2022-03-03 12:58:54,739:INFO:Epoch 76, Training loss 108462.732421875, Validation loss 108532.830078125
2022-03-03 12:58:56,916:INFO:Epoch 77, Training loss 108462.58203125, Validation loss 108534.55078125
2022-03-03 12:58:59,092:INFO:Epoch 78, Training loss 108463.8828125, Validation loss 108533.521484375
2022-03-03 12:59:01,209:INFO:Epoch 79, Training loss 108462.474609375, Validation loss 108531.021484375
2022-03-03 12:59:03,395:INFO:Epoch 80, Training loss 108462.357421875, Validation loss 108532.662109375
2022-03-03 12:59:05,533:INFO:Epoch 81, Training loss 108459.80078125, Validation loss 108533.263671875
2022-03-03 12:59:07,752:INFO:Epoch 82, Training loss 108459.677734375, Validation loss 108532.49609375
2022-03-03 12:59:09,880:INFO:Epoch 83, Training loss 108459.53515625, Validation loss 108531.41796875
2022-03-03 12:59:12,053:INFO:Epoch 84, Training loss 108458.3984375, Validation loss 108533.087890625
2022-03-03 12:59:14,191:INFO:Epoch 85, Training loss 108458.220703125, Validation loss 108533.09375
2022-03-03 12:59:16,402:INFO:Epoch 86, Training loss 108457.396484375, Validation loss 108533.16015625
2022-03-03 12:59:18,541:INFO:Epoch 87, Training loss 108457.69921875, Validation loss 108532.875
2022-03-03 12:59:20,697:INFO:Epoch 88, Training loss 108457.154296875, Validation loss 108532.787109375
2022-03-03 12:59:22,844:INFO:Epoch 89, Training loss 108456.541015625, Validation loss 108534.169921875
2022-03-03 12:59:25,046:INFO:Epoch 90, Training loss 108457.630859375, Validation loss 108534.52734375
2022-03-03 12:59:27,199:INFO:Epoch 91, Training loss 108455.228515625, Validation loss 108532.119140625
2022-03-03 12:59:29,344:INFO:Epoch 92, Training loss 108455.72265625, Validation loss 108533.609375
2022-03-03 12:59:31,502:INFO:Epoch 93, Training loss 108454.931640625, Validation loss 108533.41796875
2022-03-03 12:59:33,689:INFO:Epoch 94, Training loss 108454.841796875, Validation loss 108533.771484375
2022-03-03 12:59:35,846:INFO:Epoch 95, Training loss 108453.87890625, Validation loss 108534.58203125
2022-03-03 12:59:37,978:INFO:Epoch 96, Training loss 108454.55859375, Validation loss 108532.849609375
2022-03-03 12:59:40,144:INFO:Epoch 97, Training loss 108453.09765625, Validation loss 108532.3984375
2022-03-03 12:59:42,318:INFO:Epoch 98, Training loss 108451.966796875, Validation loss 108533.75390625
2022-03-03 12:59:44,492:INFO:Epoch 99, Training loss 108452.986328125, Validation loss 108534.1171875
2022-03-03 12:59:46,613:INFO:Epoch 100, Training loss 108453.203125, Validation loss 108535.052734375
2022-03-03 12:59:48,792:INFO:Epoch 101, Training loss 108452.033203125, Validation loss 108533.197265625
2022-03-03 12:59:50,914:INFO:Epoch 102, Training loss 108452.240234375, Validation loss 108536.37890625
2022-03-03 12:59:53,132:INFO:Epoch 103, Training loss 108451.173828125, Validation loss 108534.177734375
2022-03-03 12:59:55,262:INFO:Epoch 104, Training loss 108450.486328125, Validation loss 108533.6015625
2022-03-03 12:59:57,437:INFO:Epoch 105, Training loss 108450.353515625, Validation loss 108534.796875
2022-03-03 12:59:59,575:INFO:Epoch 106, Training loss 108451.724609375, Validation loss 108533.51171875
2022-03-03 13:00:01,786:INFO:Epoch 107, Training loss 108448.54296875, Validation loss 108535.794921875
2022-03-03 13:00:03,928:INFO:Epoch 108, Training loss 108453.705078125, Validation loss 108537.626953125
2022-03-03 13:00:06,082:INFO:Epoch 109, Training loss 108449.517578125, Validation loss 108533.068359375
2022-03-03 13:00:08,230:INFO:Epoch 110, Training loss 108448.8359375, Validation loss 108535.703125
2022-03-03 13:00:10,430:INFO:Epoch 111, Training loss 108447.9296875, Validation loss 108536.40625
2022-03-03 13:00:12,580:INFO:Epoch 112, Training loss 108448.392578125, Validation loss 108533.611328125
2022-03-03 13:00:14,730:INFO:Epoch 113, Training loss 108447.787109375, Validation loss 108533.40234375
2022-03-03 13:00:16,888:INFO:Epoch 114, Training loss 108447.953125, Validation loss 108533.771484375
2022-03-03 13:00:19,073:INFO:Epoch 115, Training loss 108448.986328125, Validation loss 108538.63671875
2022-03-03 13:00:21,233:INFO:Epoch 116, Training loss 108447.583984375, Validation loss 108533.880859375
2022-03-03 13:00:23,362:INFO:Epoch 117, Training loss 108446.775390625, Validation loss 108533.619140625
2022-03-03 13:00:25,527:INFO:Epoch 118, Training loss 108445.830078125, Validation loss 108534.939453125
2022-03-03 13:00:27,704:INFO:Epoch 119, Training loss 108445.671875, Validation loss 108535.248046875
2022-03-03 13:00:29,879:INFO:Epoch 120, Training loss 108446.48828125, Validation loss 108536.654296875
2022-03-03 13:00:31,997:INFO:Epoch 121, Training loss 108444.775390625, Validation loss 108533.22265625
2022-03-03 13:00:34,172:INFO:Epoch 122, Training loss 108445.35546875, Validation loss 108535.09765625
2022-03-03 13:00:36,297:INFO:Epoch 123, Training loss 108444.72265625, Validation loss 108535.6796875
2022-03-03 13:00:38,519:INFO:Epoch 124, Training loss 108444.794921875, Validation loss 108535.61328125
2022-03-03 13:00:38,525:INFO:Finished training
