2021-11-18 16:14:01,320:INFO:All directories created, ready to load the data
2021-11-18 16:14:01,348:INFO:Dataset loaded from /data/theorie/jthoeve/event_generation/events_high_stats/lin/cHq3/events_25.npy
2021-11-18 16:14:01,385:INFO:Dataset loaded from /data/theorie/jthoeve/event_generation/events_high_stats/sm/events_25.npy
2021-11-18 16:14:05,043:INFO:Epoch 1, Training loss 77331.71875, Validation loss 76559.9375
2021-11-18 16:14:08,711:INFO:Epoch 2, Training loss 76562.0546875, Validation loss 75912.484375
2021-11-18 16:14:12,403:INFO:Epoch 3, Training loss 75914.125, Validation loss 75372.265625
2021-11-18 16:14:15,984:INFO:Epoch 4, Training loss 75373.578125, Validation loss 74926.1640625
2021-11-18 16:14:19,601:INFO:Epoch 5, Training loss 74927.15625, Validation loss 74564.1015625
2021-11-18 16:14:23,152:INFO:Epoch 6, Training loss 74564.796875, Validation loss 74274.2421875
2021-11-18 16:14:26,749:INFO:Epoch 7, Training loss 74275.3046875, Validation loss 74056.2890625
2021-11-18 16:14:30,363:INFO:Epoch 8, Training loss 74057.7421875, Validation loss 73906.6953125
2021-11-18 16:14:33,921:INFO:Epoch 9, Training loss 73908.2109375, Validation loss 73818.484375
2021-11-18 16:14:37,524:INFO:Epoch 10, Training loss 73819.875, Validation loss 73781.53125
2021-11-18 16:14:41,149:INFO:Epoch 11, Training loss 73782.7734375, Validation loss 73783.59375
2021-11-18 16:14:44,719:INFO:Epoch 12, Training loss 73784.75, Validation loss 73811.03125
2021-11-18 16:14:48,383:INFO:Epoch 13, Training loss 73812.0859375, Validation loss 73849.828125
2021-11-18 16:14:51,920:INFO:Epoch 14, Training loss 73850.921875, Validation loss 73888.5859375
2021-11-18 16:14:55,513:INFO:Epoch 15, Training loss 73889.6953125, Validation loss 73919.4296875
2021-11-18 16:14:59,111:INFO:Epoch 16, Training loss 73920.421875, Validation loss 73938.015625
2021-11-18 16:15:02,678:INFO:Epoch 17, Training loss 73938.8125, Validation loss 73942.9921875
2021-11-18 16:15:06,286:INFO:Epoch 18, Training loss 73943.546875, Validation loss 73935.171875
2021-11-18 16:15:09,916:INFO:Epoch 19, Training loss 73935.5, Validation loss 73917.0
2021-11-18 16:15:13,457:INFO:Epoch 20, Training loss 73917.0390625, Validation loss 73891.46875
2021-11-18 16:15:17,049:INFO:Epoch 21, Training loss 73891.25, Validation loss 73861.3984375
2021-11-18 16:15:20,580:INFO:Epoch 22, Training loss 73860.859375, Validation loss 73829.7890625
2021-11-18 16:15:24,183:INFO:Epoch 23, Training loss 73828.9921875, Validation loss 73799.5625
2021-11-18 16:15:27,835:INFO:Epoch 24, Training loss 73798.4921875, Validation loss 73773.1875
2021-11-18 16:15:31,398:INFO:Epoch 25, Training loss 73771.59375, Validation loss 73752.4609375
2021-11-18 16:15:35,026:INFO:Epoch 26, Training loss 73750.265625, Validation loss 73738.8125
2021-11-18 16:15:38,661:INFO:Epoch 27, Training loss 73736.0, Validation loss 73732.3125
2021-11-18 16:15:42,200:INFO:Epoch 28, Training loss 73729.09375, Validation loss 73732.0390625
2021-11-18 16:15:45,795:INFO:Epoch 29, Training loss 73728.6484375, Validation loss 73736.328125
2021-11-18 16:15:49,337:INFO:Epoch 30, Training loss 73732.8125, Validation loss 73743.1796875
2021-11-18 16:15:52,932:INFO:Epoch 31, Training loss 73739.46875, Validation loss 73750.671875
2021-11-18 16:15:56,549:INFO:Epoch 32, Training loss 73746.734375, Validation loss 73756.953125
2021-11-18 16:16:00,124:INFO:Epoch 33, Training loss 73752.859375, Validation loss 73760.875
2021-11-18 16:16:03,745:INFO:Epoch 34, Training loss 73756.6875, Validation loss 73761.8828125
2021-11-18 16:16:07,353:INFO:Epoch 35, Training loss 73757.5625, Validation loss 73760.109375
2021-11-18 16:16:10,931:INFO:Epoch 36, Training loss 73755.703125, Validation loss 73756.1953125
2021-11-18 16:16:14,532:INFO:Epoch 37, Training loss 73751.765625, Validation loss 73751.015625
2021-11-18 16:16:18,128:INFO:Epoch 38, Training loss 73746.6015625, Validation loss 73745.4296875
2021-11-18 16:16:21,743:INFO:Epoch 39, Training loss 73741.0625, Validation loss 73740.1875
2021-11-18 16:16:25,383:INFO:Epoch 40, Training loss 73735.859375, Validation loss 73735.8359375
2021-11-18 16:16:28,960:INFO:Epoch 41, Training loss 73731.5703125, Validation loss 73732.65625
2021-11-18 16:16:32,532:INFO:Epoch 42, Training loss 73728.484375, Validation loss 73730.734375
2021-11-18 16:16:36,065:INFO:Epoch 43, Training loss 73726.6640625, Validation loss 73729.921875
2021-11-18 16:16:39,637:INFO:Epoch 44, Training loss 73725.96875, Validation loss 73730.0
2021-11-18 16:16:43,237:INFO:Epoch 45, Training loss 73726.15625, Validation loss 73730.671875
2021-11-18 16:16:46,789:INFO:Epoch 46, Training loss 73726.90625, Validation loss 73731.6171875
2021-11-18 16:16:50,390:INFO:Epoch 47, Training loss 73727.921875, Validation loss 73732.5703125
2021-11-18 16:16:54,024:INFO:Epoch 48, Training loss 73728.921875, Validation loss 73733.3125
2021-11-18 16:16:57,613:INFO:Epoch 49, Training loss 73729.6796875, Validation loss 73733.7421875
2021-11-18 16:17:01,197:INFO:Epoch 50, Training loss 73730.0859375, Validation loss 73733.828125
2021-11-18 16:17:04,740:INFO:Epoch 51, Training loss 73730.109375, Validation loss 73733.5625
2021-11-18 16:17:08,317:INFO:Epoch 52, Training loss 73729.75, Validation loss 73733.0078125
2021-11-18 16:17:11,932:INFO:Epoch 53, Training loss 73729.0546875, Validation loss 73732.265625
2021-11-18 16:17:15,483:INFO:Epoch 54, Training loss 73728.1484375, Validation loss 73731.453125
2021-11-18 16:17:19,138:INFO:Epoch 55, Training loss 73727.1484375, Validation loss 73730.6953125
2021-11-18 16:17:22,783:INFO:Epoch 56, Training loss 73726.2109375, Validation loss 73730.0703125
2021-11-18 16:17:26,336:INFO:Epoch 57, Training loss 73725.390625, Validation loss 73729.6328125
2021-11-18 16:17:29,934:INFO:Epoch 58, Training loss 73724.78125, Validation loss 73729.40625
2021-11-18 16:17:33,472:INFO:Epoch 59, Training loss 73724.40625, Validation loss 73729.3984375
2021-11-18 16:17:37,061:INFO:Epoch 60, Training loss 73724.25, Validation loss 73729.5390625
2021-11-18 16:17:40,685:INFO:Epoch 61, Training loss 73724.2734375, Validation loss 73729.765625
2021-11-18 16:17:44,897:INFO:Epoch 62, Training loss 73724.3984375, Validation loss 73730.0
2021-11-18 16:17:48,535:INFO:Epoch 63, Training loss 73724.546875, Validation loss 73730.1796875
2021-11-18 16:17:52,072:INFO:Epoch 64, Training loss 73724.6796875, Validation loss 73730.265625
2021-11-18 16:17:55,641:INFO:Epoch 65, Training loss 73724.734375, Validation loss 73730.2265625
2021-11-18 16:17:59,242:INFO:Epoch 66, Training loss 73724.6953125, Validation loss 73730.078125
2021-11-18 16:18:02,792:INFO:Epoch 67, Training loss 73724.5703125, Validation loss 73729.8515625
2021-11-18 16:18:06,521:INFO:Epoch 68, Training loss 73724.3984375, Validation loss 73729.59375
2021-11-18 16:18:10,151:INFO:Epoch 69, Training loss 73724.2109375, Validation loss 73729.34375
2021-11-18 16:18:13,730:INFO:Epoch 70, Training loss 73724.0234375, Validation loss 73729.125
2021-11-18 16:18:17,374:INFO:Epoch 71, Training loss 73723.859375, Validation loss 73728.9375
2021-11-18 16:18:20,950:INFO:Epoch 72, Training loss 73723.7265625, Validation loss 73728.8125
2021-11-18 16:18:24,530:INFO:Epoch 73, Training loss 73723.6328125, Validation loss 73728.734375
2021-11-18 16:18:28,134:INFO:Epoch 74, Training loss 73723.5859375, Validation loss 73728.6953125
2021-11-18 16:18:31,698:INFO:Epoch 75, Training loss 73723.5546875, Validation loss 73728.6953125
2021-11-18 16:18:35,322:INFO:Epoch 76, Training loss 73723.546875, Validation loss 73728.703125
2021-11-18 16:18:38,956:INFO:Epoch 77, Training loss 73723.5390625, Validation loss 73728.71875
2021-11-18 16:18:42,550:INFO:Epoch 78, Training loss 73723.515625, Validation loss 73728.7265625
2021-11-18 16:18:46,140:INFO:Epoch 79, Training loss 73723.4921875, Validation loss 73728.734375
2021-11-18 16:18:49,689:INFO:Epoch 80, Training loss 73723.453125, Validation loss 73728.734375
2021-11-18 16:18:53,292:INFO:Epoch 81, Training loss 73723.3984375, Validation loss 73728.734375
2021-11-18 16:18:56,905:INFO:Epoch 82, Training loss 73723.328125, Validation loss 73728.734375
2021-11-18 16:19:00,482:INFO:Epoch 83, Training loss 73723.265625, Validation loss 73728.7421875
2021-11-18 16:19:04,105:INFO:Epoch 84, Training loss 73723.2109375, Validation loss 73728.75
2021-11-18 16:19:07,675:INFO:Epoch 85, Training loss 73723.1640625, Validation loss 73728.765625
2021-11-18 16:19:11,244:INFO:Epoch 86, Training loss 73723.1328125, Validation loss 73728.7890625
2021-11-18 16:19:14,849:INFO:Epoch 87, Training loss 73723.109375, Validation loss 73728.8125
2021-11-18 16:19:18,439:INFO:Epoch 88, Training loss 73723.0859375, Validation loss 73728.828125
2021-11-18 16:19:22,057:INFO:Epoch 89, Training loss 73723.0703125, Validation loss 73728.8359375
2021-11-18 16:19:25,698:INFO:Epoch 90, Training loss 73723.046875, Validation loss 73728.8359375
2021-11-18 16:19:29,285:INFO:Epoch 91, Training loss 73723.015625, Validation loss 73728.8203125
2021-11-18 16:19:32,913:INFO:Epoch 92, Training loss 73722.9765625, Validation loss 73728.7890625
2021-11-18 16:19:36,525:INFO:Epoch 93, Training loss 73722.9375, Validation loss 73728.7578125
2021-11-18 16:19:40,204:INFO:Epoch 94, Training loss 73722.8984375, Validation loss 73728.7265625
2021-11-18 16:19:43,830:INFO:Epoch 95, Training loss 73722.8515625, Validation loss 73728.6953125
2021-11-18 16:19:47,395:INFO:Epoch 96, Training loss 73722.8203125, Validation loss 73728.671875
2021-11-18 16:19:51,025:INFO:Epoch 97, Training loss 73722.7890625, Validation loss 73728.6484375
2021-11-18 16:19:54,678:INFO:Epoch 98, Training loss 73722.7578125, Validation loss 73728.640625
2021-11-18 16:19:58,264:INFO:Epoch 99, Training loss 73722.7265625, Validation loss 73728.6328125
2021-11-18 16:20:01,917:INFO:Epoch 100, Training loss 73722.703125, Validation loss 73728.6328125
2021-11-18 16:20:05,460:INFO:Epoch 101, Training loss 73722.6640625, Validation loss 73728.640625
2021-11-18 16:20:09,072:INFO:Epoch 102, Training loss 73722.6328125, Validation loss 73728.65625
2021-11-18 16:20:12,690:INFO:Epoch 103, Training loss 73722.609375, Validation loss 73728.671875
2021-11-18 16:20:16,281:INFO:Epoch 104, Training loss 73722.578125, Validation loss 73728.6953125
2021-11-18 16:20:19,980:INFO:Epoch 105, Training loss 73722.5390625, Validation loss 73728.71875
2021-11-18 16:20:23,652:INFO:Epoch 106, Training loss 73722.5078125, Validation loss 73728.75
2021-11-18 16:20:27,213:INFO:Epoch 107, Training loss 73722.484375, Validation loss 73728.7734375
2021-11-18 16:20:30,831:INFO:Epoch 108, Training loss 73722.4609375, Validation loss 73728.796875
2021-11-18 16:20:34,402:INFO:Epoch 109, Training loss 73722.4375, Validation loss 73728.8125
2021-11-18 16:20:38,059:INFO:Epoch 110, Training loss 73722.4140625, Validation loss 73728.828125
2021-11-18 16:20:41,702:INFO:Epoch 111, Training loss 73722.3828125, Validation loss 73728.8359375
2021-11-18 16:20:45,286:INFO:Epoch 112, Training loss 73722.359375, Validation loss 73728.8359375
2021-11-18 16:20:48,944:INFO:Epoch 113, Training loss 73722.328125, Validation loss 73728.8359375
2021-11-18 16:20:52,624:INFO:Epoch 114, Training loss 73722.3125, Validation loss 73728.8359375
2021-11-18 16:20:56,216:INFO:Epoch 115, Training loss 73722.2890625, Validation loss 73728.828125
2021-11-18 16:20:59,842:INFO:Epoch 116, Training loss 73722.2578125, Validation loss 73728.8125
2021-11-18 16:21:03,430:INFO:Epoch 117, Training loss 73722.234375, Validation loss 73728.8046875
2021-11-18 16:21:07,064:INFO:Epoch 118, Training loss 73722.2109375, Validation loss 73728.796875
2021-11-18 16:21:10,717:INFO:Epoch 119, Training loss 73722.1875, Validation loss 73728.7890625
2021-11-18 16:21:14,327:INFO:Epoch 120, Training loss 73722.15625, Validation loss 73728.78125
2021-11-18 16:21:18,001:INFO:Epoch 121, Training loss 73722.1328125, Validation loss 73728.7734375
2021-11-18 16:21:21,667:INFO:Epoch 122, Training loss 73722.109375, Validation loss 73728.7734375
2021-11-18 16:21:25,299:INFO:Epoch 123, Training loss 73722.0859375, Validation loss 73728.78125
2021-11-18 16:21:28,949:INFO:Epoch 124, Training loss 73722.0625, Validation loss 73728.78125
2021-11-18 16:21:32,550:INFO:Epoch 125, Training loss 73722.0390625, Validation loss 73728.78125
2021-11-18 16:21:36,203:INFO:Epoch 126, Training loss 73722.0078125, Validation loss 73728.7890625
2021-11-18 16:21:39,882:INFO:Epoch 127, Training loss 73721.984375, Validation loss 73728.7890625
2021-11-18 16:21:43,532:INFO:Epoch 128, Training loss 73721.9609375, Validation loss 73728.7890625
2021-11-18 16:21:47,168:INFO:Epoch 129, Training loss 73721.9375, Validation loss 73728.7890625
2021-11-18 16:21:50,763:INFO:Epoch 130, Training loss 73721.90625, Validation loss 73728.7890625
2021-11-18 16:21:54,400:INFO:Epoch 131, Training loss 73721.8828125, Validation loss 73728.7890625
2021-11-18 16:21:58,055:INFO:Epoch 132, Training loss 73721.859375, Validation loss 73728.78125
2021-11-18 16:22:01,654:INFO:Epoch 133, Training loss 73721.8359375, Validation loss 73728.78125
2021-11-18 16:22:05,336:INFO:Epoch 134, Training loss 73721.8125, Validation loss 73728.7734375
2021-11-18 16:22:09,040:INFO:Epoch 135, Training loss 73721.7890625, Validation loss 73728.765625
2021-11-18 16:22:12,685:INFO:Epoch 136, Training loss 73721.7578125, Validation loss 73728.765625
2021-11-18 16:22:16,341:INFO:Epoch 137, Training loss 73721.734375, Validation loss 73728.7578125
2021-11-18 16:22:19,981:INFO:Epoch 138, Training loss 73721.7109375, Validation loss 73728.765625
2021-11-18 16:22:23,645:INFO:Epoch 139, Training loss 73721.6875, Validation loss 73728.7734375
2021-11-18 16:22:27,330:INFO:Epoch 140, Training loss 73721.6640625, Validation loss 73728.7734375
2021-11-18 16:22:30,961:INFO:Epoch 141, Training loss 73721.640625, Validation loss 73728.78125
2021-11-18 16:22:34,661:INFO:Epoch 142, Training loss 73721.609375, Validation loss 73728.7890625
2021-11-18 16:22:38,382:INFO:Epoch 143, Training loss 73721.5859375, Validation loss 73728.796875
2021-11-18 16:22:42,006:INFO:Epoch 144, Training loss 73721.5625, Validation loss 73728.796875
2021-11-18 16:22:45,653:INFO:Epoch 145, Training loss 73721.5390625, Validation loss 73728.8046875
2021-11-18 16:22:49,266:INFO:Epoch 146, Training loss 73721.515625, Validation loss 73728.8046875
2021-11-18 16:22:52,936:INFO:Epoch 147, Training loss 73721.4921875, Validation loss 73728.8046875
2021-11-18 16:22:56,625:INFO:Epoch 148, Training loss 73721.46875, Validation loss 73728.8046875
2021-11-18 16:23:00,247:INFO:Epoch 149, Training loss 73721.4453125, Validation loss 73728.8046875
2021-11-18 16:23:03,945:INFO:Epoch 150, Training loss 73721.421875, Validation loss 73728.8046875
2021-11-18 16:23:03,952:INFO:Finished training, producing training report at /data/theorie/jthoeve/ML4EFT_higgs/models/17_11/model_final_lin_cHq3_v7/mc_run_25/plots/training_report/
2021-11-18 16:23:05,337:WARNING:findfont: Font family ['sans-serif'] not found. Falling back to DejaVu Sans.
