2021-11-17 17:54:11,604:INFO:All directories created, ready to load the data
2021-11-17 17:54:11,671:INFO:Dataset loaded from /data/theorie/jthoeve/event_generation/events_high_stats/lin/cHW/events_27.npy
2021-11-17 17:54:11,719:INFO:Dataset loaded from /data/theorie/jthoeve/event_generation/events_high_stats/sm/events_27.npy
2021-11-17 17:54:15,170:INFO:Epoch 1, Training loss 208009.8046875, Validation loss 208009.8046875
2021-11-17 17:54:18,522:INFO:Epoch 2, Training loss 208009.8046875, Validation loss 208009.8046875
2021-11-17 17:54:21,864:INFO:Epoch 3, Training loss 208009.8046875, Validation loss 208009.8046875
2021-11-17 17:54:25,251:INFO:Epoch 4, Training loss 208009.8046875, Validation loss 208009.8046875
2021-11-17 17:54:28,593:INFO:Epoch 5, Training loss 208009.8046875, Validation loss 208009.8046875
2021-11-17 17:54:31,949:INFO:Epoch 6, Training loss 208009.8046875, Validation loss 208009.8046875
2021-11-17 17:54:35,273:INFO:Epoch 7, Training loss 208009.8046875, Validation loss 208009.8046875
2021-11-17 17:54:38,642:INFO:Epoch 8, Training loss 208009.8046875, Validation loss 208009.8046875
2021-11-17 17:54:41,968:INFO:Epoch 9, Training loss 208009.8046875, Validation loss 208009.8046875
2021-11-17 17:54:45,299:INFO:Epoch 10, Training loss 208009.8046875, Validation loss 208009.8046875
2021-11-17 17:54:48,657:INFO:Epoch 11, Training loss 208009.8046875, Validation loss 208009.8046875
2021-11-17 17:54:48,661:INFO:Detected stagant training, reset the weights
2021-11-17 17:54:52,011:INFO:Epoch 12, Training loss 126863.63671875, Validation loss 122172.15234375
2021-11-17 17:54:55,360:INFO:Epoch 13, Training loss 119370.865234375, Validation loss 115623.484375
2021-11-17 17:54:58,686:INFO:Epoch 14, Training loss 113668.00390625, Validation loss 111096.208984375
2021-11-17 17:55:02,041:INFO:Epoch 15, Training loss 110156.630859375, Validation loss 109477.30859375
2021-11-17 17:55:05,390:INFO:Epoch 16, Training loss 109681.244140625, Validation loss 109860.578125
2021-11-17 17:55:08,744:INFO:Epoch 17, Training loss 109727.03515625, Validation loss 109396.03515625
2021-11-17 17:55:12,054:INFO:Epoch 18, Training loss 109297.541015625, Validation loss 109195.271484375
2021-11-17 17:55:15,412:INFO:Epoch 19, Training loss 109260.982421875, Validation loss 109224.150390625
2021-11-17 17:55:18,747:INFO:Epoch 20, Training loss 109223.38671875, Validation loss 109116.4453125
2021-11-17 17:55:22,131:INFO:Epoch 21, Training loss 109147.34375, Validation loss 109083.388671875
2021-11-17 17:55:25,450:INFO:Epoch 22, Training loss 109128.4296875, Validation loss 109051.8125
2021-11-17 17:55:28,811:INFO:Epoch 23, Training loss 109090.205078125, Validation loss 109003.58203125
2021-11-17 17:55:32,131:INFO:Epoch 24, Training loss 109059.474609375, Validation loss 108979.85546875
2021-11-17 17:55:35,505:INFO:Epoch 25, Training loss 109036.1171875, Validation loss 108946.3203125
2021-11-17 17:55:38,827:INFO:Epoch 26, Training loss 109009.626953125, Validation loss 108925.107421875
2021-11-17 17:55:42,176:INFO:Epoch 27, Training loss 108991.21875, Validation loss 108900.712890625
2021-11-17 17:55:45,511:INFO:Epoch 28, Training loss 108971.025390625, Validation loss 108884.55859375
2021-11-17 17:55:48,888:INFO:Epoch 29, Training loss 108953.474609375, Validation loss 108870.251953125
2021-11-17 17:55:52,222:INFO:Epoch 30, Training loss 108940.921875, Validation loss 108859.07421875
2021-11-17 17:55:55,560:INFO:Epoch 31, Training loss 108928.79296875, Validation loss 108850.375
2021-11-17 17:55:58,908:INFO:Epoch 32, Training loss 108923.09765625, Validation loss 108842.91796875
2021-11-17 17:56:02,262:INFO:Epoch 33, Training loss 108917.310546875, Validation loss 108838.916015625
2021-11-17 17:56:05,626:INFO:Epoch 34, Training loss 108912.884765625, Validation loss 108841.685546875
2021-11-17 17:56:08,956:INFO:Epoch 35, Training loss 108910.392578125, Validation loss 108838.361328125
2021-11-17 17:56:12,306:INFO:Epoch 36, Training loss 108908.728515625, Validation loss 108834.69140625
2021-11-17 17:56:15,660:INFO:Epoch 37, Training loss 108907.9921875, Validation loss 108836.43359375
2021-11-17 17:56:19,004:INFO:Epoch 38, Training loss 108907.017578125, Validation loss 108835.00390625
2021-11-17 17:56:22,320:INFO:Epoch 39, Training loss 108904.935546875, Validation loss 108834.412109375
2021-11-17 17:56:25,681:INFO:Epoch 40, Training loss 108903.556640625, Validation loss 108833.6640625
2021-11-17 17:56:28,997:INFO:Epoch 41, Training loss 108903.853515625, Validation loss 108833.25
2021-11-17 17:56:32,386:INFO:Epoch 42, Training loss 108903.46875, Validation loss 108833.1015625
2021-11-17 17:56:35,704:INFO:Epoch 43, Training loss 108902.353515625, Validation loss 108835.40625
2021-11-17 17:56:39,065:INFO:Epoch 44, Training loss 108902.16796875, Validation loss 108835.9921875
2021-11-17 17:56:42,387:INFO:Epoch 45, Training loss 108902.10546875, Validation loss 108833.458984375
2021-11-17 17:56:45,769:INFO:Epoch 46, Training loss 108902.056640625, Validation loss 108832.8359375
2021-11-17 17:56:49,096:INFO:Epoch 47, Training loss 108901.662109375, Validation loss 108831.955078125
2021-11-17 17:56:52,448:INFO:Epoch 48, Training loss 108901.25, Validation loss 108834.42578125
2021-11-17 17:56:55,793:INFO:Epoch 49, Training loss 108900.626953125, Validation loss 108834.3515625
2021-11-17 17:56:59,187:INFO:Epoch 50, Training loss 108900.21875, Validation loss 108833.626953125
2021-11-17 17:57:02,550:INFO:Epoch 51, Training loss 108900.556640625, Validation loss 108832.734375
2021-11-17 17:57:05,930:INFO:Epoch 52, Training loss 108899.708984375, Validation loss 108833.20703125
2021-11-17 17:57:09,291:INFO:Epoch 53, Training loss 108899.19921875, Validation loss 108834.169921875
2021-11-17 17:57:12,677:INFO:Epoch 54, Training loss 108899.033203125, Validation loss 108834.14453125
2021-11-17 17:57:16,048:INFO:Epoch 55, Training loss 108899.85546875, Validation loss 108833.673828125
2021-11-17 17:57:19,393:INFO:Epoch 56, Training loss 108899.25, Validation loss 108831.783203125
2021-11-17 17:57:22,766:INFO:Epoch 57, Training loss 108899.462890625, Validation loss 108833.828125
2021-11-17 17:57:26,148:INFO:Epoch 58, Training loss 108898.734375, Validation loss 108834.8046875
2021-11-17 17:57:29,527:INFO:Epoch 59, Training loss 108898.5859375, Validation loss 108833.75390625
2021-11-17 17:57:32,865:INFO:Epoch 60, Training loss 108897.916015625, Validation loss 108834.806640625
2021-11-17 17:57:36,252:INFO:Epoch 61, Training loss 108897.95703125, Validation loss 108836.220703125
2021-11-17 17:57:39,591:INFO:Epoch 62, Training loss 108898.568359375, Validation loss 108835.59375
2021-11-17 17:57:43,001:INFO:Epoch 63, Training loss 108897.3515625, Validation loss 108834.52734375
2021-11-17 17:57:46,351:INFO:Epoch 64, Training loss 108898.287109375, Validation loss 108834.55078125
2021-11-17 17:57:49,728:INFO:Epoch 65, Training loss 108896.654296875, Validation loss 108835.736328125
2021-11-17 17:57:53,076:INFO:Epoch 66, Training loss 108896.833984375, Validation loss 108836.2265625
2021-11-17 17:57:56,486:INFO:Epoch 67, Training loss 108896.69921875, Validation loss 108835.166015625
2021-11-17 17:57:59,839:INFO:Epoch 68, Training loss 108896.02734375, Validation loss 108833.98046875
2021-11-17 17:58:03,215:INFO:Epoch 69, Training loss 108895.9765625, Validation loss 108834.123046875
2021-11-17 17:58:06,595:INFO:Epoch 70, Training loss 108896.02734375, Validation loss 108835.30078125
2021-11-17 17:58:09,983:INFO:Epoch 71, Training loss 108896.140625, Validation loss 108836.435546875
2021-11-17 17:58:13,353:INFO:Epoch 72, Training loss 108895.82421875, Validation loss 108835.048828125
2021-11-17 17:58:16,715:INFO:Epoch 73, Training loss 108895.5625, Validation loss 108834.4609375
2021-11-17 17:58:20,085:INFO:Epoch 74, Training loss 108895.384765625, Validation loss 108834.708984375
2021-11-17 17:58:23,477:INFO:Epoch 75, Training loss 108895.546875, Validation loss 108835.216796875
2021-11-17 17:58:26,849:INFO:Epoch 76, Training loss 108895.634765625, Validation loss 108836.712890625
2021-11-17 17:58:26,855:INFO:Finished training, producing training report at /data/theorie/jthoeve/ML4EFT_higgs/models/17_11/model_final_lin_cHW/mc_run_27/plots/training_report/
2021-11-17 17:58:27,159:WARNING:findfont: Font family ['sans-serif'] not found. Falling back to DejaVu Sans.
