2022-01-24 14:09:39,940:INFO:All directories created, ready to load the data
2022-01-24 14:09:39,975:INFO:Dataset loaded from /data/theorie/jthoeve/event_generation/events_high_stats/pT/lin/cHq3/events_28.npy
2022-01-24 14:09:39,981:INFO:Dataset loaded from /data/theorie/jthoeve/event_generation/events_high_stats/pT/sm/events_28.npy
2022-01-24 14:09:42,462:INFO:Epoch 1, Training loss 82922.7138671875, Validation loss 79251.32421875
2022-01-24 14:09:44,937:INFO:Epoch 2, Training loss 77374.3310546875, Validation loss 75272.6796875
2022-01-24 14:09:47,398:INFO:Epoch 3, Training loss 74605.0908203125, Validation loss 74004.5615234375
2022-01-24 14:09:49,897:INFO:Epoch 4, Training loss 73919.435546875, Validation loss 73931.1162109375
2022-01-24 14:09:52,373:INFO:Epoch 5, Training loss 73970.5712890625, Validation loss 74031.36328125
2022-01-24 14:09:54,841:INFO:Epoch 6, Training loss 74005.3935546875, Validation loss 73957.94921875
2022-01-24 14:09:57,332:INFO:Epoch 7, Training loss 73891.4052734375, Validation loss 73813.66796875
2022-01-24 14:09:59,841:INFO:Epoch 8, Training loss 73769.7861328125, Validation loss 73735.740234375
2022-01-24 14:10:02,338:INFO:Epoch 9, Training loss 73731.955078125, Validation loss 73746.642578125
2022-01-24 14:10:04,806:INFO:Epoch 10, Training loss 73750.0947265625, Validation loss 73753.751953125
2022-01-24 14:10:07,308:INFO:Epoch 11, Training loss 73743.61328125, Validation loss 73736.052734375
2022-01-24 14:10:09,816:INFO:Epoch 12, Training loss 73729.9404296875, Validation loss 73731.4375
2022-01-24 14:10:12,329:INFO:Epoch 13, Training loss 73729.146484375, Validation loss 73734.2138671875
2022-01-24 14:10:14,793:INFO:Epoch 14, Training loss 73730.724609375, Validation loss 73733.8759765625
2022-01-24 14:10:17,303:INFO:Epoch 15, Training loss 73729.0302734375, Validation loss 73731.861328125
2022-01-24 14:10:19,782:INFO:Epoch 16, Training loss 73727.4013671875, Validation loss 73731.0615234375
2022-01-24 14:10:22,327:INFO:Epoch 17, Training loss 73727.1240234375, Validation loss 73731.359375
2022-01-24 14:10:24,804:INFO:Epoch 18, Training loss 73726.9375, Validation loss 73731.2880859375
2022-01-24 14:10:27,311:INFO:Epoch 19, Training loss 73726.51953125, Validation loss 73731.208984375
2022-01-24 14:10:29,796:INFO:Epoch 20, Training loss 73726.1708984375, Validation loss 73731.427734375
2022-01-24 14:10:32,355:INFO:Epoch 21, Training loss 73726.0224609375, Validation loss 73731.603515625
2022-01-24 14:10:34,851:INFO:Epoch 22, Training loss 73725.94921875, Validation loss 73731.4912109375
2022-01-24 14:10:37,353:INFO:Epoch 23, Training loss 73725.5908203125, Validation loss 73731.5751953125
2022-01-24 14:10:39,841:INFO:Epoch 24, Training loss 73725.4052734375, Validation loss 73731.591796875
2022-01-24 14:10:42,368:INFO:Epoch 25, Training loss 73725.2861328125, Validation loss 73731.6650390625
2022-01-24 14:10:44,867:INFO:Epoch 26, Training loss 73725.1953125, Validation loss 73731.7314453125
2022-01-24 14:10:47,362:INFO:Epoch 27, Training loss 73724.923828125, Validation loss 73731.7373046875
2022-01-24 14:10:49,899:INFO:Epoch 28, Training loss 73724.8330078125, Validation loss 73731.7265625
2022-01-24 14:10:52,418:INFO:Epoch 29, Training loss 73724.6669921875, Validation loss 73731.736328125
2022-01-24 14:10:54,931:INFO:Epoch 30, Training loss 73724.78515625, Validation loss 73731.802734375
2022-01-24 14:10:57,409:INFO:Epoch 31, Training loss 73724.4150390625, Validation loss 73731.841796875
2022-01-24 14:10:59,921:INFO:Epoch 32, Training loss 73724.2353515625, Validation loss 73731.833984375
2022-01-24 14:11:02,446:INFO:Epoch 33, Training loss 73724.0576171875, Validation loss 73731.869140625
2022-01-24 14:11:04,965:INFO:Epoch 34, Training loss 73723.9970703125, Validation loss 73731.9609375
2022-01-24 14:11:07,432:INFO:Epoch 35, Training loss 73723.8271484375, Validation loss 73732.0224609375
2022-01-24 14:11:09,964:INFO:Epoch 36, Training loss 73723.6923828125, Validation loss 73732.009765625
2022-01-24 14:11:12,442:INFO:Epoch 37, Training loss 73723.5595703125, Validation loss 73732.1015625
2022-01-24 14:11:14,991:INFO:Epoch 38, Training loss 73723.46875, Validation loss 73732.107421875
2022-01-24 14:11:17,471:INFO:Epoch 39, Training loss 73723.1328125, Validation loss 73732.080078125
2022-01-24 14:11:19,985:INFO:Epoch 40, Training loss 73722.986328125, Validation loss 73732.08203125
2022-01-24 14:11:22,465:INFO:Epoch 41, Training loss 73722.9814453125, Validation loss 73732.046875
2022-01-24 14:11:25,000:INFO:Epoch 42, Training loss 73722.9638671875, Validation loss 73732.16015625
2022-01-24 14:11:27,487:INFO:Epoch 43, Training loss 73722.7373046875, Validation loss 73732.2314453125
2022-01-24 14:11:29,981:INFO:Epoch 44, Training loss 73722.5478515625, Validation loss 73732.1826171875
2022-01-24 14:11:32,468:INFO:Epoch 45, Training loss 73722.689453125, Validation loss 73732.08203125
2022-01-24 14:11:34,990:INFO:Epoch 46, Training loss 73722.291015625, Validation loss 73732.1787109375
2022-01-24 14:11:37,487:INFO:Epoch 47, Training loss 73722.169921875, Validation loss 73732.1962890625
2022-01-24 14:11:39,902:INFO:Epoch 48, Training loss 73722.0771484375, Validation loss 73732.1328125
2022-01-24 14:11:42,307:INFO:Epoch 49, Training loss 73721.931640625, Validation loss 73732.0302734375
2022-01-24 14:11:44,696:INFO:Epoch 50, Training loss 73721.9853515625, Validation loss 73732.2001953125
2022-01-24 14:11:47,086:INFO:Epoch 51, Training loss 73721.5595703125, Validation loss 73732.2373046875
2022-01-24 14:11:49,440:INFO:Epoch 52, Training loss 73721.787109375, Validation loss 73732.369140625
2022-01-24 14:11:51,821:INFO:Epoch 53, Training loss 73721.25, Validation loss 73732.3408203125
2022-01-24 14:11:54,196:INFO:Epoch 54, Training loss 73721.2431640625, Validation loss 73732.3076171875
2022-01-24 14:11:56,591:INFO:Epoch 55, Training loss 73721.037109375, Validation loss 73732.3193359375
2022-01-24 14:11:58,946:INFO:Epoch 56, Training loss 73720.98046875, Validation loss 73732.41796875
2022-01-24 14:12:01,338:INFO:Epoch 57, Training loss 73720.7314453125, Validation loss 73732.41015625
2022-01-24 14:12:03,685:INFO:Epoch 58, Training loss 73720.66015625, Validation loss 73732.50390625
2022-01-24 14:12:06,109:INFO:Epoch 59, Training loss 73721.2861328125, Validation loss 73732.6748046875
2022-01-24 14:12:08,460:INFO:Epoch 60, Training loss 73720.4287109375, Validation loss 73732.5517578125
2022-01-24 14:12:10,842:INFO:Epoch 61, Training loss 73721.1328125, Validation loss 73732.4775390625
2022-01-24 14:12:13,201:INFO:Epoch 62, Training loss 73720.375, Validation loss 73732.5322265625
2022-01-24 14:12:15,621:INFO:Epoch 63, Training loss 73720.4248046875, Validation loss 73733.076171875
2022-01-24 14:12:17,990:INFO:Epoch 64, Training loss 73720.2275390625, Validation loss 73732.701171875
2022-01-24 14:12:20,369:INFO:Epoch 65, Training loss 73719.8271484375, Validation loss 73732.744140625
2022-01-24 14:12:22,742:INFO:Epoch 66, Training loss 73719.791015625, Validation loss 73732.4638671875
2022-01-24 14:12:22,748:INFO:Finished training
