2022-01-24 14:05:53,621:INFO:All directories created, ready to load the data
2022-01-24 14:05:53,674:INFO:Dataset loaded from /data/theorie/jthoeve/event_generation/events_high_stats/pT/lin/cHW/events_13.npy
2022-01-24 14:05:53,731:INFO:Dataset loaded from /data/theorie/jthoeve/event_generation/events_high_stats/pT/sm/events_13.npy
2022-01-24 14:05:56,183:INFO:Epoch 1, Training loss 208000.82421875, Validation loss 207997.82421875
2022-01-24 14:05:58,582:INFO:Epoch 2, Training loss 207937.375, Validation loss 207735.26953125
2022-01-24 14:06:00,972:INFO:Epoch 3, Training loss 206992.77734375, Validation loss 204949.97265625
2022-01-24 14:06:03,388:INFO:Epoch 4, Training loss 198981.6015625, Validation loss 182500.515625
2022-01-24 14:06:05,770:INFO:Epoch 5, Training loss 165294.75390625, Validation loss 142859.333984375
2022-01-24 14:06:08,148:INFO:Epoch 6, Training loss 132668.19140625, Validation loss 120884.30078125
2022-01-24 14:06:10,537:INFO:Epoch 7, Training loss 116580.962890625, Validation loss 112067.962890625
2022-01-24 14:06:12,945:INFO:Epoch 8, Training loss 110757.09765625, Validation loss 109629.05078125
2022-01-24 14:06:15,344:INFO:Epoch 9, Training loss 109523.291015625, Validation loss 109613.517578125
2022-01-24 14:06:17,714:INFO:Epoch 10, Training loss 109772.953125, Validation loss 109999.603515625
2022-01-24 14:06:20,122:INFO:Epoch 11, Training loss 110050.92578125, Validation loss 110067.880859375
2022-01-24 14:06:22,582:INFO:Epoch 12, Training loss 109981.265625, Validation loss 109840.333984375
2022-01-24 14:06:24,984:INFO:Epoch 13, Training loss 109712.998046875, Validation loss 109558.82421875
2022-01-24 14:06:27,353:INFO:Epoch 14, Training loss 109461.79296875, Validation loss 109378.216796875
2022-01-24 14:06:29,757:INFO:Epoch 15, Training loss 109332.158203125, Validation loss 109324.1640625
2022-01-24 14:06:32,125:INFO:Epoch 16, Training loss 109308.068359375, Validation loss 109331.173828125
2022-01-24 14:06:34,561:INFO:Epoch 17, Training loss 109313.220703125, Validation loss 109328.349609375
2022-01-24 14:06:36,942:INFO:Epoch 18, Training loss 109299.34375, Validation loss 109303.267578125
2022-01-24 14:06:39,353:INFO:Epoch 19, Training loss 109271.095703125, Validation loss 109277.001953125
2022-01-24 14:06:41,737:INFO:Epoch 20, Training loss 109248.0859375, Validation loss 109260.509765625
2022-01-24 14:06:44,173:INFO:Epoch 21, Training loss 109233.39453125, Validation loss 109250.287109375
2022-01-24 14:06:46,562:INFO:Epoch 22, Training loss 109222.625, Validation loss 109240.21484375
2022-01-24 14:06:48,961:INFO:Epoch 23, Training loss 109211.037109375, Validation loss 109228.564453125
2022-01-24 14:06:51,348:INFO:Epoch 24, Training loss 109197.986328125, Validation loss 109216.962890625
2022-01-24 14:06:53,772:INFO:Epoch 25, Training loss 109185.83203125, Validation loss 109206.125
2022-01-24 14:06:56,168:INFO:Epoch 26, Training loss 109174.068359375, Validation loss 109196.072265625
2022-01-24 14:06:58,563:INFO:Epoch 27, Training loss 109163.150390625, Validation loss 109186.103515625
2022-01-24 14:07:00,964:INFO:Epoch 28, Training loss 109152.11328125, Validation loss 109176.11328125
2022-01-24 14:07:03,382:INFO:Epoch 29, Training loss 109141.2734375, Validation loss 109166.18359375
2022-01-24 14:07:05,777:INFO:Epoch 30, Training loss 109130.771484375, Validation loss 109156.388671875
2022-01-24 14:07:08,147:INFO:Epoch 31, Training loss 109119.83203125, Validation loss 109146.931640625
2022-01-24 14:07:10,564:INFO:Epoch 32, Training loss 109109.6640625, Validation loss 109137.55078125
2022-01-24 14:07:12,969:INFO:Epoch 33, Training loss 109099.046875, Validation loss 109128.26171875
2022-01-24 14:07:15,380:INFO:Epoch 34, Training loss 109089.1640625, Validation loss 109118.85546875
2022-01-24 14:07:17,744:INFO:Epoch 35, Training loss 109078.5703125, Validation loss 109109.458984375
2022-01-24 14:07:20,159:INFO:Epoch 36, Training loss 109068.267578125, Validation loss 109099.95703125
2022-01-24 14:07:22,532:INFO:Epoch 37, Training loss 109057.724609375, Validation loss 109090.412109375
2022-01-24 14:07:24,977:INFO:Epoch 38, Training loss 109047.091796875, Validation loss 109080.76171875
2022-01-24 14:07:27,357:INFO:Epoch 39, Training loss 109036.296875, Validation loss 109070.994140625
2022-01-24 14:07:29,772:INFO:Epoch 40, Training loss 109025.3203125, Validation loss 109061.12109375
2022-01-24 14:07:32,152:INFO:Epoch 41, Training loss 109014.25, Validation loss 109051.078125
2022-01-24 14:07:34,585:INFO:Epoch 42, Training loss 109002.875, Validation loss 109040.705078125
2022-01-24 14:07:36,979:INFO:Epoch 43, Training loss 108991.26953125, Validation loss 109030.205078125
2022-01-24 14:07:39,366:INFO:Epoch 44, Training loss 108979.625, Validation loss 109019.357421875
2022-01-24 14:07:41,748:INFO:Epoch 45, Training loss 108967.421875, Validation loss 109008.337890625
2022-01-24 14:07:44,170:INFO:Epoch 46, Training loss 108954.978515625, Validation loss 108997.064453125
2022-01-24 14:07:46,557:INFO:Epoch 47, Training loss 108942.16015625, Validation loss 108985.33203125
2022-01-24 14:07:48,943:INFO:Epoch 48, Training loss 108928.427734375, Validation loss 108971.587890625
2022-01-24 14:07:51,342:INFO:Epoch 49, Training loss 108912.0, Validation loss 108956.06640625
2022-01-24 14:07:53,750:INFO:Epoch 50, Training loss 108894.533203125, Validation loss 108939.609375
2022-01-24 14:07:56,151:INFO:Epoch 51, Training loss 108876.134765625, Validation loss 108920.775390625
2022-01-24 14:07:58,535:INFO:Epoch 52, Training loss 108854.20703125, Validation loss 108898.763671875
2022-01-24 14:08:00,947:INFO:Epoch 53, Training loss 108827.88671875, Validation loss 108874.322265625
2022-01-24 14:08:03,349:INFO:Epoch 54, Training loss 108799.431640625, Validation loss 108848.5703125
2022-01-24 14:08:05,764:INFO:Epoch 55, Training loss 108768.564453125, Validation loss 108822.373046875
2022-01-24 14:08:08,130:INFO:Epoch 56, Training loss 108738.05078125, Validation loss 108796.65625
2022-01-24 14:08:10,542:INFO:Epoch 57, Training loss 108705.833984375, Validation loss 108771.76171875
2022-01-24 14:08:12,911:INFO:Epoch 58, Training loss 108675.533203125, Validation loss 108748.345703125
2022-01-24 14:08:15,356:INFO:Epoch 59, Training loss 108647.697265625, Validation loss 108727.337890625
2022-01-24 14:08:17,736:INFO:Epoch 60, Training loss 108623.005859375, Validation loss 108709.126953125
2022-01-24 14:08:20,140:INFO:Epoch 61, Training loss 108602.25390625, Validation loss 108693.84765625
2022-01-24 14:08:22,528:INFO:Epoch 62, Training loss 108584.162109375, Validation loss 108681.18359375
2022-01-24 14:08:24,972:INFO:Epoch 63, Training loss 108567.46875, Validation loss 108669.298828125
2022-01-24 14:08:27,411:INFO:Epoch 64, Training loss 108553.33203125, Validation loss 108656.541015625
2022-01-24 14:08:29,812:INFO:Epoch 65, Training loss 108539.107421875, Validation loss 108647.2890625
2022-01-24 14:08:32,208:INFO:Epoch 66, Training loss 108528.138671875, Validation loss 108639.36328125
2022-01-24 14:08:34,631:INFO:Epoch 67, Training loss 108519.7578125, Validation loss 108631.97265625
2022-01-24 14:08:37,031:INFO:Epoch 68, Training loss 108511.572265625, Validation loss 108626.6171875
2022-01-24 14:08:39,416:INFO:Epoch 69, Training loss 108503.91796875, Validation loss 108624.9296875
2022-01-24 14:08:41,820:INFO:Epoch 70, Training loss 108498.326171875, Validation loss 108620.240234375
2022-01-24 14:08:44,237:INFO:Epoch 71, Training loss 108493.041015625, Validation loss 108618.724609375
2022-01-24 14:08:46,646:INFO:Epoch 72, Training loss 108488.455078125, Validation loss 108616.048828125
2022-01-24 14:08:49,027:INFO:Epoch 73, Training loss 108485.138671875, Validation loss 108614.23046875
2022-01-24 14:08:51,433:INFO:Epoch 74, Training loss 108480.609375, Validation loss 108615.4140625
2022-01-24 14:08:53,841:INFO:Epoch 75, Training loss 108476.408203125, Validation loss 108612.84375
2022-01-24 14:08:56,254:INFO:Epoch 76, Training loss 108473.40234375, Validation loss 108614.17578125
2022-01-24 14:08:58,624:INFO:Epoch 77, Training loss 108472.701171875, Validation loss 108613.556640625
2022-01-24 14:09:01,041:INFO:Epoch 78, Training loss 108469.904296875, Validation loss 108608.130859375
2022-01-24 14:09:03,412:INFO:Epoch 79, Training loss 108467.046875, Validation loss 108609.240234375
2022-01-24 14:09:05,848:INFO:Epoch 80, Training loss 108464.00390625, Validation loss 108608.591796875
2022-01-24 14:09:08,226:INFO:Epoch 81, Training loss 108463.82421875, Validation loss 108611.916015625
2022-01-24 14:09:10,627:INFO:Epoch 82, Training loss 108461.142578125, Validation loss 108608.736328125
2022-01-24 14:09:13,004:INFO:Epoch 83, Training loss 108460.78515625, Validation loss 108607.685546875
2022-01-24 14:09:15,455:INFO:Epoch 84, Training loss 108460.19140625, Validation loss 108609.998046875
2022-01-24 14:09:17,837:INFO:Epoch 85, Training loss 108459.216796875, Validation loss 108611.455078125
2022-01-24 14:09:20,243:INFO:Epoch 86, Training loss 108456.935546875, Validation loss 108608.001953125
2022-01-24 14:09:22,639:INFO:Epoch 87, Training loss 108456.51171875, Validation loss 108608.736328125
2022-01-24 14:09:25,069:INFO:Epoch 88, Training loss 108456.140625, Validation loss 108611.146484375
2022-01-24 14:09:27,486:INFO:Epoch 89, Training loss 108454.796875, Validation loss 108608.46875
2022-01-24 14:09:29,924:INFO:Epoch 90, Training loss 108455.16796875, Validation loss 108610.728515625
2022-01-24 14:09:32,416:INFO:Epoch 91, Training loss 108454.87890625, Validation loss 108605.3046875
2022-01-24 14:09:34,922:INFO:Epoch 92, Training loss 108454.1640625, Validation loss 108611.328125
2022-01-24 14:09:37,415:INFO:Epoch 93, Training loss 108452.5390625, Validation loss 108608.181640625
2022-01-24 14:09:39,888:INFO:Epoch 94, Training loss 108450.970703125, Validation loss 108609.083984375
2022-01-24 14:09:42,386:INFO:Epoch 95, Training loss 108451.52734375, Validation loss 108606.0234375
2022-01-24 14:09:44,884:INFO:Epoch 96, Training loss 108450.158203125, Validation loss 108608.818359375
2022-01-24 14:09:47,388:INFO:Epoch 97, Training loss 108450.796875, Validation loss 108608.7578125
2022-01-24 14:09:49,846:INFO:Epoch 98, Training loss 108448.94140625, Validation loss 108607.951171875
2022-01-24 14:09:52,357:INFO:Epoch 99, Training loss 108448.634765625, Validation loss 108605.8046875
2022-01-24 14:09:54,825:INFO:Epoch 100, Training loss 108447.521484375, Validation loss 108607.841796875
2022-01-24 14:09:57,364:INFO:Epoch 101, Training loss 108448.15625, Validation loss 108610.51171875
2022-01-24 14:09:59,830:INFO:Epoch 102, Training loss 108447.486328125, Validation loss 108606.94921875
2022-01-24 14:10:02,328:INFO:Epoch 103, Training loss 108446.185546875, Validation loss 108605.1953125
2022-01-24 14:10:04,812:INFO:Epoch 104, Training loss 108445.271484375, Validation loss 108606.763671875
2022-01-24 14:10:07,347:INFO:Epoch 105, Training loss 108446.755859375, Validation loss 108609.84375
2022-01-24 14:10:09,823:INFO:Epoch 106, Training loss 108444.4609375, Validation loss 108605.005859375
2022-01-24 14:10:12,309:INFO:Epoch 107, Training loss 108444.46875, Validation loss 108604.724609375
2022-01-24 14:10:14,799:INFO:Epoch 108, Training loss 108444.328125, Validation loss 108605.30078125
2022-01-24 14:10:17,325:INFO:Epoch 109, Training loss 108443.25390625, Validation loss 108607.30859375
2022-01-24 14:10:19,808:INFO:Epoch 110, Training loss 108444.138671875, Validation loss 108606.0859375
2022-01-24 14:10:22,280:INFO:Epoch 111, Training loss 108443.05078125, Validation loss 108605.58984375
2022-01-24 14:10:24,770:INFO:Epoch 112, Training loss 108446.40625, Validation loss 108608.095703125
2022-01-24 14:10:27,278:INFO:Epoch 113, Training loss 108444.361328125, Validation loss 108604.1640625
2022-01-24 14:10:29,767:INFO:Epoch 114, Training loss 108443.35546875, Validation loss 108604.47265625
2022-01-24 14:10:32,227:INFO:Epoch 115, Training loss 108443.3359375, Validation loss 108606.1796875
2022-01-24 14:10:34,726:INFO:Epoch 116, Training loss 108442.728515625, Validation loss 108607.099609375
2022-01-24 14:10:37,231:INFO:Epoch 117, Training loss 108443.69921875, Validation loss 108605.259765625
2022-01-24 14:10:39,737:INFO:Epoch 118, Training loss 108442.5078125, Validation loss 108606.77734375
2022-01-24 14:10:42,194:INFO:Epoch 119, Training loss 108441.8671875, Validation loss 108602.72265625
2022-01-24 14:10:44,702:INFO:Epoch 120, Training loss 108440.1171875, Validation loss 108608.423828125
2022-01-24 14:10:47,165:INFO:Epoch 121, Training loss 108439.6015625, Validation loss 108605.796875
2022-01-24 14:10:49,704:INFO:Epoch 122, Training loss 108439.935546875, Validation loss 108610.02734375
2022-01-24 14:10:52,171:INFO:Epoch 123, Training loss 108439.201171875, Validation loss 108605.09765625
2022-01-24 14:10:54,678:INFO:Epoch 124, Training loss 108440.546875, Validation loss 108604.560546875
2022-01-24 14:10:57,150:INFO:Epoch 125, Training loss 108439.767578125, Validation loss 108605.927734375
2022-01-24 14:10:59,676:INFO:Epoch 126, Training loss 108440.00390625, Validation loss 108609.576171875
2022-01-24 14:11:02,148:INFO:Epoch 127, Training loss 108439.6171875, Validation loss 108605.689453125
2022-01-24 14:11:04,637:INFO:Epoch 128, Training loss 108439.662109375, Validation loss 108606.412109375
2022-01-24 14:11:07,119:INFO:Epoch 129, Training loss 108438.146484375, Validation loss 108607.982421875
2022-01-24 14:11:09,640:INFO:Epoch 130, Training loss 108438.25, Validation loss 108605.23046875
2022-01-24 14:11:12,129:INFO:Epoch 131, Training loss 108439.443359375, Validation loss 108607.65234375
2022-01-24 14:11:14,605:INFO:Epoch 132, Training loss 108437.681640625, Validation loss 108604.11328125
2022-01-24 14:11:17,094:INFO:Epoch 133, Training loss 108438.380859375, Validation loss 108607.556640625
2022-01-24 14:11:19,602:INFO:Epoch 134, Training loss 108438.09765625, Validation loss 108605.826171875
2022-01-24 14:11:22,088:INFO:Epoch 135, Training loss 108438.673828125, Validation loss 108608.798828125
2022-01-24 14:11:24,546:INFO:Epoch 136, Training loss 108436.6328125, Validation loss 108606.390625
2022-01-24 14:11:27,037:INFO:Epoch 137, Training loss 108436.19921875, Validation loss 108605.513671875
2022-01-24 14:11:29,527:INFO:Epoch 138, Training loss 108436.419921875, Validation loss 108604.06640625
2022-01-24 14:11:32,022:INFO:Epoch 139, Training loss 108435.375, Validation loss 108609.06640625
2022-01-24 14:11:34,482:INFO:Epoch 140, Training loss 108436.7109375, Validation loss 108608.962890625
2022-01-24 14:11:36,991:INFO:Epoch 141, Training loss 108437.427734375, Validation loss 108605.443359375
2022-01-24 14:11:39,448:INFO:Epoch 142, Training loss 108436.79296875, Validation loss 108605.1875
2022-01-24 14:11:41,992:INFO:Epoch 143, Training loss 108438.669921875, Validation loss 108612.751953125
2022-01-24 14:11:44,459:INFO:Epoch 144, Training loss 108436.8125, Validation loss 108605.310546875
2022-01-24 14:11:46,966:INFO:Epoch 145, Training loss 108436.140625, Validation loss 108603.984375
2022-01-24 14:11:49,451:INFO:Epoch 146, Training loss 108435.3203125, Validation loss 108607.1015625
2022-01-24 14:11:51,987:INFO:Epoch 147, Training loss 108434.791015625, Validation loss 108605.90625
2022-01-24 14:11:54,473:INFO:Epoch 148, Training loss 108434.955078125, Validation loss 108607.7421875
2022-01-24 14:11:56,975:INFO:Epoch 149, Training loss 108433.896484375, Validation loss 108605.408203125
2022-01-24 14:11:59,461:INFO:Epoch 150, Training loss 108435.41796875, Validation loss 108606.5234375
2022-01-24 14:12:01,984:INFO:Epoch 151, Training loss 108434.828125, Validation loss 108609.064453125
2022-01-24 14:12:04,470:INFO:Epoch 152, Training loss 108434.732421875, Validation loss 108605.541015625
2022-01-24 14:12:06,951:INFO:Epoch 153, Training loss 108434.783203125, Validation loss 108605.25390625
2022-01-24 14:12:09,429:INFO:Epoch 154, Training loss 108433.666015625, Validation loss 108610.490234375
2022-01-24 14:12:11,936:INFO:Epoch 155, Training loss 108433.796875, Validation loss 108606.853515625
2022-01-24 14:12:14,427:INFO:Epoch 156, Training loss 108433.640625, Validation loss 108610.416015625
2022-01-24 14:12:16,888:INFO:Epoch 157, Training loss 108434.1953125, Validation loss 108604.783203125
2022-01-24 14:12:19,381:INFO:Epoch 158, Training loss 108433.271484375, Validation loss 108608.9140625
2022-01-24 14:12:21,867:INFO:Epoch 159, Training loss 108433.173828125, Validation loss 108607.859375
2022-01-24 14:12:24,376:INFO:Epoch 160, Training loss 108432.87890625, Validation loss 108606.009765625
2022-01-24 14:12:26,833:INFO:Epoch 161, Training loss 108432.125, Validation loss 108607.654296875
2022-01-24 14:12:29,336:INFO:Epoch 162, Training loss 108432.486328125, Validation loss 108607.646484375
2022-01-24 14:12:31,784:INFO:Epoch 163, Training loss 108433.751953125, Validation loss 108611.8828125
2022-01-24 14:12:34,319:INFO:Epoch 164, Training loss 108432.255859375, Validation loss 108607.75
2022-01-24 14:12:36,781:INFO:Epoch 165, Training loss 108433.21875, Validation loss 108604.716796875
2022-01-24 14:12:39,226:INFO:Epoch 166, Training loss 108433.521484375, Validation loss 108607.646484375
2022-01-24 14:12:41,612:INFO:Epoch 167, Training loss 108431.462890625, Validation loss 108609.46875
2022-01-24 14:12:44,048:INFO:Epoch 168, Training loss 108431.603515625, Validation loss 108610.888671875
2022-01-24 14:12:46,441:INFO:Epoch 169, Training loss 108433.28125, Validation loss 108605.251953125
2022-01-24 14:12:46,447:INFO:Finished training
