2.078618750000000000e+05
2.033074648437500000e+05
1.710732207031250000e+05
1.396541308593750000e+05
1.226431816406250000e+05
1.143531191406250000e+05
1.106678652343750000e+05
1.095112226562500000e+05
1.094309199218750000e+05
1.095918593750000000e+05
1.096494648437500000e+05
1.095763769531250000e+05
1.094526289062500000e+05
1.093499296875000000e+05
1.092938281250000000e+05
1.092759316406250000e+05
1.092724121093750000e+05
1.092657128906250000e+05
1.092542519531250000e+05
1.092415429687500000e+05
1.092314042968750000e+05
1.092230664062500000e+05
1.092150468750000000e+05
1.092072128906250000e+05
1.091990546875000000e+05
1.091910585937500000e+05
1.091832656250000000e+05
1.091751328125000000e+05
1.091673476562500000e+05
1.091596269531250000e+05
1.091516035156250000e+05
1.091438964843750000e+05
1.091358593750000000e+05
1.091279355468750000e+05
1.091200000000000000e+05
1.091120488281250000e+05
1.091044238281250000e+05
1.090963300781250000e+05
1.090887578125000000e+05
1.090815234375000000e+05
1.090739316406250000e+05
1.090663203125000000e+05
1.090596035156250000e+05
1.090526757812500000e+05
1.090458964843750000e+05
1.090392753906250000e+05
1.090332402343750000e+05
1.090272792968750000e+05
1.090214433593750000e+05
1.090159218750000000e+05
1.090108027343750000e+05
1.090058652343750000e+05
1.090007753906250000e+05
1.089959199218750000e+05
1.089916503906250000e+05
1.089872714843750000e+05
1.089828945312500000e+05
1.089788906250000000e+05
1.089744511718750000e+05
1.089706074218750000e+05
1.089664765625000000e+05
1.089624648437500000e+05
1.089587695312500000e+05
1.089549199218750000e+05
1.089510859375000000e+05
1.089476464843750000e+05
1.089442578125000000e+05
1.089410859375000000e+05
1.089378652343750000e+05
1.089349628906250000e+05
1.089322539062500000e+05
1.089291445312500000e+05
1.089266347656250000e+05
1.089240214843750000e+05
1.089215800781250000e+05
1.089196523437500000e+05
1.089173769531250000e+05
1.089155078125000000e+05
1.089135410156250000e+05
1.089119433593750000e+05
1.089103730468750000e+05
1.089088593750000000e+05
1.089073945312500000e+05
1.089060820312500000e+05
1.089048750000000000e+05
1.089035800781250000e+05
1.089024921875000000e+05
1.089016582031250000e+05
1.089007011718750000e+05
1.088997167968750000e+05
1.088990937500000000e+05
1.088982636718750000e+05
1.088976308593750000e+05
1.088972031250000000e+05
1.088964902343750000e+05
1.088959785156250000e+05
1.088955214843750000e+05
1.088949960937500000e+05
1.088946855468750000e+05
1.088941855468750000e+05
1.088940742187500000e+05
1.088934199218750000e+05
1.088930605468750000e+05
1.088927871093750000e+05
1.088924121093750000e+05
1.088923339843750000e+05
1.088920000000000000e+05
1.088916230468750000e+05
1.088915878906250000e+05
1.088911718750000000e+05
1.088910820312500000e+05
1.088909726562500000e+05
1.088906855468750000e+05
1.088903867187500000e+05
1.088902539062500000e+05
1.088901523437500000e+05
1.088898457031250000e+05
1.088897910156250000e+05
1.088897128906250000e+05
1.088893867187500000e+05
1.088891640625000000e+05
1.088888203125000000e+05
1.088886152343750000e+05
1.088885937500000000e+05
1.088881386718750000e+05
1.088878261718750000e+05
1.088876679687500000e+05
1.088875019531250000e+05
1.088873886718750000e+05
1.088873515625000000e+05
1.088872773437500000e+05
1.088869394531250000e+05
1.088867304687500000e+05
1.088867089843750000e+05
1.088865214843750000e+05
1.088865683593750000e+05
1.088862910156250000e+05
1.088861699218750000e+05
1.088861074218750000e+05
1.088858144531250000e+05
1.088856582031250000e+05
1.088856328125000000e+05
1.088855117187500000e+05
1.088853476562500000e+05
1.088851875000000000e+05
1.088851582031250000e+05
1.088849882812500000e+05
1.088848007812500000e+05
1.088847949218750000e+05
1.088847480468750000e+05
1.088845253906250000e+05
1.088844824218750000e+05
1.088843007812500000e+05
1.088844726562500000e+05
1.088840761718750000e+05
1.088840019531250000e+05
1.088838769531250000e+05
1.088838847656250000e+05
1.088836738281250000e+05
1.088839179687500000e+05
1.088836386718750000e+05
1.088833261718750000e+05
1.088833828125000000e+05
1.088830957031250000e+05
1.088830429687500000e+05
1.088829062500000000e+05
1.088829667968750000e+05
1.088828828125000000e+05
1.088825937500000000e+05
1.088831171875000000e+05
1.088825937500000000e+05
1.088826074218750000e+05
1.088825253906250000e+05
1.088820664062500000e+05
1.088821425781250000e+05
1.088820312500000000e+05
1.088818730468750000e+05
1.088818769531250000e+05
1.088817285156250000e+05
1.088816347656250000e+05
1.088816171875000000e+05
1.088816835937500000e+05
1.088813808593750000e+05
1.088815273437500000e+05
1.088813359375000000e+05
1.088811640625000000e+05
1.088812363281250000e+05
1.088809765625000000e+05
1.088812617187500000e+05
1.088810683593750000e+05
1.088808925781250000e+05
1.088809960937500000e+05
1.088807792968750000e+05
1.088806914062500000e+05
1.088805683593750000e+05
1.088806328125000000e+05
1.088807695312500000e+05
1.088806210937500000e+05
1.088803808593750000e+05
1.088802500000000000e+05
1.088802734375000000e+05
1.088802226562500000e+05
1.088802636718750000e+05
1.088802207031250000e+05
1.088800390625000000e+05
1.088799667968750000e+05
1.088798164062500000e+05
1.088797695312500000e+05
1.088796855468750000e+05
1.088796875000000000e+05
1.088795351562500000e+05
1.088796464843750000e+05
1.088794316406250000e+05
1.088795175781250000e+05
1.088794687500000000e+05
1.088792480468750000e+05
1.088792011718750000e+05
1.088793144531250000e+05
1.088790722656250000e+05
1.088788964843750000e+05
1.088788769531250000e+05
1.088788925781250000e+05
1.088789570312500000e+05
1.088787714843750000e+05
1.088788007812500000e+05
1.088788828125000000e+05
1.088787363281250000e+05
1.088785175781250000e+05
1.088786464843750000e+05
1.088788359375000000e+05
1.088785605468750000e+05
1.088783789062500000e+05
1.088783632812500000e+05
1.088783398437500000e+05
1.088783691406250000e+05
1.088785781250000000e+05
1.088780371093750000e+05
1.088780000000000000e+05
1.088781367187500000e+05
1.088779648437500000e+05
1.088780000000000000e+05
1.088778691406250000e+05
1.088778125000000000e+05
1.088777187500000000e+05
1.088780820312500000e+05
1.088775468750000000e+05
1.088779101562500000e+05
1.088775195312500000e+05
1.088777324218750000e+05
1.088773671875000000e+05
