1.386916445312500000e+05
1.311826894531250000e+05
1.251294726562500000e+05
1.202702578125000000e+05
1.164136132812500000e+05
1.131195683593750000e+05
1.105633105468750000e+05
1.094448222656250000e+05
1.095033554687500000e+05
1.096244980468750000e+05
1.094390097656250000e+05
1.092662636718750000e+05
1.092409843750000000e+05
1.092343496093750000e+05
1.091918847656250000e+05
1.091572792968750000e+05
1.091358007812500000e+05
1.091136816406250000e+05
1.090870566406250000e+05
1.090614453125000000e+05
1.090341953125000000e+05
1.090078554687500000e+05
1.089789589843750000e+05
1.089490839843750000e+05
1.089164902343750000e+05
1.088826562500000000e+05
1.088455800781250000e+05
1.088060351562500000e+05
1.087633710937500000e+05
1.087164414062500000e+05
1.086669121093750000e+05
1.086178222656250000e+05
1.085706757812500000e+05
1.085285722656250000e+05
1.084970527343750000e+05
1.084769062500000000e+05
1.084629960937500000e+05
1.084571835937500000e+05
1.084518945312500000e+05
1.084481738281250000e+05
1.084463359375000000e+05
1.084458164062500000e+05
1.084427597656250000e+05
1.084406660156250000e+05
1.084392890625000000e+05
1.084378808593750000e+05
1.084368613281250000e+05
1.084366347656250000e+05
1.084349550781250000e+05
1.084344746093750000e+05
1.084333535156250000e+05
1.084332011718750000e+05
1.084325468750000000e+05
1.084306718750000000e+05
1.084295390625000000e+05
1.084296523437500000e+05
1.084283925781250000e+05
1.084282304687500000e+05
1.084271718750000000e+05
1.084269707031250000e+05
1.084269238281250000e+05
1.084261640625000000e+05
1.084258496093750000e+05
1.084248339843750000e+05
1.084234902343750000e+05
1.084242890625000000e+05
1.084241796875000000e+05
1.084226582031250000e+05
1.084230429687500000e+05
1.084214257812500000e+05
1.084223125000000000e+05
1.084222597656250000e+05
1.084215292968750000e+05
1.084210644531250000e+05
1.084232734375000000e+05
1.084202089843750000e+05
1.084244707031250000e+05
1.084203066406250000e+05
1.084208261718750000e+05
1.084194257812500000e+05
1.084186738281250000e+05
1.084201250000000000e+05
1.084200585937500000e+05
1.084178476562500000e+05
1.084180312500000000e+05
1.084162558593750000e+05
1.084162519531250000e+05
1.084162480468750000e+05
1.084155605468750000e+05
1.084156464843750000e+05
1.084149179687500000e+05
1.084135117187500000e+05
1.084137773437500000e+05
1.084141386718750000e+05
1.084159296875000000e+05
1.084126308593750000e+05
1.084128144531250000e+05
1.084104550781250000e+05
1.084129277343750000e+05
1.084106796875000000e+05
1.084097089843750000e+05
1.084103007812500000e+05
1.084089335937500000e+05
1.084087480468750000e+05
1.084146308593750000e+05
1.084096250000000000e+05
1.084080898437500000e+05
1.084079550781250000e+05
1.084072031250000000e+05
1.084081093750000000e+05
1.084074003906250000e+05
1.084077011718750000e+05
1.084082128906250000e+05
1.084072773437500000e+05
1.084072031250000000e+05
1.084088945312500000e+05
1.084078046875000000e+05
1.084059648437500000e+05
1.084030234375000000e+05
1.084045371093750000e+05
1.084029257812500000e+05
1.084036699218750000e+05
1.084021503906250000e+05
1.084023261718750000e+05
1.084027695312500000e+05
1.084034375000000000e+05
1.084021699218750000e+05
1.084035937500000000e+05
1.084024394531250000e+05
1.084028632812500000e+05
1.084021503906250000e+05
1.083999062500000000e+05
1.083998593750000000e+05
1.083998378906250000e+05
1.084003359375000000e+05
1.083989804687500000e+05
1.083982988281250000e+05
1.083981386718750000e+05
1.084016347656250000e+05
1.083974492187500000e+05
1.083993007812500000e+05
1.083976679687500000e+05
1.083971093750000000e+05
