2022-01-24 14:09:29,759:INFO:All directories created, ready to load the data
2022-01-24 14:09:29,812:INFO:Dataset loaded from /data/theorie/jthoeve/event_generation/events_high_stats/pT/lin/cHq3/events_4.npy
2022-01-24 14:09:29,818:INFO:Dataset loaded from /data/theorie/jthoeve/event_generation/events_high_stats/pT/sm/events_4.npy
2022-01-24 14:09:32,335:INFO:Epoch 1, Training loss 84623.37890625, Validation loss 84623.37890625
2022-01-24 14:09:34,825:INFO:Epoch 2, Training loss 84623.37890625, Validation loss 84623.37890625
2022-01-24 14:09:37,308:INFO:Epoch 3, Training loss 84623.37890625, Validation loss 84623.37890625
2022-01-24 14:09:39,828:INFO:Epoch 4, Training loss 84623.37890625, Validation loss 84623.37890625
2022-01-24 14:09:42,308:INFO:Epoch 5, Training loss 84623.37890625, Validation loss 84623.37890625
2022-01-24 14:09:44,786:INFO:Epoch 6, Training loss 84623.37890625, Validation loss 84623.37890625
2022-01-24 14:09:47,275:INFO:Epoch 7, Training loss 84623.37890625, Validation loss 84623.37890625
2022-01-24 14:09:49,790:INFO:Epoch 8, Training loss 84623.37890625, Validation loss 84623.37890625
2022-01-24 14:09:52,291:INFO:Epoch 9, Training loss 84623.37890625, Validation loss 84623.37890625
2022-01-24 14:09:54,763:INFO:Epoch 10, Training loss 84623.37890625, Validation loss 84623.37890625
2022-01-24 14:09:57,336:INFO:Epoch 11, Training loss 84623.37890625, Validation loss 84623.37890625
2022-01-24 14:09:57,339:INFO:Detected stagant training, reset the weights
2022-01-24 14:09:59,841:INFO:Epoch 12, Training loss 84623.37890625, Validation loss 84623.37890625
2022-01-24 14:09:59,844:INFO:Detected stagant training, reset the weights
2022-01-24 14:10:02,357:INFO:Epoch 13, Training loss 80867.0849609375, Validation loss 76749.599609375
2022-01-24 14:10:04,834:INFO:Epoch 14, Training loss 75349.744140625, Validation loss 74060.3271484375
2022-01-24 14:10:07,358:INFO:Epoch 15, Training loss 73878.712890625, Validation loss 73870.4072265625
2022-01-24 14:10:09,822:INFO:Epoch 16, Training loss 73943.755859375, Validation loss 74023.62890625
2022-01-24 14:10:12,357:INFO:Epoch 17, Training loss 73997.599609375, Validation loss 73928.5751953125
2022-01-24 14:10:14,830:INFO:Epoch 18, Training loss 73880.310546875, Validation loss 73813.9287109375
2022-01-24 14:10:17,344:INFO:Epoch 19, Training loss 73791.6416015625, Validation loss 73742.0712890625
2022-01-24 14:10:19,828:INFO:Epoch 20, Training loss 73731.65234375, Validation loss 73724.29296875
2022-01-24 14:10:22,367:INFO:Epoch 21, Training loss 73724.8349609375, Validation loss 73730.7685546875
2022-01-24 14:10:24,854:INFO:Epoch 22, Training loss 73726.0751953125, Validation loss 73730.18359375
2022-01-24 14:10:27,353:INFO:Epoch 23, Training loss 73724.6806640625, Validation loss 73727.7353515625
2022-01-24 14:10:29,849:INFO:Epoch 24, Training loss 73722.41015625, Validation loss 73725.6708984375
2022-01-24 14:10:32,381:INFO:Epoch 25, Training loss 73721.2490234375, Validation loss 73724.6357421875
2022-01-24 14:10:34,879:INFO:Epoch 26, Training loss 73721.830078125, Validation loss 73724.359375
2022-01-24 14:10:37,364:INFO:Epoch 27, Training loss 73721.4140625, Validation loss 73724.6494140625
2022-01-24 14:10:39,869:INFO:Epoch 28, Training loss 73721.0224609375, Validation loss 73724.8935546875
2022-01-24 14:10:42,391:INFO:Epoch 29, Training loss 73720.6015625, Validation loss 73725.38671875
2022-01-24 14:10:44,894:INFO:Epoch 30, Training loss 73720.52734375, Validation loss 73725.6376953125
2022-01-24 14:10:47,372:INFO:Epoch 31, Training loss 73720.4375, Validation loss 73725.5712890625
2022-01-24 14:10:49,897:INFO:Epoch 32, Training loss 73720.1787109375, Validation loss 73725.666015625
2022-01-24 14:10:52,413:INFO:Epoch 33, Training loss 73720.1875, Validation loss 73725.5537109375
2022-01-24 14:10:54,929:INFO:Epoch 34, Training loss 73719.8837890625, Validation loss 73725.6630859375
2022-01-24 14:10:57,403:INFO:Epoch 35, Training loss 73719.8642578125, Validation loss 73726.158203125
2022-01-24 14:10:59,935:INFO:Epoch 36, Training loss 73719.7099609375, Validation loss 73726.275390625
2022-01-24 14:11:02,411:INFO:Epoch 37, Training loss 73719.5390625, Validation loss 73726.05859375
2022-01-24 14:11:04,953:INFO:Epoch 38, Training loss 73719.4169921875, Validation loss 73726.1025390625
2022-01-24 14:11:07,431:INFO:Epoch 39, Training loss 73719.2255859375, Validation loss 73726.037109375
2022-01-24 14:11:09,939:INFO:Epoch 40, Training loss 73719.30078125, Validation loss 73725.9150390625
2022-01-24 14:11:12,436:INFO:Epoch 41, Training loss 73719.0478515625, Validation loss 73726.2724609375
2022-01-24 14:11:14,984:INFO:Epoch 42, Training loss 73719.0185546875, Validation loss 73726.609375
2022-01-24 14:11:17,481:INFO:Epoch 43, Training loss 73718.7490234375, Validation loss 73726.578125
2022-01-24 14:11:19,986:INFO:Epoch 44, Training loss 73719.1279296875, Validation loss 73726.859375
2022-01-24 14:11:22,479:INFO:Epoch 45, Training loss 73718.501953125, Validation loss 73726.396484375
2022-01-24 14:11:25,009:INFO:Epoch 46, Training loss 73718.8056640625, Validation loss 73726.228515625
2022-01-24 14:11:27,513:INFO:Epoch 47, Training loss 73718.373046875, Validation loss 73726.4609375
2022-01-24 14:11:30,010:INFO:Epoch 48, Training loss 73718.240234375, Validation loss 73726.8125
2022-01-24 14:11:32,518:INFO:Epoch 49, Training loss 73718.2333984375, Validation loss 73727.4013671875
2022-01-24 14:11:35,036:INFO:Epoch 50, Training loss 73718.1982421875, Validation loss 73727.484375
2022-01-24 14:11:37,536:INFO:Epoch 51, Training loss 73717.728515625, Validation loss 73727.125
2022-01-24 14:11:40,012:INFO:Epoch 52, Training loss 73717.962890625, Validation loss 73726.861328125
2022-01-24 14:11:42,526:INFO:Epoch 53, Training loss 73717.623046875, Validation loss 73726.951171875
2022-01-24 14:11:45,040:INFO:Epoch 54, Training loss 73717.64453125, Validation loss 73727.396484375
2022-01-24 14:11:47,553:INFO:Epoch 55, Training loss 73717.3388671875, Validation loss 73727.4990234375
2022-01-24 14:11:50,019:INFO:Epoch 56, Training loss 73717.5634765625, Validation loss 73727.6923828125
2022-01-24 14:11:52,546:INFO:Epoch 57, Training loss 73717.0390625, Validation loss 73727.54296875
2022-01-24 14:11:55,035:INFO:Epoch 58, Training loss 73717.1298828125, Validation loss 73727.4443359375
2022-01-24 14:11:57,586:INFO:Epoch 59, Training loss 73717.0126953125, Validation loss 73727.7158203125
2022-01-24 14:12:00,064:INFO:Epoch 60, Training loss 73716.556640625, Validation loss 73728.05859375
2022-01-24 14:12:02,577:INFO:Epoch 61, Training loss 73716.4296875, Validation loss 73728.4560546875
2022-01-24 14:12:05,070:INFO:Epoch 62, Training loss 73716.4716796875, Validation loss 73728.490234375
2022-01-24 14:12:07,613:INFO:Epoch 63, Training loss 73716.173828125, Validation loss 73728.4423828125
2022-01-24 14:12:10,107:INFO:Epoch 64, Training loss 73716.0791015625, Validation loss 73728.4443359375
2022-01-24 14:12:12,615:INFO:Epoch 65, Training loss 73716.3369140625, Validation loss 73728.2431640625
2022-01-24 14:12:15,118:INFO:Epoch 66, Training loss 73715.759765625, Validation loss 73728.5361328125
2022-01-24 14:12:17,651:INFO:Epoch 67, Training loss 73715.6845703125, Validation loss 73729.0810546875
2022-01-24 14:12:20,149:INFO:Epoch 68, Training loss 73715.8662109375, Validation loss 73729.05078125
2022-01-24 14:12:22,647:INFO:Epoch 69, Training loss 73715.419921875, Validation loss 73729.46484375
2022-01-24 14:12:25,155:INFO:Epoch 70, Training loss 73715.6083984375, Validation loss 73728.8447265625
2022-01-24 14:12:25,160:INFO:Finished training
