8.464666992187500000e+04
8.464666992187500000e+04
8.464666992187500000e+04
8.464666992187500000e+04
8.464666992187500000e+04
8.464666992187500000e+04
8.464666992187500000e+04
8.464666992187500000e+04
8.464666992187500000e+04
8.464666992187500000e+04
8.464666992187500000e+04
7.380540136718750000e+04
7.379349121093750000e+04
7.375107226562500000e+04
7.375809863281250000e+04
7.374625195312500000e+04
7.374772753906250000e+04
7.374403515625000000e+04
7.374395312500000000e+04
7.374271679687500000e+04
7.374216699218750000e+04
7.374165332031250000e+04
7.374092773437500000e+04
7.374043261718750000e+04
7.373996679687500000e+04
7.373969335937500000e+04
7.373925097656250000e+04
7.373859277343750000e+04
7.373803417968750000e+04
7.373755078125000000e+04
7.373725585937500000e+04
7.373649316406250000e+04
7.373604980468750000e+04
7.373579199218750000e+04
7.373537207031250000e+04
7.373481738281250000e+04
7.373417187500000000e+04
7.373373535156250000e+04
7.373328320312500000e+04
7.373286425781250000e+04
7.373202050781250000e+04
7.373179785156250000e+04
7.373041210937500000e+04
7.372954296875000000e+04
7.372885449218750000e+04
7.372846484375000000e+04
7.372769433593750000e+04
7.372678417968750000e+04
7.372602636718750000e+04
7.372487792968750000e+04
7.372364160156250000e+04
7.372335546875000000e+04
7.372155078125000000e+04
7.372082421875000000e+04
7.372076269531250000e+04
7.371915527343750000e+04
7.371690625000000000e+04
7.371702636718750000e+04
7.371448242187500000e+04
7.371440332031250000e+04
7.371341699218750000e+04
7.371289453125000000e+04
7.371221289062500000e+04
7.370924609375000000e+04
7.370956250000000000e+04
7.370774316406250000e+04
7.370651562500000000e+04
