2022-03-03 14:19:26,607:INFO:All directories created, ready to load the data
2022-03-03 14:19:26,643:INFO:Dataset loaded from /data/theorie/jthoeve/training_data/zh/features_mzh_y_ptz_v2/lin/cHq3/events_29.pkl.gz
2022-03-03 14:19:26,698:INFO:Dataset loaded from /data/theorie/jthoeve/training_data/zh/features_mzh_y_ptz_v2/sm/events_29.pkl.gz
2022-03-03 14:19:28,952:INFO:Epoch 1, Training loss 84668.595703125, Validation loss 84668.544921875
2022-03-03 14:19:31,246:INFO:Epoch 2, Training loss 84668.544921875, Validation loss 84668.544921875
2022-03-03 14:19:33,473:INFO:Epoch 3, Training loss 84668.544921875, Validation loss 84668.544921875
2022-03-03 14:19:35,711:INFO:Epoch 4, Training loss 84668.544921875, Validation loss 84668.544921875
2022-03-03 14:19:37,954:INFO:Epoch 5, Training loss 84668.544921875, Validation loss 84668.544921875
2022-03-03 14:19:40,236:INFO:Epoch 6, Training loss 84668.544921875, Validation loss 84668.544921875
2022-03-03 14:19:42,478:INFO:Epoch 7, Training loss 84668.544921875, Validation loss 84668.544921875
2022-03-03 14:19:44,712:INFO:Epoch 8, Training loss 84668.544921875, Validation loss 84668.544921875
2022-03-03 14:19:46,961:INFO:Epoch 9, Training loss 84668.544921875, Validation loss 84668.544921875
2022-03-03 14:19:49,228:INFO:Epoch 10, Training loss 84668.544921875, Validation loss 84668.544921875
2022-03-03 14:19:51,484:INFO:Epoch 11, Training loss 84668.544921875, Validation loss 84668.544921875
2022-03-03 14:19:51,488:INFO:Detected stagant training, reset the weights
2022-03-03 14:19:53,704:INFO:Epoch 12, Training loss 73870.1826171875, Validation loss 73822.833984375
2022-03-03 14:19:55,965:INFO:Epoch 13, Training loss 73840.1748046875, Validation loss 73799.5185546875
2022-03-03 14:19:58,225:INFO:Epoch 14, Training loss 73776.2978515625, Validation loss 73790.095703125
2022-03-03 14:20:00,490:INFO:Epoch 15, Training loss 73785.34375, Validation loss 73777.3916015625
2022-03-03 14:20:02,698:INFO:Epoch 16, Training loss 73766.1494140625, Validation loss 73771.955078125
2022-03-03 14:20:04,973:INFO:Epoch 17, Training loss 73769.486328125, Validation loss 73769.6630859375
2022-03-03 14:20:07,187:INFO:Epoch 18, Training loss 73763.298828125, Validation loss 73767.7919921875
2022-03-03 14:20:09,495:INFO:Epoch 19, Training loss 73763.6708984375, Validation loss 73768.5732421875
2022-03-03 14:20:11,720:INFO:Epoch 20, Training loss 73761.20703125, Validation loss 73767.1875
2022-03-03 14:20:13,980:INFO:Epoch 21, Training loss 73761.154296875, Validation loss 73767.4345703125
2022-03-03 14:20:16,205:INFO:Epoch 22, Training loss 73759.9052734375, Validation loss 73767.2939453125
2022-03-03 14:20:18,496:INFO:Epoch 23, Training loss 73759.4375, Validation loss 73767.6279296875
2022-03-03 14:20:20,726:INFO:Epoch 24, Training loss 73758.4267578125, Validation loss 73767.3662109375
2022-03-03 14:20:22,984:INFO:Epoch 25, Training loss 73758.2529296875, Validation loss 73767.462890625
2022-03-03 14:20:25,225:INFO:Epoch 26, Training loss 73757.3935546875, Validation loss 73767.9921875
2022-03-03 14:20:27,506:INFO:Epoch 27, Training loss 73756.6826171875, Validation loss 73768.474609375
2022-03-03 14:20:29,749:INFO:Epoch 28, Training loss 73756.07421875, Validation loss 73768.703125
2022-03-03 14:20:31,974:INFO:Epoch 29, Training loss 73755.5576171875, Validation loss 73768.99609375
2022-03-03 14:20:34,223:INFO:Epoch 30, Training loss 73754.884765625, Validation loss 73769.8154296875
2022-03-03 14:20:36,499:INFO:Epoch 31, Training loss 73754.51171875, Validation loss 73770.2607421875
2022-03-03 14:20:38,755:INFO:Epoch 32, Training loss 73753.791015625, Validation loss 73770.3876953125
2022-03-03 14:20:40,984:INFO:Epoch 33, Training loss 73753.267578125, Validation loss 73770.6806640625
2022-03-03 14:20:43,243:INFO:Epoch 34, Training loss 73752.9462890625, Validation loss 73770.783203125
2022-03-03 14:20:45,521:INFO:Epoch 35, Training loss 73752.576171875, Validation loss 73771.25390625
2022-03-03 14:20:47,790:INFO:Epoch 36, Training loss 73752.37109375, Validation loss 73771.671875
2022-03-03 14:20:49,992:INFO:Epoch 37, Training loss 73751.25390625, Validation loss 73771.3115234375
2022-03-03 14:20:52,245:INFO:Epoch 38, Training loss 73751.470703125, Validation loss 73772.33984375
2022-03-03 14:20:54,449:INFO:Epoch 39, Training loss 73750.2080078125, Validation loss 73772.2275390625
2022-03-03 14:20:56,752:INFO:Epoch 40, Training loss 73749.576171875, Validation loss 73772.494140625
2022-03-03 14:20:58,976:INFO:Epoch 41, Training loss 73749.3564453125, Validation loss 73773.427734375
2022-03-03 14:21:01,227:INFO:Epoch 42, Training loss 73748.3525390625, Validation loss 73773.119140625
2022-03-03 14:21:03,449:INFO:Epoch 43, Training loss 73748.328125, Validation loss 73774.4462890625
2022-03-03 14:21:05,744:INFO:Epoch 44, Training loss 73747.8525390625, Validation loss 73773.1142578125
2022-03-03 14:21:07,972:INFO:Epoch 45, Training loss 73746.7451171875, Validation loss 73775.7578125
2022-03-03 14:21:10,221:INFO:Epoch 46, Training loss 73746.314453125, Validation loss 73775.7587890625
2022-03-03 14:21:12,457:INFO:Epoch 47, Training loss 73745.9736328125, Validation loss 73773.927734375
2022-03-03 14:21:14,738:INFO:Epoch 48, Training loss 73745.2646484375, Validation loss 73775.7998046875
2022-03-03 14:21:16,968:INFO:Epoch 49, Training loss 73744.5712890625, Validation loss 73777.5224609375
2022-03-03 14:21:19,146:INFO:Epoch 50, Training loss 73743.8935546875, Validation loss 73778.9404296875
2022-03-03 14:21:21,310:INFO:Epoch 51, Training loss 73743.5478515625, Validation loss 73776.357421875
2022-03-03 14:21:23,486:INFO:Epoch 52, Training loss 73743.3896484375, Validation loss 73778.7900390625
2022-03-03 14:21:25,645:INFO:Epoch 53, Training loss 73742.078125, Validation loss 73777.5908203125
2022-03-03 14:21:27,771:INFO:Epoch 54, Training loss 73741.265625, Validation loss 73777.9990234375
2022-03-03 14:21:29,930:INFO:Epoch 55, Training loss 73740.6240234375, Validation loss 73778.388671875
2022-03-03 14:21:32,108:INFO:Epoch 56, Training loss 73739.6220703125, Validation loss 73779.0673828125
2022-03-03 14:21:34,272:INFO:Epoch 57, Training loss 73740.6884765625, Validation loss 73783.40234375
2022-03-03 14:21:36,384:INFO:Epoch 58, Training loss 73739.3916015625, Validation loss 73779.755859375
2022-03-03 14:21:38,557:INFO:Epoch 59, Training loss 73739.1064453125, Validation loss 73779.9306640625
2022-03-03 14:21:40,681:INFO:Epoch 60, Training loss 73738.275390625, Validation loss 73780.8837890625
2022-03-03 14:21:42,894:INFO:Epoch 61, Training loss 73739.3984375, Validation loss 73780.716796875
2022-03-03 14:21:45,017:INFO:Epoch 62, Training loss 73737.62109375, Validation loss 73785.9052734375
2022-03-03 14:21:47,187:INFO:Epoch 63, Training loss 73735.966796875, Validation loss 73782.3876953125
2022-03-03 14:21:49,313:INFO:Epoch 64, Training loss 73735.501953125, Validation loss 73781.6875
2022-03-03 14:21:51,515:INFO:Epoch 65, Training loss 73734.5712890625, Validation loss 73784.607421875
2022-03-03 14:21:53,651:INFO:Epoch 66, Training loss 73733.4150390625, Validation loss 73786.5361328125
2022-03-03 14:21:55,804:INFO:Epoch 67, Training loss 73734.2236328125, Validation loss 73786.66015625
2022-03-03 14:21:57,945:INFO:Epoch 68, Training loss 73731.9296875, Validation loss 73784.802734375
2022-03-03 14:22:00,133:INFO:Epoch 69, Training loss 73731.951171875, Validation loss 73787.107421875
2022-03-03 14:22:02,276:INFO:Epoch 70, Training loss 73730.7626953125, Validation loss 73788.09765625
2022-03-03 14:22:02,283:INFO:Finished training
