1.537790332031250000e+05
1.381941972656250000e+05
1.282729667968750000e+05
1.214798535156250000e+05
1.168653730468750000e+05
1.135908417968750000e+05
1.113961386718750000e+05
1.101795839843750000e+05
1.097437031250000000e+05
1.097036640625000000e+05
1.096715214843750000e+05
1.095560214843750000e+05
1.094231562500000000e+05
1.093189609375000000e+05
1.092537539062500000e+05
1.092081523437500000e+05
1.091634238281250000e+05
1.091196386718750000e+05
1.090818105468750000e+05
1.090482988281250000e+05
1.090136542968750000e+05
1.089800585937500000e+05
1.089503593750000000e+05
1.089163300781250000e+05
1.088843457031250000e+05
1.088516210937500000e+05
1.088194082031250000e+05
1.087827050781250000e+05
1.087436035156250000e+05
1.087062167968750000e+05
1.086695253906250000e+05
1.086349121093750000e+05
1.086046035156250000e+05
1.085780976562500000e+05
1.085584042968750000e+05
1.085427910156250000e+05
1.085316699218750000e+05
1.085229863281250000e+05
1.085164257812500000e+05
1.085119277343750000e+05
1.085076523437500000e+05
1.085049687500000000e+05
1.085026699218750000e+05
1.084998535156250000e+05
1.084973828125000000e+05
1.084947675781250000e+05
1.084928261718750000e+05
1.084905644531250000e+05
1.084907753906250000e+05
1.084888105468750000e+05
1.084863847656250000e+05
1.084856992187500000e+05
1.084831933593750000e+05
1.084815136718750000e+05
1.084798261718750000e+05
1.084784062500000000e+05
1.084769472656250000e+05
1.084772031250000000e+05
1.084751093750000000e+05
1.084738085937500000e+05
1.084730898437500000e+05
1.084723027343750000e+05
1.084711074218750000e+05
1.084711660156250000e+05
1.084694863281250000e+05
1.084699843750000000e+05
1.084689042968750000e+05
1.084686582031250000e+05
1.084667480468750000e+05
1.084666386718750000e+05
1.084657558593750000e+05
1.084652031250000000e+05
1.084652558593750000e+05
1.084643359375000000e+05
1.084633789062500000e+05
1.084627324218750000e+05
1.084625820312500000e+05
1.084638828125000000e+05
1.084624746093750000e+05
1.084623574218750000e+05
1.084598007812500000e+05
1.084596777343750000e+05
1.084595351562500000e+05
1.084583984375000000e+05
1.084582207031250000e+05
1.084573964843750000e+05
1.084576992187500000e+05
1.084571542968750000e+05
1.084565410156250000e+05
1.084576308593750000e+05
1.084552285156250000e+05
1.084557226562500000e+05
1.084549316406250000e+05
1.084548417968750000e+05
1.084538789062500000e+05
1.084545585937500000e+05
1.084530976562500000e+05
1.084519667968750000e+05
1.084529863281250000e+05
1.084532031250000000e+05
1.084520332031250000e+05
1.084522402343750000e+05
1.084511738281250000e+05
1.084504863281250000e+05
1.084503535156250000e+05
1.084517246093750000e+05
1.084485429687500000e+05
1.084537050781250000e+05
1.084495175781250000e+05
1.084488359375000000e+05
1.084479296875000000e+05
1.084483925781250000e+05
1.084477871093750000e+05
1.084479531250000000e+05
1.084489863281250000e+05
1.084475839843750000e+05
1.084467753906250000e+05
1.084458300781250000e+05
1.084456718750000000e+05
1.084464882812500000e+05
1.084447753906250000e+05
1.084453554687500000e+05
1.084447226562500000e+05
1.084447949218750000e+05
