7.733171875000000000e+04
7.656205468750000000e+04
7.591412500000000000e+04
7.537357812500000000e+04
7.492715625000000000e+04
7.456479687500000000e+04
7.427530468750000000e+04
7.405774218750000000e+04
7.390821093750000000e+04
7.381987500000000000e+04
7.378277343750000000e+04
7.378475000000000000e+04
7.381208593750000000e+04
7.385092187500000000e+04
7.388969531250000000e+04
7.392042187500000000e+04
7.393881250000000000e+04
7.394354687500000000e+04
7.393550000000000000e+04
7.391703906250000000e+04
7.389125000000000000e+04
7.386085937500000000e+04
7.382899218750000000e+04
7.379849218750000000e+04
7.377159375000000000e+04
7.375026562500000000e+04
7.373600000000000000e+04
7.372909375000000000e+04
7.372864843750000000e+04
7.373281250000000000e+04
7.373946875000000000e+04
7.374673437500000000e+04
7.375285937500000000e+04
7.375668750000000000e+04
7.375756250000000000e+04
7.375570312500000000e+04
7.375176562500000000e+04
7.374660156250000000e+04
7.374106250000000000e+04
7.373585937500000000e+04
7.373157031250000000e+04
7.372848437500000000e+04
7.372666406250000000e+04
7.372596875000000000e+04
7.372615625000000000e+04
7.372690625000000000e+04
7.372792187500000000e+04
7.372892187500000000e+04
7.372967968750000000e+04
7.373008593750000000e+04
7.373010937500000000e+04
7.372975000000000000e+04
7.372905468750000000e+04
7.372814843750000000e+04
7.372714843750000000e+04
7.372621093750000000e+04
7.372539062500000000e+04
7.372478125000000000e+04
7.372440625000000000e+04
7.372425000000000000e+04
7.372427343750000000e+04
7.372439843750000000e+04
7.372454687500000000e+04
7.372467968750000000e+04
7.372473437500000000e+04
7.372469531250000000e+04
7.372457031250000000e+04
7.372439843750000000e+04
7.372421093750000000e+04
7.372402343750000000e+04
7.372385937500000000e+04
7.372372656250000000e+04
7.372363281250000000e+04
7.372358593750000000e+04
7.372355468750000000e+04
7.372354687500000000e+04
7.372353906250000000e+04
7.372351562500000000e+04
7.372349218750000000e+04
7.372345312500000000e+04
7.372339843750000000e+04
7.372332812500000000e+04
7.372326562500000000e+04
7.372321093750000000e+04
7.372316406250000000e+04
7.372313281250000000e+04
7.372310937500000000e+04
7.372308593750000000e+04
7.372307031250000000e+04
7.372304687500000000e+04
7.372301562500000000e+04
7.372297656250000000e+04
7.372293750000000000e+04
7.372289843750000000e+04
7.372285156250000000e+04
7.372282031250000000e+04
7.372278906250000000e+04
7.372275781250000000e+04
7.372272656250000000e+04
7.372270312500000000e+04
7.372266406250000000e+04
7.372263281250000000e+04
7.372260937500000000e+04
7.372257812500000000e+04
7.372253906250000000e+04
7.372250781250000000e+04
7.372248437500000000e+04
7.372246093750000000e+04
7.372243750000000000e+04
7.372241406250000000e+04
7.372238281250000000e+04
7.372235937500000000e+04
7.372232812500000000e+04
7.372231250000000000e+04
7.372228906250000000e+04
7.372225781250000000e+04
7.372223437500000000e+04
7.372221093750000000e+04
7.372218750000000000e+04
7.372215625000000000e+04
7.372213281250000000e+04
7.372210937500000000e+04
7.372208593750000000e+04
7.372206250000000000e+04
7.372203906250000000e+04
7.372200781250000000e+04
7.372198437500000000e+04
7.372196093750000000e+04
7.372193750000000000e+04
7.372190625000000000e+04
7.372188281250000000e+04
7.372185937500000000e+04
7.372183593750000000e+04
7.372181250000000000e+04
7.372178906250000000e+04
7.372175781250000000e+04
7.372173437500000000e+04
7.372171093750000000e+04
7.372168750000000000e+04
7.372166406250000000e+04
7.372164062500000000e+04
7.372160937500000000e+04
7.372158593750000000e+04
7.372156250000000000e+04
7.372153906250000000e+04
7.372151562500000000e+04
7.372149218750000000e+04
7.372146875000000000e+04
7.372144531250000000e+04
7.372142187500000000e+04
