2021-11-18 16:14:00,784:INFO:All directories created, ready to load the data
2021-11-18 16:14:00,817:INFO:Dataset loaded from /data/theorie/jthoeve/event_generation/events_high_stats/lin/cHq3/events_12.npy
2021-11-18 16:14:00,833:INFO:Dataset loaded from /data/theorie/jthoeve/event_generation/events_high_stats/sm/events_12.npy
2021-11-18 16:14:04,724:INFO:Epoch 1, Training loss 84652.4453125, Validation loss 84652.4453125
2021-11-18 16:14:08,540:INFO:Epoch 2, Training loss 84652.4453125, Validation loss 84652.4453125
2021-11-18 16:14:12,336:INFO:Epoch 3, Training loss 84652.4453125, Validation loss 84652.4453125
2021-11-18 16:14:16,134:INFO:Epoch 4, Training loss 84652.4453125, Validation loss 84652.4453125
2021-11-18 16:14:20,038:INFO:Epoch 5, Training loss 84652.4453125, Validation loss 84652.4453125
2021-11-18 16:14:23,802:INFO:Epoch 6, Training loss 84652.4453125, Validation loss 84652.4453125
2021-11-18 16:14:27,597:INFO:Epoch 7, Training loss 84652.4453125, Validation loss 84652.4453125
2021-11-18 16:14:31,432:INFO:Epoch 8, Training loss 84652.4453125, Validation loss 84652.4453125
2021-11-18 16:14:35,210:INFO:Epoch 9, Training loss 84652.4453125, Validation loss 84652.4453125
2021-11-18 16:14:39,046:INFO:Epoch 10, Training loss 84652.4453125, Validation loss 84652.4453125
2021-11-18 16:14:42,943:INFO:Epoch 11, Training loss 84652.4453125, Validation loss 84652.4453125
2021-11-18 16:14:42,947:INFO:Detected stagant training, reset the weights
2021-11-18 16:14:46,760:INFO:Epoch 12, Training loss 84652.4453125, Validation loss 84652.4453125
2021-11-18 16:14:46,766:INFO:Detected stagant training, reset the weights
2021-11-18 16:14:50,629:INFO:Epoch 13, Training loss 84652.4453125, Validation loss 84652.4453125
2021-11-18 16:14:50,633:INFO:Detected stagant training, reset the weights
2021-11-18 16:14:54,363:INFO:Epoch 14, Training loss 84651.5078125, Validation loss 84650.0625
2021-11-18 16:14:58,195:INFO:Epoch 15, Training loss 84650.3125, Validation loss 84646.953125
2021-11-18 16:15:02,031:INFO:Epoch 16, Training loss 84648.25, Validation loss 84642.421875
2021-11-18 16:15:05,723:INFO:Epoch 17, Training loss 84643.6953125, Validation loss 84636.078125
2021-11-18 16:15:09,472:INFO:Epoch 18, Training loss 84636.1015625, Validation loss 84625.0234375
2021-11-18 16:15:13,342:INFO:Epoch 19, Training loss 84624.0703125, Validation loss 84607.671875
2021-11-18 16:15:17,143:INFO:Epoch 20, Training loss 84604.1640625, Validation loss 84579.7265625
2021-11-18 16:15:21,014:INFO:Epoch 21, Training loss 84573.828125, Validation loss 84538.0546875
2021-11-18 16:15:24,781:INFO:Epoch 22, Training loss 84529.3359375, Validation loss 84471.8046875
2021-11-18 16:15:28,559:INFO:Epoch 23, Training loss 84460.140625, Validation loss 84344.984375
2021-11-18 16:15:32,306:INFO:Epoch 24, Training loss 84334.8671875, Validation loss 83944.4921875
2021-11-18 16:15:36,088:INFO:Epoch 25, Training loss 83942.5703125, Validation loss 83116.7734375
2021-11-18 16:15:39,942:INFO:Epoch 26, Training loss 83115.5390625, Validation loss 81741.921875
2021-11-18 16:15:43,755:INFO:Epoch 27, Training loss 81725.6796875, Validation loss 79740.484375
2021-11-18 16:15:47,538:INFO:Epoch 28, Training loss 79720.1484375, Validation loss 77875.8046875
2021-11-18 16:15:51,359:INFO:Epoch 29, Training loss 77855.671875, Validation loss 76410.96875
2021-11-18 16:15:55,123:INFO:Epoch 30, Training loss 76390.8984375, Validation loss 75341.484375
2021-11-18 16:15:58,938:INFO:Epoch 31, Training loss 75319.9140625, Validation loss 74609.9375
2021-11-18 16:16:02,802:INFO:Epoch 32, Training loss 74586.2109375, Validation loss 74187.1015625
2021-11-18 16:16:06,595:INFO:Epoch 33, Training loss 74160.6875, Validation loss 74025.9453125
2021-11-18 16:16:10,493:INFO:Epoch 34, Training loss 73998.46875, Validation loss 74064.7890625
2021-11-18 16:16:14,346:INFO:Epoch 35, Training loss 74036.1328125, Validation loss 74209.8125
2021-11-18 16:16:18,174:INFO:Epoch 36, Training loss 74180.796875, Validation loss 74381.703125
2021-11-18 16:16:22,015:INFO:Epoch 37, Training loss 74353.25, Validation loss 74527.9765625
2021-11-18 16:16:25,679:INFO:Epoch 38, Training loss 74500.5234375, Validation loss 74622.59375
2021-11-18 16:16:29,442:INFO:Epoch 39, Training loss 74596.1875, Validation loss 74658.625
2021-11-18 16:16:33,311:INFO:Epoch 40, Training loss 74633.546875, Validation loss 74639.21875
2021-11-18 16:16:37,675:INFO:Epoch 41, Training loss 74615.8125, Validation loss 74573.4765625
2021-11-18 16:16:41,548:INFO:Epoch 42, Training loss 74551.6953125, Validation loss 74473.7109375
2021-11-18 16:16:45,305:INFO:Epoch 43, Training loss 74453.5703125, Validation loss 74353.78125
2021-11-18 16:16:49,637:INFO:Epoch 44, Training loss 74335.2421875, Validation loss 74229.859375
2021-11-18 16:16:53,368:INFO:Epoch 45, Training loss 74213.484375, Validation loss 74113.9140625
2021-11-18 16:16:57,135:INFO:Epoch 46, Training loss 74099.3671875, Validation loss 74017.28125
2021-11-18 16:17:00,991:INFO:Epoch 47, Training loss 74003.90625, Validation loss 73939.234375
2021-11-18 16:17:04,895:INFO:Epoch 48, Training loss 73926.84375, Validation loss 73877.84375
2021-11-18 16:17:08,657:INFO:Epoch 49, Training loss 73866.71875, Validation loss 73835.234375
2021-11-18 16:17:12,516:INFO:Epoch 50, Training loss 73825.2578125, Validation loss 73812.2578125
2021-11-18 16:17:16,295:INFO:Epoch 51, Training loss 73803.2265625, Validation loss 73808.109375
2021-11-18 16:17:20,100:INFO:Epoch 52, Training loss 73799.859375, Validation loss 73819.75
2021-11-18 16:17:23,949:INFO:Epoch 53, Training loss 73812.328125, Validation loss 73841.25
2021-11-18 16:17:27,735:INFO:Epoch 54, Training loss 73834.5625, Validation loss 73864.28125
2021-11-18 16:17:31,596:INFO:Epoch 55, Training loss 73858.3046875, Validation loss 73881.0546875
2021-11-18 16:17:35,472:INFO:Epoch 56, Training loss 73875.640625, Validation loss 73887.03125
2021-11-18 16:17:39,250:INFO:Epoch 57, Training loss 73881.96875, Validation loss 73881.8203125
2021-11-18 16:17:43,038:INFO:Epoch 58, Training loss 73876.96875, Validation loss 73868.1796875
2021-11-18 16:17:46,690:INFO:Epoch 59, Training loss 73863.421875, Validation loss 73850.1171875
2021-11-18 16:17:50,513:INFO:Epoch 60, Training loss 73845.359375, Validation loss 73831.4296875
2021-11-18 16:17:54,367:INFO:Epoch 61, Training loss 73826.546875, Validation loss 73814.8125
2021-11-18 16:17:58,170:INFO:Epoch 62, Training loss 73809.8203125, Validation loss 73801.765625
2021-11-18 16:18:02,047:INFO:Epoch 63, Training loss 73796.75, Validation loss 73792.875
2021-11-18 16:18:05,857:INFO:Epoch 64, Training loss 73787.7734375, Validation loss 73787.921875
2021-11-18 16:18:09,622:INFO:Epoch 65, Training loss 73782.71875, Validation loss 73786.296875
2021-11-18 16:18:13,387:INFO:Epoch 66, Training loss 73780.953125, Validation loss 73786.9765625
2021-11-18 16:18:17,159:INFO:Epoch 67, Training loss 73781.4375, Validation loss 73788.875
2021-11-18 16:18:21,013:INFO:Epoch 68, Training loss 73783.140625, Validation loss 73790.921875
2021-11-18 16:18:24,887:INFO:Epoch 69, Training loss 73785.0703125, Validation loss 73792.2578125
2021-11-18 16:18:28,700:INFO:Epoch 70, Training loss 73786.4453125, Validation loss 73792.3203125
2021-11-18 16:18:32,517:INFO:Epoch 71, Training loss 73786.65625, Validation loss 73790.875
2021-11-18 16:18:36,260:INFO:Epoch 72, Training loss 73785.390625, Validation loss 73787.9609375
2021-11-18 16:18:40,077:INFO:Epoch 73, Training loss 73782.6328125, Validation loss 73783.75
2021-11-18 16:18:43,912:INFO:Epoch 74, Training loss 73778.75, Validation loss 73778.7734375
2021-11-18 16:18:47,687:INFO:Epoch 75, Training loss 73774.3359375, Validation loss 73774.0703125
2021-11-18 16:18:51,533:INFO:Epoch 76, Training loss 73770.015625, Validation loss 73769.9921875
2021-11-18 16:18:55,404:INFO:Epoch 77, Training loss 73766.546875, Validation loss 73767.125
2021-11-18 16:18:59,215:INFO:Epoch 78, Training loss 73764.15625, Validation loss 73765.5390625
2021-11-18 16:19:02,976:INFO:Epoch 79, Training loss 73763.078125, Validation loss 73765.15625
2021-11-18 16:19:06,635:INFO:Epoch 80, Training loss 73763.15625, Validation loss 73765.59375
2021-11-18 16:19:10,448:INFO:Epoch 81, Training loss 73764.0078125, Validation loss 73766.3359375
2021-11-18 16:19:14,347:INFO:Epoch 82, Training loss 73765.109375, Validation loss 73766.828125
2021-11-18 16:19:18,149:INFO:Epoch 83, Training loss 73765.828125, Validation loss 73766.640625
2021-11-18 16:19:22,021:INFO:Epoch 84, Training loss 73765.7578125, Validation loss 73765.6953125
2021-11-18 16:19:25,929:INFO:Epoch 85, Training loss 73764.828125, Validation loss 73764.1875
2021-11-18 16:19:29,659:INFO:Epoch 86, Training loss 73763.2578125, Validation loss 73762.453125
2021-11-18 16:19:33,388:INFO:Epoch 87, Training loss 73761.3984375, Validation loss 73760.9140625
2021-11-18 16:19:37,154:INFO:Epoch 88, Training loss 73759.640625, Validation loss 73759.7890625
2021-11-18 16:19:40,997:INFO:Epoch 89, Training loss 73758.265625, Validation loss 73759.1640625
2021-11-18 16:19:44,876:INFO:Epoch 90, Training loss 73757.4140625, Validation loss 73758.9765625
2021-11-18 16:19:48,699:INFO:Epoch 91, Training loss 73757.0234375, Validation loss 73759.0390625
2021-11-18 16:19:52,575:INFO:Epoch 92, Training loss 73756.90625, Validation loss 73759.1484375
2021-11-18 16:19:56,349:INFO:Epoch 93, Training loss 73756.8515625, Validation loss 73759.1015625
2021-11-18 16:20:00,166:INFO:Epoch 94, Training loss 73756.6875, Validation loss 73758.7734375
2021-11-18 16:20:04,014:INFO:Epoch 95, Training loss 73756.328125, Validation loss 73758.15625
2021-11-18 16:20:07,802:INFO:Epoch 96, Training loss 73755.7421875, Validation loss 73757.3359375
2021-11-18 16:20:11,657:INFO:Epoch 97, Training loss 73754.984375, Validation loss 73756.4453125
2021-11-18 16:20:15,587:INFO:Epoch 98, Training loss 73754.1796875, Validation loss 73755.6171875
2021-11-18 16:20:19,414:INFO:Epoch 99, Training loss 73753.4375, Validation loss 73754.9453125
2021-11-18 16:20:23,205:INFO:Epoch 100, Training loss 73752.90625, Validation loss 73754.5390625
2021-11-18 16:20:26,902:INFO:Epoch 101, Training loss 73752.5859375, Validation loss 73754.328125
2021-11-18 16:20:30,738:INFO:Epoch 102, Training loss 73752.4453125, Validation loss 73754.203125
2021-11-18 16:20:34,611:INFO:Epoch 103, Training loss 73752.390625, Validation loss 73754.0859375
2021-11-18 16:20:38,420:INFO:Epoch 104, Training loss 73752.2890625, Validation loss 73753.8984375
2021-11-18 16:20:42,294:INFO:Epoch 105, Training loss 73752.078125, Validation loss 73753.625
2021-11-18 16:20:46,222:INFO:Epoch 106, Training loss 73751.75, Validation loss 73753.3046875
2021-11-18 16:20:50,017:INFO:Epoch 107, Training loss 73751.3359375, Validation loss 73752.984375
2021-11-18 16:20:53,754:INFO:Epoch 108, Training loss 73750.8984375, Validation loss 73752.7265625
2021-11-18 16:20:57,526:INFO:Epoch 109, Training loss 73750.5078125, Validation loss 73752.5546875
2021-11-18 16:21:01,394:INFO:Epoch 110, Training loss 73750.1953125, Validation loss 73752.4765625
2021-11-18 16:21:05,308:INFO:Epoch 111, Training loss 73749.9765625, Validation loss 73752.453125
2021-11-18 16:21:09,132:INFO:Epoch 112, Training loss 73749.8125, Validation loss 73752.4453125
2021-11-18 16:21:13,068:INFO:Epoch 113, Training loss 73749.671875, Validation loss 73752.3828125
2021-11-18 16:21:16,913:INFO:Epoch 114, Training loss 73749.515625, Validation loss 73752.25
2021-11-18 16:21:20,743:INFO:Epoch 115, Training loss 73749.3046875, Validation loss 73752.046875
2021-11-18 16:21:24,600:INFO:Epoch 116, Training loss 73749.0546875, Validation loss 73751.8125
2021-11-18 16:21:28,466:INFO:Epoch 117, Training loss 73748.78125, Validation loss 73751.5859375
2021-11-18 16:21:32,332:INFO:Epoch 118, Training loss 73748.5234375, Validation loss 73751.390625
2021-11-18 16:21:36,239:INFO:Epoch 119, Training loss 73748.3046875, Validation loss 73751.2421875
2021-11-18 16:21:40,061:INFO:Epoch 120, Training loss 73748.1328125, Validation loss 73751.1484375
2021-11-18 16:21:43,849:INFO:Epoch 121, Training loss 73748.0078125, Validation loss 73751.078125
2021-11-18 16:21:47,674:INFO:Epoch 122, Training loss 73747.890625, Validation loss 73751.0234375
2021-11-18 16:21:51,529:INFO:Epoch 123, Training loss 73747.7734375, Validation loss 73750.9453125
2021-11-18 16:21:55,422:INFO:Epoch 124, Training loss 73747.625, Validation loss 73750.8671875
2021-11-18 16:21:59,235:INFO:Epoch 125, Training loss 73747.4765625, Validation loss 73750.7890625
2021-11-18 16:22:03,143:INFO:Epoch 126, Training loss 73747.3203125, Validation loss 73750.7265625
2021-11-18 16:22:07,076:INFO:Epoch 127, Training loss 73747.171875, Validation loss 73750.6875
2021-11-18 16:22:10,873:INFO:Epoch 128, Training loss 73747.0546875, Validation loss 73750.671875
2021-11-18 16:22:14,731:INFO:Epoch 129, Training loss 73746.953125, Validation loss 73750.6640625
2021-11-18 16:22:18,554:INFO:Epoch 130, Training loss 73746.8671875, Validation loss 73750.6640625
2021-11-18 16:22:22,436:INFO:Epoch 131, Training loss 73746.7890625, Validation loss 73750.6484375
2021-11-18 16:22:26,348:INFO:Epoch 132, Training loss 73746.703125, Validation loss 73750.625
2021-11-18 16:22:30,211:INFO:Epoch 133, Training loss 73746.6171875, Validation loss 73750.5859375
2021-11-18 16:22:34,148:INFO:Epoch 134, Training loss 73746.5234375, Validation loss 73750.5390625
2021-11-18 16:22:38,107:INFO:Epoch 135, Training loss 73746.4296875, Validation loss 73750.5078125
2021-11-18 16:22:41,925:INFO:Epoch 136, Training loss 73746.3515625, Validation loss 73750.484375
2021-11-18 16:22:45,832:INFO:Epoch 137, Training loss 73746.2734375, Validation loss 73750.46875
2021-11-18 16:22:49,668:INFO:Epoch 138, Training loss 73746.2109375, Validation loss 73750.46875
2021-11-18 16:22:53,533:INFO:Epoch 139, Training loss 73746.140625, Validation loss 73750.46875
2021-11-18 16:22:57,360:INFO:Epoch 140, Training loss 73746.078125, Validation loss 73750.4765625
2021-11-18 16:23:01,056:INFO:Epoch 141, Training loss 73746.0078125, Validation loss 73750.4921875
2021-11-18 16:23:04,811:INFO:Epoch 142, Training loss 73745.9453125, Validation loss 73750.515625
2021-11-18 16:23:08,664:INFO:Epoch 143, Training loss 73745.890625, Validation loss 73750.5390625
2021-11-18 16:23:12,400:INFO:Epoch 144, Training loss 73745.8359375, Validation loss 73750.5703125
2021-11-18 16:23:16,221:INFO:Epoch 145, Training loss 73745.7734375, Validation loss 73750.59375
2021-11-18 16:23:19,950:INFO:Epoch 146, Training loss 73745.71875, Validation loss 73750.6171875
2021-11-18 16:23:23,726:INFO:Epoch 147, Training loss 73745.6640625, Validation loss 73750.6328125
2021-11-18 16:23:27,554:INFO:Epoch 148, Training loss 73745.609375, Validation loss 73750.6484375
2021-11-18 16:23:31,398:INFO:Epoch 149, Training loss 73745.5546875, Validation loss 73750.6484375
2021-11-18 16:23:35,335:INFO:Epoch 150, Training loss 73745.5, Validation loss 73750.65625
2021-11-18 16:23:39,204:INFO:Epoch 151, Training loss 73745.4453125, Validation loss 73750.6640625
2021-11-18 16:23:43,095:INFO:Epoch 152, Training loss 73745.390625, Validation loss 73750.671875
2021-11-18 16:23:46,993:INFO:Epoch 153, Training loss 73745.3359375, Validation loss 73750.6796875
2021-11-18 16:23:50,840:INFO:Epoch 154, Training loss 73745.2890625, Validation loss 73750.6875
2021-11-18 16:23:54,745:INFO:Epoch 155, Training loss 73745.2421875, Validation loss 73750.6953125
2021-11-18 16:23:58,692:INFO:Epoch 156, Training loss 73745.203125, Validation loss 73750.703125
2021-11-18 16:24:02,574:INFO:Epoch 157, Training loss 73745.1640625, Validation loss 73750.71875
2021-11-18 16:24:06,501:INFO:Epoch 158, Training loss 73745.125, Validation loss 73750.734375
2021-11-18 16:24:10,313:INFO:Epoch 159, Training loss 73745.0859375, Validation loss 73750.75
2021-11-18 16:24:14,225:INFO:Epoch 160, Training loss 73745.0390625, Validation loss 73750.7734375
2021-11-18 16:24:18,071:INFO:Epoch 161, Training loss 73745.0, Validation loss 73750.7890625
2021-11-18 16:24:21,824:INFO:Epoch 162, Training loss 73744.9609375, Validation loss 73750.8125
2021-11-18 16:24:25,734:INFO:Epoch 163, Training loss 73744.9296875, Validation loss 73750.828125
2021-11-18 16:24:29,675:INFO:Epoch 164, Training loss 73744.890625, Validation loss 73750.84375
2021-11-18 16:24:33,559:INFO:Epoch 165, Training loss 73744.8515625, Validation loss 73750.859375
2021-11-18 16:24:37,438:INFO:Epoch 166, Training loss 73744.8125, Validation loss 73750.875
2021-11-18 16:24:41,270:INFO:Epoch 167, Training loss 73744.78125, Validation loss 73750.890625
2021-11-18 16:24:45,149:INFO:Epoch 168, Training loss 73744.7421875, Validation loss 73750.8984375
2021-11-18 16:24:48,964:INFO:Epoch 169, Training loss 73744.7109375, Validation loss 73750.9140625
2021-11-18 16:24:52,813:INFO:Epoch 170, Training loss 73744.6796875, Validation loss 73750.9375
2021-11-18 16:24:56,738:INFO:Epoch 171, Training loss 73744.6484375, Validation loss 73750.9609375
2021-11-18 16:25:00,695:INFO:Epoch 172, Training loss 73744.609375, Validation loss 73750.9765625
2021-11-18 16:25:04,541:INFO:Epoch 173, Training loss 73744.578125, Validation loss 73751.0078125
2021-11-18 16:25:08,430:INFO:Epoch 174, Training loss 73744.5390625, Validation loss 73751.03125
2021-11-18 16:25:12,273:INFO:Epoch 175, Training loss 73744.5, Validation loss 73751.0625
2021-11-18 16:25:16,220:INFO:Epoch 176, Training loss 73744.46875, Validation loss 73751.09375
2021-11-18 16:25:20,166:INFO:Epoch 177, Training loss 73744.4296875, Validation loss 73751.1171875
2021-11-18 16:25:24,043:INFO:Epoch 178, Training loss 73744.390625, Validation loss 73751.140625
2021-11-18 16:25:27,985:INFO:Epoch 179, Training loss 73744.359375, Validation loss 73751.171875
2021-11-18 16:25:31,803:INFO:Epoch 180, Training loss 73744.328125, Validation loss 73751.1953125
2021-11-18 16:25:35,675:INFO:Epoch 181, Training loss 73744.2890625, Validation loss 73751.2109375
2021-11-18 16:25:39,459:INFO:Epoch 182, Training loss 73744.2578125, Validation loss 73751.2265625
2021-11-18 16:25:43,262:INFO:Epoch 183, Training loss 73744.2265625, Validation loss 73751.2421875
2021-11-18 16:25:47,170:INFO:Epoch 184, Training loss 73744.1875, Validation loss 73751.2578125
2021-11-18 16:25:51,141:INFO:Epoch 185, Training loss 73744.15625, Validation loss 73751.28125
2021-11-18 16:25:55,040:INFO:Epoch 186, Training loss 73744.125, Validation loss 73751.296875
2021-11-18 16:25:59,007:INFO:Epoch 187, Training loss 73744.09375, Validation loss 73751.3203125
2021-11-18 16:26:02,843:INFO:Epoch 188, Training loss 73744.0625, Validation loss 73751.3359375
2021-11-18 16:26:06,699:INFO:Epoch 189, Training loss 73744.03125, Validation loss 73751.359375
2021-11-18 16:26:06,707:INFO:Finished training, producing training report at /data/theorie/jthoeve/ML4EFT_higgs/models/17_11/model_final_lin_cHq3_v7/mc_run_12/plots/training_report/
2021-11-18 16:26:07,055:WARNING:findfont: Font family ['sans-serif'] not found. Falling back to DejaVu Sans.
