2022-01-24 14:09:29,877:INFO:All directories created, ready to load the data
2022-01-24 14:09:29,937:INFO:Dataset loaded from /data/theorie/jthoeve/event_generation/events_high_stats/pT/lin/cHq3/events_5.npy
2022-01-24 14:09:29,943:INFO:Dataset loaded from /data/theorie/jthoeve/event_generation/events_high_stats/pT/sm/events_5.npy
2022-01-24 14:09:32,429:INFO:Epoch 1, Training loss 73961.30859375, Validation loss 73783.1748046875
2022-01-24 14:09:34,887:INFO:Epoch 2, Training loss 73796.4765625, Validation loss 73823.22265625
2022-01-24 14:09:37,327:INFO:Epoch 3, Training loss 73818.9736328125, Validation loss 73803.798828125
2022-01-24 14:09:39,806:INFO:Epoch 4, Training loss 73786.0634765625, Validation loss 73781.345703125
2022-01-24 14:09:42,262:INFO:Epoch 5, Training loss 73776.88671875, Validation loss 73788.1025390625
2022-01-24 14:09:44,734:INFO:Epoch 6, Training loss 73780.8955078125, Validation loss 73783.287109375
2022-01-24 14:09:47,210:INFO:Epoch 7, Training loss 73773.8251953125, Validation loss 73777.3408203125
2022-01-24 14:09:49,698:INFO:Epoch 8, Training loss 73772.2158203125, Validation loss 73778.953125
2022-01-24 14:09:52,183:INFO:Epoch 9, Training loss 73772.734375, Validation loss 73777.78125
2022-01-24 14:09:54,622:INFO:Epoch 10, Training loss 73770.935546875, Validation loss 73777.3173828125
2022-01-24 14:09:57,116:INFO:Epoch 11, Training loss 73770.6640625, Validation loss 73778.1376953125
2022-01-24 14:09:59,604:INFO:Epoch 12, Training loss 73770.138671875, Validation loss 73777.8623046875
2022-01-24 14:10:02,088:INFO:Epoch 13, Training loss 73769.431640625, Validation loss 73778.08984375
2022-01-24 14:10:04,518:INFO:Epoch 14, Training loss 73769.220703125, Validation loss 73778.4248046875
2022-01-24 14:10:06,997:INFO:Epoch 15, Training loss 73768.9716796875, Validation loss 73778.466796875
2022-01-24 14:10:09,435:INFO:Epoch 16, Training loss 73768.4677734375, Validation loss 73778.18359375
2022-01-24 14:10:11,948:INFO:Epoch 17, Training loss 73768.1845703125, Validation loss 73778.2548828125
2022-01-24 14:10:14,401:INFO:Epoch 18, Training loss 73767.86328125, Validation loss 73778.63671875
2022-01-24 14:10:16,891:INFO:Epoch 19, Training loss 73767.7216796875, Validation loss 73778.4248046875
2022-01-24 14:10:19,348:INFO:Epoch 20, Training loss 73767.455078125, Validation loss 73778.951171875
2022-01-24 14:10:21,861:INFO:Epoch 21, Training loss 73767.0576171875, Validation loss 73778.6552734375
2022-01-24 14:10:24,319:INFO:Epoch 22, Training loss 73766.802734375, Validation loss 73778.75
2022-01-24 14:10:26,786:INFO:Epoch 23, Training loss 73766.427734375, Validation loss 73778.6279296875
2022-01-24 14:10:29,259:INFO:Epoch 24, Training loss 73766.1826171875, Validation loss 73779.0966796875
2022-01-24 14:10:31,760:INFO:Epoch 25, Training loss 73766.1171875, Validation loss 73779.50390625
2022-01-24 14:10:34,219:INFO:Epoch 26, Training loss 73765.7744140625, Validation loss 73778.7060546875
2022-01-24 14:10:36,686:INFO:Epoch 27, Training loss 73765.3623046875, Validation loss 73779.029296875
2022-01-24 14:10:39,156:INFO:Epoch 28, Training loss 73765.2353515625, Validation loss 73779.1572265625
2022-01-24 14:10:41,668:INFO:Epoch 29, Training loss 73764.732421875, Validation loss 73779.6201171875
2022-01-24 14:10:44,146:INFO:Epoch 30, Training loss 73764.5283203125, Validation loss 73779.78125
2022-01-24 14:10:46,602:INFO:Epoch 31, Training loss 73764.5625, Validation loss 73779.3662109375
2022-01-24 14:10:49,093:INFO:Epoch 32, Training loss 73763.859375, Validation loss 73779.7890625
2022-01-24 14:10:51,577:INFO:Epoch 33, Training loss 73763.9130859375, Validation loss 73779.2236328125
2022-01-24 14:10:54,069:INFO:Epoch 34, Training loss 73763.0146484375, Validation loss 73780.0966796875
2022-01-24 14:10:56,502:INFO:Epoch 35, Training loss 73763.751953125, Validation loss 73781.1240234375
2022-01-24 14:10:58,996:INFO:Epoch 36, Training loss 73762.6337890625, Validation loss 73780.1142578125
2022-01-24 14:11:01,447:INFO:Epoch 37, Training loss 73762.1982421875, Validation loss 73779.9482421875
2022-01-24 14:11:04,000:INFO:Epoch 38, Training loss 73761.93359375, Validation loss 73779.017578125
2022-01-24 14:11:06,445:INFO:Epoch 39, Training loss 73761.4599609375, Validation loss 73779.572265625
2022-01-24 14:11:08,935:INFO:Epoch 40, Training loss 73760.5390625, Validation loss 73780.74609375
2022-01-24 14:11:11,387:INFO:Epoch 41, Training loss 73760.4765625, Validation loss 73780.6845703125
2022-01-24 14:11:13,894:INFO:Epoch 42, Training loss 73759.9365234375, Validation loss 73780.830078125
2022-01-24 14:11:16,360:INFO:Epoch 43, Training loss 73759.3544921875, Validation loss 73780.4990234375
2022-01-24 14:11:18,834:INFO:Epoch 44, Training loss 73758.916015625, Validation loss 73779.9404296875
2022-01-24 14:11:21,314:INFO:Epoch 45, Training loss 73758.16015625, Validation loss 73781.4033203125
2022-01-24 14:11:23,829:INFO:Epoch 46, Training loss 73758.130859375, Validation loss 73780.99609375
2022-01-24 14:11:26,294:INFO:Epoch 47, Training loss 73758.3291015625, Validation loss 73783.0
2022-01-24 14:11:28,756:INFO:Epoch 48, Training loss 73756.49609375, Validation loss 73780.4130859375
2022-01-24 14:11:31,235:INFO:Epoch 49, Training loss 73756.3916015625, Validation loss 73781.177734375
2022-01-24 14:11:33,729:INFO:Epoch 50, Training loss 73755.4677734375, Validation loss 73781.8046875
2022-01-24 14:11:36,208:INFO:Epoch 51, Training loss 73754.80078125, Validation loss 73781.8203125
2022-01-24 14:11:38,662:INFO:Epoch 52, Training loss 73754.4033203125, Validation loss 73782.5390625
2022-01-24 14:11:41,153:INFO:Epoch 53, Training loss 73755.244140625, Validation loss 73781.1611328125
2022-01-24 14:11:43,644:INFO:Epoch 54, Training loss 73753.4833984375, Validation loss 73783.4697265625
2022-01-24 14:11:46,143:INFO:Epoch 55, Training loss 73752.3916015625, Validation loss 73784.2060546875
2022-01-24 14:11:48,603:INFO:Epoch 56, Training loss 73752.2255859375, Validation loss 73783.0380859375
2022-01-24 14:11:51,113:INFO:Epoch 57, Training loss 73751.833984375, Validation loss 73782.3916015625
2022-01-24 14:11:53,565:INFO:Epoch 58, Training loss 73750.4345703125, Validation loss 73783.279296875
2022-01-24 14:11:56,098:INFO:Epoch 59, Training loss 73750.275390625, Validation loss 73785.2197265625
2022-01-24 14:11:58,561:INFO:Epoch 60, Training loss 73749.599609375, Validation loss 73783.625
2022-01-24 14:11:58,566:INFO:Finished training
