2021-11-17 17:54:11,643:INFO:All directories created, ready to load the data
2021-11-17 17:54:11,692:INFO:Dataset loaded from /data/theorie/jthoeve/event_generation/events_high_stats/lin/cHW/events_13.npy
2021-11-17 17:54:11,750:INFO:Dataset loaded from /data/theorie/jthoeve/event_generation/events_high_stats/sm/events_13.npy
2021-11-17 17:54:15,147:INFO:Epoch 1, Training loss 208003.14453125, Validation loss 208003.14453125
2021-11-17 17:54:18,470:INFO:Epoch 2, Training loss 208003.14453125, Validation loss 208003.14453125
2021-11-17 17:54:21,789:INFO:Epoch 3, Training loss 208003.14453125, Validation loss 208003.14453125
2021-11-17 17:54:25,142:INFO:Epoch 4, Training loss 208003.14453125, Validation loss 208003.14453125
2021-11-17 17:54:28,456:INFO:Epoch 5, Training loss 208003.14453125, Validation loss 208003.14453125
2021-11-17 17:54:31,787:INFO:Epoch 6, Training loss 208003.14453125, Validation loss 208003.14453125
2021-11-17 17:54:35,085:INFO:Epoch 7, Training loss 208003.14453125, Validation loss 208003.14453125
2021-11-17 17:54:38,412:INFO:Epoch 8, Training loss 208003.14453125, Validation loss 208003.14453125
2021-11-17 17:54:41,710:INFO:Epoch 9, Training loss 208003.14453125, Validation loss 208003.14453125
2021-11-17 17:54:45,013:INFO:Epoch 10, Training loss 208003.14453125, Validation loss 208003.14453125
2021-11-17 17:54:48,335:INFO:Epoch 11, Training loss 208003.14453125, Validation loss 208003.14453125
2021-11-17 17:54:48,339:INFO:Detected stagant training, reset the weights
2021-11-17 17:54:51,663:INFO:Epoch 12, Training loss 137388.79296875, Validation loss 133284.361328125
2021-11-17 17:54:54,975:INFO:Epoch 13, Training loss 130454.091796875, Validation loss 126277.060546875
2021-11-17 17:54:58,267:INFO:Epoch 14, Training loss 123547.099609375, Validation loss 119451.607421875
2021-11-17 17:55:01,588:INFO:Epoch 15, Training loss 116931.5703125, Validation loss 113359.814453125
2021-11-17 17:55:04,904:INFO:Epoch 16, Training loss 111663.20703125, Validation loss 109726.162109375
2021-11-17 17:55:08,220:INFO:Epoch 17, Training loss 109516.60546875, Validation loss 109572.98046875
2021-11-17 17:55:11,504:INFO:Epoch 18, Training loss 109851.99609375, Validation loss 109921.939453125
2021-11-17 17:55:14,851:INFO:Epoch 19, Training loss 109839.384765625, Validation loss 109507.921875
2021-11-17 17:55:18,163:INFO:Epoch 20, Training loss 109399.662109375, Validation loss 109183.236328125
2021-11-17 17:55:21,519:INFO:Epoch 21, Training loss 109208.6171875, Validation loss 109168.7265625
2021-11-17 17:55:24,804:INFO:Epoch 22, Training loss 109224.970703125, Validation loss 109187.46484375
2021-11-17 17:55:28,139:INFO:Epoch 23, Training loss 109209.50390625, Validation loss 109130.58984375
2021-11-17 17:55:31,432:INFO:Epoch 24, Training loss 109149.267578125, Validation loss 109075.037109375
2021-11-17 17:55:34,779:INFO:Epoch 25, Training loss 109109.02734375, Validation loss 109053.39453125
2021-11-17 17:55:38,070:INFO:Epoch 26, Training loss 109091.5859375, Validation loss 109037.212890625
2021-11-17 17:55:41,388:INFO:Epoch 27, Training loss 109072.9453125, Validation loss 109018.080078125
2021-11-17 17:55:44,691:INFO:Epoch 28, Training loss 109053.203125, Validation loss 109000.482421875
2021-11-17 17:55:48,036:INFO:Epoch 29, Training loss 109035.302734375, Validation loss 108984.087890625
2021-11-17 17:55:51,343:INFO:Epoch 30, Training loss 109019.3359375, Validation loss 108968.033203125
2021-11-17 17:55:54,648:INFO:Epoch 31, Training loss 109003.7109375, Validation loss 108953.92578125
2021-11-17 17:55:57,960:INFO:Epoch 32, Training loss 108989.796875, Validation loss 108939.83203125
2021-11-17 17:56:01,287:INFO:Epoch 33, Training loss 108975.046875, Validation loss 108926.705078125
2021-11-17 17:56:04,619:INFO:Epoch 34, Training loss 108961.005859375, Validation loss 108913.619140625
2021-11-17 17:56:07,922:INFO:Epoch 35, Training loss 108947.53125, Validation loss 108901.095703125
2021-11-17 17:56:11,245:INFO:Epoch 36, Training loss 108934.7109375, Validation loss 108888.9453125
2021-11-17 17:56:14,569:INFO:Epoch 37, Training loss 108922.333984375, Validation loss 108878.025390625
2021-11-17 17:56:17,893:INFO:Epoch 38, Training loss 108912.044921875, Validation loss 108867.765625
2021-11-17 17:56:21,181:INFO:Epoch 39, Training loss 108900.6015625, Validation loss 108860.048828125
2021-11-17 17:56:24,515:INFO:Epoch 40, Training loss 108891.833984375, Validation loss 108853.380859375
2021-11-17 17:56:27,800:INFO:Epoch 41, Training loss 108885.646484375, Validation loss 108848.32421875
2021-11-17 17:56:31,159:INFO:Epoch 42, Training loss 108878.123046875, Validation loss 108842.8828125
2021-11-17 17:56:34,446:INFO:Epoch 43, Training loss 108873.177734375, Validation loss 108840.138671875
2021-11-17 17:56:37,782:INFO:Epoch 44, Training loss 108870.34375, Validation loss 108838.095703125
2021-11-17 17:56:41,078:INFO:Epoch 45, Training loss 108866.662109375, Validation loss 108837.103515625
2021-11-17 17:56:44,430:INFO:Epoch 46, Training loss 108864.939453125, Validation loss 108836.697265625
2021-11-17 17:56:47,732:INFO:Epoch 47, Training loss 108863.53125, Validation loss 108835.86328125
2021-11-17 17:56:51,057:INFO:Epoch 48, Training loss 108861.853515625, Validation loss 108836.392578125
2021-11-17 17:56:54,368:INFO:Epoch 49, Training loss 108861.13671875, Validation loss 108835.830078125
2021-11-17 17:56:57,725:INFO:Epoch 50, Training loss 108859.9140625, Validation loss 108835.744140625
2021-11-17 17:57:01,048:INFO:Epoch 51, Training loss 108859.083984375, Validation loss 108837.0
2021-11-17 17:57:04,379:INFO:Epoch 52, Training loss 108857.875, Validation loss 108836.34375
2021-11-17 17:57:07,727:INFO:Epoch 53, Training loss 108857.71875, Validation loss 108835.5546875
2021-11-17 17:57:11,072:INFO:Epoch 54, Training loss 108856.251953125, Validation loss 108836.263671875
2021-11-17 17:57:14,399:INFO:Epoch 55, Training loss 108855.921875, Validation loss 108836.833984375
2021-11-17 17:57:17,714:INFO:Epoch 56, Training loss 108855.04296875, Validation loss 108837.37890625
2021-11-17 17:57:21,063:INFO:Epoch 57, Training loss 108854.64453125, Validation loss 108836.546875
2021-11-17 17:57:24,399:INFO:Epoch 58, Training loss 108853.572265625, Validation loss 108836.787109375
2021-11-17 17:57:27,737:INFO:Epoch 59, Training loss 108853.134765625, Validation loss 108837.39453125
2021-11-17 17:57:31,036:INFO:Epoch 60, Training loss 108852.451171875, Validation loss 108836.962890625
2021-11-17 17:57:34,431:INFO:Epoch 61, Training loss 108852.298828125, Validation loss 108837.720703125
2021-11-17 17:57:37,739:INFO:Epoch 62, Training loss 108852.69140625, Validation loss 108839.220703125
2021-11-17 17:57:41,113:INFO:Epoch 63, Training loss 108851.619140625, Validation loss 108837.8359375
2021-11-17 17:57:44,428:INFO:Epoch 64, Training loss 108851.4609375, Validation loss 108839.033203125
2021-11-17 17:57:47,776:INFO:Epoch 65, Training loss 108851.23046875, Validation loss 108838.484375
2021-11-17 17:57:51,092:INFO:Epoch 66, Training loss 108849.794921875, Validation loss 108839.546875
2021-11-17 17:57:54,461:INFO:Epoch 67, Training loss 108849.810546875, Validation loss 108840.087890625
2021-11-17 17:57:57,777:INFO:Epoch 68, Training loss 108849.681640625, Validation loss 108840.560546875
2021-11-17 17:58:01,114:INFO:Epoch 69, Training loss 108849.19140625, Validation loss 108840.322265625
2021-11-17 17:58:04,438:INFO:Epoch 70, Training loss 108848.703125, Validation loss 108839.73828125
2021-11-17 17:58:07,813:INFO:Epoch 71, Training loss 108848.81640625, Validation loss 108839.646484375
2021-11-17 17:58:11,140:INFO:Epoch 72, Training loss 108848.33203125, Validation loss 108840.654296875
2021-11-17 17:58:14,464:INFO:Epoch 73, Training loss 108848.052734375, Validation loss 108841.044921875
2021-11-17 17:58:14,470:INFO:Finished training, producing training report at /data/theorie/jthoeve/ML4EFT_higgs/models/17_11/model_final_lin_cHW/mc_run_13/plots/training_report/
2021-11-17 17:58:15,850:WARNING:findfont: Font family ['sans-serif'] not found. Falling back to DejaVu Sans.
