2.080861132812500000e+05
2.080861132812500000e+05
2.080861132812500000e+05
2.080861132812500000e+05
2.080861132812500000e+05
2.080861132812500000e+05
2.080861132812500000e+05
2.080861132812500000e+05
2.080861132812500000e+05
2.080861132812500000e+05
2.080861132812500000e+05
1.603906796875000000e+05
1.371581152343750000e+05
1.244370039062500000e+05
1.168165000000000000e+05
1.120468125000000000e+05
1.098887050781250000e+05
1.096183222656250000e+05
1.098314062500000000e+05
1.097434121093750000e+05
1.095075625000000000e+05
1.093536035156250000e+05
1.093126738281250000e+05
1.093029746093750000e+05
1.092756601562500000e+05
1.092413105468750000e+05
1.092123789062500000e+05
1.091898007812500000e+05
1.091685195312500000e+05
1.091455078125000000e+05
1.091225097656250000e+05
1.090984296875000000e+05
1.090732246093750000e+05
1.090469453125000000e+05
1.090185468750000000e+05
1.089874023437500000e+05
1.089549277343750000e+05
1.089207265625000000e+05
1.088830937500000000e+05
1.088437558593750000e+05
1.087968652343750000e+05
1.087493105468750000e+05
1.087051777343750000e+05
1.086619707031250000e+05
1.086257265625000000e+05
1.085973476562500000e+05
1.085801445312500000e+05
1.085712324218750000e+05
1.085611289062500000e+05
1.085550175781250000e+05
1.085510429687500000e+05
1.085478593750000000e+05
1.085458359375000000e+05
1.085424843750000000e+05
1.085404570312500000e+05
1.085385410156250000e+05
1.085362792968750000e+05
1.085344726562500000e+05
1.085339472656250000e+05
1.085317285156250000e+05
1.085299003906250000e+05
1.085301953125000000e+05
1.085286347656250000e+05
1.085277285156250000e+05
1.085287382812500000e+05
1.085266015625000000e+05
1.085265527343750000e+05
1.085233847656250000e+05
1.085232011718750000e+05
1.085229023437500000e+05
1.085221289062500000e+05
1.085223574218750000e+05
1.085209980468750000e+05
1.085204277343750000e+05
1.085200429687500000e+05
1.085181933593750000e+05
1.085189628906250000e+05
1.085163417968750000e+05
1.085162460937500000e+05
1.085165488281250000e+05
1.085155253906250000e+05
1.085146699218750000e+05
1.085140000000000000e+05
1.085130957031250000e+05
1.085123945312500000e+05
1.085127441406250000e+05
1.085113652343750000e+05
1.085112890625000000e+05
1.085109199218750000e+05
1.085096796875000000e+05
1.085090351562500000e+05
1.085089804687500000e+05
1.085089140625000000e+05
1.085086933593750000e+05
1.085074003906250000e+05
1.085081875000000000e+05
1.085083027343750000e+05
1.085060507812500000e+05
1.085078183593750000e+05
1.085042988281250000e+05
1.085082851562500000e+05
1.085052597656250000e+05
1.085064335937500000e+05
1.085062460937500000e+05
1.085057988281250000e+05
1.085036738281250000e+05
1.085035468750000000e+05
1.085020644531250000e+05
1.085029472656250000e+05
1.085022480468750000e+05
1.085008281250000000e+05
1.085010605468750000e+05
1.085008593750000000e+05
1.084997988281250000e+05
1.084997089843750000e+05
1.084996562500000000e+05
1.084988906250000000e+05
1.085004726562500000e+05
1.084997851562500000e+05
1.084991406250000000e+05
1.084993281250000000e+05
1.084982656250000000e+05
1.084975566406250000e+05
1.084975000000000000e+05
1.084973398437500000e+05
1.084977597656250000e+05
1.084955937500000000e+05
1.084975429687500000e+05
1.084964062500000000e+05
1.084962949218750000e+05
1.084953808593750000e+05
1.084964199218750000e+05
1.084959648437500000e+05
1.084974550781250000e+05
1.084999648437500000e+05
1.084950429687500000e+05
1.084943183593750000e+05
1.084937460937500000e+05
1.084931015625000000e+05
1.084921269531250000e+05
1.084909199218750000e+05
1.084933671875000000e+05
1.084921308593750000e+05
1.084914570312500000e+05
1.084909980468750000e+05
1.084903378906250000e+05
1.084903828125000000e+05
1.084897128906250000e+05
1.084905214843750000e+05
1.084905800781250000e+05
1.084881074218750000e+05
1.084881718750000000e+05
1.084879746093750000e+05
1.084879472656250000e+05
1.084876562500000000e+05
1.084885488281250000e+05
1.084883652343750000e+05
1.084877089843750000e+05
1.084876601562500000e+05
1.084862792968750000e+05
1.084881386718750000e+05
1.084850390625000000e+05
1.084879335937500000e+05
1.084843574218750000e+05
1.084916640625000000e+05
