8.465391601562500000e+04
8.465391601562500000e+04
8.465391601562500000e+04
8.465391601562500000e+04
8.465391601562500000e+04
8.465391601562500000e+04
8.465391601562500000e+04
8.465391601562500000e+04
8.465391601562500000e+04
8.465391601562500000e+04
8.465391601562500000e+04
8.465391601562500000e+04
8.465391601562500000e+04
8.465267187500000000e+04
8.461329101562500000e+04
8.354409179687500000e+04
7.709380957031250000e+04
7.443960742187500000e+04
7.470372851562500000e+04
7.422835937500000000e+04
7.382104492187500000e+04
7.384098925781250000e+04
7.382107812500000000e+04
7.376408789062500000e+04
7.376411328125000000e+04
7.376684570312500000e+04
7.375736328125000000e+04
7.375620019531250000e+04
7.375591015625000000e+04
7.375388085937500000e+04
7.375400097656250000e+04
7.375388085937500000e+04
7.375343847656250000e+04
7.375331542968750000e+04
7.375306445312500000e+04
7.375268164062500000e+04
7.375255371093750000e+04
7.375258886718750000e+04
7.375232421875000000e+04
7.375219335937500000e+04
7.375204101562500000e+04
7.375195312500000000e+04
7.375189160156250000e+04
7.375182714843750000e+04
7.375166210937500000e+04
7.375167285156250000e+04
7.375178808593750000e+04
7.375147753906250000e+04
7.375132421875000000e+04
7.375134765625000000e+04
7.375113867187500000e+04
7.375126464843750000e+04
7.375095507812500000e+04
7.375078125000000000e+04
7.375078710937500000e+04
7.375080957031250000e+04
7.375062011718750000e+04
7.375046484375000000e+04
7.375038476562500000e+04
7.375038574218750000e+04
7.375020117187500000e+04
7.375016503906250000e+04
7.375039453125000000e+04
7.375034472656250000e+04
7.374994921875000000e+04
7.374970312500000000e+04
7.374996191406250000e+04
7.374968457031250000e+04
7.374935937500000000e+04
7.374952832031250000e+04
7.374931152343750000e+04
7.374917285156250000e+04
7.374917480468750000e+04
7.374918750000000000e+04
7.374891210937500000e+04
7.374875585937500000e+04
7.374888867187500000e+04
