2021-11-24 15:26:07,659:INFO:All directories created, ready to load the data
2021-11-24 15:26:07,695:INFO:Dataset loaded from /data/theorie/jthoeve/event_generation/events_high_stats/quad/cHW/events_1.npy
2021-11-24 15:26:07,698:INFO:Dataset loaded from /data/theorie/jthoeve/event_generation/events_high_stats/sm/events_1.npy
2021-11-24 15:26:11,704:INFO:Epoch 1, Training loss 149899.064453125, Validation loss 149184.09765625
2021-11-24 15:26:15,690:INFO:Epoch 2, Training loss 148885.087890625, Validation loss 148535.703125
2021-11-24 15:26:19,609:INFO:Epoch 3, Training loss 148159.521484375, Validation loss 147672.21484375
2021-11-24 15:26:23,630:INFO:Epoch 4, Training loss 147202.078125, Validation loss 146659.94921875
2021-11-24 15:26:27,532:INFO:Epoch 5, Training loss 146175.072265625, Validation loss 145712.822265625
2021-11-24 15:26:31,519:INFO:Epoch 6, Training loss 145230.44140625, Validation loss 144835.3125
2021-11-24 15:26:35,404:INFO:Epoch 7, Training loss 144396.220703125, Validation loss 144132.671875
2021-11-24 15:26:39,256:INFO:Epoch 8, Training loss 143792.984375, Validation loss 143768.435546875
2021-11-24 15:26:43,060:INFO:Epoch 9, Training loss 143557.453125, Validation loss 143691.796875
2021-11-24 15:26:47,023:INFO:Epoch 10, Training loss 143509.888671875, Validation loss 143678.466796875
2021-11-24 15:26:50,984:INFO:Epoch 11, Training loss 143472.419921875, Validation loss 143658.95703125
2021-11-24 15:26:54,964:INFO:Epoch 12, Training loss 143424.640625, Validation loss 143630.373046875
2021-11-24 15:26:58,926:INFO:Epoch 13, Training loss 143407.953125, Validation loss 143628.298828125
2021-11-24 15:27:02,866:INFO:Epoch 14, Training loss 143397.16796875, Validation loss 143608.462890625
2021-11-24 15:27:06,894:INFO:Epoch 15, Training loss 143381.927734375, Validation loss 143598.890625
2021-11-24 15:27:10,909:INFO:Epoch 16, Training loss 143372.4453125, Validation loss 143592.21484375
2021-11-24 15:27:14,895:INFO:Epoch 17, Training loss 143365.69140625, Validation loss 143589.412109375
2021-11-24 15:27:18,827:INFO:Epoch 18, Training loss 143362.240234375, Validation loss 143582.380859375
2021-11-24 15:27:23,211:INFO:Epoch 19, Training loss 143359.654296875, Validation loss 143592.8203125
2021-11-24 15:27:27,113:INFO:Epoch 20, Training loss 143357.80078125, Validation loss 143580.130859375
2021-11-24 15:27:30,996:INFO:Epoch 21, Training loss 143352.26953125, Validation loss 143578.513671875
2021-11-24 15:27:34,793:INFO:Epoch 22, Training loss 143347.537109375, Validation loss 143581.599609375
2021-11-24 15:27:38,730:INFO:Epoch 23, Training loss 143344.15625, Validation loss 143576.298828125
2021-11-24 15:27:42,675:INFO:Epoch 24, Training loss 143341.470703125, Validation loss 143578.705078125
2021-11-24 15:27:46,688:INFO:Epoch 25, Training loss 143341.638671875, Validation loss 143577.83203125
2021-11-24 15:27:50,646:INFO:Epoch 26, Training loss 143340.486328125, Validation loss 143576.283203125
2021-11-24 15:27:54,628:INFO:Epoch 27, Training loss 143339.55078125, Validation loss 143579.021484375
2021-11-24 15:27:58,795:INFO:Epoch 28, Training loss 143337.880859375, Validation loss 143579.228515625
2021-11-24 15:28:02,779:INFO:Epoch 29, Training loss 143336.34765625, Validation loss 143580.255859375
2021-11-24 15:28:06,747:INFO:Epoch 30, Training loss 143333.67578125, Validation loss 143578.314453125
2021-11-24 15:28:10,724:INFO:Epoch 31, Training loss 143332.587890625, Validation loss 143582.3984375
2021-11-24 15:28:14,694:INFO:Epoch 32, Training loss 143334.455078125, Validation loss 143576.021484375
2021-11-24 15:28:18,681:INFO:Epoch 33, Training loss 143337.03515625, Validation loss 143581.6015625
2021-11-24 15:28:22,592:INFO:Epoch 34, Training loss 143329.533203125, Validation loss 143580.033203125
2021-11-24 15:28:26,397:INFO:Epoch 35, Training loss 143335.232421875, Validation loss 143576.0390625
2021-11-24 15:28:30,224:INFO:Epoch 36, Training loss 143334.431640625, Validation loss 143576.08984375
2021-11-24 15:28:34,222:INFO:Epoch 37, Training loss 143333.333984375, Validation loss 143593.90234375
2021-11-24 15:28:38,233:INFO:Epoch 38, Training loss 143335.947265625, Validation loss 143583.15234375
2021-11-24 15:28:42,178:INFO:Epoch 39, Training loss 143339.517578125, Validation loss 143609.23046875
2021-11-24 15:28:46,130:INFO:Epoch 40, Training loss 143336.9296875, Validation loss 143584.927734375
2021-11-24 15:28:50,065:INFO:Epoch 41, Training loss 143341.5625, Validation loss 143582.796875
2021-11-24 15:28:54,102:INFO:Epoch 42, Training loss 143336.861328125, Validation loss 143582.64453125
2021-11-24 15:28:58,067:INFO:Epoch 43, Training loss 143339.474609375, Validation loss 143583.826171875
2021-11-24 15:29:02,067:INFO:Epoch 44, Training loss 143344.724609375, Validation loss 143595.255859375
2021-11-24 15:29:06,008:INFO:Epoch 45, Training loss 143335.244140625, Validation loss 143577.88671875
2021-11-24 15:29:10,053:INFO:Epoch 46, Training loss 143328.779296875, Validation loss 143582.357421875
2021-11-24 15:29:13,984:INFO:Epoch 47, Training loss 143324.85546875, Validation loss 143573.638671875
2021-11-24 15:29:17,842:INFO:Epoch 48, Training loss 143333.099609375, Validation loss 143574.18359375
2021-11-24 15:29:21,636:INFO:Epoch 49, Training loss 143329.0703125, Validation loss 143585.97265625
2021-11-24 15:29:25,609:INFO:Epoch 50, Training loss 143328.580078125, Validation loss 143574.544921875
2021-11-24 15:29:29,578:INFO:Epoch 51, Training loss 143326.484375, Validation loss 143577.30078125
2021-11-24 15:29:33,502:INFO:Epoch 52, Training loss 143324.13671875, Validation loss 143574.62109375
2021-11-24 15:29:37,489:INFO:Epoch 53, Training loss 143324.087890625, Validation loss 143575.0703125
2021-11-24 15:29:41,477:INFO:Epoch 54, Training loss 143326.451171875, Validation loss 143586.361328125
2021-11-24 15:29:45,445:INFO:Epoch 55, Training loss 143329.134765625, Validation loss 143574.640625
2021-11-24 15:29:49,372:INFO:Epoch 56, Training loss 143325.37890625, Validation loss 143585.59375
2021-11-24 15:29:53,342:INFO:Epoch 57, Training loss 143322.3046875, Validation loss 143574.787109375
2021-11-24 15:29:57,307:INFO:Epoch 58, Training loss 143325.28515625, Validation loss 143580.482421875
2021-11-24 15:30:01,283:INFO:Epoch 59, Training loss 143324.390625, Validation loss 143572.669921875
2021-11-24 15:30:05,215:INFO:Epoch 60, Training loss 143324.919921875, Validation loss 143575.95703125
2021-11-24 15:30:09,138:INFO:Epoch 61, Training loss 143327.73828125, Validation loss 143588.208984375
2021-11-24 15:30:12,965:INFO:Epoch 62, Training loss 143324.16796875, Validation loss 143573.064453125
2021-11-24 15:30:16,836:INFO:Epoch 63, Training loss 143321.6796875, Validation loss 143575.5703125
2021-11-24 15:30:20,762:INFO:Epoch 64, Training loss 143320.291015625, Validation loss 143575.02734375
2021-11-24 15:30:24,914:INFO:Epoch 65, Training loss 143320.193359375, Validation loss 143573.712890625
2021-11-24 15:30:28,903:INFO:Epoch 66, Training loss 143319.76171875, Validation loss 143573.533203125
2021-11-24 15:30:32,921:INFO:Epoch 67, Training loss 143320.51171875, Validation loss 143572.44921875
2021-11-24 15:30:36,875:INFO:Epoch 68, Training loss 143321.3984375, Validation loss 143585.2578125
2021-11-24 15:30:40,887:INFO:Epoch 69, Training loss 143323.73828125, Validation loss 143571.12890625
2021-11-24 15:30:44,874:INFO:Epoch 70, Training loss 143319.923828125, Validation loss 143577.583984375
2021-11-24 15:30:48,890:INFO:Epoch 71, Training loss 143317.759765625, Validation loss 143573.03515625
2021-11-24 15:30:52,854:INFO:Epoch 72, Training loss 143319.736328125, Validation loss 143572.724609375
2021-11-24 15:30:56,859:INFO:Epoch 73, Training loss 143318.19140625, Validation loss 143576.40625
2021-11-24 15:31:00,841:INFO:Epoch 74, Training loss 143319.43359375, Validation loss 143570.76953125
2021-11-24 15:31:04,731:INFO:Epoch 75, Training loss 143316.408203125, Validation loss 143579.03125
2021-11-24 15:31:08,561:INFO:Epoch 76, Training loss 143317.3359375, Validation loss 143573.255859375
2021-11-24 15:31:12,370:INFO:Epoch 77, Training loss 143315.916015625, Validation loss 143574.779296875
2021-11-24 15:31:16,344:INFO:Epoch 78, Training loss 143315.5546875, Validation loss 143571.84765625
2021-11-24 15:31:20,321:INFO:Epoch 79, Training loss 143317.48046875, Validation loss 143569.453125
2021-11-24 15:31:24,303:INFO:Epoch 80, Training loss 143315.02734375, Validation loss 143570.2421875
2021-11-24 15:31:28,285:INFO:Epoch 81, Training loss 143315.755859375, Validation loss 143577.291015625
2021-11-24 15:31:32,281:INFO:Epoch 82, Training loss 143314.212890625, Validation loss 143570.21484375
2021-11-24 15:31:36,220:INFO:Epoch 83, Training loss 143316.150390625, Validation loss 143570.076171875
2021-11-24 15:31:40,208:INFO:Epoch 84, Training loss 143316.671875, Validation loss 143589.111328125
2021-11-24 15:31:44,155:INFO:Epoch 85, Training loss 143322.951171875, Validation loss 143579.79296875
2021-11-24 15:31:48,156:INFO:Epoch 86, Training loss 143323.697265625, Validation loss 143580.560546875
2021-11-24 15:31:52,121:INFO:Epoch 87, Training loss 143315.779296875, Validation loss 143569.1171875
2021-11-24 15:31:56,113:INFO:Epoch 88, Training loss 143313.52734375, Validation loss 143569.447265625
2021-11-24 15:31:59,984:INFO:Epoch 89, Training loss 143314.32421875, Validation loss 143568.92578125
2021-11-24 15:32:03,811:INFO:Epoch 90, Training loss 143317.5546875, Validation loss 143569.974609375
2021-11-24 15:32:07,709:INFO:Epoch 91, Training loss 143313.810546875, Validation loss 143599.404296875
2021-11-24 15:32:11,720:INFO:Epoch 92, Training loss 143334.373046875, Validation loss 143571.462890625
2021-11-24 15:32:15,688:INFO:Epoch 93, Training loss 143316.111328125, Validation loss 143573.822265625
2021-11-24 15:32:19,660:INFO:Epoch 94, Training loss 143319.89453125, Validation loss 143578.7890625
2021-11-24 15:32:23,997:INFO:Epoch 95, Training loss 143318.015625, Validation loss 143570.185546875
2021-11-24 15:32:27,979:INFO:Epoch 96, Training loss 143313.109375, Validation loss 143571.822265625
2021-11-24 15:32:31,937:INFO:Epoch 97, Training loss 143314.830078125, Validation loss 143577.869140625
2021-11-24 15:32:35,888:INFO:Epoch 98, Training loss 143318.287109375, Validation loss 143569.404296875
2021-11-24 15:32:39,869:INFO:Epoch 99, Training loss 143313.982421875, Validation loss 143571.22265625
2021-11-24 15:32:43,852:INFO:Epoch 100, Training loss 143313.9921875, Validation loss 143571.34375
2021-11-24 15:32:47,827:INFO:Epoch 101, Training loss 143316.8671875, Validation loss 143568.265625
2021-11-24 15:32:51,665:INFO:Epoch 102, Training loss 143311.97265625, Validation loss 143570.220703125
2021-11-24 15:32:55,511:INFO:Epoch 103, Training loss 143312.10546875, Validation loss 143573.087890625
2021-11-24 15:32:59,323:INFO:Epoch 104, Training loss 143312.859375, Validation loss 143588.794921875
2021-11-24 15:33:03,357:INFO:Epoch 105, Training loss 143322.068359375, Validation loss 143577.095703125
2021-11-24 15:33:07,306:INFO:Epoch 106, Training loss 143328.087890625, Validation loss 143569.943359375
2021-11-24 15:33:11,282:INFO:Epoch 107, Training loss 143316.232421875, Validation loss 143576.828125
2021-11-24 15:33:15,187:INFO:Epoch 108, Training loss 143312.25, Validation loss 143567.912109375
2021-11-24 15:33:19,146:INFO:Epoch 109, Training loss 143309.673828125, Validation loss 143569.291015625
2021-11-24 15:33:23,045:INFO:Epoch 110, Training loss 143311.408203125, Validation loss 143568.8203125
2021-11-24 15:33:26,962:INFO:Epoch 111, Training loss 143313.091796875, Validation loss 143578.767578125
2021-11-24 15:33:30,904:INFO:Epoch 112, Training loss 143312.63671875, Validation loss 143570.15625
2021-11-24 15:33:34,850:INFO:Epoch 113, Training loss 143309.45703125, Validation loss 143574.228515625
2021-11-24 15:33:38,754:INFO:Epoch 114, Training loss 143321.986328125, Validation loss 143573.58203125
2021-11-24 15:33:42,613:INFO:Epoch 115, Training loss 143316.34765625, Validation loss 143575.69140625
2021-11-24 15:33:46,393:INFO:Epoch 116, Training loss 143317.88671875, Validation loss 143572.958984375
2021-11-24 15:33:50,156:INFO:Epoch 117, Training loss 143311.537109375, Validation loss 143565.85546875
2021-11-24 15:33:54,007:INFO:Epoch 118, Training loss 143307.7734375, Validation loss 143570.09765625
2021-11-24 15:33:57,881:INFO:Epoch 119, Training loss 143311.80859375, Validation loss 143580.8359375
2021-11-24 15:34:01,814:INFO:Epoch 120, Training loss 143318.09375, Validation loss 143579.6171875
2021-11-24 15:34:05,746:INFO:Epoch 121, Training loss 143319.375, Validation loss 143597.232421875
2021-11-24 15:34:09,693:INFO:Epoch 122, Training loss 143322.29296875, Validation loss 143566.486328125
2021-11-24 15:34:13,570:INFO:Epoch 123, Training loss 143314.521484375, Validation loss 143568.92578125
2021-11-24 15:34:17,503:INFO:Epoch 124, Training loss 143309.572265625, Validation loss 143581.49609375
2021-11-24 15:34:21,401:INFO:Epoch 125, Training loss 143313.169921875, Validation loss 143567.509765625
2021-11-24 15:34:25,370:INFO:Epoch 126, Training loss 143311.431640625, Validation loss 143584.5390625
2021-11-24 15:34:29,288:INFO:Epoch 127, Training loss 143313.8359375, Validation loss 143570.58203125
2021-11-24 15:34:33,185:INFO:Epoch 128, Training loss 143313.083984375, Validation loss 143574.263671875
2021-11-24 15:34:36,969:INFO:Epoch 129, Training loss 143308.1015625, Validation loss 143567.89453125
2021-11-24 15:34:40,953:INFO:Epoch 130, Training loss 143310.25, Validation loss 143574.990234375
2021-11-24 15:34:44,710:INFO:Epoch 131, Training loss 143307.447265625, Validation loss 143570.81640625
2021-11-24 15:34:48,633:INFO:Epoch 132, Training loss 143312.3515625, Validation loss 143573.607421875
2021-11-24 15:34:52,551:INFO:Epoch 133, Training loss 143308.654296875, Validation loss 143568.84375
2021-11-24 15:34:56,513:INFO:Epoch 134, Training loss 143308.0859375, Validation loss 143571.732421875
2021-11-24 15:35:00,476:INFO:Epoch 135, Training loss 143306.462890625, Validation loss 143571.177734375
2021-11-24 15:35:04,430:INFO:Epoch 136, Training loss 143308.6328125, Validation loss 143568.259765625
2021-11-24 15:35:08,751:INFO:Epoch 137, Training loss 143305.642578125, Validation loss 143567.369140625
2021-11-24 15:35:12,717:INFO:Epoch 138, Training loss 143306.29296875, Validation loss 143566.490234375
2021-11-24 15:35:16,616:INFO:Epoch 139, Training loss 143309.345703125, Validation loss 143592.890625
2021-11-24 15:35:20,597:INFO:Epoch 140, Training loss 143312.5859375, Validation loss 143569.54296875
2021-11-24 15:35:24,602:INFO:Epoch 141, Training loss 143310.623046875, Validation loss 143569.44140625
2021-11-24 15:35:28,587:INFO:Epoch 142, Training loss 143306.8359375, Validation loss 143574.587890625
2021-11-24 15:35:32,491:INFO:Epoch 143, Training loss 143308.1796875, Validation loss 143568.69140625
2021-11-24 15:35:36,215:INFO:Epoch 144, Training loss 143306.470703125, Validation loss 143568.822265625
2021-11-24 15:35:40,130:INFO:Epoch 145, Training loss 143307.5703125, Validation loss 143579.60546875
2021-11-24 15:35:44,007:INFO:Epoch 146, Training loss 143305.619140625, Validation loss 143568.603515625
2021-11-24 15:35:47,968:INFO:Epoch 147, Training loss 143313.193359375, Validation loss 143568.40625
2021-11-24 15:35:51,844:INFO:Epoch 148, Training loss 143313.400390625, Validation loss 143593.9296875
2021-11-24 15:35:55,776:INFO:Epoch 149, Training loss 143321.755859375, Validation loss 143583.396484375
2021-11-24 15:35:59,693:INFO:Epoch 150, Training loss 143313.666015625, Validation loss 143586.19921875
2021-11-24 15:36:03,599:INFO:Epoch 151, Training loss 143309.783203125, Validation loss 143565.548828125
2021-11-24 15:36:07,505:INFO:Epoch 152, Training loss 143314.451171875, Validation loss 143568.14453125
2021-11-24 15:36:11,431:INFO:Epoch 153, Training loss 143306.1328125, Validation loss 143575.865234375
2021-11-24 15:36:15,352:INFO:Epoch 154, Training loss 143307.384765625, Validation loss 143567.30078125
2021-11-24 15:36:19,262:INFO:Epoch 155, Training loss 143305.619140625, Validation loss 143566.9140625
2021-11-24 15:36:23,043:INFO:Epoch 156, Training loss 143315.53515625, Validation loss 143569.51953125
2021-11-24 15:36:26,790:INFO:Epoch 157, Training loss 143310.771484375, Validation loss 143575.37109375
2021-11-24 15:36:30,701:INFO:Epoch 158, Training loss 143307.232421875, Validation loss 143568.408203125
2021-11-24 15:36:34,644:INFO:Epoch 159, Training loss 143305.216796875, Validation loss 143566.51953125
2021-11-24 15:36:38,567:INFO:Epoch 160, Training loss 143304.43359375, Validation loss 143581.822265625
2021-11-24 15:36:42,470:INFO:Epoch 161, Training loss 143307.81640625, Validation loss 143572.6484375
2021-11-24 15:36:46,388:INFO:Epoch 162, Training loss 143309.462890625, Validation loss 143584.109375
2021-11-24 15:36:50,288:INFO:Epoch 163, Training loss 143312.68359375, Validation loss 143572.177734375
2021-11-24 15:36:54,201:INFO:Epoch 164, Training loss 143306.85546875, Validation loss 143570.2265625
2021-11-24 15:36:58,087:INFO:Epoch 165, Training loss 143308.8203125, Validation loss 143575.80078125
2021-11-24 15:37:02,070:INFO:Epoch 166, Training loss 143306.455078125, Validation loss 143571.08203125
2021-11-24 15:37:05,965:INFO:Epoch 167, Training loss 143303.974609375, Validation loss 143567.486328125
2021-11-24 15:37:09,931:INFO:Epoch 168, Training loss 143305.681640625, Validation loss 143568.447265625
2021-11-24 15:37:13,700:INFO:Epoch 169, Training loss 143303.185546875, Validation loss 143577.818359375
2021-11-24 15:37:17,478:INFO:Epoch 170, Training loss 143304.056640625, Validation loss 143565.5703125
2021-11-24 15:37:21,280:INFO:Epoch 171, Training loss 143303.3203125, Validation loss 143585.541015625
2021-11-24 15:37:25,516:INFO:Epoch 172, Training loss 143308.943359375, Validation loss 143566.5078125
2021-11-24 15:37:29,412:INFO:Epoch 173, Training loss 143306.2578125, Validation loss 143565.978515625
2021-11-24 15:37:33,334:INFO:Epoch 174, Training loss 143303.5078125, Validation loss 143571.56640625
2021-11-24 15:37:37,242:INFO:Epoch 175, Training loss 143304.861328125, Validation loss 143569.326171875
2021-11-24 15:37:41,193:INFO:Epoch 176, Training loss 143304.51171875, Validation loss 143568.900390625
2021-11-24 15:37:45,103:INFO:Epoch 177, Training loss 143306.640625, Validation loss 143582.50390625
2021-11-24 15:37:49,017:INFO:Epoch 178, Training loss 143305.802734375, Validation loss 143567.5
2021-11-24 15:37:52,943:INFO:Epoch 179, Training loss 143305.201171875, Validation loss 143569.244140625
2021-11-24 15:37:56,881:INFO:Epoch 180, Training loss 143310.435546875, Validation loss 143571.494140625
2021-11-24 15:38:00,811:INFO:Epoch 181, Training loss 143301.0234375, Validation loss 143566.791015625
2021-11-24 15:38:04,622:INFO:Epoch 182, Training loss 143304.837890625, Validation loss 143569.220703125
2021-11-24 15:38:08,423:INFO:Epoch 183, Training loss 143308.845703125, Validation loss 143578.9296875
2021-11-24 15:38:12,176:INFO:Epoch 184, Training loss 143310.015625, Validation loss 143577.826171875
2021-11-24 15:38:16,111:INFO:Epoch 185, Training loss 143307.275390625, Validation loss 143570.1328125
2021-11-24 15:38:19,944:INFO:Epoch 186, Training loss 143301.6875, Validation loss 143587.8203125
2021-11-24 15:38:23,899:INFO:Epoch 187, Training loss 143310.98046875, Validation loss 143573.013671875
2021-11-24 15:38:27,786:INFO:Epoch 188, Training loss 143310.1640625, Validation loss 143573.6015625
2021-11-24 15:38:31,769:INFO:Epoch 189, Training loss 143311.29296875, Validation loss 143587.126953125
2021-11-24 15:38:35,647:INFO:Epoch 190, Training loss 143310.001953125, Validation loss 143566.357421875
2021-11-24 15:38:39,556:INFO:Epoch 191, Training loss 143301.986328125, Validation loss 143580.392578125
2021-11-24 15:38:43,463:INFO:Epoch 192, Training loss 143311.189453125, Validation loss 143569.345703125
2021-11-24 15:38:47,422:INFO:Epoch 193, Training loss 143307.87890625, Validation loss 143566.947265625
2021-11-24 15:38:51,282:INFO:Epoch 194, Training loss 143303.357421875, Validation loss 143570.13671875
2021-11-24 15:38:55,199:INFO:Epoch 195, Training loss 143301.173828125, Validation loss 143571.64453125
2021-11-24 15:38:58,968:INFO:Epoch 196, Training loss 143301.755859375, Validation loss 143566.673828125
2021-11-24 15:39:02,780:INFO:Epoch 197, Training loss 143299.966796875, Validation loss 143565.224609375
2021-11-24 15:39:06,627:INFO:Epoch 198, Training loss 143304.55078125, Validation loss 143584.14453125
2021-11-24 15:39:10,559:INFO:Epoch 199, Training loss 143307.212890625, Validation loss 143568.216796875
2021-11-24 15:39:14,481:INFO:Epoch 200, Training loss 143306.158203125, Validation loss 143568.505859375
2021-11-24 15:39:18,420:INFO:Epoch 201, Training loss 143311.376953125, Validation loss 143584.0546875
2021-11-24 15:39:22,333:INFO:Epoch 202, Training loss 143305.57421875, Validation loss 143566.294921875
2021-11-24 15:39:26,238:INFO:Epoch 203, Training loss 143302.814453125, Validation loss 143567.9375
2021-11-24 15:39:30,155:INFO:Epoch 204, Training loss 143299.541015625, Validation loss 143567.640625
2021-11-24 15:39:34,115:INFO:Epoch 205, Training loss 143306.42578125, Validation loss 143579.306640625
2021-11-24 15:39:38,017:INFO:Epoch 206, Training loss 143300.939453125, Validation loss 143569.16015625
2021-11-24 15:39:41,913:INFO:Epoch 207, Training loss 143302.712890625, Validation loss 143570.181640625
2021-11-24 15:39:45,870:INFO:Epoch 208, Training loss 143300.865234375, Validation loss 143569.724609375
2021-11-24 15:39:49,673:INFO:Epoch 209, Training loss 143305.552734375, Validation loss 143580.361328125
2021-11-24 15:39:53,499:INFO:Epoch 210, Training loss 143302.96875, Validation loss 143568.029296875
2021-11-24 15:39:57,232:INFO:Epoch 211, Training loss 143299.185546875, Validation loss 143569.95703125
2021-11-24 15:40:01,208:INFO:Epoch 212, Training loss 143301.017578125, Validation loss 143570.697265625
2021-11-24 15:40:05,112:INFO:Epoch 213, Training loss 143302.177734375, Validation loss 143567.421875
2021-11-24 15:40:09,082:INFO:Epoch 214, Training loss 143305.890625, Validation loss 143578.0859375
2021-11-24 15:40:13,011:INFO:Epoch 215, Training loss 143312.55859375, Validation loss 143601.46484375
2021-11-24 15:40:16,954:INFO:Epoch 216, Training loss 143323.26953125, Validation loss 143569.38671875
2021-11-24 15:40:20,835:INFO:Epoch 217, Training loss 143312.767578125, Validation loss 143566.1171875
2021-11-24 15:40:24,750:INFO:Epoch 218, Training loss 143310.76953125, Validation loss 143602.380859375
2021-11-24 15:40:28,661:INFO:Epoch 219, Training loss 143316.076171875, Validation loss 143567.271484375
2021-11-24 15:40:32,588:INFO:Epoch 220, Training loss 143306.99609375, Validation loss 143566.859375
2021-11-24 15:40:36,516:INFO:Epoch 221, Training loss 143311.5078125, Validation loss 143592.783203125
2021-11-24 15:40:40,391:INFO:Epoch 222, Training loss 143315.251953125, Validation loss 143570.99609375
2021-11-24 15:40:44,174:INFO:Epoch 223, Training loss 143306.533203125, Validation loss 143574.4375
2021-11-24 15:40:47,924:INFO:Epoch 224, Training loss 143307.73046875, Validation loss 143579.384765625
2021-11-24 15:40:51,833:INFO:Epoch 225, Training loss 143303.109375, Validation loss 143568.486328125
2021-11-24 15:40:55,760:INFO:Epoch 226, Training loss 143302.630859375, Validation loss 143576.86328125
2021-11-24 15:40:59,682:INFO:Epoch 227, Training loss 143302.37890625, Validation loss 143570.181640625
2021-11-24 15:41:03,614:INFO:Epoch 228, Training loss 143298.107421875, Validation loss 143566.98046875
2021-11-24 15:41:07,514:INFO:Epoch 229, Training loss 143300.193359375, Validation loss 143567.197265625
2021-11-24 15:41:11,401:INFO:Epoch 230, Training loss 143297.474609375, Validation loss 143569.646484375
2021-11-24 15:41:15,358:INFO:Epoch 231, Training loss 143298.060546875, Validation loss 143566.291015625
2021-11-24 15:41:19,237:INFO:Epoch 232, Training loss 143296.5703125, Validation loss 143572.384765625
2021-11-24 15:41:23,177:INFO:Epoch 233, Training loss 143298.08984375, Validation loss 143569.240234375
2021-11-24 15:41:27,081:INFO:Epoch 234, Training loss 143300.46875, Validation loss 143570.94140625
2021-11-24 15:41:31,033:INFO:Epoch 235, Training loss 143296.8203125, Validation loss 143566.884765625
2021-11-24 15:41:34,838:INFO:Epoch 236, Training loss 143302.2578125, Validation loss 143570.267578125
2021-11-24 15:41:38,618:INFO:Epoch 237, Training loss 143300.900390625, Validation loss 143566.583984375
2021-11-24 15:41:42,491:INFO:Epoch 238, Training loss 143303.296875, Validation loss 143579.955078125
2021-11-24 15:41:46,444:INFO:Epoch 239, Training loss 143298.650390625, Validation loss 143566.19140625
2021-11-24 15:41:50,365:INFO:Epoch 240, Training loss 143295.1171875, Validation loss 143574.267578125
2021-11-24 15:41:54,237:INFO:Epoch 241, Training loss 143299.572265625, Validation loss 143567.345703125
2021-11-24 15:41:58,161:INFO:Epoch 242, Training loss 143300.931640625, Validation loss 143569.19921875
2021-11-24 15:42:02,135:INFO:Epoch 243, Training loss 143303.671875, Validation loss 143583.107421875
2021-11-24 15:42:06,052:INFO:Epoch 244, Training loss 143296.34375, Validation loss 143566.146484375
2021-11-24 15:42:09,950:INFO:Epoch 245, Training loss 143300.45703125, Validation loss 143567.935546875
2021-11-24 15:42:13,904:INFO:Epoch 246, Training loss 143297.3125, Validation loss 143573.1640625
2021-11-24 15:42:17,830:INFO:Epoch 247, Training loss 143298.712890625, Validation loss 143568.744140625
2021-11-24 15:42:17,839:INFO:Finished training, producing training report at /data/theorie/jthoeve/ML4EFT_higgs/models/24_11/model_quad_cHW/mc_run_1/plots/training_report/
2021-11-24 15:42:18,220:WARNING:findfont: Font family ['sans-serif'] not found. Falling back to DejaVu Sans.
