7.376622949218750000e+04
7.376098144531250000e+04
7.375802050781250000e+04
7.375667382812500000e+04
7.375566210937500000e+04
7.375498144531250000e+04
7.375470898437500000e+04
7.375442187500000000e+04
7.375414746093750000e+04
7.375384960937500000e+04
7.375336523437500000e+04
7.375392773437500000e+04
7.375291210937500000e+04
7.375254980468750000e+04
7.375242089843750000e+04
7.375225000000000000e+04
7.375175390625000000e+04
7.375148828125000000e+04
7.375121972656250000e+04
7.375100585937500000e+04
7.375013964843750000e+04
7.375018750000000000e+04
7.374966503906250000e+04
7.374962988281250000e+04
7.374899609375000000e+04
7.374857519531250000e+04
7.374821972656250000e+04
7.374757617187500000e+04
7.374716308593750000e+04
7.374642871093750000e+04
7.374561621093750000e+04
7.374602343750000000e+04
7.374466894531250000e+04
7.374495214843750000e+04
7.374403906250000000e+04
7.374373632812500000e+04
7.374215039062500000e+04
7.374144628906250000e+04
7.374108105468750000e+04
7.374087695312500000e+04
7.373901562500000000e+04
7.373898437500000000e+04
7.373683398437500000e+04
7.373689843750000000e+04
7.373541015625000000e+04
7.373626074218750000e+04
7.373425292968750000e+04
7.373329687500000000e+04
7.373162792968750000e+04
7.373001562500000000e+04
7.372968554687500000e+04
7.372780859375000000e+04
7.372709570312500000e+04
7.372499218750000000e+04
7.372551171875000000e+04
7.372489160156250000e+04
7.373326464843750000e+04
