2.079749804687500000e+05
2.079749804687500000e+05
2.079749804687500000e+05
2.079749804687500000e+05
2.079749804687500000e+05
2.079749804687500000e+05
2.079749804687500000e+05
2.079749804687500000e+05
2.079749804687500000e+05
2.079749804687500000e+05
2.079749804687500000e+05
1.993039648437500000e+05
1.613175390625000000e+05
1.367591328125000000e+05
1.237414140625000000e+05
1.157550175781250000e+05
1.113314218750000000e+05
1.098623769531250000e+05
1.099769589843750000e+05
1.099881289062500000e+05
1.096728359375000000e+05
1.094889160156250000e+05
1.094749238281250000e+05
1.094066953125000000e+05
1.093346777343750000e+05
1.093044687500000000e+05
1.092690371093750000e+05
1.092330371093750000e+05
1.092062050781250000e+05
1.091801718750000000e+05
1.091554394531250000e+05
1.091338281250000000e+05
1.091109199218750000e+05
1.090900488281250000e+05
1.090697480468750000e+05
1.090489375000000000e+05
1.090279101562500000e+05
1.090070878906250000e+05
1.089853457031250000e+05
1.089635878906250000e+05
1.089413906250000000e+05
1.089183535156250000e+05
1.088940019531250000e+05
1.088697070312500000e+05
1.088437226562500000e+05
1.088179492187500000e+05
1.087915019531250000e+05
1.087648300781250000e+05
1.087370468750000000e+05
1.087098046875000000e+05
1.086817285156250000e+05
1.086545292968750000e+05
1.086290429687500000e+05
1.086056523437500000e+05
1.085827382812500000e+05
1.085643203125000000e+05
1.085506757812500000e+05
1.085387343750000000e+05
1.085304921875000000e+05
1.085241914062500000e+05
1.085190058593750000e+05
1.085155664062500000e+05
1.085122402343750000e+05
1.085093085937500000e+05
1.085086503906250000e+05
1.085065214843750000e+05
1.085052031250000000e+05
1.085047617187500000e+05
1.085033652343750000e+05
1.085011757812500000e+05
1.084991894531250000e+05
1.084975898437500000e+05
1.084968339843750000e+05
1.084956015625000000e+05
1.084945019531250000e+05
1.084931542968750000e+05
1.084927617187500000e+05
1.084915507812500000e+05
1.084908750000000000e+05
1.084914570312500000e+05
1.084896367187500000e+05
1.084884277343750000e+05
1.084888964843750000e+05
1.084907890625000000e+05
1.084875019531250000e+05
1.084885449218750000e+05
1.084864941406250000e+05
1.084858574218750000e+05
1.084859531250000000e+05
1.084850761718750000e+05
1.084850390625000000e+05
1.084851328125000000e+05
1.084842539062500000e+05
1.084843281250000000e+05
1.084834863281250000e+05
1.084824082031250000e+05
1.084824628906250000e+05
1.084822070312500000e+05
1.084812734375000000e+05
1.084809726562500000e+05
1.084811367187500000e+05
1.084798242187500000e+05
1.084803222656250000e+05
1.084799179687500000e+05
1.084800722656250000e+05
1.084796250000000000e+05
1.084791308593750000e+05
1.084786523437500000e+05
1.084800664062500000e+05
1.084777636718750000e+05
1.084784667968750000e+05
1.084781113281250000e+05
1.084768496093750000e+05
1.084764511718750000e+05
1.084766992187500000e+05
1.084767636718750000e+05
1.084763261718750000e+05
1.084753574218750000e+05
1.084760781250000000e+05
1.084756210937500000e+05
1.084754316406250000e+05
1.084759707031250000e+05
1.084758007812500000e+05
1.084755332031250000e+05
1.084756191406250000e+05
1.084775527343750000e+05
1.084760742187500000e+05
1.084755722656250000e+05
1.084745742187500000e+05
1.084755507812500000e+05
1.084754902343750000e+05
1.084739003906250000e+05
1.084736718750000000e+05
1.084752968750000000e+05
1.084734687500000000e+05
1.084735996093750000e+05
1.084740000000000000e+05
1.084737929687500000e+05
1.084729863281250000e+05
1.084724414062500000e+05
1.084724101562500000e+05
1.084726503906250000e+05
1.084733886718750000e+05
1.084724335937500000e+05
1.084725527343750000e+05
1.084739824218750000e+05
1.084712734375000000e+05
1.084727968750000000e+05
1.084726914062500000e+05
1.084725273437500000e+05
1.084723808593750000e+05
1.084719589843750000e+05
1.084711191406250000e+05
1.084711132812500000e+05
1.084707753906250000e+05
1.084719902343750000e+05
1.084716152343750000e+05
1.084706738281250000e+05
1.084708164062500000e+05
1.084700878906250000e+05
1.084699980468750000e+05
1.084705117187500000e+05
1.084701191406250000e+05
1.084695527343750000e+05
1.084695625000000000e+05
1.084697089843750000e+05
1.084726210937500000e+05
1.084708437500000000e+05
1.084705507812500000e+05
1.084701132812500000e+05
1.084689257812500000e+05
1.084700761718750000e+05
1.084702460937500000e+05
1.084687949218750000e+05
1.084693535156250000e+05
1.084699550781250000e+05
1.084693593750000000e+05
1.084684492187500000e+05
1.084706328125000000e+05
1.084697519531250000e+05
1.084692871093750000e+05
1.084699902343750000e+05
1.084682207031250000e+05
1.084694941406250000e+05
1.084689453125000000e+05
1.084697753906250000e+05
1.084678828125000000e+05
1.084687695312500000e+05
1.084691054687500000e+05
1.084682656250000000e+05
1.084674394531250000e+05
1.084676660156250000e+05
1.084675722656250000e+05
1.084675664062500000e+05
1.084670781250000000e+05
1.084675332031250000e+05
1.084675957031250000e+05
1.084684296875000000e+05
1.084672988281250000e+05
1.084673105468750000e+05
1.084685625000000000e+05
1.084677246093750000e+05
1.084706933593750000e+05
1.084683457031250000e+05
1.084696210937500000e+05
1.084667656250000000e+05
1.084674394531250000e+05
1.084671152343750000e+05
1.084670175781250000e+05
1.084678593750000000e+05
1.084664179687500000e+05
1.084667597656250000e+05
1.084673183593750000e+05
1.084667089843750000e+05
1.084669394531250000e+05
1.084661679687500000e+05
1.084659882812500000e+05
1.084660703125000000e+05
1.084661542968750000e+05
1.084672578125000000e+05
1.084672617187500000e+05
1.084669843750000000e+05
1.084682773437500000e+05
1.084665312500000000e+05
1.084675957031250000e+05
1.084691054687500000e+05
1.084677402343750000e+05
1.084675859375000000e+05
1.084655449218750000e+05
1.084675332031250000e+05
1.084662109375000000e+05
1.084663671875000000e+05
1.084646816406250000e+05
1.084646171875000000e+05
1.084639824218750000e+05
1.084646015625000000e+05
1.084645292968750000e+05
1.084645742187500000e+05
1.084649960937500000e+05
1.084670683593750000e+05
1.084658574218750000e+05
1.084645996093750000e+05
1.084660390625000000e+05
1.084633906250000000e+05
1.084647109375000000e+05
1.084638613281250000e+05
1.084659140625000000e+05
1.084651191406250000e+05
1.084663242187500000e+05
1.084649199218750000e+05
1.084639121093750000e+05
1.084635468750000000e+05
1.084637441406250000e+05
1.084643652343750000e+05
1.084638183593750000e+05
1.084659921875000000e+05
1.084643867187500000e+05
1.084650468750000000e+05
1.084645722656250000e+05
1.084639199218750000e+05
1.084640488281250000e+05
1.084637871093750000e+05
1.084657441406250000e+05
1.084654589843750000e+05
1.084630976562500000e+05
1.084625937500000000e+05
1.084634355468750000e+05
1.084636054687500000e+05
1.084634296875000000e+05
1.084641953125000000e+05
1.084625996093750000e+05
1.084623242187500000e+05
1.084620332031250000e+05
1.084627226562500000e+05
1.084623378906250000e+05
1.084635097656250000e+05
1.084631640625000000e+05
1.084628261718750000e+05
1.084633945312500000e+05
1.084632089843750000e+05
1.084625136718750000e+05
1.084641894531250000e+05
1.084632441406250000e+05
1.084614648437500000e+05
1.084640683593750000e+05
1.084641113281250000e+05
1.084642890625000000e+05
1.084616796875000000e+05
1.084634101562500000e+05
1.084619746093750000e+05
1.084620722656250000e+05
1.084612421875000000e+05
1.084611250000000000e+05
1.084619433593750000e+05
1.084612382812500000e+05
1.084632558593750000e+05
1.084620332031250000e+05
1.084621679687500000e+05
1.084614492187500000e+05
1.084611621093750000e+05
1.084633300781250000e+05
1.084625351562500000e+05
1.084626542968750000e+05
1.084605566406250000e+05
1.084604296875000000e+05
1.084596132812500000e+05
1.084604589843750000e+05
1.084595781250000000e+05
1.084599824218750000e+05
1.084598417968750000e+05
1.084595703125000000e+05
1.084602402343750000e+05
1.084615664062500000e+05
1.084615156250000000e+05
1.084614296875000000e+05
1.084633730468750000e+05
1.084605410156250000e+05
1.084621054687500000e+05
1.084612773437500000e+05
1.084601191406250000e+05
1.084594160156250000e+05
1.084601972656250000e+05
1.084627539062500000e+05
1.084652968750000000e+05
1.084588437500000000e+05
1.084601816406250000e+05
1.084596679687500000e+05
1.084590468750000000e+05
1.084584335937500000e+05
1.084584375000000000e+05
1.084579042968750000e+05
1.084619335937500000e+05
1.084587773437500000e+05
1.084597753906250000e+05
1.084598339843750000e+05
1.084629785156250000e+05
1.084594765625000000e+05
1.084596093750000000e+05
1.084588046875000000e+05
1.084619277343750000e+05
1.084601679687500000e+05
1.084609140625000000e+05
1.084594687500000000e+05
1.084582128906250000e+05
1.084609296875000000e+05
1.084592343750000000e+05
1.084577246093750000e+05
1.084572890625000000e+05
1.084577753906250000e+05
1.084592617187500000e+05
1.084592050781250000e+05
1.084569316406250000e+05
1.084588984375000000e+05
1.084577832031250000e+05
1.084588828125000000e+05
1.084588281250000000e+05
1.084589394531250000e+05
