2.080123828125000000e+05
2.080123828125000000e+05
2.080123828125000000e+05
2.080123828125000000e+05
2.080123828125000000e+05
2.080123828125000000e+05
2.080123828125000000e+05
2.080123828125000000e+05
2.080123828125000000e+05
2.080123828125000000e+05
2.080123828125000000e+05
2.080123828125000000e+05
1.356117968750000000e+05
1.213995097656250000e+05
1.130505546875000000e+05
1.098094101562500000e+05
1.096533535156250000e+05
1.099728125000000000e+05
1.097622460937500000e+05
1.094140937500000000e+05
1.092692128906250000e+05
1.092822148437500000e+05
1.092710253906250000e+05
1.092212382812500000e+05
1.091896699218750000e+05
1.091756308593750000e+05
1.091558398437500000e+05
1.091307187500000000e+05
1.091042207031250000e+05
1.090780292968750000e+05
1.090483828125000000e+05
1.090169296875000000e+05
1.089810312500000000e+05
1.089396093750000000e+05
1.088921679687500000e+05
1.088429667968750000e+05
1.087948847656250000e+05
1.087449082031250000e+05
1.087042773437500000e+05
1.086654453125000000e+05
1.086341035156250000e+05
1.086062343750000000e+05
1.085838808593750000e+05
1.085699785156250000e+05
1.085567832031250000e+05
1.085522480468750000e+05
1.085444101562500000e+05
1.085393125000000000e+05
1.085358925781250000e+05
1.085354882812500000e+05
1.085322636718750000e+05
1.085314042968750000e+05
1.085278027343750000e+05
1.085248593750000000e+05
1.085229335937500000e+05
1.085222128906250000e+05
1.085225996093750000e+05
1.085196425781250000e+05
1.085190214843750000e+05
1.085184433593750000e+05
1.085164550781250000e+05
1.085151191406250000e+05
1.085145156250000000e+05
1.085133085937500000e+05
1.085118242187500000e+05
1.085092968750000000e+05
1.085083984375000000e+05
1.085083847656250000e+05
1.085078007812500000e+05
1.085079921875000000e+05
1.085055390625000000e+05
1.085071289062500000e+05
1.085036386718750000e+05
1.085050097656250000e+05
1.085040625000000000e+05
1.085020839843750000e+05
1.085041953125000000e+05
1.085009746093750000e+05
1.085010527343750000e+05
1.085021660156250000e+05
1.085002636718750000e+05
1.084994414062500000e+05
1.084987949218750000e+05
1.084997753906250000e+05
1.084987050781250000e+05
1.084992675781250000e+05
1.084999570312500000e+05
1.085003476562500000e+05
1.084996660156250000e+05
1.085024765625000000e+05
1.084966933593750000e+05
1.085002128906250000e+05
1.084984960937500000e+05
1.084967480468750000e+05
1.084953906250000000e+05
1.084940859375000000e+05
1.084945605468750000e+05
1.084930507812500000e+05
1.084956894531250000e+05
1.084916699218750000e+05
1.084972734375000000e+05
1.084936523437500000e+05
1.084946718750000000e+05
1.084941757812500000e+05
1.084932792968750000e+05
1.084912871093750000e+05
1.084919511718750000e+05
1.084933574218750000e+05
1.084916855468750000e+05
1.084919355468750000e+05
1.084922792968750000e+05
1.084898105468750000e+05
1.084904902343750000e+05
1.084889746093750000e+05
1.084906484375000000e+05
1.084904042968750000e+05
1.084886191406250000e+05
1.084901816406250000e+05
1.084888789062500000e+05
1.084885976562500000e+05
1.084884023437500000e+05
1.084875585937500000e+05
1.084927519531250000e+05
1.084872890625000000e+05
1.084883457031250000e+05
1.084863496093750000e+05
1.084890175781250000e+05
1.084872617187500000e+05
1.084877500000000000e+05
1.084860820312500000e+05
1.084876601562500000e+05
1.084873261718750000e+05
1.084857226562500000e+05
1.084850742187500000e+05
1.084867968750000000e+05
1.084871230468750000e+05
1.084869218750000000e+05
1.084853710937500000e+05
1.084884316406250000e+05
1.084904003906250000e+05
1.084870351562500000e+05
1.084865039062500000e+05
1.084871621093750000e+05
1.084880371093750000e+05
