2021-11-17 17:54:11,627:INFO:All directories created, ready to load the data
2021-11-17 17:54:11,679:INFO:Dataset loaded from /data/theorie/jthoeve/event_generation/events_high_stats/lin/cHW/events_11.npy
2021-11-17 17:54:11,734:INFO:Dataset loaded from /data/theorie/jthoeve/event_generation/events_high_stats/sm/events_11.npy
2021-11-17 17:54:15,148:INFO:Epoch 1, Training loss 124389.5234375, Validation loss 121708.326171875
2021-11-17 17:54:18,463:INFO:Epoch 2, Training loss 120118.056640625, Validation loss 117874.05859375
2021-11-17 17:54:21,780:INFO:Epoch 3, Training loss 116541.11328125, Validation loss 114668.021484375
2021-11-17 17:54:25,122:INFO:Epoch 4, Training loss 113563.958984375, Validation loss 112046.267578125
2021-11-17 17:54:28,437:INFO:Epoch 5, Training loss 111232.56640625, Validation loss 110247.0390625
2021-11-17 17:54:31,765:INFO:Epoch 6, Training loss 109862.63671875, Validation loss 109587.720703125
2021-11-17 17:54:35,059:INFO:Epoch 7, Training loss 109586.9453125, Validation loss 109683.455078125
2021-11-17 17:54:38,372:INFO:Epoch 8, Training loss 109644.833984375, Validation loss 109616.53515625
2021-11-17 17:54:41,652:INFO:Epoch 9, Training loss 109497.75, Validation loss 109410.34765625
2021-11-17 17:54:44,961:INFO:Epoch 10, Training loss 109303.8359375, Validation loss 109264.228515625
2021-11-17 17:54:48,254:INFO:Epoch 11, Training loss 109190.69921875, Validation loss 109202.62890625
2021-11-17 17:54:51,568:INFO:Epoch 12, Training loss 109134.517578125, Validation loss 109151.16015625
2021-11-17 17:54:54,873:INFO:Epoch 13, Training loss 109072.466796875, Validation loss 109085.92578125
2021-11-17 17:54:58,148:INFO:Epoch 14, Training loss 109013.244140625, Validation loss 109039.787109375
2021-11-17 17:55:01,446:INFO:Epoch 15, Training loss 108975.5546875, Validation loss 109004.287109375
2021-11-17 17:55:04,752:INFO:Epoch 16, Training loss 108940.462890625, Validation loss 108970.765625
2021-11-17 17:55:08,088:INFO:Epoch 17, Training loss 108910.697265625, Validation loss 108946.548828125
2021-11-17 17:55:11,359:INFO:Epoch 18, Training loss 108889.435546875, Validation loss 108921.533203125
2021-11-17 17:55:14,678:INFO:Epoch 19, Training loss 108873.009765625, Validation loss 108904.015625
2021-11-17 17:55:17,945:INFO:Epoch 20, Training loss 108858.87109375, Validation loss 108891.806640625
2021-11-17 17:55:21,288:INFO:Epoch 21, Training loss 108850.048828125, Validation loss 108882.029296875
2021-11-17 17:55:24,565:INFO:Epoch 22, Training loss 108843.060546875, Validation loss 108873.537109375
2021-11-17 17:55:27,879:INFO:Epoch 23, Training loss 108838.048828125, Validation loss 108868.73046875
2021-11-17 17:55:31,158:INFO:Epoch 24, Training loss 108837.078125, Validation loss 108865.853515625
2021-11-17 17:55:34,501:INFO:Epoch 25, Training loss 108833.62109375, Validation loss 108861.234375
2021-11-17 17:55:37,789:INFO:Epoch 26, Training loss 108832.4453125, Validation loss 108859.314453125
2021-11-17 17:55:41,103:INFO:Epoch 27, Training loss 108830.734375, Validation loss 108858.349609375
2021-11-17 17:55:44,408:INFO:Epoch 28, Training loss 108829.24609375, Validation loss 108857.44140625
2021-11-17 17:55:47,739:INFO:Epoch 29, Training loss 108828.236328125, Validation loss 108857.4609375
2021-11-17 17:55:51,044:INFO:Epoch 30, Training loss 108828.099609375, Validation loss 108856.03125
2021-11-17 17:55:54,356:INFO:Epoch 31, Training loss 108826.802734375, Validation loss 108854.98046875
2021-11-17 17:55:57,731:INFO:Epoch 32, Training loss 108826.37890625, Validation loss 108855.15625
2021-11-17 17:56:01,097:INFO:Epoch 33, Training loss 108826.041015625, Validation loss 108855.36328125
2021-11-17 17:56:04,484:INFO:Epoch 34, Training loss 108825.193359375, Validation loss 108855.427734375
2021-11-17 17:56:07,754:INFO:Epoch 35, Training loss 108824.765625, Validation loss 108854.1953125
2021-11-17 17:56:11,067:INFO:Epoch 36, Training loss 108824.748046875, Validation loss 108854.1015625
2021-11-17 17:56:14,415:INFO:Epoch 37, Training loss 108823.888671875, Validation loss 108853.732421875
2021-11-17 17:56:17,780:INFO:Epoch 38, Training loss 108823.984375, Validation loss 108852.640625
2021-11-17 17:56:21,065:INFO:Epoch 39, Training loss 108823.12890625, Validation loss 108852.69921875
2021-11-17 17:56:24,398:INFO:Epoch 40, Training loss 108823.216796875, Validation loss 108854.2734375
2021-11-17 17:56:27,691:INFO:Epoch 41, Training loss 108822.734375, Validation loss 108854.35546875
2021-11-17 17:56:31,034:INFO:Epoch 42, Training loss 108822.529296875, Validation loss 108853.166015625
2021-11-17 17:56:34,330:INFO:Epoch 43, Training loss 108822.228515625, Validation loss 108853.201171875
2021-11-17 17:56:37,667:INFO:Epoch 44, Training loss 108821.79296875, Validation loss 108852.416015625
2021-11-17 17:56:40,988:INFO:Epoch 45, Training loss 108821.744140625, Validation loss 108853.115234375
2021-11-17 17:56:44,343:INFO:Epoch 46, Training loss 108821.30859375, Validation loss 108852.857421875
2021-11-17 17:56:47,649:INFO:Epoch 47, Training loss 108822.044921875, Validation loss 108853.03125
2021-11-17 17:56:50,976:INFO:Epoch 48, Training loss 108821.66015625, Validation loss 108851.83203125
2021-11-17 17:56:54,317:INFO:Epoch 49, Training loss 108821.6015625, Validation loss 108853.267578125
2021-11-17 17:56:57,685:INFO:Epoch 50, Training loss 108820.33984375, Validation loss 108852.375
2021-11-17 17:57:01,032:INFO:Epoch 51, Training loss 108820.29296875, Validation loss 108851.94921875
2021-11-17 17:57:04,359:INFO:Epoch 52, Training loss 108819.61328125, Validation loss 108852.44921875
2021-11-17 17:57:07,718:INFO:Epoch 53, Training loss 108820.0859375, Validation loss 108851.533203125
2021-11-17 17:57:11,073:INFO:Epoch 54, Training loss 108819.357421875, Validation loss 108852.58203125
2021-11-17 17:57:14,437:INFO:Epoch 55, Training loss 108819.3046875, Validation loss 108852.6015625
2021-11-17 17:57:17,757:INFO:Epoch 56, Training loss 108819.111328125, Validation loss 108851.400390625
2021-11-17 17:57:21,111:INFO:Epoch 57, Training loss 108819.736328125, Validation loss 108852.75
2021-11-17 17:57:24,470:INFO:Epoch 58, Training loss 108818.986328125, Validation loss 108851.671875
2021-11-17 17:57:27,820:INFO:Epoch 59, Training loss 108818.9765625, Validation loss 108852.4140625
2021-11-17 17:57:31,141:INFO:Epoch 60, Training loss 108818.689453125, Validation loss 108851.701171875
2021-11-17 17:57:34,499:INFO:Epoch 61, Training loss 108819.72265625, Validation loss 108852.634765625
2021-11-17 17:57:37,827:INFO:Epoch 62, Training loss 108818.681640625, Validation loss 108852.134765625
2021-11-17 17:57:41,228:INFO:Epoch 63, Training loss 108817.51953125, Validation loss 108851.181640625
2021-11-17 17:57:44,554:INFO:Epoch 64, Training loss 108818.21875, Validation loss 108851.671875
2021-11-17 17:57:47,919:INFO:Epoch 65, Training loss 108817.365234375, Validation loss 108851.513671875
2021-11-17 17:57:51,239:INFO:Epoch 66, Training loss 108817.91015625, Validation loss 108852.052734375
2021-11-17 17:57:54,592:INFO:Epoch 67, Training loss 108816.919921875, Validation loss 108851.802734375
2021-11-17 17:57:57,889:INFO:Epoch 68, Training loss 108817.740234375, Validation loss 108852.3359375
2021-11-17 17:58:01,218:INFO:Epoch 69, Training loss 108816.708984375, Validation loss 108851.521484375
2021-11-17 17:58:04,529:INFO:Epoch 70, Training loss 108816.58203125, Validation loss 108851.32421875
2021-11-17 17:58:07,893:INFO:Epoch 71, Training loss 108816.21484375, Validation loss 108851.240234375
2021-11-17 17:58:11,230:INFO:Epoch 72, Training loss 108817.0859375, Validation loss 108850.705078125
2021-11-17 17:58:14,568:INFO:Epoch 73, Training loss 108816.4296875, Validation loss 108851.927734375
2021-11-17 17:58:17,895:INFO:Epoch 74, Training loss 108816.72265625, Validation loss 108851.5234375
2021-11-17 17:58:21,252:INFO:Epoch 75, Training loss 108815.873046875, Validation loss 108851.1953125
2021-11-17 17:58:24,597:INFO:Epoch 76, Training loss 108815.1171875, Validation loss 108851.17578125
2021-11-17 17:58:27,921:INFO:Epoch 77, Training loss 108814.75390625, Validation loss 108850.783203125
2021-11-17 17:58:31,266:INFO:Epoch 78, Training loss 108815.099609375, Validation loss 108851.03515625
2021-11-17 17:58:34,622:INFO:Epoch 79, Training loss 108815.5234375, Validation loss 108851.287109375
2021-11-17 17:58:37,975:INFO:Epoch 80, Training loss 108814.857421875, Validation loss 108850.552734375
2021-11-17 17:58:41,307:INFO:Epoch 81, Training loss 108814.755859375, Validation loss 108851.55078125
2021-11-17 17:58:44,669:INFO:Epoch 82, Training loss 108814.66015625, Validation loss 108850.8828125
2021-11-17 17:58:47,973:INFO:Epoch 83, Training loss 108815.61328125, Validation loss 108850.984375
2021-11-17 17:58:51,353:INFO:Epoch 84, Training loss 108814.97265625, Validation loss 108851.359375
2021-11-17 17:58:54,671:INFO:Epoch 85, Training loss 108814.390625, Validation loss 108851.6171875
2021-11-17 17:58:58,019:INFO:Epoch 86, Training loss 108816.14453125, Validation loss 108851.408203125
2021-11-17 17:59:01,341:INFO:Epoch 87, Training loss 108814.53515625, Validation loss 108851.123046875
2021-11-17 17:59:04,726:INFO:Epoch 88, Training loss 108814.548828125, Validation loss 108850.150390625
2021-11-17 17:59:08,054:INFO:Epoch 89, Training loss 108814.224609375, Validation loss 108851.58984375
2021-11-17 17:59:11,407:INFO:Epoch 90, Training loss 108813.806640625, Validation loss 108851.908203125
2021-11-17 17:59:14,750:INFO:Epoch 91, Training loss 108814.283203125, Validation loss 108851.224609375
2021-11-17 17:59:18,132:INFO:Epoch 92, Training loss 108813.0234375, Validation loss 108850.98046875
2021-11-17 17:59:21,556:INFO:Epoch 93, Training loss 108812.908203125, Validation loss 108851.49609375
2021-11-17 17:59:24,916:INFO:Epoch 94, Training loss 108814.01953125, Validation loss 108850.966796875
2021-11-17 17:59:28,311:INFO:Epoch 95, Training loss 108812.994140625, Validation loss 108851.08203125
2021-11-17 17:59:31,629:INFO:Epoch 96, Training loss 108812.919921875, Validation loss 108851.33984375
2021-11-17 17:59:34,965:INFO:Epoch 97, Training loss 108812.947265625, Validation loss 108850.642578125
2021-11-17 17:59:38,348:INFO:Epoch 98, Training loss 108813.728515625, Validation loss 108851.24609375
2021-11-17 17:59:41,751:INFO:Epoch 99, Training loss 108812.896484375, Validation loss 108850.787109375
2021-11-17 17:59:45,102:INFO:Epoch 100, Training loss 108813.103515625, Validation loss 108850.87109375
2021-11-17 17:59:48,464:INFO:Epoch 101, Training loss 108812.767578125, Validation loss 108850.923828125
2021-11-17 17:59:51,797:INFO:Epoch 102, Training loss 108812.94140625, Validation loss 108852.708984375
2021-11-17 17:59:55,163:INFO:Epoch 103, Training loss 108814.357421875, Validation loss 108851.3671875
2021-11-17 17:59:58,494:INFO:Epoch 104, Training loss 108812.8046875, Validation loss 108851.318359375
2021-11-17 18:00:01,887:INFO:Epoch 105, Training loss 108813.171875, Validation loss 108851.1953125
2021-11-17 18:00:05,226:INFO:Epoch 106, Training loss 108814.55859375, Validation loss 108850.95703125
2021-11-17 18:00:08,589:INFO:Epoch 107, Training loss 108811.783203125, Validation loss 108852.689453125
2021-11-17 18:00:11,933:INFO:Epoch 108, Training loss 108813.06640625, Validation loss 108852.376953125
2021-11-17 18:00:11,938:INFO:Finished training, producing training report at /data/theorie/jthoeve/ML4EFT_higgs/models/17_11/model_final_lin_cHW/mc_run_11/plots/training_report/
2021-11-17 18:00:12,210:WARNING:findfont: Font family ['sans-serif'] not found. Falling back to DejaVu Sans.
