2021-11-17 17:54:11,605:INFO:All directories created, ready to load the data
2021-11-17 17:54:11,662:INFO:Dataset loaded from /data/theorie/jthoeve/event_generation/events_high_stats/lin/cHW/events_28.npy
2021-11-17 17:54:11,692:INFO:Dataset loaded from /data/theorie/jthoeve/event_generation/events_high_stats/sm/events_28.npy
2021-11-17 17:54:15,225:INFO:Epoch 1, Training loss 174237.40625, Validation loss 155245.224609375
2021-11-17 17:54:18,660:INFO:Epoch 2, Training loss 147332.359375, Validation loss 137311.2109375
2021-11-17 17:54:22,064:INFO:Epoch 3, Training loss 132133.5, Validation loss 125372.330078125
2021-11-17 17:54:25,514:INFO:Epoch 4, Training loss 122026.701171875, Validation loss 117785.353515625
2021-11-17 17:54:28,923:INFO:Epoch 5, Training loss 115733.59765625, Validation loss 113142.138671875
2021-11-17 17:54:32,351:INFO:Epoch 6, Training loss 111951.197265625, Validation loss 110543.998046875
2021-11-17 17:54:35,745:INFO:Epoch 7, Training loss 110008.212890625, Validation loss 109450.578125
2021-11-17 17:54:39,190:INFO:Epoch 8, Training loss 109313.32421875, Validation loss 109224.755859375
2021-11-17 17:54:42,590:INFO:Epoch 9, Training loss 109257.5546875, Validation loss 109319.521484375
2021-11-17 17:54:45,989:INFO:Epoch 10, Training loss 109356.544921875, Validation loss 109382.759765625
2021-11-17 17:54:49,423:INFO:Epoch 11, Training loss 109379.373046875, Validation loss 109350.47265625
2021-11-17 17:54:52,854:INFO:Epoch 12, Training loss 109320.85546875, Validation loss 109268.626953125
2021-11-17 17:54:56,275:INFO:Epoch 13, Training loss 109237.810546875, Validation loss 109194.93359375
2021-11-17 17:54:59,672:INFO:Epoch 14, Training loss 109174.720703125, Validation loss 109152.125
2021-11-17 17:55:03,101:INFO:Epoch 15, Training loss 109142.208984375, Validation loss 109134.078125
2021-11-17 17:55:06,532:INFO:Epoch 16, Training loss 109128.78515625, Validation loss 109126.77734375
2021-11-17 17:55:09,963:INFO:Epoch 17, Training loss 109121.896484375, Validation loss 109119.861328125
2021-11-17 17:55:13,356:INFO:Epoch 18, Training loss 109113.728515625, Validation loss 109110.5
2021-11-17 17:55:16,819:INFO:Epoch 19, Training loss 109103.146484375, Validation loss 109099.716796875
2021-11-17 17:55:20,157:INFO:Epoch 20, Training loss 109092.419921875, Validation loss 109089.1484375
2021-11-17 17:55:23,573:INFO:Epoch 21, Training loss 109082.462890625, Validation loss 109079.703125
2021-11-17 17:55:26,913:INFO:Epoch 22, Training loss 109073.2578125, Validation loss 109071.294921875
2021-11-17 17:55:30,287:INFO:Epoch 23, Training loss 109064.8125, Validation loss 109063.392578125
2021-11-17 17:55:33,623:INFO:Epoch 24, Training loss 109056.404296875, Validation loss 109055.62109375
2021-11-17 17:55:37,022:INFO:Epoch 25, Training loss 109048.673828125, Validation loss 109047.611328125
2021-11-17 17:55:40,368:INFO:Epoch 26, Training loss 109040.37890625, Validation loss 109039.72265625
2021-11-17 17:55:43,735:INFO:Epoch 27, Training loss 109032.609375, Validation loss 109031.728515625
2021-11-17 17:55:47,078:INFO:Epoch 28, Training loss 109024.169921875, Validation loss 109023.939453125
2021-11-17 17:55:50,463:INFO:Epoch 29, Training loss 109016.2109375, Validation loss 109016.19140625
2021-11-17 17:55:53,816:INFO:Epoch 30, Training loss 109008.193359375, Validation loss 109008.52734375
2021-11-17 17:55:57,173:INFO:Epoch 31, Training loss 109000.056640625, Validation loss 109001.025390625
2021-11-17 17:56:00,533:INFO:Epoch 32, Training loss 108992.205078125, Validation loss 108993.498046875
2021-11-17 17:56:03,906:INFO:Epoch 33, Training loss 108984.435546875, Validation loss 108986.1328125
2021-11-17 17:56:07,286:INFO:Epoch 34, Training loss 108976.466796875, Validation loss 108979.134765625
2021-11-17 17:56:10,631:INFO:Epoch 35, Training loss 108969.30078125, Validation loss 108972.140625
2021-11-17 17:56:13,995:INFO:Epoch 36, Training loss 108962.341796875, Validation loss 108965.201171875
2021-11-17 17:56:17,359:INFO:Epoch 37, Training loss 108954.861328125, Validation loss 108958.91796875
2021-11-17 17:56:20,727:INFO:Epoch 38, Training loss 108948.455078125, Validation loss 108952.9609375
2021-11-17 17:56:24,053:INFO:Epoch 39, Training loss 108942.412109375, Validation loss 108947.29296875
2021-11-17 17:56:27,433:INFO:Epoch 40, Training loss 108936.11328125, Validation loss 108942.201171875
2021-11-17 17:56:30,768:INFO:Epoch 41, Training loss 108930.611328125, Validation loss 108937.46484375
2021-11-17 17:56:34,172:INFO:Epoch 42, Training loss 108925.27734375, Validation loss 108933.083984375
2021-11-17 17:56:37,501:INFO:Epoch 43, Training loss 108920.50390625, Validation loss 108928.82421875
2021-11-17 17:56:40,879:INFO:Epoch 44, Training loss 108915.373046875, Validation loss 108925.1171875
2021-11-17 17:56:44,218:INFO:Epoch 45, Training loss 108911.498046875, Validation loss 108921.669921875
2021-11-17 17:56:47,628:INFO:Epoch 46, Training loss 108907.484375, Validation loss 108918.38671875
2021-11-17 17:56:51,018:INFO:Epoch 47, Training loss 108903.900390625, Validation loss 108915.419921875
2021-11-17 17:56:54,473:INFO:Epoch 48, Training loss 108900.40234375, Validation loss 108912.7578125
2021-11-17 17:56:57,915:INFO:Epoch 49, Training loss 108897.35546875, Validation loss 108910.32421875
2021-11-17 17:57:01,411:INFO:Epoch 50, Training loss 108894.583984375, Validation loss 108908.0625
2021-11-17 17:57:04,887:INFO:Epoch 51, Training loss 108891.83203125, Validation loss 108905.86328125
2021-11-17 17:57:08,349:INFO:Epoch 52, Training loss 108889.2421875, Validation loss 108903.8046875
2021-11-17 17:57:11,822:INFO:Epoch 53, Training loss 108886.875, Validation loss 108901.943359375
2021-11-17 17:57:15,315:INFO:Epoch 54, Training loss 108884.599609375, Validation loss 108900.205078125
2021-11-17 17:57:18,788:INFO:Epoch 55, Training loss 108882.74609375, Validation loss 108898.564453125
2021-11-17 17:57:22,238:INFO:Epoch 56, Training loss 108880.76953125, Validation loss 108896.8828125
2021-11-17 17:57:25,719:INFO:Epoch 57, Training loss 108878.96484375, Validation loss 108895.251953125
2021-11-17 17:57:29,193:INFO:Epoch 58, Training loss 108877.30859375, Validation loss 108893.654296875
2021-11-17 17:57:32,658:INFO:Epoch 59, Training loss 108875.66796875, Validation loss 108892.189453125
2021-11-17 17:57:36,096:INFO:Epoch 60, Training loss 108873.705078125, Validation loss 108890.681640625
2021-11-17 17:57:39,590:INFO:Epoch 61, Training loss 108872.07421875, Validation loss 108889.08984375
2021-11-17 17:57:43,036:INFO:Epoch 62, Training loss 108870.474609375, Validation loss 108887.6953125
2021-11-17 17:57:46,553:INFO:Epoch 63, Training loss 108869.04296875, Validation loss 108886.337890625
2021-11-17 17:57:49,981:INFO:Epoch 64, Training loss 108867.28515625, Validation loss 108884.798828125
2021-11-17 17:57:53,476:INFO:Epoch 65, Training loss 108865.791015625, Validation loss 108883.3671875
2021-11-17 17:57:56,924:INFO:Epoch 66, Training loss 108864.349609375, Validation loss 108882.10546875
2021-11-17 17:58:00,430:INFO:Epoch 67, Training loss 108862.65625, Validation loss 108880.8828125
2021-11-17 17:58:03,885:INFO:Epoch 68, Training loss 108861.3203125, Validation loss 108879.423828125
2021-11-17 17:58:07,381:INFO:Epoch 69, Training loss 108859.951171875, Validation loss 108878.03125
2021-11-17 17:58:10,836:INFO:Epoch 70, Training loss 108858.35546875, Validation loss 108876.814453125
2021-11-17 17:58:14,324:INFO:Epoch 71, Training loss 108857.033203125, Validation loss 108875.65625
2021-11-17 17:58:17,789:INFO:Epoch 72, Training loss 108855.66796875, Validation loss 108874.265625
2021-11-17 17:58:21,286:INFO:Epoch 73, Training loss 108854.21875, Validation loss 108873.03125
2021-11-17 17:58:24,723:INFO:Epoch 74, Training loss 108852.962890625, Validation loss 108871.765625
2021-11-17 17:58:28,176:INFO:Epoch 75, Training loss 108851.6171875, Validation loss 108870.58984375
2021-11-17 17:58:31,607:INFO:Epoch 76, Training loss 108850.2109375, Validation loss 108869.435546875
2021-11-17 17:58:35,031:INFO:Epoch 77, Training loss 108848.935546875, Validation loss 108868.232421875
2021-11-17 17:58:38,485:INFO:Epoch 78, Training loss 108848.298828125, Validation loss 108866.888671875
2021-11-17 17:58:41,934:INFO:Epoch 79, Training loss 108846.39453125, Validation loss 108865.810546875
2021-11-17 17:58:45,382:INFO:Epoch 80, Training loss 108844.984375, Validation loss 108864.619140625
2021-11-17 17:58:48,788:INFO:Epoch 81, Training loss 108843.904296875, Validation loss 108863.4453125
2021-11-17 17:58:52,245:INFO:Epoch 82, Training loss 108842.53515625, Validation loss 108862.31640625
2021-11-17 17:58:55,657:INFO:Epoch 83, Training loss 108841.48046875, Validation loss 108860.9296875
2021-11-17 17:58:59,137:INFO:Epoch 84, Training loss 108839.859375, Validation loss 108859.740234375
2021-11-17 17:59:02,539:INFO:Epoch 85, Training loss 108838.626953125, Validation loss 108858.5859375
2021-11-17 17:59:06,011:INFO:Epoch 86, Training loss 108837.25, Validation loss 108857.5078125
2021-11-17 17:59:09,459:INFO:Epoch 87, Training loss 108836.318359375, Validation loss 108856.275390625
2021-11-17 17:59:12,979:INFO:Epoch 88, Training loss 108834.923828125, Validation loss 108855.236328125
2021-11-17 17:59:16,427:INFO:Epoch 89, Training loss 108833.84375, Validation loss 108854.169921875
2021-11-17 17:59:19,879:INFO:Epoch 90, Training loss 108832.37890625, Validation loss 108853.025390625
2021-11-17 17:59:23,310:INFO:Epoch 91, Training loss 108831.259765625, Validation loss 108852.03515625
2021-11-17 17:59:26,772:INFO:Epoch 92, Training loss 108830.126953125, Validation loss 108851.09375
2021-11-17 17:59:30,209:INFO:Epoch 93, Training loss 108828.947265625, Validation loss 108850.126953125
2021-11-17 17:59:33,639:INFO:Epoch 94, Training loss 108827.93359375, Validation loss 108849.24609375
2021-11-17 17:59:37,077:INFO:Epoch 95, Training loss 108826.7578125, Validation loss 108848.224609375
2021-11-17 17:59:40,535:INFO:Epoch 96, Training loss 108825.61328125, Validation loss 108847.341796875
2021-11-17 17:59:43,973:INFO:Epoch 97, Training loss 108824.666015625, Validation loss 108846.58203125
2021-11-17 17:59:47,400:INFO:Epoch 98, Training loss 108823.953125, Validation loss 108846.001953125
2021-11-17 17:59:50,854:INFO:Epoch 99, Training loss 108822.798828125, Validation loss 108845.171875
2021-11-17 17:59:54,297:INFO:Epoch 100, Training loss 108821.943359375, Validation loss 108844.48046875
2021-11-17 17:59:57,748:INFO:Epoch 101, Training loss 108820.923828125, Validation loss 108843.794921875
2021-11-17 18:00:01,168:INFO:Epoch 102, Training loss 108820.431640625, Validation loss 108843.125
2021-11-17 18:00:04,640:INFO:Epoch 103, Training loss 108819.587890625, Validation loss 108842.546875
2021-11-17 18:00:08,062:INFO:Epoch 104, Training loss 108818.802734375, Validation loss 108841.986328125
2021-11-17 18:00:11,555:INFO:Epoch 105, Training loss 108818.048828125, Validation loss 108841.44140625
2021-11-17 18:00:14,964:INFO:Epoch 106, Training loss 108817.546875, Validation loss 108840.955078125
2021-11-17 18:00:18,423:INFO:Epoch 107, Training loss 108816.953125, Validation loss 108840.494140625
2021-11-17 18:00:21,842:INFO:Epoch 108, Training loss 108816.22265625, Validation loss 108840.11328125
2021-11-17 18:00:25,329:INFO:Epoch 109, Training loss 108815.76953125, Validation loss 108839.625
2021-11-17 18:00:28,755:INFO:Epoch 110, Training loss 108815.224609375, Validation loss 108839.318359375
2021-11-17 18:00:32,198:INFO:Epoch 111, Training loss 108814.568359375, Validation loss 108839.072265625
2021-11-17 18:00:35,628:INFO:Epoch 112, Training loss 108814.1171875, Validation loss 108838.767578125
2021-11-17 18:00:39,089:INFO:Epoch 113, Training loss 108813.71875, Validation loss 108838.35546875
2021-11-17 18:00:42,519:INFO:Epoch 114, Training loss 108813.212890625, Validation loss 108838.060546875
2021-11-17 18:00:45,949:INFO:Epoch 115, Training loss 108812.94140625, Validation loss 108837.84765625
2021-11-17 18:00:49,399:INFO:Epoch 116, Training loss 108812.298828125, Validation loss 108837.533203125
2021-11-17 18:00:52,850:INFO:Epoch 117, Training loss 108811.908203125, Validation loss 108837.25
2021-11-17 18:00:56,296:INFO:Epoch 118, Training loss 108811.59375, Validation loss 108837.048828125
2021-11-17 18:00:59,731:INFO:Epoch 119, Training loss 108811.4765625, Validation loss 108836.87890625
2021-11-17 18:01:03,181:INFO:Epoch 120, Training loss 108811.00390625, Validation loss 108836.69921875
2021-11-17 18:01:06,663:INFO:Epoch 121, Training loss 108810.794921875, Validation loss 108836.60546875
2021-11-17 18:01:10,128:INFO:Epoch 122, Training loss 108810.4609375, Validation loss 108836.39453125
2021-11-17 18:01:13,538:INFO:Epoch 123, Training loss 108810.138671875, Validation loss 108836.2265625
2021-11-17 18:01:16,992:INFO:Epoch 124, Training loss 108809.90234375, Validation loss 108836.24609375
2021-11-17 18:01:20,456:INFO:Epoch 125, Training loss 108809.494140625, Validation loss 108836.052734375
2021-11-17 18:01:23,949:INFO:Epoch 126, Training loss 108809.087890625, Validation loss 108836.021484375
2021-11-17 18:01:27,371:INFO:Epoch 127, Training loss 108808.8515625, Validation loss 108835.86328125
2021-11-17 18:01:30,842:INFO:Epoch 128, Training loss 108808.71875, Validation loss 108835.576171875
2021-11-17 18:01:34,262:INFO:Epoch 129, Training loss 108808.44921875, Validation loss 108835.484375
2021-11-17 18:01:37,751:INFO:Epoch 130, Training loss 108808.2578125, Validation loss 108835.392578125
2021-11-17 18:01:41,192:INFO:Epoch 131, Training loss 108808.1015625, Validation loss 108835.2421875
2021-11-17 18:01:44,642:INFO:Epoch 132, Training loss 108807.86328125, Validation loss 108835.19921875
2021-11-17 18:01:48,074:INFO:Epoch 133, Training loss 108807.578125, Validation loss 108835.02734375
2021-11-17 18:01:51,544:INFO:Epoch 134, Training loss 108807.431640625, Validation loss 108834.83203125
2021-11-17 18:01:54,979:INFO:Epoch 135, Training loss 108807.443359375, Validation loss 108834.794921875
2021-11-17 18:01:58,426:INFO:Epoch 136, Training loss 108807.353515625, Validation loss 108834.607421875
2021-11-17 18:02:01,873:INFO:Epoch 137, Training loss 108806.904296875, Validation loss 108834.4921875
2021-11-17 18:02:05,360:INFO:Epoch 138, Training loss 108806.6484375, Validation loss 108834.46484375
2021-11-17 18:02:08,811:INFO:Epoch 139, Training loss 108806.84765625, Validation loss 108834.486328125
2021-11-17 18:02:12,234:INFO:Epoch 140, Training loss 108806.48046875, Validation loss 108834.294921875
2021-11-17 18:02:15,695:INFO:Epoch 141, Training loss 108806.3359375, Validation loss 108834.1953125
2021-11-17 18:02:19,143:INFO:Epoch 142, Training loss 108806.2734375, Validation loss 108834.14453125
2021-11-17 18:02:22,601:INFO:Epoch 143, Training loss 108805.9453125, Validation loss 108834.0625
2021-11-17 18:02:26,026:INFO:Epoch 144, Training loss 108805.6953125, Validation loss 108833.814453125
2021-11-17 18:02:29,493:INFO:Epoch 145, Training loss 108805.619140625, Validation loss 108833.67578125
2021-11-17 18:02:32,906:INFO:Epoch 146, Training loss 108805.623046875, Validation loss 108833.8359375
2021-11-17 18:02:36,400:INFO:Epoch 147, Training loss 108805.453125, Validation loss 108833.71484375
2021-11-17 18:02:39,814:INFO:Epoch 148, Training loss 108805.525390625, Validation loss 108833.537109375
2021-11-17 18:02:43,280:INFO:Epoch 149, Training loss 108805.107421875, Validation loss 108833.580078125
2021-11-17 18:02:46,711:INFO:Epoch 150, Training loss 108804.94921875, Validation loss 108833.556640625
2021-11-17 18:02:50,184:INFO:Epoch 151, Training loss 108804.80078125, Validation loss 108833.3671875
2021-11-17 18:02:53,616:INFO:Epoch 152, Training loss 108804.69921875, Validation loss 108833.33984375
2021-11-17 18:02:57,069:INFO:Epoch 153, Training loss 108804.498046875, Validation loss 108833.2890625
2021-11-17 18:03:00,510:INFO:Epoch 154, Training loss 108804.42578125, Validation loss 108833.01171875
2021-11-17 18:03:03,975:INFO:Epoch 155, Training loss 108804.28125, Validation loss 108833.0390625
2021-11-17 18:03:07,438:INFO:Epoch 156, Training loss 108804.220703125, Validation loss 108833.041015625
2021-11-17 18:03:10,885:INFO:Epoch 157, Training loss 108804.88671875, Validation loss 108832.98828125
2021-11-17 18:03:14,330:INFO:Epoch 158, Training loss 108804.4140625, Validation loss 108832.689453125
2021-11-17 18:03:17,789:INFO:Epoch 159, Training loss 108803.845703125, Validation loss 108832.78125
2021-11-17 18:03:21,243:INFO:Epoch 160, Training loss 108803.78515625, Validation loss 108832.662109375
2021-11-17 18:03:24,670:INFO:Epoch 161, Training loss 108803.78515625, Validation loss 108832.564453125
2021-11-17 18:03:28,125:INFO:Epoch 162, Training loss 108803.626953125, Validation loss 108832.560546875
2021-11-17 18:03:31,568:INFO:Epoch 163, Training loss 108803.517578125, Validation loss 108832.416015625
2021-11-17 18:03:35,025:INFO:Epoch 164, Training loss 108803.474609375, Validation loss 108832.7109375
2021-11-17 18:03:38,449:INFO:Epoch 165, Training loss 108803.1953125, Validation loss 108832.611328125
2021-11-17 18:03:41,929:INFO:Epoch 166, Training loss 108803.267578125, Validation loss 108832.341796875
2021-11-17 18:03:45,351:INFO:Epoch 167, Training loss 108803.2578125, Validation loss 108832.318359375
2021-11-17 18:03:48,843:INFO:Epoch 168, Training loss 108803.251953125, Validation loss 108832.4140625
2021-11-17 18:03:52,259:INFO:Epoch 169, Training loss 108802.931640625, Validation loss 108832.328125
2021-11-17 18:03:55,722:INFO:Epoch 170, Training loss 108803.103515625, Validation loss 108832.189453125
2021-11-17 18:03:59,143:INFO:Epoch 171, Training loss 108802.669921875, Validation loss 108832.265625
2021-11-17 18:04:02,632:INFO:Epoch 172, Training loss 108802.712890625, Validation loss 108832.31640625
2021-11-17 18:04:06,076:INFO:Epoch 173, Training loss 108802.876953125, Validation loss 108832.39453125
2021-11-17 18:04:09,528:INFO:Epoch 174, Training loss 108802.443359375, Validation loss 108832.126953125
2021-11-17 18:04:12,955:INFO:Epoch 175, Training loss 108802.3671875, Validation loss 108831.990234375
2021-11-17 18:04:16,435:INFO:Epoch 176, Training loss 108802.2890625, Validation loss 108832.080078125
2021-11-17 18:04:19,885:INFO:Epoch 177, Training loss 108802.205078125, Validation loss 108832.087890625
2021-11-17 18:04:23,316:INFO:Epoch 178, Training loss 108802.212890625, Validation loss 108831.912109375
2021-11-17 18:04:26,762:INFO:Epoch 179, Training loss 108802.228515625, Validation loss 108832.052734375
2021-11-17 18:04:30,217:INFO:Epoch 180, Training loss 108802.087890625, Validation loss 108831.970703125
2021-11-17 18:04:33,661:INFO:Epoch 181, Training loss 108801.8046875, Validation loss 108832.060546875
2021-11-17 18:04:37,094:INFO:Epoch 182, Training loss 108801.775390625, Validation loss 108831.96875
2021-11-17 18:04:40,565:INFO:Epoch 183, Training loss 108801.78515625, Validation loss 108832.1953125
2021-11-17 18:04:44,024:INFO:Epoch 184, Training loss 108801.904296875, Validation loss 108831.935546875
2021-11-17 18:04:47,484:INFO:Epoch 185, Training loss 108801.8359375, Validation loss 108831.994140625
2021-11-17 18:04:50,907:INFO:Epoch 186, Training loss 108802.015625, Validation loss 108832.21875
2021-11-17 18:04:54,371:INFO:Epoch 187, Training loss 108801.21484375, Validation loss 108831.83984375
2021-11-17 18:04:57,786:INFO:Epoch 188, Training loss 108801.521484375, Validation loss 108831.875
2021-11-17 18:05:01,283:INFO:Epoch 189, Training loss 108801.193359375, Validation loss 108831.921875
2021-11-17 18:05:04,702:INFO:Epoch 190, Training loss 108801.416015625, Validation loss 108831.98046875
2021-11-17 18:05:08,187:INFO:Epoch 191, Training loss 108801.1484375, Validation loss 108831.896484375
2021-11-17 18:05:11,613:INFO:Epoch 192, Training loss 108800.94921875, Validation loss 108831.810546875
2021-11-17 18:05:15,108:INFO:Epoch 193, Training loss 108800.90234375, Validation loss 108832.05078125
2021-11-17 18:05:18,536:INFO:Epoch 194, Training loss 108800.767578125, Validation loss 108831.841796875
2021-11-17 18:05:21,984:INFO:Epoch 195, Training loss 108800.873046875, Validation loss 108831.9140625
2021-11-17 18:05:25,422:INFO:Epoch 196, Training loss 108801.005859375, Validation loss 108832.181640625
2021-11-17 18:05:28,896:INFO:Epoch 197, Training loss 108800.900390625, Validation loss 108831.802734375
2021-11-17 18:05:32,337:INFO:Epoch 198, Training loss 108800.677734375, Validation loss 108831.73828125
2021-11-17 18:05:35,784:INFO:Epoch 199, Training loss 108800.708984375, Validation loss 108831.80859375
2021-11-17 18:05:39,239:INFO:Epoch 200, Training loss 108800.443359375, Validation loss 108831.76953125
2021-11-17 18:05:42,708:INFO:Epoch 201, Training loss 108800.48828125, Validation loss 108831.873046875
2021-11-17 18:05:46,159:INFO:Epoch 202, Training loss 108800.58984375, Validation loss 108831.861328125
2021-11-17 18:05:49,593:INFO:Epoch 203, Training loss 108800.75390625, Validation loss 108831.650390625
2021-11-17 18:05:53,057:INFO:Epoch 204, Training loss 108800.181640625, Validation loss 108831.900390625
2021-11-17 18:05:56,514:INFO:Epoch 205, Training loss 108800.34765625, Validation loss 108832.0546875
2021-11-17 18:05:59,966:INFO:Epoch 206, Training loss 108800.115234375, Validation loss 108832.009765625
2021-11-17 18:06:03,386:INFO:Epoch 207, Training loss 108800.154296875, Validation loss 108832.07421875
2021-11-17 18:06:06,873:INFO:Epoch 208, Training loss 108800.310546875, Validation loss 108831.56640625
2021-11-17 18:06:10,292:INFO:Epoch 209, Training loss 108800.068359375, Validation loss 108831.650390625
2021-11-17 18:06:13,790:INFO:Epoch 210, Training loss 108799.884765625, Validation loss 108831.76953125
2021-11-17 18:06:17,210:INFO:Epoch 211, Training loss 108799.919921875, Validation loss 108831.68359375
2021-11-17 18:06:20,693:INFO:Epoch 212, Training loss 108800.146484375, Validation loss 108831.8359375
2021-11-17 18:06:24,115:INFO:Epoch 213, Training loss 108799.763671875, Validation loss 108831.857421875
2021-11-17 18:06:27,611:INFO:Epoch 214, Training loss 108799.958984375, Validation loss 108831.548828125
2021-11-17 18:06:31,037:INFO:Epoch 215, Training loss 108799.99609375, Validation loss 108831.708984375
2021-11-17 18:06:34,485:INFO:Epoch 216, Training loss 108799.654296875, Validation loss 108831.6796875
2021-11-17 18:06:37,935:INFO:Epoch 217, Training loss 108799.666015625, Validation loss 108831.48046875
2021-11-17 18:06:41,411:INFO:Epoch 218, Training loss 108799.771484375, Validation loss 108831.865234375
2021-11-17 18:06:44,855:INFO:Epoch 219, Training loss 108799.841796875, Validation loss 108831.912109375
2021-11-17 18:06:48,290:INFO:Epoch 220, Training loss 108799.80078125, Validation loss 108831.55859375
2021-11-17 18:06:51,738:INFO:Epoch 221, Training loss 108799.91015625, Validation loss 108832.03125
2021-11-17 18:06:55,208:INFO:Epoch 222, Training loss 108799.46484375, Validation loss 108831.783203125
2021-11-17 18:06:58,655:INFO:Epoch 223, Training loss 108799.375, Validation loss 108831.4921875
2021-11-17 18:07:02,081:INFO:Epoch 224, Training loss 108799.21875, Validation loss 108831.509765625
2021-11-17 18:07:05,560:INFO:Epoch 225, Training loss 108799.603515625, Validation loss 108831.658203125
2021-11-17 18:07:09,013:INFO:Epoch 226, Training loss 108799.248046875, Validation loss 108831.66796875
2021-11-17 18:07:12,471:INFO:Epoch 227, Training loss 108799.267578125, Validation loss 108831.587890625
2021-11-17 18:07:15,881:INFO:Epoch 228, Training loss 108799.08203125, Validation loss 108831.83203125
2021-11-17 18:07:19,345:INFO:Epoch 229, Training loss 108799.376953125, Validation loss 108831.576171875
2021-11-17 18:07:22,770:INFO:Epoch 230, Training loss 108799.19140625, Validation loss 108831.8671875
2021-11-17 18:07:26,271:INFO:Epoch 231, Training loss 108799.087890625, Validation loss 108831.634765625
2021-11-17 18:07:29,692:INFO:Epoch 232, Training loss 108798.927734375, Validation loss 108831.75
2021-11-17 18:07:33,161:INFO:Epoch 233, Training loss 108798.935546875, Validation loss 108831.591796875
2021-11-17 18:07:36,597:INFO:Epoch 234, Training loss 108798.9609375, Validation loss 108831.8828125
2021-11-17 18:07:40,092:INFO:Epoch 235, Training loss 108798.75390625, Validation loss 108831.595703125
2021-11-17 18:07:43,517:INFO:Epoch 236, Training loss 108798.744140625, Validation loss 108831.705078125
2021-11-17 18:07:46,974:INFO:Epoch 237, Training loss 108798.705078125, Validation loss 108831.775390625
2021-11-17 18:07:46,981:INFO:Finished training, producing training report at /data/theorie/jthoeve/ML4EFT_higgs/models/17_11/model_final_lin_cHW/mc_run_28/plots/training_report/
2021-11-17 18:07:47,275:WARNING:findfont: Font family ['sans-serif'] not found. Falling back to DejaVu Sans.
