7.519338964843750000e+04
7.395230078125000000e+04
7.377832226562500000e+04
7.382611523437500000e+04
7.380626171875000000e+04
7.376064257812500000e+04
7.375437500000000000e+04
7.375411132812500000e+04
7.374678808593750000e+04
7.374549902343750000e+04
7.374554101562500000e+04
7.374516796875000000e+04
7.374470019531250000e+04
7.374460839843750000e+04
7.374430957031250000e+04
7.374395019531250000e+04
7.374368457031250000e+04
7.374368652343750000e+04
7.374324804687500000e+04
7.374306738281250000e+04
7.374301562500000000e+04
7.374288085937500000e+04
7.374262695312500000e+04
7.374242089843750000e+04
7.374231250000000000e+04
7.374221484375000000e+04
7.374210742187500000e+04
7.374188183593750000e+04
7.374185449218750000e+04
7.374153613281250000e+04
7.374135546875000000e+04
7.374135449218750000e+04
7.374127734375000000e+04
7.374112402343750000e+04
7.374078222656250000e+04
7.374066796875000000e+04
7.374052441406250000e+04
7.374042871093750000e+04
7.374011523437500000e+04
7.374006054687500000e+04
7.373978710937500000e+04
7.373969628906250000e+04
7.373949316406250000e+04
7.373943554687500000e+04
7.373910546875000000e+04
7.373913476562500000e+04
7.373891113281250000e+04
7.373874414062500000e+04
7.373871093750000000e+04
7.373827148437500000e+04
7.373808105468750000e+04
7.373834375000000000e+04
7.373766503906250000e+04
7.373744824218750000e+04
7.373767285156250000e+04
7.373727539062500000e+04
7.373732714843750000e+04
7.373669335937500000e+04
7.373721582031250000e+04
