2022-03-03 14:19:18,123:INFO:All directories created, ready to load the data
2022-03-03 14:19:18,188:INFO:Dataset loaded from /data/theorie/jthoeve/training_data/zh/features_mzh_y_ptz_v2/lin/cHq3/events_18.pkl.gz
2022-03-03 14:19:18,253:INFO:Dataset loaded from /data/theorie/jthoeve/training_data/zh/features_mzh_y_ptz_v2/sm/events_18.pkl.gz
2022-03-03 14:19:20,439:INFO:Epoch 1, Training loss 84646.669921875, Validation loss 84646.669921875
2022-03-03 14:19:22,653:INFO:Epoch 2, Training loss 84646.669921875, Validation loss 84646.669921875
2022-03-03 14:19:24,799:INFO:Epoch 3, Training loss 84646.669921875, Validation loss 84646.669921875
2022-03-03 14:19:26,959:INFO:Epoch 4, Training loss 84646.669921875, Validation loss 84646.669921875
2022-03-03 14:19:29,111:INFO:Epoch 5, Training loss 84646.669921875, Validation loss 84646.669921875
2022-03-03 14:19:31,318:INFO:Epoch 6, Training loss 84646.669921875, Validation loss 84646.669921875
2022-03-03 14:19:33,480:INFO:Epoch 7, Training loss 84646.669921875, Validation loss 84646.669921875
2022-03-03 14:19:35,631:INFO:Epoch 8, Training loss 84646.669921875, Validation loss 84646.669921875
2022-03-03 14:19:37,798:INFO:Epoch 9, Training loss 84646.669921875, Validation loss 84646.669921875
2022-03-03 14:19:39,994:INFO:Epoch 10, Training loss 84646.669921875, Validation loss 84646.669921875
2022-03-03 14:19:42,167:INFO:Epoch 11, Training loss 84646.669921875, Validation loss 84646.669921875
2022-03-03 14:19:42,176:INFO:Detected stagant training, reset the weights
2022-03-03 14:19:44,316:INFO:Epoch 12, Training loss 73805.4013671875, Validation loss 73785.4658203125
2022-03-03 14:19:46,493:INFO:Epoch 13, Training loss 73793.4912109375, Validation loss 73761.0
2022-03-03 14:19:48,673:INFO:Epoch 14, Training loss 73751.072265625, Validation loss 73764.0537109375
2022-03-03 14:19:50,858:INFO:Epoch 15, Training loss 73758.0986328125, Validation loss 73748.958984375
2022-03-03 14:19:52,991:INFO:Epoch 16, Training loss 73746.251953125, Validation loss 73754.62109375
2022-03-03 14:19:55,175:INFO:Epoch 17, Training loss 73747.7275390625, Validation loss 73748.748046875
2022-03-03 14:19:57,304:INFO:Epoch 18, Training loss 73744.03515625, Validation loss 73751.7158203125
2022-03-03 14:19:59,533:INFO:Epoch 19, Training loss 73743.953125, Validation loss 73749.31640625
2022-03-03 14:20:01,675:INFO:Epoch 20, Training loss 73742.716796875, Validation loss 73750.232421875
2022-03-03 14:20:03,857:INFO:Epoch 21, Training loss 73742.1669921875, Validation loss 73749.8408203125
2022-03-03 14:20:06,001:INFO:Epoch 22, Training loss 73741.6533203125, Validation loss 73749.9462890625
2022-03-03 14:20:08,219:INFO:Epoch 23, Training loss 73740.927734375, Validation loss 73750.84765625
2022-03-03 14:20:10,367:INFO:Epoch 24, Training loss 73740.4326171875, Validation loss 73751.52734375
2022-03-03 14:20:12,530:INFO:Epoch 25, Training loss 73739.966796875, Validation loss 73751.73046875
2022-03-03 14:20:14,683:INFO:Epoch 26, Training loss 73739.693359375, Validation loss 73752.341796875
2022-03-03 14:20:16,887:INFO:Epoch 27, Training loss 73739.2509765625, Validation loss 73752.078125
2022-03-03 14:20:19,045:INFO:Epoch 28, Training loss 73738.5927734375, Validation loss 73752.8056640625
2022-03-03 14:20:21,189:INFO:Epoch 29, Training loss 73738.0341796875, Validation loss 73753.05859375
2022-03-03 14:20:23,358:INFO:Epoch 30, Training loss 73737.55078125, Validation loss 73753.197265625
2022-03-03 14:20:25,552:INFO:Epoch 31, Training loss 73737.255859375, Validation loss 73754.0234375
2022-03-03 14:20:27,723:INFO:Epoch 32, Training loss 73736.4931640625, Validation loss 73754.115234375
2022-03-03 14:20:29,858:INFO:Epoch 33, Training loss 73736.0498046875, Validation loss 73754.017578125
2022-03-03 14:20:32,031:INFO:Epoch 34, Training loss 73735.7919921875, Validation loss 73754.56640625
2022-03-03 14:20:34,214:INFO:Epoch 35, Training loss 73735.3720703125, Validation loss 73756.2568359375
2022-03-03 14:20:36,394:INFO:Epoch 36, Training loss 73734.8173828125, Validation loss 73755.6181640625
2022-03-03 14:20:38,531:INFO:Epoch 37, Training loss 73734.171875, Validation loss 73755.0859375
2022-03-03 14:20:40,715:INFO:Epoch 38, Training loss 73733.7353515625, Validation loss 73756.0166015625
2022-03-03 14:20:42,844:INFO:Epoch 39, Training loss 73733.283203125, Validation loss 73758.4033203125
2022-03-03 14:20:45,076:INFO:Epoch 40, Training loss 73732.8642578125, Validation loss 73757.646484375
2022-03-03 14:20:47,213:INFO:Epoch 41, Training loss 73732.0205078125, Validation loss 73755.365234375
2022-03-03 14:20:49,397:INFO:Epoch 42, Training loss 73731.7978515625, Validation loss 73758.7236328125
2022-03-03 14:20:51,541:INFO:Epoch 43, Training loss 73730.412109375, Validation loss 73758.294921875
2022-03-03 14:20:53,761:INFO:Epoch 44, Training loss 73729.54296875, Validation loss 73758.34765625
2022-03-03 14:20:55,910:INFO:Epoch 45, Training loss 73728.8544921875, Validation loss 73758.3193359375
2022-03-03 14:20:58,075:INFO:Epoch 46, Training loss 73728.46484375, Validation loss 73760.5185546875
2022-03-03 14:21:00,225:INFO:Epoch 47, Training loss 73727.6943359375, Validation loss 73760.9140625
2022-03-03 14:21:02,428:INFO:Epoch 48, Training loss 73726.7841796875, Validation loss 73761.3125
2022-03-03 14:21:04,585:INFO:Epoch 49, Training loss 73726.0263671875, Validation loss 73760.857421875
2022-03-03 14:21:06,740:INFO:Epoch 50, Training loss 73724.8779296875, Validation loss 73761.326171875
2022-03-03 14:21:08,902:INFO:Epoch 51, Training loss 73723.6416015625, Validation loss 73762.796875
2022-03-03 14:21:11,099:INFO:Epoch 52, Training loss 73723.35546875, Validation loss 73765.873046875
2022-03-03 14:21:13,265:INFO:Epoch 53, Training loss 73721.55078125, Validation loss 73765.3955078125
2022-03-03 14:21:15,407:INFO:Epoch 54, Training loss 73720.82421875, Validation loss 73764.9208984375
2022-03-03 14:21:17,582:INFO:Epoch 55, Training loss 73720.7626953125, Validation loss 73767.6962890625
2022-03-03 14:21:19,764:INFO:Epoch 56, Training loss 73719.1552734375, Validation loss 73767.6298828125
2022-03-03 14:21:21,947:INFO:Epoch 57, Training loss 73716.90625, Validation loss 73767.2021484375
2022-03-03 14:21:24,253:INFO:Epoch 58, Training loss 73717.0263671875, Validation loss 73768.0869140625
2022-03-03 14:21:26,440:INFO:Epoch 59, Training loss 73714.482421875, Validation loss 73768.53125
2022-03-03 14:21:28,575:INFO:Epoch 60, Training loss 73714.4033203125, Validation loss 73768.36328125
2022-03-03 14:21:30,802:INFO:Epoch 61, Training loss 73713.4169921875, Validation loss 73775.0556640625
2022-03-03 14:21:32,938:INFO:Epoch 62, Training loss 73712.89453125, Validation loss 73769.193359375
2022-03-03 14:21:35,122:INFO:Epoch 63, Training loss 73712.212890625, Validation loss 73773.546875
2022-03-03 14:21:37,267:INFO:Epoch 64, Training loss 73709.24609375, Validation loss 73775.73828125
2022-03-03 14:21:39,489:INFO:Epoch 65, Training loss 73709.5625, Validation loss 73771.4921875
2022-03-03 14:21:41,636:INFO:Epoch 66, Training loss 73707.7431640625, Validation loss 73774.873046875
2022-03-03 14:21:43,799:INFO:Epoch 67, Training loss 73706.515625, Validation loss 73779.392578125
2022-03-03 14:21:43,806:INFO:Finished training
