2022-03-03 14:19:15,672:INFO:All directories created, ready to load the data
2022-03-03 14:19:15,738:INFO:Dataset loaded from /data/theorie/jthoeve/training_data/zh/features_mzh_y_ptz_v2/lin/cHq3/events_0.pkl.gz
2022-03-03 14:19:15,760:INFO:Dataset loaded from /data/theorie/jthoeve/training_data/zh/features_mzh_y_ptz_v2/sm/events_0.pkl.gz
2022-03-03 14:19:18,034:INFO:Epoch 1, Training loss 84648.623046875, Validation loss 84648.623046875
2022-03-03 14:19:20,359:INFO:Epoch 2, Training loss 84648.623046875, Validation loss 84648.623046875
2022-03-03 14:19:22,612:INFO:Epoch 3, Training loss 84648.623046875, Validation loss 84648.623046875
2022-03-03 14:19:24,912:INFO:Epoch 4, Training loss 84648.623046875, Validation loss 84648.623046875
2022-03-03 14:19:27,213:INFO:Epoch 5, Training loss 84648.623046875, Validation loss 84648.623046875
2022-03-03 14:19:29,579:INFO:Epoch 6, Training loss 84648.623046875, Validation loss 84648.623046875
2022-03-03 14:19:31,910:INFO:Epoch 7, Training loss 84648.623046875, Validation loss 84648.623046875
2022-03-03 14:19:34,225:INFO:Epoch 8, Training loss 84648.623046875, Validation loss 84648.623046875
2022-03-03 14:19:36,550:INFO:Epoch 9, Training loss 84648.623046875, Validation loss 84648.623046875
2022-03-03 14:19:38,906:INFO:Epoch 10, Training loss 84648.623046875, Validation loss 84648.623046875
2022-03-03 14:19:41,371:INFO:Epoch 11, Training loss 84648.623046875, Validation loss 84648.623046875
2022-03-03 14:19:41,377:INFO:Detected stagant training, reset the weights
2022-03-03 14:19:43,677:INFO:Epoch 12, Training loss 73858.8916015625, Validation loss 73804.015625
2022-03-03 14:19:46,019:INFO:Epoch 13, Training loss 73822.4775390625, Validation loss 73780.29296875
2022-03-03 14:19:48,375:INFO:Epoch 14, Training loss 73755.30078125, Validation loss 73767.443359375
2022-03-03 14:19:50,721:INFO:Epoch 15, Training loss 73764.0849609375, Validation loss 73752.3857421875
2022-03-03 14:19:53,018:INFO:Epoch 16, Training loss 73744.5751953125, Validation loss 73753.2265625
2022-03-03 14:19:55,369:INFO:Epoch 17, Training loss 73749.00390625, Validation loss 73749.1279296875
2022-03-03 14:19:57,664:INFO:Epoch 18, Training loss 73742.345703125, Validation loss 73748.8193359375
2022-03-03 14:20:00,061:INFO:Epoch 19, Training loss 73743.408203125, Validation loss 73748.02734375
2022-03-03 14:20:02,372:INFO:Epoch 20, Training loss 73741.033203125, Validation loss 73747.1875
2022-03-03 14:20:04,716:INFO:Epoch 21, Training loss 73741.1083984375, Validation loss 73746.91015625
2022-03-03 14:20:07,027:INFO:Epoch 22, Training loss 73740.056640625, Validation loss 73746.57421875
2022-03-03 14:20:09,409:INFO:Epoch 23, Training loss 73739.8583984375, Validation loss 73746.431640625
2022-03-03 14:20:11,731:INFO:Epoch 24, Training loss 73739.705078125, Validation loss 73746.365234375
2022-03-03 14:20:14,072:INFO:Epoch 25, Training loss 73739.05078125, Validation loss 73746.251953125
2022-03-03 14:20:16,396:INFO:Epoch 26, Training loss 73738.650390625, Validation loss 73746.423828125
2022-03-03 14:20:18,772:INFO:Epoch 27, Training loss 73738.3671875, Validation loss 73746.5859375
2022-03-03 14:20:21,101:INFO:Epoch 28, Training loss 73738.1982421875, Validation loss 73746.552734375
2022-03-03 14:20:23,408:INFO:Epoch 29, Training loss 73737.8076171875, Validation loss 73746.6552734375
2022-03-03 14:20:25,733:INFO:Epoch 30, Training loss 73737.501953125, Validation loss 73746.849609375
2022-03-03 14:20:28,107:INFO:Epoch 31, Training loss 73737.2734375, Validation loss 73746.84375
2022-03-03 14:20:30,444:INFO:Epoch 32, Training loss 73736.64453125, Validation loss 73747.0029296875
2022-03-03 14:20:32,754:INFO:Epoch 33, Training loss 73736.912109375, Validation loss 73747.4873046875
2022-03-03 14:20:35,090:INFO:Epoch 34, Training loss 73735.9990234375, Validation loss 73747.5380859375
2022-03-03 14:20:37,428:INFO:Epoch 35, Training loss 73735.74609375, Validation loss 73747.5302734375
2022-03-03 14:20:39,778:INFO:Epoch 36, Training loss 73735.5615234375, Validation loss 73747.89453125
2022-03-03 14:20:42,071:INFO:Epoch 37, Training loss 73734.9921875, Validation loss 73747.87109375
2022-03-03 14:20:44,412:INFO:Epoch 38, Training loss 73734.8291015625, Validation loss 73748.2138671875
2022-03-03 14:20:46,708:INFO:Epoch 39, Training loss 73734.4248046875, Validation loss 73748.298828125
2022-03-03 14:20:49,110:INFO:Epoch 40, Training loss 73734.9189453125, Validation loss 73748.8740234375
2022-03-03 14:20:51,404:INFO:Epoch 41, Training loss 73733.658203125, Validation loss 73748.8271484375
2022-03-03 14:20:53,746:INFO:Epoch 42, Training loss 73733.9150390625, Validation loss 73749.830078125
2022-03-03 14:20:56,053:INFO:Epoch 43, Training loss 73732.8037109375, Validation loss 73749.3837890625
2022-03-03 14:20:58,441:INFO:Epoch 44, Training loss 73732.779296875, Validation loss 73748.6875
2022-03-03 14:21:00,745:INFO:Epoch 45, Training loss 73732.5205078125, Validation loss 73749.1318359375
2022-03-03 14:21:03,064:INFO:Epoch 46, Training loss 73732.2646484375, Validation loss 73750.0263671875
2022-03-03 14:21:05,380:INFO:Epoch 47, Training loss 73731.6259765625, Validation loss 73751.435546875
2022-03-03 14:21:07,753:INFO:Epoch 48, Training loss 73732.1826171875, Validation loss 73750.9443359375
2022-03-03 14:21:10,070:INFO:Epoch 49, Training loss 73731.5556640625, Validation loss 73751.1572265625
2022-03-03 14:21:12,381:INFO:Epoch 50, Training loss 73730.291015625, Validation loss 73751.822265625
2022-03-03 14:21:14,712:INFO:Epoch 51, Training loss 73729.8798828125, Validation loss 73752.837890625
2022-03-03 14:21:17,067:INFO:Epoch 52, Training loss 73729.71875, Validation loss 73752.6025390625
2022-03-03 14:21:19,400:INFO:Epoch 53, Training loss 73729.1005859375, Validation loss 73753.3759765625
2022-03-03 14:21:21,693:INFO:Epoch 54, Training loss 73729.0087890625, Validation loss 73753.7275390625
2022-03-03 14:21:24,024:INFO:Epoch 55, Training loss 73728.537109375, Validation loss 73753.6328125
2022-03-03 14:21:26,367:INFO:Epoch 56, Training loss 73727.6171875, Validation loss 73753.75
2022-03-03 14:21:28,729:INFO:Epoch 57, Training loss 73728.0380859375, Validation loss 73755.576171875
2022-03-03 14:21:31,006:INFO:Epoch 58, Training loss 73728.2177734375, Validation loss 73755.537109375
2022-03-03 14:21:33,351:INFO:Epoch 59, Training loss 73727.7666015625, Validation loss 73755.5439453125
2022-03-03 14:21:35,649:INFO:Epoch 60, Training loss 73726.1484375, Validation loss 73756.3603515625
2022-03-03 14:21:38,039:INFO:Epoch 61, Training loss 73727.1015625, Validation loss 73755.83203125
2022-03-03 14:21:40,343:INFO:Epoch 62, Training loss 73726.4443359375, Validation loss 73756.7509765625
2022-03-03 14:21:42,686:INFO:Epoch 63, Training loss 73725.47265625, Validation loss 73757.5224609375
2022-03-03 14:21:44,995:INFO:Epoch 64, Training loss 73725.59765625, Validation loss 73758.2548828125
2022-03-03 14:21:47,371:INFO:Epoch 65, Training loss 73724.7119140625, Validation loss 73758.658203125
2022-03-03 14:21:49,684:INFO:Epoch 66, Training loss 73724.4033203125, Validation loss 73758.5576171875
2022-03-03 14:21:52,003:INFO:Epoch 67, Training loss 73725.8095703125, Validation loss 73759.7978515625
2022-03-03 14:21:54,320:INFO:Epoch 68, Training loss 73724.8828125, Validation loss 73760.4619140625
2022-03-03 14:21:56,688:INFO:Epoch 69, Training loss 73723.4296875, Validation loss 73761.0849609375
2022-03-03 14:21:59,016:INFO:Epoch 70, Training loss 73723.0625, Validation loss 73761.6552734375
2022-03-03 14:22:01,337:INFO:Epoch 71, Training loss 73722.1162109375, Validation loss 73760.828125
2022-03-03 14:22:03,669:INFO:Epoch 72, Training loss 73722.2841796875, Validation loss 73762.43359375
2022-03-03 14:22:06,028:INFO:Epoch 73, Training loss 73721.7978515625, Validation loss 73763.498046875
2022-03-03 14:22:08,364:INFO:Epoch 74, Training loss 73720.3740234375, Validation loss 73761.72265625
2022-03-03 14:22:10,662:INFO:Epoch 75, Training loss 73719.98828125, Validation loss 73762.890625
2022-03-03 14:22:10,669:INFO:Finished training
