2.080123242187500000e+05
2.080123242187500000e+05
2.080123242187500000e+05
2.080123242187500000e+05
2.080123242187500000e+05
2.080123242187500000e+05
2.080123242187500000e+05
2.080123242187500000e+05
2.080123242187500000e+05
2.080123242187500000e+05
2.080123242187500000e+05
2.080123242187500000e+05
2.080123242187500000e+05
2.080123242187500000e+05
1.268200488281250000e+05
1.194252128906250000e+05
1.142056406250000000e+05
1.110664570312500000e+05
1.095741582031250000e+05
1.092998476562500000e+05
1.094435195312500000e+05
1.093377421875000000e+05
1.091567324218750000e+05
1.090833281250000000e+05
1.090654589843750000e+05
1.090372949218750000e+05
1.089992011718750000e+05
1.089669433593750000e+05
1.089465136718750000e+05
1.089246171875000000e+05
1.089038300781250000e+05
1.088891640625000000e+05
1.088784707031250000e+05
1.088687832031250000e+05
1.088608710937500000e+05
1.088563203125000000e+05
1.088531601562500000e+05
1.088513593750000000e+05
1.088481875000000000e+05
1.088465781250000000e+05
1.088458652343750000e+05
1.088443339843750000e+05
1.088442929687500000e+05
1.088431171875000000e+05
1.088434492187500000e+05
1.088430605468750000e+05
1.088428789062500000e+05
1.088419667968750000e+05
1.088428652343750000e+05
1.088418339843750000e+05
1.088409453125000000e+05
1.088413476562500000e+05
1.088413437500000000e+05
1.088422031250000000e+05
1.088404355468750000e+05
1.088399355468750000e+05
1.088401445312500000e+05
1.088393632812500000e+05
1.088390214843750000e+05
1.088389335937500000e+05
1.088384746093750000e+05
1.088388886718750000e+05
1.088382617187500000e+05
1.088384863281250000e+05
1.088395449218750000e+05
1.088382421875000000e+05
1.088373164062500000e+05
1.088382324218750000e+05
1.088373730468750000e+05
1.088375000000000000e+05
1.088366835937500000e+05
1.088368808593750000e+05
1.088370546875000000e+05
1.088370605468750000e+05
1.088364980468750000e+05
1.088366347656250000e+05
1.088363125000000000e+05
1.088368164062500000e+05
1.088355585937500000e+05
1.088361289062500000e+05
1.088354687500000000e+05
1.088367226562500000e+05
1.088349921875000000e+05
1.088364648437500000e+05
1.088360839843750000e+05
1.088353437500000000e+05
1.088346015625000000e+05
1.088352734375000000e+05
1.088345117187500000e+05
1.088350996093750000e+05
1.088352695312500000e+05
1.088345859375000000e+05
1.088356503906250000e+05
1.088339570312500000e+05
1.088340878906250000e+05
1.088340839843750000e+05
1.088342734375000000e+05
1.088345410156250000e+05
1.088333945312500000e+05
1.088337324218750000e+05
1.088336328125000000e+05
1.088346425781250000e+05
1.088336132812500000e+05
1.088342714843750000e+05
1.088342167968750000e+05
1.088363652343750000e+05
1.088351074218750000e+05
1.088345410156250000e+05
1.088344355468750000e+05
1.088331601562500000e+05
1.088329531250000000e+05
1.088329492187500000e+05
1.088331875000000000e+05
1.088325976562500000e+05
1.088325625000000000e+05
1.088328554687500000e+05
1.088322675781250000e+05
1.088333222656250000e+05
1.088327695312500000e+05
1.088325820312500000e+05
1.088329082031250000e+05
1.088326542968750000e+05
1.088325175781250000e+05
1.088323417968750000e+05
1.088329394531250000e+05
1.088323007812500000e+05
1.088329121093750000e+05
1.088327910156250000e+05
1.088319902343750000e+05
1.088320429687500000e+05
1.088319218750000000e+05
1.088311582031250000e+05
1.088312128906250000e+05
1.088310820312500000e+05
1.088317187500000000e+05
1.088320957031250000e+05
1.088309707031250000e+05
1.088304902343750000e+05
1.088303945312500000e+05
1.088326054687500000e+05
1.088306757812500000e+05
1.088308593750000000e+05
1.088307480468750000e+05
1.088307460937500000e+05
