7.778010156250000000e+04
7.706656250000000000e+04
7.646695312500000000e+04
7.596156250000000000e+04
7.553144531250000000e+04
7.516642968750000000e+04
7.485832812500000000e+04
7.460056250000000000e+04
7.438803125000000000e+04
7.421591406250000000e+04
7.407947656250000000e+04
7.397461718750000000e+04
7.389699218750000000e+04
7.384292187500000000e+04
7.380884375000000000e+04
7.379126562500000000e+04
7.378660937500000000e+04
7.379144531250000000e+04
7.380203906250000000e+04
7.381486718750000000e+04
7.382711718750000000e+04
7.383688281250000000e+04
7.384315625000000000e+04
7.384569531250000000e+04
7.384464843750000000e+04
7.384051562500000000e+04
7.383400000000000000e+04
7.382592968750000000e+04
7.381696875000000000e+04
7.380755468750000000e+04
7.379804687500000000e+04
7.378893750000000000e+04
7.378057031250000000e+04
7.377326562500000000e+04
7.376710937500000000e+04
7.376218750000000000e+04
7.375852343750000000e+04
7.375615625000000000e+04
7.375500000000000000e+04
7.375487500000000000e+04
7.375549218750000000e+04
7.375654687500000000e+04
7.375771093750000000e+04
7.375871093750000000e+04
7.375934375000000000e+04
7.375957031250000000e+04
7.375936718750000000e+04
7.375884375000000000e+04
7.375807031250000000e+04
7.375717187500000000e+04
7.375625781250000000e+04
7.375538281250000000e+04
7.375461718750000000e+04
7.375397656250000000e+04
7.375346875000000000e+04
7.375310156250000000e+04
7.375285937500000000e+04
7.375272656250000000e+04
7.375267968750000000e+04
7.375270312500000000e+04
7.375275781250000000e+04
7.375282812500000000e+04
7.375289843750000000e+04
7.375296093750000000e+04
7.375300000000000000e+04
7.375300781250000000e+04
7.375298437500000000e+04
7.375292187500000000e+04
7.375283593750000000e+04
7.375272656250000000e+04
7.375259375000000000e+04
7.375246875000000000e+04
7.375233593750000000e+04
7.375221875000000000e+04
7.375210937500000000e+04
7.375202343750000000e+04
7.375194531250000000e+04
7.375188281250000000e+04
7.375184375000000000e+04
7.375181250000000000e+04
7.375179687500000000e+04
7.375178125000000000e+04
7.375176562500000000e+04
7.375175000000000000e+04
7.375173437500000000e+04
7.375170312500000000e+04
7.375166406250000000e+04
7.375161718750000000e+04
7.375156250000000000e+04
7.375150000000000000e+04
7.375144531250000000e+04
7.375139062500000000e+04
7.375135156250000000e+04
7.375131250000000000e+04
7.375127343750000000e+04
7.375123437500000000e+04
7.375120312500000000e+04
7.375117187500000000e+04
7.375114062500000000e+04
7.375110937500000000e+04
7.375107031250000000e+04
7.375103906250000000e+04
7.375100000000000000e+04
7.375096093750000000e+04
7.375092187500000000e+04
7.375089062500000000e+04
7.375085156250000000e+04
7.375081250000000000e+04
7.375078125000000000e+04
7.375075000000000000e+04
7.375071875000000000e+04
7.375068750000000000e+04
7.375065625000000000e+04
7.375061718750000000e+04
7.375057812500000000e+04
7.375054687500000000e+04
7.375050781250000000e+04
7.375047656250000000e+04
7.375044531250000000e+04
7.375041406250000000e+04
7.375038281250000000e+04
7.375035156250000000e+04
7.375031250000000000e+04
7.375027343750000000e+04
7.375024218750000000e+04
7.375021093750000000e+04
7.375017968750000000e+04
7.375014843750000000e+04
7.375011718750000000e+04
7.375008593750000000e+04
7.375004687500000000e+04
7.375001562500000000e+04
7.374998437500000000e+04
7.374995312500000000e+04
7.374992968750000000e+04
7.374989843750000000e+04
7.374986718750000000e+04
7.374984375000000000e+04
7.374981250000000000e+04
7.374978125000000000e+04
7.374975781250000000e+04
7.374972656250000000e+04
7.374969531250000000e+04
7.374966406250000000e+04
7.374963281250000000e+04
7.374960156250000000e+04
7.374957812500000000e+04
7.374954687500000000e+04
7.374951562500000000e+04
7.374948437500000000e+04
7.374945312500000000e+04
7.374942187500000000e+04
7.374939843750000000e+04
