2.079771289062500000e+05
2.079771289062500000e+05
2.079771289062500000e+05
2.079771289062500000e+05
2.079771289062500000e+05
2.079771289062500000e+05
2.079771289062500000e+05
2.079771289062500000e+05
2.079771289062500000e+05
2.079771289062500000e+05
2.079771289062500000e+05
1.510349082031250000e+05
1.356400781250000000e+05
1.246328242187500000e+05
1.165119257812500000e+05
1.112403613281250000e+05
1.097201054687500000e+05
1.101299785156250000e+05
1.101142207031250000e+05
1.096563066406250000e+05
1.093738476562500000e+05
1.093337128906250000e+05
1.093325664062500000e+05
1.092825039062500000e+05
1.092274609375000000e+05
1.091976640625000000e+05
1.091733320312500000e+05
1.091377089843750000e+05
1.091003476562500000e+05
1.090594042968750000e+05
1.090117695312500000e+05
1.089646074218750000e+05
1.089164550781250000e+05
1.088716757812500000e+05
1.088302988281250000e+05
1.087930625000000000e+05
1.087623144531250000e+05
1.087387050781250000e+05
1.087210488281250000e+05
1.087044316406250000e+05
1.086907539062500000e+05
1.086782265625000000e+05
1.086666113281250000e+05
1.086625585937500000e+05
1.086564453125000000e+05
1.086523339843750000e+05
1.086483203125000000e+05
1.086483066406250000e+05
1.086445566406250000e+05
1.086436425781250000e+05
1.086412285156250000e+05
1.086425800781250000e+05
1.086397753906250000e+05
1.086386132812500000e+05
1.086373398437500000e+05
1.086355976562500000e+05
1.086358320312500000e+05
1.086336210937500000e+05
1.086317890625000000e+05
1.086314257812500000e+05
1.086292265625000000e+05
1.086289238281250000e+05
1.086275937500000000e+05
1.086265683593750000e+05
1.086255273437500000e+05
1.086257128906250000e+05
1.086265585937500000e+05
1.086245957031250000e+05
1.086234628906250000e+05
1.086233125000000000e+05
1.086228437500000000e+05
1.086225937500000000e+05
1.086249667968750000e+05
1.086218828125000000e+05
1.086225839843750000e+05
1.086227578125000000e+05
1.086214667968750000e+05
1.086188027343750000e+05
1.086197128906250000e+05
1.086181484375000000e+05
1.086194648437500000e+05
1.086179140625000000e+05
1.086191230468750000e+05
1.086174140625000000e+05
1.086166230468750000e+05
1.086165175781250000e+05
1.086162832031250000e+05
1.086157910156250000e+05
1.086154062500000000e+05
1.086159375000000000e+05
1.086158632812500000e+05
1.086140117187500000e+05
1.086147011718750000e+05
1.086144179687500000e+05
1.086135449218750000e+05
1.086134062500000000e+05
1.086127207031250000e+05
1.086122421875000000e+05
1.086128789062500000e+05
1.086124804687500000e+05
1.086116386718750000e+05
1.086128261718750000e+05
1.086110449218750000e+05
1.086120097656250000e+05
1.086125019531250000e+05
1.086122988281250000e+05
1.086113437500000000e+05
1.086097207031250000e+05
1.086107988281250000e+05
1.086093867187500000e+05
1.086098359375000000e+05
1.086083710937500000e+05
1.086083632812500000e+05
1.086090761718750000e+05
1.086085898437500000e+05
1.086094863281250000e+05
1.086091894531250000e+05
1.086119042968750000e+05
1.086070234375000000e+05
1.086091171875000000e+05
1.086065839843750000e+05
1.086072539062500000e+05
1.086058574218750000e+05
1.086056406250000000e+05
1.086052949218750000e+05
1.086053730468750000e+05
1.086067167968750000e+05
1.086074003906250000e+05
1.086069765625000000e+05
1.086079746093750000e+05
1.086051699218750000e+05
1.086066757812500000e+05
1.086064707031250000e+05
1.086079238281250000e+05
1.086053847656250000e+05
1.086053574218750000e+05
1.086036718750000000e+05
1.086024316406250000e+05
1.086017714843750000e+05
1.086037988281250000e+05
1.086021601562500000e+05
1.086021660156250000e+05
1.086014277343750000e+05
1.086037089843750000e+05
1.086011562500000000e+05
1.086033574218750000e+05
1.085998203125000000e+05
1.085992656250000000e+05
1.085998554687500000e+05
1.086002773437500000e+05
1.085991093750000000e+05
1.085988417968750000e+05
1.085994765625000000e+05
1.086010156250000000e+05
1.085976269531250000e+05
1.085999101562500000e+05
1.085990976562500000e+05
1.085976113281250000e+05
1.085988144531250000e+05
1.085956914062500000e+05
1.085967070312500000e+05
1.085964687500000000e+05
1.085960312500000000e+05
1.085975664062500000e+05
1.085974296875000000e+05
1.085962226562500000e+05
1.085960019531250000e+05
1.085957695312500000e+05
1.085938242187500000e+05
1.085947929687500000e+05
1.085965332031250000e+05
1.085938281250000000e+05
1.085942421875000000e+05
1.085942558593750000e+05
1.085938320312500000e+05
1.085917460937500000e+05
1.085928398437500000e+05
1.085933222656250000e+05
1.085919472656250000e+05
1.085934472656250000e+05
1.085906796875000000e+05
1.085933964843750000e+05
1.085905195312500000e+05
1.085920468750000000e+05
1.085907187500000000e+05
1.085894531250000000e+05
1.085892617187500000e+05
1.085917070312500000e+05
1.085900175781250000e+05
1.085904960937500000e+05
1.085896718750000000e+05
1.085890136718750000e+05
1.085898066406250000e+05
1.085902617187500000e+05
1.085895820312500000e+05
1.085904746093750000e+05
1.085861367187500000e+05
1.085876074218750000e+05
1.085861367187500000e+05
1.085872832031250000e+05
1.085875292968750000e+05
1.085859277343750000e+05
1.085865019531250000e+05
1.085844296875000000e+05
