8.467473632812500000e+04
8.467473632812500000e+04
8.467473632812500000e+04
8.467473632812500000e+04
8.467473632812500000e+04
8.467473632812500000e+04
8.467473632812500000e+04
8.467473632812500000e+04
8.467473632812500000e+04
8.467473632812500000e+04
8.467473632812500000e+04
8.061258496093750000e+04
7.521821972656250000e+04
7.385897558593750000e+04
7.405634960937500000e+04
7.413972851562500000e+04
7.398092285156250000e+04
7.383498632812500000e+04
7.377798437500000000e+04
7.377515625000000000e+04
7.378294628906250000e+04
7.378310839843750000e+04
7.377738769531250000e+04
7.377182812500000000e+04
7.376928906250000000e+04
7.376878222656250000e+04
7.376871582031250000e+04
7.376840429687500000e+04
7.376774023437500000e+04
7.376730957031250000e+04
7.376690136718750000e+04
7.376662597656250000e+04
7.376643847656250000e+04
7.376602441406250000e+04
7.376574902343750000e+04
7.376542578125000000e+04
7.376517773437500000e+04
7.376511132812500000e+04
7.376478515625000000e+04
7.376447656250000000e+04
7.376433984375000000e+04
7.376411132812500000e+04
7.376402441406250000e+04
7.376394335937500000e+04
7.376370605468750000e+04
7.376365820312500000e+04
7.376372949218750000e+04
7.376330957031250000e+04
7.376327441406250000e+04
7.376330175781250000e+04
7.376305371093750000e+04
7.376298144531250000e+04
7.376277343750000000e+04
7.376265820312500000e+04
7.376255957031250000e+04
7.376279101562500000e+04
7.376227343750000000e+04
7.376213085937500000e+04
7.376200781250000000e+04
7.376194433593750000e+04
7.376189160156250000e+04
7.376170214843750000e+04
7.376154980468750000e+04
7.376138574218750000e+04
7.376154785156250000e+04
7.376118066406250000e+04
7.376134863281250000e+04
7.376127539062500000e+04
7.376091308593750000e+04
7.376094433593750000e+04
7.376094238281250000e+04
7.376078710937500000e+04
7.376064550781250000e+04
7.376044824218750000e+04
7.376042089843750000e+04
7.376021972656250000e+04
7.376062500000000000e+04
7.376019628906250000e+04
7.376034277343750000e+04
7.376017578125000000e+04
7.376018750000000000e+04
7.375975683593750000e+04
7.376031542968750000e+04
7.375970703125000000e+04
