1.371508203125000000e+05
1.290892167968750000e+05
1.237228417968750000e+05
1.194575117187500000e+05
1.158063984375000000e+05
1.127865957031250000e+05
1.107177832031250000e+05
1.096310097656250000e+05
1.093382246093750000e+05
1.093989375000000000e+05
1.094004687500000000e+05
1.092866542968750000e+05
1.092014628906250000e+05
1.091854746093750000e+05
1.091613457031250000e+05
1.091257851562500000e+05
1.091033574218750000e+05
1.090804082031250000e+05
1.090546464843750000e+05
1.090283398437500000e+05
1.090010000000000000e+05
1.089718398437500000e+05
1.089411562500000000e+05
1.089088203125000000e+05
1.088746503906250000e+05
1.088388496093750000e+05
1.087992734375000000e+05
1.087601367187500000e+05
1.087189375000000000e+05
1.086791777343750000e+05
1.086417128906250000e+05
1.086066816406250000e+05
1.085785351562500000e+05
1.085550195312500000e+05
1.085396992187500000e+05
1.085282695312500000e+05
1.085209785156250000e+05
1.085152382812500000e+05
1.085121972656250000e+05
1.085084394531250000e+05
1.085047324218750000e+05
1.085029101562500000e+05
1.085008789062500000e+05
1.084981679687500000e+05
1.084969062500000000e+05
1.084939472656250000e+05
1.084956386718750000e+05
1.084952285156250000e+05
1.084921308593750000e+05
1.084898886718750000e+05
1.084896953125000000e+05
1.084898164062500000e+05
1.084879726562500000e+05
1.084873125000000000e+05
1.084864531250000000e+05
1.084857441406250000e+05
1.084849570312500000e+05
1.084846503906250000e+05
1.084878925781250000e+05
1.084841679687500000e+05
1.084836621093750000e+05
1.084836406250000000e+05
1.084811640625000000e+05
1.084817656250000000e+05
1.084805214843750000e+05
1.084805664062500000e+05
1.084795664062500000e+05
1.084815937500000000e+05
1.084784257812500000e+05
1.084793828125000000e+05
1.084785644531250000e+05
1.084771464843750000e+05
1.084771601562500000e+05
1.084762714843750000e+05
1.084764726562500000e+05
1.084772304687500000e+05
1.084771777343750000e+05
1.084741679687500000e+05
1.084737871093750000e+05
1.084753339843750000e+05
1.084732910156250000e+05
1.084730468750000000e+05
1.084724316406250000e+05
1.084737441406250000e+05
1.084730292968750000e+05
1.084723984375000000e+05
1.084716093750000000e+05
1.084709648437500000e+05
1.084694492187500000e+05
1.084706308593750000e+05
1.084703398437500000e+05
1.084689238281250000e+05
1.084692167968750000e+05
1.084693496093750000e+05
1.084698046875000000e+05
1.084680957031250000e+05
1.084686718750000000e+05
1.084667792968750000e+05
1.084671328125000000e+05
1.084677695312500000e+05
1.084671718750000000e+05
1.084685898437500000e+05
1.084661601562500000e+05
1.084662324218750000e+05
1.084665566406250000e+05
1.084658515625000000e+05
1.084670683593750000e+05
1.084667148437500000e+05
1.084673261718750000e+05
1.084658574218750000e+05
1.084655253906250000e+05
1.084652890625000000e+05
1.084638183593750000e+05
1.084653613281250000e+05
1.084642441406250000e+05
1.084641523437500000e+05
1.084629511718750000e+05
1.084630585937500000e+05
1.084630371093750000e+05
1.084619863281250000e+05
1.084615175781250000e+05
1.084623710937500000e+05
1.084612832031250000e+05
1.084604941406250000e+05
1.084614746093750000e+05
1.084621738281250000e+05
1.084608925781250000e+05
1.084604335937500000e+05
1.084612832031250000e+05
1.084601308593750000e+05
1.084623457031250000e+05
