2022-01-24 14:06:04,019:INFO:All directories created, ready to load the data
2022-01-24 14:06:04,043:INFO:Dataset loaded from /data/theorie/jthoeve/event_generation/events_high_stats/pT/lin/cHW/events_28.npy
2022-01-24 14:06:04,055:INFO:Dataset loaded from /data/theorie/jthoeve/event_generation/events_high_stats/pT/sm/events_28.npy
2022-01-24 14:06:06,542:INFO:Epoch 1, Training loss 141836.302734375, Validation loss 135924.123046875
2022-01-24 14:06:09,022:INFO:Epoch 2, Training loss 132514.48828125, Validation loss 127686.71875
2022-01-24 14:06:11,479:INFO:Epoch 3, Training loss 124913.892578125, Validation loss 121015.16796875
2022-01-24 14:06:13,971:INFO:Epoch 4, Training loss 118830.26171875, Validation loss 115777.71484375
2022-01-24 14:06:16,435:INFO:Epoch 5, Training loss 114222.40234375, Validation loss 112138.603515625
2022-01-24 14:06:18,902:INFO:Epoch 6, Training loss 111192.091796875, Validation loss 109967.681640625
2022-01-24 14:06:21,368:INFO:Epoch 7, Training loss 109616.619140625, Validation loss 109284.669921875
2022-01-24 14:06:23,859:INFO:Epoch 8, Training loss 109372.1484375, Validation loss 109462.888671875
2022-01-24 14:06:26,332:INFO:Epoch 9, Training loss 109541.650390625, Validation loss 109502.326171875
2022-01-24 14:06:28,782:INFO:Epoch 10, Training loss 109462.98046875, Validation loss 109305.677734375
2022-01-24 14:06:31,264:INFO:Epoch 11, Training loss 109272.4765625, Validation loss 109173.962890625
2022-01-24 14:06:33,751:INFO:Epoch 12, Training loss 109199.974609375, Validation loss 109171.037109375
2022-01-24 14:06:36,238:INFO:Epoch 13, Training loss 109201.412109375, Validation loss 109156.25390625
2022-01-24 14:06:38,685:INFO:Epoch 14, Training loss 109167.005859375, Validation loss 109108.923828125
2022-01-24 14:06:41,184:INFO:Epoch 15, Training loss 109124.771484375, Validation loss 109079.96875
2022-01-24 14:06:43,640:INFO:Epoch 16, Training loss 109100.46875, Validation loss 109061.40234375
2022-01-24 14:06:46,166:INFO:Epoch 17, Training loss 109077.337890625, Validation loss 109036.810546875
2022-01-24 14:06:48,610:INFO:Epoch 18, Training loss 109052.720703125, Validation loss 109015.96875
2022-01-24 14:06:51,098:INFO:Epoch 19, Training loss 109030.16015625, Validation loss 108993.205078125
2022-01-24 14:06:53,550:INFO:Epoch 20, Training loss 109006.216796875, Validation loss 108970.048828125
2022-01-24 14:06:56,051:INFO:Epoch 21, Training loss 108981.1875, Validation loss 108946.173828125
2022-01-24 14:06:58,512:INFO:Epoch 22, Training loss 108955.09765625, Validation loss 108921.365234375
2022-01-24 14:07:00,993:INFO:Epoch 23, Training loss 108928.8125, Validation loss 108895.115234375
2022-01-24 14:07:03,469:INFO:Epoch 24, Training loss 108899.427734375, Validation loss 108867.896484375
2022-01-24 14:07:05,976:INFO:Epoch 25, Training loss 108868.9140625, Validation loss 108839.255859375
2022-01-24 14:07:08,447:INFO:Epoch 26, Training loss 108837.53125, Validation loss 108808.2109375
2022-01-24 14:07:10,909:INFO:Epoch 27, Training loss 108800.8984375, Validation loss 108773.681640625
2022-01-24 14:07:13,386:INFO:Epoch 28, Training loss 108761.900390625, Validation loss 108736.3828125
2022-01-24 14:07:15,887:INFO:Epoch 29, Training loss 108720.1796875, Validation loss 108698.017578125
2022-01-24 14:07:18,371:INFO:Epoch 30, Training loss 108676.40234375, Validation loss 108659.2890625
2022-01-24 14:07:20,832:INFO:Epoch 31, Training loss 108634.552734375, Validation loss 108620.67578125
2022-01-24 14:07:23,331:INFO:Epoch 32, Training loss 108592.26171875, Validation loss 108588.521484375
2022-01-24 14:07:25,820:INFO:Epoch 33, Training loss 108555.4453125, Validation loss 108562.83984375
2022-01-24 14:07:28,318:INFO:Epoch 34, Training loss 108524.8515625, Validation loss 108544.818359375
2022-01-24 14:07:30,768:INFO:Epoch 35, Training loss 108504.794921875, Validation loss 108535.642578125
2022-01-24 14:07:33,262:INFO:Epoch 36, Training loss 108492.158203125, Validation loss 108529.54296875
2022-01-24 14:07:35,711:INFO:Epoch 37, Training loss 108484.716796875, Validation loss 108523.76953125
2022-01-24 14:07:38,237:INFO:Epoch 38, Training loss 108476.919921875, Validation loss 108518.68359375
2022-01-24 14:07:40,693:INFO:Epoch 39, Training loss 108471.8046875, Validation loss 108514.205078125
2022-01-24 14:07:43,181:INFO:Epoch 40, Training loss 108467.109375, Validation loss 108514.05859375
2022-01-24 14:07:45,647:INFO:Epoch 41, Training loss 108463.587890625, Validation loss 108510.443359375
2022-01-24 14:07:48,163:INFO:Epoch 42, Training loss 108461.451171875, Validation loss 108511.2578125
2022-01-24 14:07:50,633:INFO:Epoch 43, Training loss 108458.298828125, Validation loss 108509.337890625
2022-01-24 14:07:53,102:INFO:Epoch 44, Training loss 108456.484375, Validation loss 108507.986328125
2022-01-24 14:07:55,581:INFO:Epoch 45, Training loss 108454.2734375, Validation loss 108508.181640625
2022-01-24 14:07:58,095:INFO:Epoch 46, Training loss 108452.384765625, Validation loss 108507.451171875
2022-01-24 14:08:00,577:INFO:Epoch 47, Training loss 108450.77734375, Validation loss 108507.109375
2022-01-24 14:08:03,054:INFO:Epoch 48, Training loss 108451.3671875, Validation loss 108507.18359375
2022-01-24 14:08:05,550:INFO:Epoch 49, Training loss 108450.125, Validation loss 108506.509765625
2022-01-24 14:08:08,059:INFO:Epoch 50, Training loss 108447.623046875, Validation loss 108506.576171875
2022-01-24 14:08:10,550:INFO:Epoch 51, Training loss 108447.541015625, Validation loss 108504.314453125
2022-01-24 14:08:13,013:INFO:Epoch 52, Training loss 108445.431640625, Validation loss 108504.416015625
2022-01-24 14:08:15,511:INFO:Epoch 53, Training loss 108442.978515625, Validation loss 108506.078125
2022-01-24 14:08:18,002:INFO:Epoch 54, Training loss 108442.876953125, Validation loss 108504.166015625
2022-01-24 14:08:20,514:INFO:Epoch 55, Training loss 108441.623046875, Validation loss 108504.083984375
2022-01-24 14:08:22,968:INFO:Epoch 56, Training loss 108440.529296875, Validation loss 108503.978515625
2022-01-24 14:08:25,477:INFO:Epoch 57, Training loss 108439.7109375, Validation loss 108503.201171875
2022-01-24 14:08:27,942:INFO:Epoch 58, Training loss 108438.4921875, Validation loss 108505.044921875
2022-01-24 14:08:30,476:INFO:Epoch 59, Training loss 108437.619140625, Validation loss 108504.150390625
2022-01-24 14:08:32,939:INFO:Epoch 60, Training loss 108440.099609375, Validation loss 108503.916015625
2022-01-24 14:08:35,432:INFO:Epoch 61, Training loss 108439.54296875, Validation loss 108504.658203125
2022-01-24 14:08:37,899:INFO:Epoch 62, Training loss 108437.56640625, Validation loss 108502.69921875
2022-01-24 14:08:40,419:INFO:Epoch 63, Training loss 108437.943359375, Validation loss 108502.560546875
2022-01-24 14:08:42,886:INFO:Epoch 64, Training loss 108435.818359375, Validation loss 108502.587890625
2022-01-24 14:08:45,356:INFO:Epoch 65, Training loss 108434.7734375, Validation loss 108502.689453125
2022-01-24 14:08:47,827:INFO:Epoch 66, Training loss 108433.90625, Validation loss 108500.919921875
2022-01-24 14:08:50,329:INFO:Epoch 67, Training loss 108433.15625, Validation loss 108502.888671875
2022-01-24 14:08:52,804:INFO:Epoch 68, Training loss 108432.462890625, Validation loss 108502.533203125
2022-01-24 14:08:55,268:INFO:Epoch 69, Training loss 108431.275390625, Validation loss 108502.212890625
2022-01-24 14:08:57,757:INFO:Epoch 70, Training loss 108431.41796875, Validation loss 108501.681640625
2022-01-24 14:09:00,251:INFO:Epoch 71, Training loss 108430.744140625, Validation loss 108502.171875
2022-01-24 14:09:02,737:INFO:Epoch 72, Training loss 108429.251953125, Validation loss 108501.259765625
2022-01-24 14:09:05,189:INFO:Epoch 73, Training loss 108428.974609375, Validation loss 108503.0390625
2022-01-24 14:09:07,704:INFO:Epoch 74, Training loss 108429.697265625, Validation loss 108500.5625
2022-01-24 14:09:10,193:INFO:Epoch 75, Training loss 108427.044921875, Validation loss 108504.099609375
2022-01-24 14:09:12,682:INFO:Epoch 76, Training loss 108427.62109375, Validation loss 108499.951171875
2022-01-24 14:09:15,121:INFO:Epoch 77, Training loss 108427.478515625, Validation loss 108503.078125
2022-01-24 14:09:17,630:INFO:Epoch 78, Training loss 108426.951171875, Validation loss 108503.84375
2022-01-24 14:09:20,086:INFO:Epoch 79, Training loss 108424.599609375, Validation loss 108502.205078125
2022-01-24 14:09:22,613:INFO:Epoch 80, Training loss 108423.96875, Validation loss 108499.341796875
2022-01-24 14:09:25,067:INFO:Epoch 81, Training loss 108425.82421875, Validation loss 108501.525390625
2022-01-24 14:09:27,561:INFO:Epoch 82, Training loss 108424.35546875, Validation loss 108500.560546875
2022-01-24 14:09:30,042:INFO:Epoch 83, Training loss 108423.412109375, Validation loss 108501.296875
2022-01-24 14:09:32,566:INFO:Epoch 84, Training loss 108425.939453125, Validation loss 108501.181640625
2022-01-24 14:09:35,040:INFO:Epoch 85, Training loss 108426.00390625, Validation loss 108500.85546875
2022-01-24 14:09:37,542:INFO:Epoch 86, Training loss 108426.369140625, Validation loss 108505.158203125
2022-01-24 14:09:40,028:INFO:Epoch 87, Training loss 108425.1953125, Validation loss 108499.2578125
2022-01-24 14:09:42,544:INFO:Epoch 88, Training loss 108422.017578125, Validation loss 108505.62109375
2022-01-24 14:09:45,034:INFO:Epoch 89, Training loss 108422.7890625, Validation loss 108500.2578125
2022-01-24 14:09:47,525:INFO:Epoch 90, Training loss 108422.408203125, Validation loss 108501.955078125
2022-01-24 14:09:50,024:INFO:Epoch 91, Training loss 108420.357421875, Validation loss 108498.751953125
2022-01-24 14:09:52,554:INFO:Epoch 92, Training loss 108422.2265625, Validation loss 108499.642578125
2022-01-24 14:09:55,046:INFO:Epoch 93, Training loss 108419.86328125, Validation loss 108502.689453125
2022-01-24 14:09:57,522:INFO:Epoch 94, Training loss 108421.201171875, Validation loss 108502.240234375
2022-01-24 14:10:00,021:INFO:Epoch 95, Training loss 108418.75390625, Validation loss 108499.84765625
2022-01-24 14:10:02,527:INFO:Epoch 96, Training loss 108417.841796875, Validation loss 108500.599609375
2022-01-24 14:10:05,042:INFO:Epoch 97, Training loss 108417.208984375, Validation loss 108499.970703125
2022-01-24 14:10:07,506:INFO:Epoch 98, Training loss 108419.3828125, Validation loss 108502.787109375
2022-01-24 14:10:10,014:INFO:Epoch 99, Training loss 108418.080078125, Validation loss 108501.83203125
2022-01-24 14:10:12,484:INFO:Epoch 100, Training loss 108417.3984375, Validation loss 108503.37109375
2022-01-24 14:10:15,028:INFO:Epoch 101, Training loss 108417.748046875, Validation loss 108500.43359375
2022-01-24 14:10:17,497:INFO:Epoch 102, Training loss 108415.982421875, Validation loss 108500.74609375
2022-01-24 14:10:19,996:INFO:Epoch 103, Training loss 108418.96484375, Validation loss 108500.724609375
2022-01-24 14:10:22,470:INFO:Epoch 104, Training loss 108418.42578125, Validation loss 108502.5
2022-01-24 14:10:25,003:INFO:Epoch 105, Training loss 108416.416015625, Validation loss 108500.705078125
2022-01-24 14:10:27,481:INFO:Epoch 106, Training loss 108415.365234375, Validation loss 108501.05078125
2022-01-24 14:10:29,974:INFO:Epoch 107, Training loss 108416.740234375, Validation loss 108499.451171875
2022-01-24 14:10:32,456:INFO:Epoch 108, Training loss 108419.931640625, Validation loss 108501.6328125
2022-01-24 14:10:34,975:INFO:Epoch 109, Training loss 108420.26171875, Validation loss 108504.830078125
2022-01-24 14:10:37,432:INFO:Epoch 110, Training loss 108415.83203125, Validation loss 108499.884765625
2022-01-24 14:10:39,831:INFO:Epoch 111, Training loss 108417.296875, Validation loss 108505.24609375
2022-01-24 14:10:42,242:INFO:Epoch 112, Training loss 108413.5078125, Validation loss 108500.1328125
2022-01-24 14:10:44,667:INFO:Epoch 113, Training loss 108413.576171875, Validation loss 108502.2265625
2022-01-24 14:10:47,081:INFO:Epoch 114, Training loss 108413.240234375, Validation loss 108500.03125
2022-01-24 14:10:49,473:INFO:Epoch 115, Training loss 108413.2890625, Validation loss 108505.4140625
2022-01-24 14:10:51,887:INFO:Epoch 116, Training loss 108413.98046875, Validation loss 108499.517578125
2022-01-24 14:10:54,295:INFO:Epoch 117, Training loss 108415.396484375, Validation loss 108500.705078125
2022-01-24 14:10:56,711:INFO:Epoch 118, Training loss 108412.498046875, Validation loss 108501.142578125
2022-01-24 14:10:59,089:INFO:Epoch 119, Training loss 108412.994140625, Validation loss 108500.63671875
2022-01-24 14:11:01,512:INFO:Epoch 120, Training loss 108412.87109375, Validation loss 108504.376953125
2022-01-24 14:11:03,897:INFO:Epoch 121, Training loss 108411.63671875, Validation loss 108500.4921875
2022-01-24 14:11:06,354:INFO:Epoch 122, Training loss 108411.517578125, Validation loss 108501.9375
2022-01-24 14:11:08,742:INFO:Epoch 123, Training loss 108411.169921875, Validation loss 108501.77734375
2022-01-24 14:11:11,164:INFO:Epoch 124, Training loss 108410.193359375, Validation loss 108501.3359375
2022-01-24 14:11:13,556:INFO:Epoch 125, Training loss 108410.1640625, Validation loss 108500.37109375
2022-01-24 14:11:15,999:INFO:Epoch 126, Training loss 108410.44140625, Validation loss 108501.673828125
2022-01-24 14:11:18,400:INFO:Epoch 127, Training loss 108411.234375, Validation loss 108505.9765625
2022-01-24 14:11:20,806:INFO:Epoch 128, Training loss 108413.06640625, Validation loss 108500.27734375
2022-01-24 14:11:23,206:INFO:Epoch 129, Training loss 108411.048828125, Validation loss 108501.08984375
2022-01-24 14:11:25,639:INFO:Epoch 130, Training loss 108409.830078125, Validation loss 108500.6328125
2022-01-24 14:11:28,038:INFO:Epoch 131, Training loss 108411.765625, Validation loss 108506.419921875
2022-01-24 14:11:30,436:INFO:Epoch 132, Training loss 108410.59375, Validation loss 108503.150390625
2022-01-24 14:11:32,852:INFO:Epoch 133, Training loss 108413.337890625, Validation loss 108503.228515625
2022-01-24 14:11:35,278:INFO:Epoch 134, Training loss 108411.4375, Validation loss 108504.76953125
2022-01-24 14:11:37,698:INFO:Epoch 135, Training loss 108412.193359375, Validation loss 108504.599609375
2022-01-24 14:11:40,077:INFO:Epoch 136, Training loss 108415.734375, Validation loss 108505.181640625
2022-01-24 14:11:42,493:INFO:Epoch 137, Training loss 108409.05859375, Validation loss 108501.556640625
2022-01-24 14:11:44,909:INFO:Epoch 138, Training loss 108408.806640625, Validation loss 108504.126953125
2022-01-24 14:11:47,327:INFO:Epoch 139, Training loss 108410.76953125, Validation loss 108502.947265625
2022-01-24 14:11:49,707:INFO:Epoch 140, Training loss 108407.39453125, Validation loss 108504.095703125
2022-01-24 14:11:52,135:INFO:Epoch 141, Training loss 108407.9375, Validation loss 108503.646484375
2022-01-24 14:11:52,143:INFO:Finished training
