2022-01-24 14:06:03,615:INFO:All directories created, ready to load the data
2022-01-24 14:06:03,708:INFO:Dataset loaded from /data/theorie/jthoeve/event_generation/events_high_stats/pT/lin/cHW/events_24.npy
2022-01-24 14:06:03,717:INFO:Dataset loaded from /data/theorie/jthoeve/event_generation/events_high_stats/pT/sm/events_24.npy
2022-01-24 14:06:06,216:INFO:Epoch 1, Training loss 131452.865234375, Validation loss 126619.708984375
2022-01-24 14:06:08,664:INFO:Epoch 2, Training loss 124087.341796875, Validation loss 120721.646484375
2022-01-24 14:06:11,103:INFO:Epoch 3, Training loss 118953.85546875, Validation loss 116581.412109375
2022-01-24 14:06:13,571:INFO:Epoch 4, Training loss 115304.052734375, Validation loss 113553.314453125
2022-01-24 14:06:16,010:INFO:Epoch 5, Training loss 112604.322265625, Validation loss 111317.18359375
2022-01-24 14:06:18,450:INFO:Epoch 6, Training loss 110658.37890625, Validation loss 109840.80078125
2022-01-24 14:06:20,894:INFO:Epoch 7, Training loss 109612.607421875, Validation loss 109449.81640625
2022-01-24 14:06:23,354:INFO:Epoch 8, Training loss 109520.076171875, Validation loss 109600.796875
2022-01-24 14:06:25,811:INFO:Epoch 9, Training loss 109602.8046875, Validation loss 109529.740234375
2022-01-24 14:06:28,239:INFO:Epoch 10, Training loss 109468.279296875, Validation loss 109359.30078125
2022-01-24 14:06:30,698:INFO:Epoch 11, Training loss 109328.783203125, Validation loss 109278.05859375
2022-01-24 14:06:33,161:INFO:Epoch 12, Training loss 109284.029296875, Validation loss 109266.974609375
2022-01-24 14:06:35,623:INFO:Epoch 13, Training loss 109270.583984375, Validation loss 109241.796875
2022-01-24 14:06:38,039:INFO:Epoch 14, Training loss 109236.0234375, Validation loss 109201.77734375
2022-01-24 14:06:40,499:INFO:Epoch 15, Training loss 109198.185546875, Validation loss 109170.662109375
2022-01-24 14:06:42,917:INFO:Epoch 16, Training loss 109168.96484375, Validation loss 109145.7890625
2022-01-24 14:06:45,407:INFO:Epoch 17, Training loss 109142.62109375, Validation loss 109117.90625
2022-01-24 14:06:47,833:INFO:Epoch 18, Training loss 109113.501953125, Validation loss 109087.896484375
2022-01-24 14:06:50,297:INFO:Epoch 19, Training loss 109082.978515625, Validation loss 109058.107421875
2022-01-24 14:06:52,730:INFO:Epoch 20, Training loss 109051.224609375, Validation loss 109025.728515625
2022-01-24 14:06:55,221:INFO:Epoch 21, Training loss 109017.3984375, Validation loss 108990.873046875
2022-01-24 14:06:57,658:INFO:Epoch 22, Training loss 108980.66796875, Validation loss 108953.93359375
2022-01-24 14:07:00,185:INFO:Epoch 23, Training loss 108942.798828125, Validation loss 108912.94140625
2022-01-24 14:07:02,633:INFO:Epoch 24, Training loss 108900.548828125, Validation loss 108869.07421875
2022-01-24 14:07:05,110:INFO:Epoch 25, Training loss 108855.265625, Validation loss 108823.736328125
2022-01-24 14:07:07,558:INFO:Epoch 26, Training loss 108808.9375, Validation loss 108777.064453125
2022-01-24 14:07:10,010:INFO:Epoch 27, Training loss 108764.849609375, Validation loss 108732.962890625
2022-01-24 14:07:12,465:INFO:Epoch 28, Training loss 108723.322265625, Validation loss 108696.609375
2022-01-24 14:07:14,930:INFO:Epoch 29, Training loss 108691.44921875, Validation loss 108668.9609375
2022-01-24 14:07:17,392:INFO:Epoch 30, Training loss 108669.6953125, Validation loss 108649.84375
2022-01-24 14:07:19,818:INFO:Epoch 31, Training loss 108651.375, Validation loss 108638.00390625
2022-01-24 14:07:22,281:INFO:Epoch 32, Training loss 108641.9140625, Validation loss 108629.298828125
2022-01-24 14:07:24,738:INFO:Epoch 33, Training loss 108634.818359375, Validation loss 108623.966796875
2022-01-24 14:07:27,195:INFO:Epoch 34, Training loss 108628.865234375, Validation loss 108620.021484375
2022-01-24 14:07:29,604:INFO:Epoch 35, Training loss 108623.958984375, Validation loss 108618.00390625
2022-01-24 14:07:32,069:INFO:Epoch 36, Training loss 108621.767578125, Validation loss 108617.560546875
2022-01-24 14:07:34,490:INFO:Epoch 37, Training loss 108619.037109375, Validation loss 108615.548828125
2022-01-24 14:07:36,986:INFO:Epoch 38, Training loss 108618.068359375, Validation loss 108614.89453125
2022-01-24 14:07:39,414:INFO:Epoch 39, Training loss 108613.08984375, Validation loss 108612.814453125
2022-01-24 14:07:41,881:INFO:Epoch 40, Training loss 108612.134765625, Validation loss 108612.212890625
2022-01-24 14:07:44,313:INFO:Epoch 41, Training loss 108610.359375, Validation loss 108610.466796875
2022-01-24 14:07:46,789:INFO:Epoch 42, Training loss 108608.47265625, Validation loss 108609.59375
2022-01-24 14:07:49,236:INFO:Epoch 43, Training loss 108607.31640625, Validation loss 108608.072265625
2022-01-24 14:07:51,678:INFO:Epoch 44, Training loss 108607.5546875, Validation loss 108607.099609375
2022-01-24 14:07:54,127:INFO:Epoch 45, Training loss 108605.400390625, Validation loss 108605.2421875
2022-01-24 14:07:56,612:INFO:Epoch 46, Training loss 108604.11328125, Validation loss 108604.470703125
2022-01-24 14:07:59,057:INFO:Epoch 47, Training loss 108602.568359375, Validation loss 108603.48046875
2022-01-24 14:08:01,496:INFO:Epoch 48, Training loss 108600.740234375, Validation loss 108603.25
2022-01-24 14:08:03,944:INFO:Epoch 49, Training loss 108600.375, Validation loss 108602.892578125
2022-01-24 14:08:06,420:INFO:Epoch 50, Training loss 108599.810546875, Validation loss 108602.470703125
2022-01-24 14:08:08,882:INFO:Epoch 51, Training loss 108598.30078125, Validation loss 108601.4453125
2022-01-24 14:08:11,319:INFO:Epoch 52, Training loss 108596.712890625, Validation loss 108600.767578125
2022-01-24 14:08:13,793:INFO:Epoch 53, Training loss 108596.796875, Validation loss 108599.71484375
2022-01-24 14:08:16,256:INFO:Epoch 54, Training loss 108595.728515625, Validation loss 108599.8671875
2022-01-24 14:08:18,730:INFO:Epoch 55, Training loss 108596.537109375, Validation loss 108598.064453125
2022-01-24 14:08:21,155:INFO:Epoch 56, Training loss 108594.615234375, Validation loss 108598.40234375
2022-01-24 14:08:23,631:INFO:Epoch 57, Training loss 108593.48046875, Validation loss 108597.396484375
2022-01-24 14:08:26,057:INFO:Epoch 58, Training loss 108593.669921875, Validation loss 108596.947265625
2022-01-24 14:08:28,550:INFO:Epoch 59, Training loss 108592.1484375, Validation loss 108596.1796875
2022-01-24 14:08:30,982:INFO:Epoch 60, Training loss 108591.533203125, Validation loss 108595.951171875
2022-01-24 14:08:33,434:INFO:Epoch 61, Training loss 108590.56640625, Validation loss 108594.90625
2022-01-24 14:08:35,873:INFO:Epoch 62, Training loss 108590.66015625, Validation loss 108594.51171875
2022-01-24 14:08:38,366:INFO:Epoch 63, Training loss 108589.978515625, Validation loss 108594.111328125
2022-01-24 14:08:40,807:INFO:Epoch 64, Training loss 108589.380859375, Validation loss 108594.32421875
2022-01-24 14:08:43,264:INFO:Epoch 65, Training loss 108589.126953125, Validation loss 108594.71875
2022-01-24 14:08:45,716:INFO:Epoch 66, Training loss 108592.5234375, Validation loss 108594.255859375
2022-01-24 14:08:48,191:INFO:Epoch 67, Training loss 108591.126953125, Validation loss 108593.859375
2022-01-24 14:08:50,644:INFO:Epoch 68, Training loss 108589.6328125, Validation loss 108593.015625
2022-01-24 14:08:53,090:INFO:Epoch 69, Training loss 108586.32421875, Validation loss 108592.12109375
2022-01-24 14:08:55,552:INFO:Epoch 70, Training loss 108585.51171875, Validation loss 108591.25390625
2022-01-24 14:08:58,024:INFO:Epoch 71, Training loss 108585.298828125, Validation loss 108591.474609375
2022-01-24 14:09:00,485:INFO:Epoch 72, Training loss 108585.091796875, Validation loss 108591.3671875
2022-01-24 14:09:02,907:INFO:Epoch 73, Training loss 108584.484375, Validation loss 108591.234375
2022-01-24 14:09:05,372:INFO:Epoch 74, Training loss 108583.638671875, Validation loss 108591.572265625
2022-01-24 14:09:07,832:INFO:Epoch 75, Training loss 108586.73828125, Validation loss 108591.302734375
2022-01-24 14:09:10,302:INFO:Epoch 76, Training loss 108585.119140625, Validation loss 108590.599609375
2022-01-24 14:09:12,726:INFO:Epoch 77, Training loss 108582.111328125, Validation loss 108589.8125
2022-01-24 14:09:15,201:INFO:Epoch 78, Training loss 108581.267578125, Validation loss 108590.08203125
2022-01-24 14:09:17,632:INFO:Epoch 79, Training loss 108582.056640625, Validation loss 108590.240234375
2022-01-24 14:09:20,129:INFO:Epoch 80, Training loss 108580.806640625, Validation loss 108590.51171875
2022-01-24 14:09:22,557:INFO:Epoch 81, Training loss 108580.896484375, Validation loss 108589.8046875
2022-01-24 14:09:25,017:INFO:Epoch 82, Training loss 108582.462890625, Validation loss 108590.4609375
2022-01-24 14:09:27,452:INFO:Epoch 83, Training loss 108582.3671875, Validation loss 108589.87109375
2022-01-24 14:09:29,945:INFO:Epoch 84, Training loss 108580.697265625, Validation loss 108588.806640625
2022-01-24 14:09:32,391:INFO:Epoch 85, Training loss 108580.9140625, Validation loss 108591.599609375
2022-01-24 14:09:34,856:INFO:Epoch 86, Training loss 108579.140625, Validation loss 108588.29296875
2022-01-24 14:09:37,323:INFO:Epoch 87, Training loss 108578.23828125, Validation loss 108588.845703125
2022-01-24 14:09:39,811:INFO:Epoch 88, Training loss 108579.330078125, Validation loss 108588.552734375
2022-01-24 14:09:42,276:INFO:Epoch 89, Training loss 108576.767578125, Validation loss 108588.24609375
2022-01-24 14:09:44,732:INFO:Epoch 90, Training loss 108577.205078125, Validation loss 108588.107421875
2022-01-24 14:09:47,186:INFO:Epoch 91, Training loss 108575.724609375, Validation loss 108588.083984375
2022-01-24 14:09:49,674:INFO:Epoch 92, Training loss 108576.419921875, Validation loss 108588.142578125
2022-01-24 14:09:52,145:INFO:Epoch 93, Training loss 108577.873046875, Validation loss 108589.5625
2022-01-24 14:09:54,593:INFO:Epoch 94, Training loss 108574.9765625, Validation loss 108589.31640625
2022-01-24 14:09:57,066:INFO:Epoch 95, Training loss 108575.748046875, Validation loss 108588.234375
2022-01-24 14:09:59,536:INFO:Epoch 96, Training loss 108575.310546875, Validation loss 108588.875
2022-01-24 14:10:02,017:INFO:Epoch 97, Training loss 108576.330078125, Validation loss 108588.166015625
2022-01-24 14:10:04,452:INFO:Epoch 98, Training loss 108573.09765625, Validation loss 108587.78515625
2022-01-24 14:10:06,937:INFO:Epoch 99, Training loss 108574.169921875, Validation loss 108588.05078125
2022-01-24 14:10:09,376:INFO:Epoch 100, Training loss 108572.19140625, Validation loss 108588.0859375
2022-01-24 14:10:11,896:INFO:Epoch 101, Training loss 108575.017578125, Validation loss 108587.5234375
2022-01-24 14:10:14,345:INFO:Epoch 102, Training loss 108571.759765625, Validation loss 108588.37109375
2022-01-24 14:10:16,820:INFO:Epoch 103, Training loss 108575.140625, Validation loss 108586.818359375
2022-01-24 14:10:19,268:INFO:Epoch 104, Training loss 108572.896484375, Validation loss 108589.791015625
2022-01-24 14:10:21,767:INFO:Epoch 105, Training loss 108570.076171875, Validation loss 108589.12890625
2022-01-24 14:10:24,223:INFO:Epoch 106, Training loss 108575.458984375, Validation loss 108590.9609375
2022-01-24 14:10:26,683:INFO:Epoch 107, Training loss 108569.693359375, Validation loss 108590.375
2022-01-24 14:10:29,149:INFO:Epoch 108, Training loss 108571.44140625, Validation loss 108587.65625
2022-01-24 14:10:31,640:INFO:Epoch 109, Training loss 108568.927734375, Validation loss 108588.232421875
2022-01-24 14:10:34,105:INFO:Epoch 110, Training loss 108568.216796875, Validation loss 108589.373046875
2022-01-24 14:10:36,552:INFO:Epoch 111, Training loss 108568.53125, Validation loss 108589.064453125
2022-01-24 14:10:39,021:INFO:Epoch 112, Training loss 108567.935546875, Validation loss 108588.61328125
2022-01-24 14:10:41,510:INFO:Epoch 113, Training loss 108567.55078125, Validation loss 108589.134765625
2022-01-24 14:10:43,984:INFO:Epoch 114, Training loss 108567.169921875, Validation loss 108590.291015625
2022-01-24 14:10:46,427:INFO:Epoch 115, Training loss 108567.830078125, Validation loss 108589.611328125
2022-01-24 14:10:48,906:INFO:Epoch 116, Training loss 108566.119140625, Validation loss 108589.224609375
2022-01-24 14:10:51,379:INFO:Epoch 117, Training loss 108565.890625, Validation loss 108589.26171875
2022-01-24 14:10:53,863:INFO:Epoch 118, Training loss 108566.234375, Validation loss 108591.556640625
2022-01-24 14:10:56,302:INFO:Epoch 119, Training loss 108565.279296875, Validation loss 108589.4375
2022-01-24 14:10:58,791:INFO:Epoch 120, Training loss 108567.369140625, Validation loss 108590.970703125
2022-01-24 14:11:01,235:INFO:Epoch 121, Training loss 108564.560546875, Validation loss 108589.904296875
2022-01-24 14:11:03,755:INFO:Epoch 122, Training loss 108566.109375, Validation loss 108590.22265625
2022-01-24 14:11:06,212:INFO:Epoch 123, Training loss 108565.65234375, Validation loss 108589.833984375
2022-01-24 14:11:08,687:INFO:Epoch 124, Training loss 108564.802734375, Validation loss 108590.1640625
2022-01-24 14:11:11,140:INFO:Epoch 125, Training loss 108564.27734375, Validation loss 108590.572265625
2022-01-24 14:11:13,640:INFO:Epoch 126, Training loss 108565.3359375, Validation loss 108589.91015625
2022-01-24 14:11:16,091:INFO:Epoch 127, Training loss 108567.2890625, Validation loss 108591.5
2022-01-24 14:11:18,557:INFO:Epoch 128, Training loss 108564.203125, Validation loss 108592.052734375
2022-01-24 14:11:21,017:INFO:Epoch 129, Training loss 108565.681640625, Validation loss 108589.47265625
2022-01-24 14:11:23,586:INFO:Epoch 130, Training loss 108561.890625, Validation loss 108591.828125
2022-01-24 14:11:26,055:INFO:Epoch 131, Training loss 108562.078125, Validation loss 108589.283203125
2022-01-24 14:11:28,509:INFO:Epoch 132, Training loss 108560.755859375, Validation loss 108590.404296875
2022-01-24 14:11:30,982:INFO:Epoch 133, Training loss 108562.82421875, Validation loss 108591.5546875
2022-01-24 14:11:33,473:INFO:Epoch 134, Training loss 108560.380859375, Validation loss 108590.638671875
2022-01-24 14:11:35,944:INFO:Epoch 135, Training loss 108559.67578125, Validation loss 108590.55859375
2022-01-24 14:11:38,399:INFO:Epoch 136, Training loss 108562.3359375, Validation loss 108591.224609375
2022-01-24 14:11:40,878:INFO:Epoch 137, Training loss 108559.361328125, Validation loss 108591.8359375
2022-01-24 14:11:43,352:INFO:Epoch 138, Training loss 108563.462890625, Validation loss 108592.380859375
2022-01-24 14:11:45,832:INFO:Epoch 139, Training loss 108558.22265625, Validation loss 108592.935546875
2022-01-24 14:11:48,262:INFO:Epoch 140, Training loss 108560.3359375, Validation loss 108590.576171875
2022-01-24 14:11:50,747:INFO:Epoch 141, Training loss 108561.17578125, Validation loss 108593.064453125
2022-01-24 14:11:53,183:INFO:Epoch 142, Training loss 108560.306640625, Validation loss 108593.154296875
2022-01-24 14:11:55,703:INFO:Epoch 143, Training loss 108560.849609375, Validation loss 108591.837890625
2022-01-24 14:11:58,142:INFO:Epoch 144, Training loss 108559.095703125, Validation loss 108593.607421875
2022-01-24 14:12:00,612:INFO:Epoch 145, Training loss 108562.23828125, Validation loss 108593.1640625
2022-01-24 14:12:03,062:INFO:Epoch 146, Training loss 108559.03515625, Validation loss 108594.025390625
2022-01-24 14:12:05,555:INFO:Epoch 147, Training loss 108558.845703125, Validation loss 108592.900390625
2022-01-24 14:12:08,008:INFO:Epoch 148, Training loss 108560.927734375, Validation loss 108592.392578125
2022-01-24 14:12:10,471:INFO:Epoch 149, Training loss 108559.515625, Validation loss 108595.015625
2022-01-24 14:12:12,930:INFO:Epoch 150, Training loss 108559.205078125, Validation loss 108594.13671875
2022-01-24 14:12:15,408:INFO:Epoch 151, Training loss 108559.298828125, Validation loss 108593.6328125
2022-01-24 14:12:17,867:INFO:Epoch 152, Training loss 108558.701171875, Validation loss 108591.6796875
2022-01-24 14:12:20,314:INFO:Epoch 153, Training loss 108559.732421875, Validation loss 108595.86328125
2022-01-24 14:12:20,321:INFO:Finished training
