1.418363027343750000e+05
1.325144882812500000e+05
1.249138925781250000e+05
1.188302617187500000e+05
1.142224023437500000e+05
1.111920917968750000e+05
1.096166191406250000e+05
1.093721484375000000e+05
1.095416503906250000e+05
1.094629804687500000e+05
1.092724765625000000e+05
1.091999746093750000e+05
1.092014121093750000e+05
1.091670058593750000e+05
1.091247714843750000e+05
1.091004687500000000e+05
1.090773378906250000e+05
1.090527207031250000e+05
1.090301601562500000e+05
1.090062167968750000e+05
1.089811875000000000e+05
1.089550976562500000e+05
1.089288125000000000e+05
1.088994277343750000e+05
1.088689140625000000e+05
1.088375312500000000e+05
1.088008984375000000e+05
1.087619003906250000e+05
1.087201796875000000e+05
1.086764023437500000e+05
1.086345527343750000e+05
1.085922617187500000e+05
1.085554453125000000e+05
1.085248515625000000e+05
1.085047949218750000e+05
1.084921582031250000e+05
1.084847167968750000e+05
1.084769199218750000e+05
1.084718046875000000e+05
1.084671093750000000e+05
1.084635878906250000e+05
1.084614511718750000e+05
1.084582988281250000e+05
1.084564843750000000e+05
1.084542734375000000e+05
1.084523847656250000e+05
1.084507773437500000e+05
1.084513671875000000e+05
1.084501250000000000e+05
1.084476230468750000e+05
1.084475410156250000e+05
1.084454316406250000e+05
1.084429785156250000e+05
1.084428769531250000e+05
1.084416230468750000e+05
1.084405292968750000e+05
1.084397109375000000e+05
1.084384921875000000e+05
1.084376191406250000e+05
1.084400996093750000e+05
1.084395429687500000e+05
1.084375664062500000e+05
1.084379433593750000e+05
1.084358183593750000e+05
1.084347734375000000e+05
1.084339062500000000e+05
1.084331562500000000e+05
1.084324628906250000e+05
1.084312753906250000e+05
1.084314179687500000e+05
1.084307441406250000e+05
1.084292519531250000e+05
1.084289746093750000e+05
1.084296972656250000e+05
1.084270449218750000e+05
1.084276210937500000e+05
1.084274785156250000e+05
1.084269511718750000e+05
1.084245996093750000e+05
1.084239687500000000e+05
1.084258242187500000e+05
1.084243554687500000e+05
1.084234121093750000e+05
1.084259394531250000e+05
1.084260039062500000e+05
1.084263691406250000e+05
1.084251953125000000e+05
1.084220175781250000e+05
1.084227890625000000e+05
1.084224082031250000e+05
1.084203574218750000e+05
1.084222265625000000e+05
1.084198632812500000e+05
1.084212011718750000e+05
1.084187539062500000e+05
1.084178417968750000e+05
1.084172089843750000e+05
1.084193828125000000e+05
1.084180800781250000e+05
1.084173984375000000e+05
1.084177480468750000e+05
1.084159824218750000e+05
1.084189648437500000e+05
1.084184257812500000e+05
1.084164160156250000e+05
1.084153652343750000e+05
1.084167402343750000e+05
1.084199316406250000e+05
1.084202617187500000e+05
1.084158320312500000e+05
1.084172968750000000e+05
1.084135078125000000e+05
1.084135761718750000e+05
1.084132402343750000e+05
1.084132890625000000e+05
1.084139804687500000e+05
1.084153964843750000e+05
1.084124980468750000e+05
1.084129941406250000e+05
1.084128710937500000e+05
1.084116367187500000e+05
1.084115175781250000e+05
1.084111699218750000e+05
1.084101933593750000e+05
1.084101640625000000e+05
1.084104414062500000e+05
1.084112343750000000e+05
1.084130664062500000e+05
1.084110488281250000e+05
1.084098300781250000e+05
1.084117656250000000e+05
1.084105937500000000e+05
1.084133378906250000e+05
1.084114375000000000e+05
1.084121933593750000e+05
1.084157343750000000e+05
1.084090585937500000e+05
1.084088066406250000e+05
1.084107695312500000e+05
1.084073945312500000e+05
1.084079375000000000e+05
