2.065548593750000000e+05
1.763386503906250000e+05
1.433241660156250000e+05
1.267451152343750000e+05
1.181660605468750000e+05
1.135264667968750000e+05
1.111917832031250000e+05
1.101311386718750000e+05
1.097959843750000000e+05
1.097835332031250000e+05
1.098072597656250000e+05
1.097701953125000000e+05
1.096895527343750000e+05
1.096060234375000000e+05
1.095394960937500000e+05
1.094980507812500000e+05
1.094690664062500000e+05
1.094404960937500000e+05
1.094119062500000000e+05
1.093837031250000000e+05
1.093603125000000000e+05
1.093360664062500000e+05
1.093139101562500000e+05
1.092925410156250000e+05
1.092717226562500000e+05
1.092510175781250000e+05
1.092311796875000000e+05
1.092122070312500000e+05
1.091936347656250000e+05
1.091742910156250000e+05
1.091558027343750000e+05
1.091372324218750000e+05
1.091186386718750000e+05
1.091002500000000000e+05
1.090808691406250000e+05
1.090618847656250000e+05
1.090429277343750000e+05
1.090224062500000000e+05
1.090002148437500000e+05
1.089776210937500000e+05
1.089521367187500000e+05
1.089258574218750000e+05
1.089002539062500000e+05
1.088726328125000000e+05
1.088436894531250000e+05
1.088119941406250000e+05
1.087785332031250000e+05
1.087480429687500000e+05
1.087213320312500000e+05
1.086982675781250000e+05
1.086808242187500000e+05
1.086696796875000000e+05
1.086646484375000000e+05
1.086632167968750000e+05
1.086583925781250000e+05
1.086546992187500000e+05
1.086525332031250000e+05
1.086508164062500000e+05
1.086494765625000000e+05
1.086480976562500000e+05
1.086467089843750000e+05
1.086447519531250000e+05
1.086451835937500000e+05
1.086435351562500000e+05
1.086415566406250000e+05
1.086407050781250000e+05
1.086397558593750000e+05
1.086390214843750000e+05
1.086410722656250000e+05
1.086370097656250000e+05
1.086369511718750000e+05
1.086355078125000000e+05
1.086335917968750000e+05
1.086341640625000000e+05
1.086324921875000000e+05
1.086318261718750000e+05
1.086319628906250000e+05
1.086308691406250000e+05
1.086304882812500000e+05
1.086301230468750000e+05
1.086299785156250000e+05
1.086292382812500000e+05
1.086288574218750000e+05
1.086276308593750000e+05
1.086273085937500000e+05
1.086268652343750000e+05
1.086270917968750000e+05
1.086270527343750000e+05
1.086264960937500000e+05
1.086263183593750000e+05
1.086255390625000000e+05
1.086257832031250000e+05
1.086246093750000000e+05
1.086238203125000000e+05
1.086240234375000000e+05
1.086229550781250000e+05
1.086228398437500000e+05
1.086226210937500000e+05
1.086219335937500000e+05
1.086214824218750000e+05
1.086213906250000000e+05
1.086211933593750000e+05
1.086201660156250000e+05
1.086204921875000000e+05
1.086200761718750000e+05
1.086200273437500000e+05
1.086197226562500000e+05
1.086199609375000000e+05
1.086190761718750000e+05
1.086193964843750000e+05
1.086198886718750000e+05
1.086182324218750000e+05
1.086186132812500000e+05
1.086183242187500000e+05
1.086173144531250000e+05
1.086177167968750000e+05
1.086171210937500000e+05
1.086172304687500000e+05
1.086163769531250000e+05
1.086184062500000000e+05
1.086171054687500000e+05
1.086164199218750000e+05
1.086155996093750000e+05
1.086164472656250000e+05
1.086175117187500000e+05
1.086161835937500000e+05
1.086161953125000000e+05
1.086153789062500000e+05
1.086151152343750000e+05
1.086146914062500000e+05
1.086147070312500000e+05
1.086148652343750000e+05
1.086140976562500000e+05
1.086148066406250000e+05
1.086139023437500000e+05
1.086135527343750000e+05
1.086130937500000000e+05
1.086132714843750000e+05
1.086127265625000000e+05
1.086133007812500000e+05
1.086124570312500000e+05
1.086121054687500000e+05
1.086121992187500000e+05
1.086130488281250000e+05
1.086127460937500000e+05
1.086115156250000000e+05
1.086109707031250000e+05
1.086106347656250000e+05
1.086109902343750000e+05
1.086109804687500000e+05
1.086109062500000000e+05
1.086123515625000000e+05
1.086103828125000000e+05
1.086117656250000000e+05
1.086121406250000000e+05
1.086103574218750000e+05
1.086108085937500000e+05
1.086097636718750000e+05
1.086103437500000000e+05
1.086095722656250000e+05
1.086087832031250000e+05
