1.500396445312500000e+05
1.382417773437500000e+05
1.303302285156250000e+05
1.242894589843750000e+05
1.190664687500000000e+05
1.147293496093750000e+05
1.116496093750000000e+05
1.099597636718750000e+05
1.095085234375000000e+05
1.096071113281250000e+05
1.095798320312500000e+05
1.093935058593750000e+05
1.092548417968750000e+05
1.092146953125000000e+05
1.091999082031250000e+05
1.091635449218750000e+05
1.091255312500000000e+05
1.090991250000000000e+05
1.090755605468750000e+05
1.090512226562500000e+05
1.090277500000000000e+05
1.090044433593750000e+05
1.089831914062500000e+05
1.089650019531250000e+05
1.089469667968750000e+05
1.089291914062500000e+05
1.089141582031250000e+05
1.088998085937500000e+05
1.088871054687500000e+05
1.088762363281250000e+05
1.088669863281250000e+05
1.088591640625000000e+05
1.088520722656250000e+05
1.088460976562500000e+05
1.088409101562500000e+05
1.088368925781250000e+05
1.088327890625000000e+05
1.088296757812500000e+05
1.088267832031250000e+05
1.088245722656250000e+05
1.088233085937500000e+05
1.088223066406250000e+05
1.088202324218750000e+05
1.088193027343750000e+05
1.088185644531250000e+05
1.088176250000000000e+05
1.088169062500000000e+05
1.088166406250000000e+05
1.088158398437500000e+05
1.088164199218750000e+05
1.088156367187500000e+05
1.088144980468750000e+05
1.088147441406250000e+05
1.088141386718750000e+05
1.088137871093750000e+05
1.088143378906250000e+05
1.088141562500000000e+05
1.088134980468750000e+05
1.088133886718750000e+05
1.088130878906250000e+05
1.088132753906250000e+05
1.088124746093750000e+05
1.088134453125000000e+05
1.088125449218750000e+05
1.088122558593750000e+05
1.088124550781250000e+05
1.088121406250000000e+05
1.088123222656250000e+05
1.088118925781250000e+05
1.088120390625000000e+05
1.088114375000000000e+05
