2022-03-03 14:19:15,818:INFO:All directories created, ready to load the data
2022-03-03 14:19:15,918:INFO:Dataset loaded from /data/theorie/jthoeve/training_data/zh/features_mzh_y_ptz_v2/lin/cHq3/events_2.pkl.gz
2022-03-03 14:19:15,941:INFO:Dataset loaded from /data/theorie/jthoeve/training_data/zh/features_mzh_y_ptz_v2/sm/events_2.pkl.gz
2022-03-03 14:19:18,262:INFO:Epoch 1, Training loss 73766.2294921875, Validation loss 73760.703125
2022-03-03 14:19:20,619:INFO:Epoch 2, Training loss 73760.9814453125, Validation loss 73759.2900390625
2022-03-03 14:19:22,896:INFO:Epoch 3, Training loss 73758.0205078125, Validation loss 73758.4267578125
2022-03-03 14:19:25,212:INFO:Epoch 4, Training loss 73756.673828125, Validation loss 73758.3505859375
2022-03-03 14:19:27,508:INFO:Epoch 5, Training loss 73755.662109375, Validation loss 73758.4365234375
2022-03-03 14:19:29,867:INFO:Epoch 6, Training loss 73754.9814453125, Validation loss 73758.3857421875
2022-03-03 14:19:32,162:INFO:Epoch 7, Training loss 73754.708984375, Validation loss 73758.291015625
2022-03-03 14:19:34,445:INFO:Epoch 8, Training loss 73754.421875, Validation loss 73758.3466796875
2022-03-03 14:19:36,744:INFO:Epoch 9, Training loss 73754.1474609375, Validation loss 73758.37890625
2022-03-03 14:19:39,084:INFO:Epoch 10, Training loss 73753.849609375, Validation loss 73758.6669921875
2022-03-03 14:19:41,390:INFO:Epoch 11, Training loss 73753.365234375, Validation loss 73758.6533203125
2022-03-03 14:19:43,671:INFO:Epoch 12, Training loss 73753.927734375, Validation loss 73758.7265625
2022-03-03 14:19:46,006:INFO:Epoch 13, Training loss 73752.912109375, Validation loss 73758.8857421875
2022-03-03 14:19:48,327:INFO:Epoch 14, Training loss 73752.5498046875, Validation loss 73759.1650390625
2022-03-03 14:19:50,658:INFO:Epoch 15, Training loss 73752.4208984375, Validation loss 73759.501953125
2022-03-03 14:19:52,925:INFO:Epoch 16, Training loss 73752.25, Validation loss 73759.3076171875
2022-03-03 14:19:55,249:INFO:Epoch 17, Training loss 73751.75390625, Validation loss 73759.4794921875
2022-03-03 14:19:57,522:INFO:Epoch 18, Training loss 73751.48828125, Validation loss 73759.513671875
2022-03-03 14:19:59,890:INFO:Epoch 19, Training loss 73751.2197265625, Validation loss 73759.9052734375
2022-03-03 14:20:02,160:INFO:Epoch 20, Training loss 73751.005859375, Validation loss 73760.0380859375
2022-03-03 14:20:04,536:INFO:Epoch 21, Training loss 73750.1396484375, Validation loss 73760.0498046875
2022-03-03 14:20:06,868:INFO:Epoch 22, Training loss 73750.1875, Validation loss 73760.0341796875
2022-03-03 14:20:09,281:INFO:Epoch 23, Training loss 73749.6650390625, Validation loss 73759.869140625
2022-03-03 14:20:11,633:INFO:Epoch 24, Training loss 73749.6298828125, Validation loss 73760.0537109375
2022-03-03 14:20:13,990:INFO:Epoch 25, Training loss 73748.99609375, Validation loss 73760.5595703125
2022-03-03 14:20:16,348:INFO:Epoch 26, Training loss 73748.5751953125, Validation loss 73760.5771484375
2022-03-03 14:20:18,762:INFO:Epoch 27, Training loss 73748.2197265625, Validation loss 73760.8876953125
2022-03-03 14:20:21,127:INFO:Epoch 28, Training loss 73747.576171875, Validation loss 73760.96875
2022-03-03 14:20:23,480:INFO:Epoch 29, Training loss 73747.1630859375, Validation loss 73761.4384765625
2022-03-03 14:20:25,862:INFO:Epoch 30, Training loss 73746.4287109375, Validation loss 73760.8984375
2022-03-03 14:20:28,265:INFO:Epoch 31, Training loss 73745.6162109375, Validation loss 73761.6923828125
2022-03-03 14:20:30,626:INFO:Epoch 32, Training loss 73746.0234375, Validation loss 73762.4228515625
2022-03-03 14:20:32,921:INFO:Epoch 33, Training loss 73744.6689453125, Validation loss 73762.5947265625
2022-03-03 14:20:35,231:INFO:Epoch 34, Training loss 73744.9521484375, Validation loss 73762.8271484375
2022-03-03 14:20:37,553:INFO:Epoch 35, Training loss 73744.0390625, Validation loss 73763.123046875
2022-03-03 14:20:39,864:INFO:Epoch 36, Training loss 73743.736328125, Validation loss 73763.390625
2022-03-03 14:20:42,138:INFO:Epoch 37, Training loss 73742.150390625, Validation loss 73763.4599609375
2022-03-03 14:20:44,456:INFO:Epoch 38, Training loss 73741.4462890625, Validation loss 73764.734375
2022-03-03 14:20:46,727:INFO:Epoch 39, Training loss 73741.0810546875, Validation loss 73765.197265625
2022-03-03 14:20:49,103:INFO:Epoch 40, Training loss 73740.876953125, Validation loss 73765.2021484375
2022-03-03 14:20:51,380:INFO:Epoch 41, Training loss 73739.015625, Validation loss 73765.357421875
2022-03-03 14:20:53,697:INFO:Epoch 42, Training loss 73738.984375, Validation loss 73766.4541015625
2022-03-03 14:20:55,979:INFO:Epoch 43, Training loss 73736.833984375, Validation loss 73767.4248046875
2022-03-03 14:20:58,336:INFO:Epoch 44, Training loss 73736.8984375, Validation loss 73768.0263671875
2022-03-03 14:21:00,629:INFO:Epoch 45, Training loss 73735.41015625, Validation loss 73766.5
2022-03-03 14:21:02,914:INFO:Epoch 46, Training loss 73736.2607421875, Validation loss 73768.419921875
2022-03-03 14:21:05,202:INFO:Epoch 47, Training loss 73734.2529296875, Validation loss 73769.1884765625
2022-03-03 14:21:07,541:INFO:Epoch 48, Training loss 73733.296875, Validation loss 73768.650390625
2022-03-03 14:21:09,837:INFO:Epoch 49, Training loss 73731.6279296875, Validation loss 73769.5751953125
2022-03-03 14:21:12,119:INFO:Epoch 50, Training loss 73730.015625, Validation loss 73772.0439453125
2022-03-03 14:21:14,404:INFO:Epoch 51, Training loss 73729.685546875, Validation loss 73772.232421875
2022-03-03 14:21:16,724:INFO:Epoch 52, Training loss 73727.80859375, Validation loss 73772.5166015625
2022-03-03 14:21:19,041:INFO:Epoch 53, Training loss 73727.095703125, Validation loss 73774.4755859375
2022-03-03 14:21:21,312:INFO:Epoch 54, Training loss 73724.9921875, Validation loss 73774.3876953125
2022-03-03 14:21:23,623:INFO:Epoch 55, Training loss 73725.51171875, Validation loss 73776.4619140625
2022-03-03 14:21:25,943:INFO:Epoch 56, Training loss 73724.8916015625, Validation loss 73777.431640625
2022-03-03 14:21:28,254:INFO:Epoch 57, Training loss 73733.2646484375, Validation loss 73778.4208984375
2022-03-03 14:21:28,260:INFO:Finished training
