2021-11-17 17:54:11,606:INFO:All directories created, ready to load the data
2021-11-17 17:54:11,679:INFO:Dataset loaded from /data/theorie/jthoeve/event_generation/events_high_stats/lin/cHW/events_20.npy
2021-11-17 17:54:11,707:INFO:Dataset loaded from /data/theorie/jthoeve/event_generation/events_high_stats/sm/events_20.npy
2021-11-17 17:54:15,165:INFO:Epoch 1, Training loss 182387.76171875, Validation loss 163765.60546875
2021-11-17 17:54:18,514:INFO:Epoch 2, Training loss 154984.587890625, Validation loss 143586.466796875
2021-11-17 17:54:21,853:INFO:Epoch 3, Training loss 137700.552734375, Validation loss 129873.625
2021-11-17 17:54:25,233:INFO:Epoch 4, Training loss 125842.498046875, Validation loss 120615.50390625
2021-11-17 17:54:28,540:INFO:Epoch 5, Training loss 118035.62109375, Validation loss 114787.9765625
2021-11-17 17:54:31,891:INFO:Epoch 6, Training loss 113303.19140625, Validation loss 111559.208984375
2021-11-17 17:54:35,208:INFO:Epoch 7, Training loss 110867.88671875, Validation loss 110149.193359375
2021-11-17 17:54:38,574:INFO:Epoch 8, Training loss 109925.51953125, Validation loss 109752.6171875
2021-11-17 17:54:41,900:INFO:Epoch 9, Training loss 109751.146484375, Validation loss 109812.240234375
2021-11-17 17:54:45,243:INFO:Epoch 10, Training loss 109829.25, Validation loss 109847.875
2021-11-17 17:54:48,564:INFO:Epoch 11, Training loss 109808.380859375, Validation loss 109760.029296875
2021-11-17 17:54:51,911:INFO:Epoch 12, Training loss 109708.490234375, Validation loss 109639.658203125
2021-11-17 17:54:55,252:INFO:Epoch 13, Training loss 109581.37890625, Validation loss 109518.853515625
2021-11-17 17:54:58,562:INFO:Epoch 14, Training loss 109479.865234375, Validation loss 109439.181640625
2021-11-17 17:55:01,906:INFO:Epoch 15, Training loss 109413.12890625, Validation loss 109384.0078125
2021-11-17 17:55:05,255:INFO:Epoch 16, Training loss 109362.658203125, Validation loss 109333.771484375
2021-11-17 17:55:08,592:INFO:Epoch 17, Training loss 109316.1875, Validation loss 109290.7890625
2021-11-17 17:55:11,887:INFO:Epoch 18, Training loss 109276.263671875, Validation loss 109252.541015625
2021-11-17 17:55:15,235:INFO:Epoch 19, Training loss 109240.43359375, Validation loss 109215.2265625
2021-11-17 17:55:18,527:INFO:Epoch 20, Training loss 109204.099609375, Validation loss 109178.373046875
2021-11-17 17:55:21,908:INFO:Epoch 21, Training loss 109170.037109375, Validation loss 109143.427734375
2021-11-17 17:55:25,211:INFO:Epoch 22, Training loss 109137.314453125, Validation loss 109109.12109375
2021-11-17 17:55:28,544:INFO:Epoch 23, Training loss 109103.796875, Validation loss 109076.75390625
2021-11-17 17:55:31,854:INFO:Epoch 24, Training loss 109074.603515625, Validation loss 109045.08984375
2021-11-17 17:55:35,241:INFO:Epoch 25, Training loss 109044.525390625, Validation loss 109015.82421875
2021-11-17 17:55:38,564:INFO:Epoch 26, Training loss 109017.55078125, Validation loss 108988.8984375
2021-11-17 17:55:41,910:INFO:Epoch 27, Training loss 108992.59375, Validation loss 108964.625
2021-11-17 17:55:45,232:INFO:Epoch 28, Training loss 108970.38671875, Validation loss 108943.74609375
2021-11-17 17:55:48,582:INFO:Epoch 29, Training loss 108952.94140625, Validation loss 108926.109375
2021-11-17 17:55:51,907:INFO:Epoch 30, Training loss 108938.595703125, Validation loss 108912.25
2021-11-17 17:55:55,244:INFO:Epoch 31, Training loss 108926.568359375, Validation loss 108901.580078125
2021-11-17 17:55:58,580:INFO:Epoch 32, Training loss 108918.091796875, Validation loss 108893.033203125
2021-11-17 17:56:01,915:INFO:Epoch 33, Training loss 108911.3203125, Validation loss 108885.857421875
2021-11-17 17:56:05,237:INFO:Epoch 34, Training loss 108905.26171875, Validation loss 108879.673828125
2021-11-17 17:56:08,549:INFO:Epoch 35, Training loss 108899.599609375, Validation loss 108874.380859375
2021-11-17 17:56:11,883:INFO:Epoch 36, Training loss 108895.3359375, Validation loss 108870.17578125
2021-11-17 17:56:15,208:INFO:Epoch 37, Training loss 108891.091796875, Validation loss 108867.0859375
2021-11-17 17:56:18,539:INFO:Epoch 38, Training loss 108887.576171875, Validation loss 108864.490234375
2021-11-17 17:56:21,837:INFO:Epoch 39, Training loss 108885.6171875, Validation loss 108862.607421875
2021-11-17 17:56:25,185:INFO:Epoch 40, Training loss 108883.373046875, Validation loss 108861.345703125
2021-11-17 17:56:28,484:INFO:Epoch 41, Training loss 108881.412109375, Validation loss 108860.08203125
2021-11-17 17:56:31,853:INFO:Epoch 42, Training loss 108880.47265625, Validation loss 108859.0390625
2021-11-17 17:56:35,150:INFO:Epoch 43, Training loss 108879.67578125, Validation loss 108858.25390625
2021-11-17 17:56:38,527:INFO:Epoch 44, Training loss 108879.361328125, Validation loss 108857.939453125
2021-11-17 17:56:41,855:INFO:Epoch 45, Training loss 108878.85546875, Validation loss 108857.42578125
2021-11-17 17:56:45,230:INFO:Epoch 46, Training loss 108878.326171875, Validation loss 108856.974609375
2021-11-17 17:56:48,553:INFO:Epoch 47, Training loss 108878.10546875, Validation loss 108856.2734375
2021-11-17 17:56:51,896:INFO:Epoch 48, Training loss 108878.904296875, Validation loss 108856.345703125
2021-11-17 17:56:55,236:INFO:Epoch 49, Training loss 108878.958984375, Validation loss 108856.068359375
2021-11-17 17:56:58,618:INFO:Epoch 50, Training loss 108877.9765625, Validation loss 108856.013671875
2021-11-17 17:57:01,955:INFO:Epoch 51, Training loss 108877.669921875, Validation loss 108856.185546875
2021-11-17 17:57:05,290:INFO:Epoch 52, Training loss 108877.9296875, Validation loss 108856.244140625
2021-11-17 17:57:08,644:INFO:Epoch 53, Training loss 108877.09375, Validation loss 108856.416015625
2021-11-17 17:57:12,015:INFO:Epoch 54, Training loss 108876.927734375, Validation loss 108856.322265625
2021-11-17 17:57:15,363:INFO:Epoch 55, Training loss 108877.033203125, Validation loss 108855.92578125
2021-11-17 17:57:18,689:INFO:Epoch 56, Training loss 108877.23046875, Validation loss 108855.98828125
2021-11-17 17:57:22,062:INFO:Epoch 57, Training loss 108876.6640625, Validation loss 108856.373046875
2021-11-17 17:57:25,413:INFO:Epoch 58, Training loss 108876.8671875, Validation loss 108856.13671875
2021-11-17 17:57:28,764:INFO:Epoch 59, Training loss 108876.669921875, Validation loss 108855.859375
2021-11-17 17:57:32,095:INFO:Epoch 60, Training loss 108876.64453125, Validation loss 108855.90234375
2021-11-17 17:57:35,470:INFO:Epoch 61, Training loss 108876.361328125, Validation loss 108856.212890625
2021-11-17 17:57:38,808:INFO:Epoch 62, Training loss 108876.416015625, Validation loss 108856.271484375
2021-11-17 17:57:42,209:INFO:Epoch 63, Training loss 108875.845703125, Validation loss 108856.0625
2021-11-17 17:57:45,526:INFO:Epoch 64, Training loss 108875.953125, Validation loss 108855.85546875
2021-11-17 17:57:48,908:INFO:Epoch 65, Training loss 108875.904296875, Validation loss 108855.828125
2021-11-17 17:57:52,243:INFO:Epoch 66, Training loss 108875.482421875, Validation loss 108855.68359375
2021-11-17 17:57:55,637:INFO:Epoch 67, Training loss 108875.71484375, Validation loss 108855.953125
2021-11-17 17:57:58,974:INFO:Epoch 68, Training loss 108876.015625, Validation loss 108856.12109375
2021-11-17 17:58:02,338:INFO:Epoch 69, Training loss 108875.318359375, Validation loss 108856.033203125
2021-11-17 17:58:05,676:INFO:Epoch 70, Training loss 108875.2890625, Validation loss 108855.595703125
2021-11-17 17:58:09,065:INFO:Epoch 71, Training loss 108876.056640625, Validation loss 108856.26953125
2021-11-17 17:58:12,409:INFO:Epoch 72, Training loss 108875.798828125, Validation loss 108855.8828125
2021-11-17 17:58:15,757:INFO:Epoch 73, Training loss 108875.962890625, Validation loss 108855.708984375
2021-11-17 17:58:19,111:INFO:Epoch 74, Training loss 108875.00390625, Validation loss 108856.134765625
2021-11-17 17:58:22,482:INFO:Epoch 75, Training loss 108875.056640625, Validation loss 108856.005859375
2021-11-17 17:58:25,849:INFO:Epoch 76, Training loss 108875.115234375, Validation loss 108855.677734375
2021-11-17 17:58:29,186:INFO:Epoch 77, Training loss 108874.833984375, Validation loss 108855.794921875
2021-11-17 17:58:32,553:INFO:Epoch 78, Training loss 108875.078125, Validation loss 108855.755859375
2021-11-17 17:58:35,911:INFO:Epoch 79, Training loss 108875.025390625, Validation loss 108856.017578125
2021-11-17 17:58:39,291:INFO:Epoch 80, Training loss 108874.6875, Validation loss 108855.6015625
2021-11-17 17:58:42,600:INFO:Epoch 81, Training loss 108874.46484375, Validation loss 108855.55859375
2021-11-17 17:58:45,952:INFO:Epoch 82, Training loss 108874.248046875, Validation loss 108855.7578125
2021-11-17 17:58:49,252:INFO:Epoch 83, Training loss 108874.328125, Validation loss 108856.146484375
2021-11-17 17:58:52,634:INFO:Epoch 84, Training loss 108874.408203125, Validation loss 108856.173828125
2021-11-17 17:58:55,934:INFO:Epoch 85, Training loss 108875.123046875, Validation loss 108855.580078125
2021-11-17 17:58:59,283:INFO:Epoch 86, Training loss 108874.775390625, Validation loss 108855.314453125
2021-11-17 17:59:02,604:INFO:Epoch 87, Training loss 108873.8515625, Validation loss 108855.666015625
2021-11-17 17:59:05,978:INFO:Epoch 88, Training loss 108873.515625, Validation loss 108856.16796875
2021-11-17 17:59:09,295:INFO:Epoch 89, Training loss 108873.798828125, Validation loss 108856.228515625
2021-11-17 17:59:12,634:INFO:Epoch 90, Training loss 108873.6796875, Validation loss 108855.7734375
2021-11-17 17:59:15,952:INFO:Epoch 91, Training loss 108874.04296875, Validation loss 108856.119140625
2021-11-17 17:59:19,314:INFO:Epoch 92, Training loss 108873.7421875, Validation loss 108855.58203125
2021-11-17 17:59:22,652:INFO:Epoch 93, Training loss 108873.705078125, Validation loss 108855.44140625
2021-11-17 17:59:25,974:INFO:Epoch 94, Training loss 108873.705078125, Validation loss 108855.591796875
2021-11-17 17:59:29,319:INFO:Epoch 95, Training loss 108873.462890625, Validation loss 108856.134765625
2021-11-17 17:59:32,671:INFO:Epoch 96, Training loss 108873.3515625, Validation loss 108855.85546875
2021-11-17 17:59:36,005:INFO:Epoch 97, Training loss 108873.28515625, Validation loss 108856.4140625
2021-11-17 17:59:39,348:INFO:Epoch 98, Training loss 108873.38671875, Validation loss 108855.7734375
2021-11-17 17:59:42,702:INFO:Epoch 99, Training loss 108873.248046875, Validation loss 108855.630859375
2021-11-17 17:59:46,032:INFO:Epoch 100, Training loss 108873.34375, Validation loss 108855.474609375
2021-11-17 17:59:49,386:INFO:Epoch 101, Training loss 108872.876953125, Validation loss 108855.62890625
2021-11-17 17:59:52,699:INFO:Epoch 102, Training loss 108872.798828125, Validation loss 108855.8046875
2021-11-17 17:59:56,050:INFO:Epoch 103, Training loss 108872.625, Validation loss 108855.96875
2021-11-17 17:59:59,357:INFO:Epoch 104, Training loss 108872.56640625, Validation loss 108855.966796875
2021-11-17 18:00:02,728:INFO:Epoch 105, Training loss 108872.734375, Validation loss 108855.740234375
2021-11-17 18:00:06,039:INFO:Epoch 106, Training loss 108872.8359375, Validation loss 108855.92578125
2021-11-17 18:00:06,045:INFO:Finished training, producing training report at /data/theorie/jthoeve/ML4EFT_higgs/models/17_11/model_final_lin_cHW/mc_run_20/plots/training_report/
2021-11-17 18:00:07,895:WARNING:findfont: Font family ['sans-serif'] not found. Falling back to DejaVu Sans.
