2.080676171875000000e+05
2.080676171875000000e+05
2.080676171875000000e+05
2.080676171875000000e+05
2.080676171875000000e+05
2.080676171875000000e+05
2.080676171875000000e+05
2.080676171875000000e+05
2.080676171875000000e+05
2.080676171875000000e+05
2.080676171875000000e+05
1.315860625000000000e+05
1.213228437500000000e+05
1.146963105468750000e+05
1.110601894531250000e+05
1.094766855468750000e+05
1.093629238281250000e+05
1.095719082031250000e+05
1.094447167968750000e+05
1.092401777343750000e+05
1.091722031250000000e+05
1.091759824218750000e+05
1.091560976562500000e+05
1.091184804687500000e+05
1.090932734375000000e+05
1.090814843750000000e+05
1.090665468750000000e+05
1.090508378906250000e+05
1.090385078125000000e+05
1.090286074218750000e+05
1.090183398437500000e+05
1.090095195312500000e+05
1.090017343750000000e+05
1.089936660156250000e+05
1.089870351562500000e+05
1.089799296875000000e+05
1.089737675781250000e+05
1.089675468750000000e+05
1.089617871093750000e+05
1.089563183593750000e+05
1.089520078125000000e+05
1.089477109375000000e+05
1.089441660156250000e+05
1.089411210937500000e+05
1.089384511718750000e+05
1.089356582031250000e+05
1.089340410156250000e+05
1.089326875000000000e+05
1.089311035156250000e+05
1.089298398437500000e+05
1.089291367187500000e+05
1.089285117187500000e+05
1.089279746093750000e+05
1.089272714843750000e+05
1.089271503906250000e+05
1.089268417968750000e+05
1.089263574218750000e+05
1.089260683593750000e+05
1.089259316406250000e+05
1.089252929687500000e+05
1.089249101562500000e+05
1.089246210937500000e+05
1.089245312500000000e+05
1.089240644531250000e+05
1.089240175781250000e+05
1.089237949218750000e+05
1.089234023437500000e+05
1.089227597656250000e+05
1.089227402343750000e+05
1.089221855468750000e+05
1.089222832031250000e+05
1.089217871093750000e+05
1.089215195312500000e+05
1.089221718750000000e+05
1.089210000000000000e+05
1.089210468750000000e+05
1.089205234375000000e+05
1.089201523437500000e+05
1.089204902343750000e+05
1.089202070312500000e+05
1.089196093750000000e+05
1.089198593750000000e+05
1.089199531250000000e+05
1.089191035156250000e+05
1.089192500000000000e+05
1.089187890625000000e+05
1.089185957031250000e+05
1.089185957031250000e+05
1.089181953125000000e+05
1.089180351562500000e+05
1.089182597656250000e+05
1.089179433593750000e+05
1.089177421875000000e+05
1.089176386718750000e+05
1.089171796875000000e+05
1.089174335937500000e+05
1.089170761718750000e+05
1.089169804687500000e+05
1.089170800781250000e+05
