2.080098046875000000e+05
2.080098046875000000e+05
2.080098046875000000e+05
2.080098046875000000e+05
2.080098046875000000e+05
2.080098046875000000e+05
2.080098046875000000e+05
2.080098046875000000e+05
2.080098046875000000e+05
2.080098046875000000e+05
2.080098046875000000e+05
1.268636367187500000e+05
1.193708652343750000e+05
1.136680039062500000e+05
1.101566308593750000e+05
1.096812441406250000e+05
1.097270351562500000e+05
1.092975410156250000e+05
1.092609824218750000e+05
1.092233867187500000e+05
1.091473437500000000e+05
1.091284296875000000e+05
1.090902050781250000e+05
1.090594746093750000e+05
1.090361171875000000e+05
1.090096269531250000e+05
1.089912187500000000e+05
1.089710253906250000e+05
1.089534746093750000e+05
1.089409218750000000e+05
1.089287929687500000e+05
1.089230976562500000e+05
1.089173105468750000e+05
1.089128847656250000e+05
1.089103925781250000e+05
1.089087285156250000e+05
1.089079921875000000e+05
1.089070175781250000e+05
1.089049355468750000e+05
1.089035566406250000e+05
1.089038535156250000e+05
1.089034687500000000e+05
1.089023535156250000e+05
1.089021679687500000e+05
1.089021054687500000e+05
1.089020566406250000e+05
1.089016621093750000e+05
1.089012500000000000e+05
1.089006269531250000e+05
1.089002187500000000e+05
1.089005566406250000e+05
1.088997089843750000e+05
1.088991992187500000e+05
1.088990332031250000e+05
1.088998554687500000e+05
1.088992500000000000e+05
1.088994628906250000e+05
1.088987343750000000e+05
1.088985859375000000e+05
1.088979160156250000e+05
1.088979570312500000e+05
1.088985683593750000e+05
1.088973515625000000e+05
1.088982871093750000e+05
1.088966542968750000e+05
1.088968339843750000e+05
1.088966992187500000e+05
1.088960273437500000e+05
1.088959765625000000e+05
1.088960273437500000e+05
1.088961406250000000e+05
1.088958242187500000e+05
1.088955625000000000e+05
1.088953847656250000e+05
1.088955468750000000e+05
1.088956347656250000e+05
