2022-01-24 14:09:30,206:INFO:All directories created, ready to load the data
2022-01-24 14:09:30,260:INFO:Dataset loaded from /data/theorie/jthoeve/event_generation/events_high_stats/pT/lin/cHq3/events_9.npy
2022-01-24 14:09:30,266:INFO:Dataset loaded from /data/theorie/jthoeve/event_generation/events_high_stats/pT/sm/events_9.npy
2022-01-24 14:09:32,677:INFO:Epoch 1, Training loss 84659.609375, Validation loss 84659.609375
2022-01-24 14:09:35,074:INFO:Epoch 2, Training loss 84659.609375, Validation loss 84659.609375
2022-01-24 14:09:37,471:INFO:Epoch 3, Training loss 84659.609375, Validation loss 84659.609375
2022-01-24 14:09:39,928:INFO:Epoch 4, Training loss 84659.609375, Validation loss 84659.609375
2022-01-24 14:09:42,398:INFO:Epoch 5, Training loss 84659.609375, Validation loss 84659.609375
2022-01-24 14:09:44,861:INFO:Epoch 6, Training loss 84659.609375, Validation loss 84659.609375
2022-01-24 14:09:47,333:INFO:Epoch 7, Training loss 84659.609375, Validation loss 84659.609375
2022-01-24 14:09:49,821:INFO:Epoch 8, Training loss 84659.609375, Validation loss 84659.609375
2022-01-24 14:09:52,292:INFO:Epoch 9, Training loss 84659.609375, Validation loss 84659.609375
2022-01-24 14:09:54,739:INFO:Epoch 10, Training loss 84659.609375, Validation loss 84659.609375
2022-01-24 14:09:57,229:INFO:Epoch 11, Training loss 84659.609375, Validation loss 84659.609375
2022-01-24 14:09:57,232:INFO:Detected stagant training, reset the weights
2022-01-24 14:09:59,716:INFO:Epoch 12, Training loss 73964.0576171875, Validation loss 73814.6640625
2022-01-24 14:10:02,209:INFO:Epoch 13, Training loss 73842.6396484375, Validation loss 73872.4404296875
2022-01-24 14:10:04,652:INFO:Epoch 14, Training loss 73807.220703125, Validation loss 73764.623046875
2022-01-24 14:10:07,142:INFO:Epoch 15, Training loss 73769.1923828125, Validation loss 73782.9501953125
2022-01-24 14:10:09,579:INFO:Epoch 16, Training loss 73775.96484375, Validation loss 73767.4150390625
2022-01-24 14:10:12,097:INFO:Epoch 17, Training loss 73759.8427734375, Validation loss 73767.63671875
2022-01-24 14:10:14,568:INFO:Epoch 18, Training loss 73762.91796875, Validation loss 73769.9287109375
2022-01-24 14:10:17,045:INFO:Epoch 19, Training loss 73760.0224609375, Validation loss 73766.1376953125
2022-01-24 14:10:19,507:INFO:Epoch 20, Training loss 73758.58203125, Validation loss 73767.734375
2022-01-24 14:10:22,021:INFO:Epoch 21, Training loss 73758.9599609375, Validation loss 73766.615234375
2022-01-24 14:10:24,480:INFO:Epoch 22, Training loss 73757.728515625, Validation loss 73766.890625
2022-01-24 14:10:26,949:INFO:Epoch 23, Training loss 73757.8330078125, Validation loss 73767.279296875
2022-01-24 14:10:29,418:INFO:Epoch 24, Training loss 73757.3935546875, Validation loss 73767.16796875
2022-01-24 14:10:31,917:INFO:Epoch 25, Training loss 73757.2080078125, Validation loss 73767.4306640625
2022-01-24 14:10:34,391:INFO:Epoch 26, Training loss 73757.05859375, Validation loss 73767.2734375
2022-01-24 14:10:36,845:INFO:Epoch 27, Training loss 73756.888671875, Validation loss 73767.5283203125
2022-01-24 14:10:39,313:INFO:Epoch 28, Training loss 73756.7470703125, Validation loss 73767.3681640625
2022-01-24 14:10:41,804:INFO:Epoch 29, Training loss 73756.5751953125, Validation loss 73767.390625
2022-01-24 14:10:44,287:INFO:Epoch 30, Training loss 73756.4091796875, Validation loss 73767.193359375
2022-01-24 14:10:46,757:INFO:Epoch 31, Training loss 73756.3037109375, Validation loss 73767.1650390625
2022-01-24 14:10:49,247:INFO:Epoch 32, Training loss 73756.091796875, Validation loss 73767.0986328125
2022-01-24 14:10:51,731:INFO:Epoch 33, Training loss 73755.912109375, Validation loss 73767.328125
2022-01-24 14:10:54,222:INFO:Epoch 34, Training loss 73755.779296875, Validation loss 73766.90625
2022-01-24 14:10:56,675:INFO:Epoch 35, Training loss 73755.51171875, Validation loss 73767.1064453125
2022-01-24 14:10:59,161:INFO:Epoch 36, Training loss 73755.40234375, Validation loss 73767.2119140625
2022-01-24 14:11:01,622:INFO:Epoch 37, Training loss 73755.4833984375, Validation loss 73767.7578125
2022-01-24 14:11:04,139:INFO:Epoch 38, Training loss 73755.091796875, Validation loss 73767.4921875
2022-01-24 14:11:06,596:INFO:Epoch 39, Training loss 73755.095703125, Validation loss 73767.0537109375
2022-01-24 14:11:09,090:INFO:Epoch 40, Training loss 73754.9072265625, Validation loss 73767.4990234375
2022-01-24 14:11:11,558:INFO:Epoch 41, Training loss 73754.6845703125, Validation loss 73767.9208984375
2022-01-24 14:11:14,079:INFO:Epoch 42, Training loss 73754.3896484375, Validation loss 73767.5205078125
2022-01-24 14:11:16,550:INFO:Epoch 43, Training loss 73754.3701171875, Validation loss 73767.2822265625
2022-01-24 14:11:19,023:INFO:Epoch 44, Training loss 73754.1025390625, Validation loss 73767.2529296875
2022-01-24 14:11:21,498:INFO:Epoch 45, Training loss 73753.935546875, Validation loss 73767.8984375
2022-01-24 14:11:24,007:INFO:Epoch 46, Training loss 73753.7578125, Validation loss 73767.94921875
2022-01-24 14:11:26,495:INFO:Epoch 47, Training loss 73753.6943359375, Validation loss 73767.0546875
2022-01-24 14:11:28,960:INFO:Epoch 48, Training loss 73753.369140625, Validation loss 73767.443359375
2022-01-24 14:11:31,435:INFO:Epoch 49, Training loss 73753.2216796875, Validation loss 73767.71484375
2022-01-24 14:11:33,935:INFO:Epoch 50, Training loss 73753.2099609375, Validation loss 73767.9677734375
2022-01-24 14:11:36,428:INFO:Epoch 51, Training loss 73752.8291015625, Validation loss 73768.177734375
2022-01-24 14:11:38,883:INFO:Epoch 52, Training loss 73752.6640625, Validation loss 73767.6923828125
2022-01-24 14:11:41,372:INFO:Epoch 53, Training loss 73752.337890625, Validation loss 73768.0234375
2022-01-24 14:11:43,860:INFO:Epoch 54, Training loss 73752.1376953125, Validation loss 73767.8955078125
2022-01-24 14:11:46,349:INFO:Epoch 55, Training loss 73751.9755859375, Validation loss 73768.302734375
2022-01-24 14:11:48,798:INFO:Epoch 56, Training loss 73752.0244140625, Validation loss 73767.6318359375
2022-01-24 14:11:51,296:INFO:Epoch 57, Training loss 73751.625, Validation loss 73768.4638671875
2022-01-24 14:11:53,745:INFO:Epoch 58, Training loss 73751.189453125, Validation loss 73768.2744140625
2022-01-24 14:11:56,262:INFO:Epoch 59, Training loss 73751.0146484375, Validation loss 73768.5732421875
2022-01-24 14:11:58,727:INFO:Epoch 60, Training loss 73750.8916015625, Validation loss 73769.4111328125
2022-01-24 14:12:01,216:INFO:Epoch 61, Training loss 73750.6435546875, Validation loss 73768.0341796875
2022-01-24 14:12:03,682:INFO:Epoch 62, Training loss 73750.4443359375, Validation loss 73769.076171875
2022-01-24 14:12:06,207:INFO:Epoch 63, Training loss 73750.1630859375, Validation loss 73768.76171875
2022-01-24 14:12:08,673:INFO:Epoch 64, Training loss 73749.4833984375, Validation loss 73768.623046875
2022-01-24 14:12:08,679:INFO:Finished training
