7.449289843750000000e+04
7.433851562500000000e+04
7.419272656250000000e+04
7.406029687500000000e+04
7.394725781250000000e+04
7.386011718750000000e+04
7.380307031250000000e+04
7.377701562500000000e+04
7.377816406250000000e+04
7.379753906250000000e+04
7.382036718750000000e+04
7.383460937500000000e+04
7.383607031250000000e+04
7.382657031250000000e+04
7.381075781250000000e+04
7.379300000000000000e+04
7.377661718750000000e+04
7.376362500000000000e+04
7.375484375000000000e+04
7.375004687500000000e+04
7.374853906250000000e+04
7.374933593750000000e+04
7.375138281250000000e+04
7.375382812500000000e+04
7.375592968750000000e+04
7.375725781250000000e+04
7.375765625000000000e+04
7.375716406250000000e+04
7.375594531250000000e+04
7.375414062500000000e+04
7.375203125000000000e+04
7.374993750000000000e+04
7.374803125000000000e+04
7.374649218750000000e+04
7.374542187500000000e+04
7.374485937500000000e+04
7.374475000000000000e+04
7.374495312500000000e+04
7.374529687500000000e+04
7.374565625000000000e+04
7.374590625000000000e+04
7.374596875000000000e+04
7.374580468750000000e+04
7.374540625000000000e+04
7.374483593750000000e+04
7.374417968750000000e+04
7.374352343750000000e+04
7.374296875000000000e+04
7.374253906250000000e+04
7.374228906250000000e+04
7.374217187500000000e+04
7.374214062500000000e+04
7.374215625000000000e+04
7.374218750000000000e+04
7.374218750000000000e+04
7.374214062500000000e+04
7.374204687500000000e+04
7.374190625000000000e+04
7.374173437500000000e+04
7.374155468750000000e+04
7.374137500000000000e+04
7.374121093750000000e+04
7.374107812500000000e+04
7.374096875000000000e+04
7.374088281250000000e+04
7.374082031250000000e+04
7.374076562500000000e+04
7.374071875000000000e+04
7.374065625000000000e+04
7.374057031250000000e+04
7.374046875000000000e+04
7.374035156250000000e+04
7.374023437500000000e+04
7.374011718750000000e+04
7.374000781250000000e+04
7.373991406250000000e+04
7.373982812500000000e+04
7.373975781250000000e+04
7.373968750000000000e+04
7.373960937500000000e+04
7.373953125000000000e+04
7.373944531250000000e+04
7.373934375000000000e+04
7.373924218750000000e+04
7.373914062500000000e+04
7.373903906250000000e+04
7.373894531250000000e+04
7.373885937500000000e+04
7.373877343750000000e+04
7.373868750000000000e+04
7.373860156250000000e+04
7.373850781250000000e+04
7.373841406250000000e+04
7.373831250000000000e+04
7.373821093750000000e+04
7.373810937500000000e+04
7.373800781250000000e+04
7.373789843750000000e+04
7.373780468750000000e+04
7.373770312500000000e+04
7.373760937500000000e+04
7.373753125000000000e+04
7.373744531250000000e+04
7.373735937500000000e+04
7.373728125000000000e+04
7.373720312500000000e+04
7.373712500000000000e+04
7.373703906250000000e+04
7.373695312500000000e+04
7.373687500000000000e+04
7.373678906250000000e+04
7.373669531250000000e+04
7.373660937500000000e+04
