2022-01-24 14:05:52,581:INFO:All directories created, ready to load the data
2022-01-24 14:05:52,617:INFO:Dataset loaded from /data/theorie/jthoeve/event_generation/events_high_stats/pT/lin/cHW/events_1.npy
2022-01-24 14:05:52,667:INFO:Dataset loaded from /data/theorie/jthoeve/event_generation/events_high_stats/pT/sm/events_1.npy
2022-01-24 14:05:55,121:INFO:Epoch 1, Training loss 138691.64453125, Validation loss 133886.1953125
2022-01-24 14:05:57,570:INFO:Epoch 2, Training loss 131182.689453125, Validation loss 127343.83984375
2022-01-24 14:06:00,007:INFO:Epoch 3, Training loss 125129.47265625, Validation loss 122029.93359375
2022-01-24 14:06:02,475:INFO:Epoch 4, Training loss 120270.2578125, Validation loss 117816.978515625
2022-01-24 14:06:04,912:INFO:Epoch 5, Training loss 116413.61328125, Validation loss 114378.97265625
2022-01-24 14:06:07,764:INFO:Epoch 6, Training loss 113119.568359375, Validation loss 111381.39453125
2022-01-24 14:06:10,198:INFO:Epoch 7, Training loss 110563.310546875, Validation loss 109643.37109375
2022-01-24 14:06:12,654:INFO:Epoch 8, Training loss 109444.822265625, Validation loss 109390.8203125
2022-01-24 14:06:15,105:INFO:Epoch 9, Training loss 109503.35546875, Validation loss 109645.16796875
2022-01-24 14:06:17,518:INFO:Epoch 10, Training loss 109624.498046875, Validation loss 109541.982421875
2022-01-24 14:06:19,973:INFO:Epoch 11, Training loss 109439.009765625, Validation loss 109314.94140625
2022-01-24 14:06:22,432:INFO:Epoch 12, Training loss 109266.263671875, Validation loss 109239.884765625
2022-01-24 14:06:24,886:INFO:Epoch 13, Training loss 109240.984375, Validation loss 109250.169921875
2022-01-24 14:06:27,302:INFO:Epoch 14, Training loss 109234.349609375, Validation loss 109214.50390625
2022-01-24 14:06:29,775:INFO:Epoch 15, Training loss 109191.884765625, Validation loss 109174.3203125
2022-01-24 14:06:32,200:INFO:Epoch 16, Training loss 109157.279296875, Validation loss 109151.091796875
2022-01-24 14:06:34,686:INFO:Epoch 17, Training loss 109135.80078125, Validation loss 109131.615234375
2022-01-24 14:06:37,107:INFO:Epoch 18, Training loss 109113.681640625, Validation loss 109106.0078125
2022-01-24 14:06:39,565:INFO:Epoch 19, Training loss 109087.056640625, Validation loss 109079.9296875
2022-01-24 14:06:41,996:INFO:Epoch 20, Training loss 109061.4453125, Validation loss 109054.455078125
2022-01-24 14:06:44,467:INFO:Epoch 21, Training loss 109034.1953125, Validation loss 109028.595703125
2022-01-24 14:06:46,902:INFO:Epoch 22, Training loss 109007.85546875, Validation loss 109001.220703125
2022-01-24 14:06:49,348:INFO:Epoch 23, Training loss 108978.958984375, Validation loss 108972.818359375
2022-01-24 14:06:51,787:INFO:Epoch 24, Training loss 108949.083984375, Validation loss 108942.189453125
2022-01-24 14:06:54,262:INFO:Epoch 25, Training loss 108916.490234375, Validation loss 108909.857421875
2022-01-24 14:06:56,696:INFO:Epoch 26, Training loss 108882.65625, Validation loss 108874.970703125
2022-01-24 14:06:59,134:INFO:Epoch 27, Training loss 108845.580078125, Validation loss 108837.630859375
2022-01-24 14:07:01,588:INFO:Epoch 28, Training loss 108806.03515625, Validation loss 108797.3359375
2022-01-24 14:07:04,061:INFO:Epoch 29, Training loss 108763.37109375, Validation loss 108753.654296875
2022-01-24 14:07:06,510:INFO:Epoch 30, Training loss 108716.44140625, Validation loss 108707.185546875
2022-01-24 14:07:08,927:INFO:Epoch 31, Training loss 108666.912109375, Validation loss 108658.482421875
2022-01-24 14:07:11,392:INFO:Epoch 32, Training loss 108617.822265625, Validation loss 108609.859375
2022-01-24 14:07:13,849:INFO:Epoch 33, Training loss 108570.67578125, Validation loss 108567.119140625
2022-01-24 14:07:16,314:INFO:Epoch 34, Training loss 108528.572265625, Validation loss 108533.392578125
2022-01-24 14:07:18,723:INFO:Epoch 35, Training loss 108497.052734375, Validation loss 108510.0859375
2022-01-24 14:07:21,190:INFO:Epoch 36, Training loss 108476.90625, Validation loss 108495.646484375
2022-01-24 14:07:23,630:INFO:Epoch 37, Training loss 108462.99609375, Validation loss 108487.1328125
2022-01-24 14:07:26,127:INFO:Epoch 38, Training loss 108457.18359375, Validation loss 108483.716796875
2022-01-24 14:07:28,555:INFO:Epoch 39, Training loss 108451.89453125, Validation loss 108481.8984375
2022-01-24 14:07:31,016:INFO:Epoch 40, Training loss 108448.173828125, Validation loss 108481.158203125
2022-01-24 14:07:33,454:INFO:Epoch 41, Training loss 108446.3359375, Validation loss 108481.779296875
2022-01-24 14:07:35,940:INFO:Epoch 42, Training loss 108445.81640625, Validation loss 108483.4921875
2022-01-24 14:07:38,390:INFO:Epoch 43, Training loss 108442.759765625, Validation loss 108484.59765625
2022-01-24 14:07:40,834:INFO:Epoch 44, Training loss 108440.666015625, Validation loss 108485.26171875
2022-01-24 14:07:43,274:INFO:Epoch 45, Training loss 108439.2890625, Validation loss 108484.052734375
2022-01-24 14:07:45,760:INFO:Epoch 46, Training loss 108437.880859375, Validation loss 108485.171875
2022-01-24 14:07:48,212:INFO:Epoch 47, Training loss 108436.861328125, Validation loss 108484.791015625
2022-01-24 14:07:50,658:INFO:Epoch 48, Training loss 108436.634765625, Validation loss 108485.876953125
2022-01-24 14:07:53,116:INFO:Epoch 49, Training loss 108434.955078125, Validation loss 108485.06640625
2022-01-24 14:07:55,580:INFO:Epoch 50, Training loss 108434.474609375, Validation loss 108484.541015625
2022-01-24 14:07:58,035:INFO:Epoch 51, Training loss 108433.353515625, Validation loss 108486.763671875
2022-01-24 14:08:00,467:INFO:Epoch 52, Training loss 108433.201171875, Validation loss 108486.296875
2022-01-24 14:08:02,941:INFO:Epoch 53, Training loss 108432.546875, Validation loss 108485.458984375
2022-01-24 14:08:05,404:INFO:Epoch 54, Training loss 108430.671875, Validation loss 108483.91015625
2022-01-24 14:08:07,872:INFO:Epoch 55, Training loss 108429.5390625, Validation loss 108484.16796875
2022-01-24 14:08:10,290:INFO:Epoch 56, Training loss 108429.65234375, Validation loss 108484.759765625
2022-01-24 14:08:12,759:INFO:Epoch 57, Training loss 108428.392578125, Validation loss 108484.171875
2022-01-24 14:08:15,181:INFO:Epoch 58, Training loss 108428.23046875, Validation loss 108485.65625
2022-01-24 14:08:17,672:INFO:Epoch 59, Training loss 108427.171875, Validation loss 108484.40625
2022-01-24 14:08:20,101:INFO:Epoch 60, Training loss 108426.970703125, Validation loss 108485.88671875
2022-01-24 14:08:22,555:INFO:Epoch 61, Training loss 108426.923828125, Validation loss 108485.8203125
2022-01-24 14:08:24,993:INFO:Epoch 62, Training loss 108426.1640625, Validation loss 108485.65625
2022-01-24 14:08:27,480:INFO:Epoch 63, Training loss 108425.849609375, Validation loss 108486.5546875
2022-01-24 14:08:29,913:INFO:Epoch 64, Training loss 108424.833984375, Validation loss 108486.388671875
2022-01-24 14:08:32,361:INFO:Epoch 65, Training loss 108423.490234375, Validation loss 108484.544921875
2022-01-24 14:08:34,809:INFO:Epoch 66, Training loss 108424.2890625, Validation loss 108483.720703125
2022-01-24 14:08:37,286:INFO:Epoch 67, Training loss 108424.1796875, Validation loss 108484.384765625
2022-01-24 14:08:39,734:INFO:Epoch 68, Training loss 108422.658203125, Validation loss 108484.9921875
2022-01-24 14:08:42,171:INFO:Epoch 69, Training loss 108423.04296875, Validation loss 108484.51171875
2022-01-24 14:08:44,617:INFO:Epoch 70, Training loss 108421.42578125, Validation loss 108484.767578125
2022-01-24 14:08:47,076:INFO:Epoch 71, Training loss 108422.3125, Validation loss 108484.015625
2022-01-24 14:08:49,529:INFO:Epoch 72, Training loss 108422.259765625, Validation loss 108484.705078125
2022-01-24 14:08:51,953:INFO:Epoch 73, Training loss 108421.529296875, Validation loss 108483.8515625
2022-01-24 14:08:54,420:INFO:Epoch 74, Training loss 108421.064453125, Validation loss 108483.33984375
2022-01-24 14:08:56,880:INFO:Epoch 75, Training loss 108423.2734375, Validation loss 108486.505859375
2022-01-24 14:08:59,341:INFO:Epoch 76, Training loss 108420.208984375, Validation loss 108484.6328125
2022-01-24 14:09:01,757:INFO:Epoch 77, Training loss 108424.470703125, Validation loss 108484.42578125
2022-01-24 14:09:04,234:INFO:Epoch 78, Training loss 108420.306640625, Validation loss 108483.865234375
2022-01-24 14:09:06,664:INFO:Epoch 79, Training loss 108420.826171875, Validation loss 108484.267578125
2022-01-24 14:09:09,155:INFO:Epoch 80, Training loss 108419.42578125, Validation loss 108482.369140625
2022-01-24 14:09:11,581:INFO:Epoch 81, Training loss 108418.673828125, Validation loss 108484.185546875
2022-01-24 14:09:14,041:INFO:Epoch 82, Training loss 108420.125, Validation loss 108483.923828125
2022-01-24 14:09:16,475:INFO:Epoch 83, Training loss 108420.05859375, Validation loss 108484.755859375
2022-01-24 14:09:18,966:INFO:Epoch 84, Training loss 108417.84765625, Validation loss 108481.6015625
2022-01-24 14:09:21,406:INFO:Epoch 85, Training loss 108418.03125, Validation loss 108482.669921875
2022-01-24 14:09:23,853:INFO:Epoch 86, Training loss 108416.255859375, Validation loss 108483.345703125
2022-01-24 14:09:26,304:INFO:Epoch 87, Training loss 108416.251953125, Validation loss 108483.560546875
2022-01-24 14:09:28,804:INFO:Epoch 88, Training loss 108416.248046875, Validation loss 108481.12109375
2022-01-24 14:09:31,294:INFO:Epoch 89, Training loss 108415.560546875, Validation loss 108482.0625
2022-01-24 14:09:33,788:INFO:Epoch 90, Training loss 108415.646484375, Validation loss 108483.40625
2022-01-24 14:09:36,298:INFO:Epoch 91, Training loss 108414.91796875, Validation loss 108481.8359375
2022-01-24 14:09:38,831:INFO:Epoch 92, Training loss 108413.51171875, Validation loss 108481.736328125
2022-01-24 14:09:41,354:INFO:Epoch 93, Training loss 108413.77734375, Validation loss 108480.4140625
2022-01-24 14:09:43,854:INFO:Epoch 94, Training loss 108414.138671875, Validation loss 108482.537109375
2022-01-24 14:09:46,384:INFO:Epoch 95, Training loss 108415.9296875, Validation loss 108484.97265625
2022-01-24 14:09:48,912:INFO:Epoch 96, Training loss 108412.630859375, Validation loss 108481.826171875
2022-01-24 14:09:51,445:INFO:Epoch 97, Training loss 108412.814453125, Validation loss 108482.53125
2022-01-24 14:09:53,967:INFO:Epoch 98, Training loss 108410.455078125, Validation loss 108482.896484375
2022-01-24 14:09:56,509:INFO:Epoch 99, Training loss 108412.927734375, Validation loss 108482.9140625
2022-01-24 14:09:59,003:INFO:Epoch 100, Training loss 108410.6796875, Validation loss 108483.033203125
2022-01-24 14:10:01,569:INFO:Epoch 101, Training loss 108409.708984375, Validation loss 108482.5234375
2022-01-24 14:10:04,065:INFO:Epoch 102, Training loss 108410.30078125, Validation loss 108482.08984375
2022-01-24 14:10:06,596:INFO:Epoch 103, Training loss 108408.93359375, Validation loss 108482.078125
2022-01-24 14:10:09,100:INFO:Epoch 104, Training loss 108408.748046875, Validation loss 108483.498046875
2022-01-24 14:10:11,654:INFO:Epoch 105, Training loss 108414.630859375, Validation loss 108483.6328125
2022-01-24 14:10:14,155:INFO:Epoch 106, Training loss 108409.625, Validation loss 108483.97265625
2022-01-24 14:10:16,668:INFO:Epoch 107, Training loss 108408.08984375, Validation loss 108483.6640625
2022-01-24 14:10:19,176:INFO:Epoch 108, Training loss 108407.955078125, Validation loss 108481.537109375
2022-01-24 14:10:21,730:INFO:Epoch 109, Training loss 108407.203125, Validation loss 108482.216796875
2022-01-24 14:10:24,268:INFO:Epoch 110, Training loss 108408.109375, Validation loss 108484.353515625
2022-01-24 14:10:26,778:INFO:Epoch 111, Training loss 108407.400390625, Validation loss 108483.798828125
2022-01-24 14:10:29,300:INFO:Epoch 112, Training loss 108407.701171875, Validation loss 108484.0390625
2022-01-24 14:10:31,840:INFO:Epoch 113, Training loss 108408.212890625, Validation loss 108483.1640625
2022-01-24 14:10:34,367:INFO:Epoch 114, Training loss 108407.27734375, Validation loss 108487.697265625
2022-01-24 14:10:36,863:INFO:Epoch 115, Training loss 108407.203125, Validation loss 108483.36328125
2022-01-24 14:10:39,400:INFO:Epoch 116, Training loss 108408.89453125, Validation loss 108484.736328125
2022-01-24 14:10:41,932:INFO:Epoch 117, Training loss 108407.8046875, Validation loss 108484.451171875
2022-01-24 14:10:44,465:INFO:Epoch 118, Training loss 108405.96484375, Validation loss 108482.900390625
2022-01-24 14:10:46,952:INFO:Epoch 119, Training loss 108403.0234375, Validation loss 108483.296875
2022-01-24 14:10:49,497:INFO:Epoch 120, Training loss 108404.537109375, Validation loss 108483.703125
2022-01-24 14:10:51,992:INFO:Epoch 121, Training loss 108402.92578125, Validation loss 108485.509765625
2022-01-24 14:10:54,562:INFO:Epoch 122, Training loss 108403.669921875, Validation loss 108484.126953125
2022-01-24 14:10:57,054:INFO:Epoch 123, Training loss 108402.150390625, Validation loss 108483.12109375
2022-01-24 14:10:59,583:INFO:Epoch 124, Training loss 108402.326171875, Validation loss 108485.064453125
2022-01-24 14:11:02,080:INFO:Epoch 125, Training loss 108402.76953125, Validation loss 108485.26171875
2022-01-24 14:11:04,634:INFO:Epoch 126, Training loss 108403.4375, Validation loss 108485.1953125
2022-01-24 14:11:07,140:INFO:Epoch 127, Training loss 108402.169921875, Validation loss 108485.904296875
2022-01-24 14:11:09,659:INFO:Epoch 128, Training loss 108403.59375, Validation loss 108486.791015625
2022-01-24 14:11:12,176:INFO:Epoch 129, Training loss 108402.439453125, Validation loss 108485.908203125
2022-01-24 14:11:14,725:INFO:Epoch 130, Training loss 108402.86328125, Validation loss 108484.748046875
2022-01-24 14:11:17,235:INFO:Epoch 131, Training loss 108402.150390625, Validation loss 108485.171875
2022-01-24 14:11:19,748:INFO:Epoch 132, Training loss 108399.90625, Validation loss 108486.7265625
2022-01-24 14:11:22,275:INFO:Epoch 133, Training loss 108399.859375, Validation loss 108485.96875
2022-01-24 14:11:24,817:INFO:Epoch 134, Training loss 108399.837890625, Validation loss 108485.416015625
2022-01-24 14:11:27,344:INFO:Epoch 135, Training loss 108400.3359375, Validation loss 108484.931640625
2022-01-24 14:11:29,847:INFO:Epoch 136, Training loss 108398.98046875, Validation loss 108485.046875
2022-01-24 14:11:32,373:INFO:Epoch 137, Training loss 108398.298828125, Validation loss 108486.0546875
2022-01-24 14:11:34,901:INFO:Epoch 138, Training loss 108398.138671875, Validation loss 108486.185546875
2022-01-24 14:11:37,439:INFO:Epoch 139, Training loss 108401.634765625, Validation loss 108486.47265625
2022-01-24 14:11:39,926:INFO:Epoch 140, Training loss 108397.44921875, Validation loss 108489.544921875
2022-01-24 14:11:42,472:INFO:Epoch 141, Training loss 108399.30078125, Validation loss 108487.67578125
2022-01-24 14:11:44,962:INFO:Epoch 142, Training loss 108397.66796875, Validation loss 108487.1640625
2022-01-24 14:11:47,525:INFO:Epoch 143, Training loss 108397.109375, Validation loss 108484.96875
2022-01-24 14:11:47,531:INFO:Finished training
