1.314528652343750000e+05
1.240873417968750000e+05
1.189538554687500000e+05
1.153040527343750000e+05
1.126043222656250000e+05
1.106583789062500000e+05
1.096126074218750000e+05
1.095200761718750000e+05
1.096028046875000000e+05
1.094682792968750000e+05
1.093287832031250000e+05
1.092840292968750000e+05
1.092705839843750000e+05
1.092360234375000000e+05
1.091981855468750000e+05
1.091689648437500000e+05
1.091426210937500000e+05
1.091135019531250000e+05
1.090829785156250000e+05
1.090512246093750000e+05
1.090173984375000000e+05
1.089806679687500000e+05
1.089427988281250000e+05
1.089005488281250000e+05
1.088552656250000000e+05
1.088089375000000000e+05
1.087648496093750000e+05
1.087233222656250000e+05
1.086914492187500000e+05
1.086696953125000000e+05
1.086513750000000000e+05
1.086419140625000000e+05
1.086348183593750000e+05
1.086288652343750000e+05
1.086239589843750000e+05
1.086217675781250000e+05
1.086190371093750000e+05
1.086180683593750000e+05
1.086130898437500000e+05
1.086121347656250000e+05
1.086103593750000000e+05
1.086084726562500000e+05
1.086073164062500000e+05
1.086075546875000000e+05
1.086054003906250000e+05
1.086041132812500000e+05
1.086025683593750000e+05
1.086007402343750000e+05
1.086003750000000000e+05
1.085998105468750000e+05
1.085983007812500000e+05
1.085967128906250000e+05
1.085967968750000000e+05
1.085957285156250000e+05
1.085965371093750000e+05
1.085946152343750000e+05
1.085934804687500000e+05
1.085936699218750000e+05
1.085921484375000000e+05
1.085915332031250000e+05
1.085905664062500000e+05
1.085906601562500000e+05
1.085899785156250000e+05
1.085893808593750000e+05
1.085891269531250000e+05
1.085925234375000000e+05
1.085911269531250000e+05
1.085896328125000000e+05
1.085863242187500000e+05
1.085855117187500000e+05
1.085852988281250000e+05
1.085850917968750000e+05
1.085844843750000000e+05
1.085836386718750000e+05
1.085867382812500000e+05
1.085851191406250000e+05
1.085821113281250000e+05
1.085812675781250000e+05
1.085820566406250000e+05
1.085808066406250000e+05
1.085808964843750000e+05
1.085824628906250000e+05
1.085823671875000000e+05
1.085806972656250000e+05
1.085809140625000000e+05
1.085791406250000000e+05
1.085782382812500000e+05
1.085793300781250000e+05
1.085767675781250000e+05
1.085772050781250000e+05
1.085757246093750000e+05
1.085764199218750000e+05
1.085778730468750000e+05
1.085749765625000000e+05
1.085757480468750000e+05
1.085753105468750000e+05
1.085763300781250000e+05
1.085730976562500000e+05
1.085741699218750000e+05
1.085721914062500000e+05
1.085750175781250000e+05
1.085717597656250000e+05
1.085751406250000000e+05
1.085728964843750000e+05
1.085700761718750000e+05
1.085754589843750000e+05
1.085696933593750000e+05
1.085714414062500000e+05
1.085689277343750000e+05
1.085682167968750000e+05
1.085685312500000000e+05
1.085679355468750000e+05
1.085675507812500000e+05
1.085671699218750000e+05
1.085678300781250000e+05
1.085661191406250000e+05
1.085658906250000000e+05
1.085662343750000000e+05
1.085652792968750000e+05
1.085673691406250000e+05
1.085645605468750000e+05
1.085661093750000000e+05
1.085656523437500000e+05
1.085648027343750000e+05
1.085642773437500000e+05
1.085653359375000000e+05
1.085672890625000000e+05
1.085642031250000000e+05
1.085656816406250000e+05
1.085618906250000000e+05
1.085620781250000000e+05
1.085607558593750000e+05
1.085628242187500000e+05
1.085603808593750000e+05
1.085596757812500000e+05
1.085623359375000000e+05
1.085593613281250000e+05
1.085634628906250000e+05
1.085582226562500000e+05
1.085603359375000000e+05
1.085611757812500000e+05
1.085603066406250000e+05
1.085608496093750000e+05
1.085590957031250000e+05
1.085622382812500000e+05
1.085590351562500000e+05
1.085588457031250000e+05
1.085609277343750000e+05
1.085595156250000000e+05
1.085592050781250000e+05
1.085592988281250000e+05
1.085587011718750000e+05
1.085597324218750000e+05
