7.747047753906250000e+04
7.464928125000000000e+04
7.382979785156250000e+04
7.380296679687500000e+04
7.389856835937500000e+04
7.386640429687500000e+04
7.378252148437500000e+04
7.374211035156250000e+04
7.374596679687500000e+04
7.374936914062500000e+04
7.374220507812500000e+04
7.373717187500000000e+04
7.373668652343750000e+04
7.373715234375000000e+04
7.373674218750000000e+04
7.373583105468750000e+04
7.373564843750000000e+04
7.373537109375000000e+04
7.373508691406250000e+04
7.373479003906250000e+04
7.373450585937500000e+04
7.373434082031250000e+04
7.373421679687500000e+04
7.373395800781250000e+04
7.373377734375000000e+04
7.373359277343750000e+04
7.373342675781250000e+04
7.373317382812500000e+04
7.373299121093750000e+04
7.373286523437500000e+04
7.373269238281250000e+04
7.373247265625000000e+04
7.373232519531250000e+04
7.373204199218750000e+04
7.373182910156250000e+04
7.373177539062500000e+04
7.373147460937500000e+04
7.373123339843750000e+04
7.373115039062500000e+04
7.373079882812500000e+04
7.373064550781250000e+04
7.373036718750000000e+04
7.373000000000000000e+04
7.372980175781250000e+04
7.372947558593750000e+04
7.372927148437500000e+04
7.372911816406250000e+04
7.372862500000000000e+04
7.372874902343750000e+04
7.372833886718750000e+04
7.372805273437500000e+04
7.372778320312500000e+04
7.372752734375000000e+04
7.372746289062500000e+04
7.372716308593750000e+04
7.372706152343750000e+04
7.372669335937500000e+04
7.372665332031250000e+04
7.372654980468750000e+04
7.372614355468750000e+04
7.372586425781250000e+04
7.372573144531250000e+04
7.372583007812500000e+04
7.372525000000000000e+04
7.372527148437500000e+04
7.372477050781250000e+04
