2.080677148437500000e+05
2.080677148437500000e+05
2.080677148437500000e+05
2.080677148437500000e+05
2.080677148437500000e+05
2.080677148437500000e+05
2.080677148437500000e+05
2.080677148437500000e+05
2.080677148437500000e+05
2.080677148437500000e+05
2.080677148437500000e+05
1.620686425781250000e+05
1.404456386718750000e+05
1.250518164062500000e+05
1.157526621093750000e+05
1.109455273437500000e+05
1.094838925781250000e+05
1.097292890625000000e+05
1.098577167968750000e+05
1.096210683593750000e+05
1.093898242187500000e+05
1.092872753906250000e+05
1.092662324218750000e+05
1.092623789062500000e+05
1.092486660156250000e+05
1.092256992187500000e+05
1.092029101562500000e+05
1.091825625000000000e+05
1.091648144531250000e+05
1.091459062500000000e+05
1.091260546875000000e+05
1.091035000000000000e+05
1.090798066406250000e+05
1.090532207031250000e+05
1.090242890625000000e+05
1.089902304687500000e+05
1.089508320312500000e+05
1.089102871093750000e+05
1.088643300781250000e+05
1.088199355468750000e+05
1.087772421875000000e+05
1.087375761718750000e+05
1.087064042968750000e+05
1.086862500000000000e+05
1.086710078125000000e+05
1.086606835937500000e+05
1.086522949218750000e+05
1.086464199218750000e+05
1.086409414062500000e+05
1.086358515625000000e+05
1.086322792968750000e+05
1.086287578125000000e+05
1.086257539062500000e+05
1.086235917968750000e+05
1.086200449218750000e+05
1.086171523437500000e+05
1.086151015625000000e+05
1.086135839843750000e+05
1.086112109375000000e+05
1.086107695312500000e+05
1.086087578125000000e+05
1.086072500000000000e+05
1.086064003906250000e+05
1.086055097656250000e+05
1.086040449218750000e+05
1.086028046875000000e+05
1.086024843750000000e+05
1.086011914062500000e+05
1.085998886718750000e+05
1.085993593750000000e+05
1.085988554687500000e+05
1.085970351562500000e+05
1.085975859375000000e+05
1.085960976562500000e+05
1.085950156250000000e+05
1.085933496093750000e+05
1.085923554687500000e+05
1.085922578125000000e+05
1.085918417968750000e+05
1.085916718750000000e+05
1.085912832031250000e+05
1.085896308593750000e+05
1.085907265625000000e+05
1.085883808593750000e+05
1.085883300781250000e+05
1.085881328125000000e+05
1.085872246093750000e+05
1.085865078125000000e+05
1.085854980468750000e+05
1.085855253906250000e+05
1.085849042968750000e+05
1.085832675781250000e+05
1.085842636718750000e+05
1.085836953125000000e+05
1.085827167968750000e+05
1.085826562500000000e+05
1.085823164062500000e+05
1.085819628906250000e+05
1.085825898437500000e+05
1.085817792968750000e+05
1.085823222656250000e+05
1.085801171875000000e+05
1.085808417968750000e+05
1.085800566406250000e+05
1.085792187500000000e+05
1.085787304687500000e+05
1.085780117187500000e+05
1.085781816406250000e+05
1.085779863281250000e+05
1.085774921875000000e+05
1.085775312500000000e+05
1.085786484375000000e+05
1.085764531250000000e+05
1.085768867187500000e+05
1.085765976562500000e+05
1.085752929687500000e+05
1.085764121093750000e+05
1.085746093750000000e+05
1.085755292968750000e+05
1.085750156250000000e+05
1.085747460937500000e+05
1.085738085937500000e+05
1.085737578125000000e+05
1.085738320312500000e+05
1.085748671875000000e+05
1.085742500000000000e+05
1.085721152343750000e+05
1.085719824218750000e+05
1.085721445312500000e+05
1.085726621093750000e+05
1.085719257812500000e+05
1.085715605468750000e+05
1.085720058593750000e+05
