2022-03-03 14:19:16,012:INFO:All directories created, ready to load the data
2022-03-03 14:19:16,113:INFO:Dataset loaded from /data/theorie/jthoeve/training_data/zh/features_mzh_y_ptz_v2/lin/cHq3/events_19.pkl.gz
2022-03-03 14:19:16,158:INFO:Dataset loaded from /data/theorie/jthoeve/training_data/zh/features_mzh_y_ptz_v2/sm/events_19.pkl.gz
2022-03-03 14:19:18,423:INFO:Epoch 1, Training loss 73831.0869140625, Validation loss 73824.0537109375
2022-03-03 14:19:20,725:INFO:Epoch 2, Training loss 73811.2021484375, Validation loss 73810.8271484375
2022-03-03 14:19:22,963:INFO:Epoch 3, Training loss 73810.7783203125, Validation loss 73807.3046875
2022-03-03 14:19:25,213:INFO:Epoch 4, Training loss 73805.3759765625, Validation loss 73810.0712890625
2022-03-03 14:19:27,466:INFO:Epoch 5, Training loss 73805.4072265625, Validation loss 73807.255859375
2022-03-03 14:19:29,815:INFO:Epoch 6, Training loss 73804.1240234375, Validation loss 73807.95703125
2022-03-03 14:19:32,062:INFO:Epoch 7, Training loss 73802.9755859375, Validation loss 73807.8837890625
2022-03-03 14:19:34,305:INFO:Epoch 8, Training loss 73802.7470703125, Validation loss 73807.005859375
2022-03-03 14:19:36,546:INFO:Epoch 9, Training loss 73801.8798828125, Validation loss 73807.388671875
2022-03-03 14:19:38,820:INFO:Epoch 10, Training loss 73801.21484375, Validation loss 73807.9736328125
2022-03-03 14:19:41,300:INFO:Epoch 11, Training loss 73800.646484375, Validation loss 73808.064453125
2022-03-03 14:19:43,530:INFO:Epoch 12, Training loss 73800.283203125, Validation loss 73808.23046875
2022-03-03 14:19:45,790:INFO:Epoch 13, Training loss 73799.70703125, Validation loss 73808.2724609375
2022-03-03 14:19:48,049:INFO:Epoch 14, Training loss 73799.638671875, Validation loss 73808.130859375
2022-03-03 14:19:50,319:INFO:Epoch 15, Training loss 73799.16796875, Validation loss 73808.1767578125
2022-03-03 14:19:52,535:INFO:Epoch 16, Training loss 73798.9140625, Validation loss 73809.1728515625
2022-03-03 14:19:54,799:INFO:Epoch 17, Training loss 73799.3056640625, Validation loss 73810.03515625
2022-03-03 14:19:57,018:INFO:Epoch 18, Training loss 73798.3779296875, Validation loss 73809.2724609375
2022-03-03 14:19:59,337:INFO:Epoch 19, Training loss 73798.658203125, Validation loss 73808.6630859375
2022-03-03 14:20:01,558:INFO:Epoch 20, Training loss 73798.4111328125, Validation loss 73809.984375
2022-03-03 14:20:03,819:INFO:Epoch 21, Training loss 73798.1416015625, Validation loss 73811.037109375
2022-03-03 14:20:06,049:INFO:Epoch 22, Training loss 73797.23828125, Validation loss 73810.421875
2022-03-03 14:20:08,361:INFO:Epoch 23, Training loss 73796.9384765625, Validation loss 73809.6552734375
2022-03-03 14:20:10,590:INFO:Epoch 24, Training loss 73796.87890625, Validation loss 73810.70703125
2022-03-03 14:20:12,834:INFO:Epoch 25, Training loss 73795.8359375, Validation loss 73810.794921875
2022-03-03 14:20:15,080:INFO:Epoch 26, Training loss 73795.7119140625, Validation loss 73811.029296875
2022-03-03 14:20:17,362:INFO:Epoch 27, Training loss 73795.1318359375, Validation loss 73811.162109375
2022-03-03 14:20:19,609:INFO:Epoch 28, Training loss 73794.517578125, Validation loss 73811.4912109375
2022-03-03 14:20:21,835:INFO:Epoch 29, Training loss 73794.6328125, Validation loss 73811.2763671875
2022-03-03 14:20:24,071:INFO:Epoch 30, Training loss 73794.083984375, Validation loss 73811.1923828125
2022-03-03 14:20:26,337:INFO:Epoch 31, Training loss 73793.697265625, Validation loss 73812.1904296875
2022-03-03 14:20:28,595:INFO:Epoch 32, Training loss 73793.103515625, Validation loss 73812.1162109375
2022-03-03 14:20:30,811:INFO:Epoch 33, Training loss 73792.546875, Validation loss 73811.88671875
2022-03-03 14:20:33,079:INFO:Epoch 34, Training loss 73792.5859375, Validation loss 73812.126953125
2022-03-03 14:20:35,347:INFO:Epoch 35, Training loss 73791.81640625, Validation loss 73812.990234375
2022-03-03 14:20:37,609:INFO:Epoch 36, Training loss 73792.130859375, Validation loss 73813.01953125
2022-03-03 14:20:39,822:INFO:Epoch 37, Training loss 73792.1123046875, Validation loss 73811.552734375
2022-03-03 14:20:42,084:INFO:Epoch 38, Training loss 73790.86328125, Validation loss 73813.236328125
2022-03-03 14:20:44,300:INFO:Epoch 39, Training loss 73790.08984375, Validation loss 73813.388671875
2022-03-03 14:20:46,615:INFO:Epoch 40, Training loss 73790.109375, Validation loss 73814.1572265625
2022-03-03 14:20:48,833:INFO:Epoch 41, Training loss 73789.5986328125, Validation loss 73815.05859375
2022-03-03 14:20:51,094:INFO:Epoch 42, Training loss 73790.6787109375, Validation loss 73812.23046875
2022-03-03 14:20:53,312:INFO:Epoch 43, Training loss 73788.2890625, Validation loss 73816.0283203125
2022-03-03 14:20:55,604:INFO:Epoch 44, Training loss 73788.2646484375, Validation loss 73814.9140625
2022-03-03 14:20:57,843:INFO:Epoch 45, Training loss 73787.9423828125, Validation loss 73813.7568359375
2022-03-03 14:21:00,077:INFO:Epoch 46, Training loss 73787.8828125, Validation loss 73815.8291015625
2022-03-03 14:21:02,313:INFO:Epoch 47, Training loss 73786.9921875, Validation loss 73814.8349609375
2022-03-03 14:21:04,598:INFO:Epoch 48, Training loss 73787.052734375, Validation loss 73817.9130859375
2022-03-03 14:21:06,849:INFO:Epoch 49, Training loss 73786.41796875, Validation loss 73815.9287109375
2022-03-03 14:21:09,081:INFO:Epoch 50, Training loss 73787.720703125, Validation loss 73816.0546875
2022-03-03 14:21:11,322:INFO:Epoch 51, Training loss 73785.6337890625, Validation loss 73814.0029296875
2022-03-03 14:21:13,597:INFO:Epoch 52, Training loss 73784.6962890625, Validation loss 73817.8916015625
2022-03-03 14:21:15,851:INFO:Epoch 53, Training loss 73786.0234375, Validation loss 73820.2744140625
2022-03-03 14:21:18,069:INFO:Epoch 54, Training loss 73782.671875, Validation loss 73816.65625
2022-03-03 14:21:20,338:INFO:Epoch 55, Training loss 73783.4814453125, Validation loss 73817.8447265625
2022-03-03 14:21:22,602:INFO:Epoch 56, Training loss 73784.173828125, Validation loss 73820.4462890625
2022-03-03 14:21:24,872:INFO:Epoch 57, Training loss 73781.2421875, Validation loss 73819.12109375
2022-03-03 14:21:27,088:INFO:Epoch 58, Training loss 73781.4970703125, Validation loss 73819.6962890625
2022-03-03 14:21:27,101:INFO:Finished training
