1.837694140625000000e+05
1.837694101562500000e+05
1.837694101562500000e+05
1.837694101562500000e+05
1.837694062500000000e+05
1.837694101562500000e+05
1.837694101562500000e+05
1.837694101562500000e+05
1.837694023437500000e+05
1.837694101562500000e+05
1.837694101562500000e+05
1.837694062500000000e+05
1.837694101562500000e+05
1.837694101562500000e+05
1.837694062500000000e+05
1.837694101562500000e+05
1.495551914062500000e+05
1.481221992187500000e+05
1.460873300781250000e+05
1.443195781250000000e+05
1.439561757812500000e+05
1.439001855468750000e+05
1.437234199218750000e+05
1.436954335937500000e+05
1.436544042968750000e+05
1.436420468750000000e+05
1.436207656250000000e+05
1.436234199218750000e+05
1.436099921875000000e+05
1.436069414062500000e+05
1.436005898437500000e+05
1.436016855468750000e+05
1.435961523437500000e+05
1.435911230468750000e+05
1.435941367187500000e+05
1.435918222656250000e+05
1.436000878906250000e+05
1.435885996093750000e+05
1.435867656250000000e+05
1.435821601562500000e+05
1.435852832031250000e+05
1.435825644531250000e+05
1.435844023437500000e+05
1.435872480468750000e+05
1.435849218750000000e+05
1.435771191406250000e+05
1.435795312500000000e+05
1.435762187500000000e+05
1.435747832031250000e+05
1.435712675781250000e+05
1.435780800781250000e+05
1.435820039062500000e+05
1.435842363281250000e+05
1.435777441406250000e+05
1.435752539062500000e+05
1.435810507812500000e+05
1.435743046875000000e+05
1.435770546875000000e+05
1.435683945312500000e+05
1.435718574218750000e+05
1.435759238281250000e+05
1.435757265625000000e+05
1.435876210937500000e+05
1.436020898437500000e+05
1.435998339843750000e+05
1.435985156250000000e+05
1.436079121093750000e+05
1.436051992187500000e+05
1.435850781250000000e+05
1.435918320312500000e+05
1.435738125000000000e+05
1.435708300781250000e+05
1.435668515625000000e+05
1.435704003906250000e+05
1.435705546875000000e+05
1.435642968750000000e+05
1.435662734375000000e+05
1.435702832031250000e+05
1.435645703125000000e+05
1.435703847656250000e+05
1.435676230468750000e+05
1.435701875000000000e+05
1.435779023437500000e+05
1.435699960937500000e+05
1.435661582031250000e+05
1.435649492187500000e+05
1.435660781250000000e+05
1.435651699218750000e+05
1.435616953125000000e+05
1.435641523437500000e+05
1.435675957031250000e+05
1.435628066406250000e+05
1.435620507812500000e+05
1.435617050781250000e+05
1.435607871093750000e+05
1.435599980468750000e+05
1.435600078125000000e+05
1.435641972656250000e+05
1.435656015625000000e+05
1.435581718750000000e+05
1.435692812500000000e+05
1.435633242187500000e+05
1.435650820312500000e+05
1.435657597656250000e+05
1.435585136718750000e+05
1.435617617187500000e+05
1.435758847656250000e+05
1.435682792968750000e+05
1.435708164062500000e+05
1.435658671875000000e+05
1.435614726562500000e+05
1.435625742187500000e+05
1.435675058593750000e+05
1.435625117187500000e+05
1.435694453125000000e+05
1.435774550781250000e+05
1.435671347656250000e+05
1.435677578125000000e+05
1.435657089843750000e+05
1.435617382812500000e+05
1.435597050781250000e+05
1.435601542968750000e+05
1.435569882812500000e+05
1.435594375000000000e+05
1.435640820312500000e+05
1.435586503906250000e+05
1.435585878906250000e+05
1.435612343750000000e+05
1.435589121093750000e+05
1.435602167968750000e+05
1.435605742187500000e+05
1.435599433593750000e+05
1.435585996093750000e+05
1.435590566406250000e+05
1.435590136718750000e+05
1.435670019531250000e+05
1.435588574218750000e+05
1.435696855468750000e+05
1.435655410156250000e+05
1.435601718750000000e+05
1.435667324218750000e+05
1.435583515625000000e+05
1.435568574218750000e+05
1.435606250000000000e+05
1.435636289062500000e+05
1.435681347656250000e+05
1.435655546875000000e+05
1.435623730468750000e+05
1.435609648437500000e+05
