2022-01-24 14:05:53,523:INFO:All directories created, ready to load the data
2022-01-24 14:05:53,559:INFO:Dataset loaded from /data/theorie/jthoeve/event_generation/events_high_stats/pT/lin/cHW/events_10.npy
2022-01-24 14:05:53,601:INFO:Dataset loaded from /data/theorie/jthoeve/event_generation/events_high_stats/pT/sm/events_10.npy
2022-01-24 14:05:56,027:INFO:Epoch 1, Training loss 207953.9453125, Validation loss 207953.9453125
2022-01-24 14:05:58,438:INFO:Epoch 2, Training loss 207953.9453125, Validation loss 207953.9453125
2022-01-24 14:06:00,846:INFO:Epoch 3, Training loss 207953.9453125, Validation loss 207953.9453125
2022-01-24 14:06:03,308:INFO:Epoch 4, Training loss 207953.9453125, Validation loss 207953.9453125
2022-01-24 14:06:05,779:INFO:Epoch 5, Training loss 207953.9453125, Validation loss 207953.9453125
2022-01-24 14:06:08,251:INFO:Epoch 6, Training loss 207953.9453125, Validation loss 207953.9453125
2022-01-24 14:06:10,730:INFO:Epoch 7, Training loss 207953.9453125, Validation loss 207953.9453125
2022-01-24 14:06:13,224:INFO:Epoch 8, Training loss 207953.9453125, Validation loss 207953.9453125
2022-01-24 14:06:15,718:INFO:Epoch 9, Training loss 207953.9453125, Validation loss 207953.9453125
2022-01-24 14:06:18,175:INFO:Epoch 10, Training loss 207953.9453125, Validation loss 207953.9453125
2022-01-24 14:06:20,667:INFO:Epoch 11, Training loss 207953.9453125, Validation loss 207953.9453125
2022-01-24 14:06:20,671:INFO:Detected stagant training, reset the weights
2022-01-24 14:06:23,158:INFO:Epoch 12, Training loss 122317.09765625, Validation loss 120164.87890625
2022-01-24 14:06:25,656:INFO:Epoch 13, Training loss 118550.306640625, Validation loss 116213.578125
2022-01-24 14:06:28,262:INFO:Epoch 14, Training loss 114837.48046875, Validation loss 112837.984375
2022-01-24 14:06:30,760:INFO:Epoch 15, Training loss 111635.806640625, Validation loss 110098.0078125
2022-01-24 14:06:33,217:INFO:Epoch 16, Training loss 109628.40234375, Validation loss 109498.51953125
2022-01-24 14:06:35,748:INFO:Epoch 17, Training loss 109666.169921875, Validation loss 109796.98828125
2022-01-24 14:06:38,212:INFO:Epoch 18, Training loss 109636.5546875, Validation loss 109393.244140625
2022-01-24 14:06:40,710:INFO:Epoch 19, Training loss 109272.09375, Validation loss 109187.3671875
2022-01-24 14:06:43,180:INFO:Epoch 20, Training loss 109181.80859375, Validation loss 109187.357421875
2022-01-24 14:06:45,711:INFO:Epoch 21, Training loss 109175.1953125, Validation loss 109151.109375
2022-01-24 14:06:48,208:INFO:Epoch 22, Training loss 109125.9609375, Validation loss 109095.126953125
2022-01-24 14:06:50,689:INFO:Epoch 23, Training loss 109081.6640625, Validation loss 109069.73828125
2022-01-24 14:06:53,167:INFO:Epoch 24, Training loss 109060.6328125, Validation loss 109043.015625
2022-01-24 14:06:55,670:INFO:Epoch 25, Training loss 109029.134765625, Validation loss 109005.525390625
2022-01-24 14:06:58,143:INFO:Epoch 26, Training loss 108993.98046875, Validation loss 108972.232421875
2022-01-24 14:07:00,618:INFO:Epoch 27, Training loss 108958.716796875, Validation loss 108933.92578125
2022-01-24 14:07:03,111:INFO:Epoch 28, Training loss 108919.443359375, Validation loss 108893.767578125
2022-01-24 14:07:05,614:INFO:Epoch 29, Training loss 108878.529296875, Validation loss 108848.541015625
2022-01-24 14:07:08,107:INFO:Epoch 30, Training loss 108830.294921875, Validation loss 108799.15234375
2022-01-24 14:07:10,569:INFO:Epoch 31, Training loss 108778.591796875, Validation loss 108745.759765625
2022-01-24 14:07:13,065:INFO:Epoch 32, Training loss 108724.478515625, Validation loss 108692.580078125
2022-01-24 14:07:15,559:INFO:Epoch 33, Training loss 108671.509765625, Validation loss 108641.341796875
2022-01-24 14:07:18,055:INFO:Epoch 34, Training loss 108621.189453125, Validation loss 108596.34765625
2022-01-24 14:07:20,508:INFO:Epoch 35, Training loss 108580.431640625, Validation loss 108563.3828125
2022-01-24 14:07:23,012:INFO:Epoch 36, Training loss 108549.87890625, Validation loss 108542.998046875
2022-01-24 14:07:25,475:INFO:Epoch 37, Training loss 108530.599609375, Validation loss 108530.1328125
2022-01-24 14:07:27,999:INFO:Epoch 38, Training loss 108517.318359375, Validation loss 108526.623046875
2022-01-24 14:07:30,458:INFO:Epoch 39, Training loss 108510.751953125, Validation loss 108525.826171875
2022-01-24 14:07:32,955:INFO:Epoch 40, Training loss 108506.6328125, Validation loss 108526.3203125
2022-01-24 14:07:35,417:INFO:Epoch 41, Training loss 108504.150390625, Validation loss 108525.408203125
2022-01-24 14:07:37,932:INFO:Epoch 42, Training loss 108501.658203125, Validation loss 108525.685546875
2022-01-24 14:07:40,397:INFO:Epoch 43, Training loss 108499.23046875, Validation loss 108524.6171875
2022-01-24 14:07:42,881:INFO:Epoch 44, Training loss 108497.19140625, Validation loss 108523.486328125
2022-01-24 14:07:45,357:INFO:Epoch 45, Training loss 108496.177734375, Validation loss 108523.36328125
2022-01-24 14:07:47,868:INFO:Epoch 46, Training loss 108496.44140625, Validation loss 108522.9609375
2022-01-24 14:07:50,357:INFO:Epoch 47, Training loss 108494.3203125, Validation loss 108522.71875
2022-01-24 14:07:52,830:INFO:Epoch 48, Training loss 108493.10546875, Validation loss 108520.84375
2022-01-24 14:07:55,317:INFO:Epoch 49, Training loss 108491.703125, Validation loss 108520.5546875
2022-01-24 14:07:57,826:INFO:Epoch 50, Training loss 108490.1015625, Validation loss 108520.546875
2022-01-24 14:08:00,318:INFO:Epoch 51, Training loss 108489.412109375, Validation loss 108520.11328125
2022-01-24 14:08:02,778:INFO:Epoch 52, Training loss 108489.341796875, Validation loss 108519.025390625
2022-01-24 14:08:05,280:INFO:Epoch 53, Training loss 108488.630859375, Validation loss 108520.466796875
2022-01-24 14:08:07,779:INFO:Epoch 54, Training loss 108486.845703125, Validation loss 108518.806640625
2022-01-24 14:08:10,276:INFO:Epoch 55, Training loss 108488.181640625, Validation loss 108518.828125
2022-01-24 14:08:12,736:INFO:Epoch 56, Training loss 108484.869140625, Validation loss 108521.04296875
2022-01-24 14:08:15,242:INFO:Epoch 57, Training loss 108486.982421875, Validation loss 108520.513671875
2022-01-24 14:08:17,711:INFO:Epoch 58, Training loss 108484.21484375, Validation loss 108518.427734375
2022-01-24 14:08:20,252:INFO:Epoch 59, Training loss 108485.724609375, Validation loss 108518.3203125
2022-01-24 14:08:22,716:INFO:Epoch 60, Training loss 108483.720703125, Validation loss 108520.802734375
2022-01-24 14:08:25,216:INFO:Epoch 61, Training loss 108483.826171875, Validation loss 108519.4375
2022-01-24 14:08:27,700:INFO:Epoch 62, Training loss 108482.890625, Validation loss 108519.1640625
2022-01-24 14:08:30,234:INFO:Epoch 63, Training loss 108482.669921875, Validation loss 108518.201171875
2022-01-24 14:08:32,716:INFO:Epoch 64, Training loss 108481.01171875, Validation loss 108521.29296875
2022-01-24 14:08:35,208:INFO:Epoch 65, Training loss 108482.3828125, Validation loss 108519.787109375
2022-01-24 14:08:37,689:INFO:Epoch 66, Training loss 108480.81640625, Validation loss 108519.921875
2022-01-24 14:08:40,210:INFO:Epoch 67, Training loss 108482.115234375, Validation loss 108519.111328125
2022-01-24 14:08:42,698:INFO:Epoch 68, Training loss 108481.33984375, Validation loss 108521.1875
2022-01-24 14:08:45,164:INFO:Epoch 69, Training loss 108479.611328125, Validation loss 108519.0703125
2022-01-24 14:08:47,648:INFO:Epoch 70, Training loss 108480.48046875, Validation loss 108520.251953125
2022-01-24 14:08:50,151:INFO:Epoch 71, Training loss 108476.951171875, Validation loss 108522.80078125
2022-01-24 14:08:52,637:INFO:Epoch 72, Training loss 108478.16015625, Validation loss 108520.921875
2022-01-24 14:08:55,102:INFO:Epoch 73, Training loss 108479.85546875, Validation loss 108520.080078125
2022-01-24 14:08:57,598:INFO:Epoch 74, Training loss 108477.66015625, Validation loss 108521.11328125
2022-01-24 14:09:00,083:INFO:Epoch 75, Training loss 108478.78125, Validation loss 108520.802734375
2022-01-24 14:09:02,581:INFO:Epoch 76, Training loss 108477.216796875, Validation loss 108520.7109375
2022-01-24 14:09:05,036:INFO:Epoch 77, Training loss 108476.478515625, Validation loss 108522.54296875
2022-01-24 14:09:07,543:INFO:Epoch 78, Training loss 108477.2734375, Validation loss 108523.46875
2022-01-24 14:09:10,002:INFO:Epoch 79, Training loss 108474.87109375, Validation loss 108521.42578125
2022-01-24 14:09:12,527:INFO:Epoch 80, Training loss 108474.337890625, Validation loss 108520.46484375
2022-01-24 14:09:14,988:INFO:Epoch 81, Training loss 108473.751953125, Validation loss 108524.42578125
2022-01-24 14:09:17,482:INFO:Epoch 82, Training loss 108473.9375, Validation loss 108520.77734375
2022-01-24 14:09:19,952:INFO:Epoch 83, Training loss 108473.53515625, Validation loss 108520.853515625
2022-01-24 14:09:22,468:INFO:Epoch 84, Training loss 108473.263671875, Validation loss 108520.353515625
2022-01-24 14:09:24,933:INFO:Epoch 85, Training loss 108472.125, Validation loss 108522.6328125
2022-01-24 14:09:27,422:INFO:Epoch 86, Training loss 108471.654296875, Validation loss 108521.314453125
2022-01-24 14:09:29,911:INFO:Epoch 87, Training loss 108471.744140625, Validation loss 108521.728515625
2022-01-24 14:09:32,429:INFO:Epoch 88, Training loss 108471.3125, Validation loss 108522.279296875
2022-01-24 14:09:34,920:INFO:Epoch 89, Training loss 108473.974609375, Validation loss 108522.052734375
2022-01-24 14:09:37,407:INFO:Epoch 90, Training loss 108473.302734375, Validation loss 108523.728515625
2022-01-24 14:09:39,910:INFO:Epoch 91, Training loss 108471.23828125, Validation loss 108521.9453125
2022-01-24 14:09:42,431:INFO:Epoch 92, Training loss 108472.01171875, Validation loss 108521.5234375
2022-01-24 14:09:44,924:INFO:Epoch 93, Training loss 108470.40234375, Validation loss 108522.755859375
2022-01-24 14:09:47,402:INFO:Epoch 94, Training loss 108469.416015625, Validation loss 108522.51171875
2022-01-24 14:09:49,922:INFO:Epoch 95, Training loss 108472.150390625, Validation loss 108521.80078125
2022-01-24 14:09:52,450:INFO:Epoch 96, Training loss 108469.9375, Validation loss 108523.765625
2022-01-24 14:09:54,962:INFO:Epoch 97, Training loss 108470.779296875, Validation loss 108522.689453125
2022-01-24 14:09:57,430:INFO:Epoch 98, Training loss 108471.263671875, Validation loss 108524.341796875
2022-01-24 14:09:59,952:INFO:Epoch 99, Training loss 108468.693359375, Validation loss 108522.40234375
2022-01-24 14:10:02,436:INFO:Epoch 100, Training loss 108468.529296875, Validation loss 108522.779296875
2022-01-24 14:10:04,978:INFO:Epoch 101, Training loss 108468.8515625, Validation loss 108523.1875
2022-01-24 14:10:07,454:INFO:Epoch 102, Training loss 108466.96875, Validation loss 108523.24609375
2022-01-24 14:10:09,960:INFO:Epoch 103, Training loss 108469.58984375, Validation loss 108523.080078125
2022-01-24 14:10:12,439:INFO:Epoch 104, Training loss 108469.572265625, Validation loss 108525.306640625
2022-01-24 14:10:14,976:INFO:Epoch 105, Training loss 108468.623046875, Validation loss 108524.357421875
2022-01-24 14:10:17,455:INFO:Epoch 106, Training loss 108469.228515625, Validation loss 108523.0234375
2022-01-24 14:10:19,947:INFO:Epoch 107, Training loss 108466.54296875, Validation loss 108524.267578125
2022-01-24 14:10:22,436:INFO:Epoch 108, Training loss 108466.78515625, Validation loss 108523.41015625
2022-01-24 14:10:24,964:INFO:Epoch 109, Training loss 108469.611328125, Validation loss 108522.431640625
2022-01-24 14:10:27,449:INFO:Epoch 110, Training loss 108465.986328125, Validation loss 108525.447265625
2022-01-24 14:10:29,926:INFO:Epoch 111, Training loss 108467.703125, Validation loss 108523.478515625
2022-01-24 14:10:32,423:INFO:Epoch 112, Training loss 108467.98828125, Validation loss 108525.060546875
2022-01-24 14:10:34,953:INFO:Epoch 113, Training loss 108465.794921875, Validation loss 108523.90625
2022-01-24 14:10:34,959:INFO:Finished training
