2022-01-24 14:09:30,071:INFO:All directories created, ready to load the data
2022-01-24 14:09:30,138:INFO:Dataset loaded from /data/theorie/jthoeve/event_generation/events_high_stats/pT/lin/cHq3/events_8.npy
2022-01-24 14:09:30,145:INFO:Dataset loaded from /data/theorie/jthoeve/event_generation/events_high_stats/pT/sm/events_8.npy
2022-01-24 14:09:32,582:INFO:Epoch 1, Training loss 84602.51953125, Validation loss 84602.51953125
2022-01-24 14:09:34,994:INFO:Epoch 2, Training loss 84602.51953125, Validation loss 84602.51953125
2022-01-24 14:09:37,405:INFO:Epoch 3, Training loss 84602.51953125, Validation loss 84602.51953125
2022-01-24 14:09:39,876:INFO:Epoch 4, Training loss 84602.51953125, Validation loss 84602.51953125
2022-01-24 14:09:42,351:INFO:Epoch 5, Training loss 84602.51953125, Validation loss 84602.51953125
2022-01-24 14:09:44,824:INFO:Epoch 6, Training loss 84602.51953125, Validation loss 84602.51953125
2022-01-24 14:09:47,312:INFO:Epoch 7, Training loss 84602.51953125, Validation loss 84602.51953125
2022-01-24 14:09:49,815:INFO:Epoch 8, Training loss 84602.51953125, Validation loss 84602.51953125
2022-01-24 14:09:52,308:INFO:Epoch 9, Training loss 84602.51953125, Validation loss 84602.51953125
2022-01-24 14:09:54,772:INFO:Epoch 10, Training loss 84602.51953125, Validation loss 84602.51953125
2022-01-24 14:09:57,321:INFO:Epoch 11, Training loss 84602.51953125, Validation loss 84602.51953125
2022-01-24 14:09:57,325:INFO:Detected stagant training, reset the weights
2022-01-24 14:09:59,815:INFO:Epoch 12, Training loss 77911.7900390625, Validation loss 75818.1474609375
2022-01-24 14:10:02,323:INFO:Epoch 13, Training loss 74958.20703125, Validation loss 74040.7509765625
2022-01-24 14:10:04,782:INFO:Epoch 14, Training loss 73830.95703125, Validation loss 73742.2431640625
2022-01-24 14:10:07,288:INFO:Epoch 15, Training loss 73814.8115234375, Validation loss 73893.568359375
2022-01-24 14:10:09,756:INFO:Epoch 16, Training loss 73882.2265625, Validation loss 73846.9755859375
2022-01-24 14:10:12,295:INFO:Epoch 17, Training loss 73801.5732421875, Validation loss 73743.095703125
2022-01-24 14:10:14,761:INFO:Epoch 18, Training loss 73721.005859375, Validation loss 73715.3701171875
2022-01-24 14:10:17,273:INFO:Epoch 19, Training loss 73722.9052734375, Validation loss 73727.5986328125
2022-01-24 14:10:19,749:INFO:Epoch 20, Training loss 73720.01953125, Validation loss 73713.439453125
2022-01-24 14:10:22,276:INFO:Epoch 21, Training loss 73710.119140625, Validation loss 73712.1953125
2022-01-24 14:10:24,768:INFO:Epoch 22, Training loss 73710.5517578125, Validation loss 73712.51171875
2022-01-24 14:10:27,268:INFO:Epoch 23, Training loss 73710.6259765625, Validation loss 73711.923828125
2022-01-24 14:10:29,756:INFO:Epoch 24, Training loss 73710.0107421875, Validation loss 73711.375
2022-01-24 14:10:32,277:INFO:Epoch 25, Training loss 73709.5693359375, Validation loss 73711.232421875
2022-01-24 14:10:34,769:INFO:Epoch 26, Training loss 73709.361328125, Validation loss 73711.244140625
2022-01-24 14:10:37,257:INFO:Epoch 27, Training loss 73709.2783203125, Validation loss 73711.248046875
2022-01-24 14:10:39,757:INFO:Epoch 28, Training loss 73709.0263671875, Validation loss 73711.24609375
2022-01-24 14:10:42,272:INFO:Epoch 29, Training loss 73708.857421875, Validation loss 73711.2685546875
2022-01-24 14:10:44,779:INFO:Epoch 30, Training loss 73708.8515625, Validation loss 73711.3173828125
2022-01-24 14:10:47,246:INFO:Epoch 31, Training loss 73708.7255859375, Validation loss 73711.384765625
2022-01-24 14:10:49,752:INFO:Epoch 32, Training loss 73708.5927734375, Validation loss 73711.369140625
2022-01-24 14:10:52,256:INFO:Epoch 33, Training loss 73708.5185546875, Validation loss 73711.4208984375
2022-01-24 14:10:54,763:INFO:Epoch 34, Training loss 73708.4619140625, Validation loss 73711.4931640625
2022-01-24 14:10:57,226:INFO:Epoch 35, Training loss 73708.3095703125, Validation loss 73711.5615234375
2022-01-24 14:10:59,736:INFO:Epoch 36, Training loss 73708.3095703125, Validation loss 73711.5927734375
2022-01-24 14:11:02,208:INFO:Epoch 37, Training loss 73708.11328125, Validation loss 73711.6640625
2022-01-24 14:11:04,753:INFO:Epoch 38, Training loss 73708.0224609375, Validation loss 73711.7109375
2022-01-24 14:11:07,227:INFO:Epoch 39, Training loss 73707.94921875, Validation loss 73711.8759765625
2022-01-24 14:11:09,730:INFO:Epoch 40, Training loss 73707.9111328125, Validation loss 73712.052734375
2022-01-24 14:11:12,209:INFO:Epoch 41, Training loss 73707.6796875, Validation loss 73712.158203125
2022-01-24 14:11:14,741:INFO:Epoch 42, Training loss 73707.7001953125, Validation loss 73712.1298828125
2022-01-24 14:11:17,215:INFO:Epoch 43, Training loss 73707.51953125, Validation loss 73712.1923828125
2022-01-24 14:11:19,701:INFO:Epoch 44, Training loss 73707.40234375, Validation loss 73712.2666015625
2022-01-24 14:11:22,172:INFO:Epoch 45, Training loss 73707.310546875, Validation loss 73712.259765625
2022-01-24 14:11:24,690:INFO:Epoch 46, Training loss 73707.1982421875, Validation loss 73712.3681640625
2022-01-24 14:11:27,174:INFO:Epoch 47, Training loss 73707.123046875, Validation loss 73712.48828125
2022-01-24 14:11:29,654:INFO:Epoch 48, Training loss 73706.98828125, Validation loss 73712.533203125
2022-01-24 14:11:32,145:INFO:Epoch 49, Training loss 73706.9208984375, Validation loss 73712.5830078125
2022-01-24 14:11:34,647:INFO:Epoch 50, Training loss 73706.8173828125, Validation loss 73712.6279296875
2022-01-24 14:11:37,135:INFO:Epoch 51, Training loss 73706.7158203125, Validation loss 73712.6416015625
2022-01-24 14:11:39,599:INFO:Epoch 52, Training loss 73706.6650390625, Validation loss 73712.7275390625
2022-01-24 14:11:42,101:INFO:Epoch 53, Training loss 73706.6474609375, Validation loss 73712.849609375
2022-01-24 14:11:44,599:INFO:Epoch 54, Training loss 73706.48828125, Validation loss 73712.87890625
2022-01-24 14:11:47,104:INFO:Epoch 55, Training loss 73706.3603515625, Validation loss 73712.9150390625
2022-01-24 14:11:49,557:INFO:Epoch 56, Training loss 73706.271484375, Validation loss 73713.0595703125
2022-01-24 14:11:52,068:INFO:Epoch 57, Training loss 73706.1533203125, Validation loss 73713.12890625
2022-01-24 14:11:54,519:INFO:Epoch 58, Training loss 73706.09765625, Validation loss 73713.0966796875
2022-01-24 14:11:57,055:INFO:Epoch 59, Training loss 73705.96875, Validation loss 73713.1962890625
2022-01-24 14:11:59,518:INFO:Epoch 60, Training loss 73705.9228515625, Validation loss 73713.2880859375
2022-01-24 14:12:02,033:INFO:Epoch 61, Training loss 73705.806640625, Validation loss 73713.3427734375
2022-01-24 14:12:04,509:INFO:Epoch 62, Training loss 73705.673828125, Validation loss 73713.3896484375
2022-01-24 14:12:07,041:INFO:Epoch 63, Training loss 73705.6748046875, Validation loss 73713.5341796875
2022-01-24 14:12:09,518:INFO:Epoch 64, Training loss 73705.5859375, Validation loss 73713.650390625
2022-01-24 14:12:12,006:INFO:Epoch 65, Training loss 73705.416015625, Validation loss 73713.6923828125
2022-01-24 14:12:14,499:INFO:Epoch 66, Training loss 73705.3203125, Validation loss 73713.751953125
2022-01-24 14:12:17,017:INFO:Epoch 67, Training loss 73705.2626953125, Validation loss 73713.833984375
2022-01-24 14:12:19,506:INFO:Epoch 68, Training loss 73705.0908203125, Validation loss 73713.9150390625
2022-01-24 14:12:21,986:INFO:Epoch 69, Training loss 73704.9892578125, Validation loss 73713.9609375
2022-01-24 14:12:24,471:INFO:Epoch 70, Training loss 73704.9970703125, Validation loss 73714.1494140625
2022-01-24 14:12:26,976:INFO:Epoch 71, Training loss 73704.84765625, Validation loss 73714.1201171875
2022-01-24 14:12:29,452:INFO:Epoch 72, Training loss 73704.7421875, Validation loss 73714.2099609375
2022-01-24 14:12:31,842:INFO:Epoch 73, Training loss 73704.6474609375, Validation loss 73714.2685546875
2022-01-24 14:12:34,307:INFO:Epoch 74, Training loss 73704.4892578125, Validation loss 73714.40234375
2022-01-24 14:12:36,706:INFO:Epoch 75, Training loss 73704.78125, Validation loss 73714.5205078125
2022-01-24 14:12:36,730:INFO:Finished training
