2021-11-24 15:26:07,707:INFO:All directories created, ready to load the data
2021-11-24 15:26:07,738:INFO:Dataset loaded from /data/theorie/jthoeve/event_generation/events_high_stats/quad/cHW/events_4.npy
2021-11-24 15:26:07,741:INFO:Dataset loaded from /data/theorie/jthoeve/event_generation/events_high_stats/sm/events_4.npy
2021-11-24 15:26:11,644:INFO:Epoch 1, Training loss 151791.8984375, Validation loss 151098.47265625
2021-11-24 15:26:15,599:INFO:Epoch 2, Training loss 150657.369140625, Validation loss 150072.14453125
2021-11-24 15:26:19,486:INFO:Epoch 3, Training loss 149716.86328125, Validation loss 149265.8671875
2021-11-24 15:26:23,515:INFO:Epoch 4, Training loss 148990.572265625, Validation loss 148745.109375
2021-11-24 15:26:27,403:INFO:Epoch 5, Training loss 148511.162109375, Validation loss 148230.765625
2021-11-24 15:26:31,364:INFO:Epoch 6, Training loss 147783.650390625, Validation loss 147278.857421875
2021-11-24 15:26:35,305:INFO:Epoch 7, Training loss 146865.908203125, Validation loss 146400.37890625
2021-11-24 15:26:39,209:INFO:Epoch 8, Training loss 145919.619140625, Validation loss 145444.673828125
2021-11-24 15:26:43,170:INFO:Epoch 9, Training loss 145025.728515625, Validation loss 144656.833984375
2021-11-24 15:26:47,098:INFO:Epoch 10, Training loss 144357.29296875, Validation loss 144245.876953125
2021-11-24 15:26:50,976:INFO:Epoch 11, Training loss 144032.259765625, Validation loss 144029.79296875
2021-11-24 15:26:54,881:INFO:Epoch 12, Training loss 143889.078125, Validation loss 143944.814453125
2021-11-24 15:26:58,799:INFO:Epoch 13, Training loss 143758.212890625, Validation loss 143781.52734375
2021-11-24 15:27:02,756:INFO:Epoch 14, Training loss 143627.232421875, Validation loss 143739.41796875
2021-11-24 15:27:06,715:INFO:Epoch 15, Training loss 143577.716796875, Validation loss 143673.5703125
2021-11-24 15:27:10,658:INFO:Epoch 16, Training loss 143536.361328125, Validation loss 143646.75390625
2021-11-24 15:27:14,586:INFO:Epoch 17, Training loss 143512.72265625, Validation loss 143633.916015625
2021-11-24 15:27:18,451:INFO:Epoch 18, Training loss 143501.515625, Validation loss 143636.04296875
2021-11-24 15:27:22,386:INFO:Epoch 19, Training loss 143491.794921875, Validation loss 143616.783203125
2021-11-24 15:27:26,311:INFO:Epoch 20, Training loss 143484.779296875, Validation loss 143617.001953125
2021-11-24 15:27:30,284:INFO:Epoch 21, Training loss 143476.205078125, Validation loss 143610.001953125
2021-11-24 15:27:34,219:INFO:Epoch 22, Training loss 143472.484375, Validation loss 143600.2109375
2021-11-24 15:27:38,189:INFO:Epoch 23, Training loss 143463.375, Validation loss 143595.646484375
2021-11-24 15:27:42,122:INFO:Epoch 24, Training loss 143457.521484375, Validation loss 143590.431640625
2021-11-24 15:27:46,077:INFO:Epoch 25, Training loss 143453.66796875, Validation loss 143589.900390625
2021-11-24 15:27:50,012:INFO:Epoch 26, Training loss 143452.53125, Validation loss 143586.115234375
2021-11-24 15:27:54,037:INFO:Epoch 27, Training loss 143452.3203125, Validation loss 143592.78515625
2021-11-24 15:27:57,970:INFO:Epoch 28, Training loss 143455.876953125, Validation loss 143602.162109375
2021-11-24 15:28:01,926:INFO:Epoch 29, Training loss 143451.47265625, Validation loss 143592.880859375
2021-11-24 15:28:05,864:INFO:Epoch 30, Training loss 143447.025390625, Validation loss 143581.705078125
2021-11-24 15:28:09,772:INFO:Epoch 31, Training loss 143440.798828125, Validation loss 143576.658203125
2021-11-24 15:28:13,674:INFO:Epoch 32, Training loss 143437.5078125, Validation loss 143583.9375
2021-11-24 15:28:17,666:INFO:Epoch 33, Training loss 143441.5234375, Validation loss 143604.4140625
2021-11-24 15:28:21,606:INFO:Epoch 34, Training loss 143437.7421875, Validation loss 143575.6171875
2021-11-24 15:28:25,525:INFO:Epoch 35, Training loss 143434.0078125, Validation loss 143581.40234375
2021-11-24 15:28:29,478:INFO:Epoch 36, Training loss 143434.568359375, Validation loss 143592.3515625
2021-11-24 15:28:33,442:INFO:Epoch 37, Training loss 143431.07421875, Validation loss 143573.6875
2021-11-24 15:28:37,371:INFO:Epoch 38, Training loss 143429.044921875, Validation loss 143579.623046875
2021-11-24 15:28:41,327:INFO:Epoch 39, Training loss 143433.275390625, Validation loss 143571.080078125
2021-11-24 15:28:45,235:INFO:Epoch 40, Training loss 143435.7265625, Validation loss 143596.275390625
2021-11-24 15:28:49,143:INFO:Epoch 41, Training loss 143433.755859375, Validation loss 143573.86328125
2021-11-24 15:28:53,192:INFO:Epoch 42, Training loss 143424.904296875, Validation loss 143578.6875
2021-11-24 15:28:57,063:INFO:Epoch 43, Training loss 143426.146484375, Validation loss 143576.044921875
2021-11-24 15:29:01,017:INFO:Epoch 44, Training loss 143422.6640625, Validation loss 143573.9453125
2021-11-24 15:29:04,889:INFO:Epoch 45, Training loss 143430.943359375, Validation loss 143629.80859375
2021-11-24 15:29:08,854:INFO:Epoch 46, Training loss 143450.23046875, Validation loss 143578.732421875
2021-11-24 15:29:12,838:INFO:Epoch 47, Training loss 143436.93359375, Validation loss 143597.130859375
2021-11-24 15:29:16,823:INFO:Epoch 48, Training loss 143442.888671875, Validation loss 143575.99609375
2021-11-24 15:29:20,743:INFO:Epoch 49, Training loss 143426.6171875, Validation loss 143585.673828125
2021-11-24 15:29:24,689:INFO:Epoch 50, Training loss 143429.294921875, Validation loss 143575.98046875
2021-11-24 15:29:28,685:INFO:Epoch 51, Training loss 143423.99609375, Validation loss 143591.455078125
2021-11-24 15:29:32,597:INFO:Epoch 52, Training loss 143435.357421875, Validation loss 143601.107421875
2021-11-24 15:29:36,517:INFO:Epoch 53, Training loss 143435.482421875, Validation loss 143584.640625
2021-11-24 15:29:40,432:INFO:Epoch 54, Training loss 143429.76171875, Validation loss 143583.05859375
2021-11-24 15:29:44,325:INFO:Epoch 55, Training loss 143425.81640625, Validation loss 143585.794921875
2021-11-24 15:29:48,240:INFO:Epoch 56, Training loss 143419.728515625, Validation loss 143571.619140625
2021-11-24 15:29:52,147:INFO:Epoch 57, Training loss 143421.759765625, Validation loss 143573.537109375
2021-11-24 15:29:56,088:INFO:Epoch 58, Training loss 143417.498046875, Validation loss 143578.255859375
2021-11-24 15:30:00,045:INFO:Epoch 59, Training loss 143418.4609375, Validation loss 143571.740234375
2021-11-24 15:30:04,016:INFO:Epoch 60, Training loss 143417.572265625, Validation loss 143576.462890625
2021-11-24 15:30:07,985:INFO:Epoch 61, Training loss 143416.58203125, Validation loss 143575.583984375
2021-11-24 15:30:11,900:INFO:Epoch 62, Training loss 143415.53125, Validation loss 143584.525390625
2021-11-24 15:30:15,953:INFO:Epoch 63, Training loss 143430.859375, Validation loss 143581.900390625
2021-11-24 15:30:19,882:INFO:Epoch 64, Training loss 143418.46484375, Validation loss 143578.9609375
2021-11-24 15:30:23,892:INFO:Epoch 65, Training loss 143418.998046875, Validation loss 143579.234375
2021-11-24 15:30:27,855:INFO:Epoch 66, Training loss 143418.5625, Validation loss 143573.669921875
2021-11-24 15:30:31,932:INFO:Epoch 67, Training loss 143420.0859375, Validation loss 143592.0703125
2021-11-24 15:30:35,905:INFO:Epoch 68, Training loss 143422.359375, Validation loss 143575.876953125
2021-11-24 15:30:39,910:INFO:Epoch 69, Training loss 143428.439453125, Validation loss 143599.533203125
2021-11-24 15:30:43,936:INFO:Epoch 70, Training loss 143425.583984375, Validation loss 143577.126953125
2021-11-24 15:30:48,007:INFO:Epoch 71, Training loss 143418.888671875, Validation loss 143579.3515625
2021-11-24 15:30:51,953:INFO:Epoch 72, Training loss 143412.720703125, Validation loss 143574.353515625
2021-11-24 15:30:55,989:INFO:Epoch 73, Training loss 143416.904296875, Validation loss 143580.3203125
2021-11-24 15:30:59,935:INFO:Epoch 74, Training loss 143422.666015625, Validation loss 143583.783203125
2021-11-24 15:31:03,881:INFO:Epoch 75, Training loss 143422.80078125, Validation loss 143576.91015625
2021-11-24 15:31:07,905:INFO:Epoch 76, Training loss 143417.236328125, Validation loss 143577.0234375
2021-11-24 15:31:11,864:INFO:Epoch 77, Training loss 143414.490234375, Validation loss 143572.130859375
2021-11-24 15:31:15,839:INFO:Epoch 78, Training loss 143412.419921875, Validation loss 143577.55859375
2021-11-24 15:31:19,746:INFO:Epoch 79, Training loss 143413.96875, Validation loss 143574.86328125
2021-11-24 15:31:23,697:INFO:Epoch 80, Training loss 143417.669921875, Validation loss 143579.568359375
2021-11-24 15:31:27,639:INFO:Epoch 81, Training loss 143418.943359375, Validation loss 143574.404296875
2021-11-24 15:31:31,574:INFO:Epoch 82, Training loss 143421.80859375, Validation loss 143589.82421875
2021-11-24 15:31:35,446:INFO:Epoch 83, Training loss 143414.859375, Validation loss 143573.783203125
2021-11-24 15:31:39,405:INFO:Epoch 84, Training loss 143418.552734375, Validation loss 143588.193359375
2021-11-24 15:31:43,370:INFO:Epoch 85, Training loss 143425.376953125, Validation loss 143574.30078125
2021-11-24 15:31:47,594:INFO:Epoch 86, Training loss 143419.49609375, Validation loss 143625.302734375
2021-11-24 15:31:51,582:INFO:Epoch 87, Training loss 143443.8359375, Validation loss 143589.23828125
2021-11-24 15:31:55,530:INFO:Epoch 88, Training loss 143426.205078125, Validation loss 143582.35546875
2021-11-24 15:31:59,440:INFO:Epoch 89, Training loss 143421.2265625, Validation loss 143585.95703125
2021-11-24 15:31:59,446:INFO:Finished training, producing training report at /data/theorie/jthoeve/ML4EFT_higgs/models/24_11/model_quad_cHW/mc_run_4/plots/training_report/
2021-11-24 15:32:03,704:WARNING:findfont: Font family ['sans-serif'] not found. Falling back to DejaVu Sans.
