2021-11-17 17:54:11,593:INFO:All directories created, ready to load the data
2021-11-17 17:54:11,680:INFO:Dataset loaded from /data/theorie/jthoeve/event_generation/events_high_stats/lin/cHW/events_10.npy
2021-11-17 17:54:11,738:INFO:Dataset loaded from /data/theorie/jthoeve/event_generation/events_high_stats/sm/events_10.npy
2021-11-17 17:54:15,159:INFO:Epoch 1, Training loss 207908.1875, Validation loss 207743.43359375
2021-11-17 17:54:18,558:INFO:Epoch 2, Training loss 207504.25390625, Validation loss 206821.71484375
2021-11-17 17:54:21,885:INFO:Epoch 3, Training loss 205972.13671875, Validation loss 204082.65625
2021-11-17 17:54:25,246:INFO:Epoch 4, Training loss 200842.53125, Validation loss 192930.8828125
2021-11-17 17:54:28,604:INFO:Epoch 5, Training loss 180502.4609375, Validation loss 157299.904296875
2021-11-17 17:54:31,951:INFO:Epoch 6, Training loss 144194.375, Validation loss 129765.935546875
2021-11-17 17:54:35,272:INFO:Epoch 7, Training loss 123720.103515625, Validation loss 117269.15625
2021-11-17 17:54:38,628:INFO:Epoch 8, Training loss 114562.669921875, Validation loss 111996.263671875
2021-11-17 17:54:42,002:INFO:Epoch 9, Training loss 110924.4453125, Validation loss 110199.314453125
2021-11-17 17:54:45,345:INFO:Epoch 10, Training loss 109842.103515625, Validation loss 109861.357421875
2021-11-17 17:54:48,662:INFO:Epoch 11, Training loss 109744.466796875, Validation loss 109959.8125
2021-11-17 17:54:52,059:INFO:Epoch 12, Training loss 109865.892578125, Validation loss 110053.181640625
2021-11-17 17:54:55,384:INFO:Epoch 13, Training loss 109914.9921875, Validation loss 110005.625
2021-11-17 17:54:58,691:INFO:Epoch 14, Training loss 109826.06640625, Validation loss 109869.615234375
2021-11-17 17:55:02,025:INFO:Epoch 15, Training loss 109687.095703125, Validation loss 109739.044921875
2021-11-17 17:55:05,428:INFO:Epoch 16, Training loss 109576.98046875, Validation loss 109665.91796875
2021-11-17 17:55:08,779:INFO:Epoch 17, Training loss 109528.01953125, Validation loss 109646.943359375
2021-11-17 17:55:12,076:INFO:Epoch 18, Training loss 109516.673828125, Validation loss 109635.755859375
2021-11-17 17:55:15,438:INFO:Epoch 19, Training loss 109501.158203125, Validation loss 109608.404296875
2021-11-17 17:55:18,759:INFO:Epoch 20, Training loss 109474.21484375, Validation loss 109577.3828125
2021-11-17 17:55:22,215:INFO:Epoch 21, Training loss 109449.16015625, Validation loss 109553.333984375
2021-11-17 17:55:25,542:INFO:Epoch 22, Training loss 109430.259765625, Validation loss 109533.03125
2021-11-17 17:55:28,942:INFO:Epoch 23, Training loss 109412.298828125, Validation loss 109511.765625
2021-11-17 17:55:32,228:INFO:Epoch 24, Training loss 109392.298828125, Validation loss 109487.357421875
2021-11-17 17:55:35,637:INFO:Epoch 25, Training loss 109369.626953125, Validation loss 109460.6796875
2021-11-17 17:55:39,009:INFO:Epoch 26, Training loss 109345.767578125, Validation loss 109433.048828125
2021-11-17 17:55:42,361:INFO:Epoch 27, Training loss 109322.21484375, Validation loss 109405.783203125
2021-11-17 17:55:45,702:INFO:Epoch 28, Training loss 109299.30859375, Validation loss 109379.001953125
2021-11-17 17:55:49,081:INFO:Epoch 29, Training loss 109276.66015625, Validation loss 109352.36328125
2021-11-17 17:55:52,405:INFO:Epoch 30, Training loss 109253.326171875, Validation loss 109326.04296875
2021-11-17 17:55:55,759:INFO:Epoch 31, Training loss 109230.642578125, Validation loss 109299.630859375
2021-11-17 17:55:59,098:INFO:Epoch 32, Training loss 109207.806640625, Validation loss 109273.3828125
2021-11-17 17:56:02,465:INFO:Epoch 33, Training loss 109184.953125, Validation loss 109246.943359375
2021-11-17 17:56:05,819:INFO:Epoch 34, Training loss 109161.978515625, Validation loss 109220.677734375
2021-11-17 17:56:09,147:INFO:Epoch 35, Training loss 109139.923828125, Validation loss 109194.328125
2021-11-17 17:56:12,495:INFO:Epoch 36, Training loss 109117.634765625, Validation loss 109168.111328125
2021-11-17 17:56:15,855:INFO:Epoch 37, Training loss 109094.64453125, Validation loss 109142.779296875
2021-11-17 17:56:19,202:INFO:Epoch 38, Training loss 109073.001953125, Validation loss 109118.07421875
2021-11-17 17:56:22,521:INFO:Epoch 39, Training loss 109053.220703125, Validation loss 109094.609375
2021-11-17 17:56:25,882:INFO:Epoch 40, Training loss 109033.3046875, Validation loss 109073.9921875
2021-11-17 17:56:29,203:INFO:Epoch 41, Training loss 109017.29296875, Validation loss 109054.689453125
2021-11-17 17:56:32,597:INFO:Epoch 42, Training loss 109001.05859375, Validation loss 109037.537109375
2021-11-17 17:56:35,912:INFO:Epoch 43, Training loss 108985.068359375, Validation loss 109021.28515625
2021-11-17 17:56:39,290:INFO:Epoch 44, Training loss 108971.791015625, Validation loss 109007.365234375
2021-11-17 17:56:42,621:INFO:Epoch 45, Training loss 108959.78515625, Validation loss 108995.087890625
2021-11-17 17:56:46,012:INFO:Epoch 46, Training loss 108948.7734375, Validation loss 108985.294921875
2021-11-17 17:56:49,342:INFO:Epoch 47, Training loss 108938.9609375, Validation loss 108974.8671875
2021-11-17 17:56:52,721:INFO:Epoch 48, Training loss 108928.75390625, Validation loss 108964.98046875
2021-11-17 17:56:56,068:INFO:Epoch 49, Training loss 108920.09375, Validation loss 108955.96875
2021-11-17 17:56:59,486:INFO:Epoch 50, Training loss 108912.009765625, Validation loss 108946.900390625
2021-11-17 17:57:02,851:INFO:Epoch 51, Training loss 108903.6328125, Validation loss 108939.65625
2021-11-17 17:57:06,248:INFO:Epoch 52, Training loss 108895.984375, Validation loss 108931.69140625
2021-11-17 17:57:09,589:INFO:Epoch 53, Training loss 108889.1796875, Validation loss 108924.099609375
2021-11-17 17:57:12,945:INFO:Epoch 54, Training loss 108882.78125, Validation loss 108917.86328125
2021-11-17 17:57:16,297:INFO:Epoch 55, Training loss 108876.8203125, Validation loss 108911.697265625
2021-11-17 17:57:19,610:INFO:Epoch 56, Training loss 108871.076171875, Validation loss 108905.6484375
2021-11-17 17:57:22,974:INFO:Epoch 57, Training loss 108865.80078125, Validation loss 108900.4296875
2021-11-17 17:57:26,416:INFO:Epoch 58, Training loss 108861.41015625, Validation loss 108896.078125
2021-11-17 17:57:29,800:INFO:Epoch 59, Training loss 108857.478515625, Validation loss 108890.876953125
2021-11-17 17:57:33,146:INFO:Epoch 60, Training loss 108853.328125, Validation loss 108887.396484375
2021-11-17 17:57:36,543:INFO:Epoch 61, Training loss 108849.767578125, Validation loss 108884.333984375
2021-11-17 17:57:39,959:INFO:Epoch 62, Training loss 108847.212890625, Validation loss 108881.591796875
2021-11-17 17:57:43,377:INFO:Epoch 63, Training loss 108844.734375, Validation loss 108878.921875
2021-11-17 17:57:46,721:INFO:Epoch 64, Training loss 108842.142578125, Validation loss 108876.517578125
2021-11-17 17:57:50,106:INFO:Epoch 65, Training loss 108840.05078125, Validation loss 108874.546875
2021-11-17 17:57:53,514:INFO:Epoch 66, Training loss 108838.810546875, Validation loss 108872.658203125
2021-11-17 17:57:56,928:INFO:Epoch 67, Training loss 108836.8359375, Validation loss 108871.146484375
2021-11-17 17:58:00,276:INFO:Epoch 68, Training loss 108836.193359375, Validation loss 108870.978515625
2021-11-17 17:58:03,651:INFO:Epoch 69, Training loss 108834.4140625, Validation loss 108869.06640625
2021-11-17 17:58:07,063:INFO:Epoch 70, Training loss 108833.408203125, Validation loss 108868.548828125
2021-11-17 17:58:10,462:INFO:Epoch 71, Training loss 108832.546875, Validation loss 108866.984375
2021-11-17 17:58:13,823:INFO:Epoch 72, Training loss 108831.2421875, Validation loss 108866.45703125
2021-11-17 17:58:17,186:INFO:Epoch 73, Training loss 108830.5703125, Validation loss 108864.953125
2021-11-17 17:58:20,618:INFO:Epoch 74, Training loss 108829.6875, Validation loss 108864.359375
2021-11-17 17:58:24,004:INFO:Epoch 75, Training loss 108829.091796875, Validation loss 108863.62890625
2021-11-17 17:58:27,368:INFO:Epoch 76, Training loss 108828.419921875, Validation loss 108862.994140625
2021-11-17 17:58:30,711:INFO:Epoch 77, Training loss 108828.0078125, Validation loss 108861.9609375
2021-11-17 17:58:34,160:INFO:Epoch 78, Training loss 108827.626953125, Validation loss 108861.7421875
2021-11-17 17:58:37,556:INFO:Epoch 79, Training loss 108827.55078125, Validation loss 108861.466796875
2021-11-17 17:58:41,055:INFO:Epoch 80, Training loss 108826.400390625, Validation loss 108860.2890625
2021-11-17 17:58:44,408:INFO:Epoch 81, Training loss 108826.95703125, Validation loss 108860.09765625
2021-11-17 17:58:47,853:INFO:Epoch 82, Training loss 108825.9453125, Validation loss 108859.5078125
2021-11-17 17:58:51,150:INFO:Epoch 83, Training loss 108825.78125, Validation loss 108860.068359375
2021-11-17 17:58:54,590:INFO:Epoch 84, Training loss 108825.31640625, Validation loss 108859.248046875
2021-11-17 17:58:57,982:INFO:Epoch 85, Training loss 108825.302734375, Validation loss 108858.794921875
2021-11-17 17:59:01,367:INFO:Epoch 86, Training loss 108824.75390625, Validation loss 108858.486328125
2021-11-17 17:59:04,725:INFO:Epoch 87, Training loss 108824.23046875, Validation loss 108858.140625
2021-11-17 17:59:08,164:INFO:Epoch 88, Training loss 108824.75390625, Validation loss 108857.578125
2021-11-17 17:59:11,514:INFO:Epoch 89, Training loss 108823.96875, Validation loss 108856.998046875
2021-11-17 17:59:14,907:INFO:Epoch 90, Training loss 108824.02734375, Validation loss 108857.98046875
2021-11-17 17:59:18,267:INFO:Epoch 91, Training loss 108823.615234375, Validation loss 108857.162109375
2021-11-17 17:59:21,674:INFO:Epoch 92, Training loss 108823.841796875, Validation loss 108856.818359375
2021-11-17 17:59:25,036:INFO:Epoch 93, Training loss 108823.6640625, Validation loss 108857.630859375
2021-11-17 17:59:28,406:INFO:Epoch 94, Training loss 108823.083984375, Validation loss 108856.205078125
2021-11-17 17:59:31,783:INFO:Epoch 95, Training loss 108823.033203125, Validation loss 108855.80859375
2021-11-17 17:59:35,167:INFO:Epoch 96, Training loss 108822.84765625, Validation loss 108856.3359375
2021-11-17 17:59:38,546:INFO:Epoch 97, Training loss 108822.4453125, Validation loss 108855.93359375
2021-11-17 17:59:41,918:INFO:Epoch 98, Training loss 108822.423828125, Validation loss 108856.384765625
2021-11-17 17:59:45,315:INFO:Epoch 99, Training loss 108822.3671875, Validation loss 108855.9921875
2021-11-17 17:59:48,687:INFO:Epoch 100, Training loss 108822.255859375, Validation loss 108856.14453125
2021-11-17 17:59:52,071:INFO:Epoch 101, Training loss 108822.17578125, Validation loss 108855.6875
2021-11-17 17:59:55,408:INFO:Epoch 102, Training loss 108821.814453125, Validation loss 108855.234375
2021-11-17 17:59:58,814:INFO:Epoch 103, Training loss 108822.154296875, Validation loss 108855.767578125
2021-11-17 18:00:02,145:INFO:Epoch 104, Training loss 108822.001953125, Validation loss 108855.39453125
2021-11-17 18:00:05,582:INFO:Epoch 105, Training loss 108821.3203125, Validation loss 108855.49609375
2021-11-17 18:00:08,918:INFO:Epoch 106, Training loss 108821.353515625, Validation loss 108855.234375
2021-11-17 18:00:12,309:INFO:Epoch 107, Training loss 108821.361328125, Validation loss 108855.1015625
2021-11-17 18:00:15,649:INFO:Epoch 108, Training loss 108821.173828125, Validation loss 108855.3125
2021-11-17 18:00:19,083:INFO:Epoch 109, Training loss 108821.234375, Validation loss 108855.515625
2021-11-17 18:00:22,433:INFO:Epoch 110, Training loss 108821.49609375, Validation loss 108855.310546875
2021-11-17 18:00:25,808:INFO:Epoch 111, Training loss 108821.35546875, Validation loss 108855.474609375
2021-11-17 18:00:29,182:INFO:Epoch 112, Training loss 108821.078125, Validation loss 108855.474609375
2021-11-17 18:00:32,574:INFO:Epoch 113, Training loss 108820.767578125, Validation loss 108854.62890625
2021-11-17 18:00:35,916:INFO:Epoch 114, Training loss 108821.0078125, Validation loss 108854.724609375
2021-11-17 18:00:39,249:INFO:Epoch 115, Training loss 108820.6171875, Validation loss 108854.65234375
2021-11-17 18:00:42,615:INFO:Epoch 116, Training loss 108820.865234375, Validation loss 108855.38671875
2021-11-17 18:00:45,963:INFO:Epoch 117, Training loss 108820.359375, Validation loss 108854.724609375
2021-11-17 18:00:49,296:INFO:Epoch 118, Training loss 108820.1171875, Validation loss 108855.18359375
2021-11-17 18:00:52,640:INFO:Epoch 119, Training loss 108820.38671875, Validation loss 108854.85546875
2021-11-17 18:00:56,015:INFO:Epoch 120, Training loss 108820.06640625, Validation loss 108854.7265625
2021-11-17 18:00:59,382:INFO:Epoch 121, Training loss 108820.607421875, Validation loss 108855.326171875
2021-11-17 18:01:02,816:INFO:Epoch 122, Training loss 108819.9375, Validation loss 108854.865234375
2021-11-17 18:01:06,147:INFO:Epoch 123, Training loss 108819.78515625, Validation loss 108854.77734375
2021-11-17 18:01:09,526:INFO:Epoch 124, Training loss 108819.912109375, Validation loss 108854.880859375
2021-11-17 18:01:12,859:INFO:Epoch 125, Training loss 108820.41796875, Validation loss 108854.345703125
2021-11-17 18:01:16,264:INFO:Epoch 126, Training loss 108819.943359375, Validation loss 108855.49609375
2021-11-17 18:01:19,657:INFO:Epoch 127, Training loss 108819.94140625, Validation loss 108854.873046875
2021-11-17 18:01:23,032:INFO:Epoch 128, Training loss 108819.626953125, Validation loss 108854.7890625
2021-11-17 18:01:26,375:INFO:Epoch 129, Training loss 108819.7890625, Validation loss 108854.57421875
2021-11-17 18:01:29,776:INFO:Epoch 130, Training loss 108819.42578125, Validation loss 108854.76171875
2021-11-17 18:01:33,185:INFO:Epoch 131, Training loss 108819.17578125, Validation loss 108854.587890625
2021-11-17 18:01:36,545:INFO:Epoch 132, Training loss 108819.5703125, Validation loss 108855.26171875
2021-11-17 18:01:39,913:INFO:Epoch 133, Training loss 108819.310546875, Validation loss 108855.091796875
2021-11-17 18:01:43,305:INFO:Epoch 134, Training loss 108819.01171875, Validation loss 108854.75
2021-11-17 18:01:46,715:INFO:Epoch 135, Training loss 108819.953125, Validation loss 108854.71484375
2021-11-17 18:01:50,070:INFO:Epoch 136, Training loss 108820.306640625, Validation loss 108854.732421875
2021-11-17 18:01:53,442:INFO:Epoch 137, Training loss 108819.220703125, Validation loss 108855.654296875
2021-11-17 18:01:56,820:INFO:Epoch 138, Training loss 108819.404296875, Validation loss 108854.775390625
2021-11-17 18:02:00,184:INFO:Epoch 139, Training loss 108819.2265625, Validation loss 108854.41796875
2021-11-17 18:02:03,586:INFO:Epoch 140, Training loss 108819.16796875, Validation loss 108855.333984375
2021-11-17 18:02:06,975:INFO:Epoch 141, Training loss 108821.041015625, Validation loss 108854.751953125
2021-11-17 18:02:10,435:INFO:Epoch 142, Training loss 108818.572265625, Validation loss 108855.154296875
2021-11-17 18:02:13,826:INFO:Epoch 143, Training loss 108819.166015625, Validation loss 108854.384765625
2021-11-17 18:02:17,241:INFO:Epoch 144, Training loss 108819.486328125, Validation loss 108854.21875
2021-11-17 18:02:20,583:INFO:Epoch 145, Training loss 108818.90234375, Validation loss 108855.310546875
2021-11-17 18:02:23,887:INFO:Epoch 146, Training loss 108818.951171875, Validation loss 108854.740234375
2021-11-17 18:02:27,346:INFO:Epoch 147, Training loss 108818.810546875, Validation loss 108854.44140625
2021-11-17 18:02:30,726:INFO:Epoch 148, Training loss 108818.58203125, Validation loss 108855.056640625
2021-11-17 18:02:34,104:INFO:Epoch 149, Training loss 108819.0390625, Validation loss 108854.4921875
2021-11-17 18:02:37,460:INFO:Epoch 150, Training loss 108819.515625, Validation loss 108855.4921875
2021-11-17 18:02:40,906:INFO:Epoch 151, Training loss 108818.630859375, Validation loss 108854.556640625
2021-11-17 18:02:44,247:INFO:Epoch 152, Training loss 108818.697265625, Validation loss 108855.486328125
2021-11-17 18:02:47,633:INFO:Epoch 153, Training loss 108818.8046875, Validation loss 108854.88671875
2021-11-17 18:02:51,000:INFO:Epoch 154, Training loss 108819.083984375, Validation loss 108854.533203125
2021-11-17 18:02:54,413:INFO:Epoch 155, Training loss 108818.8828125, Validation loss 108855.505859375
2021-11-17 18:02:57,779:INFO:Epoch 156, Training loss 108818.482421875, Validation loss 108854.720703125
2021-11-17 18:03:01,152:INFO:Epoch 157, Training loss 108818.453125, Validation loss 108855.0234375
2021-11-17 18:03:04,539:INFO:Epoch 158, Training loss 108818.283203125, Validation loss 108854.658203125
2021-11-17 18:03:07,954:INFO:Epoch 159, Training loss 108818.388671875, Validation loss 108854.5
2021-11-17 18:03:11,338:INFO:Epoch 160, Training loss 108818.890625, Validation loss 108855.978515625
2021-11-17 18:03:14,685:INFO:Epoch 161, Training loss 108819.078125, Validation loss 108855.189453125
2021-11-17 18:03:18,087:INFO:Epoch 162, Training loss 108819.771484375, Validation loss 108855.83984375
2021-11-17 18:03:21,472:INFO:Epoch 163, Training loss 108817.96875, Validation loss 108854.5703125
2021-11-17 18:03:24,871:INFO:Epoch 164, Training loss 108818.236328125, Validation loss 108855.029296875
2021-11-17 18:03:24,877:INFO:Finished training, producing training report at /data/theorie/jthoeve/ML4EFT_higgs/models/17_11/model_final_lin_cHW/mc_run_10/plots/training_report/
2021-11-17 18:03:25,172:WARNING:findfont: Font family ['sans-serif'] not found. Falling back to DejaVu Sans.
