2022-03-03 12:56:00,767:INFO:All directories created, ready to load the data
2022-03-03 12:56:00,808:INFO:Dataset loaded from /data/theorie/jthoeve/training_data/zh/features_mzh_y_ptz_v2/lin/cHW/events_11.pkl.gz
2022-03-03 12:56:00,857:INFO:Dataset loaded from /data/theorie/jthoeve/training_data/zh/features_mzh_y_ptz_v2/sm/events_11.pkl.gz
2022-03-03 12:56:03,121:INFO:Epoch 1, Training loss 126350.119140625, Validation loss 122295.529296875
2022-03-03 12:56:05,398:INFO:Epoch 2, Training loss 120163.765625, Validation loss 117281.759765625
2022-03-03 12:56:07,637:INFO:Epoch 3, Training loss 115814.416015625, Validation loss 113840.228515625
2022-03-03 12:56:09,899:INFO:Epoch 4, Training loss 112850.666015625, Validation loss 111506.27734375
2022-03-03 12:56:12,236:INFO:Epoch 5, Training loss 110869.619140625, Validation loss 110017.001953125
2022-03-03 12:56:14,614:INFO:Epoch 6, Training loss 109713.95703125, Validation loss 109351.36328125
2022-03-03 12:56:16,945:INFO:Epoch 7, Training loss 109352.43359375, Validation loss 109351.2734375
2022-03-03 12:56:19,265:INFO:Epoch 8, Training loss 109422.513671875, Validation loss 109393.271484375
2022-03-03 12:56:21,613:INFO:Epoch 9, Training loss 109387.45703125, Validation loss 109265.619140625
2022-03-03 12:56:23,976:INFO:Epoch 10, Training loss 109257.048828125, Validation loss 109158.578125
2022-03-03 12:56:26,325:INFO:Epoch 11, Training loss 109182.236328125, Validation loss 109121.166015625
2022-03-03 12:56:28,636:INFO:Epoch 12, Training loss 109154.1953125, Validation loss 109097.412109375
2022-03-03 12:56:30,980:INFO:Epoch 13, Training loss 109123.669921875, Validation loss 109053.330078125
2022-03-03 12:56:33,344:INFO:Epoch 14, Training loss 109076.671875, Validation loss 109006.69140625
2022-03-03 12:56:35,688:INFO:Epoch 15, Training loss 109035.458984375, Validation loss 108969.890625
2022-03-03 12:56:37,982:INFO:Epoch 16, Training loss 109000.2734375, Validation loss 108929.044921875
2022-03-03 12:56:40,336:INFO:Epoch 17, Training loss 108959.068359375, Validation loss 108886.05859375
2022-03-03 12:56:42,625:INFO:Epoch 18, Training loss 108916.486328125, Validation loss 108839.1328125
2022-03-03 12:56:45,030:INFO:Epoch 19, Training loss 108867.080078125, Validation loss 108787.806640625
2022-03-03 12:56:47,325:INFO:Epoch 20, Training loss 108814.728515625, Validation loss 108733.53125
2022-03-03 12:56:49,687:INFO:Epoch 21, Training loss 108758.673828125, Validation loss 108678.162109375
2022-03-03 12:56:51,993:INFO:Epoch 22, Training loss 108702.513671875, Validation loss 108626.947265625
2022-03-03 12:56:54,384:INFO:Epoch 23, Training loss 108651.7109375, Validation loss 108584.986328125
2022-03-03 12:56:56,693:INFO:Epoch 24, Training loss 108610.796875, Validation loss 108554.005859375
2022-03-03 12:56:59,029:INFO:Epoch 25, Training loss 108580.5390625, Validation loss 108537.646484375
2022-03-03 12:57:01,352:INFO:Epoch 26, Training loss 108565.33203125, Validation loss 108530.32421875
2022-03-03 12:57:03,734:INFO:Epoch 27, Training loss 108557.35546875, Validation loss 108531.6640625
2022-03-03 12:57:06,054:INFO:Epoch 28, Training loss 108551.7421875, Validation loss 108527.142578125
2022-03-03 12:57:08,373:INFO:Epoch 29, Training loss 108544.552734375, Validation loss 108522.650390625
2022-03-03 12:57:10,722:INFO:Epoch 30, Training loss 108541.46875, Validation loss 108519.248046875
2022-03-03 12:57:13,112:INFO:Epoch 31, Training loss 108538.013671875, Validation loss 108517.162109375
2022-03-03 12:57:15,445:INFO:Epoch 32, Training loss 108534.994140625, Validation loss 108516.576171875
2022-03-03 12:57:17,758:INFO:Epoch 33, Training loss 108532.181640625, Validation loss 108516.23046875
2022-03-03 12:57:20,098:INFO:Epoch 34, Training loss 108529.83984375, Validation loss 108515.884765625
2022-03-03 12:57:22,440:INFO:Epoch 35, Training loss 108528.58203125, Validation loss 108514.65625
2022-03-03 12:57:24,787:INFO:Epoch 36, Training loss 108526.443359375, Validation loss 108512.919921875
2022-03-03 12:57:27,084:INFO:Epoch 37, Training loss 108526.466796875, Validation loss 108514.0
2022-03-03 12:57:29,446:INFO:Epoch 38, Training loss 108522.935546875, Validation loss 108515.478515625
2022-03-03 12:57:31,735:INFO:Epoch 39, Training loss 108522.31640625, Validation loss 108514.193359375
2022-03-03 12:57:34,135:INFO:Epoch 40, Training loss 108520.5234375, Validation loss 108513.40625
2022-03-03 12:57:36,438:INFO:Epoch 41, Training loss 108522.228515625, Validation loss 108513.62109375
2022-03-03 12:57:38,782:INFO:Epoch 42, Training loss 108518.66796875, Validation loss 108513.53125
2022-03-03 12:57:41,105:INFO:Epoch 43, Training loss 108517.802734375, Validation loss 108511.76953125
2022-03-03 12:57:43,497:INFO:Epoch 44, Training loss 108516.443359375, Validation loss 108513.169921875
2022-03-03 12:57:45,815:INFO:Epoch 45, Training loss 108515.201171875, Validation loss 108513.650390625
2022-03-03 12:57:48,133:INFO:Epoch 46, Training loss 108514.064453125, Validation loss 108514.16015625
2022-03-03 12:57:50,454:INFO:Epoch 47, Training loss 108513.99609375, Validation loss 108512.626953125
2022-03-03 12:57:52,831:INFO:Epoch 48, Training loss 108512.53125, Validation loss 108513.796875
2022-03-03 12:57:55,165:INFO:Epoch 49, Training loss 108511.779296875, Validation loss 108512.72265625
2022-03-03 12:57:57,483:INFO:Epoch 50, Training loss 108512.2734375, Validation loss 108514.23046875
2022-03-03 12:57:59,818:INFO:Epoch 51, Training loss 108510.501953125, Validation loss 108512.505859375
2022-03-03 12:58:02,179:INFO:Epoch 52, Training loss 108509.341796875, Validation loss 108511.080078125
2022-03-03 12:58:04,522:INFO:Epoch 53, Training loss 108509.994140625, Validation loss 108511.0390625
2022-03-03 12:58:06,833:INFO:Epoch 54, Training loss 108508.572265625, Validation loss 108513.734375
2022-03-03 12:58:09,184:INFO:Epoch 55, Training loss 108509.98828125, Validation loss 108512.130859375
2022-03-03 12:58:11,539:INFO:Epoch 56, Training loss 108507.521484375, Validation loss 108513.7421875
2022-03-03 12:58:13,893:INFO:Epoch 57, Training loss 108507.037109375, Validation loss 108513.099609375
2022-03-03 12:58:16,195:INFO:Epoch 58, Training loss 108506.826171875, Validation loss 108511.58984375
2022-03-03 12:58:18,547:INFO:Epoch 59, Training loss 108506.923828125, Validation loss 108514.84765625
2022-03-03 12:58:20,858:INFO:Epoch 60, Training loss 108506.037109375, Validation loss 108513.185546875
2022-03-03 12:58:23,256:INFO:Epoch 61, Training loss 108505.77734375, Validation loss 108511.00390625
2022-03-03 12:58:25,563:INFO:Epoch 62, Training loss 108505.8125, Validation loss 108511.634765625
2022-03-03 12:58:27,919:INFO:Epoch 63, Training loss 108503.109375, Validation loss 108513.26953125
2022-03-03 12:58:30,245:INFO:Epoch 64, Training loss 108503.572265625, Validation loss 108511.330078125
2022-03-03 12:58:32,638:INFO:Epoch 65, Training loss 108501.544921875, Validation loss 108508.9609375
2022-03-03 12:58:34,955:INFO:Epoch 66, Training loss 108502.130859375, Validation loss 108509.01953125
2022-03-03 12:58:37,299:INFO:Epoch 67, Training loss 108501.376953125, Validation loss 108513.28515625
2022-03-03 12:58:39,626:INFO:Epoch 68, Training loss 108502.53125, Validation loss 108513.689453125
2022-03-03 12:58:42,017:INFO:Epoch 69, Training loss 108503.859375, Validation loss 108512.5625
2022-03-03 12:58:44,343:INFO:Epoch 70, Training loss 108502.482421875, Validation loss 108511.42578125
2022-03-03 12:58:46,666:INFO:Epoch 71, Training loss 108499.548828125, Validation loss 108513.546875
2022-03-03 12:58:49,005:INFO:Epoch 72, Training loss 108498.84765625, Validation loss 108511.05859375
2022-03-03 12:58:51,369:INFO:Epoch 73, Training loss 108500.42578125, Validation loss 108510.25390625
2022-03-03 12:58:53,710:INFO:Epoch 74, Training loss 108498.83984375, Validation loss 108513.611328125
2022-03-03 12:58:56,013:INFO:Epoch 75, Training loss 108496.748046875, Validation loss 108514.052734375
2022-03-03 12:58:58,360:INFO:Epoch 76, Training loss 108497.353515625, Validation loss 108511.515625
2022-03-03 12:59:00,708:INFO:Epoch 77, Training loss 108497.0234375, Validation loss 108509.890625
2022-03-03 12:59:03,061:INFO:Epoch 78, Training loss 108496.796875, Validation loss 108511.576171875
2022-03-03 12:59:05,361:INFO:Epoch 79, Training loss 108495.591796875, Validation loss 108513.828125
2022-03-03 12:59:07,725:INFO:Epoch 80, Training loss 108495.904296875, Validation loss 108511.662109375
2022-03-03 12:59:10,047:INFO:Epoch 81, Training loss 108495.55078125, Validation loss 108510.580078125
2022-03-03 12:59:12,443:INFO:Epoch 82, Training loss 108497.693359375, Validation loss 108514.35546875
2022-03-03 12:59:14,747:INFO:Epoch 83, Training loss 108496.197265625, Validation loss 108516.330078125
2022-03-03 12:59:17,104:INFO:Epoch 84, Training loss 108494.966796875, Validation loss 108512.37890625
2022-03-03 12:59:19,422:INFO:Epoch 85, Training loss 108495.337890625, Validation loss 108513.921875
2022-03-03 12:59:21,809:INFO:Epoch 86, Training loss 108496.341796875, Validation loss 108512.060546875
2022-03-03 12:59:24,120:INFO:Epoch 87, Training loss 108495.4453125, Validation loss 108515.080078125
2022-03-03 12:59:26,460:INFO:Epoch 88, Training loss 108492.7578125, Validation loss 108511.17578125
2022-03-03 12:59:28,804:INFO:Epoch 89, Training loss 108491.185546875, Validation loss 108511.109375
2022-03-03 12:59:31,204:INFO:Epoch 90, Training loss 108490.91796875, Validation loss 108512.31640625
2022-03-03 12:59:33,526:INFO:Epoch 91, Training loss 108492.1015625, Validation loss 108515.115234375
2022-03-03 12:59:35,859:INFO:Epoch 92, Training loss 108491.103515625, Validation loss 108513.44921875
2022-03-03 12:59:38,204:INFO:Epoch 93, Training loss 108491.255859375, Validation loss 108512.28125
2022-03-03 12:59:40,579:INFO:Epoch 94, Training loss 108490.39453125, Validation loss 108513.3828125
2022-03-03 12:59:42,916:INFO:Epoch 95, Training loss 108492.138671875, Validation loss 108514.4765625
2022-03-03 12:59:45,217:INFO:Epoch 96, Training loss 108489.55078125, Validation loss 108514.203125
2022-03-03 12:59:47,554:INFO:Epoch 97, Training loss 108489.607421875, Validation loss 108510.7734375
2022-03-03 12:59:49,907:INFO:Epoch 98, Training loss 108488.51953125, Validation loss 108512.21875
2022-03-03 12:59:52,263:INFO:Epoch 99, Training loss 108488.66796875, Validation loss 108513.884765625
2022-03-03 12:59:54,564:INFO:Epoch 100, Training loss 108488.05859375, Validation loss 108510.859375
2022-03-03 12:59:56,919:INFO:Epoch 101, Training loss 108487.462890625, Validation loss 108511.427734375
2022-03-03 12:59:59,213:INFO:Epoch 102, Training loss 108486.78125, Validation loss 108513.2890625
2022-03-03 13:00:01,623:INFO:Epoch 103, Training loss 108486.2421875, Validation loss 108512.947265625
2022-03-03 13:00:03,932:INFO:Epoch 104, Training loss 108486.2578125, Validation loss 108512.505859375
2022-03-03 13:00:06,294:INFO:Epoch 105, Training loss 108485.173828125, Validation loss 108514.404296875
2022-03-03 13:00:08,603:INFO:Epoch 106, Training loss 108485.865234375, Validation loss 108514.45703125
2022-03-03 13:00:10,997:INFO:Epoch 107, Training loss 108484.23046875, Validation loss 108513.603515625
2022-03-03 13:00:13,310:INFO:Epoch 108, Training loss 108484.083984375, Validation loss 108512.955078125
2022-03-03 13:00:15,574:INFO:Epoch 109, Training loss 108484.638671875, Validation loss 108512.87109375
2022-03-03 13:00:17,782:INFO:Epoch 110, Training loss 108483.97265625, Validation loss 108514.42578125
2022-03-03 13:00:20,047:INFO:Epoch 111, Training loss 108483.443359375, Validation loss 108511.548828125
2022-03-03 13:00:22,260:INFO:Epoch 112, Training loss 108484.625, Validation loss 108512.166015625
2022-03-03 13:00:24,468:INFO:Epoch 113, Training loss 108482.64453125, Validation loss 108514.005859375
2022-03-03 13:00:26,692:INFO:Epoch 114, Training loss 108483.298828125, Validation loss 108517.361328125
2022-03-03 13:00:28,944:INFO:Epoch 115, Training loss 108483.685546875, Validation loss 108515.818359375
2022-03-03 13:00:28,951:INFO:Finished training
