2021-11-24 15:26:09,790:INFO:All directories created, ready to load the data
2021-11-24 15:26:09,827:INFO:Dataset loaded from /data/theorie/jthoeve/event_generation/events_high_stats/quad/cHW/events_27.npy
2021-11-24 15:26:09,830:INFO:Dataset loaded from /data/theorie/jthoeve/event_generation/events_high_stats/sm/events_27.npy
2021-11-24 15:26:13,698:INFO:Epoch 1, Training loss 184125.87109375, Validation loss 184043.34375
2021-11-24 15:26:17,560:INFO:Epoch 2, Training loss 184125.8671875, Validation loss 184043.34375
2021-11-24 15:26:21,355:INFO:Epoch 3, Training loss 184125.87109375, Validation loss 184043.34375
2021-11-24 15:26:25,250:INFO:Epoch 4, Training loss 184125.87109375, Validation loss 184043.34375
2021-11-24 15:26:29,051:INFO:Epoch 5, Training loss 184125.87109375, Validation loss 184043.34375
2021-11-24 15:26:32,892:INFO:Epoch 6, Training loss 184125.875, Validation loss 184043.34375
2021-11-24 15:26:37,146:INFO:Epoch 7, Training loss 184125.87109375, Validation loss 184043.34375
2021-11-24 15:26:40,996:INFO:Epoch 8, Training loss 184125.87109375, Validation loss 184043.34375
2021-11-24 15:26:44,803:INFO:Epoch 9, Training loss 184125.8671875, Validation loss 184043.34375
2021-11-24 15:26:48,640:INFO:Epoch 10, Training loss 184125.875, Validation loss 184043.34375
2021-11-24 15:26:52,502:INFO:Epoch 11, Training loss 184125.87109375, Validation loss 184043.34375
2021-11-24 15:26:56,344:INFO:Epoch 12, Training loss 184125.875, Validation loss 184043.34375
2021-11-24 15:27:00,165:INFO:Epoch 13, Training loss 184125.8671875, Validation loss 184043.34375
2021-11-24 15:27:00,175:INFO:Detected stagant training, reset the weights
2021-11-24 15:27:03,983:INFO:Epoch 14, Training loss 184125.875, Validation loss 184043.34375
2021-11-24 15:27:07,822:INFO:Epoch 15, Training loss 184125.875, Validation loss 184043.34375
2021-11-24 15:27:11,674:INFO:Epoch 16, Training loss 184125.87109375, Validation loss 184043.34375
2021-11-24 15:27:15,523:INFO:Epoch 17, Training loss 184125.87109375, Validation loss 184043.34375
2021-11-24 15:27:19,325:INFO:Epoch 18, Training loss 184125.87109375, Validation loss 184043.34375
2021-11-24 15:27:23,175:INFO:Epoch 19, Training loss 184125.87109375, Validation loss 184043.34375
2021-11-24 15:27:26,982:INFO:Epoch 20, Training loss 184125.8671875, Validation loss 184043.34375
2021-11-24 15:27:26,985:INFO:Detected stagant training, reset the weights
2021-11-24 15:27:30,860:INFO:Epoch 21, Training loss 181593.2265625, Validation loss 168820.24609375
2021-11-24 15:27:34,660:INFO:Epoch 22, Training loss 160825.025390625, Validation loss 152991.4453125
2021-11-24 15:27:38,505:INFO:Epoch 23, Training loss 151271.671875, Validation loss 149600.896484375
2021-11-24 15:27:42,322:INFO:Epoch 24, Training loss 149398.74609375, Validation loss 149232.94140625
2021-11-24 15:27:46,229:INFO:Epoch 25, Training loss 149168.853515625, Validation loss 148730.306640625
2021-11-24 15:27:50,047:INFO:Epoch 26, Training loss 148464.7421875, Validation loss 147866.861328125
2021-11-24 15:27:53,883:INFO:Epoch 27, Training loss 147573.126953125, Validation loss 146920.17578125
2021-11-24 15:27:57,706:INFO:Epoch 28, Training loss 146620.375, Validation loss 145939.5
2021-11-24 15:28:01,568:INFO:Epoch 29, Training loss 145708.724609375, Validation loss 145157.1484375
2021-11-24 15:28:05,391:INFO:Epoch 30, Training loss 145073.138671875, Validation loss 144668.328125
2021-11-24 15:28:09,659:INFO:Epoch 31, Training loss 144684.900390625, Validation loss 144350.712890625
2021-11-24 15:28:13,491:INFO:Epoch 32, Training loss 144431.00390625, Validation loss 144133.65625
2021-11-24 15:28:17,348:INFO:Epoch 33, Training loss 144252.4375, Validation loss 143941.9296875
2021-11-24 15:28:21,178:INFO:Epoch 34, Training loss 144075.708984375, Validation loss 143771.666015625
2021-11-24 15:28:24,997:INFO:Epoch 35, Training loss 143922.44921875, Validation loss 143642.73828125
2021-11-24 15:28:28,840:INFO:Epoch 36, Training loss 143802.814453125, Validation loss 143551.314453125
2021-11-24 15:28:32,688:INFO:Epoch 37, Training loss 143726.578125, Validation loss 143488.00390625
2021-11-24 15:28:36,545:INFO:Epoch 38, Training loss 143698.87890625, Validation loss 143457.30859375
2021-11-24 15:28:40,346:INFO:Epoch 39, Training loss 143666.85546875, Validation loss 143451.935546875
2021-11-24 15:28:44,190:INFO:Epoch 40, Training loss 143661.599609375, Validation loss 143438.751953125
2021-11-24 15:28:48,014:INFO:Epoch 41, Training loss 143653.375, Validation loss 143432.552734375
2021-11-24 15:28:51,890:INFO:Epoch 42, Training loss 143643.875, Validation loss 143434.576171875
2021-11-24 15:28:55,690:INFO:Epoch 43, Training loss 143639.373046875, Validation loss 143434.810546875
2021-11-24 15:28:59,535:INFO:Epoch 44, Training loss 143635.080078125, Validation loss 143427.908203125
2021-11-24 15:29:03,351:INFO:Epoch 45, Training loss 143631.95703125, Validation loss 143434.205078125
2021-11-24 15:29:07,214:INFO:Epoch 46, Training loss 143635.20703125, Validation loss 143438.083984375
2021-11-24 15:29:11,030:INFO:Epoch 47, Training loss 143633.166015625, Validation loss 143422.708984375
2021-11-24 15:29:14,860:INFO:Epoch 48, Training loss 143629.294921875, Validation loss 143422.23046875
2021-11-24 15:29:18,706:INFO:Epoch 49, Training loss 143627.009765625, Validation loss 143421.46484375
2021-11-24 15:29:23,055:INFO:Epoch 50, Training loss 143623.830078125, Validation loss 143418.447265625
2021-11-24 15:29:26,876:INFO:Epoch 51, Training loss 143627.787109375, Validation loss 143412.98828125
2021-11-24 15:29:31,098:INFO:Epoch 52, Training loss 143621.41796875, Validation loss 143419.3515625
2021-11-24 15:29:34,928:INFO:Epoch 53, Training loss 143623.091796875, Validation loss 143424.8984375
2021-11-24 15:29:38,769:INFO:Epoch 54, Training loss 143622.595703125, Validation loss 143422.234375
2021-11-24 15:29:42,610:INFO:Epoch 55, Training loss 143617.166015625, Validation loss 143419.4765625
2021-11-24 15:29:46,439:INFO:Epoch 56, Training loss 143619.666015625, Validation loss 143422.306640625
2021-11-24 15:29:50,290:INFO:Epoch 57, Training loss 143614.208984375, Validation loss 143410.6328125
2021-11-24 15:29:54,124:INFO:Epoch 58, Training loss 143617.11328125, Validation loss 143408.921875
2021-11-24 15:29:57,969:INFO:Epoch 59, Training loss 143610.15234375, Validation loss 143415.787109375
2021-11-24 15:30:01,765:INFO:Epoch 60, Training loss 143607.9921875, Validation loss 143408.314453125
2021-11-24 15:30:05,632:INFO:Epoch 61, Training loss 143609.302734375, Validation loss 143409.982421875
2021-11-24 15:30:09,448:INFO:Epoch 62, Training loss 143606.732421875, Validation loss 143413.552734375
2021-11-24 15:30:13,341:INFO:Epoch 63, Training loss 143607.91796875, Validation loss 143415.74609375
2021-11-24 15:30:17,227:INFO:Epoch 64, Training loss 143610.765625, Validation loss 143408.109375
2021-11-24 15:30:21,145:INFO:Epoch 65, Training loss 143607.025390625, Validation loss 143408.935546875
2021-11-24 15:30:24,981:INFO:Epoch 66, Training loss 143605.296875, Validation loss 143410.853515625
2021-11-24 15:30:28,922:INFO:Epoch 67, Training loss 143604.9609375, Validation loss 143408.064453125
2021-11-24 15:30:32,802:INFO:Epoch 68, Training loss 143609.451171875, Validation loss 143420.302734375
2021-11-24 15:30:36,681:INFO:Epoch 69, Training loss 143604.880859375, Validation loss 143413.900390625
2021-11-24 15:30:40,512:INFO:Epoch 70, Training loss 143606.796875, Validation loss 143408.30078125
2021-11-24 15:30:44,441:INFO:Epoch 71, Training loss 143607.080078125, Validation loss 143410.634765625
2021-11-24 15:30:48,354:INFO:Epoch 72, Training loss 143604.048828125, Validation loss 143409.517578125
2021-11-24 15:30:52,213:INFO:Epoch 73, Training loss 143603.8359375, Validation loss 143405.193359375
2021-11-24 15:30:56,052:INFO:Epoch 74, Training loss 143600.884765625, Validation loss 143404.298828125
2021-11-24 15:30:59,911:INFO:Epoch 75, Training loss 143600.09375, Validation loss 143405.42578125
2021-11-24 15:31:03,744:INFO:Epoch 76, Training loss 143602.689453125, Validation loss 143413.677734375
2021-11-24 15:31:07,573:INFO:Epoch 77, Training loss 143598.0703125, Validation loss 143409.947265625
2021-11-24 15:31:11,512:INFO:Epoch 78, Training loss 143605.021484375, Validation loss 143406.955078125
2021-11-24 15:31:15,358:INFO:Epoch 79, Training loss 143606.240234375, Validation loss 143404.134765625
2021-11-24 15:31:19,239:INFO:Epoch 80, Training loss 143606.89453125, Validation loss 143411.408203125
2021-11-24 15:31:23,038:INFO:Epoch 81, Training loss 143601.064453125, Validation loss 143404.04296875
2021-11-24 15:31:27,148:INFO:Epoch 82, Training loss 143602.92578125, Validation loss 143405.048828125
2021-11-24 15:31:30,957:INFO:Epoch 83, Training loss 143597.90625, Validation loss 143414.166015625
2021-11-24 15:31:34,836:INFO:Epoch 84, Training loss 143606.720703125, Validation loss 143411.134765625
2021-11-24 15:31:38,635:INFO:Epoch 85, Training loss 143609.966796875, Validation loss 143416.279296875
2021-11-24 15:31:42,486:INFO:Epoch 86, Training loss 143610.22265625, Validation loss 143405.455078125
2021-11-24 15:31:46,308:INFO:Epoch 87, Training loss 143601.6640625, Validation loss 143402.314453125
2021-11-24 15:31:50,215:INFO:Epoch 88, Training loss 143601.189453125, Validation loss 143415.421875
2021-11-24 15:31:54,046:INFO:Epoch 89, Training loss 143605.34765625, Validation loss 143411.203125
2021-11-24 15:31:57,881:INFO:Epoch 90, Training loss 143599.96484375, Validation loss 143413.326171875
2021-11-24 15:32:01,705:INFO:Epoch 91, Training loss 143601.2421875, Validation loss 143403.716796875
2021-11-24 15:32:05,566:INFO:Epoch 92, Training loss 143593.849609375, Validation loss 143406.494140625
2021-11-24 15:32:09,385:INFO:Epoch 93, Training loss 143595.0, Validation loss 143404.994140625
2021-11-24 15:32:13,301:INFO:Epoch 94, Training loss 143598.115234375, Validation loss 143413.021484375
2021-11-24 15:32:17,144:INFO:Epoch 95, Training loss 143603.01171875, Validation loss 143412.916015625
2021-11-24 15:32:21,024:INFO:Epoch 96, Training loss 143599.037109375, Validation loss 143404.12890625
2021-11-24 15:32:24,855:INFO:Epoch 97, Training loss 143595.236328125, Validation loss 143402.49609375
2021-11-24 15:32:28,669:INFO:Epoch 98, Training loss 143597.787109375, Validation loss 143406.81640625
2021-11-24 15:32:32,517:INFO:Epoch 99, Training loss 143594.544921875, Validation loss 143407.244140625
2021-11-24 15:32:36,356:INFO:Epoch 100, Training loss 143598.73828125, Validation loss 143401.408203125
2021-11-24 15:32:40,204:INFO:Epoch 101, Training loss 143597.40234375, Validation loss 143408.916015625
2021-11-24 15:32:44,002:INFO:Epoch 102, Training loss 143596.44140625, Validation loss 143409.474609375
2021-11-24 15:32:47,874:INFO:Epoch 103, Training loss 143597.162109375, Validation loss 143402.794921875
2021-11-24 15:32:51,692:INFO:Epoch 104, Training loss 143590.59375, Validation loss 143413.431640625
2021-11-24 15:32:55,573:INFO:Epoch 105, Training loss 143593.9609375, Validation loss 143405.513671875
2021-11-24 15:32:59,382:INFO:Epoch 106, Training loss 143595.462890625, Validation loss 143405.296875
2021-11-24 15:33:03,232:INFO:Epoch 107, Training loss 143591.01953125, Validation loss 143401.068359375
2021-11-24 15:33:07,057:INFO:Epoch 108, Training loss 143591.578125, Validation loss 143404.921875
2021-11-24 15:33:10,935:INFO:Epoch 109, Training loss 143591.8515625, Validation loss 143400.404296875
2021-11-24 15:33:14,765:INFO:Epoch 110, Training loss 143591.01171875, Validation loss 143405.56640625
2021-11-24 15:33:18,619:INFO:Epoch 111, Training loss 143592.015625, Validation loss 143405.1484375
2021-11-24 15:33:22,450:INFO:Epoch 112, Training loss 143591.283203125, Validation loss 143400.69140625
2021-11-24 15:33:26,317:INFO:Epoch 113, Training loss 143590.634765625, Validation loss 143402.498046875
2021-11-24 15:33:30,144:INFO:Epoch 114, Training loss 143593.208984375, Validation loss 143400.744140625
2021-11-24 15:33:33,973:INFO:Epoch 115, Training loss 143588.76953125, Validation loss 143402.951171875
2021-11-24 15:33:37,818:INFO:Epoch 116, Training loss 143591.765625, Validation loss 143402.884765625
2021-11-24 15:33:41,673:INFO:Epoch 117, Training loss 143587.9609375, Validation loss 143405.60546875
2021-11-24 15:33:45,511:INFO:Epoch 118, Training loss 143591.310546875, Validation loss 143399.455078125
2021-11-24 15:33:49,356:INFO:Epoch 119, Training loss 143588.587890625, Validation loss 143404.638671875
2021-11-24 15:33:53,203:INFO:Epoch 120, Training loss 143589.509765625, Validation loss 143404.2890625
2021-11-24 15:33:57,047:INFO:Epoch 121, Training loss 143593.19140625, Validation loss 143400.158203125
2021-11-24 15:34:00,898:INFO:Epoch 122, Training loss 143588.822265625, Validation loss 143400.21875
2021-11-24 15:34:04,701:INFO:Epoch 123, Training loss 143590.78125, Validation loss 143401.400390625
2021-11-24 15:34:08,552:INFO:Epoch 124, Training loss 143589.376953125, Validation loss 143402.046875
2021-11-24 15:34:12,358:INFO:Epoch 125, Training loss 143588.25390625, Validation loss 143403.359375
2021-11-24 15:34:16,237:INFO:Epoch 126, Training loss 143588.3828125, Validation loss 143401.6484375
2021-11-24 15:34:20,073:INFO:Epoch 127, Training loss 143595.01171875, Validation loss 143405.337890625
2021-11-24 15:34:23,927:INFO:Epoch 128, Training loss 143594.080078125, Validation loss 143403.453125
2021-11-24 15:34:27,735:INFO:Epoch 129, Training loss 143593.40625, Validation loss 143406.5390625
2021-11-24 15:34:31,604:INFO:Epoch 130, Training loss 143596.734375, Validation loss 143419.580078125
2021-11-24 15:34:35,424:INFO:Epoch 131, Training loss 143597.30078125, Validation loss 143410.611328125
2021-11-24 15:34:39,261:INFO:Epoch 132, Training loss 143593.92578125, Validation loss 143400.3984375
2021-11-24 15:34:43,091:INFO:Epoch 133, Training loss 143586.8125, Validation loss 143400.7734375
2021-11-24 15:34:46,960:INFO:Epoch 134, Training loss 143587.544921875, Validation loss 143398.162109375
2021-11-24 15:34:50,815:INFO:Epoch 135, Training loss 143591.0546875, Validation loss 143405.638671875
2021-11-24 15:34:54,650:INFO:Epoch 136, Training loss 143591.638671875, Validation loss 143403.974609375
2021-11-24 15:34:58,487:INFO:Epoch 137, Training loss 143595.08203125, Validation loss 143404.373046875
2021-11-24 15:35:02,337:INFO:Epoch 138, Training loss 143608.671875, Validation loss 143415.302734375
2021-11-24 15:35:06,179:INFO:Epoch 139, Training loss 143598.5859375, Validation loss 143406.564453125
2021-11-24 15:35:09,994:INFO:Epoch 140, Training loss 143587.484375, Validation loss 143403.248046875
2021-11-24 15:35:13,840:INFO:Epoch 141, Training loss 143590.296875, Validation loss 143403.486328125
2021-11-24 15:35:17,694:INFO:Epoch 142, Training loss 143587.14453125, Validation loss 143399.69140625
2021-11-24 15:35:21,597:INFO:Epoch 143, Training loss 143591.8671875, Validation loss 143401.30078125
2021-11-24 15:35:25,428:INFO:Epoch 144, Training loss 143588.919921875, Validation loss 143404.70703125
2021-11-24 15:35:29,310:INFO:Epoch 145, Training loss 143589.123046875, Validation loss 143402.34765625
2021-11-24 15:35:33,125:INFO:Epoch 146, Training loss 143593.865234375, Validation loss 143406.966796875
2021-11-24 15:35:37,003:INFO:Epoch 147, Training loss 143593.40234375, Validation loss 143400.22265625
2021-11-24 15:35:40,812:INFO:Epoch 148, Training loss 143588.8359375, Validation loss 143400.66015625
2021-11-24 15:35:44,666:INFO:Epoch 149, Training loss 143592.876953125, Validation loss 143408.75
2021-11-24 15:35:48,527:INFO:Epoch 150, Training loss 143590.123046875, Validation loss 143402.3828125
2021-11-24 15:35:52,494:INFO:Epoch 151, Training loss 143587.484375, Validation loss 143405.0703125
2021-11-24 15:35:56,382:INFO:Epoch 152, Training loss 143587.283203125, Validation loss 143403.990234375
2021-11-24 15:36:00,460:INFO:Epoch 153, Training loss 143589.02734375, Validation loss 143402.61328125
2021-11-24 15:36:04,320:INFO:Epoch 154, Training loss 143591.515625, Validation loss 143406.6796875
2021-11-24 15:36:08,196:INFO:Epoch 155, Training loss 143588.171875, Validation loss 143401.1640625
2021-11-24 15:36:12,037:INFO:Epoch 156, Training loss 143582.509765625, Validation loss 143401.95703125
2021-11-24 15:36:15,864:INFO:Epoch 157, Training loss 143584.015625, Validation loss 143400.501953125
2021-11-24 15:36:19,728:INFO:Epoch 158, Training loss 143588.552734375, Validation loss 143398.556640625
2021-11-24 15:36:23,592:INFO:Epoch 159, Training loss 143584.52734375, Validation loss 143402.08203125
2021-11-24 15:36:27,435:INFO:Epoch 160, Training loss 143584.1796875, Validation loss 143400.685546875
2021-11-24 15:36:31,252:INFO:Epoch 161, Training loss 143585.78515625, Validation loss 143401.359375
2021-11-24 15:36:35,110:INFO:Epoch 162, Training loss 143581.646484375, Validation loss 143400.9921875
2021-11-24 15:36:38,964:INFO:Epoch 163, Training loss 143588.69921875, Validation loss 143413.416015625
2021-11-24 15:36:42,832:INFO:Epoch 164, Training loss 143603.28125, Validation loss 143423.43359375
2021-11-24 15:36:46,656:INFO:Epoch 165, Training loss 143584.2109375, Validation loss 143408.91796875
2021-11-24 15:36:50,563:INFO:Epoch 166, Training loss 143585.134765625, Validation loss 143401.359375
2021-11-24 15:36:54,394:INFO:Epoch 167, Training loss 143583.990234375, Validation loss 143405.095703125
2021-11-24 15:36:58,292:INFO:Epoch 168, Training loss 143590.3203125, Validation loss 143399.478515625
2021-11-24 15:37:02,126:INFO:Epoch 169, Training loss 143587.0234375, Validation loss 143407.951171875
2021-11-24 15:37:05,988:INFO:Epoch 170, Training loss 143583.82421875, Validation loss 143399.787109375
2021-11-24 15:37:09,823:INFO:Epoch 171, Training loss 143588.310546875, Validation loss 143417.04296875
2021-11-24 15:37:13,721:INFO:Epoch 172, Training loss 143594.3515625, Validation loss 143404.02734375
2021-11-24 15:37:17,565:INFO:Epoch 173, Training loss 143585.216796875, Validation loss 143401.734375
2021-11-24 15:37:21,460:INFO:Epoch 174, Training loss 143584.302734375, Validation loss 143402.115234375
2021-11-24 15:37:25,320:INFO:Epoch 175, Training loss 143582.466796875, Validation loss 143399.048828125
2021-11-24 15:37:29,204:INFO:Epoch 176, Training loss 143582.193359375, Validation loss 143400.595703125
2021-11-24 15:37:33,057:INFO:Epoch 177, Training loss 143579.12109375, Validation loss 143401.48046875
2021-11-24 15:37:36,898:INFO:Epoch 178, Training loss 143583.953125, Validation loss 143401.18359375
2021-11-24 15:37:40,749:INFO:Epoch 179, Training loss 143583.859375, Validation loss 143414.83984375
2021-11-24 15:37:44,639:INFO:Epoch 180, Training loss 143588.275390625, Validation loss 143411.34375
2021-11-24 15:37:48,507:INFO:Epoch 181, Training loss 143586.017578125, Validation loss 143402.744140625
2021-11-24 15:37:52,385:INFO:Epoch 182, Training loss 143582.458984375, Validation loss 143399.4765625
2021-11-24 15:37:56,252:INFO:Epoch 183, Training loss 143579.421875, Validation loss 143400.642578125
2021-11-24 15:38:00,110:INFO:Epoch 184, Training loss 143584.390625, Validation loss 143405.150390625
2021-11-24 15:38:00,119:INFO:Finished training, producing training report at /data/theorie/jthoeve/ML4EFT_higgs/models/24_11/model_quad_cHW/mc_run_27/plots/training_report/
2021-11-24 15:38:00,487:WARNING:findfont: Font family ['sans-serif'] not found. Falling back to DejaVu Sans.
