2.078426562500000000e+05
2.068388828125000000e+05
1.883812460937500000e+05
1.614255644531250000e+05
1.406751601562500000e+05
1.254605292968750000e+05
1.154679042968750000e+05
1.106728437500000000e+05
1.099261582031250000e+05
1.103944433593750000e+05
1.103892167968750000e+05
1.100086152343750000e+05
1.096668261718750000e+05
1.095141406250000000e+05
1.094842753906250000e+05
1.094614687500000000e+05
1.094071308593750000e+05
1.093440976562500000e+05
1.092971230468750000e+05
1.092629101562500000e+05
1.092260507812500000e+05
1.091851914062500000e+05
1.091451777343750000e+05
1.091084921875000000e+05
1.090694257812500000e+05
1.090335898437500000e+05
1.089954921875000000e+05
1.089598789062500000e+05
1.089252167968750000e+05
1.088905820312500000e+05
1.088570644531250000e+05
1.088252285156250000e+05
1.087946171875000000e+05
1.087651601562500000e+05
1.087333476562500000e+05
1.087005937500000000e+05
1.086682675781250000e+05
1.086396660156250000e+05
1.086123476562500000e+05
1.085889531250000000e+05
1.085685742187500000e+05
1.085515390625000000e+05
1.085363320312500000e+05
1.085241503906250000e+05
1.085148593750000000e+05
1.085069257812500000e+05
1.085009804687500000e+05
1.084969609375000000e+05
1.084948300781250000e+05
1.084909277343750000e+05
1.084890488281250000e+05
1.084866367187500000e+05
1.084845117187500000e+05
1.084838066406250000e+05
1.084813144531250000e+05
1.084800449218750000e+05
1.084785957031250000e+05
1.084777695312500000e+05
1.084767031250000000e+05
1.084759531250000000e+05
1.084751425781250000e+05
1.084741093750000000e+05
1.084733339843750000e+05
1.084727265625000000e+05
1.084726796875000000e+05
1.084718164062500000e+05
1.084702226562500000e+05
1.084698085937500000e+05
1.084696621093750000e+05
1.084692617187500000e+05
1.084687441406250000e+05
1.084681113281250000e+05
1.084675507812500000e+05
1.084674707031250000e+05
1.084670781250000000e+05
1.084661777343750000e+05
1.084666679687500000e+05
1.084652851562500000e+05
1.084655136718750000e+05
1.084650156250000000e+05
1.084647324218750000e+05
1.084648281250000000e+05
1.084636347656250000e+05
1.084633964843750000e+05
1.084635253906250000e+05
1.084629121093750000e+05
1.084629492187500000e+05
1.084641250000000000e+05
1.084626210937500000e+05
1.084623515625000000e+05
1.084621152343750000e+05
1.084626152343750000e+05
1.084612656250000000e+05
1.084613984375000000e+05
1.084605253906250000e+05
1.084602578125000000e+05
1.084606347656250000e+05
1.084599414062500000e+05
1.084598750000000000e+05
1.084589335937500000e+05
1.084589609375000000e+05
1.084584140625000000e+05
1.084573671875000000e+05
1.084577343750000000e+05
1.084567011718750000e+05
1.084571250000000000e+05
1.084569921875000000e+05
1.084569199218750000e+05
1.084571992187500000e+05
1.084557714843750000e+05
1.084563867187500000e+05
1.084572207031250000e+05
1.084578457031250000e+05
1.084564160156250000e+05
1.084557617187500000e+05
1.084544941406250000e+05
1.084557343750000000e+05
1.084543164062500000e+05
1.084536699218750000e+05
1.084541132812500000e+05
1.084540312500000000e+05
1.084549980468750000e+05
1.084527187500000000e+05
1.084532812500000000e+05
1.084534394531250000e+05
1.084523300781250000e+05
1.084519687500000000e+05
1.084527792968750000e+05
1.084533457031250000e+05
1.084522265625000000e+05
1.084514707031250000e+05
1.084523496093750000e+05
1.084524238281250000e+05
1.084506875000000000e+05
1.084517089843750000e+05
1.084511992187500000e+05
1.084505859375000000e+05
1.084500117187500000e+05
1.084496621093750000e+05
1.084499238281250000e+05
1.084506269531250000e+05
1.084503085937500000e+05
1.084496464843750000e+05
1.084487089843750000e+05
1.084497597656250000e+05
1.084489179687500000e+05
1.084483476562500000e+05
1.084487773437500000e+05
1.084493359375000000e+05
1.084491972656250000e+05
1.084480859375000000e+05
1.084477968750000000e+05
1.084482167968750000e+05
1.084478417968750000e+05
1.084486445312500000e+05
1.084469453125000000e+05
1.084474218750000000e+05
1.084484257812500000e+05
1.084466796875000000e+05
1.084483046875000000e+05
1.084477460937500000e+05
1.084473242187500000e+05
1.084485820312500000e+05
1.084516601562500000e+05
1.084470488281250000e+05
1.084455976562500000e+05
1.084463945312500000e+05
1.084456914062500000e+05
1.084459726562500000e+05
1.084470234375000000e+05
1.084456777343750000e+05
1.084442910156250000e+05
1.084457089843750000e+05
1.084440703125000000e+05
1.084435546875000000e+05
1.084433242187500000e+05
1.084426152343750000e+05
1.084435234375000000e+05
1.084426464843750000e+05
1.084436210937500000e+05
1.084424785156250000e+05
1.084416835937500000e+05
1.084419218750000000e+05
1.084418925781250000e+05
1.084417148437500000e+05
1.084420585937500000e+05
1.084420859375000000e+05
1.084419179687500000e+05
1.084417304687500000e+05
1.084407265625000000e+05
1.084399765625000000e+05
1.084401171875000000e+05
1.084407167968750000e+05
1.084408144531250000e+05
1.084396484375000000e+05
