2021-11-24 15:26:07,458:INFO:All directories created, ready to load the data
2021-11-24 15:26:07,509:INFO:Dataset loaded from /data/theorie/jthoeve/event_generation/events_high_stats/quad/cHW/events_2.npy
2021-11-24 15:26:07,512:INFO:Dataset loaded from /data/theorie/jthoeve/event_generation/events_high_stats/sm/events_2.npy
2021-11-24 15:26:11,351:INFO:Epoch 1, Training loss 152035.447265625, Validation loss 150154.548828125
2021-11-24 15:26:15,189:INFO:Epoch 2, Training loss 149885.453125, Validation loss 149616.56640625
2021-11-24 15:26:18,958:INFO:Epoch 3, Training loss 149562.888671875, Validation loss 149350.21484375
2021-11-24 15:26:22,809:INFO:Epoch 4, Training loss 149198.853515625, Validation loss 148801.091796875
2021-11-24 15:26:26,582:INFO:Epoch 5, Training loss 148566.017578125, Validation loss 148026.505859375
2021-11-24 15:26:30,841:INFO:Epoch 6, Training loss 147739.880859375, Validation loss 147039.685546875
2021-11-24 15:26:34,647:INFO:Epoch 7, Training loss 146689.259765625, Validation loss 145832.62890625
2021-11-24 15:26:38,495:INFO:Epoch 8, Training loss 145493.0546875, Validation loss 144641.90234375
2021-11-24 15:26:42,274:INFO:Epoch 9, Training loss 144430.439453125, Validation loss 143791.3515625
2021-11-24 15:26:46,055:INFO:Epoch 10, Training loss 143840.70703125, Validation loss 143520.708984375
2021-11-24 15:26:49,875:INFO:Epoch 11, Training loss 143712.947265625, Validation loss 143504.630859375
2021-11-24 15:26:53,695:INFO:Epoch 12, Training loss 143675.82421875, Validation loss 143415.03515625
2021-11-24 15:26:57,501:INFO:Epoch 13, Training loss 143579.10546875, Validation loss 143322.037109375
2021-11-24 15:27:01,286:INFO:Epoch 14, Training loss 143529.55859375, Validation loss 143291.212890625
2021-11-24 15:27:05,101:INFO:Epoch 15, Training loss 143506.39453125, Validation loss 143273.515625
2021-11-24 15:27:08,907:INFO:Epoch 16, Training loss 143492.626953125, Validation loss 143252.93359375
2021-11-24 15:27:12,719:INFO:Epoch 17, Training loss 143471.458984375, Validation loss 143246.63671875
2021-11-24 15:27:16,500:INFO:Epoch 18, Training loss 143457.0703125, Validation loss 143227.568359375
2021-11-24 15:27:20,337:INFO:Epoch 19, Training loss 143441.123046875, Validation loss 143214.994140625
2021-11-24 15:27:24,108:INFO:Epoch 20, Training loss 143434.716796875, Validation loss 143210.623046875
2021-11-24 15:27:27,954:INFO:Epoch 21, Training loss 143426.109375, Validation loss 143202.408203125
2021-11-24 15:27:31,727:INFO:Epoch 22, Training loss 143415.490234375, Validation loss 143196.189453125
2021-11-24 15:27:35,542:INFO:Epoch 23, Training loss 143414.009765625, Validation loss 143198.38671875
2021-11-24 15:27:39,325:INFO:Epoch 24, Training loss 143405.73828125, Validation loss 143195.3828125
2021-11-24 15:27:43,167:INFO:Epoch 25, Training loss 143398.54296875, Validation loss 143188.095703125
2021-11-24 15:27:46,970:INFO:Epoch 26, Training loss 143402.189453125, Validation loss 143185.345703125
2021-11-24 15:27:50,786:INFO:Epoch 27, Training loss 143387.4453125, Validation loss 143187.48046875
2021-11-24 15:27:54,584:INFO:Epoch 28, Training loss 143384.080078125, Validation loss 143190.583984375
2021-11-24 15:27:58,695:INFO:Epoch 29, Training loss 143394.4609375, Validation loss 143184.935546875
2021-11-24 15:28:02,499:INFO:Epoch 30, Training loss 143389.041015625, Validation loss 143193.6640625
2021-11-24 15:28:06,290:INFO:Epoch 31, Training loss 143390.201171875, Validation loss 143210.95703125
2021-11-24 15:28:10,093:INFO:Epoch 32, Training loss 143400.857421875, Validation loss 143178.04296875
2021-11-24 15:28:13,925:INFO:Epoch 33, Training loss 143380.47265625, Validation loss 143181.26171875
2021-11-24 15:28:17,747:INFO:Epoch 34, Training loss 143374.251953125, Validation loss 143185.736328125
2021-11-24 15:28:21,543:INFO:Epoch 35, Training loss 143376.53125, Validation loss 143180.42578125
2021-11-24 15:28:25,366:INFO:Epoch 36, Training loss 143367.640625, Validation loss 143176.01953125
2021-11-24 15:28:29,181:INFO:Epoch 37, Training loss 143374.46875, Validation loss 143175.00390625
2021-11-24 15:28:33,007:INFO:Epoch 38, Training loss 143370.158203125, Validation loss 143175.916015625
2021-11-24 15:28:37,101:INFO:Epoch 39, Training loss 143362.20703125, Validation loss 143177.779296875
2021-11-24 15:28:40,936:INFO:Epoch 40, Training loss 143374.521484375, Validation loss 143178.90234375
2021-11-24 15:28:44,722:INFO:Epoch 41, Training loss 143372.978515625, Validation loss 143179.681640625
2021-11-24 15:28:48,596:INFO:Epoch 42, Training loss 143371.85546875, Validation loss 143202.353515625
2021-11-24 15:28:52,392:INFO:Epoch 43, Training loss 143377.20703125, Validation loss 143194.654296875
2021-11-24 15:28:56,216:INFO:Epoch 44, Training loss 143387.896484375, Validation loss 143173.640625
2021-11-24 15:29:00,002:INFO:Epoch 45, Training loss 143366.068359375, Validation loss 143183.205078125
2021-11-24 15:29:03,836:INFO:Epoch 46, Training loss 143374.123046875, Validation loss 143197.228515625
2021-11-24 15:29:07,644:INFO:Epoch 47, Training loss 143368.91796875, Validation loss 143179.103515625
2021-11-24 15:29:11,707:INFO:Epoch 48, Training loss 143361.017578125, Validation loss 143180.71875
2021-11-24 15:29:15,494:INFO:Epoch 49, Training loss 143359.38671875, Validation loss 143185.71875
2021-11-24 15:29:19,351:INFO:Epoch 50, Training loss 143361.97265625, Validation loss 143176.880859375
2021-11-24 15:29:23,142:INFO:Epoch 51, Training loss 143358.072265625, Validation loss 143175.29296875
2021-11-24 15:29:26,937:INFO:Epoch 52, Training loss 143358.4296875, Validation loss 143182.15234375
2021-11-24 15:29:31,091:INFO:Epoch 53, Training loss 143357.705078125, Validation loss 143173.921875
2021-11-24 15:29:34,909:INFO:Epoch 54, Training loss 143354.916015625, Validation loss 143176.19921875
2021-11-24 15:29:38,715:INFO:Epoch 55, Training loss 143357.59375, Validation loss 143177.630859375
2021-11-24 15:29:42,505:INFO:Epoch 56, Training loss 143357.578125, Validation loss 143179.154296875
2021-11-24 15:29:46,316:INFO:Epoch 57, Training loss 143368.62109375, Validation loss 143192.970703125
2021-11-24 15:29:50,152:INFO:Epoch 58, Training loss 143367.78515625, Validation loss 143178.107421875
2021-11-24 15:29:53,976:INFO:Epoch 59, Training loss 143382.58203125, Validation loss 143225.732421875
2021-11-24 15:29:57,764:INFO:Epoch 60, Training loss 143375.4765625, Validation loss 143176.1953125
2021-11-24 15:30:01,587:INFO:Epoch 61, Training loss 143369.685546875, Validation loss 143194.384765625
2021-11-24 15:30:05,366:INFO:Epoch 62, Training loss 143378.970703125, Validation loss 143177.908203125
2021-11-24 15:30:09,213:INFO:Epoch 63, Training loss 143364.70703125, Validation loss 143201.5859375
2021-11-24 15:30:13,024:INFO:Epoch 64, Training loss 143365.693359375, Validation loss 143186.443359375
2021-11-24 15:30:16,914:INFO:Epoch 65, Training loss 143367.91796875, Validation loss 143182.572265625
2021-11-24 15:30:20,782:INFO:Epoch 66, Training loss 143366.64453125, Validation loss 143182.197265625
2021-11-24 15:30:24,806:INFO:Epoch 67, Training loss 143359.060546875, Validation loss 143195.4375
2021-11-24 15:30:28,653:INFO:Epoch 68, Training loss 143356.873046875, Validation loss 143176.5234375
2021-11-24 15:30:32,545:INFO:Epoch 69, Training loss 143354.232421875, Validation loss 143176.087890625
2021-11-24 15:30:36,405:INFO:Epoch 70, Training loss 143355.447265625, Validation loss 143183.060546875
2021-11-24 15:30:40,309:INFO:Epoch 71, Training loss 143355.830078125, Validation loss 143195.84765625
2021-11-24 15:30:44,190:INFO:Epoch 72, Training loss 143357.982421875, Validation loss 143176.587890625
2021-11-24 15:30:48,008:INFO:Epoch 73, Training loss 143358.53125, Validation loss 143192.017578125
2021-11-24 15:30:51,848:INFO:Epoch 74, Training loss 143357.93359375, Validation loss 143191.40234375
2021-11-24 15:30:55,672:INFO:Epoch 75, Training loss 143369.453125, Validation loss 143188.869140625
2021-11-24 15:30:59,517:INFO:Epoch 76, Training loss 143371.595703125, Validation loss 143192.029296875
2021-11-24 15:31:03,302:INFO:Epoch 77, Training loss 143367.505859375, Validation loss 143183.85546875
2021-11-24 15:31:07,130:INFO:Epoch 78, Training loss 143373.41796875, Validation loss 143197.619140625
2021-11-24 15:31:10,945:INFO:Epoch 79, Training loss 143360.302734375, Validation loss 143182.18359375
2021-11-24 15:31:14,773:INFO:Epoch 80, Training loss 143357.353515625, Validation loss 143187.330078125
2021-11-24 15:31:18,561:INFO:Epoch 81, Training loss 143357.564453125, Validation loss 143188.46484375
2021-11-24 15:31:22,421:INFO:Epoch 82, Training loss 143351.095703125, Validation loss 143177.939453125
2021-11-24 15:31:26,205:INFO:Epoch 83, Training loss 143351.060546875, Validation loss 143177.599609375
2021-11-24 15:31:30,053:INFO:Epoch 84, Training loss 143354.50390625, Validation loss 143180.8984375
2021-11-24 15:31:33,837:INFO:Epoch 85, Training loss 143353.224609375, Validation loss 143182.271484375
2021-11-24 15:31:38,051:INFO:Epoch 86, Training loss 143349.791015625, Validation loss 143223.052734375
2021-11-24 15:31:41,858:INFO:Epoch 87, Training loss 143372.8125, Validation loss 143179.841796875
2021-11-24 15:31:45,701:INFO:Epoch 88, Training loss 143350.00390625, Validation loss 143181.244140625
2021-11-24 15:31:49,495:INFO:Epoch 89, Training loss 143351.181640625, Validation loss 143186.78515625
2021-11-24 15:31:53,299:INFO:Epoch 90, Training loss 143354.978515625, Validation loss 143183.453125
2021-11-24 15:31:57,112:INFO:Epoch 91, Training loss 143351.927734375, Validation loss 143180.1953125
2021-11-24 15:32:00,951:INFO:Epoch 92, Training loss 143351.4921875, Validation loss 143179.3046875
2021-11-24 15:32:04,768:INFO:Epoch 93, Training loss 143348.01171875, Validation loss 143183.04296875
2021-11-24 15:32:08,572:INFO:Epoch 94, Training loss 143347.626953125, Validation loss 143179.244140625
2021-11-24 15:32:08,578:INFO:Finished training, producing training report at /data/theorie/jthoeve/ML4EFT_higgs/models/24_11/model_quad_cHW/mc_run_2/plots/training_report/
2021-11-24 15:32:12,575:WARNING:findfont: Font family ['sans-serif'] not found. Falling back to DejaVu Sans.
