1.265758378906250000e+05
1.210355175781250000e+05
1.167085527343750000e+05
1.133119023437500000e+05
1.109574804687500000e+05
1.097214472656250000e+05
1.094428789062500000e+05
1.095498710937500000e+05
1.095239335937500000e+05
1.093677753906250000e+05
1.092726640625000000e+05
1.092616992187500000e+05
1.092365507812500000e+05
1.091934726562500000e+05
1.091634707031250000e+05
1.091399453125000000e+05
1.091098398437500000e+05
1.090781992187500000e+05
1.090478847656250000e+05
1.090152441406250000e+05
1.089803378906250000e+05
1.089444140625000000e+05
1.089069296875000000e+05
1.088673339843750000e+05
1.088275488281250000e+05
1.087882480468750000e+05
1.087476875000000000e+05
1.087129042968750000e+05
1.086781601562500000e+05
1.086481015625000000e+05
1.086253398437500000e+05
1.086100742187500000e+05
1.085960742187500000e+05
1.085853164062500000e+05
1.085880214843750000e+05
1.085774531250000000e+05
1.085733144531250000e+05
1.085692812500000000e+05
1.085675468750000000e+05
1.085658867187500000e+05
1.085650253906250000e+05
1.085624003906250000e+05
1.085601484375000000e+05
1.085581699218750000e+05
1.085579570312500000e+05
1.085561308593750000e+05
1.085561191406250000e+05
1.085547343750000000e+05
1.085542968750000000e+05
1.085535742187500000e+05
1.085525546875000000e+05
1.085523496093750000e+05
1.085515527343750000e+05
1.085516601562500000e+05
1.085489843750000000e+05
1.085486777343750000e+05
1.085492343750000000e+05
1.085482519531250000e+05
1.085482285156250000e+05
1.085456855468750000e+05
1.085452656250000000e+05
1.085453710937500000e+05
1.085448437500000000e+05
1.085445800781250000e+05
1.085428925781250000e+05
1.085434316406250000e+05
1.085424277343750000e+05
1.085412480468750000e+05
1.085402382812500000e+05
1.085414550781250000e+05
1.085412265625000000e+05
1.085409511718750000e+05
1.085391621093750000e+05
1.085406152343750000e+05
1.085379941406250000e+05
1.085397851562500000e+05
1.085377167968750000e+05
1.085392382812500000e+05
1.085361093750000000e+05
1.085375800781250000e+05
1.085363046875000000e+05
1.085371484375000000e+05
1.085357128906250000e+05
1.085351679687500000e+05
1.085332089843750000e+05
1.085365273437500000e+05
1.085329453125000000e+05
1.085343203125000000e+05
1.085325000000000000e+05
1.085335566406250000e+05
1.085328964843750000e+05
1.085327070312500000e+05
1.085325859375000000e+05
1.085308027343750000e+05
1.085323046875000000e+05
1.085296210937500000e+05
1.085353867187500000e+05
1.085329492187500000e+05
1.085339042968750000e+05
1.085305175781250000e+05
1.085306835937500000e+05
1.085303203125000000e+05
1.085281152343750000e+05
1.085288378906250000e+05
