2021-11-24 15:26:07,692:INFO:All directories created, ready to load the data
2021-11-24 15:26:07,728:INFO:Dataset loaded from /data/theorie/jthoeve/event_generation/events_high_stats/quad/cHW/events_5.npy
2021-11-24 15:26:07,731:INFO:Dataset loaded from /data/theorie/jthoeve/event_generation/events_high_stats/sm/events_5.npy
2021-11-24 15:26:11,555:INFO:Epoch 1, Training loss 183852.125, Validation loss 183964.66796875
2021-11-24 15:26:15,370:INFO:Epoch 2, Training loss 183852.12890625, Validation loss 183964.66796875
2021-11-24 15:26:19,120:INFO:Epoch 3, Training loss 183852.1328125, Validation loss 183964.66796875
2021-11-24 15:26:22,947:INFO:Epoch 4, Training loss 183852.1328125, Validation loss 183964.66796875
2021-11-24 15:26:26,706:INFO:Epoch 5, Training loss 183852.12890625, Validation loss 183964.66796875
2021-11-24 15:26:30,834:INFO:Epoch 6, Training loss 183852.12890625, Validation loss 183964.66796875
2021-11-24 15:26:34,602:INFO:Epoch 7, Training loss 183852.1328125, Validation loss 183964.66796875
2021-11-24 15:26:38,402:INFO:Epoch 8, Training loss 183852.12890625, Validation loss 183964.66796875
2021-11-24 15:26:42,164:INFO:Epoch 9, Training loss 183852.1328125, Validation loss 183964.66796875
2021-11-24 15:26:45,955:INFO:Epoch 10, Training loss 183852.1328125, Validation loss 183964.66796875
2021-11-24 15:26:49,724:INFO:Epoch 11, Training loss 183852.1328125, Validation loss 183964.66796875
2021-11-24 15:26:53,520:INFO:Epoch 12, Training loss 183852.1328125, Validation loss 183964.66796875
2021-11-24 15:26:57,298:INFO:Epoch 13, Training loss 183852.1328125, Validation loss 183964.66796875
2021-11-24 15:27:01,054:INFO:Epoch 14, Training loss 183852.1328125, Validation loss 183964.66796875
2021-11-24 15:27:04,843:INFO:Epoch 15, Training loss 183852.1328125, Validation loss 183964.66796875
2021-11-24 15:27:08,663:INFO:Epoch 16, Training loss 183852.12890625, Validation loss 183964.66796875
2021-11-24 15:27:08,666:INFO:Detected stagant training, reset the weights
2021-11-24 15:27:12,455:INFO:Epoch 17, Training loss 173211.328125, Validation loss 157292.896484375
2021-11-24 15:27:16,207:INFO:Epoch 18, Training loss 152904.14453125, Validation loss 149719.26953125
2021-11-24 15:27:20,004:INFO:Epoch 19, Training loss 149796.38671875, Validation loss 150156.525390625
2021-11-24 15:27:23,751:INFO:Epoch 20, Training loss 149995.94921875, Validation loss 149569.712890625
2021-11-24 15:27:27,573:INFO:Epoch 21, Training loss 148985.84375, Validation loss 148198.640625
2021-11-24 15:27:31,334:INFO:Epoch 22, Training loss 147554.853515625, Validation loss 146811.6640625
2021-11-24 15:27:35,127:INFO:Epoch 23, Training loss 146206.134765625, Validation loss 145647.244140625
2021-11-24 15:27:38,913:INFO:Epoch 24, Training loss 145142.228515625, Validation loss 144820.6875
2021-11-24 15:27:42,723:INFO:Epoch 25, Training loss 144435.025390625, Validation loss 144348.052734375
2021-11-24 15:27:46,485:INFO:Epoch 26, Training loss 144078.87890625, Validation loss 144168.17578125
2021-11-24 15:27:50,276:INFO:Epoch 27, Training loss 143922.98828125, Validation loss 144079.216796875
2021-11-24 15:27:54,055:INFO:Epoch 28, Training loss 143812.107421875, Validation loss 143952.322265625
2021-11-24 15:27:57,873:INFO:Epoch 29, Training loss 143670.68359375, Validation loss 143821.083984375
2021-11-24 15:28:01,659:INFO:Epoch 30, Training loss 143563.1015625, Validation loss 143748.6796875
2021-11-24 15:28:05,436:INFO:Epoch 31, Training loss 143510.32421875, Validation loss 143719.953125
2021-11-24 15:28:09,633:INFO:Epoch 32, Training loss 143477.712890625, Validation loss 143675.470703125
2021-11-24 15:28:13,436:INFO:Epoch 33, Training loss 143444.490234375, Validation loss 143654.130859375
2021-11-24 15:28:17,224:INFO:Epoch 34, Training loss 143428.6953125, Validation loss 143646.1875
2021-11-24 15:28:21,007:INFO:Epoch 35, Training loss 143420.423828125, Validation loss 143635.2890625
2021-11-24 15:28:24,804:INFO:Epoch 36, Training loss 143413.947265625, Validation loss 143629.05078125
2021-11-24 15:28:28,609:INFO:Epoch 37, Training loss 143405.865234375, Validation loss 143622.89453125
2021-11-24 15:28:32,408:INFO:Epoch 38, Training loss 143399.671875, Validation loss 143622.16015625
2021-11-24 15:28:36,172:INFO:Epoch 39, Training loss 143397.6328125, Validation loss 143618.740234375
2021-11-24 15:28:40,002:INFO:Epoch 40, Training loss 143390.8515625, Validation loss 143619.4609375
2021-11-24 15:28:43,756:INFO:Epoch 41, Training loss 143390.544921875, Validation loss 143617.580078125
2021-11-24 15:28:47,586:INFO:Epoch 42, Training loss 143385.888671875, Validation loss 143619.6015625
2021-11-24 15:28:51,349:INFO:Epoch 43, Training loss 143382.3515625, Validation loss 143620.662109375
2021-11-24 15:28:55,147:INFO:Epoch 44, Training loss 143385.92578125, Validation loss 143618.3125
2021-11-24 15:28:58,908:INFO:Epoch 45, Training loss 143380.2421875, Validation loss 143617.48046875
2021-11-24 15:29:03,140:INFO:Epoch 46, Training loss 143384.6640625, Validation loss 143618.056640625
2021-11-24 15:29:06,951:INFO:Epoch 47, Training loss 143383.021484375, Validation loss 143615.275390625
2021-11-24 15:29:10,766:INFO:Epoch 48, Training loss 143380.1796875, Validation loss 143614.6640625
2021-11-24 15:29:14,544:INFO:Epoch 49, Training loss 143381.244140625, Validation loss 143612.001953125
2021-11-24 15:29:18,358:INFO:Epoch 50, Training loss 143374.861328125, Validation loss 143614.890625
2021-11-24 15:29:22,131:INFO:Epoch 51, Training loss 143372.130859375, Validation loss 143611.6875
2021-11-24 15:29:25,897:INFO:Epoch 52, Training loss 143376.376953125, Validation loss 143608.287109375
2021-11-24 15:29:29,680:INFO:Epoch 53, Training loss 143378.294921875, Validation loss 143609.845703125
2021-11-24 15:29:33,475:INFO:Epoch 54, Training loss 143375.34375, Validation loss 143616.25390625
2021-11-24 15:29:37,257:INFO:Epoch 55, Training loss 143374.05859375, Validation loss 143610.828125
2021-11-24 15:29:41,057:INFO:Epoch 56, Training loss 143373.8671875, Validation loss 143610.3359375
2021-11-24 15:29:44,850:INFO:Epoch 57, Training loss 143375.349609375, Validation loss 143617.2265625
2021-11-24 15:29:48,637:INFO:Epoch 58, Training loss 143371.935546875, Validation loss 143605.5390625
2021-11-24 15:29:52,435:INFO:Epoch 59, Training loss 143367.15234375, Validation loss 143608.142578125
2021-11-24 15:29:56,194:INFO:Epoch 60, Training loss 143369.201171875, Validation loss 143616.546875
2021-11-24 15:30:00,003:INFO:Epoch 61, Training loss 143365.267578125, Validation loss 143605.21875
2021-11-24 15:30:03,760:INFO:Epoch 62, Training loss 143362.74609375, Validation loss 143607.5546875
2021-11-24 15:30:07,847:INFO:Epoch 63, Training loss 143362.037109375, Validation loss 143610.412109375
2021-11-24 15:30:11,690:INFO:Epoch 64, Training loss 143362.279296875, Validation loss 143607.650390625
2021-11-24 15:30:15,617:INFO:Epoch 65, Training loss 143363.6796875, Validation loss 143604.7265625
2021-11-24 15:30:19,493:INFO:Epoch 66, Training loss 143356.427734375, Validation loss 143611.25
2021-11-24 15:30:23,413:INFO:Epoch 67, Training loss 143360.33984375, Validation loss 143611.892578125
2021-11-24 15:30:27,319:INFO:Epoch 68, Training loss 143355.958984375, Validation loss 143606.654296875
2021-11-24 15:30:31,192:INFO:Epoch 69, Training loss 143358.517578125, Validation loss 143605.48828125
2021-11-24 15:30:35,338:INFO:Epoch 70, Training loss 143357.478515625, Validation loss 143609.158203125
2021-11-24 15:30:39,297:INFO:Epoch 71, Training loss 143357.53515625, Validation loss 143609.373046875
2021-11-24 15:30:43,206:INFO:Epoch 72, Training loss 143356.33203125, Validation loss 143605.177734375
2021-11-24 15:30:47,104:INFO:Epoch 73, Training loss 143358.478515625, Validation loss 143605.87890625
2021-11-24 15:30:51,077:INFO:Epoch 74, Training loss 143360.421875, Validation loss 143613.337890625
2021-11-24 15:30:54,930:INFO:Epoch 75, Training loss 143358.046875, Validation loss 143611.7734375
2021-11-24 15:30:58,760:INFO:Epoch 76, Training loss 143357.6015625, Validation loss 143608.171875
2021-11-24 15:31:02,536:INFO:Epoch 77, Training loss 143351.947265625, Validation loss 143605.361328125
2021-11-24 15:31:06,329:INFO:Epoch 78, Training loss 143353.998046875, Validation loss 143605.787109375
2021-11-24 15:31:10,142:INFO:Epoch 79, Training loss 143353.1953125, Validation loss 143608.630859375
2021-11-24 15:31:13,975:INFO:Epoch 80, Training loss 143353.142578125, Validation loss 143604.46484375
2021-11-24 15:31:17,749:INFO:Epoch 81, Training loss 143356.42578125, Validation loss 143610.94921875
2021-11-24 15:31:21,563:INFO:Epoch 82, Training loss 143351.3125, Validation loss 143604.509765625
2021-11-24 15:31:25,324:INFO:Epoch 83, Training loss 143353.63671875, Validation loss 143609.09375
2021-11-24 15:31:29,165:INFO:Epoch 84, Training loss 143354.31640625, Validation loss 143611.400390625
2021-11-24 15:31:32,933:INFO:Epoch 85, Training loss 143354.00390625, Validation loss 143608.888671875
2021-11-24 15:31:36,742:INFO:Epoch 86, Training loss 143353.794921875, Validation loss 143607.806640625
2021-11-24 15:31:40,539:INFO:Epoch 87, Training loss 143350.880859375, Validation loss 143611.806640625
2021-11-24 15:31:44,376:INFO:Epoch 88, Training loss 143359.3515625, Validation loss 143605.240234375
2021-11-24 15:31:48,145:INFO:Epoch 89, Training loss 143354.271484375, Validation loss 143615.955078125
2021-11-24 15:31:51,936:INFO:Epoch 90, Training loss 143352.46875, Validation loss 143604.478515625
2021-11-24 15:31:55,718:INFO:Epoch 91, Training loss 143352.05078125, Validation loss 143606.029296875
2021-11-24 15:31:59,550:INFO:Epoch 92, Training loss 143348.744140625, Validation loss 143607.8203125
2021-11-24 15:32:03,340:INFO:Epoch 93, Training loss 143348.828125, Validation loss 143607.41796875
2021-11-24 15:32:07,124:INFO:Epoch 94, Training loss 143351.3125, Validation loss 143604.373046875
2021-11-24 15:32:10,940:INFO:Epoch 95, Training loss 143349.83203125, Validation loss 143610.701171875
2021-11-24 15:32:14,756:INFO:Epoch 96, Training loss 143346.654296875, Validation loss 143606.669921875
2021-11-24 15:32:18,540:INFO:Epoch 97, Training loss 143356.091796875, Validation loss 143607.38671875
2021-11-24 15:32:22,301:INFO:Epoch 98, Training loss 143345.349609375, Validation loss 143611.955078125
2021-11-24 15:32:26,097:INFO:Epoch 99, Training loss 143349.53125, Validation loss 143612.130859375
2021-11-24 15:32:30,240:INFO:Epoch 100, Training loss 143351.37109375, Validation loss 143606.7109375
2021-11-24 15:32:34,042:INFO:Epoch 101, Training loss 143352.896484375, Validation loss 143615.037109375
2021-11-24 15:32:37,797:INFO:Epoch 102, Training loss 143352.76171875, Validation loss 143604.015625
2021-11-24 15:32:41,619:INFO:Epoch 103, Training loss 143350.751953125, Validation loss 143610.111328125
2021-11-24 15:32:45,384:INFO:Epoch 104, Training loss 143350.58984375, Validation loss 143611.01953125
2021-11-24 15:32:49,222:INFO:Epoch 105, Training loss 143349.361328125, Validation loss 143604.37890625
2021-11-24 15:32:52,983:INFO:Epoch 106, Training loss 143350.935546875, Validation loss 143612.546875
2021-11-24 15:32:56,794:INFO:Epoch 107, Training loss 143357.72265625, Validation loss 143617.896484375
2021-11-24 15:33:00,559:INFO:Epoch 108, Training loss 143358.2265625, Validation loss 143619.1484375
2021-11-24 15:33:04,382:INFO:Epoch 109, Training loss 143350.599609375, Validation loss 143605.59375
2021-11-24 15:33:08,152:INFO:Epoch 110, Training loss 143349.02734375, Validation loss 143614.794921875
2021-11-24 15:33:11,972:INFO:Epoch 111, Training loss 143343.615234375, Validation loss 143606.458984375
2021-11-24 15:33:15,762:INFO:Epoch 112, Training loss 143347.66796875, Validation loss 143604.833984375
2021-11-24 15:33:19,596:INFO:Epoch 113, Training loss 143343.197265625, Validation loss 143612.7578125
2021-11-24 15:33:23,380:INFO:Epoch 114, Training loss 143344.14453125, Validation loss 143607.95703125
2021-11-24 15:33:27,157:INFO:Epoch 115, Training loss 143345.5, Validation loss 143605.84765625
2021-11-24 15:33:30,941:INFO:Epoch 116, Training loss 143344.5703125, Validation loss 143608.9453125
2021-11-24 15:33:34,743:INFO:Epoch 117, Training loss 143345.689453125, Validation loss 143607.771484375
2021-11-24 15:33:38,535:INFO:Epoch 118, Training loss 143346.111328125, Validation loss 143609.484375
2021-11-24 15:33:42,337:INFO:Epoch 119, Training loss 143346.560546875, Validation loss 143607.6796875
2021-11-24 15:33:46,131:INFO:Epoch 120, Training loss 143347.88671875, Validation loss 143614.630859375
2021-11-24 15:33:49,934:INFO:Epoch 121, Training loss 143349.23046875, Validation loss 143606.625
2021-11-24 15:33:53,740:INFO:Epoch 122, Training loss 143347.46484375, Validation loss 143614.6953125
2021-11-24 15:33:57,500:INFO:Epoch 123, Training loss 143345.021484375, Validation loss 143604.33984375
2021-11-24 15:34:01,304:INFO:Epoch 124, Training loss 143343.265625, Validation loss 143612.6875
2021-11-24 15:34:05,075:INFO:Epoch 125, Training loss 143351.986328125, Validation loss 143616.814453125
2021-11-24 15:34:08,911:INFO:Epoch 126, Training loss 143347.2578125, Validation loss 143617.1640625
2021-11-24 15:34:12,704:INFO:Epoch 127, Training loss 143350.380859375, Validation loss 143608.375
2021-11-24 15:34:16,504:INFO:Epoch 128, Training loss 143343.69921875, Validation loss 143612.23828125
2021-11-24 15:34:20,268:INFO:Epoch 129, Training loss 143343.333984375, Validation loss 143603.677734375
2021-11-24 15:34:24,108:INFO:Epoch 130, Training loss 143350.29296875, Validation loss 143604.2734375
2021-11-24 15:34:27,903:INFO:Epoch 131, Training loss 143343.318359375, Validation loss 143615.91796875
2021-11-24 15:34:31,698:INFO:Epoch 132, Training loss 143348.6328125, Validation loss 143606.578125
2021-11-24 15:34:35,479:INFO:Epoch 133, Training loss 143346.333984375, Validation loss 143606.537109375
2021-11-24 15:34:39,297:INFO:Epoch 134, Training loss 143341.4375, Validation loss 143608.623046875
2021-11-24 15:34:43,112:INFO:Epoch 135, Training loss 143343.376953125, Validation loss 143611.724609375
2021-11-24 15:34:46,892:INFO:Epoch 136, Training loss 143339.73046875, Validation loss 143605.4765625
2021-11-24 15:34:50,685:INFO:Epoch 137, Training loss 143344.185546875, Validation loss 143613.1796875
2021-11-24 15:34:54,500:INFO:Epoch 138, Training loss 143340.376953125, Validation loss 143605.171875
2021-11-24 15:34:58,296:INFO:Epoch 139, Training loss 143339.326171875, Validation loss 143606.24609375
2021-11-24 15:35:02,071:INFO:Epoch 140, Training loss 143340.4296875, Validation loss 143607.99609375
2021-11-24 15:35:05,867:INFO:Epoch 141, Training loss 143338.28515625, Validation loss 143608.349609375
2021-11-24 15:35:09,664:INFO:Epoch 142, Training loss 143339.193359375, Validation loss 143609.634765625
2021-11-24 15:35:13,565:INFO:Epoch 143, Training loss 143342.876953125, Validation loss 143603.98046875
2021-11-24 15:35:17,386:INFO:Epoch 144, Training loss 143340.791015625, Validation loss 143608.701171875
2021-11-24 15:35:21,293:INFO:Epoch 145, Training loss 143342.529296875, Validation loss 143604.77734375
2021-11-24 15:35:25,245:INFO:Epoch 146, Training loss 143342.98828125, Validation loss 143618.265625
2021-11-24 15:35:29,106:INFO:Epoch 147, Training loss 143345.375, Validation loss 143609.603515625
2021-11-24 15:35:32,881:INFO:Epoch 148, Training loss 143343.412109375, Validation loss 143607.4296875
2021-11-24 15:35:36,699:INFO:Epoch 149, Training loss 143338.359375, Validation loss 143610.92578125
2021-11-24 15:35:40,501:INFO:Epoch 150, Training loss 143341.283203125, Validation loss 143610.828125
2021-11-24 15:35:44,702:INFO:Epoch 151, Training loss 143338.728515625, Validation loss 143604.912109375
2021-11-24 15:35:48,505:INFO:Epoch 152, Training loss 143340.513671875, Validation loss 143607.841796875
2021-11-24 15:35:52,329:INFO:Epoch 153, Training loss 143338.66796875, Validation loss 143607.4140625
2021-11-24 15:35:56,136:INFO:Epoch 154, Training loss 143337.62109375, Validation loss 143603.98828125
2021-11-24 15:36:00,384:INFO:Epoch 155, Training loss 143337.9453125, Validation loss 143608.822265625
2021-11-24 15:36:04,188:INFO:Epoch 156, Training loss 143339.265625, Validation loss 143610.712890625
2021-11-24 15:36:07,986:INFO:Epoch 157, Training loss 143338.763671875, Validation loss 143605.107421875
2021-11-24 15:36:11,822:INFO:Epoch 158, Training loss 143338.998046875, Validation loss 143603.69140625
2021-11-24 15:36:15,648:INFO:Epoch 159, Training loss 143338.341796875, Validation loss 143609.1640625
2021-11-24 15:36:19,453:INFO:Epoch 160, Training loss 143338.208984375, Validation loss 143605.966796875
2021-11-24 15:36:23,231:INFO:Epoch 161, Training loss 143337.169921875, Validation loss 143609.56640625
2021-11-24 15:36:27,047:INFO:Epoch 162, Training loss 143337.80859375, Validation loss 143610.65234375
2021-11-24 15:36:30,881:INFO:Epoch 163, Training loss 143339.236328125, Validation loss 143606.61328125
2021-11-24 15:36:34,710:INFO:Epoch 164, Training loss 143338.412109375, Validation loss 143608.119140625
2021-11-24 15:36:38,515:INFO:Epoch 165, Training loss 143337.16015625, Validation loss 143615.0703125
2021-11-24 15:36:42,388:INFO:Epoch 166, Training loss 143339.65234375, Validation loss 143612.416015625
2021-11-24 15:36:46,159:INFO:Epoch 167, Training loss 143341.2109375, Validation loss 143622.57421875
2021-11-24 15:36:49,996:INFO:Epoch 168, Training loss 143339.630859375, Validation loss 143605.197265625
2021-11-24 15:36:53,759:INFO:Epoch 169, Training loss 143338.59375, Validation loss 143608.103515625
2021-11-24 15:36:57,578:INFO:Epoch 170, Training loss 143336.390625, Validation loss 143607.775390625
2021-11-24 15:37:01,349:INFO:Epoch 171, Training loss 143336.05859375, Validation loss 143610.337890625
2021-11-24 15:37:05,179:INFO:Epoch 172, Training loss 143336.4296875, Validation loss 143610.59765625
2021-11-24 15:37:08,956:INFO:Epoch 173, Training loss 143335.8203125, Validation loss 143603.810546875
2021-11-24 15:37:12,776:INFO:Epoch 174, Training loss 143335.78515625, Validation loss 143609.05859375
2021-11-24 15:37:16,570:INFO:Epoch 175, Training loss 143335.06640625, Validation loss 143606.77734375
2021-11-24 15:37:20,393:INFO:Epoch 176, Training loss 143338.021484375, Validation loss 143610.90625
2021-11-24 15:37:24,195:INFO:Epoch 177, Training loss 143338.201171875, Validation loss 143609.875
2021-11-24 15:37:27,987:INFO:Epoch 178, Training loss 143338.650390625, Validation loss 143610.685546875
2021-11-24 15:37:31,775:INFO:Epoch 179, Training loss 143334.603515625, Validation loss 143605.619140625
2021-11-24 15:37:31,786:INFO:Finished training, producing training report at /data/theorie/jthoeve/ML4EFT_higgs/models/24_11/model_quad_cHW/mc_run_5/plots/training_report/
2021-11-24 15:37:32,120:WARNING:findfont: Font family ['sans-serif'] not found. Falling back to DejaVu Sans.
