2021-11-18 16:14:01,690:INFO:All directories created, ready to load the data
2021-11-18 16:14:01,733:INFO:Dataset loaded from /data/theorie/jthoeve/event_generation/events_high_stats/lin/cHq3/events_26.npy
2021-11-18 16:14:01,757:INFO:Dataset loaded from /data/theorie/jthoeve/event_generation/events_high_stats/sm/events_26.npy
2021-11-18 16:14:05,493:INFO:Epoch 1, Training loss 74621.515625, Validation loss 74509.59375
2021-11-18 16:14:09,200:INFO:Epoch 2, Training loss 74507.0703125, Validation loss 74403.921875
2021-11-18 16:14:13,038:INFO:Epoch 3, Training loss 74401.796875, Validation loss 74307.09375
2021-11-18 16:14:16,759:INFO:Epoch 4, Training loss 74305.3125, Validation loss 74218.203125
2021-11-18 16:14:20,444:INFO:Epoch 5, Training loss 74216.6328125, Validation loss 74137.390625
2021-11-18 16:14:24,037:INFO:Epoch 6, Training loss 74135.765625, Validation loss 74064.6015625
2021-11-18 16:14:27,791:INFO:Epoch 7, Training loss 74062.7265625, Validation loss 74000.03125
2021-11-18 16:14:31,527:INFO:Epoch 8, Training loss 73997.53125, Validation loss 73943.390625
2021-11-18 16:14:35,115:INFO:Epoch 9, Training loss 73940.6328125, Validation loss 73894.7265625
2021-11-18 16:14:38,825:INFO:Epoch 10, Training loss 73892.1171875, Validation loss 73854.875
2021-11-18 16:14:42,612:INFO:Epoch 11, Training loss 73852.65625, Validation loss 73822.8984375
2021-11-18 16:14:46,274:INFO:Epoch 12, Training loss 73821.0625, Validation loss 73799.4765625
2021-11-18 16:14:49,999:INFO:Epoch 13, Training loss 73797.71875, Validation loss 73782.4921875
2021-11-18 16:14:53,674:INFO:Epoch 14, Training loss 73780.578125, Validation loss 73770.1875
2021-11-18 16:14:57,406:INFO:Epoch 15, Training loss 73768.0625, Validation loss 73762.3046875
2021-11-18 16:15:01,082:INFO:Epoch 16, Training loss 73759.96875, Validation loss 73758.59375
2021-11-18 16:15:04,706:INFO:Epoch 17, Training loss 73756.109375, Validation loss 73758.609375
2021-11-18 16:15:08,457:INFO:Epoch 18, Training loss 73756.0234375, Validation loss 73761.5078125
2021-11-18 16:15:12,236:INFO:Epoch 19, Training loss 73758.8046875, Validation loss 73766.0
2021-11-18 16:15:15,807:INFO:Epoch 20, Training loss 73763.234375, Validation loss 73770.7578125
2021-11-18 16:15:19,513:INFO:Epoch 21, Training loss 73767.921875, Validation loss 73774.671875
2021-11-18 16:15:23,234:INFO:Epoch 22, Training loss 73771.78125, Validation loss 73777.1484375
2021-11-18 16:15:26,949:INFO:Epoch 23, Training loss 73774.1796875, Validation loss 73777.9375
2021-11-18 16:15:30,607:INFO:Epoch 24, Training loss 73774.875, Validation loss 73777.1328125
2021-11-18 16:15:34,323:INFO:Epoch 25, Training loss 73774.1171875, Validation loss 73775.09375
2021-11-18 16:15:38,094:INFO:Epoch 26, Training loss 73772.25, Validation loss 73772.2421875
2021-11-18 16:15:41,799:INFO:Epoch 27, Training loss 73769.6640625, Validation loss 73769.0
2021-11-18 16:15:45,411:INFO:Epoch 28, Training loss 73766.796875, Validation loss 73765.859375
2021-11-18 16:15:49,164:INFO:Epoch 29, Training loss 73763.96875, Validation loss 73763.0234375
2021-11-18 16:15:52,829:INFO:Epoch 30, Training loss 73761.4140625, Validation loss 73760.4921875
2021-11-18 16:15:56,475:INFO:Epoch 31, Training loss 73759.1015625, Validation loss 73758.2734375
2021-11-18 16:16:00,237:INFO:Epoch 32, Training loss 73757.2265625, Validation loss 73756.5625
2021-11-18 16:16:03,960:INFO:Epoch 33, Training loss 73755.7734375, Validation loss 73755.34375
2021-11-18 16:16:07,686:INFO:Epoch 34, Training loss 73754.8203125, Validation loss 73754.625
2021-11-18 16:16:11,329:INFO:Epoch 35, Training loss 73754.296875, Validation loss 73754.3203125
2021-11-18 16:16:15,059:INFO:Epoch 36, Training loss 73754.125, Validation loss 73754.3125
2021-11-18 16:16:18,856:INFO:Epoch 37, Training loss 73754.203125, Validation loss 73754.5078125
2021-11-18 16:16:22,458:INFO:Epoch 38, Training loss 73754.4140625, Validation loss 73754.796875
2021-11-18 16:16:26,159:INFO:Epoch 39, Training loss 73754.7421875, Validation loss 73755.125
2021-11-18 16:16:29,962:INFO:Epoch 40, Training loss 73755.0546875, Validation loss 73755.421875
2021-11-18 16:16:33,643:INFO:Epoch 41, Training loss 73755.265625, Validation loss 73755.640625
2021-11-18 16:16:37,480:INFO:Epoch 42, Training loss 73755.3359375, Validation loss 73755.75
2021-11-18 16:16:41,155:INFO:Epoch 43, Training loss 73755.3203125, Validation loss 73755.765625
2021-11-18 16:16:44,883:INFO:Epoch 44, Training loss 73755.1953125, Validation loss 73755.6796875
2021-11-18 16:16:48,564:INFO:Epoch 45, Training loss 73755.015625, Validation loss 73755.546875
2021-11-18 16:16:52,188:INFO:Epoch 46, Training loss 73754.765625, Validation loss 73755.375
2021-11-18 16:16:55,944:INFO:Epoch 47, Training loss 73754.453125, Validation loss 73755.1640625
2021-11-18 16:16:59,717:INFO:Epoch 48, Training loss 73754.125, Validation loss 73754.953125
2021-11-18 16:17:03,336:INFO:Epoch 49, Training loss 73753.8046875, Validation loss 73754.7578125
2021-11-18 16:17:07,042:INFO:Epoch 50, Training loss 73753.5, Validation loss 73754.5859375
2021-11-18 16:17:10,727:INFO:Epoch 51, Training loss 73753.2421875, Validation loss 73754.4609375
2021-11-18 16:17:14,890:INFO:Epoch 52, Training loss 73753.0390625, Validation loss 73754.375
2021-11-18 16:17:18,593:INFO:Epoch 53, Training loss 73752.90625, Validation loss 73754.3203125
2021-11-18 16:17:22,314:INFO:Epoch 54, Training loss 73752.828125, Validation loss 73754.296875
2021-11-18 16:17:26,094:INFO:Epoch 55, Training loss 73752.7890625, Validation loss 73754.3046875
2021-11-18 16:17:29,785:INFO:Epoch 56, Training loss 73752.7734375, Validation loss 73754.3203125
2021-11-18 16:17:33,423:INFO:Epoch 57, Training loss 73752.765625, Validation loss 73754.328125
2021-11-18 16:17:37,173:INFO:Epoch 58, Training loss 73752.7578125, Validation loss 73754.3203125
2021-11-18 16:17:40,818:INFO:Epoch 59, Training loss 73752.765625, Validation loss 73754.3125
2021-11-18 16:17:44,978:INFO:Epoch 60, Training loss 73752.765625, Validation loss 73754.296875
2021-11-18 16:17:48,766:INFO:Epoch 61, Training loss 73752.7421875, Validation loss 73754.2734375
2021-11-18 16:17:52,472:INFO:Epoch 62, Training loss 73752.703125, Validation loss 73754.2265625
2021-11-18 16:17:56,171:INFO:Epoch 63, Training loss 73752.6328125, Validation loss 73754.1796875
2021-11-18 16:17:59,760:INFO:Epoch 64, Training loss 73752.5546875, Validation loss 73754.1328125
2021-11-18 16:18:03,506:INFO:Epoch 65, Training loss 73752.453125, Validation loss 73754.0859375
2021-11-18 16:18:07,243:INFO:Epoch 66, Training loss 73752.34375, Validation loss 73754.0390625
2021-11-18 16:18:10,824:INFO:Epoch 67, Training loss 73752.25, Validation loss 73753.9921875
2021-11-18 16:18:14,546:INFO:Epoch 68, Training loss 73752.15625, Validation loss 73753.9375
2021-11-18 16:18:18,339:INFO:Epoch 69, Training loss 73752.0703125, Validation loss 73753.8828125
2021-11-18 16:18:22,033:INFO:Epoch 70, Training loss 73751.9921875, Validation loss 73753.8359375
2021-11-18 16:18:25,711:INFO:Epoch 71, Training loss 73751.9296875, Validation loss 73753.7890625
2021-11-18 16:18:29,392:INFO:Epoch 72, Training loss 73751.875, Validation loss 73753.765625
2021-11-18 16:18:33,118:INFO:Epoch 73, Training loss 73751.828125, Validation loss 73753.75
2021-11-18 16:18:36,798:INFO:Epoch 74, Training loss 73751.796875, Validation loss 73753.7421875
2021-11-18 16:18:40,424:INFO:Epoch 75, Training loss 73751.765625, Validation loss 73753.7421875
2021-11-18 16:18:44,203:INFO:Epoch 76, Training loss 73751.7265625, Validation loss 73753.75
2021-11-18 16:18:47,962:INFO:Epoch 77, Training loss 73751.6875, Validation loss 73753.7578125
2021-11-18 16:18:51,599:INFO:Epoch 78, Training loss 73751.640625, Validation loss 73753.7578125
2021-11-18 16:18:55,340:INFO:Epoch 79, Training loss 73751.5859375, Validation loss 73753.7578125
2021-11-18 16:18:59,030:INFO:Epoch 80, Training loss 73751.53125, Validation loss 73753.7578125
2021-11-18 16:19:02,732:INFO:Epoch 81, Training loss 73751.4765625, Validation loss 73753.75
2021-11-18 16:19:06,396:INFO:Epoch 82, Training loss 73751.4140625, Validation loss 73753.75
2021-11-18 16:19:10,122:INFO:Epoch 83, Training loss 73751.359375, Validation loss 73753.7421875
2021-11-18 16:19:13,898:INFO:Epoch 84, Training loss 73751.3125, Validation loss 73753.734375
2021-11-18 16:19:17,522:INFO:Epoch 85, Training loss 73751.2578125, Validation loss 73753.7265625
2021-11-18 16:19:21,247:INFO:Epoch 86, Training loss 73751.2109375, Validation loss 73753.703125
2021-11-18 16:19:25,019:INFO:Epoch 87, Training loss 73751.15625, Validation loss 73753.6875
2021-11-18 16:19:28,669:INFO:Epoch 88, Training loss 73751.1171875, Validation loss 73753.6640625
2021-11-18 16:19:32,329:INFO:Epoch 89, Training loss 73751.0703125, Validation loss 73753.640625
2021-11-18 16:19:36,127:INFO:Epoch 90, Training loss 73751.0234375, Validation loss 73753.6171875
2021-11-18 16:19:39,866:INFO:Epoch 91, Training loss 73750.9765625, Validation loss 73753.5859375
2021-11-18 16:19:43,578:INFO:Epoch 92, Training loss 73750.9296875, Validation loss 73753.5703125
2021-11-18 16:19:47,219:INFO:Epoch 93, Training loss 73750.875, Validation loss 73753.5546875
2021-11-18 16:19:50,958:INFO:Epoch 94, Training loss 73750.8359375, Validation loss 73753.546875
2021-11-18 16:19:54,733:INFO:Epoch 95, Training loss 73750.78125, Validation loss 73753.546875
2021-11-18 16:19:58,337:INFO:Epoch 96, Training loss 73750.7265625, Validation loss 73753.5390625
2021-11-18 16:20:02,078:INFO:Epoch 97, Training loss 73750.671875, Validation loss 73753.5234375
2021-11-18 16:20:05,897:INFO:Epoch 98, Training loss 73750.6171875, Validation loss 73753.515625
2021-11-18 16:20:09,574:INFO:Epoch 99, Training loss 73750.5703125, Validation loss 73753.5
2021-11-18 16:20:13,290:INFO:Epoch 100, Training loss 73750.515625, Validation loss 73753.4765625
2021-11-18 16:20:16,996:INFO:Epoch 101, Training loss 73750.4609375, Validation loss 73753.4609375
2021-11-18 16:20:20,793:INFO:Epoch 102, Training loss 73750.4140625, Validation loss 73753.4375
2021-11-18 16:20:24,488:INFO:Epoch 103, Training loss 73750.359375, Validation loss 73753.421875
2021-11-18 16:20:28,154:INFO:Epoch 104, Training loss 73750.3125, Validation loss 73753.4140625
2021-11-18 16:20:31,966:INFO:Epoch 105, Training loss 73750.2578125, Validation loss 73753.4140625
2021-11-18 16:20:35,762:INFO:Epoch 106, Training loss 73750.203125, Validation loss 73753.4140625
2021-11-18 16:20:39,366:INFO:Epoch 107, Training loss 73750.15625, Validation loss 73753.40625
2021-11-18 16:20:43,104:INFO:Epoch 108, Training loss 73750.1015625, Validation loss 73753.3984375
2021-11-18 16:20:46,822:INFO:Epoch 109, Training loss 73750.046875, Validation loss 73753.375
2021-11-18 16:20:50,532:INFO:Epoch 110, Training loss 73749.9921875, Validation loss 73753.3515625
2021-11-18 16:20:54,215:INFO:Epoch 111, Training loss 73749.9375, Validation loss 73753.328125
2021-11-18 16:20:57,953:INFO:Epoch 112, Training loss 73749.8828125, Validation loss 73753.3046875
2021-11-18 16:21:01,761:INFO:Epoch 113, Training loss 73749.8203125, Validation loss 73753.3046875
2021-11-18 16:21:05,522:INFO:Epoch 114, Training loss 73749.7578125, Validation loss 73753.296875
2021-11-18 16:21:09,156:INFO:Epoch 115, Training loss 73749.6953125, Validation loss 73753.2890625
2021-11-18 16:21:12,941:INFO:Epoch 116, Training loss 73749.6328125, Validation loss 73753.28125
2021-11-18 16:21:16,690:INFO:Epoch 117, Training loss 73749.5625, Validation loss 73753.265625
2021-11-18 16:21:20,406:INFO:Epoch 118, Training loss 73749.4765625, Validation loss 73753.265625
2021-11-18 16:21:24,162:INFO:Epoch 119, Training loss 73749.375, Validation loss 73753.25
2021-11-18 16:21:27,937:INFO:Epoch 120, Training loss 73749.2734375, Validation loss 73753.3046875
2021-11-18 16:21:31,735:INFO:Epoch 121, Training loss 73749.1640625, Validation loss 73753.3828125
2021-11-18 16:21:35,390:INFO:Epoch 122, Training loss 73749.0234375, Validation loss 73753.484375
2021-11-18 16:21:39,156:INFO:Epoch 123, Training loss 73748.921875, Validation loss 73753.6171875
2021-11-18 16:21:42,964:INFO:Epoch 124, Training loss 73748.78125, Validation loss 73753.7421875
2021-11-18 16:21:46,660:INFO:Epoch 125, Training loss 73748.6796875, Validation loss 73753.7890625
2021-11-18 16:21:50,357:INFO:Epoch 126, Training loss 73748.5703125, Validation loss 73753.734375
2021-11-18 16:21:54,201:INFO:Epoch 127, Training loss 73748.421875, Validation loss 73753.625
2021-11-18 16:21:58,110:INFO:Epoch 128, Training loss 73748.2578125, Validation loss 73753.5
2021-11-18 16:22:01,803:INFO:Epoch 129, Training loss 73748.09375, Validation loss 73753.390625
2021-11-18 16:22:05,471:INFO:Epoch 130, Training loss 73747.953125, Validation loss 73753.359375
2021-11-18 16:22:09,268:INFO:Epoch 131, Training loss 73747.8046875, Validation loss 73753.421875
2021-11-18 16:22:13,048:INFO:Epoch 132, Training loss 73747.625, Validation loss 73753.5
2021-11-18 16:22:16,696:INFO:Epoch 133, Training loss 73747.4375, Validation loss 73753.5546875
2021-11-18 16:22:20,541:INFO:Epoch 134, Training loss 73747.25, Validation loss 73753.5703125
2021-11-18 16:22:24,413:INFO:Epoch 135, Training loss 73747.0703125, Validation loss 73753.59375
2021-11-18 16:22:28,153:INFO:Epoch 136, Training loss 73746.890625, Validation loss 73753.6328125
2021-11-18 16:22:31,847:INFO:Epoch 137, Training loss 73746.703125, Validation loss 73753.6796875
2021-11-18 16:22:35,597:INFO:Epoch 138, Training loss 73746.4921875, Validation loss 73753.6953125
2021-11-18 16:22:39,397:INFO:Epoch 139, Training loss 73746.265625, Validation loss 73753.6640625
2021-11-18 16:22:43,130:INFO:Epoch 140, Training loss 73746.046875, Validation loss 73753.6640625
2021-11-18 16:22:46,836:INFO:Epoch 141, Training loss 73745.828125, Validation loss 73753.671875
2021-11-18 16:22:50,698:INFO:Epoch 142, Training loss 73745.5859375, Validation loss 73753.6796875
2021-11-18 16:22:54,531:INFO:Epoch 143, Training loss 73745.34375, Validation loss 73753.7109375
2021-11-18 16:22:58,179:INFO:Epoch 144, Training loss 73745.1015625, Validation loss 73753.75
2021-11-18 16:23:01,965:INFO:Epoch 145, Training loss 73744.8359375, Validation loss 73753.796875
2021-11-18 16:23:05,732:INFO:Epoch 146, Training loss 73744.578125, Validation loss 73753.828125
2021-11-18 16:23:09,496:INFO:Epoch 147, Training loss 73744.3203125, Validation loss 73753.8515625
2021-11-18 16:23:13,225:INFO:Epoch 148, Training loss 73744.0703125, Validation loss 73753.8828125
2021-11-18 16:23:17,001:INFO:Epoch 149, Training loss 73743.8203125, Validation loss 73753.953125
2021-11-18 16:23:20,893:INFO:Epoch 150, Training loss 73743.578125, Validation loss 73754.0546875
2021-11-18 16:23:24,514:INFO:Epoch 151, Training loss 73743.328125, Validation loss 73754.2265625
2021-11-18 16:23:28,225:INFO:Epoch 152, Training loss 73743.0859375, Validation loss 73754.4296875
2021-11-18 16:23:32,036:INFO:Epoch 153, Training loss 73742.8359375, Validation loss 73754.5703125
2021-11-18 16:23:35,767:INFO:Epoch 154, Training loss 73742.59375, Validation loss 73754.6640625
2021-11-18 16:23:39,460:INFO:Epoch 155, Training loss 73742.3359375, Validation loss 73754.796875
2021-11-18 16:23:43,271:INFO:Epoch 156, Training loss 73742.0703125, Validation loss 73755.0
2021-11-18 16:23:47,065:INFO:Epoch 157, Training loss 73741.796875, Validation loss 73755.21875
2021-11-18 16:23:50,864:INFO:Epoch 158, Training loss 73741.5390625, Validation loss 73755.390625
2021-11-18 16:23:54,484:INFO:Epoch 159, Training loss 73741.28125, Validation loss 73755.5390625
2021-11-18 16:23:58,283:INFO:Epoch 160, Training loss 73741.03125, Validation loss 73755.75
2021-11-18 16:24:02,097:INFO:Epoch 161, Training loss 73740.7578125, Validation loss 73755.9296875
2021-11-18 16:24:05,754:INFO:Epoch 162, Training loss 73740.484375, Validation loss 73756.078125
2021-11-18 16:24:09,505:INFO:Epoch 163, Training loss 73740.2265625, Validation loss 73756.1328125
2021-11-18 16:24:13,376:INFO:Epoch 164, Training loss 73739.953125, Validation loss 73756.109375
2021-11-18 16:24:17,131:INFO:Epoch 165, Training loss 73739.6640625, Validation loss 73756.203125
2021-11-18 16:24:20,855:INFO:Epoch 166, Training loss 73739.375, Validation loss 73756.4453125
2021-11-18 16:24:24,595:INFO:Epoch 167, Training loss 73739.109375, Validation loss 73756.453125
2021-11-18 16:24:28,400:INFO:Epoch 168, Training loss 73738.8203125, Validation loss 73756.65625
2021-11-18 16:24:32,183:INFO:Epoch 169, Training loss 73738.5078125, Validation loss 73757.0390625
2021-11-18 16:24:32,190:INFO:Finished training, producing training report at /data/theorie/jthoeve/ML4EFT_higgs/models/17_11/model_final_lin_cHq3_v7/mc_run_26/plots/training_report/
2021-11-18 16:24:32,537:WARNING:findfont: Font family ['sans-serif'] not found. Falling back to DejaVu Sans.
