2021-11-17 17:54:11,602:INFO:All directories created, ready to load the data
2021-11-17 17:54:11,676:INFO:Dataset loaded from /data/theorie/jthoeve/event_generation/events_high_stats/lin/cHW/events_23.npy
2021-11-17 17:54:11,711:INFO:Dataset loaded from /data/theorie/jthoeve/event_generation/events_high_stats/sm/events_23.npy
2021-11-17 17:54:15,202:INFO:Epoch 1, Training loss 207794.05078125, Validation loss 207031.18359375
2021-11-17 17:54:18,604:INFO:Epoch 2, Training loss 199182.58984375, Validation loss 184708.390625
2021-11-17 17:54:22,007:INFO:Epoch 3, Training loss 175486.55078125, Validation loss 162552.826171875
2021-11-17 17:54:25,431:INFO:Epoch 4, Training loss 155192.06640625, Validation loss 144722.8203125
2021-11-17 17:54:28,792:INFO:Epoch 5, Training loss 139093.341796875, Validation loss 131075.41796875
2021-11-17 17:54:32,187:INFO:Epoch 6, Training loss 126655.611328125, Validation loss 120379.953125
2021-11-17 17:54:35,563:INFO:Epoch 7, Training loss 117430.3125, Validation loss 113568.435546875
2021-11-17 17:54:38,972:INFO:Epoch 8, Training loss 112135.935546875, Validation loss 110361.912109375
2021-11-17 17:54:42,357:INFO:Epoch 9, Training loss 109930.5390625, Validation loss 109429.181640625
2021-11-17 17:54:45,723:INFO:Epoch 10, Training loss 109503.583984375, Validation loss 109535.28125
2021-11-17 17:54:49,097:INFO:Epoch 11, Training loss 109685.705078125, Validation loss 109721.111328125
2021-11-17 17:54:52,491:INFO:Epoch 12, Training loss 109780.82421875, Validation loss 109676.666015625
2021-11-17 17:54:55,887:INFO:Epoch 13, Training loss 109667.23828125, Validation loss 109499.48046875
2021-11-17 17:54:59,243:INFO:Epoch 14, Training loss 109490.33203125, Validation loss 109345.958984375
2021-11-17 17:55:02,622:INFO:Epoch 15, Training loss 109370.5234375, Validation loss 109275.66015625
2021-11-17 17:55:06,023:INFO:Epoch 16, Training loss 109325.791015625, Validation loss 109261.681640625
2021-11-17 17:55:09,421:INFO:Epoch 17, Training loss 109319.212890625, Validation loss 109257.599609375
2021-11-17 17:55:12,767:INFO:Epoch 18, Training loss 109308.841796875, Validation loss 109240.095703125
2021-11-17 17:55:16,153:INFO:Epoch 19, Training loss 109287.947265625, Validation loss 109218.5703125
2021-11-17 17:55:19,500:INFO:Epoch 20, Training loss 109266.75390625, Validation loss 109200.943359375
2021-11-17 17:55:22,923:INFO:Epoch 21, Training loss 109249.439453125, Validation loss 109186.50390625
2021-11-17 17:55:26,276:INFO:Epoch 22, Training loss 109234.1953125, Validation loss 109171.943359375
2021-11-17 17:55:29,659:INFO:Epoch 23, Training loss 109217.623046875, Validation loss 109156.173828125
2021-11-17 17:55:33,025:INFO:Epoch 24, Training loss 109200.947265625, Validation loss 109140.390625
2021-11-17 17:55:36,439:INFO:Epoch 25, Training loss 109183.69921875, Validation loss 109125.296875
2021-11-17 17:55:39,784:INFO:Epoch 26, Training loss 109166.87109375, Validation loss 109109.056640625
2021-11-17 17:55:43,193:INFO:Epoch 27, Training loss 109149.15625, Validation loss 109092.177734375
2021-11-17 17:55:46,579:INFO:Epoch 28, Training loss 109130.369140625, Validation loss 109075.5234375
2021-11-17 17:55:49,980:INFO:Epoch 29, Training loss 109111.15625, Validation loss 109058.259765625
2021-11-17 17:55:53,349:INFO:Epoch 30, Training loss 109091.75, Validation loss 109040.0703125
2021-11-17 17:55:56,707:INFO:Epoch 31, Training loss 109071.232421875, Validation loss 109021.7734375
2021-11-17 17:56:00,092:INFO:Epoch 32, Training loss 109050.185546875, Validation loss 109002.859375
2021-11-17 17:56:03,488:INFO:Epoch 33, Training loss 109028.509765625, Validation loss 108983.6875
2021-11-17 17:56:06,867:INFO:Epoch 34, Training loss 109005.466796875, Validation loss 108963.98828125
2021-11-17 17:56:10,245:INFO:Epoch 35, Training loss 108983.2734375, Validation loss 108944.203125
2021-11-17 17:56:13,623:INFO:Epoch 36, Training loss 108960.259765625, Validation loss 108924.62890625
2021-11-17 17:56:17,021:INFO:Epoch 37, Training loss 108937.001953125, Validation loss 108906.625
2021-11-17 17:56:20,414:INFO:Epoch 38, Training loss 108915.6484375, Validation loss 108889.87890625
2021-11-17 17:56:23,764:INFO:Epoch 39, Training loss 108896.27734375, Validation loss 108875.2265625
2021-11-17 17:56:27,154:INFO:Epoch 40, Training loss 108878.859375, Validation loss 108863.619140625
2021-11-17 17:56:30,508:INFO:Epoch 41, Training loss 108865.0703125, Validation loss 108855.3046875
2021-11-17 17:56:33,935:INFO:Epoch 42, Training loss 108854.232421875, Validation loss 108850.447265625
2021-11-17 17:56:37,284:INFO:Epoch 43, Training loss 108846.1640625, Validation loss 108847.298828125
2021-11-17 17:56:40,696:INFO:Epoch 44, Training loss 108840.62890625, Validation loss 108846.912109375
2021-11-17 17:56:44,062:INFO:Epoch 45, Training loss 108837.056640625, Validation loss 108846.271484375
2021-11-17 17:56:47,482:INFO:Epoch 46, Training loss 108835.771484375, Validation loss 108845.978515625
2021-11-17 17:56:50,871:INFO:Epoch 47, Training loss 108834.2265625, Validation loss 108846.306640625
2021-11-17 17:56:54,270:INFO:Epoch 48, Training loss 108833.46484375, Validation loss 108846.546875
2021-11-17 17:56:57,664:INFO:Epoch 49, Training loss 108832.875, Validation loss 108846.7734375
2021-11-17 17:57:01,095:INFO:Epoch 50, Training loss 108831.923828125, Validation loss 108846.4921875
2021-11-17 17:57:04,481:INFO:Epoch 51, Training loss 108831.10546875, Validation loss 108846.1640625
2021-11-17 17:57:07,878:INFO:Epoch 52, Training loss 108830.6640625, Validation loss 108846.5234375
2021-11-17 17:57:11,284:INFO:Epoch 53, Training loss 108830.396484375, Validation loss 108846.521484375
2021-11-17 17:57:14,719:INFO:Epoch 54, Training loss 108830.013671875, Validation loss 108845.609375
2021-11-17 17:57:18,123:INFO:Epoch 55, Training loss 108829.17578125, Validation loss 108845.193359375
2021-11-17 17:57:21,521:INFO:Epoch 56, Training loss 108829.01171875, Validation loss 108845.48046875
2021-11-17 17:57:24,950:INFO:Epoch 57, Training loss 108829.294921875, Validation loss 108845.564453125
2021-11-17 17:57:28,357:INFO:Epoch 58, Training loss 108828.36328125, Validation loss 108844.794921875
2021-11-17 17:57:31,760:INFO:Epoch 59, Training loss 108827.94921875, Validation loss 108845.41015625
2021-11-17 17:57:35,133:INFO:Epoch 60, Training loss 108827.302734375, Validation loss 108844.91796875
2021-11-17 17:57:38,569:INFO:Epoch 61, Training loss 108827.123046875, Validation loss 108845.248046875
2021-11-17 17:57:41,935:INFO:Epoch 62, Training loss 108826.75, Validation loss 108845.396484375
2021-11-17 17:57:45,378:INFO:Epoch 63, Training loss 108827.171875, Validation loss 108845.16015625
2021-11-17 17:57:48,756:INFO:Epoch 64, Training loss 108826.419921875, Validation loss 108845.736328125
2021-11-17 17:57:52,185:INFO:Epoch 65, Training loss 108826.216796875, Validation loss 108846.697265625
2021-11-17 17:57:55,582:INFO:Epoch 66, Training loss 108825.912109375, Validation loss 108846.390625
2021-11-17 17:57:59,023:INFO:Epoch 67, Training loss 108825.533203125, Validation loss 108845.80078125
2021-11-17 17:58:02,441:INFO:Epoch 68, Training loss 108825.43359375, Validation loss 108845.65234375
2021-11-17 17:58:05,854:INFO:Epoch 69, Training loss 108825.22265625, Validation loss 108845.4296875
2021-11-17 17:58:09,266:INFO:Epoch 70, Training loss 108825.744140625, Validation loss 108846.9375
2021-11-17 17:58:12,696:INFO:Epoch 71, Training loss 108825.775390625, Validation loss 108846.404296875
2021-11-17 17:58:16,084:INFO:Epoch 72, Training loss 108824.857421875, Validation loss 108846.337890625
2021-11-17 17:58:19,476:INFO:Epoch 73, Training loss 108825.716796875, Validation loss 108848.052734375
2021-11-17 17:58:22,876:INFO:Epoch 74, Training loss 108824.203125, Validation loss 108847.494140625
2021-11-17 17:58:26,299:INFO:Epoch 75, Training loss 108824.1640625, Validation loss 108848.0859375
2021-11-17 17:58:29,708:INFO:Epoch 76, Training loss 108823.8828125, Validation loss 108847.21875
2021-11-17 17:58:33,084:INFO:Epoch 77, Training loss 108824.05078125, Validation loss 108846.4609375
2021-11-17 17:58:36,495:INFO:Epoch 78, Training loss 108823.53125, Validation loss 108846.62109375
2021-11-17 17:58:36,501:INFO:Finished training, producing training report at /data/theorie/jthoeve/ML4EFT_higgs/models/17_11/model_final_lin_cHW/mc_run_23/plots/training_report/
2021-11-17 17:58:36,790:WARNING:findfont: Font family ['sans-serif'] not found. Falling back to DejaVu Sans.
