2022-03-03 14:19:17,065:INFO:All directories created, ready to load the data
2022-03-03 14:19:17,131:INFO:Dataset loaded from /data/theorie/jthoeve/training_data/zh/features_mzh_y_ptz_v2/lin/cHq3/events_16.pkl.gz
2022-03-03 14:19:17,172:INFO:Dataset loaded from /data/theorie/jthoeve/training_data/zh/features_mzh_y_ptz_v2/sm/events_16.pkl.gz
2022-03-03 14:19:19,375:INFO:Epoch 1, Training loss 76953.16796875, Validation loss 74805.734375
2022-03-03 14:19:21,631:INFO:Epoch 2, Training loss 74280.9892578125, Validation loss 73842.0869140625
2022-03-03 14:19:23,818:INFO:Epoch 3, Training loss 73805.8564453125, Validation loss 73847.951171875
2022-03-03 14:19:26,028:INFO:Epoch 4, Training loss 73889.2294921875, Validation loss 73942.3486328125
2022-03-03 14:19:28,238:INFO:Epoch 5, Training loss 73930.23828125, Validation loss 73906.4140625
2022-03-03 14:19:30,484:INFO:Epoch 6, Training loss 73863.9384765625, Validation loss 73814.1865234375
2022-03-03 14:19:32,675:INFO:Epoch 7, Training loss 73780.4443359375, Validation loss 73752.9365234375
2022-03-03 14:19:34,853:INFO:Epoch 8, Training loss 73747.146484375, Validation loss 73758.31640625
2022-03-03 14:19:37,056:INFO:Epoch 9, Training loss 73759.07421875, Validation loss 73762.1103515625
2022-03-03 14:19:39,290:INFO:Epoch 10, Training loss 73754.203125, Validation loss 73751.349609375
2022-03-03 14:19:41,493:INFO:Epoch 11, Training loss 73745.7119140625, Validation loss 73749.111328125
2022-03-03 14:19:43,665:INFO:Epoch 12, Training loss 73745.419921875, Validation loss 73750.9951171875
2022-03-03 14:19:45,863:INFO:Epoch 13, Training loss 73745.9482421875, Validation loss 73751.1552734375
2022-03-03 14:19:48,079:INFO:Epoch 14, Training loss 73745.43359375, Validation loss 73750.18359375
2022-03-03 14:19:50,293:INFO:Epoch 15, Training loss 73744.291015625, Validation loss 73749.5751953125
2022-03-03 14:19:52,452:INFO:Epoch 16, Training loss 73744.0439453125, Validation loss 73749.3203125
2022-03-03 14:19:54,672:INFO:Epoch 17, Training loss 73743.6689453125, Validation loss 73749.220703125
2022-03-03 14:19:56,837:INFO:Epoch 18, Training loss 73743.6259765625, Validation loss 73749.052734375
2022-03-03 14:19:59,101:INFO:Epoch 19, Training loss 73743.1826171875, Validation loss 73748.869140625
2022-03-03 14:20:01,267:INFO:Epoch 20, Training loss 73743.095703125, Validation loss 73748.7421875
2022-03-03 14:20:03,488:INFO:Epoch 21, Training loss 73742.8857421875, Validation loss 73748.673828125
2022-03-03 14:20:05,660:INFO:Epoch 22, Training loss 73742.7236328125, Validation loss 73748.6181640625
2022-03-03 14:20:07,914:INFO:Epoch 23, Training loss 73742.7119140625, Validation loss 73748.517578125
2022-03-03 14:20:10,095:INFO:Epoch 24, Training loss 73742.5078125, Validation loss 73748.455078125
2022-03-03 14:20:12,290:INFO:Epoch 25, Training loss 73742.4072265625, Validation loss 73748.4033203125
2022-03-03 14:20:14,477:INFO:Epoch 26, Training loss 73742.33203125, Validation loss 73748.4560546875
2022-03-03 14:20:16,704:INFO:Epoch 27, Training loss 73742.1904296875, Validation loss 73748.5537109375
2022-03-03 14:20:18,902:INFO:Epoch 28, Training loss 73742.2470703125, Validation loss 73748.5185546875
2022-03-03 14:20:21,082:INFO:Epoch 29, Training loss 73741.9794921875, Validation loss 73748.5224609375
2022-03-03 14:20:23,275:INFO:Epoch 30, Training loss 73741.8876953125, Validation loss 73748.5576171875
2022-03-03 14:20:25,504:INFO:Epoch 31, Training loss 73741.70703125, Validation loss 73748.6328125
2022-03-03 14:20:27,707:INFO:Epoch 32, Training loss 73741.58984375, Validation loss 73748.7412109375
2022-03-03 14:20:29,883:INFO:Epoch 33, Training loss 73741.4208984375, Validation loss 73748.7685546875
2022-03-03 14:20:32,089:INFO:Epoch 34, Training loss 73741.4072265625, Validation loss 73748.841796875
2022-03-03 14:20:34,296:INFO:Epoch 35, Training loss 73741.208984375, Validation loss 73748.900390625
2022-03-03 14:20:36,515:INFO:Epoch 36, Training loss 73741.1015625, Validation loss 73748.9013671875
2022-03-03 14:20:38,678:INFO:Epoch 37, Training loss 73741.201171875, Validation loss 73748.9287109375
2022-03-03 14:20:40,897:INFO:Epoch 38, Training loss 73740.9345703125, Validation loss 73748.931640625
2022-03-03 14:20:43,052:INFO:Epoch 39, Training loss 73740.9130859375, Validation loss 73748.8642578125
2022-03-03 14:20:45,318:INFO:Epoch 40, Training loss 73740.8798828125, Validation loss 73749.0810546875
2022-03-03 14:20:47,487:INFO:Epoch 41, Training loss 73740.5244140625, Validation loss 73749.3037109375
2022-03-03 14:20:49,858:INFO:Epoch 42, Training loss 73740.484375, Validation loss 73749.2646484375
2022-03-03 14:20:52,058:INFO:Epoch 43, Training loss 73740.3330078125, Validation loss 73749.1845703125
2022-03-03 14:20:54,297:INFO:Epoch 44, Training loss 73740.2158203125, Validation loss 73749.2529296875
2022-03-03 14:20:56,486:INFO:Epoch 45, Training loss 73740.0166015625, Validation loss 73749.3896484375
2022-03-03 14:20:58,678:INFO:Epoch 46, Training loss 73739.7958984375, Validation loss 73749.4765625
2022-03-03 14:21:00,870:INFO:Epoch 47, Training loss 73739.7626953125, Validation loss 73749.53515625
2022-03-03 14:21:03,102:INFO:Epoch 48, Training loss 73739.50390625, Validation loss 73749.7119140625
2022-03-03 14:21:05,287:INFO:Epoch 49, Training loss 73739.1796875, Validation loss 73749.7470703125
2022-03-03 14:21:07,476:INFO:Epoch 50, Training loss 73739.130859375, Validation loss 73749.66015625
2022-03-03 14:21:09,685:INFO:Epoch 51, Training loss 73738.9033203125, Validation loss 73749.7626953125
2022-03-03 14:21:11,912:INFO:Epoch 52, Training loss 73738.68359375, Validation loss 73749.892578125
2022-03-03 14:21:14,112:INFO:Epoch 53, Training loss 73738.541015625, Validation loss 73749.90625
2022-03-03 14:21:16,282:INFO:Epoch 54, Training loss 73739.013671875, Validation loss 73750.330078125
2022-03-03 14:21:18,496:INFO:Epoch 55, Training loss 73738.3583984375, Validation loss 73750.4130859375
2022-03-03 14:21:20,717:INFO:Epoch 56, Training loss 73738.09375, Validation loss 73750.2958984375
2022-03-03 14:21:22,945:INFO:Epoch 57, Training loss 73737.68359375, Validation loss 73750.5380859375
2022-03-03 14:21:25,132:INFO:Epoch 58, Training loss 73737.4462890625, Validation loss 73750.7900390625
2022-03-03 14:21:27,343:INFO:Epoch 59, Training loss 73737.279296875, Validation loss 73750.845703125
2022-03-03 14:21:29,506:INFO:Epoch 60, Training loss 73736.9052734375, Validation loss 73751.12890625
2022-03-03 14:21:31,775:INFO:Epoch 61, Training loss 73736.625, Validation loss 73751.2099609375
2022-03-03 14:21:33,944:INFO:Epoch 62, Training loss 73736.4326171875, Validation loss 73751.09765625
2022-03-03 14:21:36,157:INFO:Epoch 63, Training loss 73735.99609375, Validation loss 73751.283203125
2022-03-03 14:21:38,344:INFO:Epoch 64, Training loss 73736.2705078125, Validation loss 73751.677734375
2022-03-03 14:21:40,609:INFO:Epoch 65, Training loss 73735.6201171875, Validation loss 73751.6669921875
2022-03-03 14:21:42,795:INFO:Epoch 66, Training loss 73735.2939453125, Validation loss 73751.8037109375
2022-03-03 14:21:45,002:INFO:Epoch 67, Training loss 73735.1826171875, Validation loss 73751.98828125
2022-03-03 14:21:47,207:INFO:Epoch 68, Training loss 73734.677734375, Validation loss 73752.1513671875
2022-03-03 14:21:49,446:INFO:Epoch 69, Training loss 73734.453125, Validation loss 73752.1708984375
2022-03-03 14:21:51,642:INFO:Epoch 70, Training loss 73734.017578125, Validation loss 73752.353515625
2022-03-03 14:21:53,831:INFO:Epoch 71, Training loss 73733.5908203125, Validation loss 73752.5380859375
2022-03-03 14:21:56,033:INFO:Epoch 72, Training loss 73733.8115234375, Validation loss 73753.2646484375
2022-03-03 14:21:58,263:INFO:Epoch 73, Training loss 73732.888671875, Validation loss 73753.279296875
2022-03-03 14:22:00,465:INFO:Epoch 74, Training loss 73732.494140625, Validation loss 73753.3515625
2022-03-03 14:22:02,632:INFO:Epoch 75, Training loss 73732.3349609375, Validation loss 73753.8125
2022-03-03 14:22:02,644:INFO:Finished training
