2.077940507812500000e+05
1.991825898437500000e+05
1.754865507812500000e+05
1.551920664062500000e+05
1.390933417968750000e+05
1.266556113281250000e+05
1.174303125000000000e+05
1.121359355468750000e+05
1.099305390625000000e+05
1.095035839843750000e+05
1.096857050781250000e+05
1.097808242187500000e+05
1.096672382812500000e+05
1.094903320312500000e+05
1.093705234375000000e+05
1.093257910156250000e+05
1.093192128906250000e+05
1.093088417968750000e+05
1.092879472656250000e+05
1.092667539062500000e+05
1.092494394531250000e+05
1.092341953125000000e+05
1.092176230468750000e+05
1.092009472656250000e+05
1.091836992187500000e+05
1.091668710937500000e+05
1.091491562500000000e+05
1.091303691406250000e+05
1.091111562500000000e+05
1.090917500000000000e+05
1.090712324218750000e+05
1.090501855468750000e+05
1.090285097656250000e+05
1.090054667968750000e+05
1.089832734375000000e+05
1.089602597656250000e+05
1.089370019531250000e+05
1.089156484375000000e+05
1.088962773437500000e+05
1.088788593750000000e+05
1.088650703125000000e+05
1.088542324218750000e+05
1.088461640625000000e+05
1.088406289062500000e+05
1.088370566406250000e+05
1.088357714843750000e+05
1.088342265625000000e+05
1.088334648437500000e+05
1.088328750000000000e+05
1.088319238281250000e+05
1.088311054687500000e+05
1.088306640625000000e+05
1.088303964843750000e+05
1.088300136718750000e+05
1.088291757812500000e+05
1.088290117187500000e+05
1.088292949218750000e+05
1.088283632812500000e+05
1.088279492187500000e+05
1.088273027343750000e+05
1.088271230468750000e+05
1.088267500000000000e+05
1.088271718750000000e+05
1.088264199218750000e+05
1.088262167968750000e+05
1.088259121093750000e+05
1.088255332031250000e+05
1.088254335937500000e+05
1.088252226562500000e+05
1.088257441406250000e+05
1.088257753906250000e+05
1.088248574218750000e+05
1.088257167968750000e+05
1.088242031250000000e+05
1.088241640625000000e+05
1.088238828125000000e+05
1.088240507812500000e+05
1.088235312500000000e+05
