2022-03-03 12:56:00,638:INFO:All directories created, ready to load the data
2022-03-03 12:56:00,700:INFO:Dataset loaded from /data/theorie/jthoeve/training_data/zh/features_mzh_y_ptz_v2/lin/cHW/events_12.pkl.gz
2022-03-03 12:56:00,729:INFO:Dataset loaded from /data/theorie/jthoeve/training_data/zh/features_mzh_y_ptz_v2/sm/events_12.pkl.gz
2022-03-03 12:56:03,005:INFO:Epoch 1, Training loss 129843.875, Validation loss 125239.189453125
2022-03-03 12:56:05,290:INFO:Epoch 2, Training loss 122884.181640625, Validation loss 119722.388671875
2022-03-03 12:56:07,538:INFO:Epoch 3, Training loss 118008.310546875, Validation loss 115641.193359375
2022-03-03 12:56:09,816:INFO:Epoch 4, Training loss 114342.55859375, Validation loss 112623.3125
2022-03-03 12:56:12,146:INFO:Epoch 5, Training loss 111777.921875, Validation loss 110726.3828125
2022-03-03 12:56:14,527:INFO:Epoch 6, Training loss 110272.625, Validation loss 109764.94921875
2022-03-03 12:56:16,874:INFO:Epoch 7, Training loss 109626.615234375, Validation loss 109527.41015625
2022-03-03 12:56:19,200:INFO:Epoch 8, Training loss 109540.8984375, Validation loss 109553.9921875
2022-03-03 12:56:21,552:INFO:Epoch 9, Training loss 109547.134765625, Validation loss 109495.083984375
2022-03-03 12:56:23,937:INFO:Epoch 10, Training loss 109458.4140625, Validation loss 109369.14453125
2022-03-03 12:56:26,291:INFO:Epoch 11, Training loss 109353.10546875, Validation loss 109300.962890625
2022-03-03 12:56:28,614:INFO:Epoch 12, Training loss 109321.052734375, Validation loss 109287.23828125
2022-03-03 12:56:30,978:INFO:Epoch 13, Training loss 109297.701171875, Validation loss 109242.9765625
2022-03-03 12:56:33,344:INFO:Epoch 14, Training loss 109257.318359375, Validation loss 109206.421875
2022-03-03 12:56:35,715:INFO:Epoch 15, Training loss 109229.07421875, Validation loss 109177.66796875
2022-03-03 12:56:38,021:INFO:Epoch 16, Training loss 109203.96484375, Validation loss 109141.30078125
2022-03-03 12:56:40,380:INFO:Epoch 17, Training loss 109171.625, Validation loss 109103.796875
2022-03-03 12:56:42,682:INFO:Epoch 18, Training loss 109141.04296875, Validation loss 109064.861328125
2022-03-03 12:56:45,082:INFO:Epoch 19, Training loss 109107.03515625, Validation loss 109024.29296875
2022-03-03 12:56:47,401:INFO:Epoch 20, Training loss 109074.27734375, Validation loss 108981.4765625
2022-03-03 12:56:49,765:INFO:Epoch 21, Training loss 109037.060546875, Validation loss 108933.1953125
2022-03-03 12:56:52,082:INFO:Epoch 22, Training loss 108997.6171875, Validation loss 108883.9609375
2022-03-03 12:56:54,470:INFO:Epoch 23, Training loss 108955.349609375, Validation loss 108833.533203125
2022-03-03 12:56:56,804:INFO:Epoch 24, Training loss 108911.5703125, Validation loss 108780.626953125
2022-03-03 12:56:59,144:INFO:Epoch 25, Training loss 108864.66796875, Validation loss 108728.470703125
2022-03-03 12:57:01,487:INFO:Epoch 26, Training loss 108819.5625, Validation loss 108677.103515625
2022-03-03 12:57:03,907:INFO:Epoch 27, Training loss 108773.787109375, Validation loss 108635.310546875
2022-03-03 12:57:06,247:INFO:Epoch 28, Training loss 108729.94921875, Validation loss 108592.083984375
2022-03-03 12:57:08,587:INFO:Epoch 29, Training loss 108695.837890625, Validation loss 108557.193359375
2022-03-03 12:57:10,929:INFO:Epoch 30, Training loss 108664.34765625, Validation loss 108541.931640625
2022-03-03 12:57:13,318:INFO:Epoch 31, Training loss 108644.50390625, Validation loss 108517.8984375
2022-03-03 12:57:15,671:INFO:Epoch 32, Training loss 108626.734375, Validation loss 108501.376953125
2022-03-03 12:57:17,987:INFO:Epoch 33, Training loss 108616.798828125, Validation loss 108496.462890625
2022-03-03 12:57:20,348:INFO:Epoch 34, Training loss 108607.73046875, Validation loss 108494.46875
2022-03-03 12:57:22,719:INFO:Epoch 35, Training loss 108604.880859375, Validation loss 108480.9609375
2022-03-03 12:57:25,071:INFO:Epoch 36, Training loss 108598.390625, Validation loss 108494.666015625
2022-03-03 12:57:27,387:INFO:Epoch 37, Training loss 108592.33984375, Validation loss 108480.603515625
2022-03-03 12:57:29,742:INFO:Epoch 38, Training loss 108586.91015625, Validation loss 108476.73046875
2022-03-03 12:57:32,050:INFO:Epoch 39, Training loss 108582.099609375, Validation loss 108487.42578125
2022-03-03 12:57:34,460:INFO:Epoch 40, Training loss 108581.033203125, Validation loss 108480.544921875
2022-03-03 12:57:36,753:INFO:Epoch 41, Training loss 108578.193359375, Validation loss 108474.001953125
2022-03-03 12:57:39,114:INFO:Epoch 42, Training loss 108574.748046875, Validation loss 108481.37109375
2022-03-03 12:57:41,437:INFO:Epoch 43, Training loss 108572.435546875, Validation loss 108479.427734375
2022-03-03 12:57:43,838:INFO:Epoch 44, Training loss 108570.107421875, Validation loss 108474.470703125
2022-03-03 12:57:46,169:INFO:Epoch 45, Training loss 108569.34765625, Validation loss 108477.83984375
2022-03-03 12:57:48,502:INFO:Epoch 46, Training loss 108565.390625, Validation loss 108478.09765625
2022-03-03 12:57:50,839:INFO:Epoch 47, Training loss 108564.31640625, Validation loss 108478.888671875
2022-03-03 12:57:53,230:INFO:Epoch 48, Training loss 108562.55078125, Validation loss 108481.828125
2022-03-03 12:57:55,578:INFO:Epoch 49, Training loss 108562.87109375, Validation loss 108483.73046875
2022-03-03 12:57:57,924:INFO:Epoch 50, Training loss 108561.13671875, Validation loss 108480.15234375
2022-03-03 12:58:00,272:INFO:Epoch 51, Training loss 108563.96484375, Validation loss 108478.556640625
2022-03-03 12:58:02,657:INFO:Epoch 52, Training loss 108561.408203125, Validation loss 108491.65234375
2022-03-03 12:58:05,021:INFO:Epoch 53, Training loss 108556.859375, Validation loss 108475.94140625
2022-03-03 12:58:07,341:INFO:Epoch 54, Training loss 108558.587890625, Validation loss 108481.103515625
2022-03-03 12:58:09,699:INFO:Epoch 55, Training loss 108559.88671875, Validation loss 108484.76171875
2022-03-03 12:58:12,074:INFO:Epoch 56, Training loss 108555.505859375, Validation loss 108478.89453125
2022-03-03 12:58:14,447:INFO:Epoch 57, Training loss 108556.048828125, Validation loss 108484.42578125
2022-03-03 12:58:16,788:INFO:Epoch 58, Training loss 108552.818359375, Validation loss 108484.978515625
2022-03-03 12:58:19,189:INFO:Epoch 59, Training loss 108552.126953125, Validation loss 108481.708984375
2022-03-03 12:58:21,502:INFO:Epoch 60, Training loss 108552.5625, Validation loss 108482.8828125
2022-03-03 12:58:23,910:INFO:Epoch 61, Training loss 108551.552734375, Validation loss 108486.828125
2022-03-03 12:58:26,217:INFO:Epoch 62, Training loss 108556.00390625, Validation loss 108485.982421875
2022-03-03 12:58:28,586:INFO:Epoch 63, Training loss 108550.58203125, Validation loss 108482.416015625
2022-03-03 12:58:30,926:INFO:Epoch 64, Training loss 108550.248046875, Validation loss 108487.109375
2022-03-03 12:58:33,330:INFO:Epoch 65, Training loss 108552.171875, Validation loss 108486.98828125
2022-03-03 12:58:35,657:INFO:Epoch 66, Training loss 108550.072265625, Validation loss 108488.505859375
2022-03-03 12:58:38,003:INFO:Epoch 67, Training loss 108549.32421875, Validation loss 108482.177734375
2022-03-03 12:58:40,331:INFO:Epoch 68, Training loss 108548.037109375, Validation loss 108484.53125
2022-03-03 12:58:42,732:INFO:Epoch 69, Training loss 108549.88671875, Validation loss 108491.52734375
2022-03-03 12:58:45,066:INFO:Epoch 70, Training loss 108553.11328125, Validation loss 108492.6875
2022-03-03 12:58:47,398:INFO:Epoch 71, Training loss 108552.326171875, Validation loss 108484.396484375
2022-03-03 12:58:49,742:INFO:Epoch 72, Training loss 108548.833984375, Validation loss 108487.431640625
2022-03-03 12:58:52,119:INFO:Epoch 73, Training loss 108547.228515625, Validation loss 108492.185546875
2022-03-03 12:58:54,465:INFO:Epoch 74, Training loss 108548.927734375, Validation loss 108486.046875
2022-03-03 12:58:56,776:INFO:Epoch 75, Training loss 108548.365234375, Validation loss 108488.712890625
2022-03-03 12:58:59,136:INFO:Epoch 76, Training loss 108546.4140625, Validation loss 108491.119140625
2022-03-03 12:59:01,497:INFO:Epoch 77, Training loss 108547.416015625, Validation loss 108482.94921875
2022-03-03 12:59:03,858:INFO:Epoch 78, Training loss 108548.65625, Validation loss 108493.0703125
2022-03-03 12:59:06,158:INFO:Epoch 79, Training loss 108546.724609375, Validation loss 108484.171875
2022-03-03 12:59:08,533:INFO:Epoch 80, Training loss 108547.958984375, Validation loss 108493.427734375
2022-03-03 12:59:10,889:INFO:Epoch 81, Training loss 108551.896484375, Validation loss 108495.033203125
2022-03-03 12:59:13,314:INFO:Epoch 82, Training loss 108549.240234375, Validation loss 108486.7421875
2022-03-03 12:59:15,637:INFO:Epoch 83, Training loss 108548.302734375, Validation loss 108496.1953125
2022-03-03 12:59:17,996:INFO:Epoch 84, Training loss 108544.390625, Validation loss 108488.595703125
2022-03-03 12:59:20,327:INFO:Epoch 85, Training loss 108544.962890625, Validation loss 108485.34375
2022-03-03 12:59:22,725:INFO:Epoch 86, Training loss 108543.841796875, Validation loss 108490.40625
2022-03-03 12:59:25,063:INFO:Epoch 87, Training loss 108544.06640625, Validation loss 108491.53125
2022-03-03 12:59:27,402:INFO:Epoch 88, Training loss 108543.72265625, Validation loss 108484.328125
2022-03-03 12:59:29,741:INFO:Epoch 89, Training loss 108541.802734375, Validation loss 108488.001953125
2022-03-03 12:59:32,133:INFO:Epoch 90, Training loss 108542.521484375, Validation loss 108494.576171875
2022-03-03 12:59:34,475:INFO:Epoch 91, Training loss 108541.951171875, Validation loss 108486.951171875
2022-03-03 12:59:34,481:INFO:Finished training
