8.467207031250000000e+04
8.467207031250000000e+04
8.467207031250000000e+04
8.467207031250000000e+04
8.467207031250000000e+04
8.467207031250000000e+04
8.467207031250000000e+04
8.467207031250000000e+04
8.467207031250000000e+04
8.467207031250000000e+04
8.467207031250000000e+04
7.403590722656250000e+04
7.381105859375000000e+04
7.386566113281250000e+04
7.378653613281250000e+04
7.377870117187500000e+04
7.378290039062500000e+04
7.376737695312500000e+04
7.376922070312500000e+04
7.376806347656250000e+04
7.376487597656250000e+04
7.376542675781250000e+04
7.376436621093750000e+04
7.376369726562500000e+04
7.376357421875000000e+04
7.376296093750000000e+04
7.376301757812500000e+04
7.376256640625000000e+04
7.376225292968750000e+04
7.376201660156250000e+04
7.376175683593750000e+04
7.376151660156250000e+04
7.376113085937500000e+04
7.376087597656250000e+04
7.376089257812500000e+04
7.376061425781250000e+04
7.376024023437500000e+04
7.376008203125000000e+04
7.375991210937500000e+04
7.375943847656250000e+04
7.375956347656250000e+04
7.375916015625000000e+04
7.375913476562500000e+04
7.375846875000000000e+04
7.375837792968750000e+04
7.375804296875000000e+04
7.375793945312500000e+04
7.375752441406250000e+04
7.375737402343750000e+04
7.375713476562500000e+04
7.375709765625000000e+04
7.375684667968750000e+04
7.375657324218750000e+04
7.375596679687500000e+04
7.375547265625000000e+04
7.375537011718750000e+04
7.375499902343750000e+04
7.375450878906250000e+04
7.375423144531250000e+04
7.375372167968750000e+04
7.375299609375000000e+04
7.375319238281250000e+04
7.375249121093750000e+04
7.375193652343750000e+04
7.375134863281250000e+04
7.375109667968750000e+04
7.375059765625000000e+04
7.374998828125000000e+04
7.374966601562500000e+04
7.374943261718750000e+04
