8.463945312500000000e+04
8.463945312500000000e+04
8.463945312500000000e+04
8.463945312500000000e+04
8.463945312500000000e+04
8.463945312500000000e+04
8.463945312500000000e+04
8.463945312500000000e+04
8.463945312500000000e+04
8.463945312500000000e+04
8.463945312500000000e+04
7.612625781250000000e+04
7.581593750000000000e+04
7.544397656250000000e+04
7.507039843750000000e+04
7.472660937500000000e+04
7.442963281250000000e+04
7.418756250000000000e+04
7.400227343750000000e+04
7.387149218750000000e+04
7.378980468750000000e+04
7.374977343750000000e+04
7.374295312500000000e+04
7.376025781250000000e+04
7.379160156250000000e+04
7.382753906250000000e+04
7.386103125000000000e+04
7.388770312500000000e+04
7.390545312500000000e+04
7.391406250000000000e+04
7.391427343750000000e+04
7.390719531250000000e+04
7.389429687500000000e+04
7.387720312500000000e+04
7.385760937500000000e+04
7.383707812500000000e+04
7.381675000000000000e+04
7.379746093750000000e+04
7.378028906250000000e+04
7.376584375000000000e+04
7.375454687500000000e+04
7.374655468750000000e+04
7.374173437500000000e+04
7.373974218750000000e+04
7.374007031250000000e+04
7.374205468750000000e+04
7.374500781250000000e+04
7.374820312500000000e+04
7.375101562500000000e+04
7.375303906250000000e+04
7.375405468750000000e+04
7.375405468750000000e+04
7.375314843750000000e+04
7.375156250000000000e+04
7.374952343750000000e+04
7.374727343750000000e+04
7.374504687500000000e+04
7.374299218750000000e+04
7.374127343750000000e+04
7.373994531250000000e+04
7.373905468750000000e+04
7.373856250000000000e+04
7.373839843750000000e+04
7.373853125000000000e+04
7.373881250000000000e+04
7.373912500000000000e+04
7.373943750000000000e+04
7.373971093750000000e+04
7.373989062500000000e+04
7.373999218750000000e+04
7.374000781250000000e+04
7.373993750000000000e+04
7.373979687500000000e+04
7.373960156250000000e+04
7.373936718750000000e+04
7.373910937500000000e+04
7.373884375000000000e+04
7.373859375000000000e+04
7.373836718750000000e+04
7.373817187500000000e+04
7.373800781250000000e+04
7.373787500000000000e+04
7.373777343750000000e+04
7.373770312500000000e+04
7.373764843750000000e+04
7.373761718750000000e+04
7.373759375000000000e+04
7.373757031250000000e+04
7.373753125000000000e+04
7.373749218750000000e+04
7.373743750000000000e+04
7.373736718750000000e+04
7.373729687500000000e+04
7.373721875000000000e+04
7.373714062500000000e+04
7.373706250000000000e+04
7.373698437500000000e+04
7.373690625000000000e+04
7.373682812500000000e+04
7.373675781250000000e+04
7.373669531250000000e+04
7.373664843750000000e+04
7.373660937500000000e+04
7.373657812500000000e+04
7.373653906250000000e+04
7.373650781250000000e+04
7.373647656250000000e+04
7.373644531250000000e+04
7.373641406250000000e+04
7.373637500000000000e+04
7.373634375000000000e+04
7.373630468750000000e+04
7.373626562500000000e+04
7.373622656250000000e+04
7.373618750000000000e+04
7.373614843750000000e+04
7.373610937500000000e+04
7.373607812500000000e+04
7.373603906250000000e+04
7.373600781250000000e+04
7.373597656250000000e+04
7.373595312500000000e+04
7.373592187500000000e+04
7.373589062500000000e+04
7.373585937500000000e+04
7.373582812500000000e+04
7.373579687500000000e+04
7.373576562500000000e+04
7.373573437500000000e+04
7.373571093750000000e+04
7.373567187500000000e+04
7.373564843750000000e+04
7.373561718750000000e+04
7.373558593750000000e+04
7.373556250000000000e+04
7.373553125000000000e+04
7.373550781250000000e+04
7.373548437500000000e+04
7.373546093750000000e+04
7.373543750000000000e+04
7.373541406250000000e+04
7.373539062500000000e+04
7.373536718750000000e+04
7.373533593750000000e+04
7.373531250000000000e+04
7.373528906250000000e+04
7.373526562500000000e+04
7.373524218750000000e+04
7.373521093750000000e+04
7.373518750000000000e+04
7.373516406250000000e+04
7.373514062500000000e+04
7.373511718750000000e+04
7.373509375000000000e+04
7.373507031250000000e+04
7.373504687500000000e+04
7.373502343750000000e+04
7.373500000000000000e+04
7.373497656250000000e+04
7.373495312500000000e+04
7.373492968750000000e+04
7.373490625000000000e+04
7.373489062500000000e+04
7.373486718750000000e+04
7.373484375000000000e+04
7.373482812500000000e+04
7.373480468750000000e+04
7.373478125000000000e+04
7.373475781250000000e+04
7.373474218750000000e+04
7.373471875000000000e+04
7.373469531250000000e+04
7.373467187500000000e+04
7.373464843750000000e+04
7.373463281250000000e+04
7.373460937500000000e+04
7.373458593750000000e+04
7.373456250000000000e+04
7.373453906250000000e+04
7.373451562500000000e+04
7.373450000000000000e+04
7.373447656250000000e+04
7.373445312500000000e+04
7.373442968750000000e+04
7.373440625000000000e+04
7.373438281250000000e+04
7.373436718750000000e+04
7.373434375000000000e+04
7.373432031250000000e+04
7.373430468750000000e+04
7.373427343750000000e+04
7.373425781250000000e+04
7.373423437500000000e+04
7.373421093750000000e+04
7.373417968750000000e+04
7.373416406250000000e+04
7.373414062500000000e+04
7.373411718750000000e+04
7.373409375000000000e+04
7.373407031250000000e+04
7.373404687500000000e+04
7.373402343750000000e+04
7.373400000000000000e+04
7.373398437500000000e+04
7.373395312500000000e+04
7.373392968750000000e+04
7.373391406250000000e+04
7.373389062500000000e+04
7.373386718750000000e+04
7.373384375000000000e+04
7.373382031250000000e+04
7.373380468750000000e+04
7.373377343750000000e+04
7.373375781250000000e+04
7.373373437500000000e+04
7.373371093750000000e+04
7.373368750000000000e+04
7.373367187500000000e+04
7.373364843750000000e+04
7.373362500000000000e+04
7.373360156250000000e+04
7.373358593750000000e+04
7.373356250000000000e+04
7.373353906250000000e+04
7.373351562500000000e+04
7.373350000000000000e+04
7.373347656250000000e+04
7.373345312500000000e+04
7.373342968750000000e+04
7.373341406250000000e+04
7.373339062500000000e+04
7.373336718750000000e+04
7.373334375000000000e+04
7.373332812500000000e+04
7.373330468750000000e+04
7.373328125000000000e+04
7.373325781250000000e+04
7.373324218750000000e+04
7.373321875000000000e+04
7.373319531250000000e+04
7.373317187500000000e+04
7.373315625000000000e+04
7.373313281250000000e+04
7.373310937500000000e+04
7.373308593750000000e+04
7.373306250000000000e+04
7.373304687500000000e+04
7.373302343750000000e+04
7.373300000000000000e+04
7.373298437500000000e+04
7.373296093750000000e+04
7.373293750000000000e+04
7.373291406250000000e+04
7.373289062500000000e+04
7.373286718750000000e+04
7.373285156250000000e+04
7.373282812500000000e+04
