2021-11-18 16:13:49,987:INFO:All directories created, ready to load the data
2021-11-18 16:13:50,028:INFO:Dataset loaded from /data/theorie/jthoeve/event_generation/events_high_stats/lin/cHq3/events_4.npy
2021-11-18 16:13:50,052:INFO:Dataset loaded from /data/theorie/jthoeve/event_generation/events_high_stats/sm/events_4.npy
2021-11-18 16:13:53,714:INFO:Epoch 1, Training loss 74758.671875, Validation loss 74367.1796875
2021-11-18 16:13:57,351:INFO:Epoch 2, Training loss 74367.71875, Validation loss 74088.8515625
2021-11-18 16:14:01,025:INFO:Epoch 3, Training loss 74088.9765625, Validation loss 73904.6640625
2021-11-18 16:14:04,696:INFO:Epoch 4, Training loss 73904.421875, Validation loss 73792.921875
2021-11-18 16:14:08,359:INFO:Epoch 5, Training loss 73792.2734375, Validation loss 73742.796875
2021-11-18 16:14:11,953:INFO:Epoch 6, Training loss 73741.9140625, Validation loss 73734.578125
2021-11-18 16:14:15,617:INFO:Epoch 7, Training loss 73733.3984375, Validation loss 73751.6171875
2021-11-18 16:14:19,281:INFO:Epoch 8, Training loss 73750.1796875, Validation loss 73779.6328125
2021-11-18 16:14:22,882:INFO:Epoch 9, Training loss 73777.875, Validation loss 73807.546875
2021-11-18 16:14:26,569:INFO:Epoch 10, Training loss 73805.515625, Validation loss 73828.5546875
2021-11-18 16:14:30,227:INFO:Epoch 11, Training loss 73826.265625, Validation loss 73839.65625
2021-11-18 16:14:33,898:INFO:Epoch 12, Training loss 73837.09375, Validation loss 73840.578125
2021-11-18 16:14:37,583:INFO:Epoch 13, Training loss 73837.8125, Validation loss 73832.78125
2021-11-18 16:14:41,129:INFO:Epoch 14, Training loss 73829.8515625, Validation loss 73818.703125
2021-11-18 16:14:44,821:INFO:Epoch 15, Training loss 73815.5, Validation loss 73800.8671875
2021-11-18 16:14:48,508:INFO:Epoch 16, Training loss 73797.34375, Validation loss 73781.828125
2021-11-18 16:14:52,091:INFO:Epoch 17, Training loss 73778.046875, Validation loss 73763.8515625
2021-11-18 16:14:55,815:INFO:Epoch 18, Training loss 73759.8671875, Validation loss 73748.578125
2021-11-18 16:14:59,536:INFO:Epoch 19, Training loss 73744.4609375, Validation loss 73737.2578125
2021-11-18 16:15:03,105:INFO:Epoch 20, Training loss 73732.96875, Validation loss 73730.578125
2021-11-18 16:15:06,800:INFO:Epoch 21, Training loss 73726.0234375, Validation loss 73728.4296875
2021-11-18 16:15:10,391:INFO:Epoch 22, Training loss 73723.65625, Validation loss 73729.9296875
2021-11-18 16:15:14,042:INFO:Epoch 23, Training loss 73725.1328125, Validation loss 73733.8671875
2021-11-18 16:15:17,742:INFO:Epoch 24, Training loss 73729.0859375, Validation loss 73738.7421875
2021-11-18 16:15:21,356:INFO:Epoch 25, Training loss 73734.0, Validation loss 73743.1796875
2021-11-18 16:15:25,058:INFO:Epoch 26, Training loss 73738.53125, Validation loss 73746.171875
2021-11-18 16:15:28,802:INFO:Epoch 27, Training loss 73741.65625, Validation loss 73747.1953125
2021-11-18 16:15:32,388:INFO:Epoch 28, Training loss 73742.84375, Validation loss 73746.2109375
2021-11-18 16:15:36,000:INFO:Epoch 29, Training loss 73742.078125, Validation loss 73743.609375
2021-11-18 16:15:39,657:INFO:Epoch 30, Training loss 73739.6796875, Validation loss 73739.9453125
2021-11-18 16:15:43,331:INFO:Epoch 31, Training loss 73736.2265625, Validation loss 73735.875
2021-11-18 16:15:47,007:INFO:Epoch 32, Training loss 73732.3203125, Validation loss 73732.0
2021-11-18 16:15:50,677:INFO:Epoch 33, Training loss 73728.6015625, Validation loss 73728.7890625
2021-11-18 16:15:54,416:INFO:Epoch 34, Training loss 73725.4921875, Validation loss 73726.4921875
2021-11-18 16:15:58,230:INFO:Epoch 35, Training loss 73723.359375, Validation loss 73725.203125
2021-11-18 16:16:01,884:INFO:Epoch 36, Training loss 73722.234375, Validation loss 73724.84375
2021-11-18 16:16:05,640:INFO:Epoch 37, Training loss 73722.0234375, Validation loss 73725.2109375
2021-11-18 16:16:09,275:INFO:Epoch 38, Training loss 73722.5078125, Validation loss 73726.015625
2021-11-18 16:16:12,916:INFO:Epoch 39, Training loss 73723.3828125, Validation loss 73726.9453125
2021-11-18 16:16:16,672:INFO:Epoch 40, Training loss 73724.3828125, Validation loss 73727.765625
2021-11-18 16:16:20,337:INFO:Epoch 41, Training loss 73725.265625, Validation loss 73728.3046875
2021-11-18 16:16:23,980:INFO:Epoch 42, Training loss 73725.8515625, Validation loss 73728.46875
2021-11-18 16:16:27,588:INFO:Epoch 43, Training loss 73726.03125, Validation loss 73728.2421875
2021-11-18 16:16:31,319:INFO:Epoch 44, Training loss 73725.8125, Validation loss 73727.6953125
2021-11-18 16:16:35,045:INFO:Epoch 45, Training loss 73725.2578125, Validation loss 73726.9453125
2021-11-18 16:16:38,657:INFO:Epoch 46, Training loss 73724.4921875, Validation loss 73726.109375
2021-11-18 16:16:42,387:INFO:Epoch 47, Training loss 73723.640625, Validation loss 73725.3359375
2021-11-18 16:16:46,109:INFO:Epoch 48, Training loss 73722.8359375, Validation loss 73724.7109375
2021-11-18 16:16:49,740:INFO:Epoch 49, Training loss 73722.1875, Validation loss 73724.3125
2021-11-18 16:16:53,378:INFO:Epoch 50, Training loss 73721.7421875, Validation loss 73724.1328125
2021-11-18 16:16:56,996:INFO:Epoch 51, Training loss 73721.5390625, Validation loss 73724.171875
2021-11-18 16:17:00,629:INFO:Epoch 52, Training loss 73721.5390625, Validation loss 73724.3515625
2021-11-18 16:17:04,280:INFO:Epoch 53, Training loss 73721.6875, Validation loss 73724.6015625
2021-11-18 16:17:07,934:INFO:Epoch 54, Training loss 73721.90625, Validation loss 73724.84375
2021-11-18 16:17:11,616:INFO:Epoch 55, Training loss 73722.109375, Validation loss 73725.0234375
2021-11-18 16:17:15,344:INFO:Epoch 56, Training loss 73722.25, Validation loss 73725.09375
2021-11-18 16:17:19,001:INFO:Epoch 57, Training loss 73722.2890625, Validation loss 73725.0625
2021-11-18 16:17:22,675:INFO:Epoch 58, Training loss 73722.2109375, Validation loss 73724.921875
2021-11-18 16:17:26,263:INFO:Epoch 59, Training loss 73722.03125, Validation loss 73724.7265625
2021-11-18 16:17:30,000:INFO:Epoch 60, Training loss 73721.7890625, Validation loss 73724.5078125
2021-11-18 16:17:33,664:INFO:Epoch 61, Training loss 73721.53125, Validation loss 73724.296875
2021-11-18 16:17:37,310:INFO:Epoch 62, Training loss 73721.2890625, Validation loss 73724.140625
2021-11-18 16:17:41,065:INFO:Epoch 63, Training loss 73721.1015625, Validation loss 73724.0390625
2021-11-18 16:17:44,881:INFO:Epoch 64, Training loss 73720.9765625, Validation loss 73724.0078125
2021-11-18 16:17:48,540:INFO:Epoch 65, Training loss 73720.921875, Validation loss 73724.0234375
2021-11-18 16:17:52,220:INFO:Epoch 66, Training loss 73720.9140625, Validation loss 73724.0703125
2021-11-18 16:17:55,814:INFO:Epoch 67, Training loss 73720.9375, Validation loss 73724.125
2021-11-18 16:17:59,499:INFO:Epoch 68, Training loss 73720.96875, Validation loss 73724.171875
2021-11-18 16:18:03,178:INFO:Epoch 69, Training loss 73720.984375, Validation loss 73724.1953125
2021-11-18 16:18:06,765:INFO:Epoch 70, Training loss 73720.984375, Validation loss 73724.1875
2021-11-18 16:18:10,476:INFO:Epoch 71, Training loss 73720.953125, Validation loss 73724.1484375
2021-11-18 16:18:14,069:INFO:Epoch 72, Training loss 73720.890625, Validation loss 73724.09375
2021-11-18 16:18:17,701:INFO:Epoch 73, Training loss 73720.8125, Validation loss 73724.03125
2021-11-18 16:18:21,413:INFO:Epoch 74, Training loss 73720.7265625, Validation loss 73723.9765625
2021-11-18 16:18:25,047:INFO:Epoch 75, Training loss 73720.6484375, Validation loss 73723.9375
2021-11-18 16:18:28,744:INFO:Epoch 76, Training loss 73720.578125, Validation loss 73723.9140625
2021-11-18 16:18:32,472:INFO:Epoch 77, Training loss 73720.5234375, Validation loss 73723.90625
2021-11-18 16:18:36,128:INFO:Epoch 78, Training loss 73720.484375, Validation loss 73723.921875
2021-11-18 16:18:39,767:INFO:Epoch 79, Training loss 73720.4609375, Validation loss 73723.9375
2021-11-18 16:18:43,451:INFO:Epoch 80, Training loss 73720.4453125, Validation loss 73723.9609375
2021-11-18 16:18:47,080:INFO:Epoch 81, Training loss 73720.4296875, Validation loss 73723.9765625
2021-11-18 16:18:50,782:INFO:Epoch 82, Training loss 73720.4140625, Validation loss 73723.9921875
2021-11-18 16:18:54,416:INFO:Epoch 83, Training loss 73720.390625, Validation loss 73723.9921875
2021-11-18 16:18:58,120:INFO:Epoch 84, Training loss 73720.3515625, Validation loss 73723.9921875
2021-11-18 16:19:01,766:INFO:Epoch 85, Training loss 73720.3125, Validation loss 73723.9765625
2021-11-18 16:19:05,394:INFO:Epoch 86, Training loss 73720.265625, Validation loss 73723.96875
2021-11-18 16:19:09,033:INFO:Epoch 87, Training loss 73720.21875, Validation loss 73723.9609375
2021-11-18 16:19:12,672:INFO:Epoch 88, Training loss 73720.1796875, Validation loss 73723.9609375
2021-11-18 16:19:16,307:INFO:Epoch 89, Training loss 73720.140625, Validation loss 73723.9609375
2021-11-18 16:19:20,029:INFO:Epoch 90, Training loss 73720.109375, Validation loss 73723.96875
2021-11-18 16:19:23,685:INFO:Epoch 91, Training loss 73720.0859375, Validation loss 73723.9765625
2021-11-18 16:19:27,402:INFO:Epoch 92, Training loss 73720.0625, Validation loss 73723.984375
2021-11-18 16:19:31,045:INFO:Epoch 93, Training loss 73720.0390625, Validation loss 73724.0
2021-11-18 16:19:34,643:INFO:Epoch 94, Training loss 73720.0234375, Validation loss 73724.0078125
2021-11-18 16:19:38,252:INFO:Epoch 95, Training loss 73719.9921875, Validation loss 73724.0234375
2021-11-18 16:19:41,839:INFO:Epoch 96, Training loss 73719.96875, Validation loss 73724.03125
2021-11-18 16:19:45,467:INFO:Epoch 97, Training loss 73719.9375, Validation loss 73724.0390625
2021-11-18 16:19:49,128:INFO:Epoch 98, Training loss 73719.90625, Validation loss 73724.046875
2021-11-18 16:19:52,757:INFO:Epoch 99, Training loss 73719.875, Validation loss 73724.0625
2021-11-18 16:19:56,409:INFO:Epoch 100, Training loss 73719.8359375, Validation loss 73724.078125
2021-11-18 16:19:59,995:INFO:Epoch 101, Training loss 73719.8046875, Validation loss 73724.1015625
2021-11-18 16:20:03,616:INFO:Epoch 102, Training loss 73719.7734375, Validation loss 73724.125
2021-11-18 16:20:07,243:INFO:Epoch 103, Training loss 73719.75, Validation loss 73724.1484375
2021-11-18 16:20:10,863:INFO:Epoch 104, Training loss 73719.71875, Validation loss 73724.171875
2021-11-18 16:20:14,523:INFO:Epoch 105, Training loss 73719.6953125, Validation loss 73724.203125
2021-11-18 16:20:18,177:INFO:Epoch 106, Training loss 73719.6640625, Validation loss 73724.2265625
2021-11-18 16:20:21,802:INFO:Epoch 107, Training loss 73719.6328125, Validation loss 73724.25
2021-11-18 16:20:25,405:INFO:Epoch 108, Training loss 73719.6015625, Validation loss 73724.28125
2021-11-18 16:20:29,032:INFO:Epoch 109, Training loss 73719.5703125, Validation loss 73724.3125
2021-11-18 16:20:32,657:INFO:Epoch 110, Training loss 73719.5390625, Validation loss 73724.3359375
2021-11-18 16:20:36,302:INFO:Epoch 111, Training loss 73719.5078125, Validation loss 73724.375
2021-11-18 16:20:39,928:INFO:Epoch 112, Training loss 73719.4765625, Validation loss 73724.40625
2021-11-18 16:20:43,559:INFO:Epoch 113, Training loss 73719.4453125, Validation loss 73724.4296875
2021-11-18 16:20:47,258:INFO:Epoch 114, Training loss 73719.4140625, Validation loss 73724.4609375
2021-11-18 16:20:50,847:INFO:Epoch 115, Training loss 73719.3828125, Validation loss 73724.484375
2021-11-18 16:20:54,476:INFO:Epoch 116, Training loss 73719.3515625, Validation loss 73724.5078125
2021-11-18 16:20:58,082:INFO:Epoch 117, Training loss 73719.3203125, Validation loss 73724.5390625
2021-11-18 16:21:01,695:INFO:Epoch 118, Training loss 73719.2890625, Validation loss 73724.5703125
2021-11-18 16:21:05,360:INFO:Epoch 119, Training loss 73719.2578125, Validation loss 73724.59375
2021-11-18 16:21:08,978:INFO:Epoch 120, Training loss 73719.2265625, Validation loss 73724.625
2021-11-18 16:21:12,642:INFO:Epoch 121, Training loss 73719.203125, Validation loss 73724.6484375
2021-11-18 16:21:16,284:INFO:Epoch 122, Training loss 73719.171875, Validation loss 73724.671875
2021-11-18 16:21:19,901:INFO:Epoch 123, Training loss 73719.140625, Validation loss 73724.6953125
2021-11-18 16:21:23,681:INFO:Epoch 124, Training loss 73719.109375, Validation loss 73724.71875
2021-11-18 16:21:27,294:INFO:Epoch 125, Training loss 73719.078125, Validation loss 73724.734375
2021-11-18 16:21:30,959:INFO:Epoch 126, Training loss 73719.046875, Validation loss 73724.75
2021-11-18 16:21:34,661:INFO:Epoch 127, Training loss 73719.015625, Validation loss 73724.765625
2021-11-18 16:21:34,667:INFO:Finished training, producing training report at /data/theorie/jthoeve/ML4EFT_higgs/models/17_11/model_final_lin_cHq3_v7/mc_run_4/plots/training_report/
2021-11-18 16:21:36,481:WARNING:findfont: Font family ['sans-serif'] not found. Falling back to DejaVu Sans.
