2022-01-24 14:05:53,272:INFO:All directories created, ready to load the data
2022-01-24 14:05:53,332:INFO:Dataset loaded from /data/theorie/jthoeve/event_generation/events_high_stats/pT/lin/cHW/events_7.npy
2022-01-24 14:05:53,408:INFO:Dataset loaded from /data/theorie/jthoeve/event_generation/events_high_stats/pT/sm/events_7.npy
2022-01-24 14:05:55,812:INFO:Epoch 1, Training loss 207355.41015625, Validation loss 202192.36328125
2022-01-24 14:05:58,191:INFO:Epoch 2, Training loss 189801.5078125, Validation loss 170959.69140625
2022-01-24 14:06:00,558:INFO:Epoch 3, Training loss 161899.4453125, Validation loss 150958.931640625
2022-01-24 14:06:02,974:INFO:Epoch 4, Training loss 145837.4296875, Validation loss 139121.16796875
2022-01-24 14:06:05,402:INFO:Epoch 5, Training loss 135575.525390625, Validation loss 130693.943359375
2022-01-24 14:06:07,838:INFO:Epoch 6, Training loss 127868.4375, Validation loss 123938.8046875
2022-01-24 14:06:10,277:INFO:Epoch 7, Training loss 121667.431640625, Validation loss 118563.369140625
2022-01-24 14:06:12,739:INFO:Epoch 8, Training loss 116842.568359375, Validation loss 114546.75390625
2022-01-24 14:06:15,188:INFO:Epoch 9, Training loss 113375.27734375, Validation loss 111873.728515625
2022-01-24 14:06:17,605:INFO:Epoch 10, Training loss 111215.67578125, Validation loss 110444.919921875
2022-01-24 14:06:20,063:INFO:Epoch 11, Training loss 110210.18359375, Validation loss 109972.6796875
2022-01-24 14:06:22,524:INFO:Epoch 12, Training loss 109956.349609375, Validation loss 109930.45703125
2022-01-24 14:06:25,000:INFO:Epoch 13, Training loss 109934.85546875, Validation loss 109892.720703125
2022-01-24 14:06:27,432:INFO:Epoch 14, Training loss 109857.05078125, Validation loss 109778.150390625
2022-01-24 14:06:29,908:INFO:Epoch 15, Training loss 109728.845703125, Validation loss 109655.80078125
2022-01-24 14:06:32,335:INFO:Epoch 16, Training loss 109609.21484375, Validation loss 109563.69921875
2022-01-24 14:06:34,829:INFO:Epoch 17, Training loss 109525.439453125, Validation loss 109500.30078125
2022-01-24 14:06:37,261:INFO:Epoch 18, Training loss 109460.0625, Validation loss 109449.18359375
2022-01-24 14:06:39,719:INFO:Epoch 19, Training loss 109405.158203125, Validation loss 109395.35546875
2022-01-24 14:06:42,155:INFO:Epoch 20, Training loss 109346.966796875, Validation loss 109343.775390625
2022-01-24 14:06:44,635:INFO:Epoch 21, Training loss 109294.8046875, Validation loss 109298.6328125
2022-01-24 14:06:47,077:INFO:Epoch 22, Training loss 109245.833984375, Validation loss 109256.896484375
2022-01-24 14:06:49,557:INFO:Epoch 23, Training loss 109199.904296875, Validation loss 109218.310546875
2022-01-24 14:06:51,999:INFO:Epoch 24, Training loss 109156.51953125, Validation loss 109179.99609375
2022-01-24 14:06:54,487:INFO:Epoch 25, Training loss 109115.8515625, Validation loss 109142.98828125
2022-01-24 14:06:56,937:INFO:Epoch 26, Training loss 109075.685546875, Validation loss 109106.685546875
2022-01-24 14:06:59,374:INFO:Epoch 27, Training loss 109036.22265625, Validation loss 109071.677734375
2022-01-24 14:07:01,840:INFO:Epoch 28, Training loss 108997.1875, Validation loss 109037.259765625
2022-01-24 14:07:04,311:INFO:Epoch 29, Training loss 108961.53515625, Validation loss 109003.65625
2022-01-24 14:07:06,763:INFO:Epoch 30, Training loss 108924.80859375, Validation loss 108970.150390625
2022-01-24 14:07:09,199:INFO:Epoch 31, Training loss 108891.923828125, Validation loss 108937.69921875
2022-01-24 14:07:11,669:INFO:Epoch 32, Training loss 108857.087890625, Validation loss 108906.86328125
2022-01-24 14:07:14,133:INFO:Epoch 33, Training loss 108826.2109375, Validation loss 108875.650390625
2022-01-24 14:07:16,606:INFO:Epoch 34, Training loss 108794.318359375, Validation loss 108846.080078125
2022-01-24 14:07:19,026:INFO:Epoch 35, Training loss 108764.1015625, Validation loss 108816.740234375
2022-01-24 14:07:21,503:INFO:Epoch 36, Training loss 108736.8359375, Validation loss 108790.4453125
2022-01-24 14:07:23,934:INFO:Epoch 37, Training loss 108709.9296875, Validation loss 108767.2109375
2022-01-24 14:07:26,442:INFO:Epoch 38, Training loss 108687.068359375, Validation loss 108746.466796875
2022-01-24 14:07:28,875:INFO:Epoch 39, Training loss 108665.765625, Validation loss 108729.7265625
2022-01-24 14:07:31,343:INFO:Epoch 40, Training loss 108648.7890625, Validation loss 108712.505859375
2022-01-24 14:07:33,797:INFO:Epoch 41, Training loss 108633.3828125, Validation loss 108699.955078125
2022-01-24 14:07:36,290:INFO:Epoch 42, Training loss 108620.5390625, Validation loss 108691.71484375
2022-01-24 14:07:38,728:INFO:Epoch 43, Training loss 108609.591796875, Validation loss 108680.4765625
2022-01-24 14:07:41,178:INFO:Epoch 44, Training loss 108600.40234375, Validation loss 108671.857421875
2022-01-24 14:07:43,619:INFO:Epoch 45, Training loss 108592.259765625, Validation loss 108664.826171875
2022-01-24 14:07:46,112:INFO:Epoch 46, Training loss 108584.1171875, Validation loss 108656.15625
2022-01-24 14:07:48,569:INFO:Epoch 47, Training loss 108577.423828125, Validation loss 108648.978515625
2022-01-24 14:07:51,016:INFO:Epoch 48, Training loss 108570.97265625, Validation loss 108644.048828125
2022-01-24 14:07:53,475:INFO:Epoch 49, Training loss 108564.119140625, Validation loss 108637.92578125
2022-01-24 14:07:55,942:INFO:Epoch 50, Training loss 108560.35546875, Validation loss 108635.814453125
2022-01-24 14:07:58,399:INFO:Epoch 51, Training loss 108555.88671875, Validation loss 108627.07421875
2022-01-24 14:08:00,831:INFO:Epoch 52, Training loss 108551.126953125, Validation loss 108620.400390625
2022-01-24 14:08:03,294:INFO:Epoch 53, Training loss 108547.458984375, Validation loss 108617.814453125
2022-01-24 14:08:05,758:INFO:Epoch 54, Training loss 108543.970703125, Validation loss 108615.033203125
2022-01-24 14:08:08,242:INFO:Epoch 55, Training loss 108542.029296875, Validation loss 108612.630859375
2022-01-24 14:08:10,669:INFO:Epoch 56, Training loss 108539.912109375, Validation loss 108608.751953125
2022-01-24 14:08:13,143:INFO:Epoch 57, Training loss 108537.8359375, Validation loss 108605.228515625
2022-01-24 14:08:15,562:INFO:Epoch 58, Training loss 108535.630859375, Validation loss 108603.87109375
2022-01-24 14:08:18,068:INFO:Epoch 59, Training loss 108535.08203125, Validation loss 108601.841796875
2022-01-24 14:08:20,500:INFO:Epoch 60, Training loss 108533.025390625, Validation loss 108600.712890625
2022-01-24 14:08:22,962:INFO:Epoch 61, Training loss 108530.9765625, Validation loss 108597.833984375
2022-01-24 14:08:25,398:INFO:Epoch 62, Training loss 108530.1484375, Validation loss 108597.796875
2022-01-24 14:08:27,888:INFO:Epoch 63, Training loss 108530.16015625, Validation loss 108593.49609375
2022-01-24 14:08:30,334:INFO:Epoch 64, Training loss 108529.5078125, Validation loss 108596.455078125
2022-01-24 14:08:32,781:INFO:Epoch 65, Training loss 108527.376953125, Validation loss 108595.2421875
2022-01-24 14:08:35,224:INFO:Epoch 66, Training loss 108526.91796875, Validation loss 108592.455078125
2022-01-24 14:08:37,700:INFO:Epoch 67, Training loss 108525.154296875, Validation loss 108591.50390625
2022-01-24 14:08:40,148:INFO:Epoch 68, Training loss 108523.513671875, Validation loss 108591.923828125
2022-01-24 14:08:42,596:INFO:Epoch 69, Training loss 108522.861328125, Validation loss 108590.560546875
2022-01-24 14:08:45,053:INFO:Epoch 70, Training loss 108521.84765625, Validation loss 108589.13671875
2022-01-24 14:08:47,518:INFO:Epoch 71, Training loss 108520.6875, Validation loss 108589.611328125
2022-01-24 14:08:49,993:INFO:Epoch 72, Training loss 108522.2109375, Validation loss 108590.18359375
2022-01-24 14:08:52,427:INFO:Epoch 73, Training loss 108519.52734375, Validation loss 108587.85546875
2022-01-24 14:08:54,905:INFO:Epoch 74, Training loss 108519.0546875, Validation loss 108586.412109375
2022-01-24 14:08:57,376:INFO:Epoch 75, Training loss 108519.03515625, Validation loss 108584.576171875
2022-01-24 14:08:59,842:INFO:Epoch 76, Training loss 108519.86328125, Validation loss 108586.57421875
2022-01-24 14:09:02,268:INFO:Epoch 77, Training loss 108518.302734375, Validation loss 108587.2578125
2022-01-24 14:09:04,744:INFO:Epoch 78, Training loss 108517.67578125, Validation loss 108585.55078125
2022-01-24 14:09:07,180:INFO:Epoch 79, Training loss 108517.193359375, Validation loss 108585.12109375
2022-01-24 14:09:09,683:INFO:Epoch 80, Training loss 108517.53125, Validation loss 108583.234375
2022-01-24 14:09:12,117:INFO:Epoch 81, Training loss 108517.810546875, Validation loss 108586.173828125
2022-01-24 14:09:14,577:INFO:Epoch 82, Training loss 108516.162109375, Validation loss 108585.404296875
2022-01-24 14:09:17,029:INFO:Epoch 83, Training loss 108514.6484375, Validation loss 108583.466796875
2022-01-24 14:09:19,531:INFO:Epoch 84, Training loss 108514.228515625, Validation loss 108583.396484375
2022-01-24 14:09:21,971:INFO:Epoch 85, Training loss 108514.330078125, Validation loss 108583.14453125
2022-01-24 14:09:24,430:INFO:Epoch 86, Training loss 108513.876953125, Validation loss 108581.39453125
2022-01-24 14:09:26,879:INFO:Epoch 87, Training loss 108514.037109375, Validation loss 108583.447265625
2022-01-24 14:09:29,367:INFO:Epoch 88, Training loss 108513.65625, Validation loss 108583.5703125
2022-01-24 14:09:31,833:INFO:Epoch 89, Training loss 108512.7109375, Validation loss 108582.224609375
2022-01-24 14:09:34,295:INFO:Epoch 90, Training loss 108512.142578125, Validation loss 108582.79296875
2022-01-24 14:09:36,765:INFO:Epoch 91, Training loss 108511.77734375, Validation loss 108583.546875
2022-01-24 14:09:39,255:INFO:Epoch 92, Training loss 108511.8828125, Validation loss 108581.255859375
2022-01-24 14:09:41,723:INFO:Epoch 93, Training loss 108511.130859375, Validation loss 108583.146484375
2022-01-24 14:09:44,166:INFO:Epoch 94, Training loss 108510.068359375, Validation loss 108581.2890625
2022-01-24 14:09:46,695:INFO:Epoch 95, Training loss 108510.40625, Validation loss 108580.810546875
2022-01-24 14:09:49,168:INFO:Epoch 96, Training loss 108510.87109375, Validation loss 108581.20703125
2022-01-24 14:09:51,655:INFO:Epoch 97, Training loss 108513.037109375, Validation loss 108579.259765625
2022-01-24 14:09:54,096:INFO:Epoch 98, Training loss 108511.73828125, Validation loss 108580.314453125
2022-01-24 14:09:56,583:INFO:Epoch 99, Training loss 108509.71484375, Validation loss 108582.8828125
2022-01-24 14:09:59,031:INFO:Epoch 100, Training loss 108509.95703125, Validation loss 108581.7734375
2022-01-24 14:10:01,540:INFO:Epoch 101, Training loss 108508.919921875, Validation loss 108580.486328125
2022-01-24 14:10:03,983:INFO:Epoch 102, Training loss 108510.10546875, Validation loss 108579.068359375
2022-01-24 14:10:06,450:INFO:Epoch 103, Training loss 108509.87109375, Validation loss 108581.23046875
2022-01-24 14:10:08,896:INFO:Epoch 104, Training loss 108508.330078125, Validation loss 108581.12890625
2022-01-24 14:10:11,397:INFO:Epoch 105, Training loss 108508.509765625, Validation loss 108580.626953125
2022-01-24 14:10:13,853:INFO:Epoch 106, Training loss 108508.681640625, Validation loss 108582.185546875
2022-01-24 14:10:16,316:INFO:Epoch 107, Training loss 108507.44140625, Validation loss 108578.80859375
2022-01-24 14:10:18,773:INFO:Epoch 108, Training loss 108506.763671875, Validation loss 108578.142578125
2022-01-24 14:10:21,258:INFO:Epoch 109, Training loss 108506.56640625, Validation loss 108580.61328125
2022-01-24 14:10:23,719:INFO:Epoch 110, Training loss 108506.15625, Validation loss 108579.685546875
2022-01-24 14:10:26,163:INFO:Epoch 111, Training loss 108507.208984375, Validation loss 108579.01171875
2022-01-24 14:10:28,636:INFO:Epoch 112, Training loss 108505.130859375, Validation loss 108580.2109375
2022-01-24 14:10:31,126:INFO:Epoch 113, Training loss 108505.251953125, Validation loss 108580.798828125
2022-01-24 14:10:33,592:INFO:Epoch 114, Training loss 108504.55859375, Validation loss 108577.900390625
2022-01-24 14:10:36,034:INFO:Epoch 115, Training loss 108504.3125, Validation loss 108577.013671875
2022-01-24 14:10:38,511:INFO:Epoch 116, Training loss 108503.232421875, Validation loss 108579.26953125
2022-01-24 14:10:40,977:INFO:Epoch 117, Training loss 108504.00390625, Validation loss 108580.587890625
2022-01-24 14:10:43,461:INFO:Epoch 118, Training loss 108503.326171875, Validation loss 108579.35546875
2022-01-24 14:10:45,902:INFO:Epoch 119, Training loss 108503.986328125, Validation loss 108577.970703125
2022-01-24 14:10:48,388:INFO:Epoch 120, Training loss 108503.248046875, Validation loss 108579.455078125
2022-01-24 14:10:50,827:INFO:Epoch 121, Training loss 108502.265625, Validation loss 108580.51171875
2022-01-24 14:10:53,348:INFO:Epoch 122, Training loss 108502.708984375, Validation loss 108580.126953125
2022-01-24 14:10:55,800:INFO:Epoch 123, Training loss 108502.0546875, Validation loss 108576.427734375
2022-01-24 14:10:58,277:INFO:Epoch 124, Training loss 108502.224609375, Validation loss 108577.291015625
2022-01-24 14:11:00,729:INFO:Epoch 125, Training loss 108500.939453125, Validation loss 108580.95703125
2022-01-24 14:11:03,226:INFO:Epoch 126, Training loss 108502.232421875, Validation loss 108581.0078125
2022-01-24 14:11:05,678:INFO:Epoch 127, Training loss 108500.767578125, Validation loss 108578.673828125
2022-01-24 14:11:08,147:INFO:Epoch 128, Training loss 108500.6640625, Validation loss 108577.552734375
2022-01-24 14:11:10,601:INFO:Epoch 129, Training loss 108500.16796875, Validation loss 108577.470703125
2022-01-24 14:11:13,100:INFO:Epoch 130, Training loss 108499.7421875, Validation loss 108577.58203125
2022-01-24 14:11:15,567:INFO:Epoch 131, Training loss 108500.3984375, Validation loss 108577.916015625
2022-01-24 14:11:18,021:INFO:Epoch 132, Training loss 108500.474609375, Validation loss 108580.982421875
2022-01-24 14:11:20,493:INFO:Epoch 133, Training loss 108499.07421875, Validation loss 108576.951171875
2022-01-24 14:11:22,986:INFO:Epoch 134, Training loss 108501.73046875, Validation loss 108576.515625
2022-01-24 14:11:25,468:INFO:Epoch 135, Training loss 108498.484375, Validation loss 108578.896484375
2022-01-24 14:11:27,918:INFO:Epoch 136, Training loss 108500.076171875, Validation loss 108580.033203125
2022-01-24 14:11:30,392:INFO:Epoch 137, Training loss 108499.056640625, Validation loss 108575.955078125
2022-01-24 14:11:32,863:INFO:Epoch 138, Training loss 108498.423828125, Validation loss 108577.865234375
2022-01-24 14:11:35,341:INFO:Epoch 139, Training loss 108499.05078125, Validation loss 108577.67578125
2022-01-24 14:11:37,777:INFO:Epoch 140, Training loss 108498.576171875, Validation loss 108576.5703125
2022-01-24 14:11:40,271:INFO:Epoch 141, Training loss 108498.537109375, Validation loss 108577.693359375
2022-01-24 14:11:42,685:INFO:Epoch 142, Training loss 108497.263671875, Validation loss 108576.291015625
2022-01-24 14:11:45,120:INFO:Epoch 143, Training loss 108500.048828125, Validation loss 108575.177734375
2022-01-24 14:11:47,477:INFO:Epoch 144, Training loss 108498.7265625, Validation loss 108586.212890625
2022-01-24 14:11:49,872:INFO:Epoch 145, Training loss 108499.3515625, Validation loss 108575.7421875
2022-01-24 14:11:52,237:INFO:Epoch 146, Training loss 108498.236328125, Validation loss 108574.564453125
2022-01-24 14:11:54,656:INFO:Epoch 147, Training loss 108496.43359375, Validation loss 108577.548828125
2022-01-24 14:11:57,025:INFO:Epoch 148, Training loss 108497.728515625, Validation loss 108580.642578125
2022-01-24 14:11:59,409:INFO:Epoch 149, Training loss 108498.37890625, Validation loss 108574.353515625
2022-01-24 14:12:01,782:INFO:Epoch 150, Training loss 108495.951171875, Validation loss 108576.015625
2022-01-24 14:12:04,191:INFO:Epoch 151, Training loss 108496.0390625, Validation loss 108580.494140625
2022-01-24 14:12:06,564:INFO:Epoch 152, Training loss 108495.77734375, Validation loss 108577.80859375
2022-01-24 14:12:08,929:INFO:Epoch 153, Training loss 108495.3828125, Validation loss 108575.634765625
2022-01-24 14:12:11,310:INFO:Epoch 154, Training loss 108495.833984375, Validation loss 108574.767578125
2022-01-24 14:12:13,705:INFO:Epoch 155, Training loss 108494.1484375, Validation loss 108578.357421875
2022-01-24 14:12:16,088:INFO:Epoch 156, Training loss 108494.4296875, Validation loss 108577.619140625
2022-01-24 14:12:18,467:INFO:Epoch 157, Training loss 108494.64453125, Validation loss 108577.646484375
2022-01-24 14:12:20,853:INFO:Epoch 158, Training loss 108496.046875, Validation loss 108575.873046875
2022-01-24 14:12:23,236:INFO:Epoch 159, Training loss 108494.408203125, Validation loss 108576.46484375
2022-01-24 14:12:25,629:INFO:Epoch 160, Training loss 108497.66015625, Validation loss 108583.04296875
2022-01-24 14:12:27,975:INFO:Epoch 161, Training loss 108495.087890625, Validation loss 108574.40234375
2022-01-24 14:12:30,367:INFO:Epoch 162, Training loss 108495.212890625, Validation loss 108573.81640625
2022-01-24 14:12:32,724:INFO:Epoch 163, Training loss 108494.486328125, Validation loss 108578.138671875
2022-01-24 14:12:35,150:INFO:Epoch 164, Training loss 108493.4609375, Validation loss 108576.87890625
2022-01-24 14:12:37,505:INFO:Epoch 165, Training loss 108494.447265625, Validation loss 108574.96484375
2022-01-24 14:12:39,896:INFO:Epoch 166, Training loss 108493.515625, Validation loss 108578.07421875
2022-01-24 14:12:42,250:INFO:Epoch 167, Training loss 108493.666015625, Validation loss 108577.369140625
2022-01-24 14:12:44,662:INFO:Epoch 168, Training loss 108492.78515625, Validation loss 108578.017578125
2022-01-24 14:12:47,023:INFO:Epoch 169, Training loss 108493.591796875, Validation loss 108577.41015625
2022-01-24 14:12:49,401:INFO:Epoch 170, Training loss 108492.115234375, Validation loss 108576.171875
2022-01-24 14:12:51,770:INFO:Epoch 171, Training loss 108494.71484375, Validation loss 108580.333984375
2022-01-24 14:12:54,182:INFO:Epoch 172, Training loss 108491.873046875, Validation loss 108576.595703125
2022-01-24 14:12:56,554:INFO:Epoch 173, Training loss 108492.60546875, Validation loss 108576.294921875
2022-01-24 14:12:58,922:INFO:Epoch 174, Training loss 108492.40234375, Validation loss 108578.958984375
2022-01-24 14:13:01,296:INFO:Epoch 175, Training loss 108491.115234375, Validation loss 108576.755859375
2022-01-24 14:13:03,686:INFO:Epoch 176, Training loss 108490.552734375, Validation loss 108575.603515625
2022-01-24 14:13:06,068:INFO:Epoch 177, Training loss 108491.1484375, Validation loss 108576.34375
2022-01-24 14:13:08,426:INFO:Epoch 178, Training loss 108491.091796875, Validation loss 108579.283203125
2022-01-24 14:13:10,808:INFO:Epoch 179, Training loss 108490.6484375, Validation loss 108575.58203125
2022-01-24 14:13:13,186:INFO:Epoch 180, Training loss 108490.474609375, Validation loss 108577.416015625
2022-01-24 14:13:15,571:INFO:Epoch 181, Training loss 108491.59375, Validation loss 108577.595703125
2022-01-24 14:13:17,915:INFO:Epoch 182, Training loss 108490.0546875, Validation loss 108576.228515625
2022-01-24 14:13:20,308:INFO:Epoch 183, Training loss 108489.509765625, Validation loss 108575.380859375
2022-01-24 14:13:22,656:INFO:Epoch 184, Training loss 108489.927734375, Validation loss 108578.435546875
2022-01-24 14:13:25,071:INFO:Epoch 185, Training loss 108489.681640625, Validation loss 108577.904296875
2022-01-24 14:13:27,421:INFO:Epoch 186, Training loss 108490.4375, Validation loss 108576.857421875
2022-01-24 14:13:29,804:INFO:Epoch 187, Training loss 108488.583984375, Validation loss 108577.779296875
2022-01-24 14:13:32,166:INFO:Epoch 188, Training loss 108490.04296875, Validation loss 108577.94140625
2022-01-24 14:13:34,574:INFO:Epoch 189, Training loss 108490.228515625, Validation loss 108576.744140625
2022-01-24 14:13:36,930:INFO:Epoch 190, Training loss 108489.79296875, Validation loss 108580.02734375
2022-01-24 14:13:39,300:INFO:Epoch 191, Training loss 108489.193359375, Validation loss 108575.826171875
2022-01-24 14:13:41,661:INFO:Epoch 192, Training loss 108488.64453125, Validation loss 108576.970703125
2022-01-24 14:13:44,056:INFO:Epoch 193, Training loss 108489.755859375, Validation loss 108577.185546875
2022-01-24 14:13:46,419:INFO:Epoch 194, Training loss 108488.666015625, Validation loss 108581.529296875
2022-01-24 14:13:48,784:INFO:Epoch 195, Training loss 108488.818359375, Validation loss 108576.935546875
2022-01-24 14:13:51,161:INFO:Epoch 196, Training loss 108489.32421875, Validation loss 108576.69921875
2022-01-24 14:13:53,556:INFO:Epoch 197, Training loss 108488.11328125, Validation loss 108576.013671875
2022-01-24 14:13:55,934:INFO:Epoch 198, Training loss 108491.134765625, Validation loss 108580.267578125
2022-01-24 14:13:58,284:INFO:Epoch 199, Training loss 108489.845703125, Validation loss 108575.265625
2022-01-24 14:14:00,668:INFO:Epoch 200, Training loss 108489.802734375, Validation loss 108583.380859375
2022-01-24 14:14:03,044:INFO:Epoch 201, Training loss 108488.89453125, Validation loss 108577.013671875
2022-01-24 14:14:05,434:INFO:Epoch 202, Training loss 108488.111328125, Validation loss 108575.552734375
2022-01-24 14:14:07,778:INFO:Epoch 203, Training loss 108490.10546875, Validation loss 108579.484375
2022-01-24 14:14:10,173:INFO:Epoch 204, Training loss 108487.482421875, Validation loss 108577.3359375
2022-01-24 14:14:12,527:INFO:Epoch 205, Training loss 108486.744140625, Validation loss 108575.3828125
2022-01-24 14:14:14,943:INFO:Epoch 206, Training loss 108487.341796875, Validation loss 108578.203125
2022-01-24 14:14:17,296:INFO:Epoch 207, Training loss 108485.861328125, Validation loss 108578.16796875
2022-01-24 14:14:19,685:INFO:Epoch 208, Training loss 108487.42578125, Validation loss 108576.142578125
2022-01-24 14:14:22,044:INFO:Epoch 209, Training loss 108486.509765625, Validation loss 108577.91796875
2022-01-24 14:14:24,455:INFO:Epoch 210, Training loss 108486.822265625, Validation loss 108579.47265625
2022-01-24 14:14:26,818:INFO:Epoch 211, Training loss 108486.25, Validation loss 108580.0859375
2022-01-24 14:14:29,192:INFO:Epoch 212, Training loss 108485.83203125, Validation loss 108576.923828125
2022-01-24 14:14:29,199:INFO:Finished training
