2022-01-24 14:06:03,744:INFO:All directories created, ready to load the data
2022-01-24 14:06:03,786:INFO:Dataset loaded from /data/theorie/jthoeve/event_generation/events_high_stats/pT/lin/cHW/events_25.npy
2022-01-24 14:06:03,820:INFO:Dataset loaded from /data/theorie/jthoeve/event_generation/events_high_stats/pT/sm/events_25.npy
2022-01-24 14:06:06,317:INFO:Epoch 1, Training loss 207937.83984375, Validation loss 207937.71484375
2022-01-24 14:06:08,799:INFO:Epoch 2, Training loss 207937.71484375, Validation loss 207937.71484375
2022-01-24 14:06:11,269:INFO:Epoch 3, Training loss 207937.71484375, Validation loss 207937.71484375
2022-01-24 14:06:13,763:INFO:Epoch 4, Training loss 207937.71484375, Validation loss 207937.71484375
2022-01-24 14:06:16,227:INFO:Epoch 5, Training loss 207937.71484375, Validation loss 207937.71484375
2022-01-24 14:06:18,678:INFO:Epoch 6, Training loss 207937.71484375, Validation loss 207937.71484375
2022-01-24 14:06:21,154:INFO:Epoch 7, Training loss 207937.71484375, Validation loss 207937.71484375
2022-01-24 14:06:23,649:INFO:Epoch 8, Training loss 207937.71484375, Validation loss 207937.71484375
2022-01-24 14:06:26,123:INFO:Epoch 9, Training loss 207937.71484375, Validation loss 207937.71484375
2022-01-24 14:06:28,577:INFO:Epoch 10, Training loss 207937.71484375, Validation loss 207937.71484375
2022-01-24 14:06:31,069:INFO:Epoch 11, Training loss 207937.71484375, Validation loss 207937.71484375
2022-01-24 14:06:31,072:INFO:Detected stagant training, reset the weights
2022-01-24 14:06:33,556:INFO:Epoch 12, Training loss 188594.1015625, Validation loss 172333.15234375
2022-01-24 14:06:36,047:INFO:Epoch 13, Training loss 162756.41796875, Validation loss 149976.232421875
2022-01-24 14:06:38,495:INFO:Epoch 14, Training loss 143740.294921875, Validation loss 135329.416015625
2022-01-24 14:06:40,997:INFO:Epoch 15, Training loss 130568.265625, Validation loss 123830.64453125
2022-01-24 14:06:43,450:INFO:Epoch 16, Training loss 120215.89453125, Validation loss 115418.314453125
2022-01-24 14:06:45,975:INFO:Epoch 17, Training loss 113263.1015625, Validation loss 110696.712890625
2022-01-24 14:06:48,426:INFO:Epoch 18, Training loss 109944.251953125, Validation loss 109301.8515625
2022-01-24 14:06:50,909:INFO:Epoch 19, Training loss 109369.859375, Validation loss 109553.90234375
2022-01-24 14:06:53,369:INFO:Epoch 20, Training loss 109647.4375, Validation loss 109668.07421875
2022-01-24 14:06:55,889:INFO:Epoch 21, Training loss 109573.5703125, Validation loss 109383.29296875
2022-01-24 14:06:58,350:INFO:Epoch 22, Training loss 109285.26953125, Validation loss 109162.91796875
2022-01-24 14:07:00,822:INFO:Epoch 23, Training loss 109174.70703125, Validation loss 109176.546875
2022-01-24 14:07:03,298:INFO:Epoch 24, Training loss 109186.09765625, Validation loss 109133.92578125
2022-01-24 14:07:05,811:INFO:Epoch 25, Training loss 109114.775390625, Validation loss 109062.892578125
2022-01-24 14:07:08,289:INFO:Epoch 26, Training loss 109056.208984375, Validation loss 109021.330078125
2022-01-24 14:07:10,751:INFO:Epoch 27, Training loss 109013.439453125, Validation loss 108978.44140625
2022-01-24 14:07:13,231:INFO:Epoch 28, Training loss 108974.533203125, Validation loss 108941.43359375
2022-01-24 14:07:15,732:INFO:Epoch 29, Training loss 108935.150390625, Validation loss 108898.19140625
2022-01-24 14:07:18,223:INFO:Epoch 30, Training loss 108888.828125, Validation loss 108854.275390625
2022-01-24 14:07:20,684:INFO:Epoch 31, Training loss 108842.419921875, Validation loss 108805.455078125
2022-01-24 14:07:23,181:INFO:Epoch 32, Training loss 108794.27734375, Validation loss 108757.1796875
2022-01-24 14:07:25,671:INFO:Epoch 33, Training loss 108744.529296875, Validation loss 108709.681640625
2022-01-24 14:07:28,178:INFO:Epoch 34, Training loss 108696.107421875, Validation loss 108662.662109375
2022-01-24 14:07:30,635:INFO:Epoch 35, Training loss 108650.208984375, Validation loss 108621.388671875
2022-01-24 14:07:33,136:INFO:Epoch 36, Training loss 108611.763671875, Validation loss 108586.859375
2022-01-24 14:07:35,601:INFO:Epoch 37, Training loss 108575.42578125, Validation loss 108558.873046875
2022-01-24 14:07:38,123:INFO:Epoch 38, Training loss 108546.826171875, Validation loss 108536.83203125
2022-01-24 14:07:40,582:INFO:Epoch 39, Training loss 108523.666015625, Validation loss 108519.2578125
2022-01-24 14:07:43,072:INFO:Epoch 40, Training loss 108506.25390625, Validation loss 108505.220703125
2022-01-24 14:07:45,541:INFO:Epoch 41, Training loss 108492.556640625, Validation loss 108497.4453125
2022-01-24 14:07:48,064:INFO:Epoch 42, Training loss 108481.841796875, Validation loss 108489.64453125
2022-01-24 14:07:50,533:INFO:Epoch 43, Training loss 108472.857421875, Validation loss 108485.3125
2022-01-24 14:07:53,014:INFO:Epoch 44, Training loss 108465.52734375, Validation loss 108477.33984375
2022-01-24 14:07:55,482:INFO:Epoch 45, Training loss 108459.0, Validation loss 108469.994140625
2022-01-24 14:07:57,988:INFO:Epoch 46, Training loss 108453.75390625, Validation loss 108466.142578125
2022-01-24 14:08:00,464:INFO:Epoch 47, Training loss 108450.65625, Validation loss 108467.4609375
2022-01-24 14:08:02,928:INFO:Epoch 48, Training loss 108446.08984375, Validation loss 108462.08203125
2022-01-24 14:08:05,424:INFO:Epoch 49, Training loss 108443.62890625, Validation loss 108460.64453125
2022-01-24 14:08:07,941:INFO:Epoch 50, Training loss 108440.943359375, Validation loss 108462.345703125
2022-01-24 14:08:10,431:INFO:Epoch 51, Training loss 108437.1875, Validation loss 108458.03515625
2022-01-24 14:08:12,887:INFO:Epoch 52, Training loss 108434.40625, Validation loss 108455.505859375
2022-01-24 14:08:15,368:INFO:Epoch 53, Training loss 108432.751953125, Validation loss 108455.28125
2022-01-24 14:08:17,859:INFO:Epoch 54, Training loss 108430.91015625, Validation loss 108454.353515625
2022-01-24 14:08:20,355:INFO:Epoch 55, Training loss 108430.462890625, Validation loss 108455.658203125
2022-01-24 14:08:22,818:INFO:Epoch 56, Training loss 108427.96875, Validation loss 108455.5859375
2022-01-24 14:08:25,322:INFO:Epoch 57, Training loss 108426.8984375, Validation loss 108454.990234375
2022-01-24 14:08:27,783:INFO:Epoch 58, Training loss 108426.123046875, Validation loss 108454.76953125
2022-01-24 14:08:30,309:INFO:Epoch 59, Training loss 108425.55859375, Validation loss 108453.5625
2022-01-24 14:08:32,767:INFO:Epoch 60, Training loss 108425.189453125, Validation loss 108455.0078125
2022-01-24 14:08:35,259:INFO:Epoch 61, Training loss 108424.869140625, Validation loss 108454.41015625
2022-01-24 14:08:37,742:INFO:Epoch 62, Training loss 108422.197265625, Validation loss 108454.658203125
2022-01-24 14:08:40,269:INFO:Epoch 63, Training loss 108422.517578125, Validation loss 108453.0546875
2022-01-24 14:08:42,743:INFO:Epoch 64, Training loss 108424.060546875, Validation loss 108456.134765625
2022-01-24 14:08:45,230:INFO:Epoch 65, Training loss 108421.71875, Validation loss 108452.578125
2022-01-24 14:08:47,707:INFO:Epoch 66, Training loss 108419.798828125, Validation loss 108454.146484375
2022-01-24 14:08:50,238:INFO:Epoch 67, Training loss 108419.81640625, Validation loss 108453.498046875
2022-01-24 14:08:52,724:INFO:Epoch 68, Training loss 108418.736328125, Validation loss 108451.71484375
2022-01-24 14:08:55,207:INFO:Epoch 69, Training loss 108418.53125, Validation loss 108452.525390625
2022-01-24 14:08:57,706:INFO:Epoch 70, Training loss 108419.263671875, Validation loss 108453.98828125
2022-01-24 14:09:00,216:INFO:Epoch 71, Training loss 108418.115234375, Validation loss 108451.51953125
2022-01-24 14:09:02,719:INFO:Epoch 72, Training loss 108417.447265625, Validation loss 108452.12109375
2022-01-24 14:09:05,195:INFO:Epoch 73, Training loss 108418.283203125, Validation loss 108456.302734375
2022-01-24 14:09:07,707:INFO:Epoch 74, Training loss 108417.3046875, Validation loss 108452.4375
2022-01-24 14:09:10,209:INFO:Epoch 75, Training loss 108415.634765625, Validation loss 108452.875
2022-01-24 14:09:12,715:INFO:Epoch 76, Training loss 108417.24609375, Validation loss 108453.015625
2022-01-24 14:09:15,185:INFO:Epoch 77, Training loss 108417.54296875, Validation loss 108456.15234375
2022-01-24 14:09:17,701:INFO:Epoch 78, Training loss 108416.01953125, Validation loss 108452.498046875
2022-01-24 14:09:20,175:INFO:Epoch 79, Training loss 108414.44140625, Validation loss 108450.98828125
2022-01-24 14:09:22,720:INFO:Epoch 80, Training loss 108419.904296875, Validation loss 108455.68359375
2022-01-24 14:09:25,196:INFO:Epoch 81, Training loss 108414.76171875, Validation loss 108451.404296875
2022-01-24 14:09:27,703:INFO:Epoch 82, Training loss 108417.814453125, Validation loss 108451.880859375
2022-01-24 14:09:30,192:INFO:Epoch 83, Training loss 108413.513671875, Validation loss 108458.11328125
2022-01-24 14:09:32,727:INFO:Epoch 84, Training loss 108414.513671875, Validation loss 108451.38671875
2022-01-24 14:09:35,221:INFO:Epoch 85, Training loss 108412.2890625, Validation loss 108447.810546875
2022-01-24 14:09:37,729:INFO:Epoch 86, Training loss 108414.376953125, Validation loss 108451.197265625
2022-01-24 14:09:40,232:INFO:Epoch 87, Training loss 108415.376953125, Validation loss 108449.96875
2022-01-24 14:09:42,764:INFO:Epoch 88, Training loss 108411.3828125, Validation loss 108452.830078125
2022-01-24 14:09:45,269:INFO:Epoch 89, Training loss 108412.55859375, Validation loss 108451.025390625
2022-01-24 14:09:47,769:INFO:Epoch 90, Training loss 108411.7109375, Validation loss 108450.189453125
2022-01-24 14:09:50,286:INFO:Epoch 91, Training loss 108410.1015625, Validation loss 108450.76953125
2022-01-24 14:09:52,812:INFO:Epoch 92, Training loss 108410.345703125, Validation loss 108452.466796875
2022-01-24 14:09:55,327:INFO:Epoch 93, Training loss 108410.318359375, Validation loss 108451.50390625
2022-01-24 14:09:57,822:INFO:Epoch 94, Training loss 108409.162109375, Validation loss 108450.234375
2022-01-24 14:10:00,348:INFO:Epoch 95, Training loss 108409.185546875, Validation loss 108450.896484375
2022-01-24 14:10:02,869:INFO:Epoch 96, Training loss 108409.052734375, Validation loss 108450.8359375
2022-01-24 14:10:05,394:INFO:Epoch 97, Training loss 108410.3203125, Validation loss 108450.435546875
2022-01-24 14:10:07,899:INFO:Epoch 98, Training loss 108407.8046875, Validation loss 108449.2734375
2022-01-24 14:10:10,427:INFO:Epoch 99, Training loss 108408.1875, Validation loss 108450.14453125
2022-01-24 14:10:12,912:INFO:Epoch 100, Training loss 108407.5078125, Validation loss 108452.33984375
2022-01-24 14:10:15,465:INFO:Epoch 101, Training loss 108409.390625, Validation loss 108450.8359375
2022-01-24 14:10:17,954:INFO:Epoch 102, Training loss 108406.765625, Validation loss 108451.30859375
2022-01-24 14:10:20,472:INFO:Epoch 103, Training loss 108408.181640625, Validation loss 108450.984375
2022-01-24 14:10:22,979:INFO:Epoch 104, Training loss 108408.931640625, Validation loss 108450.384765625
2022-01-24 14:10:25,521:INFO:Epoch 105, Training loss 108409.197265625, Validation loss 108451.962890625
2022-01-24 14:10:28,027:INFO:Epoch 106, Training loss 108407.849609375, Validation loss 108450.6171875
2022-01-24 14:10:30,550:INFO:Epoch 107, Training loss 108406.388671875, Validation loss 108451.080078125
2022-01-24 14:10:33,053:INFO:Epoch 108, Training loss 108407.5625, Validation loss 108452.111328125
2022-01-24 14:10:35,593:INFO:Epoch 109, Training loss 108405.6015625, Validation loss 108449.02734375
2022-01-24 14:10:38,097:INFO:Epoch 110, Training loss 108406.431640625, Validation loss 108451.564453125
2022-01-24 14:10:40,594:INFO:Epoch 111, Training loss 108405.572265625, Validation loss 108451.49609375
2022-01-24 14:10:43,119:INFO:Epoch 112, Training loss 108404.751953125, Validation loss 108451.19140625
2022-01-24 14:10:45,652:INFO:Epoch 113, Training loss 108404.90625, Validation loss 108449.81640625
2022-01-24 14:10:48,166:INFO:Epoch 114, Training loss 108405.53515625, Validation loss 108449.2265625
2022-01-24 14:10:50,649:INFO:Epoch 115, Training loss 108405.345703125, Validation loss 108452.076171875
2022-01-24 14:10:53,181:INFO:Epoch 116, Training loss 108406.26171875, Validation loss 108453.17578125
2022-01-24 14:10:55,703:INFO:Epoch 117, Training loss 108407.1875, Validation loss 108456.115234375
2022-01-24 14:10:58,244:INFO:Epoch 118, Training loss 108405.955078125, Validation loss 108454.626953125
2022-01-24 14:11:00,728:INFO:Epoch 119, Training loss 108405.2421875, Validation loss 108450.73046875
2022-01-24 14:11:03,251:INFO:Epoch 120, Training loss 108404.154296875, Validation loss 108449.951171875
2022-01-24 14:11:05,740:INFO:Epoch 121, Training loss 108402.986328125, Validation loss 108450.646484375
2022-01-24 14:11:08,296:INFO:Epoch 122, Training loss 108402.96875, Validation loss 108450.576171875
2022-01-24 14:11:10,784:INFO:Epoch 123, Training loss 108403.521484375, Validation loss 108448.59375
2022-01-24 14:11:13,290:INFO:Epoch 124, Training loss 108403.84765625, Validation loss 108451.71875
2022-01-24 14:11:15,773:INFO:Epoch 125, Training loss 108404.19140625, Validation loss 108450.1484375
2022-01-24 14:11:18,326:INFO:Epoch 126, Training loss 108401.802734375, Validation loss 108451.1875
2022-01-24 14:11:20,828:INFO:Epoch 127, Training loss 108403.361328125, Validation loss 108450.03515625
2022-01-24 14:11:23,339:INFO:Epoch 128, Training loss 108401.837890625, Validation loss 108451.208984375
2022-01-24 14:11:25,853:INFO:Epoch 129, Training loss 108405.267578125, Validation loss 108455.548828125
2022-01-24 14:11:28,388:INFO:Epoch 130, Training loss 108403.07421875, Validation loss 108451.4921875
2022-01-24 14:11:30,894:INFO:Epoch 131, Training loss 108402.46875, Validation loss 108451.94140625
2022-01-24 14:11:33,394:INFO:Epoch 132, Training loss 108403.6953125, Validation loss 108451.072265625
2022-01-24 14:11:35,910:INFO:Epoch 133, Training loss 108402.908203125, Validation loss 108451.986328125
2022-01-24 14:11:38,443:INFO:Epoch 134, Training loss 108407.251953125, Validation loss 108451.47265625
2022-01-24 14:11:40,956:INFO:Epoch 135, Training loss 108400.662109375, Validation loss 108450.572265625
2022-01-24 14:11:40,963:INFO:Finished training
