2021-11-17 17:54:11,598:INFO:All directories created, ready to load the data
2021-11-17 17:54:11,661:INFO:Dataset loaded from /data/theorie/jthoeve/event_generation/events_high_stats/lin/cHW/events_21.npy
2021-11-17 17:54:11,694:INFO:Dataset loaded from /data/theorie/jthoeve/event_generation/events_high_stats/sm/events_21.npy
2021-11-17 17:54:15,162:INFO:Epoch 1, Training loss 207989.671875, Validation loss 207961.11328125
2021-11-17 17:54:18,498:INFO:Epoch 2, Training loss 207812.47265625, Validation loss 207067.5078125
2021-11-17 17:54:21,827:INFO:Epoch 3, Training loss 200915.6640625, Validation loss 181453.97265625
2021-11-17 17:54:25,184:INFO:Epoch 4, Training loss 166026.265625, Validation loss 145844.208984375
2021-11-17 17:54:28,513:INFO:Epoch 5, Training loss 136479.912109375, Validation loss 124914.416015625
2021-11-17 17:54:31,852:INFO:Epoch 6, Training loss 120365.546875, Validation loss 115060.474609375
2021-11-17 17:54:35,154:INFO:Epoch 7, Training loss 113144.1171875, Validation loss 110945.783203125
2021-11-17 17:54:38,518:INFO:Epoch 8, Training loss 110290.529296875, Validation loss 109577.267578125
2021-11-17 17:54:41,828:INFO:Epoch 9, Training loss 109497.947265625, Validation loss 109430.421875
2021-11-17 17:54:45,159:INFO:Epoch 10, Training loss 109526.8046875, Validation loss 109592.12109375
2021-11-17 17:54:48,475:INFO:Epoch 11, Training loss 109660.830078125, Validation loss 109652.326171875
2021-11-17 17:54:51,814:INFO:Epoch 12, Training loss 109661.388671875, Validation loss 109579.84765625
2021-11-17 17:54:55,136:INFO:Epoch 13, Training loss 109560.638671875, Validation loss 109458.888671875
2021-11-17 17:54:58,436:INFO:Epoch 14, Training loss 109443.07421875, Validation loss 109356.517578125
2021-11-17 17:55:01,765:INFO:Epoch 15, Training loss 109352.623046875, Validation loss 109287.103515625
2021-11-17 17:55:05,093:INFO:Epoch 16, Training loss 109294.8515625, Validation loss 109246.833984375
2021-11-17 17:55:08,449:INFO:Epoch 17, Training loss 109261.994140625, Validation loss 109225.134765625
2021-11-17 17:55:11,746:INFO:Epoch 18, Training loss 109243.046875, Validation loss 109211.6640625
2021-11-17 17:55:15,093:INFO:Epoch 19, Training loss 109229.736328125, Validation loss 109199.90234375
2021-11-17 17:55:18,386:INFO:Epoch 20, Training loss 109216.78125, Validation loss 109187.45703125
2021-11-17 17:55:21,750:INFO:Epoch 21, Training loss 109202.98828125, Validation loss 109174.36328125
2021-11-17 17:55:25,055:INFO:Epoch 22, Training loss 109188.974609375, Validation loss 109161.228515625
2021-11-17 17:55:28,395:INFO:Epoch 23, Training loss 109174.92578125, Validation loss 109148.671875
2021-11-17 17:55:31,701:INFO:Epoch 24, Training loss 109161.63671875, Validation loss 109136.685546875
2021-11-17 17:55:35,070:INFO:Epoch 25, Training loss 109148.408203125, Validation loss 109124.81640625
2021-11-17 17:55:38,383:INFO:Epoch 26, Training loss 109135.32421875, Validation loss 109112.71875
2021-11-17 17:55:41,731:INFO:Epoch 27, Training loss 109122.328125, Validation loss 109100.025390625
2021-11-17 17:55:45,057:INFO:Epoch 28, Training loss 109108.265625, Validation loss 109086.1484375
2021-11-17 17:55:48,408:INFO:Epoch 29, Training loss 109092.609375, Validation loss 109071.7421875
2021-11-17 17:55:51,728:INFO:Epoch 30, Training loss 109077.6484375, Validation loss 109057.15625
2021-11-17 17:55:55,049:INFO:Epoch 31, Training loss 109062.4765625, Validation loss 109042.970703125
2021-11-17 17:55:58,373:INFO:Epoch 32, Training loss 109047.701171875, Validation loss 109028.951171875
2021-11-17 17:56:01,716:INFO:Epoch 33, Training loss 109032.3828125, Validation loss 109015.41796875
2021-11-17 17:56:05,045:INFO:Epoch 34, Training loss 109017.619140625, Validation loss 109002.234375
2021-11-17 17:56:08,352:INFO:Epoch 35, Training loss 109002.873046875, Validation loss 108989.63671875
2021-11-17 17:56:11,688:INFO:Epoch 36, Training loss 108989.181640625, Validation loss 108977.48828125
2021-11-17 17:56:15,013:INFO:Epoch 37, Training loss 108975.873046875, Validation loss 108966.16796875
2021-11-17 17:56:18,347:INFO:Epoch 38, Training loss 108963.60546875, Validation loss 108955.474609375
2021-11-17 17:56:21,654:INFO:Epoch 39, Training loss 108951.3203125, Validation loss 108945.90234375
2021-11-17 17:56:24,995:INFO:Epoch 40, Training loss 108940.60546875, Validation loss 108937.03515625
2021-11-17 17:56:28,291:INFO:Epoch 41, Training loss 108930.96875, Validation loss 108928.63671875
2021-11-17 17:56:31,657:INFO:Epoch 42, Training loss 108921.068359375, Validation loss 108921.306640625
2021-11-17 17:56:34,950:INFO:Epoch 43, Training loss 108913.08984375, Validation loss 108914.78515625
2021-11-17 17:56:38,292:INFO:Epoch 44, Training loss 108905.134765625, Validation loss 108908.97265625
2021-11-17 17:56:41,606:INFO:Epoch 45, Training loss 108898.482421875, Validation loss 108903.9296875
2021-11-17 17:56:44,974:INFO:Epoch 46, Training loss 108892.599609375, Validation loss 108899.474609375
2021-11-17 17:56:48,287:INFO:Epoch 47, Training loss 108887.400390625, Validation loss 108895.560546875
2021-11-17 17:56:51,635:INFO:Epoch 48, Training loss 108882.298828125, Validation loss 108892.509765625
2021-11-17 17:56:55,004:INFO:Epoch 49, Training loss 108878.921875, Validation loss 108889.36328125
2021-11-17 17:56:58,419:INFO:Epoch 50, Training loss 108875.130859375, Validation loss 108886.841796875
2021-11-17 17:57:01,807:INFO:Epoch 51, Training loss 108871.541015625, Validation loss 108884.53515625
2021-11-17 17:57:05,197:INFO:Epoch 52, Training loss 108868.921875, Validation loss 108882.875
2021-11-17 17:57:08,588:INFO:Epoch 53, Training loss 108866.490234375, Validation loss 108880.8984375
2021-11-17 17:57:11,998:INFO:Epoch 54, Training loss 108864.3671875, Validation loss 108879.2578125
2021-11-17 17:57:15,395:INFO:Epoch 55, Training loss 108862.416015625, Validation loss 108877.927734375
2021-11-17 17:57:18,771:INFO:Epoch 56, Training loss 108860.44921875, Validation loss 108876.94921875
2021-11-17 17:57:22,176:INFO:Epoch 57, Training loss 108858.833984375, Validation loss 108876.056640625
2021-11-17 17:57:25,576:INFO:Epoch 58, Training loss 108857.583984375, Validation loss 108874.861328125
2021-11-17 17:57:28,976:INFO:Epoch 59, Training loss 108856.4609375, Validation loss 108873.720703125
2021-11-17 17:57:32,339:INFO:Epoch 60, Training loss 108854.63671875, Validation loss 108873.318359375
2021-11-17 17:57:35,752:INFO:Epoch 61, Training loss 108853.97265625, Validation loss 108873.033203125
2021-11-17 17:57:39,136:INFO:Epoch 62, Training loss 108852.904296875, Validation loss 108871.76953125
2021-11-17 17:57:42,569:INFO:Epoch 63, Training loss 108851.966796875, Validation loss 108871.099609375
2021-11-17 17:57:45,940:INFO:Epoch 64, Training loss 108851.013671875, Validation loss 108870.931640625
2021-11-17 17:57:49,347:INFO:Epoch 65, Training loss 108850.123046875, Validation loss 108870.30859375
2021-11-17 17:57:52,715:INFO:Epoch 66, Training loss 108849.208984375, Validation loss 108870.21875
2021-11-17 17:57:56,154:INFO:Epoch 67, Training loss 108848.51953125, Validation loss 108869.904296875
2021-11-17 17:57:59,527:INFO:Epoch 68, Training loss 108847.583984375, Validation loss 108869.490234375
2021-11-17 17:58:02,923:INFO:Epoch 69, Training loss 108847.166015625, Validation loss 108868.923828125
2021-11-17 17:58:06,302:INFO:Epoch 70, Training loss 108846.380859375, Validation loss 108868.771484375
2021-11-17 17:58:09,724:INFO:Epoch 71, Training loss 108845.759765625, Validation loss 108868.138671875
2021-11-17 17:58:13,107:INFO:Epoch 72, Training loss 108845.109375, Validation loss 108867.830078125
2021-11-17 17:58:16,490:INFO:Epoch 73, Training loss 108844.650390625, Validation loss 108867.677734375
2021-11-17 17:58:19,881:INFO:Epoch 74, Training loss 108844.087890625, Validation loss 108867.16796875
2021-11-17 17:58:23,286:INFO:Epoch 75, Training loss 108843.6171875, Validation loss 108866.99609375
2021-11-17 17:58:26,678:INFO:Epoch 76, Training loss 108843.07421875, Validation loss 108866.69140625
2021-11-17 17:58:30,054:INFO:Epoch 77, Training loss 108842.6015625, Validation loss 108866.4296875
2021-11-17 17:58:33,470:INFO:Epoch 78, Training loss 108842.0390625, Validation loss 108866.517578125
2021-11-17 17:58:36,887:INFO:Epoch 79, Training loss 108841.9453125, Validation loss 108866.716796875
2021-11-17 17:58:40,304:INFO:Epoch 80, Training loss 108841.248046875, Validation loss 108866.6328125
2021-11-17 17:58:43,669:INFO:Epoch 81, Training loss 108840.98046875, Validation loss 108866.025390625
2021-11-17 17:58:47,083:INFO:Epoch 82, Training loss 108840.87109375, Validation loss 108865.951171875
2021-11-17 17:58:50,442:INFO:Epoch 83, Training loss 108840.419921875, Validation loss 108865.3203125
2021-11-17 17:58:53,878:INFO:Epoch 84, Training loss 108839.775390625, Validation loss 108865.119140625
2021-11-17 17:58:57,245:INFO:Epoch 85, Training loss 108839.748046875, Validation loss 108865.0078125
2021-11-17 17:59:00,655:INFO:Epoch 86, Training loss 108839.287109375, Validation loss 108864.853515625
2021-11-17 17:59:04,049:INFO:Epoch 87, Training loss 108839.0, Validation loss 108864.751953125
2021-11-17 17:59:07,485:INFO:Epoch 88, Training loss 108838.828125, Validation loss 108864.515625
2021-11-17 17:59:10,857:INFO:Epoch 89, Training loss 108838.580078125, Validation loss 108864.5078125
2021-11-17 17:59:14,259:INFO:Epoch 90, Training loss 108838.28125, Validation loss 108864.458984375
2021-11-17 17:59:17,650:INFO:Epoch 91, Training loss 108838.03515625, Validation loss 108864.1328125
2021-11-17 17:59:21,070:INFO:Epoch 92, Training loss 108837.7890625, Validation loss 108864.052734375
2021-11-17 17:59:24,464:INFO:Epoch 93, Training loss 108837.619140625, Validation loss 108864.197265625
2021-11-17 17:59:27,853:INFO:Epoch 94, Training loss 108837.345703125, Validation loss 108863.755859375
2021-11-17 17:59:31,239:INFO:Epoch 95, Training loss 108837.14453125, Validation loss 108863.78515625
2021-11-17 17:59:34,659:INFO:Epoch 96, Training loss 108836.931640625, Validation loss 108863.462890625
2021-11-17 17:59:38,055:INFO:Epoch 97, Training loss 108836.80859375, Validation loss 108863.154296875
2021-11-17 17:59:41,456:INFO:Epoch 98, Training loss 108836.64453125, Validation loss 108863.462890625
2021-11-17 17:59:44,872:INFO:Epoch 99, Training loss 108836.33203125, Validation loss 108863.767578125
2021-11-17 17:59:48,278:INFO:Epoch 100, Training loss 108836.451171875, Validation loss 108863.26171875
2021-11-17 17:59:51,680:INFO:Epoch 101, Training loss 108835.91796875, Validation loss 108863.412109375
2021-11-17 17:59:55,049:INFO:Epoch 102, Training loss 108835.734375, Validation loss 108863.3984375
2021-11-17 17:59:58,465:INFO:Epoch 103, Training loss 108835.72265625, Validation loss 108863.09375
2021-11-17 18:00:01,831:INFO:Epoch 104, Training loss 108835.505859375, Validation loss 108863.046875
2021-11-17 18:00:05,274:INFO:Epoch 105, Training loss 108835.390625, Validation loss 108862.7890625
2021-11-17 18:00:08,650:INFO:Epoch 106, Training loss 108835.076171875, Validation loss 108862.8125
2021-11-17 18:00:12,067:INFO:Epoch 107, Training loss 108834.935546875, Validation loss 108862.9453125
2021-11-17 18:00:15,458:INFO:Epoch 108, Training loss 108834.548828125, Validation loss 108862.84765625
2021-11-17 18:00:18,892:INFO:Epoch 109, Training loss 108834.4765625, Validation loss 108862.771484375
2021-11-17 18:00:22,274:INFO:Epoch 110, Training loss 108834.45703125, Validation loss 108863.201171875
2021-11-17 18:00:25,679:INFO:Epoch 111, Training loss 108834.220703125, Validation loss 108862.740234375
2021-11-17 18:00:29,061:INFO:Epoch 112, Training loss 108834.12109375, Validation loss 108862.46484375
2021-11-17 18:00:32,484:INFO:Epoch 113, Training loss 108833.849609375, Validation loss 108862.53515625
2021-11-17 18:00:35,872:INFO:Epoch 114, Training loss 108833.642578125, Validation loss 108862.56640625
2021-11-17 18:00:39,280:INFO:Epoch 115, Training loss 108833.634765625, Validation loss 108862.375
2021-11-17 18:00:42,686:INFO:Epoch 116, Training loss 108833.412109375, Validation loss 108862.37109375
2021-11-17 18:00:46,099:INFO:Epoch 117, Training loss 108833.193359375, Validation loss 108862.55859375
2021-11-17 18:00:49,502:INFO:Epoch 118, Training loss 108833.1484375, Validation loss 108862.595703125
2021-11-17 18:00:52,881:INFO:Epoch 119, Training loss 108832.873046875, Validation loss 108862.47265625
2021-11-17 18:00:56,291:INFO:Epoch 120, Training loss 108832.76953125, Validation loss 108862.560546875
2021-11-17 18:00:59,708:INFO:Epoch 121, Training loss 108832.611328125, Validation loss 108862.654296875
2021-11-17 18:01:03,111:INFO:Epoch 122, Training loss 108832.720703125, Validation loss 108861.912109375
2021-11-17 18:01:06,480:INFO:Epoch 123, Training loss 108832.27734375, Validation loss 108861.611328125
2021-11-17 18:01:09,896:INFO:Epoch 124, Training loss 108832.38671875, Validation loss 108861.76171875
2021-11-17 18:01:13,265:INFO:Epoch 125, Training loss 108831.998046875, Validation loss 108861.763671875
2021-11-17 18:01:16,703:INFO:Epoch 126, Training loss 108831.82421875, Validation loss 108861.779296875
2021-11-17 18:01:20,073:INFO:Epoch 127, Training loss 108831.787109375, Validation loss 108861.798828125
2021-11-17 18:01:23,487:INFO:Epoch 128, Training loss 108831.59765625, Validation loss 108861.71875
2021-11-17 18:01:26,866:INFO:Epoch 129, Training loss 108831.455078125, Validation loss 108861.822265625
2021-11-17 18:01:30,304:INFO:Epoch 130, Training loss 108831.28125, Validation loss 108861.74609375
2021-11-17 18:01:33,682:INFO:Epoch 131, Training loss 108831.25, Validation loss 108861.6171875
2021-11-17 18:01:37,085:INFO:Epoch 132, Training loss 108831.4921875, Validation loss 108861.947265625
2021-11-17 18:01:40,499:INFO:Epoch 133, Training loss 108830.953125, Validation loss 108861.603515625
2021-11-17 18:01:43,931:INFO:Epoch 134, Training loss 108830.98828125, Validation loss 108861.517578125
2021-11-17 18:01:47,314:INFO:Epoch 135, Training loss 108831.017578125, Validation loss 108861.96484375
2021-11-17 18:01:50,706:INFO:Epoch 136, Training loss 108830.845703125, Validation loss 108862.05859375
2021-11-17 18:01:54,104:INFO:Epoch 137, Training loss 108830.58203125, Validation loss 108861.712890625
2021-11-17 18:01:57,516:INFO:Epoch 138, Training loss 108830.326171875, Validation loss 108861.552734375
2021-11-17 18:02:00,915:INFO:Epoch 139, Training loss 108830.396484375, Validation loss 108861.76953125
2021-11-17 18:02:04,293:INFO:Epoch 140, Training loss 108830.447265625, Validation loss 108861.72265625
2021-11-17 18:02:07,699:INFO:Epoch 141, Training loss 108830.060546875, Validation loss 108861.76953125
2021-11-17 18:02:11,105:INFO:Epoch 142, Training loss 108829.779296875, Validation loss 108861.646484375
2021-11-17 18:02:14,518:INFO:Epoch 143, Training loss 108829.744140625, Validation loss 108861.39453125
2021-11-17 18:02:17,879:INFO:Epoch 144, Training loss 108829.6875, Validation loss 108861.146484375
2021-11-17 18:02:21,296:INFO:Epoch 145, Training loss 108829.5234375, Validation loss 108861.474609375
2021-11-17 18:02:24,663:INFO:Epoch 146, Training loss 108829.4296875, Validation loss 108861.373046875
2021-11-17 18:02:28,105:INFO:Epoch 147, Training loss 108829.322265625, Validation loss 108861.763671875
2021-11-17 18:02:31,477:INFO:Epoch 148, Training loss 108829.17578125, Validation loss 108861.275390625
2021-11-17 18:02:34,887:INFO:Epoch 149, Training loss 108829.0, Validation loss 108861.2265625
2021-11-17 18:02:38,261:INFO:Epoch 150, Training loss 108828.876953125, Validation loss 108861.376953125
2021-11-17 18:02:41,720:INFO:Epoch 151, Training loss 108829.01953125, Validation loss 108861.087890625
2021-11-17 18:02:45,102:INFO:Epoch 152, Training loss 108828.630859375, Validation loss 108861.3671875
2021-11-17 18:02:48,504:INFO:Epoch 153, Training loss 108828.775390625, Validation loss 108861.3515625
2021-11-17 18:02:51,900:INFO:Epoch 154, Training loss 108828.453125, Validation loss 108861.513671875
2021-11-17 18:02:55,326:INFO:Epoch 155, Training loss 108828.66796875, Validation loss 108861.642578125
2021-11-17 18:02:58,718:INFO:Epoch 156, Training loss 108828.1015625, Validation loss 108861.279296875
2021-11-17 18:03:02,111:INFO:Epoch 157, Training loss 108828.09765625, Validation loss 108861.580078125
2021-11-17 18:03:05,510:INFO:Epoch 158, Training loss 108828.005859375, Validation loss 108861.412109375
2021-11-17 18:03:08,930:INFO:Epoch 159, Training loss 108827.97265625, Validation loss 108861.21875
2021-11-17 18:03:12,324:INFO:Epoch 160, Training loss 108828.02734375, Validation loss 108861.064453125
2021-11-17 18:03:15,702:INFO:Epoch 161, Training loss 108827.6953125, Validation loss 108860.693359375
2021-11-17 18:03:19,111:INFO:Epoch 162, Training loss 108827.64453125, Validation loss 108860.755859375
2021-11-17 18:03:22,512:INFO:Epoch 163, Training loss 108827.525390625, Validation loss 108861.234375
2021-11-17 18:03:25,919:INFO:Epoch 164, Training loss 108827.392578125, Validation loss 108861.181640625
2021-11-17 18:03:29,290:INFO:Epoch 165, Training loss 108827.130859375, Validation loss 108860.828125
2021-11-17 18:03:32,708:INFO:Epoch 166, Training loss 108827.259765625, Validation loss 108860.923828125
2021-11-17 18:03:36,085:INFO:Epoch 167, Training loss 108826.955078125, Validation loss 108861.390625
2021-11-17 18:03:39,546:INFO:Epoch 168, Training loss 108826.8515625, Validation loss 108861.240234375
2021-11-17 18:03:42,917:INFO:Epoch 169, Training loss 108826.759765625, Validation loss 108860.955078125
2021-11-17 18:03:46,334:INFO:Epoch 170, Training loss 108826.6953125, Validation loss 108861.154296875
2021-11-17 18:03:49,717:INFO:Epoch 171, Training loss 108826.54296875, Validation loss 108861.03515625
2021-11-17 18:03:53,156:INFO:Epoch 172, Training loss 108826.560546875, Validation loss 108861.306640625
2021-11-17 18:03:56,532:INFO:Epoch 173, Training loss 108826.43359375, Validation loss 108861.04296875
2021-11-17 18:03:59,931:INFO:Epoch 174, Training loss 108826.29296875, Validation loss 108860.81640625
2021-11-17 18:04:03,324:INFO:Epoch 175, Training loss 108826.26171875, Validation loss 108860.861328125
2021-11-17 18:04:06,753:INFO:Epoch 176, Training loss 108826.048828125, Validation loss 108860.923828125
2021-11-17 18:04:10,145:INFO:Epoch 177, Training loss 108826.005859375, Validation loss 108860.30859375
2021-11-17 18:04:13,538:INFO:Epoch 178, Training loss 108825.8828125, Validation loss 108860.583984375
2021-11-17 18:04:16,940:INFO:Epoch 179, Training loss 108825.70703125, Validation loss 108860.896484375
2021-11-17 18:04:20,354:INFO:Epoch 180, Training loss 108825.564453125, Validation loss 108860.474609375
2021-11-17 18:04:23,748:INFO:Epoch 181, Training loss 108825.44921875, Validation loss 108860.626953125
2021-11-17 18:04:27,125:INFO:Epoch 182, Training loss 108825.291015625, Validation loss 108860.9375
2021-11-17 18:04:30,535:INFO:Epoch 183, Training loss 108825.396484375, Validation loss 108860.73828125
2021-11-17 18:04:33,945:INFO:Epoch 184, Training loss 108825.353515625, Validation loss 108860.6171875
2021-11-17 18:04:37,351:INFO:Epoch 185, Training loss 108824.923828125, Validation loss 108860.599609375
2021-11-17 18:04:40,749:INFO:Epoch 186, Training loss 108825.13671875, Validation loss 108860.62109375
2021-11-17 18:04:44,175:INFO:Epoch 187, Training loss 108825.0703125, Validation loss 108860.76171875
2021-11-17 18:04:47,547:INFO:Epoch 188, Training loss 108824.9765625, Validation loss 108860.55859375
2021-11-17 18:04:50,983:INFO:Epoch 189, Training loss 108824.82421875, Validation loss 108860.5078125
2021-11-17 18:04:54,354:INFO:Epoch 190, Training loss 108824.458984375, Validation loss 108860.474609375
2021-11-17 18:04:57,775:INFO:Epoch 191, Training loss 108824.82421875, Validation loss 108860.72265625
2021-11-17 18:05:01,153:INFO:Epoch 192, Training loss 108824.595703125, Validation loss 108860.37109375
2021-11-17 18:05:04,590:INFO:Epoch 193, Training loss 108824.435546875, Validation loss 108860.404296875
2021-11-17 18:05:07,972:INFO:Epoch 194, Training loss 108824.55859375, Validation loss 108860.423828125
2021-11-17 18:05:11,380:INFO:Epoch 195, Training loss 108824.18359375, Validation loss 108860.26953125
2021-11-17 18:05:14,782:INFO:Epoch 196, Training loss 108824.376953125, Validation loss 108860.392578125
2021-11-17 18:05:18,211:INFO:Epoch 197, Training loss 108823.91015625, Validation loss 108860.916015625
2021-11-17 18:05:21,603:INFO:Epoch 198, Training loss 108823.953125, Validation loss 108860.873046875
2021-11-17 18:05:25,003:INFO:Epoch 199, Training loss 108824.05859375, Validation loss 108860.64453125
2021-11-17 18:05:28,407:INFO:Epoch 200, Training loss 108823.7578125, Validation loss 108860.40234375
2021-11-17 18:05:31,825:INFO:Epoch 201, Training loss 108823.88671875, Validation loss 108860.75
2021-11-17 18:05:35,225:INFO:Epoch 202, Training loss 108823.5625, Validation loss 108860.517578125
2021-11-17 18:05:38,611:INFO:Epoch 203, Training loss 108823.53125, Validation loss 108860.4609375
2021-11-17 18:05:42,039:INFO:Epoch 204, Training loss 108823.5625, Validation loss 108860.57421875
2021-11-17 18:05:45,453:INFO:Epoch 205, Training loss 108823.8515625, Validation loss 108860.19921875
2021-11-17 18:05:48,871:INFO:Epoch 206, Training loss 108823.17578125, Validation loss 108860.35546875
2021-11-17 18:05:52,239:INFO:Epoch 207, Training loss 108823.955078125, Validation loss 108860.83203125
2021-11-17 18:05:55,661:INFO:Epoch 208, Training loss 108823.431640625, Validation loss 108860.42578125
2021-11-17 18:05:59,029:INFO:Epoch 209, Training loss 108823.380859375, Validation loss 108860.46484375
2021-11-17 18:06:02,468:INFO:Epoch 210, Training loss 108823.41796875, Validation loss 108860.6875
2021-11-17 18:06:05,838:INFO:Epoch 211, Training loss 108823.111328125, Validation loss 108860.681640625
2021-11-17 18:06:09,262:INFO:Epoch 212, Training loss 108822.837890625, Validation loss 108859.873046875
2021-11-17 18:06:12,639:INFO:Epoch 213, Training loss 108822.927734375, Validation loss 108860.052734375
2021-11-17 18:06:16,082:INFO:Epoch 214, Training loss 108822.736328125, Validation loss 108859.9609375
2021-11-17 18:06:19,461:INFO:Epoch 215, Training loss 108823.07421875, Validation loss 108859.982421875
2021-11-17 18:06:22,870:INFO:Epoch 216, Training loss 108822.595703125, Validation loss 108860.28125
2021-11-17 18:06:26,261:INFO:Epoch 217, Training loss 108822.494140625, Validation loss 108860.427734375
2021-11-17 18:06:29,684:INFO:Epoch 218, Training loss 108822.404296875, Validation loss 108860.412109375
2021-11-17 18:06:33,075:INFO:Epoch 219, Training loss 108822.296875, Validation loss 108860.4140625
2021-11-17 18:06:36,462:INFO:Epoch 220, Training loss 108822.15234375, Validation loss 108860.125
2021-11-17 18:06:39,882:INFO:Epoch 221, Training loss 108822.591796875, Validation loss 108860.125
2021-11-17 18:06:43,307:INFO:Epoch 222, Training loss 108822.080078125, Validation loss 108860.21875
2021-11-17 18:06:46,706:INFO:Epoch 223, Training loss 108822.15234375, Validation loss 108859.994140625
2021-11-17 18:06:50,086:INFO:Epoch 224, Training loss 108822.37890625, Validation loss 108860.57421875
2021-11-17 18:06:53,499:INFO:Epoch 225, Training loss 108821.673828125, Validation loss 108860.0859375
2021-11-17 18:06:56,903:INFO:Epoch 226, Training loss 108821.701171875, Validation loss 108859.857421875
2021-11-17 18:07:00,310:INFO:Epoch 227, Training loss 108821.63671875, Validation loss 108860.041015625
2021-11-17 18:07:03,681:INFO:Epoch 228, Training loss 108821.65234375, Validation loss 108859.689453125
2021-11-17 18:07:07,105:INFO:Epoch 229, Training loss 108821.607421875, Validation loss 108859.74609375
2021-11-17 18:07:10,482:INFO:Epoch 230, Training loss 108821.302734375, Validation loss 108860.10546875
2021-11-17 18:07:13,926:INFO:Epoch 231, Training loss 108821.5, Validation loss 108860.228515625
2021-11-17 18:07:17,299:INFO:Epoch 232, Training loss 108821.38671875, Validation loss 108860.00390625
2021-11-17 18:07:20,713:INFO:Epoch 233, Training loss 108821.328125, Validation loss 108859.7734375
2021-11-17 18:07:24,100:INFO:Epoch 234, Training loss 108821.130859375, Validation loss 108860.080078125
2021-11-17 18:07:27,528:INFO:Epoch 235, Training loss 108821.17578125, Validation loss 108860.25
2021-11-17 18:07:30,910:INFO:Epoch 236, Training loss 108820.966796875, Validation loss 108860.12109375
2021-11-17 18:07:34,310:INFO:Epoch 237, Training loss 108821.0625, Validation loss 108860.158203125
2021-11-17 18:07:37,700:INFO:Epoch 238, Training loss 108821.07421875, Validation loss 108860.072265625
2021-11-17 18:07:41,155:INFO:Epoch 239, Training loss 108820.8828125, Validation loss 108860.134765625
2021-11-17 18:07:44,549:INFO:Epoch 240, Training loss 108820.7578125, Validation loss 108860.0625
2021-11-17 18:07:47,941:INFO:Epoch 241, Training loss 108820.69921875, Validation loss 108860.341796875
2021-11-17 18:07:51,334:INFO:Epoch 242, Training loss 108820.6171875, Validation loss 108859.91015625
2021-11-17 18:07:54,747:INFO:Epoch 243, Training loss 108820.599609375, Validation loss 108860.048828125
2021-11-17 18:07:58,143:INFO:Epoch 244, Training loss 108820.39453125, Validation loss 108859.771484375
2021-11-17 18:08:01,524:INFO:Epoch 245, Training loss 108820.302734375, Validation loss 108859.8125
2021-11-17 18:08:04,934:INFO:Epoch 246, Training loss 108820.310546875, Validation loss 108859.697265625
2021-11-17 18:08:08,338:INFO:Epoch 247, Training loss 108820.841796875, Validation loss 108859.052734375
2021-11-17 18:08:11,751:INFO:Epoch 248, Training loss 108820.42578125, Validation loss 108859.8046875
2021-11-17 18:08:15,124:INFO:Epoch 249, Training loss 108820.044921875, Validation loss 108859.5859375
2021-11-17 18:08:18,545:INFO:Epoch 250, Training loss 108820.017578125, Validation loss 108859.634765625
2021-11-17 18:08:21,915:INFO:Epoch 251, Training loss 108819.857421875, Validation loss 108859.953125
2021-11-17 18:08:25,355:INFO:Epoch 252, Training loss 108819.943359375, Validation loss 108859.697265625
2021-11-17 18:08:28,729:INFO:Epoch 253, Training loss 108819.5546875, Validation loss 108860.158203125
2021-11-17 18:08:32,142:INFO:Epoch 254, Training loss 108819.619140625, Validation loss 108859.869140625
2021-11-17 18:08:35,526:INFO:Epoch 255, Training loss 108819.541015625, Validation loss 108859.76953125
2021-11-17 18:08:38,974:INFO:Epoch 256, Training loss 108819.86328125, Validation loss 108860.322265625
2021-11-17 18:08:42,380:INFO:Epoch 257, Training loss 108819.654296875, Validation loss 108860.15234375
2021-11-17 18:08:45,788:INFO:Epoch 258, Training loss 108818.984375, Validation loss 108860.0859375
2021-11-17 18:08:49,171:INFO:Epoch 259, Training loss 108819.234375, Validation loss 108860.064453125
2021-11-17 18:08:52,593:INFO:Epoch 260, Training loss 108819.34765625, Validation loss 108860.794921875
2021-11-17 18:08:55,984:INFO:Epoch 261, Training loss 108819.271484375, Validation loss 108860.390625
2021-11-17 18:08:59,372:INFO:Epoch 262, Training loss 108818.833984375, Validation loss 108860.203125
2021-11-17 18:09:02,783:INFO:Epoch 263, Training loss 108818.771484375, Validation loss 108860.29296875
2021-11-17 18:09:06,209:INFO:Epoch 264, Training loss 108819.2265625, Validation loss 108860.27734375
2021-11-17 18:09:09,606:INFO:Epoch 265, Training loss 108818.453125, Validation loss 108860.275390625
2021-11-17 18:09:12,985:INFO:Epoch 266, Training loss 108818.421875, Validation loss 108860.26171875
2021-11-17 18:09:16,388:INFO:Epoch 267, Training loss 108818.791015625, Validation loss 108860.111328125
2021-11-17 18:09:16,396:INFO:Finished training, producing training report at /data/theorie/jthoeve/ML4EFT_higgs/models/17_11/model_final_lin_cHW/mc_run_21/plots/training_report/
2021-11-17 18:09:16,702:WARNING:findfont: Font family ['sans-serif'] not found. Falling back to DejaVu Sans.
