8.464664843750000000e+04
8.464664843750000000e+04
8.464664843750000000e+04
8.464664843750000000e+04
8.464664843750000000e+04
8.464664843750000000e+04
8.464664843750000000e+04
8.464664843750000000e+04
8.464664843750000000e+04
8.464664843750000000e+04
8.464664843750000000e+04
7.497751562500000000e+04
7.486527343750000000e+04
7.472364062500000000e+04
7.456924218750000000e+04
7.441118750000000000e+04
7.425818750000000000e+04
7.411872656250000000e+04
7.399852343750000000e+04
7.389980468750000000e+04
7.382552343750000000e+04
7.377740625000000000e+04
7.375373437500000000e+04
7.375412500000000000e+04
7.377460156250000000e+04
7.380310937500000000e+04
7.382738281250000000e+04
7.384068750000000000e+04
7.384168750000000000e+04
7.383228125000000000e+04
7.381638281250000000e+04
7.379796875000000000e+04
7.378027343750000000e+04
7.376564062500000000e+04
7.375516406250000000e+04
7.374908593750000000e+04
7.374681250000000000e+04
7.374745312500000000e+04
7.374992968750000000e+04
7.375316406250000000e+04
7.375630468750000000e+04
7.375876562500000000e+04
7.376017187500000000e+04
7.376040625000000000e+04
7.375954687500000000e+04
7.375779687500000000e+04
7.375542187500000000e+04
7.375275000000000000e+04
7.375017187500000000e+04
7.374794531250000000e+04
7.374625000000000000e+04
7.374517187500000000e+04
7.374474218750000000e+04
7.374488281250000000e+04
7.374540625000000000e+04
7.374607812500000000e+04
7.374670312500000000e+04
7.374713281250000000e+04
7.374727343750000000e+04
7.374710937500000000e+04
7.374669531250000000e+04
7.374610937500000000e+04
7.374546875000000000e+04
7.374487500000000000e+04
7.374441406250000000e+04
7.374410937500000000e+04
7.374396093750000000e+04
7.374396093750000000e+04
7.374405468750000000e+04
7.374419531250000000e+04
7.374433593750000000e+04
7.374443750000000000e+04
7.374446875000000000e+04
7.374442968750000000e+04
7.374432031250000000e+04
7.374416406250000000e+04
7.374398437500000000e+04
7.374380468750000000e+04
7.374366406250000000e+04
7.374356250000000000e+04
7.374350000000000000e+04
7.374346875000000000e+04
7.374346093750000000e+04
7.374347656250000000e+04
7.374347656250000000e+04
7.374346875000000000e+04
7.374343750000000000e+04
7.374339062500000000e+04
7.374332812500000000e+04
7.374325781250000000e+04
7.374318750000000000e+04
7.374312500000000000e+04
7.374307812500000000e+04
7.374303906250000000e+04
7.374300000000000000e+04
7.374298437500000000e+04
7.374296875000000000e+04
7.374295312500000000e+04
7.374292968750000000e+04
7.374289843750000000e+04
7.374286718750000000e+04
7.374282812500000000e+04
7.374278125000000000e+04
7.374274218750000000e+04
7.374271093750000000e+04
7.374267968750000000e+04
7.374264843750000000e+04
7.374262500000000000e+04
7.374260156250000000e+04
7.374257031250000000e+04
7.374254687500000000e+04
7.374252343750000000e+04
7.374249218750000000e+04
7.374246093750000000e+04
7.374242968750000000e+04
7.374239843750000000e+04
