2021-11-17 17:54:11,604:INFO:All directories created, ready to load the data
2021-11-17 17:54:11,724:INFO:Dataset loaded from /data/theorie/jthoeve/event_generation/events_high_stats/lin/cHW/events_2.npy
2021-11-17 17:54:11,748:INFO:Dataset loaded from /data/theorie/jthoeve/event_generation/events_high_stats/sm/events_2.npy
2021-11-17 17:54:15,163:INFO:Epoch 1, Training loss 117310.27734375, Validation loss 114531.580078125
2021-11-17 17:54:18,516:INFO:Epoch 2, Training loss 113218.82421875, Validation loss 111606.23046875
2021-11-17 17:54:21,855:INFO:Epoch 3, Training loss 110825.9375, Validation loss 109974.76953125
2021-11-17 17:54:25,225:INFO:Epoch 4, Training loss 109608.12890625, Validation loss 109336.232421875
2021-11-17 17:54:28,536:INFO:Epoch 5, Training loss 109232.703125, Validation loss 109299.92578125
2021-11-17 17:54:31,887:INFO:Epoch 6, Training loss 109276.69140625, Validation loss 109391.966796875
2021-11-17 17:54:35,207:INFO:Epoch 7, Training loss 109307.005859375, Validation loss 109337.18359375
2021-11-17 17:54:38,572:INFO:Epoch 8, Training loss 109214.001953125, Validation loss 109225.671875
2021-11-17 17:54:41,891:INFO:Epoch 9, Training loss 109112.80078125, Validation loss 109156.27734375
2021-11-17 17:54:45,231:INFO:Epoch 10, Training loss 109061.26171875, Validation loss 109131.23046875
2021-11-17 17:54:48,553:INFO:Epoch 11, Training loss 109040.134765625, Validation loss 109116.552734375
2021-11-17 17:54:51,906:INFO:Epoch 12, Training loss 109016.826171875, Validation loss 109097.466796875
2021-11-17 17:54:55,242:INFO:Epoch 13, Training loss 108991.220703125, Validation loss 109078.00390625
2021-11-17 17:54:58,550:INFO:Epoch 14, Training loss 108967.412109375, Validation loss 109065.384765625
2021-11-17 17:55:01,888:INFO:Epoch 15, Training loss 108952.150390625, Validation loss 109055.806640625
2021-11-17 17:55:05,233:INFO:Epoch 16, Training loss 108939.060546875, Validation loss 109044.28515625
2021-11-17 17:55:08,564:INFO:Epoch 17, Training loss 108925.072265625, Validation loss 109031.40625
2021-11-17 17:55:11,852:INFO:Epoch 18, Training loss 108912.455078125, Validation loss 109020.642578125
2021-11-17 17:55:15,183:INFO:Epoch 19, Training loss 108900.396484375, Validation loss 109010.462890625
2021-11-17 17:55:18,472:INFO:Epoch 20, Training loss 108890.263671875, Validation loss 109000.619140625
2021-11-17 17:55:21,839:INFO:Epoch 21, Training loss 108879.171875, Validation loss 108991.306640625
2021-11-17 17:55:25,139:INFO:Epoch 22, Training loss 108869.091796875, Validation loss 108982.13671875
2021-11-17 17:55:28,471:INFO:Epoch 23, Training loss 108858.533203125, Validation loss 108972.376953125
2021-11-17 17:55:31,778:INFO:Epoch 24, Training loss 108848.173828125, Validation loss 108962.466796875
2021-11-17 17:55:35,143:INFO:Epoch 25, Training loss 108838.6953125, Validation loss 108954.498046875
2021-11-17 17:55:38,447:INFO:Epoch 26, Training loss 108830.34765625, Validation loss 108947.646484375
2021-11-17 17:55:41,791:INFO:Epoch 27, Training loss 108822.74609375, Validation loss 108940.8515625
2021-11-17 17:55:45,113:INFO:Epoch 28, Training loss 108815.9765625, Validation loss 108934.12890625
2021-11-17 17:55:48,455:INFO:Epoch 29, Training loss 108809.712890625, Validation loss 108929.22265625
2021-11-17 17:55:51,767:INFO:Epoch 30, Training loss 108805.021484375, Validation loss 108925.0390625
2021-11-17 17:55:55,079:INFO:Epoch 31, Training loss 108800.181640625, Validation loss 108920.982421875
2021-11-17 17:55:58,403:INFO:Epoch 32, Training loss 108796.7421875, Validation loss 108916.56640625
2021-11-17 17:56:01,739:INFO:Epoch 33, Training loss 108793.177734375, Validation loss 108914.0859375
2021-11-17 17:56:05,056:INFO:Epoch 34, Training loss 108790.78125, Validation loss 108911.78515625
2021-11-17 17:56:08,356:INFO:Epoch 35, Training loss 108788.0234375, Validation loss 108909.720703125
2021-11-17 17:56:11,692:INFO:Epoch 36, Training loss 108786.8515625, Validation loss 108909.654296875
2021-11-17 17:56:15,021:INFO:Epoch 37, Training loss 108784.970703125, Validation loss 108907.32421875
2021-11-17 17:56:18,348:INFO:Epoch 38, Training loss 108783.21875, Validation loss 108905.083984375
2021-11-17 17:56:21,637:INFO:Epoch 39, Training loss 108781.734375, Validation loss 108904.34375
2021-11-17 17:56:24,975:INFO:Epoch 40, Training loss 108780.5390625, Validation loss 108904.20703125
2021-11-17 17:56:28,271:INFO:Epoch 41, Training loss 108779.62109375, Validation loss 108904.544921875
2021-11-17 17:56:31,641:INFO:Epoch 42, Training loss 108778.744140625, Validation loss 108902.95703125
2021-11-17 17:56:34,937:INFO:Epoch 43, Training loss 108778.013671875, Validation loss 108902.533203125
2021-11-17 17:56:38,294:INFO:Epoch 44, Training loss 108777.125, Validation loss 108902.529296875
2021-11-17 17:56:41,597:INFO:Epoch 45, Training loss 108776.708984375, Validation loss 108903.935546875
2021-11-17 17:56:44,963:INFO:Epoch 46, Training loss 108776.09375, Validation loss 108902.1796875
2021-11-17 17:56:48,288:INFO:Epoch 47, Training loss 108775.67578125, Validation loss 108902.171875
2021-11-17 17:56:51,635:INFO:Epoch 48, Training loss 108774.87890625, Validation loss 108901.806640625
2021-11-17 17:56:55,008:INFO:Epoch 49, Training loss 108774.6171875, Validation loss 108902.0390625
2021-11-17 17:56:58,428:INFO:Epoch 50, Training loss 108774.466796875, Validation loss 108904.0546875
2021-11-17 17:57:01,819:INFO:Epoch 51, Training loss 108773.66796875, Validation loss 108902.654296875
2021-11-17 17:57:05,205:INFO:Epoch 52, Training loss 108773.474609375, Validation loss 108902.283203125
2021-11-17 17:57:08,602:INFO:Epoch 53, Training loss 108773.10546875, Validation loss 108902.123046875
2021-11-17 17:57:12,021:INFO:Epoch 54, Training loss 108772.8046875, Validation loss 108902.021484375
2021-11-17 17:57:15,423:INFO:Epoch 55, Training loss 108772.5625, Validation loss 108902.255859375
2021-11-17 17:57:18,806:INFO:Epoch 56, Training loss 108772.23046875, Validation loss 108904.123046875
2021-11-17 17:57:22,216:INFO:Epoch 57, Training loss 108772.087890625, Validation loss 108904.919921875
2021-11-17 17:57:25,623:INFO:Epoch 58, Training loss 108771.669921875, Validation loss 108903.162109375
2021-11-17 17:57:29,048:INFO:Epoch 59, Training loss 108772.919921875, Validation loss 108900.615234375
2021-11-17 17:57:32,425:INFO:Epoch 60, Training loss 108770.900390625, Validation loss 108902.646484375
2021-11-17 17:57:35,848:INFO:Epoch 61, Training loss 108770.82421875, Validation loss 108903.43359375
2021-11-17 17:57:39,234:INFO:Epoch 62, Training loss 108770.67578125, Validation loss 108905.17578125
2021-11-17 17:57:42,678:INFO:Epoch 63, Training loss 108770.626953125, Validation loss 108903.8515625
2021-11-17 17:57:46,045:INFO:Epoch 64, Training loss 108769.8203125, Validation loss 108903.12109375
2021-11-17 17:57:49,466:INFO:Epoch 65, Training loss 108769.7109375, Validation loss 108902.6796875
2021-11-17 17:57:52,848:INFO:Epoch 66, Training loss 108769.724609375, Validation loss 108903.154296875
2021-11-17 17:57:56,296:INFO:Epoch 67, Training loss 108769.326171875, Validation loss 108902.923828125
2021-11-17 17:57:59,682:INFO:Epoch 68, Training loss 108768.900390625, Validation loss 108903.74609375
2021-11-17 17:58:03,099:INFO:Epoch 69, Training loss 108768.6015625, Validation loss 108904.263671875
2021-11-17 17:58:06,480:INFO:Epoch 70, Training loss 108768.841796875, Validation loss 108903.259765625
2021-11-17 17:58:09,918:INFO:Epoch 71, Training loss 108768.357421875, Validation loss 108903.55078125
2021-11-17 17:58:13,314:INFO:Epoch 72, Training loss 108768.732421875, Validation loss 108905.20703125
2021-11-17 17:58:16,705:INFO:Epoch 73, Training loss 108768.37890625, Validation loss 108903.255859375
2021-11-17 17:58:20,112:INFO:Epoch 74, Training loss 108768.39453125, Validation loss 108903.75390625
2021-11-17 17:58:23,535:INFO:Epoch 75, Training loss 108768.099609375, Validation loss 108903.49609375
2021-11-17 17:58:26,943:INFO:Epoch 76, Training loss 108768.11328125, Validation loss 108903.240234375
2021-11-17 17:58:30,327:INFO:Epoch 77, Training loss 108767.869140625, Validation loss 108904.759765625
2021-11-17 17:58:33,742:INFO:Epoch 78, Training loss 108767.73046875, Validation loss 108904.359375
2021-11-17 17:58:37,157:INFO:Epoch 79, Training loss 108767.837890625, Validation loss 108903.51171875
2021-11-17 17:58:37,163:INFO:Finished training, producing training report at /data/theorie/jthoeve/ML4EFT_higgs/models/17_11/model_final_lin_cHW/mc_run_2/plots/training_report/
2021-11-17 17:58:39,058:WARNING:findfont: Font family ['sans-serif'] not found. Falling back to DejaVu Sans.
