7.388262500000000000e+04
7.383143750000000000e+04
7.381159375000000000e+04
7.381507812500000000e+04
7.382367968750000000e+04
7.382485937500000000e+04
7.381885156250000000e+04
7.381072656250000000e+04
7.380458593750000000e+04
7.380216406250000000e+04
7.380278125000000000e+04
7.380479687500000000e+04
7.380654687500000000e+04
7.380705468750000000e+04
7.380616406250000000e+04
7.380442968750000000e+04
7.380262500000000000e+04
7.380142187500000000e+04
7.380117187500000000e+04
7.380167968750000000e+04
7.380246875000000000e+04
7.380304687500000000e+04
7.380307812500000000e+04
7.380257031250000000e+04
7.380176562500000000e+04
7.380098437500000000e+04
7.380046875000000000e+04
7.380030468750000000e+04
7.380041406250000000e+04
7.380060156250000000e+04
7.380068750000000000e+04
7.380055468750000000e+04
7.380025781250000000e+04
7.379986718750000000e+04
7.379957812500000000e+04
7.379942187500000000e+04
7.379936718750000000e+04
7.379935937500000000e+04
7.379932812500000000e+04
7.379923437500000000e+04
7.379911718750000000e+04
7.379898437500000000e+04
7.379883593750000000e+04
7.379870312500000000e+04
7.379862500000000000e+04
7.379856250000000000e+04
7.379849218750000000e+04
7.379841406250000000e+04
7.379830468750000000e+04
7.379817968750000000e+04
7.379805468750000000e+04
7.379793750000000000e+04
7.379782812500000000e+04
7.379773437500000000e+04
7.379764843750000000e+04
7.379757031250000000e+04
7.379747656250000000e+04
7.379737500000000000e+04
7.379726562500000000e+04
7.379716406250000000e+04
7.379706250000000000e+04
7.379696875000000000e+04
7.379688281250000000e+04
7.379679687500000000e+04
7.379669531250000000e+04
7.379660156250000000e+04
7.379650000000000000e+04
7.379640625000000000e+04
7.379630468750000000e+04
7.379621875000000000e+04
7.379612500000000000e+04
7.379603125000000000e+04
7.379592968750000000e+04
7.379583593750000000e+04
7.379572656250000000e+04
7.379562500000000000e+04
7.379553125000000000e+04
