2.063102851562500000e+05
1.898366367187500000e+05
1.711448945312500000e+05
1.557944785156250000e+05
1.434056171875000000e+05
1.326851933593750000e+05
1.230535878906250000e+05
1.156798476562500000e+05
1.112442851562500000e+05
1.096594687500000000e+05
1.096505957031250000e+05
1.098549570312500000e+05
1.097061640625000000e+05
1.094518007812500000e+05
1.094082109375000000e+05
1.094126699218750000e+05
1.093494492187500000e+05
1.093242812500000000e+05
1.093107246093750000e+05
1.092813613281250000e+05
1.092596835937500000e+05
1.092427597656250000e+05
1.092221738281250000e+05
1.092057089843750000e+05
1.091865742187500000e+05
1.091683769531250000e+05
1.091492656250000000e+05
1.091288867187500000e+05
1.091075449218750000e+05
1.090860722656250000e+05
1.090605527343750000e+05
1.090330292968750000e+05
1.090007148437500000e+05
1.089638320312500000e+05
1.089239082031250000e+05
1.088785625000000000e+05
1.088317968750000000e+05
1.087814746093750000e+05
1.087372500000000000e+05
1.086943085937500000e+05
1.086576054687500000e+05
1.086312929687500000e+05
1.086098886718750000e+05
1.085953710937500000e+05
1.085847636718750000e+05
1.085776640625000000e+05
1.085734453125000000e+05
1.085705761718750000e+05
1.085665917968750000e+05
1.085646035156250000e+05
1.085616992187500000e+05
1.085591445312500000e+05
1.085587265625000000e+05
1.085566796875000000e+05
1.085557578125000000e+05
1.085531093750000000e+05
1.085504394531250000e+05
1.085497246093750000e+05
1.085486835937500000e+05
1.085469746093750000e+05
1.085447558593750000e+05
1.085441464843750000e+05
1.085429042968750000e+05
1.085417363281250000e+05
1.085413730468750000e+05
1.085396289062500000e+05
1.085388281250000000e+05
1.085373886718750000e+05
1.085364843750000000e+05
1.085365117187500000e+05
1.085349707031250000e+05
1.085344101562500000e+05
1.085331445312500000e+05
1.085325195312500000e+05
1.085326093750000000e+05
1.085306425781250000e+05
1.085294960937500000e+05
1.085298085937500000e+05
1.085289492187500000e+05
1.085288261718750000e+05
1.085269062500000000e+05
1.085273300781250000e+05
1.085264082031250000e+05
1.085250742187500000e+05
1.085248554687500000e+05
1.085240156250000000e+05
1.085238398437500000e+05
1.085227519531250000e+05
1.085226992187500000e+05
1.085219394531250000e+05
1.085227304687500000e+05
1.085211562500000000e+05
1.085217792968750000e+05
1.085204882812500000e+05
1.085197792968750000e+05
1.085200000000000000e+05
1.085202988281250000e+05
1.085186914062500000e+05
1.085189843750000000e+05
1.085182578125000000e+05
1.085188613281250000e+05
1.085186406250000000e+05
1.085186152343750000e+05
1.085198085937500000e+05
1.085169140625000000e+05
1.085182324218750000e+05
1.085158476562500000e+05
1.085165253906250000e+05
1.085165917968750000e+05
1.085169003906250000e+05
1.085162460937500000e+05
1.085157363281250000e+05
1.085162050781250000e+05
1.085144296875000000e+05
1.085142539062500000e+05
1.085137539062500000e+05
1.085153710937500000e+05
1.085134980468750000e+05
1.085136289062500000e+05
1.085137968750000000e+05
1.085119980468750000e+05
1.085123984375000000e+05
1.085115351562500000e+05
1.085107636718750000e+05
1.085119667968750000e+05
1.085104414062500000e+05
1.085100078125000000e+05
1.085100351562500000e+05
1.085104492187500000e+05
1.085089472656250000e+05
1.085108339843750000e+05
1.085087812500000000e+05
1.085123359375000000e+05
1.085131972656250000e+05
1.085105078125000000e+05
1.085108632812500000e+05
1.085105566406250000e+05
1.085076542968750000e+05
