8.469909375000000000e+04
8.469909375000000000e+04
8.469909375000000000e+04
8.469909375000000000e+04
8.469909375000000000e+04
8.469909375000000000e+04
8.469909375000000000e+04
8.469909375000000000e+04
8.469909375000000000e+04
8.469909375000000000e+04
8.469909375000000000e+04
8.105754687500000000e+04
8.042038281250000000e+04
7.961951562500000000e+04
7.876143750000000000e+04
7.791867187500000000e+04
7.713939843750000000e+04
7.642903906250000000e+04
7.580292187500000000e+04
7.527764843750000000e+04
7.485053906250000000e+04
7.450582031250000000e+04
7.423734375000000000e+04
7.404039062500000000e+04
7.390941406250000000e+04
7.383753125000000000e+04
7.381542187500000000e+04
7.383253125000000000e+04
7.387541406250000000e+04
7.392907812500000000e+04
7.398167187500000000e+04
7.402539843750000000e+04
7.405575000000000000e+04
7.407113281250000000e+04
7.407191406250000000e+04
7.405989062500000000e+04
7.403762500000000000e+04
7.400821875000000000e+04
7.397486718750000000e+04
7.394044531250000000e+04
7.390735156250000000e+04
7.387737500000000000e+04
7.385172656250000000e+04
7.383108593750000000e+04
7.381564843750000000e+04
7.380524218750000000e+04
7.379933593750000000e+04
7.379721093750000000e+04
7.379805468750000000e+04
7.380092187500000000e+04
7.380492187500000000e+04
7.380928125000000000e+04
7.381328125000000000e+04
7.381642187500000000e+04
7.381841406250000000e+04
7.381910937500000000e+04
7.381856250000000000e+04
7.381694531250000000e+04
7.381450000000000000e+04
7.381151562500000000e+04
7.380826562500000000e+04
7.380500781250000000e+04
7.380195312500000000e+04
7.379925781250000000e+04
7.379703906250000000e+04
7.379535156250000000e+04
7.379418750000000000e+04
7.379350781250000000e+04
7.379324218750000000e+04
7.379329687500000000e+04
7.379355468750000000e+04
7.379392968750000000e+04
7.379429687500000000e+04
7.379459375000000000e+04
7.379474218750000000e+04
7.379470312500000000e+04
7.379453125000000000e+04
7.379421875000000000e+04
7.379371093750000000e+04
7.379313281250000000e+04
7.379255468750000000e+04
7.379199218750000000e+04
7.379155468750000000e+04
7.379125781250000000e+04
7.379110937500000000e+04
7.379100000000000000e+04
7.379090625000000000e+04
7.379080468750000000e+04
7.379069531250000000e+04
7.379055468750000000e+04
7.379039062500000000e+04
7.379018750000000000e+04
7.378997656250000000e+04
7.378975781250000000e+04
7.378953125000000000e+04
7.378932031250000000e+04
7.378914843750000000e+04
7.378899218750000000e+04
7.378885156250000000e+04
7.378872656250000000e+04
7.378861718750000000e+04
7.378850781250000000e+04
7.378841406250000000e+04
7.378832812500000000e+04
7.378822656250000000e+04
7.378812500000000000e+04
7.378801562500000000e+04
7.378791406250000000e+04
7.378780468750000000e+04
7.378771093750000000e+04
7.378761718750000000e+04
7.378753125000000000e+04
7.378745312500000000e+04
7.378738281250000000e+04
7.378730468750000000e+04
7.378722656250000000e+04
7.378714843750000000e+04
7.378707031250000000e+04
7.378699218750000000e+04
7.378690625000000000e+04
7.378682031250000000e+04
7.378673437500000000e+04
7.378664843750000000e+04
7.378657031250000000e+04
7.378650000000000000e+04
7.378642187500000000e+04
7.378635937500000000e+04
7.378628125000000000e+04
7.378621093750000000e+04
7.378614843750000000e+04
7.378607812500000000e+04
7.378600781250000000e+04
7.378594531250000000e+04
7.378587500000000000e+04
7.378580468750000000e+04
7.378574218750000000e+04
7.378567187500000000e+04
7.378560156250000000e+04
7.378553906250000000e+04
7.378546875000000000e+04
7.378540625000000000e+04
7.378533593750000000e+04
7.378527343750000000e+04
7.378520312500000000e+04
7.378514843750000000e+04
7.378507812500000000e+04
7.378501562500000000e+04
7.378495312500000000e+04
7.378489062500000000e+04
7.378483593750000000e+04
7.378478906250000000e+04
7.378475000000000000e+04
7.378470312500000000e+04
7.378465625000000000e+04
7.378461718750000000e+04
7.378457031250000000e+04
7.378453125000000000e+04
7.378448437500000000e+04
7.378443750000000000e+04
7.378439062500000000e+04
7.378434375000000000e+04
7.378428906250000000e+04
7.378424218750000000e+04
7.378419531250000000e+04
7.378415625000000000e+04
7.378411718750000000e+04
7.378407812500000000e+04
7.378403906250000000e+04
7.378400000000000000e+04
7.378396093750000000e+04
7.378392187500000000e+04
7.378388281250000000e+04
7.378384375000000000e+04
7.378379687500000000e+04
7.378375781250000000e+04
7.378372656250000000e+04
