1.838521250000000000e+05
1.838521289062500000e+05
1.838521328125000000e+05
1.838521328125000000e+05
1.838521289062500000e+05
1.838521289062500000e+05
1.838521328125000000e+05
1.838521289062500000e+05
1.838521328125000000e+05
1.838521328125000000e+05
1.838521328125000000e+05
1.838521328125000000e+05
1.838521328125000000e+05
1.838521328125000000e+05
1.838521328125000000e+05
1.838521289062500000e+05
1.732113281250000000e+05
1.529041445312500000e+05
1.497963867187500000e+05
1.499959492187500000e+05
1.489858437500000000e+05
1.475548535156250000e+05
1.462061347656250000e+05
1.451422285156250000e+05
1.444350253906250000e+05
1.440788789062500000e+05
1.439229882812500000e+05
1.438121074218750000e+05
1.436706835937500000e+05
1.435631015625000000e+05
1.435103242187500000e+05
1.434777128906250000e+05
1.434444902343750000e+05
1.434286953125000000e+05
1.434204238281250000e+05
1.434139472656250000e+05
1.434058652343750000e+05
1.433996718750000000e+05
1.433976328125000000e+05
1.433908515625000000e+05
1.433905449218750000e+05
1.433858886718750000e+05
1.433823515625000000e+05
1.433859257812500000e+05
1.433802421875000000e+05
1.433846640625000000e+05
1.433830214843750000e+05
1.433801796875000000e+05
1.433812441406250000e+05
1.433748613281250000e+05
1.433721308593750000e+05
1.433763769531250000e+05
1.433782949218750000e+05
1.433753437500000000e+05
1.433740585937500000e+05
1.433738671875000000e+05
1.433753496093750000e+05
1.433719355468750000e+05
1.433671523437500000e+05
1.433692011718750000e+05
1.433652675781250000e+05
1.433627460937500000e+05
1.433620371093750000e+05
1.433622792968750000e+05
1.433636796875000000e+05
1.433564277343750000e+05
1.433603398437500000e+05
1.433559589843750000e+05
1.433585175781250000e+05
1.433574785156250000e+05
1.433575351562500000e+05
1.433563320312500000e+05
1.433584785156250000e+05
1.433604218750000000e+05
1.433580468750000000e+05
1.433576015625000000e+05
1.433519472656250000e+05
1.433539980468750000e+05
1.433531953125000000e+05
1.433531425781250000e+05
1.433564257812500000e+05
1.433513125000000000e+05
1.433536367187500000e+05
1.433543164062500000e+05
1.433540039062500000e+05
1.433537949218750000e+05
1.433508808593750000e+05
1.433593515625000000e+05
1.433542714843750000e+05
1.433524687500000000e+05
1.433520507812500000e+05
1.433487441406250000e+05
1.433488281250000000e+05
1.433513125000000000e+05
1.433498320312500000e+05
1.433466542968750000e+05
1.433560917968750000e+05
1.433453496093750000e+05
1.433495312500000000e+05
1.433513710937500000e+05
1.433528964843750000e+05
1.433527617187500000e+05
1.433507519531250000e+05
1.433505898437500000e+05
1.433493613281250000e+05
1.433509355468750000e+05
1.433577226562500000e+05
1.433582265625000000e+05
1.433505996093750000e+05
1.433490273437500000e+05
1.433436152343750000e+05
1.433476679687500000e+05
1.433431972656250000e+05
1.433441445312500000e+05
1.433455000000000000e+05
1.433445703125000000e+05
1.433456894531250000e+05
1.433461113281250000e+05
1.433465605468750000e+05
1.433478867187500000e+05
1.433492304687500000e+05
1.433474648437500000e+05
1.433450214843750000e+05
1.433432656250000000e+05
1.433519863281250000e+05
1.433472578125000000e+05
1.433503808593750000e+05
1.433436992187500000e+05
1.433433339843750000e+05
1.433502929687500000e+05
1.433433183593750000e+05
1.433486328125000000e+05
1.433463339843750000e+05
1.433414375000000000e+05
1.433433769531250000e+05
1.433397304687500000e+05
1.433441855468750000e+05
1.433403769531250000e+05
1.433393261718750000e+05
1.433404296875000000e+05
1.433382851562500000e+05
1.433391933593750000e+05
1.433428769531250000e+05
1.433407910156250000e+05
1.433425292968750000e+05
1.433429882812500000e+05
1.433453750000000000e+05
1.433434121093750000e+05
1.433383593750000000e+05
1.433412832031250000e+05
1.433387285156250000e+05
1.433405136718750000e+05
1.433386679687500000e+05
1.433376210937500000e+05
1.433379453125000000e+05
1.433392656250000000e+05
1.433387636718750000e+05
1.433389980468750000e+05
1.433383417968750000e+05
1.433382089843750000e+05
1.433371699218750000e+05
1.433378085937500000e+05
1.433392363281250000e+05
1.433384121093750000e+05
1.433371601562500000e+05
1.433396523437500000e+05
1.433412109375000000e+05
1.433396308593750000e+05
1.433385937500000000e+05
1.433363906250000000e+05
1.433360585937500000e+05
1.433364296875000000e+05
1.433358203125000000e+05
1.433357851562500000e+05
1.433350664062500000e+05
1.433380214843750000e+05
1.433382011718750000e+05
1.433386503906250000e+05
1.433346035156250000e+05
