8.466678710937500000e+04
8.466678710937500000e+04
8.466678710937500000e+04
8.466678710937500000e+04
8.466678710937500000e+04
8.466678710937500000e+04
8.466678710937500000e+04
8.466678710937500000e+04
8.466678710937500000e+04
8.466678710937500000e+04
8.466678710937500000e+04
7.587454492187500000e+04
7.426877148437500000e+04
7.386954785156250000e+04
7.388025000000000000e+04
7.383512109375000000e+04
7.380008105468750000e+04
7.377078417968750000e+04
7.376238476562500000e+04
7.376243164062500000e+04
7.376235937500000000e+04
7.376192089843750000e+04
7.376077734375000000e+04
7.376034277343750000e+04
7.376003417968750000e+04
7.375987597656250000e+04
7.375975390625000000e+04
7.375961035156250000e+04
7.375937402343750000e+04
7.375940136718750000e+04
7.375904296875000000e+04
7.375878613281250000e+04
7.375868652343750000e+04
7.375867773437500000e+04
7.375849121093750000e+04
7.375834472656250000e+04
7.375820507812500000e+04
7.375811035156250000e+04
7.375795312500000000e+04
7.375780761718750000e+04
7.375775195312500000e+04
7.375759863281250000e+04
7.375750878906250000e+04
7.375742285156250000e+04
7.375728222656250000e+04
7.375712597656250000e+04
7.375709765625000000e+04
7.375698925781250000e+04
7.375679101562500000e+04
7.375675000000000000e+04
7.375670605468750000e+04
7.375663378906250000e+04
7.375645507812500000e+04
7.375629101562500000e+04
7.375619140625000000e+04
7.375625878906250000e+04
7.375605175781250000e+04
7.375608496093750000e+04
7.375587207031250000e+04
7.375563378906250000e+04
7.375571191406250000e+04
7.375567480468750000e+04
7.375526660156250000e+04
7.375525976562500000e+04
7.375520312500000000e+04
7.375495410156250000e+04
7.375504882812500000e+04
7.375477636718750000e+04
7.375476953125000000e+04
7.375448535156250000e+04
7.375427050781250000e+04
7.375415332031250000e+04
