1.731031953125000000e+05
1.519667207031250000e+05
1.385054980468750000e+05
1.296477539062500000e+05
1.235122851562500000e+05
1.186048886718750000e+05
1.147898437500000000e+05
1.121110527343750000e+05
1.105657597656250000e+05
1.100216191406250000e+05
1.099808750000000000e+05
1.099588164062500000e+05
1.098244531250000000e+05
1.096638164062500000e+05
1.095591992187500000e+05
1.095018574218750000e+05
1.094429726562500000e+05
1.093771464843750000e+05
1.093213574218750000e+05
1.092702285156250000e+05
1.092188613281250000e+05
1.091613808593750000e+05
1.090982988281250000e+05
1.090377832031250000e+05
1.089711230468750000e+05
1.088986289062500000e+05
1.088208027343750000e+05
1.087407734375000000e+05
1.086638867187500000e+05
1.085940449218750000e+05
1.085423046875000000e+05
1.085000976562500000e+05
1.084844804687500000e+05
1.084777929687500000e+05
1.084704238281250000e+05
1.084664550781250000e+05
1.084602871093750000e+05
1.084555644531250000e+05
1.084513339843750000e+05
1.084472675781250000e+05
1.084439199218750000e+05
1.084428671875000000e+05
1.084395839843750000e+05
1.084378750000000000e+05
1.084369648437500000e+05
1.084360429687500000e+05
1.084347109375000000e+05
1.084325312500000000e+05
1.084303300781250000e+05
