2.079896718750000000e+05
2.078124726562500000e+05
2.009156640625000000e+05
1.660262656250000000e+05
1.364799121093750000e+05
1.203655468750000000e+05
1.131441171875000000e+05
1.102905292968750000e+05
1.094979472656250000e+05
1.095268046875000000e+05
1.096608300781250000e+05
1.096613886718750000e+05
1.095606386718750000e+05
1.094430742187500000e+05
1.093526230468750000e+05
1.092948515625000000e+05
1.092619941406250000e+05
1.092430468750000000e+05
1.092297363281250000e+05
1.092167812500000000e+05
1.092029882812500000e+05
1.091889746093750000e+05
1.091749257812500000e+05
1.091616367187500000e+05
1.091484082031250000e+05
1.091353242187500000e+05
1.091223281250000000e+05
1.091082656250000000e+05
1.090926093750000000e+05
1.090776484375000000e+05
1.090624765625000000e+05
1.090477011718750000e+05
1.090323828125000000e+05
1.090176191406250000e+05
1.090028730468750000e+05
1.089891816406250000e+05
1.089758730468750000e+05
1.089636054687500000e+05
1.089513203125000000e+05
1.089406054687500000e+05
1.089309687500000000e+05
1.089210683593750000e+05
1.089130898437500000e+05
1.089051347656250000e+05
1.088984824218750000e+05
1.088925996093750000e+05
1.088874003906250000e+05
1.088822988281250000e+05
1.088789218750000000e+05
1.088751308593750000e+05
1.088715410156250000e+05
1.088689218750000000e+05
1.088664902343750000e+05
1.088643671875000000e+05
1.088624160156250000e+05
1.088604492187500000e+05
1.088588339843750000e+05
1.088575839843750000e+05
1.088564609375000000e+05
1.088546367187500000e+05
1.088539726562500000e+05
1.088529042968750000e+05
1.088519667968750000e+05
1.088510136718750000e+05
1.088501230468750000e+05
1.088492089843750000e+05
1.088485195312500000e+05
1.088475839843750000e+05
1.088471660156250000e+05
1.088463808593750000e+05
1.088457597656250000e+05
1.088451093750000000e+05
1.088446503906250000e+05
1.088440878906250000e+05
1.088436171875000000e+05
1.088430742187500000e+05
1.088426015625000000e+05
1.088420390625000000e+05
1.088419453125000000e+05
1.088412480468750000e+05
1.088409804687500000e+05
1.088408710937500000e+05
1.088404199218750000e+05
1.088397753906250000e+05
1.088397480468750000e+05
1.088392871093750000e+05
1.088390000000000000e+05
1.088388281250000000e+05
1.088385800781250000e+05
1.088382812500000000e+05
1.088380351562500000e+05
1.088377890625000000e+05
1.088376191406250000e+05
1.088373457031250000e+05
1.088371445312500000e+05
1.088369316406250000e+05
1.088368085937500000e+05
1.088366445312500000e+05
1.088363320312500000e+05
1.088364511718750000e+05
1.088359179687500000e+05
1.088357343750000000e+05
1.088357226562500000e+05
1.088355058593750000e+05
1.088353906250000000e+05
1.088350761718750000e+05
1.088349355468750000e+05
1.088345488281250000e+05
1.088344765625000000e+05
1.088344570312500000e+05
1.088342207031250000e+05
1.088341210937500000e+05
1.088338496093750000e+05
1.088336425781250000e+05
1.088336347656250000e+05
1.088334121093750000e+05
1.088331933593750000e+05
1.088331484375000000e+05
1.088328730468750000e+05
1.088327695312500000e+05
1.088326113281250000e+05
1.088327207031250000e+05
1.088322773437500000e+05
1.088323867187500000e+05
1.088319980468750000e+05
1.088318242187500000e+05
1.088317871093750000e+05
1.088315976562500000e+05
1.088314550781250000e+05
1.088312812500000000e+05
1.088312500000000000e+05
1.088314921875000000e+05
1.088309531250000000e+05
1.088309882812500000e+05
1.088310175781250000e+05
1.088308457031250000e+05
1.088305820312500000e+05
1.088303261718750000e+05
1.088303964843750000e+05
1.088304472656250000e+05
1.088300605468750000e+05
1.088297792968750000e+05
1.088297441406250000e+05
1.088296875000000000e+05
1.088295234375000000e+05
1.088294296875000000e+05
1.088293222656250000e+05
1.088291757812500000e+05
1.088290000000000000e+05
1.088288769531250000e+05
1.088290195312500000e+05
1.088286308593750000e+05
1.088287753906250000e+05
1.088284531250000000e+05
1.088286679687500000e+05
1.088281015625000000e+05
1.088280976562500000e+05
1.088280058593750000e+05
1.088279726562500000e+05
1.088280273437500000e+05
1.088276953125000000e+05
1.088276445312500000e+05
1.088275253906250000e+05
1.088273925781250000e+05
1.088271308593750000e+05
1.088272597656250000e+05
1.088269550781250000e+05
1.088268515625000000e+05
1.088267597656250000e+05
1.088266953125000000e+05
1.088265429687500000e+05
1.088265605468750000e+05
1.088264335937500000e+05
1.088262929687500000e+05
1.088262617187500000e+05
1.088260488281250000e+05
1.088260058593750000e+05
1.088258828125000000e+05
1.088257070312500000e+05
1.088255644531250000e+05
1.088254492187500000e+05
1.088252910156250000e+05
1.088253964843750000e+05
1.088253535156250000e+05
1.088249238281250000e+05
1.088251367187500000e+05
1.088250703125000000e+05
1.088249765625000000e+05
1.088248242187500000e+05
1.088244589843750000e+05
1.088248242187500000e+05
1.088245957031250000e+05
1.088244355468750000e+05
1.088245585937500000e+05
1.088241835937500000e+05
1.088243769531250000e+05
1.088239101562500000e+05
1.088239531250000000e+05
1.088240585937500000e+05
1.088237578125000000e+05
1.088238867187500000e+05
1.088235625000000000e+05
1.088235312500000000e+05
1.088235625000000000e+05
1.088238515625000000e+05
1.088231757812500000e+05
1.088239550781250000e+05
1.088234316406250000e+05
1.088233808593750000e+05
1.088234179687500000e+05
1.088231113281250000e+05
1.088228378906250000e+05
1.088229277343750000e+05
1.088227363281250000e+05
1.088230742187500000e+05
1.088225957031250000e+05
1.088224941406250000e+05
1.088224042968750000e+05
1.088222968750000000e+05
1.088221523437500000e+05
1.088225917968750000e+05
1.088220800781250000e+05
1.088221523437500000e+05
1.088223789062500000e+05
1.088216738281250000e+05
1.088217011718750000e+05
1.088216367187500000e+05
1.088216523437500000e+05
1.088216074218750000e+05
1.088213027343750000e+05
1.088215000000000000e+05
1.088213867187500000e+05
1.088213281250000000e+05
1.088211308593750000e+05
1.088211757812500000e+05
1.088209667968750000e+05
1.088210625000000000e+05
1.088210742187500000e+05
1.088208828125000000e+05
1.088207578125000000e+05
1.088206992187500000e+05
1.088206171875000000e+05
1.088205996093750000e+05
1.088203945312500000e+05
1.088203027343750000e+05
1.088203105468750000e+05
1.088208417968750000e+05
1.088204257812500000e+05
1.088200449218750000e+05
1.088200175781250000e+05
1.088198574218750000e+05
1.088199433593750000e+05
1.088195546875000000e+05
1.088196191406250000e+05
1.088195410156250000e+05
1.088198632812500000e+05
1.088196542968750000e+05
1.088189843750000000e+05
1.088192343750000000e+05
1.088193476562500000e+05
1.088192714843750000e+05
1.088188339843750000e+05
1.088187714843750000e+05
1.088192265625000000e+05
1.088184531250000000e+05
1.088184218750000000e+05
1.088187910156250000e+05
