2.080543945312500000e+05
2.080543945312500000e+05
2.080543945312500000e+05
2.080543945312500000e+05
2.080543945312500000e+05
2.080543945312500000e+05
2.080543945312500000e+05
2.080543945312500000e+05
2.080543945312500000e+05
2.080543945312500000e+05
2.080543945312500000e+05
2.080543945312500000e+05
1.383757031250000000e+05
1.305550195312500000e+05
1.225589160156250000e+05
1.155875371093750000e+05
1.110176425781250000e+05
1.095527070312500000e+05
1.099793320312500000e+05
1.098291054687500000e+05
1.094144804687500000e+05
1.092585078125000000e+05
1.092481347656250000e+05
1.092377167968750000e+05
1.091957656250000000e+05
1.091505937500000000e+05
1.091226699218750000e+05
1.091069375000000000e+05
1.090895332031250000e+05
1.090705449218750000e+05
1.090554902343750000e+05
1.090434628906250000e+05
1.090308300781250000e+05
1.090190761718750000e+05
1.090083144531250000e+05
1.089975917968750000e+05
1.089867109375000000e+05
1.089763554687500000e+05
1.089658847656250000e+05
1.089549199218750000e+05
1.089445058593750000e+05
1.089346328125000000e+05
1.089244101562500000e+05
1.089150332031250000e+05
1.089054667968750000e+05
1.088970312500000000e+05
1.088900644531250000e+05
1.088833925781250000e+05
1.088776386718750000e+05
1.088725742187500000e+05
1.088688222656250000e+05
1.088652109375000000e+05
1.088627597656250000e+05
1.088606132812500000e+05
1.088600312500000000e+05
1.088580019531250000e+05
1.088564628906250000e+05
1.088553359375000000e+05
1.088547441406250000e+05
1.088542050781250000e+05
1.088534433593750000e+05
1.088527519531250000e+05
1.088524160156250000e+05
1.088519472656250000e+05
1.088518906250000000e+05
1.088520175781250000e+05
1.088508769531250000e+05
1.088501289062500000e+05
1.088500625000000000e+05
1.088498457031250000e+05
1.088494531250000000e+05
1.088495488281250000e+05
1.088486484375000000e+05
1.088488789062500000e+05
1.088482753906250000e+05
1.088480585937500000e+05
1.088477050781250000e+05
1.088472363281250000e+05
1.088479199218750000e+05
1.088469082031250000e+05
1.088467675781250000e+05
1.088465000000000000e+05
1.088459433593750000e+05
1.088457480468750000e+05
1.088456035156250000e+05
1.088450449218750000e+05
1.088448417968750000e+05
1.088449824218750000e+05
1.088448046875000000e+05
1.088442285156250000e+05
1.088440937500000000e+05
1.088441289062500000e+05
1.088439648437500000e+05
1.088435585937500000e+05
1.088441425781250000e+05
1.088434570312500000e+05
1.088435761718750000e+05
1.088441757812500000e+05
1.088429218750000000e+05
1.088437070312500000e+05
1.088436523437500000e+05
1.088430937500000000e+05
1.088432031250000000e+05
1.088425625000000000e+05
1.088431328125000000e+05
1.088430078125000000e+05
1.088426054687500000e+05
1.088434628906250000e+05
1.088422382812500000e+05
1.088420214843750000e+05
1.088421972656250000e+05
1.088417148437500000e+05
1.088416933593750000e+05
1.088412949218750000e+05
1.088413203125000000e+05
1.088414843750000000e+05
1.088413320312500000e+05
1.088412148437500000e+05
1.088415214843750000e+05
1.088415000000000000e+05
