2022-03-03 14:19:17,957:INFO:All directories created, ready to load the data
2022-03-03 14:19:18,063:INFO:Dataset loaded from /data/theorie/jthoeve/training_data/zh/features_mzh_y_ptz_v2/lin/cHq3/events_10.pkl.gz
2022-03-03 14:19:18,108:INFO:Dataset loaded from /data/theorie/jthoeve/training_data/zh/features_mzh_y_ptz_v2/sm/events_10.pkl.gz
2022-03-03 14:19:20,317:INFO:Epoch 1, Training loss 84640.91796875, Validation loss 84640.91796875
2022-03-03 14:19:22,548:INFO:Epoch 2, Training loss 84640.91796875, Validation loss 84640.91796875
2022-03-03 14:19:24,743:INFO:Epoch 3, Training loss 84640.91796875, Validation loss 84640.91796875
2022-03-03 14:19:26,959:INFO:Epoch 4, Training loss 84640.91796875, Validation loss 84640.91796875
2022-03-03 14:19:29,222:INFO:Epoch 5, Training loss 84640.91796875, Validation loss 84640.91796875
2022-03-03 14:19:31,554:INFO:Epoch 6, Training loss 84640.91796875, Validation loss 84640.91796875
2022-03-03 14:19:33,832:INFO:Epoch 7, Training loss 84640.91796875, Validation loss 84640.91796875
2022-03-03 14:19:36,102:INFO:Epoch 8, Training loss 84640.91796875, Validation loss 84640.91796875
2022-03-03 14:19:38,405:INFO:Epoch 9, Training loss 84640.91796875, Validation loss 84640.91796875
2022-03-03 14:19:40,720:INFO:Epoch 10, Training loss 84640.91796875, Validation loss 84640.91796875
2022-03-03 14:19:43,015:INFO:Epoch 11, Training loss 84640.91796875, Validation loss 84640.91796875
2022-03-03 14:19:43,019:INFO:Detected stagant training, reset the weights
2022-03-03 14:19:45,269:INFO:Epoch 12, Training loss 84640.91796875, Validation loss 84640.91796875
2022-03-03 14:19:45,277:INFO:Detected stagant training, reset the weights
2022-03-03 14:19:47,571:INFO:Epoch 13, Training loss 84236.431640625, Validation loss 81629.00390625
2022-03-03 14:19:49,872:INFO:Epoch 14, Training loss 79051.005859375, Validation loss 75992.603515625
2022-03-03 14:19:52,169:INFO:Epoch 15, Training loss 74931.93359375, Validation loss 73898.974609375
2022-03-03 14:19:54,403:INFO:Epoch 16, Training loss 73894.2626953125, Validation loss 74047.8740234375
2022-03-03 14:19:56,696:INFO:Epoch 17, Training loss 74129.1748046875, Validation loss 74084.6474609375
2022-03-03 14:19:58,946:INFO:Epoch 18, Training loss 73992.1953125, Validation loss 73836.349609375
2022-03-03 14:20:01,284:INFO:Epoch 19, Training loss 73789.8701171875, Validation loss 73744.80859375
2022-03-03 14:20:03,532:INFO:Epoch 20, Training loss 73751.064453125, Validation loss 73760.7177734375
2022-03-03 14:20:05,825:INFO:Epoch 21, Training loss 73766.0654296875, Validation loss 73767.09765625
2022-03-03 14:20:08,078:INFO:Epoch 22, Training loss 73762.896484375, Validation loss 73753.5927734375
2022-03-03 14:20:10,407:INFO:Epoch 23, Training loss 73749.40625, Validation loss 73742.5576171875
2022-03-03 14:20:12,664:INFO:Epoch 24, Training loss 73742.1162109375, Validation loss 73740.4287109375
2022-03-03 14:20:14,932:INFO:Epoch 25, Training loss 73741.52734375, Validation loss 73741.234375
2022-03-03 14:20:17,194:INFO:Epoch 26, Training loss 73741.603515625, Validation loss 73741.15234375
2022-03-03 14:20:19,502:INFO:Epoch 27, Training loss 73740.197265625, Validation loss 73740.6767578125
2022-03-03 14:20:21,776:INFO:Epoch 28, Training loss 73739.32421875, Validation loss 73741.2001953125
2022-03-03 14:20:24,034:INFO:Epoch 29, Training loss 73739.421875, Validation loss 73741.271484375
2022-03-03 14:20:26,331:INFO:Epoch 30, Training loss 73738.73046875, Validation loss 73740.5546875
2022-03-03 14:20:28,636:INFO:Epoch 31, Training loss 73738.6328125, Validation loss 73740.646484375
2022-03-03 14:20:30,927:INFO:Epoch 32, Training loss 73738.3828125, Validation loss 73740.69921875
2022-03-03 14:20:33,180:INFO:Epoch 33, Training loss 73737.9658203125, Validation loss 73741.3662109375
2022-03-03 14:20:35,466:INFO:Epoch 34, Training loss 73737.8857421875, Validation loss 73741.583984375
2022-03-03 14:20:37,763:INFO:Epoch 35, Training loss 73737.5634765625, Validation loss 73741.7265625
2022-03-03 14:20:40,053:INFO:Epoch 36, Training loss 73737.5322265625, Validation loss 73741.6875
2022-03-03 14:20:42,284:INFO:Epoch 37, Training loss 73737.345703125, Validation loss 73741.609375
2022-03-03 14:20:44,582:INFO:Epoch 38, Training loss 73736.888671875, Validation loss 73742.1416015625
2022-03-03 14:20:46,823:INFO:Epoch 39, Training loss 73736.9130859375, Validation loss 73742.20703125
2022-03-03 14:20:49,170:INFO:Epoch 40, Training loss 73736.63671875, Validation loss 73741.9228515625
2022-03-03 14:20:51,412:INFO:Epoch 41, Training loss 73736.5634765625, Validation loss 73742.029296875
2022-03-03 14:20:53,711:INFO:Epoch 42, Training loss 73736.353515625, Validation loss 73742.4111328125
2022-03-03 14:20:55,964:INFO:Epoch 43, Training loss 73736.265625, Validation loss 73742.3544921875
2022-03-03 14:20:58,296:INFO:Epoch 44, Training loss 73735.951171875, Validation loss 73742.5302734375
2022-03-03 14:21:00,544:INFO:Epoch 45, Training loss 73735.7548828125, Validation loss 73742.73046875
2022-03-03 14:21:02,814:INFO:Epoch 46, Training loss 73735.6162109375, Validation loss 73742.849609375
2022-03-03 14:21:05,076:INFO:Epoch 47, Training loss 73735.333984375, Validation loss 73743.087890625
2022-03-03 14:21:07,395:INFO:Epoch 48, Training loss 73735.1162109375, Validation loss 73742.9462890625
2022-03-03 14:21:09,663:INFO:Epoch 49, Training loss 73734.8701171875, Validation loss 73742.900390625
2022-03-03 14:21:11,920:INFO:Epoch 50, Training loss 73734.8125, Validation loss 73743.2255859375
2022-03-03 14:21:14,200:INFO:Epoch 51, Training loss 73734.7705078125, Validation loss 73743.7529296875
2022-03-03 14:21:16,516:INFO:Epoch 52, Training loss 73734.6943359375, Validation loss 73744.2080078125
2022-03-03 14:21:18,798:INFO:Epoch 53, Training loss 73734.4091796875, Validation loss 73743.57421875
2022-03-03 14:21:21,053:INFO:Epoch 54, Training loss 73734.255859375, Validation loss 73744.0537109375
2022-03-03 14:21:23,345:INFO:Epoch 55, Training loss 73734.0712890625, Validation loss 73744.5009765625
2022-03-03 14:21:25,644:INFO:Epoch 56, Training loss 73733.9228515625, Validation loss 73744.423828125
2022-03-03 14:21:27,935:INFO:Epoch 57, Training loss 73733.85546875, Validation loss 73744.4521484375
2022-03-03 14:21:30,174:INFO:Epoch 58, Training loss 73733.7490234375, Validation loss 73744.732421875
2022-03-03 14:21:32,475:INFO:Epoch 59, Training loss 73733.4423828125, Validation loss 73745.0849609375
2022-03-03 14:21:34,717:INFO:Epoch 60, Training loss 73733.6025390625, Validation loss 73745.7666015625
2022-03-03 14:21:37,067:INFO:Epoch 61, Training loss 73733.2822265625, Validation loss 73745.6650390625
2022-03-03 14:21:39,315:INFO:Epoch 62, Training loss 73733.2353515625, Validation loss 73745.3623046875
2022-03-03 14:21:41,627:INFO:Epoch 63, Training loss 73733.1923828125, Validation loss 73746.0048828125
2022-03-03 14:21:43,876:INFO:Epoch 64, Training loss 73733.1025390625, Validation loss 73746.2783203125
2022-03-03 14:21:46,182:INFO:Epoch 65, Training loss 73732.8046875, Validation loss 73746.10546875
2022-03-03 14:21:48,441:INFO:Epoch 66, Training loss 73732.7861328125, Validation loss 73746.49609375
2022-03-03 14:21:50,712:INFO:Epoch 67, Training loss 73732.7392578125, Validation loss 73745.9658203125
2022-03-03 14:21:52,981:INFO:Epoch 68, Training loss 73732.861328125, Validation loss 73746.24609375
2022-03-03 14:21:55,295:INFO:Epoch 69, Training loss 73732.572265625, Validation loss 73746.8623046875
2022-03-03 14:21:57,573:INFO:Epoch 70, Training loss 73732.8837890625, Validation loss 73746.9921875
2022-03-03 14:21:59,835:INFO:Epoch 71, Training loss 73732.4140625, Validation loss 73747.193359375
2022-03-03 14:22:02,105:INFO:Epoch 72, Training loss 73732.1142578125, Validation loss 73747.3671875
2022-03-03 14:22:04,415:INFO:Epoch 73, Training loss 73732.517578125, Validation loss 73746.2529296875
2022-03-03 14:22:06,708:INFO:Epoch 74, Training loss 73731.857421875, Validation loss 73746.80078125
2022-03-03 14:22:06,718:INFO:Finished training
