8.463189062500000000e+04
8.463189062500000000e+04
8.463189062500000000e+04
8.463189062500000000e+04
8.463189062500000000e+04
8.463189062500000000e+04
8.463189062500000000e+04
8.463189062500000000e+04
8.463189062500000000e+04
8.463189062500000000e+04
8.463189062500000000e+04
8.462660156250000000e+04
8.462285156250000000e+04
8.461255468750000000e+04
8.459318750000000000e+04
8.456779687500000000e+04
8.453317968750000000e+04
8.448185937500000000e+04
8.441331250000000000e+04
8.431833593750000000e+04
8.418432812500000000e+04
8.378689843750000000e+04
8.278424218750000000e+04
8.106261718750000000e+04
7.926666406250000000e+04
7.765527343750000000e+04
7.636410937500000000e+04
7.540757812500000000e+04
7.475436718750000000e+04
7.436766406250000000e+04
7.417989843750000000e+04
7.413602343750000000e+04
7.418765625000000000e+04
7.429164062500000000e+04
7.441210937500000000e+04
7.452297656250000000e+04
7.460771875000000000e+04
7.465714843750000000e+04
7.466435156250000000e+04
7.463382031250000000e+04
7.457260156250000000e+04
7.448778906250000000e+04
7.438714062500000000e+04
7.427864062500000000e+04
7.416976562500000000e+04
7.406739062500000000e+04
7.397728906250000000e+04
7.390393750000000000e+04
7.385009375000000000e+04
7.381668750000000000e+04
7.380264843750000000e+04
7.380501562500000000e+04
7.381895312500000000e+04
7.383832812500000000e+04
7.385693750000000000e+04
7.386964062500000000e+04
7.387326562500000000e+04
7.386699218750000000e+04
7.385200781250000000e+04
7.383101562500000000e+04
7.380736718750000000e+04
7.378433593750000000e+04
7.376462500000000000e+04
7.374986718750000000e+04
7.374063281250000000e+04
7.373646093750000000e+04
7.373626562500000000e+04
7.373867968750000000e+04
7.374228125000000000e+04
7.374585156250000000e+04
7.374842968750000000e+04
7.374949218750000000e+04
7.374860156250000000e+04
7.374610156250000000e+04
7.374235937500000000e+04
7.373812500000000000e+04
7.373449218750000000e+04
7.373198437500000000e+04
7.373083593750000000e+04
7.373082031250000000e+04
7.373123437500000000e+04
7.373146875000000000e+04
7.373123437500000000e+04
7.373058593750000000e+04
7.372979687500000000e+04
7.372911718750000000e+04
7.372872656250000000e+04
7.372867187500000000e+04
7.372885937500000000e+04
7.372912500000000000e+04
7.372930468750000000e+04
7.372931250000000000e+04
7.372910156250000000e+04
7.372873437500000000e+04
7.372827343750000000e+04
7.372783593750000000e+04
7.372748437500000000e+04
7.372725781250000000e+04
7.372714843750000000e+04
7.372711718750000000e+04
7.372710156250000000e+04
7.372703906250000000e+04
7.372690625000000000e+04
7.372673437500000000e+04
7.372653906250000000e+04
7.372637500000000000e+04
7.372626562500000000e+04
7.372620312500000000e+04
7.372618750000000000e+04
7.372617187500000000e+04
7.372614062500000000e+04
7.372607812500000000e+04
7.372598437500000000e+04
7.372586718750000000e+04
7.372575000000000000e+04
7.372565625000000000e+04
7.372557031250000000e+04
7.372551562500000000e+04
7.372546875000000000e+04
7.372542187500000000e+04
7.372536718750000000e+04
7.372530468750000000e+04
7.372524218750000000e+04
7.372517187500000000e+04
7.372511718750000000e+04
7.372506250000000000e+04
7.372501562500000000e+04
7.372497656250000000e+04
7.372492968750000000e+04
7.372488281250000000e+04
7.372483593750000000e+04
7.372478125000000000e+04
7.372472656250000000e+04
7.372467187500000000e+04
7.372461718750000000e+04
7.372457031250000000e+04
7.372452343750000000e+04
