8.465960937500000000e+04
8.465960937500000000e+04
8.465960937500000000e+04
8.465960937500000000e+04
8.465960937500000000e+04
8.465960937500000000e+04
8.465960937500000000e+04
8.465960937500000000e+04
8.465960937500000000e+04
8.465960937500000000e+04
8.465960937500000000e+04
7.396405761718750000e+04
7.384263964843750000e+04
7.380722070312500000e+04
7.376919238281250000e+04
7.377596484375000000e+04
7.375984277343750000e+04
7.376291796875000000e+04
7.376002246093750000e+04
7.375858203125000000e+04
7.375895996093750000e+04
7.375772851562500000e+04
7.375783300781250000e+04
7.375739355468750000e+04
7.375720800781250000e+04
7.375705859375000000e+04
7.375688867187500000e+04
7.375674707031250000e+04
7.375657519531250000e+04
7.375640917968750000e+04
7.375630371093750000e+04
7.375609179687500000e+04
7.375591210937500000e+04
7.375577929687500000e+04
7.375551171875000000e+04
7.375540234375000000e+04
7.375548339843750000e+04
7.375509179687500000e+04
7.375509570312500000e+04
7.375490722656250000e+04
7.375468457031250000e+04
7.375438964843750000e+04
7.375437011718750000e+04
7.375410253906250000e+04
7.375393554687500000e+04
7.375375781250000000e+04
7.375369433593750000e+04
7.375336914062500000e+04
7.375322167968750000e+04
7.375320996093750000e+04
7.375282910156250000e+04
7.375266406250000000e+04
7.375233789062500000e+04
7.375213769531250000e+04
7.375197558593750000e+04
7.375202441406250000e+04
7.375162500000000000e+04
7.375118945312500000e+04
7.375101464843750000e+04
7.375089160156250000e+04
7.375064355468750000e+04
7.375044433593750000e+04
7.375016308593750000e+04
7.374948339843750000e+04
