1.839926328125000000e+05
1.839926250000000000e+05
1.839926289062500000e+05
1.839926289062500000e+05
1.839926328125000000e+05
1.839926289062500000e+05
1.839926289062500000e+05
1.839926289062500000e+05
1.839926289062500000e+05
1.839926250000000000e+05
1.839926250000000000e+05
1.593448867187500000e+05
1.524800312500000000e+05
1.497745566406250000e+05
1.493201718750000000e+05
1.489405996093750000e+05
1.481665507812500000e+05
1.471768222656250000e+05
1.461035175781250000e+05
1.450920859375000000e+05
1.442655175781250000e+05
1.438158144531250000e+05
1.436781074218750000e+05
1.436577773437500000e+05
1.435997402343750000e+05
1.435592851562500000e+05
1.435433906250000000e+05
1.435309667968750000e+05
1.435259941406250000e+05
1.435222539062500000e+05
1.435135937500000000e+05
1.435112324218750000e+05
1.435095957031250000e+05
1.435130351562500000e+05
1.435103125000000000e+05
1.435045058593750000e+05
1.435045195312500000e+05
1.435048046875000000e+05
1.434992851562500000e+05
1.435013105468750000e+05
1.434981718750000000e+05
1.434999843750000000e+05
1.435147441406250000e+05
1.435041914062500000e+05
1.435000253906250000e+05
1.435005566406250000e+05
1.434964375000000000e+05
1.434950000000000000e+05
1.434974785156250000e+05
1.434937753906250000e+05
1.434953515625000000e+05
1.434988183593750000e+05
1.434923554687500000e+05
1.434934824218750000e+05
1.434970820312500000e+05
1.434912636718750000e+05
1.434906250000000000e+05
1.434880136718750000e+05
1.434901816406250000e+05
1.434943339843750000e+05
1.434946210937500000e+05
1.434958496093750000e+05
1.434904355468750000e+05
1.434883027343750000e+05
1.434865449218750000e+05
1.434855488281250000e+05
1.434867011718750000e+05
1.434860800781250000e+05
1.434892851562500000e+05
1.434911621093750000e+05
1.434852851562500000e+05
1.434843652343750000e+05
1.434839902343750000e+05
1.434842597656250000e+05
1.434850097656250000e+05
1.434885156250000000e+05
1.434854238281250000e+05
1.434882421875000000e+05
1.434866816406250000e+05
1.434847949218750000e+05
1.434862500000000000e+05
1.434863339843750000e+05
1.434829335937500000e+05
1.434936152343750000e+05
1.434821035156250000e+05
1.434865019531250000e+05
1.434929824218750000e+05
1.434860019531250000e+05
1.434839804687500000e+05
1.434879042968750000e+05
1.434926113281250000e+05
1.434855839843750000e+05
1.434893183593750000e+05
1.434834511718750000e+05
1.434832539062500000e+05
1.434834121093750000e+05
1.434846660156250000e+05
1.434844687500000000e+05
1.434838125000000000e+05
1.434825742187500000e+05
1.434840996093750000e+05
1.434795429687500000e+05
1.434818203125000000e+05
1.434792851562500000e+05
1.434784023437500000e+05
1.434780214843750000e+05
1.434781445312500000e+05
1.434777578125000000e+05
1.434795000000000000e+05
1.434825273437500000e+05
1.434857968750000000e+05
1.434764355468750000e+05
1.434791035156250000e+05
1.434786230468750000e+05
1.434853750000000000e+05
1.434884609375000000e+05
1.434825175781250000e+05
1.434822031250000000e+05
1.434766113281250000e+05
1.434814355468750000e+05
1.434779453125000000e+05
1.434824785156250000e+05
1.434756347656250000e+05
1.434768906250000000e+05
1.434779433593750000e+05
1.434756542968750000e+05
1.434767460937500000e+05
1.434720839843750000e+05
1.434766796875000000e+05
1.434771855468750000e+05
1.434789433593750000e+05
1.434751406250000000e+05
1.434850878906250000e+05
1.434763242187500000e+05
1.434774648437500000e+05
1.434735136718750000e+05
1.434755214843750000e+05
1.434828710937500000e+05
1.434775058593750000e+05
1.434731894531250000e+05
1.434769550781250000e+05
1.434795644531250000e+05
1.434754199218750000e+05
1.434768535156250000e+05
1.434765019531250000e+05
1.434773164062500000e+05
1.434790312500000000e+05
1.434828281250000000e+05
1.434832363281250000e+05
1.434819550781250000e+05
1.434743691406250000e+05
1.434741699218750000e+05
1.434761484375000000e+05
1.434756367187500000e+05
1.434740664062500000e+05
1.434804511718750000e+05
1.434769101562500000e+05
1.434746738281250000e+05
1.434784394531250000e+05
1.434740078125000000e+05
1.434740058593750000e+05
1.434779980468750000e+05
1.434818066406250000e+05
1.434723964843750000e+05
1.434757167968750000e+05
1.434729707031250000e+05
1.434707773437500000e+05
