1.838204296875000000e+05
1.838204296875000000e+05
1.838204335937500000e+05
1.838204375000000000e+05
1.838204375000000000e+05
1.838204335937500000e+05
1.838204335937500000e+05
1.838204335937500000e+05
1.838204335937500000e+05
1.838204296875000000e+05
1.838204375000000000e+05
1.838204375000000000e+05
1.838204375000000000e+05
1.838204335937500000e+05
1.838204375000000000e+05
1.838204335937500000e+05
1.838204335937500000e+05
1.838204296875000000e+05
1.504136464843750000e+05
1.496899531250000000e+05
1.485957675781250000e+05
1.466483339843750000e+05
1.446825039062500000e+05
1.440240800781250000e+05
1.439619511718750000e+05
1.438316796875000000e+05
1.437723789062500000e+05
1.437012285156250000e+05
1.436577988281250000e+05
1.436387070312500000e+05
1.436293867187500000e+05
1.436216484375000000e+05
1.436227324218750000e+05
1.436396015625000000e+05
1.436521953125000000e+05
1.436355761718750000e+05
1.436201855468750000e+05
1.436055468750000000e+05
1.436002578125000000e+05
1.435999023437500000e+05
1.436033339843750000e+05
1.436045742187500000e+05
1.435943593750000000e+05
1.435935253906250000e+05
1.436065742187500000e+05
1.435976992187500000e+05
1.435960292968750000e+05
1.436064902343750000e+05
1.435877734375000000e+05
1.435912246093750000e+05
1.436030058593750000e+05
1.435968125000000000e+05
1.435995878906250000e+05
1.435994199218750000e+05
1.435960546875000000e+05
1.435903144531250000e+05
1.435917617187500000e+05
1.435890585937500000e+05
1.435908125000000000e+05
1.435833945312500000e+05
1.435870156250000000e+05
1.435818574218750000e+05
1.435825097656250000e+05
1.435818535156250000e+05
1.435920605468750000e+05
1.435933984375000000e+05
1.435958417968750000e+05
1.436059375000000000e+05
1.435964003906250000e+05
1.435916113281250000e+05
1.435842988281250000e+05
1.435828515625000000e+05
1.435947207031250000e+05
1.435813632812500000e+05
1.435775507812500000e+05
1.435798730468750000e+05
1.435803730468750000e+05
1.435752539062500000e+05
1.435810566406250000e+05
1.435783300781250000e+05
1.435844375000000000e+05
1.435930097656250000e+05
1.435777480468750000e+05
1.435879980468750000e+05
1.435949648437500000e+05
1.435877285156250000e+05
1.435868691406250000e+05
1.435783417968750000e+05
1.435831679687500000e+05
1.435888867187500000e+05
1.435801738281250000e+05
1.435797167968750000e+05
1.435763652343750000e+05
1.435753750000000000e+05
1.435738007812500000e+05
1.435843242187500000e+05
1.435792109375000000e+05
1.435842246093750000e+05
1.435788242187500000e+05
1.435750585937500000e+05
1.435707636718750000e+05
1.435792792968750000e+05
1.435753144531250000e+05
1.435825312500000000e+05
1.435781679687500000e+05
1.435731699218750000e+05
1.435732070312500000e+05
1.435733535156250000e+05
1.435810058593750000e+05
1.435726699218750000e+05
1.435718730468750000e+05
1.435667343750000000e+05
1.435711015625000000e+05
1.435709160156250000e+05
1.435730136718750000e+05
1.435695800781250000e+05
1.435668085937500000e+05
1.435739433593750000e+05
1.435697246093750000e+05
1.435811308593750000e+05
