2022-03-03 14:19:15,911:INFO:All directories created, ready to load the data
2022-03-03 14:19:16,006:INFO:Dataset loaded from /data/theorie/jthoeve/training_data/zh/features_mzh_y_ptz_v2/lin/cHq3/events_17.pkl.gz
2022-03-03 14:19:16,058:INFO:Dataset loaded from /data/theorie/jthoeve/training_data/zh/features_mzh_y_ptz_v2/sm/events_17.pkl.gz
2022-03-03 14:19:18,418:INFO:Epoch 1, Training loss 84649.16015625, Validation loss 84649.16015625
2022-03-03 14:19:20,814:INFO:Epoch 2, Training loss 84649.16015625, Validation loss 84649.16015625
2022-03-03 14:19:23,134:INFO:Epoch 3, Training loss 84649.16015625, Validation loss 84649.16015625
2022-03-03 14:19:25,476:INFO:Epoch 4, Training loss 84649.16015625, Validation loss 84649.16015625
2022-03-03 14:19:27,812:INFO:Epoch 5, Training loss 84649.16015625, Validation loss 84649.16015625
2022-03-03 14:19:30,196:INFO:Epoch 6, Training loss 84649.16015625, Validation loss 84649.16015625
2022-03-03 14:19:32,531:INFO:Epoch 7, Training loss 84649.16015625, Validation loss 84649.16015625
2022-03-03 14:19:34,858:INFO:Epoch 8, Training loss 84649.16015625, Validation loss 84649.16015625
2022-03-03 14:19:37,203:INFO:Epoch 9, Training loss 84649.16015625, Validation loss 84649.16015625
2022-03-03 14:19:39,571:INFO:Epoch 10, Training loss 84649.16015625, Validation loss 84649.16015625
2022-03-03 14:19:41,914:INFO:Epoch 11, Training loss 84649.16015625, Validation loss 84649.16015625
2022-03-03 14:19:41,918:INFO:Detected stagant training, reset the weights
2022-03-03 14:19:44,239:INFO:Epoch 12, Training loss 73981.0205078125, Validation loss 73764.375
2022-03-03 14:19:46,591:INFO:Epoch 13, Training loss 73831.458984375, Validation loss 73872.5478515625
2022-03-03 14:19:48,947:INFO:Epoch 14, Training loss 73813.068359375, Validation loss 73758.6220703125
2022-03-03 14:19:51,311:INFO:Epoch 15, Training loss 73752.0927734375, Validation loss 73769.1630859375
2022-03-03 14:19:53,612:INFO:Epoch 16, Training loss 73768.0244140625, Validation loss 73762.59375
2022-03-03 14:19:55,970:INFO:Epoch 17, Training loss 73750.478515625, Validation loss 73752.46875
2022-03-03 14:19:58,277:INFO:Epoch 18, Training loss 73749.2724609375, Validation loss 73759.044921875
2022-03-03 14:20:00,683:INFO:Epoch 19, Training loss 73749.080078125, Validation loss 73753.513671875
2022-03-03 14:20:03,027:INFO:Epoch 20, Training loss 73744.7509765625, Validation loss 73754.431640625
2022-03-03 14:20:05,459:INFO:Epoch 21, Training loss 73745.3134765625, Validation loss 73754.8310546875
2022-03-03 14:20:07,851:INFO:Epoch 22, Training loss 73743.546875, Validation loss 73755.2607421875
2022-03-03 14:20:10,292:INFO:Epoch 23, Training loss 73743.140625, Validation loss 73756.0810546875
2022-03-03 14:20:12,669:INFO:Epoch 24, Training loss 73742.658203125, Validation loss 73756.16015625
2022-03-03 14:20:15,071:INFO:Epoch 25, Training loss 73742.021484375, Validation loss 73756.7333984375
2022-03-03 14:20:17,469:INFO:Epoch 26, Training loss 73741.87109375, Validation loss 73757.71484375
2022-03-03 14:20:19,939:INFO:Epoch 27, Training loss 73741.58984375, Validation loss 73757.912109375
2022-03-03 14:20:22,334:INFO:Epoch 28, Training loss 73741.029296875, Validation loss 73758.314453125
2022-03-03 14:20:24,727:INFO:Epoch 29, Training loss 73740.7001953125, Validation loss 73758.814453125
2022-03-03 14:20:27,145:INFO:Epoch 30, Training loss 73740.6943359375, Validation loss 73759.6064453125
2022-03-03 14:20:29,578:INFO:Epoch 31, Training loss 73740.2314453125, Validation loss 73760.20703125
2022-03-03 14:20:31,964:INFO:Epoch 32, Training loss 73740.1025390625, Validation loss 73759.482421875
2022-03-03 14:20:34,282:INFO:Epoch 33, Training loss 73739.7060546875, Validation loss 73759.66015625
2022-03-03 14:20:36,624:INFO:Epoch 34, Training loss 73739.40625, Validation loss 73760.97265625
2022-03-03 14:20:38,984:INFO:Epoch 35, Training loss 73739.330078125, Validation loss 73761.79296875
2022-03-03 14:20:41,342:INFO:Epoch 36, Training loss 73738.927734375, Validation loss 73761.8896484375
2022-03-03 14:20:43,643:INFO:Epoch 37, Training loss 73738.6240234375, Validation loss 73761.984375
2022-03-03 14:20:46,001:INFO:Epoch 38, Training loss 73738.3876953125, Validation loss 73762.287109375
2022-03-03 14:20:48,309:INFO:Epoch 39, Training loss 73737.9716796875, Validation loss 73762.02734375
2022-03-03 14:20:50,713:INFO:Epoch 40, Training loss 73737.7158203125, Validation loss 73762.6435546875
2022-03-03 14:20:53,017:INFO:Epoch 41, Training loss 73737.4462890625, Validation loss 73763.2744140625
2022-03-03 14:20:55,368:INFO:Epoch 42, Training loss 73737.4677734375, Validation loss 73762.646484375
2022-03-03 14:20:57,696:INFO:Epoch 43, Training loss 73737.2626953125, Validation loss 73763.7998046875
2022-03-03 14:21:00,082:INFO:Epoch 44, Training loss 73736.8173828125, Validation loss 73763.5859375
2022-03-03 14:21:02,396:INFO:Epoch 45, Training loss 73736.326171875, Validation loss 73763.9267578125
2022-03-03 14:21:04,731:INFO:Epoch 46, Training loss 73736.1416015625, Validation loss 73764.04296875
2022-03-03 14:21:07,052:INFO:Epoch 47, Training loss 73735.671875, Validation loss 73764.775390625
2022-03-03 14:21:09,433:INFO:Epoch 48, Training loss 73735.5087890625, Validation loss 73764.9580078125
2022-03-03 14:21:11,760:INFO:Epoch 49, Training loss 73735.1142578125, Validation loss 73764.73828125
2022-03-03 14:21:14,088:INFO:Epoch 50, Training loss 73734.919921875, Validation loss 73765.0673828125
2022-03-03 14:21:16,410:INFO:Epoch 51, Training loss 73734.673828125, Validation loss 73766.5107421875
2022-03-03 14:21:18,764:INFO:Epoch 52, Training loss 73734.2919921875, Validation loss 73766.078125
2022-03-03 14:21:21,100:INFO:Epoch 53, Training loss 73733.904296875, Validation loss 73765.9130859375
2022-03-03 14:21:23,415:INFO:Epoch 54, Training loss 73733.4658203125, Validation loss 73765.7744140625
2022-03-03 14:21:25,756:INFO:Epoch 55, Training loss 73733.359375, Validation loss 73765.8583984375
2022-03-03 14:21:28,118:INFO:Epoch 56, Training loss 73732.7294921875, Validation loss 73767.36328125
2022-03-03 14:21:30,401:INFO:Epoch 57, Training loss 73732.4833984375, Validation loss 73768.0478515625
2022-03-03 14:21:32,597:INFO:Epoch 58, Training loss 73732.2421875, Validation loss 73768.107421875
2022-03-03 14:21:34,851:INFO:Epoch 59, Training loss 73731.5791015625, Validation loss 73767.943359375
2022-03-03 14:21:37,052:INFO:Epoch 60, Training loss 73731.2802734375, Validation loss 73768.2529296875
2022-03-03 14:21:39,348:INFO:Epoch 61, Training loss 73730.7626953125, Validation loss 73769.1533203125
2022-03-03 14:21:41,555:INFO:Epoch 62, Training loss 73730.234375, Validation loss 73768.580078125
2022-03-03 14:21:43,809:INFO:Epoch 63, Training loss 73730.072265625, Validation loss 73769.189453125
2022-03-03 14:21:46,019:INFO:Epoch 64, Training loss 73730.115234375, Validation loss 73770.4306640625
2022-03-03 14:21:48,302:INFO:Epoch 65, Training loss 73729.548828125, Validation loss 73770.109375
2022-03-03 14:21:50,512:INFO:Epoch 66, Training loss 73729.103515625, Validation loss 73768.6416015625
2022-03-03 14:21:52,735:INFO:Epoch 67, Training loss 73728.31640625, Validation loss 73771.3447265625
2022-03-03 14:21:52,741:INFO:Finished training
