1.340712539062500000e+05
1.285651640625000000e+05
1.244843925781250000e+05
1.211813027343750000e+05
1.183892265625000000e+05
1.158986503906250000e+05
1.137830390625000000e+05
1.120646328125000000e+05
1.106480136718750000e+05
1.096817792968750000e+05
1.093529980468750000e+05
1.094110156250000000e+05
1.093819550781250000e+05
1.092814902343750000e+05
1.092534218750000000e+05
1.092494394531250000e+05
1.092193886718750000e+05
1.091988906250000000e+05
1.091850937500000000e+05
1.091662148437500000e+05
1.091460468750000000e+05
1.091263984375000000e+05
1.091052285156250000e+05
1.090817988281250000e+05
1.090557636718750000e+05
1.090263183593750000e+05
1.089928125000000000e+05
1.089572324218750000e+05
1.089171054687500000e+05
1.088758437500000000e+05
1.088314804687500000e+05
1.087835800781250000e+05
1.087399531250000000e+05
1.086976230468750000e+05
1.086678671875000000e+05
1.086431210937500000e+05
1.086335136718750000e+05
1.086259511718750000e+05
1.086197597656250000e+05
1.086180859375000000e+05
1.086140585937500000e+05
1.086117929687500000e+05
1.086090371093750000e+05
1.086072460937500000e+05
1.086048398437500000e+05
1.086044277343750000e+05
1.086036328125000000e+05
1.086046562500000000e+05
1.086006621093750000e+05
1.086004375000000000e+05
1.085981738281250000e+05
1.085975722656250000e+05
1.085984121093750000e+05
1.085973886718750000e+05
1.085957226562500000e+05
1.085954257812500000e+05
1.085945878906250000e+05
1.085933066406250000e+05
1.085930078125000000e+05
1.085929042968750000e+05
1.085935351562500000e+05
1.085912480468750000e+05
1.085910273437500000e+05
1.085906757812500000e+05
1.085914023437500000e+05
1.085911503906250000e+05
1.085895761718750000e+05
1.085889707031250000e+05
1.085883769531250000e+05
1.085887871093750000e+05
1.085877128906250000e+05
1.085883554687500000e+05
1.085867792968750000e+05
1.085874101562500000e+05
1.085862031250000000e+05
1.085862832031250000e+05
1.085872851562500000e+05
1.085860292968750000e+05
1.085850488281250000e+05
1.085847363281250000e+05
1.085850292968750000e+05
1.085834414062500000e+05
1.085831367187500000e+05
1.085871640625000000e+05
1.085865175781250000e+05
1.085829667968750000e+05
1.085829472656250000e+05
1.085812500000000000e+05
1.085815136718750000e+05
1.085810957031250000e+05
1.085837031250000000e+05
1.085797050781250000e+05
1.085813085937500000e+05
1.085807753906250000e+05
1.085802265625000000e+05
1.085788027343750000e+05
1.085792070312500000e+05
1.085795410156250000e+05
1.085782656250000000e+05
1.085780312500000000e+05
1.085776054687500000e+05
1.085788789062500000e+05
1.085772519531250000e+05
1.085777343750000000e+05
1.085779707031250000e+05
1.085762148437500000e+05
1.085786425781250000e+05
1.085783632812500000e+05
1.085775488281250000e+05
1.085767734375000000e+05
1.085770605468750000e+05
1.085772578125000000e+05
1.085754667968750000e+05
1.085757949218750000e+05
1.085761328125000000e+05
1.085759941406250000e+05
1.085751230468750000e+05
1.085756777343750000e+05
1.085756308593750000e+05
1.085747675781250000e+05
1.085749570312500000e+05
1.085763652343750000e+05
1.085758476562500000e+05
1.085751132812500000e+05
1.085762109375000000e+05
1.085748085937500000e+05
1.085783945312500000e+05
