7.376492578125000000e+04
7.376167187500000000e+04
7.376060156250000000e+04
7.375916503906250000e+04
7.375844628906250000e+04
7.375822753906250000e+04
7.375768359375000000e+04
7.375697460937500000e+04
7.375617675781250000e+04
7.375584667968750000e+04
7.375591992187500000e+04
7.375464257812500000e+04
7.375453613281250000e+04
7.375403417968750000e+04
7.375324511718750000e+04
7.375364160156250000e+04
7.375278027343750000e+04
7.375170214843750000e+04
7.375127734375000000e+04
7.375041406250000000e+04
7.374984179687500000e+04
7.374924218750000000e+04
7.374859277343750000e+04
7.374799218750000000e+04
7.374675878906250000e+04
7.374705761718750000e+04
7.374682519531250000e+04
7.374655078125000000e+04
7.374372070312500000e+04
7.374355468750000000e+04
7.374297070312500000e+04
7.374202441406250000e+04
7.374113183593750000e+04
7.374107128906250000e+04
7.374000390625000000e+04
7.374001269531250000e+04
7.374265136718750000e+04
7.373866015625000000e+04
7.374066406250000000e+04
7.373696289062500000e+04
7.373561621093750000e+04
7.374105859375000000e+04
7.373609863281250000e+04
7.373637988281250000e+04
7.373416796875000000e+04
7.373228710937500000e+04
7.373191992187500000e+04
7.373154101562500000e+04
7.373295117187500000e+04
7.373394335937500000e+04
7.372885742187500000e+04
7.372812792968750000e+04
7.373028710937500000e+04
