2021-11-18 16:13:50,075:INFO:All directories created, ready to load the data
2021-11-18 16:13:50,114:INFO:Dataset loaded from /data/theorie/jthoeve/event_generation/events_high_stats/lin/cHq3/events_8.npy
2021-11-18 16:13:50,139:INFO:Dataset loaded from /data/theorie/jthoeve/event_generation/events_high_stats/sm/events_8.npy
2021-11-18 16:13:53,796:INFO:Epoch 1, Training loss 84602.5234375, Validation loss 84602.5234375
2021-11-18 16:13:57,475:INFO:Epoch 2, Training loss 84602.5234375, Validation loss 84602.5234375
2021-11-18 16:14:01,194:INFO:Epoch 3, Training loss 84602.5234375, Validation loss 84602.5234375
2021-11-18 16:14:04,866:INFO:Epoch 4, Training loss 84602.5234375, Validation loss 84602.5234375
2021-11-18 16:14:08,576:INFO:Epoch 5, Training loss 84602.5234375, Validation loss 84602.5234375
2021-11-18 16:14:12,199:INFO:Epoch 6, Training loss 84602.5234375, Validation loss 84602.5234375
2021-11-18 16:14:15,892:INFO:Epoch 7, Training loss 84602.5234375, Validation loss 84602.5234375
2021-11-18 16:14:19,570:INFO:Epoch 8, Training loss 84602.5234375, Validation loss 84602.5234375
2021-11-18 16:14:23,217:INFO:Epoch 9, Training loss 84602.5234375, Validation loss 84602.5234375
2021-11-18 16:14:26,902:INFO:Epoch 10, Training loss 84602.5234375, Validation loss 84602.5234375
2021-11-18 16:14:30,617:INFO:Epoch 11, Training loss 84602.5234375, Validation loss 84602.5234375
2021-11-18 16:14:30,620:INFO:Detected stagant training, reset the weights
2021-11-18 16:14:34,274:INFO:Epoch 12, Training loss 79556.3984375, Validation loss 79058.2421875
2021-11-18 16:14:38,037:INFO:Epoch 13, Training loss 79061.0, Validation loss 78458.8828125
2021-11-18 16:14:41,672:INFO:Epoch 14, Training loss 78460.9921875, Validation loss 77841.34375
2021-11-18 16:14:45,367:INFO:Epoch 15, Training loss 77843.3203125, Validation loss 77247.453125
2021-11-18 16:14:49,050:INFO:Epoch 16, Training loss 77249.3515625, Validation loss 76700.9921875
2021-11-18 16:14:52,711:INFO:Epoch 17, Training loss 76703.0, Validation loss 76211.484375
2021-11-18 16:14:56,396:INFO:Epoch 18, Training loss 76213.75, Validation loss 75780.6015625
2021-11-18 16:15:00,110:INFO:Epoch 19, Training loss 75783.1953125, Validation loss 75406.21875
2021-11-18 16:15:03,771:INFO:Epoch 20, Training loss 75409.0859375, Validation loss 75085.375
2021-11-18 16:15:07,447:INFO:Epoch 21, Training loss 75088.375, Validation loss 74812.296875
2021-11-18 16:15:11,231:INFO:Epoch 22, Training loss 74815.4296875, Validation loss 74581.53125
2021-11-18 16:15:14,965:INFO:Epoch 23, Training loss 74584.75, Validation loss 74388.28125
2021-11-18 16:15:18,670:INFO:Epoch 24, Training loss 74391.5078125, Validation loss 74227.7734375
2021-11-18 16:15:22,324:INFO:Epoch 25, Training loss 74230.890625, Validation loss 74095.96875
2021-11-18 16:15:26,034:INFO:Epoch 26, Training loss 74098.9921875, Validation loss 73989.5703125
2021-11-18 16:15:29,699:INFO:Epoch 27, Training loss 73992.40625, Validation loss 73905.7890625
2021-11-18 16:15:33,376:INFO:Epoch 28, Training loss 73908.28125, Validation loss 73841.96875
2021-11-18 16:15:37,073:INFO:Epoch 29, Training loss 73843.9296875, Validation loss 73795.3046875
2021-11-18 16:15:40,705:INFO:Epoch 30, Training loss 73796.5703125, Validation loss 73762.8515625
2021-11-18 16:15:44,394:INFO:Epoch 31, Training loss 73763.3984375, Validation loss 73742.21875
2021-11-18 16:15:48,110:INFO:Epoch 32, Training loss 73742.1953125, Validation loss 73732.109375
2021-11-18 16:15:51,764:INFO:Epoch 33, Training loss 73731.5703125, Validation loss 73730.296875
2021-11-18 16:15:55,478:INFO:Epoch 34, Training loss 73729.4453125, Validation loss 73734.59375
2021-11-18 16:15:59,135:INFO:Epoch 35, Training loss 73733.3984375, Validation loss 73742.3984375
2021-11-18 16:16:02,818:INFO:Epoch 36, Training loss 73740.9765625, Validation loss 73751.28125
2021-11-18 16:16:06,546:INFO:Epoch 37, Training loss 73749.71875, Validation loss 73759.6015625
2021-11-18 16:16:10,193:INFO:Epoch 38, Training loss 73758.0078125, Validation loss 73766.296875
2021-11-18 16:16:13,898:INFO:Epoch 39, Training loss 73764.6171875, Validation loss 73770.6953125
2021-11-18 16:16:18,045:INFO:Epoch 40, Training loss 73768.859375, Validation loss 73772.3984375
2021-11-18 16:16:21,696:INFO:Epoch 41, Training loss 73770.5078125, Validation loss 73771.4453125
2021-11-18 16:16:25,408:INFO:Epoch 42, Training loss 73769.5, Validation loss 73768.140625
2021-11-18 16:16:29,000:INFO:Epoch 43, Training loss 73766.2265625, Validation loss 73762.9765625
2021-11-18 16:16:32,660:INFO:Epoch 44, Training loss 73761.1875, Validation loss 73756.515625
2021-11-18 16:16:36,350:INFO:Epoch 45, Training loss 73754.96875, Validation loss 73749.671875
2021-11-18 16:16:40,012:INFO:Epoch 46, Training loss 73748.375, Validation loss 73743.484375
2021-11-18 16:16:43,706:INFO:Epoch 47, Training loss 73742.5703125, Validation loss 73737.9453125
2021-11-18 16:16:47,409:INFO:Epoch 48, Training loss 73737.34375, Validation loss 73733.3203125
2021-11-18 16:16:51,035:INFO:Epoch 49, Training loss 73732.9609375, Validation loss 73729.6796875
2021-11-18 16:16:54,702:INFO:Epoch 50, Training loss 73729.6953125, Validation loss 73726.859375
2021-11-18 16:16:58,312:INFO:Epoch 51, Training loss 73727.28125, Validation loss 73724.375
2021-11-18 16:17:01,990:INFO:Epoch 52, Training loss 73725.34375, Validation loss 73722.1640625
2021-11-18 16:17:05,681:INFO:Epoch 53, Training loss 73723.40625, Validation loss 73720.1015625
2021-11-18 16:17:09,401:INFO:Epoch 54, Training loss 73721.4453125, Validation loss 73718.2734375
2021-11-18 16:17:13,095:INFO:Epoch 55, Training loss 73719.71875, Validation loss 73716.734375
2021-11-18 16:17:16,843:INFO:Epoch 56, Training loss 73718.21875, Validation loss 73715.4375
2021-11-18 16:17:20,453:INFO:Epoch 57, Training loss 73716.859375, Validation loss 73714.375
2021-11-18 16:17:24,828:INFO:Epoch 58, Training loss 73715.6875, Validation loss 73713.484375
2021-11-18 16:17:28,456:INFO:Epoch 59, Training loss 73714.703125, Validation loss 73712.765625
2021-11-18 16:17:32,140:INFO:Epoch 60, Training loss 73713.9609375, Validation loss 73712.2109375
2021-11-18 16:17:35,837:INFO:Epoch 61, Training loss 73713.3984375, Validation loss 73711.7734375
2021-11-18 16:17:39,483:INFO:Epoch 62, Training loss 73713.0078125, Validation loss 73711.46875
2021-11-18 16:17:43,204:INFO:Epoch 63, Training loss 73712.671875, Validation loss 73711.2578125
2021-11-18 16:17:46,876:INFO:Epoch 64, Training loss 73712.453125, Validation loss 73711.1328125
2021-11-18 16:17:50,558:INFO:Epoch 65, Training loss 73712.328125, Validation loss 73711.0703125
2021-11-18 16:17:54,271:INFO:Epoch 66, Training loss 73712.25, Validation loss 73711.078125
2021-11-18 16:17:57,906:INFO:Epoch 67, Training loss 73712.234375, Validation loss 73711.140625
2021-11-18 16:18:01,615:INFO:Epoch 68, Training loss 73712.2890625, Validation loss 73711.21875
2021-11-18 16:18:05,337:INFO:Epoch 69, Training loss 73712.3515625, Validation loss 73711.28125
2021-11-18 16:18:09,036:INFO:Epoch 70, Training loss 73712.3984375, Validation loss 73711.328125
2021-11-18 16:18:12,710:INFO:Epoch 71, Training loss 73712.4375, Validation loss 73711.359375
2021-11-18 16:18:16,335:INFO:Epoch 72, Training loss 73712.46875, Validation loss 73711.3828125
2021-11-18 16:18:19,996:INFO:Epoch 73, Training loss 73712.4765625, Validation loss 73711.3828125
2021-11-18 16:18:23,705:INFO:Epoch 74, Training loss 73712.4609375, Validation loss 73711.3671875
2021-11-18 16:18:27,344:INFO:Epoch 75, Training loss 73712.4140625, Validation loss 73711.3359375
2021-11-18 16:18:31,048:INFO:Epoch 76, Training loss 73712.3515625, Validation loss 73711.28125
2021-11-18 16:18:34,783:INFO:Epoch 77, Training loss 73712.2734375, Validation loss 73711.234375
2021-11-18 16:18:38,464:INFO:Epoch 78, Training loss 73712.1796875, Validation loss 73711.1796875
2021-11-18 16:18:42,152:INFO:Epoch 79, Training loss 73712.0859375, Validation loss 73711.109375
2021-11-18 16:18:45,772:INFO:Epoch 80, Training loss 73711.96875, Validation loss 73711.015625
2021-11-18 16:18:49,460:INFO:Epoch 81, Training loss 73711.8359375, Validation loss 73710.9140625
2021-11-18 16:18:53,160:INFO:Epoch 82, Training loss 73711.703125, Validation loss 73710.8359375
2021-11-18 16:18:56,812:INFO:Epoch 83, Training loss 73711.5859375, Validation loss 73710.7890625
2021-11-18 16:19:00,538:INFO:Epoch 84, Training loss 73711.5078125, Validation loss 73710.765625
2021-11-18 16:19:04,274:INFO:Epoch 85, Training loss 73711.4453125, Validation loss 73710.75
2021-11-18 16:19:07,966:INFO:Epoch 86, Training loss 73711.3984375, Validation loss 73710.75
2021-11-18 16:19:11,679:INFO:Epoch 87, Training loss 73711.359375, Validation loss 73710.734375
2021-11-18 16:19:15,316:INFO:Epoch 88, Training loss 73711.328125, Validation loss 73710.71875
2021-11-18 16:19:19,017:INFO:Epoch 89, Training loss 73711.296875, Validation loss 73710.703125
2021-11-18 16:19:22,738:INFO:Epoch 90, Training loss 73711.2578125, Validation loss 73710.6875
2021-11-18 16:19:26,405:INFO:Epoch 91, Training loss 73711.234375, Validation loss 73710.6640625
2021-11-18 16:19:30,149:INFO:Epoch 92, Training loss 73711.1953125, Validation loss 73710.6484375
2021-11-18 16:19:33,767:INFO:Epoch 93, Training loss 73711.1640625, Validation loss 73710.625
2021-11-18 16:19:37,429:INFO:Epoch 94, Training loss 73711.125, Validation loss 73710.6015625
2021-11-18 16:19:41,185:INFO:Epoch 95, Training loss 73711.0859375, Validation loss 73710.5859375
2021-11-18 16:19:44,800:INFO:Epoch 96, Training loss 73711.046875, Validation loss 73710.5703125
2021-11-18 16:19:48,483:INFO:Epoch 97, Training loss 73711.0078125, Validation loss 73710.5546875
2021-11-18 16:19:52,195:INFO:Epoch 98, Training loss 73710.9765625, Validation loss 73710.5390625
2021-11-18 16:19:55,835:INFO:Epoch 99, Training loss 73710.9453125, Validation loss 73710.5234375
2021-11-18 16:19:59,546:INFO:Epoch 100, Training loss 73710.921875, Validation loss 73710.515625
2021-11-18 16:20:03,165:INFO:Epoch 101, Training loss 73710.890625, Validation loss 73710.5078125
2021-11-18 16:20:06,811:INFO:Epoch 102, Training loss 73710.8671875, Validation loss 73710.5
2021-11-18 16:20:10,560:INFO:Epoch 103, Training loss 73710.84375, Validation loss 73710.4921875
2021-11-18 16:20:14,195:INFO:Epoch 104, Training loss 73710.8203125, Validation loss 73710.4765625
2021-11-18 16:20:17,891:INFO:Epoch 105, Training loss 73710.796875, Validation loss 73710.46875
2021-11-18 16:20:21,608:INFO:Epoch 106, Training loss 73710.7734375, Validation loss 73710.4609375
2021-11-18 16:20:25,274:INFO:Epoch 107, Training loss 73710.75, Validation loss 73710.4453125
2021-11-18 16:20:28,947:INFO:Epoch 108, Training loss 73710.734375, Validation loss 73710.4375
2021-11-18 16:20:32,590:INFO:Epoch 109, Training loss 73710.703125, Validation loss 73710.4296875
2021-11-18 16:20:36,243:INFO:Epoch 110, Training loss 73710.6796875, Validation loss 73710.421875
2021-11-18 16:20:39,940:INFO:Epoch 111, Training loss 73710.65625, Validation loss 73710.421875
2021-11-18 16:20:43,587:INFO:Epoch 112, Training loss 73710.625, Validation loss 73710.4140625
2021-11-18 16:20:47,291:INFO:Epoch 113, Training loss 73710.6015625, Validation loss 73710.40625
2021-11-18 16:20:50,927:INFO:Epoch 114, Training loss 73710.5703125, Validation loss 73710.3984375
2021-11-18 16:20:54,575:INFO:Epoch 115, Training loss 73710.546875, Validation loss 73710.3984375
2021-11-18 16:20:58,250:INFO:Epoch 116, Training loss 73710.5234375, Validation loss 73710.3984375
2021-11-18 16:21:01,853:INFO:Epoch 117, Training loss 73710.5, Validation loss 73710.3984375
2021-11-18 16:21:05,544:INFO:Epoch 118, Training loss 73710.484375, Validation loss 73710.40625
2021-11-18 16:21:09,296:INFO:Epoch 119, Training loss 73710.46875, Validation loss 73710.3984375
2021-11-18 16:21:12,939:INFO:Epoch 120, Training loss 73710.453125, Validation loss 73710.3984375
2021-11-18 16:21:16,631:INFO:Epoch 121, Training loss 73710.4375, Validation loss 73710.3984375
2021-11-18 16:21:20,300:INFO:Epoch 122, Training loss 73710.421875, Validation loss 73710.390625
2021-11-18 16:21:23,960:INFO:Epoch 123, Training loss 73710.40625, Validation loss 73710.390625
2021-11-18 16:21:27,641:INFO:Epoch 124, Training loss 73710.3828125, Validation loss 73710.3828125
2021-11-18 16:21:31,271:INFO:Epoch 125, Training loss 73710.3671875, Validation loss 73710.375
2021-11-18 16:21:35,098:INFO:Epoch 126, Training loss 73710.34375, Validation loss 73710.375
2021-11-18 16:21:38,794:INFO:Epoch 127, Training loss 73710.328125, Validation loss 73710.3671875
2021-11-18 16:21:42,478:INFO:Epoch 128, Training loss 73710.3046875, Validation loss 73710.375
2021-11-18 16:21:46,223:INFO:Epoch 129, Training loss 73710.2890625, Validation loss 73710.3671875
2021-11-18 16:21:49,840:INFO:Epoch 130, Training loss 73710.265625, Validation loss 73710.3671875
2021-11-18 16:21:53,518:INFO:Epoch 131, Training loss 73710.25, Validation loss 73710.3671875
2021-11-18 16:21:57,223:INFO:Epoch 132, Training loss 73710.2265625, Validation loss 73710.359375
2021-11-18 16:22:00,870:INFO:Epoch 133, Training loss 73710.2109375, Validation loss 73710.34375
2021-11-18 16:22:04,592:INFO:Epoch 134, Training loss 73710.1875, Validation loss 73710.3359375
2021-11-18 16:22:08,362:INFO:Epoch 135, Training loss 73710.171875, Validation loss 73710.328125
2021-11-18 16:22:12,019:INFO:Epoch 136, Training loss 73710.1484375, Validation loss 73710.3203125
2021-11-18 16:22:15,696:INFO:Epoch 137, Training loss 73710.1328125, Validation loss 73710.3046875
2021-11-18 16:22:19,327:INFO:Epoch 138, Training loss 73710.109375, Validation loss 73710.2890625
2021-11-18 16:22:23,038:INFO:Epoch 139, Training loss 73710.09375, Validation loss 73710.2734375
2021-11-18 16:22:26,751:INFO:Epoch 140, Training loss 73710.0703125, Validation loss 73710.2578125
2021-11-18 16:22:30,421:INFO:Epoch 141, Training loss 73710.0625, Validation loss 73710.2421875
2021-11-18 16:22:34,154:INFO:Epoch 142, Training loss 73710.046875, Validation loss 73710.234375
2021-11-18 16:22:37,901:INFO:Epoch 143, Training loss 73710.03125, Validation loss 73710.21875
2021-11-18 16:22:41,534:INFO:Epoch 144, Training loss 73710.015625, Validation loss 73710.2109375
2021-11-18 16:22:45,226:INFO:Epoch 145, Training loss 73710.0078125, Validation loss 73710.203125
2021-11-18 16:22:48,835:INFO:Epoch 146, Training loss 73709.9921875, Validation loss 73710.203125
2021-11-18 16:22:52,516:INFO:Epoch 147, Training loss 73709.9765625, Validation loss 73710.203125
2021-11-18 16:22:56,231:INFO:Epoch 148, Training loss 73709.96875, Validation loss 73710.203125
2021-11-18 16:22:59,901:INFO:Epoch 149, Training loss 73709.953125, Validation loss 73710.203125
2021-11-18 16:23:03,627:INFO:Epoch 150, Training loss 73709.9375, Validation loss 73710.203125
2021-11-18 16:23:07,295:INFO:Epoch 151, Training loss 73709.9296875, Validation loss 73710.2109375
2021-11-18 16:23:11,012:INFO:Epoch 152, Training loss 73709.9140625, Validation loss 73710.21875
2021-11-18 16:23:14,697:INFO:Epoch 153, Training loss 73709.8984375, Validation loss 73710.2421875
2021-11-18 16:23:18,352:INFO:Epoch 154, Training loss 73709.8828125, Validation loss 73710.2734375
2021-11-18 16:23:22,062:INFO:Epoch 155, Training loss 73709.875, Validation loss 73710.296875
2021-11-18 16:23:25,780:INFO:Epoch 156, Training loss 73709.859375, Validation loss 73710.2890625
2021-11-18 16:23:29,467:INFO:Epoch 157, Training loss 73709.84375, Validation loss 73710.2890625
2021-11-18 16:23:33,125:INFO:Epoch 158, Training loss 73709.828125, Validation loss 73710.296875
2021-11-18 16:23:36,741:INFO:Epoch 159, Training loss 73709.8125, Validation loss 73710.3046875
2021-11-18 16:23:40,425:INFO:Epoch 160, Training loss 73709.8046875, Validation loss 73710.328125
2021-11-18 16:23:44,116:INFO:Epoch 161, Training loss 73709.7890625, Validation loss 73710.34375
2021-11-18 16:23:47,765:INFO:Epoch 162, Training loss 73709.7734375, Validation loss 73710.3515625
2021-11-18 16:23:51,574:INFO:Epoch 163, Training loss 73709.765625, Validation loss 73710.3671875
2021-11-18 16:23:55,316:INFO:Epoch 164, Training loss 73709.75, Validation loss 73710.375
2021-11-18 16:23:58,980:INFO:Epoch 165, Training loss 73709.7421875, Validation loss 73710.3828125
2021-11-18 16:24:02,649:INFO:Epoch 166, Training loss 73709.734375, Validation loss 73710.375
2021-11-18 16:24:06,280:INFO:Epoch 167, Training loss 73709.71875, Validation loss 73710.375
2021-11-18 16:24:10,016:INFO:Epoch 168, Training loss 73709.7109375, Validation loss 73710.3671875
2021-11-18 16:24:13,739:INFO:Epoch 169, Training loss 73709.703125, Validation loss 73710.3671875
2021-11-18 16:24:17,405:INFO:Epoch 170, Training loss 73709.6953125, Validation loss 73710.375
2021-11-18 16:24:21,121:INFO:Epoch 171, Training loss 73709.6796875, Validation loss 73710.3828125
2021-11-18 16:24:24,855:INFO:Epoch 172, Training loss 73709.671875, Validation loss 73710.390625
2021-11-18 16:24:28,493:INFO:Epoch 173, Training loss 73709.6640625, Validation loss 73710.3984375
2021-11-18 16:24:32,192:INFO:Epoch 174, Training loss 73709.6484375, Validation loss 73710.40625
2021-11-18 16:24:35,838:INFO:Epoch 175, Training loss 73709.640625, Validation loss 73710.4140625
2021-11-18 16:24:39,549:INFO:Epoch 176, Training loss 73709.6328125, Validation loss 73710.4140625
2021-11-18 16:24:43,281:INFO:Epoch 177, Training loss 73709.6171875, Validation loss 73710.4140625
2021-11-18 16:24:46,957:INFO:Epoch 178, Training loss 73709.609375, Validation loss 73710.4140625
2021-11-18 16:24:50,689:INFO:Epoch 179, Training loss 73709.6015625, Validation loss 73710.4296875
2021-11-18 16:24:54,329:INFO:Epoch 180, Training loss 73709.59375, Validation loss 73710.4375
2021-11-18 16:24:58,007:INFO:Epoch 181, Training loss 73709.5859375, Validation loss 73710.4375
2021-11-18 16:25:01,721:INFO:Epoch 182, Training loss 73709.578125, Validation loss 73710.4296875
2021-11-18 16:25:05,375:INFO:Epoch 183, Training loss 73709.5625, Validation loss 73710.4296875
2021-11-18 16:25:09,119:INFO:Epoch 184, Training loss 73709.5546875, Validation loss 73710.4140625
2021-11-18 16:25:12,849:INFO:Epoch 185, Training loss 73709.546875, Validation loss 73710.40625
2021-11-18 16:25:16,515:INFO:Epoch 186, Training loss 73709.5390625, Validation loss 73710.4140625
2021-11-18 16:25:20,267:INFO:Epoch 187, Training loss 73709.5234375, Validation loss 73710.4375
2021-11-18 16:25:23,894:INFO:Epoch 188, Training loss 73709.515625, Validation loss 73710.453125
2021-11-18 16:25:27,596:INFO:Epoch 189, Training loss 73709.5078125, Validation loss 73710.4609375
2021-11-18 16:25:31,307:INFO:Epoch 190, Training loss 73709.5, Validation loss 73710.4609375
2021-11-18 16:25:34,973:INFO:Epoch 191, Training loss 73709.4921875, Validation loss 73710.4375
2021-11-18 16:25:38,697:INFO:Epoch 192, Training loss 73709.4765625, Validation loss 73710.421875
2021-11-18 16:25:42,445:INFO:Epoch 193, Training loss 73709.46875, Validation loss 73710.40625
2021-11-18 16:25:46,132:INFO:Epoch 194, Training loss 73709.4609375, Validation loss 73710.4140625
2021-11-18 16:25:49,830:INFO:Epoch 195, Training loss 73709.453125, Validation loss 73710.4375
2021-11-18 16:25:53,470:INFO:Epoch 196, Training loss 73709.4375, Validation loss 73710.453125
2021-11-18 16:25:57,169:INFO:Epoch 197, Training loss 73709.4296875, Validation loss 73710.46875
2021-11-18 16:26:00,883:INFO:Epoch 198, Training loss 73709.421875, Validation loss 73710.4609375
2021-11-18 16:26:04,568:INFO:Epoch 199, Training loss 73709.40625, Validation loss 73710.453125
2021-11-18 16:26:08,317:INFO:Epoch 200, Training loss 73709.3984375, Validation loss 73710.4453125
2021-11-18 16:26:08,324:INFO:Finished training, producing training report at /data/theorie/jthoeve/ML4EFT_higgs/models/17_11/model_final_lin_cHq3_v7/mc_run_8/plots/training_report/
2021-11-18 16:26:11,229:WARNING:findfont: Font family ['sans-serif'] not found. Falling back to DejaVu Sans.
