8.465575781250000000e+04
8.465575781250000000e+04
8.465575781250000000e+04
8.465575781250000000e+04
8.465575781250000000e+04
8.465575781250000000e+04
8.465575781250000000e+04
8.465575781250000000e+04
8.465575781250000000e+04
8.465575781250000000e+04
8.465575781250000000e+04
7.377242968750000000e+04
7.376045312500000000e+04
7.376032031250000000e+04
7.376539062500000000e+04
7.376325781250000000e+04
7.375750781250000000e+04
7.375493750000000000e+04
7.375711718750000000e+04
7.375883593750000000e+04
7.375685156250000000e+04
7.375360156250000000e+04
7.375235156250000000e+04
7.375326562500000000e+04
7.375387500000000000e+04
7.375266406250000000e+04
7.375089062500000000e+04
7.375041406250000000e+04
7.375119531250000000e+04
7.375105468750000000e+04
7.374986718750000000e+04
7.374909375000000000e+04
7.374914843750000000e+04
7.374934375000000000e+04
7.374900781250000000e+04
7.374828906250000000e+04
7.374785937500000000e+04
7.374796875000000000e+04
7.374798437500000000e+04
7.374746875000000000e+04
7.374691406250000000e+04
7.374682031250000000e+04
7.374685937500000000e+04
7.374655468750000000e+04
7.374611718750000000e+04
7.374592187500000000e+04
7.374589062500000000e+04
7.374569531250000000e+04
7.374534375000000000e+04
7.374514062500000000e+04
7.374507031250000000e+04
7.374489062500000000e+04
7.374460937500000000e+04
7.374440625000000000e+04
7.374427343750000000e+04
7.374405468750000000e+04
7.374379687500000000e+04
7.374363281250000000e+04
7.374347656250000000e+04
7.374325781250000000e+04
7.374308593750000000e+04
7.374295312500000000e+04
7.374280468750000000e+04
7.374261718750000000e+04
7.374245312500000000e+04
7.374228125000000000e+04
7.374210156250000000e+04
