2022-03-03 12:55:58,634:INFO:All directories created, ready to load the data
2022-03-03 12:55:58,667:INFO:Dataset loaded from /data/theorie/jthoeve/training_data/zh/features_mzh_y_ptz_v2/lin/cHW/events_0.pkl.gz
2022-03-03 12:55:58,690:INFO:Dataset loaded from /data/theorie/jthoeve/training_data/zh/features_mzh_y_ptz_v2/sm/events_0.pkl.gz
2022-03-03 12:56:01,016:INFO:Epoch 1, Training loss 161247.818359375, Validation loss 153588.48828125
2022-03-03 12:56:03,391:INFO:Epoch 2, Training loss 149386.037109375, Validation loss 143596.927734375
2022-03-03 12:56:05,699:INFO:Epoch 3, Training loss 140574.869140625, Validation loss 136372.01953125
2022-03-03 12:56:08,038:INFO:Epoch 4, Training loss 133962.4140625, Validation loss 130339.9765625
2022-03-03 12:56:10,396:INFO:Epoch 5, Training loss 127894.138671875, Validation loss 124136.642578125
2022-03-03 12:56:12,827:INFO:Epoch 6, Training loss 121897.46875, Validation loss 118608.8046875
2022-03-03 12:56:15,202:INFO:Epoch 7, Training loss 116829.697265625, Validation loss 114260.08984375
2022-03-03 12:56:17,564:INFO:Epoch 8, Training loss 113029.369140625, Validation loss 111285.076171875
2022-03-03 12:56:19,950:INFO:Epoch 9, Training loss 110679.591796875, Validation loss 109897.3125
2022-03-03 12:56:22,368:INFO:Epoch 10, Training loss 109840.8125, Validation loss 109741.931640625
2022-03-03 12:56:24,751:INFO:Epoch 11, Training loss 109876.935546875, Validation loss 109885.55859375
2022-03-03 12:56:27,111:INFO:Epoch 12, Training loss 109920.49609375, Validation loss 109765.095703125
2022-03-03 12:56:29,516:INFO:Epoch 13, Training loss 109729.82421875, Validation loss 109536.36328125
2022-03-03 12:56:31,916:INFO:Epoch 14, Training loss 109541.22265625, Validation loss 109443.861328125
2022-03-03 12:56:34,317:INFO:Epoch 15, Training loss 109496.90234375, Validation loss 109428.53515625
2022-03-03 12:56:36,660:INFO:Epoch 16, Training loss 109458.013671875, Validation loss 109362.08203125
2022-03-03 12:56:39,058:INFO:Epoch 17, Training loss 109391.884765625, Validation loss 109311.396484375
2022-03-03 12:56:41,411:INFO:Epoch 18, Training loss 109349.541015625, Validation loss 109278.279296875
2022-03-03 12:56:43,852:INFO:Epoch 19, Training loss 109312.052734375, Validation loss 109241.51953125
2022-03-03 12:56:46,200:INFO:Epoch 20, Training loss 109275.2109375, Validation loss 109209.2109375
2022-03-03 12:56:48,594:INFO:Epoch 21, Training loss 109240.150390625, Validation loss 109175.109375
2022-03-03 12:56:50,952:INFO:Epoch 22, Training loss 109205.19140625, Validation loss 109141.84375
2022-03-03 12:56:53,390:INFO:Epoch 23, Training loss 109169.849609375, Validation loss 109108.103515625
2022-03-03 12:56:55,754:INFO:Epoch 24, Training loss 109135.09375, Validation loss 109074.947265625
2022-03-03 12:56:58,130:INFO:Epoch 25, Training loss 109099.814453125, Validation loss 109040.873046875
2022-03-03 12:57:00,491:INFO:Epoch 26, Training loss 109064.412109375, Validation loss 109008.267578125
2022-03-03 12:57:02,917:INFO:Epoch 27, Training loss 109029.025390625, Validation loss 108973.171875
2022-03-03 12:57:05,292:INFO:Epoch 28, Training loss 108991.62109375, Validation loss 108938.33984375
2022-03-03 12:57:07,658:INFO:Epoch 29, Training loss 108954.443359375, Validation loss 108902.060546875
2022-03-03 12:57:10,044:INFO:Epoch 30, Training loss 108916.734375, Validation loss 108865.189453125
2022-03-03 12:57:12,455:INFO:Epoch 31, Training loss 108877.611328125, Validation loss 108827.603515625
2022-03-03 12:57:14,841:INFO:Epoch 32, Training loss 108837.576171875, Validation loss 108790.958984375
2022-03-03 12:57:17,199:INFO:Epoch 33, Training loss 108800.658203125, Validation loss 108752.73828125
2022-03-03 12:57:19,603:INFO:Epoch 34, Training loss 108761.271484375, Validation loss 108718.83203125
2022-03-03 12:57:22,007:INFO:Epoch 35, Training loss 108724.359375, Validation loss 108685.81640625
2022-03-03 12:57:24,406:INFO:Epoch 36, Training loss 108689.232421875, Validation loss 108657.048828125
2022-03-03 12:57:26,755:INFO:Epoch 37, Training loss 108655.16796875, Validation loss 108627.5859375
2022-03-03 12:57:29,156:INFO:Epoch 38, Training loss 108624.26953125, Validation loss 108601.83984375
2022-03-03 12:57:31,503:INFO:Epoch 39, Training loss 108592.244140625, Validation loss 108573.1875
2022-03-03 12:57:33,955:INFO:Epoch 40, Training loss 108564.478515625, Validation loss 108556.138671875
2022-03-03 12:57:36,314:INFO:Epoch 41, Training loss 108547.16796875, Validation loss 108540.259765625
2022-03-03 12:57:38,708:INFO:Epoch 42, Training loss 108530.896484375, Validation loss 108530.556640625
2022-03-03 12:57:41,075:INFO:Epoch 43, Training loss 108517.03125, Validation loss 108522.365234375
2022-03-03 12:57:43,516:INFO:Epoch 44, Training loss 108508.87109375, Validation loss 108525.306640625
2022-03-03 12:57:45,889:INFO:Epoch 45, Training loss 108501.83984375, Validation loss 108519.87890625
2022-03-03 12:57:48,263:INFO:Epoch 46, Training loss 108495.466796875, Validation loss 108513.267578125
2022-03-03 12:57:50,642:INFO:Epoch 47, Training loss 108497.50390625, Validation loss 108513.748046875
2022-03-03 12:57:53,066:INFO:Epoch 48, Training loss 108493.0, Validation loss 108522.376953125
2022-03-03 12:57:55,443:INFO:Epoch 49, Training loss 108488.728515625, Validation loss 108513.982421875
2022-03-03 12:57:57,808:INFO:Epoch 50, Training loss 108483.92578125, Validation loss 108511.1328125
2022-03-03 12:58:00,185:INFO:Epoch 51, Training loss 108481.359375, Validation loss 108513.033203125
2022-03-03 12:58:02,603:INFO:Epoch 52, Training loss 108481.197265625, Validation loss 108510.6171875
2022-03-03 12:58:04,991:INFO:Epoch 53, Training loss 108479.033203125, Validation loss 108503.150390625
2022-03-03 12:58:07,344:INFO:Epoch 54, Training loss 108476.171875, Validation loss 108507.619140625
2022-03-03 12:58:09,744:INFO:Epoch 55, Training loss 108473.61328125, Validation loss 108512.181640625
2022-03-03 12:58:12,153:INFO:Epoch 56, Training loss 108475.404296875, Validation loss 108505.85546875
2022-03-03 12:58:14,548:INFO:Epoch 57, Training loss 108473.099609375, Validation loss 108503.205078125
2022-03-03 12:58:16,888:INFO:Epoch 58, Training loss 108474.697265625, Validation loss 108509.8984375
2022-03-03 12:58:19,292:INFO:Epoch 59, Training loss 108472.064453125, Validation loss 108516.9296875
2022-03-03 12:58:21,641:INFO:Epoch 60, Training loss 108469.146484375, Validation loss 108505.373046875
2022-03-03 12:58:24,086:INFO:Epoch 61, Training loss 108475.93359375, Validation loss 108500.091796875
2022-03-03 12:58:26,444:INFO:Epoch 62, Training loss 108471.337890625, Validation loss 108512.4453125
2022-03-03 12:58:28,845:INFO:Epoch 63, Training loss 108468.5078125, Validation loss 108501.60546875
2022-03-03 12:58:31,223:INFO:Epoch 64, Training loss 108467.533203125, Validation loss 108505.556640625
2022-03-03 12:58:33,663:INFO:Epoch 65, Training loss 108466.2890625, Validation loss 108498.814453125
2022-03-03 12:58:36,035:INFO:Epoch 66, Training loss 108464.546875, Validation loss 108504.32421875
2022-03-03 12:58:38,423:INFO:Epoch 67, Training loss 108463.857421875, Validation loss 108503.05078125
2022-03-03 12:58:40,803:INFO:Epoch 68, Training loss 108462.263671875, Validation loss 108500.8125
2022-03-03 12:58:43,238:INFO:Epoch 69, Training loss 108462.23828125, Validation loss 108501.064453125
2022-03-03 12:58:45,615:INFO:Epoch 70, Training loss 108461.75, Validation loss 108500.626953125
2022-03-03 12:58:47,980:INFO:Epoch 71, Training loss 108461.083984375, Validation loss 108500.025390625
2022-03-03 12:58:50,364:INFO:Epoch 72, Training loss 108463.92578125, Validation loss 108499.236328125
2022-03-03 12:58:52,782:INFO:Epoch 73, Training loss 108463.48828125, Validation loss 108497.703125
2022-03-03 12:58:55,170:INFO:Epoch 74, Training loss 108459.6171875, Validation loss 108509.146484375
2022-03-03 12:58:57,525:INFO:Epoch 75, Training loss 108463.427734375, Validation loss 108501.765625
2022-03-03 12:58:59,919:INFO:Epoch 76, Training loss 108461.392578125, Validation loss 108503.5546875
2022-03-03 12:59:02,333:INFO:Epoch 77, Training loss 108461.66796875, Validation loss 108503.615234375
2022-03-03 12:59:04,738:INFO:Epoch 78, Training loss 108463.2109375, Validation loss 108509.623046875
2022-03-03 12:59:07,079:INFO:Epoch 79, Training loss 108463.474609375, Validation loss 108511.876953125
2022-03-03 12:59:09,494:INFO:Epoch 80, Training loss 108470.890625, Validation loss 108509.30078125
2022-03-03 12:59:11,866:INFO:Epoch 81, Training loss 108461.943359375, Validation loss 108494.646484375
2022-03-03 12:59:14,305:INFO:Epoch 82, Training loss 108459.314453125, Validation loss 108514.650390625
2022-03-03 12:59:16,653:INFO:Epoch 83, Training loss 108461.697265625, Validation loss 108504.466796875
2022-03-03 12:59:19,047:INFO:Epoch 84, Training loss 108459.65234375, Validation loss 108499.875
2022-03-03 12:59:21,407:INFO:Epoch 85, Training loss 108456.591796875, Validation loss 108496.177734375
2022-03-03 12:59:23,855:INFO:Epoch 86, Training loss 108454.16015625, Validation loss 108500.8046875
2022-03-03 12:59:26,228:INFO:Epoch 87, Training loss 108453.34375, Validation loss 108506.8515625
2022-03-03 12:59:28,602:INFO:Epoch 88, Training loss 108453.7734375, Validation loss 108497.84375
2022-03-03 12:59:30,977:INFO:Epoch 89, Training loss 108455.56640625, Validation loss 108499.263671875
2022-03-03 12:59:33,405:INFO:Epoch 90, Training loss 108452.123046875, Validation loss 108502.318359375
2022-03-03 12:59:35,777:INFO:Epoch 91, Training loss 108452.685546875, Validation loss 108499.275390625
2022-03-03 12:59:38,141:INFO:Epoch 92, Training loss 108452.2421875, Validation loss 108499.509765625
2022-03-03 12:59:40,528:INFO:Epoch 93, Training loss 108451.814453125, Validation loss 108504.49609375
2022-03-03 12:59:42,944:INFO:Epoch 94, Training loss 108452.314453125, Validation loss 108498.98046875
2022-03-03 12:59:45,341:INFO:Epoch 95, Training loss 108451.279296875, Validation loss 108499.669921875
2022-03-03 12:59:47,700:INFO:Epoch 96, Training loss 108450.767578125, Validation loss 108500.833984375
2022-03-03 12:59:50,089:INFO:Epoch 97, Training loss 108449.552734375, Validation loss 108497.974609375
2022-03-03 12:59:52,491:INFO:Epoch 98, Training loss 108449.34375, Validation loss 108496.90234375
2022-03-03 12:59:54,892:INFO:Epoch 99, Training loss 108449.59765625, Validation loss 108499.884765625
2022-03-03 12:59:57,236:INFO:Epoch 100, Training loss 108449.376953125, Validation loss 108508.640625
2022-03-03 12:59:59,644:INFO:Epoch 101, Training loss 108453.134765625, Validation loss 108495.7109375
2022-03-03 13:00:02,000:INFO:Epoch 102, Training loss 108450.001953125, Validation loss 108503.994140625
2022-03-03 13:00:04,456:INFO:Epoch 103, Training loss 108451.5546875, Validation loss 108499.091796875
2022-03-03 13:00:06,809:INFO:Epoch 104, Training loss 108448.720703125, Validation loss 108498.623046875
2022-03-03 13:00:09,208:INFO:Epoch 105, Training loss 108447.671875, Validation loss 108500.349609375
2022-03-03 13:00:11,578:INFO:Epoch 106, Training loss 108447.8203125, Validation loss 108499.943359375
2022-03-03 13:00:14,016:INFO:Epoch 107, Training loss 108448.09375, Validation loss 108499.369140625
2022-03-03 13:00:16,385:INFO:Epoch 108, Training loss 108451.10546875, Validation loss 108499.048828125
2022-03-03 13:00:18,763:INFO:Epoch 109, Training loss 108447.798828125, Validation loss 108494.443359375
2022-03-03 13:00:21,136:INFO:Epoch 110, Training loss 108447.666015625, Validation loss 108505.857421875
2022-03-03 13:00:23,569:INFO:Epoch 111, Training loss 108449.27734375, Validation loss 108504.861328125
2022-03-03 13:00:25,952:INFO:Epoch 112, Training loss 108445.693359375, Validation loss 108498.10546875
2022-03-03 13:00:28,322:INFO:Epoch 113, Training loss 108447.205078125, Validation loss 108500.83203125
2022-03-03 13:00:30,704:INFO:Epoch 114, Training loss 108449.48828125, Validation loss 108507.94140625
2022-03-03 13:00:33,124:INFO:Epoch 115, Training loss 108447.75390625, Validation loss 108503.3515625
2022-03-03 13:00:35,507:INFO:Epoch 116, Training loss 108447.484375, Validation loss 108498.91015625
2022-03-03 13:00:37,859:INFO:Epoch 117, Training loss 108447.919921875, Validation loss 108500.603515625
2022-03-03 13:00:40,250:INFO:Epoch 118, Training loss 108444.69140625, Validation loss 108505.666015625
2022-03-03 13:00:42,660:INFO:Epoch 119, Training loss 108444.53515625, Validation loss 108499.859375
2022-03-03 13:00:45,033:INFO:Epoch 120, Training loss 108446.310546875, Validation loss 108503.341796875
2022-03-03 13:00:47,314:INFO:Epoch 121, Training loss 108445.8125, Validation loss 108496.970703125
2022-03-03 13:00:49,649:INFO:Epoch 122, Training loss 108445.939453125, Validation loss 108503.25390625
2022-03-03 13:00:51,934:INFO:Epoch 123, Training loss 108445.90625, Validation loss 108499.423828125
2022-03-03 13:00:54,310:INFO:Epoch 124, Training loss 108449.431640625, Validation loss 108498.48046875
2022-03-03 13:00:56,596:INFO:Epoch 125, Training loss 108445.0625, Validation loss 108505.591796875
2022-03-03 13:00:58,934:INFO:Epoch 126, Training loss 108444.6640625, Validation loss 108506.654296875
2022-03-03 13:01:01,230:INFO:Epoch 127, Training loss 108447.970703125, Validation loss 108504.423828125
2022-03-03 13:01:03,604:INFO:Epoch 128, Training loss 108447.12890625, Validation loss 108494.9140625
2022-03-03 13:01:05,906:INFO:Epoch 129, Training loss 108445.052734375, Validation loss 108507.423828125
2022-03-03 13:01:08,216:INFO:Epoch 130, Training loss 108442.193359375, Validation loss 108502.091796875
2022-03-03 13:01:10,524:INFO:Epoch 131, Training loss 108444.837890625, Validation loss 108499.318359375
2022-03-03 13:01:12,887:INFO:Epoch 132, Training loss 108443.26953125, Validation loss 108503.37109375
2022-03-03 13:01:15,204:INFO:Epoch 133, Training loss 108442.060546875, Validation loss 108500.5234375
2022-03-03 13:01:17,504:INFO:Epoch 134, Training loss 108441.76953125, Validation loss 108500.126953125
2022-03-03 13:01:19,822:INFO:Epoch 135, Training loss 108443.265625, Validation loss 108499.896484375
2022-03-03 13:01:22,174:INFO:Epoch 136, Training loss 108440.400390625, Validation loss 108510.0703125
2022-03-03 13:01:24,490:INFO:Epoch 137, Training loss 108441.3671875, Validation loss 108503.107421875
2022-03-03 13:01:26,784:INFO:Epoch 138, Training loss 108442.142578125, Validation loss 108497.44140625
2022-03-03 13:01:29,111:INFO:Epoch 139, Training loss 108444.396484375, Validation loss 108508.28515625
2022-03-03 13:01:31,344:INFO:Epoch 140, Training loss 108444.6015625, Validation loss 108502.78515625
2022-03-03 13:01:33,575:INFO:Epoch 141, Training loss 108447.53515625, Validation loss 108505.380859375
2022-03-03 13:01:35,751:INFO:Epoch 142, Training loss 108442.51953125, Validation loss 108505.2421875
2022-03-03 13:01:37,990:INFO:Epoch 143, Training loss 108441.037109375, Validation loss 108499.220703125
2022-03-03 13:01:40,173:INFO:Epoch 144, Training loss 108443.490234375, Validation loss 108500.65234375
2022-03-03 13:01:42,454:INFO:Epoch 145, Training loss 108440.3359375, Validation loss 108508.578125
2022-03-03 13:01:44,639:INFO:Epoch 146, Training loss 108441.0546875, Validation loss 108504.255859375
2022-03-03 13:01:46,873:INFO:Epoch 147, Training loss 108440.310546875, Validation loss 108503.283203125
2022-03-03 13:01:49,068:INFO:Epoch 148, Training loss 108440.568359375, Validation loss 108500.85546875
2022-03-03 13:01:51,341:INFO:Epoch 149, Training loss 108438.3046875, Validation loss 108506.00390625
2022-03-03 13:01:53,537:INFO:Epoch 150, Training loss 108440.619140625, Validation loss 108505.8125
2022-03-03 13:01:55,750:INFO:Epoch 151, Training loss 108438.90234375, Validation loss 108501.634765625
2022-03-03 13:01:57,960:INFO:Epoch 152, Training loss 108440.185546875, Validation loss 108506.814453125
2022-03-03 13:02:00,214:INFO:Epoch 153, Training loss 108439.837890625, Validation loss 108505.748046875
2022-03-03 13:02:02,425:INFO:Epoch 154, Training loss 108443.802734375, Validation loss 108502.56640625
2022-03-03 13:02:04,633:INFO:Epoch 155, Training loss 108456.015625, Validation loss 108513.71484375
2022-03-03 13:02:06,854:INFO:Epoch 156, Training loss 108445.650390625, Validation loss 108534.431640625
2022-03-03 13:02:09,104:INFO:Epoch 157, Training loss 108450.130859375, Validation loss 108502.00390625
2022-03-03 13:02:11,326:INFO:Epoch 158, Training loss 108446.646484375, Validation loss 108508.38671875
2022-03-03 13:02:13,517:INFO:Epoch 159, Training loss 108445.625, Validation loss 108503.087890625
2022-03-03 13:02:13,524:INFO:Finished training
