2021-11-18 16:14:02,481:INFO:All directories created, ready to load the data
2021-11-18 16:14:02,514:INFO:Dataset loaded from /data/theorie/jthoeve/event_generation/events_high_stats/lin/cHq3/events_11.npy
2021-11-18 16:14:02,552:INFO:Dataset loaded from /data/theorie/jthoeve/event_generation/events_high_stats/sm/events_11.npy
2021-11-18 16:14:06,392:INFO:Epoch 1, Training loss 84639.453125, Validation loss 84639.453125
2021-11-18 16:14:10,220:INFO:Epoch 2, Training loss 84639.453125, Validation loss 84639.453125
2021-11-18 16:14:14,030:INFO:Epoch 3, Training loss 84639.453125, Validation loss 84639.453125
2021-11-18 16:14:17,756:INFO:Epoch 4, Training loss 84639.453125, Validation loss 84639.453125
2021-11-18 16:14:21,605:INFO:Epoch 5, Training loss 84639.453125, Validation loss 84639.453125
2021-11-18 16:14:25,300:INFO:Epoch 6, Training loss 84639.453125, Validation loss 84639.453125
2021-11-18 16:14:29,044:INFO:Epoch 7, Training loss 84639.453125, Validation loss 84639.453125
2021-11-18 16:14:32,811:INFO:Epoch 8, Training loss 84639.453125, Validation loss 84639.453125
2021-11-18 16:14:36,530:INFO:Epoch 9, Training loss 84639.453125, Validation loss 84639.453125
2021-11-18 16:14:40,303:INFO:Epoch 10, Training loss 84639.453125, Validation loss 84639.453125
2021-11-18 16:14:43,991:INFO:Epoch 11, Training loss 84639.453125, Validation loss 84639.453125
2021-11-18 16:14:44,058:INFO:Detected stagant training, reset the weights
2021-11-18 16:14:47,721:INFO:Epoch 12, Training loss 76126.2578125, Validation loss 75820.1015625
2021-11-18 16:14:51,529:INFO:Epoch 13, Training loss 75815.9375, Validation loss 75447.3828125
2021-11-18 16:14:55,224:INFO:Epoch 14, Training loss 75443.9765625, Validation loss 75072.8828125
2021-11-18 16:14:58,984:INFO:Epoch 15, Training loss 75070.3984375, Validation loss 74728.1953125
2021-11-18 16:15:02,743:INFO:Epoch 16, Training loss 74726.609375, Validation loss 74430.7734375
2021-11-18 16:15:06,450:INFO:Epoch 17, Training loss 74429.6328125, Validation loss 74188.3671875
2021-11-18 16:15:10,214:INFO:Epoch 18, Training loss 74187.5625, Validation loss 74002.703125
2021-11-18 16:15:14,009:INFO:Epoch 19, Training loss 74002.2734375, Validation loss 73871.5078125
2021-11-18 16:15:17,800:INFO:Epoch 20, Training loss 73871.4921875, Validation loss 73789.4921875
2021-11-18 16:15:21,562:INFO:Epoch 21, Training loss 73789.8046875, Validation loss 73749.03125
2021-11-18 16:15:25,266:INFO:Epoch 22, Training loss 73749.7734375, Validation loss 73741.6875
2021-11-18 16:15:29,028:INFO:Epoch 23, Training loss 73742.953125, Validation loss 73758.578125
2021-11-18 16:15:32,823:INFO:Epoch 24, Training loss 73760.2578125, Validation loss 73789.5625
2021-11-18 16:15:36,561:INFO:Epoch 25, Training loss 73791.6015625, Validation loss 73825.2734375
2021-11-18 16:15:40,353:INFO:Epoch 26, Training loss 73827.5390625, Validation loss 73858.75
2021-11-18 16:15:44,094:INFO:Epoch 27, Training loss 73861.03125, Validation loss 73885.5078125
2021-11-18 16:15:47,819:INFO:Epoch 28, Training loss 73887.703125, Validation loss 73903.3515625
2021-11-18 16:15:51,586:INFO:Epoch 29, Training loss 73905.453125, Validation loss 73912.1484375
2021-11-18 16:15:55,299:INFO:Epoch 30, Training loss 73914.0625, Validation loss 73912.515625
2021-11-18 16:15:59,030:INFO:Epoch 31, Training loss 73914.2734375, Validation loss 73905.6796875
2021-11-18 16:16:02,702:INFO:Epoch 32, Training loss 73907.1953125, Validation loss 73893.0
2021-11-18 16:16:06,387:INFO:Epoch 33, Training loss 73894.296875, Validation loss 73876.0078125
2021-11-18 16:16:10,211:INFO:Epoch 34, Training loss 73877.203125, Validation loss 73856.515625
2021-11-18 16:16:13,951:INFO:Epoch 35, Training loss 73857.609375, Validation loss 73836.0078125
2021-11-18 16:16:18,089:INFO:Epoch 36, Training loss 73837.078125, Validation loss 73815.59375
2021-11-18 16:16:21,872:INFO:Epoch 37, Training loss 73816.75, Validation loss 73796.3125
2021-11-18 16:16:25,565:INFO:Epoch 38, Training loss 73797.4609375, Validation loss 73779.1328125
2021-11-18 16:16:29,342:INFO:Epoch 39, Training loss 73780.2890625, Validation loss 73764.65625
2021-11-18 16:16:33,155:INFO:Epoch 40, Training loss 73765.84375, Validation loss 73753.328125
2021-11-18 16:16:37,590:INFO:Epoch 41, Training loss 73754.546875, Validation loss 73745.234375
2021-11-18 16:16:41,386:INFO:Epoch 42, Training loss 73746.5546875, Validation loss 73740.3671875
2021-11-18 16:16:45,085:INFO:Epoch 43, Training loss 73741.734375, Validation loss 73738.34375
2021-11-18 16:16:48,832:INFO:Epoch 44, Training loss 73739.7421875, Validation loss 73738.65625
2021-11-18 16:16:52,600:INFO:Epoch 45, Training loss 73740.0703125, Validation loss 73740.6875
2021-11-18 16:16:56,319:INFO:Epoch 46, Training loss 73742.0546875, Validation loss 73743.6875
2021-11-18 16:17:00,106:INFO:Epoch 47, Training loss 73745.0078125, Validation loss 73746.9375
2021-11-18 16:17:03,905:INFO:Epoch 48, Training loss 73748.203125, Validation loss 73749.8203125
2021-11-18 16:17:07,617:INFO:Epoch 49, Training loss 73751.015625, Validation loss 73751.9140625
2021-11-18 16:17:11,402:INFO:Epoch 50, Training loss 73753.0390625, Validation loss 73752.9921875
2021-11-18 16:17:15,095:INFO:Epoch 51, Training loss 73754.0546875, Validation loss 73753.0390625
2021-11-18 16:17:18,752:INFO:Epoch 52, Training loss 73754.0546875, Validation loss 73752.1796875
2021-11-18 16:17:22,426:INFO:Epoch 53, Training loss 73753.1484375, Validation loss 73750.640625
2021-11-18 16:17:26,165:INFO:Epoch 54, Training loss 73751.5625, Validation loss 73748.671875
2021-11-18 16:17:29,966:INFO:Epoch 55, Training loss 73749.5234375, Validation loss 73746.5
2021-11-18 16:17:33,787:INFO:Epoch 56, Training loss 73747.2734375, Validation loss 73744.3515625
2021-11-18 16:17:37,485:INFO:Epoch 57, Training loss 73745.046875, Validation loss 73742.4296875
2021-11-18 16:17:41,273:INFO:Epoch 58, Training loss 73742.9921875, Validation loss 73740.84375
2021-11-18 16:17:45,034:INFO:Epoch 59, Training loss 73741.2734375, Validation loss 73739.640625
2021-11-18 16:17:48,791:INFO:Epoch 60, Training loss 73739.9453125, Validation loss 73738.859375
2021-11-18 16:17:52,576:INFO:Epoch 61, Training loss 73739.0546875, Validation loss 73738.5078125
2021-11-18 16:17:56,325:INFO:Epoch 62, Training loss 73738.5625, Validation loss 73738.5
2021-11-18 16:18:00,140:INFO:Epoch 63, Training loss 73738.3984375, Validation loss 73738.734375
2021-11-18 16:18:03,881:INFO:Epoch 64, Training loss 73738.53125, Validation loss 73739.1015625
2021-11-18 16:18:07,643:INFO:Epoch 65, Training loss 73738.8125, Validation loss 73739.5078125
2021-11-18 16:18:11,467:INFO:Epoch 66, Training loss 73739.125, Validation loss 73739.8984375
2021-11-18 16:18:15,194:INFO:Epoch 67, Training loss 73739.4375, Validation loss 73740.25
2021-11-18 16:18:18,983:INFO:Epoch 68, Training loss 73739.7109375, Validation loss 73740.5078125
2021-11-18 16:18:22,798:INFO:Epoch 69, Training loss 73739.890625, Validation loss 73740.6640625
2021-11-18 16:18:26,551:INFO:Epoch 70, Training loss 73739.9921875, Validation loss 73740.71875
2021-11-18 16:18:30,301:INFO:Epoch 71, Training loss 73740.0078125, Validation loss 73740.6796875
2021-11-18 16:18:33,969:INFO:Epoch 72, Training loss 73739.9375, Validation loss 73740.5625
2021-11-18 16:18:37,580:INFO:Epoch 73, Training loss 73739.796875, Validation loss 73740.375
2021-11-18 16:18:41,306:INFO:Epoch 74, Training loss 73739.6015625, Validation loss 73740.140625
2021-11-18 16:18:45,035:INFO:Epoch 75, Training loss 73739.3671875, Validation loss 73739.875
2021-11-18 16:18:48,831:INFO:Epoch 76, Training loss 73739.109375, Validation loss 73739.6015625
2021-11-18 16:18:52,659:INFO:Epoch 77, Training loss 73738.84375, Validation loss 73739.3359375
2021-11-18 16:18:56,409:INFO:Epoch 78, Training loss 73738.59375, Validation loss 73739.0859375
2021-11-18 16:19:00,173:INFO:Epoch 79, Training loss 73738.3671875, Validation loss 73738.875
2021-11-18 16:19:03,880:INFO:Epoch 80, Training loss 73738.171875, Validation loss 73738.6875
2021-11-18 16:19:07,664:INFO:Epoch 81, Training loss 73738.0078125, Validation loss 73738.5390625
2021-11-18 16:19:11,464:INFO:Epoch 82, Training loss 73737.875, Validation loss 73738.421875
2021-11-18 16:19:15,214:INFO:Epoch 83, Training loss 73737.7734375, Validation loss 73738.328125
2021-11-18 16:19:19,007:INFO:Epoch 84, Training loss 73737.703125, Validation loss 73738.2578125
2021-11-18 16:19:22,838:INFO:Epoch 85, Training loss 73737.6484375, Validation loss 73738.2109375
2021-11-18 16:19:26,564:INFO:Epoch 86, Training loss 73737.6171875, Validation loss 73738.171875
2021-11-18 16:19:30,333:INFO:Epoch 87, Training loss 73737.59375, Validation loss 73738.1328125
2021-11-18 16:19:34,056:INFO:Epoch 88, Training loss 73737.5703125, Validation loss 73738.09375
2021-11-18 16:19:37,839:INFO:Epoch 89, Training loss 73737.53125, Validation loss 73738.0546875
2021-11-18 16:19:41,662:INFO:Epoch 90, Training loss 73737.4921875, Validation loss 73738.0
2021-11-18 16:19:45,427:INFO:Epoch 91, Training loss 73737.4375, Validation loss 73737.9375
2021-11-18 16:19:49,252:INFO:Epoch 92, Training loss 73737.3671875, Validation loss 73737.859375
2021-11-18 16:19:52,871:INFO:Epoch 93, Training loss 73737.296875, Validation loss 73737.78125
2021-11-18 16:19:56,494:INFO:Epoch 94, Training loss 73737.21875, Validation loss 73737.703125
2021-11-18 16:20:00,293:INFO:Epoch 95, Training loss 73737.140625, Validation loss 73737.625
2021-11-18 16:20:04,025:INFO:Epoch 96, Training loss 73737.0625, Validation loss 73737.5390625
2021-11-18 16:20:07,827:INFO:Epoch 97, Training loss 73736.984375, Validation loss 73737.4609375
2021-11-18 16:20:11,680:INFO:Epoch 98, Training loss 73736.90625, Validation loss 73737.3828125
2021-11-18 16:20:15,450:INFO:Epoch 99, Training loss 73736.828125, Validation loss 73737.328125
2021-11-18 16:20:19,304:INFO:Epoch 100, Training loss 73736.7578125, Validation loss 73737.2734375
2021-11-18 16:20:23,030:INFO:Epoch 101, Training loss 73736.6953125, Validation loss 73737.234375
2021-11-18 16:20:26,707:INFO:Epoch 102, Training loss 73736.6484375, Validation loss 73737.203125
2021-11-18 16:20:30,387:INFO:Epoch 103, Training loss 73736.609375, Validation loss 73737.171875
2021-11-18 16:20:34,008:INFO:Epoch 104, Training loss 73736.578125, Validation loss 73737.15625
2021-11-18 16:20:37,679:INFO:Epoch 105, Training loss 73736.5390625, Validation loss 73737.1328125
2021-11-18 16:20:41,368:INFO:Epoch 106, Training loss 73736.5078125, Validation loss 73737.125
2021-11-18 16:20:45,023:INFO:Epoch 107, Training loss 73736.4765625, Validation loss 73737.109375
2021-11-18 16:20:48,677:INFO:Epoch 108, Training loss 73736.4453125, Validation loss 73737.09375
2021-11-18 16:20:52,267:INFO:Epoch 109, Training loss 73736.4140625, Validation loss 73737.0703125
2021-11-18 16:20:55,895:INFO:Epoch 110, Training loss 73736.375, Validation loss 73737.0390625
2021-11-18 16:20:59,554:INFO:Epoch 111, Training loss 73736.34375, Validation loss 73737.015625
2021-11-18 16:21:03,188:INFO:Epoch 112, Training loss 73736.3046875, Validation loss 73736.984375
2021-11-18 16:21:06,856:INFO:Epoch 113, Training loss 73736.265625, Validation loss 73736.9609375
2021-11-18 16:21:10,485:INFO:Epoch 114, Training loss 73736.2265625, Validation loss 73736.9375
2021-11-18 16:21:14,148:INFO:Epoch 115, Training loss 73736.1875, Validation loss 73736.90625
2021-11-18 16:21:17,808:INFO:Epoch 116, Training loss 73736.1484375, Validation loss 73736.8828125
2021-11-18 16:21:21,394:INFO:Epoch 117, Training loss 73736.109375, Validation loss 73736.859375
2021-11-18 16:21:25,057:INFO:Epoch 118, Training loss 73736.078125, Validation loss 73736.84375
2021-11-18 16:21:28,754:INFO:Epoch 119, Training loss 73736.0390625, Validation loss 73736.828125
2021-11-18 16:21:32,394:INFO:Epoch 120, Training loss 73736.0078125, Validation loss 73736.8046875
2021-11-18 16:21:36,083:INFO:Epoch 121, Training loss 73735.9765625, Validation loss 73736.7890625
2021-11-18 16:21:39,738:INFO:Epoch 122, Training loss 73735.953125, Validation loss 73736.78125
2021-11-18 16:21:43,396:INFO:Epoch 123, Training loss 73735.921875, Validation loss 73736.765625
2021-11-18 16:21:47,073:INFO:Epoch 124, Training loss 73735.890625, Validation loss 73736.75
2021-11-18 16:21:50,690:INFO:Epoch 125, Training loss 73735.859375, Validation loss 73736.7421875
2021-11-18 16:21:54,380:INFO:Epoch 126, Training loss 73735.828125, Validation loss 73736.7265625
2021-11-18 16:21:58,086:INFO:Epoch 127, Training loss 73735.796875, Validation loss 73736.71875
2021-11-18 16:22:01,753:INFO:Epoch 128, Training loss 73735.765625, Validation loss 73736.7109375
2021-11-18 16:22:05,470:INFO:Epoch 129, Training loss 73735.734375, Validation loss 73736.6953125
2021-11-18 16:22:09,071:INFO:Epoch 130, Training loss 73735.7109375, Validation loss 73736.6875
2021-11-18 16:22:12,775:INFO:Epoch 131, Training loss 73735.671875, Validation loss 73736.671875
2021-11-18 16:22:16,477:INFO:Epoch 132, Training loss 73735.6484375, Validation loss 73736.6640625
2021-11-18 16:22:20,122:INFO:Epoch 133, Training loss 73735.6171875, Validation loss 73736.6484375
2021-11-18 16:22:23,827:INFO:Epoch 134, Training loss 73735.5859375, Validation loss 73736.640625
2021-11-18 16:22:27,557:INFO:Epoch 135, Training loss 73735.5625, Validation loss 73736.6328125
2021-11-18 16:22:31,195:INFO:Epoch 136, Training loss 73735.53125, Validation loss 73736.6171875
2021-11-18 16:22:34,838:INFO:Epoch 137, Training loss 73735.5078125, Validation loss 73736.609375
2021-11-18 16:22:38,434:INFO:Epoch 138, Training loss 73735.484375, Validation loss 73736.59375
2021-11-18 16:22:42,108:INFO:Epoch 139, Training loss 73735.4609375, Validation loss 73736.5859375
2021-11-18 16:22:45,793:INFO:Epoch 140, Training loss 73735.4375, Validation loss 73736.5703125
2021-11-18 16:22:49,418:INFO:Epoch 141, Training loss 73735.4140625, Validation loss 73736.5625
2021-11-18 16:22:53,097:INFO:Epoch 142, Training loss 73735.390625, Validation loss 73736.546875
2021-11-18 16:22:56,804:INFO:Epoch 143, Training loss 73735.3671875, Validation loss 73736.53125
2021-11-18 16:23:00,398:INFO:Epoch 144, Training loss 73735.3359375, Validation loss 73736.515625
2021-11-18 16:23:04,051:INFO:Epoch 145, Training loss 73735.3125, Validation loss 73736.5078125
2021-11-18 16:23:07,645:INFO:Epoch 146, Training loss 73735.2890625, Validation loss 73736.4921875
2021-11-18 16:23:11,280:INFO:Epoch 147, Training loss 73735.265625, Validation loss 73736.484375
2021-11-18 16:23:14,991:INFO:Epoch 148, Training loss 73735.2421875, Validation loss 73736.46875
2021-11-18 16:23:18,613:INFO:Epoch 149, Training loss 73735.2109375, Validation loss 73736.453125
2021-11-18 16:23:22,310:INFO:Epoch 150, Training loss 73735.1875, Validation loss 73736.4453125
2021-11-18 16:23:25,942:INFO:Epoch 151, Training loss 73735.1640625, Validation loss 73736.4296875
2021-11-18 16:23:29,566:INFO:Epoch 152, Training loss 73735.140625, Validation loss 73736.4140625
2021-11-18 16:23:33,214:INFO:Epoch 153, Training loss 73735.1171875, Validation loss 73736.40625
2021-11-18 16:23:36,823:INFO:Epoch 154, Training loss 73735.09375, Validation loss 73736.3984375
2021-11-18 16:23:40,493:INFO:Epoch 155, Training loss 73735.0703125, Validation loss 73736.3828125
2021-11-18 16:23:44,192:INFO:Epoch 156, Training loss 73735.046875, Validation loss 73736.375
2021-11-18 16:23:47,829:INFO:Epoch 157, Training loss 73735.0234375, Validation loss 73736.359375
2021-11-18 16:23:51,499:INFO:Epoch 158, Training loss 73735.0, Validation loss 73736.3515625
2021-11-18 16:23:55,098:INFO:Epoch 159, Training loss 73734.9765625, Validation loss 73736.3359375
2021-11-18 16:23:58,736:INFO:Epoch 160, Training loss 73734.953125, Validation loss 73736.3203125
2021-11-18 16:24:02,381:INFO:Epoch 161, Training loss 73734.9296875, Validation loss 73736.3125
2021-11-18 16:24:05,987:INFO:Epoch 162, Training loss 73734.90625, Validation loss 73736.296875
2021-11-18 16:24:09,654:INFO:Epoch 163, Training loss 73734.890625, Validation loss 73736.28125
2021-11-18 16:24:13,383:INFO:Epoch 164, Training loss 73734.8671875, Validation loss 73736.2734375
2021-11-18 16:24:17,022:INFO:Epoch 165, Training loss 73734.84375, Validation loss 73736.265625
2021-11-18 16:24:20,670:INFO:Epoch 166, Training loss 73734.828125, Validation loss 73736.2578125
2021-11-18 16:24:24,254:INFO:Epoch 167, Training loss 73734.8046875, Validation loss 73736.25
2021-11-18 16:24:27,907:INFO:Epoch 168, Training loss 73734.78125, Validation loss 73736.2421875
2021-11-18 16:24:31,588:INFO:Epoch 169, Training loss 73734.7578125, Validation loss 73736.234375
2021-11-18 16:24:35,205:INFO:Epoch 170, Training loss 73734.7421875, Validation loss 73736.2265625
2021-11-18 16:24:38,890:INFO:Epoch 171, Training loss 73734.71875, Validation loss 73736.2265625
2021-11-18 16:24:42,600:INFO:Epoch 172, Training loss 73734.6953125, Validation loss 73736.21875
2021-11-18 16:24:46,200:INFO:Epoch 173, Training loss 73734.671875, Validation loss 73736.2109375
2021-11-18 16:24:49,855:INFO:Epoch 174, Training loss 73734.6484375, Validation loss 73736.2109375
2021-11-18 16:24:53,460:INFO:Epoch 175, Training loss 73734.6328125, Validation loss 73736.203125
2021-11-18 16:24:57,112:INFO:Epoch 176, Training loss 73734.609375, Validation loss 73736.203125
2021-11-18 16:25:00,797:INFO:Epoch 177, Training loss 73734.5859375, Validation loss 73736.1953125
2021-11-18 16:25:04,436:INFO:Epoch 178, Training loss 73734.5625, Validation loss 73736.1953125
2021-11-18 16:25:08,130:INFO:Epoch 179, Training loss 73734.5390625, Validation loss 73736.1875
2021-11-18 16:25:11,732:INFO:Epoch 180, Training loss 73734.515625, Validation loss 73736.1796875
2021-11-18 16:25:15,408:INFO:Epoch 181, Training loss 73734.5, Validation loss 73736.1796875
2021-11-18 16:25:19,083:INFO:Epoch 182, Training loss 73734.4765625, Validation loss 73736.1796875
2021-11-18 16:25:22,695:INFO:Epoch 183, Training loss 73734.453125, Validation loss 73736.171875
2021-11-18 16:25:26,361:INFO:Epoch 184, Training loss 73734.4296875, Validation loss 73736.1640625
2021-11-18 16:25:30,051:INFO:Epoch 185, Training loss 73734.40625, Validation loss 73736.15625
2021-11-18 16:25:33,686:INFO:Epoch 186, Training loss 73734.3828125, Validation loss 73736.15625
2021-11-18 16:25:37,391:INFO:Epoch 187, Training loss 73734.3671875, Validation loss 73736.15625
2021-11-18 16:25:40,984:INFO:Epoch 188, Training loss 73734.34375, Validation loss 73736.1484375
2021-11-18 16:25:44,648:INFO:Epoch 189, Training loss 73734.3203125, Validation loss 73736.140625
2021-11-18 16:25:48,316:INFO:Epoch 190, Training loss 73734.3046875, Validation loss 73736.140625
2021-11-18 16:25:51,931:INFO:Epoch 191, Training loss 73734.2734375, Validation loss 73736.1328125
2021-11-18 16:25:55,617:INFO:Epoch 192, Training loss 73734.2578125, Validation loss 73736.125
2021-11-18 16:25:59,324:INFO:Epoch 193, Training loss 73734.234375, Validation loss 73736.1171875
2021-11-18 16:26:02,973:INFO:Epoch 194, Training loss 73734.2109375, Validation loss 73736.109375
2021-11-18 16:26:06,634:INFO:Epoch 195, Training loss 73734.1796875, Validation loss 73736.109375
2021-11-18 16:26:10,234:INFO:Epoch 196, Training loss 73734.1640625, Validation loss 73736.1015625
2021-11-18 16:26:13,914:INFO:Epoch 197, Training loss 73734.140625, Validation loss 73736.09375
2021-11-18 16:26:17,605:INFO:Epoch 198, Training loss 73734.1171875, Validation loss 73736.09375
2021-11-18 16:26:21,257:INFO:Epoch 199, Training loss 73734.09375, Validation loss 73736.09375
2021-11-18 16:26:24,940:INFO:Epoch 200, Training loss 73734.0703125, Validation loss 73736.0859375
2021-11-18 16:26:28,573:INFO:Epoch 201, Training loss 73734.046875, Validation loss 73736.078125
2021-11-18 16:26:32,198:INFO:Epoch 202, Training loss 73734.0234375, Validation loss 73736.078125
2021-11-18 16:26:35,856:INFO:Epoch 203, Training loss 73734.0, Validation loss 73736.078125
2021-11-18 16:26:39,471:INFO:Epoch 204, Training loss 73733.984375, Validation loss 73736.0703125
2021-11-18 16:26:43,144:INFO:Epoch 205, Training loss 73733.953125, Validation loss 73736.0546875
2021-11-18 16:26:46,839:INFO:Epoch 206, Training loss 73733.9296875, Validation loss 73736.0546875
2021-11-18 16:26:50,475:INFO:Epoch 207, Training loss 73733.9140625, Validation loss 73736.046875
2021-11-18 16:26:54,169:INFO:Epoch 208, Training loss 73733.890625, Validation loss 73736.0546875
2021-11-18 16:26:57,812:INFO:Epoch 209, Training loss 73733.8671875, Validation loss 73736.0546875
2021-11-18 16:27:01,463:INFO:Epoch 210, Training loss 73733.84375, Validation loss 73736.0625
2021-11-18 16:27:05,126:INFO:Epoch 211, Training loss 73733.8203125, Validation loss 73736.0625
2021-11-18 16:27:08,737:INFO:Epoch 212, Training loss 73733.8046875, Validation loss 73736.0703125
2021-11-18 16:27:12,440:INFO:Epoch 213, Training loss 73733.7734375, Validation loss 73736.078125
2021-11-18 16:27:16,162:INFO:Epoch 214, Training loss 73733.7578125, Validation loss 73736.078125
2021-11-18 16:27:19,810:INFO:Epoch 215, Training loss 73733.734375, Validation loss 73736.078125
2021-11-18 16:27:23,514:INFO:Epoch 216, Training loss 73733.7109375, Validation loss 73736.0859375
2021-11-18 16:27:27,121:INFO:Epoch 217, Training loss 73733.6875, Validation loss 73736.0859375
2021-11-18 16:27:30,763:INFO:Epoch 218, Training loss 73733.671875, Validation loss 73736.0859375
2021-11-18 16:27:34,452:INFO:Epoch 219, Training loss 73733.6484375, Validation loss 73736.09375
2021-11-18 16:27:38,069:INFO:Epoch 220, Training loss 73733.625, Validation loss 73736.09375
2021-11-18 16:27:41,755:INFO:Epoch 221, Training loss 73733.6015625, Validation loss 73736.1015625
2021-11-18 16:27:45,477:INFO:Epoch 222, Training loss 73733.5859375, Validation loss 73736.1015625
2021-11-18 16:27:49,078:INFO:Epoch 223, Training loss 73733.5625, Validation loss 73736.1015625
2021-11-18 16:27:52,738:INFO:Epoch 224, Training loss 73733.5390625, Validation loss 73736.1015625
2021-11-18 16:27:56,336:INFO:Epoch 225, Training loss 73733.515625, Validation loss 73736.09375
2021-11-18 16:27:59,984:INFO:Epoch 226, Training loss 73733.5, Validation loss 73736.09375
2021-11-18 16:28:03,672:INFO:Epoch 227, Training loss 73733.4765625, Validation loss 73736.09375
2021-11-18 16:28:07,311:INFO:Epoch 228, Training loss 73733.453125, Validation loss 73736.09375
2021-11-18 16:28:10,996:INFO:Epoch 229, Training loss 73733.4296875, Validation loss 73736.0859375
2021-11-18 16:28:14,748:INFO:Epoch 230, Training loss 73733.4140625, Validation loss 73736.0859375
2021-11-18 16:28:18,349:INFO:Epoch 231, Training loss 73733.390625, Validation loss 73736.09375
2021-11-18 16:28:22,028:INFO:Epoch 232, Training loss 73733.3671875, Validation loss 73736.09375
2021-11-18 16:28:25,646:INFO:Epoch 233, Training loss 73733.34375, Validation loss 73736.09375
2021-11-18 16:28:29,317:INFO:Epoch 234, Training loss 73733.328125, Validation loss 73736.1015625
2021-11-18 16:28:33,015:INFO:Epoch 235, Training loss 73733.3046875, Validation loss 73736.1015625
2021-11-18 16:28:36,659:INFO:Epoch 236, Training loss 73733.28125, Validation loss 73736.09375
2021-11-18 16:28:40,369:INFO:Epoch 237, Training loss 73733.2578125, Validation loss 73736.09375
2021-11-18 16:28:44,020:INFO:Epoch 238, Training loss 73733.2421875, Validation loss 73736.1015625
2021-11-18 16:28:47,662:INFO:Epoch 239, Training loss 73733.21875, Validation loss 73736.1015625
2021-11-18 16:28:51,333:INFO:Epoch 240, Training loss 73733.1953125, Validation loss 73736.1015625
2021-11-18 16:28:54,950:INFO:Epoch 241, Training loss 73733.171875, Validation loss 73736.109375
2021-11-18 16:28:58,628:INFO:Epoch 242, Training loss 73733.15625, Validation loss 73736.1171875
2021-11-18 16:29:02,342:INFO:Epoch 243, Training loss 73733.1328125, Validation loss 73736.1171875
2021-11-18 16:29:05,997:INFO:Epoch 244, Training loss 73733.109375, Validation loss 73736.125
2021-11-18 16:29:09,633:INFO:Epoch 245, Training loss 73733.0859375, Validation loss 73736.1328125
2021-11-18 16:29:13,248:INFO:Epoch 246, Training loss 73733.0625, Validation loss 73736.140625
2021-11-18 16:29:16,909:INFO:Epoch 247, Training loss 73733.046875, Validation loss 73736.1484375
2021-11-18 16:29:20,601:INFO:Epoch 248, Training loss 73733.0234375, Validation loss 73736.15625
2021-11-18 16:29:24,224:INFO:Epoch 249, Training loss 73733.0, Validation loss 73736.1640625
2021-11-18 16:29:27,913:INFO:Epoch 250, Training loss 73732.984375, Validation loss 73736.171875
2021-11-18 16:29:31,622:INFO:Epoch 251, Training loss 73732.9609375, Validation loss 73736.1796875
2021-11-18 16:29:35,266:INFO:Epoch 252, Training loss 73732.9375, Validation loss 73736.1875
2021-11-18 16:29:38,945:INFO:Epoch 253, Training loss 73732.9140625, Validation loss 73736.1953125
2021-11-18 16:29:42,545:INFO:Epoch 254, Training loss 73732.890625, Validation loss 73736.203125
2021-11-18 16:29:46,219:INFO:Epoch 255, Training loss 73732.8671875, Validation loss 73736.2109375
2021-11-18 16:29:49,911:INFO:Epoch 256, Training loss 73732.8515625, Validation loss 73736.2265625
2021-11-18 16:29:53,540:INFO:Epoch 257, Training loss 73732.828125, Validation loss 73736.234375
2021-11-18 16:29:53,547:INFO:Finished training, producing training report at /data/theorie/jthoeve/ML4EFT_higgs/models/17_11/model_final_lin_cHq3_v7/mc_run_11/plots/training_report/
2021-11-18 16:29:55,963:WARNING:findfont: Font family ['sans-serif'] not found. Falling back to DejaVu Sans.
