2021-11-24 15:26:08,275:INFO:All directories created, ready to load the data
2021-11-24 15:26:08,307:INFO:Dataset loaded from /data/theorie/jthoeve/event_generation/events_high_stats/quad/cHW/events_7.npy
2021-11-24 15:26:08,310:INFO:Dataset loaded from /data/theorie/jthoeve/event_generation/events_high_stats/sm/events_7.npy
2021-11-24 15:26:12,155:INFO:Epoch 1, Training loss 183638.015625, Validation loss 180846.24609375
2021-11-24 15:26:15,998:INFO:Epoch 2, Training loss 172591.6953125, Validation loss 161422.98828125
2021-11-24 15:26:19,773:INFO:Epoch 3, Training loss 157361.2578125, Validation loss 152625.896484375
2021-11-24 15:26:23,629:INFO:Epoch 4, Training loss 151223.740234375, Validation loss 149405.21484375
2021-11-24 15:26:27,421:INFO:Epoch 5, Training loss 148949.6796875, Validation loss 148301.75390625
2021-11-24 15:26:31,241:INFO:Epoch 6, Training loss 148272.19140625, Validation loss 148038.009765625
2021-11-24 15:26:35,050:INFO:Epoch 7, Training loss 148052.36328125, Validation loss 147805.142578125
2021-11-24 15:26:38,880:INFO:Epoch 8, Training loss 147743.416015625, Validation loss 147370.076171875
2021-11-24 15:26:42,669:INFO:Epoch 9, Training loss 147227.359375, Validation loss 146735.98046875
2021-11-24 15:26:46,490:INFO:Epoch 10, Training loss 146567.0546875, Validation loss 146071.09765625
2021-11-24 15:26:50,288:INFO:Epoch 11, Training loss 145973.4609375, Validation loss 145555.66015625
2021-11-24 15:26:54,118:INFO:Epoch 12, Training loss 145483.001953125, Validation loss 145069.248046875
2021-11-24 15:26:57,932:INFO:Epoch 13, Training loss 145005.7734375, Validation loss 144614.607421875
2021-11-24 15:27:01,725:INFO:Epoch 14, Training loss 144571.1875, Validation loss 144214.3828125
2021-11-24 15:27:05,551:INFO:Epoch 15, Training loss 144195.06640625, Validation loss 143901.90625
2021-11-24 15:27:09,397:INFO:Epoch 16, Training loss 143920.7109375, Validation loss 143711.009765625
2021-11-24 15:27:13,212:INFO:Epoch 17, Training loss 143764.134765625, Validation loss 143639.513671875
2021-11-24 15:27:16,993:INFO:Epoch 18, Training loss 143693.46484375, Validation loss 143622.4375
2021-11-24 15:27:20,820:INFO:Epoch 19, Training loss 143657.16015625, Validation loss 143603.091796875
2021-11-24 15:27:24,616:INFO:Epoch 20, Training loss 143617.4296875, Validation loss 143566.646484375
2021-11-24 15:27:28,474:INFO:Epoch 21, Training loss 143580.92578125, Validation loss 143544.43359375
2021-11-24 15:27:32,264:INFO:Epoch 22, Training loss 143556.091796875, Validation loss 143524.14453125
2021-11-24 15:27:36,094:INFO:Epoch 23, Training loss 143536.404296875, Validation loss 143512.126953125
2021-11-24 15:27:39,895:INFO:Epoch 24, Training loss 143523.3671875, Validation loss 143503.44921875
2021-11-24 15:27:43,760:INFO:Epoch 25, Training loss 143510.083984375, Validation loss 143495.4140625
2021-11-24 15:27:47,565:INFO:Epoch 26, Training loss 143504.064453125, Validation loss 143488.953125
2021-11-24 15:27:51,749:INFO:Epoch 27, Training loss 143498.23046875, Validation loss 143484.5390625
2021-11-24 15:27:55,551:INFO:Epoch 28, Training loss 143493.537109375, Validation loss 143480.3359375
2021-11-24 15:27:59,407:INFO:Epoch 29, Training loss 143492.12109375, Validation loss 143482.130859375
2021-11-24 15:28:03,207:INFO:Epoch 30, Training loss 143488.443359375, Validation loss 143477.736328125
2021-11-24 15:28:07,014:INFO:Epoch 31, Training loss 143491.68359375, Validation loss 143483.279296875
2021-11-24 15:28:10,827:INFO:Epoch 32, Training loss 143491.142578125, Validation loss 143474.607421875
2021-11-24 15:28:14,667:INFO:Epoch 33, Training loss 143482.861328125, Validation loss 143472.462890625
2021-11-24 15:28:18,490:INFO:Epoch 34, Training loss 143478.61328125, Validation loss 143468.576171875
2021-11-24 15:28:22,338:INFO:Epoch 35, Training loss 143477.986328125, Validation loss 143470.03125
2021-11-24 15:28:26,165:INFO:Epoch 36, Training loss 143474.904296875, Validation loss 143469.673828125
2021-11-24 15:28:30,000:INFO:Epoch 37, Training loss 143475.55859375, Validation loss 143467.283203125
2021-11-24 15:28:33,828:INFO:Epoch 38, Training loss 143477.55078125, Validation loss 143468.841796875
2021-11-24 15:28:37,621:INFO:Epoch 39, Training loss 143473.291015625, Validation loss 143467.447265625
2021-11-24 15:28:41,471:INFO:Epoch 40, Training loss 143473.34765625, Validation loss 143465.962890625
2021-11-24 15:28:45,292:INFO:Epoch 41, Training loss 143471.212890625, Validation loss 143467.462890625
2021-11-24 15:28:49,147:INFO:Epoch 42, Training loss 143482.18359375, Validation loss 143472.21484375
2021-11-24 15:28:52,941:INFO:Epoch 43, Training loss 143478.8515625, Validation loss 143476.796875
2021-11-24 15:28:56,772:INFO:Epoch 44, Training loss 143475.958984375, Validation loss 143470.828125
2021-11-24 15:29:00,571:INFO:Epoch 45, Training loss 143472.990234375, Validation loss 143467.771484375
2021-11-24 15:29:04,427:INFO:Epoch 46, Training loss 143467.39453125, Validation loss 143465.005859375
2021-11-24 15:29:08,223:INFO:Epoch 47, Training loss 143467.650390625, Validation loss 143466.390625
2021-11-24 15:29:12,036:INFO:Epoch 48, Training loss 143467.74609375, Validation loss 143463.669921875
2021-11-24 15:29:15,863:INFO:Epoch 49, Training loss 143469.74609375, Validation loss 143466.2421875
2021-11-24 15:29:19,701:INFO:Epoch 50, Training loss 143466.16796875, Validation loss 143465.099609375
2021-11-24 15:29:23,513:INFO:Epoch 51, Training loss 143463.962890625, Validation loss 143464.92578125
2021-11-24 15:29:27,316:INFO:Epoch 52, Training loss 143464.869140625, Validation loss 143463.10546875
2021-11-24 15:29:31,143:INFO:Epoch 53, Training loss 143465.796875, Validation loss 143462.833984375
2021-11-24 15:29:34,969:INFO:Epoch 54, Training loss 143464.064453125, Validation loss 143462.978515625
2021-11-24 15:29:38,778:INFO:Epoch 55, Training loss 143466.650390625, Validation loss 143464.248046875
2021-11-24 15:29:42,576:INFO:Epoch 56, Training loss 143462.83984375, Validation loss 143468.984375
2021-11-24 15:29:46,426:INFO:Epoch 57, Training loss 143461.833984375, Validation loss 143463.32421875
2021-11-24 15:29:50,253:INFO:Epoch 58, Training loss 143460.552734375, Validation loss 143463.095703125
2021-11-24 15:29:54,088:INFO:Epoch 59, Training loss 143461.138671875, Validation loss 143463.986328125
2021-11-24 15:29:57,873:INFO:Epoch 60, Training loss 143462.61328125, Validation loss 143464.396484375
2021-11-24 15:30:01,695:INFO:Epoch 61, Training loss 143461.388671875, Validation loss 143464.150390625
2021-11-24 15:30:05,477:INFO:Epoch 62, Training loss 143459.966796875, Validation loss 143464.744140625
2021-11-24 15:30:09,339:INFO:Epoch 63, Training loss 143458.826171875, Validation loss 143463.279296875
2021-11-24 15:30:13,187:INFO:Epoch 64, Training loss 143457.568359375, Validation loss 143460.6640625
2021-11-24 15:30:17,113:INFO:Epoch 65, Training loss 143457.38671875, Validation loss 143460.099609375
2021-11-24 15:30:20,971:INFO:Epoch 66, Training loss 143459.255859375, Validation loss 143461.76171875
2021-11-24 15:30:24,879:INFO:Epoch 67, Training loss 143455.66796875, Validation loss 143461.75390625
2021-11-24 15:30:28,766:INFO:Epoch 68, Training loss 143457.25, Validation loss 143462.595703125
2021-11-24 15:30:32,680:INFO:Epoch 69, Training loss 143455.82421875, Validation loss 143462.640625
2021-11-24 15:30:36,542:INFO:Epoch 70, Training loss 143456.63671875, Validation loss 143462.37109375
2021-11-24 15:30:40,475:INFO:Epoch 71, Training loss 143461.873046875, Validation loss 143459.85546875
2021-11-24 15:30:44,550:INFO:Epoch 72, Training loss 143459.169921875, Validation loss 143463.6953125
2021-11-24 15:30:48,408:INFO:Epoch 73, Training loss 143456.3671875, Validation loss 143459.384765625
2021-11-24 15:30:52,265:INFO:Epoch 74, Training loss 143454.80859375, Validation loss 143460.583984375
2021-11-24 15:30:56,102:INFO:Epoch 75, Training loss 143452.6484375, Validation loss 143461.232421875
2021-11-24 15:30:59,918:INFO:Epoch 76, Training loss 143453.693359375, Validation loss 143460.9609375
2021-11-24 15:31:03,722:INFO:Epoch 77, Training loss 143452.16015625, Validation loss 143460.6171875
2021-11-24 15:31:07,541:INFO:Epoch 78, Training loss 143453.03125, Validation loss 143461.6875
2021-11-24 15:31:11,489:INFO:Epoch 79, Training loss 143453.97265625, Validation loss 143461.841796875
2021-11-24 15:31:15,345:INFO:Epoch 80, Training loss 143455.814453125, Validation loss 143465.158203125
2021-11-24 15:31:19,157:INFO:Epoch 81, Training loss 143456.849609375, Validation loss 143467.35546875
2021-11-24 15:31:22,995:INFO:Epoch 82, Training loss 143458.6484375, Validation loss 143467.69140625
2021-11-24 15:31:27,101:INFO:Epoch 83, Training loss 143457.83984375, Validation loss 143470.197265625
2021-11-24 15:31:30,964:INFO:Epoch 84, Training loss 143462.248046875, Validation loss 143484.181640625
2021-11-24 15:31:34,752:INFO:Epoch 85, Training loss 143462.30859375, Validation loss 143479.97265625
2021-11-24 15:31:38,582:INFO:Epoch 86, Training loss 143468.77734375, Validation loss 143469.138671875
2021-11-24 15:31:42,400:INFO:Epoch 87, Training loss 143459.576171875, Validation loss 143460.720703125
2021-11-24 15:31:46,286:INFO:Epoch 88, Training loss 143453.482421875, Validation loss 143460.806640625
2021-11-24 15:31:50,087:INFO:Epoch 89, Training loss 143450.5390625, Validation loss 143457.591796875
2021-11-24 15:31:53,996:INFO:Epoch 90, Training loss 143452.25, Validation loss 143457.421875
2021-11-24 15:31:57,801:INFO:Epoch 91, Training loss 143454.513671875, Validation loss 143461.259765625
2021-11-24 15:32:01,653:INFO:Epoch 92, Training loss 143453.248046875, Validation loss 143462.326171875
2021-11-24 15:32:05,470:INFO:Epoch 93, Training loss 143451.291015625, Validation loss 143461.3671875
2021-11-24 15:32:09,282:INFO:Epoch 94, Training loss 143448.95703125, Validation loss 143460.375
2021-11-24 15:32:13,293:INFO:Epoch 95, Training loss 143456.275390625, Validation loss 143458.236328125
2021-11-24 15:32:17,163:INFO:Epoch 96, Training loss 143457.603515625, Validation loss 143462.58984375
2021-11-24 15:32:20,984:INFO:Epoch 97, Training loss 143454.001953125, Validation loss 143460.9453125
2021-11-24 15:32:24,782:INFO:Epoch 98, Training loss 143452.978515625, Validation loss 143457.89453125
2021-11-24 15:32:28,607:INFO:Epoch 99, Training loss 143450.13671875, Validation loss 143457.55859375
2021-11-24 15:32:32,430:INFO:Epoch 100, Training loss 143450.22265625, Validation loss 143456.765625
2021-11-24 15:32:36,263:INFO:Epoch 101, Training loss 143449.443359375, Validation loss 143458.962890625
2021-11-24 15:32:40,058:INFO:Epoch 102, Training loss 143452.0859375, Validation loss 143458.47265625
2021-11-24 15:32:43,895:INFO:Epoch 103, Training loss 143450.54296875, Validation loss 143460.212890625
2021-11-24 15:32:47,730:INFO:Epoch 104, Training loss 143448.783203125, Validation loss 143457.873046875
2021-11-24 15:32:51,596:INFO:Epoch 105, Training loss 143448.658203125, Validation loss 143456.498046875
2021-11-24 15:32:55,382:INFO:Epoch 106, Training loss 143448.66796875, Validation loss 143457.056640625
2021-11-24 15:32:59,219:INFO:Epoch 107, Training loss 143452.529296875, Validation loss 143458.173828125
2021-11-24 15:33:03,024:INFO:Epoch 108, Training loss 143452.83984375, Validation loss 143464.8203125
2021-11-24 15:33:06,876:INFO:Epoch 109, Training loss 143460.58984375, Validation loss 143467.5390625
2021-11-24 15:33:10,680:INFO:Epoch 110, Training loss 143452.060546875, Validation loss 143467.349609375
2021-11-24 15:33:14,538:INFO:Epoch 111, Training loss 143451.181640625, Validation loss 143462.71484375
2021-11-24 15:33:18,379:INFO:Epoch 112, Training loss 143451.787109375, Validation loss 143462.994140625
2021-11-24 15:33:22,230:INFO:Epoch 113, Training loss 143450.279296875, Validation loss 143461.80859375
2021-11-24 15:33:26,084:INFO:Epoch 114, Training loss 143451.095703125, Validation loss 143458.0546875
2021-11-24 15:33:29,927:INFO:Epoch 115, Training loss 143445.798828125, Validation loss 143459.166015625
2021-11-24 15:33:33,748:INFO:Epoch 116, Training loss 143447.271484375, Validation loss 143463.244140625
2021-11-24 15:33:37,586:INFO:Epoch 117, Training loss 143448.05859375, Validation loss 143463.404296875
2021-11-24 15:33:41,421:INFO:Epoch 118, Training loss 143455.876953125, Validation loss 143462.361328125
2021-11-24 15:33:45,229:INFO:Epoch 119, Training loss 143448.630859375, Validation loss 143458.3203125
2021-11-24 15:33:49,059:INFO:Epoch 120, Training loss 143451.53515625, Validation loss 143456.05078125
2021-11-24 15:33:52,894:INFO:Epoch 121, Training loss 143447.537109375, Validation loss 143460.2421875
2021-11-24 15:33:56,725:INFO:Epoch 122, Training loss 143446.09375, Validation loss 143457.263671875
2021-11-24 15:34:00,513:INFO:Epoch 123, Training loss 143449.974609375, Validation loss 143459.1953125
2021-11-24 15:34:04,744:INFO:Epoch 124, Training loss 143448.396484375, Validation loss 143455.072265625
2021-11-24 15:34:08,550:INFO:Epoch 125, Training loss 143448.78125, Validation loss 143459.787109375
2021-11-24 15:34:12,419:INFO:Epoch 126, Training loss 143448.50390625, Validation loss 143455.791015625
2021-11-24 15:34:16,218:INFO:Epoch 127, Training loss 143447.82421875, Validation loss 143462.0234375
2021-11-24 15:34:20,072:INFO:Epoch 128, Training loss 143451.43359375, Validation loss 143462.404296875
2021-11-24 15:34:23,869:INFO:Epoch 129, Training loss 143448.1953125, Validation loss 143467.93359375
2021-11-24 15:34:27,726:INFO:Epoch 130, Training loss 143452.0390625, Validation loss 143465.80859375
2021-11-24 15:34:31,531:INFO:Epoch 131, Training loss 143450.359375, Validation loss 143465.37109375
2021-11-24 15:34:35,355:INFO:Epoch 132, Training loss 143457.029296875, Validation loss 143455.9296875
2021-11-24 15:34:39,174:INFO:Epoch 133, Training loss 143448.666015625, Validation loss 143454.66015625
2021-11-24 15:34:43,054:INFO:Epoch 134, Training loss 143448.04296875, Validation loss 143457.044921875
2021-11-24 15:34:46,863:INFO:Epoch 135, Training loss 143449.87890625, Validation loss 143455.966796875
2021-11-24 15:34:50,669:INFO:Epoch 136, Training loss 143446.4765625, Validation loss 143457.77734375
2021-11-24 15:34:54,483:INFO:Epoch 137, Training loss 143444.958984375, Validation loss 143460.865234375
2021-11-24 15:34:58,315:INFO:Epoch 138, Training loss 143450.85546875, Validation loss 143455.37890625
2021-11-24 15:35:02,130:INFO:Epoch 139, Training loss 143446.44921875, Validation loss 143458.40234375
2021-11-24 15:35:05,961:INFO:Epoch 140, Training loss 143448.087890625, Validation loss 143456.373046875
2021-11-24 15:35:09,805:INFO:Epoch 141, Training loss 143448.962890625, Validation loss 143459.38671875
2021-11-24 15:35:13,673:INFO:Epoch 142, Training loss 143449.986328125, Validation loss 143458.35546875
2021-11-24 15:35:17,552:INFO:Epoch 143, Training loss 143444.55078125, Validation loss 143455.7890625
2021-11-24 15:35:21,419:INFO:Epoch 144, Training loss 143445.48828125, Validation loss 143455.076171875
2021-11-24 15:35:25,347:INFO:Epoch 145, Training loss 143442.259765625, Validation loss 143454.982421875
2021-11-24 15:35:29,231:INFO:Epoch 146, Training loss 143443.43359375, Validation loss 143456.611328125
2021-11-24 15:35:33,145:INFO:Epoch 147, Training loss 143445.3828125, Validation loss 143459.955078125
2021-11-24 15:35:36,984:INFO:Epoch 148, Training loss 143450.30859375, Validation loss 143459.34765625
2021-11-24 15:35:40,809:INFO:Epoch 149, Training loss 143451.638671875, Validation loss 143457.896484375
2021-11-24 15:35:44,601:INFO:Epoch 150, Training loss 143448.91796875, Validation loss 143459.1328125
2021-11-24 15:35:48,462:INFO:Epoch 151, Training loss 143451.123046875, Validation loss 143457.015625
2021-11-24 15:35:52,278:INFO:Epoch 152, Training loss 143449.81640625, Validation loss 143460.09765625
2021-11-24 15:35:56,133:INFO:Epoch 153, Training loss 143447.705078125, Validation loss 143462.935546875
2021-11-24 15:36:00,374:INFO:Epoch 154, Training loss 143445.796875, Validation loss 143458.546875
2021-11-24 15:36:04,233:INFO:Epoch 155, Training loss 143445.0, Validation loss 143458.384765625
2021-11-24 15:36:08,062:INFO:Epoch 156, Training loss 143446.697265625, Validation loss 143458.455078125
2021-11-24 15:36:11,872:INFO:Epoch 157, Training loss 143444.220703125, Validation loss 143467.484375
2021-11-24 15:36:15,687:INFO:Epoch 158, Training loss 143453.37109375, Validation loss 143459.64453125
2021-11-24 15:36:19,516:INFO:Epoch 159, Training loss 143440.041015625, Validation loss 143460.068359375
2021-11-24 15:36:23,332:INFO:Epoch 160, Training loss 143444.0078125, Validation loss 143455.271484375
2021-11-24 15:36:27,134:INFO:Epoch 161, Training loss 143444.15234375, Validation loss 143454.623046875
2021-11-24 15:36:30,961:INFO:Epoch 162, Training loss 143443.6015625, Validation loss 143456.4765625
2021-11-24 15:36:34,782:INFO:Epoch 163, Training loss 143443.826171875, Validation loss 143458.361328125
2021-11-24 15:36:38,639:INFO:Epoch 164, Training loss 143442.65625, Validation loss 143455.72265625
2021-11-24 15:36:42,437:INFO:Epoch 165, Training loss 143447.1328125, Validation loss 143455.267578125
2021-11-24 15:36:46,277:INFO:Epoch 166, Training loss 143442.935546875, Validation loss 143458.48046875
2021-11-24 15:36:50,068:INFO:Epoch 167, Training loss 143449.8203125, Validation loss 143457.55859375
2021-11-24 15:36:53,943:INFO:Epoch 168, Training loss 143446.091796875, Validation loss 143456.349609375
2021-11-24 15:36:57,740:INFO:Epoch 169, Training loss 143447.18359375, Validation loss 143454.912109375
2021-11-24 15:37:01,586:INFO:Epoch 170, Training loss 143440.8203125, Validation loss 143457.990234375
2021-11-24 15:37:05,405:INFO:Epoch 171, Training loss 143443.22265625, Validation loss 143458.439453125
2021-11-24 15:37:09,263:INFO:Epoch 172, Training loss 143448.9296875, Validation loss 143462.357421875
2021-11-24 15:37:13,060:INFO:Epoch 173, Training loss 143443.451171875, Validation loss 143459.708984375
2021-11-24 15:37:16,897:INFO:Epoch 174, Training loss 143454.822265625, Validation loss 143459.736328125
2021-11-24 15:37:20,712:INFO:Epoch 175, Training loss 143441.0078125, Validation loss 143457.806640625
2021-11-24 15:37:24,588:INFO:Epoch 176, Training loss 143443.94921875, Validation loss 143464.796875
2021-11-24 15:37:28,418:INFO:Epoch 177, Training loss 143444.51171875, Validation loss 143456.767578125
2021-11-24 15:37:32,239:INFO:Epoch 178, Training loss 143446.466796875, Validation loss 143455.251953125
2021-11-24 15:37:36,100:INFO:Epoch 179, Training loss 143441.642578125, Validation loss 143455.8984375
2021-11-24 15:37:39,987:INFO:Epoch 180, Training loss 143444.36328125, Validation loss 143458.94140625
2021-11-24 15:37:43,830:INFO:Epoch 181, Training loss 143442.60546875, Validation loss 143459.009765625
2021-11-24 15:37:47,638:INFO:Epoch 182, Training loss 143442.48828125, Validation loss 143455.76953125
2021-11-24 15:37:51,480:INFO:Epoch 183, Training loss 143439.697265625, Validation loss 143455.974609375
2021-11-24 15:37:55,302:INFO:Epoch 184, Training loss 143442.33984375, Validation loss 143456.30078125
2021-11-24 15:37:59,133:INFO:Epoch 185, Training loss 143441.35546875, Validation loss 143460.947265625
2021-11-24 15:38:02,922:INFO:Epoch 186, Training loss 143443.162109375, Validation loss 143454.693359375
2021-11-24 15:38:06,783:INFO:Epoch 187, Training loss 143441.44921875, Validation loss 143460.783203125
2021-11-24 15:38:10,587:INFO:Epoch 188, Training loss 143444.896484375, Validation loss 143461.625
2021-11-24 15:38:14,454:INFO:Epoch 189, Training loss 143452.0546875, Validation loss 143454.880859375
2021-11-24 15:38:18,240:INFO:Epoch 190, Training loss 143443.98046875, Validation loss 143455.634765625
2021-11-24 15:38:22,063:INFO:Epoch 191, Training loss 143441.46484375, Validation loss 143457.63671875
2021-11-24 15:38:25,877:INFO:Epoch 192, Training loss 143444.359375, Validation loss 143454.982421875
2021-11-24 15:38:29,741:INFO:Epoch 193, Training loss 143442.8125, Validation loss 143453.33984375
2021-11-24 15:38:33,553:INFO:Epoch 194, Training loss 143443.76171875, Validation loss 143459.37890625
2021-11-24 15:38:37,406:INFO:Epoch 195, Training loss 143442.220703125, Validation loss 143456.083984375
2021-11-24 15:38:41,223:INFO:Epoch 196, Training loss 143441.962890625, Validation loss 143455.35546875
2021-11-24 15:38:45,079:INFO:Epoch 197, Training loss 143439.33203125, Validation loss 143455.982421875
2021-11-24 15:38:48,895:INFO:Epoch 198, Training loss 143439.94921875, Validation loss 143454.783203125
2021-11-24 15:38:52,717:INFO:Epoch 199, Training loss 143439.626953125, Validation loss 143456.841796875
2021-11-24 15:38:56,538:INFO:Epoch 200, Training loss 143443.619140625, Validation loss 143461.400390625
2021-11-24 15:39:00,378:INFO:Epoch 201, Training loss 143451.30859375, Validation loss 143464.380859375
2021-11-24 15:39:04,198:INFO:Epoch 202, Training loss 143442.73046875, Validation loss 143459.400390625
2021-11-24 15:39:08,028:INFO:Epoch 203, Training loss 143439.96484375, Validation loss 143461.853515625
2021-11-24 15:39:11,856:INFO:Epoch 204, Training loss 143439.89453125, Validation loss 143459.6328125
2021-11-24 15:39:15,696:INFO:Epoch 205, Training loss 143441.326171875, Validation loss 143455.05078125
2021-11-24 15:39:19,523:INFO:Epoch 206, Training loss 143439.189453125, Validation loss 143455.80859375
2021-11-24 15:39:23,311:INFO:Epoch 207, Training loss 143441.140625, Validation loss 143456.6796875
2021-11-24 15:39:27,163:INFO:Epoch 208, Training loss 143440.923828125, Validation loss 143456.859375
2021-11-24 15:39:30,955:INFO:Epoch 209, Training loss 143441.228515625, Validation loss 143456.828125
2021-11-24 15:39:34,812:INFO:Epoch 210, Training loss 143441.099609375, Validation loss 143456.2578125
2021-11-24 15:39:38,624:INFO:Epoch 211, Training loss 143438.46484375, Validation loss 143456.04296875
2021-11-24 15:39:42,457:INFO:Epoch 212, Training loss 143438.94140625, Validation loss 143453.41015625
2021-11-24 15:39:46,259:INFO:Epoch 213, Training loss 143439.923828125, Validation loss 143454.857421875
2021-11-24 15:39:50,111:INFO:Epoch 214, Training loss 143438.677734375, Validation loss 143456.087890625
2021-11-24 15:39:53,911:INFO:Epoch 215, Training loss 143439.005859375, Validation loss 143457.7265625
2021-11-24 15:39:57,734:INFO:Epoch 216, Training loss 143439.498046875, Validation loss 143454.556640625
2021-11-24 15:40:01,552:INFO:Epoch 217, Training loss 143440.263671875, Validation loss 143454.5
2021-11-24 15:40:05,399:INFO:Epoch 218, Training loss 143442.806640625, Validation loss 143461.234375
2021-11-24 15:40:09,234:INFO:Epoch 219, Training loss 143444.67578125, Validation loss 143458.37109375
2021-11-24 15:40:13,050:INFO:Epoch 220, Training loss 143441.37890625, Validation loss 143455.326171875
2021-11-24 15:40:16,870:INFO:Epoch 221, Training loss 143450.6796875, Validation loss 143464.16796875
2021-11-24 15:40:20,703:INFO:Epoch 222, Training loss 143447.4140625, Validation loss 143461.8359375
2021-11-24 15:40:24,527:INFO:Epoch 223, Training loss 143439.232421875, Validation loss 143461.7421875
2021-11-24 15:40:28,338:INFO:Epoch 224, Training loss 143446.248046875, Validation loss 143459.625
2021-11-24 15:40:32,166:INFO:Epoch 225, Training loss 143439.390625, Validation loss 143458.03125
2021-11-24 15:40:36,005:INFO:Epoch 226, Training loss 143445.552734375, Validation loss 143453.458984375
2021-11-24 15:40:39,858:INFO:Epoch 227, Training loss 143441.896484375, Validation loss 143461.748046875
2021-11-24 15:40:43,646:INFO:Epoch 228, Training loss 143447.5625, Validation loss 143459.201171875
2021-11-24 15:40:47,480:INFO:Epoch 229, Training loss 143447.0703125, Validation loss 143458.4765625
2021-11-24 15:40:51,278:INFO:Epoch 230, Training loss 143440.01953125, Validation loss 143456.638671875
2021-11-24 15:40:55,144:INFO:Epoch 231, Training loss 143437.8046875, Validation loss 143455.27734375
2021-11-24 15:40:58,933:INFO:Epoch 232, Training loss 143437.646484375, Validation loss 143455.041015625
2021-11-24 15:41:02,776:INFO:Epoch 233, Training loss 143439.4375, Validation loss 143455.197265625
2021-11-24 15:41:06,595:INFO:Epoch 234, Training loss 143437.994140625, Validation loss 143453.978515625
2021-11-24 15:41:10,469:INFO:Epoch 235, Training loss 143440.083984375, Validation loss 143464.833984375
2021-11-24 15:41:14,276:INFO:Epoch 236, Training loss 143442.115234375, Validation loss 143465.544921875
2021-11-24 15:41:18,109:INFO:Epoch 237, Training loss 143440.46484375, Validation loss 143464.494140625
2021-11-24 15:41:21,925:INFO:Epoch 238, Training loss 143443.0234375, Validation loss 143465.349609375
2021-11-24 15:41:25,777:INFO:Epoch 239, Training loss 143445.5390625, Validation loss 143457.0234375
2021-11-24 15:41:29,596:INFO:Epoch 240, Training loss 143444.904296875, Validation loss 143457.6171875
2021-11-24 15:41:33,408:INFO:Epoch 241, Training loss 143441.025390625, Validation loss 143456.578125
2021-11-24 15:41:37,249:INFO:Epoch 242, Training loss 143436.666015625, Validation loss 143455.763671875
2021-11-24 15:41:41,100:INFO:Epoch 243, Training loss 143438.15234375, Validation loss 143453.462890625
2021-11-24 15:41:41,108:INFO:Finished training, producing training report at /data/theorie/jthoeve/ML4EFT_higgs/models/24_11/model_quad_cHW/mc_run_7/plots/training_report/
2021-11-24 15:41:44,071:WARNING:findfont: Font family ['sans-serif'] not found. Falling back to DejaVu Sans.
