1.742374062500000000e+05
1.473323593750000000e+05
1.321335000000000000e+05
1.220267011718750000e+05
1.157335976562500000e+05
1.119511972656250000e+05
1.100082128906250000e+05
1.093133242187500000e+05
1.092575546875000000e+05
1.093565449218750000e+05
1.093793730468750000e+05
1.093208554687500000e+05
1.092378105468750000e+05
1.091747207031250000e+05
1.091422089843750000e+05
1.091287851562500000e+05
1.091218964843750000e+05
1.091137285156250000e+05
1.091031464843750000e+05
1.090924199218750000e+05
1.090824628906250000e+05
1.090732578125000000e+05
1.090648125000000000e+05
1.090564042968750000e+05
1.090486738281250000e+05
1.090403789062500000e+05
1.090326093750000000e+05
1.090241699218750000e+05
1.090162109375000000e+05
1.090081933593750000e+05
1.090000566406250000e+05
1.089922050781250000e+05
1.089844355468750000e+05
1.089764667968750000e+05
1.089693007812500000e+05
1.089623417968750000e+05
1.089548613281250000e+05
1.089484550781250000e+05
1.089424121093750000e+05
1.089361132812500000e+05
1.089306113281250000e+05
1.089252773437500000e+05
1.089205039062500000e+05
1.089153730468750000e+05
1.089114980468750000e+05
1.089074843750000000e+05
1.089039003906250000e+05
1.089004023437500000e+05
1.088973554687500000e+05
1.088945839843750000e+05
1.088918320312500000e+05
1.088892421875000000e+05
1.088868750000000000e+05
1.088845996093750000e+05
1.088827460937500000e+05
1.088807695312500000e+05
1.088789648437500000e+05
1.088773085937500000e+05
1.088756679687500000e+05
1.088737050781250000e+05
1.088720742187500000e+05
1.088704746093750000e+05
1.088690429687500000e+05
1.088672851562500000e+05
1.088657910156250000e+05
1.088643496093750000e+05
1.088626562500000000e+05
1.088613203125000000e+05
1.088599511718750000e+05
1.088583554687500000e+05
1.088570332031250000e+05
1.088556679687500000e+05
1.088542187500000000e+05
1.088529628906250000e+05
1.088516171875000000e+05
1.088502109375000000e+05
1.088489355468750000e+05
1.088482988281250000e+05
1.088463945312500000e+05
1.088449843750000000e+05
1.088439042968750000e+05
1.088425351562500000e+05
1.088414804687500000e+05
1.088398593750000000e+05
1.088386269531250000e+05
1.088372500000000000e+05
1.088363183593750000e+05
1.088349238281250000e+05
1.088338437500000000e+05
1.088323789062500000e+05
1.088312597656250000e+05
1.088301269531250000e+05
1.088289472656250000e+05
1.088279335937500000e+05
1.088267578125000000e+05
1.088256132812500000e+05
1.088246660156250000e+05
1.088239531250000000e+05
1.088227988281250000e+05
1.088219433593750000e+05
1.088209238281250000e+05
1.088204316406250000e+05
1.088195878906250000e+05
1.088188027343750000e+05
1.088180488281250000e+05
1.088175468750000000e+05
1.088169531250000000e+05
1.088162226562500000e+05
1.088157695312500000e+05
1.088152246093750000e+05
1.088145683593750000e+05
1.088141171875000000e+05
1.088137187500000000e+05
1.088132128906250000e+05
1.088129414062500000e+05
1.088122988281250000e+05
1.088119082031250000e+05
1.088115937500000000e+05
1.088114765625000000e+05
1.088110039062500000e+05
1.088107949218750000e+05
1.088104609375000000e+05
1.088101386718750000e+05
1.088099023437500000e+05
1.088094941406250000e+05
1.088090878906250000e+05
1.088088515625000000e+05
1.088087187500000000e+05
1.088084492187500000e+05
1.088082578125000000e+05
1.088081015625000000e+05
1.088078632812500000e+05
1.088075781250000000e+05
1.088074316406250000e+05
1.088074433593750000e+05
1.088073535156250000e+05
1.088069042968750000e+05
1.088066484375000000e+05
1.088068476562500000e+05
1.088064804687500000e+05
1.088063359375000000e+05
1.088062734375000000e+05
1.088059453125000000e+05
1.088056953125000000e+05
1.088056191406250000e+05
1.088056230468750000e+05
1.088054531250000000e+05
1.088055253906250000e+05
1.088051074218750000e+05
1.088049492187500000e+05
1.088048007812500000e+05
1.088046992187500000e+05
1.088044980468750000e+05
1.088044257812500000e+05
1.088042812500000000e+05
1.088042207031250000e+05
1.088048867187500000e+05
1.088044140625000000e+05
1.088038457031250000e+05
1.088037851562500000e+05
1.088037851562500000e+05
1.088036269531250000e+05
1.088035175781250000e+05
1.088034746093750000e+05
1.088031953125000000e+05
1.088032675781250000e+05
1.088032578125000000e+05
1.088032519531250000e+05
1.088029316406250000e+05
1.088031035156250000e+05
1.088026699218750000e+05
1.088027128906250000e+05
1.088028769531250000e+05
1.088024433593750000e+05
1.088023671875000000e+05
1.088022890625000000e+05
1.088022050781250000e+05
1.088022128906250000e+05
1.088022285156250000e+05
1.088020878906250000e+05
1.088018046875000000e+05
1.088017753906250000e+05
1.088017851562500000e+05
1.088019042968750000e+05
1.088018359375000000e+05
1.088020156250000000e+05
1.088012148437500000e+05
1.088015214843750000e+05
1.088011933593750000e+05
1.088014160156250000e+05
1.088011484375000000e+05
1.088009492187500000e+05
1.088009023437500000e+05
1.088007675781250000e+05
1.088008730468750000e+05
1.088010058593750000e+05
1.088009003906250000e+05
1.088006777343750000e+05
1.088007089843750000e+05
1.088004433593750000e+05
1.088004882812500000e+05
1.088005898437500000e+05
1.088007539062500000e+05
1.088001816406250000e+05
1.088003476562500000e+05
1.088001152343750000e+05
1.088001542968750000e+05
1.088003105468750000e+05
1.088000683593750000e+05
1.087998847656250000e+05
1.087999199218750000e+05
1.088001464843750000e+05
1.087997636718750000e+05
1.087999589843750000e+05
1.087999960937500000e+05
1.087996542968750000e+05
1.087996660156250000e+05
1.087997714843750000e+05
1.087998417968750000e+05
1.087998007812500000e+05
1.087999101562500000e+05
1.087994648437500000e+05
1.087993750000000000e+05
1.087992187500000000e+05
1.087996035156250000e+05
1.087992480468750000e+05
1.087992675781250000e+05
1.087990820312500000e+05
1.087993769531250000e+05
1.087991914062500000e+05
1.087990878906250000e+05
1.087989277343750000e+05
1.087989355468750000e+05
1.087989609375000000e+05
1.087987539062500000e+05
1.087987441406250000e+05
1.087987050781250000e+05
