2.080392773437500000e+05
2.080392773437500000e+05
2.080392773437500000e+05
2.080392773437500000e+05
2.080392773437500000e+05
2.080392773437500000e+05
2.080392773437500000e+05
2.080392773437500000e+05
2.080392773437500000e+05
2.080392773437500000e+05
2.080392773437500000e+05
2.080392773437500000e+05
1.545413007812500000e+05
1.395555234375000000e+05
1.273108671875000000e+05
1.184058730468750000e+05
1.124798515625000000e+05
1.098004589843750000e+05
1.096768281250000000e+05
1.099432675781250000e+05
1.096936035156250000e+05
1.094140039062500000e+05
1.093012324218750000e+05
1.092768828125000000e+05
1.092603886718750000e+05
1.092251699218750000e+05
1.091871621093750000e+05
1.091591601562500000e+05
1.091288320312500000e+05
1.090938867187500000e+05
1.090585488281250000e+05
1.090234628906250000e+05
1.089853515625000000e+05
1.089479960937500000e+05
1.089093496093750000e+05
1.088695214843750000e+05
1.088300410156250000e+05
1.087916718750000000e+05
1.087595273437500000e+05
1.087256796875000000e+05
1.086919628906250000e+05
1.086655156250000000e+05
1.086435917968750000e+05
1.086296914062500000e+05
1.086162617187500000e+05
1.086079941406250000e+05
1.085990957031250000e+05
1.085940449218750000e+05
1.085891601562500000e+05
1.085862519531250000e+05
1.085840390625000000e+05
1.085810058593750000e+05
1.085786777343750000e+05
1.085759296875000000e+05
1.085740312500000000e+05
1.085721367187500000e+05
1.085705312500000000e+05
1.085695117187500000e+05
1.085659238281250000e+05
1.085647988281250000e+05
1.085637832031250000e+05
1.085624433593750000e+05
1.085611250000000000e+05
1.085596542968750000e+05
1.085605781250000000e+05
1.085594980468750000e+05
1.085570117187500000e+05
1.085570742187500000e+05
1.085532753906250000e+05
1.085532636718750000e+05
1.085515625000000000e+05
1.085510742187500000e+05
1.085507265625000000e+05
1.085494121093750000e+05
1.085496621093750000e+05
1.085518125000000000e+05
1.085485742187500000e+05
1.085471992187500000e+05
1.085458496093750000e+05
1.085459375000000000e+05
1.085447304687500000e+05
1.085448750000000000e+05
1.085461757812500000e+05
1.085460468750000000e+05
1.085436894531250000e+05
1.085442773437500000e+05
1.085430585937500000e+05
1.085435117187500000e+05
1.085431289062500000e+05
1.085433984375000000e+05
1.085428085937500000e+05
1.085406250000000000e+05
1.085391699218750000e+05
1.085405234375000000e+05
1.085416113281250000e+05
1.085383730468750000e+05
1.085396347656250000e+05
1.085380136718750000e+05
1.085376152343750000e+05
1.085391171875000000e+05
1.085373222656250000e+05
1.085359531250000000e+05
1.085357031250000000e+05
1.085357539062500000e+05
1.085355917968750000e+05
1.085349316406250000e+05
1.085340839843750000e+05
1.085347636718750000e+05
1.085349140625000000e+05
1.085334062500000000e+05
1.085337890625000000e+05
1.085331406250000000e+05
1.085327871093750000e+05
1.085349667968750000e+05
1.085373066406250000e+05
1.085342890625000000e+05
1.085357851562500000e+05
1.085316992187500000e+05
1.085325585937500000e+05
1.085323613281250000e+05
1.085311875000000000e+05
1.085316835937500000e+05
1.085306152343750000e+05
1.085315585937500000e+05
1.085317265625000000e+05
1.085295937500000000e+05
1.085310468750000000e+05
1.085307968750000000e+05
1.085288027343750000e+05
1.085302187500000000e+05
1.085293496093750000e+05
1.085288574218750000e+05
1.085290722656250000e+05
1.085295996093750000e+05
1.085290292968750000e+05
1.085288554687500000e+05
1.085276386718750000e+05
1.085293359375000000e+05
1.085275898437500000e+05
1.085275800781250000e+05
1.085277617187500000e+05
1.085292558593750000e+05
1.085279843750000000e+05
1.085272070312500000e+05
1.085267050781250000e+05
1.085278085937500000e+05
1.085276171875000000e+05
1.085277617187500000e+05
1.085285156250000000e+05
1.085277421875000000e+05
1.085267167968750000e+05
1.085251875000000000e+05
1.085257402343750000e+05
1.085252246093750000e+05
1.085248183593750000e+05
1.085245917968750000e+05
1.085244394531250000e+05
1.085246308593750000e+05
1.085250546875000000e+05
1.085255761718750000e+05
1.085249433593750000e+05
1.085251718750000000e+05
1.085246132812500000e+05
1.085257460937500000e+05
1.085249492187500000e+05
