1.414404023437500000e+05
1.337665429687500000e+05
1.281727636718750000e+05
1.235615117187500000e+05
1.199057441406250000e+05
1.170362890625000000e+05
1.146741621093750000e+05
1.126343925781250000e+05
1.109258593750000000e+05
1.098240957031250000e+05
1.095293886718750000e+05
1.095605800781250000e+05
1.094293164062500000e+05
1.092734609375000000e+05
1.092136875000000000e+05
1.091711875000000000e+05
1.091175781250000000e+05
1.090804550781250000e+05
1.090506171875000000e+05
1.090160507812500000e+05
1.089843183593750000e+05
1.089524492187500000e+05
1.089210429687500000e+05
1.088884296875000000e+05
1.088536425781250000e+05
1.088190117187500000e+05
1.087831835937500000e+05
1.087468085937500000e+05
1.087095058593750000e+05
1.086705410156250000e+05
1.086309609375000000e+05
1.085909355468750000e+05
1.085574765625000000e+05
1.085328632812500000e+05
1.085146386718750000e+05
1.084986308593750000e+05
1.084897968750000000e+05
1.084823359375000000e+05
1.084760390625000000e+05
1.084732734375000000e+05
1.084695156250000000e+05
1.084668554687500000e+05
1.084652011718750000e+05
1.084635175781250000e+05
1.084614296875000000e+05
1.084589824218750000e+05
1.084578652343750000e+05
1.084560039062500000e+05
1.084551191406250000e+05
1.084546093750000000e+05
1.084537207031250000e+05
1.084523007812500000e+05
1.084513437500000000e+05
1.084501464843750000e+05
1.084503925781250000e+05
1.084490058593750000e+05
1.084496972656250000e+05
1.084474960937500000e+05
1.084476796875000000e+05
1.084463144531250000e+05
1.084448652343750000e+05
1.084446875000000000e+05
1.084442851562500000e+05
1.084427519531250000e+05
1.084462714843750000e+05
1.084418046875000000e+05
1.084420312500000000e+05
1.084414785156250000e+05
1.084411777343750000e+05
1.084411464843750000e+05
1.084404140625000000e+05
1.084391523437500000e+05
1.084405390625000000e+05
1.084389843750000000e+05
1.084398457031250000e+05
1.084396992187500000e+05
1.084376484375000000e+05
1.084377011718750000e+05
1.084370039062500000e+05
1.084368945312500000e+05
1.084387402343750000e+05
1.084404667968750000e+05
1.084381191406250000e+05
1.084367460937500000e+05
1.084357070312500000e+05
1.084353984375000000e+05
1.084343632812500000e+05
1.084344531250000000e+05
1.084348437500000000e+05
1.084334296875000000e+05
1.084334140625000000e+05
1.084339570312500000e+05
1.084333164062500000e+05
1.084327070312500000e+05
1.084341054687500000e+05
1.084331230468750000e+05
1.084342265625000000e+05
1.084328339843750000e+05
1.084346191406250000e+05
1.084353378906250000e+05
1.084322343750000000e+05
1.084315800781250000e+05
1.084316582031250000e+05
1.084323320312500000e+05
1.084321367187500000e+05
1.084307675781250000e+05
1.084307617187500000e+05
1.084321464843750000e+05
1.084304042968750000e+05
1.084310742187500000e+05
1.084308535156250000e+05
1.084286660156250000e+05
1.084287167968750000e+05
1.084290878906250000e+05
1.084305566406250000e+05
1.084300996093750000e+05
1.084275058593750000e+05
1.084274863281250000e+05
1.084283867187500000e+05
1.084285761718750000e+05
