2022-03-03 12:56:00,310:INFO:All directories created, ready to load the data
2022-03-03 12:56:00,350:INFO:Dataset loaded from /data/theorie/jthoeve/training_data/zh/features_mzh_y_ptz_v2/lin/cHW/events_10.pkl.gz
2022-03-03 12:56:00,396:INFO:Dataset loaded from /data/theorie/jthoeve/training_data/zh/features_mzh_y_ptz_v2/sm/events_10.pkl.gz
2022-03-03 12:56:02,643:INFO:Epoch 1, Training loss 127975.55859375, Validation loss 124732.0703125
2022-03-03 12:56:04,915:INFO:Epoch 2, Training loss 122977.666015625, Validation loss 120620.22265625
2022-03-03 12:56:07,137:INFO:Epoch 3, Training loss 119322.978515625, Validation loss 117572.650390625
2022-03-03 12:56:09,390:INFO:Epoch 4, Training loss 116585.259765625, Validation loss 115248.708984375
2022-03-03 12:56:11,704:INFO:Epoch 5, Training loss 114473.5625, Validation loss 113422.134765625
2022-03-03 12:56:14,073:INFO:Epoch 6, Training loss 112794.267578125, Validation loss 111943.353515625
2022-03-03 12:56:16,380:INFO:Epoch 7, Training loss 111424.701171875, Validation loss 110748.4375
2022-03-03 12:56:18,676:INFO:Epoch 8, Training loss 110352.568359375, Validation loss 109900.619140625
2022-03-03 12:56:20,994:INFO:Epoch 9, Training loss 109686.59375, Validation loss 109534.677734375
2022-03-03 12:56:23,337:INFO:Epoch 10, Training loss 109480.9609375, Validation loss 109508.662109375
2022-03-03 12:56:25,659:INFO:Epoch 11, Training loss 109461.48828125, Validation loss 109448.271484375
2022-03-03 12:56:27,955:INFO:Epoch 12, Training loss 109379.966796875, Validation loss 109338.146484375
2022-03-03 12:56:30,286:INFO:Epoch 13, Training loss 109289.76953125, Validation loss 109269.75
2022-03-03 12:56:32,619:INFO:Epoch 14, Training loss 109246.990234375, Validation loss 109238.4453125
2022-03-03 12:56:34,950:INFO:Epoch 15, Training loss 109221.041015625, Validation loss 109206.462890625
2022-03-03 12:56:37,223:INFO:Epoch 16, Training loss 109190.21484375, Validation loss 109171.861328125
2022-03-03 12:56:39,561:INFO:Epoch 17, Training loss 109160.3515625, Validation loss 109142.0078125
2022-03-03 12:56:41,852:INFO:Epoch 18, Training loss 109134.208984375, Validation loss 109111.193359375
2022-03-03 12:56:44,236:INFO:Epoch 19, Training loss 109107.001953125, Validation loss 109078.123046875
2022-03-03 12:56:46,522:INFO:Epoch 20, Training loss 109076.98046875, Validation loss 109044.1484375
2022-03-03 12:56:48,858:INFO:Epoch 21, Training loss 109046.669921875, Validation loss 109007.822265625
2022-03-03 12:56:51,157:INFO:Epoch 22, Training loss 109014.123046875, Validation loss 108968.908203125
2022-03-03 12:56:53,534:INFO:Epoch 23, Training loss 108979.31640625, Validation loss 108926.47265625
2022-03-03 12:56:55,827:INFO:Epoch 24, Training loss 108940.330078125, Validation loss 108878.78125
2022-03-03 12:56:58,141:INFO:Epoch 25, Training loss 108897.6328125, Validation loss 108826.798828125
2022-03-03 12:57:00,457:INFO:Epoch 26, Training loss 108853.23828125, Validation loss 108769.181640625
2022-03-03 12:57:02,825:INFO:Epoch 27, Training loss 108805.314453125, Validation loss 108708.380859375
2022-03-03 12:57:05,135:INFO:Epoch 28, Training loss 108754.783203125, Validation loss 108646.994140625
2022-03-03 12:57:07,439:INFO:Epoch 29, Training loss 108707.748046875, Validation loss 108585.498046875
2022-03-03 12:57:09,760:INFO:Epoch 30, Training loss 108663.189453125, Validation loss 108533.181640625
2022-03-03 12:57:12,111:INFO:Epoch 31, Training loss 108633.92578125, Validation loss 108495.912109375
2022-03-03 12:57:14,431:INFO:Epoch 32, Training loss 108612.845703125, Validation loss 108472.146484375
2022-03-03 12:57:16,727:INFO:Epoch 33, Training loss 108604.623046875, Validation loss 108458.201171875
2022-03-03 12:57:19,069:INFO:Epoch 34, Training loss 108600.130859375, Validation loss 108451.869140625
2022-03-03 12:57:21,411:INFO:Epoch 35, Training loss 108593.833984375, Validation loss 108450.978515625
2022-03-03 12:57:23,747:INFO:Epoch 36, Training loss 108591.986328125, Validation loss 108454.662109375
2022-03-03 12:57:26,025:INFO:Epoch 37, Training loss 108587.23046875, Validation loss 108449.826171875
2022-03-03 12:57:28,364:INFO:Epoch 38, Training loss 108585.123046875, Validation loss 108448.8671875
2022-03-03 12:57:30,650:INFO:Epoch 39, Training loss 108582.716796875, Validation loss 108448.708984375
2022-03-03 12:57:33,029:INFO:Epoch 40, Training loss 108580.619140625, Validation loss 108448.576171875
2022-03-03 12:57:35,319:INFO:Epoch 41, Training loss 108579.2109375, Validation loss 108447.47265625
2022-03-03 12:57:37,655:INFO:Epoch 42, Training loss 108578.484375, Validation loss 108444.798828125
2022-03-03 12:57:39,953:INFO:Epoch 43, Training loss 108578.37109375, Validation loss 108440.626953125
2022-03-03 12:57:42,320:INFO:Epoch 44, Training loss 108573.87109375, Validation loss 108440.703125
2022-03-03 12:57:44,628:INFO:Epoch 45, Training loss 108574.833984375, Validation loss 108445.552734375
2022-03-03 12:57:46,941:INFO:Epoch 46, Training loss 108572.595703125, Validation loss 108438.8671875
2022-03-03 12:57:49,258:INFO:Epoch 47, Training loss 108572.078125, Validation loss 108437.521484375
2022-03-03 12:57:51,629:INFO:Epoch 48, Training loss 108569.927734375, Validation loss 108437.490234375
2022-03-03 12:57:53,940:INFO:Epoch 49, Training loss 108567.548828125, Validation loss 108439.26953125
2022-03-03 12:57:56,245:INFO:Epoch 50, Training loss 108568.267578125, Validation loss 108436.375
2022-03-03 12:57:58,567:INFO:Epoch 51, Training loss 108568.22265625, Validation loss 108435.779296875
2022-03-03 12:58:00,920:INFO:Epoch 52, Training loss 108568.06640625, Validation loss 108437.15234375
2022-03-03 12:58:03,241:INFO:Epoch 53, Training loss 108566.291015625, Validation loss 108437.572265625
2022-03-03 12:58:05,529:INFO:Epoch 54, Training loss 108566.130859375, Validation loss 108436.49609375
2022-03-03 12:58:07,864:INFO:Epoch 55, Training loss 108567.509765625, Validation loss 108434.53515625
2022-03-03 12:58:10,196:INFO:Epoch 56, Training loss 108564.3984375, Validation loss 108433.5
2022-03-03 12:58:12,538:INFO:Epoch 57, Training loss 108561.48828125, Validation loss 108434.73828125
2022-03-03 12:58:14,834:INFO:Epoch 58, Training loss 108560.31640625, Validation loss 108434.45703125
2022-03-03 12:58:17,175:INFO:Epoch 59, Training loss 108559.54296875, Validation loss 108431.4453125
2022-03-03 12:58:19,469:INFO:Epoch 60, Training loss 108559.728515625, Validation loss 108432.671875
2022-03-03 12:58:21,861:INFO:Epoch 61, Training loss 108559.3359375, Validation loss 108432.404296875
2022-03-03 12:58:24,153:INFO:Epoch 62, Training loss 108557.798828125, Validation loss 108434.408203125
2022-03-03 12:58:26,487:INFO:Epoch 63, Training loss 108558.712890625, Validation loss 108430.6015625
2022-03-03 12:58:28,799:INFO:Epoch 64, Training loss 108555.138671875, Validation loss 108431.53125
2022-03-03 12:58:31,175:INFO:Epoch 65, Training loss 108556.884765625, Validation loss 108431.8125
2022-03-03 12:58:33,477:INFO:Epoch 66, Training loss 108557.189453125, Validation loss 108433.98828125
2022-03-03 12:58:35,788:INFO:Epoch 67, Training loss 108555.220703125, Validation loss 108431.66796875
2022-03-03 12:58:38,094:INFO:Epoch 68, Training loss 108553.78515625, Validation loss 108433.1953125
2022-03-03 12:58:40,448:INFO:Epoch 69, Training loss 108553.666015625, Validation loss 108431.568359375
2022-03-03 12:58:42,767:INFO:Epoch 70, Training loss 108553.044921875, Validation loss 108430.083984375
2022-03-03 12:58:45,068:INFO:Epoch 71, Training loss 108552.89453125, Validation loss 108432.62890625
2022-03-03 12:58:47,381:INFO:Epoch 72, Training loss 108552.263671875, Validation loss 108431.01953125
2022-03-03 12:58:49,732:INFO:Epoch 73, Training loss 108551.74609375, Validation loss 108432.3828125
2022-03-03 12:58:52,046:INFO:Epoch 74, Training loss 108551.83203125, Validation loss 108432.548828125
2022-03-03 12:58:54,326:INFO:Epoch 75, Training loss 108552.201171875, Validation loss 108432.017578125
2022-03-03 12:58:56,651:INFO:Epoch 76, Training loss 108552.3046875, Validation loss 108436.23046875
2022-03-03 12:58:58,991:INFO:Epoch 77, Training loss 108550.6484375, Validation loss 108433.29296875
2022-03-03 12:59:01,330:INFO:Epoch 78, Training loss 108550.912109375, Validation loss 108433.94921875
2022-03-03 12:59:03,606:INFO:Epoch 79, Training loss 108550.607421875, Validation loss 108432.431640625
2022-03-03 12:59:05,960:INFO:Epoch 80, Training loss 108549.982421875, Validation loss 108432.158203125
2022-03-03 12:59:08,253:INFO:Epoch 81, Training loss 108548.58203125, Validation loss 108434.06640625
2022-03-03 12:59:10,622:INFO:Epoch 82, Training loss 108547.451171875, Validation loss 108433.05078125
2022-03-03 12:59:12,905:INFO:Epoch 83, Training loss 108547.697265625, Validation loss 108432.34375
2022-03-03 12:59:15,232:INFO:Epoch 84, Training loss 108549.98046875, Validation loss 108435.171875
2022-03-03 12:59:17,522:INFO:Epoch 85, Training loss 108546.2734375, Validation loss 108432.44140625
2022-03-03 12:59:19,889:INFO:Epoch 86, Training loss 108547.16796875, Validation loss 108432.96875
2022-03-03 12:59:22,171:INFO:Epoch 87, Training loss 108546.72265625, Validation loss 108431.59375
2022-03-03 12:59:24,471:INFO:Epoch 88, Training loss 108546.65625, Validation loss 108434.640625
2022-03-03 12:59:26,767:INFO:Epoch 89, Training loss 108545.267578125, Validation loss 108434.87109375
2022-03-03 12:59:29,125:INFO:Epoch 90, Training loss 108546.7265625, Validation loss 108436.58203125
2022-03-03 12:59:31,426:INFO:Epoch 91, Training loss 108547.83203125, Validation loss 108432.939453125
2022-03-03 12:59:33,718:INFO:Epoch 92, Training loss 108544.50390625, Validation loss 108438.833984375
2022-03-03 12:59:36,032:INFO:Epoch 93, Training loss 108549.267578125, Validation loss 108440.40234375
2022-03-03 12:59:38,367:INFO:Epoch 94, Training loss 108547.3828125, Validation loss 108437.583984375
2022-03-03 12:59:40,678:INFO:Epoch 95, Training loss 108546.353515625, Validation loss 108435.140625
2022-03-03 12:59:42,966:INFO:Epoch 96, Training loss 108544.771484375, Validation loss 108437.615234375
2022-03-03 12:59:45,280:INFO:Epoch 97, Training loss 108544.283203125, Validation loss 108436.244140625
2022-03-03 12:59:47,612:INFO:Epoch 98, Training loss 108544.41015625, Validation loss 108433.392578125
2022-03-03 12:59:49,941:INFO:Epoch 99, Training loss 108542.716796875, Validation loss 108433.47265625
2022-03-03 12:59:52,217:INFO:Epoch 100, Training loss 108542.396484375, Validation loss 108435.07421875
2022-03-03 12:59:54,552:INFO:Epoch 101, Training loss 108541.615234375, Validation loss 108436.6171875
2022-03-03 12:59:56,829:INFO:Epoch 102, Training loss 108541.841796875, Validation loss 108434.287109375
2022-03-03 12:59:59,200:INFO:Epoch 103, Training loss 108540.5703125, Validation loss 108436.6796875
2022-03-03 13:00:01,479:INFO:Epoch 104, Training loss 108543.38671875, Validation loss 108435.6171875
2022-03-03 13:00:03,804:INFO:Epoch 105, Training loss 108541.33203125, Validation loss 108435.955078125
2022-03-03 13:00:06,093:INFO:Epoch 106, Training loss 108540.96484375, Validation loss 108434.658203125
2022-03-03 13:00:08,446:INFO:Epoch 107, Training loss 108540.2890625, Validation loss 108436.197265625
2022-03-03 13:00:10,742:INFO:Epoch 108, Training loss 108543.021484375, Validation loss 108434.1328125
2022-03-03 13:00:13,037:INFO:Epoch 109, Training loss 108538.69140625, Validation loss 108436.31640625
2022-03-03 13:00:15,340:INFO:Epoch 110, Training loss 108539.3359375, Validation loss 108436.763671875
2022-03-03 13:00:17,690:INFO:Epoch 111, Training loss 108539.603515625, Validation loss 108436.7890625
2022-03-03 13:00:19,996:INFO:Epoch 112, Training loss 108537.73828125, Validation loss 108433.126953125
2022-03-03 13:00:22,288:INFO:Epoch 113, Training loss 108540.060546875, Validation loss 108435.005859375
2022-03-03 13:00:24,594:INFO:Epoch 114, Training loss 108539.99609375, Validation loss 108440.341796875
2022-03-03 13:00:26,937:INFO:Epoch 115, Training loss 108541.28125, Validation loss 108437.6171875
2022-03-03 13:00:29,243:INFO:Epoch 116, Training loss 108539.205078125, Validation loss 108437.080078125
2022-03-03 13:00:31,515:INFO:Epoch 117, Training loss 108538.32421875, Validation loss 108433.9375
2022-03-03 13:00:33,828:INFO:Epoch 118, Training loss 108537.478515625, Validation loss 108438.05859375
2022-03-03 13:00:36,160:INFO:Epoch 119, Training loss 108536.919921875, Validation loss 108437.55078125
2022-03-03 13:00:38,488:INFO:Epoch 120, Training loss 108537.544921875, Validation loss 108434.87890625
2022-03-03 13:00:38,493:INFO:Finished training
