2021-11-18 16:14:01,188:INFO:All directories created, ready to load the data
2021-11-18 16:14:01,229:INFO:Dataset loaded from /data/theorie/jthoeve/event_generation/events_high_stats/lin/cHq3/events_22.npy
2021-11-18 16:14:01,257:INFO:Dataset loaded from /data/theorie/jthoeve/event_generation/events_high_stats/sm/events_22.npy
2021-11-18 16:14:04,904:INFO:Epoch 1, Training loss 84678.46875, Validation loss 84678.46875
2021-11-18 16:14:08,562:INFO:Epoch 2, Training loss 84678.46875, Validation loss 84678.46875
2021-11-18 16:14:12,246:INFO:Epoch 3, Training loss 84678.46875, Validation loss 84678.46875
2021-11-18 16:14:15,825:INFO:Epoch 4, Training loss 84678.46875, Validation loss 84678.46875
2021-11-18 16:14:19,456:INFO:Epoch 5, Training loss 84678.46875, Validation loss 84678.46875
2021-11-18 16:14:23,006:INFO:Epoch 6, Training loss 84678.46875, Validation loss 84678.46875
2021-11-18 16:14:26,598:INFO:Epoch 7, Training loss 84678.46875, Validation loss 84678.46875
2021-11-18 16:14:30,201:INFO:Epoch 8, Training loss 84678.46875, Validation loss 84678.46875
2021-11-18 16:14:33,759:INFO:Epoch 9, Training loss 84678.46875, Validation loss 84678.46875
2021-11-18 16:14:37,370:INFO:Epoch 10, Training loss 84678.46875, Validation loss 84678.46875
2021-11-18 16:14:41,004:INFO:Epoch 11, Training loss 84678.46875, Validation loss 84678.46875
2021-11-18 16:14:41,007:INFO:Detected stagant training, reset the weights
2021-11-18 16:14:44,584:INFO:Epoch 12, Training loss 80408.015625, Validation loss 79657.734375
2021-11-18 16:14:48,239:INFO:Epoch 13, Training loss 79658.3046875, Validation loss 78760.4140625
2021-11-18 16:14:51,781:INFO:Epoch 14, Training loss 78760.3671875, Validation loss 77854.6328125
2021-11-18 16:14:55,375:INFO:Epoch 15, Training loss 77855.0390625, Validation loss 77016.84375
2021-11-18 16:14:58,975:INFO:Epoch 16, Training loss 77018.1875, Validation loss 76287.4453125
2021-11-18 16:15:02,567:INFO:Epoch 17, Training loss 76289.078125, Validation loss 75670.8984375
2021-11-18 16:15:06,172:INFO:Epoch 18, Training loss 75671.421875, Validation loss 75159.671875
2021-11-18 16:15:09,796:INFO:Epoch 19, Training loss 75158.7109375, Validation loss 74745.8515625
2021-11-18 16:15:13,382:INFO:Epoch 20, Training loss 74742.8828125, Validation loss 74421.6328125
2021-11-18 16:15:16,970:INFO:Epoch 21, Training loss 74416.1875, Validation loss 74179.1796875
2021-11-18 16:15:20,516:INFO:Epoch 22, Training loss 74171.3671875, Validation loss 74007.5
2021-11-18 16:15:24,117:INFO:Epoch 23, Training loss 73998.0234375, Validation loss 73894.78125
2021-11-18 16:15:27,772:INFO:Epoch 24, Training loss 73884.6328125, Validation loss 73828.8203125
2021-11-18 16:15:31,339:INFO:Epoch 25, Training loss 73819.125, Validation loss 73799.4140625
2021-11-18 16:15:34,962:INFO:Epoch 26, Training loss 73790.140625, Validation loss 73797.0390625
2021-11-18 16:15:38,536:INFO:Epoch 27, Training loss 73788.0234375, Validation loss 73812.4609375
2021-11-18 16:15:42,107:INFO:Epoch 28, Training loss 73803.4140625, Validation loss 73838.2890625
2021-11-18 16:15:45,708:INFO:Epoch 29, Training loss 73828.90625, Validation loss 73868.4453125
2021-11-18 16:15:49,260:INFO:Epoch 30, Training loss 73858.671875, Validation loss 73898.21875
2021-11-18 16:15:52,864:INFO:Epoch 31, Training loss 73888.0703125, Validation loss 73924.3046875
2021-11-18 16:15:56,499:INFO:Epoch 32, Training loss 73913.703125, Validation loss 73944.5546875
2021-11-18 16:16:00,066:INFO:Epoch 33, Training loss 73933.5, Validation loss 73957.8828125
2021-11-18 16:16:03,694:INFO:Epoch 34, Training loss 73946.390625, Validation loss 73964.1328125
2021-11-18 16:16:07,267:INFO:Epoch 35, Training loss 73952.1796875, Validation loss 73963.6015625
2021-11-18 16:16:10,851:INFO:Epoch 36, Training loss 73951.3828125, Validation loss 73957.1015625
2021-11-18 16:16:14,458:INFO:Epoch 37, Training loss 73944.7109375, Validation loss 73945.78125
2021-11-18 16:16:18,042:INFO:Epoch 38, Training loss 73933.234375, Validation loss 73930.6796875
2021-11-18 16:16:21,673:INFO:Epoch 39, Training loss 73918.3125, Validation loss 73913.109375
2021-11-18 16:16:25,321:INFO:Epoch 40, Training loss 73901.0859375, Validation loss 73893.9609375
2021-11-18 16:16:28,892:INFO:Epoch 41, Training loss 73882.4921875, Validation loss 73874.171875
2021-11-18 16:16:32,518:INFO:Epoch 42, Training loss 73863.5859375, Validation loss 73854.2265625
2021-11-18 16:16:36,058:INFO:Epoch 43, Training loss 73844.78125, Validation loss 73834.5
2021-11-18 16:16:39,651:INFO:Epoch 44, Training loss 73826.40625, Validation loss 73817.078125
2021-11-18 16:16:43,260:INFO:Epoch 45, Training loss 73810.140625, Validation loss 73802.8984375
2021-11-18 16:16:46,829:INFO:Epoch 46, Training loss 73797.0703125, Validation loss 73792.265625
2021-11-18 16:16:50,465:INFO:Epoch 47, Training loss 73787.5078125, Validation loss 73786.015625
2021-11-18 16:16:54,096:INFO:Epoch 48, Training loss 73782.171875, Validation loss 73784.171875
2021-11-18 16:16:57,635:INFO:Epoch 49, Training loss 73781.0390625, Validation loss 73785.734375
2021-11-18 16:17:01,240:INFO:Epoch 50, Training loss 73783.1796875, Validation loss 73789.03125
2021-11-18 16:17:04,797:INFO:Epoch 51, Training loss 73786.9453125, Validation loss 73792.3515625
2021-11-18 16:17:08,484:INFO:Epoch 52, Training loss 73790.609375, Validation loss 73794.4765625
2021-11-18 16:17:12,171:INFO:Epoch 53, Training loss 73792.921875, Validation loss 73794.875
2021-11-18 16:17:15,849:INFO:Epoch 54, Training loss 73793.1875, Validation loss 73793.6328125
2021-11-18 16:17:19,584:INFO:Epoch 55, Training loss 73791.6171875, Validation loss 73791.21875
2021-11-18 16:17:23,298:INFO:Epoch 56, Training loss 73788.7578125, Validation loss 73788.2265625
2021-11-18 16:17:26,905:INFO:Epoch 57, Training loss 73785.2421875, Validation loss 73785.2578125
2021-11-18 16:17:30,582:INFO:Epoch 58, Training loss 73781.7890625, Validation loss 73782.8046875
2021-11-18 16:17:34,212:INFO:Epoch 59, Training loss 73778.7890625, Validation loss 73781.046875
2021-11-18 16:17:37,883:INFO:Epoch 60, Training loss 73776.4453125, Validation loss 73780.0546875
2021-11-18 16:17:41,572:INFO:Epoch 61, Training loss 73774.84375, Validation loss 73779.796875
2021-11-18 16:17:45,229:INFO:Epoch 62, Training loss 73773.953125, Validation loss 73780.1015625
2021-11-18 16:17:48,951:INFO:Epoch 63, Training loss 73773.6328125, Validation loss 73780.7578125
2021-11-18 16:17:52,570:INFO:Epoch 64, Training loss 73773.6953125, Validation loss 73781.5546875
2021-11-18 16:17:56,175:INFO:Epoch 65, Training loss 73773.9765625, Validation loss 73782.4375
2021-11-18 16:17:59,812:INFO:Epoch 66, Training loss 73774.3984375, Validation loss 73783.2890625
2021-11-18 16:18:03,375:INFO:Epoch 67, Training loss 73774.84375, Validation loss 73783.9921875
2021-11-18 16:18:07,004:INFO:Epoch 68, Training loss 73775.21875, Validation loss 73784.515625
2021-11-18 16:18:10,653:INFO:Epoch 69, Training loss 73775.4765625, Validation loss 73784.8125
2021-11-18 16:18:14,253:INFO:Epoch 70, Training loss 73775.5859375, Validation loss 73784.9140625
2021-11-18 16:18:17,908:INFO:Epoch 71, Training loss 73775.515625, Validation loss 73784.8671875
2021-11-18 16:18:21,464:INFO:Epoch 72, Training loss 73775.3046875, Validation loss 73784.71875
2021-11-18 16:18:25,046:INFO:Epoch 73, Training loss 73774.984375, Validation loss 73784.484375
2021-11-18 16:18:28,675:INFO:Epoch 74, Training loss 73774.578125, Validation loss 73784.2265625
2021-11-18 16:18:32,242:INFO:Epoch 75, Training loss 73774.1640625, Validation loss 73783.9453125
2021-11-18 16:18:35,870:INFO:Epoch 76, Training loss 73773.7734375, Validation loss 73783.6875
2021-11-18 16:18:39,533:INFO:Epoch 77, Training loss 73773.4296875, Validation loss 73783.46875
2021-11-18 16:18:43,137:INFO:Epoch 78, Training loss 73773.125, Validation loss 73783.3125
2021-11-18 16:18:46,736:INFO:Epoch 79, Training loss 73772.8828125, Validation loss 73783.2109375
2021-11-18 16:18:50,303:INFO:Epoch 80, Training loss 73772.7265625, Validation loss 73783.171875
2021-11-18 16:18:53,915:INFO:Epoch 81, Training loss 73772.6328125, Validation loss 73783.1796875
2021-11-18 16:18:57,542:INFO:Epoch 82, Training loss 73772.5703125, Validation loss 73783.2109375
2021-11-18 16:19:01,125:INFO:Epoch 83, Training loss 73772.5390625, Validation loss 73783.2578125
2021-11-18 16:19:04,766:INFO:Epoch 84, Training loss 73772.5078125, Validation loss 73783.296875
2021-11-18 16:19:08,422:INFO:Epoch 85, Training loss 73772.46875, Validation loss 73783.3203125
2021-11-18 16:19:11,999:INFO:Epoch 86, Training loss 73772.3984375, Validation loss 73783.3359375
2021-11-18 16:19:15,613:INFO:Epoch 87, Training loss 73772.3046875, Validation loss 73783.296875
2021-11-18 16:19:19,217:INFO:Epoch 88, Training loss 73772.203125, Validation loss 73783.2578125
2021-11-18 16:19:22,853:INFO:Epoch 89, Training loss 73772.09375, Validation loss 73783.1953125
2021-11-18 16:19:26,505:INFO:Epoch 90, Training loss 73771.96875, Validation loss 73783.140625
2021-11-18 16:19:30,113:INFO:Epoch 91, Training loss 73771.8203125, Validation loss 73783.09375
2021-11-18 16:19:33,773:INFO:Epoch 92, Training loss 73771.6640625, Validation loss 73783.0546875
2021-11-18 16:19:37,328:INFO:Epoch 93, Training loss 73771.515625, Validation loss 73783.0390625
2021-11-18 16:19:40,926:INFO:Epoch 94, Training loss 73771.40625, Validation loss 73783.0390625
2021-11-18 16:19:44,571:INFO:Epoch 95, Training loss 73771.3203125, Validation loss 73783.0390625
2021-11-18 16:19:48,164:INFO:Epoch 96, Training loss 73771.265625, Validation loss 73783.0390625
2021-11-18 16:19:51,933:INFO:Epoch 97, Training loss 73771.21875, Validation loss 73783.0390625
2021-11-18 16:19:55,616:INFO:Epoch 98, Training loss 73771.1796875, Validation loss 73783.0390625
2021-11-18 16:19:59,241:INFO:Epoch 99, Training loss 73771.140625, Validation loss 73783.0390625
2021-11-18 16:20:02,914:INFO:Epoch 100, Training loss 73771.1171875, Validation loss 73783.0234375
2021-11-18 16:20:06,499:INFO:Epoch 101, Training loss 73771.078125, Validation loss 73783.0
2021-11-18 16:20:10,109:INFO:Epoch 102, Training loss 73771.03125, Validation loss 73782.96875
2021-11-18 16:20:13,771:INFO:Epoch 103, Training loss 73770.984375, Validation loss 73782.9375
2021-11-18 16:20:17,373:INFO:Epoch 104, Training loss 73770.9375, Validation loss 73782.8828125
2021-11-18 16:20:21,078:INFO:Epoch 105, Training loss 73770.8828125, Validation loss 73782.8359375
2021-11-18 16:20:24,769:INFO:Epoch 106, Training loss 73770.828125, Validation loss 73782.78125
2021-11-18 16:20:28,406:INFO:Epoch 107, Training loss 73770.7734375, Validation loss 73782.7265625
2021-11-18 16:20:32,046:INFO:Epoch 108, Training loss 73770.71875, Validation loss 73782.6875
2021-11-18 16:20:35,634:INFO:Epoch 109, Training loss 73770.6640625, Validation loss 73782.640625
2021-11-18 16:20:39,262:INFO:Epoch 110, Training loss 73770.609375, Validation loss 73782.59375
2021-11-18 16:20:42,921:INFO:Epoch 111, Training loss 73770.5625, Validation loss 73782.546875
2021-11-18 16:20:42,927:INFO:Finished training, producing training report at /data/theorie/jthoeve/ML4EFT_higgs/models/17_11/model_final_lin_cHq3_v7/mc_run_22/plots/training_report/
2021-11-18 16:20:43,779:WARNING:findfont: Font family ['sans-serif'] not found. Falling back to DejaVu Sans.
