2021-11-17 17:54:11,633:INFO:All directories created, ready to load the data
2021-11-17 17:54:11,687:INFO:Dataset loaded from /data/theorie/jthoeve/event_generation/events_high_stats/lin/cHW/events_5.npy
2021-11-17 17:54:11,728:INFO:Dataset loaded from /data/theorie/jthoeve/event_generation/events_high_stats/sm/events_5.npy
2021-11-17 17:54:15,187:INFO:Epoch 1, Training loss 208059.78515625, Validation loss 208059.78515625
2021-11-17 17:54:18,558:INFO:Epoch 2, Training loss 208059.78515625, Validation loss 208059.78515625
2021-11-17 17:54:21,915:INFO:Epoch 3, Training loss 208059.78515625, Validation loss 208059.78515625
2021-11-17 17:54:25,298:INFO:Epoch 4, Training loss 208059.78515625, Validation loss 208059.78515625
2021-11-17 17:54:28,636:INFO:Epoch 5, Training loss 208059.78515625, Validation loss 208059.78515625
2021-11-17 17:54:31,994:INFO:Epoch 6, Training loss 208059.78515625, Validation loss 208059.78515625
2021-11-17 17:54:35,320:INFO:Epoch 7, Training loss 208059.78515625, Validation loss 208059.78515625
2021-11-17 17:54:38,678:INFO:Epoch 8, Training loss 208059.78515625, Validation loss 208059.78515625
2021-11-17 17:54:41,999:INFO:Epoch 9, Training loss 208059.78515625, Validation loss 208059.78515625
2021-11-17 17:54:45,314:INFO:Epoch 10, Training loss 208059.78515625, Validation loss 208059.78515625
2021-11-17 17:54:48,658:INFO:Epoch 11, Training loss 208059.78515625, Validation loss 208059.78515625
2021-11-17 17:54:48,662:INFO:Detected stagant training, reset the weights
2021-11-17 17:54:52,027:INFO:Epoch 12, Training loss 128358.9921875, Validation loss 124228.009765625
2021-11-17 17:54:55,363:INFO:Epoch 13, Training loss 121646.2890625, Validation loss 118139.779296875
2021-11-17 17:54:58,679:INFO:Epoch 14, Training loss 116137.1484375, Validation loss 113203.69921875
2021-11-17 17:55:02,029:INFO:Epoch 15, Training loss 111620.060546875, Validation loss 109724.91015625
2021-11-17 17:55:05,369:INFO:Epoch 16, Training loss 109441.26171875, Validation loss 109516.021484375
2021-11-17 17:55:08,711:INFO:Epoch 17, Training loss 109747.173828125, Validation loss 109859.5546875
2021-11-17 17:55:12,021:INFO:Epoch 18, Training loss 109706.384765625, Validation loss 109400.087890625
2021-11-17 17:55:15,370:INFO:Epoch 19, Training loss 109269.81640625, Validation loss 109135.390625
2021-11-17 17:55:18,696:INFO:Epoch 20, Training loss 109168.255859375, Validation loss 109183.8671875
2021-11-17 17:55:22,076:INFO:Epoch 21, Training loss 109199.341796875, Validation loss 109153.7890625
2021-11-17 17:55:25,385:INFO:Epoch 22, Training loss 109142.357421875, Validation loss 109089.31640625
2021-11-17 17:55:28,739:INFO:Epoch 23, Training loss 109098.1484375, Validation loss 109074.521484375
2021-11-17 17:55:32,052:INFO:Epoch 24, Training loss 109090.392578125, Validation loss 109073.42578125
2021-11-17 17:55:35,424:INFO:Epoch 25, Training loss 109083.96875, Validation loss 109059.634765625
2021-11-17 17:55:38,739:INFO:Epoch 26, Training loss 109069.123046875, Validation loss 109046.10546875
2021-11-17 17:55:42,077:INFO:Epoch 27, Training loss 109058.544921875, Validation loss 109038.2109375
2021-11-17 17:55:45,403:INFO:Epoch 28, Training loss 109049.482421875, Validation loss 109029.431640625
2021-11-17 17:55:48,764:INFO:Epoch 29, Training loss 109040.146484375, Validation loss 109019.822265625
2021-11-17 17:55:52,092:INFO:Epoch 30, Training loss 109030.783203125, Validation loss 109011.779296875
2021-11-17 17:55:55,426:INFO:Epoch 31, Training loss 109021.408203125, Validation loss 109003.76171875
2021-11-17 17:55:58,763:INFO:Epoch 32, Training loss 109012.30859375, Validation loss 108996.001953125
2021-11-17 17:56:02,115:INFO:Epoch 33, Training loss 109004.216796875, Validation loss 108988.728515625
2021-11-17 17:56:05,467:INFO:Epoch 34, Training loss 108997.146484375, Validation loss 108981.69140625
2021-11-17 17:56:08,787:INFO:Epoch 35, Training loss 108989.279296875, Validation loss 108975.572265625
2021-11-17 17:56:12,131:INFO:Epoch 36, Training loss 108982.85546875, Validation loss 108969.802734375
2021-11-17 17:56:15,474:INFO:Epoch 37, Training loss 108975.9453125, Validation loss 108964.3984375
2021-11-17 17:56:18,814:INFO:Epoch 38, Training loss 108969.9765625, Validation loss 108959.884765625
2021-11-17 17:56:22,119:INFO:Epoch 39, Training loss 108965.34765625, Validation loss 108956.1328125
2021-11-17 17:56:25,475:INFO:Epoch 40, Training loss 108959.99609375, Validation loss 108952.87109375
2021-11-17 17:56:28,781:INFO:Epoch 41, Training loss 108956.419921875, Validation loss 108949.375
2021-11-17 17:56:32,158:INFO:Epoch 42, Training loss 108952.48046875, Validation loss 108946.720703125
2021-11-17 17:56:35,470:INFO:Epoch 43, Training loss 108949.5859375, Validation loss 108944.20703125
2021-11-17 17:56:38,826:INFO:Epoch 44, Training loss 108947.70703125, Validation loss 108941.837890625
2021-11-17 17:56:42,146:INFO:Epoch 45, Training loss 108944.8203125, Validation loss 108940.140625
2021-11-17 17:56:45,519:INFO:Epoch 46, Training loss 108942.791015625, Validation loss 108938.421875
2021-11-17 17:56:48,852:INFO:Epoch 47, Training loss 108941.330078125, Validation loss 108936.58203125
2021-11-17 17:56:52,307:INFO:Epoch 48, Training loss 108940.078125, Validation loss 108935.123046875
2021-11-17 17:56:55,764:INFO:Epoch 49, Training loss 108938.95703125, Validation loss 108933.521484375
2021-11-17 17:56:59,231:INFO:Epoch 50, Training loss 108937.501953125, Validation loss 108932.8671875
2021-11-17 17:57:02,664:INFO:Epoch 51, Training loss 108936.404296875, Validation loss 108931.455078125
2021-11-17 17:57:06,113:INFO:Epoch 52, Training loss 108935.431640625, Validation loss 108930.13671875
2021-11-17 17:57:09,556:INFO:Epoch 53, Training loss 108934.501953125, Validation loss 108929.22265625
2021-11-17 17:57:13,013:INFO:Epoch 54, Training loss 108934.482421875, Validation loss 108928.310546875
2021-11-17 17:57:16,462:INFO:Epoch 55, Training loss 108933.2578125, Validation loss 108927.126953125
2021-11-17 17:57:19,890:INFO:Epoch 56, Training loss 108932.373046875, Validation loss 108926.587890625
2021-11-17 17:57:23,334:INFO:Epoch 57, Training loss 108931.837890625, Validation loss 108925.3125
2021-11-17 17:57:26,778:INFO:Epoch 58, Training loss 108931.080078125, Validation loss 108924.58203125
2021-11-17 17:57:30,233:INFO:Epoch 59, Training loss 108930.720703125, Validation loss 108923.015625
2021-11-17 17:57:33,641:INFO:Epoch 60, Training loss 108929.974609375, Validation loss 108922.400390625
2021-11-17 17:57:37,093:INFO:Epoch 61, Training loss 108929.3125, Validation loss 108921.78515625
2021-11-17 17:57:40,504:INFO:Epoch 62, Training loss 108928.919921875, Validation loss 108921.779296875
2021-11-17 17:57:43,992:INFO:Epoch 63, Training loss 108928.82421875, Validation loss 108921.19140625
2021-11-17 17:57:47,404:INFO:Epoch 64, Training loss 108928.0546875, Validation loss 108919.8828125
2021-11-17 17:57:50,864:INFO:Epoch 65, Training loss 108927.728515625, Validation loss 108919.767578125
2021-11-17 17:57:54,299:INFO:Epoch 66, Training loss 108927.3828125, Validation loss 108918.923828125
2021-11-17 17:57:57,779:INFO:Epoch 67, Training loss 108926.681640625, Validation loss 108918.53125
2021-11-17 17:58:01,208:INFO:Epoch 68, Training loss 108926.61328125, Validation loss 108917.8203125
2021-11-17 17:58:04,671:INFO:Epoch 69, Training loss 108926.15234375, Validation loss 108917.791015625
2021-11-17 17:58:08,109:INFO:Epoch 70, Training loss 108925.798828125, Validation loss 108917.029296875
2021-11-17 17:58:11,606:INFO:Epoch 71, Training loss 108925.61328125, Validation loss 108917.078125
2021-11-17 17:58:15,036:INFO:Epoch 72, Training loss 108925.69140625, Validation loss 108916.09765625
2021-11-17 17:58:18,465:INFO:Epoch 73, Training loss 108924.9140625, Validation loss 108916.20703125
2021-11-17 17:58:21,918:INFO:Epoch 74, Training loss 108926.03125, Validation loss 108915.7578125
2021-11-17 17:58:25,380:INFO:Epoch 75, Training loss 108924.9453125, Validation loss 108915.2265625
2021-11-17 17:58:28,818:INFO:Epoch 76, Training loss 108924.5234375, Validation loss 108915.310546875
2021-11-17 17:58:32,248:INFO:Epoch 77, Training loss 108925.935546875, Validation loss 108915.755859375
2021-11-17 17:58:35,709:INFO:Epoch 78, Training loss 108923.93359375, Validation loss 108914.671875
2021-11-17 17:58:39,154:INFO:Epoch 79, Training loss 108923.896484375, Validation loss 108914.041015625
2021-11-17 17:58:42,606:INFO:Epoch 80, Training loss 108923.7421875, Validation loss 108914.048828125
2021-11-17 17:58:46,026:INFO:Epoch 81, Training loss 108923.98046875, Validation loss 108913.888671875
2021-11-17 17:58:49,486:INFO:Epoch 82, Training loss 108923.3671875, Validation loss 108914.26171875
2021-11-17 17:58:52,904:INFO:Epoch 83, Training loss 108923.599609375, Validation loss 108914.4453125
2021-11-17 17:58:56,394:INFO:Epoch 84, Training loss 108923.359375, Validation loss 108913.15234375
2021-11-17 17:58:59,807:INFO:Epoch 85, Training loss 108922.765625, Validation loss 108912.759765625
2021-11-17 17:59:03,260:INFO:Epoch 86, Training loss 108922.84375, Validation loss 108912.822265625
2021-11-17 17:59:06,706:INFO:Epoch 87, Training loss 108922.38671875, Validation loss 108912.3671875
2021-11-17 17:59:10,188:INFO:Epoch 88, Training loss 108922.806640625, Validation loss 108912.787109375
2021-11-17 17:59:13,612:INFO:Epoch 89, Training loss 108922.08203125, Validation loss 108912.421875
2021-11-17 17:59:17,059:INFO:Epoch 90, Training loss 108922.6484375, Validation loss 108911.80078125
2021-11-17 17:59:20,488:INFO:Epoch 91, Training loss 108922.076171875, Validation loss 108911.634765625
2021-11-17 17:59:23,959:INFO:Epoch 92, Training loss 108921.43359375, Validation loss 108912.201171875
2021-11-17 17:59:27,388:INFO:Epoch 93, Training loss 108922.076171875, Validation loss 108912.224609375
2021-11-17 17:59:30,825:INFO:Epoch 94, Training loss 108921.873046875, Validation loss 108911.609375
2021-11-17 17:59:34,269:INFO:Epoch 95, Training loss 108921.41796875, Validation loss 108911.86328125
2021-11-17 17:59:37,699:INFO:Epoch 96, Training loss 108921.0625, Validation loss 108911.7109375
2021-11-17 17:59:41,123:INFO:Epoch 97, Training loss 108921.275390625, Validation loss 108911.294921875
2021-11-17 17:59:44,515:INFO:Epoch 98, Training loss 108921.423828125, Validation loss 108912.189453125
2021-11-17 17:59:47,938:INFO:Epoch 99, Training loss 108921.666015625, Validation loss 108910.677734375
2021-11-17 17:59:51,348:INFO:Epoch 100, Training loss 108920.6875, Validation loss 108911.078125
2021-11-17 17:59:54,771:INFO:Epoch 101, Training loss 108921.0, Validation loss 108911.37109375
2021-11-17 17:59:58,159:INFO:Epoch 102, Training loss 108920.701171875, Validation loss 108910.970703125
2021-11-17 18:00:01,588:INFO:Epoch 103, Training loss 108920.65625, Validation loss 108910.412109375
2021-11-17 18:00:04,994:INFO:Epoch 104, Training loss 108920.6640625, Validation loss 108910.833984375
2021-11-17 18:00:08,450:INFO:Epoch 105, Training loss 108919.97265625, Validation loss 108910.87890625
2021-11-17 18:00:11,832:INFO:Epoch 106, Training loss 108920.076171875, Validation loss 108911.123046875
2021-11-17 18:00:15,282:INFO:Epoch 107, Training loss 108919.705078125, Validation loss 108910.826171875
2021-11-17 18:00:18,677:INFO:Epoch 108, Training loss 108921.103515625, Validation loss 108911.455078125
2021-11-17 18:00:22,179:INFO:Epoch 109, Training loss 108919.37890625, Validation loss 108910.208984375
2021-11-17 18:00:25,583:INFO:Epoch 110, Training loss 108919.96484375, Validation loss 108910.34765625
2021-11-17 18:00:29,014:INFO:Epoch 111, Training loss 108919.70703125, Validation loss 108911.2109375
2021-11-17 18:00:32,422:INFO:Epoch 112, Training loss 108920.068359375, Validation loss 108911.17578125
2021-11-17 18:00:35,865:INFO:Epoch 113, Training loss 108918.86328125, Validation loss 108910.44140625
2021-11-17 18:00:39,274:INFO:Epoch 114, Training loss 108920.873046875, Validation loss 108909.669921875
2021-11-17 18:00:42,685:INFO:Epoch 115, Training loss 108920.9921875, Validation loss 108911.28125
2021-11-17 18:00:46,096:INFO:Epoch 116, Training loss 108918.736328125, Validation loss 108910.654296875
2021-11-17 18:00:49,526:INFO:Epoch 117, Training loss 108918.810546875, Validation loss 108910.3203125
2021-11-17 18:00:52,950:INFO:Epoch 118, Training loss 108918.53125, Validation loss 108910.013671875
2021-11-17 18:00:56,344:INFO:Epoch 119, Training loss 108918.1953125, Validation loss 108909.67578125
2021-11-17 18:00:59,772:INFO:Epoch 120, Training loss 108918.38671875, Validation loss 108910.0234375
2021-11-17 18:01:03,198:INFO:Epoch 121, Training loss 108918.595703125, Validation loss 108909.568359375
2021-11-17 18:01:06,634:INFO:Epoch 122, Training loss 108918.455078125, Validation loss 108910.251953125
2021-11-17 18:01:10,016:INFO:Epoch 123, Training loss 108918.861328125, Validation loss 108909.4765625
2021-11-17 18:01:13,451:INFO:Epoch 124, Training loss 108917.853515625, Validation loss 108910.220703125
2021-11-17 18:01:16,832:INFO:Epoch 125, Training loss 108919.68359375, Validation loss 108910.78125
2021-11-17 18:01:20,292:INFO:Epoch 126, Training loss 108919.306640625, Validation loss 108909.896484375
2021-11-17 18:01:23,674:INFO:Epoch 127, Training loss 108918.09765625, Validation loss 108910.62109375
2021-11-17 18:01:27,109:INFO:Epoch 128, Training loss 108917.994140625, Validation loss 108910.337890625
2021-11-17 18:01:30,504:INFO:Epoch 129, Training loss 108918.3046875, Validation loss 108909.845703125
2021-11-17 18:01:33,960:INFO:Epoch 130, Training loss 108917.404296875, Validation loss 108911.0234375
2021-11-17 18:01:37,352:INFO:Epoch 131, Training loss 108919.123046875, Validation loss 108909.859375
2021-11-17 18:01:40,777:INFO:Epoch 132, Training loss 108916.720703125, Validation loss 108909.908203125
2021-11-17 18:01:44,183:INFO:Epoch 133, Training loss 108918.41796875, Validation loss 108911.716796875
2021-11-17 18:01:47,625:INFO:Epoch 134, Training loss 108917.03515625, Validation loss 108909.44921875
2021-11-17 18:01:51,036:INFO:Epoch 135, Training loss 108917.650390625, Validation loss 108909.37890625
2021-11-17 18:01:54,446:INFO:Epoch 136, Training loss 108917.57421875, Validation loss 108910.380859375
2021-11-17 18:01:57,864:INFO:Epoch 137, Training loss 108917.111328125, Validation loss 108909.826171875
2021-11-17 18:02:01,300:INFO:Epoch 138, Training loss 108916.791015625, Validation loss 108910.8359375
2021-11-17 18:02:04,720:INFO:Epoch 139, Training loss 108917.138671875, Validation loss 108909.935546875
2021-11-17 18:02:08,140:INFO:Epoch 140, Training loss 108917.6875, Validation loss 108908.91015625
2021-11-17 18:02:11,570:INFO:Epoch 141, Training loss 108917.0078125, Validation loss 108910.2890625
2021-11-17 18:02:15,002:INFO:Epoch 142, Training loss 108916.58984375, Validation loss 108911.21484375
2021-11-17 18:02:18,446:INFO:Epoch 143, Training loss 108916.783203125, Validation loss 108910.537109375
2021-11-17 18:02:21,827:INFO:Epoch 144, Training loss 108916.138671875, Validation loss 108909.5546875
2021-11-17 18:02:25,269:INFO:Epoch 145, Training loss 108916.33984375, Validation loss 108909.54296875
2021-11-17 18:02:28,663:INFO:Epoch 146, Training loss 108915.7578125, Validation loss 108910.548828125
2021-11-17 18:02:32,121:INFO:Epoch 147, Training loss 108915.791015625, Validation loss 108910.142578125
2021-11-17 18:02:35,511:INFO:Epoch 148, Training loss 108915.705078125, Validation loss 108909.458984375
2021-11-17 18:02:38,947:INFO:Epoch 149, Training loss 108915.404296875, Validation loss 108909.240234375
2021-11-17 18:02:42,349:INFO:Epoch 150, Training loss 108916.359375, Validation loss 108910.35546875
2021-11-17 18:02:45,812:INFO:Epoch 151, Training loss 108916.84375, Validation loss 108910.04296875
2021-11-17 18:02:49,210:INFO:Epoch 152, Training loss 108916.96875, Validation loss 108911.5546875
2021-11-17 18:02:52,633:INFO:Epoch 153, Training loss 108915.5546875, Validation loss 108910.27734375
2021-11-17 18:02:56,040:INFO:Epoch 154, Training loss 108915.392578125, Validation loss 108910.349609375
2021-11-17 18:02:59,490:INFO:Epoch 155, Training loss 108916.185546875, Validation loss 108910.533203125
2021-11-17 18:03:02,900:INFO:Epoch 156, Training loss 108915.052734375, Validation loss 108910.375
2021-11-17 18:03:06,330:INFO:Epoch 157, Training loss 108915.083984375, Validation loss 108909.947265625
2021-11-17 18:03:09,752:INFO:Epoch 158, Training loss 108915.6171875, Validation loss 108910.12109375
2021-11-17 18:03:13,185:INFO:Epoch 159, Training loss 108915.646484375, Validation loss 108910.33984375
2021-11-17 18:03:16,603:INFO:Epoch 160, Training loss 108915.0703125, Validation loss 108910.74609375
2021-11-17 18:03:16,609:INFO:Finished training, producing training report at /data/theorie/jthoeve/ML4EFT_higgs/models/17_11/model_final_lin_cHW/mc_run_5/plots/training_report/
2021-11-17 18:03:18,955:WARNING:findfont: Font family ['sans-serif'] not found. Falling back to DejaVu Sans.
