2021-11-24 15:26:08,512:INFO:All directories created, ready to load the data
2021-11-24 15:26:08,556:INFO:Dataset loaded from /data/theorie/jthoeve/event_generation/events_high_stats/quad/cHW/events_10.npy
2021-11-24 15:26:08,564:INFO:Dataset loaded from /data/theorie/jthoeve/event_generation/events_high_stats/sm/events_10.npy
2021-11-24 15:26:12,337:INFO:Epoch 1, Training loss 151079.6328125, Validation loss 149948.330078125
2021-11-24 15:26:16,076:INFO:Epoch 2, Training loss 149759.009765625, Validation loss 149515.17578125
2021-11-24 15:26:19,813:INFO:Epoch 3, Training loss 149447.955078125, Validation loss 149222.296875
2021-11-24 15:26:23,580:INFO:Epoch 4, Training loss 149071.1640625, Validation loss 148685.052734375
2021-11-24 15:26:27,312:INFO:Epoch 5, Training loss 148448.345703125, Validation loss 147923.18359375
2021-11-24 15:26:31,052:INFO:Epoch 6, Training loss 147659.15234375, Validation loss 147033.4453125
2021-11-24 15:26:34,783:INFO:Epoch 7, Training loss 146735.80078125, Validation loss 146010.0390625
2021-11-24 15:26:38,553:INFO:Epoch 8, Training loss 145760.96875, Validation loss 145012.365234375
2021-11-24 15:26:42,303:INFO:Epoch 9, Training loss 144892.0390625, Validation loss 144237.248046875
2021-11-24 15:26:46,030:INFO:Epoch 10, Training loss 144290.66015625, Validation loss 143754.744140625
2021-11-24 15:26:49,762:INFO:Epoch 11, Training loss 143943.025390625, Validation loss 143547.98828125
2021-11-24 15:26:53,519:INFO:Epoch 12, Training loss 143837.65234375, Validation loss 143513.138671875
2021-11-24 15:26:57,257:INFO:Epoch 13, Training loss 143790.810546875, Validation loss 143448.654296875
2021-11-24 15:27:00,982:INFO:Epoch 14, Training loss 143731.181640625, Validation loss 143419.98046875
2021-11-24 15:27:04,763:INFO:Epoch 15, Training loss 143698.0390625, Validation loss 143403.009765625
2021-11-24 15:27:08,519:INFO:Epoch 16, Training loss 143711.03515625, Validation loss 143401.91015625
2021-11-24 15:27:12,266:INFO:Epoch 17, Training loss 143687.017578125, Validation loss 143373.375
2021-11-24 15:27:15,974:INFO:Epoch 18, Training loss 143682.421875, Validation loss 143375.421875
2021-11-24 15:27:19,752:INFO:Epoch 19, Training loss 143670.01953125, Validation loss 143352.93359375
2021-11-24 15:27:23,453:INFO:Epoch 20, Training loss 143664.873046875, Validation loss 143369.353515625
2021-11-24 15:27:27,236:INFO:Epoch 21, Training loss 143661.671875, Validation loss 143359.76953125
2021-11-24 15:27:30,957:INFO:Epoch 22, Training loss 143664.84375, Validation loss 143365.181640625
2021-11-24 15:27:34,731:INFO:Epoch 23, Training loss 143659.7421875, Validation loss 143340.732421875
2021-11-24 15:27:38,452:INFO:Epoch 24, Training loss 143653.2734375, Validation loss 143352.623046875
2021-11-24 15:27:42,254:INFO:Epoch 25, Training loss 143658.392578125, Validation loss 143344.01953125
2021-11-24 15:27:45,974:INFO:Epoch 26, Training loss 143643.255859375, Validation loss 143340.4375
2021-11-24 15:27:49,716:INFO:Epoch 27, Training loss 143641.388671875, Validation loss 143335.10546875
2021-11-24 15:27:53,469:INFO:Epoch 28, Training loss 143642.41796875, Validation loss 143356.685546875
2021-11-24 15:27:57,234:INFO:Epoch 29, Training loss 143639.552734375, Validation loss 143337.25
2021-11-24 15:28:00,962:INFO:Epoch 30, Training loss 143643.01953125, Validation loss 143334.740234375
2021-11-24 15:28:04,717:INFO:Epoch 31, Training loss 143633.99609375, Validation loss 143329.30078125
2021-11-24 15:28:08,467:INFO:Epoch 32, Training loss 143637.185546875, Validation loss 143334.708984375
2021-11-24 15:28:12,233:INFO:Epoch 33, Training loss 143632.923828125, Validation loss 143328.267578125
2021-11-24 15:28:15,975:INFO:Epoch 34, Training loss 143635.080078125, Validation loss 143333.0859375
2021-11-24 15:28:19,711:INFO:Epoch 35, Training loss 143636.787109375, Validation loss 143331.923828125
2021-11-24 15:28:23,460:INFO:Epoch 36, Training loss 143635.833984375, Validation loss 143325.169921875
2021-11-24 15:28:27,217:INFO:Epoch 37, Training loss 143629.19140625, Validation loss 143340.30078125
2021-11-24 15:28:30,978:INFO:Epoch 38, Training loss 143631.14453125, Validation loss 143332.146484375
2021-11-24 15:28:34,727:INFO:Epoch 39, Training loss 143621.6015625, Validation loss 143332.576171875
2021-11-24 15:28:38,483:INFO:Epoch 40, Training loss 143633.57421875, Validation loss 143327.08984375
2021-11-24 15:28:42,203:INFO:Epoch 41, Training loss 143620.951171875, Validation loss 143319.1015625
2021-11-24 15:28:45,995:INFO:Epoch 42, Training loss 143622.12109375, Validation loss 143325.25
2021-11-24 15:28:49,726:INFO:Epoch 43, Training loss 143621.80859375, Validation loss 143324.68359375
2021-11-24 15:28:53,488:INFO:Epoch 44, Training loss 143620.0390625, Validation loss 143325.58984375
2021-11-24 15:28:57,200:INFO:Epoch 45, Training loss 143625.203125, Validation loss 143323.060546875
2021-11-24 15:29:00,989:INFO:Epoch 46, Training loss 143622.23828125, Validation loss 143325.515625
2021-11-24 15:29:04,741:INFO:Epoch 47, Training loss 143618.578125, Validation loss 143320.26171875
2021-11-24 15:29:08,512:INFO:Epoch 48, Training loss 143620.25390625, Validation loss 143322.0859375
2021-11-24 15:29:12,254:INFO:Epoch 49, Training loss 143621.583984375, Validation loss 143322.626953125
2021-11-24 15:29:16,034:INFO:Epoch 50, Training loss 143621.0859375, Validation loss 143320.64453125
2021-11-24 15:29:19,782:INFO:Epoch 51, Training loss 143618.921875, Validation loss 143327.453125
2021-11-24 15:29:23,540:INFO:Epoch 52, Training loss 143618.205078125, Validation loss 143316.15234375
2021-11-24 15:29:27,288:INFO:Epoch 53, Training loss 143620.4296875, Validation loss 143339.537109375
2021-11-24 15:29:31,040:INFO:Epoch 54, Training loss 143626.37890625, Validation loss 143316.390625
2021-11-24 15:29:34,811:INFO:Epoch 55, Training loss 143623.15625, Validation loss 143339.197265625
2021-11-24 15:29:38,540:INFO:Epoch 56, Training loss 143629.447265625, Validation loss 143319.298828125
2021-11-24 15:29:42,288:INFO:Epoch 57, Training loss 143632.9296875, Validation loss 143375.521484375
2021-11-24 15:29:46,038:INFO:Epoch 58, Training loss 143635.267578125, Validation loss 143330.94140625
2021-11-24 15:29:49,791:INFO:Epoch 59, Training loss 143618.99609375, Validation loss 143314.431640625
2021-11-24 15:29:53,508:INFO:Epoch 60, Training loss 143613.88671875, Validation loss 143319.798828125
2021-11-24 15:29:57,268:INFO:Epoch 61, Training loss 143616.728515625, Validation loss 143320.77734375
2021-11-24 15:30:01,017:INFO:Epoch 62, Training loss 143619.005859375, Validation loss 143318.53125
2021-11-24 15:30:04,848:INFO:Epoch 63, Training loss 143616.423828125, Validation loss 143336.94140625
2021-11-24 15:30:08,591:INFO:Epoch 64, Training loss 143616.892578125, Validation loss 143319.259765625
2021-11-24 15:30:12,433:INFO:Epoch 65, Training loss 143612.59765625, Validation loss 143315.048828125
2021-11-24 15:30:16,275:INFO:Epoch 66, Training loss 143615.73046875, Validation loss 143323.92578125
2021-11-24 15:30:20,195:INFO:Epoch 67, Training loss 143614.861328125, Validation loss 143334.63671875
2021-11-24 15:30:24,027:INFO:Epoch 68, Training loss 143617.666015625, Validation loss 143322.568359375
2021-11-24 15:30:27,960:INFO:Epoch 69, Training loss 143615.958984375, Validation loss 143315.103515625
2021-11-24 15:30:31,768:INFO:Epoch 70, Training loss 143614.7578125, Validation loss 143323.619140625
2021-11-24 15:30:35,591:INFO:Epoch 71, Training loss 143613.892578125, Validation loss 143322.50390625
2021-11-24 15:30:39,374:INFO:Epoch 72, Training loss 143610.0, Validation loss 143320.892578125
2021-11-24 15:30:43,176:INFO:Epoch 73, Training loss 143610.19140625, Validation loss 143314.033203125
2021-11-24 15:30:47,031:INFO:Epoch 74, Training loss 143608.509765625, Validation loss 143315.6953125
2021-11-24 15:30:50,910:INFO:Epoch 75, Training loss 143608.568359375, Validation loss 143326.8046875
2021-11-24 15:30:54,710:INFO:Epoch 76, Training loss 143611.6796875, Validation loss 143319.751953125
2021-11-24 15:30:58,450:INFO:Epoch 77, Training loss 143614.8359375, Validation loss 143321.01171875
2021-11-24 15:31:02,205:INFO:Epoch 78, Training loss 143621.98828125, Validation loss 143320.455078125
2021-11-24 15:31:05,994:INFO:Epoch 79, Training loss 143618.728515625, Validation loss 143363.900390625
2021-11-24 15:31:09,796:INFO:Epoch 80, Training loss 143621.771484375, Validation loss 143334.615234375
2021-11-24 15:31:13,531:INFO:Epoch 81, Training loss 143626.662109375, Validation loss 143327.673828125
2021-11-24 15:31:17,339:INFO:Epoch 82, Training loss 143613.24609375, Validation loss 143325.208984375
2021-11-24 15:31:21,065:INFO:Epoch 83, Training loss 143618.703125, Validation loss 143316.716796875
2021-11-24 15:31:24,863:INFO:Epoch 84, Training loss 143611.677734375, Validation loss 143335.0546875
2021-11-24 15:31:28,589:INFO:Epoch 85, Training loss 143609.095703125, Validation loss 143327.12109375
2021-11-24 15:31:32,357:INFO:Epoch 86, Training loss 143611.4140625, Validation loss 143318.87890625
2021-11-24 15:31:36,125:INFO:Epoch 87, Training loss 143607.291015625, Validation loss 143337.16796875
2021-11-24 15:31:39,919:INFO:Epoch 88, Training loss 143609.46875, Validation loss 143323.3203125
2021-11-24 15:31:43,660:INFO:Epoch 89, Training loss 143607.296875, Validation loss 143314.599609375
2021-11-24 15:31:47,441:INFO:Epoch 90, Training loss 143607.978515625, Validation loss 143334.0625
2021-11-24 15:31:51,188:INFO:Epoch 91, Training loss 143617.501953125, Validation loss 143321.50390625
2021-11-24 15:31:54,976:INFO:Epoch 92, Training loss 143617.578125, Validation loss 143322.681640625
2021-11-24 15:31:58,781:INFO:Epoch 93, Training loss 143609.908203125, Validation loss 143317.392578125
2021-11-24 15:32:02,521:INFO:Epoch 94, Training loss 143603.5234375, Validation loss 143322.80078125
2021-11-24 15:32:06,299:INFO:Epoch 95, Training loss 143603.09375, Validation loss 143315.162109375
2021-11-24 15:32:10,066:INFO:Epoch 96, Training loss 143603.828125, Validation loss 143319.470703125
2021-11-24 15:32:13,811:INFO:Epoch 97, Training loss 143603.357421875, Validation loss 143319.40234375
2021-11-24 15:32:17,537:INFO:Epoch 98, Training loss 143608.611328125, Validation loss 143346.61328125
2021-11-24 15:32:21,318:INFO:Epoch 99, Training loss 143624.26171875, Validation loss 143318.625
2021-11-24 15:32:25,083:INFO:Epoch 100, Training loss 143617.8984375, Validation loss 143343.9453125
2021-11-24 15:32:28,842:INFO:Epoch 101, Training loss 143616.869140625, Validation loss 143351.998046875
2021-11-24 15:32:32,566:INFO:Epoch 102, Training loss 143612.24609375, Validation loss 143315.408203125
2021-11-24 15:32:36,349:INFO:Epoch 103, Training loss 143614.98828125, Validation loss 143321.46484375
2021-11-24 15:32:40,074:INFO:Epoch 104, Training loss 143613.291015625, Validation loss 143351.201171875
2021-11-24 15:32:43,874:INFO:Epoch 105, Training loss 143614.5390625, Validation loss 143330.125
2021-11-24 15:32:47,588:INFO:Epoch 106, Training loss 143609.861328125, Validation loss 143315.501953125
2021-11-24 15:32:51,480:INFO:Epoch 107, Training loss 143609.1953125, Validation loss 143325.498046875
2021-11-24 15:32:55,206:INFO:Epoch 108, Training loss 143605.267578125, Validation loss 143321.205078125
2021-11-24 15:32:59,041:INFO:Epoch 109, Training loss 143602.0625, Validation loss 143317.544921875
2021-11-24 15:33:02,772:INFO:Epoch 110, Training loss 143603.07421875, Validation loss 143333.208984375
2021-11-24 15:33:06,552:INFO:Epoch 111, Training loss 143612.263671875, Validation loss 143329.130859375
2021-11-24 15:33:10,316:INFO:Epoch 112, Training loss 143619.46484375, Validation loss 143316.185546875
2021-11-24 15:33:14,096:INFO:Epoch 113, Training loss 143616.62109375, Validation loss 143369.484375
2021-11-24 15:33:17,857:INFO:Epoch 114, Training loss 143630.560546875, Validation loss 143316.47265625
2021-11-24 15:33:21,596:INFO:Epoch 115, Training loss 143609.775390625, Validation loss 143333.869140625
2021-11-24 15:33:25,345:INFO:Epoch 116, Training loss 143617.994140625, Validation loss 143351.203125
2021-11-24 15:33:29,105:INFO:Epoch 117, Training loss 143621.984375, Validation loss 143316.65234375
2021-11-24 15:33:32,904:INFO:Epoch 118, Training loss 143598.31640625, Validation loss 143333.15625
2021-11-24 15:33:36,662:INFO:Epoch 119, Training loss 143605.2578125, Validation loss 143325.7734375
2021-11-24 15:33:40,435:INFO:Epoch 120, Training loss 143601.81640625, Validation loss 143311.689453125
2021-11-24 15:33:44,192:INFO:Epoch 121, Training loss 143605.189453125, Validation loss 143322.439453125
2021-11-24 15:33:47,975:INFO:Epoch 122, Training loss 143606.060546875, Validation loss 143318.712890625
2021-11-24 15:33:51,703:INFO:Epoch 123, Training loss 143602.35546875, Validation loss 143330.341796875
2021-11-24 15:33:55,476:INFO:Epoch 124, Training loss 143601.615234375, Validation loss 143312.908203125
2021-11-24 15:33:59,212:INFO:Epoch 125, Training loss 143603.736328125, Validation loss 143324.591796875
2021-11-24 15:34:02,998:INFO:Epoch 126, Training loss 143601.494140625, Validation loss 143319.810546875
2021-11-24 15:34:06,776:INFO:Epoch 127, Training loss 143601.982421875, Validation loss 143313.970703125
2021-11-24 15:34:10,927:INFO:Epoch 128, Training loss 143599.025390625, Validation loss 143330.685546875
2021-11-24 15:34:14,683:INFO:Epoch 129, Training loss 143603.71875, Validation loss 143315.7109375
2021-11-24 15:34:18,469:INFO:Epoch 130, Training loss 143602.13671875, Validation loss 143323.095703125
2021-11-24 15:34:22,357:INFO:Epoch 131, Training loss 143603.703125, Validation loss 143320.8125
2021-11-24 15:34:26,103:INFO:Epoch 132, Training loss 143603.4296875, Validation loss 143314.345703125
2021-11-24 15:34:29,847:INFO:Epoch 133, Training loss 143609.521484375, Validation loss 143326.64453125
2021-11-24 15:34:33,621:INFO:Epoch 134, Training loss 143599.732421875, Validation loss 143323.75390625
2021-11-24 15:34:37,378:INFO:Epoch 135, Training loss 143601.81640625, Validation loss 143322.017578125
2021-11-24 15:34:41,123:INFO:Epoch 136, Training loss 143601.39453125, Validation loss 143322.23046875
2021-11-24 15:34:44,908:INFO:Epoch 137, Training loss 143600.560546875, Validation loss 143322.41796875
2021-11-24 15:34:48,679:INFO:Epoch 138, Training loss 143603.625, Validation loss 143319.96875
2021-11-24 15:34:52,430:INFO:Epoch 139, Training loss 143599.94140625, Validation loss 143312.388671875
2021-11-24 15:34:56,163:INFO:Epoch 140, Training loss 143603.345703125, Validation loss 143329.94140625
2021-11-24 15:34:59,949:INFO:Epoch 141, Training loss 143602.630859375, Validation loss 143315.5
2021-11-24 15:35:03,735:INFO:Epoch 142, Training loss 143600.453125, Validation loss 143318.859375
2021-11-24 15:35:07,539:INFO:Epoch 143, Training loss 143599.408203125, Validation loss 143315.943359375
2021-11-24 15:35:11,295:INFO:Epoch 144, Training loss 143603.259765625, Validation loss 143326.833984375
2021-11-24 15:35:15,073:INFO:Epoch 145, Training loss 143600.67578125, Validation loss 143328.181640625
2021-11-24 15:35:18,891:INFO:Epoch 146, Training loss 143599.861328125, Validation loss 143316.796875
2021-11-24 15:35:22,775:INFO:Epoch 147, Training loss 143602.619140625, Validation loss 143322.828125
2021-11-24 15:35:26,581:INFO:Epoch 148, Training loss 143600.341796875, Validation loss 143315.1796875
2021-11-24 15:35:30,383:INFO:Epoch 149, Training loss 143598.501953125, Validation loss 143319.958984375
2021-11-24 15:35:34,115:INFO:Epoch 150, Training loss 143597.025390625, Validation loss 143327.88671875
2021-11-24 15:35:37,927:INFO:Epoch 151, Training loss 143602.248046875, Validation loss 143314.306640625
2021-11-24 15:35:41,678:INFO:Epoch 152, Training loss 143602.568359375, Validation loss 143319.48046875
2021-11-24 15:35:45,447:INFO:Epoch 153, Training loss 143600.126953125, Validation loss 143326.12109375
2021-11-24 15:35:49,213:INFO:Epoch 154, Training loss 143601.892578125, Validation loss 143325.3125
2021-11-24 15:35:53,013:INFO:Epoch 155, Training loss 143601.025390625, Validation loss 143313.978515625
2021-11-24 15:35:56,811:INFO:Epoch 156, Training loss 143597.701171875, Validation loss 143322.826171875
2021-11-24 15:36:00,590:INFO:Epoch 157, Training loss 143594.890625, Validation loss 143313.388671875
2021-11-24 15:36:04,343:INFO:Epoch 158, Training loss 143595.681640625, Validation loss 143322.763671875
2021-11-24 15:36:08,136:INFO:Epoch 159, Training loss 143600.24609375, Validation loss 143318.896484375
2021-11-24 15:36:11,909:INFO:Epoch 160, Training loss 143602.974609375, Validation loss 143317.404296875
2021-11-24 15:36:15,655:INFO:Epoch 161, Training loss 143597.2578125, Validation loss 143326.9609375
2021-11-24 15:36:19,441:INFO:Epoch 162, Training loss 143598.37109375, Validation loss 143317.931640625
2021-11-24 15:36:23,225:INFO:Epoch 163, Training loss 143604.076171875, Validation loss 143322.044921875
2021-11-24 15:36:27,010:INFO:Epoch 164, Training loss 143609.48046875, Validation loss 143326.87890625
2021-11-24 15:36:30,764:INFO:Epoch 165, Training loss 143609.6953125, Validation loss 143332.44921875
2021-11-24 15:36:34,567:INFO:Epoch 166, Training loss 143597.4609375, Validation loss 143313.412109375
2021-11-24 15:36:38,342:INFO:Epoch 167, Training loss 143597.736328125, Validation loss 143337.73046875
2021-11-24 15:36:42,153:INFO:Epoch 168, Training loss 143620.6796875, Validation loss 143342.0546875
2021-11-24 15:36:45,913:INFO:Epoch 169, Training loss 143625.37109375, Validation loss 143319.0546875
2021-11-24 15:36:49,720:INFO:Epoch 170, Training loss 143612.712890625, Validation loss 143366.837890625
2021-11-24 15:36:49,727:INFO:Finished training, producing training report at /data/theorie/jthoeve/ML4EFT_higgs/models/24_11/model_quad_cHW/mc_run_10/plots/training_report/
2021-11-24 15:36:50,116:WARNING:findfont: Font family ['sans-serif'] not found. Falling back to DejaVu Sans.
