1.601501074218750000e+05
1.539377949218750000e+05
1.515024414062500000e+05
1.503609355468750000e+05
1.498084394531250000e+05
1.494465781250000000e+05
1.490492871093750000e+05
1.484906074218750000e+05
1.478066875000000000e+05
1.470181484375000000e+05
1.461673632812500000e+05
1.453351425781250000e+05
1.446484121093750000e+05
1.441752734375000000e+05
1.439798886718750000e+05
1.439548769531250000e+05
1.439029453125000000e+05
1.438319453125000000e+05
1.437793867187500000e+05
1.437634121093750000e+05
1.437460390625000000e+05
1.437287910156250000e+05
1.437253769531250000e+05
1.437229746093750000e+05
1.437112910156250000e+05
1.437004824218750000e+05
1.436921035156250000e+05
1.436899472656250000e+05
1.436852304687500000e+05
1.436833320312500000e+05
1.436804511718750000e+05
1.436795097656250000e+05
1.436805996093750000e+05
1.436788359375000000e+05
1.436806503906250000e+05
1.436711152343750000e+05
1.436677207031250000e+05
1.436653339843750000e+05
1.436635742187500000e+05
1.436654824218750000e+05
1.436640019531250000e+05
1.436629960937500000e+05
1.436604375000000000e+05
1.436581582031250000e+05
1.436581738281250000e+05
1.436624121093750000e+05
1.436573769531250000e+05
1.436621074218750000e+05
1.436701601562500000e+05
1.436643242187500000e+05
1.436638671875000000e+05
1.436710019531250000e+05
1.436606425781250000e+05
1.436573789062500000e+05
1.436555722656250000e+05
1.436546464843750000e+05
1.436593339843750000e+05
1.436615781250000000e+05
1.436614316406250000e+05
1.436610546875000000e+05
1.436506367187500000e+05
1.436514941406250000e+05
1.436518652343750000e+05
1.436563945312500000e+05
1.436551425781250000e+05
1.436606210937500000e+05
1.436643281250000000e+05
1.436573320312500000e+05
1.436573183593750000e+05
1.436554062500000000e+05
1.436536484375000000e+05
1.436542246093750000e+05
1.436497597656250000e+05
1.436491230468750000e+05
1.436477050781250000e+05
1.436486582031250000e+05
1.436488691406250000e+05
1.436474453125000000e+05
1.436466054687500000e+05
1.436488750000000000e+05
1.436534472656250000e+05
1.436476054687500000e+05
1.436458984375000000e+05
1.436458105468750000e+05
1.436465800781250000e+05
1.436455000000000000e+05
1.436442636718750000e+05
1.436498535156250000e+05
1.436464160156250000e+05
1.436460996093750000e+05
1.436454238281250000e+05
1.436475996093750000e+05
1.436481386718750000e+05
1.436441777343750000e+05
1.436460703125000000e+05
1.436460390625000000e+05
1.436468730468750000e+05
1.436462187500000000e+05
1.436492617187500000e+05
1.436408183593750000e+05
1.436437714843750000e+05
1.436511035156250000e+05
1.436518261718750000e+05
1.436390039062500000e+05
1.436466757812500000e+05
1.436404863281250000e+05
1.436410195312500000e+05
1.436415429687500000e+05
1.436417871093750000e+05
1.436423710937500000e+05
1.436406816406250000e+05
1.436449316406250000e+05
1.436394628906250000e+05
1.436390664062500000e+05
1.436398515625000000e+05
1.436383144531250000e+05
1.436382851562500000e+05
1.436438789062500000e+05
1.436455468750000000e+05
1.436410839843750000e+05
1.436452890625000000e+05
1.436445039062500000e+05
1.436396015625000000e+05
1.436431914062500000e+05
1.436424218750000000e+05
1.436409042968750000e+05
1.436395761718750000e+05
1.436400898437500000e+05
1.436398496093750000e+05
1.436414667968750000e+05
1.436408359375000000e+05
1.436435937500000000e+05
1.436415878906250000e+05
1.436355371093750000e+05
1.436411894531250000e+05
1.436399628906250000e+05
1.436397246093750000e+05
1.436429355468750000e+05
1.436402265625000000e+05
1.436434179687500000e+05
1.436352949218750000e+05
1.436383183593750000e+05
1.436365429687500000e+05
1.436371699218750000e+05
1.436357539062500000e+05
