2021-11-17 17:54:11,605:INFO:All directories created, ready to load the data
2021-11-17 17:54:11,660:INFO:Dataset loaded from /data/theorie/jthoeve/event_generation/events_high_stats/lin/cHW/events_7.npy
2021-11-17 17:54:11,686:INFO:Dataset loaded from /data/theorie/jthoeve/event_generation/events_high_stats/sm/events_7.npy
2021-11-17 17:54:15,179:INFO:Epoch 1, Training loss 149404.677734375, Validation loss 140370.302734375
2021-11-17 17:54:18,557:INFO:Epoch 2, Training loss 136100.626953125, Validation loss 130588.845703125
2021-11-17 17:54:21,923:INFO:Epoch 3, Training loss 127816.232421875, Validation loss 124099.83203125
2021-11-17 17:54:25,316:INFO:Epoch 4, Training loss 122160.763671875, Validation loss 119545.1171875
2021-11-17 17:54:28,658:INFO:Epoch 5, Training loss 118155.595703125, Validation loss 116220.189453125
2021-11-17 17:54:32,035:INFO:Epoch 6, Training loss 115134.513671875, Validation loss 113574.865234375
2021-11-17 17:54:35,392:INFO:Epoch 7, Training loss 112705.796875, Validation loss 111461.34765625
2021-11-17 17:54:38,784:INFO:Epoch 8, Training loss 110842.484375, Validation loss 109999.806640625
2021-11-17 17:54:42,137:INFO:Epoch 9, Training loss 109702.890625, Validation loss 109364.634765625
2021-11-17 17:54:45,488:INFO:Epoch 10, Training loss 109374.943359375, Validation loss 109394.36328125
2021-11-17 17:54:48,866:INFO:Epoch 11, Training loss 109449.90234375, Validation loss 109431.9375
2021-11-17 17:54:52,245:INFO:Epoch 12, Training loss 109405.38671875, Validation loss 109306.896484375
2021-11-17 17:54:55,619:INFO:Epoch 13, Training loss 109277.830078125, Validation loss 109209.015625
2021-11-17 17:54:58,964:INFO:Epoch 14, Training loss 109215.005859375, Validation loss 109194.458984375
2021-11-17 17:55:02,341:INFO:Epoch 15, Training loss 109207.1953125, Validation loss 109180.494140625
2021-11-17 17:55:05,716:INFO:Epoch 16, Training loss 109179.87109375, Validation loss 109143.658203125
2021-11-17 17:55:09,086:INFO:Epoch 17, Training loss 109143.93359375, Validation loss 109116.158203125
2021-11-17 17:55:12,419:INFO:Epoch 18, Training loss 109118.365234375, Validation loss 109097.349609375
2021-11-17 17:55:15,803:INFO:Epoch 19, Training loss 109097.51953125, Validation loss 109077.56640625
2021-11-17 17:55:19,146:INFO:Epoch 20, Training loss 109076.974609375, Validation loss 109058.3359375
2021-11-17 17:55:22,548:INFO:Epoch 21, Training loss 109056.96484375, Validation loss 109040.853515625
2021-11-17 17:55:25,889:INFO:Epoch 22, Training loss 109039.2265625, Validation loss 109023.6015625
2021-11-17 17:55:29,255:INFO:Epoch 23, Training loss 109020.705078125, Validation loss 109008.91015625
2021-11-17 17:55:32,591:INFO:Epoch 24, Training loss 109006.5, Validation loss 108996.50390625
2021-11-17 17:55:35,993:INFO:Epoch 25, Training loss 108994.595703125, Validation loss 108984.662109375
2021-11-17 17:55:39,331:INFO:Epoch 26, Training loss 108982.408203125, Validation loss 108974.59765625
2021-11-17 17:55:42,689:INFO:Epoch 27, Training loss 108972.51171875, Validation loss 108964.298828125
2021-11-17 17:55:46,039:INFO:Epoch 28, Training loss 108962.556640625, Validation loss 108954.734375
2021-11-17 17:55:49,427:INFO:Epoch 29, Training loss 108953.65625, Validation loss 108945.310546875
2021-11-17 17:55:52,778:INFO:Epoch 30, Training loss 108945.1953125, Validation loss 108937.48828125
2021-11-17 17:55:56,129:INFO:Epoch 31, Training loss 108937.60546875, Validation loss 108930.837890625
2021-11-17 17:55:59,491:INFO:Epoch 32, Training loss 108931.5625, Validation loss 108924.421875
2021-11-17 17:56:02,903:INFO:Epoch 33, Training loss 108926.462890625, Validation loss 108919.447265625
2021-11-17 17:56:06,288:INFO:Epoch 34, Training loss 108921.59375, Validation loss 108915.693359375
2021-11-17 17:56:09,625:INFO:Epoch 35, Training loss 108918.958984375, Validation loss 108912.8046875
2021-11-17 17:56:12,990:INFO:Epoch 36, Training loss 108916.15234375, Validation loss 108910.66015625
2021-11-17 17:56:16,353:INFO:Epoch 37, Training loss 108914.38671875, Validation loss 108909.375
2021-11-17 17:56:19,723:INFO:Epoch 38, Training loss 108912.48828125, Validation loss 108908.056640625
2021-11-17 17:56:23,042:INFO:Epoch 39, Training loss 108911.51953125, Validation loss 108907.29296875
2021-11-17 17:56:26,412:INFO:Epoch 40, Training loss 108910.810546875, Validation loss 108906.70703125
2021-11-17 17:56:29,746:INFO:Epoch 41, Training loss 108909.935546875, Validation loss 108906.05859375
2021-11-17 17:56:33,156:INFO:Epoch 42, Training loss 108909.501953125, Validation loss 108905.751953125
2021-11-17 17:56:36,488:INFO:Epoch 43, Training loss 108908.998046875, Validation loss 108905.478515625
2021-11-17 17:56:39,862:INFO:Epoch 44, Training loss 108908.33984375, Validation loss 108905.42578125
2021-11-17 17:56:43,204:INFO:Epoch 45, Training loss 108908.06640625, Validation loss 108905.240234375
2021-11-17 17:56:46,607:INFO:Epoch 46, Training loss 108907.658203125, Validation loss 108905.171875
2021-11-17 17:56:49,973:INFO:Epoch 47, Training loss 108906.884765625, Validation loss 108905.11328125
2021-11-17 17:56:53,387:INFO:Epoch 48, Training loss 108906.501953125, Validation loss 108904.83984375
2021-11-17 17:56:56,838:INFO:Epoch 49, Training loss 108906.267578125, Validation loss 108904.720703125
2021-11-17 17:57:00,328:INFO:Epoch 50, Training loss 108905.748046875, Validation loss 108904.671875
2021-11-17 17:57:03,780:INFO:Epoch 51, Training loss 108905.05859375, Validation loss 108904.845703125
2021-11-17 17:57:07,261:INFO:Epoch 52, Training loss 108905.087890625, Validation loss 108904.6796875
2021-11-17 17:57:10,742:INFO:Epoch 53, Training loss 108904.634765625, Validation loss 108904.47265625
2021-11-17 17:57:14,229:INFO:Epoch 54, Training loss 108904.271484375, Validation loss 108904.6171875
2021-11-17 17:57:17,691:INFO:Epoch 55, Training loss 108903.626953125, Validation loss 108904.66015625
2021-11-17 17:57:21,131:INFO:Epoch 56, Training loss 108903.21875, Validation loss 108904.7421875
2021-11-17 17:57:24,603:INFO:Epoch 57, Training loss 108903.33203125, Validation loss 108905.169921875
2021-11-17 17:57:28,071:INFO:Epoch 58, Training loss 108903.216796875, Validation loss 108905.1171875
2021-11-17 17:57:31,528:INFO:Epoch 59, Training loss 108902.50390625, Validation loss 108905.181640625
2021-11-17 17:57:34,964:INFO:Epoch 60, Training loss 108901.970703125, Validation loss 108905.009765625
2021-11-17 17:57:38,481:INFO:Epoch 61, Training loss 108902.1796875, Validation loss 108905.3984375
2021-11-17 17:57:41,917:INFO:Epoch 62, Training loss 108902.38671875, Validation loss 108905.271484375
2021-11-17 17:57:45,429:INFO:Epoch 63, Training loss 108901.60546875, Validation loss 108905.4296875
2021-11-17 17:57:48,859:INFO:Epoch 64, Training loss 108902.34375, Validation loss 108905.990234375
2021-11-17 17:57:52,354:INFO:Epoch 65, Training loss 108901.513671875, Validation loss 108905.47265625
2021-11-17 17:57:55,798:INFO:Epoch 66, Training loss 108900.83984375, Validation loss 108905.55078125
2021-11-17 17:57:59,292:INFO:Epoch 67, Training loss 108901.318359375, Validation loss 108905.49609375
2021-11-17 17:58:02,740:INFO:Epoch 68, Training loss 108900.638671875, Validation loss 108905.25390625
2021-11-17 17:58:06,231:INFO:Epoch 69, Training loss 108901.5546875, Validation loss 108905.86328125
2021-11-17 17:58:09,675:INFO:Epoch 70, Training loss 108900.73046875, Validation loss 108905.87890625
2021-11-17 17:58:13,159:INFO:Epoch 71, Training loss 108900.341796875, Validation loss 108905.931640625
2021-11-17 17:58:16,610:INFO:Epoch 72, Training loss 108900.0234375, Validation loss 108905.66015625
2021-11-17 17:58:20,067:INFO:Epoch 73, Training loss 108900.30078125, Validation loss 108905.873046875
2021-11-17 17:58:20,074:INFO:Finished training, producing training report at /data/theorie/jthoeve/ML4EFT_higgs/models/17_11/model_final_lin_cHW/mc_run_7/plots/training_report/
2021-11-17 17:58:20,932:WARNING:findfont: Font family ['sans-serif'] not found. Falling back to DejaVu Sans.
