2021-11-24 15:26:08,546:INFO:All directories created, ready to load the data
2021-11-24 15:26:08,576:INFO:Dataset loaded from /data/theorie/jthoeve/event_generation/events_high_stats/quad/cHW/events_11.npy
2021-11-24 15:26:08,579:INFO:Dataset loaded from /data/theorie/jthoeve/event_generation/events_high_stats/sm/events_11.npy
2021-11-24 15:26:12,353:INFO:Epoch 1, Training loss 149941.021484375, Validation loss 149630.796875
2021-11-24 15:26:16,095:INFO:Epoch 2, Training loss 149357.388671875, Validation loss 148990.0078125
2021-11-24 15:26:19,825:INFO:Epoch 3, Training loss 148659.322265625, Validation loss 148180.779296875
2021-11-24 15:26:23,594:INFO:Epoch 4, Training loss 147769.015625, Validation loss 147200.125
2021-11-24 15:26:27,331:INFO:Epoch 5, Training loss 146741.2109375, Validation loss 146098.412109375
2021-11-24 15:26:31,074:INFO:Epoch 6, Training loss 145624.07421875, Validation loss 145021.62890625
2021-11-24 15:26:34,805:INFO:Epoch 7, Training loss 144681.271484375, Validation loss 144327.69140625
2021-11-24 15:26:38,604:INFO:Epoch 8, Training loss 144157.220703125, Validation loss 143989.916015625
2021-11-24 15:26:42,353:INFO:Epoch 9, Training loss 143887.44140625, Validation loss 143854.767578125
2021-11-24 15:26:46,079:INFO:Epoch 10, Training loss 143755.45703125, Validation loss 143732.177734375
2021-11-24 15:26:49,816:INFO:Epoch 11, Training loss 143641.90625, Validation loss 143681.111328125
2021-11-24 15:26:53,577:INFO:Epoch 12, Training loss 143579.248046875, Validation loss 143626.947265625
2021-11-24 15:26:57,315:INFO:Epoch 13, Training loss 143537.337890625, Validation loss 143606.712890625
2021-11-24 15:27:01,043:INFO:Epoch 14, Training loss 143508.88671875, Validation loss 143587.494140625
2021-11-24 15:27:04,832:INFO:Epoch 15, Training loss 143485.0546875, Validation loss 143584.86328125
2021-11-24 15:27:08,590:INFO:Epoch 16, Training loss 143466.74609375, Validation loss 143568.140625
2021-11-24 15:27:12,347:INFO:Epoch 17, Training loss 143455.19140625, Validation loss 143562.91015625
2021-11-24 15:27:16,070:INFO:Epoch 18, Training loss 143448.599609375, Validation loss 143574.958984375
2021-11-24 15:27:19,821:INFO:Epoch 19, Training loss 143457.580078125, Validation loss 143566.15625
2021-11-24 15:27:23,560:INFO:Epoch 20, Training loss 143435.90625, Validation loss 143566.068359375
2021-11-24 15:27:27,349:INFO:Epoch 21, Training loss 143440.17578125, Validation loss 143554.037109375
2021-11-24 15:27:31,066:INFO:Epoch 22, Training loss 143424.41796875, Validation loss 143545.279296875
2021-11-24 15:27:34,848:INFO:Epoch 23, Training loss 143424.240234375, Validation loss 143548.36328125
2021-11-24 15:27:38,578:INFO:Epoch 24, Training loss 143424.30859375, Validation loss 143546.830078125
2021-11-24 15:27:42,363:INFO:Epoch 25, Training loss 143427.466796875, Validation loss 143556.91796875
2021-11-24 15:27:46,094:INFO:Epoch 26, Training loss 143439.734375, Validation loss 143632.10546875
2021-11-24 15:27:49,841:INFO:Epoch 27, Training loss 143480.96875, Validation loss 143547.578125
2021-11-24 15:27:53,585:INFO:Epoch 28, Training loss 143425.599609375, Validation loss 143553.626953125
2021-11-24 15:27:57,357:INFO:Epoch 29, Training loss 143429.275390625, Validation loss 143574.841796875
2021-11-24 15:28:01,104:INFO:Epoch 30, Training loss 143426.72265625, Validation loss 143532.58203125
2021-11-24 15:28:04,866:INFO:Epoch 31, Training loss 143416.86328125, Validation loss 143543.669921875
2021-11-24 15:28:08,611:INFO:Epoch 32, Training loss 143413.33984375, Validation loss 143533.568359375
2021-11-24 15:28:12,379:INFO:Epoch 33, Training loss 143415.03515625, Validation loss 143565.146484375
2021-11-24 15:28:16,132:INFO:Epoch 34, Training loss 143430.41796875, Validation loss 143556.8515625
2021-11-24 15:28:19,870:INFO:Epoch 35, Training loss 143417.580078125, Validation loss 143530.57421875
2021-11-24 15:28:23,625:INFO:Epoch 36, Training loss 143408.423828125, Validation loss 143538.03125
2021-11-24 15:28:27,383:INFO:Epoch 37, Training loss 143410.642578125, Validation loss 143530.90625
2021-11-24 15:28:31,144:INFO:Epoch 38, Training loss 143402.970703125, Validation loss 143536.3203125
2021-11-24 15:28:34,899:INFO:Epoch 39, Training loss 143417.748046875, Validation loss 143530.3125
2021-11-24 15:28:38,658:INFO:Epoch 40, Training loss 143412.8671875, Validation loss 143546.208984375
2021-11-24 15:28:42,388:INFO:Epoch 41, Training loss 143413.041015625, Validation loss 143560.392578125
2021-11-24 15:28:46,178:INFO:Epoch 42, Training loss 143428.21875, Validation loss 143534.31640625
2021-11-24 15:28:49,898:INFO:Epoch 43, Training loss 143421.013671875, Validation loss 143548.841796875
2021-11-24 15:28:53,654:INFO:Epoch 44, Training loss 143417.1484375, Validation loss 143532.294921875
2021-11-24 15:28:57,369:INFO:Epoch 45, Training loss 143407.43359375, Validation loss 143546.166015625
2021-11-24 15:29:01,148:INFO:Epoch 46, Training loss 143415.638671875, Validation loss 143546.130859375
2021-11-24 15:29:04,910:INFO:Epoch 47, Training loss 143424.435546875, Validation loss 143543.17578125
2021-11-24 15:29:08,676:INFO:Epoch 48, Training loss 143418.87109375, Validation loss 143556.1171875
2021-11-24 15:29:12,408:INFO:Epoch 49, Training loss 143408.146484375, Validation loss 143529.83984375
2021-11-24 15:29:16,181:INFO:Epoch 50, Training loss 143402.244140625, Validation loss 143532.578125
2021-11-24 15:29:19,922:INFO:Epoch 51, Training loss 143404.4609375, Validation loss 143537.341796875
2021-11-24 15:29:23,657:INFO:Epoch 52, Training loss 143406.74609375, Validation loss 143535.416015625
2021-11-24 15:29:27,408:INFO:Epoch 53, Training loss 143400.189453125, Validation loss 143535.666015625
2021-11-24 15:29:31,165:INFO:Epoch 54, Training loss 143410.529296875, Validation loss 143529.423828125
2021-11-24 15:29:34,943:INFO:Epoch 55, Training loss 143402.25390625, Validation loss 143533.626953125
2021-11-24 15:29:38,668:INFO:Epoch 56, Training loss 143398.08984375, Validation loss 143528.38671875
2021-11-24 15:29:42,418:INFO:Epoch 57, Training loss 143397.623046875, Validation loss 143529.328125
2021-11-24 15:29:46,171:INFO:Epoch 58, Training loss 143397.330078125, Validation loss 143530.162109375
2021-11-24 15:29:49,925:INFO:Epoch 59, Training loss 143397.3671875, Validation loss 143535.72265625
2021-11-24 15:29:53,648:INFO:Epoch 60, Training loss 143398.478515625, Validation loss 143529.751953125
2021-11-24 15:29:57,418:INFO:Epoch 61, Training loss 143398.037109375, Validation loss 143528.712890625
2021-11-24 15:30:01,142:INFO:Epoch 62, Training loss 143395.828125, Validation loss 143531.005859375
2021-11-24 15:30:04,985:INFO:Epoch 63, Training loss 143397.56640625, Validation loss 143537.576171875
2021-11-24 15:30:08,721:INFO:Epoch 64, Training loss 143401.580078125, Validation loss 143533.533203125
2021-11-24 15:30:12,519:INFO:Epoch 65, Training loss 143403.111328125, Validation loss 143540.59765625
2021-11-24 15:30:16,320:INFO:Epoch 66, Training loss 143407.4375, Validation loss 143534.755859375
2021-11-24 15:30:20,188:INFO:Epoch 67, Training loss 143398.166015625, Validation loss 143533.466796875
2021-11-24 15:30:23,975:INFO:Epoch 68, Training loss 143396.9140625, Validation loss 143541.3515625
2021-11-24 15:30:27,789:INFO:Epoch 69, Training loss 143407.162109375, Validation loss 143533.890625
2021-11-24 15:30:31,577:INFO:Epoch 70, Training loss 143395.3671875, Validation loss 143529.712890625
2021-11-24 15:30:35,379:INFO:Epoch 71, Training loss 143396.998046875, Validation loss 143534.232421875
2021-11-24 15:30:39,121:INFO:Epoch 72, Training loss 143395.421875, Validation loss 143533.19140625
2021-11-24 15:30:42,901:INFO:Epoch 73, Training loss 143402.130859375, Validation loss 143528.330078125
2021-11-24 15:30:46,704:INFO:Epoch 74, Training loss 143399.74609375, Validation loss 143530.361328125
2021-11-24 15:30:50,549:INFO:Epoch 75, Training loss 143396.015625, Validation loss 143530.365234375
2021-11-24 15:30:54,364:INFO:Epoch 76, Training loss 143395.26171875, Validation loss 143531.734375
2021-11-24 15:30:58,107:INFO:Epoch 77, Training loss 143395.859375, Validation loss 143529.37890625
2021-11-24 15:31:01,858:INFO:Epoch 78, Training loss 143399.3828125, Validation loss 143539.34375
2021-11-24 15:31:05,644:INFO:Epoch 79, Training loss 143404.705078125, Validation loss 143533.115234375
2021-11-24 15:31:09,439:INFO:Epoch 80, Training loss 143408.013671875, Validation loss 143531.64453125
2021-11-24 15:31:13,170:INFO:Epoch 81, Training loss 143400.416015625, Validation loss 143530.34765625
2021-11-24 15:31:17,323:INFO:Epoch 82, Training loss 143402.275390625, Validation loss 143550.287109375
2021-11-24 15:31:21,048:INFO:Epoch 83, Training loss 143398.78125, Validation loss 143529.677734375
2021-11-24 15:31:24,851:INFO:Epoch 84, Training loss 143391.166015625, Validation loss 143529.40234375
2021-11-24 15:31:28,582:INFO:Epoch 85, Training loss 143395.3515625, Validation loss 143530.099609375
2021-11-24 15:31:32,352:INFO:Epoch 86, Training loss 143398.341796875, Validation loss 143530.818359375
2021-11-24 15:31:36,132:INFO:Epoch 87, Training loss 143398.859375, Validation loss 143539.7109375
2021-11-24 15:31:39,922:INFO:Epoch 88, Training loss 143402.98828125, Validation loss 143565.5703125
2021-11-24 15:31:43,657:INFO:Epoch 89, Training loss 143426.462890625, Validation loss 143533.779296875
2021-11-24 15:31:47,437:INFO:Epoch 90, Training loss 143411.47265625, Validation loss 143566.845703125
2021-11-24 15:31:51,183:INFO:Epoch 91, Training loss 143427.474609375, Validation loss 143539.9453125
2021-11-24 15:31:54,965:INFO:Epoch 92, Training loss 143401.119140625, Validation loss 143540.640625
2021-11-24 15:31:58,761:INFO:Epoch 93, Training loss 143403.166015625, Validation loss 143534.953125
2021-11-24 15:32:02,508:INFO:Epoch 94, Training loss 143399.509765625, Validation loss 143549.30078125
2021-11-24 15:32:06,290:INFO:Epoch 95, Training loss 143406.75390625, Validation loss 143530.587890625
2021-11-24 15:32:10,066:INFO:Epoch 96, Training loss 143395.1796875, Validation loss 143537.56640625
2021-11-24 15:32:13,822:INFO:Epoch 97, Training loss 143395.849609375, Validation loss 143538.337890625
2021-11-24 15:32:17,556:INFO:Epoch 98, Training loss 143397.0625, Validation loss 143532.25
2021-11-24 15:32:21,305:INFO:Epoch 99, Training loss 143398.80078125, Validation loss 143550.767578125
2021-11-24 15:32:25,060:INFO:Epoch 100, Training loss 143414.2109375, Validation loss 143556.73046875
2021-11-24 15:32:28,827:INFO:Epoch 101, Training loss 143403.44921875, Validation loss 143536.92578125
2021-11-24 15:32:32,563:INFO:Epoch 102, Training loss 143415.828125, Validation loss 143540.1484375
2021-11-24 15:32:36,355:INFO:Epoch 103, Training loss 143398.578125, Validation loss 143532.80078125
2021-11-24 15:32:40,083:INFO:Epoch 104, Training loss 143400.583984375, Validation loss 143556.609375
2021-11-24 15:32:43,893:INFO:Epoch 105, Training loss 143404.6796875, Validation loss 143533.564453125
2021-11-24 15:32:47,631:INFO:Epoch 106, Training loss 143395.318359375, Validation loss 143536.287109375
2021-11-24 15:32:51,487:INFO:Epoch 107, Training loss 143396.54296875, Validation loss 143546.00390625
2021-11-24 15:32:55,216:INFO:Epoch 108, Training loss 143390.833984375, Validation loss 143532.64453125
2021-11-24 15:32:59,008:INFO:Epoch 109, Training loss 143393.2421875, Validation loss 143535.412109375
2021-11-24 15:33:02,740:INFO:Epoch 110, Training loss 143400.916015625, Validation loss 143534.794921875
2021-11-24 15:33:06,528:INFO:Epoch 111, Training loss 143396.076171875, Validation loss 143552.373046875
2021-11-24 15:33:10,275:INFO:Epoch 112, Training loss 143408.0625, Validation loss 143537.880859375
2021-11-24 15:33:14,064:INFO:Epoch 113, Training loss 143395.75390625, Validation loss 143531.3515625
2021-11-24 15:33:17,807:INFO:Epoch 114, Training loss 143391.314453125, Validation loss 143533.9609375
2021-11-24 15:33:21,549:INFO:Epoch 115, Training loss 143388.853515625, Validation loss 143530.9140625
2021-11-24 15:33:25,306:INFO:Epoch 116, Training loss 143388.5234375, Validation loss 143531.55078125
2021-11-24 15:33:29,073:INFO:Epoch 117, Training loss 143388.443359375, Validation loss 143537.7421875
2021-11-24 15:33:32,833:INFO:Epoch 118, Training loss 143387.548828125, Validation loss 143532.337890625
2021-11-24 15:33:36,593:INFO:Epoch 119, Training loss 143392.111328125, Validation loss 143531.634765625
2021-11-24 15:33:40,352:INFO:Epoch 120, Training loss 143398.20703125, Validation loss 143534.177734375
2021-11-24 15:33:44,112:INFO:Epoch 121, Training loss 143392.05859375, Validation loss 143548.412109375
2021-11-24 15:33:47,875:INFO:Epoch 122, Training loss 143398.0390625, Validation loss 143537.283203125
2021-11-24 15:33:51,607:INFO:Epoch 123, Training loss 143397.38671875, Validation loss 143536.953125
2021-11-24 15:33:51,613:INFO:Finished training, producing training report at /data/theorie/jthoeve/ML4EFT_higgs/models/24_11/model_quad_cHW/mc_run_11/plots/training_report/
2021-11-24 15:33:55,228:WARNING:findfont: Font family ['sans-serif'] not found. Falling back to DejaVu Sans.
