1.243895234375000000e+05
1.201180566406250000e+05
1.165411132812500000e+05
1.135639589843750000e+05
1.112325664062500000e+05
1.098626367187500000e+05
1.095869453125000000e+05
1.096448339843750000e+05
1.094977500000000000e+05
1.093038359375000000e+05
1.091906992187500000e+05
1.091345175781250000e+05
1.090724667968750000e+05
1.090132441406250000e+05
1.089755546875000000e+05
1.089404628906250000e+05
1.089106972656250000e+05
1.088894355468750000e+05
1.088730097656250000e+05
1.088588710937500000e+05
1.088500488281250000e+05
1.088430605468750000e+05
1.088380488281250000e+05
1.088370781250000000e+05
1.088336210937500000e+05
1.088324453125000000e+05
1.088307343750000000e+05
1.088292460937500000e+05
1.088282363281250000e+05
1.088280996093750000e+05
1.088268027343750000e+05
1.088263789062500000e+05
1.088260410156250000e+05
1.088251933593750000e+05
1.088247656250000000e+05
1.088247480468750000e+05
1.088238886718750000e+05
1.088239843750000000e+05
1.088231289062500000e+05
1.088232167968750000e+05
1.088227343750000000e+05
1.088225292968750000e+05
1.088222285156250000e+05
1.088217929687500000e+05
1.088217441406250000e+05
1.088213085937500000e+05
1.088220449218750000e+05
1.088216601562500000e+05
1.088216015625000000e+05
1.088203398437500000e+05
1.088202929687500000e+05
1.088196132812500000e+05
1.088200859375000000e+05
1.088193574218750000e+05
1.088193046875000000e+05
1.088191113281250000e+05
1.088197363281250000e+05
1.088189863281250000e+05
1.088189765625000000e+05
1.088186894531250000e+05
1.088197226562500000e+05
1.088186816406250000e+05
1.088175195312500000e+05
1.088182187500000000e+05
1.088173652343750000e+05
1.088179101562500000e+05
1.088169199218750000e+05
1.088177402343750000e+05
1.088167089843750000e+05
1.088165820312500000e+05
1.088162148437500000e+05
1.088170859375000000e+05
1.088164296875000000e+05
1.088167226562500000e+05
1.088158730468750000e+05
1.088151171875000000e+05
1.088147539062500000e+05
1.088150996093750000e+05
1.088155234375000000e+05
1.088148574218750000e+05
1.088147558593750000e+05
1.088146601562500000e+05
1.088156132812500000e+05
1.088149726562500000e+05
1.088143906250000000e+05
1.088161445312500000e+05
1.088145351562500000e+05
1.088145488281250000e+05
1.088142246093750000e+05
1.088138066406250000e+05
1.088142832031250000e+05
1.088130234375000000e+05
1.088129082031250000e+05
1.088140195312500000e+05
1.088129941406250000e+05
1.088129199218750000e+05
1.088129472656250000e+05
1.088137285156250000e+05
1.088128964843750000e+05
1.088131035156250000e+05
1.088127675781250000e+05
1.088129414062500000e+05
1.088143574218750000e+05
1.088128046875000000e+05
1.088131718750000000e+05
1.088145585937500000e+05
1.088117832031250000e+05
1.088130664062500000e+05
