2021-11-18 16:14:00,246:INFO:All directories created, ready to load the data
2021-11-18 16:14:00,277:INFO:Dataset loaded from /data/theorie/jthoeve/event_generation/events_high_stats/lin/cHq3/events_16.npy
2021-11-18 16:14:00,298:INFO:Dataset loaded from /data/theorie/jthoeve/event_generation/events_high_stats/sm/events_16.npy
2021-11-18 16:14:04,004:INFO:Epoch 1, Training loss 75293.2265625, Validation loss 74817.0859375
2021-11-18 16:14:07,780:INFO:Epoch 2, Training loss 74819.0859375, Validation loss 74454.3515625
2021-11-18 16:14:11,505:INFO:Epoch 3, Training loss 74457.3828125, Validation loss 74189.671875
2021-11-18 16:14:15,123:INFO:Epoch 4, Training loss 74193.390625, Validation loss 74005.09375
2021-11-18 16:14:18,800:INFO:Epoch 5, Training loss 74009.75, Validation loss 73885.375
2021-11-18 16:14:22,377:INFO:Epoch 6, Training loss 73890.0078125, Validation loss 73815.1328125
2021-11-18 16:14:26,021:INFO:Epoch 7, Training loss 73819.328125, Validation loss 73778.4609375
2021-11-18 16:14:29,698:INFO:Epoch 8, Training loss 73781.9453125, Validation loss 73765.40625
2021-11-18 16:14:33,320:INFO:Epoch 9, Training loss 73768.28125, Validation loss 73768.609375
2021-11-18 16:14:36,972:INFO:Epoch 10, Training loss 73770.828125, Validation loss 73780.9375
2021-11-18 16:14:40,648:INFO:Epoch 11, Training loss 73782.734375, Validation loss 73796.953125
2021-11-18 16:14:44,264:INFO:Epoch 12, Training loss 73798.46875, Validation loss 73812.5546875
2021-11-18 16:14:47,971:INFO:Epoch 13, Training loss 73813.8125, Validation loss 73825.0546875
2021-11-18 16:14:51,558:INFO:Epoch 14, Training loss 73826.171875, Validation loss 73832.9921875
2021-11-18 16:14:55,195:INFO:Epoch 15, Training loss 73833.9765625, Validation loss 73835.8828125
2021-11-18 16:14:58,840:INFO:Epoch 16, Training loss 73836.6875, Validation loss 73834.046875
2021-11-18 16:15:02,454:INFO:Epoch 17, Training loss 73834.6328125, Validation loss 73828.75
2021-11-18 16:15:06,112:INFO:Epoch 18, Training loss 73829.0390625, Validation loss 73820.890625
2021-11-18 16:15:09,795:INFO:Epoch 19, Training loss 73820.84375, Validation loss 73811.109375
2021-11-18 16:15:13,366:INFO:Epoch 20, Training loss 73810.5859375, Validation loss 73800.34375
2021-11-18 16:15:17,013:INFO:Epoch 21, Training loss 73799.265625, Validation loss 73789.4140625
2021-11-18 16:15:20,587:INFO:Epoch 22, Training loss 73787.71875, Validation loss 73779.109375
2021-11-18 16:15:24,250:INFO:Epoch 23, Training loss 73776.671875, Validation loss 73770.046875
2021-11-18 16:15:27,902:INFO:Epoch 24, Training loss 73766.8671875, Validation loss 73762.640625
2021-11-18 16:15:31,522:INFO:Epoch 25, Training loss 73758.703125, Validation loss 73757.203125
2021-11-18 16:15:35,187:INFO:Epoch 26, Training loss 73752.453125, Validation loss 73753.7890625
2021-11-18 16:15:38,877:INFO:Epoch 27, Training loss 73748.203125, Validation loss 73752.3828125
2021-11-18 16:15:42,456:INFO:Epoch 28, Training loss 73745.96875, Validation loss 73752.8203125
2021-11-18 16:15:46,112:INFO:Epoch 29, Training loss 73745.578125, Validation loss 73754.6171875
2021-11-18 16:15:49,704:INFO:Epoch 30, Training loss 73746.546875, Validation loss 73757.3125
2021-11-18 16:15:53,345:INFO:Epoch 31, Training loss 73748.515625, Validation loss 73760.1015625
2021-11-18 16:15:57,007:INFO:Epoch 32, Training loss 73750.8203125, Validation loss 73762.5078125
2021-11-18 16:16:00,622:INFO:Epoch 33, Training loss 73752.859375, Validation loss 73764.1484375
2021-11-18 16:16:04,280:INFO:Epoch 34, Training loss 73754.234375, Validation loss 73764.859375
2021-11-18 16:16:07,903:INFO:Epoch 35, Training loss 73754.7578125, Validation loss 73764.625
2021-11-18 16:16:11,525:INFO:Epoch 36, Training loss 73754.453125, Validation loss 73763.6328125
2021-11-18 16:16:15,189:INFO:Epoch 37, Training loss 73753.484375, Validation loss 73762.0859375
2021-11-18 16:16:18,835:INFO:Epoch 38, Training loss 73751.9921875, Validation loss 73760.171875
2021-11-18 16:16:22,492:INFO:Epoch 39, Training loss 73750.2109375, Validation loss 73758.171875
2021-11-18 16:16:26,200:INFO:Epoch 40, Training loss 73748.40625, Validation loss 73756.3359375
2021-11-18 16:16:29,833:INFO:Epoch 41, Training loss 73746.7890625, Validation loss 73754.765625
2021-11-18 16:16:33,466:INFO:Epoch 42, Training loss 73745.453125, Validation loss 73753.5234375
2021-11-18 16:16:37,441:INFO:Epoch 43, Training loss 73744.46875, Validation loss 73752.6796875
2021-11-18 16:16:41,060:INFO:Epoch 44, Training loss 73743.859375, Validation loss 73752.1953125
2021-11-18 16:16:44,721:INFO:Epoch 45, Training loss 73743.578125, Validation loss 73752.0234375
2021-11-18 16:16:48,325:INFO:Epoch 46, Training loss 73743.5625, Validation loss 73752.078125
2021-11-18 16:16:51,966:INFO:Epoch 47, Training loss 73743.734375, Validation loss 73752.28125
2021-11-18 16:16:55,649:INFO:Epoch 48, Training loss 73744.0, Validation loss 73752.5390625
2021-11-18 16:16:59,279:INFO:Epoch 49, Training loss 73744.2734375, Validation loss 73752.796875
2021-11-18 16:17:02,982:INFO:Epoch 50, Training loss 73744.484375, Validation loss 73752.984375
2021-11-18 16:17:06,568:INFO:Epoch 51, Training loss 73744.6171875, Validation loss 73753.078125
2021-11-18 16:17:10,190:INFO:Epoch 52, Training loss 73744.6484375, Validation loss 73753.0859375
2021-11-18 16:17:13,857:INFO:Epoch 53, Training loss 73744.5625, Validation loss 73753.0234375
2021-11-18 16:17:17,482:INFO:Epoch 54, Training loss 73744.3671875, Validation loss 73752.8828125
2021-11-18 16:17:21,142:INFO:Epoch 55, Training loss 73744.1015625, Validation loss 73752.7265625
2021-11-18 16:17:24,840:INFO:Epoch 56, Training loss 73743.8046875, Validation loss 73752.5703125
2021-11-18 16:17:28,429:INFO:Epoch 57, Training loss 73743.484375, Validation loss 73752.4140625
2021-11-18 16:17:32,079:INFO:Epoch 58, Training loss 73743.1953125, Validation loss 73752.3046875
2021-11-18 16:17:35,652:INFO:Epoch 59, Training loss 73742.9609375, Validation loss 73752.3046875
2021-11-18 16:17:39,314:INFO:Epoch 60, Training loss 73742.7890625, Validation loss 73752.375
2021-11-18 16:17:42,974:INFO:Epoch 61, Training loss 73742.7109375, Validation loss 73752.484375
2021-11-18 16:17:46,577:INFO:Epoch 62, Training loss 73742.71875, Validation loss 73752.6484375
2021-11-18 16:17:50,246:INFO:Epoch 63, Training loss 73742.765625, Validation loss 73752.8203125
2021-11-18 16:17:53,816:INFO:Epoch 64, Training loss 73742.796875, Validation loss 73753.0
2021-11-18 16:17:57,438:INFO:Epoch 65, Training loss 73742.7890625, Validation loss 73753.1484375
2021-11-18 16:18:01,082:INFO:Epoch 66, Training loss 73742.75, Validation loss 73753.234375
2021-11-18 16:18:04,687:INFO:Epoch 67, Training loss 73742.6796875, Validation loss 73753.2578125
2021-11-18 16:18:08,337:INFO:Epoch 68, Training loss 73742.609375, Validation loss 73753.28125
2021-11-18 16:18:12,023:INFO:Epoch 69, Training loss 73742.515625, Validation loss 73753.2890625
2021-11-18 16:18:15,657:INFO:Epoch 70, Training loss 73742.4375, Validation loss 73753.2890625
2021-11-18 16:18:19,369:INFO:Epoch 71, Training loss 73742.3671875, Validation loss 73753.28125
2021-11-18 16:18:22,953:INFO:Epoch 72, Training loss 73742.2890625, Validation loss 73753.28125
2021-11-18 16:18:26,581:INFO:Epoch 73, Training loss 73742.21875, Validation loss 73753.2890625
2021-11-18 16:18:30,252:INFO:Epoch 74, Training loss 73742.1640625, Validation loss 73753.3125
2021-11-18 16:18:33,860:INFO:Epoch 75, Training loss 73742.1328125, Validation loss 73753.3515625
2021-11-18 16:18:37,531:INFO:Epoch 76, Training loss 73742.09375, Validation loss 73753.390625
2021-11-18 16:18:41,219:INFO:Epoch 77, Training loss 73742.0625, Validation loss 73753.4453125
2021-11-18 16:18:44,854:INFO:Epoch 78, Training loss 73742.0390625, Validation loss 73753.5078125
2021-11-18 16:18:48,498:INFO:Epoch 79, Training loss 73742.0234375, Validation loss 73753.5859375
2021-11-18 16:18:52,088:INFO:Epoch 80, Training loss 73742.0, Validation loss 73753.671875
2021-11-18 16:18:55,738:INFO:Epoch 81, Training loss 73741.96875, Validation loss 73753.7734375
2021-11-18 16:18:59,402:INFO:Epoch 82, Training loss 73741.9375, Validation loss 73753.875
2021-11-18 16:19:03,030:INFO:Epoch 83, Training loss 73741.8984375, Validation loss 73753.9921875
2021-11-18 16:19:06,686:INFO:Epoch 84, Training loss 73741.8515625, Validation loss 73754.109375
2021-11-18 16:19:10,298:INFO:Epoch 85, Training loss 73741.8125, Validation loss 73754.234375
2021-11-18 16:19:13,909:INFO:Epoch 86, Training loss 73741.765625, Validation loss 73754.359375
2021-11-18 16:19:17,594:INFO:Epoch 87, Training loss 73741.7265625, Validation loss 73754.46875
2021-11-18 16:19:21,204:INFO:Epoch 88, Training loss 73741.6875, Validation loss 73754.578125
2021-11-18 16:19:24,856:INFO:Epoch 89, Training loss 73741.65625, Validation loss 73754.6796875
2021-11-18 16:19:28,526:INFO:Epoch 90, Training loss 73741.625, Validation loss 73754.7890625
2021-11-18 16:19:32,137:INFO:Epoch 91, Training loss 73741.6015625, Validation loss 73754.8828125
2021-11-18 16:19:35,814:INFO:Epoch 92, Training loss 73741.578125, Validation loss 73754.9765625
2021-11-18 16:19:39,421:INFO:Epoch 93, Training loss 73741.5546875, Validation loss 73755.046875
2021-11-18 16:19:43,037:INFO:Epoch 94, Training loss 73741.53125, Validation loss 73755.1171875
2021-11-18 16:19:46,706:INFO:Epoch 95, Training loss 73741.5, Validation loss 73755.1796875
2021-11-18 16:19:46,713:INFO:Finished training, producing training report at /data/theorie/jthoeve/ML4EFT_higgs/models/17_11/model_final_lin_cHq3_v7/mc_run_16/plots/training_report/
2021-11-18 16:19:47,070:WARNING:findfont: Font family ['sans-serif'] not found. Falling back to DejaVu Sans.
