1.448532226562500000e+05
1.330137773437500000e+05
1.243752636718750000e+05
1.181088945312500000e+05
1.138782597656250000e+05
1.112979960937500000e+05
1.100947109375000000e+05
1.098525136718750000e+05
1.099200273437500000e+05
1.098604609375000000e+05
1.096968085937500000e+05
1.095610019531250000e+05
1.094957910156250000e+05
1.094571328125000000e+05
1.094085332031250000e+05
1.093599492187500000e+05
1.093244121093750000e+05
1.092931953125000000e+05
1.092608007812500000e+05
1.092334453125000000e+05
1.092090371093750000e+05
1.091850175781250000e+05
1.091625449218750000e+05
1.091408984375000000e+05
1.091210878906250000e+05
1.091015781250000000e+05
1.090835195312500000e+05
1.090667812500000000e+05
1.090503496093750000e+05
1.090354902343750000e+05
1.090207597656250000e+05
1.090079609375000000e+05
1.089962578125000000e+05
1.089852597656250000e+05
1.089750644531250000e+05
1.089666523437500000e+05
1.089575957031250000e+05
1.089497128906250000e+05
1.089437246093750000e+05
1.089387167968750000e+05
1.089360019531250000e+05
1.089324746093750000e+05
1.089306933593750000e+05
1.089284687500000000e+05
1.089276269531250000e+05
1.089259628906250000e+05
1.089254316406250000e+05
1.089247207031250000e+05
1.089239707031250000e+05
1.089239179687500000e+05
1.089231621093750000e+05
1.089232539062500000e+05
1.089226816406250000e+05
1.089223203125000000e+05
1.089231347656250000e+05
1.089222988281250000e+05
1.089221113281250000e+05
1.089221640625000000e+05
1.089219667968750000e+05
1.089214179687500000e+05
1.089211992187500000e+05
1.089208574218750000e+05
1.089208105468750000e+05
1.089205507812500000e+05
