2022-03-03 14:19:15,911:INFO:All directories created, ready to load the data
2022-03-03 14:19:16,022:INFO:Dataset loaded from /data/theorie/jthoeve/training_data/zh/features_mzh_y_ptz_v2/lin/cHq3/events_4.pkl.gz
2022-03-03 14:19:16,066:INFO:Dataset loaded from /data/theorie/jthoeve/training_data/zh/features_mzh_y_ptz_v2/sm/events_4.pkl.gz
2022-03-03 14:19:18,344:INFO:Epoch 1, Training loss 84623.369140625, Validation loss 84623.369140625
2022-03-03 14:19:20,667:INFO:Epoch 2, Training loss 84623.369140625, Validation loss 84623.369140625
2022-03-03 14:19:22,941:INFO:Epoch 3, Training loss 84623.369140625, Validation loss 84623.369140625
2022-03-03 14:19:25,267:INFO:Epoch 4, Training loss 84623.369140625, Validation loss 84623.369140625
2022-03-03 14:19:27,654:INFO:Epoch 5, Training loss 84623.369140625, Validation loss 84623.369140625
2022-03-03 14:19:30,100:INFO:Epoch 6, Training loss 84623.369140625, Validation loss 84623.369140625
2022-03-03 14:19:32,490:INFO:Epoch 7, Training loss 84623.369140625, Validation loss 84623.369140625
2022-03-03 14:19:34,869:INFO:Epoch 8, Training loss 84623.369140625, Validation loss 84623.369140625
2022-03-03 14:19:37,292:INFO:Epoch 9, Training loss 84623.369140625, Validation loss 84623.369140625
2022-03-03 14:19:39,723:INFO:Epoch 10, Training loss 84623.369140625, Validation loss 84623.369140625
2022-03-03 14:19:42,128:INFO:Epoch 11, Training loss 84623.369140625, Validation loss 84623.369140625
2022-03-03 14:19:42,131:INFO:Detected stagant training, reset the weights
2022-03-03 14:19:44,493:INFO:Epoch 12, Training loss 74578.23046875, Validation loss 73810.2353515625
2022-03-03 14:19:46,898:INFO:Epoch 13, Training loss 73785.0224609375, Validation loss 73902.9150390625
2022-03-03 14:19:49,336:INFO:Epoch 14, Training loss 73897.265625, Validation loss 73819.7763671875
2022-03-03 14:19:51,746:INFO:Epoch 15, Training loss 73757.8740234375, Validation loss 73732.1396484375
2022-03-03 14:19:54,102:INFO:Epoch 16, Training loss 73750.6875, Validation loss 73757.1396484375
2022-03-03 14:19:56,530:INFO:Epoch 17, Training loss 73736.9697265625, Validation loss 73725.9755859375
2022-03-03 14:19:58,892:INFO:Epoch 18, Training loss 73724.7265625, Validation loss 73735.4609375
2022-03-03 14:20:01,398:INFO:Epoch 19, Training loss 73728.3212890625, Validation loss 73729.02734375
2022-03-03 14:20:03,857:INFO:Epoch 20, Training loss 73721.689453125, Validation loss 73727.54296875
2022-03-03 14:20:06,428:INFO:Epoch 21, Training loss 73721.3974609375, Validation loss 73729.4287109375
2022-03-03 14:20:08,928:INFO:Epoch 22, Training loss 73720.7724609375, Validation loss 73727.83984375
2022-03-03 14:20:11,518:INFO:Epoch 23, Training loss 73719.361328125, Validation loss 73728.412109375
2022-03-03 14:20:14,013:INFO:Epoch 24, Training loss 73719.1767578125, Validation loss 73728.830078125
2022-03-03 14:20:16,522:INFO:Epoch 25, Training loss 73718.66796875, Validation loss 73729.265625
2022-03-03 14:20:19,021:INFO:Epoch 26, Training loss 73718.5166015625, Validation loss 73730.138671875
2022-03-03 14:20:21,630:INFO:Epoch 27, Training loss 73718.20703125, Validation loss 73730.1923828125
2022-03-03 14:20:24,151:INFO:Epoch 28, Training loss 73717.8017578125, Validation loss 73730.818359375
2022-03-03 14:20:26,632:INFO:Epoch 29, Training loss 73717.4892578125, Validation loss 73730.9951171875
2022-03-03 14:20:29,118:INFO:Epoch 30, Training loss 73717.44921875, Validation loss 73731.0224609375
2022-03-03 14:20:31,619:INFO:Epoch 31, Training loss 73717.130859375, Validation loss 73731.0595703125
2022-03-03 14:20:34,038:INFO:Epoch 32, Training loss 73716.9921875, Validation loss 73730.9560546875
2022-03-03 14:20:36,410:INFO:Epoch 33, Training loss 73716.8427734375, Validation loss 73730.9482421875
2022-03-03 14:20:38,816:INFO:Epoch 34, Training loss 73716.5634765625, Validation loss 73731.13671875
2022-03-03 14:20:41,225:INFO:Epoch 35, Training loss 73716.53125, Validation loss 73731.267578125
2022-03-03 14:20:43,640:INFO:Epoch 36, Training loss 73716.37109375, Validation loss 73731.5205078125
2022-03-03 14:20:45,984:INFO:Epoch 37, Training loss 73716.111328125, Validation loss 73731.625
2022-03-03 14:20:48,392:INFO:Epoch 38, Training loss 73716.376953125, Validation loss 73730.7431640625
2022-03-03 14:20:50,737:INFO:Epoch 39, Training loss 73716.2568359375, Validation loss 73730.5673828125
2022-03-03 14:20:53,190:INFO:Epoch 40, Training loss 73715.91796875, Validation loss 73731.48046875
2022-03-03 14:20:55,549:INFO:Epoch 41, Training loss 73715.8515625, Validation loss 73732.33203125
2022-03-03 14:20:57,943:INFO:Epoch 42, Training loss 73715.44140625, Validation loss 73731.6298828125
2022-03-03 14:21:00,290:INFO:Epoch 43, Training loss 73715.326171875, Validation loss 73731.390625
2022-03-03 14:21:02,728:INFO:Epoch 44, Training loss 73715.244140625, Validation loss 73731.4013671875
2022-03-03 14:21:05,088:INFO:Epoch 45, Training loss 73715.3046875, Validation loss 73731.4521484375
2022-03-03 14:21:07,453:INFO:Epoch 46, Training loss 73715.0078125, Validation loss 73731.5634765625
2022-03-03 14:21:09,804:INFO:Epoch 47, Training loss 73715.01953125, Validation loss 73732.1689453125
2022-03-03 14:21:12,221:INFO:Epoch 48, Training loss 73714.9560546875, Validation loss 73731.185546875
2022-03-03 14:21:14,585:INFO:Epoch 49, Training loss 73714.6396484375, Validation loss 73732.3662109375
2022-03-03 14:21:16,949:INFO:Epoch 50, Training loss 73714.3857421875, Validation loss 73732.509765625
2022-03-03 14:21:19,320:INFO:Epoch 51, Training loss 73714.27734375, Validation loss 73732.466796875
2022-03-03 14:21:21,735:INFO:Epoch 52, Training loss 73714.21484375, Validation loss 73731.9072265625
2022-03-03 14:21:24,113:INFO:Epoch 53, Training loss 73714.1103515625, Validation loss 73732.7138671875
2022-03-03 14:21:26,454:INFO:Epoch 54, Training loss 73714.0849609375, Validation loss 73733.607421875
2022-03-03 14:21:28,846:INFO:Epoch 55, Training loss 73714.0126953125, Validation loss 73732.3203125
2022-03-03 14:21:31,261:INFO:Epoch 56, Training loss 73713.7236328125, Validation loss 73733.072265625
2022-03-03 14:21:33,648:INFO:Epoch 57, Training loss 73713.716796875, Validation loss 73732.8408203125
2022-03-03 14:21:36,139:INFO:Epoch 58, Training loss 73713.33984375, Validation loss 73733.30859375
2022-03-03 14:21:38,530:INFO:Epoch 59, Training loss 73713.3369140625, Validation loss 73734.1259765625
2022-03-03 14:21:40,883:INFO:Epoch 60, Training loss 73713.375, Validation loss 73732.9970703125
2022-03-03 14:21:43,352:INFO:Epoch 61, Training loss 73713.0615234375, Validation loss 73732.9453125
2022-03-03 14:21:45,695:INFO:Epoch 62, Training loss 73713.1728515625, Validation loss 73733.9892578125
2022-03-03 14:21:48,094:INFO:Epoch 63, Training loss 73712.6611328125, Validation loss 73733.4521484375
2022-03-03 14:21:50,454:INFO:Epoch 64, Training loss 73712.7734375, Validation loss 73733.5498046875
2022-03-03 14:21:52,892:INFO:Epoch 65, Training loss 73712.4052734375, Validation loss 73733.814453125
2022-03-03 14:21:55,238:INFO:Epoch 66, Training loss 73712.369140625, Validation loss 73734.1845703125
2022-03-03 14:21:57,610:INFO:Epoch 67, Training loss 73712.271484375, Validation loss 73733.58203125
2022-03-03 14:21:57,616:INFO:Finished training
