1.253012304687500000e+05
1.190706152343750000e+05
1.148877734375000000e+05
1.119416250000000000e+05
1.101773476562500000e+05
1.093674023437500000e+05
1.092316855468750000e+05
1.093214375000000000e+05
1.093080468750000000e+05
1.092156191406250000e+05
1.091436035156250000e+05
1.091120566406250000e+05
1.090942617187500000e+05
1.090704882812500000e+05
1.090377910156250000e+05
1.090040664062500000e+05
1.089692753906250000e+05
1.089286640625000000e+05
1.088788242187500000e+05
1.088284531250000000e+05
1.087786503906250000e+05
1.087275957031250000e+05
1.086779726562500000e+05
1.086366367187500000e+05
1.085973945312500000e+05
1.085716757812500000e+05
1.085544531250000000e+05
1.085402421875000000e+05
1.085313359375000000e+05
1.085264257812500000e+05
1.085236562500000000e+05
1.085229921875000000e+05
1.085197812500000000e+05
1.085181425781250000e+05
1.085191914062500000e+05
1.085133066406250000e+05
1.085132480468750000e+05
1.085145449218750000e+05
1.085116914062500000e+05
1.085112128906250000e+05
1.085111562500000000e+05
1.085110351562500000e+05
1.085105351562500000e+05
1.085101074218750000e+05
1.085078085937500000e+05
1.085077636718750000e+05
1.085090175781250000e+05
1.085061445312500000e+05
1.085067304687500000e+05
1.085058515625000000e+05
1.085047929687500000e+05
1.085050566406250000e+05
1.085051660156250000e+05
1.085037910156250000e+05
1.085038925781250000e+05
1.085038066406250000e+05
1.085043359375000000e+05
1.085018203125000000e+05
1.085013242187500000e+05
1.085007207031250000e+05
1.085010859375000000e+05
1.085037148437500000e+05
1.085034609375000000e+05
1.085028613281250000e+05
1.085015058593750000e+05
1.085016054687500000e+05
1.085012031250000000e+05
1.084993222656250000e+05
1.084994433593750000e+05
1.085004667968750000e+05
1.084983476562500000e+05
1.084985371093750000e+05
1.084977832031250000e+05
1.084976425781250000e+05
1.084987089843750000e+05
1.084978925781250000e+05
1.084968320312500000e+05
1.084958144531250000e+05
1.084955898437500000e+05
1.084975000000000000e+05
1.084960117187500000e+05
1.084956347656250000e+05
1.084968554687500000e+05
1.084970234375000000e+05
1.084970390625000000e+05
1.084947617187500000e+05
1.084958144531250000e+05
1.084935625000000000e+05
1.084939179687500000e+05
1.084955996093750000e+05
1.084918242187500000e+05
1.084926386718750000e+05
1.084917851562500000e+05
1.084920683593750000e+05
1.084950156250000000e+05
1.084906152343750000e+05
1.084915878906250000e+05
1.084926445312500000e+05
1.084907597656250000e+05
1.084914824218750000e+05
1.084908007812500000e+05
1.084929238281250000e+05
1.084913339843750000e+05
1.084897910156250000e+05
1.084906777343750000e+05
1.084900878906250000e+05
1.084905546875000000e+05
1.084946230468750000e+05
1.084906660156250000e+05
1.084920937500000000e+05
1.084908222656250000e+05
1.084902070312500000e+05
1.084890214843750000e+05
1.084904531250000000e+05
1.084897734375000000e+05
1.084886289062500000e+05
1.084900371093750000e+05
1.084899550781250000e+05
1.084872167968750000e+05
1.084872011718750000e+05
1.084889746093750000e+05
1.084871777343750000e+05
1.084873457031250000e+05
1.084884042968750000e+05
1.084869453125000000e+05
1.084881523437500000e+05
1.084856640625000000e+05
1.084854160156250000e+05
1.084865605468750000e+05
1.084882421875000000e+05
1.084901230468750000e+05
1.084859570312500000e+05
1.084852949218750000e+05
1.084860722656250000e+05
1.084840664062500000e+05
1.084845742187500000e+05
1.084846250000000000e+05
1.084832500000000000e+05
1.084828808593750000e+05
1.084818417968750000e+05
1.084830644531250000e+05
1.084818417968750000e+05
1.084851718750000000e+05
1.084818867187500000e+05
1.084818671875000000e+05
1.084824511718750000e+05
1.084807578125000000e+05
1.084804472656250000e+05
1.084829199218750000e+05
1.084810410156250000e+05
1.084842578125000000e+05
1.084793261718750000e+05
1.084840429687500000e+05
1.084813183593750000e+05
1.084809550781250000e+05
1.084807460937500000e+05
1.084799550781250000e+05
1.084793125000000000e+05
1.084809941406250000e+05
1.084784570312500000e+05
1.084805000000000000e+05
1.084814433593750000e+05
1.084793808593750000e+05
