2022-01-24 14:05:54,220:INFO:All directories created, ready to load the data
2022-01-24 14:05:54,263:INFO:Dataset loaded from /data/theorie/jthoeve/event_generation/events_high_stats/pT/lin/cHW/events_17.npy
2022-01-24 14:05:54,291:INFO:Dataset loaded from /data/theorie/jthoeve/event_generation/events_high_stats/pT/sm/events_17.npy
2022-01-24 14:05:56,723:INFO:Epoch 1, Training loss 207993.37890625, Validation loss 207993.37890625
2022-01-24 14:05:59,136:INFO:Epoch 2, Training loss 207993.37890625, Validation loss 207993.37890625
2022-01-24 14:06:01,531:INFO:Epoch 3, Training loss 207993.37890625, Validation loss 207993.37890625
2022-01-24 14:06:03,957:INFO:Epoch 4, Training loss 207993.37890625, Validation loss 207993.37890625
2022-01-24 14:06:06,357:INFO:Epoch 5, Training loss 207993.37890625, Validation loss 207993.37890625
2022-01-24 14:06:08,747:INFO:Epoch 6, Training loss 207993.37890625, Validation loss 207993.37890625
2022-01-24 14:06:11,147:INFO:Epoch 7, Training loss 207993.37890625, Validation loss 207993.37890625
2022-01-24 14:06:13,565:INFO:Epoch 8, Training loss 207993.37890625, Validation loss 207993.37890625
2022-01-24 14:06:15,972:INFO:Epoch 9, Training loss 207993.37890625, Validation loss 207993.37890625
2022-01-24 14:06:18,354:INFO:Epoch 10, Training loss 207993.37890625, Validation loss 207993.37890625
2022-01-24 14:06:20,766:INFO:Epoch 11, Training loss 207993.37890625, Validation loss 207993.37890625
2022-01-24 14:06:20,770:INFO:Detected stagant training, reset the weights
2022-01-24 14:06:23,179:INFO:Epoch 12, Training loss 142581.30859375, Validation loss 132235.046875
2022-01-24 14:06:25,593:INFO:Epoch 13, Training loss 127084.63671875, Validation loss 120757.08203125
2022-01-24 14:06:28,131:INFO:Epoch 14, Training loss 117885.37890625, Validation loss 114250.92578125
2022-01-24 14:06:30,551:INFO:Epoch 15, Training loss 112524.78515625, Validation loss 110513.390625
2022-01-24 14:06:32,932:INFO:Epoch 16, Training loss 109827.2421875, Validation loss 109347.51953125
2022-01-24 14:06:35,376:INFO:Epoch 17, Training loss 109378.74609375, Validation loss 109604.658203125
2022-01-24 14:06:37,776:INFO:Epoch 18, Training loss 109616.365234375, Validation loss 109642.380859375
2022-01-24 14:06:40,208:INFO:Epoch 19, Training loss 109500.24609375, Validation loss 109378.693359375
2022-01-24 14:06:42,597:INFO:Epoch 20, Training loss 109251.3046875, Validation loss 109193.11328125
2022-01-24 14:06:45,042:INFO:Epoch 21, Training loss 109134.763671875, Validation loss 109155.14453125
2022-01-24 14:06:47,433:INFO:Epoch 22, Training loss 109121.48828125, Validation loss 109149.46875
2022-01-24 14:06:49,839:INFO:Epoch 23, Training loss 109102.158203125, Validation loss 109113.779296875
2022-01-24 14:06:52,241:INFO:Epoch 24, Training loss 109060.0703125, Validation loss 109073.48046875
2022-01-24 14:06:54,669:INFO:Epoch 25, Training loss 109021.849609375, Validation loss 109047.216796875
2022-01-24 14:06:57,072:INFO:Epoch 26, Training loss 108996.888671875, Validation loss 109025.193359375
2022-01-24 14:06:59,467:INFO:Epoch 27, Training loss 108972.083984375, Validation loss 108997.109375
2022-01-24 14:07:01,873:INFO:Epoch 28, Training loss 108942.640625, Validation loss 108967.111328125
2022-01-24 14:07:04,296:INFO:Epoch 29, Training loss 108912.21484375, Validation loss 108936.12109375
2022-01-24 14:07:06,707:INFO:Epoch 30, Training loss 108880.189453125, Validation loss 108902.849609375
2022-01-24 14:07:09,094:INFO:Epoch 31, Training loss 108846.47265625, Validation loss 108868.697265625
2022-01-24 14:07:11,510:INFO:Epoch 32, Training loss 108812.021484375, Validation loss 108832.861328125
2022-01-24 14:07:13,925:INFO:Epoch 33, Training loss 108774.646484375, Validation loss 108795.783203125
2022-01-24 14:07:16,347:INFO:Epoch 34, Training loss 108737.955078125, Validation loss 108757.412109375
2022-01-24 14:07:18,729:INFO:Epoch 35, Training loss 108698.935546875, Validation loss 108720.09765625
2022-01-24 14:07:21,154:INFO:Epoch 36, Training loss 108659.841796875, Validation loss 108683.927734375
2022-01-24 14:07:23,539:INFO:Epoch 37, Training loss 108623.62109375, Validation loss 108647.091796875
2022-01-24 14:07:25,987:INFO:Epoch 38, Training loss 108587.814453125, Validation loss 108613.966796875
2022-01-24 14:07:28,371:INFO:Epoch 39, Training loss 108554.849609375, Validation loss 108584.236328125
2022-01-24 14:07:30,789:INFO:Epoch 40, Training loss 108525.845703125, Validation loss 108559.29296875
2022-01-24 14:07:33,182:INFO:Epoch 41, Training loss 108501.8828125, Validation loss 108541.255859375
2022-01-24 14:07:35,626:INFO:Epoch 42, Training loss 108482.349609375, Validation loss 108527.96484375
2022-01-24 14:07:38,029:INFO:Epoch 43, Training loss 108469.353515625, Validation loss 108519.1015625
2022-01-24 14:07:40,437:INFO:Epoch 44, Training loss 108460.751953125, Validation loss 108515.09375
2022-01-24 14:07:42,845:INFO:Epoch 45, Training loss 108453.65625, Validation loss 108513.64453125
2022-01-24 14:07:45,284:INFO:Epoch 46, Training loss 108450.734375, Validation loss 108515.07421875
2022-01-24 14:07:47,690:INFO:Epoch 47, Training loss 108447.955078125, Validation loss 108517.3828125
2022-01-24 14:07:50,090:INFO:Epoch 48, Training loss 108445.919921875, Validation loss 108514.646484375
2022-01-24 14:07:52,497:INFO:Epoch 49, Training loss 108443.74609375, Validation loss 108515.255859375
2022-01-24 14:07:54,917:INFO:Epoch 50, Training loss 108441.94921875, Validation loss 108518.376953125
2022-01-24 14:07:57,342:INFO:Epoch 51, Training loss 108440.16015625, Validation loss 108514.033203125
2022-01-24 14:07:59,729:INFO:Epoch 52, Training loss 108438.955078125, Validation loss 108511.55078125
2022-01-24 14:08:02,146:INFO:Epoch 53, Training loss 108437.189453125, Validation loss 108512.427734375
2022-01-24 14:08:04,561:INFO:Epoch 54, Training loss 108435.365234375, Validation loss 108513.298828125
2022-01-24 14:08:06,983:INFO:Epoch 55, Training loss 108435.162109375, Validation loss 108513.029296875
2022-01-24 14:08:09,364:INFO:Epoch 56, Training loss 108434.001953125, Validation loss 108512.96875
2022-01-24 14:08:11,793:INFO:Epoch 57, Training loss 108434.14453125, Validation loss 108514.32421875
2022-01-24 14:08:14,173:INFO:Epoch 58, Training loss 108432.888671875, Validation loss 108510.197265625
2022-01-24 14:08:16,618:INFO:Epoch 59, Training loss 108431.9453125, Validation loss 108510.61328125
2022-01-24 14:08:19,012:INFO:Epoch 60, Training loss 108431.2109375, Validation loss 108511.970703125
2022-01-24 14:08:21,434:INFO:Epoch 61, Training loss 108430.26171875, Validation loss 108513.14453125
2022-01-24 14:08:23,832:INFO:Epoch 62, Training loss 108430.396484375, Validation loss 108511.888671875
2022-01-24 14:08:26,277:INFO:Epoch 63, Training loss 108429.044921875, Validation loss 108511.7421875
2022-01-24 14:08:28,676:INFO:Epoch 64, Training loss 108428.310546875, Validation loss 108509.576171875
2022-01-24 14:08:31,092:INFO:Epoch 65, Training loss 108428.015625, Validation loss 108510.205078125
2022-01-24 14:08:33,494:INFO:Epoch 66, Training loss 108427.904296875, Validation loss 108510.849609375
2022-01-24 14:08:35,928:INFO:Epoch 67, Training loss 108426.6640625, Validation loss 108510.51171875
2022-01-24 14:08:38,333:INFO:Epoch 68, Training loss 108426.978515625, Validation loss 108511.87109375
2022-01-24 14:08:40,734:INFO:Epoch 69, Training loss 108426.193359375, Validation loss 108511.34765625
2022-01-24 14:08:43,148:INFO:Epoch 70, Training loss 108425.59765625, Validation loss 108509.61328125
2022-01-24 14:08:45,581:INFO:Epoch 71, Training loss 108424.923828125, Validation loss 108510.162109375
2022-01-24 14:08:47,995:INFO:Epoch 72, Training loss 108424.609375, Validation loss 108511.130859375
2022-01-24 14:08:50,394:INFO:Epoch 73, Training loss 108424.470703125, Validation loss 108511.908203125
2022-01-24 14:08:52,815:INFO:Epoch 74, Training loss 108424.53515625, Validation loss 108509.0234375
2022-01-24 14:08:55,234:INFO:Epoch 75, Training loss 108423.7109375, Validation loss 108509.875
2022-01-24 14:08:57,664:INFO:Epoch 76, Training loss 108422.6484375, Validation loss 108509.939453125
2022-01-24 14:09:00,043:INFO:Epoch 77, Training loss 108422.642578125, Validation loss 108511.4609375
2022-01-24 14:09:02,473:INFO:Epoch 78, Training loss 108422.03515625, Validation loss 108509.521484375
2022-01-24 14:09:04,867:INFO:Epoch 79, Training loss 108421.8203125, Validation loss 108510.48046875
2022-01-24 14:09:07,332:INFO:Epoch 80, Training loss 108421.1953125, Validation loss 108510.845703125
2022-01-24 14:09:09,725:INFO:Epoch 81, Training loss 108423.384765625, Validation loss 108511.94140625
2022-01-24 14:09:12,137:INFO:Epoch 82, Training loss 108422.154296875, Validation loss 108508.376953125
2022-01-24 14:09:14,526:INFO:Epoch 83, Training loss 108421.166015625, Validation loss 108509.951171875
2022-01-24 14:09:16,975:INFO:Epoch 84, Training loss 108421.173828125, Validation loss 108510.2734375
2022-01-24 14:09:19,377:INFO:Epoch 85, Training loss 108420.837890625, Validation loss 108509.177734375
2022-01-24 14:09:21,783:INFO:Epoch 86, Training loss 108419.431640625, Validation loss 108509.078125
2022-01-24 14:09:24,187:INFO:Epoch 87, Training loss 108419.474609375, Validation loss 108509.02734375
2022-01-24 14:09:26,619:INFO:Epoch 88, Training loss 108420.4375, Validation loss 108512.119140625
2022-01-24 14:09:29,049:INFO:Epoch 89, Training loss 108418.802734375, Validation loss 108508.578125
2022-01-24 14:09:31,521:INFO:Epoch 90, Training loss 108419.185546875, Validation loss 108506.810546875
2022-01-24 14:09:34,013:INFO:Epoch 91, Training loss 108417.9140625, Validation loss 108509.935546875
2022-01-24 14:09:36,527:INFO:Epoch 92, Training loss 108419.970703125, Validation loss 108512.10546875
2022-01-24 14:09:39,029:INFO:Epoch 93, Training loss 108417.826171875, Validation loss 108508.16796875
2022-01-24 14:09:41,523:INFO:Epoch 94, Training loss 108417.505859375, Validation loss 108507.662109375
2022-01-24 14:09:44,059:INFO:Epoch 95, Training loss 108416.818359375, Validation loss 108507.48046875
2022-01-24 14:09:46,586:INFO:Epoch 96, Training loss 108417.2421875, Validation loss 108509.62109375
2022-01-24 14:09:49,111:INFO:Epoch 97, Training loss 108416.537109375, Validation loss 108507.83203125
2022-01-24 14:09:51,604:INFO:Epoch 98, Training loss 108416.76953125, Validation loss 108506.05859375
2022-01-24 14:09:54,131:INFO:Epoch 99, Training loss 108416.046875, Validation loss 108510.228515625
2022-01-24 14:09:56,622:INFO:Epoch 100, Training loss 108416.154296875, Validation loss 108510.1875
2022-01-24 14:09:59,189:INFO:Epoch 101, Training loss 108415.03515625, Validation loss 108507.01171875
2022-01-24 14:10:01,683:INFO:Epoch 102, Training loss 108416.056640625, Validation loss 108506.365234375
2022-01-24 14:10:04,212:INFO:Epoch 103, Training loss 108416.169921875, Validation loss 108509.59765625
2022-01-24 14:10:06,702:INFO:Epoch 104, Training loss 108415.328125, Validation loss 108509.501953125
2022-01-24 14:10:09,254:INFO:Epoch 105, Training loss 108414.5703125, Validation loss 108506.6015625
2022-01-24 14:10:11,760:INFO:Epoch 106, Training loss 108414.84765625, Validation loss 108506.37109375
2022-01-24 14:10:14,269:INFO:Epoch 107, Training loss 108414.755859375, Validation loss 108507.5078125
2022-01-24 14:10:16,792:INFO:Epoch 108, Training loss 108413.779296875, Validation loss 108509.17578125
2022-01-24 14:10:19,335:INFO:Epoch 109, Training loss 108414.64453125, Validation loss 108511.265625
2022-01-24 14:10:21,838:INFO:Epoch 110, Training loss 108413.69921875, Validation loss 108505.783203125
2022-01-24 14:10:24,336:INFO:Epoch 111, Training loss 108413.712890625, Validation loss 108505.46875
2022-01-24 14:10:26,851:INFO:Epoch 112, Training loss 108412.84765625, Validation loss 108507.509765625
2022-01-24 14:10:29,389:INFO:Epoch 113, Training loss 108413.2578125, Validation loss 108510.697265625
2022-01-24 14:10:31,902:INFO:Epoch 114, Training loss 108412.9609375, Validation loss 108508.66015625
2022-01-24 14:10:34,392:INFO:Epoch 115, Training loss 108413.21484375, Validation loss 108505.587890625
2022-01-24 14:10:36,915:INFO:Epoch 116, Training loss 108413.416015625, Validation loss 108506.8359375
2022-01-24 14:10:39,444:INFO:Epoch 117, Training loss 108412.619140625, Validation loss 108509.328125
2022-01-24 14:10:41,995:INFO:Epoch 118, Training loss 108412.005859375, Validation loss 108509.578125
2022-01-24 14:10:44,478:INFO:Epoch 119, Training loss 108411.705078125, Validation loss 108505.05859375
2022-01-24 14:10:47,015:INFO:Epoch 120, Training loss 108410.9921875, Validation loss 108506.935546875
2022-01-24 14:10:49,506:INFO:Epoch 121, Training loss 108410.6015625, Validation loss 108505.62890625
2022-01-24 14:10:52,076:INFO:Epoch 122, Training loss 108409.884765625, Validation loss 108508.384765625
2022-01-24 14:10:54,579:INFO:Epoch 123, Training loss 108409.591796875, Validation loss 108508.10546875
2022-01-24 14:10:57,106:INFO:Epoch 124, Training loss 108410.96484375, Validation loss 108506.04296875
2022-01-24 14:10:59,605:INFO:Epoch 125, Training loss 108410.677734375, Validation loss 108506.685546875
2022-01-24 14:11:02,169:INFO:Epoch 126, Training loss 108409.26953125, Validation loss 108508.53125
2022-01-24 14:11:04,671:INFO:Epoch 127, Training loss 108408.978515625, Validation loss 108508.12890625
2022-01-24 14:11:07,180:INFO:Epoch 128, Training loss 108409.025390625, Validation loss 108505.8125
2022-01-24 14:11:09,687:INFO:Epoch 129, Training loss 108408.9453125, Validation loss 108506.060546875
2022-01-24 14:11:12,233:INFO:Epoch 130, Training loss 108408.6953125, Validation loss 108508.830078125
2022-01-24 14:11:14,745:INFO:Epoch 131, Training loss 108409.087890625, Validation loss 108506.916015625
2022-01-24 14:11:17,245:INFO:Epoch 132, Training loss 108408.109375, Validation loss 108506.78125
2022-01-24 14:11:19,760:INFO:Epoch 133, Training loss 108408.287109375, Validation loss 108505.01171875
2022-01-24 14:11:22,294:INFO:Epoch 134, Training loss 108408.740234375, Validation loss 108505.44140625
2022-01-24 14:11:24,817:INFO:Epoch 135, Training loss 108406.501953125, Validation loss 108507.73046875
2022-01-24 14:11:27,307:INFO:Epoch 136, Training loss 108407.625, Validation loss 108508.341796875
2022-01-24 14:11:29,838:INFO:Epoch 137, Training loss 108407.125, Validation loss 108505.97265625
2022-01-24 14:11:32,356:INFO:Epoch 138, Training loss 108406.44140625, Validation loss 108507.064453125
2022-01-24 14:11:34,886:INFO:Epoch 139, Training loss 108406.2109375, Validation loss 108506.802734375
2022-01-24 14:11:37,374:INFO:Epoch 140, Training loss 108407.392578125, Validation loss 108508.2734375
2022-01-24 14:11:39,912:INFO:Epoch 141, Training loss 108406.5546875, Validation loss 108505.796875
2022-01-24 14:11:42,411:INFO:Epoch 142, Training loss 108406.501953125, Validation loss 108506.966796875
2022-01-24 14:11:44,980:INFO:Epoch 143, Training loss 108406.947265625, Validation loss 108508.431640625
2022-01-24 14:11:47,482:INFO:Epoch 144, Training loss 108406.0703125, Validation loss 108507.619140625
2022-01-24 14:11:50,026:INFO:Epoch 145, Training loss 108407.638671875, Validation loss 108507.033203125
2022-01-24 14:11:52,538:INFO:Epoch 146, Training loss 108407.05078125, Validation loss 108505.607421875
2022-01-24 14:11:55,095:INFO:Epoch 147, Training loss 108404.775390625, Validation loss 108508.291015625
2022-01-24 14:11:57,617:INFO:Epoch 148, Training loss 108406.22265625, Validation loss 108506.056640625
2022-01-24 14:12:00,123:INFO:Epoch 149, Training loss 108404.4140625, Validation loss 108507.76171875
2022-01-24 14:12:02,564:INFO:Epoch 150, Training loss 108405.150390625, Validation loss 108508.212890625
2022-01-24 14:12:05,009:INFO:Epoch 151, Training loss 108405.935546875, Validation loss 108505.240234375
2022-01-24 14:12:07,429:INFO:Epoch 152, Training loss 108404.080078125, Validation loss 108507.970703125
2022-01-24 14:12:09,845:INFO:Epoch 153, Training loss 108404.203125, Validation loss 108508.830078125
2022-01-24 14:12:12,268:INFO:Epoch 154, Training loss 108405.40234375, Validation loss 108508.103515625
2022-01-24 14:12:14,710:INFO:Epoch 155, Training loss 108406.27734375, Validation loss 108510.171875
2022-01-24 14:12:17,128:INFO:Epoch 156, Training loss 108404.42578125, Validation loss 108506.462890625
2022-01-24 14:12:19,527:INFO:Epoch 157, Training loss 108404.181640625, Validation loss 108507.275390625
2022-01-24 14:12:21,966:INFO:Epoch 158, Training loss 108403.544921875, Validation loss 108506.173828125
2022-01-24 14:12:24,399:INFO:Epoch 159, Training loss 108403.234375, Validation loss 108506.046875
2022-01-24 14:12:26,847:INFO:Epoch 160, Training loss 108403.912109375, Validation loss 108507.63671875
2022-01-24 14:12:29,233:INFO:Epoch 161, Training loss 108402.974609375, Validation loss 108508.107421875
2022-01-24 14:12:31,666:INFO:Epoch 162, Training loss 108403.107421875, Validation loss 108506.984375
2022-01-24 14:12:34,060:INFO:Epoch 163, Training loss 108402.4296875, Validation loss 108508.794921875
2022-01-24 14:12:36,528:INFO:Epoch 164, Training loss 108403.02734375, Validation loss 108508.423828125
2022-01-24 14:12:38,921:INFO:Epoch 165, Training loss 108402.4140625, Validation loss 108505.6953125
2022-01-24 14:12:41,377:INFO:Epoch 166, Training loss 108402.458984375, Validation loss 108508.853515625
2022-01-24 14:12:43,788:INFO:Epoch 167, Training loss 108403.7265625, Validation loss 108507.185546875
2022-01-24 14:12:46,241:INFO:Epoch 168, Training loss 108401.841796875, Validation loss 108507.822265625
2022-01-24 14:12:48,644:INFO:Epoch 169, Training loss 108403.751953125, Validation loss 108508.73828125
2022-01-24 14:12:51,062:INFO:Epoch 170, Training loss 108401.44140625, Validation loss 108508.158203125
2022-01-24 14:12:53,471:INFO:Epoch 171, Training loss 108403.6640625, Validation loss 108508.84765625
2022-01-24 14:12:55,915:INFO:Epoch 172, Training loss 108401.69140625, Validation loss 108506.384765625
2022-01-24 14:12:58,329:INFO:Epoch 173, Training loss 108402.380859375, Validation loss 108508.736328125
2022-01-24 14:13:00,726:INFO:Epoch 174, Training loss 108401.388671875, Validation loss 108509.427734375
2022-01-24 14:13:03,145:INFO:Epoch 175, Training loss 108401.916015625, Validation loss 108508.361328125
2022-01-24 14:13:05,577:INFO:Epoch 176, Training loss 108400.974609375, Validation loss 108507.490234375
2022-01-24 14:13:08,003:INFO:Epoch 177, Training loss 108399.943359375, Validation loss 108507.013671875
2022-01-24 14:13:10,404:INFO:Epoch 178, Training loss 108401.978515625, Validation loss 108506.693359375
2022-01-24 14:13:12,832:INFO:Epoch 179, Training loss 108399.9609375, Validation loss 108510.126953125
2022-01-24 14:13:15,250:INFO:Epoch 180, Training loss 108400.203125, Validation loss 108508.705078125
2022-01-24 14:13:17,680:INFO:Epoch 181, Training loss 108400.052734375, Validation loss 108507.546875
2022-01-24 14:13:20,070:INFO:Epoch 182, Training loss 108399.466796875, Validation loss 108507.279296875
2022-01-24 14:13:22,507:INFO:Epoch 183, Training loss 108398.732421875, Validation loss 108508.87109375
2022-01-24 14:13:22,514:INFO:Finished training
