2021-11-24 15:26:08,795:INFO:All directories created, ready to load the data
2021-11-24 15:26:08,846:INFO:Dataset loaded from /data/theorie/jthoeve/event_generation/events_high_stats/quad/cHW/events_15.npy
2021-11-24 15:26:08,849:INFO:Dataset loaded from /data/theorie/jthoeve/event_generation/events_high_stats/sm/events_15.npy
2021-11-24 15:26:12,806:INFO:Epoch 1, Training loss 150640.263671875, Validation loss 149812.578125
2021-11-24 15:26:16,745:INFO:Epoch 2, Training loss 149568.171875, Validation loss 149307.017578125
2021-11-24 15:26:20,624:INFO:Epoch 3, Training loss 149079.486328125, Validation loss 148686.05859375
2021-11-24 15:26:24,588:INFO:Epoch 4, Training loss 148334.583984375, Validation loss 147805.568359375
2021-11-24 15:26:28,467:INFO:Epoch 5, Training loss 147420.14453125, Validation loss 146845.025390625
2021-11-24 15:26:32,400:INFO:Epoch 6, Training loss 146403.94921875, Validation loss 145800.40234375
2021-11-24 15:26:36,286:INFO:Epoch 7, Training loss 145363.05859375, Validation loss 144858.49609375
2021-11-24 15:26:40,225:INFO:Epoch 8, Training loss 144479.349609375, Validation loss 144192.83203125
2021-11-24 15:26:44,569:INFO:Epoch 9, Training loss 143961.609375, Validation loss 143926.345703125
2021-11-24 15:26:48,504:INFO:Epoch 10, Training loss 143780.06640625, Validation loss 143895.90625
2021-11-24 15:26:52,584:INFO:Epoch 11, Training loss 143736.923828125, Validation loss 143845.421875
2021-11-24 15:26:56,513:INFO:Epoch 12, Training loss 143674.888671875, Validation loss 143755.373046875
2021-11-24 15:27:00,414:INFO:Epoch 13, Training loss 143619.392578125, Validation loss 143719.87109375
2021-11-24 15:27:04,708:INFO:Epoch 14, Training loss 143591.05078125, Validation loss 143700.755859375
2021-11-24 15:27:08,644:INFO:Epoch 15, Training loss 143574.1015625, Validation loss 143689.435546875
2021-11-24 15:27:12,561:INFO:Epoch 16, Training loss 143553.552734375, Validation loss 143673.97265625
2021-11-24 15:27:16,477:INFO:Epoch 17, Training loss 143541.44921875, Validation loss 143670.275390625
2021-11-24 15:27:20,361:INFO:Epoch 18, Training loss 143541.8125, Validation loss 143664.673828125
2021-11-24 15:27:24,282:INFO:Epoch 19, Training loss 143520.130859375, Validation loss 143646.1015625
2021-11-24 15:27:28,157:INFO:Epoch 20, Training loss 143521.986328125, Validation loss 143640.763671875
2021-11-24 15:27:32,109:INFO:Epoch 21, Training loss 143515.775390625, Validation loss 143659.318359375
2021-11-24 15:27:36,001:INFO:Epoch 22, Training loss 143504.216796875, Validation loss 143631.4140625
2021-11-24 15:27:39,951:INFO:Epoch 23, Training loss 143496.9296875, Validation loss 143629.837890625
2021-11-24 15:27:43,844:INFO:Epoch 24, Training loss 143493.890625, Validation loss 143626.06640625
2021-11-24 15:27:47,788:INFO:Epoch 25, Training loss 143490.47265625, Validation loss 143631.955078125
2021-11-24 15:27:51,831:INFO:Epoch 26, Training loss 143490.703125, Validation loss 143618.84375
2021-11-24 15:27:55,750:INFO:Epoch 27, Training loss 143491.34765625, Validation loss 143625.234375
2021-11-24 15:27:59,664:INFO:Epoch 28, Training loss 143483.447265625, Validation loss 143621.41015625
2021-11-24 15:28:03,615:INFO:Epoch 29, Training loss 143480.498046875, Validation loss 143620.81640625
2021-11-24 15:28:07,525:INFO:Epoch 30, Training loss 143480.9453125, Validation loss 143613.4609375
2021-11-24 15:28:11,452:INFO:Epoch 31, Training loss 143477.888671875, Validation loss 143621.814453125
2021-11-24 15:28:15,366:INFO:Epoch 32, Training loss 143471.1171875, Validation loss 143613.404296875
2021-11-24 15:28:19,300:INFO:Epoch 33, Training loss 143472.685546875, Validation loss 143609.1953125
2021-11-24 15:28:23,230:INFO:Epoch 34, Training loss 143464.10546875, Validation loss 143625.447265625
2021-11-24 15:28:27,125:INFO:Epoch 35, Training loss 143467.65625, Validation loss 143609.58203125
2021-11-24 15:28:31,049:INFO:Epoch 36, Training loss 143464.529296875, Validation loss 143608.53125
2021-11-24 15:28:34,979:INFO:Epoch 37, Training loss 143464.24609375, Validation loss 143611.384765625
2021-11-24 15:28:38,961:INFO:Epoch 38, Training loss 143470.6015625, Validation loss 143615.28515625
2021-11-24 15:28:42,859:INFO:Epoch 39, Training loss 143470.193359375, Validation loss 143607.5859375
2021-11-24 15:28:46,790:INFO:Epoch 40, Training loss 143462.55078125, Validation loss 143619.41015625
2021-11-24 15:28:50,681:INFO:Epoch 41, Training loss 143470.421875, Validation loss 143613.509765625
2021-11-24 15:28:54,636:INFO:Epoch 42, Training loss 143464.892578125, Validation loss 143604.103515625
2021-11-24 15:28:58,533:INFO:Epoch 43, Training loss 143457.029296875, Validation loss 143603.162109375
2021-11-24 15:29:02,461:INFO:Epoch 44, Training loss 143452.962890625, Validation loss 143603.5703125
2021-11-24 15:29:06,356:INFO:Epoch 45, Training loss 143456.62890625, Validation loss 143626.3671875
2021-11-24 15:29:10,321:INFO:Epoch 46, Training loss 143457.826171875, Validation loss 143604.283203125
2021-11-24 15:29:14,224:INFO:Epoch 47, Training loss 143465.404296875, Validation loss 143622.75
2021-11-24 15:29:18,145:INFO:Epoch 48, Training loss 143466.693359375, Validation loss 143613.27734375
2021-11-24 15:29:22,093:INFO:Epoch 49, Training loss 143453.7265625, Validation loss 143605.412109375
2021-11-24 15:29:26,038:INFO:Epoch 50, Training loss 143450.263671875, Validation loss 143603.62109375
2021-11-24 15:29:29,971:INFO:Epoch 51, Training loss 143447.59375, Validation loss 143609.81640625
2021-11-24 15:29:33,874:INFO:Epoch 52, Training loss 143448.572265625, Validation loss 143604.126953125
2021-11-24 15:29:37,789:INFO:Epoch 53, Training loss 143455.57421875, Validation loss 143603.60546875
2021-11-24 15:29:41,710:INFO:Epoch 54, Training loss 143454.3515625, Validation loss 143609.75
2021-11-24 15:29:45,632:INFO:Epoch 55, Training loss 143448.47265625, Validation loss 143604.037109375
2021-11-24 15:29:49,531:INFO:Epoch 56, Training loss 143449.669921875, Validation loss 143602.67578125
2021-11-24 15:29:53,451:INFO:Epoch 57, Training loss 143453.810546875, Validation loss 143606.091796875
2021-11-24 15:29:57,373:INFO:Epoch 58, Training loss 143446.783203125, Validation loss 143601.662109375
2021-11-24 15:30:01,298:INFO:Epoch 59, Training loss 143449.43359375, Validation loss 143607.5078125
2021-11-24 15:30:05,192:INFO:Epoch 60, Training loss 143448.611328125, Validation loss 143609.71875
2021-11-24 15:30:09,133:INFO:Epoch 61, Training loss 143449.939453125, Validation loss 143599.65625
2021-11-24 15:30:13,031:INFO:Epoch 62, Training loss 143447.61328125, Validation loss 143605.5390625
2021-11-24 15:30:17,002:INFO:Epoch 63, Training loss 143444.615234375, Validation loss 143605.294921875
2021-11-24 15:30:20,899:INFO:Epoch 64, Training loss 143446.126953125, Validation loss 143602.90234375
2021-11-24 15:30:24,847:INFO:Epoch 65, Training loss 143446.666015625, Validation loss 143607.466796875
2021-11-24 15:30:28,784:INFO:Epoch 66, Training loss 143445.28515625, Validation loss 143600.9921875
2021-11-24 15:30:32,749:INFO:Epoch 67, Training loss 143448.7421875, Validation loss 143600.78515625
2021-11-24 15:30:36,663:INFO:Epoch 68, Training loss 143443.1875, Validation loss 143606.421875
2021-11-24 15:30:40,591:INFO:Epoch 69, Training loss 143445.19921875, Validation loss 143602.75390625
2021-11-24 15:30:44,511:INFO:Epoch 70, Training loss 143443.90234375, Validation loss 143601.177734375
2021-11-24 15:30:48,468:INFO:Epoch 71, Training loss 143448.533203125, Validation loss 143617.96875
2021-11-24 15:30:52,395:INFO:Epoch 72, Training loss 143445.970703125, Validation loss 143609.40234375
2021-11-24 15:30:56,318:INFO:Epoch 73, Training loss 143444.869140625, Validation loss 143602.50390625
2021-11-24 15:31:00,226:INFO:Epoch 74, Training loss 143440.82421875, Validation loss 143605.376953125
2021-11-24 15:31:04,159:INFO:Epoch 75, Training loss 143445.912109375, Validation loss 143600.78125
2021-11-24 15:31:08,088:INFO:Epoch 76, Training loss 143442.603515625, Validation loss 143605.830078125
2021-11-24 15:31:11,989:INFO:Epoch 77, Training loss 143443.6015625, Validation loss 143610.9296875
2021-11-24 15:31:15,918:INFO:Epoch 78, Training loss 143443.802734375, Validation loss 143604.61328125
2021-11-24 15:31:19,844:INFO:Epoch 79, Training loss 143439.435546875, Validation loss 143604.078125
2021-11-24 15:31:23,776:INFO:Epoch 80, Training loss 143445.93359375, Validation loss 143606.416015625
2021-11-24 15:31:27,696:INFO:Epoch 81, Training loss 143442.365234375, Validation loss 143610.625
2021-11-24 15:31:31,647:INFO:Epoch 82, Training loss 143441.640625, Validation loss 143602.369140625
2021-11-24 15:31:35,541:INFO:Epoch 83, Training loss 143438.537109375, Validation loss 143606.41796875
2021-11-24 15:31:39,514:INFO:Epoch 84, Training loss 143440.181640625, Validation loss 143602.484375
2021-11-24 15:31:43,410:INFO:Epoch 85, Training loss 143440.28515625, Validation loss 143606.2734375
2021-11-24 15:31:47,627:INFO:Epoch 86, Training loss 143440.048828125, Validation loss 143607.330078125
2021-11-24 15:31:51,535:INFO:Epoch 87, Training loss 143444.521484375, Validation loss 143603.78515625
2021-11-24 15:31:55,491:INFO:Epoch 88, Training loss 143436.966796875, Validation loss 143604.658203125
2021-11-24 15:31:59,423:INFO:Epoch 89, Training loss 143441.880859375, Validation loss 143601.20703125
2021-11-24 15:32:03,346:INFO:Epoch 90, Training loss 143439.92578125, Validation loss 143615.71875
2021-11-24 15:32:07,269:INFO:Epoch 91, Training loss 143439.40234375, Validation loss 143607.400390625
2021-11-24 15:32:11,232:INFO:Epoch 92, Training loss 143439.294921875, Validation loss 143604.642578125
2021-11-24 15:32:15,151:INFO:Epoch 93, Training loss 143435.12890625, Validation loss 143599.080078125
2021-11-24 15:32:19,075:INFO:Epoch 94, Training loss 143439.251953125, Validation loss 143609.271484375
2021-11-24 15:32:23,001:INFO:Epoch 95, Training loss 143444.392578125, Validation loss 143608.466796875
2021-11-24 15:32:26,949:INFO:Epoch 96, Training loss 143439.28515625, Validation loss 143613.57421875
2021-11-24 15:32:30,891:INFO:Epoch 97, Training loss 143439.947265625, Validation loss 143598.642578125
2021-11-24 15:32:34,787:INFO:Epoch 98, Training loss 143435.060546875, Validation loss 143604.658203125
2021-11-24 15:32:38,712:INFO:Epoch 99, Training loss 143438.763671875, Validation loss 143605.666015625
2021-11-24 15:32:42,641:INFO:Epoch 100, Training loss 143440.87109375, Validation loss 143602.6875
2021-11-24 15:32:46,582:INFO:Epoch 101, Training loss 143437.787109375, Validation loss 143608.123046875
2021-11-24 15:32:50,467:INFO:Epoch 102, Training loss 143435.923828125, Validation loss 143601.390625
2021-11-24 15:32:54,391:INFO:Epoch 103, Training loss 143436.4140625, Validation loss 143601.861328125
2021-11-24 15:32:58,299:INFO:Epoch 104, Training loss 143442.24609375, Validation loss 143604.943359375
2021-11-24 15:33:02,270:INFO:Epoch 105, Training loss 143437.80859375, Validation loss 143602.27734375
2021-11-24 15:33:06,159:INFO:Epoch 106, Training loss 143437.486328125, Validation loss 143611.40234375
2021-11-24 15:33:10,090:INFO:Epoch 107, Training loss 143439.890625, Validation loss 143603.630859375
2021-11-24 15:33:13,987:INFO:Epoch 108, Training loss 143439.29296875, Validation loss 143610.216796875
2021-11-24 15:33:17,948:INFO:Epoch 109, Training loss 143436.935546875, Validation loss 143603.486328125
2021-11-24 15:33:21,851:INFO:Epoch 110, Training loss 143434.734375, Validation loss 143607.24609375
2021-11-24 15:33:25,777:INFO:Epoch 111, Training loss 143433.888671875, Validation loss 143602.58984375
2021-11-24 15:33:29,718:INFO:Epoch 112, Training loss 143431.912109375, Validation loss 143602.42578125
2021-11-24 15:33:33,671:INFO:Epoch 113, Training loss 143433.0625, Validation loss 143603.568359375
2021-11-24 15:33:37,582:INFO:Epoch 114, Training loss 143435.640625, Validation loss 143599.564453125
2021-11-24 15:33:41,494:INFO:Epoch 115, Training loss 143435.80078125, Validation loss 143611.447265625
2021-11-24 15:33:45,408:INFO:Epoch 116, Training loss 143436.505859375, Validation loss 143599.724609375
2021-11-24 15:33:49,351:INFO:Epoch 117, Training loss 143436.52734375, Validation loss 143602.708984375
2021-11-24 15:33:53,270:INFO:Epoch 118, Training loss 143439.498046875, Validation loss 143600.8203125
2021-11-24 15:33:57,177:INFO:Epoch 119, Training loss 143438.08203125, Validation loss 143617.931640625
2021-11-24 15:34:01,138:INFO:Epoch 120, Training loss 143440.107421875, Validation loss 143604.439453125
2021-11-24 15:34:05,109:INFO:Epoch 121, Training loss 143444.681640625, Validation loss 143610.544921875
2021-11-24 15:34:09,045:INFO:Epoch 122, Training loss 143440.16796875, Validation loss 143608.109375
2021-11-24 15:34:12,941:INFO:Epoch 123, Training loss 143448.478515625, Validation loss 143605.8125
2021-11-24 15:34:16,883:INFO:Epoch 124, Training loss 143434.955078125, Validation loss 143605.912109375
2021-11-24 15:34:20,784:INFO:Epoch 125, Training loss 143431.81640625, Validation loss 143608.328125
2021-11-24 15:34:24,748:INFO:Epoch 126, Training loss 143448.978515625, Validation loss 143601.478515625
2021-11-24 15:34:28,662:INFO:Epoch 127, Training loss 143441.833984375, Validation loss 143646.46484375
2021-11-24 15:34:32,604:INFO:Epoch 128, Training loss 143453.515625, Validation loss 143610.828125
2021-11-24 15:34:36,506:INFO:Epoch 129, Training loss 143450.208984375, Validation loss 143620.0859375
2021-11-24 15:34:40,461:INFO:Epoch 130, Training loss 143450.462890625, Validation loss 143618.220703125
2021-11-24 15:34:44,374:INFO:Epoch 131, Training loss 143440.615234375, Validation loss 143604.2109375
2021-11-24 15:34:48,300:INFO:Epoch 132, Training loss 143447.267578125, Validation loss 143612.462890625
2021-11-24 15:34:52,214:INFO:Epoch 133, Training loss 143441.068359375, Validation loss 143600.080078125
2021-11-24 15:34:56,162:INFO:Epoch 134, Training loss 143434.51171875, Validation loss 143602.78515625
2021-11-24 15:35:00,092:INFO:Epoch 135, Training loss 143432.01171875, Validation loss 143606.17578125
2021-11-24 15:35:04,012:INFO:Epoch 136, Training loss 143432.439453125, Validation loss 143602.78125
2021-11-24 15:35:07,937:INFO:Epoch 137, Training loss 143436.787109375, Validation loss 143614.30078125
2021-11-24 15:35:11,893:INFO:Epoch 138, Training loss 143433.70703125, Validation loss 143601.2265625
2021-11-24 15:35:15,835:INFO:Epoch 139, Training loss 143430.1953125, Validation loss 143611.748046875
2021-11-24 15:35:19,773:INFO:Epoch 140, Training loss 143433.759765625, Validation loss 143605.51171875
2021-11-24 15:35:23,750:INFO:Epoch 141, Training loss 143434.94921875, Validation loss 143601.26171875
2021-11-24 15:35:27,728:INFO:Epoch 142, Training loss 143436.76171875, Validation loss 143600.884765625
2021-11-24 15:35:31,708:INFO:Epoch 143, Training loss 143432.36328125, Validation loss 143607.30859375
2021-11-24 15:35:35,626:INFO:Epoch 144, Training loss 143433.763671875, Validation loss 143601.841796875
2021-11-24 15:35:39,572:INFO:Epoch 145, Training loss 143432.55859375, Validation loss 143602.423828125
2021-11-24 15:35:43,474:INFO:Epoch 146, Training loss 143431.7109375, Validation loss 143604.1640625
2021-11-24 15:35:47,451:INFO:Epoch 147, Training loss 143433.33203125, Validation loss 143606.04296875
2021-11-24 15:35:47,458:INFO:Finished training, producing training report at /data/theorie/jthoeve/ML4EFT_higgs/models/24_11/model_quad_cHW/mc_run_15/plots/training_report/
2021-11-24 15:35:47,830:WARNING:findfont: Font family ['sans-serif'] not found. Falling back to DejaVu Sans.
