7.462151562500000000e+04
7.450707031250000000e+04
7.440179687500000000e+04
7.430531250000000000e+04
7.421663281250000000e+04
7.413576562500000000e+04
7.406272656250000000e+04
7.399753125000000000e+04
7.394063281250000000e+04
7.389211718750000000e+04
7.385265625000000000e+04
7.382106250000000000e+04
7.379771875000000000e+04
7.378057812500000000e+04
7.376806250000000000e+04
7.375996875000000000e+04
7.375610937500000000e+04
7.375602343750000000e+04
7.375880468750000000e+04
7.376323437500000000e+04
7.376792187500000000e+04
7.377178125000000000e+04
7.377417968750000000e+04
7.377487500000000000e+04
7.377411718750000000e+04
7.377225000000000000e+04
7.376966406250000000e+04
7.376679687500000000e+04
7.376396875000000000e+04
7.376141406250000000e+04
7.375910156250000000e+04
7.375722656250000000e+04
7.375577343750000000e+04
7.375482031250000000e+04
7.375429687500000000e+04
7.375412500000000000e+04
7.375420312500000000e+04
7.375441406250000000e+04
7.375474218750000000e+04
7.375505468750000000e+04
7.375526562500000000e+04
7.375533593750000000e+04
7.375532031250000000e+04
7.375519531250000000e+04
7.375501562500000000e+04
7.375476562500000000e+04
7.375445312500000000e+04
7.375412500000000000e+04
7.375380468750000000e+04
7.375350000000000000e+04
7.375324218750000000e+04
7.375303906250000000e+04
7.375290625000000000e+04
7.375282812500000000e+04
7.375278906250000000e+04
7.375277343750000000e+04
7.375276562500000000e+04
7.375275781250000000e+04
7.375276562500000000e+04
7.375276562500000000e+04
7.375274218750000000e+04
7.375270312500000000e+04
7.375263281250000000e+04
7.375255468750000000e+04
7.375245312500000000e+04
7.375234375000000000e+04
7.375225000000000000e+04
7.375215625000000000e+04
7.375207031250000000e+04
7.375199218750000000e+04
7.375192968750000000e+04
7.375187500000000000e+04
7.375182812500000000e+04
7.375179687500000000e+04
7.375176562500000000e+04
7.375172656250000000e+04
7.375168750000000000e+04
7.375164062500000000e+04
7.375158593750000000e+04
7.375153125000000000e+04
7.375147656250000000e+04
7.375141406250000000e+04
7.375135937500000000e+04
7.375131250000000000e+04
7.375125781250000000e+04
7.375121093750000000e+04
7.375115625000000000e+04
7.375111718750000000e+04
7.375107031250000000e+04
7.375102343750000000e+04
7.375097656250000000e+04
7.375092968750000000e+04
7.375087500000000000e+04
7.375083593750000000e+04
7.375078125000000000e+04
7.375072656250000000e+04
7.375067187500000000e+04
7.375061718750000000e+04
7.375057031250000000e+04
7.375051562500000000e+04
7.375046093750000000e+04
7.375041406250000000e+04
7.375035937500000000e+04
7.375031250000000000e+04
7.375025781250000000e+04
7.375020312500000000e+04
7.375015625000000000e+04
7.375010156250000000e+04
7.375004687500000000e+04
7.374999218750000000e+04
7.374993750000000000e+04
7.374988281250000000e+04
7.374982031250000000e+04
7.374975781250000000e+04
7.374969531250000000e+04
7.374963281250000000e+04
7.374956250000000000e+04
7.374947656250000000e+04
7.374937500000000000e+04
7.374927343750000000e+04
7.374916406250000000e+04
7.374902343750000000e+04
7.374892187500000000e+04
7.374878125000000000e+04
7.374867968750000000e+04
7.374857031250000000e+04
7.374842187500000000e+04
7.374825781250000000e+04
7.374809375000000000e+04
7.374795312500000000e+04
7.374780468750000000e+04
7.374762500000000000e+04
7.374743750000000000e+04
7.374725000000000000e+04
7.374707031250000000e+04
7.374689062500000000e+04
7.374670312500000000e+04
7.374649218750000000e+04
7.374626562500000000e+04
7.374604687500000000e+04
7.374582812500000000e+04
7.374558593750000000e+04
7.374534375000000000e+04
7.374510156250000000e+04
7.374483593750000000e+04
7.374457812500000000e+04
7.374432031250000000e+04
7.374407031250000000e+04
7.374382031250000000e+04
7.374357812500000000e+04
7.374332812500000000e+04
7.374308593750000000e+04
7.374283593750000000e+04
7.374259375000000000e+04
7.374233593750000000e+04
7.374207031250000000e+04
7.374179687500000000e+04
7.374153906250000000e+04
7.374128125000000000e+04
7.374103125000000000e+04
7.374075781250000000e+04
7.374048437500000000e+04
7.374022656250000000e+04
7.373995312500000000e+04
7.373966406250000000e+04
7.373937500000000000e+04
7.373910937500000000e+04
7.373882031250000000e+04
7.373850781250000000e+04
