1.841304882812500000e+05
1.841304843750000000e+05
1.841304882812500000e+05
1.841304921875000000e+05
1.841304882812500000e+05
1.841304882812500000e+05
1.841304882812500000e+05
1.841304882812500000e+05
1.841304921875000000e+05
1.841304882812500000e+05
1.841304843750000000e+05
1.647160019531250000e+05
1.530920546875000000e+05
1.500460761718750000e+05
1.493759160156250000e+05
1.491525039062500000e+05
1.486909746093750000e+05
1.478904863281250000e+05
1.469396933593750000e+05
1.460009628906250000e+05
1.452640039062500000e+05
1.447629062500000000e+05
1.444277226562500000e+05
1.442164257812500000e+05
1.440852910156250000e+05
1.440157363281250000e+05
1.439714414062500000e+05
1.439490234375000000e+05
1.439250644531250000e+05
1.439128027343750000e+05
1.439025078125000000e+05
1.438936640625000000e+05
1.438868105468750000e+05
1.438811269531250000e+05
1.438764707031250000e+05
1.438727285156250000e+05
1.438704902343750000e+05
1.438665214843750000e+05
1.438661132812500000e+05
1.438616796875000000e+05
1.438617109375000000e+05
1.438567187500000000e+05
1.438558925781250000e+05
1.438552363281250000e+05
1.438590546875000000e+05
1.438608945312500000e+05
1.438595839843750000e+05
1.438549511718750000e+05
1.438556484375000000e+05
1.438525136718750000e+05
1.438512597656250000e+05
1.438500546875000000e+05
1.438477304687500000e+05
1.438485898437500000e+05
1.438476796875000000e+05
1.438491640625000000e+05
1.438475761718750000e+05
1.438476660156250000e+05
1.438466699218750000e+05
1.438466777343750000e+05
1.438461855468750000e+05
1.438444550781250000e+05
1.438549472656250000e+05
1.438466386718750000e+05
1.438478144531250000e+05
1.438472636718750000e+05
1.438445625000000000e+05
1.438453183593750000e+05
1.438424765625000000e+05
1.438422148437500000e+05
1.438417558593750000e+05
1.438421660156250000e+05
1.438412421875000000e+05
1.438407500000000000e+05
1.438445195312500000e+05
1.438441484375000000e+05
1.438433828125000000e+05
1.438430839843750000e+05
1.438432011718750000e+05
1.438435917968750000e+05
1.438444316406250000e+05
1.438461523437500000e+05
1.438396367187500000e+05
1.438390292968750000e+05
1.438368027343750000e+05
1.438385683593750000e+05
1.438384960937500000e+05
1.438376484375000000e+05
1.438448125000000000e+05
1.438426406250000000e+05
1.438425234375000000e+05
1.438414414062500000e+05
1.438374101562500000e+05
1.438353710937500000e+05
1.438370175781250000e+05
1.438383339843750000e+05
1.438397695312500000e+05
1.438362519531250000e+05
1.438352363281250000e+05
1.438347265625000000e+05
1.438346562500000000e+05
1.438341113281250000e+05
1.438351582031250000e+05
1.438376660156250000e+05
1.438341875000000000e+05
1.438371503906250000e+05
1.438352089843750000e+05
1.438337636718750000e+05
1.438346035156250000e+05
1.438388144531250000e+05
1.438371132812500000e+05
1.438357089843750000e+05
1.438360878906250000e+05
1.438369531250000000e+05
1.438329414062500000e+05
1.438344531250000000e+05
1.438311484375000000e+05
1.438316289062500000e+05
1.438316562500000000e+05
1.438328125000000000e+05
1.438336933593750000e+05
1.438336582031250000e+05
1.438343984375000000e+05
1.438321699218750000e+05
1.438339843750000000e+05
1.438341035156250000e+05
1.438307421875000000e+05
1.438335566406250000e+05
1.438304492187500000e+05
1.438289179687500000e+05
1.438297402343750000e+05
1.438312109375000000e+05
1.438303593750000000e+05
1.438294726562500000e+05
1.438301972656250000e+05
1.438345136718750000e+05
1.438380468750000000e+05
1.438399433593750000e+05
1.438368808593750000e+05
1.438305957031250000e+05
1.438290585937500000e+05
1.438279375000000000e+05
1.438279843750000000e+05
1.438290019531250000e+05
1.438291699218750000e+05
1.438304726562500000e+05
1.438301425781250000e+05
1.438305429687500000e+05
1.438286933593750000e+05
1.438285527343750000e+05
1.438295390625000000e+05
1.438287011718750000e+05
1.438294726562500000e+05
1.438309843750000000e+05
1.438304726562500000e+05
1.438263691406250000e+05
1.438268046875000000e+05
1.438307109375000000e+05
1.438293144531250000e+05
1.438304921875000000e+05
1.438348984375000000e+05
1.438285585937500000e+05
1.438284355468750000e+05
1.438309238281250000e+05
1.438292343750000000e+05
1.438361484375000000e+05
1.438315039062500000e+05
1.438335097656250000e+05
1.438308496093750000e+05
1.438378085937500000e+05
1.438361074218750000e+05
1.438383750000000000e+05
1.438308652343750000e+05
1.438288945312500000e+05
1.438272636718750000e+05
1.438317968750000000e+05
1.438404062500000000e+05
1.438453242187500000e+05
1.438348789062500000e+05
1.438329667968750000e+05
1.438275937500000000e+05
1.438272246093750000e+05
1.438239238281250000e+05
1.438251191406250000e+05
1.438260351562500000e+05
1.438306582031250000e+05
1.438265156250000000e+05
1.438282285156250000e+05
1.438264707031250000e+05
1.438286894531250000e+05
1.438326367187500000e+05
1.438275820312500000e+05
1.438254804687500000e+05
1.438245019531250000e+05
1.438227343750000000e+05
1.438262167968750000e+05
1.438230839843750000e+05
1.438244179687500000e+05
1.438244902343750000e+05
1.438250292968750000e+05
1.438240371093750000e+05
1.438231718750000000e+05
1.438283828125000000e+05
1.438257851562500000e+05
1.438293808593750000e+05
1.438301035156250000e+05
1.438294550781250000e+05
1.438323945312500000e+05
1.438326308593750000e+05
1.438321503906250000e+05
1.438318222656250000e+05
1.438244667968750000e+05
1.438249062500000000e+05
1.438276660156250000e+05
1.438253515625000000e+05
1.438333281250000000e+05
1.438224589843750000e+05
1.438269042968750000e+05
1.438250937500000000e+05
1.438241074218750000e+05
1.438240859375000000e+05
1.438218339843750000e+05
1.438222871093750000e+05
1.438243242187500000e+05
1.438210156250000000e+05
1.438220507812500000e+05
1.438210195312500000e+05
1.438212636718750000e+05
1.438209179687500000e+05
1.438226464843750000e+05
1.438235566406250000e+05
1.438226894531250000e+05
1.438209804687500000e+05
1.438211582031250000e+05
1.438260332031250000e+05
1.438196445312500000e+05
1.438216484375000000e+05
1.438225585937500000e+05
1.438221875000000000e+05
1.438212207031250000e+05
1.438227988281250000e+05
1.438226582031250000e+05
1.438305703125000000e+05
1.438258339843750000e+05
1.438219648437500000e+05
1.438214316406250000e+05
1.438202988281250000e+05
1.438210156250000000e+05
1.438234199218750000e+05
1.438199921875000000e+05
1.438222578125000000e+05
1.438187363281250000e+05
