1.841258710937500000e+05
1.841258671875000000e+05
1.841258710937500000e+05
1.841258710937500000e+05
1.841258710937500000e+05
1.841258750000000000e+05
1.841258710937500000e+05
1.841258710937500000e+05
1.841258671875000000e+05
1.841258750000000000e+05
1.841258710937500000e+05
1.841258750000000000e+05
1.841258671875000000e+05
1.841258750000000000e+05
1.841258750000000000e+05
1.841258710937500000e+05
1.841258710937500000e+05
1.841258710937500000e+05
1.841258710937500000e+05
1.841258671875000000e+05
1.815932265625000000e+05
1.608250253906250000e+05
1.512716718750000000e+05
1.493987460937500000e+05
1.491688535156250000e+05
1.484647421875000000e+05
1.475731269531250000e+05
1.466203750000000000e+05
1.457087246093750000e+05
1.450731386718750000e+05
1.446849003906250000e+05
1.444310039062500000e+05
1.442524375000000000e+05
1.440757089843750000e+05
1.439224492187500000e+05
1.438028144531250000e+05
1.437265781250000000e+05
1.436988789062500000e+05
1.436668554687500000e+05
1.436615996093750000e+05
1.436533750000000000e+05
1.436438750000000000e+05
1.436393730468750000e+05
1.436350800781250000e+05
1.436319570312500000e+05
1.436352070312500000e+05
1.436331660156250000e+05
1.436292949218750000e+05
1.436270097656250000e+05
1.436238300781250000e+05
1.436277871093750000e+05
1.436214179687500000e+05
1.436230917968750000e+05
1.436225957031250000e+05
1.436171660156250000e+05
1.436196660156250000e+05
1.436142089843750000e+05
1.436171132812500000e+05
1.436101523437500000e+05
1.436079921875000000e+05
1.436093027343750000e+05
1.436067324218750000e+05
1.436079179687500000e+05
1.436107656250000000e+05
1.436070253906250000e+05
1.436052968750000000e+05
1.436049609375000000e+05
1.436094511718750000e+05
1.436048808593750000e+05
1.436067968750000000e+05
1.436070800781250000e+05
1.436040488281250000e+05
1.436038359375000000e+05
1.436008847656250000e+05
1.436000937500000000e+05
1.436026894531250000e+05
1.435980703125000000e+05
1.436050214843750000e+05
1.436062402343750000e+05
1.436068945312500000e+05
1.436010644531250000e+05
1.436029257812500000e+05
1.435979062500000000e+05
1.436067207031250000e+05
1.436099667968750000e+05
1.436102226562500000e+05
1.436016640625000000e+05
1.436011894531250000e+05
1.436053476562500000e+05
1.435999648437500000e+05
1.436012421875000000e+05
1.435938496093750000e+05
1.435950000000000000e+05
1.435981152343750000e+05
1.436030117187500000e+05
1.435990371093750000e+05
1.435952363281250000e+05
1.435977871093750000e+05
1.435945449218750000e+05
1.435987382812500000e+05
1.435974023437500000e+05
1.435964414062500000e+05
1.435971621093750000e+05
1.435905937500000000e+05
1.435939609375000000e+05
1.435954628906250000e+05
1.435910195312500000e+05
1.435915781250000000e+05
1.435918515625000000e+05
1.435910117187500000e+05
1.435920156250000000e+05
1.435912832031250000e+05
1.435906347656250000e+05
1.435932089843750000e+05
1.435887695312500000e+05
1.435917656250000000e+05
1.435879609375000000e+05
1.435913105468750000e+05
1.435885878906250000e+05
1.435895097656250000e+05
1.435931914062500000e+05
1.435888222656250000e+05
1.435907812500000000e+05
1.435893769531250000e+05
1.435882539062500000e+05
1.435883828125000000e+05
1.435950117187500000e+05
1.435940800781250000e+05
1.435934062500000000e+05
1.435967343750000000e+05
1.435973007812500000e+05
1.435939257812500000e+05
1.435868125000000000e+05
1.435875449218750000e+05
1.435910546875000000e+05
1.435916386718750000e+05
1.435950820312500000e+05
1.436086718750000000e+05
1.435985859375000000e+05
1.435874843750000000e+05
1.435902968750000000e+05
1.435871445312500000e+05
1.435918671875000000e+05
1.435889199218750000e+05
1.435891230468750000e+05
1.435938652343750000e+05
1.435934023437500000e+05
1.435888359375000000e+05
1.435928769531250000e+05
1.435901230468750000e+05
1.435874843750000000e+05
1.435872832031250000e+05
1.435890273437500000e+05
1.435915156250000000e+05
1.435881718750000000e+05
1.435825097656250000e+05
1.435840156250000000e+05
1.435885527343750000e+05
1.435845273437500000e+05
1.435841796875000000e+05
1.435857851562500000e+05
1.435816464843750000e+05
1.435886992187500000e+05
1.436032812500000000e+05
1.435842109375000000e+05
1.435851347656250000e+05
1.435839902343750000e+05
1.435903203125000000e+05
1.435870234375000000e+05
1.435838242187500000e+05
1.435883105468750000e+05
1.435943515625000000e+05
1.435852167968750000e+05
1.435843027343750000e+05
1.435824667968750000e+05
1.435821933593750000e+05
1.435791210937500000e+05
1.435839531250000000e+05
1.435838593750000000e+05
1.435882753906250000e+05
1.435860175781250000e+05
1.435824589843750000e+05
1.435794218750000000e+05
1.435843906250000000e+05
