2022-03-03 12:56:10,222:INFO:All directories created, ready to load the data
2022-03-03 12:56:10,283:INFO:Dataset loaded from /data/theorie/jthoeve/training_data/zh/features_mzh_y_ptz_v2/lin/cHW/events_25.pkl.gz
2022-03-03 12:56:10,308:INFO:Dataset loaded from /data/theorie/jthoeve/training_data/zh/features_mzh_y_ptz_v2/sm/events_25.pkl.gz
2022-03-03 12:56:12,527:INFO:Epoch 1, Training loss 150874.01953125, Validation loss 139107.287109375
2022-03-03 12:56:14,776:INFO:Epoch 2, Training loss 133863.55078125, Validation loss 127115.283203125
2022-03-03 12:56:16,955:INFO:Epoch 3, Training loss 123905.92578125, Validation loss 119606.080078125
2022-03-03 12:56:19,154:INFO:Epoch 4, Training loss 117537.08984375, Validation loss 114696.046875
2022-03-03 12:56:21,343:INFO:Epoch 5, Training loss 113423.525390625, Validation loss 111661.12890625
2022-03-03 12:56:23,586:INFO:Epoch 6, Training loss 110993.5234375, Validation loss 110082.181640625
2022-03-03 12:56:25,775:INFO:Epoch 7, Training loss 109901.2109375, Validation loss 109625.56640625
2022-03-03 12:56:27,958:INFO:Epoch 8, Training loss 109702.767578125, Validation loss 109678.734375
2022-03-03 12:56:30,156:INFO:Epoch 9, Training loss 109762.044921875, Validation loss 109685.1953125
2022-03-03 12:56:32,382:INFO:Epoch 10, Training loss 109698.087890625, Validation loss 109548.193359375
2022-03-03 12:56:34,585:INFO:Epoch 11, Training loss 109553.03125, Validation loss 109421.884765625
2022-03-03 12:56:36,756:INFO:Epoch 12, Training loss 109453.3359375, Validation loss 109367.88671875
2022-03-03 12:56:38,962:INFO:Epoch 13, Training loss 109416.654296875, Validation loss 109351.080078125
2022-03-03 12:56:41,178:INFO:Epoch 14, Training loss 109397.625, Validation loss 109327.775390625
2022-03-03 12:56:43,395:INFO:Epoch 15, Training loss 109367.1328125, Validation loss 109295.892578125
2022-03-03 12:56:45,553:INFO:Epoch 16, Training loss 109335.119140625, Validation loss 109269.1953125
2022-03-03 12:56:47,769:INFO:Epoch 17, Training loss 109310.7421875, Validation loss 109249.212890625
2022-03-03 12:56:49,932:INFO:Epoch 18, Training loss 109290.03125, Validation loss 109231.28515625
2022-03-03 12:56:52,190:INFO:Epoch 19, Training loss 109270.369140625, Validation loss 109212.986328125
2022-03-03 12:56:54,356:INFO:Epoch 20, Training loss 109250.236328125, Validation loss 109195.75
2022-03-03 12:56:56,559:INFO:Epoch 21, Training loss 109231.4609375, Validation loss 109180.064453125
2022-03-03 12:56:58,735:INFO:Epoch 22, Training loss 109214.326171875, Validation loss 109164.134765625
2022-03-03 12:57:00,990:INFO:Epoch 23, Training loss 109196.470703125, Validation loss 109146.99609375
2022-03-03 12:57:03,170:INFO:Epoch 24, Training loss 109177.8671875, Validation loss 109129.75390625
2022-03-03 12:57:05,359:INFO:Epoch 25, Training loss 109159.0, Validation loss 109112.6484375
2022-03-03 12:57:07,543:INFO:Epoch 26, Training loss 109140.359375, Validation loss 109095.267578125
2022-03-03 12:57:09,782:INFO:Epoch 27, Training loss 109121.33984375, Validation loss 109077.34375
2022-03-03 12:57:11,968:INFO:Epoch 28, Training loss 109101.939453125, Validation loss 109058.41796875
2022-03-03 12:57:14,150:INFO:Epoch 29, Training loss 109081.0234375, Validation loss 109037.49609375
2022-03-03 12:57:16,347:INFO:Epoch 30, Training loss 109057.71484375, Validation loss 109013.41015625
2022-03-03 12:57:18,574:INFO:Epoch 31, Training loss 109030.81640625, Validation loss 108986.140625
2022-03-03 12:57:20,777:INFO:Epoch 32, Training loss 109000.2890625, Validation loss 108956.103515625
2022-03-03 12:57:22,951:INFO:Epoch 33, Training loss 108964.072265625, Validation loss 108920.251953125
2022-03-03 12:57:25,158:INFO:Epoch 34, Training loss 108924.17578125, Validation loss 108881.384765625
2022-03-03 12:57:27,376:INFO:Epoch 35, Training loss 108880.044921875, Validation loss 108840.734375
2022-03-03 12:57:29,590:INFO:Epoch 36, Training loss 108832.296875, Validation loss 108796.5078125
2022-03-03 12:57:31,751:INFO:Epoch 37, Training loss 108781.884765625, Validation loss 108750.466796875
2022-03-03 12:57:33,971:INFO:Epoch 38, Training loss 108729.7421875, Validation loss 108704.107421875
2022-03-03 12:57:36,133:INFO:Epoch 39, Training loss 108677.8359375, Validation loss 108659.095703125
2022-03-03 12:57:38,394:INFO:Epoch 40, Training loss 108625.95703125, Validation loss 108615.138671875
2022-03-03 12:57:40,563:INFO:Epoch 41, Training loss 108577.876953125, Validation loss 108578.7578125
2022-03-03 12:57:42,777:INFO:Epoch 42, Training loss 108539.55078125, Validation loss 108551.755859375
2022-03-03 12:57:44,953:INFO:Epoch 43, Training loss 108507.3046875, Validation loss 108531.1484375
2022-03-03 12:57:47,202:INFO:Epoch 44, Training loss 108483.111328125, Validation loss 108516.98828125
2022-03-03 12:57:49,388:INFO:Epoch 45, Training loss 108464.0390625, Validation loss 108506.75390625
2022-03-03 12:57:51,578:INFO:Epoch 46, Training loss 108450.216796875, Validation loss 108502.43359375
2022-03-03 12:57:53,768:INFO:Epoch 47, Training loss 108440.177734375, Validation loss 108496.6015625
2022-03-03 12:57:56,005:INFO:Epoch 48, Training loss 108431.908203125, Validation loss 108493.63671875
2022-03-03 12:57:58,193:INFO:Epoch 49, Training loss 108425.626953125, Validation loss 108492.78515625
2022-03-03 12:58:00,375:INFO:Epoch 50, Training loss 108421.005859375, Validation loss 108492.138671875
2022-03-03 12:58:02,575:INFO:Epoch 51, Training loss 108419.310546875, Validation loss 108492.39453125
2022-03-03 12:58:04,805:INFO:Epoch 52, Training loss 108418.009765625, Validation loss 108489.166015625
2022-03-03 12:58:07,005:INFO:Epoch 53, Training loss 108413.1796875, Validation loss 108488.71875
2022-03-03 12:58:09,173:INFO:Epoch 54, Training loss 108411.14453125, Validation loss 108488.560546875
2022-03-03 12:58:11,385:INFO:Epoch 55, Training loss 108408.826171875, Validation loss 108486.4140625
2022-03-03 12:58:13,600:INFO:Epoch 56, Training loss 108407.35546875, Validation loss 108486.61328125
2022-03-03 12:58:15,812:INFO:Epoch 57, Training loss 108406.73046875, Validation loss 108488.11328125
2022-03-03 12:58:17,971:INFO:Epoch 58, Training loss 108405.275390625, Validation loss 108485.56640625
2022-03-03 12:58:20,185:INFO:Epoch 59, Training loss 108405.873046875, Validation loss 108485.947265625
2022-03-03 12:58:22,368:INFO:Epoch 60, Training loss 108403.4921875, Validation loss 108486.232421875
2022-03-03 12:58:24,631:INFO:Epoch 61, Training loss 108402.48046875, Validation loss 108486.08203125
2022-03-03 12:58:26,801:INFO:Epoch 62, Training loss 108401.841796875, Validation loss 108485.103515625
2022-03-03 12:58:29,016:INFO:Epoch 63, Training loss 108400.357421875, Validation loss 108485.697265625
2022-03-03 12:58:31,202:INFO:Epoch 64, Training loss 108399.72265625, Validation loss 108485.875
2022-03-03 12:58:33,455:INFO:Epoch 65, Training loss 108400.3203125, Validation loss 108484.373046875
2022-03-03 12:58:35,645:INFO:Epoch 66, Training loss 108399.7890625, Validation loss 108488.005859375
2022-03-03 12:58:37,845:INFO:Epoch 67, Training loss 108397.388671875, Validation loss 108484.4609375
2022-03-03 12:58:40,037:INFO:Epoch 68, Training loss 108398.224609375, Validation loss 108484.681640625
2022-03-03 12:58:42,282:INFO:Epoch 69, Training loss 108396.4296875, Validation loss 108485.19921875
2022-03-03 12:58:44,476:INFO:Epoch 70, Training loss 108395.4453125, Validation loss 108485.259765625
2022-03-03 12:58:46,666:INFO:Epoch 71, Training loss 108395.361328125, Validation loss 108484.134765625
2022-03-03 12:58:48,867:INFO:Epoch 72, Training loss 108394.79296875, Validation loss 108484.935546875
2022-03-03 12:58:51,094:INFO:Epoch 73, Training loss 108392.990234375, Validation loss 108486.849609375
2022-03-03 12:58:53,297:INFO:Epoch 74, Training loss 108393.63671875, Validation loss 108486.73046875
2022-03-03 12:58:55,466:INFO:Epoch 75, Training loss 108391.361328125, Validation loss 108484.375
2022-03-03 12:58:57,674:INFO:Epoch 76, Training loss 108395.08203125, Validation loss 108485.33984375
2022-03-03 12:58:59,894:INFO:Epoch 77, Training loss 108391.150390625, Validation loss 108486.767578125
2022-03-03 12:59:02,112:INFO:Epoch 78, Training loss 108391.185546875, Validation loss 108483.98046875
2022-03-03 12:59:04,272:INFO:Epoch 79, Training loss 108390.423828125, Validation loss 108484.03515625
2022-03-03 12:59:06,498:INFO:Epoch 80, Training loss 108389.765625, Validation loss 108483.84375
2022-03-03 12:59:08,677:INFO:Epoch 81, Training loss 108392.8671875, Validation loss 108488.5546875
2022-03-03 12:59:10,937:INFO:Epoch 82, Training loss 108390.07421875, Validation loss 108485.44921875
2022-03-03 12:59:13,107:INFO:Epoch 83, Training loss 108389.587890625, Validation loss 108485.111328125
2022-03-03 12:59:15,320:INFO:Epoch 84, Training loss 108388.595703125, Validation loss 108485.58203125
2022-03-03 12:59:17,492:INFO:Epoch 85, Training loss 108389.94921875, Validation loss 108484.013671875
2022-03-03 12:59:19,746:INFO:Epoch 86, Training loss 108388.9140625, Validation loss 108484.529296875
2022-03-03 12:59:21,927:INFO:Epoch 87, Training loss 108387.103515625, Validation loss 108484.478515625
2022-03-03 12:59:24,119:INFO:Epoch 88, Training loss 108386.94140625, Validation loss 108483.87109375
2022-03-03 12:59:26,310:INFO:Epoch 89, Training loss 108387.23046875, Validation loss 108484.1171875
2022-03-03 12:59:28,554:INFO:Epoch 90, Training loss 108385.837890625, Validation loss 108484.76171875
2022-03-03 12:59:30,745:INFO:Epoch 91, Training loss 108385.421875, Validation loss 108485.041015625
2022-03-03 12:59:32,927:INFO:Epoch 92, Training loss 108385.533203125, Validation loss 108485.150390625
2022-03-03 12:59:35,126:INFO:Epoch 93, Training loss 108387.611328125, Validation loss 108484.724609375
2022-03-03 12:59:37,351:INFO:Epoch 94, Training loss 108388.701171875, Validation loss 108487.818359375
2022-03-03 12:59:39,554:INFO:Epoch 95, Training loss 108384.802734375, Validation loss 108483.11328125
2022-03-03 12:59:41,724:INFO:Epoch 96, Training loss 108384.037109375, Validation loss 108482.95703125
2022-03-03 12:59:43,934:INFO:Epoch 97, Training loss 108384.087890625, Validation loss 108484.115234375
2022-03-03 12:59:46,153:INFO:Epoch 98, Training loss 108384.2109375, Validation loss 108484.201171875
2022-03-03 12:59:48,370:INFO:Epoch 99, Training loss 108383.7890625, Validation loss 108485.119140625
2022-03-03 12:59:50,531:INFO:Epoch 100, Training loss 108383.66796875, Validation loss 108486.23828125
2022-03-03 12:59:52,746:INFO:Epoch 101, Training loss 108383.166015625, Validation loss 108483.796875
2022-03-03 12:59:54,911:INFO:Epoch 102, Training loss 108381.80859375, Validation loss 108485.146484375
2022-03-03 12:59:57,171:INFO:Epoch 103, Training loss 108382.169921875, Validation loss 108483.99609375
2022-03-03 12:59:59,339:INFO:Epoch 104, Training loss 108381.83984375, Validation loss 108483.6796875
2022-03-03 13:00:01,554:INFO:Epoch 105, Training loss 108383.359375, Validation loss 108484.919921875
2022-03-03 13:00:03,732:INFO:Epoch 106, Training loss 108381.416015625, Validation loss 108485.255859375
2022-03-03 13:00:05,987:INFO:Epoch 107, Training loss 108381.9375, Validation loss 108483.203125
2022-03-03 13:00:08,169:INFO:Epoch 108, Training loss 108381.564453125, Validation loss 108485.02734375
2022-03-03 13:00:10,362:INFO:Epoch 109, Training loss 108380.369140625, Validation loss 108484.2421875
2022-03-03 13:00:12,551:INFO:Epoch 110, Training loss 108380.341796875, Validation loss 108483.47265625
2022-03-03 13:00:14,790:INFO:Epoch 111, Training loss 108378.685546875, Validation loss 108482.310546875
2022-03-03 13:00:16,981:INFO:Epoch 112, Training loss 108379.3046875, Validation loss 108483.10546875
2022-03-03 13:00:19,171:INFO:Epoch 113, Training loss 108382.02734375, Validation loss 108485.576171875
2022-03-03 13:00:21,372:INFO:Epoch 114, Training loss 108379.162109375, Validation loss 108484.552734375
2022-03-03 13:00:23,601:INFO:Epoch 115, Training loss 108378.591796875, Validation loss 108481.99609375
2022-03-03 13:00:25,802:INFO:Epoch 116, Training loss 108376.669921875, Validation loss 108484.640625
2022-03-03 13:00:27,973:INFO:Epoch 117, Training loss 108377.76171875, Validation loss 108483.140625
2022-03-03 13:00:30,181:INFO:Epoch 118, Training loss 108377.04296875, Validation loss 108482.8046875
2022-03-03 13:00:32,399:INFO:Epoch 119, Training loss 108377.267578125, Validation loss 108483.046875
2022-03-03 13:00:34,615:INFO:Epoch 120, Training loss 108383.283203125, Validation loss 108486.59765625
2022-03-03 13:00:36,773:INFO:Epoch 121, Training loss 108375.90234375, Validation loss 108484.04296875
2022-03-03 13:00:38,991:INFO:Epoch 122, Training loss 108377.625, Validation loss 108481.994140625
2022-03-03 13:00:41,161:INFO:Epoch 123, Training loss 108380.453125, Validation loss 108488.724609375
2022-03-03 13:00:43,423:INFO:Epoch 124, Training loss 108376.298828125, Validation loss 108481.484375
2022-03-03 13:00:45,590:INFO:Epoch 125, Training loss 108376.19921875, Validation loss 108481.279296875
2022-03-03 13:00:47,807:INFO:Epoch 126, Training loss 108374.6328125, Validation loss 108485.244140625
2022-03-03 13:00:49,986:INFO:Epoch 127, Training loss 108376.96484375, Validation loss 108483.419921875
2022-03-03 13:00:52,238:INFO:Epoch 128, Training loss 108374.5390625, Validation loss 108483.130859375
2022-03-03 13:00:54,421:INFO:Epoch 129, Training loss 108374.853515625, Validation loss 108482.73828125
2022-03-03 13:00:56,617:INFO:Epoch 130, Training loss 108375.171875, Validation loss 108483.064453125
2022-03-03 13:00:58,803:INFO:Epoch 131, Training loss 108373.154296875, Validation loss 108483.142578125
2022-03-03 13:01:01,046:INFO:Epoch 132, Training loss 108373.427734375, Validation loss 108482.603515625
2022-03-03 13:01:03,235:INFO:Epoch 133, Training loss 108372.12109375, Validation loss 108481.8046875
2022-03-03 13:01:05,413:INFO:Epoch 134, Training loss 108372.412109375, Validation loss 108482.291015625
2022-03-03 13:01:07,614:INFO:Epoch 135, Training loss 108374.326171875, Validation loss 108482.611328125
2022-03-03 13:01:09,846:INFO:Epoch 136, Training loss 108372.53125, Validation loss 108480.974609375
2022-03-03 13:01:12,041:INFO:Epoch 137, Training loss 108372.787109375, Validation loss 108483.232421875
2022-03-03 13:01:14,215:INFO:Epoch 138, Training loss 108372.21875, Validation loss 108481.81640625
2022-03-03 13:01:16,425:INFO:Epoch 139, Training loss 108371.806640625, Validation loss 108482.51953125
2022-03-03 13:01:18,638:INFO:Epoch 140, Training loss 108371.4609375, Validation loss 108481.541015625
2022-03-03 13:01:20,845:INFO:Epoch 141, Training loss 108371.240234375, Validation loss 108484.2734375
2022-03-03 13:01:23,002:INFO:Epoch 142, Training loss 108371.453125, Validation loss 108481.16015625
2022-03-03 13:01:25,222:INFO:Epoch 143, Training loss 108371.43359375, Validation loss 108483.412109375
2022-03-03 13:01:27,391:INFO:Epoch 144, Training loss 108370.73828125, Validation loss 108482.7109375
2022-03-03 13:01:29,650:INFO:Epoch 145, Training loss 108373.14453125, Validation loss 108482.732421875
2022-03-03 13:01:31,820:INFO:Epoch 146, Training loss 108373.7890625, Validation loss 108482.6015625
2022-03-03 13:01:34,033:INFO:Epoch 147, Training loss 108370.376953125, Validation loss 108481.42578125
2022-03-03 13:01:36,208:INFO:Epoch 148, Training loss 108372.130859375, Validation loss 108481.837890625
2022-03-03 13:01:38,462:INFO:Epoch 149, Training loss 108370.037109375, Validation loss 108482.482421875
2022-03-03 13:01:40,638:INFO:Epoch 150, Training loss 108371.41796875, Validation loss 108481.4921875
2022-03-03 13:01:42,831:INFO:Epoch 151, Training loss 108370.263671875, Validation loss 108482.798828125
2022-03-03 13:01:45,019:INFO:Epoch 152, Training loss 108368.318359375, Validation loss 108482.59375
2022-03-03 13:01:47,259:INFO:Epoch 153, Training loss 108368.62109375, Validation loss 108483.291015625
2022-03-03 13:01:49,450:INFO:Epoch 154, Training loss 108370.46484375, Validation loss 108481.609375
2022-03-03 13:01:51,640:INFO:Epoch 155, Training loss 108367.658203125, Validation loss 108483.1640625
2022-03-03 13:01:53,843:INFO:Epoch 156, Training loss 108368.91015625, Validation loss 108480.869140625
2022-03-03 13:01:56,073:INFO:Epoch 157, Training loss 108368.80078125, Validation loss 108480.373046875
2022-03-03 13:01:58,274:INFO:Epoch 158, Training loss 108368.142578125, Validation loss 108481.646484375
2022-03-03 13:02:00,448:INFO:Epoch 159, Training loss 108367.677734375, Validation loss 108483.330078125
2022-03-03 13:02:02,657:INFO:Epoch 160, Training loss 108368.43359375, Validation loss 108481.8359375
2022-03-03 13:02:04,877:INFO:Epoch 161, Training loss 108366.15625, Validation loss 108483.427734375
2022-03-03 13:02:07,090:INFO:Epoch 162, Training loss 108368.427734375, Validation loss 108481.2734375
2022-03-03 13:02:09,248:INFO:Epoch 163, Training loss 108368.669921875, Validation loss 108482.779296875
2022-03-03 13:02:11,466:INFO:Epoch 164, Training loss 108366.953125, Validation loss 108481.30078125
2022-03-03 13:02:13,631:INFO:Epoch 165, Training loss 108365.931640625, Validation loss 108482.3125
2022-03-03 13:02:15,891:INFO:Epoch 166, Training loss 108366.970703125, Validation loss 108483.830078125
2022-03-03 13:02:18,059:INFO:Epoch 167, Training loss 108366.19921875, Validation loss 108480.71875
2022-03-03 13:02:20,274:INFO:Epoch 168, Training loss 108365.1171875, Validation loss 108481.5078125
2022-03-03 13:02:22,459:INFO:Epoch 169, Training loss 108366.099609375, Validation loss 108480.142578125
2022-03-03 13:02:24,719:INFO:Epoch 170, Training loss 108366.625, Validation loss 108481.197265625
2022-03-03 13:02:26,901:INFO:Epoch 171, Training loss 108366.43359375, Validation loss 108483.0546875
2022-03-03 13:02:29,101:INFO:Epoch 172, Training loss 108368.603515625, Validation loss 108484.310546875
2022-03-03 13:02:31,290:INFO:Epoch 173, Training loss 108365.953125, Validation loss 108481.66015625
2022-03-03 13:02:33,532:INFO:Epoch 174, Training loss 108365.517578125, Validation loss 108480.47265625
2022-03-03 13:02:35,727:INFO:Epoch 175, Training loss 108365.345703125, Validation loss 108486.205078125
2022-03-03 13:02:37,908:INFO:Epoch 176, Training loss 108364.888671875, Validation loss 108480.87890625
2022-03-03 13:02:40,106:INFO:Epoch 177, Training loss 108368.783203125, Validation loss 108482.8203125
2022-03-03 13:02:42,335:INFO:Epoch 178, Training loss 108362.46875, Validation loss 108482.626953125
2022-03-03 13:02:44,532:INFO:Epoch 179, Training loss 108368.185546875, Validation loss 108484.3671875
2022-03-03 13:02:46,703:INFO:Epoch 180, Training loss 108364.7109375, Validation loss 108482.296875
2022-03-03 13:02:48,911:INFO:Epoch 181, Training loss 108366.05078125, Validation loss 108483.076171875
2022-03-03 13:02:51,129:INFO:Epoch 182, Training loss 108364.7109375, Validation loss 108484.3125
2022-03-03 13:02:53,343:INFO:Epoch 183, Training loss 108362.787109375, Validation loss 108481.6953125
2022-03-03 13:02:55,501:INFO:Epoch 184, Training loss 108363.408203125, Validation loss 108481.359375
2022-03-03 13:02:57,722:INFO:Epoch 185, Training loss 108363.005859375, Validation loss 108479.724609375
2022-03-03 13:02:59,895:INFO:Epoch 186, Training loss 108362.974609375, Validation loss 108479.70703125
2022-03-03 13:03:02,154:INFO:Epoch 187, Training loss 108361.521484375, Validation loss 108481.365234375
2022-03-03 13:03:04,321:INFO:Epoch 188, Training loss 108367.1171875, Validation loss 108479.578125
2022-03-03 13:03:06,531:INFO:Epoch 189, Training loss 108363.400390625, Validation loss 108482.822265625
2022-03-03 13:03:08,709:INFO:Epoch 190, Training loss 108363.525390625, Validation loss 108481.5703125
2022-03-03 13:03:10,960:INFO:Epoch 191, Training loss 108362.6328125, Validation loss 108480.193359375
2022-03-03 13:03:13,141:INFO:Epoch 192, Training loss 108361.78125, Validation loss 108480.4140625
2022-03-03 13:03:15,334:INFO:Epoch 193, Training loss 108361.68359375, Validation loss 108481.685546875
2022-03-03 13:03:17,519:INFO:Epoch 194, Training loss 108362.416015625, Validation loss 108479.568359375
2022-03-03 13:03:19,763:INFO:Epoch 195, Training loss 108367.759765625, Validation loss 108481.0546875
2022-03-03 13:03:21,967:INFO:Epoch 196, Training loss 108369.7734375, Validation loss 108486.482421875
2022-03-03 13:03:24,152:INFO:Epoch 197, Training loss 108364.66796875, Validation loss 108488.033203125
2022-03-03 13:03:26,353:INFO:Epoch 198, Training loss 108365.767578125, Validation loss 108480.361328125
2022-03-03 13:03:28,588:INFO:Epoch 199, Training loss 108364.095703125, Validation loss 108481.556640625
2022-03-03 13:03:30,792:INFO:Epoch 200, Training loss 108363.841796875, Validation loss 108483.89453125
2022-03-03 13:03:32,960:INFO:Epoch 201, Training loss 108360.107421875, Validation loss 108481.298828125
2022-03-03 13:03:35,171:INFO:Epoch 202, Training loss 108361.1640625, Validation loss 108479.4140625
2022-03-03 13:03:37,389:INFO:Epoch 203, Training loss 108361.66015625, Validation loss 108482.447265625
2022-03-03 13:03:39,605:INFO:Epoch 204, Training loss 108360.310546875, Validation loss 108479.59375
2022-03-03 13:03:41,765:INFO:Epoch 205, Training loss 108360.6484375, Validation loss 108480.81640625
2022-03-03 13:03:43,989:INFO:Epoch 206, Training loss 108360.833984375, Validation loss 108482.10546875
2022-03-03 13:03:46,157:INFO:Epoch 207, Training loss 108359.482421875, Validation loss 108481.642578125
2022-03-03 13:03:48,416:INFO:Epoch 208, Training loss 108359.31640625, Validation loss 108485.2265625
2022-03-03 13:03:50,585:INFO:Epoch 209, Training loss 108361.759765625, Validation loss 108480.068359375
2022-03-03 13:03:52,806:INFO:Epoch 210, Training loss 108359.318359375, Validation loss 108482.494140625
2022-03-03 13:03:54,986:INFO:Epoch 211, Training loss 108358.90625, Validation loss 108483.5390625
2022-03-03 13:03:57,235:INFO:Epoch 212, Training loss 108358.310546875, Validation loss 108479.357421875
2022-03-03 13:03:59,417:INFO:Epoch 213, Training loss 108357.57421875, Validation loss 108480.98828125
2022-03-03 13:04:01,615:INFO:Epoch 214, Training loss 108358.755859375, Validation loss 108482.13671875
2022-03-03 13:04:03,804:INFO:Epoch 215, Training loss 108360.84375, Validation loss 108482.080078125
2022-03-03 13:04:06,048:INFO:Epoch 216, Training loss 108360.65234375, Validation loss 108482.38671875
2022-03-03 13:04:08,239:INFO:Epoch 217, Training loss 108358.939453125, Validation loss 108480.03515625
2022-03-03 13:04:10,425:INFO:Epoch 218, Training loss 108357.263671875, Validation loss 108482.5546875
2022-03-03 13:04:12,625:INFO:Epoch 219, Training loss 108357.744140625, Validation loss 108480.57421875
2022-03-03 13:04:14,852:INFO:Epoch 220, Training loss 108357.697265625, Validation loss 108480.65234375
2022-03-03 13:04:17,057:INFO:Epoch 221, Training loss 108358.904296875, Validation loss 108484.30078125
2022-03-03 13:04:19,232:INFO:Epoch 222, Training loss 108359.021484375, Validation loss 108479.466796875
2022-03-03 13:04:21,443:INFO:Epoch 223, Training loss 108360.9609375, Validation loss 108480.93359375
2022-03-03 13:04:23,665:INFO:Epoch 224, Training loss 108357.56640625, Validation loss 108488.609375
2022-03-03 13:04:25,881:INFO:Epoch 225, Training loss 108361.4375, Validation loss 108482.130859375
2022-03-03 13:04:28,043:INFO:Epoch 226, Training loss 108356.849609375, Validation loss 108481.689453125
2022-03-03 13:04:30,256:INFO:Epoch 227, Training loss 108356.740234375, Validation loss 108481.435546875
2022-03-03 13:04:32,425:INFO:Epoch 228, Training loss 108356.744140625, Validation loss 108479.86328125
2022-03-03 13:04:34,684:INFO:Epoch 229, Training loss 108356.046875, Validation loss 108483.55859375
2022-03-03 13:04:36,852:INFO:Epoch 230, Training loss 108361.017578125, Validation loss 108481.244140625
2022-03-03 13:04:39,068:INFO:Epoch 231, Training loss 108355.06640625, Validation loss 108484.375
2022-03-03 13:04:41,246:INFO:Epoch 232, Training loss 108356.806640625, Validation loss 108485.1171875
2022-03-03 13:04:43,494:INFO:Epoch 233, Training loss 108357.591796875, Validation loss 108481.01171875
2022-03-03 13:04:45,674:INFO:Epoch 234, Training loss 108357.974609375, Validation loss 108482.181640625
2022-03-03 13:04:47,869:INFO:Epoch 235, Training loss 108357.134765625, Validation loss 108483.01953125
2022-03-03 13:04:50,059:INFO:Epoch 236, Training loss 108357.40234375, Validation loss 108481.966796875
2022-03-03 13:04:52,303:INFO:Epoch 237, Training loss 108357.88671875, Validation loss 108482.560546875
2022-03-03 13:04:54,496:INFO:Epoch 238, Training loss 108354.296875, Validation loss 108483.435546875
2022-03-03 13:04:56,684:INFO:Epoch 239, Training loss 108354.052734375, Validation loss 108479.578125
2022-03-03 13:04:58,890:INFO:Epoch 240, Training loss 108351.94921875, Validation loss 108479.466796875
2022-03-03 13:05:01,128:INFO:Epoch 241, Training loss 108352.794921875, Validation loss 108480.8828125
2022-03-03 13:05:03,337:INFO:Epoch 242, Training loss 108352.611328125, Validation loss 108481.95703125
2022-03-03 13:05:05,505:INFO:Epoch 243, Training loss 108352.890625, Validation loss 108481.689453125
2022-03-03 13:05:07,724:INFO:Epoch 244, Training loss 108351.796875, Validation loss 108481.435546875
2022-03-03 13:05:09,946:INFO:Epoch 245, Training loss 108352.423828125, Validation loss 108482.171875
2022-03-03 13:05:12,160:INFO:Epoch 246, Training loss 108351.095703125, Validation loss 108480.30859375
2022-03-03 13:05:14,318:INFO:Epoch 247, Training loss 108350.873046875, Validation loss 108482.990234375
2022-03-03 13:05:16,538:INFO:Epoch 248, Training loss 108352.533203125, Validation loss 108482.28515625
2022-03-03 13:05:18,705:INFO:Epoch 249, Training loss 108350.650390625, Validation loss 108481.591796875
2022-03-03 13:05:20,966:INFO:Epoch 250, Training loss 108352.705078125, Validation loss 108479.86328125
2022-03-03 13:05:23,135:INFO:Epoch 251, Training loss 108351.197265625, Validation loss 108482.19140625
2022-03-03 13:05:25,355:INFO:Epoch 252, Training loss 108351.599609375, Validation loss 108481.337890625
2022-03-03 13:05:27,544:INFO:Epoch 253, Training loss 108349.779296875, Validation loss 108481.322265625
2022-03-03 13:05:29,795:INFO:Epoch 254, Training loss 108349.26171875, Validation loss 108480.931640625
2022-03-03 13:05:31,982:INFO:Epoch 255, Training loss 108352.669921875, Validation loss 108481.638671875
2022-03-03 13:05:34,181:INFO:Epoch 256, Training loss 108353.94140625, Validation loss 108484.33203125
2022-03-03 13:05:36,369:INFO:Epoch 257, Training loss 108350.5859375, Validation loss 108484.560546875
2022-03-03 13:05:38,622:INFO:Epoch 258, Training loss 108352.46484375, Validation loss 108480.728515625
2022-03-03 13:05:40,818:INFO:Epoch 259, Training loss 108349.001953125, Validation loss 108481.009765625
2022-03-03 13:05:43,001:INFO:Epoch 260, Training loss 108349.287109375, Validation loss 108482.740234375
2022-03-03 13:05:45,203:INFO:Epoch 261, Training loss 108352.1640625, Validation loss 108481.912109375
2022-03-03 13:05:47,433:INFO:Epoch 262, Training loss 108348.046875, Validation loss 108482.849609375
2022-03-03 13:05:47,441:INFO:Finished training
