1.286615546875000000e+05
1.220693417968750000e+05
1.165441699218750000e+05
1.123432480468750000e+05
1.100565859375000000e+05
1.094331484375000000e+05
1.095688925781250000e+05
1.096498847656250000e+05
1.094887910156250000e+05
1.092918144531250000e+05
1.092168476562500000e+05
1.092091035156250000e+05
1.091741425781250000e+05
1.091303066406250000e+05
1.091034296875000000e+05
1.090842207031250000e+05
1.090609062500000000e+05
1.090401875000000000e+05
1.090218925781250000e+05
1.090051347656250000e+05
1.089893671875000000e+05
1.089749277343750000e+05
1.089617636718750000e+05
1.089483886718750000e+05
1.089367949218750000e+05
1.089261875000000000e+05
1.089148593750000000e+05
1.089037871093750000e+05
1.088932441406250000e+05
1.088831875000000000e+05
1.088739882812500000e+05
1.088669062500000000e+05
1.088596816406250000e+05
1.088551582031250000e+05
1.088503046875000000e+05
1.088466914062500000e+05
1.088442304687500000e+05
1.088418554687500000e+05
1.088399628906250000e+05
1.088390468750000000e+05
1.088384140625000000e+05
1.088372363281250000e+05
1.088369824218750000e+05
1.088362109375000000e+05
1.088354199218750000e+05
1.088347558593750000e+05
1.088343945312500000e+05
1.088340332031250000e+05
1.088338808593750000e+05
1.088333789062500000e+05
1.088331953125000000e+05
1.088330742187500000e+05
1.088335546875000000e+05
1.088331562500000000e+05
1.088318164062500000e+05
1.088322890625000000e+05
1.088319003906250000e+05
1.088316425781250000e+05
1.088316230468750000e+05
1.088308828125000000e+05
1.088299902343750000e+05
1.088300839843750000e+05
1.088295390625000000e+05
1.088292226562500000e+05
1.088306210937500000e+05
1.088288632812500000e+05
1.088285820312500000e+05
1.088291289062500000e+05
1.088283847656250000e+05
1.088283710937500000e+05
1.088282714843750000e+05
1.088304960937500000e+05
