2022-03-03 14:19:17,967:INFO:All directories created, ready to load the data
2022-03-03 14:19:18,011:INFO:Dataset loaded from /data/theorie/jthoeve/training_data/zh/features_mzh_y_ptz_v2/lin/cHq3/events_13.pkl.gz
2022-03-03 14:19:18,062:INFO:Dataset loaded from /data/theorie/jthoeve/training_data/zh/features_mzh_y_ptz_v2/sm/events_13.pkl.gz
2022-03-03 14:19:20,257:INFO:Epoch 1, Training loss 73764.92578125, Validation loss 73763.5791015625
2022-03-03 14:19:22,462:INFO:Epoch 2, Training loss 73761.671875, Validation loss 73762.7470703125
2022-03-03 14:19:24,628:INFO:Epoch 3, Training loss 73760.6015625, Validation loss 73762.5927734375
2022-03-03 14:19:26,820:INFO:Epoch 4, Training loss 73759.1650390625, Validation loss 73762.5947265625
2022-03-03 14:19:29,058:INFO:Epoch 5, Training loss 73758.4462890625, Validation loss 73763.0537109375
2022-03-03 14:19:31,348:INFO:Epoch 6, Training loss 73758.2275390625, Validation loss 73763.68359375
2022-03-03 14:19:33,586:INFO:Epoch 7, Training loss 73757.68359375, Validation loss 73764.6904296875
2022-03-03 14:19:35,815:INFO:Epoch 8, Training loss 73756.974609375, Validation loss 73764.724609375
2022-03-03 14:19:38,063:INFO:Epoch 9, Training loss 73756.1767578125, Validation loss 73765.0283203125
2022-03-03 14:19:40,340:INFO:Epoch 10, Training loss 73755.8466796875, Validation loss 73765.7392578125
2022-03-03 14:19:42,591:INFO:Epoch 11, Training loss 73755.919921875, Validation loss 73765.876953125
2022-03-03 14:19:44,814:INFO:Epoch 12, Training loss 73754.642578125, Validation loss 73766.0400390625
2022-03-03 14:19:47,064:INFO:Epoch 13, Training loss 73754.5361328125, Validation loss 73766.7802734375
2022-03-03 14:19:49,333:INFO:Epoch 14, Training loss 73754.0341796875, Validation loss 73766.875
2022-03-03 14:19:51,598:INFO:Epoch 15, Training loss 73753.2451171875, Validation loss 73767.6416015625
2022-03-03 14:19:53,813:INFO:Epoch 16, Training loss 73753.6416015625, Validation loss 73767.91015625
2022-03-03 14:19:56,076:INFO:Epoch 17, Training loss 73752.7802734375, Validation loss 73768.41015625
2022-03-03 14:19:58,288:INFO:Epoch 18, Training loss 73751.7021484375, Validation loss 73768.5615234375
2022-03-03 14:20:00,603:INFO:Epoch 19, Training loss 73751.27734375, Validation loss 73768.6875
2022-03-03 14:20:02,819:INFO:Epoch 20, Training loss 73750.4140625, Validation loss 73769.53515625
2022-03-03 14:20:05,086:INFO:Epoch 21, Training loss 73749.841796875, Validation loss 73771.123046875
2022-03-03 14:20:07,306:INFO:Epoch 22, Training loss 73749.2421875, Validation loss 73771.2646484375
2022-03-03 14:20:09,609:INFO:Epoch 23, Training loss 73748.5927734375, Validation loss 73771.419921875
2022-03-03 14:20:11,844:INFO:Epoch 24, Training loss 73747.9921875, Validation loss 73771.1083984375
2022-03-03 14:20:14,080:INFO:Epoch 25, Training loss 73746.7587890625, Validation loss 73773.3701171875
2022-03-03 14:20:16,314:INFO:Epoch 26, Training loss 73747.0576171875, Validation loss 73773.96875
2022-03-03 14:20:18,602:INFO:Epoch 27, Training loss 73746.8251953125, Validation loss 73775.060546875
2022-03-03 14:20:20,838:INFO:Epoch 28, Training loss 73746.55078125, Validation loss 73775.2314453125
2022-03-03 14:20:23,094:INFO:Epoch 29, Training loss 73743.720703125, Validation loss 73775.7138671875
2022-03-03 14:20:25,343:INFO:Epoch 30, Training loss 73743.5546875, Validation loss 73777.1923828125
2022-03-03 14:20:27,612:INFO:Epoch 31, Training loss 73742.970703125, Validation loss 73777.173828125
2022-03-03 14:20:29,863:INFO:Epoch 32, Training loss 73742.0244140625, Validation loss 73779.0673828125
2022-03-03 14:20:32,094:INFO:Epoch 33, Training loss 73741.1318359375, Validation loss 73779.408203125
2022-03-03 14:20:34,355:INFO:Epoch 34, Training loss 73741.0712890625, Validation loss 73779.7958984375
2022-03-03 14:20:36,616:INFO:Epoch 35, Training loss 73740.00390625, Validation loss 73782.0908203125
2022-03-03 14:20:38,884:INFO:Epoch 36, Training loss 73740.0126953125, Validation loss 73782.52734375
2022-03-03 14:20:41,109:INFO:Epoch 37, Training loss 73742.6513671875, Validation loss 73781.5791015625
2022-03-03 14:20:43,381:INFO:Epoch 38, Training loss 73738.66015625, Validation loss 73784.6083984375
2022-03-03 14:20:45,596:INFO:Epoch 39, Training loss 73740.6640625, Validation loss 73785.5400390625
2022-03-03 14:20:47,916:INFO:Epoch 40, Training loss 73736.962890625, Validation loss 73785.1630859375
2022-03-03 14:20:50,134:INFO:Epoch 41, Training loss 73735.6162109375, Validation loss 73785.7158203125
2022-03-03 14:20:52,405:INFO:Epoch 42, Training loss 73741.05859375, Validation loss 73787.9189453125
2022-03-03 14:20:54,633:INFO:Epoch 43, Training loss 73736.0986328125, Validation loss 73786.04296875
2022-03-03 14:20:56,930:INFO:Epoch 44, Training loss 73736.3798828125, Validation loss 73785.931640625
2022-03-03 14:20:59,167:INFO:Epoch 45, Training loss 73734.16796875, Validation loss 73788.81640625
2022-03-03 14:21:01,490:INFO:Epoch 46, Training loss 73732.287109375, Validation loss 73790.611328125
2022-03-03 14:21:03,730:INFO:Epoch 47, Training loss 73731.919921875, Validation loss 73789.580078125
2022-03-03 14:21:06,013:INFO:Epoch 48, Training loss 73731.541015625, Validation loss 73787.5498046875
2022-03-03 14:21:08,253:INFO:Epoch 49, Training loss 73732.951171875, Validation loss 73792.072265625
2022-03-03 14:21:10,487:INFO:Epoch 50, Training loss 73733.943359375, Validation loss 73794.4833984375
2022-03-03 14:21:12,732:INFO:Epoch 51, Training loss 73728.857421875, Validation loss 73793.666015625
2022-03-03 14:21:15,006:INFO:Epoch 52, Training loss 73728.1279296875, Validation loss 73791.251953125
2022-03-03 14:21:17,255:INFO:Epoch 53, Training loss 73730.287109375, Validation loss 73795.697265625
2022-03-03 14:21:17,262:INFO:Finished training
