2021-11-18 16:13:49,781:INFO:All directories created, ready to load the data
2021-11-18 16:13:49,820:INFO:Dataset loaded from /data/theorie/jthoeve/event_generation/events_high_stats/lin/cHq3/events_2.npy
2021-11-18 16:13:49,842:INFO:Dataset loaded from /data/theorie/jthoeve/event_generation/events_high_stats/sm/events_2.npy
2021-11-18 16:13:53,616:INFO:Epoch 1, Training loss 73852.78125, Validation loss 73801.171875
2021-11-18 16:13:57,402:INFO:Epoch 2, Training loss 73803.734375, Validation loss 73769.671875
2021-11-18 16:14:01,292:INFO:Epoch 3, Training loss 73772.234375, Validation loss 73757.4921875
2021-11-18 16:14:05,130:INFO:Epoch 4, Training loss 73760.0859375, Validation loss 73762.0078125
2021-11-18 16:14:08,969:INFO:Epoch 5, Training loss 73764.5859375, Validation loss 73772.90625
2021-11-18 16:14:12,653:INFO:Epoch 6, Training loss 73775.2109375, Validation loss 73778.90625
2021-11-18 16:14:16,517:INFO:Epoch 7, Training loss 73780.90625, Validation loss 73777.234375
2021-11-18 16:14:20,392:INFO:Epoch 8, Training loss 73778.84375, Validation loss 73770.8671875
2021-11-18 16:14:24,216:INFO:Epoch 9, Training loss 73772.0703125, Validation loss 73763.6953125
2021-11-18 16:14:28,099:INFO:Epoch 10, Training loss 73764.5390625, Validation loss 73758.53125
2021-11-18 16:14:31,998:INFO:Epoch 11, Training loss 73759.0390625, Validation loss 73756.453125
2021-11-18 16:14:35,838:INFO:Epoch 12, Training loss 73756.6875, Validation loss 73757.1328125
2021-11-18 16:14:39,800:INFO:Epoch 13, Training loss 73757.1640625, Validation loss 73759.4140625
2021-11-18 16:14:43,579:INFO:Epoch 14, Training loss 73759.203125, Validation loss 73761.875
2021-11-18 16:14:47,418:INFO:Epoch 15, Training loss 73761.453125, Validation loss 73763.3671875
2021-11-18 16:14:51,275:INFO:Epoch 16, Training loss 73762.765625, Validation loss 73763.3984375
2021-11-18 16:14:55,089:INFO:Epoch 17, Training loss 73762.6796875, Validation loss 73762.15625
2021-11-18 16:14:58,963:INFO:Epoch 18, Training loss 73761.3515625, Validation loss 73760.25
2021-11-18 16:15:02,869:INFO:Epoch 19, Training loss 73759.3671875, Validation loss 73758.40625
2021-11-18 16:15:06,669:INFO:Epoch 20, Training loss 73757.4140625, Validation loss 73757.203125
2021-11-18 16:15:10,546:INFO:Epoch 21, Training loss 73756.0703125, Validation loss 73756.9296875
2021-11-18 16:15:14,374:INFO:Epoch 22, Training loss 73755.65625, Validation loss 73757.5078125
2021-11-18 16:15:18,239:INFO:Epoch 23, Training loss 73756.09375, Validation loss 73758.5234375
2021-11-18 16:15:22,116:INFO:Epoch 24, Training loss 73756.953125, Validation loss 73759.4296875
2021-11-18 16:15:25,940:INFO:Epoch 25, Training loss 73757.6796875, Validation loss 73759.8046875
2021-11-18 16:15:29,833:INFO:Epoch 26, Training loss 73757.8671875, Validation loss 73759.5703125
2021-11-18 16:15:33,701:INFO:Epoch 27, Training loss 73757.4140625, Validation loss 73758.9140625
2021-11-18 16:15:37,382:INFO:Epoch 28, Training loss 73756.5546875, Validation loss 73758.1953125
2021-11-18 16:15:41,217:INFO:Epoch 29, Training loss 73755.640625, Validation loss 73757.7265625
2021-11-18 16:15:45,006:INFO:Epoch 30, Training loss 73754.9921875, Validation loss 73757.6484375
2021-11-18 16:15:48,863:INFO:Epoch 31, Training loss 73754.75, Validation loss 73757.921875
2021-11-18 16:15:52,745:INFO:Epoch 32, Training loss 73754.84375, Validation loss 73758.3671875
2021-11-18 16:15:56,595:INFO:Epoch 33, Training loss 73755.1015625, Validation loss 73758.7890625
2021-11-18 16:16:00,514:INFO:Epoch 34, Training loss 73755.3125, Validation loss 73759.0390625
2021-11-18 16:16:04,364:INFO:Epoch 35, Training loss 73755.3203125, Validation loss 73759.0625
2021-11-18 16:16:08,238:INFO:Epoch 36, Training loss 73755.09375, Validation loss 73758.9375
2021-11-18 16:16:12,116:INFO:Epoch 37, Training loss 73754.7109375, Validation loss 73758.7734375
2021-11-18 16:16:15,910:INFO:Epoch 38, Training loss 73754.2734375, Validation loss 73758.6875
2021-11-18 16:16:19,754:INFO:Epoch 39, Training loss 73753.9375, Validation loss 73758.765625
2021-11-18 16:16:23,658:INFO:Epoch 40, Training loss 73753.7734375, Validation loss 73758.9765625
2021-11-18 16:16:27,821:INFO:Epoch 41, Training loss 73753.7421875, Validation loss 73759.2265625
2021-11-18 16:16:31,667:INFO:Epoch 42, Training loss 73753.7734375, Validation loss 73759.4375
2021-11-18 16:16:35,424:INFO:Epoch 43, Training loss 73753.7421875, Validation loss 73759.5234375
2021-11-18 16:16:39,252:INFO:Epoch 44, Training loss 73753.59375, Validation loss 73759.5234375
2021-11-18 16:16:43,118:INFO:Epoch 45, Training loss 73753.3125, Validation loss 73759.5234375
2021-11-18 16:16:46,925:INFO:Epoch 46, Training loss 73753.0078125, Validation loss 73759.609375
2021-11-18 16:16:50,804:INFO:Epoch 47, Training loss 73752.75, Validation loss 73759.78125
2021-11-18 16:16:54,727:INFO:Epoch 48, Training loss 73752.609375, Validation loss 73760.015625
2021-11-18 16:16:58,546:INFO:Epoch 49, Training loss 73752.5390625, Validation loss 73760.2421875
2021-11-18 16:17:02,297:INFO:Epoch 50, Training loss 73752.46875, Validation loss 73760.3828125
2021-11-18 16:17:06,153:INFO:Epoch 51, Training loss 73752.3359375, Validation loss 73760.4375
2021-11-18 16:17:10,050:INFO:Epoch 52, Training loss 73752.125, Validation loss 73760.4296875
2021-11-18 16:17:13,965:INFO:Epoch 53, Training loss 73751.8671875, Validation loss 73760.4453125
2021-11-18 16:17:17,783:INFO:Epoch 54, Training loss 73751.625, Validation loss 73760.5078125
2021-11-18 16:17:21,667:INFO:Epoch 55, Training loss 73751.4296875, Validation loss 73760.6171875
2021-11-18 16:17:25,586:INFO:Epoch 56, Training loss 73751.28125, Validation loss 73760.7265625
2021-11-18 16:17:29,434:INFO:Epoch 57, Training loss 73751.1328125, Validation loss 73760.8046875
2021-11-18 16:17:33,307:INFO:Epoch 58, Training loss 73750.9609375, Validation loss 73760.8515625
2021-11-18 16:17:37,134:INFO:Epoch 59, Training loss 73750.734375, Validation loss 73760.90625
2021-11-18 16:17:41,019:INFO:Epoch 60, Training loss 73750.5, Validation loss 73761.0078125
2021-11-18 16:17:45,222:INFO:Epoch 61, Training loss 73750.2890625, Validation loss 73761.1640625
2021-11-18 16:17:45,229:INFO:Finished training, producing training report at /data/theorie/jthoeve/ML4EFT_higgs/models/17_11/model_final_lin_cHq3_v7/mc_run_2/plots/training_report/
2021-11-18 16:17:45,603:WARNING:findfont: Font family ['sans-serif'] not found. Falling back to DejaVu Sans.
