2021-11-24 15:26:08,272:INFO:All directories created, ready to load the data
2021-11-24 15:26:08,305:INFO:Dataset loaded from /data/theorie/jthoeve/event_generation/events_high_stats/quad/cHW/events_16.npy
2021-11-24 15:26:08,308:INFO:Dataset loaded from /data/theorie/jthoeve/event_generation/events_high_stats/sm/events_16.npy
2021-11-24 15:26:12,200:INFO:Epoch 1, Training loss 183992.6328125, Validation loss 183891.4609375
2021-11-24 15:26:16,088:INFO:Epoch 2, Training loss 183992.625, Validation loss 183891.4609375
2021-11-24 15:26:19,910:INFO:Epoch 3, Training loss 183992.62890625, Validation loss 183891.4609375
2021-11-24 15:26:23,817:INFO:Epoch 4, Training loss 183992.62890625, Validation loss 183891.4609375
2021-11-24 15:26:27,634:INFO:Epoch 5, Training loss 183992.6328125, Validation loss 183891.4609375
2021-11-24 15:26:31,505:INFO:Epoch 6, Training loss 183992.62890625, Validation loss 183891.4609375
2021-11-24 15:26:35,367:INFO:Epoch 7, Training loss 183992.62890625, Validation loss 183891.4609375
2021-11-24 15:26:39,258:INFO:Epoch 8, Training loss 183992.62890625, Validation loss 183891.4609375
2021-11-24 15:26:43,100:INFO:Epoch 9, Training loss 183992.62890625, Validation loss 183891.4609375
2021-11-24 15:26:46,940:INFO:Epoch 10, Training loss 183992.625, Validation loss 183891.4609375
2021-11-24 15:26:50,816:INFO:Epoch 11, Training loss 183992.625, Validation loss 183891.4609375
2021-11-24 15:26:50,820:INFO:Detected stagant training, reset the weights
2021-11-24 15:26:54,705:INFO:Epoch 12, Training loss 159344.88671875, Validation loss 154517.623046875
2021-11-24 15:26:58,580:INFO:Epoch 13, Training loss 152480.03125, Validation loss 150267.3359375
2021-11-24 15:27:02,405:INFO:Epoch 14, Training loss 149774.556640625, Validation loss 149320.859375
2021-11-24 15:27:06,267:INFO:Epoch 15, Training loss 149320.171875, Validation loss 149145.134765625
2021-11-24 15:27:10,126:INFO:Epoch 16, Training loss 148940.599609375, Validation loss 148463.755859375
2021-11-24 15:27:13,994:INFO:Epoch 17, Training loss 148166.55078125, Validation loss 147526.1640625
2021-11-24 15:27:17,841:INFO:Epoch 18, Training loss 147176.822265625, Validation loss 146462.298828125
2021-11-24 15:27:21,729:INFO:Epoch 19, Training loss 146103.517578125, Validation loss 145407.80078125
2021-11-24 15:27:25,559:INFO:Epoch 20, Training loss 145092.0859375, Validation loss 144475.55859375
2021-11-24 15:27:29,464:INFO:Epoch 21, Training loss 144265.517578125, Validation loss 143904.501953125
2021-11-24 15:27:33,766:INFO:Epoch 22, Training loss 143815.814453125, Validation loss 143681.08203125
2021-11-24 15:27:37,642:INFO:Epoch 23, Training loss 143678.107421875, Validation loss 143672.91796875
2021-11-24 15:27:41,696:INFO:Epoch 24, Training loss 143657.77734375, Validation loss 143619.80859375
2021-11-24 15:27:45,605:INFO:Epoch 25, Training loss 143599.740234375, Validation loss 143556.734375
2021-11-24 15:27:49,479:INFO:Epoch 26, Training loss 143559.28515625, Validation loss 143529.701171875
2021-11-24 15:27:53,349:INFO:Epoch 27, Training loss 143543.390625, Validation loss 143515.97265625
2021-11-24 15:27:57,194:INFO:Epoch 28, Training loss 143530.966796875, Validation loss 143508.322265625
2021-11-24 15:28:01,088:INFO:Epoch 29, Training loss 143525.994140625, Validation loss 143507.5546875
2021-11-24 15:28:04,936:INFO:Epoch 30, Training loss 143522.25390625, Validation loss 143507.666015625
2021-11-24 15:28:08,794:INFO:Epoch 31, Training loss 143513.59375, Validation loss 143502.482421875
2021-11-24 15:28:12,655:INFO:Epoch 32, Training loss 143511.232421875, Validation loss 143499.470703125
2021-11-24 15:28:16,533:INFO:Epoch 33, Training loss 143509.595703125, Validation loss 143500.115234375
2021-11-24 15:28:20,424:INFO:Epoch 34, Training loss 143513.03515625, Validation loss 143507.125
2021-11-24 15:28:24,280:INFO:Epoch 35, Training loss 143510.3125, Validation loss 143507.333984375
2021-11-24 15:28:28,274:INFO:Epoch 36, Training loss 143504.505859375, Validation loss 143499.69140625
2021-11-24 15:28:32,131:INFO:Epoch 37, Training loss 143504.51953125, Validation loss 143501.07421875
2021-11-24 15:28:35,994:INFO:Epoch 38, Training loss 143504.8046875, Validation loss 143499.91015625
2021-11-24 15:28:39,831:INFO:Epoch 39, Training loss 143499.28515625, Validation loss 143497.552734375
2021-11-24 15:28:43,706:INFO:Epoch 40, Training loss 143501.310546875, Validation loss 143500.4453125
2021-11-24 15:28:47,536:INFO:Epoch 41, Training loss 143498.171875, Validation loss 143502.08203125
2021-11-24 15:28:51,477:INFO:Epoch 42, Training loss 143499.984375, Validation loss 143518.2734375
2021-11-24 15:28:55,310:INFO:Epoch 43, Training loss 143514.744140625, Validation loss 143514.41796875
2021-11-24 15:28:59,192:INFO:Epoch 44, Training loss 143504.19140625, Validation loss 143498.34765625
2021-11-24 15:29:03,148:INFO:Epoch 45, Training loss 143500.025390625, Validation loss 143499.98828125
2021-11-24 15:29:07,049:INFO:Epoch 46, Training loss 143500.556640625, Validation loss 143504.076171875
2021-11-24 15:29:10,919:INFO:Epoch 47, Training loss 143496.4375, Validation loss 143499.56640625
2021-11-24 15:29:14,774:INFO:Epoch 48, Training loss 143495.0, Validation loss 143499.3671875
2021-11-24 15:29:18,648:INFO:Epoch 49, Training loss 143497.478515625, Validation loss 143503.94140625
2021-11-24 15:29:22,548:INFO:Epoch 50, Training loss 143493.775390625, Validation loss 143506.849609375
2021-11-24 15:29:26,410:INFO:Epoch 51, Training loss 143495.3515625, Validation loss 143513.18359375
2021-11-24 15:29:30,276:INFO:Epoch 52, Training loss 143498.818359375, Validation loss 143503.765625
2021-11-24 15:29:34,140:INFO:Epoch 53, Training loss 143492.35546875, Validation loss 143497.515625
2021-11-24 15:29:38,021:INFO:Epoch 54, Training loss 143493.482421875, Validation loss 143500.1796875
2021-11-24 15:29:41,893:INFO:Epoch 55, Training loss 143497.08203125, Validation loss 143504.607421875
2021-11-24 15:29:45,743:INFO:Epoch 56, Training loss 143491.263671875, Validation loss 143500.51171875
2021-11-24 15:29:49,625:INFO:Epoch 57, Training loss 143490.625, Validation loss 143496.060546875
2021-11-24 15:29:53,492:INFO:Epoch 58, Training loss 143488.013671875, Validation loss 143498.548828125
2021-11-24 15:29:57,377:INFO:Epoch 59, Training loss 143490.181640625, Validation loss 143507.5234375
2021-11-24 15:30:01,212:INFO:Epoch 60, Training loss 143494.333984375, Validation loss 143510.1171875
2021-11-24 15:30:05,090:INFO:Epoch 61, Training loss 143494.62109375, Validation loss 143496.578125
2021-11-24 15:30:08,917:INFO:Epoch 62, Training loss 143495.849609375, Validation loss 143498.822265625
2021-11-24 15:30:12,871:INFO:Epoch 63, Training loss 143490.435546875, Validation loss 143496.72265625
2021-11-24 15:30:16,762:INFO:Epoch 64, Training loss 143488.302734375, Validation loss 143497.3359375
2021-11-24 15:30:20,731:INFO:Epoch 65, Training loss 143486.544921875, Validation loss 143497.6796875
2021-11-24 15:30:24,814:INFO:Epoch 66, Training loss 143485.548828125, Validation loss 143496.154296875
2021-11-24 15:30:28,801:INFO:Epoch 67, Training loss 143486.701171875, Validation loss 143496.01953125
2021-11-24 15:30:32,712:INFO:Epoch 68, Training loss 143486.080078125, Validation loss 143498.42578125
2021-11-24 15:30:36,646:INFO:Epoch 69, Training loss 143489.28515625, Validation loss 143505.21484375
2021-11-24 15:30:40,584:INFO:Epoch 70, Training loss 143491.162109375, Validation loss 143496.2421875
2021-11-24 15:30:44,569:INFO:Epoch 71, Training loss 143485.28515625, Validation loss 143495.5546875
2021-11-24 15:30:48,442:INFO:Epoch 72, Training loss 143484.365234375, Validation loss 143498.7734375
2021-11-24 15:30:52,325:INFO:Epoch 73, Training loss 143483.990234375, Validation loss 143498.17578125
2021-11-24 15:30:56,192:INFO:Epoch 74, Training loss 143484.259765625, Validation loss 143497.369140625
2021-11-24 15:31:00,083:INFO:Epoch 75, Training loss 143485.009765625, Validation loss 143500.66015625
2021-11-24 15:31:03,960:INFO:Epoch 76, Training loss 143488.515625, Validation loss 143498.865234375
2021-11-24 15:31:07,810:INFO:Epoch 77, Training loss 143485.423828125, Validation loss 143498.28125
2021-11-24 15:31:11,691:INFO:Epoch 78, Training loss 143488.2421875, Validation loss 143496.3125
2021-11-24 15:31:15,566:INFO:Epoch 79, Training loss 143486.681640625, Validation loss 143507.384765625
2021-11-24 15:31:19,471:INFO:Epoch 80, Training loss 143484.794921875, Validation loss 143510.93359375
2021-11-24 15:31:23,321:INFO:Epoch 81, Training loss 143486.25, Validation loss 143505.67578125
2021-11-24 15:31:27,210:INFO:Epoch 82, Training loss 143486.333984375, Validation loss 143503.39453125
2021-11-24 15:31:31,037:INFO:Epoch 83, Training loss 143482.93359375, Validation loss 143496.267578125
2021-11-24 15:31:34,957:INFO:Epoch 84, Training loss 143493.615234375, Validation loss 143500.642578125
2021-11-24 15:31:38,807:INFO:Epoch 85, Training loss 143482.103515625, Validation loss 143509.685546875
2021-11-24 15:31:42,701:INFO:Epoch 86, Training loss 143486.501953125, Validation loss 143504.33203125
2021-11-24 15:31:46,548:INFO:Epoch 87, Training loss 143492.982421875, Validation loss 143502.8828125
2021-11-24 15:31:50,486:INFO:Epoch 88, Training loss 143486.001953125, Validation loss 143496.302734375
2021-11-24 15:31:54,346:INFO:Epoch 89, Training loss 143483.98046875, Validation loss 143500.759765625
2021-11-24 15:31:58,250:INFO:Epoch 90, Training loss 143487.904296875, Validation loss 143515.205078125
2021-11-24 15:32:02,106:INFO:Epoch 91, Training loss 143492.611328125, Validation loss 143498.59765625
2021-11-24 15:32:06,019:INFO:Epoch 92, Training loss 143485.583984375, Validation loss 143498.228515625
2021-11-24 15:32:09,873:INFO:Epoch 93, Training loss 143489.318359375, Validation loss 143501.763671875
2021-11-24 15:32:13,699:INFO:Epoch 94, Training loss 143483.451171875, Validation loss 143497.001953125
2021-11-24 15:32:17,495:INFO:Epoch 95, Training loss 143483.25390625, Validation loss 143494.59765625
2021-11-24 15:32:21,345:INFO:Epoch 96, Training loss 143483.412109375, Validation loss 143504.30078125
2021-11-24 15:32:25,140:INFO:Epoch 97, Training loss 143484.666015625, Validation loss 143506.44140625
2021-11-24 15:32:28,920:INFO:Epoch 98, Training loss 143484.46875, Validation loss 143500.087890625
2021-11-24 15:32:32,740:INFO:Epoch 99, Training loss 143483.8125, Validation loss 143495.24609375
2021-11-24 15:32:36,544:INFO:Epoch 100, Training loss 143482.57421875, Validation loss 143494.1171875
2021-11-24 15:32:40,354:INFO:Epoch 101, Training loss 143484.099609375, Validation loss 143496.97265625
2021-11-24 15:32:44,128:INFO:Epoch 102, Training loss 143479.54296875, Validation loss 143500.947265625
2021-11-24 15:32:47,941:INFO:Epoch 103, Training loss 143481.8203125, Validation loss 143496.64453125
2021-11-24 15:32:51,739:INFO:Epoch 104, Training loss 143479.28515625, Validation loss 143494.884765625
2021-11-24 15:32:55,580:INFO:Epoch 105, Training loss 143478.40234375, Validation loss 143495.91796875
2021-11-24 15:32:59,351:INFO:Epoch 106, Training loss 143478.021484375, Validation loss 143498.99609375
2021-11-24 15:33:03,172:INFO:Epoch 107, Training loss 143478.14453125, Validation loss 143497.673828125
2021-11-24 15:33:06,963:INFO:Epoch 108, Training loss 143477.7578125, Validation loss 143499.8671875
2021-11-24 15:33:10,791:INFO:Epoch 109, Training loss 143479.5, Validation loss 143497.521484375
2021-11-24 15:33:14,574:INFO:Epoch 110, Training loss 143482.52734375, Validation loss 143496.822265625
2021-11-24 15:33:18,380:INFO:Epoch 111, Training loss 143485.796875, Validation loss 143495.626953125
2021-11-24 15:33:22,197:INFO:Epoch 112, Training loss 143476.435546875, Validation loss 143495.7109375
2021-11-24 15:33:26,030:INFO:Epoch 113, Training loss 143479.103515625, Validation loss 143495.5859375
2021-11-24 15:33:29,860:INFO:Epoch 114, Training loss 143478.623046875, Validation loss 143496.248046875
2021-11-24 15:33:33,654:INFO:Epoch 115, Training loss 143485.375, Validation loss 143501.84375
2021-11-24 15:33:37,447:INFO:Epoch 116, Training loss 143488.4609375, Validation loss 143504.291015625
2021-11-24 15:33:41,259:INFO:Epoch 117, Training loss 143482.517578125, Validation loss 143493.587890625
2021-11-24 15:33:45,060:INFO:Epoch 118, Training loss 143482.203125, Validation loss 143501.31640625
2021-11-24 15:33:48,851:INFO:Epoch 119, Training loss 143476.611328125, Validation loss 143508.51953125
2021-11-24 15:33:52,688:INFO:Epoch 120, Training loss 143481.435546875, Validation loss 143497.333984375
2021-11-24 15:33:56,485:INFO:Epoch 121, Training loss 143477.9453125, Validation loss 143495.626953125
2021-11-24 15:34:00,335:INFO:Epoch 122, Training loss 143482.478515625, Validation loss 143497.96875
2021-11-24 15:34:04,108:INFO:Epoch 123, Training loss 143475.634765625, Validation loss 143495.8828125
2021-11-24 15:34:07,909:INFO:Epoch 124, Training loss 143476.890625, Validation loss 143496.97265625
2021-11-24 15:34:11,662:INFO:Epoch 125, Training loss 143477.943359375, Validation loss 143496.341796875
2021-11-24 15:34:15,503:INFO:Epoch 126, Training loss 143475.654296875, Validation loss 143499.580078125
2021-11-24 15:34:19,273:INFO:Epoch 127, Training loss 143476.74609375, Validation loss 143494.251953125
2021-11-24 15:34:23,136:INFO:Epoch 128, Training loss 143472.083984375, Validation loss 143498.908203125
2021-11-24 15:34:26,898:INFO:Epoch 129, Training loss 143476.6796875, Validation loss 143503.37109375
2021-11-24 15:34:30,724:INFO:Epoch 130, Training loss 143477.185546875, Validation loss 143496.296875
2021-11-24 15:34:34,492:INFO:Epoch 131, Training loss 143478.943359375, Validation loss 143495.453125
2021-11-24 15:34:38,288:INFO:Epoch 132, Training loss 143475.140625, Validation loss 143497.388671875
2021-11-24 15:34:42,072:INFO:Epoch 133, Training loss 143485.087890625, Validation loss 143497.732421875
2021-11-24 15:34:45,887:INFO:Epoch 134, Training loss 143476.32421875, Validation loss 143500.1015625
2021-11-24 15:34:49,674:INFO:Epoch 135, Training loss 143477.46484375, Validation loss 143497.865234375
2021-11-24 15:34:53,484:INFO:Epoch 136, Training loss 143473.513671875, Validation loss 143497.28125
2021-11-24 15:34:57,397:INFO:Epoch 137, Training loss 143475.521484375, Validation loss 143496.787109375
2021-11-24 15:35:01,267:INFO:Epoch 138, Training loss 143482.87109375, Validation loss 143501.138671875
2021-11-24 15:35:05,121:INFO:Epoch 139, Training loss 143477.505859375, Validation loss 143498.99609375
2021-11-24 15:35:08,964:INFO:Epoch 140, Training loss 143473.189453125, Validation loss 143499.9375
2021-11-24 15:35:12,853:INFO:Epoch 141, Training loss 143476.955078125, Validation loss 143496.283203125
2021-11-24 15:35:16,691:INFO:Epoch 142, Training loss 143479.564453125, Validation loss 143498.37890625
2021-11-24 15:35:20,543:INFO:Epoch 143, Training loss 143475.419921875, Validation loss 143497.048828125
2021-11-24 15:35:24,431:INFO:Epoch 144, Training loss 143476.853515625, Validation loss 143500.845703125
2021-11-24 15:35:28,316:INFO:Epoch 145, Training loss 143476.501953125, Validation loss 143499.740234375
2021-11-24 15:35:32,152:INFO:Epoch 146, Training loss 143477.31640625, Validation loss 143497.888671875
2021-11-24 15:35:36,012:INFO:Epoch 147, Training loss 143479.03125, Validation loss 143495.873046875
2021-11-24 15:35:39,781:INFO:Epoch 148, Training loss 143482.828125, Validation loss 143525.009765625
2021-11-24 15:35:43,593:INFO:Epoch 149, Training loss 143483.236328125, Validation loss 143511.958984375
2021-11-24 15:35:47,368:INFO:Epoch 150, Training loss 143481.955078125, Validation loss 143496.17578125
2021-11-24 15:35:51,223:INFO:Epoch 151, Training loss 143474.369140625, Validation loss 143496.54296875
2021-11-24 15:35:55,438:INFO:Epoch 152, Training loss 143474.169921875, Validation loss 143494.970703125
2021-11-24 15:35:59,255:INFO:Epoch 153, Training loss 143476.1484375, Validation loss 143496.6796875
2021-11-24 15:36:03,051:INFO:Epoch 154, Training loss 143475.63671875, Validation loss 143496.279296875
2021-11-24 15:36:06,880:INFO:Epoch 155, Training loss 143474.06640625, Validation loss 143499.884765625
2021-11-24 15:36:10,673:INFO:Epoch 156, Training loss 143480.451171875, Validation loss 143498.9375
2021-11-24 15:36:14,473:INFO:Epoch 157, Training loss 143476.91015625, Validation loss 143498.34765625
2021-11-24 15:36:18,295:INFO:Epoch 158, Training loss 143474.673828125, Validation loss 143496.083984375
2021-11-24 15:36:22,438:INFO:Epoch 159, Training loss 143478.439453125, Validation loss 143499.037109375
2021-11-24 15:36:26,254:INFO:Epoch 160, Training loss 143474.0078125, Validation loss 143501.32421875
2021-11-24 15:36:30,047:INFO:Epoch 161, Training loss 143474.005859375, Validation loss 143495.599609375
2021-11-24 15:36:33,884:INFO:Epoch 162, Training loss 143477.998046875, Validation loss 143510.013671875
2021-11-24 15:36:37,691:INFO:Epoch 163, Training loss 143481.806640625, Validation loss 143502.396484375
2021-11-24 15:36:41,503:INFO:Epoch 164, Training loss 143472.396484375, Validation loss 143495.66796875
2021-11-24 15:36:45,285:INFO:Epoch 165, Training loss 143475.716796875, Validation loss 143497.15625
2021-11-24 15:36:49,099:INFO:Epoch 166, Training loss 143472.970703125, Validation loss 143503.02734375
2021-11-24 15:36:52,893:INFO:Epoch 167, Training loss 143470.77734375, Validation loss 143500.669921875
2021-11-24 15:36:52,900:INFO:Finished training, producing training report at /data/theorie/jthoeve/ML4EFT_higgs/models/24_11/model_quad_cHW/mc_run_16/plots/training_report/
2021-11-24 15:36:55,763:WARNING:findfont: Font family ['sans-serif'] not found. Falling back to DejaVu Sans.
