2022-01-24 14:06:03,854:INFO:All directories created, ready to load the data
2022-01-24 14:06:03,866:INFO:Dataset loaded from /data/theorie/jthoeve/event_generation/events_high_stats/pT/lin/cHW/events_26.npy
2022-01-24 14:06:03,890:INFO:Dataset loaded from /data/theorie/jthoeve/event_generation/events_high_stats/pT/sm/events_26.npy
2022-01-24 14:06:06,380:INFO:Epoch 1, Training loss 160122.0078125, Validation loss 146467.66796875
2022-01-24 14:06:08,863:INFO:Epoch 2, Training loss 139431.94921875, Validation loss 130252.357421875
2022-01-24 14:06:11,329:INFO:Epoch 3, Training loss 125603.056640625, Validation loss 119849.587890625
2022-01-24 14:06:13,841:INFO:Epoch 4, Training loss 117124.83984375, Validation loss 113881.185546875
2022-01-24 14:06:16,314:INFO:Epoch 5, Training loss 112409.140625, Validation loss 110777.20703125
2022-01-24 14:06:18,797:INFO:Epoch 6, Training loss 110128.228515625, Validation loss 109565.49609375
2022-01-24 14:06:21,290:INFO:Epoch 7, Training loss 109401.421875, Validation loss 109406.33203125
2022-01-24 14:06:23,794:INFO:Epoch 8, Training loss 109416.0546875, Validation loss 109551.14453125
2022-01-24 14:06:26,295:INFO:Epoch 9, Training loss 109529.451171875, Validation loss 109579.62890625
2022-01-24 14:06:28,758:INFO:Epoch 10, Training loss 109502.015625, Validation loss 109479.033203125
2022-01-24 14:06:31,250:INFO:Epoch 11, Training loss 109387.888671875, Validation loss 109352.853515625
2022-01-24 14:06:33,746:INFO:Epoch 12, Training loss 109277.4453125, Validation loss 109265.232421875
2022-01-24 14:06:36,258:INFO:Epoch 13, Training loss 109212.35546875, Validation loss 109222.076171875
2022-01-24 14:06:38,715:INFO:Epoch 14, Training loss 109183.5546875, Validation loss 109203.34375
2022-01-24 14:06:41,219:INFO:Epoch 15, Training loss 109170.52734375, Validation loss 109189.3359375
2022-01-24 14:06:43,687:INFO:Epoch 16, Training loss 109157.4453125, Validation loss 109172.013671875
2022-01-24 14:06:46,215:INFO:Epoch 17, Training loss 109140.486328125, Validation loss 109151.83203125
2022-01-24 14:06:48,671:INFO:Epoch 18, Training loss 109121.31640625, Validation loss 109131.94921875
2022-01-24 14:06:51,171:INFO:Epoch 19, Training loss 109103.533203125, Validation loss 109113.455078125
2022-01-24 14:06:53,658:INFO:Epoch 20, Training loss 109086.9765625, Validation loss 109096.169921875
2022-01-24 14:06:56,201:INFO:Epoch 21, Training loss 109070.96875, Validation loss 109079.4609375
2022-01-24 14:06:58,684:INFO:Epoch 22, Training loss 109055.33984375, Validation loss 109062.130859375
2022-01-24 14:07:01,171:INFO:Epoch 23, Training loss 109038.810546875, Validation loss 109044.78515625
2022-01-24 14:07:03,642:INFO:Epoch 24, Training loss 109022.462890625, Validation loss 109027.240234375
2022-01-24 14:07:06,147:INFO:Epoch 25, Training loss 109005.857421875, Validation loss 109009.4921875
2022-01-24 14:07:08,635:INFO:Epoch 26, Training loss 108988.9609375, Validation loss 108991.52734375
2022-01-24 14:07:11,114:INFO:Epoch 27, Training loss 108971.84765625, Validation loss 108973.345703125
2022-01-24 14:07:13,606:INFO:Epoch 28, Training loss 108954.779296875, Validation loss 108954.810546875
2022-01-24 14:07:16,117:INFO:Epoch 29, Training loss 108936.79296875, Validation loss 108935.759765625
2022-01-24 14:07:18,614:INFO:Epoch 30, Training loss 108917.923828125, Validation loss 108916.76953125
2022-01-24 14:07:21,080:INFO:Epoch 31, Training loss 108899.34765625, Validation loss 108897.0234375
2022-01-24 14:07:23,590:INFO:Epoch 32, Training loss 108879.796875, Validation loss 108877.08984375
2022-01-24 14:07:26,092:INFO:Epoch 33, Training loss 108859.740234375, Validation loss 108857.1015625
2022-01-24 14:07:28,599:INFO:Epoch 34, Training loss 108839.716796875, Validation loss 108836.70703125
2022-01-24 14:07:31,060:INFO:Epoch 35, Training loss 108819.26171875, Validation loss 108815.78125
2022-01-24 14:07:33,580:INFO:Epoch 36, Training loss 108798.318359375, Validation loss 108794.8046875
2022-01-24 14:07:36,059:INFO:Epoch 37, Training loss 108776.390625, Validation loss 108773.580078125
2022-01-24 14:07:38,592:INFO:Epoch 38, Training loss 108754.390625, Validation loss 108751.783203125
2022-01-24 14:07:41,061:INFO:Epoch 39, Training loss 108732.650390625, Validation loss 108729.923828125
2022-01-24 14:07:43,575:INFO:Epoch 40, Training loss 108709.970703125, Validation loss 108707.7578125
2022-01-24 14:07:46,051:INFO:Epoch 41, Training loss 108687.1484375, Validation loss 108685.6015625
2022-01-24 14:07:48,585:INFO:Epoch 42, Training loss 108665.384765625, Validation loss 108663.900390625
2022-01-24 14:07:51,064:INFO:Epoch 43, Training loss 108643.537109375, Validation loss 108643.0625
2022-01-24 14:07:53,563:INFO:Epoch 44, Training loss 108621.486328125, Validation loss 108623.2109375
2022-01-24 14:07:56,051:INFO:Epoch 45, Training loss 108601.189453125, Validation loss 108603.720703125
2022-01-24 14:07:58,572:INFO:Epoch 46, Training loss 108580.24609375, Validation loss 108583.046875
2022-01-24 14:08:01,077:INFO:Epoch 47, Training loss 108560.607421875, Validation loss 108565.138671875
2022-01-24 14:08:03,564:INFO:Epoch 48, Training loss 108541.26953125, Validation loss 108550.916015625
2022-01-24 14:08:06,074:INFO:Epoch 49, Training loss 108524.513671875, Validation loss 108540.470703125
2022-01-24 14:08:08,596:INFO:Epoch 50, Training loss 108510.84375, Validation loss 108532.716796875
2022-01-24 14:08:11,117:INFO:Epoch 51, Training loss 108499.48828125, Validation loss 108525.8203125
2022-01-24 14:08:13,601:INFO:Epoch 52, Training loss 108491.42578125, Validation loss 108520.77734375
2022-01-24 14:08:16,110:INFO:Epoch 53, Training loss 108483.923828125, Validation loss 108517.4140625
2022-01-24 14:08:18,607:INFO:Epoch 54, Training loss 108478.916015625, Validation loss 108516.96484375
2022-01-24 14:08:21,128:INFO:Epoch 55, Training loss 108473.296875, Validation loss 108512.26171875
2022-01-24 14:08:23,595:INFO:Epoch 56, Training loss 108468.923828125, Validation loss 108509.26171875
2022-01-24 14:08:26,115:INFO:Epoch 57, Training loss 108465.408203125, Validation loss 108508.078125
2022-01-24 14:08:28,594:INFO:Epoch 58, Training loss 108462.8359375, Validation loss 108507.28515625
2022-01-24 14:08:31,146:INFO:Epoch 59, Training loss 108460.251953125, Validation loss 108505.251953125
2022-01-24 14:08:33,621:INFO:Epoch 60, Training loss 108457.908203125, Validation loss 108504.763671875
2022-01-24 14:08:36,127:INFO:Epoch 61, Training loss 108456.455078125, Validation loss 108506.376953125
2022-01-24 14:08:38,613:INFO:Epoch 62, Training loss 108454.15234375, Validation loss 108504.005859375
2022-01-24 14:08:41,152:INFO:Epoch 63, Training loss 108454.03515625, Validation loss 108499.197265625
2022-01-24 14:08:43,643:INFO:Epoch 64, Training loss 108451.36328125, Validation loss 108499.62890625
2022-01-24 14:08:46,133:INFO:Epoch 65, Training loss 108449.1171875, Validation loss 108500.189453125
2022-01-24 14:08:48,629:INFO:Epoch 66, Training loss 108449.25390625, Validation loss 108502.34765625
2022-01-24 14:08:51,148:INFO:Epoch 67, Training loss 108447.595703125, Validation loss 108497.611328125
2022-01-24 14:08:53,641:INFO:Epoch 68, Training loss 108445.595703125, Validation loss 108494.748046875
2022-01-24 14:08:56,129:INFO:Epoch 69, Training loss 108444.953125, Validation loss 108495.744140625
2022-01-24 14:08:58,626:INFO:Epoch 70, Training loss 108443.65625, Validation loss 108495.70703125
2022-01-24 14:09:01,128:INFO:Epoch 71, Training loss 108442.669921875, Validation loss 108493.32421875
2022-01-24 14:09:03,622:INFO:Epoch 72, Training loss 108442.09765625, Validation loss 108493.048828125
2022-01-24 14:09:06,087:INFO:Epoch 73, Training loss 108440.380859375, Validation loss 108489.8203125
2022-01-24 14:09:08,593:INFO:Epoch 74, Training loss 108439.19140625, Validation loss 108488.392578125
2022-01-24 14:09:11,092:INFO:Epoch 75, Training loss 108439.138671875, Validation loss 108489.3671875
2022-01-24 14:09:13,597:INFO:Epoch 76, Training loss 108437.576171875, Validation loss 108487.0703125
2022-01-24 14:09:16,056:INFO:Epoch 77, Training loss 108437.548828125, Validation loss 108487.43359375
2022-01-24 14:09:18,559:INFO:Epoch 78, Training loss 108436.87109375, Validation loss 108485.6171875
2022-01-24 14:09:21,017:INFO:Epoch 79, Training loss 108435.64453125, Validation loss 108484.880859375
2022-01-24 14:09:23,548:INFO:Epoch 80, Training loss 108435.529296875, Validation loss 108481.85546875
2022-01-24 14:09:26,026:INFO:Epoch 81, Training loss 108435.541015625, Validation loss 108483.326171875
2022-01-24 14:09:28,541:INFO:Epoch 82, Training loss 108434.41015625, Validation loss 108486.44921875
2022-01-24 14:09:31,025:INFO:Epoch 83, Training loss 108433.287109375, Validation loss 108481.685546875
2022-01-24 14:09:33,564:INFO:Epoch 84, Training loss 108433.048828125, Validation loss 108479.376953125
2022-01-24 14:09:36,117:INFO:Epoch 85, Training loss 108431.9140625, Validation loss 108481.470703125
2022-01-24 14:09:38,625:INFO:Epoch 86, Training loss 108431.49609375, Validation loss 108481.53515625
2022-01-24 14:09:41,127:INFO:Epoch 87, Training loss 108430.935546875, Validation loss 108481.759765625
2022-01-24 14:09:43,663:INFO:Epoch 88, Training loss 108430.162109375, Validation loss 108477.88671875
2022-01-24 14:09:46,165:INFO:Epoch 89, Training loss 108429.60546875, Validation loss 108478.23828125
2022-01-24 14:09:48,651:INFO:Epoch 90, Training loss 108429.171875, Validation loss 108479.177734375
2022-01-24 14:09:51,185:INFO:Epoch 91, Training loss 108429.451171875, Validation loss 108479.22265625
2022-01-24 14:09:53,706:INFO:Epoch 92, Training loss 108429.24609375, Validation loss 108475.966796875
2022-01-24 14:09:56,218:INFO:Epoch 93, Training loss 108428.177734375, Validation loss 108475.408203125
2022-01-24 14:09:58,700:INFO:Epoch 94, Training loss 108428.185546875, Validation loss 108477.1328125
2022-01-24 14:10:01,215:INFO:Epoch 95, Training loss 108426.79296875, Validation loss 108476.279296875
2022-01-24 14:10:03,719:INFO:Epoch 96, Training loss 108426.4609375, Validation loss 108474.20703125
2022-01-24 14:10:06,232:INFO:Epoch 97, Training loss 108426.09375, Validation loss 108475.828125
2022-01-24 14:10:08,705:INFO:Epoch 98, Training loss 108426.384765625, Validation loss 108475.671875
2022-01-24 14:10:11,243:INFO:Epoch 99, Training loss 108426.583984375, Validation loss 108474.45703125
2022-01-24 14:10:13,723:INFO:Epoch 100, Training loss 108425.3359375, Validation loss 108475.3515625
2022-01-24 14:10:16,268:INFO:Epoch 101, Training loss 108424.73828125, Validation loss 108471.65234375
2022-01-24 14:10:18,740:INFO:Epoch 102, Training loss 108424.185546875, Validation loss 108472.861328125
2022-01-24 14:10:21,250:INFO:Epoch 103, Training loss 108424.09765625, Validation loss 108474.73828125
2022-01-24 14:10:23,732:INFO:Epoch 104, Training loss 108423.552734375, Validation loss 108472.169921875
2022-01-24 14:10:26,280:INFO:Epoch 105, Training loss 108424.20703125, Validation loss 108473.361328125
2022-01-24 14:10:28,770:INFO:Epoch 106, Training loss 108423.62890625, Validation loss 108473.666015625
2022-01-24 14:10:31,279:INFO:Epoch 107, Training loss 108422.779296875, Validation loss 108474.40625
2022-01-24 14:10:33,788:INFO:Epoch 108, Training loss 108422.892578125, Validation loss 108471.5
2022-01-24 14:10:36,328:INFO:Epoch 109, Training loss 108421.9375, Validation loss 108472.3828125
2022-01-24 14:10:38,843:INFO:Epoch 110, Training loss 108421.328125, Validation loss 108471.380859375
2022-01-24 14:10:41,345:INFO:Epoch 111, Training loss 108421.080078125, Validation loss 108473.994140625
2022-01-24 14:10:43,863:INFO:Epoch 112, Training loss 108420.8515625, Validation loss 108472.6484375
2022-01-24 14:10:46,386:INFO:Epoch 113, Training loss 108420.421875, Validation loss 108471.103515625
2022-01-24 14:10:48,899:INFO:Epoch 114, Training loss 108419.833984375, Validation loss 108469.76953125
2022-01-24 14:10:51,391:INFO:Epoch 115, Training loss 108419.837890625, Validation loss 108469.744140625
2022-01-24 14:10:53,921:INFO:Epoch 116, Training loss 108419.984375, Validation loss 108470.646484375
2022-01-24 14:10:56,440:INFO:Epoch 117, Training loss 108419.556640625, Validation loss 108470.666015625
2022-01-24 14:10:58,955:INFO:Epoch 118, Training loss 108419.388671875, Validation loss 108472.30078125
2022-01-24 14:11:01,431:INFO:Epoch 119, Training loss 108419.255859375, Validation loss 108468.3671875
2022-01-24 14:11:03,959:INFO:Epoch 120, Training loss 108418.40234375, Validation loss 108469.814453125
2022-01-24 14:11:06,442:INFO:Epoch 121, Training loss 108418.34375, Validation loss 108471.947265625
2022-01-24 14:11:08,993:INFO:Epoch 122, Training loss 108418.12890625, Validation loss 108470.60546875
2022-01-24 14:11:11,476:INFO:Epoch 123, Training loss 108417.814453125, Validation loss 108470.072265625
2022-01-24 14:11:14,000:INFO:Epoch 124, Training loss 108417.609375, Validation loss 108469.70703125
2022-01-24 14:11:16,492:INFO:Epoch 125, Training loss 108417.029296875, Validation loss 108469.419921875
2022-01-24 14:11:19,042:INFO:Epoch 126, Training loss 108417.720703125, Validation loss 108469.142578125
2022-01-24 14:11:21,542:INFO:Epoch 127, Training loss 108416.958984375, Validation loss 108468.90625
2022-01-24 14:11:24,056:INFO:Epoch 128, Training loss 108416.60546875, Validation loss 108468.68359375
2022-01-24 14:11:26,568:INFO:Epoch 129, Training loss 108416.978515625, Validation loss 108470.58984375
2022-01-24 14:11:29,099:INFO:Epoch 130, Training loss 108416.3984375, Validation loss 108469.673828125
2022-01-24 14:11:31,599:INFO:Epoch 131, Training loss 108416.259765625, Validation loss 108466.79296875
2022-01-24 14:11:34,095:INFO:Epoch 132, Training loss 108416.08984375, Validation loss 108469.240234375
2022-01-24 14:11:36,600:INFO:Epoch 133, Training loss 108415.302734375, Validation loss 108469.29296875
2022-01-24 14:11:39,119:INFO:Epoch 134, Training loss 108416.6875, Validation loss 108469.13671875
2022-01-24 14:11:41,633:INFO:Epoch 135, Training loss 108415.26953125, Validation loss 108469.279296875
2022-01-24 14:11:44,122:INFO:Epoch 136, Training loss 108415.439453125, Validation loss 108469.150390625
2022-01-24 14:11:46,647:INFO:Epoch 137, Training loss 108415.421875, Validation loss 108469.94921875
2022-01-24 14:11:49,162:INFO:Epoch 138, Training loss 108415.16796875, Validation loss 108466.916015625
2022-01-24 14:11:51,679:INFO:Epoch 139, Training loss 108415.228515625, Validation loss 108469.0078125
2022-01-24 14:11:54,161:INFO:Epoch 140, Training loss 108414.916015625, Validation loss 108470.244140625
2022-01-24 14:11:56,697:INFO:Epoch 141, Training loss 108413.837890625, Validation loss 108466.830078125
2022-01-24 14:11:59,184:INFO:Epoch 142, Training loss 108414.236328125, Validation loss 108466.15234375
2022-01-24 14:12:01,728:INFO:Epoch 143, Training loss 108414.2734375, Validation loss 108468.96875
2022-01-24 14:12:04,218:INFO:Epoch 144, Training loss 108414.505859375, Validation loss 108467.716796875
2022-01-24 14:12:06,741:INFO:Epoch 145, Training loss 108413.962890625, Validation loss 108467.61328125
2022-01-24 14:12:09,233:INFO:Epoch 146, Training loss 108413.56640625, Validation loss 108468.78125
2022-01-24 14:12:11,792:INFO:Epoch 147, Training loss 108414.33203125, Validation loss 108468.13671875
2022-01-24 14:12:14,280:INFO:Epoch 148, Training loss 108413.2890625, Validation loss 108469.982421875
2022-01-24 14:12:16,785:INFO:Epoch 149, Training loss 108413.29296875, Validation loss 108467.8046875
2022-01-24 14:12:19,282:INFO:Epoch 150, Training loss 108412.83203125, Validation loss 108467.578125
2022-01-24 14:12:21,817:INFO:Epoch 151, Training loss 108412.830078125, Validation loss 108467.513671875
2022-01-24 14:12:24,318:INFO:Epoch 152, Training loss 108412.173828125, Validation loss 108467.326171875
2022-01-24 14:12:26,816:INFO:Epoch 153, Training loss 108412.33203125, Validation loss 108467.935546875
2022-01-24 14:12:29,326:INFO:Epoch 154, Training loss 108411.787109375, Validation loss 108467.2734375
2022-01-24 14:12:31,845:INFO:Epoch 155, Training loss 108413.08203125, Validation loss 108465.015625
2022-01-24 14:12:34,386:INFO:Epoch 156, Training loss 108412.787109375, Validation loss 108466.970703125
2022-01-24 14:12:36,867:INFO:Epoch 157, Training loss 108412.24609375, Validation loss 108472.48828125
2022-01-24 14:12:39,384:INFO:Epoch 158, Training loss 108414.03125, Validation loss 108469.09375
2022-01-24 14:12:41,882:INFO:Epoch 159, Training loss 108412.103515625, Validation loss 108462.33984375
2022-01-24 14:12:44,384:INFO:Epoch 160, Training loss 108411.662109375, Validation loss 108465.353515625
2022-01-24 14:12:46,845:INFO:Epoch 161, Training loss 108410.888671875, Validation loss 108468.8515625
2022-01-24 14:12:49,360:INFO:Epoch 162, Training loss 108410.958984375, Validation loss 108467.8203125
2022-01-24 14:12:51,828:INFO:Epoch 163, Training loss 108410.609375, Validation loss 108467.49609375
2022-01-24 14:12:54,370:INFO:Epoch 164, Training loss 108410.150390625, Validation loss 108465.974609375
2022-01-24 14:12:56,840:INFO:Epoch 165, Training loss 108410.1328125, Validation loss 108466.2265625
2022-01-24 14:12:59,358:INFO:Epoch 166, Training loss 108411.248046875, Validation loss 108470.525390625
2022-01-24 14:13:01,845:INFO:Epoch 167, Training loss 108410.47265625, Validation loss 108464.34765625
2022-01-24 14:13:04,386:INFO:Epoch 168, Training loss 108410.16796875, Validation loss 108466.11328125
2022-01-24 14:13:06,867:INFO:Epoch 169, Training loss 108409.220703125, Validation loss 108468.41015625
2022-01-24 14:13:09,361:INFO:Epoch 170, Training loss 108410.6640625, Validation loss 108465.173828125
2022-01-24 14:13:11,859:INFO:Epoch 171, Training loss 108409.23828125, Validation loss 108469.79296875
2022-01-24 14:13:14,385:INFO:Epoch 172, Training loss 108409.4453125, Validation loss 108467.552734375
2022-01-24 14:13:16,878:INFO:Epoch 173, Training loss 108408.86328125, Validation loss 108464.70703125
2022-01-24 14:13:19,371:INFO:Epoch 174, Training loss 108409.14453125, Validation loss 108463.927734375
2022-01-24 14:13:21,873:INFO:Epoch 175, Training loss 108409.912109375, Validation loss 108470.845703125
2022-01-24 14:13:24,389:INFO:Epoch 176, Training loss 108409.5234375, Validation loss 108467.8125
2022-01-24 14:13:26,892:INFO:Epoch 177, Training loss 108409.943359375, Validation loss 108462.34765625
2022-01-24 14:13:29,365:INFO:Epoch 178, Training loss 108408.416015625, Validation loss 108467.708984375
2022-01-24 14:13:31,878:INFO:Epoch 179, Training loss 108407.984375, Validation loss 108466.958984375
2022-01-24 14:13:34,382:INFO:Epoch 180, Training loss 108408.416015625, Validation loss 108466.1953125
2022-01-24 14:13:36,897:INFO:Epoch 181, Training loss 108407.77734375, Validation loss 108465.552734375
2022-01-24 14:13:39,366:INFO:Epoch 182, Training loss 108408.9921875, Validation loss 108470.0703125
2022-01-24 14:13:41,882:INFO:Epoch 183, Training loss 108409.52734375, Validation loss 108465.123046875
2022-01-24 14:13:44,357:INFO:Epoch 184, Training loss 108408.03125, Validation loss 108467.30859375
2022-01-24 14:13:46,903:INFO:Epoch 185, Training loss 108408.03125, Validation loss 108471.57421875
2022-01-24 14:13:49,379:INFO:Epoch 186, Training loss 108407.779296875, Validation loss 108465.111328125
2022-01-24 14:13:51,883:INFO:Epoch 187, Training loss 108407.044921875, Validation loss 108463.662109375
2022-01-24 14:13:54,345:INFO:Epoch 188, Training loss 108406.34375, Validation loss 108468.119140625
2022-01-24 14:13:56,812:INFO:Epoch 189, Training loss 108406.28125, Validation loss 108466.689453125
2022-01-24 14:13:59,209:INFO:Epoch 190, Training loss 108405.748046875, Validation loss 108467.224609375
2022-01-24 14:14:01,622:INFO:Epoch 191, Training loss 108407.376953125, Validation loss 108465.845703125
2022-01-24 14:14:04,029:INFO:Epoch 192, Training loss 108408.646484375, Validation loss 108466.98828125
2022-01-24 14:14:06,460:INFO:Epoch 193, Training loss 108405.900390625, Validation loss 108469.015625
2022-01-24 14:14:08,868:INFO:Epoch 194, Training loss 108407.2890625, Validation loss 108463.22265625
2022-01-24 14:14:11,271:INFO:Epoch 195, Training loss 108406.451171875, Validation loss 108464.564453125
2022-01-24 14:14:13,681:INFO:Epoch 196, Training loss 108405.365234375, Validation loss 108468.32421875
2022-01-24 14:14:16,105:INFO:Epoch 197, Training loss 108406.638671875, Validation loss 108469.0234375
2022-01-24 14:14:18,520:INFO:Epoch 198, Training loss 108405.115234375, Validation loss 108465.0234375
2022-01-24 14:14:20,910:INFO:Epoch 199, Training loss 108405.955078125, Validation loss 108464.978515625
2022-01-24 14:14:23,331:INFO:Epoch 200, Training loss 108404.822265625, Validation loss 108468.451171875
2022-01-24 14:14:25,751:INFO:Epoch 201, Training loss 108405.04296875, Validation loss 108465.791015625
2022-01-24 14:14:28,174:INFO:Epoch 202, Training loss 108407.55078125, Validation loss 108465.330078125
2022-01-24 14:14:30,552:INFO:Epoch 203, Training loss 108403.197265625, Validation loss 108470.76171875
2022-01-24 14:14:32,985:INFO:Epoch 204, Training loss 108406.14453125, Validation loss 108468.421875
2022-01-24 14:14:35,369:INFO:Epoch 205, Training loss 108404.861328125, Validation loss 108463.7890625
2022-01-24 14:14:37,826:INFO:Epoch 206, Training loss 108403.9765625, Validation loss 108467.9765625
2022-01-24 14:14:40,227:INFO:Epoch 207, Training loss 108405.291015625, Validation loss 108469.7890625
2022-01-24 14:14:42,657:INFO:Epoch 208, Training loss 108405.169921875, Validation loss 108462.203125
2022-01-24 14:14:45,060:INFO:Epoch 209, Training loss 108403.849609375, Validation loss 108465.599609375
2022-01-24 14:14:47,513:INFO:Epoch 210, Training loss 108405.615234375, Validation loss 108469.3046875
2022-01-24 14:14:49,920:INFO:Epoch 211, Training loss 108405.458984375, Validation loss 108465.408203125
2022-01-24 14:14:52,336:INFO:Epoch 212, Training loss 108404.4765625, Validation loss 108467.939453125
2022-01-24 14:14:54,750:INFO:Epoch 213, Training loss 108403.869140625, Validation loss 108466.646484375
2022-01-24 14:14:57,192:INFO:Epoch 214, Training loss 108402.52734375, Validation loss 108464.775390625
2022-01-24 14:14:59,605:INFO:Epoch 215, Training loss 108403.466796875, Validation loss 108468.720703125
2022-01-24 14:15:02,012:INFO:Epoch 216, Training loss 108403.515625, Validation loss 108467.7734375
2022-01-24 14:15:04,430:INFO:Epoch 217, Training loss 108401.98828125, Validation loss 108465.091796875
2022-01-24 14:15:06,862:INFO:Epoch 218, Training loss 108402.5859375, Validation loss 108466.859375
2022-01-24 14:15:09,285:INFO:Epoch 219, Training loss 108402.134765625, Validation loss 108468.515625
2022-01-24 14:15:11,685:INFO:Epoch 220, Training loss 108402.078125, Validation loss 108465.529296875
2022-01-24 14:15:14,120:INFO:Epoch 221, Training loss 108401.68359375, Validation loss 108463.59375
2022-01-24 14:15:16,543:INFO:Epoch 222, Training loss 108402.56640625, Validation loss 108471.173828125
2022-01-24 14:15:18,968:INFO:Epoch 223, Training loss 108401.39453125, Validation loss 108469.0546875
2022-01-24 14:15:21,352:INFO:Epoch 224, Training loss 108401.294921875, Validation loss 108464.169921875
2022-01-24 14:15:23,786:INFO:Epoch 225, Training loss 108402.0625, Validation loss 108465.427734375
2022-01-24 14:15:26,174:INFO:Epoch 226, Training loss 108402.2578125, Validation loss 108470.037109375
2022-01-24 14:15:28,634:INFO:Epoch 227, Training loss 108401.79296875, Validation loss 108469.365234375
2022-01-24 14:15:31,034:INFO:Epoch 228, Training loss 108401.53125, Validation loss 108465.392578125
2022-01-24 14:15:33,464:INFO:Epoch 229, Training loss 108402.916015625, Validation loss 108470.681640625
2022-01-24 14:15:35,863:INFO:Epoch 230, Training loss 108401.044921875, Validation loss 108467.037109375
2022-01-24 14:15:38,309:INFO:Epoch 231, Training loss 108400.701171875, Validation loss 108466.875
2022-01-24 14:15:40,707:INFO:Epoch 232, Training loss 108403.234375, Validation loss 108466.2109375
2022-01-24 14:15:43,119:INFO:Epoch 233, Training loss 108401.5859375, Validation loss 108471.0859375
2022-01-24 14:15:45,523:INFO:Epoch 234, Training loss 108399.962890625, Validation loss 108469.140625
2022-01-24 14:15:47,959:INFO:Epoch 235, Training loss 108402.5859375, Validation loss 108464.24609375
2022-01-24 14:15:50,365:INFO:Epoch 236, Training loss 108401.396484375, Validation loss 108464.48828125
2022-01-24 14:15:52,767:INFO:Epoch 237, Training loss 108399.224609375, Validation loss 108473.978515625
2022-01-24 14:15:55,184:INFO:Epoch 238, Training loss 108400.140625, Validation loss 108471.76171875
2022-01-24 14:15:57,613:INFO:Epoch 239, Training loss 108400.201171875, Validation loss 108462.634765625
2022-01-24 14:16:00,027:INFO:Epoch 240, Training loss 108399.923828125, Validation loss 108468.90625
2022-01-24 14:16:02,421:INFO:Epoch 241, Training loss 108399.31640625, Validation loss 108469.296875
2022-01-24 14:16:04,846:INFO:Epoch 242, Training loss 108402.0859375, Validation loss 108471.0859375
2022-01-24 14:16:07,263:INFO:Epoch 243, Training loss 108400.158203125, Validation loss 108465.447265625
2022-01-24 14:16:09,689:INFO:Epoch 244, Training loss 108400.833984375, Validation loss 108464.982421875
2022-01-24 14:16:12,071:INFO:Epoch 245, Training loss 108399.7421875, Validation loss 108468.2109375
2022-01-24 14:16:14,506:INFO:Epoch 246, Training loss 108399.6015625, Validation loss 108469.423828125
2022-01-24 14:16:16,894:INFO:Epoch 247, Training loss 108399.666015625, Validation loss 108469.962890625
2022-01-24 14:16:19,368:INFO:Epoch 248, Training loss 108399.615234375, Validation loss 108464.27734375
2022-01-24 14:16:21,762:INFO:Epoch 249, Training loss 108403.404296875, Validation loss 108472.46484375
2022-01-24 14:16:24,188:INFO:Epoch 250, Training loss 108398.681640625, Validation loss 108468.48828125
2022-01-24 14:16:26,587:INFO:Epoch 251, Training loss 108398.123046875, Validation loss 108464.69921875
2022-01-24 14:16:29,040:INFO:Epoch 252, Training loss 108397.193359375, Validation loss 108468.923828125
2022-01-24 14:16:31,441:INFO:Epoch 253, Training loss 108397.75390625, Validation loss 108472.109375
2022-01-24 14:16:33,862:INFO:Epoch 254, Training loss 108399.109375, Validation loss 108463.92578125
2022-01-24 14:16:36,277:INFO:Epoch 255, Training loss 108398.611328125, Validation loss 108469.814453125
2022-01-24 14:16:38,721:INFO:Epoch 256, Training loss 108398.599609375, Validation loss 108474.951171875
2022-01-24 14:16:41,135:INFO:Epoch 257, Training loss 108402.01171875, Validation loss 108468.93359375
2022-01-24 14:16:43,548:INFO:Epoch 258, Training loss 108398.134765625, Validation loss 108465.427734375
2022-01-24 14:16:43,554:INFO:Finished training
