7.583897753906250000e+04
7.430598632812500000e+04
7.380111718750000000e+04
7.373733300781250000e+04
7.376787792968750000e+04
7.375621093750000000e+04
7.372586914062500000e+04
7.371223828125000000e+04
7.371270214843750000e+04
7.371338769531250000e+04
7.371089550781250000e+04
7.370894335937500000e+04
7.370794140625000000e+04
7.370773632812500000e+04
7.370708593750000000e+04
7.370645312500000000e+04
7.370599804687500000e+04
7.370568847656250000e+04
7.370547070312500000e+04
7.370488085937500000e+04
7.370467578125000000e+04
7.370442089843750000e+04
7.370412890625000000e+04
7.370386132812500000e+04
7.370373828125000000e+04
7.370344238281250000e+04
7.370316308593750000e+04
7.370294335937500000e+04
7.370256054687500000e+04
7.370258886718750000e+04
7.370224707031250000e+04
7.370187792968750000e+04
7.370180468750000000e+04
7.370138769531250000e+04
7.370122753906250000e+04
7.370079687500000000e+04
7.370084472656250000e+04
7.370053222656250000e+04
7.370032421875000000e+04
7.369976074218750000e+04
7.369954296875000000e+04
7.369931250000000000e+04
7.369891894531250000e+04
7.369879785156250000e+04
7.369884179687500000e+04
7.369848242187500000e+04
7.369805371093750000e+04
7.369824218750000000e+04
7.369762890625000000e+04
7.369723339843750000e+04
7.369722363281250000e+04
7.369691406250000000e+04
7.369679687500000000e+04
7.369632812500000000e+04
7.369640722656250000e+04
7.369622558593750000e+04
7.369609375000000000e+04
7.369567187500000000e+04
7.369524414062500000e+04
7.369516308593750000e+04
7.369496386718750000e+04
7.369444726562500000e+04
