7.552018164062500000e+04
7.416244726562500000e+04
7.382574707031250000e+04
7.388102441406250000e+04
7.390209667968750000e+04
7.384867968750000000e+04
7.380837695312500000e+04
7.380434960937500000e+04
7.380967578125000000e+04
7.380695898437500000e+04
7.380249511718750000e+04
7.380135839843750000e+04
7.380177539062500000e+04
7.380154882812500000e+04
7.380080761718750000e+04
7.380045117187500000e+04
7.380032519531250000e+04
7.380019042968750000e+04
7.379988085937500000e+04
7.379975195312500000e+04
7.379956054687500000e+04
7.379941210937500000e+04
7.379921484375000000e+04
7.379910937500000000e+04
7.379886718750000000e+04
7.379879687500000000e+04
7.379866894531250000e+04
7.379842480468750000e+04
7.379819531250000000e+04
7.379830957031250000e+04
7.379797070312500000e+04
7.379791699218750000e+04
7.379777441406250000e+04
7.379745800781250000e+04
7.379736425781250000e+04
7.379730371093750000e+04
7.379715039062500000e+04
7.379687792968750000e+04
7.379707128906250000e+04
7.379708984375000000e+04
7.379657031250000000e+04
7.379636914062500000e+04
7.379627050781250000e+04
7.379657714843750000e+04
7.379593847656250000e+04
7.379593652343750000e+04
7.379592089843750000e+04
7.379594433593750000e+04
7.379585058593750000e+04
7.379542773437500000e+04
7.379526562500000000e+04
7.379570312500000000e+04
7.379541113281250000e+04
7.379520800781250000e+04
7.379482812500000000e+04
7.379481738281250000e+04
7.379477441406250000e+04
7.379443359375000000e+04
7.379449511718750000e+04
7.379421386718750000e+04
7.379436914062500000e+04
