1.534812050781250000e+05
1.504916855468750000e+05
1.496076250000000000e+05
1.491307656250000000e+05
1.484800683593750000e+05
1.476357402343750000e+05
1.467033886718750000e+05
1.456844238281250000e+05
1.447081484375000000e+05
1.439623789062500000e+05
1.436196542968750000e+05
1.435787929687500000e+05
1.435696855468750000e+05
1.435137656250000000e+05
1.434802539062500000e+05
1.434749863281250000e+05
1.434554785156250000e+05
1.434448496093750000e+05
1.434340761718750000e+05
1.434225507812500000e+05
1.434207832031250000e+05
1.434092871093750000e+05
1.434069707031250000e+05
1.434030585937500000e+05
1.434029492187500000e+05
1.434046132812500000e+05
1.433912714843750000e+05
1.433974628906250000e+05
1.433925937500000000e+05
1.433866718750000000e+05
1.433886835937500000e+05
1.433801308593750000e+05
1.433810000000000000e+05
1.433782109375000000e+05
1.433788007812500000e+05
1.433829628906250000e+05
1.433752480468750000e+05
1.433904003906250000e+05
1.433867226562500000e+05
1.433812832031250000e+05
1.433770234375000000e+05
1.433759042968750000e+05
1.433679472656250000e+05
1.433650800781250000e+05
1.433654277343750000e+05
1.433668378906250000e+05
1.433638144531250000e+05
1.433674707031250000e+05
1.433655253906250000e+05
1.433668105468750000e+05
1.433641425781250000e+05
1.433623183593750000e+05
1.433651210937500000e+05
1.433634902343750000e+05
1.433623457031250000e+05
1.433681503906250000e+05
1.433659785156250000e+05
1.433659687500000000e+05
1.433643300781250000e+05
1.433652773437500000e+05
1.433607089843750000e+05
1.433600429687500000e+05
1.433600996093750000e+05
1.433604375000000000e+05
1.433626152343750000e+05
1.433627148437500000e+05
1.433590273437500000e+05
1.433598945312500000e+05
1.433568710937500000e+05
1.433614648437500000e+05
1.433727578125000000e+05
1.433723027343750000e+05
1.433769199218750000e+05
1.433589550781250000e+05
1.433566601562500000e+05
1.433542480468750000e+05
1.433539042968750000e+05
1.433550097656250000e+05
1.433564550781250000e+05
1.433587304687500000e+05
1.433550917968750000e+05
1.433544921875000000e+05
1.433522675781250000e+05
1.433602753906250000e+05
1.433513750000000000e+05
1.433688535156250000e+05
1.433670273437500000e+05
1.433648945312500000e+05
1.433669277343750000e+05
1.433783203125000000e+05
1.433594199218750000e+05
1.433557363281250000e+05
1.433528300781250000e+05
1.433549882812500000e+05
1.433648300781250000e+05
1.433649511718750000e+05
1.433584921875000000e+05
1.433586523437500000e+05
1.433612246093750000e+05
1.433647089843750000e+05
1.433605917968750000e+05
1.433588242187500000e+05
1.433547890625000000e+05
1.433491972656250000e+05
1.433507460937500000e+05
1.433585761718750000e+05
1.433558730468750000e+05
1.433623593750000000e+05
