7.383108691406250000e+04
7.381120214843750000e+04
7.381077832031250000e+04
7.380537597656250000e+04
7.380540722656250000e+04
7.380412402343750000e+04
7.380297558593750000e+04
7.380274707031250000e+04
7.380187988281250000e+04
7.380121484375000000e+04
7.380064648437500000e+04
7.380028320312500000e+04
7.379970703125000000e+04
7.379963867187500000e+04
7.379916796875000000e+04
7.379891406250000000e+04
7.379930566406250000e+04
7.379837792968750000e+04
7.379865820312500000e+04
7.379841113281250000e+04
7.379814160156250000e+04
7.379723828125000000e+04
7.379693847656250000e+04
7.379687890625000000e+04
7.379583593750000000e+04
7.379571191406250000e+04
7.379513183593750000e+04
7.379451757812500000e+04
7.379463281250000000e+04
7.379408398437500000e+04
7.379369726562500000e+04
7.379310351562500000e+04
7.379254687500000000e+04
7.379258593750000000e+04
7.379181640625000000e+04
7.379213085937500000e+04
7.379211230468750000e+04
7.379086328125000000e+04
7.379008984375000000e+04
7.379010937500000000e+04
7.378959863281250000e+04
7.379067871093750000e+04
7.378828906250000000e+04
7.378826464843750000e+04
7.378794238281250000e+04
7.378788281250000000e+04
7.378699218750000000e+04
7.378705273437500000e+04
7.378641796875000000e+04
7.378772070312500000e+04
7.378563378906250000e+04
7.378469628906250000e+04
7.378602343750000000e+04
7.378267187500000000e+04
7.378348144531250000e+04
7.378417382812500000e+04
7.378124218750000000e+04
7.378149707031250000e+04
