2.081173046875000000e+05
2.081173046875000000e+05
2.081173046875000000e+05
2.081173046875000000e+05
2.081173046875000000e+05
2.081173046875000000e+05
2.081173046875000000e+05
2.081173046875000000e+05
2.081173046875000000e+05
2.081173046875000000e+05
2.081173046875000000e+05
1.318938339843750000e+05
1.245079609375000000e+05
1.183962773437500000e+05
1.140725175781250000e+05
1.112594355468750000e+05
1.096762050781250000e+05
1.095188906250000000e+05
1.096763632812500000e+05
1.094969238281250000e+05
1.092969082031250000e+05
1.092220820312500000e+05
1.091986464843750000e+05
1.091680195312500000e+05
1.091326738281250000e+05
1.091078515625000000e+05
1.090887617187500000e+05
1.090669179687500000e+05
1.090447695312500000e+05
1.090221484375000000e+05
1.089983984375000000e+05
1.089727031250000000e+05
1.089454257812500000e+05
1.089167656250000000e+05
1.088826386718750000e+05
1.088482363281250000e+05
1.088086328125000000e+05
1.087680703125000000e+05
1.087252089843750000e+05
1.086843476562500000e+05
1.086455019531250000e+05
1.086209062500000000e+05
1.086010976562500000e+05
1.085886152343750000e+05
1.085837695312500000e+05
1.085802792968750000e+05
1.085775585937500000e+05
1.085745058593750000e+05
1.085729804687500000e+05
1.085706289062500000e+05
1.085696738281250000e+05
1.085676503906250000e+05
1.085652597656250000e+05
1.085646250000000000e+05
1.085635253906250000e+05
1.085618691406250000e+05
1.085605234375000000e+05
1.085593906250000000e+05
1.085579609375000000e+05
1.085581367187500000e+05
1.085566523437500000e+05
1.085551972656250000e+05
1.085554589843750000e+05
1.085541035156250000e+05
1.085531855468750000e+05
1.085515722656250000e+05
1.085512460937500000e+05
1.085504277343750000e+05
1.085507265625000000e+05
1.085503183593750000e+05
1.085494492187500000e+05
1.085490039062500000e+05
1.085492519531250000e+05
1.085475390625000000e+05
1.085509824218750000e+05
1.085456542968750000e+05
1.085469453125000000e+05
1.085454375000000000e+05
1.085456308593750000e+05
1.085449082031250000e+05
1.085436699218750000e+05
1.085427363281250000e+05
1.085427812500000000e+05
1.085431328125000000e+05
1.085421699218750000e+05
1.085411679687500000e+05
1.085410156250000000e+05
1.085436152343750000e+05
1.085417304687500000e+05
1.085402792968750000e+05
1.085399609375000000e+05
1.085407597656250000e+05
1.085395742187500000e+05
1.085387460937500000e+05
1.085395878906250000e+05
1.085386015625000000e+05
1.085372597656250000e+05
1.085376230468750000e+05
1.085371464843750000e+05
1.085379199218750000e+05
1.085363359375000000e+05
1.085367441406250000e+05
1.085366210937500000e+05
1.085360917968750000e+05
1.085362714843750000e+05
1.085364882812500000e+05
1.085360136718750000e+05
1.085394335937500000e+05
1.085348281250000000e+05
1.085357929687500000e+05
1.085361718750000000e+05
1.085352832031250000e+05
1.085340449218750000e+05
1.085336445312500000e+05
1.085334843750000000e+05
1.085337304687500000e+05
1.085344589843750000e+05
1.085322363281250000e+05
1.085323554687500000e+05
1.085325468750000000e+05
1.085320976562500000e+05
1.085319355468750000e+05
1.085316992187500000e+05
1.085296093750000000e+05
1.085316250000000000e+05
1.085305800781250000e+05
1.085298359375000000e+05
1.085303613281250000e+05
1.085334433593750000e+05
1.085295781250000000e+05
1.085310781250000000e+05
1.085293789062500000e+05
1.085328359375000000e+05
1.085293750000000000e+05
1.085309628906250000e+05
1.085283476562500000e+05
1.085301230468750000e+05
1.085285683593750000e+05
1.085277128906250000e+05
1.085287421875000000e+05
1.085292226562500000e+05
1.085287343750000000e+05
1.085277929687500000e+05
1.085281835937500000e+05
1.085257460937500000e+05
1.085287070312500000e+05
1.085281484375000000e+05
1.085267949218750000e+05
1.085262285156250000e+05
1.085271542968750000e+05
1.085258417968750000e+05
1.085287539062500000e+05
1.085288730468750000e+05
1.085286269531250000e+05
1.085269941406250000e+05
1.085274082031250000e+05
1.085269394531250000e+05
1.085260761718750000e+05
1.085247128906250000e+05
1.085254042968750000e+05
1.085248613281250000e+05
1.085281289062500000e+05
1.085253964843750000e+05
1.085246542968750000e+05
1.085258046875000000e+05
1.085245644531250000e+05
1.085252246093750000e+05
1.085229121093750000e+05
1.085241796875000000e+05
1.085269394531250000e+05
1.085225273437500000e+05
1.085239785156250000e+05
1.085219941406250000e+05
1.085225820312500000e+05
1.085231953125000000e+05
1.085255722656250000e+05
1.085218437500000000e+05
1.085234785156250000e+05
1.085228085937500000e+05
1.085227382812500000e+05
1.085231992187500000e+05
1.085232753906250000e+05
1.085221074218750000e+05
1.085220078125000000e+05
1.085218984375000000e+05
1.085203085937500000e+05
1.085220917968750000e+05
1.085214804687500000e+05
1.085232343750000000e+05
1.085221054687500000e+05
1.085189511718750000e+05
1.085207636718750000e+05
1.085190058593750000e+05
1.085212285156250000e+05
1.085215722656250000e+05
1.085205546875000000e+05
1.085205605468750000e+05
1.085221933593750000e+05
1.085214375000000000e+05
1.085198242187500000e+05
1.085215488281250000e+05
1.085208457031250000e+05
1.085248339843750000e+05
1.085273886718750000e+05
1.085255136718750000e+05
1.085210078125000000e+05
