2021-11-24 15:26:07,687:INFO:All directories created, ready to load the data
2021-11-24 15:26:07,724:INFO:Dataset loaded from /data/theorie/jthoeve/event_generation/events_high_stats/quad/cHW/events_3.npy
2021-11-24 15:26:07,727:INFO:Dataset loaded from /data/theorie/jthoeve/event_generation/events_high_stats/sm/events_3.npy
2021-11-24 15:26:11,552:INFO:Epoch 1, Training loss 183958.19921875, Validation loss 183987.5
2021-11-24 15:26:15,359:INFO:Epoch 2, Training loss 183958.203125, Validation loss 183987.5
2021-11-24 15:26:19,103:INFO:Epoch 3, Training loss 183958.203125, Validation loss 183987.5
2021-11-24 15:26:22,927:INFO:Epoch 4, Training loss 183958.203125, Validation loss 183987.5
2021-11-24 15:26:26,688:INFO:Epoch 5, Training loss 183958.19921875, Validation loss 183987.5
2021-11-24 15:26:30,818:INFO:Epoch 6, Training loss 183958.203125, Validation loss 183987.5
2021-11-24 15:26:34,598:INFO:Epoch 7, Training loss 183958.203125, Validation loss 183987.5
2021-11-24 15:26:38,402:INFO:Epoch 8, Training loss 183958.19921875, Validation loss 183987.5
2021-11-24 15:26:42,153:INFO:Epoch 9, Training loss 183958.19921875, Validation loss 183987.5
2021-11-24 15:26:45,905:INFO:Epoch 10, Training loss 183958.19921875, Validation loss 183987.5
2021-11-24 15:26:49,697:INFO:Epoch 11, Training loss 183958.19921875, Validation loss 183987.5
2021-11-24 15:26:53,490:INFO:Epoch 12, Training loss 183958.19921875, Validation loss 183987.5
2021-11-24 15:26:57,267:INFO:Epoch 13, Training loss 183958.1953125, Validation loss 183987.5
2021-11-24 15:27:01,026:INFO:Epoch 14, Training loss 183958.203125, Validation loss 183987.5
2021-11-24 15:27:01,030:INFO:Detected stagant training, reset the weights
2021-11-24 15:27:04,812:INFO:Epoch 15, Training loss 166234.056640625, Validation loss 155684.123046875
2021-11-24 15:27:08,598:INFO:Epoch 16, Training loss 152840.357421875, Validation loss 150301.916015625
2021-11-24 15:27:12,379:INFO:Epoch 17, Training loss 149619.751953125, Validation loss 148978.845703125
2021-11-24 15:27:16,139:INFO:Epoch 18, Training loss 148656.56640625, Validation loss 148282.904296875
2021-11-24 15:27:19,966:INFO:Epoch 19, Training loss 147835.953125, Validation loss 147312.375
2021-11-24 15:27:23,714:INFO:Epoch 20, Training loss 146846.30078125, Validation loss 146288.8671875
2021-11-24 15:27:27,541:INFO:Epoch 21, Training loss 145773.111328125, Validation loss 145158.416015625
2021-11-24 15:27:31,297:INFO:Epoch 22, Training loss 144718.509765625, Validation loss 144260.5078125
2021-11-24 15:27:35,093:INFO:Epoch 23, Training loss 144048.103515625, Validation loss 143835.052734375
2021-11-24 15:27:38,848:INFO:Epoch 24, Training loss 143805.734375, Validation loss 143739.150390625
2021-11-24 15:27:42,668:INFO:Epoch 25, Training loss 143769.814453125, Validation loss 143675.466796875
2021-11-24 15:27:46,433:INFO:Epoch 26, Training loss 143688.6953125, Validation loss 143609.65234375
2021-11-24 15:27:50,271:INFO:Epoch 27, Training loss 143631.185546875, Validation loss 143604.03515625
2021-11-24 15:27:54,054:INFO:Epoch 28, Training loss 143621.962890625, Validation loss 143577.716796875
2021-11-24 15:27:57,861:INFO:Epoch 29, Training loss 143601.994140625, Validation loss 143551.169921875
2021-11-24 15:28:01,634:INFO:Epoch 30, Training loss 143588.2265625, Validation loss 143542.408203125
2021-11-24 15:28:05,407:INFO:Epoch 31, Training loss 143589.71484375, Validation loss 143541.83203125
2021-11-24 15:28:09,622:INFO:Epoch 32, Training loss 143585.76171875, Validation loss 143532.42578125
2021-11-24 15:28:13,416:INFO:Epoch 33, Training loss 143576.564453125, Validation loss 143544.21484375
2021-11-24 15:28:17,202:INFO:Epoch 34, Training loss 143582.333984375, Validation loss 143548.3515625
2021-11-24 15:28:20,993:INFO:Epoch 35, Training loss 143582.513671875, Validation loss 143552.814453125
2021-11-24 15:28:24,782:INFO:Epoch 36, Training loss 143580.08203125, Validation loss 143561.083984375
2021-11-24 15:28:28,605:INFO:Epoch 37, Training loss 143586.505859375, Validation loss 143524.98046875
2021-11-24 15:28:32,402:INFO:Epoch 38, Training loss 143576.06640625, Validation loss 143554.587890625
2021-11-24 15:28:36,166:INFO:Epoch 39, Training loss 143572.138671875, Validation loss 143550.767578125
2021-11-24 15:28:39,965:INFO:Epoch 40, Training loss 143571.4765625, Validation loss 143523.0390625
2021-11-24 15:28:43,726:INFO:Epoch 41, Training loss 143559.21484375, Validation loss 143527.80859375
2021-11-24 15:28:47,572:INFO:Epoch 42, Training loss 143554.673828125, Validation loss 143524.4765625
2021-11-24 15:28:51,334:INFO:Epoch 43, Training loss 143555.169921875, Validation loss 143523.173828125
2021-11-24 15:28:55,130:INFO:Epoch 44, Training loss 143553.6796875, Validation loss 143528.662109375
2021-11-24 15:28:58,893:INFO:Epoch 45, Training loss 143554.689453125, Validation loss 143525.92578125
2021-11-24 15:29:03,132:INFO:Epoch 46, Training loss 143550.890625, Validation loss 143525.392578125
2021-11-24 15:29:06,901:INFO:Epoch 47, Training loss 143556.65234375, Validation loss 143523.69921875
2021-11-24 15:29:10,714:INFO:Epoch 48, Training loss 143556.34765625, Validation loss 143521.640625
2021-11-24 15:29:14,495:INFO:Epoch 49, Training loss 143554.0234375, Validation loss 143551.626953125
2021-11-24 15:29:18,329:INFO:Epoch 50, Training loss 143564.2421875, Validation loss 143535.51171875
2021-11-24 15:29:22,114:INFO:Epoch 51, Training loss 143562.671875, Validation loss 143525.31640625
2021-11-24 15:29:25,885:INFO:Epoch 52, Training loss 143557.24609375, Validation loss 143543.4609375
2021-11-24 15:29:29,663:INFO:Epoch 53, Training loss 143555.568359375, Validation loss 143521.7421875
2021-11-24 15:29:33,462:INFO:Epoch 54, Training loss 143561.12109375, Validation loss 143537.30078125
2021-11-24 15:29:37,246:INFO:Epoch 55, Training loss 143557.236328125, Validation loss 143548.49609375
2021-11-24 15:29:41,012:INFO:Epoch 56, Training loss 143562.533203125, Validation loss 143522.689453125
2021-11-24 15:29:44,804:INFO:Epoch 57, Training loss 143552.529296875, Validation loss 143522.953125
2021-11-24 15:29:48,636:INFO:Epoch 58, Training loss 143547.619140625, Validation loss 143523.466796875
2021-11-24 15:29:52,454:INFO:Epoch 59, Training loss 143546.744140625, Validation loss 143524.82421875
2021-11-24 15:29:56,206:INFO:Epoch 60, Training loss 143546.7734375, Validation loss 143520.98046875
2021-11-24 15:30:00,002:INFO:Epoch 61, Training loss 143544.806640625, Validation loss 143525.583984375
2021-11-24 15:30:03,765:INFO:Epoch 62, Training loss 143545.861328125, Validation loss 143523.00390625
2021-11-24 15:30:07,851:INFO:Epoch 63, Training loss 143543.3984375, Validation loss 143520.638671875
2021-11-24 15:30:11,624:INFO:Epoch 64, Training loss 143547.892578125, Validation loss 143526.05078125
2021-11-24 15:30:15,483:INFO:Epoch 65, Training loss 143542.38671875, Validation loss 143522.3671875
2021-11-24 15:30:19,300:INFO:Epoch 66, Training loss 143544.357421875, Validation loss 143520.005859375
2021-11-24 15:30:23,165:INFO:Epoch 67, Training loss 143543.2890625, Validation loss 143521.24609375
2021-11-24 15:30:26,974:INFO:Epoch 68, Training loss 143545.203125, Validation loss 143542.396484375
2021-11-24 15:30:30,819:INFO:Epoch 69, Training loss 143558.416015625, Validation loss 143523.96875
2021-11-24 15:30:34,639:INFO:Epoch 70, Training loss 143546.228515625, Validation loss 143522.49609375
2021-11-24 15:30:38,519:INFO:Epoch 71, Training loss 143544.294921875, Validation loss 143523.205078125
2021-11-24 15:30:42,382:INFO:Epoch 72, Training loss 143550.2421875, Validation loss 143539.421875
2021-11-24 15:30:46,202:INFO:Epoch 73, Training loss 143556.61328125, Validation loss 143530.177734375
2021-11-24 15:30:50,044:INFO:Epoch 74, Training loss 143549.333984375, Validation loss 143528.55859375
2021-11-24 15:30:53,912:INFO:Epoch 75, Training loss 143544.564453125, Validation loss 143537.279296875
2021-11-24 15:30:57,753:INFO:Epoch 76, Training loss 143548.345703125, Validation loss 143521.84375
2021-11-24 15:31:01,686:INFO:Epoch 77, Training loss 143545.70703125, Validation loss 143547.0234375
2021-11-24 15:31:05,484:INFO:Epoch 78, Training loss 143564.513671875, Validation loss 143539.8828125
2021-11-24 15:31:09,272:INFO:Epoch 79, Training loss 143556.630859375, Validation loss 143532.16015625
2021-11-24 15:31:13,073:INFO:Epoch 80, Training loss 143546.6875, Validation loss 143523.037109375
2021-11-24 15:31:16,833:INFO:Epoch 81, Training loss 143544.3828125, Validation loss 143528.69140625
2021-11-24 15:31:20,639:INFO:Epoch 82, Training loss 143546.083984375, Validation loss 143519.98046875
2021-11-24 15:31:24,402:INFO:Epoch 83, Training loss 143539.583984375, Validation loss 143522.296875
2021-11-24 15:31:28,239:INFO:Epoch 84, Training loss 143541.646484375, Validation loss 143529.04296875
2021-11-24 15:31:32,001:INFO:Epoch 85, Training loss 143542.716796875, Validation loss 143524.9609375
2021-11-24 15:31:35,804:INFO:Epoch 86, Training loss 143541.998046875, Validation loss 143525.8828125
2021-11-24 15:31:39,587:INFO:Epoch 87, Training loss 143543.546875, Validation loss 143522.7890625
2021-11-24 15:31:43,441:INFO:Epoch 88, Training loss 143543.658203125, Validation loss 143523.865234375
2021-11-24 15:31:47,458:INFO:Epoch 89, Training loss 143544.751953125, Validation loss 143522.57421875
2021-11-24 15:31:51,247:INFO:Epoch 90, Training loss 143542.337890625, Validation loss 143524.171875
2021-11-24 15:31:55,032:INFO:Epoch 91, Training loss 143544.81640625, Validation loss 143540.05859375
2021-11-24 15:31:58,848:INFO:Epoch 92, Training loss 143550.099609375, Validation loss 143520.916015625
2021-11-24 15:32:02,627:INFO:Epoch 93, Training loss 143547.001953125, Validation loss 143539.970703125
2021-11-24 15:32:06,405:INFO:Epoch 94, Training loss 143543.0078125, Validation loss 143532.49609375
2021-11-24 15:32:10,189:INFO:Epoch 95, Training loss 143544.44140625, Validation loss 143521.16796875
2021-11-24 15:32:13,986:INFO:Epoch 96, Training loss 143540.529296875, Validation loss 143527.634765625
2021-11-24 15:32:17,771:INFO:Epoch 97, Training loss 143539.6484375, Validation loss 143525.919921875
2021-11-24 15:32:21,533:INFO:Epoch 98, Training loss 143538.6484375, Validation loss 143521.673828125
2021-11-24 15:32:25,321:INFO:Epoch 99, Training loss 143541.09765625, Validation loss 143524.703125
2021-11-24 15:32:29,102:INFO:Epoch 100, Training loss 143541.51171875, Validation loss 143532.25
2021-11-24 15:32:32,927:INFO:Epoch 101, Training loss 143542.3671875, Validation loss 143523.814453125
2021-11-24 15:32:36,685:INFO:Epoch 102, Training loss 143544.6015625, Validation loss 143525.533203125
2021-11-24 15:32:40,480:INFO:Epoch 103, Training loss 143543.240234375, Validation loss 143532.0
2021-11-24 15:32:44,236:INFO:Epoch 104, Training loss 143542.431640625, Validation loss 143519.890625
2021-11-24 15:32:48,058:INFO:Epoch 105, Training loss 143545.70703125, Validation loss 143523.89453125
2021-11-24 15:32:51,816:INFO:Epoch 106, Training loss 143540.90234375, Validation loss 143522.330078125
2021-11-24 15:32:55,621:INFO:Epoch 107, Training loss 143539.572265625, Validation loss 143538.3046875
2021-11-24 15:32:59,386:INFO:Epoch 108, Training loss 143544.71484375, Validation loss 143521.412109375
2021-11-24 15:33:03,199:INFO:Epoch 109, Training loss 143535.68359375, Validation loss 143523.310546875
2021-11-24 15:33:06,973:INFO:Epoch 110, Training loss 143535.486328125, Validation loss 143521.978515625
2021-11-24 15:33:10,756:INFO:Epoch 111, Training loss 143540.03125, Validation loss 143525.0859375
2021-11-24 15:33:14,530:INFO:Epoch 112, Training loss 143538.890625, Validation loss 143523.92578125
2021-11-24 15:33:18,336:INFO:Epoch 113, Training loss 143540.05859375, Validation loss 143526.435546875
2021-11-24 15:33:22,109:INFO:Epoch 114, Training loss 143537.28125, Validation loss 143524.70703125
2021-11-24 15:33:25,920:INFO:Epoch 115, Training loss 143540.876953125, Validation loss 143520.625
2021-11-24 15:33:29,708:INFO:Epoch 116, Training loss 143537.484375, Validation loss 143530.9140625
2021-11-24 15:33:33,538:INFO:Epoch 117, Training loss 143535.2265625, Validation loss 143519.951171875
2021-11-24 15:33:37,328:INFO:Epoch 118, Training loss 143536.494140625, Validation loss 143519.947265625
2021-11-24 15:33:41,091:INFO:Epoch 119, Training loss 143532.853515625, Validation loss 143520.140625
2021-11-24 15:33:44,894:INFO:Epoch 120, Training loss 143533.15234375, Validation loss 143524.71484375
2021-11-24 15:33:48,687:INFO:Epoch 121, Training loss 143539.03515625, Validation loss 143519.654296875
2021-11-24 15:33:52,496:INFO:Epoch 122, Training loss 143542.70703125, Validation loss 143532.796875
2021-11-24 15:33:56,276:INFO:Epoch 123, Training loss 143543.3359375, Validation loss 143526.65625
2021-11-24 15:34:00,081:INFO:Epoch 124, Training loss 143538.2890625, Validation loss 143524.61328125
2021-11-24 15:34:03,868:INFO:Epoch 125, Training loss 143537.025390625, Validation loss 143520.880859375
2021-11-24 15:34:07,708:INFO:Epoch 126, Training loss 143532.537109375, Validation loss 143520.38671875
2021-11-24 15:34:11,473:INFO:Epoch 127, Training loss 143531.83203125, Validation loss 143526.9609375
2021-11-24 15:34:15,279:INFO:Epoch 128, Training loss 143532.90234375, Validation loss 143522.2734375
2021-11-24 15:34:19,052:INFO:Epoch 129, Training loss 143532.630859375, Validation loss 143525.263671875
2021-11-24 15:34:22,876:INFO:Epoch 130, Training loss 143538.466796875, Validation loss 143520.69140625
2021-11-24 15:34:26,650:INFO:Epoch 131, Training loss 143532.392578125, Validation loss 143521.22265625
2021-11-24 15:34:30,460:INFO:Epoch 132, Training loss 143531.498046875, Validation loss 143522.50390625
2021-11-24 15:34:34,284:INFO:Epoch 133, Training loss 143531.357421875, Validation loss 143519.138671875
2021-11-24 15:34:38,092:INFO:Epoch 134, Training loss 143530.447265625, Validation loss 143522.83984375
2021-11-24 15:34:41,871:INFO:Epoch 135, Training loss 143537.708984375, Validation loss 143535.359375
2021-11-24 15:34:45,654:INFO:Epoch 136, Training loss 143533.478515625, Validation loss 143531.388671875
2021-11-24 15:34:49,443:INFO:Epoch 137, Training loss 143534.37109375, Validation loss 143521.05078125
2021-11-24 15:34:53,235:INFO:Epoch 138, Training loss 143534.541015625, Validation loss 143558.708984375
2021-11-24 15:34:57,387:INFO:Epoch 139, Training loss 143544.427734375, Validation loss 143531.77734375
2021-11-24 15:35:01,147:INFO:Epoch 140, Training loss 143534.390625, Validation loss 143520.353515625
2021-11-24 15:35:04,975:INFO:Epoch 141, Training loss 143536.951171875, Validation loss 143526.92578125
2021-11-24 15:35:08,762:INFO:Epoch 142, Training loss 143531.015625, Validation loss 143519.763671875
2021-11-24 15:35:12,570:INFO:Epoch 143, Training loss 143534.064453125, Validation loss 143543.630859375
2021-11-24 15:35:16,350:INFO:Epoch 144, Training loss 143543.591796875, Validation loss 143522.513671875
2021-11-24 15:35:20,201:INFO:Epoch 145, Training loss 143530.365234375, Validation loss 143522.376953125
2021-11-24 15:35:24,059:INFO:Epoch 146, Training loss 143531.81640625, Validation loss 143524.3359375
2021-11-24 15:35:27,973:INFO:Epoch 147, Training loss 143546.357421875, Validation loss 143546.513671875
2021-11-24 15:35:31,800:INFO:Epoch 148, Training loss 143541.419921875, Validation loss 143519.77734375
2021-11-24 15:35:35,687:INFO:Epoch 149, Training loss 143531.93359375, Validation loss 143525.2890625
2021-11-24 15:35:39,463:INFO:Epoch 150, Training loss 143534.87109375, Validation loss 143522.171875
2021-11-24 15:35:43,294:INFO:Epoch 151, Training loss 143536.806640625, Validation loss 143524.08984375
2021-11-24 15:35:47,079:INFO:Epoch 152, Training loss 143539.875, Validation loss 143523.76171875
2021-11-24 15:35:50,874:INFO:Epoch 153, Training loss 143534.4375, Validation loss 143527.220703125
2021-11-24 15:35:54,675:INFO:Epoch 154, Training loss 143534.603515625, Validation loss 143535.150390625
2021-11-24 15:35:58,510:INFO:Epoch 155, Training loss 143532.947265625, Validation loss 143521.1875
2021-11-24 15:36:02,301:INFO:Epoch 156, Training loss 143526.603515625, Validation loss 143519.380859375
2021-11-24 15:36:06,115:INFO:Epoch 157, Training loss 143525.658203125, Validation loss 143517.642578125
2021-11-24 15:36:09,906:INFO:Epoch 158, Training loss 143528.642578125, Validation loss 143520.865234375
2021-11-24 15:36:13,717:INFO:Epoch 159, Training loss 143527.94921875, Validation loss 143520.490234375
2021-11-24 15:36:17,513:INFO:Epoch 160, Training loss 143526.119140625, Validation loss 143517.93359375
2021-11-24 15:36:21,284:INFO:Epoch 161, Training loss 143528.966796875, Validation loss 143518.623046875
2021-11-24 15:36:25,092:INFO:Epoch 162, Training loss 143527.05078125, Validation loss 143518.998046875
2021-11-24 15:36:28,904:INFO:Epoch 163, Training loss 143526.77734375, Validation loss 143527.22265625
2021-11-24 15:36:32,724:INFO:Epoch 164, Training loss 143530.15234375, Validation loss 143520.033203125
2021-11-24 15:36:36,518:INFO:Epoch 165, Training loss 143526.880859375, Validation loss 143526.76953125
2021-11-24 15:36:40,341:INFO:Epoch 166, Training loss 143532.40625, Validation loss 143525.62890625
2021-11-24 15:36:44,101:INFO:Epoch 167, Training loss 143529.482421875, Validation loss 143524.341796875
2021-11-24 15:36:47,941:INFO:Epoch 168, Training loss 143534.591796875, Validation loss 143525.814453125
2021-11-24 15:36:51,710:INFO:Epoch 169, Training loss 143530.19921875, Validation loss 143530.453125
2021-11-24 15:36:55,531:INFO:Epoch 170, Training loss 143529.375, Validation loss 143518.736328125
2021-11-24 15:36:59,307:INFO:Epoch 171, Training loss 143530.509765625, Validation loss 143526.98828125
2021-11-24 15:37:03,155:INFO:Epoch 172, Training loss 143526.7265625, Validation loss 143529.271484375
2021-11-24 15:37:06,980:INFO:Epoch 173, Training loss 143528.056640625, Validation loss 143523.109375
2021-11-24 15:37:10,795:INFO:Epoch 174, Training loss 143532.841796875, Validation loss 143523.517578125
2021-11-24 15:37:14,585:INFO:Epoch 175, Training loss 143526.3984375, Validation loss 143521.505859375
2021-11-24 15:37:18,418:INFO:Epoch 176, Training loss 143524.037109375, Validation loss 143520.298828125
2021-11-24 15:37:22,219:INFO:Epoch 177, Training loss 143524.94921875, Validation loss 143521.42578125
2021-11-24 15:37:26,016:INFO:Epoch 178, Training loss 143532.0, Validation loss 143530.912109375
2021-11-24 15:37:29,818:INFO:Epoch 179, Training loss 143535.001953125, Validation loss 143520.830078125
2021-11-24 15:37:33,656:INFO:Epoch 180, Training loss 143537.955078125, Validation loss 143528.73046875
2021-11-24 15:37:37,480:INFO:Epoch 181, Training loss 143528.61328125, Validation loss 143518.64453125
2021-11-24 15:37:41,272:INFO:Epoch 182, Training loss 143528.044921875, Validation loss 143525.4296875
2021-11-24 15:37:45,089:INFO:Epoch 183, Training loss 143532.103515625, Validation loss 143530.078125
2021-11-24 15:37:48,909:INFO:Epoch 184, Training loss 143540.8671875, Validation loss 143545.03515625
2021-11-24 15:37:52,723:INFO:Epoch 185, Training loss 143542.01171875, Validation loss 143521.7109375
2021-11-24 15:37:56,494:INFO:Epoch 186, Training loss 143536.896484375, Validation loss 143548.576171875
2021-11-24 15:38:00,317:INFO:Epoch 187, Training loss 143552.083984375, Validation loss 143524.271484375
2021-11-24 15:38:04,123:INFO:Epoch 188, Training loss 143538.2265625, Validation loss 143534.50390625
2021-11-24 15:38:07,984:INFO:Epoch 189, Training loss 143552.310546875, Validation loss 143537.01171875
2021-11-24 15:38:11,767:INFO:Epoch 190, Training loss 143542.20703125, Validation loss 143528.384765625
2021-11-24 15:38:15,588:INFO:Epoch 191, Training loss 143542.177734375, Validation loss 143519.564453125
2021-11-24 15:38:19,363:INFO:Epoch 192, Training loss 143531.70703125, Validation loss 143521.705078125
2021-11-24 15:38:23,201:INFO:Epoch 193, Training loss 143526.771484375, Validation loss 143531.5703125
2021-11-24 15:38:26,992:INFO:Epoch 194, Training loss 143527.06640625, Validation loss 143520.017578125
2021-11-24 15:38:30,799:INFO:Epoch 195, Training loss 143526.681640625, Validation loss 143519.07421875
2021-11-24 15:38:34,606:INFO:Epoch 196, Training loss 143525.734375, Validation loss 143522.53125
2021-11-24 15:38:38,444:INFO:Epoch 197, Training loss 143528.94140625, Validation loss 143519.537109375
2021-11-24 15:38:42,240:INFO:Epoch 198, Training loss 143522.953125, Validation loss 143518.814453125
2021-11-24 15:38:46,051:INFO:Epoch 199, Training loss 143522.712890625, Validation loss 143522.51171875
2021-11-24 15:38:49,851:INFO:Epoch 200, Training loss 143524.884765625, Validation loss 143524.12890625
2021-11-24 15:38:53,672:INFO:Epoch 201, Training loss 143522.7265625, Validation loss 143524.134765625
2021-11-24 15:38:57,479:INFO:Epoch 202, Training loss 143528.041015625, Validation loss 143552.26953125
2021-11-24 15:39:01,263:INFO:Epoch 203, Training loss 143543.919921875, Validation loss 143524.041015625
2021-11-24 15:39:05,113:INFO:Epoch 204, Training loss 143534.814453125, Validation loss 143534.955078125
2021-11-24 15:39:08,937:INFO:Epoch 205, Training loss 143531.31640625, Validation loss 143522.486328125
2021-11-24 15:39:12,753:INFO:Epoch 206, Training loss 143526.16796875, Validation loss 143522.8046875
2021-11-24 15:39:16,534:INFO:Epoch 207, Training loss 143528.2734375, Validation loss 143522.302734375
2021-11-24 15:39:16,544:INFO:Finished training, producing training report at /data/theorie/jthoeve/ML4EFT_higgs/models/24_11/model_quad_cHW/mc_run_3/plots/training_report/
2021-11-24 15:39:19,411:WARNING:findfont: Font family ['sans-serif'] not found. Falling back to DejaVu Sans.
