7.822689648437500000e+04
7.495966308593750000e+04
7.395939453125000000e+04
7.382893652343750000e+04
7.391598535156250000e+04
7.394282421875000000e+04
7.389335742187500000e+04
7.383534472656250000e+04
7.380800292968750000e+04
7.380722265625000000e+04
7.381183007812500000e+04
7.381006738281250000e+04
7.380576269531250000e+04
7.380362207031250000e+04
7.380360742187500000e+04
7.380373339843750000e+04
7.380334375000000000e+04
7.380282128906250000e+04
7.380257617187500000e+04
7.380241113281250000e+04
7.380229785156250000e+04
7.380202539062500000e+04
7.380193164062500000e+04
7.380172753906250000e+04
7.380162500000000000e+04
7.380148242187500000e+04
7.380143261718750000e+04
7.380119921875000000e+04
7.380100195312500000e+04
7.380092285156250000e+04
7.380074707031250000e+04
7.380068164062500000e+04
7.380050781250000000e+04
7.380036621093750000e+04
7.380030566406250000e+04
7.380005273437500000e+04
7.379993554687500000e+04
7.379984179687500000e+04
7.379973046875000000e+04
7.379991699218750000e+04
7.379942871093750000e+04
7.379935644531250000e+04
7.379921582031250000e+04
7.379908691406250000e+04
7.379895019531250000e+04
7.379894531250000000e+04
7.379867382812500000e+04
7.379868652343750000e+04
7.379851367187500000e+04
7.379844335937500000e+04
7.379835742187500000e+04
7.379798828125000000e+04
7.379800585937500000e+04
7.379788574218750000e+04
7.379747656250000000e+04
7.379745019531250000e+04
7.379734472656250000e+04
7.379699511718750000e+04
7.379687304687500000e+04
7.379669921875000000e+04
7.379647558593750000e+04
7.379636230468750000e+04
7.379620019531250000e+04
7.379584570312500000e+04
7.379565234375000000e+04
7.379554394531250000e+04
7.379525000000000000e+04
7.379504296875000000e+04
7.379483593750000000e+04
7.379485156250000000e+04
7.379422656250000000e+04
7.379422949218750000e+04
7.379414550781250000e+04
7.379306445312500000e+04
7.379324023437500000e+04
7.379239941406250000e+04
7.379260449218750000e+04
7.379188281250000000e+04
7.379171289062500000e+04
7.379152148437500000e+04
7.379078906250000000e+04
7.379041113281250000e+04
7.378987890625000000e+04
7.378952148437500000e+04
7.378912304687500000e+04
7.378847265625000000e+04
7.378864941406250000e+04
7.378746191406250000e+04
7.378692089843750000e+04
7.378708789062500000e+04
7.378631738281250000e+04
7.378669433593750000e+04
7.378512207031250000e+04
7.378537988281250000e+04
7.378467675781250000e+04
7.378315136718750000e+04
7.378426953125000000e+04
7.378276757812500000e+04
7.378261621093750000e+04
7.378157421875000000e+04
7.378106738281250000e+04
7.378036718750000000e+04
7.377928417968750000e+04
