2021-11-17 17:54:11,611:INFO:All directories created, ready to load the data
2021-11-17 17:54:11,677:INFO:Dataset loaded from /data/theorie/jthoeve/event_generation/events_high_stats/lin/cHW/events_6.npy
2021-11-17 17:54:11,718:INFO:Dataset loaded from /data/theorie/jthoeve/event_generation/events_high_stats/sm/events_6.npy
2021-11-17 17:54:15,145:INFO:Epoch 1, Training loss 208028.296875, Validation loss 208028.14453125
2021-11-17 17:54:18,462:INFO:Epoch 2, Training loss 208026.83203125, Validation loss 208027.87109375
2021-11-17 17:54:21,775:INFO:Epoch 3, Training loss 208020.51953125, Validation loss 208010.47265625
2021-11-17 17:54:25,113:INFO:Epoch 4, Training loss 207959.390625, Validation loss 207840.03125
2021-11-17 17:54:28,412:INFO:Epoch 5, Training loss 207618.828125, Validation loss 207110.11328125
2021-11-17 17:54:31,727:INFO:Epoch 6, Training loss 206344.796875, Validation loss 203580.53515625
2021-11-17 17:54:35,016:INFO:Epoch 7, Training loss 190520.45703125, Validation loss 167997.640625
2021-11-17 17:54:38,344:INFO:Epoch 8, Training loss 154726.060546875, Validation loss 137493.0078125
2021-11-17 17:54:41,629:INFO:Epoch 9, Training loss 129211.529296875, Validation loss 119163.060546875
2021-11-17 17:54:44,944:INFO:Epoch 10, Training loss 115280.150390625, Validation loss 111336.744140625
2021-11-17 17:54:48,265:INFO:Epoch 11, Training loss 110344.390625, Validation loss 109789.85546875
2021-11-17 17:54:51,589:INFO:Epoch 12, Training loss 109877.396484375, Validation loss 110264.095703125
2021-11-17 17:54:54,897:INFO:Epoch 13, Training loss 110348.205078125, Validation loss 110532.490234375
2021-11-17 17:54:58,177:INFO:Epoch 14, Training loss 110404.109375, Validation loss 110309.216796875
2021-11-17 17:55:01,487:INFO:Epoch 15, Training loss 110090.48046875, Validation loss 109923.828125
2021-11-17 17:55:04,811:INFO:Epoch 16, Training loss 109741.7734375, Validation loss 109653.251953125
2021-11-17 17:55:08,131:INFO:Epoch 17, Training loss 109549.4296875, Validation loss 109562.134765625
2021-11-17 17:55:11,408:INFO:Epoch 18, Training loss 109507.23046875, Validation loss 109561.51171875
2021-11-17 17:55:14,738:INFO:Epoch 19, Training loss 109510.427734375, Validation loss 109553.09765625
2021-11-17 17:55:18,047:INFO:Epoch 20, Training loss 109490.375, Validation loss 109516.4140625
2021-11-17 17:55:21,397:INFO:Epoch 21, Training loss 109450.64453125, Validation loss 109477.091796875
2021-11-17 17:55:24,683:INFO:Epoch 22, Training loss 109416.02734375, Validation loss 109450.810546875
2021-11-17 17:55:28,012:INFO:Epoch 23, Training loss 109393.701171875, Validation loss 109433.4296875
2021-11-17 17:55:31,306:INFO:Epoch 24, Training loss 109376.83203125, Validation loss 109416.306640625
2021-11-17 17:55:34,656:INFO:Epoch 25, Training loss 109359.35546875, Validation loss 109396.947265625
2021-11-17 17:55:37,951:INFO:Epoch 26, Training loss 109340.283203125, Validation loss 109377.49609375
2021-11-17 17:55:41,262:INFO:Epoch 27, Training loss 109321.76953125, Validation loss 109359.751953125
2021-11-17 17:55:44,567:INFO:Epoch 28, Training loss 109305.30859375, Validation loss 109343.076171875
2021-11-17 17:55:47,911:INFO:Epoch 29, Training loss 109289.130859375, Validation loss 109326.5859375
2021-11-17 17:55:51,217:INFO:Epoch 30, Training loss 109272.484375, Validation loss 109310.544921875
2021-11-17 17:55:54,521:INFO:Epoch 31, Training loss 109256.50390625, Validation loss 109294.869140625
2021-11-17 17:55:57,836:INFO:Epoch 32, Training loss 109240.783203125, Validation loss 109279.36328125
2021-11-17 17:56:01,173:INFO:Epoch 33, Training loss 109224.748046875, Validation loss 109264.01953125
2021-11-17 17:56:04,501:INFO:Epoch 34, Training loss 109209.19921875, Validation loss 109248.552734375
2021-11-17 17:56:07,791:INFO:Epoch 35, Training loss 109193.697265625, Validation loss 109233.080078125
2021-11-17 17:56:11,110:INFO:Epoch 36, Training loss 109178.0625, Validation loss 109217.658203125
2021-11-17 17:56:14,433:INFO:Epoch 37, Training loss 109162.158203125, Validation loss 109202.529296875
2021-11-17 17:56:17,754:INFO:Epoch 38, Training loss 109146.71875, Validation loss 109187.359375
2021-11-17 17:56:21,040:INFO:Epoch 39, Training loss 109130.943359375, Validation loss 109171.716796875
2021-11-17 17:56:24,368:INFO:Epoch 40, Training loss 109115.03515625, Validation loss 109156.16796875
2021-11-17 17:56:27,656:INFO:Epoch 41, Training loss 109099.17578125, Validation loss 109140.59375
2021-11-17 17:56:31,010:INFO:Epoch 42, Training loss 109083.65625, Validation loss 109124.970703125
2021-11-17 17:56:34,296:INFO:Epoch 43, Training loss 109067.390625, Validation loss 109109.3359375
2021-11-17 17:56:37,627:INFO:Epoch 44, Training loss 109051.154296875, Validation loss 109094.48046875
2021-11-17 17:56:40,924:INFO:Epoch 45, Training loss 109035.203125, Validation loss 109079.923828125
2021-11-17 17:56:44,280:INFO:Epoch 46, Training loss 109019.83203125, Validation loss 109064.75
2021-11-17 17:56:47,576:INFO:Epoch 47, Training loss 109004.197265625, Validation loss 109051.041015625
2021-11-17 17:56:50,913:INFO:Epoch 48, Training loss 108989.568359375, Validation loss 109037.169921875
2021-11-17 17:56:54,331:INFO:Epoch 49, Training loss 108975.01171875, Validation loss 109024.73046875
2021-11-17 17:56:57,737:INFO:Epoch 50, Training loss 108961.412109375, Validation loss 109013.078125
2021-11-17 17:57:01,120:INFO:Epoch 51, Training loss 108948.50390625, Validation loss 109002.33203125
2021-11-17 17:57:04,505:INFO:Epoch 52, Training loss 108937.287109375, Validation loss 108993.220703125
2021-11-17 17:57:07,907:INFO:Epoch 53, Training loss 108925.779296875, Validation loss 108985.66796875
2021-11-17 17:57:11,310:INFO:Epoch 54, Training loss 108916.08203125, Validation loss 108978.662109375
2021-11-17 17:57:14,694:INFO:Epoch 55, Training loss 108908.720703125, Validation loss 108972.240234375
2021-11-17 17:57:18,053:INFO:Epoch 56, Training loss 108901.2890625, Validation loss 108967.765625
2021-11-17 17:57:21,450:INFO:Epoch 57, Training loss 108895.5625, Validation loss 108964.478515625
2021-11-17 17:57:24,845:INFO:Epoch 58, Training loss 108889.89453125, Validation loss 108960.828125
2021-11-17 17:57:28,240:INFO:Epoch 59, Training loss 108884.90234375, Validation loss 108958.353515625
2021-11-17 17:57:31,596:INFO:Epoch 60, Training loss 108881.421875, Validation loss 108955.859375
2021-11-17 17:57:34,995:INFO:Epoch 61, Training loss 108879.009765625, Validation loss 108955.328125
2021-11-17 17:57:38,348:INFO:Epoch 62, Training loss 108876.595703125, Validation loss 108953.966796875
2021-11-17 17:57:41,770:INFO:Epoch 63, Training loss 108874.513671875, Validation loss 108953.1953125
2021-11-17 17:57:45,132:INFO:Epoch 64, Training loss 108873.439453125, Validation loss 108952.765625
2021-11-17 17:57:48,535:INFO:Epoch 65, Training loss 108872.212890625, Validation loss 108952.0390625
2021-11-17 17:57:51,928:INFO:Epoch 66, Training loss 108871.271484375, Validation loss 108950.697265625
2021-11-17 17:57:55,353:INFO:Epoch 67, Training loss 108870.390625, Validation loss 108950.53515625
2021-11-17 17:57:58,719:INFO:Epoch 68, Training loss 108869.9921875, Validation loss 108950.3359375
2021-11-17 17:58:02,102:INFO:Epoch 69, Training loss 108870.064453125, Validation loss 108948.765625
2021-11-17 17:58:05,488:INFO:Epoch 70, Training loss 108869.060546875, Validation loss 108949.63671875
2021-11-17 17:58:08,903:INFO:Epoch 71, Training loss 108869.283203125, Validation loss 108947.3515625
2021-11-17 17:58:12,282:INFO:Epoch 72, Training loss 108867.521484375, Validation loss 108948.046875
2021-11-17 17:58:15,664:INFO:Epoch 73, Training loss 108867.09375, Validation loss 108946.98046875
2021-11-17 17:58:19,054:INFO:Epoch 74, Training loss 108866.48046875, Validation loss 108947.44140625
2021-11-17 17:58:22,452:INFO:Epoch 75, Training loss 108866.154296875, Validation loss 108946.658203125
2021-11-17 17:58:25,854:INFO:Epoch 76, Training loss 108865.69140625, Validation loss 108946.123046875
2021-11-17 17:58:29,223:INFO:Epoch 77, Training loss 108865.330078125, Validation loss 108945.7265625
2021-11-17 17:58:32,598:INFO:Epoch 78, Training loss 108864.986328125, Validation loss 108946.267578125
2021-11-17 17:58:35,979:INFO:Epoch 79, Training loss 108864.517578125, Validation loss 108946.435546875
2021-11-17 17:58:39,353:INFO:Epoch 80, Training loss 108864.923828125, Validation loss 108945.142578125
2021-11-17 17:58:42,688:INFO:Epoch 81, Training loss 108863.9453125, Validation loss 108947.482421875
2021-11-17 17:58:46,076:INFO:Epoch 82, Training loss 108863.728515625, Validation loss 108946.724609375
2021-11-17 17:58:49,416:INFO:Epoch 83, Training loss 108863.06640625, Validation loss 108945.6015625
2021-11-17 17:58:52,825:INFO:Epoch 84, Training loss 108862.869140625, Validation loss 108945.40625
2021-11-17 17:58:56,167:INFO:Epoch 85, Training loss 108862.70703125, Validation loss 108945.048828125
2021-11-17 17:58:59,548:INFO:Epoch 86, Training loss 108862.072265625, Validation loss 108945.224609375
2021-11-17 17:59:02,894:INFO:Epoch 87, Training loss 108862.30078125, Validation loss 108944.85546875
2021-11-17 17:59:06,325:INFO:Epoch 88, Training loss 108861.96875, Validation loss 108946.12109375
2021-11-17 17:59:09,677:INFO:Epoch 89, Training loss 108861.51171875, Validation loss 108945.818359375
2021-11-17 17:59:13,048:INFO:Epoch 90, Training loss 108861.375, Validation loss 108946.0625
2021-11-17 17:59:16,449:INFO:Epoch 91, Training loss 108861.779296875, Validation loss 108945.0703125
2021-11-17 17:59:19,857:INFO:Epoch 92, Training loss 108861.341796875, Validation loss 108945.025390625
2021-11-17 17:59:23,221:INFO:Epoch 93, Training loss 108861.095703125, Validation loss 108947.119140625
2021-11-17 17:59:26,575:INFO:Epoch 94, Training loss 108860.98828125, Validation loss 108946.72265625
2021-11-17 17:59:29,948:INFO:Epoch 95, Training loss 108860.82421875, Validation loss 108945.775390625
2021-11-17 17:59:33,337:INFO:Epoch 96, Training loss 108860.2421875, Validation loss 108945.345703125
2021-11-17 17:59:36,702:INFO:Epoch 97, Training loss 108860.0625, Validation loss 108945.037109375
2021-11-17 17:59:40,052:INFO:Epoch 98, Training loss 108859.791015625, Validation loss 108945.59765625
2021-11-17 17:59:43,434:INFO:Epoch 99, Training loss 108859.708984375, Validation loss 108944.7890625
2021-11-17 17:59:46,811:INFO:Epoch 100, Training loss 108859.212890625, Validation loss 108944.18359375
2021-11-17 17:59:50,185:INFO:Epoch 101, Training loss 108858.82421875, Validation loss 108944.69921875
2021-11-17 17:59:53,523:INFO:Epoch 102, Training loss 108858.73046875, Validation loss 108945.353515625
2021-11-17 17:59:56,914:INFO:Epoch 103, Training loss 108859.26171875, Validation loss 108945.72265625
2021-11-17 18:00:00,255:INFO:Epoch 104, Training loss 108858.587890625, Validation loss 108945.3515625
2021-11-17 18:00:03,669:INFO:Epoch 105, Training loss 108858.849609375, Validation loss 108944.607421875
2021-11-17 18:00:07,036:INFO:Epoch 106, Training loss 108859.87890625, Validation loss 108946.236328125
2021-11-17 18:00:10,425:INFO:Epoch 107, Training loss 108858.982421875, Validation loss 108945.208984375
2021-11-17 18:00:13,779:INFO:Epoch 108, Training loss 108858.810546875, Validation loss 108946.125
2021-11-17 18:00:17,196:INFO:Epoch 109, Training loss 108857.923828125, Validation loss 108944.703125
2021-11-17 18:00:20,536:INFO:Epoch 110, Training loss 108857.939453125, Validation loss 108945.66015625
2021-11-17 18:00:23,902:INFO:Epoch 111, Training loss 108858.09375, Validation loss 108946.955078125
2021-11-17 18:00:27,259:INFO:Epoch 112, Training loss 108857.400390625, Validation loss 108945.16015625
2021-11-17 18:00:30,651:INFO:Epoch 113, Training loss 108857.767578125, Validation loss 108944.380859375
2021-11-17 18:00:34,010:INFO:Epoch 114, Training loss 108857.46875, Validation loss 108945.267578125
2021-11-17 18:00:37,369:INFO:Epoch 115, Training loss 108857.357421875, Validation loss 108945.19140625
2021-11-17 18:00:40,748:INFO:Epoch 116, Training loss 108857.33984375, Validation loss 108946.740234375
2021-11-17 18:00:44,129:INFO:Epoch 117, Training loss 108856.947265625, Validation loss 108946.310546875
2021-11-17 18:00:47,498:INFO:Epoch 118, Training loss 108856.8046875, Validation loss 108945.474609375
2021-11-17 18:00:50,853:INFO:Epoch 119, Training loss 108857.06640625, Validation loss 108945.580078125
2021-11-17 18:00:54,231:INFO:Epoch 120, Training loss 108856.990234375, Validation loss 108945.234375
2021-11-17 18:00:54,237:INFO:Finished training, producing training report at /data/theorie/jthoeve/ML4EFT_higgs/models/17_11/model_final_lin_cHW/mc_run_6/plots/training_report/
2021-11-17 18:00:54,535:WARNING:findfont: Font family ['sans-serif'] not found. Falling back to DejaVu Sans.
