2022-01-24 14:05:53,836:INFO:All directories created, ready to load the data
2022-01-24 14:05:53,902:INFO:Dataset loaded from /data/theorie/jthoeve/event_generation/events_high_stats/pT/lin/cHW/events_18.npy
2022-01-24 14:05:53,936:INFO:Dataset loaded from /data/theorie/jthoeve/event_generation/events_high_stats/pT/sm/events_18.npy
2022-01-24 14:05:56,450:INFO:Epoch 1, Training loss 189558.03125, Validation loss 170000.8359375
2022-01-24 14:05:58,945:INFO:Epoch 2, Training loss 160554.681640625, Validation loss 147997.359375
2022-01-24 14:06:01,414:INFO:Epoch 3, Training loss 141509.037109375, Validation loss 132386.861328125
2022-01-24 14:06:03,919:INFO:Epoch 4, Training loss 127541.669921875, Validation loss 120893.70703125
2022-01-24 14:06:06,379:INFO:Epoch 5, Training loss 117959.234375, Validation loss 114053.04296875
2022-01-24 14:06:08,847:INFO:Epoch 6, Training loss 112638.62109375, Validation loss 110709.4140625
2022-01-24 14:06:11,330:INFO:Epoch 7, Training loss 110310.076171875, Validation loss 109616.791015625
2022-01-24 14:06:13,835:INFO:Epoch 8, Training loss 109728.560546875, Validation loss 109576.787109375
2022-01-24 14:06:16,329:INFO:Epoch 9, Training loss 109800.03515625, Validation loss 109696.17578125
2022-01-24 14:06:18,789:INFO:Epoch 10, Training loss 109851.98046875, Validation loss 109647.818359375
2022-01-24 14:06:21,293:INFO:Epoch 11, Training loss 109748.876953125, Validation loss 109503.658203125
2022-01-24 14:06:23,790:INFO:Epoch 12, Training loss 109605.048828125, Validation loss 109393.806640625
2022-01-24 14:06:26,295:INFO:Epoch 13, Training loss 109521.943359375, Validation loss 109360.8515625
2022-01-24 14:06:28,758:INFO:Epoch 14, Training loss 109499.869140625, Validation loss 109351.34765625
2022-01-24 14:06:31,268:INFO:Epoch 15, Training loss 109476.40625, Validation loss 109320.34765625
2022-01-24 14:06:33,734:INFO:Epoch 16, Training loss 109437.453125, Validation loss 109281.75390625
2022-01-24 14:06:36,270:INFO:Epoch 17, Training loss 109398.6328125, Validation loss 109252.40625
2022-01-24 14:06:38,739:INFO:Epoch 18, Training loss 109368.84765625, Validation loss 109227.6640625
2022-01-24 14:06:41,243:INFO:Epoch 19, Training loss 109340.609375, Validation loss 109203.123046875
2022-01-24 14:06:43,715:INFO:Epoch 20, Training loss 109312.62109375, Validation loss 109180.375
2022-01-24 14:06:46,243:INFO:Epoch 21, Training loss 109285.5703125, Validation loss 109157.623046875
2022-01-24 14:06:48,720:INFO:Epoch 22, Training loss 109257.490234375, Validation loss 109135.15625
2022-01-24 14:06:51,210:INFO:Epoch 23, Training loss 109231.625, Validation loss 109112.36328125
2022-01-24 14:06:53,700:INFO:Epoch 24, Training loss 109204.634765625, Validation loss 109089.69140625
2022-01-24 14:06:56,227:INFO:Epoch 25, Training loss 109177.716796875, Validation loss 109066.765625
2022-01-24 14:06:58,714:INFO:Epoch 26, Training loss 109149.833984375, Validation loss 109043.51171875
2022-01-24 14:07:01,190:INFO:Epoch 27, Training loss 109123.462890625, Validation loss 109019.259765625
2022-01-24 14:07:03,694:INFO:Epoch 28, Training loss 109094.859375, Validation loss 108993.19921875
2022-01-24 14:07:06,212:INFO:Epoch 29, Training loss 109066.0390625, Validation loss 108966.12890625
2022-01-24 14:07:08,706:INFO:Epoch 30, Training loss 109033.990234375, Validation loss 108935.66796875
2022-01-24 14:07:11,173:INFO:Epoch 31, Training loss 109000.5703125, Validation loss 108902.5
2022-01-24 14:07:13,681:INFO:Epoch 32, Training loss 108965.177734375, Validation loss 108867.25390625
2022-01-24 14:07:16,198:INFO:Epoch 33, Training loss 108928.48046875, Validation loss 108830.435546875
2022-01-24 14:07:18,702:INFO:Epoch 34, Training loss 108890.365234375, Validation loss 108792.498046875
2022-01-24 14:07:21,164:INFO:Epoch 35, Training loss 108851.349609375, Validation loss 108757.560546875
2022-01-24 14:07:23,679:INFO:Epoch 36, Training loss 108812.4609375, Validation loss 108722.01171875
2022-01-24 14:07:26,146:INFO:Epoch 37, Training loss 108777.337890625, Validation loss 108690.923828125
2022-01-24 14:07:28,681:INFO:Epoch 38, Training loss 108742.640625, Validation loss 108657.318359375
2022-01-24 14:07:31,151:INFO:Epoch 39, Training loss 108715.833984375, Validation loss 108639.5546875
2022-01-24 14:07:33,663:INFO:Epoch 40, Training loss 108693.48828125, Validation loss 108625.083984375
2022-01-24 14:07:36,139:INFO:Epoch 41, Training loss 108677.748046875, Validation loss 108608.8359375
2022-01-24 14:07:38,662:INFO:Epoch 42, Training loss 108664.994140625, Validation loss 108605.076171875
2022-01-24 14:07:41,145:INFO:Epoch 43, Training loss 108660.3515625, Validation loss 108600.833984375
2022-01-24 14:07:43,632:INFO:Epoch 44, Training loss 108654.794921875, Validation loss 108598.017578125
2022-01-24 14:07:46,116:INFO:Epoch 45, Training loss 108655.033203125, Validation loss 108586.53125
2022-01-24 14:07:48,646:INFO:Epoch 46, Training loss 108647.626953125, Validation loss 108592.69921875
2022-01-24 14:07:51,139:INFO:Epoch 47, Training loss 108644.29296875, Validation loss 108585.205078125
2022-01-24 14:07:53,631:INFO:Epoch 48, Training loss 108637.5625, Validation loss 108581.275390625
2022-01-24 14:07:56,135:INFO:Epoch 49, Training loss 108635.611328125, Validation loss 108579.470703125
2022-01-24 14:07:58,645:INFO:Epoch 50, Training loss 108634.11328125, Validation loss 108578.369140625
2022-01-24 14:08:01,144:INFO:Epoch 51, Training loss 108628.486328125, Validation loss 108577.279296875
2022-01-24 14:08:03,622:INFO:Epoch 52, Training loss 108626.08984375, Validation loss 108575.341796875
2022-01-24 14:08:06,140:INFO:Epoch 53, Training loss 108624.892578125, Validation loss 108573.228515625
2022-01-24 14:08:08,648:INFO:Epoch 54, Training loss 108622.43359375, Validation loss 108576.7890625
2022-01-24 14:08:11,163:INFO:Epoch 55, Training loss 108623.333984375, Validation loss 108575.8515625
2022-01-24 14:08:13,628:INFO:Epoch 56, Training loss 108621.271484375, Validation loss 108572.12109375
2022-01-24 14:08:16,151:INFO:Epoch 57, Training loss 108618.552734375, Validation loss 108569.3203125
2022-01-24 14:08:18,626:INFO:Epoch 58, Training loss 108616.515625, Validation loss 108568.119140625
2022-01-24 14:08:21,164:INFO:Epoch 59, Training loss 108614.896484375, Validation loss 108575.767578125
2022-01-24 14:08:23,646:INFO:Epoch 60, Training loss 108614.798828125, Validation loss 108572.501953125
2022-01-24 14:08:26,157:INFO:Epoch 61, Training loss 108610.498046875, Validation loss 108570.0078125
2022-01-24 14:08:28,631:INFO:Epoch 62, Training loss 108610.33203125, Validation loss 108571.029296875
2022-01-24 14:08:31,164:INFO:Epoch 63, Training loss 108609.08984375, Validation loss 108565.828125
2022-01-24 14:08:33,643:INFO:Epoch 64, Training loss 108606.888671875, Validation loss 108573.30859375
2022-01-24 14:08:36,134:INFO:Epoch 65, Training loss 108607.662109375, Validation loss 108569.03125
2022-01-24 14:08:38,617:INFO:Epoch 66, Training loss 108606.865234375, Validation loss 108570.47265625
2022-01-24 14:08:41,138:INFO:Epoch 67, Training loss 108605.5390625, Validation loss 108569.380859375
2022-01-24 14:08:43,631:INFO:Epoch 68, Training loss 108607.830078125, Validation loss 108568.791015625
2022-01-24 14:08:46,119:INFO:Epoch 69, Training loss 108604.458984375, Validation loss 108569.41015625
2022-01-24 14:08:48,617:INFO:Epoch 70, Training loss 108603.810546875, Validation loss 108567.314453125
2022-01-24 14:08:51,127:INFO:Epoch 71, Training loss 108602.640625, Validation loss 108567.814453125
2022-01-24 14:08:53,630:INFO:Epoch 72, Training loss 108602.609375, Validation loss 108567.373046875
2022-01-24 14:08:56,096:INFO:Epoch 73, Training loss 108599.21875, Validation loss 108562.91796875
2022-01-24 14:08:58,614:INFO:Epoch 74, Training loss 108598.50390625, Validation loss 108564.26953125
2022-01-24 14:09:01,123:INFO:Epoch 75, Training loss 108597.220703125, Validation loss 108565.396484375
2022-01-24 14:09:03,629:INFO:Epoch 76, Training loss 108597.625, Validation loss 108565.537109375
2022-01-24 14:09:06,097:INFO:Epoch 77, Training loss 108601.0859375, Validation loss 108565.005859375
2022-01-24 14:09:08,614:INFO:Epoch 78, Training loss 108596.271484375, Validation loss 108572.21484375
2022-01-24 14:09:11,085:INFO:Epoch 79, Training loss 108598.15625, Validation loss 108569.970703125
2022-01-24 14:09:13,623:INFO:Epoch 80, Training loss 108596.177734375, Validation loss 108566.9375
2022-01-24 14:09:16,093:INFO:Epoch 81, Training loss 108596.841796875, Validation loss 108560.6875
2022-01-24 14:09:18,592:INFO:Epoch 82, Training loss 108594.70703125, Validation loss 108564.650390625
2022-01-24 14:09:21,074:INFO:Epoch 83, Training loss 108592.013671875, Validation loss 108561.1640625
2022-01-24 14:09:23,605:INFO:Epoch 84, Training loss 108590.9609375, Validation loss 108561.955078125
2022-01-24 14:09:26,089:INFO:Epoch 85, Training loss 108589.685546875, Validation loss 108561.150390625
2022-01-24 14:09:28,610:INFO:Epoch 86, Training loss 108589.892578125, Validation loss 108561.89453125
2022-01-24 14:09:31,142:INFO:Epoch 87, Training loss 108589.466796875, Validation loss 108560.40234375
2022-01-24 14:09:33,715:INFO:Epoch 88, Training loss 108588.931640625, Validation loss 108560.462890625
2022-01-24 14:09:36,265:INFO:Epoch 89, Training loss 108587.064453125, Validation loss 108561.81640625
2022-01-24 14:09:38,822:INFO:Epoch 90, Training loss 108586.84765625, Validation loss 108566.40234375
2022-01-24 14:09:41,390:INFO:Epoch 91, Training loss 108587.26953125, Validation loss 108561.33984375
2022-01-24 14:09:43,973:INFO:Epoch 92, Training loss 108588.19921875, Validation loss 108567.18359375
2022-01-24 14:09:46,539:INFO:Epoch 93, Training loss 108588.58203125, Validation loss 108563.912109375
2022-01-24 14:09:49,080:INFO:Epoch 94, Training loss 108586.9921875, Validation loss 108560.60546875
2022-01-24 14:09:51,652:INFO:Epoch 95, Training loss 108584.3828125, Validation loss 108562.9921875
2022-01-24 14:09:54,227:INFO:Epoch 96, Training loss 108582.06640625, Validation loss 108563.232421875
2022-01-24 14:09:56,804:INFO:Epoch 97, Training loss 108583.326171875, Validation loss 108561.884765625
2022-01-24 14:09:59,337:INFO:Epoch 98, Training loss 108582.341796875, Validation loss 108557.953125
2022-01-24 14:10:01,917:INFO:Epoch 99, Training loss 108580.421875, Validation loss 108563.1796875
2022-01-24 14:10:04,459:INFO:Epoch 100, Training loss 108579.94921875, Validation loss 108565.578125
2022-01-24 14:10:07,071:INFO:Epoch 101, Training loss 108581.296875, Validation loss 108564.216796875
2022-01-24 14:10:09,621:INFO:Epoch 102, Training loss 108579.603515625, Validation loss 108561.134765625
2022-01-24 14:10:12,189:INFO:Epoch 103, Training loss 108577.765625, Validation loss 108562.212890625
2022-01-24 14:10:14,737:INFO:Epoch 104, Training loss 108580.00390625, Validation loss 108560.75
2022-01-24 14:10:17,344:INFO:Epoch 105, Training loss 108576.599609375, Validation loss 108557.302734375
2022-01-24 14:10:19,895:INFO:Epoch 106, Training loss 108576.76953125, Validation loss 108561.841796875
2022-01-24 14:10:22,462:INFO:Epoch 107, Training loss 108575.66796875, Validation loss 108563.5546875
2022-01-24 14:10:25,017:INFO:Epoch 108, Training loss 108575.4609375, Validation loss 108563.515625
2022-01-24 14:10:27,615:INFO:Epoch 109, Training loss 108577.775390625, Validation loss 108560.359375
2022-01-24 14:10:30,177:INFO:Epoch 110, Training loss 108573.841796875, Validation loss 108566.91015625
2022-01-24 14:10:32,725:INFO:Epoch 111, Training loss 108575.576171875, Validation loss 108561.9375
2022-01-24 14:10:35,292:INFO:Epoch 112, Training loss 108577.4453125, Validation loss 108557.375
2022-01-24 14:10:37,875:INFO:Epoch 113, Training loss 108573.03125, Validation loss 108563.271484375
2022-01-24 14:10:40,444:INFO:Epoch 114, Training loss 108574.5, Validation loss 108564.96875
2022-01-24 14:10:42,985:INFO:Epoch 115, Training loss 108571.90234375, Validation loss 108558.861328125
2022-01-24 14:10:45,554:INFO:Epoch 116, Training loss 108573.984375, Validation loss 108562.087890625
2022-01-24 14:10:48,128:INFO:Epoch 117, Training loss 108571.845703125, Validation loss 108567.20703125
2022-01-24 14:10:50,701:INFO:Epoch 118, Training loss 108576.791015625, Validation loss 108560.83984375
2022-01-24 14:10:53,215:INFO:Epoch 119, Training loss 108571.75, Validation loss 108565.517578125
2022-01-24 14:10:55,753:INFO:Epoch 120, Training loss 108569.771484375, Validation loss 108561.763671875
2022-01-24 14:10:58,225:INFO:Epoch 121, Training loss 108570.783203125, Validation loss 108560.37890625
2022-01-24 14:11:00,772:INFO:Epoch 122, Training loss 108570.580078125, Validation loss 108567.5390625
2022-01-24 14:11:03,257:INFO:Epoch 123, Training loss 108570.658203125, Validation loss 108560.841796875
2022-01-24 14:11:05,768:INFO:Epoch 124, Training loss 108570.388671875, Validation loss 108558.041015625
2022-01-24 14:11:08,256:INFO:Epoch 125, Training loss 108568.125, Validation loss 108567.3046875
2022-01-24 14:11:10,805:INFO:Epoch 126, Training loss 108568.0625, Validation loss 108560.693359375
2022-01-24 14:11:13,303:INFO:Epoch 127, Training loss 108570.099609375, Validation loss 108559.208984375
2022-01-24 14:11:15,807:INFO:Epoch 128, Training loss 108569.07421875, Validation loss 108567.748046875
2022-01-24 14:11:18,308:INFO:Epoch 129, Training loss 108568.70703125, Validation loss 108561.59765625
2022-01-24 14:11:20,846:INFO:Epoch 130, Training loss 108567.2421875, Validation loss 108559.0703125
2022-01-24 14:11:23,345:INFO:Epoch 131, Training loss 108568.564453125, Validation loss 108567.251953125
2022-01-24 14:11:25,841:INFO:Epoch 132, Training loss 108566.552734375, Validation loss 108561.15234375
2022-01-24 14:11:28,349:INFO:Epoch 133, Training loss 108566.751953125, Validation loss 108560.56640625
2022-01-24 14:11:30,877:INFO:Epoch 134, Training loss 108566.400390625, Validation loss 108563.234375
2022-01-24 14:11:33,385:INFO:Epoch 135, Training loss 108565.923828125, Validation loss 108559.171875
2022-01-24 14:11:35,863:INFO:Epoch 136, Training loss 108564.669921875, Validation loss 108566.453125
2022-01-24 14:11:38,369:INFO:Epoch 137, Training loss 108566.099609375, Validation loss 108565.220703125
2022-01-24 14:11:40,886:INFO:Epoch 138, Training loss 108567.99609375, Validation loss 108560.033203125
2022-01-24 14:11:43,394:INFO:Epoch 139, Training loss 108564.4765625, Validation loss 108563.494140625
2022-01-24 14:11:45,869:INFO:Epoch 140, Training loss 108567.7109375, Validation loss 108572.130859375
2022-01-24 14:11:48,391:INFO:Epoch 141, Training loss 108565.650390625, Validation loss 108556.689453125
2022-01-24 14:11:50,865:INFO:Epoch 142, Training loss 108564.8515625, Validation loss 108563.38671875
2022-01-24 14:11:53,407:INFO:Epoch 143, Training loss 108562.181640625, Validation loss 108561.806640625
2022-01-24 14:11:55,883:INFO:Epoch 144, Training loss 108562.6328125, Validation loss 108563.3671875
2022-01-24 14:11:58,394:INFO:Epoch 145, Training loss 108562.115234375, Validation loss 108563.349609375
2022-01-24 14:12:00,882:INFO:Epoch 146, Training loss 108563.63671875, Validation loss 108558.517578125
2022-01-24 14:12:03,440:INFO:Epoch 147, Training loss 108562.521484375, Validation loss 108562.94921875
2022-01-24 14:12:05,931:INFO:Epoch 148, Training loss 108560.87109375, Validation loss 108563.501953125
2022-01-24 14:12:08,436:INFO:Epoch 149, Training loss 108560.62890625, Validation loss 108560.75390625
2022-01-24 14:12:10,939:INFO:Epoch 150, Training loss 108561.005859375, Validation loss 108560.75
2022-01-24 14:12:13,428:INFO:Epoch 151, Training loss 108562.8046875, Validation loss 108563.30078125
2022-01-24 14:12:15,837:INFO:Epoch 152, Training loss 108559.591796875, Validation loss 108559.4296875
2022-01-24 14:12:18,240:INFO:Epoch 153, Training loss 108560.970703125, Validation loss 108564.484375
2022-01-24 14:12:20,657:INFO:Epoch 154, Training loss 108560.91796875, Validation loss 108560.556640625
2022-01-24 14:12:23,109:INFO:Epoch 155, Training loss 108560.79296875, Validation loss 108564.6640625
2022-01-24 14:12:25,535:INFO:Epoch 156, Training loss 108561.66015625, Validation loss 108564.328125
2022-01-24 14:12:27,925:INFO:Epoch 157, Training loss 108561.646484375, Validation loss 108564.466796875
2022-01-24 14:12:30,347:INFO:Epoch 158, Training loss 108561.0703125, Validation loss 108560.03125
2022-01-24 14:12:32,806:INFO:Epoch 159, Training loss 108561.39453125, Validation loss 108561.9921875
2022-01-24 14:12:35,238:INFO:Epoch 160, Training loss 108560.126953125, Validation loss 108567.2734375
2022-01-24 14:12:37,625:INFO:Epoch 161, Training loss 108560.556640625, Validation loss 108564.8359375
2022-01-24 14:12:40,057:INFO:Epoch 162, Training loss 108558.150390625, Validation loss 108560.7578125
2022-01-24 14:12:42,456:INFO:Epoch 163, Training loss 108559.01171875, Validation loss 108563.21484375
2022-01-24 14:12:44,917:INFO:Epoch 164, Training loss 108559.849609375, Validation loss 108567.2890625
2022-01-24 14:12:47,309:INFO:Epoch 165, Training loss 108563.8828125, Validation loss 108563.927734375
2022-01-24 14:12:49,729:INFO:Epoch 166, Training loss 108569.208984375, Validation loss 108564.447265625
2022-01-24 14:12:52,124:INFO:Epoch 167, Training loss 108561.947265625, Validation loss 108575.521484375
2022-01-24 14:12:54,573:INFO:Epoch 168, Training loss 108566.5625, Validation loss 108565.166015625
2022-01-24 14:12:56,968:INFO:Epoch 169, Training loss 108559.455078125, Validation loss 108564.3984375
2022-01-24 14:12:59,379:INFO:Epoch 170, Training loss 108561.263671875, Validation loss 108566.08984375
2022-01-24 14:13:01,778:INFO:Epoch 171, Training loss 108562.650390625, Validation loss 108565.41015625
2022-01-24 14:13:04,221:INFO:Epoch 172, Training loss 108556.423828125, Validation loss 108562.623046875
2022-01-24 14:13:06,625:INFO:Epoch 173, Training loss 108560.369140625, Validation loss 108565.30859375
2022-01-24 14:13:09,031:INFO:Epoch 174, Training loss 108559.22265625, Validation loss 108562.697265625
2022-01-24 14:13:11,457:INFO:Epoch 175, Training loss 108556.78515625, Validation loss 108562.34765625
2022-01-24 14:13:13,889:INFO:Epoch 176, Training loss 108556.443359375, Validation loss 108569.142578125
2022-01-24 14:13:16,305:INFO:Epoch 177, Training loss 108557.90234375, Validation loss 108562.97265625
2022-01-24 14:13:18,705:INFO:Epoch 178, Training loss 108561.203125, Validation loss 108565.986328125
2022-01-24 14:13:21,126:INFO:Epoch 179, Training loss 108562.673828125, Validation loss 108577.1953125
2022-01-24 14:13:23,542:INFO:Epoch 180, Training loss 108562.861328125, Validation loss 108561.537109375
2022-01-24 14:13:25,967:INFO:Epoch 181, Training loss 108562.625, Validation loss 108571.7265625
2022-01-24 14:13:28,354:INFO:Epoch 182, Training loss 108560.40234375, Validation loss 108574.572265625
2022-01-24 14:13:30,783:INFO:Epoch 183, Training loss 108563.587890625, Validation loss 108564.404296875
2022-01-24 14:13:33,167:INFO:Epoch 184, Training loss 108563.994140625, Validation loss 108568.84765625
2022-01-24 14:13:35,620:INFO:Epoch 185, Training loss 108560.7734375, Validation loss 108576.357421875
2022-01-24 14:13:38,012:INFO:Epoch 186, Training loss 108560.23828125, Validation loss 108565.4375
2022-01-24 14:13:40,434:INFO:Epoch 187, Training loss 108560.857421875, Validation loss 108566.6015625
2022-01-24 14:13:42,829:INFO:Epoch 188, Training loss 108558.568359375, Validation loss 108573.46484375
2022-01-24 14:13:45,278:INFO:Epoch 189, Training loss 108559.173828125, Validation loss 108566.0625
2022-01-24 14:13:47,674:INFO:Epoch 190, Training loss 108556.212890625, Validation loss 108565.990234375
2022-01-24 14:13:50,085:INFO:Epoch 191, Training loss 108560.02734375, Validation loss 108573.484375
2022-01-24 14:13:50,093:INFO:Finished training
