2.080700390625000000e+05
2.080700390625000000e+05
2.080700390625000000e+05
2.080700390625000000e+05
2.080700390625000000e+05
2.080700390625000000e+05
2.080700390625000000e+05
2.080700390625000000e+05
2.080700390625000000e+05
2.080700390625000000e+05
2.080700390625000000e+05
2.080700390625000000e+05
1.288199121093750000e+05
1.215490937500000000e+05
1.146489082031250000e+05
1.103548730468750000e+05
1.094994804687500000e+05
1.098948085937500000e+05
1.096118925781250000e+05
1.092899414062500000e+05
1.092436054687500000e+05
1.092494472656250000e+05
1.091923300781250000e+05
1.091351562500000000e+05
1.091078515625000000e+05
1.090855546875000000e+05
1.090535117187500000e+05
1.090223750000000000e+05
1.089956445312500000e+05
1.089676757812500000e+05
1.089372402343750000e+05
1.089079667968750000e+05
1.088793808593750000e+05
1.088492089843750000e+05
1.088196875000000000e+05
1.087909082031250000e+05
1.087625546875000000e+05
1.087361953125000000e+05
1.087096445312500000e+05
1.086841640625000000e+05
1.086584746093750000e+05
1.086355195312500000e+05
1.086159062500000000e+05
1.085985722656250000e+05
1.085867871093750000e+05
1.085775312500000000e+05
1.085705859375000000e+05
1.085662500000000000e+05
1.085637929687500000e+05
1.085614687500000000e+05
1.085597832031250000e+05
1.085568945312500000e+05
1.085551542968750000e+05
1.085530273437500000e+05
1.085516269531250000e+05
1.085513085937500000e+05
1.085477656250000000e+05
1.085468085937500000e+05
1.085459472656250000e+05
1.085445683593750000e+05
1.085426191406250000e+05
1.085415253906250000e+05
1.085407324218750000e+05
1.085393828125000000e+05
1.085391250000000000e+05
1.085391093750000000e+05
1.085380976562500000e+05
1.085371972656250000e+05
1.085359707031250000e+05
1.085366152343750000e+05
1.085349746093750000e+05
1.085340429687500000e+05
1.085337500000000000e+05
1.085332031250000000e+05
1.085324589843750000e+05
1.085320957031250000e+05
1.085316777343750000e+05
1.085305253906250000e+05
1.085321113281250000e+05
1.085301425781250000e+05
1.085309023437500000e+05
1.085275546875000000e+05
1.085285957031250000e+05
1.085279414062500000e+05
1.085268828125000000e+05
1.085255781250000000e+05
1.085258144531250000e+05
1.085256015625000000e+05
1.085238613281250000e+05
1.085236640625000000e+05
1.085228710937500000e+05
1.085224414062500000e+05
1.085219941406250000e+05
1.085219824218750000e+05
1.085220429687500000e+05
1.085206230468750000e+05
1.085207675781250000e+05
1.085195937500000000e+05
1.085198066406250000e+05
1.085200937500000000e+05
1.085195507812500000e+05
1.085178691406250000e+05
1.085184433593750000e+05
1.085170117187500000e+05
1.085170703125000000e+05
1.085161640625000000e+05
1.085158652343750000e+05
1.085162089843750000e+05
1.085156191406250000e+05
1.085146132812500000e+05
1.085145039062500000e+05
1.085149023437500000e+05
1.085141875000000000e+05
1.085144570312500000e+05
