2022-01-24 14:05:52,874:INFO:All directories created, ready to load the data
2022-01-24 14:05:52,925:INFO:Dataset loaded from /data/theorie/jthoeve/event_generation/events_high_stats/pT/lin/cHW/events_4.npy
2022-01-24 14:05:53,005:INFO:Dataset loaded from /data/theorie/jthoeve/event_generation/events_high_stats/pT/sm/events_4.npy
2022-01-24 14:05:55,444:INFO:Epoch 1, Training loss 183193.5078125, Validation loss 162224.54296875
2022-01-24 14:05:57,841:INFO:Epoch 2, Training loss 153600.919921875, Validation loss 142945.439453125
2022-01-24 14:06:00,220:INFO:Epoch 3, Training loss 138033.490234375, Validation loss 131512.328125
2022-01-24 14:06:02,658:INFO:Epoch 4, Training loss 128011.8125, Validation loss 123260.587890625
2022-01-24 14:06:05,095:INFO:Epoch 5, Training loss 120699.607421875, Validation loss 117266.740234375
2022-01-24 14:06:07,742:INFO:Epoch 6, Training loss 115510.435546875, Validation loss 113231.642578125
2022-01-24 14:06:10,201:INFO:Epoch 7, Training loss 112148.26953125, Validation loss 110818.794921875
2022-01-24 14:06:12,677:INFO:Epoch 8, Training loss 110269.265625, Validation loss 109678.880859375
2022-01-24 14:06:15,150:INFO:Epoch 9, Training loss 109523.171875, Validation loss 109439.3984375
2022-01-24 14:06:17,589:INFO:Epoch 10, Training loss 109459.1796875, Validation loss 109523.4375
2022-01-24 14:06:20,066:INFO:Epoch 11, Training loss 109514.515625, Validation loss 109508.2734375
2022-01-24 14:06:22,539:INFO:Epoch 12, Training loss 109443.6328125, Validation loss 109385.294921875
2022-01-24 14:06:25,013:INFO:Epoch 13, Training loss 109309.888671875, Validation loss 109255.947265625
2022-01-24 14:06:27,445:INFO:Epoch 14, Training loss 109193.888671875, Validation loss 109168.7890625
2022-01-24 14:06:29,925:INFO:Epoch 15, Training loss 109120.791015625, Validation loss 109114.92578125
2022-01-24 14:06:32,364:INFO:Epoch 16, Training loss 109072.908203125, Validation loss 109071.228515625
2022-01-24 14:06:34,865:INFO:Epoch 17, Training loss 109028.177734375, Validation loss 109029.232421875
2022-01-24 14:06:37,331:INFO:Epoch 18, Training loss 108986.015625, Validation loss 108987.759765625
2022-01-24 14:06:39,801:INFO:Epoch 19, Training loss 108945.83984375, Validation loss 108946.876953125
2022-01-24 14:06:42,259:INFO:Epoch 20, Training loss 108906.53125, Validation loss 108907.220703125
2022-01-24 14:06:44,763:INFO:Epoch 21, Training loss 108867.80859375, Validation loss 108866.859375
2022-01-24 14:06:47,228:INFO:Epoch 22, Training loss 108829.14453125, Validation loss 108826.712890625
2022-01-24 14:06:49,697:INFO:Epoch 23, Training loss 108788.966796875, Validation loss 108785.9765625
2022-01-24 14:06:52,159:INFO:Epoch 24, Training loss 108748.064453125, Validation loss 108743.642578125
2022-01-24 14:06:54,654:INFO:Epoch 25, Training loss 108706.58203125, Validation loss 108701.23046875
2022-01-24 14:06:57,122:INFO:Epoch 26, Training loss 108665.412109375, Validation loss 108660.69140625
2022-01-24 14:06:59,592:INFO:Epoch 27, Training loss 108625.380859375, Validation loss 108623.748046875
2022-01-24 14:07:02,057:INFO:Epoch 28, Training loss 108590.583984375, Validation loss 108591.88671875
2022-01-24 14:07:04,554:INFO:Epoch 29, Training loss 108560.427734375, Validation loss 108566.634765625
2022-01-24 14:07:07,022:INFO:Epoch 30, Training loss 108537.6484375, Validation loss 108550.259765625
2022-01-24 14:07:09,472:INFO:Epoch 31, Training loss 108522.796875, Validation loss 108541.0546875
2022-01-24 14:07:11,961:INFO:Epoch 32, Training loss 108513.02734375, Validation loss 108536.1171875
2022-01-24 14:07:14,444:INFO:Epoch 33, Training loss 108508.798828125, Validation loss 108533.67578125
2022-01-24 14:07:16,935:INFO:Epoch 34, Training loss 108505.982421875, Validation loss 108530.990234375
2022-01-24 14:07:19,368:INFO:Epoch 35, Training loss 108502.51171875, Validation loss 108527.099609375
2022-01-24 14:07:21,847:INFO:Epoch 36, Training loss 108500.24609375, Validation loss 108523.990234375
2022-01-24 14:07:24,285:INFO:Epoch 37, Training loss 108498.408203125, Validation loss 108523.185546875
2022-01-24 14:07:26,799:INFO:Epoch 38, Training loss 108496.048828125, Validation loss 108521.626953125
2022-01-24 14:07:29,243:INFO:Epoch 39, Training loss 108494.625, Validation loss 108520.82421875
2022-01-24 14:07:31,730:INFO:Epoch 40, Training loss 108494.685546875, Validation loss 108519.01171875
2022-01-24 14:07:34,180:INFO:Epoch 41, Training loss 108492.802734375, Validation loss 108519.4765625
2022-01-24 14:07:36,678:INFO:Epoch 42, Training loss 108491.59765625, Validation loss 108517.26953125
2022-01-24 14:07:39,141:INFO:Epoch 43, Training loss 108490.27734375, Validation loss 108516.583984375
2022-01-24 14:07:41,610:INFO:Epoch 44, Training loss 108490.083984375, Validation loss 108516.525390625
2022-01-24 14:07:44,081:INFO:Epoch 45, Training loss 108488.8359375, Validation loss 108516.576171875
2022-01-24 14:07:46,583:INFO:Epoch 46, Training loss 108487.994140625, Validation loss 108516.376953125
2022-01-24 14:07:49,051:INFO:Epoch 47, Training loss 108487.72265625, Validation loss 108516.3359375
2022-01-24 14:07:51,516:INFO:Epoch 48, Training loss 108486.75390625, Validation loss 108515.412109375
2022-01-24 14:07:53,989:INFO:Epoch 49, Training loss 108486.005859375, Validation loss 108514.923828125
2022-01-24 14:07:56,482:INFO:Epoch 50, Training loss 108485.611328125, Validation loss 108514.01171875
2022-01-24 14:07:58,956:INFO:Epoch 51, Training loss 108485.65234375, Validation loss 108514.583984375
2022-01-24 14:08:01,403:INFO:Epoch 52, Training loss 108484.2734375, Validation loss 108515.98828125
2022-01-24 14:08:03,886:INFO:Epoch 53, Training loss 108484.470703125, Validation loss 108514.43359375
2022-01-24 14:08:06,403:INFO:Epoch 54, Training loss 108482.689453125, Validation loss 108513.546875
2022-01-24 14:08:08,892:INFO:Epoch 55, Training loss 108481.970703125, Validation loss 108513.75390625
2022-01-24 14:08:11,342:INFO:Epoch 56, Training loss 108481.755859375, Validation loss 108513.580078125
2022-01-24 14:08:13,838:INFO:Epoch 57, Training loss 108482.30078125, Validation loss 108514.298828125
2022-01-24 14:08:16,286:INFO:Epoch 58, Training loss 108480.49609375, Validation loss 108514.0546875
2022-01-24 14:08:18,813:INFO:Epoch 59, Training loss 108481.048828125, Validation loss 108513.626953125
2022-01-24 14:08:21,265:INFO:Epoch 60, Training loss 108480.0703125, Validation loss 108512.904296875
2022-01-24 14:08:23,750:INFO:Epoch 61, Training loss 108478.837890625, Validation loss 108513.8046875
2022-01-24 14:08:26,207:INFO:Epoch 62, Training loss 108480.072265625, Validation loss 108513.640625
2022-01-24 14:08:28,724:INFO:Epoch 63, Training loss 108478.525390625, Validation loss 108513.5546875
2022-01-24 14:08:31,193:INFO:Epoch 64, Training loss 108478.173828125, Validation loss 108513.287109375
2022-01-24 14:08:33,667:INFO:Epoch 65, Training loss 108478.259765625, Validation loss 108512.615234375
2022-01-24 14:08:36,126:INFO:Epoch 66, Training loss 108477.994140625, Validation loss 108512.8125
2022-01-24 14:08:38,622:INFO:Epoch 67, Training loss 108477.416015625, Validation loss 108512.763671875
2022-01-24 14:08:41,085:INFO:Epoch 68, Training loss 108476.984375, Validation loss 108512.40234375
2022-01-24 14:08:43,542:INFO:Epoch 69, Training loss 108476.849609375, Validation loss 108512.041015625
2022-01-24 14:08:46,006:INFO:Epoch 70, Training loss 108475.673828125, Validation loss 108511.896484375
2022-01-24 14:08:48,499:INFO:Epoch 71, Training loss 108475.763671875, Validation loss 108512.890625
2022-01-24 14:08:50,978:INFO:Epoch 72, Training loss 108476.890625, Validation loss 108512.115234375
2022-01-24 14:08:53,425:INFO:Epoch 73, Training loss 108475.333984375, Validation loss 108512.341796875
2022-01-24 14:08:55,908:INFO:Epoch 74, Training loss 108476.064453125, Validation loss 108513.744140625
2022-01-24 14:08:58,382:INFO:Epoch 75, Training loss 108474.7734375, Validation loss 108512.12109375
2022-01-24 14:09:00,864:INFO:Epoch 76, Training loss 108474.5, Validation loss 108512.70703125
2022-01-24 14:09:03,305:INFO:Epoch 77, Training loss 108475.87109375, Validation loss 108512.634765625
2022-01-24 14:09:05,789:INFO:Epoch 78, Training loss 108473.861328125, Validation loss 108512.234375
2022-01-24 14:09:08,231:INFO:Epoch 79, Training loss 108473.0, Validation loss 108512.4375
2022-01-24 14:09:10,742:INFO:Epoch 80, Training loss 108473.728515625, Validation loss 108512.833984375
2022-01-24 14:09:13,185:INFO:Epoch 81, Training loss 108473.474609375, Validation loss 108512.6171875
2022-01-24 14:09:15,661:INFO:Epoch 82, Training loss 108472.33984375, Validation loss 108512.595703125
2022-01-24 14:09:18,110:INFO:Epoch 83, Training loss 108471.734375, Validation loss 108513.109375
2022-01-24 14:09:20,616:INFO:Epoch 84, Training loss 108475.517578125, Validation loss 108511.955078125
2022-01-24 14:09:23,067:INFO:Epoch 85, Training loss 108472.873046875, Validation loss 108513.546875
2022-01-24 14:09:25,536:INFO:Epoch 86, Training loss 108472.255859375, Validation loss 108512.904296875
2022-01-24 14:09:28,012:INFO:Epoch 87, Training loss 108470.630859375, Validation loss 108512.234375
2022-01-24 14:09:30,535:INFO:Epoch 88, Training loss 108472.806640625, Validation loss 108511.39453125
2022-01-24 14:09:33,019:INFO:Epoch 89, Training loss 108470.826171875, Validation loss 108512.9140625
2022-01-24 14:09:35,486:INFO:Epoch 90, Training loss 108471.7421875, Validation loss 108514.861328125
2022-01-24 14:09:37,974:INFO:Epoch 91, Training loss 108470.28125, Validation loss 108512.884765625
2022-01-24 14:09:40,477:INFO:Epoch 92, Training loss 108471.251953125, Validation loss 108512.01171875
2022-01-24 14:09:42,982:INFO:Epoch 93, Training loss 108471.375, Validation loss 108511.21484375
2022-01-24 14:09:45,458:INFO:Epoch 94, Training loss 108469.373046875, Validation loss 108513.654296875
2022-01-24 14:09:47,955:INFO:Epoch 95, Training loss 108470.314453125, Validation loss 108513.783203125
2022-01-24 14:09:50,456:INFO:Epoch 96, Training loss 108470.34765625, Validation loss 108511.830078125
2022-01-24 14:09:52,958:INFO:Epoch 97, Training loss 108469.298828125, Validation loss 108511.5390625
2022-01-24 14:09:55,416:INFO:Epoch 98, Training loss 108469.796875, Validation loss 108512.5078125
2022-01-24 14:09:57,933:INFO:Epoch 99, Training loss 108467.630859375, Validation loss 108511.814453125
2022-01-24 14:10:00,393:INFO:Epoch 100, Training loss 108468.248046875, Validation loss 108511.84375
2022-01-24 14:10:02,941:INFO:Epoch 101, Training loss 108467.94921875, Validation loss 108511.81640625
2022-01-24 14:10:05,428:INFO:Epoch 102, Training loss 108468.546875, Validation loss 108512.08203125
2022-01-24 14:10:07,948:INFO:Epoch 103, Training loss 108467.76171875, Validation loss 108512.25
2022-01-24 14:10:10,444:INFO:Epoch 104, Training loss 108467.28515625, Validation loss 108511.509765625
2022-01-24 14:10:12,998:INFO:Epoch 105, Training loss 108467.380859375, Validation loss 108512.470703125
2022-01-24 14:10:15,497:INFO:Epoch 106, Training loss 108467.818359375, Validation loss 108511.53515625
2022-01-24 14:10:18,005:INFO:Epoch 107, Training loss 108468.912109375, Validation loss 108512.41796875
2022-01-24 14:10:20,501:INFO:Epoch 108, Training loss 108467.771484375, Validation loss 108511.7734375
2022-01-24 14:10:23,044:INFO:Epoch 109, Training loss 108467.90234375, Validation loss 108512.32421875
2022-01-24 14:10:25,566:INFO:Epoch 110, Training loss 108467.931640625, Validation loss 108511.994140625
2022-01-24 14:10:28,061:INFO:Epoch 111, Training loss 108466.25390625, Validation loss 108512.259765625
2022-01-24 14:10:30,577:INFO:Epoch 112, Training loss 108466.22265625, Validation loss 108512.51953125
2022-01-24 14:10:33,128:INFO:Epoch 113, Training loss 108467.080078125, Validation loss 108510.787109375
2022-01-24 14:10:35,646:INFO:Epoch 114, Training loss 108465.623046875, Validation loss 108510.111328125
2022-01-24 14:10:38,141:INFO:Epoch 115, Training loss 108465.85546875, Validation loss 108510.23828125
2022-01-24 14:10:40,669:INFO:Epoch 116, Training loss 108464.68359375, Validation loss 108512.33984375
2022-01-24 14:10:43,189:INFO:Epoch 117, Training loss 108467.435546875, Validation loss 108513.072265625
2022-01-24 14:10:45,711:INFO:Epoch 118, Training loss 108464.525390625, Validation loss 108511.13671875
2022-01-24 14:10:48,189:INFO:Epoch 119, Training loss 108465.400390625, Validation loss 108510.908203125
2022-01-24 14:10:50,721:INFO:Epoch 120, Training loss 108462.90625, Validation loss 108511.10546875
2022-01-24 14:10:53,216:INFO:Epoch 121, Training loss 108463.6875, Validation loss 108511.244140625
2022-01-24 14:10:55,778:INFO:Epoch 122, Training loss 108463.677734375, Validation loss 108510.337890625
2022-01-24 14:10:58,269:INFO:Epoch 123, Training loss 108463.5078125, Validation loss 108510.70703125
2022-01-24 14:11:00,787:INFO:Epoch 124, Training loss 108465.744140625, Validation loss 108511.76171875
2022-01-24 14:11:03,279:INFO:Epoch 125, Training loss 108464.27734375, Validation loss 108510.751953125
2022-01-24 14:11:05,826:INFO:Epoch 126, Training loss 108463.205078125, Validation loss 108511.2734375
2022-01-24 14:11:08,314:INFO:Epoch 127, Training loss 108462.830078125, Validation loss 108511.619140625
2022-01-24 14:11:10,817:INFO:Epoch 128, Training loss 108464.369140625, Validation loss 108512.17578125
2022-01-24 14:11:13,311:INFO:Epoch 129, Training loss 108462.8359375, Validation loss 108511.564453125
2022-01-24 14:11:15,844:INFO:Epoch 130, Training loss 108464.7578125, Validation loss 108511.646484375
2022-01-24 14:11:18,308:INFO:Epoch 131, Training loss 108461.8828125, Validation loss 108513.568359375
2022-01-24 14:11:20,740:INFO:Epoch 132, Training loss 108462.826171875, Validation loss 108511.712890625
2022-01-24 14:11:23,177:INFO:Epoch 133, Training loss 108461.74609375, Validation loss 108512.16015625
2022-01-24 14:11:25,624:INFO:Epoch 134, Training loss 108461.291015625, Validation loss 108511.650390625
2022-01-24 14:11:28,094:INFO:Epoch 135, Training loss 108462.3359375, Validation loss 108513.83984375
2022-01-24 14:11:30,501:INFO:Epoch 136, Training loss 108460.705078125, Validation loss 108511.1640625
2022-01-24 14:11:32,942:INFO:Epoch 137, Training loss 108460.578125, Validation loss 108511.162109375
2022-01-24 14:11:35,380:INFO:Epoch 138, Training loss 108460.28515625, Validation loss 108511.08984375
2022-01-24 14:11:37,814:INFO:Epoch 139, Training loss 108459.826171875, Validation loss 108511.951171875
2022-01-24 14:11:40,198:INFO:Epoch 140, Training loss 108460.96484375, Validation loss 108511.9140625
2022-01-24 14:11:42,616:INFO:Epoch 141, Training loss 108459.169921875, Validation loss 108511.90234375
2022-01-24 14:11:44,976:INFO:Epoch 142, Training loss 108460.0546875, Validation loss 108512.119140625
2022-01-24 14:11:47,414:INFO:Epoch 143, Training loss 108460.298828125, Validation loss 108512.267578125
2022-01-24 14:11:49,786:INFO:Epoch 144, Training loss 108461.404296875, Validation loss 108511.75
2022-01-24 14:11:52,187:INFO:Epoch 145, Training loss 108460.640625, Validation loss 108511.982421875
2022-01-24 14:11:54,569:INFO:Epoch 146, Training loss 108459.720703125, Validation loss 108510.96484375
2022-01-24 14:11:57,002:INFO:Epoch 147, Training loss 108459.94140625, Validation loss 108512.091796875
2022-01-24 14:11:59,385:INFO:Epoch 148, Training loss 108459.376953125, Validation loss 108510.744140625
2022-01-24 14:12:01,777:INFO:Epoch 149, Training loss 108460.16015625, Validation loss 108512.6484375
2022-01-24 14:12:04,171:INFO:Epoch 150, Training loss 108458.0703125, Validation loss 108511.1484375
2022-01-24 14:12:06,599:INFO:Epoch 151, Training loss 108457.544921875, Validation loss 108511.515625
2022-01-24 14:12:08,998:INFO:Epoch 152, Training loss 108458.099609375, Validation loss 108512.53515625
2022-01-24 14:12:11,389:INFO:Epoch 153, Training loss 108457.416015625, Validation loss 108511.689453125
2022-01-24 14:12:13,792:INFO:Epoch 154, Training loss 108457.38671875, Validation loss 108512.59375
2022-01-24 14:12:16,214:INFO:Epoch 155, Training loss 108457.76953125, Validation loss 108512.1015625
2022-01-24 14:12:18,623:INFO:Epoch 156, Training loss 108457.486328125, Validation loss 108510.9765625
2022-01-24 14:12:20,993:INFO:Epoch 157, Training loss 108458.70703125, Validation loss 108511.9765625
2022-01-24 14:12:23,397:INFO:Epoch 158, Training loss 108457.1640625, Validation loss 108511.17578125
2022-01-24 14:12:25,796:INFO:Epoch 159, Training loss 108456.927734375, Validation loss 108511.474609375
2022-01-24 14:12:28,208:INFO:Epoch 160, Training loss 108456.37890625, Validation loss 108512.1015625
2022-01-24 14:12:30,573:INFO:Epoch 161, Training loss 108457.287109375, Validation loss 108513.693359375
2022-01-24 14:12:32,986:INFO:Epoch 162, Training loss 108457.767578125, Validation loss 108511.734375
2022-01-24 14:12:35,351:INFO:Epoch 163, Training loss 108455.990234375, Validation loss 108511.37890625
2022-01-24 14:12:37,794:INFO:Epoch 164, Training loss 108458.9453125, Validation loss 108515.517578125
2022-01-24 14:12:37,800:INFO:Finished training
