2022-01-24 14:09:39,669:INFO:All directories created, ready to load the data
2022-01-24 14:09:39,710:INFO:Dataset loaded from /data/theorie/jthoeve/event_generation/events_high_stats/pT/lin/cHq3/events_26.npy
2022-01-24 14:09:39,716:INFO:Dataset loaded from /data/theorie/jthoeve/event_generation/events_high_stats/pT/sm/events_26.npy
2022-01-24 14:09:42,193:INFO:Epoch 1, Training loss 74747.39453125, Validation loss 74336.0419921875
2022-01-24 14:09:44,670:INFO:Epoch 2, Training loss 74130.8583984375, Validation loss 73896.912109375
2022-01-24 14:09:47,128:INFO:Epoch 3, Training loss 73815.2265625, Validation loss 73784.5654296875
2022-01-24 14:09:49,616:INFO:Epoch 4, Training loss 73786.8369140625, Validation loss 73821.0810546875
2022-01-24 14:09:52,087:INFO:Epoch 5, Training loss 73797.603515625, Validation loss 73785.380859375
2022-01-24 14:09:54,544:INFO:Epoch 6, Training loss 73765.462890625, Validation loss 73761.1611328125
2022-01-24 14:09:57,006:INFO:Epoch 7, Training loss 73755.88671875, Validation loss 73762.353515625
2022-01-24 14:09:59,494:INFO:Epoch 8, Training loss 73759.3876953125, Validation loss 73763.1201171875
2022-01-24 14:10:01,955:INFO:Epoch 9, Training loss 73757.9755859375, Validation loss 73759.8916015625
2022-01-24 14:10:04,399:INFO:Epoch 10, Training loss 73754.2578125, Validation loss 73758.8583984375
2022-01-24 14:10:06,888:INFO:Epoch 11, Training loss 73753.39453125, Validation loss 73759.6484375
2022-01-24 14:10:09,366:INFO:Epoch 12, Training loss 73753.111328125, Validation loss 73759.0703125
2022-01-24 14:10:11,847:INFO:Epoch 13, Training loss 73751.7822265625, Validation loss 73758.021484375
2022-01-24 14:10:14,299:INFO:Epoch 14, Training loss 73750.7138671875, Validation loss 73757.814453125
2022-01-24 14:10:16,805:INFO:Epoch 15, Training loss 73750.001953125, Validation loss 73757.484375
2022-01-24 14:10:19,255:INFO:Epoch 16, Training loss 73749.1123046875, Validation loss 73756.9931640625
2022-01-24 14:10:21,773:INFO:Epoch 17, Training loss 73748.4697265625, Validation loss 73756.9599609375
2022-01-24 14:10:24,223:INFO:Epoch 18, Training loss 73748.125, Validation loss 73756.048828125
2022-01-24 14:10:26,714:INFO:Epoch 19, Training loss 73747.3251953125, Validation loss 73756.5751953125
2022-01-24 14:10:29,169:INFO:Epoch 20, Training loss 73746.5390625, Validation loss 73757.5908203125
2022-01-24 14:10:31,676:INFO:Epoch 21, Training loss 73746.20703125, Validation loss 73758.4306640625
2022-01-24 14:10:34,135:INFO:Epoch 22, Training loss 73745.2705078125, Validation loss 73757.9541015625
2022-01-24 14:10:36,607:INFO:Epoch 23, Training loss 73744.74609375, Validation loss 73758.05078125
2022-01-24 14:10:39,078:INFO:Epoch 24, Training loss 73744.466796875, Validation loss 73757.1015625
2022-01-24 14:10:41,576:INFO:Epoch 25, Training loss 73743.5634765625, Validation loss 73757.572265625
2022-01-24 14:10:44,050:INFO:Epoch 26, Training loss 73743.091796875, Validation loss 73758.6005859375
2022-01-24 14:10:46,504:INFO:Epoch 27, Training loss 73742.4619140625, Validation loss 73759.3505859375
2022-01-24 14:10:48,991:INFO:Epoch 28, Training loss 73741.9794921875, Validation loss 73759.947265625
2022-01-24 14:10:51,480:INFO:Epoch 29, Training loss 73741.962890625, Validation loss 73759.4052734375
2022-01-24 14:10:53,957:INFO:Epoch 30, Training loss 73741.1181640625, Validation loss 73760.6357421875
2022-01-24 14:10:56,410:INFO:Epoch 31, Training loss 73740.8193359375, Validation loss 73761.919921875
2022-01-24 14:10:58,897:INFO:Epoch 32, Training loss 73740.423828125, Validation loss 73761.427734375
2022-01-24 14:11:01,380:INFO:Epoch 33, Training loss 73740.4970703125, Validation loss 73760.349609375
2022-01-24 14:11:03,857:INFO:Epoch 34, Training loss 73739.544921875, Validation loss 73763.2802734375
2022-01-24 14:11:06,299:INFO:Epoch 35, Training loss 73739.4296875, Validation loss 73763.6044921875
2022-01-24 14:11:08,793:INFO:Epoch 36, Training loss 73738.96484375, Validation loss 73762.76171875
2022-01-24 14:11:11,231:INFO:Epoch 37, Training loss 73738.4814453125, Validation loss 73762.8466796875
2022-01-24 14:11:13,744:INFO:Epoch 38, Training loss 73738.29296875, Validation loss 73763.775390625
2022-01-24 14:11:16,192:INFO:Epoch 39, Training loss 73737.8544921875, Validation loss 73764.1669921875
2022-01-24 14:11:18,673:INFO:Epoch 40, Training loss 73737.4609375, Validation loss 73765.572265625
2022-01-24 14:11:21,127:INFO:Epoch 41, Training loss 73736.9970703125, Validation loss 73764.8212890625
2022-01-24 14:11:23,626:INFO:Epoch 42, Training loss 73737.0556640625, Validation loss 73765.263671875
2022-01-24 14:11:26,076:INFO:Epoch 43, Training loss 73737.021484375, Validation loss 73765.1416015625
2022-01-24 14:11:28,538:INFO:Epoch 44, Training loss 73737.3173828125, Validation loss 73764.5302734375
2022-01-24 14:11:31,002:INFO:Epoch 45, Training loss 73736.27734375, Validation loss 73766.8681640625
2022-01-24 14:11:33,505:INFO:Epoch 46, Training loss 73735.9208984375, Validation loss 73767.2822265625
2022-01-24 14:11:35,972:INFO:Epoch 47, Training loss 73735.1650390625, Validation loss 73766.5654296875
2022-01-24 14:11:38,441:INFO:Epoch 48, Training loss 73735.103515625, Validation loss 73767.103515625
2022-01-24 14:11:40,921:INFO:Epoch 49, Training loss 73735.0205078125, Validation loss 73766.8828125
2022-01-24 14:11:43,404:INFO:Epoch 50, Training loss 73735.3720703125, Validation loss 73766.310546875
2022-01-24 14:11:45,875:INFO:Epoch 51, Training loss 73734.099609375, Validation loss 73769.2607421875
2022-01-24 14:11:48,330:INFO:Epoch 52, Training loss 73734.1162109375, Validation loss 73768.2333984375
2022-01-24 14:11:50,812:INFO:Epoch 53, Training loss 73733.970703125, Validation loss 73769.8994140625
2022-01-24 14:11:53,285:INFO:Epoch 54, Training loss 73733.2880859375, Validation loss 73767.802734375
2022-01-24 14:11:55,767:INFO:Epoch 55, Training loss 73733.0205078125, Validation loss 73767.3564453125
2022-01-24 14:11:58,203:INFO:Epoch 56, Training loss 73732.7841796875, Validation loss 73771.39453125
2022-01-24 14:12:00,704:INFO:Epoch 57, Training loss 73732.85546875, Validation loss 73769.91796875
2022-01-24 14:12:03,142:INFO:Epoch 58, Training loss 73731.5576171875, Validation loss 73769.728515625
2022-01-24 14:12:05,659:INFO:Epoch 59, Training loss 73732.6689453125, Validation loss 73767.689453125
2022-01-24 14:12:08,106:INFO:Epoch 60, Training loss 73732.1298828125, Validation loss 73770.1328125
2022-01-24 14:12:10,583:INFO:Epoch 61, Training loss 73731.0, Validation loss 73771.078125
2022-01-24 14:12:13,037:INFO:Epoch 62, Training loss 73731.2314453125, Validation loss 73768.6533203125
2022-01-24 14:12:15,549:INFO:Epoch 63, Training loss 73730.662109375, Validation loss 73772.005859375
2022-01-24 14:12:18,000:INFO:Epoch 64, Training loss 73730.970703125, Validation loss 73769.021484375
2022-01-24 14:12:20,470:INFO:Epoch 65, Training loss 73731.73046875, Validation loss 73771.28125
2022-01-24 14:12:22,952:INFO:Epoch 66, Training loss 73730.791015625, Validation loss 73768.2841796875
2022-01-24 14:12:25,447:INFO:Epoch 67, Training loss 73730.3916015625, Validation loss 73771.328125
2022-01-24 14:12:27,912:INFO:Epoch 68, Training loss 73730.6279296875, Validation loss 73772.0625
2022-01-24 14:12:27,917:INFO:Finished training
