2022-01-24 14:05:53,967:INFO:All directories created, ready to load the data
2022-01-24 14:05:54,035:INFO:Dataset loaded from /data/theorie/jthoeve/event_generation/events_high_stats/pT/lin/cHW/events_19.npy
2022-01-24 14:05:54,045:INFO:Dataset loaded from /data/theorie/jthoeve/event_generation/events_high_stats/pT/sm/events_19.npy
2022-01-24 14:05:56,548:INFO:Epoch 1, Training loss 208140.5078125, Validation loss 208140.5078125
2022-01-24 14:05:58,987:INFO:Epoch 2, Training loss 208140.5078125, Validation loss 208140.5078125
2022-01-24 14:06:01,412:INFO:Epoch 3, Training loss 208140.5078125, Validation loss 208140.5078125
2022-01-24 14:06:03,873:INFO:Epoch 4, Training loss 208140.5078125, Validation loss 208140.5078125
2022-01-24 14:06:06,293:INFO:Epoch 5, Training loss 208140.5078125, Validation loss 208140.5078125
2022-01-24 14:06:08,711:INFO:Epoch 6, Training loss 208140.5078125, Validation loss 208140.5078125
2022-01-24 14:06:11,153:INFO:Epoch 7, Training loss 208140.5078125, Validation loss 208140.5078125
2022-01-24 14:06:13,603:INFO:Epoch 8, Training loss 208140.5078125, Validation loss 208140.5078125
2022-01-24 14:06:16,041:INFO:Epoch 9, Training loss 208140.5078125, Validation loss 208140.5078125
2022-01-24 14:06:18,455:INFO:Epoch 10, Training loss 208140.5078125, Validation loss 208140.5078125
2022-01-24 14:06:20,904:INFO:Epoch 11, Training loss 208140.5078125, Validation loss 208140.5078125
2022-01-24 14:06:20,907:INFO:Detected stagant training, reset the weights
2022-01-24 14:06:23,348:INFO:Epoch 12, Training loss 208140.5078125, Validation loss 208140.5078125
2022-01-24 14:06:23,351:INFO:Detected stagant training, reset the weights
2022-01-24 14:06:25,799:INFO:Epoch 13, Training loss 188036.56640625, Validation loss 164268.578125
2022-01-24 14:06:28,207:INFO:Epoch 14, Training loss 152847.525390625, Validation loss 138830.91015625
2022-01-24 14:06:30,664:INFO:Epoch 15, Training loss 132501.7109375, Validation loss 124636.900390625
2022-01-24 14:06:33,079:INFO:Epoch 16, Training loss 120947.916015625, Validation loss 116350.5625
2022-01-24 14:06:35,564:INFO:Epoch 17, Training loss 114253.9375, Validation loss 111752.28125
2022-01-24 14:06:37,984:INFO:Epoch 18, Training loss 110920.126953125, Validation loss 110184.958984375
2022-01-24 14:06:40,436:INFO:Epoch 19, Training loss 110240.998046875, Validation loss 110362.748046875
2022-01-24 14:06:42,859:INFO:Epoch 20, Training loss 110439.87890625, Validation loss 110356.85546875
2022-01-24 14:06:45,337:INFO:Epoch 21, Training loss 110254.849609375, Validation loss 109981.517578125
2022-01-24 14:06:47,775:INFO:Epoch 22, Training loss 109868.947265625, Validation loss 109664.31640625
2022-01-24 14:06:50,215:INFO:Epoch 23, Training loss 109650.634765625, Validation loss 109588.80078125
2022-01-24 14:06:52,650:INFO:Epoch 24, Training loss 109610.775390625, Validation loss 109567.60546875
2022-01-24 14:06:55,115:INFO:Epoch 25, Training loss 109569.51171875, Validation loss 109502.990234375
2022-01-24 14:06:57,551:INFO:Epoch 26, Training loss 109506.14453125, Validation loss 109447.42578125
2022-01-24 14:06:59,981:INFO:Epoch 27, Training loss 109464.08203125, Validation loss 109417.25
2022-01-24 14:07:02,418:INFO:Epoch 28, Training loss 109436.630859375, Validation loss 109387.841796875
2022-01-24 14:07:04,872:INFO:Epoch 29, Training loss 109405.435546875, Validation loss 109354.73828125
2022-01-24 14:07:07,320:INFO:Epoch 30, Training loss 109374.115234375, Validation loss 109327.63671875
2022-01-24 14:07:09,737:INFO:Epoch 31, Training loss 109348.48828125, Validation loss 109303.365234375
2022-01-24 14:07:12,192:INFO:Epoch 32, Training loss 109323.671875, Validation loss 109277.970703125
2022-01-24 14:07:14,637:INFO:Epoch 33, Training loss 109298.94921875, Validation loss 109253.4296875
2022-01-24 14:07:17,098:INFO:Epoch 34, Training loss 109275.46484375, Validation loss 109230.380859375
2022-01-24 14:07:19,507:INFO:Epoch 35, Training loss 109252.53515625, Validation loss 109207.44140625
2022-01-24 14:07:21,969:INFO:Epoch 36, Training loss 109229.591796875, Validation loss 109184.37109375
2022-01-24 14:07:24,398:INFO:Epoch 37, Training loss 109207.08203125, Validation loss 109161.611328125
2022-01-24 14:07:26,885:INFO:Epoch 38, Training loss 109183.7109375, Validation loss 109138.53515625
2022-01-24 14:07:29,301:INFO:Epoch 39, Training loss 109160.876953125, Validation loss 109115.4921875
2022-01-24 14:07:31,754:INFO:Epoch 40, Training loss 109137.478515625, Validation loss 109091.908203125
2022-01-24 14:07:34,177:INFO:Epoch 41, Training loss 109113.3046875, Validation loss 109067.517578125
2022-01-24 14:07:36,659:INFO:Epoch 42, Training loss 109089.50390625, Validation loss 109042.216796875
2022-01-24 14:07:39,094:INFO:Epoch 43, Training loss 109064.935546875, Validation loss 109016.857421875
2022-01-24 14:07:41,533:INFO:Epoch 44, Training loss 109038.0390625, Validation loss 108990.771484375
2022-01-24 14:07:43,968:INFO:Epoch 45, Training loss 109013.107421875, Validation loss 108964.5
2022-01-24 14:07:46,449:INFO:Epoch 46, Training loss 108987.80078125, Validation loss 108939.14453125
2022-01-24 14:07:48,891:INFO:Epoch 47, Training loss 108963.818359375, Validation loss 108912.87890625
2022-01-24 14:07:51,323:INFO:Epoch 48, Training loss 108938.572265625, Validation loss 108886.173828125
2022-01-24 14:07:53,771:INFO:Epoch 49, Training loss 108915.05859375, Validation loss 108860.474609375
2022-01-24 14:07:56,229:INFO:Epoch 50, Training loss 108892.6875, Validation loss 108835.63671875
2022-01-24 14:07:58,672:INFO:Epoch 51, Training loss 108869.05078125, Validation loss 108811.927734375
2022-01-24 14:08:01,093:INFO:Epoch 52, Training loss 108848.490234375, Validation loss 108788.6015625
2022-01-24 14:08:03,543:INFO:Epoch 53, Training loss 108827.322265625, Validation loss 108767.146484375
2022-01-24 14:08:05,998:INFO:Epoch 54, Training loss 108808.28515625, Validation loss 108747.611328125
2022-01-24 14:08:08,459:INFO:Epoch 55, Training loss 108790.357421875, Validation loss 108726.76171875
2022-01-24 14:08:10,869:INFO:Epoch 56, Training loss 108772.609375, Validation loss 108706.890625
2022-01-24 14:08:13,333:INFO:Epoch 57, Training loss 108753.888671875, Validation loss 108690.318359375
2022-01-24 14:08:15,757:INFO:Epoch 58, Training loss 108740.388671875, Validation loss 108671.484375
2022-01-24 14:08:18,253:INFO:Epoch 59, Training loss 108727.603515625, Validation loss 108658.10546875
2022-01-24 14:08:20,684:INFO:Epoch 60, Training loss 108715.77734375, Validation loss 108648.400390625
2022-01-24 14:08:23,138:INFO:Epoch 61, Training loss 108707.685546875, Validation loss 108638.720703125
2022-01-24 14:08:25,571:INFO:Epoch 62, Training loss 108698.798828125, Validation loss 108631.060546875
2022-01-24 14:08:28,055:INFO:Epoch 63, Training loss 108692.91015625, Validation loss 108624.560546875
2022-01-24 14:08:30,525:INFO:Epoch 64, Training loss 108688.466796875, Validation loss 108618.404296875
2022-01-24 14:08:32,984:INFO:Epoch 65, Training loss 108681.2578125, Validation loss 108610.099609375
2022-01-24 14:08:35,421:INFO:Epoch 66, Training loss 108677.048828125, Validation loss 108605.033203125
2022-01-24 14:08:37,924:INFO:Epoch 67, Training loss 108671.5703125, Validation loss 108601.736328125
2022-01-24 14:08:40,391:INFO:Epoch 68, Training loss 108667.21484375, Validation loss 108599.962890625
2022-01-24 14:08:42,841:INFO:Epoch 69, Training loss 108664.333984375, Validation loss 108598.546875
2022-01-24 14:08:45,326:INFO:Epoch 70, Training loss 108664.93359375, Validation loss 108595.296875
2022-01-24 14:08:47,821:INFO:Epoch 71, Training loss 108660.6171875, Validation loss 108594.435546875
2022-01-24 14:08:50,308:INFO:Epoch 72, Training loss 108658.052734375, Validation loss 108593.990234375
2022-01-24 14:08:52,746:INFO:Epoch 73, Training loss 108656.150390625, Validation loss 108591.169921875
2022-01-24 14:08:55,207:INFO:Epoch 74, Training loss 108656.095703125, Validation loss 108589.66796875
2022-01-24 14:08:57,660:INFO:Epoch 75, Training loss 108655.021484375, Validation loss 108590.6328125
2022-01-24 14:09:00,128:INFO:Epoch 76, Training loss 108653.140625, Validation loss 108590.541015625
2022-01-24 14:09:02,563:INFO:Epoch 77, Training loss 108652.3828125, Validation loss 108589.287109375
2022-01-24 14:09:05,062:INFO:Epoch 78, Training loss 108651.306640625, Validation loss 108590.140625
2022-01-24 14:09:07,511:INFO:Epoch 79, Training loss 108651.0234375, Validation loss 108589.369140625
2022-01-24 14:09:10,015:INFO:Epoch 80, Training loss 108650.5, Validation loss 108589.12109375
2022-01-24 14:09:12,464:INFO:Epoch 81, Training loss 108652.177734375, Validation loss 108587.537109375
2022-01-24 14:09:14,931:INFO:Epoch 82, Training loss 108650.94921875, Validation loss 108590.54296875
2022-01-24 14:09:17,387:INFO:Epoch 83, Training loss 108649.09375, Validation loss 108588.244140625
2022-01-24 14:09:19,904:INFO:Epoch 84, Training loss 108648.529296875, Validation loss 108587.98046875
2022-01-24 14:09:22,375:INFO:Epoch 85, Training loss 108648.203125, Validation loss 108588.111328125
2022-01-24 14:09:24,827:INFO:Epoch 86, Training loss 108647.455078125, Validation loss 108587.06640625
2022-01-24 14:09:27,284:INFO:Epoch 87, Training loss 108646.837890625, Validation loss 108587.5
2022-01-24 14:09:29,788:INFO:Epoch 88, Training loss 108649.544921875, Validation loss 108587.421875
2022-01-24 14:09:32,285:INFO:Epoch 89, Training loss 108647.056640625, Validation loss 108589.86328125
2022-01-24 14:09:34,793:INFO:Epoch 90, Training loss 108645.58203125, Validation loss 108587.19140625
2022-01-24 14:09:37,310:INFO:Epoch 91, Training loss 108645.333984375, Validation loss 108585.748046875
2022-01-24 14:09:39,844:INFO:Epoch 92, Training loss 108645.71875, Validation loss 108586.505859375
2022-01-24 14:09:42,370:INFO:Epoch 93, Training loss 108644.796875, Validation loss 108588.263671875
2022-01-24 14:09:44,868:INFO:Epoch 94, Training loss 108645.11328125, Validation loss 108585.81640625
2022-01-24 14:09:47,399:INFO:Epoch 95, Training loss 108643.568359375, Validation loss 108587.548828125
2022-01-24 14:09:49,937:INFO:Epoch 96, Training loss 108643.380859375, Validation loss 108587.787109375
2022-01-24 14:09:52,462:INFO:Epoch 97, Training loss 108643.765625, Validation loss 108587.28515625
2022-01-24 14:09:54,944:INFO:Epoch 98, Training loss 108643.18359375, Validation loss 108586.947265625
2022-01-24 14:09:57,481:INFO:Epoch 99, Training loss 108642.00390625, Validation loss 108586.1796875
2022-01-24 14:09:59,967:INFO:Epoch 100, Training loss 108641.619140625, Validation loss 108585.517578125
2022-01-24 14:10:02,528:INFO:Epoch 101, Training loss 108641.7265625, Validation loss 108585.8515625
2022-01-24 14:10:05,025:INFO:Epoch 102, Training loss 108640.5078125, Validation loss 108587.447265625
2022-01-24 14:10:07,549:INFO:Epoch 103, Training loss 108644.11328125, Validation loss 108586.78515625
2022-01-24 14:10:10,049:INFO:Epoch 104, Training loss 108640.69140625, Validation loss 108588.2109375
2022-01-24 14:10:12,607:INFO:Epoch 105, Training loss 108640.861328125, Validation loss 108586.73046875
2022-01-24 14:10:15,108:INFO:Epoch 106, Training loss 108640.267578125, Validation loss 108584.884765625
2022-01-24 14:10:17,622:INFO:Epoch 107, Training loss 108639.845703125, Validation loss 108585.91796875
2022-01-24 14:10:20,129:INFO:Epoch 108, Training loss 108639.365234375, Validation loss 108586.580078125
2022-01-24 14:10:22,675:INFO:Epoch 109, Training loss 108640.13671875, Validation loss 108588.212890625
2022-01-24 14:10:25,185:INFO:Epoch 110, Training loss 108640.380859375, Validation loss 108587.185546875
2022-01-24 14:10:27,691:INFO:Epoch 111, Training loss 108638.59375, Validation loss 108586.337890625
2022-01-24 14:10:30,207:INFO:Epoch 112, Training loss 108639.158203125, Validation loss 108586.556640625
2022-01-24 14:10:32,740:INFO:Epoch 113, Training loss 108639.529296875, Validation loss 108588.26171875
2022-01-24 14:10:35,259:INFO:Epoch 114, Training loss 108638.84375, Validation loss 108588.365234375
2022-01-24 14:10:37,749:INFO:Epoch 115, Training loss 108639.623046875, Validation loss 108587.0234375
2022-01-24 14:10:40,271:INFO:Epoch 116, Training loss 108638.73828125, Validation loss 108585.056640625
2022-01-24 14:10:42,798:INFO:Epoch 117, Training loss 108637.65234375, Validation loss 108587.4453125
2022-01-24 14:10:45,331:INFO:Epoch 118, Training loss 108638.373046875, Validation loss 108584.9921875
2022-01-24 14:10:47,815:INFO:Epoch 119, Training loss 108637.544921875, Validation loss 108585.078125
2022-01-24 14:10:50,357:INFO:Epoch 120, Training loss 108638.474609375, Validation loss 108587.072265625
2022-01-24 14:10:52,842:INFO:Epoch 121, Training loss 108637.28125, Validation loss 108586.037109375
2022-01-24 14:10:55,406:INFO:Epoch 122, Training loss 108635.392578125, Validation loss 108585.095703125
2022-01-24 14:10:57,891:INFO:Epoch 123, Training loss 108636.44140625, Validation loss 108584.521484375
2022-01-24 14:11:00,413:INFO:Epoch 124, Training loss 108635.939453125, Validation loss 108586.283203125
2022-01-24 14:11:02,908:INFO:Epoch 125, Training loss 108635.83984375, Validation loss 108584.865234375
2022-01-24 14:11:05,459:INFO:Epoch 126, Training loss 108634.888671875, Validation loss 108585.259765625
2022-01-24 14:11:07,964:INFO:Epoch 127, Training loss 108634.728515625, Validation loss 108585.3515625
2022-01-24 14:11:10,485:INFO:Epoch 128, Training loss 108636.095703125, Validation loss 108586.458984375
2022-01-24 14:11:12,992:INFO:Epoch 129, Training loss 108633.658203125, Validation loss 108584.5625
2022-01-24 14:11:15,537:INFO:Epoch 130, Training loss 108633.9609375, Validation loss 108583.916015625
2022-01-24 14:11:18,039:INFO:Epoch 131, Training loss 108633.447265625, Validation loss 108584.302734375
2022-01-24 14:11:20,542:INFO:Epoch 132, Training loss 108634.37109375, Validation loss 108584.814453125
2022-01-24 14:11:23,062:INFO:Epoch 133, Training loss 108633.822265625, Validation loss 108584.42578125
2022-01-24 14:11:25,591:INFO:Epoch 134, Training loss 108634.015625, Validation loss 108583.859375
2022-01-24 14:11:28,110:INFO:Epoch 135, Training loss 108634.087890625, Validation loss 108587.12109375
2022-01-24 14:11:30,604:INFO:Epoch 136, Training loss 108633.341796875, Validation loss 108584.73046875
2022-01-24 14:11:33,139:INFO:Epoch 137, Training loss 108632.33984375, Validation loss 108583.65625
2022-01-24 14:11:35,662:INFO:Epoch 138, Training loss 108632.638671875, Validation loss 108583.5546875
2022-01-24 14:11:38,193:INFO:Epoch 139, Training loss 108632.029296875, Validation loss 108583.890625
2022-01-24 14:11:40,677:INFO:Epoch 140, Training loss 108632.642578125, Validation loss 108585.40234375
2022-01-24 14:11:43,219:INFO:Epoch 141, Training loss 108632.927734375, Validation loss 108585.076171875
2022-01-24 14:11:45,719:INFO:Epoch 142, Training loss 108631.873046875, Validation loss 108583.498046875
2022-01-24 14:11:48,277:INFO:Epoch 143, Training loss 108631.4453125, Validation loss 108583.6796875
2022-01-24 14:11:50,741:INFO:Epoch 144, Training loss 108632.234375, Validation loss 108584.078125
2022-01-24 14:11:53,206:INFO:Epoch 145, Training loss 108631.1875, Validation loss 108584.25
2022-01-24 14:11:55,649:INFO:Epoch 146, Training loss 108631.255859375, Validation loss 108584.267578125
2022-01-24 14:11:58,148:INFO:Epoch 147, Training loss 108631.279296875, Validation loss 108585.361328125
2022-01-24 14:12:00,599:INFO:Epoch 148, Training loss 108631.03125, Validation loss 108583.693359375
2022-01-24 14:12:03,058:INFO:Epoch 149, Training loss 108632.716796875, Validation loss 108584.4296875
2022-01-24 14:12:05,506:INFO:Epoch 150, Training loss 108630.251953125, Validation loss 108584.083984375
2022-01-24 14:12:07,989:INFO:Epoch 151, Training loss 108630.525390625, Validation loss 108583.814453125
2022-01-24 14:12:10,436:INFO:Epoch 152, Training loss 108630.447265625, Validation loss 108584.482421875
2022-01-24 14:12:12,885:INFO:Epoch 153, Training loss 108629.77734375, Validation loss 108584.48828125
2022-01-24 14:12:15,345:INFO:Epoch 154, Training loss 108629.158203125, Validation loss 108583.8359375
2022-01-24 14:12:17,820:INFO:Epoch 155, Training loss 108629.845703125, Validation loss 108584.8359375
2022-01-24 14:12:20,281:INFO:Epoch 156, Training loss 108630.279296875, Validation loss 108584.859375
2022-01-24 14:12:22,729:INFO:Epoch 157, Training loss 108629.087890625, Validation loss 108584.732421875
2022-01-24 14:12:25,207:INFO:Epoch 158, Training loss 108628.98828125, Validation loss 108584.25390625
2022-01-24 14:12:27,674:INFO:Epoch 159, Training loss 108629.083984375, Validation loss 108583.5234375
2022-01-24 14:12:30,132:INFO:Epoch 160, Training loss 108628.74609375, Validation loss 108584.798828125
2022-01-24 14:12:32,552:INFO:Epoch 161, Training loss 108630.208984375, Validation loss 108584.423828125
2022-01-24 14:12:35,017:INFO:Epoch 162, Training loss 108631.931640625, Validation loss 108587.99609375
2022-01-24 14:12:37,446:INFO:Epoch 163, Training loss 108629.830078125, Validation loss 108586.349609375
2022-01-24 14:12:39,946:INFO:Epoch 164, Training loss 108631.712890625, Validation loss 108583.447265625
2022-01-24 14:12:42,378:INFO:Epoch 165, Training loss 108633.060546875, Validation loss 108584.880859375
2022-01-24 14:12:44,828:INFO:Epoch 166, Training loss 108632.923828125, Validation loss 108584.873046875
2022-01-24 14:12:47,255:INFO:Epoch 167, Training loss 108629.658203125, Validation loss 108586.591796875
2022-01-24 14:12:49,735:INFO:Epoch 168, Training loss 108629.123046875, Validation loss 108585.208984375
2022-01-24 14:12:52,167:INFO:Epoch 169, Training loss 108629.17578125, Validation loss 108584.755859375
2022-01-24 14:12:54,610:INFO:Epoch 170, Training loss 108628.287109375, Validation loss 108585.072265625
2022-01-24 14:12:57,047:INFO:Epoch 171, Training loss 108628.517578125, Validation loss 108583.244140625
2022-01-24 14:12:59,520:INFO:Epoch 172, Training loss 108627.85546875, Validation loss 108583.275390625
2022-01-24 14:13:01,961:INFO:Epoch 173, Training loss 108626.572265625, Validation loss 108583.5390625
2022-01-24 14:13:04,391:INFO:Epoch 174, Training loss 108627.06640625, Validation loss 108584.626953125
2022-01-24 14:13:06,829:INFO:Epoch 175, Training loss 108627.486328125, Validation loss 108583.607421875
2022-01-24 14:13:09,291:INFO:Epoch 176, Training loss 108627.40625, Validation loss 108582.80859375
2022-01-24 14:13:11,737:INFO:Epoch 177, Training loss 108627.771484375, Validation loss 108585.353515625
2022-01-24 14:13:14,155:INFO:Epoch 178, Training loss 108626.060546875, Validation loss 108583.2109375
2022-01-24 14:13:16,612:INFO:Epoch 179, Training loss 108627.07421875, Validation loss 108582.001953125
2022-01-24 14:13:19,066:INFO:Epoch 180, Training loss 108626.134765625, Validation loss 108582.4296875
2022-01-24 14:13:21,519:INFO:Epoch 181, Training loss 108627.310546875, Validation loss 108587.052734375
2022-01-24 14:13:23,929:INFO:Epoch 182, Training loss 108627.591796875, Validation loss 108584.09765625
2022-01-24 14:13:26,393:INFO:Epoch 183, Training loss 108630.197265625, Validation loss 108583.255859375
2022-01-24 14:13:28,809:INFO:Epoch 184, Training loss 108627.03515625, Validation loss 108583.4375
2022-01-24 14:13:31,295:INFO:Epoch 185, Training loss 108625.69140625, Validation loss 108587.806640625
2022-01-24 14:13:33,717:INFO:Epoch 186, Training loss 108627.1484375, Validation loss 108586.443359375
2022-01-24 14:13:36,168:INFO:Epoch 187, Training loss 108631.806640625, Validation loss 108588.33984375
2022-01-24 14:13:38,597:INFO:Epoch 188, Training loss 108631.037109375, Validation loss 108585.10546875
2022-01-24 14:13:41,083:INFO:Epoch 189, Training loss 108632.77734375, Validation loss 108589.42578125
2022-01-24 14:13:43,516:INFO:Epoch 190, Training loss 108626.787109375, Validation loss 108582.640625
2022-01-24 14:13:45,955:INFO:Epoch 191, Training loss 108628.017578125, Validation loss 108584.373046875
2022-01-24 14:13:48,390:INFO:Epoch 192, Training loss 108627.96484375, Validation loss 108587.32421875
2022-01-24 14:13:50,859:INFO:Epoch 193, Training loss 108625.875, Validation loss 108585.11328125
2022-01-24 14:13:53,296:INFO:Epoch 194, Training loss 108625.982421875, Validation loss 108582.49609375
2022-01-24 14:13:55,727:INFO:Epoch 195, Training loss 108625.5703125, Validation loss 108583.755859375
2022-01-24 14:13:58,175:INFO:Epoch 196, Training loss 108624.873046875, Validation loss 108584.083984375
2022-01-24 14:14:00,634:INFO:Epoch 197, Training loss 108623.9453125, Validation loss 108583.169921875
2022-01-24 14:14:03,084:INFO:Epoch 198, Training loss 108624.10546875, Validation loss 108584.216796875
2022-01-24 14:14:05,509:INFO:Epoch 199, Training loss 108623.974609375, Validation loss 108583.97265625
2022-01-24 14:14:07,965:INFO:Epoch 200, Training loss 108624.130859375, Validation loss 108585.322265625
2022-01-24 14:14:10,417:INFO:Epoch 201, Training loss 108625.669921875, Validation loss 108584.49609375
2022-01-24 14:14:12,874:INFO:Epoch 202, Training loss 108626.134765625, Validation loss 108586.388671875
2022-01-24 14:14:15,288:INFO:Epoch 203, Training loss 108624.123046875, Validation loss 108582.7265625
2022-01-24 14:14:17,751:INFO:Epoch 204, Training loss 108624.021484375, Validation loss 108584.357421875
2022-01-24 14:14:20,171:INFO:Epoch 205, Training loss 108623.83984375, Validation loss 108582.560546875
2022-01-24 14:14:22,665:INFO:Epoch 206, Training loss 108622.9296875, Validation loss 108585.806640625
2022-01-24 14:14:25,095:INFO:Epoch 207, Training loss 108623.330078125, Validation loss 108585.724609375
2022-01-24 14:14:27,554:INFO:Epoch 208, Training loss 108623.560546875, Validation loss 108584.46875
2022-01-24 14:14:29,987:INFO:Epoch 209, Training loss 108623.01953125, Validation loss 108583.24609375
2022-01-24 14:14:32,467:INFO:Epoch 210, Training loss 108621.509765625, Validation loss 108584.23828125
2022-01-24 14:14:34,902:INFO:Epoch 211, Training loss 108622.330078125, Validation loss 108583.4765625
2022-01-24 14:14:37,348:INFO:Epoch 212, Training loss 108622.173828125, Validation loss 108584.24609375
2022-01-24 14:14:39,786:INFO:Epoch 213, Training loss 108623.150390625, Validation loss 108584.03515625
2022-01-24 14:14:42,261:INFO:Epoch 214, Training loss 108621.115234375, Validation loss 108586.087890625
2022-01-24 14:14:44,700:INFO:Epoch 215, Training loss 108621.087890625, Validation loss 108584.572265625
2022-01-24 14:14:47,135:INFO:Epoch 216, Training loss 108621.3515625, Validation loss 108583.267578125
2022-01-24 14:14:49,581:INFO:Epoch 217, Training loss 108620.744140625, Validation loss 108583.318359375
2022-01-24 14:14:52,041:INFO:Epoch 218, Training loss 108622.72265625, Validation loss 108587.6640625
2022-01-24 14:14:54,490:INFO:Epoch 219, Training loss 108621.466796875, Validation loss 108585.306640625
2022-01-24 14:14:56,907:INFO:Epoch 220, Training loss 108626.443359375, Validation loss 108583.56640625
2022-01-24 14:14:59,314:INFO:Epoch 221, Training loss 108623.759765625, Validation loss 108589.87890625
2022-01-24 14:15:01,687:INFO:Epoch 222, Training loss 108624.373046875, Validation loss 108585.078125
2022-01-24 14:15:04,066:INFO:Epoch 223, Training loss 108620.3984375, Validation loss 108583.458984375
2022-01-24 14:15:06,404:INFO:Epoch 224, Training loss 108621.232421875, Validation loss 108584.189453125
2022-01-24 14:15:08,788:INFO:Epoch 225, Training loss 108619.751953125, Validation loss 108585.06640625
2022-01-24 14:15:11,133:INFO:Epoch 226, Training loss 108620.443359375, Validation loss 108585.126953125
2022-01-24 14:15:13,548:INFO:Epoch 227, Training loss 108620.087890625, Validation loss 108583.771484375
2022-01-24 14:15:15,891:INFO:Epoch 228, Training loss 108619.744140625, Validation loss 108586.390625
2022-01-24 14:15:18,266:INFO:Epoch 229, Training loss 108619.962890625, Validation loss 108584.5
2022-01-24 14:15:18,272:INFO:Finished training
