7.395328906250000000e+04
7.385793750000000000e+04
7.380923437500000000e+04
7.379961718750000000e+04
7.381317968750000000e+04
7.382940625000000000e+04
7.383634375000000000e+04
7.383281250000000000e+04
7.382282812500000000e+04
7.381135937500000000e+04
7.380209375000000000e+04
7.379720312500000000e+04
7.379674218750000000e+04
7.379933593750000000e+04
7.380282031250000000e+04
7.380546875000000000e+04
7.380618750000000000e+04
7.380492187500000000e+04
7.380232812500000000e+04
7.379932031250000000e+04
7.379672656250000000e+04
7.379528125000000000e+04
7.379496093750000000e+04
7.379560937500000000e+04
7.379669531250000000e+04
7.379764062500000000e+04
7.379804687500000000e+04
7.379775000000000000e+04
7.379689062500000000e+04
7.379577343750000000e+04
7.379474218750000000e+04
7.379406250000000000e+04
7.379384375000000000e+04
7.379400781250000000e+04
7.379434375000000000e+04
7.379463281250000000e+04
7.379472656250000000e+04
7.379453906250000000e+04
7.379416406250000000e+04
7.379374218750000000e+04
7.379339062500000000e+04
7.379320312500000000e+04
7.379316406250000000e+04
7.379323437500000000e+04
7.379330468750000000e+04
7.379329687500000000e+04
7.379316406250000000e+04
7.379295312500000000e+04
7.379271875000000000e+04
7.379252343750000000e+04
7.379239843750000000e+04
7.379235156250000000e+04
7.379234375000000000e+04
7.379232812500000000e+04
7.379226562500000000e+04
7.379215625000000000e+04
7.379202343750000000e+04
7.379189843750000000e+04
7.379179687500000000e+04
7.379171875000000000e+04
7.379165625000000000e+04
7.379159375000000000e+04
7.379152343750000000e+04
7.379142968750000000e+04
7.379132812500000000e+04
7.379123437500000000e+04
7.379114062500000000e+04
7.379105468750000000e+04
7.379096875000000000e+04
7.379090625000000000e+04
7.379083593750000000e+04
7.379075000000000000e+04
7.379064843750000000e+04
7.379056250000000000e+04
7.379047656250000000e+04
7.379039843750000000e+04
7.379032031250000000e+04
7.379024218750000000e+04
7.379015625000000000e+04
7.379007031250000000e+04
7.378998437500000000e+04
7.378989843750000000e+04
7.378980468750000000e+04
7.378971093750000000e+04
7.378961718750000000e+04
7.378952343750000000e+04
7.378942968750000000e+04
7.378933593750000000e+04
7.378923437500000000e+04
7.378914843750000000e+04
7.378904687500000000e+04
7.378895312500000000e+04
7.378885156250000000e+04
7.378875000000000000e+04
7.378864843750000000e+04
7.378853906250000000e+04
7.378843750000000000e+04
7.378833593750000000e+04
7.378823437500000000e+04
7.378812500000000000e+04
7.378801562500000000e+04
7.378790625000000000e+04
7.378779687500000000e+04
7.378768750000000000e+04
7.378757031250000000e+04
7.378746093750000000e+04
7.378734375000000000e+04
7.378722656250000000e+04
7.378710937500000000e+04
7.378699218750000000e+04
7.378686718750000000e+04
7.378675000000000000e+04
7.378662500000000000e+04
7.378650000000000000e+04
7.378636718750000000e+04
7.378624218750000000e+04
7.378610937500000000e+04
7.378596875000000000e+04
7.378582812500000000e+04
7.378569531250000000e+04
7.378555468750000000e+04
7.378541406250000000e+04
7.378527343750000000e+04
7.378512500000000000e+04
7.378498437500000000e+04
7.378482812500000000e+04
7.378467968750000000e+04
7.378453125000000000e+04
7.378437500000000000e+04
7.378421875000000000e+04
7.378406250000000000e+04
7.378389843750000000e+04
7.378374218750000000e+04
7.378358593750000000e+04
7.378342187500000000e+04
7.378326562500000000e+04
7.378310937500000000e+04
7.378294531250000000e+04
7.378278906250000000e+04
7.378262500000000000e+04
7.378245312500000000e+04
7.378228906250000000e+04
7.378211718750000000e+04
7.378194531250000000e+04
7.378178125000000000e+04
7.378161718750000000e+04
7.378145312500000000e+04
7.378128125000000000e+04
7.378110937500000000e+04
7.378092968750000000e+04
7.378076562500000000e+04
