2.079933789062500000e+05
2.079933789062500000e+05
2.079933789062500000e+05
2.079933789062500000e+05
2.079933789062500000e+05
2.079933789062500000e+05
2.079933789062500000e+05
2.079933789062500000e+05
2.079933789062500000e+05
2.079933789062500000e+05
2.079933789062500000e+05
1.425813085937500000e+05
1.270846367187500000e+05
1.178853789062500000e+05
1.125247851562500000e+05
1.098272421875000000e+05
1.093787460937500000e+05
1.096163652343750000e+05
1.095002460937500000e+05
1.092513046875000000e+05
1.091347636718750000e+05
1.091214882812500000e+05
1.091021582031250000e+05
1.090600703125000000e+05
1.090218496093750000e+05
1.089968886718750000e+05
1.089720839843750000e+05
1.089426406250000000e+05
1.089122148437500000e+05
1.088801894531250000e+05
1.088464726562500000e+05
1.088120214843750000e+05
1.087746464843750000e+05
1.087379550781250000e+05
1.086989355468750000e+05
1.086598417968750000e+05
1.086236210937500000e+05
1.085878144531250000e+05
1.085548496093750000e+05
1.085258457031250000e+05
1.085018828125000000e+05
1.084823496093750000e+05
1.084693535156250000e+05
1.084607519531250000e+05
1.084536562500000000e+05
1.084507343750000000e+05
1.084479550781250000e+05
1.084459199218750000e+05
1.084437460937500000e+05
1.084419492187500000e+05
1.084401601562500000e+05
1.084389550781250000e+05
1.084371894531250000e+05
1.084353652343750000e+05
1.084351621093750000e+05
1.084340019531250000e+05
1.084341445312500000e+05
1.084328886718750000e+05
1.084319453125000000e+05
1.084312109375000000e+05
1.084302617187500000e+05
1.084303964843750000e+05
1.084290449218750000e+05
1.084283105468750000e+05
1.084280156250000000e+05
1.084279042968750000e+05
1.084266640625000000e+05
1.084269785156250000e+05
1.084261933593750000e+05
1.084255976562500000e+05
1.084249238281250000e+05
1.084246093750000000e+05
1.084244707031250000e+05
1.084245351562500000e+05
1.084237109375000000e+05
1.084226484375000000e+05
1.084226425781250000e+05
1.084220351562500000e+05
1.084218203125000000e+05
1.084211953125000000e+05
1.084233847656250000e+05
1.084221542968750000e+05
1.084211660156250000e+05
1.084211738281250000e+05
1.084208378906250000e+05
1.084194316406250000e+05
1.084194746093750000e+05
1.084204375000000000e+05
1.084188027343750000e+05
1.084191855468750000e+05
1.084179140625000000e+05
1.084199707031250000e+05
1.084178261718750000e+05
1.084175058593750000e+05
1.084168183593750000e+05
1.084172421875000000e+05
1.084165371093750000e+05
1.084167695312500000e+05
1.084160468750000000e+05
1.084161542968750000e+05
1.084150351562500000e+05
1.084160566406250000e+05
1.084161699218750000e+05
1.084153281250000000e+05
1.084145703125000000e+05
1.084148476562500000e+05
1.084147558593750000e+05
1.084137792968750000e+05
1.084146445312500000e+05
1.084136992187500000e+05
1.084137128906250000e+05
1.084128476562500000e+05
1.084132578125000000e+05
1.084129609375000000e+05
1.084132148437500000e+05
1.084134160156250000e+05
1.084126191406250000e+05
1.084120058593750000e+05
1.084117050781250000e+05
1.084109921875000000e+05
1.084106015625000000e+05
1.084098847656250000e+05
1.084095917968750000e+05
1.084109648437500000e+05
1.084106777343750000e+05
1.084092695312500000e+05
1.084089785156250000e+05
1.084090253906250000e+05
1.084089453125000000e+05
1.084086953125000000e+05
1.084090878906250000e+05
1.084081093750000000e+05
1.084082871093750000e+05
1.084087402343750000e+05
1.084065019531250000e+05
1.084076250000000000e+05
1.084071250000000000e+05
1.084064414062500000e+05
1.084062109375000000e+05
1.084073925781250000e+05
1.084065546875000000e+05
1.084065019531250000e+05
1.084069472656250000e+05
1.084060703125000000e+05
1.084076386718750000e+05
1.084070507812500000e+05
1.084047753906250000e+05
1.084062226562500000e+05
1.084044140625000000e+05
1.084051503906250000e+05
1.084059355468750000e+05
1.084040800781250000e+05
1.084042031250000000e+05
1.084054023437500000e+05
1.084062773437500000e+05
1.084044257812500000e+05
1.084041816406250000e+05
1.084035449218750000e+05
1.084032343750000000e+05
1.084039121093750000e+05
1.084029746093750000e+05
1.084031074218750000e+05
1.084024296875000000e+05
1.084030273437500000e+05
1.084024140625000000e+05
1.084024589843750000e+05
1.084037265625000000e+05
1.084018417968750000e+05
1.084037519531250000e+05
1.084014414062500000e+05
1.084036640625000000e+05
1.084016914062500000e+05
1.084023808593750000e+05
1.084013886718750000e+05
1.084019160156250000e+05
1.084009746093750000e+05
1.083999433593750000e+05
1.084019785156250000e+05
1.083999609375000000e+05
1.084002031250000000e+05
1.084000527343750000e+05
1.083994667968750000e+05
1.083987324218750000e+05
