8.465143750000000000e+04
8.217553906250000000e+04
7.641556542968750000e+04
7.418597265625000000e+04
7.416084960937500000e+04
7.430035644531250000e+04
7.408992968750000000e+04
7.387353515625000000e+04
7.381637207031250000e+04
7.383806445312500000e+04
7.381732031250000000e+04
7.379445800781250000e+04
7.379092871093750000e+04
7.378941601562500000e+04
7.378506640625000000e+04
7.378148535156250000e+04
7.377841015625000000e+04
7.377679882812500000e+04
7.377605566406250000e+04
7.377477734375000000e+04
7.377386914062500000e+04
7.377279394531250000e+04
7.377251367187500000e+04
7.377214843750000000e+04
7.377148632812500000e+04
7.377104687500000000e+04
7.377063769531250000e+04
7.377022949218750000e+04
7.376985839843750000e+04
7.376960351562500000e+04
7.376920507812500000e+04
7.376874218750000000e+04
7.376853515625000000e+04
7.376831835937500000e+04
7.376799707031250000e+04
7.376768750000000000e+04
7.376717480468750000e+04
7.376702246093750000e+04
7.376655468750000000e+04
7.376630175781250000e+04
7.376602050781250000e+04
7.376575390625000000e+04
7.376566113281250000e+04
7.376516308593750000e+04
7.376498437500000000e+04
7.376484863281250000e+04
7.376444433593750000e+04
7.376417871093750000e+04
7.376410742187500000e+04
7.376374609375000000e+04
7.376354199218750000e+04
7.376331250000000000e+04
7.376358593750000000e+04
7.376312207031250000e+04
7.376267382812500000e+04
7.376249316406250000e+04
7.376232519531250000e+04
7.376194726562500000e+04
7.376189257812500000e+04
7.376162304687500000e+04
7.376155957031250000e+04
7.376124121093750000e+04
7.376127441406250000e+04
7.376109375000000000e+04
7.376059082031250000e+04
7.376037500000000000e+04
7.376016699218750000e+04
7.375982714843750000e+04
7.375979003906250000e+04
