2.080824023437500000e+05
2.080824023437500000e+05
2.080824023437500000e+05
2.080824023437500000e+05
2.080824023437500000e+05
2.080824023437500000e+05
2.080824023437500000e+05
2.080824023437500000e+05
2.080824023437500000e+05
2.080824023437500000e+05
2.080824023437500000e+05
2.011245742187500000e+05
1.589741621093750000e+05
1.288925039062500000e+05
1.147157578125000000e+05
1.101675156250000000e+05
1.098040156250000000e+05
1.101530781250000000e+05
1.099972968750000000e+05
1.095824101562500000e+05
1.093497207031250000e+05
1.093515625000000000e+05
1.093137285156250000e+05
1.092294277343750000e+05
1.091910039062500000e+05
1.091599375000000000e+05
1.091164003906250000e+05
1.090790976562500000e+05
1.090419023437500000e+05
1.089986953125000000e+05
1.089552421875000000e+05
1.089138203125000000e+05
1.088720859375000000e+05
1.088304863281250000e+05
1.087881191406250000e+05
1.087466269531250000e+05
1.087087363281250000e+05
1.086722460937500000e+05
1.086398847656250000e+05
1.086147070312500000e+05
1.085929863281250000e+05
1.085766855468750000e+05
1.085634140625000000e+05
1.085537519531250000e+05
1.085473183593750000e+05
1.085413222656250000e+05
1.085365214843750000e+05
1.085331210937500000e+05
1.085298242187500000e+05
1.085253710937500000e+05
1.085209257812500000e+05
1.085219082031250000e+05
1.085152460937500000e+05
1.085120761718750000e+05
1.085094296875000000e+05
1.085067812500000000e+05
1.085028339843750000e+05
1.085006562500000000e+05
1.084995761718750000e+05
1.084970449218750000e+05
1.084959628906250000e+05
1.084931093750000000e+05
1.084910234375000000e+05
1.084892304687500000e+05
1.084885000000000000e+05
1.084876621093750000e+05
1.084848671875000000e+05
1.084857617187500000e+05
1.084840156250000000e+05
1.084835019531250000e+05
1.084817148437500000e+05
1.084832207031250000e+05
1.084817031250000000e+05
1.084798847656250000e+05
1.084783867187500000e+05
1.084778476562500000e+05
1.084769023437500000e+05
1.084778808593750000e+05
1.084760683593750000e+05
1.084749316406250000e+05
1.084759492187500000e+05
1.084760566406250000e+05
1.084727421875000000e+05
1.084719101562500000e+05
1.084707851562500000e+05
1.084705429687500000e+05
1.084706015625000000e+05
1.084701464843750000e+05
1.084694687500000000e+05
1.084690625000000000e+05
1.084686269531250000e+05
1.084692949218750000e+05
1.084675175781250000e+05
1.084670371093750000e+05
1.084671972656250000e+05
1.084676542968750000e+05
1.084652714843750000e+05
1.084664609375000000e+05
1.084650898437500000e+05
1.084649121093750000e+05
1.084660937500000000e+05
1.084659511718750000e+05
1.084658964843750000e+05
1.084646230468750000e+05
1.084638066406250000e+05
1.084635703125000000e+05
1.084619726562500000e+05
1.084619199218750000e+05
1.084623066406250000e+05
1.084620097656250000e+05
1.084630175781250000e+05
1.084600195312500000e+05
1.084626777343750000e+05
1.084599082031250000e+05
1.084611621093750000e+05
1.084609121093750000e+05
1.084608906250000000e+05
1.084592851562500000e+05
1.084590996093750000e+05
1.084577441406250000e+05
1.084578066406250000e+05
1.084572929687500000e+05
1.084597382812500000e+05
1.084565117187500000e+05
1.084591953125000000e+05
1.084562695312500000e+05
1.084562363281250000e+05
1.084565273437500000e+05
1.084592890625000000e+05
1.084563027343750000e+05
1.084557910156250000e+05
1.084555410156250000e+05
1.084559531250000000e+05
1.084552832031250000e+05
1.084562128906250000e+05
1.084540566406250000e+05
1.084533085937500000e+05
1.084534785156250000e+05
1.084530957031250000e+05
1.084535488281250000e+05
1.084527812500000000e+05
1.084536035156250000e+05
1.084533457031250000e+05
1.084526093750000000e+05
1.084528027343750000e+05
1.084553632812500000e+05
1.084571093750000000e+05
