2021-11-24 15:26:08,211:INFO:All directories created, ready to load the data
2021-11-24 15:26:08,264:INFO:Dataset loaded from /data/theorie/jthoeve/event_generation/events_high_stats/quad/cHW/events_9.npy
2021-11-24 15:26:08,268:INFO:Dataset loaded from /data/theorie/jthoeve/event_generation/events_high_stats/sm/events_9.npy
2021-11-24 15:26:12,092:INFO:Epoch 1, Training loss 183539.9296875, Validation loss 183248.5859375
2021-11-24 15:26:15,940:INFO:Epoch 2, Training loss 183539.93359375, Validation loss 183248.5859375
2021-11-24 15:26:19,707:INFO:Epoch 3, Training loss 183539.9375, Validation loss 183248.5859375
2021-11-24 15:26:23,552:INFO:Epoch 4, Training loss 183539.9296875, Validation loss 183248.5859375
2021-11-24 15:26:27,331:INFO:Epoch 5, Training loss 183539.9296875, Validation loss 183248.5859375
2021-11-24 15:26:31,148:INFO:Epoch 6, Training loss 183539.9296875, Validation loss 183248.5859375
2021-11-24 15:26:34,934:INFO:Epoch 7, Training loss 183539.93359375, Validation loss 183248.5859375
2021-11-24 15:26:38,762:INFO:Epoch 8, Training loss 183539.93359375, Validation loss 183248.5859375
2021-11-24 15:26:42,546:INFO:Epoch 9, Training loss 183539.9296875, Validation loss 183248.5859375
2021-11-24 15:26:46,367:INFO:Epoch 10, Training loss 183539.9296875, Validation loss 183248.5859375
2021-11-24 15:26:50,154:INFO:Epoch 11, Training loss 183539.9296875, Validation loss 183248.5859375
2021-11-24 15:26:53,972:INFO:Epoch 12, Training loss 183539.93359375, Validation loss 183248.5859375
2021-11-24 15:26:53,976:INFO:Detected stagant training, reset the weights
2021-11-24 15:26:57,773:INFO:Epoch 13, Training loss 183535.1484375, Validation loss 183193.60546875
2021-11-24 15:27:01,556:INFO:Epoch 14, Training loss 183224.66015625, Validation loss 181956.90234375
2021-11-24 15:27:05,379:INFO:Epoch 15, Training loss 180325.42578125, Validation loss 172625.296875
2021-11-24 15:27:09,213:INFO:Epoch 16, Training loss 159572.693359375, Validation loss 146822.90234375
2021-11-24 15:27:13,049:INFO:Epoch 17, Training loss 147845.998046875, Validation loss 149778.02734375
2021-11-24 15:27:16,825:INFO:Epoch 18, Training loss 150205.75390625, Validation loss 149750.962890625
2021-11-24 15:27:20,668:INFO:Epoch 19, Training loss 148825.251953125, Validation loss 147152.880859375
2021-11-24 15:27:24,442:INFO:Epoch 20, Training loss 146447.75, Validation loss 145422.970703125
2021-11-24 15:27:28,301:INFO:Epoch 21, Training loss 145417.1796875, Validation loss 145177.736328125
2021-11-24 15:27:32,082:INFO:Epoch 22, Training loss 145285.2109375, Validation loss 144764.359375
2021-11-24 15:27:35,900:INFO:Epoch 23, Training loss 144717.625, Validation loss 144186.244140625
2021-11-24 15:27:39,720:INFO:Epoch 24, Training loss 144328.880859375, Validation loss 143944.4765625
2021-11-24 15:27:43,555:INFO:Epoch 25, Training loss 144087.33984375, Validation loss 143641.6953125
2021-11-24 15:27:47,337:INFO:Epoch 26, Training loss 143897.82421875, Validation loss 143494.685546875
2021-11-24 15:27:51,141:INFO:Epoch 27, Training loss 143786.44140625, Validation loss 143427.388671875
2021-11-24 15:27:54,944:INFO:Epoch 28, Training loss 143736.87109375, Validation loss 143406.5546875
2021-11-24 15:27:58,779:INFO:Epoch 29, Training loss 143708.62890625, Validation loss 143370.03515625
2021-11-24 15:28:02,582:INFO:Epoch 30, Training loss 143702.693359375, Validation loss 143360.478515625
2021-11-24 15:28:06,373:INFO:Epoch 31, Training loss 143692.30078125, Validation loss 143360.228515625
2021-11-24 15:28:10,208:INFO:Epoch 32, Training loss 143685.015625, Validation loss 143351.89453125
2021-11-24 15:28:14,042:INFO:Epoch 33, Training loss 143673.0703125, Validation loss 143341.103515625
2021-11-24 15:28:18,248:INFO:Epoch 34, Training loss 143668.552734375, Validation loss 143335.197265625
2021-11-24 15:28:22,046:INFO:Epoch 35, Training loss 143658.966796875, Validation loss 143334.78125
2021-11-24 15:28:25,899:INFO:Epoch 36, Training loss 143654.53125, Validation loss 143323.525390625
2021-11-24 15:28:29,719:INFO:Epoch 37, Training loss 143651.263671875, Validation loss 143323.609375
2021-11-24 15:28:33,553:INFO:Epoch 38, Training loss 143649.015625, Validation loss 143316.103515625
2021-11-24 15:28:37,350:INFO:Epoch 39, Training loss 143644.130859375, Validation loss 143319.693359375
2021-11-24 15:28:41,193:INFO:Epoch 40, Training loss 143644.765625, Validation loss 143317.298828125
2021-11-24 15:28:44,970:INFO:Epoch 41, Training loss 143647.232421875, Validation loss 143309.787109375
2021-11-24 15:28:48,827:INFO:Epoch 42, Training loss 143639.587890625, Validation loss 143321.57421875
2021-11-24 15:28:52,621:INFO:Epoch 43, Training loss 143637.34375, Validation loss 143309.291015625
2021-11-24 15:28:56,447:INFO:Epoch 44, Training loss 143636.4921875, Validation loss 143311.236328125
2021-11-24 15:29:00,214:INFO:Epoch 45, Training loss 143635.609375, Validation loss 143312.607421875
2021-11-24 15:29:04,057:INFO:Epoch 46, Training loss 143633.640625, Validation loss 143306.578125
2021-11-24 15:29:07,873:INFO:Epoch 47, Training loss 143631.619140625, Validation loss 143311.0078125
2021-11-24 15:29:11,707:INFO:Epoch 48, Training loss 143632.455078125, Validation loss 143305.5625
2021-11-24 15:29:15,495:INFO:Epoch 49, Training loss 143628.69921875, Validation loss 143307.96875
2021-11-24 15:29:19,331:INFO:Epoch 50, Training loss 143629.033203125, Validation loss 143306.76171875
2021-11-24 15:29:23,139:INFO:Epoch 51, Training loss 143628.783203125, Validation loss 143308.412109375
2021-11-24 15:29:26,930:INFO:Epoch 52, Training loss 143629.6953125, Validation loss 143303.640625
2021-11-24 15:29:31,092:INFO:Epoch 53, Training loss 143632.041015625, Validation loss 143312.828125
2021-11-24 15:29:34,919:INFO:Epoch 54, Training loss 143626.552734375, Validation loss 143301.052734375
2021-11-24 15:29:38,749:INFO:Epoch 55, Training loss 143627.005859375, Validation loss 143308.564453125
2021-11-24 15:29:42,539:INFO:Epoch 56, Training loss 143627.658203125, Validation loss 143303.57421875
2021-11-24 15:29:46,352:INFO:Epoch 57, Training loss 143624.2734375, Validation loss 143303.953125
2021-11-24 15:29:50,160:INFO:Epoch 58, Training loss 143624.296875, Validation loss 143304.806640625
2021-11-24 15:29:53,982:INFO:Epoch 59, Training loss 143622.541015625, Validation loss 143307.8828125
2021-11-24 15:29:57,781:INFO:Epoch 60, Training loss 143624.060546875, Validation loss 143303.263671875
2021-11-24 15:30:01,621:INFO:Epoch 61, Training loss 143621.654296875, Validation loss 143305.53515625
2021-11-24 15:30:05,404:INFO:Epoch 62, Training loss 143622.044921875, Validation loss 143302.015625
2021-11-24 15:30:09,295:INFO:Epoch 63, Training loss 143622.603515625, Validation loss 143308.216796875
2021-11-24 15:30:13,149:INFO:Epoch 64, Training loss 143621.212890625, Validation loss 143303.171875
2021-11-24 15:30:17,036:INFO:Epoch 65, Training loss 143620.92578125, Validation loss 143301.89453125
2021-11-24 15:30:20,898:INFO:Epoch 66, Training loss 143620.224609375, Validation loss 143306.71875
2021-11-24 15:30:24,789:INFO:Epoch 67, Training loss 143619.533203125, Validation loss 143299.916015625
2021-11-24 15:30:28,636:INFO:Epoch 68, Training loss 143621.150390625, Validation loss 143303.626953125
2021-11-24 15:30:32,504:INFO:Epoch 69, Training loss 143622.990234375, Validation loss 143306.388671875
2021-11-24 15:30:36,361:INFO:Epoch 70, Training loss 143620.8828125, Validation loss 143300.345703125
2021-11-24 15:30:40,248:INFO:Epoch 71, Training loss 143619.26953125, Validation loss 143306.333984375
2021-11-24 15:30:44,106:INFO:Epoch 72, Training loss 143618.671875, Validation loss 143303.224609375
2021-11-24 15:30:47,968:INFO:Epoch 73, Training loss 143618.166015625, Validation loss 143302.33203125
2021-11-24 15:30:51,840:INFO:Epoch 74, Training loss 143617.73828125, Validation loss 143301.375
2021-11-24 15:30:55,666:INFO:Epoch 75, Training loss 143617.01953125, Validation loss 143302.046875
2021-11-24 15:30:59,482:INFO:Epoch 76, Training loss 143617.0390625, Validation loss 143302.953125
2021-11-24 15:31:03,272:INFO:Epoch 77, Training loss 143618.138671875, Validation loss 143300.607421875
2021-11-24 15:31:07,087:INFO:Epoch 78, Training loss 143618.544921875, Validation loss 143305.541015625
2021-11-24 15:31:10,930:INFO:Epoch 79, Training loss 143615.8671875, Validation loss 143300.296875
2021-11-24 15:31:14,769:INFO:Epoch 80, Training loss 143623.79296875, Validation loss 143301.8515625
2021-11-24 15:31:18,554:INFO:Epoch 81, Training loss 143622.615234375, Validation loss 143298.380859375
2021-11-24 15:31:22,389:INFO:Epoch 82, Training loss 143616.455078125, Validation loss 143309.11328125
2021-11-24 15:31:26,170:INFO:Epoch 83, Training loss 143620.130859375, Validation loss 143302.96484375
2021-11-24 15:31:30,035:INFO:Epoch 84, Training loss 143615.40234375, Validation loss 143301.158203125
2021-11-24 15:31:33,818:INFO:Epoch 85, Training loss 143616.970703125, Validation loss 143301.052734375
2021-11-24 15:31:38,058:INFO:Epoch 86, Training loss 143617.80078125, Validation loss 143307.248046875
2021-11-24 15:31:41,901:INFO:Epoch 87, Training loss 143615.68359375, Validation loss 143302.958984375
2021-11-24 15:31:45,765:INFO:Epoch 88, Training loss 143616.189453125, Validation loss 143296.984375
2021-11-24 15:31:49,561:INFO:Epoch 89, Training loss 143615.544921875, Validation loss 143305.544921875
2021-11-24 15:31:53,403:INFO:Epoch 90, Training loss 143617.19921875, Validation loss 143302.208984375
2021-11-24 15:31:57,206:INFO:Epoch 91, Training loss 143616.4453125, Validation loss 143302.2109375
2021-11-24 15:32:01,056:INFO:Epoch 92, Training loss 143616.556640625, Validation loss 143300.361328125
2021-11-24 15:32:04,870:INFO:Epoch 93, Training loss 143620.494140625, Validation loss 143308.79296875
2021-11-24 15:32:08,684:INFO:Epoch 94, Training loss 143618.033203125, Validation loss 143300.65234375
2021-11-24 15:32:12,526:INFO:Epoch 95, Training loss 143615.6484375, Validation loss 143303.6796875
2021-11-24 15:32:16,371:INFO:Epoch 96, Training loss 143615.1484375, Validation loss 143304.244140625
2021-11-24 15:32:20,193:INFO:Epoch 97, Training loss 143615.224609375, Validation loss 143298.6640625
2021-11-24 15:32:23,979:INFO:Epoch 98, Training loss 143613.76953125, Validation loss 143303.931640625
2021-11-24 15:32:27,796:INFO:Epoch 99, Training loss 143619.705078125, Validation loss 143300.986328125
2021-11-24 15:32:31,609:INFO:Epoch 100, Training loss 143621.505859375, Validation loss 143299.40234375
2021-11-24 15:32:35,425:INFO:Epoch 101, Training loss 143623.390625, Validation loss 143307.4765625
2021-11-24 15:32:39,225:INFO:Epoch 102, Training loss 143625.267578125, Validation loss 143299.875
2021-11-24 15:32:43,101:INFO:Epoch 103, Training loss 143620.119140625, Validation loss 143310.388671875
2021-11-24 15:32:46,879:INFO:Epoch 104, Training loss 143618.4765625, Validation loss 143296.07421875
2021-11-24 15:32:50,749:INFO:Epoch 105, Training loss 143616.716796875, Validation loss 143311.740234375
2021-11-24 15:32:54,545:INFO:Epoch 106, Training loss 143616.7734375, Validation loss 143299.390625
2021-11-24 15:32:58,379:INFO:Epoch 107, Training loss 143615.27734375, Validation loss 143303.958984375
2021-11-24 15:33:02,175:INFO:Epoch 108, Training loss 143611.677734375, Validation loss 143298.015625
2021-11-24 15:33:06,021:INFO:Epoch 109, Training loss 143615.033203125, Validation loss 143304.77734375
2021-11-24 15:33:09,837:INFO:Epoch 110, Training loss 143613.244140625, Validation loss 143297.84375
2021-11-24 15:33:13,669:INFO:Epoch 111, Training loss 143614.685546875, Validation loss 143302.32421875
2021-11-24 15:33:17,489:INFO:Epoch 112, Training loss 143612.892578125, Validation loss 143302.623046875
2021-11-24 15:33:21,340:INFO:Epoch 113, Training loss 143616.9296875, Validation loss 143299.47265625
2021-11-24 15:33:25,135:INFO:Epoch 114, Training loss 143611.615234375, Validation loss 143302.767578125
2021-11-24 15:33:28,942:INFO:Epoch 115, Training loss 143612.330078125, Validation loss 143300.216796875
2021-11-24 15:33:32,767:INFO:Epoch 116, Training loss 143612.142578125, Validation loss 143299.263671875
2021-11-24 15:33:36,597:INFO:Epoch 117, Training loss 143611.3203125, Validation loss 143300.16796875
2021-11-24 15:33:40,424:INFO:Epoch 118, Training loss 143614.072265625, Validation loss 143301.03515625
2021-11-24 15:33:44,219:INFO:Epoch 119, Training loss 143618.814453125, Validation loss 143298.865234375
2021-11-24 15:33:48,052:INFO:Epoch 120, Training loss 143612.48828125, Validation loss 143308.126953125
2021-11-24 15:33:51,893:INFO:Epoch 121, Training loss 143612.67578125, Validation loss 143297.1875
2021-11-24 15:33:55,737:INFO:Epoch 122, Training loss 143612.603515625, Validation loss 143303.173828125
2021-11-24 15:33:59,524:INFO:Epoch 123, Training loss 143610.62109375, Validation loss 143300.181640625
2021-11-24 15:34:03,361:INFO:Epoch 124, Training loss 143611.96875, Validation loss 143299.087890625
2021-11-24 15:34:07,151:INFO:Epoch 125, Training loss 143616.64453125, Validation loss 143300.18359375
2021-11-24 15:34:11,047:INFO:Epoch 126, Training loss 143612.517578125, Validation loss 143299.109375
2021-11-24 15:34:14,849:INFO:Epoch 127, Training loss 143614.146484375, Validation loss 143298.384765625
2021-11-24 15:34:18,673:INFO:Epoch 128, Training loss 143618.583984375, Validation loss 143295.69140625
2021-11-24 15:34:22,464:INFO:Epoch 129, Training loss 143617.330078125, Validation loss 143312.08984375
2021-11-24 15:34:26,319:INFO:Epoch 130, Training loss 143615.712890625, Validation loss 143294.279296875
2021-11-24 15:34:30,135:INFO:Epoch 131, Training loss 143617.1328125, Validation loss 143306.837890625
2021-11-24 15:34:33,947:INFO:Epoch 132, Training loss 143610.4140625, Validation loss 143297.2578125
2021-11-24 15:34:37,767:INFO:Epoch 133, Training loss 143612.830078125, Validation loss 143310.689453125
2021-11-24 15:34:41,648:INFO:Epoch 134, Training loss 143612.017578125, Validation loss 143294.53125
2021-11-24 15:34:45,471:INFO:Epoch 135, Training loss 143610.064453125, Validation loss 143306.83984375
2021-11-24 15:34:49,282:INFO:Epoch 136, Training loss 143609.84375, Validation loss 143298.447265625
2021-11-24 15:34:53,109:INFO:Epoch 137, Training loss 143612.525390625, Validation loss 143301.275390625
2021-11-24 15:34:57,437:INFO:Epoch 138, Training loss 143618.84765625, Validation loss 143296.619140625
2021-11-24 15:35:01,252:INFO:Epoch 139, Training loss 143606.419921875, Validation loss 143305.857421875
2021-11-24 15:35:05,044:INFO:Epoch 140, Training loss 143613.515625, Validation loss 143299.021484375
2021-11-24 15:35:08,877:INFO:Epoch 141, Training loss 143607.673828125, Validation loss 143297.09765625
2021-11-24 15:35:12,739:INFO:Epoch 142, Training loss 143610.515625, Validation loss 143299.978515625
2021-11-24 15:35:16,591:INFO:Epoch 143, Training loss 143609.19140625, Validation loss 143302.048828125
2021-11-24 15:35:20,394:INFO:Epoch 144, Training loss 143608.3359375, Validation loss 143295.537109375
2021-11-24 15:35:24,202:INFO:Epoch 145, Training loss 143608.763671875, Validation loss 143297.759765625
2021-11-24 15:35:27,934:INFO:Epoch 146, Training loss 143607.30078125, Validation loss 143298.3125
2021-11-24 15:35:31,749:INFO:Epoch 147, Training loss 143608.466796875, Validation loss 143298.462890625
2021-11-24 15:35:35,479:INFO:Epoch 148, Training loss 143608.650390625, Validation loss 143298.8828125
2021-11-24 15:35:39,249:INFO:Epoch 149, Training loss 143611.8515625, Validation loss 143296.189453125
2021-11-24 15:35:43,010:INFO:Epoch 150, Training loss 143613.658203125, Validation loss 143300.796875
2021-11-24 15:35:46,802:INFO:Epoch 151, Training loss 143613.619140625, Validation loss 143296.048828125
2021-11-24 15:35:50,600:INFO:Epoch 152, Training loss 143609.986328125, Validation loss 143298.267578125
2021-11-24 15:35:54,429:INFO:Epoch 153, Training loss 143608.775390625, Validation loss 143299.01171875
2021-11-24 15:35:58,254:INFO:Epoch 154, Training loss 143608.404296875, Validation loss 143294.470703125
2021-11-24 15:36:02,086:INFO:Epoch 155, Training loss 143607.169921875, Validation loss 143300.865234375
2021-11-24 15:36:05,844:INFO:Epoch 156, Training loss 143607.2109375, Validation loss 143298.044921875
2021-11-24 15:36:09,596:INFO:Epoch 157, Training loss 143607.078125, Validation loss 143298.900390625
2021-11-24 15:36:13,595:INFO:Epoch 158, Training loss 143610.58203125, Validation loss 143296.7265625
2021-11-24 15:36:17,383:INFO:Epoch 159, Training loss 143608.91796875, Validation loss 143304.099609375
2021-11-24 15:36:21,154:INFO:Epoch 160, Training loss 143610.822265625, Validation loss 143295.216796875
2021-11-24 15:36:24,893:INFO:Epoch 161, Training loss 143606.04296875, Validation loss 143302.384765625
2021-11-24 15:36:28,666:INFO:Epoch 162, Training loss 143609.10546875, Validation loss 143296.208984375
2021-11-24 15:36:32,428:INFO:Epoch 163, Training loss 143611.33203125, Validation loss 143296.6796875
2021-11-24 15:36:36,193:INFO:Epoch 164, Training loss 143608.4375, Validation loss 143298.83203125
2021-11-24 15:36:39,920:INFO:Epoch 165, Training loss 143606.341796875, Validation loss 143298.51171875
2021-11-24 15:36:43,735:INFO:Epoch 166, Training loss 143607.619140625, Validation loss 143295.4140625
2021-11-24 15:36:47,489:INFO:Epoch 167, Training loss 143607.197265625, Validation loss 143302.525390625
2021-11-24 15:36:51,307:INFO:Epoch 168, Training loss 143605.07421875, Validation loss 143295.447265625
2021-11-24 15:36:55,047:INFO:Epoch 169, Training loss 143609.041015625, Validation loss 143298.234375
2021-11-24 15:36:58,835:INFO:Epoch 170, Training loss 143608.587890625, Validation loss 143299.587890625
2021-11-24 15:37:02,584:INFO:Epoch 171, Training loss 143607.083984375, Validation loss 143299.31640625
2021-11-24 15:37:06,423:INFO:Epoch 172, Training loss 143606.2265625, Validation loss 143296.1953125
2021-11-24 15:37:10,174:INFO:Epoch 173, Training loss 143607.181640625, Validation loss 143301.583984375
2021-11-24 15:37:13,997:INFO:Epoch 174, Training loss 143604.796875, Validation loss 143296.693359375
2021-11-24 15:37:17,801:INFO:Epoch 175, Training loss 143606.3984375, Validation loss 143295.220703125
2021-11-24 15:37:21,647:INFO:Epoch 176, Training loss 143605.396484375, Validation loss 143299.033203125
2021-11-24 15:37:25,459:INFO:Epoch 177, Training loss 143605.744140625, Validation loss 143296.068359375
2021-11-24 15:37:29,231:INFO:Epoch 178, Training loss 143605.32421875, Validation loss 143299.439453125
2021-11-24 15:37:32,990:INFO:Epoch 179, Training loss 143611.63671875, Validation loss 143298.193359375
2021-11-24 15:37:36,765:INFO:Epoch 180, Training loss 143610.16015625, Validation loss 143299.607421875
2021-11-24 15:37:36,773:INFO:Finished training, producing training report at /data/theorie/jthoeve/ML4EFT_higgs/models/24_11/model_quad_cHW/mc_run_9/plots/training_report/
2021-11-24 15:37:37,106:WARNING:findfont: Font family ['sans-serif'] not found. Falling back to DejaVu Sans.
