2021-11-17 17:54:11,603:INFO:All directories created, ready to load the data
2021-11-17 17:54:11,678:INFO:Dataset loaded from /data/theorie/jthoeve/event_generation/events_high_stats/lin/cHW/events_4.npy
2021-11-17 17:54:11,735:INFO:Dataset loaded from /data/theorie/jthoeve/event_generation/events_high_stats/sm/events_4.npy
2021-11-17 17:54:15,155:INFO:Epoch 1, Training loss 188305.703125, Validation loss 164511.99609375
2021-11-17 17:54:18,518:INFO:Epoch 2, Training loss 154182.908203125, Validation loss 141841.275390625
2021-11-17 17:54:21,865:INFO:Epoch 3, Training loss 136255.078125, Validation loss 129409.78515625
2021-11-17 17:54:25,232:INFO:Epoch 4, Training loss 125986.703125, Validation loss 121650.412109375
2021-11-17 17:54:28,546:INFO:Epoch 5, Training loss 119411.970703125, Validation loss 116673.77734375
2021-11-17 17:54:31,857:INFO:Epoch 6, Training loss 115275.72265625, Validation loss 113570.71875
2021-11-17 17:54:35,135:INFO:Epoch 7, Training loss 112642.232421875, Validation loss 111548.576171875
2021-11-17 17:54:38,571:INFO:Epoch 8, Training loss 110931.55078125, Validation loss 110268.185546875
2021-11-17 17:54:41,904:INFO:Epoch 9, Training loss 109897.505859375, Validation loss 109572.474609375
2021-11-17 17:54:45,256:INFO:Epoch 10, Training loss 109394.396484375, Validation loss 109308.724609375
2021-11-17 17:54:48,595:INFO:Epoch 11, Training loss 109243.216796875, Validation loss 109267.412109375
2021-11-17 17:54:51,949:INFO:Epoch 12, Training loss 109225.63671875, Validation loss 109253.65625
2021-11-17 17:54:55,291:INFO:Epoch 13, Training loss 109200.2890625, Validation loss 109213.693359375
2021-11-17 17:54:58,602:INFO:Epoch 14, Training loss 109163.546875, Validation loss 109188.203125
2021-11-17 17:55:01,951:INFO:Epoch 15, Training loss 109144.78125, Validation loss 109173.291015625
2021-11-17 17:55:05,287:INFO:Epoch 16, Training loss 109124.83984375, Validation loss 109149.208984375
2021-11-17 17:55:08,607:INFO:Epoch 17, Training loss 109102.89453125, Validation loss 109132.056640625
2021-11-17 17:55:11,865:INFO:Epoch 18, Training loss 109086.33984375, Validation loss 109115.033203125
2021-11-17 17:55:15,177:INFO:Epoch 19, Training loss 109067.818359375, Validation loss 109097.609375
2021-11-17 17:55:18,580:INFO:Epoch 20, Training loss 109051.154296875, Validation loss 109081.734375
2021-11-17 17:55:21,968:INFO:Epoch 21, Training loss 109033.8046875, Validation loss 109065.373046875
2021-11-17 17:55:25,284:INFO:Epoch 22, Training loss 109017.025390625, Validation loss 109049.501953125
2021-11-17 17:55:28,638:INFO:Epoch 23, Training loss 109000.787109375, Validation loss 109034.263671875
2021-11-17 17:55:31,968:INFO:Epoch 24, Training loss 108985.140625, Validation loss 109019.4609375
2021-11-17 17:55:35,351:INFO:Epoch 25, Training loss 108969.10546875, Validation loss 109004.751953125
2021-11-17 17:55:38,672:INFO:Epoch 26, Training loss 108954.03515625, Validation loss 108990.189453125
2021-11-17 17:55:42,028:INFO:Epoch 27, Training loss 108938.841796875, Validation loss 108976.267578125
2021-11-17 17:55:45,327:INFO:Epoch 28, Training loss 108924.107421875, Validation loss 108962.75
2021-11-17 17:55:48,667:INFO:Epoch 29, Training loss 108910.197265625, Validation loss 108949.775390625
2021-11-17 17:55:51,963:INFO:Epoch 30, Training loss 108896.9921875, Validation loss 108937.388671875
2021-11-17 17:55:55,380:INFO:Epoch 31, Training loss 108884.302734375, Validation loss 108925.986328125
2021-11-17 17:55:58,726:INFO:Epoch 32, Training loss 108871.802734375, Validation loss 108915.498046875
2021-11-17 17:56:02,086:INFO:Epoch 33, Training loss 108860.861328125, Validation loss 108906.470703125
2021-11-17 17:56:05,438:INFO:Epoch 34, Training loss 108851.787109375, Validation loss 108898.220703125
2021-11-17 17:56:08,765:INFO:Epoch 35, Training loss 108843.798828125, Validation loss 108892.341796875
2021-11-17 17:56:12,125:INFO:Epoch 36, Training loss 108836.943359375, Validation loss 108887.111328125
2021-11-17 17:56:15,484:INFO:Epoch 37, Training loss 108831.798828125, Validation loss 108882.64453125
2021-11-17 17:56:18,836:INFO:Epoch 38, Training loss 108827.66796875, Validation loss 108878.91796875
2021-11-17 17:56:22,133:INFO:Epoch 39, Training loss 108825.103515625, Validation loss 108876.83203125
2021-11-17 17:56:25,451:INFO:Epoch 40, Training loss 108822.828125, Validation loss 108874.423828125
2021-11-17 17:56:28,723:INFO:Epoch 41, Training loss 108821.33203125, Validation loss 108873.3515625
2021-11-17 17:56:32,072:INFO:Epoch 42, Training loss 108820.88671875, Validation loss 108872.09375
2021-11-17 17:56:35,497:INFO:Epoch 43, Training loss 108820.068359375, Validation loss 108871.59765625
2021-11-17 17:56:38,874:INFO:Epoch 44, Training loss 108819.755859375, Validation loss 108870.958984375
2021-11-17 17:56:42,216:INFO:Epoch 45, Training loss 108819.76953125, Validation loss 108871.982421875
2021-11-17 17:56:45,615:INFO:Epoch 46, Training loss 108818.814453125, Validation loss 108870.9375
2021-11-17 17:56:48,954:INFO:Epoch 47, Training loss 108818.638671875, Validation loss 108869.61328125
2021-11-17 17:56:52,349:INFO:Epoch 48, Training loss 108817.927734375, Validation loss 108868.400390625
2021-11-17 17:56:55,771:INFO:Epoch 49, Training loss 108817.455078125, Validation loss 108868.095703125
2021-11-17 17:56:59,219:INFO:Epoch 50, Training loss 108817.08984375, Validation loss 108867.86328125
2021-11-17 17:57:02,606:INFO:Epoch 51, Training loss 108816.8046875, Validation loss 108868.51171875
2021-11-17 17:57:05,975:INFO:Epoch 52, Training loss 108816.609375, Validation loss 108867.853515625
2021-11-17 17:57:09,342:INFO:Epoch 53, Training loss 108816.359375, Validation loss 108867.216796875
2021-11-17 17:57:12,882:INFO:Epoch 54, Training loss 108816.21484375, Validation loss 108866.986328125
2021-11-17 17:57:16,339:INFO:Epoch 55, Training loss 108815.841796875, Validation loss 108866.509765625
2021-11-17 17:57:19,761:INFO:Epoch 56, Training loss 108815.84375, Validation loss 108866.37890625
2021-11-17 17:57:23,218:INFO:Epoch 57, Training loss 108815.591796875, Validation loss 108866.765625
2021-11-17 17:57:26,679:INFO:Epoch 58, Training loss 108815.6640625, Validation loss 108867.107421875
2021-11-17 17:57:30,137:INFO:Epoch 59, Training loss 108815.498046875, Validation loss 108866.7890625
2021-11-17 17:57:33,547:INFO:Epoch 60, Training loss 108815.119140625, Validation loss 108866.42578125
2021-11-17 17:57:37,006:INFO:Epoch 61, Training loss 108815.302734375, Validation loss 108866.9921875
2021-11-17 17:57:40,396:INFO:Epoch 62, Training loss 108814.9453125, Validation loss 108865.935546875
2021-11-17 17:57:43,818:INFO:Epoch 63, Training loss 108814.7578125, Validation loss 108865.234375
2021-11-17 17:57:47,160:INFO:Epoch 64, Training loss 108815.03515625, Validation loss 108865.83203125
2021-11-17 17:57:50,665:INFO:Epoch 65, Training loss 108814.75, Validation loss 108865.75390625
2021-11-17 17:57:54,058:INFO:Epoch 66, Training loss 108814.57421875, Validation loss 108865.88671875
2021-11-17 17:57:57,515:INFO:Epoch 67, Training loss 108814.509765625, Validation loss 108865.431640625
2021-11-17 17:58:00,899:INFO:Epoch 68, Training loss 108814.53515625, Validation loss 108866.232421875
2021-11-17 17:58:04,305:INFO:Epoch 69, Training loss 108814.228515625, Validation loss 108865.416015625
2021-11-17 17:58:07,696:INFO:Epoch 70, Training loss 108814.177734375, Validation loss 108865.2109375
2021-11-17 17:58:11,131:INFO:Epoch 71, Training loss 108814.009765625, Validation loss 108865.67578125
2021-11-17 17:58:14,528:INFO:Epoch 72, Training loss 108814.03125, Validation loss 108865.826171875
2021-11-17 17:58:17,891:INFO:Epoch 73, Training loss 108814.052734375, Validation loss 108864.841796875
2021-11-17 17:58:21,245:INFO:Epoch 74, Training loss 108813.65625, Validation loss 108865.34375
2021-11-17 17:58:24,616:INFO:Epoch 75, Training loss 108813.83984375, Validation loss 108866.28515625
2021-11-17 17:58:28,009:INFO:Epoch 76, Training loss 108813.521484375, Validation loss 108866.236328125
2021-11-17 17:58:31,471:INFO:Epoch 77, Training loss 108814.103515625, Validation loss 108864.5625
2021-11-17 17:58:34,892:INFO:Epoch 78, Training loss 108813.53125, Validation loss 108865.142578125
2021-11-17 17:58:38,309:INFO:Epoch 79, Training loss 108813.33203125, Validation loss 108865.49609375
2021-11-17 17:58:41,777:INFO:Epoch 80, Training loss 108813.54296875, Validation loss 108865.484375
2021-11-17 17:58:45,159:INFO:Epoch 81, Training loss 108813.091796875, Validation loss 108865.177734375
2021-11-17 17:58:48,594:INFO:Epoch 82, Training loss 108812.978515625, Validation loss 108865.19140625
2021-11-17 17:58:51,967:INFO:Epoch 83, Training loss 108812.89453125, Validation loss 108864.9453125
2021-11-17 17:58:55,407:INFO:Epoch 84, Training loss 108812.88671875, Validation loss 108865.611328125
2021-11-17 17:58:58,741:INFO:Epoch 85, Training loss 108812.890625, Validation loss 108865.462890625
2021-11-17 17:59:02,117:INFO:Epoch 86, Training loss 108812.7265625, Validation loss 108865.59765625
2021-11-17 17:59:05,459:INFO:Epoch 87, Training loss 108812.421875, Validation loss 108864.626953125
2021-11-17 17:59:09,023:INFO:Epoch 88, Training loss 108812.4375, Validation loss 108864.83984375
2021-11-17 17:59:12,414:INFO:Epoch 89, Training loss 108812.541015625, Validation loss 108865.0234375
2021-11-17 17:59:15,827:INFO:Epoch 90, Training loss 108812.47265625, Validation loss 108864.5078125
2021-11-17 17:59:19,231:INFO:Epoch 91, Training loss 108812.26953125, Validation loss 108864.341796875
2021-11-17 17:59:22,672:INFO:Epoch 92, Training loss 108812.3515625, Validation loss 108864.630859375
2021-11-17 17:59:26,070:INFO:Epoch 93, Training loss 108812.40234375, Validation loss 108865.509765625
2021-11-17 17:59:29,461:INFO:Epoch 94, Training loss 108812.25, Validation loss 108864.625
2021-11-17 17:59:32,854:INFO:Epoch 95, Training loss 108812.279296875, Validation loss 108864.0625
2021-11-17 17:59:36,229:INFO:Epoch 96, Training loss 108812.1015625, Validation loss 108865.333984375
2021-11-17 17:59:39,602:INFO:Epoch 97, Training loss 108811.80859375, Validation loss 108864.5859375
2021-11-17 17:59:42,964:INFO:Epoch 98, Training loss 108811.5546875, Validation loss 108864.896484375
2021-11-17 17:59:46,489:INFO:Epoch 99, Training loss 108811.498046875, Validation loss 108864.76171875
2021-11-17 17:59:49,909:INFO:Epoch 100, Training loss 108811.40234375, Validation loss 108864.357421875
2021-11-17 17:59:53,336:INFO:Epoch 101, Training loss 108811.482421875, Validation loss 108864.171875
2021-11-17 17:59:56,711:INFO:Epoch 102, Training loss 108811.724609375, Validation loss 108864.935546875
2021-11-17 18:00:00,141:INFO:Epoch 103, Training loss 108811.45703125, Validation loss 108864.326171875
2021-11-17 18:00:03,524:INFO:Epoch 104, Training loss 108811.32421875, Validation loss 108864.369140625
2021-11-17 18:00:06,987:INFO:Epoch 105, Training loss 108811.419921875, Validation loss 108863.98828125
2021-11-17 18:00:10,347:INFO:Epoch 106, Training loss 108811.66015625, Validation loss 108864.681640625
2021-11-17 18:00:13,720:INFO:Epoch 107, Training loss 108811.236328125, Validation loss 108863.97265625
2021-11-17 18:00:17,060:INFO:Epoch 108, Training loss 108811.03125, Validation loss 108864.62109375
2021-11-17 18:00:20,455:INFO:Epoch 109, Training loss 108810.943359375, Validation loss 108864.236328125
2021-11-17 18:00:23,946:INFO:Epoch 110, Training loss 108811.220703125, Validation loss 108865.412109375
2021-11-17 18:00:27,356:INFO:Epoch 111, Training loss 108810.861328125, Validation loss 108864.625
2021-11-17 18:00:30,749:INFO:Epoch 112, Training loss 108810.615234375, Validation loss 108864.62109375
2021-11-17 18:00:34,186:INFO:Epoch 113, Training loss 108811.287109375, Validation loss 108863.115234375
2021-11-17 18:00:37,592:INFO:Epoch 114, Training loss 108811.2578125, Validation loss 108864.15625
2021-11-17 18:00:41,010:INFO:Epoch 115, Training loss 108811.130859375, Validation loss 108866.078125
2021-11-17 18:00:44,419:INFO:Epoch 116, Training loss 108810.5, Validation loss 108865.068359375
2021-11-17 18:00:47,837:INFO:Epoch 117, Training loss 108810.248046875, Validation loss 108863.919921875
2021-11-17 18:00:51,197:INFO:Epoch 118, Training loss 108810.453125, Validation loss 108863.998046875
2021-11-17 18:00:54,533:INFO:Epoch 119, Training loss 108810.375, Validation loss 108863.548828125
2021-11-17 18:00:57,905:INFO:Epoch 120, Training loss 108810.279296875, Validation loss 108864.26171875
2021-11-17 18:01:01,432:INFO:Epoch 121, Training loss 108810.142578125, Validation loss 108864.265625
2021-11-17 18:01:04,852:INFO:Epoch 122, Training loss 108810.24609375, Validation loss 108865.0234375
2021-11-17 18:01:08,228:INFO:Epoch 123, Training loss 108810.26953125, Validation loss 108864.1328125
2021-11-17 18:01:11,666:INFO:Epoch 124, Training loss 108809.93359375, Validation loss 108864.39453125
2021-11-17 18:01:15,050:INFO:Epoch 125, Training loss 108810.029296875, Validation loss 108864.431640625
2021-11-17 18:01:18,516:INFO:Epoch 126, Training loss 108810.126953125, Validation loss 108863.5546875
2021-11-17 18:01:21,894:INFO:Epoch 127, Training loss 108809.634765625, Validation loss 108864.0234375
2021-11-17 18:01:25,301:INFO:Epoch 128, Training loss 108809.759765625, Validation loss 108863.8671875
2021-11-17 18:01:28,654:INFO:Epoch 129, Training loss 108809.490234375, Validation loss 108864.634765625
2021-11-17 18:01:32,058:INFO:Epoch 130, Training loss 108810.068359375, Validation loss 108865.064453125
2021-11-17 18:01:35,395:INFO:Epoch 131, Training loss 108809.75, Validation loss 108863.861328125
2021-11-17 18:01:38,909:INFO:Epoch 132, Training loss 108809.4140625, Validation loss 108864.26953125
2021-11-17 18:01:42,331:INFO:Epoch 133, Training loss 108809.533203125, Validation loss 108864.771484375
2021-11-17 18:01:42,352:INFO:Finished training, producing training report at /data/theorie/jthoeve/ML4EFT_higgs/models/17_11/model_final_lin_cHW/mc_run_4/plots/training_report/
2021-11-17 18:01:42,649:WARNING:findfont: Font family ['sans-serif'] not found. Falling back to DejaVu Sans.
