1.839031601562500000e+05
1.839031523437500000e+05
1.839031523437500000e+05
1.839031562500000000e+05
1.839031601562500000e+05
1.839031601562500000e+05
1.839031601562500000e+05
1.839031601562500000e+05
1.839031562500000000e+05
1.839031562500000000e+05
1.839031601562500000e+05
1.839031523437500000e+05
1.839031562500000000e+05
1.839031601562500000e+05
1.839031562500000000e+05
1.839031601562500000e+05
1.839031562500000000e+05
1.839031601562500000e+05
1.839031562500000000e+05
1.839031523437500000e+05
1.839031562500000000e+05
1.839031640625000000e+05
1.839031562500000000e+05
1.839031601562500000e+05
1.839031601562500000e+05
1.839031601562500000e+05
1.839031562500000000e+05
1.839031562500000000e+05
1.839031562500000000e+05
1.839031601562500000e+05
1.839031601562500000e+05
1.839031562500000000e+05
1.839031562500000000e+05
1.839031601562500000e+05
1.839031601562500000e+05
1.839031601562500000e+05
1.839031562500000000e+05
1.839031601562500000e+05
1.839031562500000000e+05
1.839031562500000000e+05
1.839031523437500000e+05
1.501413769531250000e+05
1.487792949218750000e+05
1.462485996093750000e+05
1.443380253906250000e+05
1.438857910156250000e+05
1.437691796875000000e+05
1.437285039062500000e+05
1.436451796875000000e+05
1.435939511718750000e+05
1.435493515625000000e+05
1.435683652343750000e+05
1.435616562500000000e+05
1.435604570312500000e+05
1.435397832031250000e+05
1.435285820312500000e+05
1.435197988281250000e+05
1.435214316406250000e+05
1.435361972656250000e+05
1.435164667968750000e+05
1.435103105468750000e+05
1.435080625000000000e+05
1.435040371093750000e+05
1.435067773437500000e+05
1.435317304687500000e+05
1.435480390625000000e+05
1.435134277343750000e+05
1.435168632812500000e+05
1.435002597656250000e+05
1.435079433593750000e+05
1.434957695312500000e+05
1.434980898437500000e+05
1.434979257812500000e+05
1.434988027343750000e+05
1.435006132812500000e+05
1.435053906250000000e+05
1.435000390625000000e+05
1.435026972656250000e+05
1.434963769531250000e+05
1.434991289062500000e+05
1.435108808593750000e+05
1.435124101562500000e+05
1.435088261718750000e+05
1.435067617187500000e+05
1.434911054687500000e+05
1.434934296875000000e+05
1.434949570312500000e+05
1.434969843750000000e+05
1.434953242187500000e+05
1.434937539062500000e+05
1.434963652343750000e+05
1.435068554687500000e+05
1.434975957031250000e+05
1.434957441406250000e+05
1.434958183593750000e+05
1.435005410156250000e+05
1.434973789062500000e+05
1.434969667968750000e+05
1.434875878906250000e+05
1.435066445312500000e+05
1.435007851562500000e+05
1.434940332031250000e+05
1.434894550781250000e+05
1.434836250000000000e+05
1.434882695312500000e+05
1.434925996093750000e+05
1.434912851562500000e+05
1.434903925781250000e+05
1.434943906250000000e+05
1.434883574218750000e+05
1.434887285156250000e+05
1.434882656250000000e+05
1.434918320312500000e+05
1.434973496093750000e+05
1.434931132812500000e+05
1.434832265625000000e+05
1.434842324218750000e+05
1.434827402343750000e+05
1.434837597656250000e+05
1.434837148437500000e+05
1.434823105468750000e+05
1.434842675781250000e+05
1.434873437500000000e+05
1.434891074218750000e+05
1.434916250000000000e+05
1.434913242187500000e+05
1.434876464843750000e+05
1.435001113281250000e+05
1.434997324218750000e+05
1.435023574218750000e+05
1.434828984375000000e+05
1.434858847656250000e+05
1.434788886718750000e+05
1.434799941406250000e+05
1.434818945312500000e+05
1.434816542968750000e+05
1.434974589843750000e+05
1.435014355468750000e+05
1.435181464843750000e+05
1.435036503906250000e+05
1.435051210937500000e+05
1.434963027343750000e+05
1.434959550781250000e+05
1.434938203125000000e+05
1.434922031250000000e+05
1.434992773437500000e+05
1.434892382812500000e+05
1.434856289062500000e+05
1.434814238281250000e+05
1.434851484375000000e+05
1.434839218750000000e+05
1.434837460937500000e+05
1.434800058593750000e+05
1.434843828125000000e+05
1.434821386718750000e+05
1.434789941406250000e+05
1.434789335937500000e+05
1.434809589843750000e+05
1.434857402343750000e+05
1.434812929687500000e+05
1.434784394531250000e+05
1.434789804687500000e+05
1.434854902343750000e+05
1.434797910156250000e+05
1.434813359375000000e+05
1.434760546875000000e+05
1.434765996093750000e+05
1.434827500000000000e+05
1.434753984375000000e+05
1.434772207031250000e+05
1.434746054687500000e+05
1.434769531250000000e+05
