2021-11-24 15:26:09,340:INFO:All directories created, ready to load the data
2021-11-24 15:26:09,377:INFO:Dataset loaded from /data/theorie/jthoeve/event_generation/events_high_stats/quad/cHW/events_26.npy
2021-11-24 15:26:09,380:INFO:Dataset loaded from /data/theorie/jthoeve/event_generation/events_high_stats/sm/events_26.npy
2021-11-24 15:26:13,151:INFO:Epoch 1, Training loss 152901.50390625, Validation loss 151312.25
2021-11-24 15:26:16,936:INFO:Epoch 2, Training loss 150804.55859375, Validation loss 150259.328125
2021-11-24 15:26:20,652:INFO:Epoch 3, Training loss 150052.75, Validation loss 149785.740234375
2021-11-24 15:26:24,456:INFO:Epoch 4, Training loss 149599.369140625, Validation loss 149292.896484375
2021-11-24 15:26:28,187:INFO:Epoch 5, Training loss 149027.994140625, Validation loss 148598.12109375
2021-11-24 15:26:31,954:INFO:Epoch 6, Training loss 148220.216796875, Validation loss 147601.916015625
2021-11-24 15:26:35,702:INFO:Epoch 7, Training loss 147094.521484375, Validation loss 146373.7734375
2021-11-24 15:26:39,474:INFO:Epoch 8, Training loss 145885.548828125, Validation loss 145249.24609375
2021-11-24 15:26:43,216:INFO:Epoch 9, Training loss 144856.14453125, Validation loss 144444.1875
2021-11-24 15:26:46,974:INFO:Epoch 10, Training loss 144253.51171875, Validation loss 144139.828125
2021-11-24 15:26:50,712:INFO:Epoch 11, Training loss 144041.740234375, Validation loss 143973.505859375
2021-11-24 15:26:54,485:INFO:Epoch 12, Training loss 143868.845703125, Validation loss 143806.333984375
2021-11-24 15:26:58,229:INFO:Epoch 13, Training loss 143744.84375, Validation loss 143708.3828125
2021-11-24 15:27:01,951:INFO:Epoch 14, Training loss 143672.685546875, Validation loss 143673.6953125
2021-11-24 15:27:05,721:INFO:Epoch 15, Training loss 143646.4375, Validation loss 143663.8125
2021-11-24 15:27:09,504:INFO:Epoch 16, Training loss 143613.015625, Validation loss 143613.587890625
2021-11-24 15:27:13,283:INFO:Epoch 17, Training loss 143582.58203125, Validation loss 143608.572265625
2021-11-24 15:27:17,006:INFO:Epoch 18, Training loss 143567.50390625, Validation loss 143600.0078125
2021-11-24 15:27:20,777:INFO:Epoch 19, Training loss 143556.875, Validation loss 143596.88671875
2021-11-24 15:27:24,542:INFO:Epoch 20, Training loss 143551.89453125, Validation loss 143584.5390625
2021-11-24 15:27:28,336:INFO:Epoch 21, Training loss 143533.765625, Validation loss 143592.951171875
2021-11-24 15:27:32,061:INFO:Epoch 22, Training loss 143530.828125, Validation loss 143583.46875
2021-11-24 15:27:35,824:INFO:Epoch 23, Training loss 143523.076171875, Validation loss 143572.8125
2021-11-24 15:27:39,558:INFO:Epoch 24, Training loss 143517.26953125, Validation loss 143572.83984375
2021-11-24 15:27:43,368:INFO:Epoch 25, Training loss 143515.111328125, Validation loss 143569.0859375
2021-11-24 15:27:47,122:INFO:Epoch 26, Training loss 143504.47265625, Validation loss 143571.97265625
2021-11-24 15:27:50,886:INFO:Epoch 27, Training loss 143511.568359375, Validation loss 143558.91796875
2021-11-24 15:27:54,628:INFO:Epoch 28, Training loss 143499.130859375, Validation loss 143562.568359375
2021-11-24 15:27:58,641:INFO:Epoch 29, Training loss 143499.7890625, Validation loss 143553.447265625
2021-11-24 15:28:02,385:INFO:Epoch 30, Training loss 143498.89453125, Validation loss 143555.849609375
2021-11-24 15:28:06,131:INFO:Epoch 31, Training loss 143492.318359375, Validation loss 143562.73046875
2021-11-24 15:28:09,884:INFO:Epoch 32, Training loss 143497.591796875, Validation loss 143561.337890625
2021-11-24 15:28:13,663:INFO:Epoch 33, Training loss 143498.416015625, Validation loss 143550.912109375
2021-11-24 15:28:17,419:INFO:Epoch 34, Training loss 143495.67578125, Validation loss 143580.466796875
2021-11-24 15:28:21,158:INFO:Epoch 35, Training loss 143495.294921875, Validation loss 143545.056640625
2021-11-24 15:28:24,923:INFO:Epoch 36, Training loss 143492.12890625, Validation loss 143547.8984375
2021-11-24 15:28:28,697:INFO:Epoch 37, Training loss 143487.626953125, Validation loss 143575.67578125
2021-11-24 15:28:32,456:INFO:Epoch 38, Training loss 143496.646484375, Validation loss 143547.396484375
2021-11-24 15:28:36,179:INFO:Epoch 39, Training loss 143485.166015625, Validation loss 143547.787109375
2021-11-24 15:28:39,951:INFO:Epoch 40, Training loss 143480.765625, Validation loss 143548.35546875
2021-11-24 15:28:43,687:INFO:Epoch 41, Training loss 143483.826171875, Validation loss 143542.0390625
2021-11-24 15:28:47,513:INFO:Epoch 42, Training loss 143472.3984375, Validation loss 143538.59375
2021-11-24 15:28:51,244:INFO:Epoch 43, Training loss 143472.67578125, Validation loss 143540.630859375
2021-11-24 15:28:55,001:INFO:Epoch 44, Training loss 143476.263671875, Validation loss 143537.55078125
2021-11-24 15:28:58,734:INFO:Epoch 45, Training loss 143475.453125, Validation loss 143565.015625
2021-11-24 15:29:02,550:INFO:Epoch 46, Training loss 143482.46875, Validation loss 143534.732421875
2021-11-24 15:29:06,284:INFO:Epoch 47, Training loss 143478.158203125, Validation loss 143549.05859375
2021-11-24 15:29:10,043:INFO:Epoch 48, Training loss 143472.720703125, Validation loss 143532.677734375
2021-11-24 15:29:13,781:INFO:Epoch 49, Training loss 143470.236328125, Validation loss 143543.888671875
2021-11-24 15:29:17,588:INFO:Epoch 50, Training loss 143475.904296875, Validation loss 143541.3125
2021-11-24 15:29:21,330:INFO:Epoch 51, Training loss 143471.46875, Validation loss 143531.666015625
2021-11-24 15:29:25,063:INFO:Epoch 52, Training loss 143463.47265625, Validation loss 143534.5078125
2021-11-24 15:29:28,821:INFO:Epoch 53, Training loss 143472.736328125, Validation loss 143541.125
2021-11-24 15:29:32,585:INFO:Epoch 54, Training loss 143472.7890625, Validation loss 143541.2734375
2021-11-24 15:29:36,343:INFO:Epoch 55, Training loss 143470.98828125, Validation loss 143546.6484375
2021-11-24 15:29:40,075:INFO:Epoch 56, Training loss 143475.671875, Validation loss 143530.50390625
2021-11-24 15:29:43,837:INFO:Epoch 57, Training loss 143479.119140625, Validation loss 143544.37890625
2021-11-24 15:29:47,629:INFO:Epoch 58, Training loss 143461.98046875, Validation loss 143528.724609375
2021-11-24 15:29:51,583:INFO:Epoch 59, Training loss 143459.544921875, Validation loss 143532.267578125
2021-11-24 15:29:55,311:INFO:Epoch 60, Training loss 143458.6171875, Validation loss 143533.013671875
2021-11-24 15:29:59,084:INFO:Epoch 61, Training loss 143462.5546875, Validation loss 143530.478515625
2021-11-24 15:30:02,802:INFO:Epoch 62, Training loss 143465.9296875, Validation loss 143533.732421875
2021-11-24 15:30:06,616:INFO:Epoch 63, Training loss 143472.001953125, Validation loss 143548.029296875
2021-11-24 15:30:10,350:INFO:Epoch 64, Training loss 143472.25, Validation loss 143553.15234375
2021-11-24 15:30:14,166:INFO:Epoch 65, Training loss 143466.884765625, Validation loss 143528.6640625
2021-11-24 15:30:18,001:INFO:Epoch 66, Training loss 143458.626953125, Validation loss 143530.271484375
2021-11-24 15:30:21,821:INFO:Epoch 67, Training loss 143459.4375, Validation loss 143533.009765625
2021-11-24 15:30:25,582:INFO:Epoch 68, Training loss 143459.744140625, Validation loss 143534.482421875
2021-11-24 15:30:29,418:INFO:Epoch 69, Training loss 143463.19921875, Validation loss 143536.09375
2021-11-24 15:30:33,238:INFO:Epoch 70, Training loss 143461.287109375, Validation loss 143534.51953125
2021-11-24 15:30:37,073:INFO:Epoch 71, Training loss 143465.349609375, Validation loss 143538.23828125
2021-11-24 15:30:40,905:INFO:Epoch 72, Training loss 143492.166015625, Validation loss 143589.349609375
2021-11-24 15:30:44,758:INFO:Epoch 73, Training loss 143493.091796875, Validation loss 143535.314453125
2021-11-24 15:30:48,591:INFO:Epoch 74, Training loss 143501.107421875, Validation loss 143586.4765625
2021-11-24 15:30:52,420:INFO:Epoch 75, Training loss 143489.283203125, Validation loss 143530.873046875
2021-11-24 15:30:56,190:INFO:Epoch 76, Training loss 143479.236328125, Validation loss 143538.2578125
2021-11-24 15:30:59,927:INFO:Epoch 77, Training loss 143477.462890625, Validation loss 143567.044921875
2021-11-24 15:31:03,693:INFO:Epoch 78, Training loss 143497.857421875, Validation loss 143530.255859375
2021-11-24 15:31:07,457:INFO:Epoch 79, Training loss 143462.818359375, Validation loss 143540.8359375
2021-11-24 15:31:11,439:INFO:Epoch 80, Training loss 143461.509765625, Validation loss 143538.671875
2021-11-24 15:31:15,197:INFO:Epoch 81, Training loss 143460.74609375, Validation loss 143533.826171875
2021-11-24 15:31:18,992:INFO:Epoch 82, Training loss 143465.865234375, Validation loss 143553.46875
2021-11-24 15:31:22,724:INFO:Epoch 83, Training loss 143474.861328125, Validation loss 143537.95703125
2021-11-24 15:31:26,531:INFO:Epoch 84, Training loss 143462.69921875, Validation loss 143539.84375
2021-11-24 15:31:30,266:INFO:Epoch 85, Training loss 143457.748046875, Validation loss 143529.7578125
2021-11-24 15:31:34,039:INFO:Epoch 86, Training loss 143455.818359375, Validation loss 143555.330078125
2021-11-24 15:31:37,969:INFO:Epoch 87, Training loss 143466.548828125, Validation loss 143532.4453125
2021-11-24 15:31:41,778:INFO:Epoch 88, Training loss 143456.97265625, Validation loss 143530.87890625
2021-11-24 15:31:45,533:INFO:Epoch 89, Training loss 143446.951171875, Validation loss 143532.353515625
2021-11-24 15:31:49,296:INFO:Epoch 90, Training loss 143448.93359375, Validation loss 143527.892578125
2021-11-24 15:31:53,048:INFO:Epoch 91, Training loss 143450.32421875, Validation loss 143529.994140625
2021-11-24 15:31:56,843:INFO:Epoch 92, Training loss 143455.7578125, Validation loss 143529.4140625
2021-11-24 15:32:00,590:INFO:Epoch 93, Training loss 143454.775390625, Validation loss 143539.171875
2021-11-24 15:32:04,345:INFO:Epoch 94, Training loss 143451.71484375, Validation loss 143530.833984375
2021-11-24 15:32:08,100:INFO:Epoch 95, Training loss 143446.927734375, Validation loss 143531.421875
2021-11-24 15:32:11,878:INFO:Epoch 96, Training loss 143444.04296875, Validation loss 143536.44140625
2021-11-24 15:32:15,656:INFO:Epoch 97, Training loss 143449.22265625, Validation loss 143527.296875
2021-11-24 15:32:19,393:INFO:Epoch 98, Training loss 143444.83984375, Validation loss 143527.333984375
2021-11-24 15:32:23,166:INFO:Epoch 99, Training loss 143443.787109375, Validation loss 143528.1640625
2021-11-24 15:32:26,934:INFO:Epoch 100, Training loss 143442.466796875, Validation loss 143526.759765625
2021-11-24 15:32:30,701:INFO:Epoch 101, Training loss 143444.462890625, Validation loss 143530.9375
2021-11-24 15:32:34,454:INFO:Epoch 102, Training loss 143450.93359375, Validation loss 143529.240234375
2021-11-24 15:32:38,235:INFO:Epoch 103, Training loss 143441.384765625, Validation loss 143547.185546875
2021-11-24 15:32:41,965:INFO:Epoch 104, Training loss 143455.990234375, Validation loss 143529.353515625
2021-11-24 15:32:45,782:INFO:Epoch 105, Training loss 143446.888671875, Validation loss 143537.185546875
2021-11-24 15:32:49,510:INFO:Epoch 106, Training loss 143447.853515625, Validation loss 143535.396484375
2021-11-24 15:32:53,284:INFO:Epoch 107, Training loss 143443.998046875, Validation loss 143532.1171875
2021-11-24 15:32:57,019:INFO:Epoch 108, Training loss 143445.64453125, Validation loss 143551.8828125
2021-11-24 15:33:00,810:INFO:Epoch 109, Training loss 143450.20703125, Validation loss 143539.85546875
2021-11-24 15:33:04,543:INFO:Epoch 110, Training loss 143463.845703125, Validation loss 143534.482421875
2021-11-24 15:33:08,658:INFO:Epoch 111, Training loss 143455.853515625, Validation loss 143536.1015625
2021-11-24 15:33:12,409:INFO:Epoch 112, Training loss 143444.548828125, Validation loss 143536.54296875
2021-11-24 15:33:16,216:INFO:Epoch 113, Training loss 143449.58984375, Validation loss 143532.125
2021-11-24 15:33:19,975:INFO:Epoch 114, Training loss 143450.990234375, Validation loss 143531.0078125
2021-11-24 15:33:23,737:INFO:Epoch 115, Training loss 143448.3046875, Validation loss 143558.75390625
2021-11-24 15:33:27,501:INFO:Epoch 116, Training loss 143457.28515625, Validation loss 143539.466796875
2021-11-24 15:33:31,269:INFO:Epoch 117, Training loss 143447.384765625, Validation loss 143537.025390625
2021-11-24 15:33:35,335:INFO:Epoch 118, Training loss 143460.404296875, Validation loss 143533.7109375
2021-11-24 15:33:39,079:INFO:Epoch 119, Training loss 143449.55078125, Validation loss 143550.53515625
2021-11-24 15:33:42,868:INFO:Epoch 120, Training loss 143461.302734375, Validation loss 143527.02734375
2021-11-24 15:33:46,646:INFO:Epoch 121, Training loss 143459.943359375, Validation loss 143542.830078125
2021-11-24 15:33:50,434:INFO:Epoch 122, Training loss 143455.4609375, Validation loss 143529.015625
2021-11-24 15:33:54,165:INFO:Epoch 123, Training loss 143451.28515625, Validation loss 143570.955078125
2021-11-24 15:33:57,977:INFO:Epoch 124, Training loss 143464.599609375, Validation loss 143528.77734375
2021-11-24 15:34:01,703:INFO:Epoch 125, Training loss 143448.35546875, Validation loss 143542.302734375
2021-11-24 15:34:05,504:INFO:Epoch 126, Training loss 143449.5234375, Validation loss 143530.65234375
2021-11-24 15:34:09,230:INFO:Epoch 127, Training loss 143448.298828125, Validation loss 143534.5234375
2021-11-24 15:34:13,004:INFO:Epoch 128, Training loss 143449.888671875, Validation loss 143542.9609375
2021-11-24 15:34:16,740:INFO:Epoch 129, Training loss 143449.30859375, Validation loss 143532.09765625
2021-11-24 15:34:20,568:INFO:Epoch 130, Training loss 143451.396484375, Validation loss 143540.58984375
2021-11-24 15:34:24,308:INFO:Epoch 131, Training loss 143449.099609375, Validation loss 143540.970703125
2021-11-24 15:34:28,065:INFO:Epoch 132, Training loss 143458.88671875, Validation loss 143544.37109375
2021-11-24 15:34:31,815:INFO:Epoch 133, Training loss 143450.31640625, Validation loss 143535.517578125
2021-11-24 15:34:35,610:INFO:Epoch 134, Training loss 143443.41015625, Validation loss 143537.61328125
2021-11-24 15:34:39,376:INFO:Epoch 135, Training loss 143439.189453125, Validation loss 143530.236328125
2021-11-24 15:34:43,142:INFO:Epoch 136, Training loss 143438.5390625, Validation loss 143527.125
2021-11-24 15:34:46,899:INFO:Epoch 137, Training loss 143435.92578125, Validation loss 143526.94140625
2021-11-24 15:34:50,699:INFO:Epoch 138, Training loss 143437.4375, Validation loss 143529.01171875
2021-11-24 15:34:54,458:INFO:Epoch 139, Training loss 143438.44921875, Validation loss 143545.501953125
2021-11-24 15:34:58,197:INFO:Epoch 140, Training loss 143445.111328125, Validation loss 143529.953125
2021-11-24 15:35:01,962:INFO:Epoch 141, Training loss 143438.869140625, Validation loss 143536.1875
2021-11-24 15:35:05,739:INFO:Epoch 142, Training loss 143442.81640625, Validation loss 143550.966796875
2021-11-24 15:35:09,519:INFO:Epoch 143, Training loss 143445.763671875, Validation loss 143528.03125
2021-11-24 15:35:13,255:INFO:Epoch 144, Training loss 143439.9921875, Validation loss 143535.80078125
2021-11-24 15:35:17,057:INFO:Epoch 145, Training loss 143442.92578125, Validation loss 143528.16796875
2021-11-24 15:35:20,861:INFO:Epoch 146, Training loss 143439.18359375, Validation loss 143549.333984375
2021-11-24 15:35:24,717:INFO:Epoch 147, Training loss 143445.02734375, Validation loss 143530.505859375
2021-11-24 15:35:28,476:INFO:Epoch 148, Training loss 143452.955078125, Validation loss 143534.64453125
2021-11-24 15:35:32,276:INFO:Epoch 149, Training loss 143438.462890625, Validation loss 143526.810546875
2021-11-24 15:35:36,019:INFO:Epoch 150, Training loss 143439.634765625, Validation loss 143536.095703125
2021-11-24 15:35:36,026:INFO:Finished training, producing training report at /data/theorie/jthoeve/ML4EFT_higgs/models/24_11/model_quad_cHW/mc_run_26/plots/training_report/
2021-11-24 15:35:36,376:WARNING:findfont: Font family ['sans-serif'] not found. Falling back to DejaVu Sans.
