7.475867187500000000e+04
7.436771875000000000e+04
7.408897656250000000e+04
7.390442187500000000e+04
7.379227343750000000e+04
7.374191406250000000e+04
7.373339843750000000e+04
7.375017968750000000e+04
7.377787500000000000e+04
7.380551562500000000e+04
7.382626562500000000e+04
7.383709375000000000e+04
7.383781250000000000e+04
7.382985156250000000e+04
7.381550000000000000e+04
7.379734375000000000e+04
7.377804687500000000e+04
7.375986718750000000e+04
7.374446093750000000e+04
7.373296875000000000e+04
7.372602343750000000e+04
7.372365625000000000e+04
7.372513281250000000e+04
7.372908593750000000e+04
7.373400000000000000e+04
7.373853125000000000e+04
7.374165625000000000e+04
7.374284375000000000e+04
7.374207812500000000e+04
7.373967968750000000e+04
7.373622656250000000e+04
7.373232031250000000e+04
7.372860156250000000e+04
7.372549218750000000e+04
7.372335937500000000e+04
7.372223437500000000e+04
7.372202343750000000e+04
7.372250781250000000e+04
7.372338281250000000e+04
7.372438281250000000e+04
7.372526562500000000e+04
7.372585156250000000e+04
7.372603125000000000e+04
7.372581250000000000e+04
7.372525781250000000e+04
7.372449218750000000e+04
7.372364062500000000e+04
7.372283593750000000e+04
7.372218750000000000e+04
7.372174218750000000e+04
7.372153906250000000e+04
7.372153906250000000e+04
7.372168750000000000e+04
7.372190625000000000e+04
7.372210937500000000e+04
7.372225000000000000e+04
7.372228906250000000e+04
7.372221093750000000e+04
7.372203125000000000e+04
7.372178906250000000e+04
7.372153125000000000e+04
7.372128906250000000e+04
7.372110156250000000e+04
7.372097656250000000e+04
7.372092187500000000e+04
7.372091406250000000e+04
7.372093750000000000e+04
7.372096875000000000e+04
7.372098437500000000e+04
7.372098437500000000e+04
7.372095312500000000e+04
7.372089062500000000e+04
7.372081250000000000e+04
7.372072656250000000e+04
7.372064843750000000e+04
7.372057812500000000e+04
7.372052343750000000e+04
7.372048437500000000e+04
7.372046093750000000e+04
7.372044531250000000e+04
7.372042968750000000e+04
7.372041406250000000e+04
7.372039062500000000e+04
7.372035156250000000e+04
7.372031250000000000e+04
7.372026562500000000e+04
7.372021875000000000e+04
7.372017968750000000e+04
7.372014062500000000e+04
7.372010937500000000e+04
7.372008593750000000e+04
7.372006250000000000e+04
7.372003906250000000e+04
7.372002343750000000e+04
7.371999218750000000e+04
7.371996875000000000e+04
7.371993750000000000e+04
7.371990625000000000e+04
7.371987500000000000e+04
7.371983593750000000e+04
7.371980468750000000e+04
7.371977343750000000e+04
7.371975000000000000e+04
7.371971875000000000e+04
7.371969531250000000e+04
7.371966406250000000e+04
7.371963281250000000e+04
7.371960156250000000e+04
7.371957031250000000e+04
7.371953906250000000e+04
7.371950781250000000e+04
7.371947656250000000e+04
7.371944531250000000e+04
7.371941406250000000e+04
7.371938281250000000e+04
7.371935156250000000e+04
7.371932031250000000e+04
7.371928906250000000e+04
7.371925781250000000e+04
7.371922656250000000e+04
7.371920312500000000e+04
7.371917187500000000e+04
7.371914062500000000e+04
7.371910937500000000e+04
7.371907812500000000e+04
7.371904687500000000e+04
7.371901562500000000e+04
