1.852317890625000000e+05
1.591229003906250000e+05
1.403344082031250000e+05
1.264866679687500000e+05
1.172269140625000000e+05
1.121163496093750000e+05
1.102933437500000000e+05
1.101661386718750000e+05
1.103073671875000000e+05
1.101922011718750000e+05
1.099217246093750000e+05
1.097031640625000000e+05
1.096042675781250000e+05
1.095692304687500000e+05
1.095242500000000000e+05
1.094688574218750000e+05
1.094260078125000000e+05
1.093941445312500000e+05
1.093593750000000000e+05
1.093240507812500000e+05
1.092920507812500000e+05
1.092615195312500000e+05
1.092300839843750000e+05
1.091989492187500000e+05
1.091687695312500000e+05
1.091373398437500000e+05
1.091048789062500000e+05
1.090739628906250000e+05
1.090410722656250000e+05
1.090072617187500000e+05
1.089722500000000000e+05
1.089373808593750000e+05
1.089044277343750000e+05
1.088704003906250000e+05
1.088380878906250000e+05
1.088093652343750000e+05
1.087834296875000000e+05
1.087612851562500000e+05
1.087419375000000000e+05
1.087262578125000000e+05
1.087127050781250000e+05
1.086984804687500000e+05
1.086889355468750000e+05
1.086791777343750000e+05
1.086737558593750000e+05
1.086686660156250000e+05
1.086630800781250000e+05
1.086593574218750000e+05
1.086569257812500000e+05
1.086543671875000000e+05
1.086521093750000000e+05
1.086498808593750000e+05
1.086476445312500000e+05
1.086453300781250000e+05
1.086438710937500000e+05
1.086443652343750000e+05
1.086425625000000000e+05
1.086412539062500000e+05
1.086395683593750000e+05
1.086380371093750000e+05
1.086368847656250000e+05
1.086362812500000000e+05
1.086324218750000000e+05
1.086314960937500000e+05
1.086324316406250000e+05
1.086304160156250000e+05
1.086278515625000000e+05
1.086277773437500000e+05
1.086261289062500000e+05
1.086235742187500000e+05
1.086227500000000000e+05
1.086224179687500000e+05
1.086212246093750000e+05
1.086192187500000000e+05
1.086185136718750000e+05
1.086169707031250000e+05
1.086162109375000000e+05
1.086157773437500000e+05
1.086153007812500000e+05
1.086154277343750000e+05
1.086142910156250000e+05
1.086132773437500000e+05
1.086133320312500000e+05
1.086131328125000000e+05
1.086135156250000000e+05
1.086110332031250000e+05
1.086132148437500000e+05
1.086102949218750000e+05
1.086092480468750000e+05
1.086079628906250000e+05
1.086077148437500000e+05
1.086075000000000000e+05
1.086071093750000000e+05
1.086069726562500000e+05
1.086067871093750000e+05
1.086071738281250000e+05
1.086062109375000000e+05
1.086051074218750000e+05
1.086041503906250000e+05
1.086035312500000000e+05
1.086050996093750000e+05
1.086019941406250000e+05
1.086016269531250000e+05
1.086022597656250000e+05
1.086016347656250000e+05
1.086027011718750000e+05
1.086008476562500000e+05
1.086005566406250000e+05
1.085999238281250000e+05
1.086008046875000000e+05
1.085994765625000000e+05
1.085998906250000000e+05
1.085981601562500000e+05
1.085975234375000000e+05
1.085979140625000000e+05
1.085977246093750000e+05
1.085967011718750000e+05
1.085971386718750000e+05
1.085989941406250000e+05
1.085978710937500000e+05
1.085969375000000000e+05
1.085962851562500000e+05
1.085973574218750000e+05
1.085952695312500000e+05
1.085944843750000000e+05
1.085949921875000000e+05
1.085976757812500000e+05
1.085968925781250000e+05
1.085949609375000000e+05
1.085948554687500000e+05
1.085943554687500000e+05
1.085929082031250000e+05
1.085914921875000000e+05
1.085915761718750000e+05
1.085906796875000000e+05
1.085918671875000000e+05
1.085912695312500000e+05
1.085913378906250000e+05
1.085900449218750000e+05
1.085909707031250000e+05
1.085903242187500000e+05
1.085904921875000000e+05
1.085900957031250000e+05
1.085894218750000000e+05
1.085893515625000000e+05
1.085905722656250000e+05
1.085900664062500000e+05
1.085920156250000000e+05
1.085916855468750000e+05
1.085911757812500000e+05
1.085885351562500000e+05
1.085897617187500000e+05
1.085866679687500000e+05
1.085867011718750000e+05
1.085867675781250000e+05
1.085855292968750000e+05
1.085881015625000000e+05
1.085878359375000000e+05
1.085866015625000000e+05
1.085868300781250000e+05
1.085875000000000000e+05
1.085858671875000000e+05
1.085878808593750000e+05
1.085863964843750000e+05
1.085854121093750000e+05
1.085844550781250000e+05
1.085842792968750000e+05
1.085843359375000000e+05
1.085836542968750000e+05
1.085847929687500000e+05
1.085825195312500000e+05
1.085837617187500000e+05
1.085822148437500000e+05
1.085839628906250000e+05
1.085825761718750000e+05
1.085807148437500000e+05
1.085816210937500000e+05
1.085817851562500000e+05
1.085800703125000000e+05
1.085798925781250000e+05
1.085796699218750000e+05
1.085787617187500000e+05
1.085798281250000000e+05
1.085817246093750000e+05
1.085775195312500000e+05
1.085790195312500000e+05
1.085788710937500000e+05
1.085782207031250000e+05
1.085780820312500000e+05
1.085781230468750000e+05
1.085787968750000000e+05
1.085787636718750000e+05
1.085777441406250000e+05
1.085769921875000000e+05
1.085764570312500000e+05
1.085767500000000000e+05
1.085767929687500000e+05
1.085758007812500000e+05
1.085754531250000000e+05
1.085764179687500000e+05
1.085755332031250000e+05
1.085766738281250000e+05
1.085756992187500000e+05
1.085769238281250000e+05
1.085757226562500000e+05
1.085755136718750000e+05
1.085751660156250000e+05
1.085742148437500000e+05
1.085755312500000000e+05
1.085768593750000000e+05
1.085764355468750000e+05
1.085740976562500000e+05
1.085756113281250000e+05
1.085755351562500000e+05
1.085757500000000000e+05
1.085751796875000000e+05
1.085746523437500000e+05
1.085739531250000000e+05
1.085729921875000000e+05
1.085769707031250000e+05
1.085742128906250000e+05
1.085767324218750000e+05
1.085740039062500000e+05
1.085739316406250000e+05
1.085751796875000000e+05
1.085720332031250000e+05
