2.079377148437500000e+05
2.079377148437500000e+05
2.079377148437500000e+05
2.079377148437500000e+05
2.079377148437500000e+05
2.079377148437500000e+05
2.079377148437500000e+05
2.079377148437500000e+05
2.079377148437500000e+05
2.079377148437500000e+05
2.079377148437500000e+05
2.079377148437500000e+05
1.770331796875000000e+05
1.434803105468750000e+05
1.251832226562500000e+05
1.154123457031250000e+05
1.107387343750000000e+05
1.092987734375000000e+05
1.094600175781250000e+05
1.096397382812500000e+05
1.094495566406250000e+05
1.092100390625000000e+05
1.090960937500000000e+05
1.090747402343750000e+05
1.090706562500000000e+05
1.090529804687500000e+05
1.090245820312500000e+05
1.090051113281250000e+05
1.089948222656250000e+05
1.089849843750000000e+05
1.089745058593750000e+05
1.089637050781250000e+05
1.089554726562500000e+05
1.089468027343750000e+05
1.089392734375000000e+05
1.089319785156250000e+05
1.089249707031250000e+05
1.089185800781250000e+05
1.089124746093750000e+05
1.089063046875000000e+05
1.089010585937500000e+05
1.088955371093750000e+05
1.088903007812500000e+05
1.088847656250000000e+05
1.088803203125000000e+05
1.088754785156250000e+05
1.088708300781250000e+05
1.088666875000000000e+05
1.088625859375000000e+05
1.088589355468750000e+05
1.088556230468750000e+05
1.088523222656250000e+05
1.088493261718750000e+05
1.088464785156250000e+05
1.088439335937500000e+05
1.088415429687500000e+05
1.088392460937500000e+05
1.088372812500000000e+05
1.088350878906250000e+05
1.088330839843750000e+05
1.088315234375000000e+05
1.088297910156250000e+05
1.088288613281250000e+05
1.088267890625000000e+05
1.088255351562500000e+05
1.088245351562500000e+05
1.088232519531250000e+05
1.088221894531250000e+05
1.088209453125000000e+05
1.088203652343750000e+05
1.088191210937500000e+05
1.088186796875000000e+05
1.088174160156250000e+05
1.088166113281250000e+05
1.088158125000000000e+05
1.088150195312500000e+05
1.088143066406250000e+05
1.088133906250000000e+05
1.088128027343750000e+05
1.088125332031250000e+05
1.088113085937500000e+05
1.088108515625000000e+05
1.088104277343750000e+05
1.088097890625000000e+05
1.088095742187500000e+05
1.088086582031250000e+05
1.088087050781250000e+05
1.088077734375000000e+05
1.088077851562500000e+05
1.088069101562500000e+05
1.088064179687500000e+05
1.088060312500000000e+05
1.088055644531250000e+05
1.088055898437500000e+05
1.088048691406250000e+05
1.088045312500000000e+05
1.088041914062500000e+05
1.088037910156250000e+05
1.088035644531250000e+05
1.088029960937500000e+05
1.088028398437500000e+05
1.088026445312500000e+05
1.088018847656250000e+05
1.088020878906250000e+05
1.088012792968750000e+05
