1.516946796875000000e+05
1.500617402343750000e+05
1.494512460937500000e+05
1.488946171875000000e+05
1.480010292968750000e+05
1.467912363281250000e+05
1.455411875000000000e+05
1.444545546875000000e+05
1.438023320312500000e+05
1.436265410156250000e+05
1.436200507812500000e+05
1.435388496093750000e+05
1.435033867187500000e+05
1.434623457031250000e+05
1.434441445312500000e+05
1.434209824218750000e+05
1.434106386718750000e+05
1.434060449218750000e+05
1.433972109375000000e+05
1.434039765625000000e+05
1.433948476562500000e+05
1.433904296875000000e+05
1.433868203125000000e+05
1.433978867187500000e+05
1.433979804687500000e+05
1.434263515625000000e+05
1.434080390625000000e+05
1.433873320312500000e+05
1.433694980468750000e+05
1.433720156250000000e+05
1.433772675781250000e+05
1.433676386718750000e+05
1.433608984375000000e+05
1.433667812500000000e+05
1.433629453125000000e+05
1.433617089843750000e+05
1.433610683593750000e+05
1.433604140625000000e+05
1.433545195312500000e+05
1.433536054687500000e+05
1.433566523437500000e+05
1.433770019531250000e+05
1.433645039062500000e+05
1.433631210937500000e+05
1.433547773437500000e+05
1.433548554687500000e+05
1.433530019531250000e+05
1.433556542968750000e+05
1.433471757812500000e+05
1.433472187500000000e+05
1.433479394531250000e+05
1.433539921875000000e+05
1.433501835937500000e+05
1.433508183593750000e+05
1.433441542968750000e+05
1.433441660156250000e+05
1.433400859375000000e+05
1.433429726562500000e+05
1.433411816406250000e+05
1.433400585937500000e+05
1.433397656250000000e+05
1.433383320312500000e+05
1.433388203125000000e+05
1.433433457031250000e+05
1.433586425781250000e+05
1.433598046875000000e+05
1.433470742187500000e+05
1.433361484375000000e+05
1.433409726562500000e+05
1.433377480468750000e+05
1.433369746093750000e+05
1.433380078125000000e+05
1.433357617187500000e+05
1.433401484375000000e+05
1.433403750000000000e+05
1.433439433593750000e+05
1.433410234375000000e+05
1.433341738281250000e+05
1.433364335937500000e+05
1.433393457031250000e+05
1.433489277343750000e+05
1.433434082031250000e+05
1.433416484375000000e+05
1.433334628906250000e+05
1.433385390625000000e+05
1.433392246093750000e+05
1.433418554687500000e+05
1.433354023437500000e+05
1.433349003906250000e+05
1.433341640625000000e+05
1.433323925781250000e+05
1.433345644531250000e+05
1.433372871093750000e+05
1.433488750000000000e+05
1.433415410156250000e+05
1.433567246093750000e+05
1.433305429687500000e+05
1.433343750000000000e+05
1.433318964843750000e+05
1.433368164062500000e+05
1.433309609375000000e+05
1.433315683593750000e+05
1.433380273437500000e+05
1.433311562500000000e+05
1.433306933593750000e+05
1.433270390625000000e+05
1.433423007812500000e+05
1.433435527343750000e+05
1.433329414062500000e+05
1.433396738281250000e+05
1.433372734375000000e+05
1.433362714843750000e+05
1.433293105468750000e+05
1.433294531250000000e+05
1.433270019531250000e+05
1.433261972656250000e+05
1.433322128906250000e+05
1.433255898437500000e+05
1.433261855468750000e+05
1.433247382812500000e+05
1.433275917968750000e+05
1.433324765625000000e+05
1.433350488281250000e+05
1.433348984375000000e+05
1.433257324218750000e+05
1.433216464843750000e+05
1.433289023437500000e+05
1.433452070312500000e+05
1.433359003906250000e+05
1.433293242187500000e+05
1.433303964843750000e+05
1.433219101562500000e+05
1.433324179687500000e+05
1.433315683593750000e+05
1.433297011718750000e+05
1.433248222656250000e+05
1.433234902343750000e+05
1.433213046875000000e+05
1.433220683593750000e+05
