7.374545898437500000e+04
7.374001855468750000e+04
7.373741015625000000e+04
7.373617773437500000e+04
7.373557910156250000e+04
7.373455468750000000e+04
7.373442968750000000e+04
7.373337695312500000e+04
7.373268359375000000e+04
7.373247656250000000e+04
7.373189062500000000e+04
7.373119531250000000e+04
7.373107519531250000e+04
7.373017480468750000e+04
7.372994238281250000e+04
7.372886718750000000e+04
7.372903417968750000e+04
7.372823535156250000e+04
7.372758007812500000e+04
7.372643359375000000e+04
7.372701757812500000e+04
7.372604589843750000e+04
7.372495800781250000e+04
7.372497753906250000e+04
7.372300585937500000e+04
7.372347363281250000e+04
7.372212402343750000e+04
7.372166503906250000e+04
7.372106640625000000e+04
7.372326562500000000e+04
7.371955371093750000e+04
7.371952636718750000e+04
7.372130566406250000e+04
7.371870703125000000e+04
7.371888476562500000e+04
7.371786523437500000e+04
7.371561816406250000e+04
7.371860253906250000e+04
7.371436132812500000e+04
7.371500878906250000e+04
7.371284960937500000e+04
7.371527929687500000e+04
7.371049023437500000e+04
7.371301757812500000e+04
7.371171484375000000e+04
7.370919921875000000e+04
7.371119921875000000e+04
7.370984667968750000e+04
7.370860644531250000e+04
7.370919335937500000e+04
7.370711328125000000e+04
