2021-11-18 16:14:00,553:INFO:All directories created, ready to load the data
2021-11-18 16:14:00,594:INFO:Dataset loaded from /data/theorie/jthoeve/event_generation/events_high_stats/lin/cHq3/events_17.npy
2021-11-18 16:14:00,630:INFO:Dataset loaded from /data/theorie/jthoeve/event_generation/events_high_stats/sm/events_17.npy
2021-11-18 16:14:04,564:INFO:Epoch 1, Training loss 75048.9453125, Validation loss 74817.71875
2021-11-18 16:14:08,504:INFO:Epoch 2, Training loss 74817.109375, Validation loss 74603.8125
2021-11-18 16:14:12,489:INFO:Epoch 3, Training loss 74602.6328125, Validation loss 74409.6875
2021-11-18 16:14:16,328:INFO:Epoch 4, Training loss 74407.9140625, Validation loss 74237.40625
2021-11-18 16:14:20,260:INFO:Epoch 5, Training loss 74234.7578125, Validation loss 74090.1875
2021-11-18 16:14:24,099:INFO:Epoch 6, Training loss 74086.1796875, Validation loss 73972.5
2021-11-18 16:14:27,962:INFO:Epoch 7, Training loss 73966.4921875, Validation loss 73886.4609375
2021-11-18 16:14:31,866:INFO:Epoch 8, Training loss 73878.265625, Validation loss 73832.671875
2021-11-18 16:14:35,709:INFO:Epoch 9, Training loss 73822.2109375, Validation loss 73809.515625
2021-11-18 16:14:39,615:INFO:Epoch 10, Training loss 73797.5859375, Validation loss 73812.5234375
2021-11-18 16:14:43,591:INFO:Epoch 11, Training loss 73800.0625, Validation loss 73832.125
2021-11-18 16:14:47,462:INFO:Epoch 12, Training loss 73819.9375, Validation loss 73855.4140625
2021-11-18 16:14:51,434:INFO:Epoch 13, Training loss 73844.2421875, Validation loss 73870.7734375
2021-11-18 16:14:55,250:INFO:Epoch 14, Training loss 73861.3203125, Validation loss 73872.84375
2021-11-18 16:14:59,114:INFO:Epoch 15, Training loss 73865.234375, Validation loss 73862.421875
2021-11-18 16:15:03,008:INFO:Epoch 16, Training loss 73856.3671875, Validation loss 73843.0546875
2021-11-18 16:15:06,843:INFO:Epoch 17, Training loss 73838.4375, Validation loss 73819.6484375
2021-11-18 16:15:10,748:INFO:Epoch 18, Training loss 73816.6328125, Validation loss 73796.9609375
2021-11-18 16:15:14,640:INFO:Epoch 19, Training loss 73794.9765625, Validation loss 73777.8671875
2021-11-18 16:15:18,368:INFO:Epoch 20, Training loss 73776.4921875, Validation loss 73763.609375
2021-11-18 16:15:22,218:INFO:Epoch 21, Training loss 73762.71875, Validation loss 73754.703125
2021-11-18 16:15:26,040:INFO:Epoch 22, Training loss 73754.203125, Validation loss 73750.75
2021-11-18 16:15:29,916:INFO:Epoch 23, Training loss 73750.40625, Validation loss 73750.7734375
2021-11-18 16:15:33,830:INFO:Epoch 24, Training loss 73750.40625, Validation loss 73753.390625
2021-11-18 16:15:37,679:INFO:Epoch 25, Training loss 73753.015625, Validation loss 73757.265625
2021-11-18 16:15:41,613:INFO:Epoch 26, Training loss 73756.796875, Validation loss 73761.21875
2021-11-18 16:15:45,564:INFO:Epoch 27, Training loss 73760.578125, Validation loss 73764.390625
2021-11-18 16:15:49,375:INFO:Epoch 28, Training loss 73763.484375, Validation loss 73766.2265625
2021-11-18 16:15:53,273:INFO:Epoch 29, Training loss 73764.984375, Validation loss 73766.53125
2021-11-18 16:15:57,075:INFO:Epoch 30, Training loss 73764.921875, Validation loss 73765.4140625
2021-11-18 16:16:00,970:INFO:Epoch 31, Training loss 73763.4453125, Validation loss 73763.1953125
2021-11-18 16:16:04,894:INFO:Epoch 32, Training loss 73760.8671875, Validation loss 73760.328125
2021-11-18 16:16:08,742:INFO:Epoch 33, Training loss 73757.625, Validation loss 73757.28125
2021-11-18 16:16:12,673:INFO:Epoch 34, Training loss 73754.1796875, Validation loss 73754.53125
2021-11-18 16:16:16,547:INFO:Epoch 35, Training loss 73750.984375, Validation loss 73752.4140625
2021-11-18 16:16:20,409:INFO:Epoch 36, Training loss 73748.375, Validation loss 73751.1328125
2021-11-18 16:16:24,296:INFO:Epoch 37, Training loss 73746.6015625, Validation loss 73750.75
2021-11-18 16:16:28,134:INFO:Epoch 38, Training loss 73745.734375, Validation loss 73751.1796875
2021-11-18 16:16:32,052:INFO:Epoch 39, Training loss 73745.6953125, Validation loss 73752.1953125
2021-11-18 16:16:35,993:INFO:Epoch 40, Training loss 73746.2578125, Validation loss 73753.5234375
2021-11-18 16:16:39,761:INFO:Epoch 41, Training loss 73747.1328125, Validation loss 73754.8359375
2021-11-18 16:16:43,504:INFO:Epoch 42, Training loss 73748.0078125, Validation loss 73755.8671875
2021-11-18 16:16:47,317:INFO:Epoch 43, Training loss 73748.6328125, Validation loss 73756.453125
2021-11-18 16:16:51,185:INFO:Epoch 44, Training loss 73748.8203125, Validation loss 73756.5625
2021-11-18 16:16:55,088:INFO:Epoch 45, Training loss 73748.53125, Validation loss 73756.2421875
2021-11-18 16:16:58,914:INFO:Epoch 46, Training loss 73747.8359375, Validation loss 73755.6484375
2021-11-18 16:17:02,809:INFO:Epoch 47, Training loss 73746.8828125, Validation loss 73754.9453125
2021-11-18 16:17:06,745:INFO:Epoch 48, Training loss 73745.8203125, Validation loss 73754.3359375
2021-11-18 16:17:10,632:INFO:Epoch 49, Training loss 73744.8515625, Validation loss 73753.921875
2021-11-18 16:17:14,543:INFO:Epoch 50, Training loss 73744.078125, Validation loss 73753.78125
2021-11-18 16:17:18,377:INFO:Epoch 51, Training loss 73743.578125, Validation loss 73753.890625
2021-11-18 16:17:22,233:INFO:Epoch 52, Training loss 73743.3671875, Validation loss 73754.2265625
2021-11-18 16:17:26,146:INFO:Epoch 53, Training loss 73743.359375, Validation loss 73754.6796875
2021-11-18 16:17:29,998:INFO:Epoch 54, Training loss 73743.4453125, Validation loss 73755.171875
2021-11-18 16:17:33,904:INFO:Epoch 55, Training loss 73743.5234375, Validation loss 73755.625
2021-11-18 16:17:37,843:INFO:Epoch 56, Training loss 73743.5390625, Validation loss 73755.9921875
2021-11-18 16:17:41,693:INFO:Epoch 57, Training loss 73743.4453125, Validation loss 73756.265625
2021-11-18 16:17:45,603:INFO:Epoch 58, Training loss 73743.203125, Validation loss 73756.4375
2021-11-18 16:17:49,449:INFO:Epoch 59, Training loss 73742.8515625, Validation loss 73756.578125
2021-11-18 16:17:53,794:INFO:Epoch 60, Training loss 73742.4375, Validation loss 73756.7109375
2021-11-18 16:17:57,716:INFO:Epoch 61, Training loss 73742.015625, Validation loss 73756.8984375
2021-11-18 16:18:01,535:INFO:Epoch 62, Training loss 73741.640625, Validation loss 73757.1640625
2021-11-18 16:18:05,346:INFO:Epoch 63, Training loss 73741.3671875, Validation loss 73757.515625
2021-11-18 16:18:09,126:INFO:Epoch 64, Training loss 73741.2109375, Validation loss 73757.9140625
2021-11-18 16:18:13,024:INFO:Epoch 65, Training loss 73741.1484375, Validation loss 73758.3203125
2021-11-18 16:18:16,892:INFO:Epoch 66, Training loss 73741.140625, Validation loss 73758.7109375
2021-11-18 16:18:20,657:INFO:Epoch 67, Training loss 73741.1484375, Validation loss 73759.046875
2021-11-18 16:18:24,472:INFO:Epoch 68, Training loss 73741.1484375, Validation loss 73759.2890625
2021-11-18 16:18:28,318:INFO:Epoch 69, Training loss 73741.1015625, Validation loss 73759.40625
2021-11-18 16:18:32,200:INFO:Epoch 70, Training loss 73741.015625, Validation loss 73759.4296875
2021-11-18 16:18:36,040:INFO:Epoch 71, Training loss 73740.890625, Validation loss 73759.390625
2021-11-18 16:18:39,770:INFO:Epoch 72, Training loss 73740.7421875, Validation loss 73759.3203125
2021-11-18 16:18:43,603:INFO:Epoch 73, Training loss 73740.59375, Validation loss 73759.2578125
2021-11-18 16:18:47,429:INFO:Epoch 74, Training loss 73740.453125, Validation loss 73759.21875
2021-11-18 16:18:51,196:INFO:Epoch 75, Training loss 73740.34375, Validation loss 73759.2421875
2021-11-18 16:18:55,030:INFO:Epoch 76, Training loss 73740.265625, Validation loss 73759.328125
2021-11-18 16:18:58,877:INFO:Epoch 77, Training loss 73740.1953125, Validation loss 73759.453125
2021-11-18 16:19:02,662:INFO:Epoch 78, Training loss 73740.1484375, Validation loss 73759.6171875
2021-11-18 16:19:06,461:INFO:Epoch 79, Training loss 73740.09375, Validation loss 73759.796875
2021-11-18 16:19:10,221:INFO:Epoch 80, Training loss 73740.03125, Validation loss 73759.984375
2021-11-18 16:19:14,054:INFO:Epoch 81, Training loss 73739.9609375, Validation loss 73760.15625
2021-11-18 16:19:17,858:INFO:Epoch 82, Training loss 73739.875, Validation loss 73760.3359375
2021-11-18 16:19:21,625:INFO:Epoch 83, Training loss 73739.796875, Validation loss 73760.4765625
2021-11-18 16:19:25,315:INFO:Epoch 84, Training loss 73739.7109375, Validation loss 73760.59375
2021-11-18 16:19:29,038:INFO:Epoch 85, Training loss 73739.625, Validation loss 73760.6640625
2021-11-18 16:19:32,801:INFO:Epoch 86, Training loss 73739.5390625, Validation loss 73760.7109375
2021-11-18 16:19:36,599:INFO:Epoch 87, Training loss 73739.4609375, Validation loss 73760.7578125
2021-11-18 16:19:36,635:INFO:Finished training, producing training report at /data/theorie/jthoeve/ML4EFT_higgs/models/17_11/model_final_lin_cHq3_v7/mc_run_17/plots/training_report/
2021-11-18 16:19:37,002:WARNING:findfont: Font family ['sans-serif'] not found. Falling back to DejaVu Sans.
