2021-11-18 16:14:00,369:INFO:All directories created, ready to load the data
2021-11-18 16:14:00,379:INFO:Dataset loaded from /data/theorie/jthoeve/event_generation/events_high_stats/lin/cHq3/events_10.npy
2021-11-18 16:14:00,382:INFO:Dataset loaded from /data/theorie/jthoeve/event_generation/events_high_stats/sm/events_10.npy
2021-11-18 16:14:04,157:INFO:Epoch 1, Training loss 80418.734375, Validation loss 79242.625
2021-11-18 16:14:07,934:INFO:Epoch 2, Training loss 79249.40625, Validation loss 78246.96875
2021-11-18 16:14:11,741:INFO:Epoch 3, Training loss 78254.1796875, Validation loss 77394.796875
2021-11-18 16:14:15,427:INFO:Epoch 4, Training loss 77402.34375, Validation loss 76664.8203125
2021-11-18 16:14:19,164:INFO:Epoch 5, Training loss 76672.921875, Validation loss 76044.6953125
2021-11-18 16:14:22,827:INFO:Epoch 6, Training loss 76052.9453125, Validation loss 75523.609375
2021-11-18 16:14:26,537:INFO:Epoch 7, Training loss 75532.2578125, Validation loss 75091.375
2021-11-18 16:14:30,267:INFO:Epoch 8, Training loss 75100.515625, Validation loss 74738.8671875
2021-11-18 16:14:33,949:INFO:Epoch 9, Training loss 74747.9609375, Validation loss 74460.3671875
2021-11-18 16:14:37,658:INFO:Epoch 10, Training loss 74469.3125, Validation loss 74245.28125
2021-11-18 16:14:41,395:INFO:Epoch 11, Training loss 74253.578125, Validation loss 74080.5859375
2021-11-18 16:14:45,086:INFO:Epoch 12, Training loss 74088.34375, Validation loss 73956.8125
2021-11-18 16:14:48,822:INFO:Epoch 13, Training loss 73964.203125, Validation loss 73868.0859375
2021-11-18 16:14:52,451:INFO:Epoch 14, Training loss 73875.125, Validation loss 73809.1171875
2021-11-18 16:14:56,225:INFO:Epoch 15, Training loss 73815.9453125, Validation loss 73775.1953125
2021-11-18 16:14:59,947:INFO:Epoch 16, Training loss 73781.84375, Validation loss 73761.765625
2021-11-18 16:15:03,623:INFO:Epoch 17, Training loss 73768.2734375, Validation loss 73763.890625
2021-11-18 16:15:07,364:INFO:Epoch 18, Training loss 73769.9375, Validation loss 73776.515625
2021-11-18 16:15:11,140:INFO:Epoch 19, Training loss 73781.96875, Validation loss 73794.8359375
2021-11-18 16:15:14,792:INFO:Epoch 20, Training loss 73799.6953125, Validation loss 73814.5859375
2021-11-18 16:15:18,518:INFO:Epoch 21, Training loss 73819.0546875, Validation loss 73833.234375
2021-11-18 16:15:22,175:INFO:Epoch 22, Training loss 73837.3984375, Validation loss 73849.03125
2021-11-18 16:15:25,878:INFO:Epoch 23, Training loss 73852.8828125, Validation loss 73860.859375
2021-11-18 16:15:29,607:INFO:Epoch 24, Training loss 73864.3828125, Validation loss 73868.171875
2021-11-18 16:15:33,292:INFO:Epoch 25, Training loss 73871.3671875, Validation loss 73870.9296875
2021-11-18 16:15:37,036:INFO:Epoch 26, Training loss 73873.8203125, Validation loss 73869.4453125
2021-11-18 16:15:40,838:INFO:Epoch 27, Training loss 73872.0390625, Validation loss 73864.3046875
2021-11-18 16:15:44,514:INFO:Epoch 28, Training loss 73866.59375, Validation loss 73856.1875
2021-11-18 16:15:48,226:INFO:Epoch 29, Training loss 73858.203125, Validation loss 73845.9140625
2021-11-18 16:15:51,885:INFO:Epoch 30, Training loss 73847.6484375, Validation loss 73834.4609375
2021-11-18 16:15:55,600:INFO:Epoch 31, Training loss 73835.953125, Validation loss 73822.6328125
2021-11-18 16:15:59,338:INFO:Epoch 32, Training loss 73824.0078125, Validation loss 73810.921875
2021-11-18 16:16:03,031:INFO:Epoch 33, Training loss 73812.125, Validation loss 73799.625
2021-11-18 16:16:06,769:INFO:Epoch 34, Training loss 73800.6171875, Validation loss 73788.953125
2021-11-18 16:16:10,477:INFO:Epoch 35, Training loss 73789.765625, Validation loss 73779.125
2021-11-18 16:16:14,164:INFO:Epoch 36, Training loss 73779.7578125, Validation loss 73770.3515625
2021-11-18 16:16:18,053:INFO:Epoch 37, Training loss 73770.8046875, Validation loss 73762.6953125
2021-11-18 16:16:21,737:INFO:Epoch 38, Training loss 73763.0078125, Validation loss 73756.21875
2021-11-18 16:16:25,459:INFO:Epoch 39, Training loss 73756.4296875, Validation loss 73750.9375
2021-11-18 16:16:29,217:INFO:Epoch 40, Training loss 73751.046875, Validation loss 73746.8125
2021-11-18 16:16:32,923:INFO:Epoch 41, Training loss 73746.8046875, Validation loss 73743.7734375
2021-11-18 16:16:36,617:INFO:Epoch 42, Training loss 73743.6796875, Validation loss 73741.7578125
2021-11-18 16:16:40,305:INFO:Epoch 43, Training loss 73741.5859375, Validation loss 73740.65625
2021-11-18 16:16:43,998:INFO:Epoch 44, Training loss 73740.34375, Validation loss 73740.3203125
2021-11-18 16:16:47,729:INFO:Epoch 45, Training loss 73739.8359375, Validation loss 73740.578125
2021-11-18 16:16:51,424:INFO:Epoch 46, Training loss 73739.9140625, Validation loss 73741.3125
2021-11-18 16:16:55,138:INFO:Epoch 47, Training loss 73740.4375, Validation loss 73742.3203125
2021-11-18 16:16:58,882:INFO:Epoch 48, Training loss 73741.25, Validation loss 73743.375
2021-11-18 16:17:02,593:INFO:Epoch 49, Training loss 73742.1640625, Validation loss 73744.3671875
2021-11-18 16:17:06,312:INFO:Epoch 50, Training loss 73743.0390625, Validation loss 73745.21875
2021-11-18 16:17:09,970:INFO:Epoch 51, Training loss 73743.7890625, Validation loss 73745.8828125
2021-11-18 16:17:13,670:INFO:Epoch 52, Training loss 73744.3515625, Validation loss 73746.2890625
2021-11-18 16:17:17,409:INFO:Epoch 53, Training loss 73744.7109375, Validation loss 73746.453125
2021-11-18 16:17:21,091:INFO:Epoch 54, Training loss 73744.84375, Validation loss 73746.421875
2021-11-18 16:17:24,873:INFO:Epoch 55, Training loss 73744.734375, Validation loss 73746.2109375
2021-11-18 16:17:28,646:INFO:Epoch 56, Training loss 73744.4140625, Validation loss 73745.84375
2021-11-18 16:17:32,319:INFO:Epoch 57, Training loss 73743.96875, Validation loss 73745.3359375
2021-11-18 16:17:36,026:INFO:Epoch 58, Training loss 73743.40625, Validation loss 73744.734375
2021-11-18 16:17:39,726:INFO:Epoch 59, Training loss 73742.7734375, Validation loss 73744.09375
2021-11-18 16:17:43,456:INFO:Epoch 60, Training loss 73742.1015625, Validation loss 73743.4375
2021-11-18 16:17:47,199:INFO:Epoch 61, Training loss 73741.4453125, Validation loss 73742.8359375
2021-11-18 16:17:50,895:INFO:Epoch 62, Training loss 73740.8125, Validation loss 73742.265625
2021-11-18 16:17:54,644:INFO:Epoch 63, Training loss 73740.2109375, Validation loss 73741.7734375
2021-11-18 16:17:58,279:INFO:Epoch 64, Training loss 73739.6875, Validation loss 73741.359375
2021-11-18 16:18:01,961:INFO:Epoch 65, Training loss 73739.2265625, Validation loss 73741.0234375
2021-11-18 16:18:05,676:INFO:Epoch 66, Training loss 73738.8359375, Validation loss 73740.7890625
2021-11-18 16:18:09,351:INFO:Epoch 67, Training loss 73738.515625, Validation loss 73740.640625
2021-11-18 16:18:13,075:INFO:Epoch 68, Training loss 73738.265625, Validation loss 73740.5703125
2021-11-18 16:18:16,817:INFO:Epoch 69, Training loss 73738.0703125, Validation loss 73740.5390625
2021-11-18 16:18:20,524:INFO:Epoch 70, Training loss 73737.9140625, Validation loss 73740.5625
2021-11-18 16:18:24,276:INFO:Epoch 71, Training loss 73737.796875, Validation loss 73740.625
2021-11-18 16:18:27,936:INFO:Epoch 72, Training loss 73737.71875, Validation loss 73740.703125
2021-11-18 16:18:31,633:INFO:Epoch 73, Training loss 73737.6875, Validation loss 73740.7890625
2021-11-18 16:18:35,349:INFO:Epoch 74, Training loss 73737.671875, Validation loss 73740.8828125
2021-11-18 16:18:39,067:INFO:Epoch 75, Training loss 73737.671875, Validation loss 73740.9765625
2021-11-18 16:18:42,811:INFO:Epoch 76, Training loss 73737.671875, Validation loss 73741.046875
2021-11-18 16:18:46,556:INFO:Epoch 77, Training loss 73737.65625, Validation loss 73741.1015625
2021-11-18 16:18:50,195:INFO:Epoch 78, Training loss 73737.6171875, Validation loss 73741.125
2021-11-18 16:18:53,837:INFO:Epoch 79, Training loss 73737.5703125, Validation loss 73741.1328125
2021-11-18 16:18:57,431:INFO:Epoch 80, Training loss 73737.5, Validation loss 73741.140625
2021-11-18 16:19:01,063:INFO:Epoch 81, Training loss 73737.4140625, Validation loss 73741.1328125
2021-11-18 16:19:04,726:INFO:Epoch 82, Training loss 73737.328125, Validation loss 73741.1328125
2021-11-18 16:19:08,363:INFO:Epoch 83, Training loss 73737.2265625, Validation loss 73741.140625
2021-11-18 16:19:12,032:INFO:Epoch 84, Training loss 73737.1171875, Validation loss 73741.140625
2021-11-18 16:19:15,654:INFO:Epoch 85, Training loss 73737.0, Validation loss 73741.1484375
2021-11-18 16:19:19,271:INFO:Epoch 86, Training loss 73736.8828125, Validation loss 73741.1640625
2021-11-18 16:19:22,934:INFO:Epoch 87, Training loss 73736.765625, Validation loss 73741.1796875
2021-11-18 16:19:26,544:INFO:Epoch 88, Training loss 73736.6484375, Validation loss 73741.203125
2021-11-18 16:19:30,213:INFO:Epoch 89, Training loss 73736.5390625, Validation loss 73741.234375
2021-11-18 16:19:33,896:INFO:Epoch 90, Training loss 73736.4296875, Validation loss 73741.265625
2021-11-18 16:19:37,580:INFO:Epoch 91, Training loss 73736.328125, Validation loss 73741.2890625
2021-11-18 16:19:41,273:INFO:Epoch 92, Training loss 73736.2421875, Validation loss 73741.3203125
2021-11-18 16:19:44,889:INFO:Epoch 93, Training loss 73736.1484375, Validation loss 73741.359375
2021-11-18 16:19:48,511:INFO:Epoch 94, Training loss 73736.0703125, Validation loss 73741.390625
2021-11-18 16:19:48,517:INFO:Finished training, producing training report at /data/theorie/jthoeve/ML4EFT_higgs/models/17_11/model_final_lin_cHq3_v7/mc_run_10/plots/training_report/
2021-11-18 16:19:48,877:WARNING:findfont: Font family ['sans-serif'] not found. Falling back to DejaVu Sans.
