8.467846875000000000e+04
8.467846875000000000e+04
8.467846875000000000e+04
8.467846875000000000e+04
8.467846875000000000e+04
8.467846875000000000e+04
8.467846875000000000e+04
8.467846875000000000e+04
8.467846875000000000e+04
8.467846875000000000e+04
8.467846875000000000e+04
8.040801562500000000e+04
7.965830468750000000e+04
7.876036718750000000e+04
7.785503906250000000e+04
7.701818750000000000e+04
7.628907812500000000e+04
7.567142187500000000e+04
7.515871093750000000e+04
7.474288281250000000e+04
7.441618750000000000e+04
7.417136718750000000e+04
7.399802343750000000e+04
7.388463281250000000e+04
7.381912500000000000e+04
7.379014062500000000e+04
7.378802343750000000e+04
7.380341406250000000e+04
7.382890625000000000e+04
7.385867187500000000e+04
7.388807031250000000e+04
7.391370312500000000e+04
7.393350000000000000e+04
7.394639062500000000e+04
7.395217968750000000e+04
7.395138281250000000e+04
7.394471093750000000e+04
7.393323437500000000e+04
7.391831250000000000e+04
7.390108593750000000e+04
7.388249218750000000e+04
7.386358593750000000e+04
7.384478125000000000e+04
7.382640625000000000e+04
7.381014062500000000e+04
7.379707031250000000e+04
7.378750781250000000e+04
7.378217187500000000e+04
7.378103906250000000e+04
7.378317968750000000e+04
7.378694531250000000e+04
7.379060937500000000e+04
7.379292187500000000e+04
7.379318750000000000e+04
7.379161718750000000e+04
7.378875781250000000e+04
7.378524218750000000e+04
7.378178906250000000e+04
7.377878906250000000e+04
7.377644531250000000e+04
7.377484375000000000e+04
7.377395312500000000e+04
7.377363281250000000e+04
7.377369531250000000e+04
7.377397656250000000e+04
7.377439843750000000e+04
7.377484375000000000e+04
7.377521875000000000e+04
7.377547656250000000e+04
7.377558593750000000e+04
7.377551562500000000e+04
7.377530468750000000e+04
7.377498437500000000e+04
7.377457812500000000e+04
7.377416406250000000e+04
7.377377343750000000e+04
7.377342968750000000e+04
7.377312500000000000e+04
7.377288281250000000e+04
7.377272656250000000e+04
7.377263281250000000e+04
7.377257031250000000e+04
7.377253906250000000e+04
7.377250781250000000e+04
7.377246875000000000e+04
7.377239843750000000e+04
7.377230468750000000e+04
7.377220312500000000e+04
7.377209375000000000e+04
7.377196875000000000e+04
7.377182031250000000e+04
7.377166406250000000e+04
7.377151562500000000e+04
7.377140625000000000e+04
7.377132031250000000e+04
7.377126562500000000e+04
7.377121875000000000e+04
7.377117968750000000e+04
7.377114062500000000e+04
7.377111718750000000e+04
7.377107812500000000e+04
7.377103125000000000e+04
7.377098437500000000e+04
7.377093750000000000e+04
7.377088281250000000e+04
7.377082812500000000e+04
7.377077343750000000e+04
7.377071875000000000e+04
7.377066406250000000e+04
7.377060937500000000e+04
7.377056250000000000e+04
