2021-11-18 16:14:00,965:INFO:All directories created, ready to load the data
2021-11-18 16:14:00,996:INFO:Dataset loaded from /data/theorie/jthoeve/event_generation/events_high_stats/lin/cHq3/events_21.npy
2021-11-18 16:14:01,020:INFO:Dataset loaded from /data/theorie/jthoeve/event_generation/events_high_stats/sm/events_21.npy
2021-11-18 16:14:05,030:INFO:Epoch 1, Training loss 73903.796875, Validation loss 73833.9609375
2021-11-18 16:14:08,978:INFO:Epoch 2, Training loss 73832.8046875, Validation loss 73784.234375
2021-11-18 16:14:12,902:INFO:Epoch 3, Training loss 73782.875, Validation loss 73755.3828125
2021-11-18 16:14:16,815:INFO:Epoch 4, Training loss 73754.140625, Validation loss 73748.421875
2021-11-18 16:14:20,815:INFO:Epoch 5, Training loss 73747.359375, Validation loss 73758.171875
2021-11-18 16:14:24,701:INFO:Epoch 6, Training loss 73757.2421875, Validation loss 73771.109375
2021-11-18 16:14:28,642:INFO:Epoch 7, Training loss 73770.2578125, Validation loss 73776.5
2021-11-18 16:14:32,602:INFO:Epoch 8, Training loss 73775.5859375, Validation loss 73772.9140625
2021-11-18 16:14:36,652:INFO:Epoch 9, Training loss 73771.828125, Validation loss 73764.2109375
2021-11-18 16:14:40,587:INFO:Epoch 10, Training loss 73762.9609375, Validation loss 73755.140625
2021-11-18 16:14:44,617:INFO:Epoch 11, Training loss 73753.5703125, Validation loss 73748.34375
2021-11-18 16:14:48,556:INFO:Epoch 12, Training loss 73746.5390625, Validation loss 73744.7890625
2021-11-18 16:14:52,547:INFO:Epoch 13, Training loss 73742.8828125, Validation loss 73744.3125
2021-11-18 16:14:56,453:INFO:Epoch 14, Training loss 73742.3125, Validation loss 73745.96875
2021-11-18 16:15:00,388:INFO:Epoch 15, Training loss 73743.90625, Validation loss 73748.4609375
2021-11-18 16:15:04,334:INFO:Epoch 16, Training loss 73746.3359375, Validation loss 73750.671875
2021-11-18 16:15:08,249:INFO:Epoch 17, Training loss 73748.5, Validation loss 73751.875
2021-11-18 16:15:12,189:INFO:Epoch 18, Training loss 73749.6328125, Validation loss 73751.8125
2021-11-18 16:15:16,192:INFO:Epoch 19, Training loss 73749.4765625, Validation loss 73750.6015625
2021-11-18 16:15:20,104:INFO:Epoch 20, Training loss 73748.15625, Validation loss 73748.671875
2021-11-18 16:15:24,027:INFO:Epoch 21, Training loss 73746.1328125, Validation loss 73746.6640625
2021-11-18 16:15:27,909:INFO:Epoch 22, Training loss 73744.0078125, Validation loss 73745.046875
2021-11-18 16:15:31,841:INFO:Epoch 23, Training loss 73742.3203125, Validation loss 73744.140625
2021-11-18 16:15:35,695:INFO:Epoch 24, Training loss 73741.3359375, Validation loss 73744.0234375
2021-11-18 16:15:39,583:INFO:Epoch 25, Training loss 73741.1484375, Validation loss 73744.5703125
2021-11-18 16:15:43,564:INFO:Epoch 26, Training loss 73741.625, Validation loss 73745.40625
2021-11-18 16:15:47,553:INFO:Epoch 27, Training loss 73742.3828125, Validation loss 73746.125
2021-11-18 16:15:51,423:INFO:Epoch 28, Training loss 73743.0078125, Validation loss 73746.4453125
2021-11-18 16:15:55,368:INFO:Epoch 29, Training loss 73743.2109375, Validation loss 73746.2734375
2021-11-18 16:15:59,249:INFO:Epoch 30, Training loss 73742.8984375, Validation loss 73745.734375
2021-11-18 16:16:03,178:INFO:Epoch 31, Training loss 73742.203125, Validation loss 73745.0625
2021-11-18 16:16:07,160:INFO:Epoch 32, Training loss 73741.3828125, Validation loss 73744.5078125
2021-11-18 16:16:11,102:INFO:Epoch 33, Training loss 73740.6875, Validation loss 73744.21875
2021-11-18 16:16:15,103:INFO:Epoch 34, Training loss 73740.28125, Validation loss 73744.2578125
2021-11-18 16:16:19,041:INFO:Epoch 35, Training loss 73740.1953125, Validation loss 73744.5390625
2021-11-18 16:16:22,965:INFO:Epoch 36, Training loss 73740.359375, Validation loss 73744.890625
2021-11-18 16:16:26,941:INFO:Epoch 37, Training loss 73740.6015625, Validation loss 73745.171875
2021-11-18 16:16:30,843:INFO:Epoch 38, Training loss 73740.765625, Validation loss 73745.2734375
2021-11-18 16:16:34,791:INFO:Epoch 39, Training loss 73740.75, Validation loss 73745.171875
2021-11-18 16:16:38,806:INFO:Epoch 40, Training loss 73740.546875, Validation loss 73744.9375
2021-11-18 16:16:42,722:INFO:Epoch 41, Training loss 73740.234375, Validation loss 73744.6796875
2021-11-18 16:16:46,647:INFO:Epoch 42, Training loss 73739.921875, Validation loss 73744.5
2021-11-18 16:16:50,514:INFO:Epoch 43, Training loss 73739.6640625, Validation loss 73744.4296875
2021-11-18 16:16:54,438:INFO:Epoch 44, Training loss 73739.515625, Validation loss 73744.4921875
2021-11-18 16:16:58,339:INFO:Epoch 45, Training loss 73739.4765625, Validation loss 73744.6484375
2021-11-18 16:17:02,139:INFO:Epoch 46, Training loss 73739.515625, Validation loss 73744.8125
2021-11-18 16:17:06,103:INFO:Epoch 47, Training loss 73739.546875, Validation loss 73744.9375
2021-11-18 16:17:10,112:INFO:Epoch 48, Training loss 73739.5234375, Validation loss 73744.9921875
2021-11-18 16:17:14,112:INFO:Epoch 49, Training loss 73739.4140625, Validation loss 73744.9765625
2021-11-18 16:17:18,072:INFO:Epoch 50, Training loss 73739.25, Validation loss 73744.9375
2021-11-18 16:17:21,964:INFO:Epoch 51, Training loss 73739.0703125, Validation loss 73744.9140625
2021-11-18 16:17:25,905:INFO:Epoch 52, Training loss 73738.8984375, Validation loss 73744.9453125
2021-11-18 16:17:29,889:INFO:Epoch 53, Training loss 73738.7578125, Validation loss 73745.0078125
2021-11-18 16:17:33,780:INFO:Epoch 54, Training loss 73738.6640625, Validation loss 73745.1171875
2021-11-18 16:17:37,783:INFO:Epoch 55, Training loss 73738.6015625, Validation loss 73745.2265625
2021-11-18 16:17:41,791:INFO:Epoch 56, Training loss 73738.546875, Validation loss 73745.3125
2021-11-18 16:17:45,717:INFO:Epoch 57, Training loss 73738.5, Validation loss 73745.359375
2021-11-18 16:17:49,581:INFO:Epoch 58, Training loss 73738.421875, Validation loss 73745.375
2021-11-18 16:17:53,732:INFO:Epoch 59, Training loss 73738.3203125, Validation loss 73745.3984375
2021-11-18 16:17:57,606:INFO:Epoch 60, Training loss 73738.21875, Validation loss 73745.4453125
2021-11-18 16:18:01,520:INFO:Epoch 61, Training loss 73738.140625, Validation loss 73745.5234375
2021-11-18 16:18:05,372:INFO:Epoch 62, Training loss 73738.078125, Validation loss 73745.640625
2021-11-18 16:18:09,297:INFO:Epoch 63, Training loss 73738.0234375, Validation loss 73745.765625
2021-11-18 16:18:13,124:INFO:Epoch 64, Training loss 73737.9609375, Validation loss 73745.8984375
2021-11-18 16:18:16,968:INFO:Epoch 65, Training loss 73737.8984375, Validation loss 73746.015625
2021-11-18 16:18:20,806:INFO:Epoch 66, Training loss 73737.8203125, Validation loss 73746.1171875
2021-11-18 16:18:24,503:INFO:Epoch 67, Training loss 73737.734375, Validation loss 73746.203125
2021-11-18 16:18:28,367:INFO:Epoch 68, Training loss 73737.6484375, Validation loss 73746.2890625
2021-11-18 16:18:32,328:INFO:Epoch 69, Training loss 73737.578125, Validation loss 73746.359375
2021-11-18 16:18:36,187:INFO:Epoch 70, Training loss 73737.515625, Validation loss 73746.4453125
2021-11-18 16:18:40,119:INFO:Epoch 71, Training loss 73737.4609375, Validation loss 73746.5390625
2021-11-18 16:18:43,936:INFO:Epoch 72, Training loss 73737.3984375, Validation loss 73746.6171875
2021-11-18 16:18:47,771:INFO:Epoch 73, Training loss 73737.328125, Validation loss 73746.703125
2021-11-18 16:18:51,645:INFO:Epoch 74, Training loss 73737.25, Validation loss 73746.796875
2021-11-18 16:18:51,651:INFO:Finished training, producing training report at /data/theorie/jthoeve/ML4EFT_higgs/models/17_11/model_final_lin_cHq3_v7/mc_run_21/plots/training_report/
2021-11-18 16:18:53,108:WARNING:findfont: Font family ['sans-serif'] not found. Falling back to DejaVu Sans.
