2021-11-18 16:13:49,621:INFO:All directories created, ready to load the data
2021-11-18 16:13:49,662:INFO:Dataset loaded from /data/theorie/jthoeve/event_generation/events_high_stats/lin/cHq3/events_5.npy
2021-11-18 16:13:49,700:INFO:Dataset loaded from /data/theorie/jthoeve/event_generation/events_high_stats/sm/events_5.npy
2021-11-18 16:13:53,653:INFO:Epoch 1, Training loss 84681.0078125, Validation loss 84681.0078125
2021-11-18 16:13:57,593:INFO:Epoch 2, Training loss 84681.0078125, Validation loss 84681.0078125
2021-11-18 16:14:01,494:INFO:Epoch 3, Training loss 84681.0078125, Validation loss 84681.0078125
2021-11-18 16:14:05,477:INFO:Epoch 4, Training loss 84681.0078125, Validation loss 84681.0078125
2021-11-18 16:14:09,361:INFO:Epoch 5, Training loss 84681.0078125, Validation loss 84681.0078125
2021-11-18 16:14:13,238:INFO:Epoch 6, Training loss 84681.0078125, Validation loss 84681.0078125
2021-11-18 16:14:17,173:INFO:Epoch 7, Training loss 84681.0078125, Validation loss 84681.0078125
2021-11-18 16:14:21,153:INFO:Epoch 8, Training loss 84681.0078125, Validation loss 84681.0078125
2021-11-18 16:14:25,026:INFO:Epoch 9, Training loss 84681.0078125, Validation loss 84681.0078125
2021-11-18 16:14:28,981:INFO:Epoch 10, Training loss 84681.0078125, Validation loss 84681.0078125
2021-11-18 16:14:33,055:INFO:Epoch 11, Training loss 84681.0078125, Validation loss 84681.0078125
2021-11-18 16:14:33,059:INFO:Detected stagant training, reset the weights
2021-11-18 16:14:36,872:INFO:Epoch 12, Training loss 84681.0078125, Validation loss 84681.0078125
2021-11-18 16:14:36,875:INFO:Detected stagant training, reset the weights
2021-11-18 16:14:40,941:INFO:Epoch 13, Training loss 74460.640625, Validation loss 74386.78125
2021-11-18 16:14:44,877:INFO:Epoch 14, Training loss 74384.8203125, Validation loss 74289.875
2021-11-18 16:14:48,734:INFO:Epoch 15, Training loss 74288.1171875, Validation loss 74184.5546875
2021-11-18 16:14:52,797:INFO:Epoch 16, Training loss 74183.0390625, Validation loss 74078.078125
2021-11-18 16:14:56,619:INFO:Epoch 17, Training loss 74076.71875, Validation loss 73977.4921875
2021-11-18 16:15:00,588:INFO:Epoch 18, Training loss 73976.5703125, Validation loss 73890.578125
2021-11-18 16:15:04,592:INFO:Epoch 19, Training loss 73890.40625, Validation loss 73825.0859375
2021-11-18 16:15:08,474:INFO:Epoch 20, Training loss 73825.8203125, Validation loss 73787.5546875
2021-11-18 16:15:12,425:INFO:Epoch 21, Training loss 73789.5625, Validation loss 73781.734375
2021-11-18 16:15:16,185:INFO:Epoch 22, Training loss 73785.0078125, Validation loss 73804.5078125
2021-11-18 16:15:20,151:INFO:Epoch 23, Training loss 73808.203125, Validation loss 73840.296875
2021-11-18 16:15:24,113:INFO:Epoch 24, Training loss 73843.90625, Validation loss 73869.796875
2021-11-18 16:15:27,952:INFO:Epoch 25, Training loss 73872.8359375, Validation loss 73882.078125
2021-11-18 16:15:32,000:INFO:Epoch 26, Training loss 73884.40625, Validation loss 73876.9140625
2021-11-18 16:15:35,840:INFO:Epoch 27, Training loss 73878.421875, Validation loss 73859.8125
2021-11-18 16:15:39,774:INFO:Epoch 28, Training loss 73860.4765625, Validation loss 73837.515625
2021-11-18 16:15:43,697:INFO:Epoch 29, Training loss 73837.484375, Validation loss 73815.6484375
2021-11-18 16:15:47,546:INFO:Epoch 30, Training loss 73815.203125, Validation loss 73797.84375
2021-11-18 16:15:51,475:INFO:Epoch 31, Training loss 73796.984375, Validation loss 73785.6875
2021-11-18 16:15:55,381:INFO:Epoch 32, Training loss 73784.4921875, Validation loss 73779.234375
2021-11-18 16:15:59,349:INFO:Epoch 33, Training loss 73777.828125, Validation loss 73777.6640625
2021-11-18 16:16:03,233:INFO:Epoch 34, Training loss 73776.0546875, Validation loss 73779.609375
2021-11-18 16:16:07,161:INFO:Epoch 35, Training loss 73777.7578125, Validation loss 73783.53125
2021-11-18 16:16:11,065:INFO:Epoch 36, Training loss 73781.484375, Validation loss 73788.0859375
2021-11-18 16:16:14,910:INFO:Epoch 37, Training loss 73785.8515625, Validation loss 73792.09375
2021-11-18 16:16:18,882:INFO:Epoch 38, Training loss 73789.703125, Validation loss 73794.78125
2021-11-18 16:16:22,750:INFO:Epoch 39, Training loss 73792.2734375, Validation loss 73795.8046875
2021-11-18 16:16:26,718:INFO:Epoch 40, Training loss 73793.203125, Validation loss 73795.1875
2021-11-18 16:16:30,687:INFO:Epoch 41, Training loss 73792.4921875, Validation loss 73793.1875
2021-11-18 16:16:34,630:INFO:Epoch 42, Training loss 73790.3984375, Validation loss 73790.234375
2021-11-18 16:16:38,421:INFO:Epoch 43, Training loss 73787.3515625, Validation loss 73786.8203125
2021-11-18 16:16:42,213:INFO:Epoch 44, Training loss 73783.84375, Validation loss 73783.4375
2021-11-18 16:16:46,057:INFO:Epoch 45, Training loss 73780.3515625, Validation loss 73780.53125
2021-11-18 16:16:49,781:INFO:Epoch 46, Training loss 73777.3125, Validation loss 73778.3671875
2021-11-18 16:16:53,571:INFO:Epoch 47, Training loss 73775.03125, Validation loss 73777.0859375
2021-11-18 16:16:57,444:INFO:Epoch 48, Training loss 73773.671875, Validation loss 73776.6953125
2021-11-18 16:17:01,153:INFO:Epoch 49, Training loss 73773.203125, Validation loss 73777.0625
2021-11-18 16:17:04,900:INFO:Epoch 50, Training loss 73773.4609375, Validation loss 73777.9140625
2021-11-18 16:17:08,656:INFO:Epoch 51, Training loss 73774.1640625, Validation loss 73778.921875
2021-11-18 16:17:12,431:INFO:Epoch 52, Training loss 73775.0234375, Validation loss 73779.796875
2021-11-18 16:17:16,211:INFO:Epoch 53, Training loss 73775.7421875, Validation loss 73780.328125
2021-11-18 16:17:19,976:INFO:Epoch 54, Training loss 73776.1171875, Validation loss 73780.40625
2021-11-18 16:17:23,828:INFO:Epoch 55, Training loss 73776.0546875, Validation loss 73780.0546875
2021-11-18 16:17:27,667:INFO:Epoch 56, Training loss 73775.578125, Validation loss 73779.3828125
2021-11-18 16:17:31,404:INFO:Epoch 57, Training loss 73774.7734375, Validation loss 73778.5546875
2021-11-18 16:17:35,200:INFO:Epoch 58, Training loss 73773.7890625, Validation loss 73777.7578125
2021-11-18 16:17:38,918:INFO:Epoch 59, Training loss 73772.84375, Validation loss 73777.1328125
2021-11-18 16:17:42,687:INFO:Epoch 60, Training loss 73772.0859375, Validation loss 73776.7890625
2021-11-18 16:17:46,550:INFO:Epoch 61, Training loss 73771.6015625, Validation loss 73776.6953125
2021-11-18 16:17:50,322:INFO:Epoch 62, Training loss 73771.40625, Validation loss 73776.8046875
2021-11-18 16:17:54,119:INFO:Epoch 63, Training loss 73771.453125, Validation loss 73777.0546875
2021-11-18 16:17:57,949:INFO:Epoch 64, Training loss 73771.6484375, Validation loss 73777.3203125
2021-11-18 16:18:01,723:INFO:Epoch 65, Training loss 73771.875, Validation loss 73777.515625
2021-11-18 16:18:05,533:INFO:Epoch 66, Training loss 73772.0390625, Validation loss 73777.5625
2021-11-18 16:18:09,301:INFO:Epoch 67, Training loss 73772.0703125, Validation loss 73777.453125
2021-11-18 16:18:13,141:INFO:Epoch 68, Training loss 73771.9453125, Validation loss 73777.1953125
2021-11-18 16:18:16,915:INFO:Epoch 69, Training loss 73771.703125, Validation loss 73776.859375
2021-11-18 16:18:20,726:INFO:Epoch 70, Training loss 73771.375, Validation loss 73776.5
2021-11-18 16:18:24,522:INFO:Epoch 71, Training loss 73771.046875, Validation loss 73776.1796875
2021-11-18 16:18:28,262:INFO:Epoch 72, Training loss 73770.765625, Validation loss 73775.9609375
2021-11-18 16:18:32,167:INFO:Epoch 73, Training loss 73770.5625, Validation loss 73775.84375
2021-11-18 16:18:35,978:INFO:Epoch 74, Training loss 73770.4375, Validation loss 73775.828125
2021-11-18 16:18:39,711:INFO:Epoch 75, Training loss 73770.390625, Validation loss 73775.875
2021-11-18 16:18:43,569:INFO:Epoch 76, Training loss 73770.3984375, Validation loss 73775.96875
2021-11-18 16:18:47,430:INFO:Epoch 77, Training loss 73770.4140625, Validation loss 73776.0625
2021-11-18 16:18:51,206:INFO:Epoch 78, Training loss 73770.4296875, Validation loss 73776.140625
2021-11-18 16:18:54,948:INFO:Epoch 79, Training loss 73770.3984375, Validation loss 73776.1953125
2021-11-18 16:18:58,714:INFO:Epoch 80, Training loss 73770.328125, Validation loss 73776.2265625
2021-11-18 16:19:02,531:INFO:Epoch 81, Training loss 73770.21875, Validation loss 73776.2265625
2021-11-18 16:19:06,328:INFO:Epoch 82, Training loss 73770.0859375, Validation loss 73776.2265625
2021-11-18 16:19:10,067:INFO:Epoch 83, Training loss 73769.953125, Validation loss 73776.234375
2021-11-18 16:19:13,921:INFO:Epoch 84, Training loss 73769.84375, Validation loss 73776.2578125
2021-11-18 16:19:17,735:INFO:Epoch 85, Training loss 73769.7578125, Validation loss 73776.3046875
2021-11-18 16:19:21,408:INFO:Epoch 86, Training loss 73769.6953125, Validation loss 73776.3515625
2021-11-18 16:19:25,219:INFO:Epoch 87, Training loss 73769.6484375, Validation loss 73776.3984375
2021-11-18 16:19:29,078:INFO:Epoch 88, Training loss 73769.6171875, Validation loss 73776.4296875
2021-11-18 16:19:32,780:INFO:Epoch 89, Training loss 73769.5859375, Validation loss 73776.4375
2021-11-18 16:19:36,543:INFO:Epoch 90, Training loss 73769.53125, Validation loss 73776.421875
2021-11-18 16:19:40,354:INFO:Epoch 91, Training loss 73769.46875, Validation loss 73776.3828125
2021-11-18 16:19:44,092:INFO:Epoch 92, Training loss 73769.3984375, Validation loss 73776.328125
2021-11-18 16:19:47,730:INFO:Epoch 93, Training loss 73769.3125, Validation loss 73776.265625
2021-11-18 16:19:51,467:INFO:Epoch 94, Training loss 73769.234375, Validation loss 73776.1875
2021-11-18 16:19:55,195:INFO:Epoch 95, Training loss 73769.1640625, Validation loss 73776.140625
2021-11-18 16:19:58,825:INFO:Epoch 96, Training loss 73769.1015625, Validation loss 73776.125
2021-11-18 16:20:02,612:INFO:Epoch 97, Training loss 73769.046875, Validation loss 73776.125
2021-11-18 16:20:06,385:INFO:Epoch 98, Training loss 73768.984375, Validation loss 73776.125
2021-11-18 16:20:10,057:INFO:Epoch 99, Training loss 73768.9296875, Validation loss 73776.140625
2021-11-18 16:20:13,857:INFO:Epoch 100, Training loss 73768.875, Validation loss 73776.15625
2021-11-18 16:20:17,557:INFO:Epoch 101, Training loss 73768.8125, Validation loss 73776.1796875
2021-11-18 16:20:21,259:INFO:Epoch 102, Training loss 73768.734375, Validation loss 73776.203125
2021-11-18 16:20:25,018:INFO:Epoch 103, Training loss 73768.671875, Validation loss 73776.2421875
2021-11-18 16:20:28,772:INFO:Epoch 104, Training loss 73768.6015625, Validation loss 73776.296875
2021-11-18 16:20:32,513:INFO:Epoch 105, Training loss 73768.546875, Validation loss 73776.3515625
2021-11-18 16:20:36,311:INFO:Epoch 106, Training loss 73768.4921875, Validation loss 73776.3984375
2021-11-18 16:20:40,074:INFO:Epoch 107, Training loss 73768.4453125, Validation loss 73776.421875
2021-11-18 16:20:43,775:INFO:Epoch 108, Training loss 73768.3984375, Validation loss 73776.4140625
2021-11-18 16:20:47,448:INFO:Epoch 109, Training loss 73768.34375, Validation loss 73776.3828125
2021-11-18 16:20:51,217:INFO:Epoch 110, Training loss 73768.2890625, Validation loss 73776.3515625
2021-11-18 16:20:54,945:INFO:Epoch 111, Training loss 73768.234375, Validation loss 73776.328125
2021-11-18 16:20:58,679:INFO:Epoch 112, Training loss 73768.1796875, Validation loss 73776.3125
2021-11-18 16:21:02,484:INFO:Epoch 113, Training loss 73768.1328125, Validation loss 73776.2890625
2021-11-18 16:21:06,175:INFO:Epoch 114, Training loss 73768.09375, Validation loss 73776.265625
2021-11-18 16:21:09,898:INFO:Epoch 115, Training loss 73768.0546875, Validation loss 73776.25
2021-11-18 16:21:13,688:INFO:Epoch 116, Training loss 73768.0078125, Validation loss 73776.234375
2021-11-18 16:21:17,351:INFO:Epoch 117, Training loss 73767.9609375, Validation loss 73776.2421875
2021-11-18 16:21:21,099:INFO:Epoch 118, Training loss 73767.921875, Validation loss 73776.265625
2021-11-18 16:21:24,918:INFO:Epoch 119, Training loss 73767.8828125, Validation loss 73776.296875
2021-11-18 16:21:28,642:INFO:Epoch 120, Training loss 73767.8359375, Validation loss 73776.3359375
2021-11-18 16:21:32,430:INFO:Epoch 121, Training loss 73767.7890625, Validation loss 73776.375
2021-11-18 16:21:36,187:INFO:Epoch 122, Training loss 73767.7421875, Validation loss 73776.3984375
2021-11-18 16:21:39,886:INFO:Epoch 123, Training loss 73767.703125, Validation loss 73776.3984375
2021-11-18 16:21:43,662:INFO:Epoch 124, Training loss 73767.65625, Validation loss 73776.390625
2021-11-18 16:21:43,668:INFO:Finished training, producing training report at /data/theorie/jthoeve/ML4EFT_higgs/models/17_11/model_final_lin_cHq3_v7/mc_run_5/plots/training_report/
2021-11-18 16:21:43,999:WARNING:findfont: Font family ['sans-serif'] not found. Falling back to DejaVu Sans.
