2021-11-24 15:26:08,003:INFO:All directories created, ready to load the data
2021-11-24 15:26:08,046:INFO:Dataset loaded from /data/theorie/jthoeve/event_generation/events_high_stats/quad/cHW/events_13.npy
2021-11-24 15:26:08,051:INFO:Dataset loaded from /data/theorie/jthoeve/event_generation/events_high_stats/sm/events_13.npy
2021-11-24 15:26:11,858:INFO:Epoch 1, Training loss 149492.638671875, Validation loss 149022.73828125
2021-11-24 15:26:15,666:INFO:Epoch 2, Training loss 148680.07421875, Validation loss 148159.6171875
2021-11-24 15:26:19,401:INFO:Epoch 3, Training loss 147749.5390625, Validation loss 147146.00390625
2021-11-24 15:26:23,209:INFO:Epoch 4, Training loss 146682.076171875, Validation loss 146045.669921875
2021-11-24 15:26:26,935:INFO:Epoch 5, Training loss 145591.37890625, Validation loss 145008.138671875
2021-11-24 15:26:30,831:INFO:Epoch 6, Training loss 144645.875, Validation loss 144263.591796875
2021-11-24 15:26:34,586:INFO:Epoch 7, Training loss 144125.083984375, Validation loss 143922.732421875
2021-11-24 15:26:38,372:INFO:Epoch 8, Training loss 143911.267578125, Validation loss 143767.66796875
2021-11-24 15:26:42,114:INFO:Epoch 9, Training loss 143768.3359375, Validation loss 143665.861328125
2021-11-24 15:26:45,888:INFO:Epoch 10, Training loss 143640.6953125, Validation loss 143582.1015625
2021-11-24 15:26:49,660:INFO:Epoch 11, Training loss 143576.51171875, Validation loss 143554.244140625
2021-11-24 15:26:53,435:INFO:Epoch 12, Training loss 143557.517578125, Validation loss 143535.62890625
2021-11-24 15:26:57,193:INFO:Epoch 13, Training loss 143529.521484375, Validation loss 143508.205078125
2021-11-24 15:27:00,932:INFO:Epoch 14, Training loss 143508.259765625, Validation loss 143486.623046875
2021-11-24 15:27:04,699:INFO:Epoch 15, Training loss 143493.0234375, Validation loss 143471.12109375
2021-11-24 15:27:08,499:INFO:Epoch 16, Training loss 143481.568359375, Validation loss 143474.271484375
2021-11-24 15:27:12,276:INFO:Epoch 17, Training loss 143475.984375, Validation loss 143464.525390625
2021-11-24 15:27:16,002:INFO:Epoch 18, Training loss 143475.6328125, Validation loss 143450.322265625
2021-11-24 15:27:19,772:INFO:Epoch 19, Training loss 143473.802734375, Validation loss 143483.314453125
2021-11-24 15:27:23,537:INFO:Epoch 20, Training loss 143461.931640625, Validation loss 143447.158203125
2021-11-24 15:27:27,333:INFO:Epoch 21, Training loss 143447.568359375, Validation loss 143443.369140625
2021-11-24 15:27:31,079:INFO:Epoch 22, Training loss 143451.46484375, Validation loss 143453.2265625
2021-11-24 15:27:34,851:INFO:Epoch 23, Training loss 143450.33203125, Validation loss 143447.61328125
2021-11-24 15:27:38,594:INFO:Epoch 24, Training loss 143440.896484375, Validation loss 143438.41796875
2021-11-24 15:27:42,407:INFO:Epoch 25, Training loss 143438.119140625, Validation loss 143438.359375
2021-11-24 15:27:46,167:INFO:Epoch 26, Training loss 143434.484375, Validation loss 143435.736328125
2021-11-24 15:27:49,927:INFO:Epoch 27, Training loss 143434.912109375, Validation loss 143434.57421875
2021-11-24 15:27:53,700:INFO:Epoch 28, Training loss 143435.580078125, Validation loss 143434.849609375
2021-11-24 15:27:57,490:INFO:Epoch 29, Training loss 143428.845703125, Validation loss 143442.826171875
2021-11-24 15:28:01,247:INFO:Epoch 30, Training loss 143435.6015625, Validation loss 143431.123046875
2021-11-24 15:28:04,998:INFO:Epoch 31, Training loss 143428.80859375, Validation loss 143432.998046875
2021-11-24 15:28:08,780:INFO:Epoch 32, Training loss 143442.173828125, Validation loss 143441.537109375
2021-11-24 15:28:12,553:INFO:Epoch 33, Training loss 143432.36328125, Validation loss 143444.087890625
2021-11-24 15:28:16,315:INFO:Epoch 34, Training loss 143433.693359375, Validation loss 143457.45703125
2021-11-24 15:28:20,068:INFO:Epoch 35, Training loss 143437.8671875, Validation loss 143440.98828125
2021-11-24 15:28:23,846:INFO:Epoch 36, Training loss 143458.599609375, Validation loss 143434.6875
2021-11-24 15:28:27,648:INFO:Epoch 37, Training loss 143446.783203125, Validation loss 143501.939453125
2021-11-24 15:28:31,427:INFO:Epoch 38, Training loss 143485.66796875, Validation loss 143441.697265625
2021-11-24 15:28:35,170:INFO:Epoch 39, Training loss 143485.455078125, Validation loss 143485.466796875
2021-11-24 15:28:38,958:INFO:Epoch 40, Training loss 143443.140625, Validation loss 143435.9140625
2021-11-24 15:28:42,735:INFO:Epoch 41, Training loss 143426.578125, Validation loss 143434.58984375
2021-11-24 15:28:46,545:INFO:Epoch 42, Training loss 143428.64453125, Validation loss 143438.79296875
2021-11-24 15:28:50,287:INFO:Epoch 43, Training loss 143429.0546875, Validation loss 143440.0546875
2021-11-24 15:28:54,361:INFO:Epoch 44, Training loss 143437.77734375, Validation loss 143471.75
2021-11-24 15:28:58,130:INFO:Epoch 45, Training loss 143461.919921875, Validation loss 143461.71875
2021-11-24 15:29:01,967:INFO:Epoch 46, Training loss 143465.953125, Validation loss 143479.12890625
2021-11-24 15:29:05,722:INFO:Epoch 47, Training loss 143452.927734375, Validation loss 143436.53515625
2021-11-24 15:29:09,511:INFO:Epoch 48, Training loss 143438.033203125, Validation loss 143444.68359375
2021-11-24 15:29:13,291:INFO:Epoch 49, Training loss 143427.443359375, Validation loss 143431.07421875
2021-11-24 15:29:17,095:INFO:Epoch 50, Training loss 143424.04296875, Validation loss 143462.056640625
2021-11-24 15:29:20,866:INFO:Epoch 51, Training loss 143427.267578125, Validation loss 143436.408203125
2021-11-24 15:29:24,617:INFO:Epoch 52, Training loss 143421.58984375, Validation loss 143433.63671875
2021-11-24 15:29:28,392:INFO:Epoch 53, Training loss 143416.310546875, Validation loss 143440.142578125
2021-11-24 15:29:32,177:INFO:Epoch 54, Training loss 143424.08984375, Validation loss 143432.990234375
2021-11-24 15:29:35,940:INFO:Epoch 55, Training loss 143418.53125, Validation loss 143438.564453125
2021-11-24 15:29:39,688:INFO:Epoch 56, Training loss 143424.724609375, Validation loss 143437.21875
2021-11-24 15:29:43,485:INFO:Epoch 57, Training loss 143427.306640625, Validation loss 143454.9609375
2021-11-24 15:29:47,272:INFO:Epoch 58, Training loss 143426.41015625, Validation loss 143464.361328125
2021-11-24 15:29:51,041:INFO:Epoch 59, Training loss 143441.48046875, Validation loss 143436.3203125
2021-11-24 15:29:54,786:INFO:Epoch 60, Training loss 143427.474609375, Validation loss 143461.291015625
2021-11-24 15:29:58,576:INFO:Epoch 61, Training loss 143427.1953125, Validation loss 143437.53515625
2021-11-24 15:30:02,311:INFO:Epoch 62, Training loss 143427.107421875, Validation loss 143444.337890625
2021-11-24 15:30:06,133:INFO:Epoch 63, Training loss 143434.34765625, Validation loss 143448.513671875
2021-11-24 15:30:09,886:INFO:Epoch 64, Training loss 143422.658203125, Validation loss 143441.359375
2021-11-24 15:30:13,988:INFO:Epoch 65, Training loss 143423.828125, Validation loss 143441.33203125
2021-11-24 15:30:17,827:INFO:Epoch 66, Training loss 143412.255859375, Validation loss 143435.06640625
2021-11-24 15:30:21,789:INFO:Epoch 67, Training loss 143410.71875, Validation loss 143434.103515625
2021-11-24 15:30:25,627:INFO:Epoch 68, Training loss 143411.728515625, Validation loss 143440.96875
2021-11-24 15:30:29,487:INFO:Epoch 69, Training loss 143418.27734375, Validation loss 143434.943359375
2021-11-24 15:30:33,285:INFO:Epoch 70, Training loss 143412.7578125, Validation loss 143440.73828125
2021-11-24 15:30:37,169:INFO:Epoch 71, Training loss 143415.228515625, Validation loss 143442.056640625
2021-11-24 15:30:41,040:INFO:Epoch 72, Training loss 143409.46875, Validation loss 143447.1484375
2021-11-24 15:30:44,891:INFO:Epoch 73, Training loss 143415.38671875, Validation loss 143436.59375
2021-11-24 15:30:48,686:INFO:Epoch 74, Training loss 143416.927734375, Validation loss 143435.837890625
2021-11-24 15:30:52,576:INFO:Epoch 75, Training loss 143412.794921875, Validation loss 143440.376953125
2021-11-24 15:30:56,366:INFO:Epoch 76, Training loss 143411.25390625, Validation loss 143443.203125
2021-11-24 15:31:00,121:INFO:Epoch 77, Training loss 143415.419921875, Validation loss 143436.96484375
2021-11-24 15:31:03,898:INFO:Epoch 78, Training loss 143408.2578125, Validation loss 143436.85546875
2021-11-24 15:31:07,691:INFO:Epoch 79, Training loss 143410.177734375, Validation loss 143455.046875
2021-11-24 15:31:11,487:INFO:Epoch 80, Training loss 143414.91796875, Validation loss 143438.0390625
2021-11-24 15:31:15,259:INFO:Epoch 81, Training loss 143415.158203125, Validation loss 143445.609375
2021-11-24 15:31:19,062:INFO:Epoch 82, Training loss 143422.720703125, Validation loss 143440.279296875
2021-11-24 15:31:22,810:INFO:Epoch 83, Training loss 143413.30859375, Validation loss 143454.564453125
2021-11-24 15:31:26,639:INFO:Epoch 84, Training loss 143416.33984375, Validation loss 143437.822265625
2021-11-24 15:31:30,389:INFO:Epoch 85, Training loss 143412.638671875, Validation loss 143441.67578125
2021-11-24 15:31:34,180:INFO:Epoch 86, Training loss 143412.322265625, Validation loss 143435.58203125
2021-11-24 15:31:37,993:INFO:Epoch 87, Training loss 143408.01953125, Validation loss 143439.25390625
2021-11-24 15:31:41,815:INFO:Epoch 88, Training loss 143407.001953125, Validation loss 143443.255859375
2021-11-24 15:31:45,596:INFO:Epoch 89, Training loss 143409.1015625, Validation loss 143448.404296875
2021-11-24 15:31:49,388:INFO:Epoch 90, Training loss 143415.494140625, Validation loss 143439.87890625
2021-11-24 15:31:53,150:INFO:Epoch 91, Training loss 143412.109375, Validation loss 143447.26953125
2021-11-24 15:31:56,978:INFO:Epoch 92, Training loss 143413.736328125, Validation loss 143439.279296875
2021-11-24 15:32:00,739:INFO:Epoch 93, Training loss 143415.53515625, Validation loss 143448.337890625
2021-11-24 15:32:04,506:INFO:Epoch 94, Training loss 143409.751953125, Validation loss 143442.232421875
2021-11-24 15:32:08,299:INFO:Epoch 95, Training loss 143414.478515625, Validation loss 143446.05859375
2021-11-24 15:32:12,091:INFO:Epoch 96, Training loss 143407.943359375, Validation loss 143440.19140625
2021-11-24 15:32:15,877:INFO:Epoch 97, Training loss 143409.474609375, Validation loss 143455.84765625
2021-11-24 15:32:19,647:INFO:Epoch 98, Training loss 143407.548828125, Validation loss 143438.060546875
2021-11-24 15:32:23,798:INFO:Epoch 99, Training loss 143403.767578125, Validation loss 143437.630859375
2021-11-24 15:32:23,804:INFO:Finished training, producing training report at /data/theorie/jthoeve/ML4EFT_higgs/models/24_11/model_quad_cHW/mc_run_13/plots/training_report/
2021-11-24 15:32:28,542:WARNING:findfont: Font family ['sans-serif'] not found. Falling back to DejaVu Sans.
