2022-01-24 14:09:39,947:INFO:All directories created, ready to load the data
2022-01-24 14:09:39,993:INFO:Dataset loaded from /data/theorie/jthoeve/event_generation/events_high_stats/pT/lin/cHq3/events_29.npy
2022-01-24 14:09:39,999:INFO:Dataset loaded from /data/theorie/jthoeve/event_generation/events_high_stats/pT/sm/events_29.npy
2022-01-24 14:09:42,472:INFO:Epoch 1, Training loss 84668.53515625, Validation loss 84668.53515625
2022-01-24 14:09:44,937:INFO:Epoch 2, Training loss 84668.53515625, Validation loss 84668.53515625
2022-01-24 14:09:47,387:INFO:Epoch 3, Training loss 84668.53515625, Validation loss 84668.53515625
2022-01-24 14:09:49,867:INFO:Epoch 4, Training loss 84668.53515625, Validation loss 84668.53515625
2022-01-24 14:09:52,322:INFO:Epoch 5, Training loss 84668.53515625, Validation loss 84668.53515625
2022-01-24 14:09:54,768:INFO:Epoch 6, Training loss 84668.53515625, Validation loss 84668.53515625
2022-01-24 14:09:57,280:INFO:Epoch 7, Training loss 84668.53515625, Validation loss 84668.53515625
2022-01-24 14:09:59,760:INFO:Epoch 8, Training loss 84668.53515625, Validation loss 84668.53515625
2022-01-24 14:10:02,219:INFO:Epoch 9, Training loss 84668.53515625, Validation loss 84668.53515625
2022-01-24 14:10:04,653:INFO:Epoch 10, Training loss 84668.53515625, Validation loss 84668.53515625
2022-01-24 14:10:07,134:INFO:Epoch 11, Training loss 84668.53515625, Validation loss 84668.53515625
2022-01-24 14:10:07,138:INFO:Detected stagant training, reset the weights
2022-01-24 14:10:09,609:INFO:Epoch 12, Training loss 84668.53515625, Validation loss 84668.53515625
2022-01-24 14:10:09,612:INFO:Detected stagant training, reset the weights
2022-01-24 14:10:12,081:INFO:Epoch 13, Training loss 84668.53515625, Validation loss 84668.53515625
2022-01-24 14:10:12,086:INFO:Detected stagant training, reset the weights
2022-01-24 14:10:14,516:INFO:Epoch 14, Training loss 74630.810546875, Validation loss 73977.341796875
2022-01-24 14:10:17,007:INFO:Epoch 15, Training loss 73858.28515625, Validation loss 73941.4736328125
2022-01-24 14:10:19,449:INFO:Epoch 16, Training loss 73924.3046875, Validation loss 73821.712890625
2022-01-24 14:10:21,963:INFO:Epoch 17, Training loss 73785.7265625, Validation loss 73782.375
2022-01-24 14:10:24,403:INFO:Epoch 18, Training loss 73793.9697265625, Validation loss 73798.2841796875
2022-01-24 14:10:26,882:INFO:Epoch 19, Training loss 73784.2158203125, Validation loss 73768.671875
2022-01-24 14:10:29,335:INFO:Epoch 20, Training loss 73765.833984375, Validation loss 73769.2734375
2022-01-24 14:10:31,834:INFO:Epoch 21, Training loss 73770.1162109375, Validation loss 73770.666015625
2022-01-24 14:10:34,284:INFO:Epoch 22, Training loss 73767.0791015625, Validation loss 73765.388671875
2022-01-24 14:10:36,746:INFO:Epoch 23, Training loss 73764.4140625, Validation loss 73766.4091796875
2022-01-24 14:10:39,193:INFO:Epoch 24, Training loss 73765.291015625, Validation loss 73766.1025390625
2022-01-24 14:10:41,691:INFO:Epoch 25, Training loss 73764.0986328125, Validation loss 73765.1630859375
2022-01-24 14:10:44,156:INFO:Epoch 26, Training loss 73763.578125, Validation loss 73765.5546875
2022-01-24 14:10:46,618:INFO:Epoch 27, Training loss 73763.6357421875, Validation loss 73765.3505859375
2022-01-24 14:10:49,087:INFO:Epoch 28, Training loss 73763.130859375, Validation loss 73765.234375
2022-01-24 14:10:51,579:INFO:Epoch 29, Training loss 73762.962890625, Validation loss 73765.40625
2022-01-24 14:10:54,068:INFO:Epoch 30, Training loss 73762.7265625, Validation loss 73765.4072265625
2022-01-24 14:10:56,515:INFO:Epoch 31, Training loss 73762.5185546875, Validation loss 73765.6083984375
2022-01-24 14:10:58,990:INFO:Epoch 32, Training loss 73762.359375, Validation loss 73765.6455078125
2022-01-24 14:11:01,468:INFO:Epoch 33, Training loss 73762.1328125, Validation loss 73765.6845703125
2022-01-24 14:11:03,953:INFO:Epoch 34, Training loss 73761.943359375, Validation loss 73765.8486328125
2022-01-24 14:11:06,398:INFO:Epoch 35, Training loss 73761.72265625, Validation loss 73765.9130859375
2022-01-24 14:11:08,886:INFO:Epoch 36, Training loss 73761.478515625, Validation loss 73766.0205078125
2022-01-24 14:11:11,332:INFO:Epoch 37, Training loss 73761.271484375, Validation loss 73765.998046875
2022-01-24 14:11:13,857:INFO:Epoch 38, Training loss 73761.083984375, Validation loss 73766.162109375
2022-01-24 14:11:16,297:INFO:Epoch 39, Training loss 73760.7802734375, Validation loss 73766.0625
2022-01-24 14:11:18,792:INFO:Epoch 40, Training loss 73760.4375, Validation loss 73766.236328125
2022-01-24 14:11:21,275:INFO:Epoch 41, Training loss 73760.04296875, Validation loss 73766.359375
2022-01-24 14:11:23,798:INFO:Epoch 42, Training loss 73759.685546875, Validation loss 73766.52734375
2022-01-24 14:11:26,262:INFO:Epoch 43, Training loss 73759.412109375, Validation loss 73766.5234375
2022-01-24 14:11:28,732:INFO:Epoch 44, Training loss 73759.1083984375, Validation loss 73766.7275390625
2022-01-24 14:11:31,196:INFO:Epoch 45, Training loss 73758.783203125, Validation loss 73766.9453125
2022-01-24 14:11:33,706:INFO:Epoch 46, Training loss 73758.4296875, Validation loss 73766.990234375
2022-01-24 14:11:36,170:INFO:Epoch 47, Training loss 73758.259765625, Validation loss 73767.0595703125
2022-01-24 14:11:38,636:INFO:Epoch 48, Training loss 73757.9619140625, Validation loss 73767.392578125
2022-01-24 14:11:41,118:INFO:Epoch 49, Training loss 73757.7177734375, Validation loss 73767.66796875
2022-01-24 14:11:43,604:INFO:Epoch 50, Training loss 73757.2958984375, Validation loss 73767.5390625
2022-01-24 14:11:46,082:INFO:Epoch 51, Training loss 73757.083984375, Validation loss 73767.8583984375
2022-01-24 14:11:48,536:INFO:Epoch 52, Training loss 73756.6142578125, Validation loss 73768.1953125
2022-01-24 14:11:51,029:INFO:Epoch 53, Training loss 73756.3955078125, Validation loss 73768.28125
2022-01-24 14:11:53,513:INFO:Epoch 54, Training loss 73756.234375, Validation loss 73768.283203125
2022-01-24 14:11:56,007:INFO:Epoch 55, Training loss 73755.92578125, Validation loss 73768.7880859375
2022-01-24 14:11:58,456:INFO:Epoch 56, Training loss 73755.5830078125, Validation loss 73768.9912109375
2022-01-24 14:12:00,950:INFO:Epoch 57, Training loss 73755.0693359375, Validation loss 73768.9169921875
2022-01-24 14:12:03,404:INFO:Epoch 58, Training loss 73754.7470703125, Validation loss 73768.958984375
2022-01-24 14:12:05,913:INFO:Epoch 59, Training loss 73754.5009765625, Validation loss 73769.421875
2022-01-24 14:12:08,364:INFO:Epoch 60, Training loss 73754.064453125, Validation loss 73769.46875
2022-01-24 14:12:10,825:INFO:Epoch 61, Training loss 73753.9921875, Validation loss 73769.705078125
2022-01-24 14:12:13,285:INFO:Epoch 62, Training loss 73753.6748046875, Validation loss 73769.9306640625
2022-01-24 14:12:15,758:INFO:Epoch 63, Training loss 73753.2216796875, Validation loss 73770.453125
2022-01-24 14:12:18,134:INFO:Epoch 64, Training loss 73753.0771484375, Validation loss 73770.2421875
2022-01-24 14:12:20,515:INFO:Epoch 65, Training loss 73752.921875, Validation loss 73770.2255859375
2022-01-24 14:12:22,892:INFO:Epoch 66, Training loss 73752.1875, Validation loss 73770.958984375
2022-01-24 14:12:25,290:INFO:Epoch 67, Training loss 73752.146484375, Validation loss 73771.8134765625
2022-01-24 14:12:27,662:INFO:Epoch 68, Training loss 73752.1103515625, Validation loss 73771.4716796875
2022-01-24 14:12:30,022:INFO:Epoch 69, Training loss 73751.5693359375, Validation loss 73771.3251953125
2022-01-24 14:12:32,382:INFO:Epoch 70, Training loss 73750.9111328125, Validation loss 73772.056640625
2022-01-24 14:12:34,779:INFO:Epoch 71, Training loss 73750.5966796875, Validation loss 73772.462890625
2022-01-24 14:12:37,145:INFO:Epoch 72, Training loss 73750.25, Validation loss 73772.8271484375
2022-01-24 14:12:39,484:INFO:Epoch 73, Training loss 73750.0771484375, Validation loss 73773.083984375
2022-01-24 14:12:41,875:INFO:Epoch 74, Training loss 73749.900390625, Validation loss 73773.4970703125
2022-01-24 14:12:44,244:INFO:Epoch 75, Training loss 73749.412109375, Validation loss 73773.1796875
2022-01-24 14:12:44,250:INFO:Finished training
