1.612478183593750000e+05
1.493860371093750000e+05
1.405748691406250000e+05
1.339624140625000000e+05
1.278941386718750000e+05
1.218974687500000000e+05
1.168296972656250000e+05
1.130293691406250000e+05
1.106795917968750000e+05
1.098408125000000000e+05
1.098769355468750000e+05
1.099204960937500000e+05
1.097298242187500000e+05
1.095412226562500000e+05
1.094969023437500000e+05
1.094580136718750000e+05
1.093918847656250000e+05
1.093495410156250000e+05
1.093120527343750000e+05
1.092752109375000000e+05
1.092401503906250000e+05
1.092051914062500000e+05
1.091698496093750000e+05
1.091350937500000000e+05
1.090998144531250000e+05
1.090644121093750000e+05
1.090290253906250000e+05
1.089916210937500000e+05
1.089544433593750000e+05
1.089167343750000000e+05
1.088776113281250000e+05
1.088375761718750000e+05
1.088006582031250000e+05
1.087612714843750000e+05
1.087243593750000000e+05
1.086892324218750000e+05
1.086551679687500000e+05
1.086242695312500000e+05
1.085922441406250000e+05
1.085644785156250000e+05
1.085471679687500000e+05
1.085308964843750000e+05
1.085170312500000000e+05
1.085088710937500000e+05
1.085018398437500000e+05
1.084954667968750000e+05
1.084975039062500000e+05
1.084930000000000000e+05
1.084887285156250000e+05
1.084839257812500000e+05
1.084813593750000000e+05
1.084811972656250000e+05
1.084790332031250000e+05
1.084761718750000000e+05
1.084736132812500000e+05
1.084754042968750000e+05
1.084730996093750000e+05
1.084746972656250000e+05
1.084720644531250000e+05
1.084691464843750000e+05
1.084759335937500000e+05
1.084713378906250000e+05
1.084685078125000000e+05
1.084675332031250000e+05
1.084662890625000000e+05
1.084645468750000000e+05
1.084638574218750000e+05
1.084622636718750000e+05
1.084622382812500000e+05
1.084617500000000000e+05
1.084610839843750000e+05
1.084639257812500000e+05
1.084634882812500000e+05
1.084596171875000000e+05
1.084634277343750000e+05
1.084613925781250000e+05
1.084616679687500000e+05
1.084632109375000000e+05
1.084634746093750000e+05
1.084708906250000000e+05
1.084619433593750000e+05
1.084593144531250000e+05
1.084616972656250000e+05
1.084596523437500000e+05
1.084565917968750000e+05
1.084541601562500000e+05
1.084533437500000000e+05
1.084537734375000000e+05
1.084555664062500000e+05
1.084521230468750000e+05
1.084526855468750000e+05
1.084522421875000000e+05
1.084518144531250000e+05
1.084523144531250000e+05
1.084512792968750000e+05
1.084507675781250000e+05
1.084495527343750000e+05
1.084493437500000000e+05
1.084495976562500000e+05
1.084493769531250000e+05
1.084531347656250000e+05
1.084500019531250000e+05
1.084515546875000000e+05
1.084487207031250000e+05
1.084476718750000000e+05
1.084478203125000000e+05
1.084480937500000000e+05
1.084511054687500000e+05
1.084477988281250000e+05
1.084476660156250000e+05
1.084492773437500000e+05
1.084456933593750000e+05
1.084472050781250000e+05
1.084494882812500000e+05
1.084477539062500000e+05
1.084474843750000000e+05
1.084479199218750000e+05
1.084446914062500000e+05
1.084445351562500000e+05
1.084463105468750000e+05
1.084458125000000000e+05
1.084459394531250000e+05
1.084459062500000000e+05
1.084494316406250000e+05
1.084450625000000000e+05
1.084446640625000000e+05
1.084479707031250000e+05
1.084471289062500000e+05
1.084450527343750000e+05
1.084421933593750000e+05
1.084448378906250000e+05
1.084432695312500000e+05
1.084420605468750000e+05
1.084417695312500000e+05
1.084432656250000000e+05
1.084404003906250000e+05
1.084413671875000000e+05
1.084421425781250000e+05
1.084443964843750000e+05
1.084446015625000000e+05
1.084475351562500000e+05
1.084425195312500000e+05
1.084410371093750000e+05
1.084434902343750000e+05
1.084403359375000000e+05
1.084410546875000000e+05
1.084403105468750000e+05
1.084405683593750000e+05
1.084383046875000000e+05
1.084406191406250000e+05
1.084389023437500000e+05
1.084401855468750000e+05
1.084398378906250000e+05
1.084438027343750000e+05
1.084560156250000000e+05
1.084456503906250000e+05
1.084501308593750000e+05
1.084466464843750000e+05
1.084456250000000000e+05
