2022-03-03 14:19:16,515:INFO:All directories created, ready to load the data
2022-03-03 14:19:16,559:INFO:Dataset loaded from /data/theorie/jthoeve/training_data/zh/features_mzh_y_ptz_v2/lin/cHq3/events_6.pkl.gz
2022-03-03 14:19:16,602:INFO:Dataset loaded from /data/theorie/jthoeve/training_data/zh/features_mzh_y_ptz_v2/sm/events_6.pkl.gz
2022-03-03 14:19:18,810:INFO:Epoch 1, Training loss 84487.361328125, Validation loss 82888.642578125
2022-03-03 14:19:21,060:INFO:Epoch 2, Training loss 80239.1123046875, Validation loss 76850.1708984375
2022-03-03 14:19:23,252:INFO:Epoch 3, Training loss 75560.765625, Validation loss 74215.798828125
2022-03-03 14:19:25,472:INFO:Epoch 4, Training loss 73966.3759765625, Validation loss 73839.10546875
2022-03-03 14:19:27,743:INFO:Epoch 5, Training loss 73943.078125, Validation loss 74075.9482421875
2022-03-03 14:19:30,063:INFO:Epoch 6, Training loss 74118.3330078125, Validation loss 74106.7958984375
2022-03-03 14:19:32,341:INFO:Epoch 7, Training loss 74056.1103515625, Validation loss 73953.951171875
2022-03-03 14:19:34,612:INFO:Epoch 8, Training loss 73892.9365234375, Validation loss 73814.2412109375
2022-03-03 14:19:36,884:INFO:Epoch 9, Training loss 73785.9072265625, Validation loss 73762.6708984375
2022-03-03 14:19:39,189:INFO:Epoch 10, Training loss 73764.0986328125, Validation loss 73772.728515625
2022-03-03 14:19:41,484:INFO:Epoch 11, Training loss 73770.0107421875, Validation loss 73771.5087890625
2022-03-03 14:19:43,739:INFO:Epoch 12, Training loss 73760.1318359375, Validation loss 73761.1005859375
2022-03-03 14:19:46,032:INFO:Epoch 13, Training loss 73748.4931640625, Validation loss 73756.1875
2022-03-03 14:19:48,337:INFO:Epoch 14, Training loss 73743.244140625, Validation loss 73755.009765625
2022-03-03 14:19:50,636:INFO:Epoch 15, Training loss 73740.8583984375, Validation loss 73755.7958984375
2022-03-03 14:19:52,884:INFO:Epoch 16, Training loss 73739.53515625, Validation loss 73756.6103515625
2022-03-03 14:19:55,175:INFO:Epoch 17, Training loss 73740.080078125, Validation loss 73757.6669921875
2022-03-03 14:19:57,416:INFO:Epoch 18, Training loss 73739.166015625, Validation loss 73756.5380859375
2022-03-03 14:19:59,769:INFO:Epoch 19, Training loss 73738.9033203125, Validation loss 73755.0400390625
2022-03-03 14:20:02,020:INFO:Epoch 20, Training loss 73737.859375, Validation loss 73753.751953125
2022-03-03 14:20:04,315:INFO:Epoch 21, Training loss 73737.333984375, Validation loss 73753.0283203125
2022-03-03 14:20:06,575:INFO:Epoch 22, Training loss 73737.0849609375, Validation loss 73752.3115234375
2022-03-03 14:20:08,916:INFO:Epoch 23, Training loss 73736.5869140625, Validation loss 73752.3623046875
2022-03-03 14:20:11,194:INFO:Epoch 24, Training loss 73736.3154296875, Validation loss 73751.97265625
2022-03-03 14:20:13,479:INFO:Epoch 25, Training loss 73735.9541015625, Validation loss 73752.1611328125
2022-03-03 14:20:15,763:INFO:Epoch 26, Training loss 73735.7431640625, Validation loss 73752.076171875
2022-03-03 14:20:18,087:INFO:Epoch 27, Training loss 73735.330078125, Validation loss 73751.7587890625
2022-03-03 14:20:20,366:INFO:Epoch 28, Training loss 73735.1533203125, Validation loss 73751.5927734375
2022-03-03 14:20:22,646:INFO:Epoch 29, Training loss 73735.115234375, Validation loss 73751.0966796875
2022-03-03 14:20:24,921:INFO:Epoch 30, Training loss 73734.689453125, Validation loss 73751.1865234375
2022-03-03 14:20:27,263:INFO:Epoch 31, Training loss 73734.505859375, Validation loss 73751.5048828125
2022-03-03 14:20:29,549:INFO:Epoch 32, Training loss 73734.80078125, Validation loss 73751.0869140625
2022-03-03 14:20:31,810:INFO:Epoch 33, Training loss 73734.1396484375, Validation loss 73751.67578125
2022-03-03 14:20:34,103:INFO:Epoch 34, Training loss 73733.958984375, Validation loss 73751.3740234375
2022-03-03 14:20:36,402:INFO:Epoch 35, Training loss 73733.6728515625, Validation loss 73751.421875
2022-03-03 14:20:38,711:INFO:Epoch 36, Training loss 73733.3408203125, Validation loss 73751.4453125
2022-03-03 14:20:40,960:INFO:Epoch 37, Training loss 73733.5654296875, Validation loss 73751.064453125
2022-03-03 14:20:43,265:INFO:Epoch 38, Training loss 73733.0830078125, Validation loss 73750.931640625
2022-03-03 14:20:45,512:INFO:Epoch 39, Training loss 73733.1015625, Validation loss 73751.7978515625
2022-03-03 14:20:47,868:INFO:Epoch 40, Training loss 73732.7197265625, Validation loss 73751.5673828125
2022-03-03 14:20:50,124:INFO:Epoch 41, Training loss 73732.6748046875, Validation loss 73752.0791015625
2022-03-03 14:20:52,421:INFO:Epoch 42, Training loss 73732.4404296875, Validation loss 73751.7763671875
2022-03-03 14:20:54,693:INFO:Epoch 43, Training loss 73732.1181640625, Validation loss 73752.02734375
2022-03-03 14:20:57,026:INFO:Epoch 44, Training loss 73731.9169921875, Validation loss 73751.7490234375
2022-03-03 14:20:59,305:INFO:Epoch 45, Training loss 73731.763671875, Validation loss 73751.4677734375
2022-03-03 14:21:01,582:INFO:Epoch 46, Training loss 73731.7646484375, Validation loss 73752.2724609375
2022-03-03 14:21:03,853:INFO:Epoch 47, Training loss 73731.3740234375, Validation loss 73752.0830078125
2022-03-03 14:21:06,178:INFO:Epoch 48, Training loss 73731.3212890625, Validation loss 73752.3466796875
2022-03-03 14:21:08,458:INFO:Epoch 49, Training loss 73731.0830078125, Validation loss 73752.5361328125
2022-03-03 14:21:10,728:INFO:Epoch 50, Training loss 73730.83203125, Validation loss 73752.8232421875
2022-03-03 14:21:13,010:INFO:Epoch 51, Training loss 73730.736328125, Validation loss 73752.9326171875
2022-03-03 14:21:15,326:INFO:Epoch 52, Training loss 73730.396484375, Validation loss 73752.931640625
2022-03-03 14:21:17,620:INFO:Epoch 53, Training loss 73730.796875, Validation loss 73754.037109375
2022-03-03 14:21:19,877:INFO:Epoch 54, Training loss 73730.0546875, Validation loss 73753.458984375
2022-03-03 14:21:22,175:INFO:Epoch 55, Training loss 73730.1455078125, Validation loss 73753.767578125
2022-03-03 14:21:24,487:INFO:Epoch 56, Training loss 73730.427734375, Validation loss 73753.302734375
2022-03-03 14:21:26,783:INFO:Epoch 57, Training loss 73729.611328125, Validation loss 73753.7333984375
2022-03-03 14:21:29,029:INFO:Epoch 58, Training loss 73729.685546875, Validation loss 73753.8642578125
2022-03-03 14:21:31,324:INFO:Epoch 59, Training loss 73729.53515625, Validation loss 73755.158203125
2022-03-03 14:21:33,576:INFO:Epoch 60, Training loss 73729.18359375, Validation loss 73755.01953125
2022-03-03 14:21:36,162:INFO:Epoch 61, Training loss 73729.1484375, Validation loss 73755.0087890625
2022-03-03 14:21:38,430:INFO:Epoch 62, Training loss 73729.1513671875, Validation loss 73755.2490234375
2022-03-03 14:21:40,737:INFO:Epoch 63, Training loss 73728.91015625, Validation loss 73754.63671875
2022-03-03 14:21:43,008:INFO:Epoch 64, Training loss 73728.724609375, Validation loss 73754.4052734375
2022-03-03 14:21:45,342:INFO:Epoch 65, Training loss 73729.4580078125, Validation loss 73756.4404296875
2022-03-03 14:21:47,566:INFO:Epoch 66, Training loss 73728.552734375, Validation loss 73756.0029296875
2022-03-03 14:21:49,755:INFO:Epoch 67, Training loss 73728.80859375, Validation loss 73754.5947265625
2022-03-03 14:21:51,935:INFO:Epoch 68, Training loss 73728.2880859375, Validation loss 73755.111328125
2022-03-03 14:21:54,165:INFO:Epoch 69, Training loss 73728.470703125, Validation loss 73756.314453125
2022-03-03 14:21:56,345:INFO:Epoch 70, Training loss 73728.263671875, Validation loss 73755.93359375
2022-03-03 14:21:58,515:INFO:Epoch 71, Training loss 73728.2138671875, Validation loss 73756.1416015625
2022-03-03 14:22:00,700:INFO:Epoch 72, Training loss 73727.9365234375, Validation loss 73758.357421875
2022-03-03 14:22:02,917:INFO:Epoch 73, Training loss 73727.814453125, Validation loss 73756.5439453125
2022-03-03 14:22:05,109:INFO:Epoch 74, Training loss 73727.76171875, Validation loss 73755.7939453125
2022-03-03 14:22:07,268:INFO:Epoch 75, Training loss 73727.4453125, Validation loss 73756.6005859375
2022-03-03 14:22:09,466:INFO:Epoch 76, Training loss 73727.7841796875, Validation loss 73758.443359375
2022-03-03 14:22:11,676:INFO:Epoch 77, Training loss 73727.2001953125, Validation loss 73756.76171875
2022-03-03 14:22:13,891:INFO:Epoch 78, Training loss 73727.65625, Validation loss 73756.2607421875
2022-03-03 14:22:16,041:INFO:Epoch 79, Training loss 73727.53515625, Validation loss 73758.1318359375
2022-03-03 14:22:18,255:INFO:Epoch 80, Training loss 73726.8310546875, Validation loss 73757.779296875
2022-03-03 14:22:20,424:INFO:Epoch 81, Training loss 73727.25, Validation loss 73756.6572265625
2022-03-03 14:22:22,773:INFO:Epoch 82, Training loss 73727.666015625, Validation loss 73758.8359375
2022-03-03 14:22:24,930:INFO:Epoch 83, Training loss 73726.6396484375, Validation loss 73757.3564453125
2022-03-03 14:22:27,136:INFO:Epoch 84, Training loss 73726.826171875, Validation loss 73756.939453125
2022-03-03 14:22:29,297:INFO:Epoch 85, Training loss 73726.2001953125, Validation loss 73758.1884765625
2022-03-03 14:22:31,534:INFO:Epoch 86, Training loss 73726.287109375, Validation loss 73757.9638671875
2022-03-03 14:22:33,703:INFO:Epoch 87, Training loss 73726.0234375, Validation loss 73757.208984375
2022-03-03 14:22:35,888:INFO:Epoch 88, Training loss 73726.4384765625, Validation loss 73758.126953125
2022-03-03 14:22:35,894:INFO:Finished training
