2022-01-24 14:09:30,784:INFO:All directories created, ready to load the data
2022-01-24 14:09:30,809:INFO:Dataset loaded from /data/theorie/jthoeve/event_generation/events_high_stats/pT/lin/cHq3/events_16.npy
2022-01-24 14:09:30,816:INFO:Dataset loaded from /data/theorie/jthoeve/event_generation/events_high_stats/pT/sm/events_16.npy
2022-01-24 14:09:33,210:INFO:Epoch 1, Training loss 73758.724609375, Validation loss 73750.7783203125
2022-01-24 14:09:35,607:INFO:Epoch 2, Training loss 73747.8359375, Validation loss 73750.5390625
2022-01-24 14:09:37,986:INFO:Epoch 3, Training loss 73745.81640625, Validation loss 73748.763671875
2022-01-24 14:09:40,392:INFO:Epoch 4, Training loss 73745.259765625, Validation loss 73748.0380859375
2022-01-24 14:09:42,772:INFO:Epoch 5, Training loss 73744.5478515625, Validation loss 73747.5869140625
2022-01-24 14:09:45,143:INFO:Epoch 6, Training loss 73743.806640625, Validation loss 73747.3466796875
2022-01-24 14:09:47,524:INFO:Epoch 7, Training loss 73743.2958984375, Validation loss 73747.638671875
2022-01-24 14:09:49,926:INFO:Epoch 8, Training loss 73742.70703125, Validation loss 73747.3984375
2022-01-24 14:09:52,329:INFO:Epoch 9, Training loss 73742.560546875, Validation loss 73747.197265625
2022-01-24 14:09:54,684:INFO:Epoch 10, Training loss 73742.1943359375, Validation loss 73746.814453125
2022-01-24 14:09:57,079:INFO:Epoch 11, Training loss 73742.0380859375, Validation loss 73746.927734375
2022-01-24 14:09:59,468:INFO:Epoch 12, Training loss 73741.322265625, Validation loss 73746.7900390625
2022-01-24 14:10:01,868:INFO:Epoch 13, Training loss 73741.701171875, Validation loss 73747.0302734375
2022-01-24 14:10:04,246:INFO:Epoch 14, Training loss 73740.689453125, Validation loss 73747.1376953125
2022-01-24 14:10:06,658:INFO:Epoch 15, Training loss 73740.2822265625, Validation loss 73747.037109375
2022-01-24 14:10:09,022:INFO:Epoch 16, Training loss 73739.7802734375, Validation loss 73746.9716796875
2022-01-24 14:10:11,448:INFO:Epoch 17, Training loss 73739.77734375, Validation loss 73746.810546875
2022-01-24 14:10:13,818:INFO:Epoch 18, Training loss 73739.0234375, Validation loss 73746.9296875
2022-01-24 14:10:16,214:INFO:Epoch 19, Training loss 73738.5078125, Validation loss 73747.498046875
2022-01-24 14:10:18,577:INFO:Epoch 20, Training loss 73738.5322265625, Validation loss 73747.6103515625
2022-01-24 14:10:20,994:INFO:Epoch 21, Training loss 73737.939453125, Validation loss 73746.76171875
2022-01-24 14:10:23,368:INFO:Epoch 22, Training loss 73737.6591796875, Validation loss 73746.9736328125
2022-01-24 14:10:25,756:INFO:Epoch 23, Training loss 73736.29296875, Validation loss 73748.1923828125
2022-01-24 14:10:28,138:INFO:Epoch 24, Training loss 73736.19140625, Validation loss 73747.8310546875
2022-01-24 14:10:30,549:INFO:Epoch 25, Training loss 73734.7509765625, Validation loss 73748.021484375
2022-01-24 14:10:32,932:INFO:Epoch 26, Training loss 73733.9208984375, Validation loss 73748.654296875
2022-01-24 14:10:35,315:INFO:Epoch 27, Training loss 73733.43359375, Validation loss 73748.39453125
2022-01-24 14:10:37,710:INFO:Epoch 28, Training loss 73732.3291015625, Validation loss 73747.96875
2022-01-24 14:10:40,101:INFO:Epoch 29, Training loss 73731.2490234375, Validation loss 73748.2587890625
2022-01-24 14:10:42,474:INFO:Epoch 30, Training loss 73730.2880859375, Validation loss 73749.798828125
2022-01-24 14:10:44,827:INFO:Epoch 31, Training loss 73730.1181640625, Validation loss 73749.640625
2022-01-24 14:10:47,213:INFO:Epoch 32, Training loss 73728.5419921875, Validation loss 73751.2529296875
2022-01-24 14:10:49,590:INFO:Epoch 33, Training loss 73728.015625, Validation loss 73750.892578125
2022-01-24 14:10:51,971:INFO:Epoch 34, Training loss 73729.865234375, Validation loss 73751.626953125
2022-01-24 14:10:54,311:INFO:Epoch 35, Training loss 73725.71875, Validation loss 73753.8623046875
2022-01-24 14:10:56,695:INFO:Epoch 36, Training loss 73727.7373046875, Validation loss 73755.8349609375
2022-01-24 14:10:59,035:INFO:Epoch 37, Training loss 73725.23828125, Validation loss 73754.572265625
2022-01-24 14:11:01,444:INFO:Epoch 38, Training loss 73723.580078125, Validation loss 73753.2041015625
2022-01-24 14:11:03,803:INFO:Epoch 39, Training loss 73721.3359375, Validation loss 73754.09765625
2022-01-24 14:11:06,187:INFO:Epoch 40, Training loss 73721.5478515625, Validation loss 73753.9521484375
2022-01-24 14:11:08,550:INFO:Epoch 41, Training loss 73719.2294921875, Validation loss 73754.7578125
2022-01-24 14:11:10,952:INFO:Epoch 42, Training loss 73719.181640625, Validation loss 73755.08984375
2022-01-24 14:11:13,314:INFO:Epoch 43, Training loss 73717.9443359375, Validation loss 73754.791015625
2022-01-24 14:11:15,684:INFO:Epoch 44, Training loss 73716.400390625, Validation loss 73755.65625
2022-01-24 14:11:18,049:INFO:Epoch 45, Training loss 73716.736328125, Validation loss 73756.0712890625
2022-01-24 14:11:20,450:INFO:Epoch 46, Training loss 73715.0927734375, Validation loss 73756.8232421875
2022-01-24 14:11:22,816:INFO:Epoch 47, Training loss 73715.4326171875, Validation loss 73759.2333984375
2022-01-24 14:11:25,184:INFO:Epoch 48, Training loss 73711.818359375, Validation loss 73757.87109375
2022-01-24 14:11:27,558:INFO:Epoch 49, Training loss 73712.669921875, Validation loss 73756.8779296875
2022-01-24 14:11:29,941:INFO:Epoch 50, Training loss 73708.5556640625, Validation loss 73759.8076171875
2022-01-24 14:11:32,317:INFO:Epoch 51, Training loss 73709.095703125, Validation loss 73760.5771484375
2022-01-24 14:11:34,678:INFO:Epoch 52, Training loss 73706.8779296875, Validation loss 73759.79296875
2022-01-24 14:11:37,062:INFO:Epoch 53, Training loss 73704.1767578125, Validation loss 73761.244140625
2022-01-24 14:11:39,442:INFO:Epoch 54, Training loss 73703.60546875, Validation loss 73762.357421875
2022-01-24 14:11:41,829:INFO:Epoch 55, Training loss 73705.1748046875, Validation loss 73763.9453125
2022-01-24 14:11:44,171:INFO:Epoch 56, Training loss 73700.166015625, Validation loss 73766.7919921875
2022-01-24 14:11:46,564:INFO:Epoch 57, Training loss 73701.4013671875, Validation loss 73762.4765625
2022-01-24 14:11:48,907:INFO:Epoch 58, Training loss 73704.697265625, Validation loss 73769.591796875
2022-01-24 14:11:51,317:INFO:Epoch 59, Training loss 73710.4267578125, Validation loss 73769.77734375
2022-01-24 14:11:53,668:INFO:Epoch 60, Training loss 73694.5478515625, Validation loss 73775.765625
2022-01-24 14:11:56,046:INFO:Epoch 61, Training loss 73700.8408203125, Validation loss 73766.93359375
2022-01-24 14:11:58,397:INFO:Epoch 62, Training loss 73694.1611328125, Validation loss 73769.388671875
2022-01-24 14:12:00,802:INFO:Epoch 63, Training loss 73694.7158203125, Validation loss 73768.763671875
2022-01-24 14:12:03,163:INFO:Epoch 64, Training loss 73690.7021484375, Validation loss 73768.98828125
2022-01-24 14:12:05,536:INFO:Epoch 65, Training loss 73690.12890625, Validation loss 73771.3154296875
2022-01-24 14:12:07,895:INFO:Epoch 66, Training loss 73691.1220703125, Validation loss 73772.2490234375
2022-01-24 14:12:10,287:INFO:Epoch 67, Training loss 73686.302734375, Validation loss 73769.59765625
2022-01-24 14:12:12,651:INFO:Epoch 68, Training loss 73686.876953125, Validation loss 73779.0263671875
2022-01-24 14:12:15,010:INFO:Epoch 69, Training loss 73681.4296875, Validation loss 73777.3525390625
2022-01-24 14:12:17,376:INFO:Epoch 70, Training loss 73679.9130859375, Validation loss 73777.5830078125
2022-01-24 14:12:19,760:INFO:Epoch 71, Training loss 73678.8955078125, Validation loss 73778.55078125
2022-01-24 14:12:19,766:INFO:Finished training
