7.391843750000000000e+04
7.380706542968750000e+04
7.380619335937500000e+04
7.377958789062500000e+04
7.378804101562500000e+04
7.377657226562500000e+04
7.377731738281250000e+04
7.377538281250000000e+04
7.377391406250000000e+04
7.377346191406250000e+04
7.377229589843750000e+04
7.377207617187500000e+04
7.377134375000000000e+04
7.377116210937500000e+04
7.377075976562500000e+04
7.377042871093750000e+04
7.377034179687500000e+04
7.376972070312500000e+04
7.376944140625000000e+04
7.376919531250000000e+04
7.376883593750000000e+04
7.376853320312500000e+04
7.376822460937500000e+04
7.376805566406250000e+04
7.376757519531250000e+04
7.376722656250000000e+04
7.376765429687500000e+04
7.376709765625000000e+04
7.376643457031250000e+04
7.376650195312500000e+04
7.376607226562500000e+04
7.376555175781250000e+04
7.376536621093750000e+04
7.376482714843750000e+04
7.376481542968750000e+04
7.376434277343750000e+04
7.376367480468750000e+04
7.376379785156250000e+04
7.376290722656250000e+04
7.376289746093750000e+04
7.376222167968750000e+04
7.376237207031250000e+04
7.376161132812500000e+04
7.376145507812500000e+04
7.376088867187500000e+04
7.376039648437500000e+04
7.376016796875000000e+04
7.375943066406250000e+04
7.375936816406250000e+04
7.375810742187500000e+04
7.375859960937500000e+04
7.375779101562500000e+04
7.375726171875000000e+04
7.375630957031250000e+04
7.375606347656250000e+04
7.375604199218750000e+04
7.375482617187500000e+04
7.375395019531250000e+04
7.375472949218750000e+04
7.375338378906250000e+04
7.375326562500000000e+04
7.375273437500000000e+04
7.375396679687500000e+04
7.375282226562500000e+04
7.375225683593750000e+04
7.375054589843750000e+04
7.375003906250000000e+04
