2022-03-03 12:56:00,511:INFO:All directories created, ready to load the data
2022-03-03 12:56:00,595:INFO:Dataset loaded from /data/theorie/jthoeve/training_data/zh/features_mzh_y_ptz_v2/lin/cHW/events_1.pkl.gz
2022-03-03 12:56:00,620:INFO:Dataset loaded from /data/theorie/jthoeve/training_data/zh/features_mzh_y_ptz_v2/sm/events_1.pkl.gz
2022-03-03 12:56:02,925:INFO:Epoch 1, Training loss 208035.80078125, Validation loss 208035.80078125
2022-03-03 12:56:05,250:INFO:Epoch 2, Training loss 208035.80078125, Validation loss 208035.80078125
2022-03-03 12:56:07,528:INFO:Epoch 3, Training loss 208035.80078125, Validation loss 208035.80078125
2022-03-03 12:56:09,837:INFO:Epoch 4, Training loss 208035.80078125, Validation loss 208035.80078125
2022-03-03 12:56:12,149:INFO:Epoch 5, Training loss 208035.80078125, Validation loss 208035.80078125
2022-03-03 12:56:14,520:INFO:Epoch 6, Training loss 208035.80078125, Validation loss 208035.80078125
2022-03-03 12:56:16,846:INFO:Epoch 7, Training loss 208035.80078125, Validation loss 208035.80078125
2022-03-03 12:56:19,161:INFO:Epoch 8, Training loss 208035.80078125, Validation loss 208035.80078125
2022-03-03 12:56:21,492:INFO:Epoch 9, Training loss 208035.80078125, Validation loss 208035.80078125
2022-03-03 12:56:23,855:INFO:Epoch 10, Training loss 208035.80078125, Validation loss 208035.80078125
2022-03-03 12:56:26,189:INFO:Epoch 11, Training loss 208035.80078125, Validation loss 208035.80078125
2022-03-03 12:56:26,193:INFO:Detected stagant training, reset the weights
2022-03-03 12:56:28,497:INFO:Epoch 12, Training loss 207952.55859375, Validation loss 207478.3828125
2022-03-03 12:56:30,840:INFO:Epoch 13, Training loss 204817.28125, Validation loss 190191.78515625
2022-03-03 12:56:33,184:INFO:Epoch 14, Training loss 168373.228515625, Validation loss 142276.314453125
2022-03-03 12:56:35,537:INFO:Epoch 15, Training loss 132393.537109375, Validation loss 120558.998046875
2022-03-03 12:56:37,837:INFO:Epoch 16, Training loss 116097.81640625, Validation loss 111162.666015625
2022-03-03 12:56:40,190:INFO:Epoch 17, Training loss 110157.80859375, Validation loss 109475.90625
2022-03-03 12:56:42,493:INFO:Epoch 18, Training loss 109851.9453125, Validation loss 110290.4296875
2022-03-03 12:56:44,885:INFO:Epoch 19, Training loss 110504.46875, Validation loss 110464.654296875
2022-03-03 12:56:47,192:INFO:Epoch 20, Training loss 110357.09375, Validation loss 109986.67578125
2022-03-03 12:56:49,538:INFO:Epoch 21, Training loss 109840.80859375, Validation loss 109510.7265625
2022-03-03 12:56:51,845:INFO:Epoch 22, Training loss 109468.712890625, Validation loss 109306.681640625
2022-03-03 12:56:54,237:INFO:Epoch 23, Training loss 109358.462890625, Validation loss 109300.47265625
2022-03-03 12:56:56,559:INFO:Epoch 24, Training loss 109374.708984375, Validation loss 109321.431640625
2022-03-03 12:56:58,892:INFO:Epoch 25, Training loss 109374.998046875, Validation loss 109293.12109375
2022-03-03 12:57:01,210:INFO:Epoch 26, Training loss 109334.10546875, Validation loss 109246.7578125
2022-03-03 12:57:03,595:INFO:Epoch 27, Training loss 109291.61328125, Validation loss 109215.677734375
2022-03-03 12:57:05,924:INFO:Epoch 28, Training loss 109266.490234375, Validation loss 109199.9453125
2022-03-03 12:57:08,239:INFO:Epoch 29, Training loss 109251.64453125, Validation loss 109185.541015625
2022-03-03 12:57:10,566:INFO:Epoch 30, Training loss 109234.46875, Validation loss 109166.294921875
2022-03-03 12:57:12,925:INFO:Epoch 31, Training loss 109212.59375, Validation loss 109144.5390625
2022-03-03 12:57:15,259:INFO:Epoch 32, Training loss 109190.201171875, Validation loss 109123.20703125
2022-03-03 12:57:17,560:INFO:Epoch 33, Training loss 109167.509765625, Validation loss 109102.169921875
2022-03-03 12:57:19,902:INFO:Epoch 34, Training loss 109144.765625, Validation loss 109079.927734375
2022-03-03 12:57:22,253:INFO:Epoch 35, Training loss 109120.505859375, Validation loss 109056.603515625
2022-03-03 12:57:24,600:INFO:Epoch 36, Training loss 109095.71484375, Validation loss 109032.193359375
2022-03-03 12:57:26,891:INFO:Epoch 37, Training loss 109070.17578125, Validation loss 109007.31640625
2022-03-03 12:57:29,242:INFO:Epoch 38, Training loss 109043.462890625, Validation loss 108982.142578125
2022-03-03 12:57:31,545:INFO:Epoch 39, Training loss 109016.28515625, Validation loss 108956.814453125
2022-03-03 12:57:33,939:INFO:Epoch 40, Training loss 108989.822265625, Validation loss 108930.919921875
2022-03-03 12:57:36,242:INFO:Epoch 41, Training loss 108961.91796875, Validation loss 108905.076171875
2022-03-03 12:57:38,590:INFO:Epoch 42, Training loss 108933.919921875, Validation loss 108879.345703125
2022-03-03 12:57:40,899:INFO:Epoch 43, Training loss 108907.09765625, Validation loss 108853.65234375
2022-03-03 12:57:43,281:INFO:Epoch 44, Training loss 108879.537109375, Validation loss 108827.787109375
2022-03-03 12:57:45,596:INFO:Epoch 45, Training loss 108851.697265625, Validation loss 108801.470703125
2022-03-03 12:57:47,928:INFO:Epoch 46, Training loss 108823.88671875, Validation loss 108775.19921875
2022-03-03 12:57:50,241:INFO:Epoch 47, Training loss 108796.423828125, Validation loss 108749.111328125
2022-03-03 12:57:52,603:INFO:Epoch 48, Training loss 108769.501953125, Validation loss 108723.7109375
2022-03-03 12:57:54,925:INFO:Epoch 49, Training loss 108743.318359375, Validation loss 108698.896484375
2022-03-03 12:57:57,244:INFO:Epoch 50, Training loss 108717.765625, Validation loss 108675.029296875
2022-03-03 12:57:59,575:INFO:Epoch 51, Training loss 108691.06640625, Validation loss 108650.763671875
2022-03-03 12:58:01,938:INFO:Epoch 52, Training loss 108663.279296875, Validation loss 108624.142578125
2022-03-03 12:58:04,267:INFO:Epoch 53, Training loss 108636.17578125, Validation loss 108600.11328125
2022-03-03 12:58:06,575:INFO:Epoch 54, Training loss 108611.126953125, Validation loss 108578.912109375
2022-03-03 12:58:08,913:INFO:Epoch 55, Training loss 108590.005859375, Validation loss 108560.080078125
2022-03-03 12:58:11,260:INFO:Epoch 56, Training loss 108570.630859375, Validation loss 108544.318359375
2022-03-03 12:58:13,607:INFO:Epoch 57, Training loss 108553.31640625, Validation loss 108530.966796875
2022-03-03 12:58:15,902:INFO:Epoch 58, Training loss 108539.634765625, Validation loss 108519.978515625
2022-03-03 12:58:18,256:INFO:Epoch 59, Training loss 108527.896484375, Validation loss 108511.212890625
2022-03-03 12:58:20,549:INFO:Epoch 60, Training loss 108518.1484375, Validation loss 108504.734375
2022-03-03 12:58:22,940:INFO:Epoch 61, Training loss 108510.689453125, Validation loss 108499.798828125
2022-03-03 12:58:25,242:INFO:Epoch 62, Training loss 108505.041015625, Validation loss 108496.08984375
2022-03-03 12:58:27,599:INFO:Epoch 63, Training loss 108500.15234375, Validation loss 108493.18359375
2022-03-03 12:58:29,911:INFO:Epoch 64, Training loss 108497.697265625, Validation loss 108491.0
2022-03-03 12:58:32,303:INFO:Epoch 65, Training loss 108493.6171875, Validation loss 108489.419921875
2022-03-03 12:58:34,614:INFO:Epoch 66, Training loss 108490.94921875, Validation loss 108487.76171875
2022-03-03 12:58:36,945:INFO:Epoch 67, Training loss 108488.052734375, Validation loss 108486.701171875
2022-03-03 12:58:39,269:INFO:Epoch 68, Training loss 108485.771484375, Validation loss 108485.662109375
2022-03-03 12:58:41,646:INFO:Epoch 69, Training loss 108483.78515625, Validation loss 108484.04296875
2022-03-03 12:58:43,976:INFO:Epoch 70, Training loss 108481.587890625, Validation loss 108483.060546875
2022-03-03 12:58:46,295:INFO:Epoch 71, Training loss 108480.037109375, Validation loss 108481.701171875
2022-03-03 12:58:48,631:INFO:Epoch 72, Training loss 108478.037109375, Validation loss 108481.072265625
2022-03-03 12:58:50,995:INFO:Epoch 73, Training loss 108476.359375, Validation loss 108480.6640625
2022-03-03 12:58:53,328:INFO:Epoch 74, Training loss 108474.533203125, Validation loss 108478.853515625
2022-03-03 12:58:55,633:INFO:Epoch 75, Training loss 108473.486328125, Validation loss 108478.291015625
2022-03-03 12:58:57,977:INFO:Epoch 76, Training loss 108472.427734375, Validation loss 108477.33984375
2022-03-03 12:59:00,330:INFO:Epoch 77, Training loss 108471.25, Validation loss 108477.296875
2022-03-03 12:59:02,673:INFO:Epoch 78, Training loss 108469.978515625, Validation loss 108475.123046875
2022-03-03 12:59:04,968:INFO:Epoch 79, Training loss 108468.0625, Validation loss 108475.138671875
2022-03-03 12:59:07,319:INFO:Epoch 80, Training loss 108466.65234375, Validation loss 108474.37890625
2022-03-03 12:59:09,602:INFO:Epoch 81, Training loss 108465.57421875, Validation loss 108473.9140625
2022-03-03 12:59:11,997:INFO:Epoch 82, Training loss 108462.40234375, Validation loss 108473.23046875
2022-03-03 12:59:14,295:INFO:Epoch 83, Training loss 108461.509765625, Validation loss 108473.416015625
2022-03-03 12:59:16,645:INFO:Epoch 84, Training loss 108461.125, Validation loss 108472.341796875
2022-03-03 12:59:18,953:INFO:Epoch 85, Training loss 108459.4609375, Validation loss 108471.11328125
2022-03-03 12:59:21,347:INFO:Epoch 86, Training loss 108458.0859375, Validation loss 108470.572265625
2022-03-03 12:59:23,656:INFO:Epoch 87, Training loss 108456.974609375, Validation loss 108471.3515625
2022-03-03 12:59:25,986:INFO:Epoch 88, Training loss 108456.77734375, Validation loss 108471.345703125
2022-03-03 12:59:28,308:INFO:Epoch 89, Training loss 108455.591796875, Validation loss 108469.240234375
2022-03-03 12:59:30,684:INFO:Epoch 90, Training loss 108454.470703125, Validation loss 108468.25390625
2022-03-03 12:59:33,009:INFO:Epoch 91, Training loss 108453.0703125, Validation loss 108468.50390625
2022-03-03 12:59:35,316:INFO:Epoch 92, Training loss 108451.806640625, Validation loss 108469.3828125
2022-03-03 12:59:37,641:INFO:Epoch 93, Training loss 108451.296875, Validation loss 108468.9375
2022-03-03 12:59:39,997:INFO:Epoch 94, Training loss 108450.818359375, Validation loss 108467.65234375
2022-03-03 12:59:42,330:INFO:Epoch 95, Training loss 108449.921875, Validation loss 108466.447265625
2022-03-03 12:59:44,629:INFO:Epoch 96, Training loss 108449.76953125, Validation loss 108468.375
2022-03-03 12:59:46,962:INFO:Epoch 97, Training loss 108447.634765625, Validation loss 108468.0546875
2022-03-03 12:59:49,307:INFO:Epoch 98, Training loss 108447.13671875, Validation loss 108466.427734375
2022-03-03 12:59:51,651:INFO:Epoch 99, Training loss 108446.32421875, Validation loss 108466.435546875
2022-03-03 12:59:53,940:INFO:Epoch 100, Training loss 108446.181640625, Validation loss 108469.18359375
2022-03-03 12:59:56,294:INFO:Epoch 101, Training loss 108445.37890625, Validation loss 108467.677734375
2022-03-03 12:59:58,588:INFO:Epoch 102, Training loss 108444.4375, Validation loss 108465.11328125
2022-03-03 13:00:00,983:INFO:Epoch 103, Training loss 108444.80859375, Validation loss 108465.515625
2022-03-03 13:00:03,294:INFO:Epoch 104, Training loss 108443.6171875, Validation loss 108468.93359375
2022-03-03 13:00:05,643:INFO:Epoch 105, Training loss 108442.599609375, Validation loss 108465.92578125
2022-03-03 13:00:07,944:INFO:Epoch 106, Training loss 108441.7109375, Validation loss 108465.671875
2022-03-03 13:00:10,326:INFO:Epoch 107, Training loss 108441.3125, Validation loss 108466.03515625
2022-03-03 13:00:12,634:INFO:Epoch 108, Training loss 108440.5859375, Validation loss 108465.2265625
2022-03-03 13:00:14,961:INFO:Epoch 109, Training loss 108439.9296875, Validation loss 108467.228515625
2022-03-03 13:00:17,273:INFO:Epoch 110, Training loss 108439.96484375, Validation loss 108466.724609375
2022-03-03 13:00:19,648:INFO:Epoch 111, Training loss 108438.583984375, Validation loss 108465.3984375
2022-03-03 13:00:21,964:INFO:Epoch 112, Training loss 108439.966796875, Validation loss 108466.794921875
2022-03-03 13:00:24,223:INFO:Epoch 113, Training loss 108437.904296875, Validation loss 108465.92578125
2022-03-03 13:00:26,507:INFO:Epoch 114, Training loss 108439.666015625, Validation loss 108468.0234375
2022-03-03 13:00:28,800:INFO:Epoch 115, Training loss 108437.822265625, Validation loss 108466.67578125
2022-03-03 13:00:31,073:INFO:Epoch 116, Training loss 108436.484375, Validation loss 108466.3125
2022-03-03 13:00:33,305:INFO:Epoch 117, Training loss 108436.65625, Validation loss 108465.03125
2022-03-03 13:00:35,584:INFO:Epoch 118, Training loss 108435.32421875, Validation loss 108466.560546875
2022-03-03 13:00:37,871:INFO:Epoch 119, Training loss 108435.5546875, Validation loss 108466.31640625
2022-03-03 13:00:40,154:INFO:Epoch 120, Training loss 108436.734375, Validation loss 108467.083984375
2022-03-03 13:00:42,378:INFO:Epoch 121, Training loss 108435.1015625, Validation loss 108466.03515625
2022-03-03 13:00:44,677:INFO:Epoch 122, Training loss 108434.166015625, Validation loss 108466.12890625
2022-03-03 13:00:46,912:INFO:Epoch 123, Training loss 108433.22265625, Validation loss 108466.58203125
2022-03-03 13:00:49,235:INFO:Epoch 124, Training loss 108433.357421875, Validation loss 108467.2890625
2022-03-03 13:00:51,469:INFO:Epoch 125, Training loss 108432.328125, Validation loss 108466.357421875
2022-03-03 13:00:53,752:INFO:Epoch 126, Training loss 108433.32421875, Validation loss 108464.759765625
2022-03-03 13:00:55,997:INFO:Epoch 127, Training loss 108432.833984375, Validation loss 108469.60546875
2022-03-03 13:00:58,315:INFO:Epoch 128, Training loss 108432.4921875, Validation loss 108465.640625
2022-03-03 13:01:00,562:INFO:Epoch 129, Training loss 108430.82421875, Validation loss 108466.529296875
2022-03-03 13:01:02,824:INFO:Epoch 130, Training loss 108430.14453125, Validation loss 108466.34375
2022-03-03 13:01:05,084:INFO:Epoch 131, Training loss 108431.134765625, Validation loss 108468.044921875
2022-03-03 13:01:07,391:INFO:Epoch 132, Training loss 108429.609375, Validation loss 108465.330078125
2022-03-03 13:01:09,647:INFO:Epoch 133, Training loss 108430.099609375, Validation loss 108466.197265625
2022-03-03 13:01:11,894:INFO:Epoch 134, Training loss 108428.455078125, Validation loss 108468.466796875
2022-03-03 13:01:14,160:INFO:Epoch 135, Training loss 108428.125, Validation loss 108466.37890625
2022-03-03 13:01:16,456:INFO:Epoch 136, Training loss 108429.814453125, Validation loss 108466.541015625
2022-03-03 13:01:18,723:INFO:Epoch 137, Training loss 108427.615234375, Validation loss 108468.681640625
2022-03-03 13:01:20,961:INFO:Epoch 138, Training loss 108428.958984375, Validation loss 108468.310546875
2022-03-03 13:01:23,241:INFO:Epoch 139, Training loss 108427.265625, Validation loss 108465.935546875
2022-03-03 13:01:25,532:INFO:Epoch 140, Training loss 108428.146484375, Validation loss 108466.6953125
2022-03-03 13:01:27,811:INFO:Epoch 141, Training loss 108427.392578125, Validation loss 108467.453125
2022-03-03 13:01:30,035:INFO:Epoch 142, Training loss 108427.173828125, Validation loss 108471.134765625
2022-03-03 13:01:32,320:INFO:Epoch 143, Training loss 108425.61328125, Validation loss 108465.431640625
2022-03-03 13:01:34,555:INFO:Epoch 144, Training loss 108425.689453125, Validation loss 108467.169921875
2022-03-03 13:01:36,877:INFO:Epoch 145, Training loss 108425.36328125, Validation loss 108469.8515625
2022-03-03 13:01:39,109:INFO:Epoch 146, Training loss 108424.982421875, Validation loss 108467.640625
2022-03-03 13:01:41,393:INFO:Epoch 147, Training loss 108426.1875, Validation loss 108470.900390625
2022-03-03 13:01:43,638:INFO:Epoch 148, Training loss 108426.28125, Validation loss 108467.837890625
2022-03-03 13:01:45,954:INFO:Epoch 149, Training loss 108426.65625, Validation loss 108469.412109375
2022-03-03 13:01:48,204:INFO:Epoch 150, Training loss 108423.828125, Validation loss 108468.259765625
2022-03-03 13:01:50,462:INFO:Epoch 151, Training loss 108423.958984375, Validation loss 108469.400390625
2022-03-03 13:01:52,715:INFO:Epoch 152, Training loss 108424.9765625, Validation loss 108468.865234375
2022-03-03 13:01:55,017:INFO:Epoch 153, Training loss 108427.615234375, Validation loss 108471.46484375
2022-03-03 13:01:57,277:INFO:Epoch 154, Training loss 108424.50390625, Validation loss 108468.26171875
2022-03-03 13:01:59,527:INFO:Epoch 155, Training loss 108423.298828125, Validation loss 108470.421875
2022-03-03 13:02:01,793:INFO:Epoch 156, Training loss 108423.46875, Validation loss 108469.271484375
2022-03-03 13:02:04,090:INFO:Epoch 157, Training loss 108423.767578125, Validation loss 108469.919921875
2022-03-03 13:02:06,357:INFO:Epoch 158, Training loss 108421.849609375, Validation loss 108467.296875
2022-03-03 13:02:08,594:INFO:Epoch 159, Training loss 108423.9453125, Validation loss 108473.064453125
2022-03-03 13:02:10,871:INFO:Epoch 160, Training loss 108423.31640625, Validation loss 108468.611328125
2022-03-03 13:02:13,153:INFO:Epoch 161, Training loss 108421.1171875, Validation loss 108470.11328125
2022-03-03 13:02:15,435:INFO:Epoch 162, Training loss 108420.6171875, Validation loss 108471.27734375
2022-03-03 13:02:17,657:INFO:Epoch 163, Training loss 108422.26953125, Validation loss 108472.361328125
2022-03-03 13:02:19,943:INFO:Epoch 164, Training loss 108423.916015625, Validation loss 108468.232421875
2022-03-03 13:02:22,174:INFO:Epoch 165, Training loss 108421.787109375, Validation loss 108473.7109375
2022-03-03 13:02:24,501:INFO:Epoch 166, Training loss 108422.724609375, Validation loss 108470.796875
2022-03-03 13:02:26,734:INFO:Epoch 167, Training loss 108422.05859375, Validation loss 108469.52734375
2022-03-03 13:02:29,020:INFO:Epoch 168, Training loss 108421.521484375, Validation loss 108472.298828125
2022-03-03 13:02:31,267:INFO:Epoch 169, Training loss 108419.60546875, Validation loss 108470.814453125
2022-03-03 13:02:33,588:INFO:Epoch 170, Training loss 108419.85546875, Validation loss 108470.947265625
2022-03-03 13:02:35,837:INFO:Epoch 171, Training loss 108420.103515625, Validation loss 108471.005859375
2022-03-03 13:02:38,095:INFO:Epoch 172, Training loss 108421.310546875, Validation loss 108470.431640625
2022-03-03 13:02:40,352:INFO:Epoch 173, Training loss 108419.6015625, Validation loss 108473.642578125
2022-03-03 13:02:42,661:INFO:Epoch 174, Training loss 108419.7578125, Validation loss 108470.783203125
2022-03-03 13:02:44,921:INFO:Epoch 175, Training loss 108417.638671875, Validation loss 108470.4453125
2022-03-03 13:02:47,170:INFO:Epoch 176, Training loss 108417.60546875, Validation loss 108471.6953125
2022-03-03 13:02:47,176:INFO:Finished training
