8.471691406250000000e+04
8.471691406250000000e+04
8.471691406250000000e+04
8.471691406250000000e+04
8.471691406250000000e+04
8.471691406250000000e+04
8.471691406250000000e+04
8.471691406250000000e+04
8.471691406250000000e+04
8.471691406250000000e+04
8.471691406250000000e+04
8.471691406250000000e+04
8.471691406250000000e+04
8.152256250000000000e+04
8.095175781250000000e+04
8.023876562500000000e+04
7.947648437500000000e+04
7.871396093750000000e+04
7.798353125000000000e+04
7.730453906250000000e+04
7.668715625000000000e+04
7.613607031250000000e+04
7.565245312500000000e+04
7.523758593750000000e+04
7.488810937500000000e+04
7.459903906250000000e+04
7.436803125000000000e+04
7.418759375000000000e+04
7.405151562500000000e+04
7.395429687500000000e+04
7.388964062500000000e+04
7.385296875000000000e+04
7.383921875000000000e+04
7.384275781250000000e+04
7.385628125000000000e+04
7.387434375000000000e+04
7.389270312500000000e+04
7.390840625000000000e+04
7.391975781250000000e+04
7.392609375000000000e+04
7.392795312500000000e+04
7.392578125000000000e+04
7.392028906250000000e+04
7.391210156250000000e+04
7.390167187500000000e+04
7.388975781250000000e+04
7.387707031250000000e+04
7.386406250000000000e+04
7.385123437500000000e+04
7.383908593750000000e+04
7.382805468750000000e+04
7.381885156250000000e+04
7.381199218750000000e+04
7.380768750000000000e+04
7.380665625000000000e+04
7.380876562500000000e+04
7.381244531250000000e+04
7.381550781250000000e+04
7.381686718750000000e+04
7.381654687500000000e+04
7.381512500000000000e+04
7.381339843750000000e+04
7.381171875000000000e+04
7.381017187500000000e+04
7.380886718750000000e+04
7.380789843750000000e+04
7.380720312500000000e+04
7.380675000000000000e+04
7.380652343750000000e+04
7.380644531250000000e+04
7.380647656250000000e+04
7.380654687500000000e+04
7.380664843750000000e+04
7.380676562500000000e+04
7.380685937500000000e+04
7.380690625000000000e+04
7.380691406250000000e+04
7.380686718750000000e+04
7.380676562500000000e+04
7.380661718750000000e+04
7.380644531250000000e+04
7.380624218750000000e+04
7.380602343750000000e+04
7.380576562500000000e+04
7.380548437500000000e+04
7.380521875000000000e+04
7.380503125000000000e+04
7.380489843750000000e+04
7.380482031250000000e+04
7.380475781250000000e+04
7.380472656250000000e+04
7.380467187500000000e+04
7.380462500000000000e+04
7.380458593750000000e+04
7.380453125000000000e+04
7.380447656250000000e+04
7.380440625000000000e+04
7.380432031250000000e+04
7.380421093750000000e+04
7.380409375000000000e+04
7.380397656250000000e+04
7.380385937500000000e+04
7.380375781250000000e+04
7.380367187500000000e+04
7.380360937500000000e+04
7.380354687500000000e+04
7.380348437500000000e+04
7.380341406250000000e+04
7.380334375000000000e+04
7.380328125000000000e+04
7.380323437500000000e+04
7.380318750000000000e+04
7.380313281250000000e+04
7.380307812500000000e+04
7.380303125000000000e+04
7.380298437500000000e+04
7.380293750000000000e+04
7.380289062500000000e+04
7.380284375000000000e+04
