1.311214980468750000e+05
1.227739101562500000e+05
1.175574628906250000e+05
1.140348535156250000e+05
1.116140429687500000e+05
1.101164453125000000e+05
1.094385742187500000e+05
1.092986250000000000e+05
1.093539433593750000e+05
1.093561093750000000e+05
1.092741425781250000e+05
1.091858125000000000e+05
1.091366113281250000e+05
1.091164667968750000e+05
1.090985449218750000e+05
1.090729042968750000e+05
1.090492519531250000e+05
1.090287011718750000e+05
1.090093964843750000e+05
1.089885820312500000e+05
1.089669453125000000e+05
1.089441855468750000e+05
1.089218496093750000e+05
1.088978652343750000e+05
1.088726582031250000e+05
1.088464023437500000e+05
1.088192929687500000e+05
1.087889218750000000e+05
1.087565234375000000e+05
1.087250937500000000e+05
1.086940234375000000e+05
1.086634355468750000e+05
1.086358417968750000e+05
1.086123261718750000e+05
1.085876660156250000e+05
1.085663242187500000e+05
1.085501777343750000e+05
1.085408222656250000e+05
1.085289062500000000e+05
1.085235292968750000e+05
1.085181015625000000e+05
1.085138457031250000e+05
1.085104394531250000e+05
1.085066347656250000e+05
1.085036250000000000e+05
1.085020859375000000e+05
1.084996621093750000e+05
1.084977851562500000e+05
1.084993710937500000e+05
1.084952539062500000e+05
1.084946152343750000e+05
1.084949667968750000e+05
1.084937109375000000e+05
1.084911914062500000e+05
1.084913515625000000e+05
1.084898027343750000e+05
1.084876503906250000e+05
1.084876015625000000e+05
1.084856074218750000e+05
1.084869062500000000e+05
1.084878398437500000e+05
1.084860332031250000e+05
1.084841894531250000e+05
1.084839550781250000e+05
1.084833320312500000e+05
1.084833945312500000e+05
1.084827167968750000e+05
1.084817695312500000e+05
1.084817753906250000e+05
1.084805000000000000e+05
1.084792851562500000e+05
1.084780371093750000e+05
1.084784589843750000e+05
1.084791738281250000e+05
1.084778222656250000e+05
1.084769824218750000e+05
1.084778593750000000e+05
1.084750644531250000e+05
1.084776796875000000e+05
1.084742402343750000e+05
1.084753085937500000e+05
1.084772812500000000e+05
1.084740234375000000e+05
1.084726660156250000e+05
1.084720078125000000e+05
1.084723125000000000e+05
1.084725390625000000e+05
1.084722050781250000e+05
1.084709394531250000e+05
1.084698417968750000e+05
1.084698320312500000e+05
1.084709453125000000e+05
1.084700546875000000e+05
1.084731250000000000e+05
1.084687578125000000e+05
1.084686250000000000e+05
1.084689414062500000e+05
1.084671386718750000e+05
1.084680136718750000e+05
1.084663925781250000e+05
1.084650039062500000e+05
1.084661132812500000e+05
1.084650957031250000e+05
1.084658066406250000e+05
1.084657636718750000e+05
1.084650605468750000e+05
1.084655703125000000e+05
1.084642207031250000e+05
1.084634863281250000e+05
1.084646191406250000e+05
1.084638398437500000e+05
1.084646484375000000e+05
1.084635253906250000e+05
1.084636953125000000e+05
1.084660878906250000e+05
1.084615703125000000e+05
1.084631640625000000e+05
1.084645136718750000e+05
1.084638613281250000e+05
1.084620878906250000e+05
1.084630507812500000e+05
1.084607148437500000e+05
1.084607773437500000e+05
1.084606640625000000e+05
1.084629921875000000e+05
1.084590566406250000e+05
1.084626386718750000e+05
1.084637402343750000e+05
1.084634882812500000e+05
1.084610644531250000e+05
1.084583261718750000e+05
1.084596972656250000e+05
1.084603027343750000e+05
1.084606660156250000e+05
1.084595371093750000e+05
1.084576640625000000e+05
1.084591835937500000e+05
1.084586503906250000e+05
1.084583476562500000e+05
1.084604121093750000e+05
1.084595878906250000e+05
1.084591484375000000e+05
1.084583730468750000e+05
1.084596191406250000e+05
1.084577636718750000e+05
1.084579726562500000e+05
1.084593945312500000e+05
1.084574296875000000e+05
1.084566757812500000e+05
1.084562792968750000e+05
1.084548066406250000e+05
1.084553847656250000e+05
1.084558359375000000e+05
1.084560937500000000e+05
1.084584140625000000e+05
1.084596953125000000e+05
1.084567597656250000e+05
1.084562089843750000e+05
1.084558574218750000e+05
1.084570078125000000e+05
1.084535019531250000e+05
1.084552714843750000e+05
1.084556933593750000e+05
1.084551093750000000e+05
