8.463945312500000000e+04
8.463945312500000000e+04
8.463945312500000000e+04
8.463945312500000000e+04
8.463945312500000000e+04
8.463945312500000000e+04
8.463945312500000000e+04
8.463945312500000000e+04
8.463945312500000000e+04
8.463945312500000000e+04
8.463945312500000000e+04
8.463945312500000000e+04
8.109314257812500000e+04
7.493682226562500000e+04
7.381288085937500000e+04
7.403101171875000000e+04
7.400571777343750000e+04
7.385106152343750000e+04
7.377775878906250000e+04
7.375249902343750000e+04
7.374157714843750000e+04
7.373809472656250000e+04
7.373766015625000000e+04
7.373785253906250000e+04
7.373700390625000000e+04
7.373648046875000000e+04
7.373622558593750000e+04
7.373587890625000000e+04
7.373570898437500000e+04
7.373546289062500000e+04
7.373533789062500000e+04
7.373514257812500000e+04
7.373494824218750000e+04
7.373484277343750000e+04
7.373464843750000000e+04
7.373446679687500000e+04
7.373421972656250000e+04
7.373415917968750000e+04
7.373399707031250000e+04
7.373374121093750000e+04
7.373371386718750000e+04
7.373357324218750000e+04
7.373335742187500000e+04
7.373320996093750000e+04
7.373322460937500000e+04
7.373320410156250000e+04
7.373283691406250000e+04
7.373267089843750000e+04
7.373257226562500000e+04
7.373240234375000000e+04
7.373233984375000000e+04
7.373215722656250000e+04
7.373208691406250000e+04
7.373195898437500000e+04
7.373174218750000000e+04
7.373163281250000000e+04
7.373148925781250000e+04
7.373142187500000000e+04
7.373127636718750000e+04
7.373112109375000000e+04
7.373104492187500000e+04
7.373089941406250000e+04
7.373102050781250000e+04
7.373066210937500000e+04
7.373044531250000000e+04
7.373022363281250000e+04
7.373005078125000000e+04
7.372993652343750000e+04
7.372972167968750000e+04
7.372977734375000000e+04
7.372947363281250000e+04
7.372932324218750000e+04
7.372904492187500000e+04
7.372886035156250000e+04
7.372870019531250000e+04
7.372864941406250000e+04
7.372829101562500000e+04
7.372817480468750000e+04
7.372805371093750000e+04
7.372771582031250000e+04
7.372762402343750000e+04
7.372738085937500000e+04
7.372732324218750000e+04
7.372700292968750000e+04
7.372669238281250000e+04
7.372667089843750000e+04
7.372626269531250000e+04
7.372637890625000000e+04
7.372610644531250000e+04
7.372574902343750000e+04
7.372519042968750000e+04
7.372500488281250000e+04
7.372530175781250000e+04
7.372502148437500000e+04
