2021-11-17 17:54:11,604:INFO:All directories created, ready to load the data
2021-11-17 17:54:11,673:INFO:Dataset loaded from /data/theorie/jthoeve/event_generation/events_high_stats/lin/cHW/events_19.npy
2021-11-17 17:54:11,710:INFO:Dataset loaded from /data/theorie/jthoeve/event_generation/events_high_stats/sm/events_19.npy
2021-11-17 17:54:15,149:INFO:Epoch 1, Training loss 137531.65234375, Validation loss 132839.349609375
2021-11-17 17:54:18,486:INFO:Epoch 2, Training loss 130531.474609375, Validation loss 127287.873046875
2021-11-17 17:54:21,811:INFO:Epoch 3, Training loss 125215.171875, Validation loss 122230.708984375
2021-11-17 17:54:25,169:INFO:Epoch 4, Training loss 120422.87109375, Validation loss 117935.916015625
2021-11-17 17:54:28,498:INFO:Epoch 5, Training loss 116519.029296875, Validation loss 114679.123046875
2021-11-17 17:54:31,836:INFO:Epoch 6, Training loss 113650.796875, Validation loss 112324.701171875
2021-11-17 17:54:35,143:INFO:Epoch 7, Training loss 111582.201171875, Validation loss 110728.041015625
2021-11-17 17:54:38,482:INFO:Epoch 8, Training loss 110330.65625, Validation loss 109998.71484375
2021-11-17 17:54:41,786:INFO:Epoch 9, Training loss 109895.025390625, Validation loss 109904.38671875
2021-11-17 17:54:45,124:INFO:Epoch 10, Training loss 109863.94140625, Validation loss 109873.72265625
2021-11-17 17:54:48,427:INFO:Epoch 11, Training loss 109779.34765625, Validation loss 109722.869140625
2021-11-17 17:54:51,756:INFO:Epoch 12, Training loss 109613.080078125, Validation loss 109568.6328125
2021-11-17 17:54:55,081:INFO:Epoch 13, Training loss 109485.5078125, Validation loss 109483.025390625
2021-11-17 17:54:58,384:INFO:Epoch 14, Training loss 109418.3984375, Validation loss 109434.416015625
2021-11-17 17:55:01,701:INFO:Epoch 15, Training loss 109367.142578125, Validation loss 109379.583984375
2021-11-17 17:55:05,034:INFO:Epoch 16, Training loss 109307.841796875, Validation loss 109324.150390625
2021-11-17 17:55:08,371:INFO:Epoch 17, Training loss 109256.103515625, Validation loss 109282.017578125
2021-11-17 17:55:11,650:INFO:Epoch 18, Training loss 109216.4296875, Validation loss 109247.740234375
2021-11-17 17:55:14,977:INFO:Epoch 19, Training loss 109181.310546875, Validation loss 109215.111328125
2021-11-17 17:55:18,244:INFO:Epoch 20, Training loss 109146.93359375, Validation loss 109185.7265625
2021-11-17 17:55:21,600:INFO:Epoch 21, Training loss 109118.017578125, Validation loss 109160.451171875
2021-11-17 17:55:24,897:INFO:Epoch 22, Training loss 109090.498046875, Validation loss 109137.88671875
2021-11-17 17:55:28,217:INFO:Epoch 23, Training loss 109066.94140625, Validation loss 109117.779296875
2021-11-17 17:55:31,497:INFO:Epoch 24, Training loss 109045.26171875, Validation loss 109100.57421875
2021-11-17 17:55:34,838:INFO:Epoch 25, Training loss 109026.7578125, Validation loss 109084.59375
2021-11-17 17:55:38,130:INFO:Epoch 26, Training loss 109011.611328125, Validation loss 109070.43359375
2021-11-17 17:55:41,457:INFO:Epoch 27, Training loss 108996.080078125, Validation loss 109058.109375
2021-11-17 17:55:44,758:INFO:Epoch 28, Training loss 108983.154296875, Validation loss 109047.4140625
2021-11-17 17:55:48,088:INFO:Epoch 29, Training loss 108973.177734375, Validation loss 109037.341796875
2021-11-17 17:55:51,386:INFO:Epoch 30, Training loss 108963.822265625, Validation loss 109028.599609375
2021-11-17 17:55:54,685:INFO:Epoch 31, Training loss 108954.91015625, Validation loss 109021.47265625
2021-11-17 17:55:57,993:INFO:Epoch 32, Training loss 108948.35546875, Validation loss 109015.384765625
2021-11-17 17:56:01,320:INFO:Epoch 33, Training loss 108942.5390625, Validation loss 109009.775390625
2021-11-17 17:56:04,640:INFO:Epoch 34, Training loss 108937.89453125, Validation loss 109004.833984375
2021-11-17 17:56:07,947:INFO:Epoch 35, Training loss 108935.41796875, Validation loss 109001.201171875
2021-11-17 17:56:11,276:INFO:Epoch 36, Training loss 108932.4921875, Validation loss 108997.681640625
2021-11-17 17:56:14,606:INFO:Epoch 37, Training loss 108928.4296875, Validation loss 108996.390625
2021-11-17 17:56:17,942:INFO:Epoch 38, Training loss 108926.16796875, Validation loss 108995.0234375
2021-11-17 17:56:21,243:INFO:Epoch 39, Training loss 108924.84765625, Validation loss 108994.67578125
2021-11-17 17:56:24,589:INFO:Epoch 40, Training loss 108923.611328125, Validation loss 108993.634765625
2021-11-17 17:56:27,886:INFO:Epoch 41, Training loss 108922.796875, Validation loss 108993.298828125
2021-11-17 17:56:31,253:INFO:Epoch 42, Training loss 108921.427734375, Validation loss 108991.37109375
2021-11-17 17:56:34,552:INFO:Epoch 43, Training loss 108921.25, Validation loss 108990.50390625
2021-11-17 17:56:37,888:INFO:Epoch 44, Training loss 108920.466796875, Validation loss 108991.5
2021-11-17 17:56:41,206:INFO:Epoch 45, Training loss 108919.4921875, Validation loss 108991.6171875
2021-11-17 17:56:44,571:INFO:Epoch 46, Training loss 108919.111328125, Validation loss 108991.943359375
2021-11-17 17:56:47,875:INFO:Epoch 47, Training loss 108918.9609375, Validation loss 108991.4765625
2021-11-17 17:56:51,222:INFO:Epoch 48, Training loss 108918.1953125, Validation loss 108991.75390625
2021-11-17 17:56:54,599:INFO:Epoch 49, Training loss 108918.1015625, Validation loss 108991.19140625
2021-11-17 17:56:57,956:INFO:Epoch 50, Training loss 108917.46875, Validation loss 108990.951171875
2021-11-17 17:57:01,281:INFO:Epoch 51, Training loss 108917.42578125, Validation loss 108991.802734375
2021-11-17 17:57:04,601:INFO:Epoch 52, Training loss 108916.94921875, Validation loss 108991.365234375
2021-11-17 17:57:07,930:INFO:Epoch 53, Training loss 108916.6640625, Validation loss 108991.529296875
2021-11-17 17:57:11,293:INFO:Epoch 54, Training loss 108916.359375, Validation loss 108991.6484375
2021-11-17 17:57:14,630:INFO:Epoch 55, Training loss 108916.248046875, Validation loss 108991.544921875
2021-11-17 17:57:17,951:INFO:Epoch 56, Training loss 108915.59765625, Validation loss 108991.75390625
2021-11-17 17:57:21,288:INFO:Epoch 57, Training loss 108915.5, Validation loss 108991.99609375
2021-11-17 17:57:24,626:INFO:Epoch 58, Training loss 108915.294921875, Validation loss 108992.384765625
2021-11-17 17:57:27,968:INFO:Epoch 59, Training loss 108914.8984375, Validation loss 108991.837890625
2021-11-17 17:57:31,282:INFO:Epoch 60, Training loss 108914.552734375, Validation loss 108991.46875
2021-11-17 17:57:34,630:INFO:Epoch 61, Training loss 108915.607421875, Validation loss 108991.5390625
2021-11-17 17:57:37,929:INFO:Epoch 62, Training loss 108914.248046875, Validation loss 108991.130859375
2021-11-17 17:57:41,332:INFO:Epoch 63, Training loss 108913.966796875, Validation loss 108991.76171875
2021-11-17 17:57:41,338:INFO:Finished training, producing training report at /data/theorie/jthoeve/ML4EFT_higgs/models/17_11/model_final_lin_cHW/mc_run_19/plots/training_report/
2021-11-17 17:57:41,639:WARNING:findfont: Font family ['sans-serif'] not found. Falling back to DejaVu Sans.
