7.377375000000000000e+04
7.376660937500000000e+04
7.376504687500000000e+04
7.376186718750000000e+04
7.376060156250000000e+04
7.376081250000000000e+04
7.376034375000000000e+04
7.375940625000000000e+04
7.375902343750000000e+04
7.375932031250000000e+04
7.375926562500000000e+04
7.375866406250000000e+04
7.375820312500000000e+04
7.375811718750000000e+04
7.375796093750000000e+04
7.375751562500000000e+04
7.375707812500000000e+04
7.375692968750000000e+04
7.375694531250000000e+04
7.375680468750000000e+04
7.375650000000000000e+04
7.375627343750000000e+04
7.375615625000000000e+04
7.375596875000000000e+04
7.375561718750000000e+04
7.375527343750000000e+04
7.375508593750000000e+04
7.375492968750000000e+04
7.375467968750000000e+04
7.375443750000000000e+04
7.375424218750000000e+04
7.375404687500000000e+04
7.375378906250000000e+04
7.375351562500000000e+04
7.375325781250000000e+04
7.375303125000000000e+04
7.375277343750000000e+04
7.375250000000000000e+04
7.375226562500000000e+04
7.375202343750000000e+04
7.375178125000000000e+04
7.375157031250000000e+04
7.375135937500000000e+04
7.375111718750000000e+04
7.375088281250000000e+04
7.375064062500000000e+04
7.375038281250000000e+04
7.375012500000000000e+04
7.374985156250000000e+04
7.374957031250000000e+04
7.374929687500000000e+04
7.374904687500000000e+04
7.374878906250000000e+04
7.374852343750000000e+04
