1.399601503906250000e+05
1.313026640625000000e+05
1.256602968750000000e+05
1.214663593750000000e+05
1.182913398437500000e+05
1.156958398437500000e+05
1.133397753906250000e+05
1.113398300781250000e+05
1.100119921875000000e+05
1.094956855468750000e+05
1.094882753906250000e+05
1.094933203125000000e+05
1.093717207031250000e+05
1.092599101562500000e+05
1.092159589843750000e+05
1.091968613281250000e+05
1.091651718750000000e+05
1.091318105468750000e+05
1.091113750000000000e+05
1.090943144531250000e+05
1.090758652343750000e+05
1.090579765625000000e+05
1.090422578125000000e+05
1.090260761718750000e+05
1.090097812500000000e+05
1.089932500000000000e+05
1.089756757812500000e+05
1.089572382812500000e+05
1.089371757812500000e+05
1.089161171875000000e+05
1.088929550781250000e+05
1.088685820312500000e+05
1.088423847656250000e+05
1.088145644531250000e+05
1.087847363281250000e+05
1.087529121093750000e+05
1.087210761718750000e+05
1.086890761718750000e+05
1.086573671875000000e+05
1.086282011718750000e+05
1.085994023437500000e+05
1.085728281250000000e+05
1.085505117187500000e+05
1.085311328125000000e+05
1.085185312500000000e+05
1.085100273437500000e+05
1.085037441406250000e+05
1.085001660156250000e+05
1.084957792968750000e+05
1.084923613281250000e+05
1.084905898437500000e+05
1.084891289062500000e+05
1.084876816406250000e+05
1.084861074218750000e+05
1.084842636718750000e+05
1.084834726562500000e+05
1.084822421875000000e+05
1.084813867187500000e+05
1.084797500000000000e+05
1.084793457031250000e+05
1.084787773437500000e+05
1.084781269531250000e+05
1.084762851562500000e+05
1.084755136718750000e+05
1.084763867187500000e+05
1.084748945312500000e+05
1.084752109375000000e+05
1.084778789062500000e+05
1.084728457031250000e+05
1.084729296875000000e+05
1.084724453125000000e+05
1.084729882812500000e+05
1.084709277343750000e+05
1.084733417968750000e+05
1.084708300781250000e+05
1.084696171875000000e+05
1.084713671875000000e+05
1.084679101562500000e+05
1.084684980468750000e+05
1.084677207031250000e+05
1.084686171875000000e+05
1.084662695312500000e+05
1.084683027343750000e+05
1.084687460937500000e+05
1.084656835937500000e+05
1.084656875000000000e+05
1.084666425781250000e+05
1.084647910156250000e+05
1.084651250000000000e+05
1.084637500000000000e+05
1.084640488281250000e+05
1.084631875000000000e+05
1.084630761718750000e+05
1.084621152343750000e+05
1.084622011718750000e+05
1.084629746093750000e+05
1.084621503906250000e+05
1.084615292968750000e+05
1.084608203125000000e+05
1.084610000000000000e+05
1.084613320312500000e+05
1.084613144531250000e+05
1.084606816406250000e+05
1.084600839843750000e+05
1.084587304687500000e+05
1.084603789062500000e+05
1.084596582031250000e+05
1.084586523437500000e+05
1.084593574218750000e+05
1.084579062500000000e+05
1.084571914062500000e+05
1.084570527343750000e+05
1.084565058593750000e+05
1.084560468750000000e+05
1.084559843750000000e+05
1.084568632812500000e+05
1.084554062500000000e+05
1.084542988281250000e+05
1.084537890625000000e+05
1.084546132812500000e+05
1.084543046875000000e+05
1.084536093750000000e+05
1.084545703125000000e+05
1.084527910156250000e+05
1.084531093750000000e+05
1.084533710937500000e+05
1.084527304687500000e+05
1.084523359375000000e+05
1.084518593750000000e+05
1.084515039062500000e+05
1.084508593750000000e+05
1.084514589843750000e+05
1.084511953125000000e+05
1.084497187500000000e+05
1.084503496093750000e+05
1.084504296875000000e+05
1.084501210937500000e+05
1.084497851562500000e+05
1.084483593750000000e+05
1.084494570312500000e+05
1.084480527343750000e+05
1.084480839843750000e+05
1.084471269531250000e+05
1.084477617187500000e+05
1.084473847656250000e+05
1.084479375000000000e+05
1.084464355468750000e+05
1.084498632812500000e+05
1.084504199218750000e+05
1.084476875000000000e+05
1.084466679687500000e+05
1.084450839843750000e+05
1.084451113281250000e+05
1.084456679687500000e+05
1.084463632812500000e+05
1.084463906250000000e+05
1.084436328125000000e+05
1.084443203125000000e+05
1.084431562500000000e+05
1.084436953125000000e+05
1.084455820312500000e+05
1.084431035156250000e+05
1.084435449218750000e+05
1.084424746093750000e+05
