2022-01-24 14:09:30,689:INFO:All directories created, ready to load the data
2022-01-24 14:09:30,751:INFO:Dataset loaded from /data/theorie/jthoeve/event_generation/events_high_stats/pT/lin/cHq3/events_19.npy
2022-01-24 14:09:30,758:INFO:Dataset loaded from /data/theorie/jthoeve/event_generation/events_high_stats/pT/sm/events_19.npy
2022-01-24 14:09:33,151:INFO:Epoch 1, Training loss 75700.615234375, Validation loss 74727.5244140625
2022-01-24 14:09:35,538:INFO:Epoch 2, Training loss 74382.119140625, Validation loss 74024.3828125
2022-01-24 14:09:37,905:INFO:Epoch 3, Training loss 73917.0478515625, Validation loss 73824.470703125
2022-01-24 14:09:40,306:INFO:Epoch 4, Training loss 73812.8310546875, Validation loss 73824.974609375
2022-01-24 14:09:42,678:INFO:Epoch 5, Training loss 73836.314453125, Validation loss 73856.0322265625
2022-01-24 14:09:45,042:INFO:Epoch 6, Training loss 73852.689453125, Validation loss 73849.814453125
2022-01-24 14:09:47,411:INFO:Epoch 7, Training loss 73836.154296875, Validation loss 73825.6845703125
2022-01-24 14:09:49,800:INFO:Epoch 8, Training loss 73814.20703125, Validation loss 73810.302734375
2022-01-24 14:09:52,186:INFO:Epoch 9, Training loss 73804.900390625, Validation loss 73809.6728515625
2022-01-24 14:09:54,536:INFO:Epoch 10, Training loss 73806.21875, Validation loss 73811.9140625
2022-01-24 14:09:56,917:INFO:Epoch 11, Training loss 73806.4443359375, Validation loss 73810.4833984375
2022-01-24 14:09:59,291:INFO:Epoch 12, Training loss 73804.1494140625, Validation loss 73808.966796875
2022-01-24 14:10:01,681:INFO:Epoch 13, Training loss 73802.9736328125, Validation loss 73809.251953125
2022-01-24 14:10:04,037:INFO:Epoch 14, Training loss 73802.6513671875, Validation loss 73809.7958984375
2022-01-24 14:10:06,436:INFO:Epoch 15, Training loss 73802.5302734375, Validation loss 73809.9453125
2022-01-24 14:10:08,789:INFO:Epoch 16, Training loss 73802.24609375, Validation loss 73809.9755859375
2022-01-24 14:10:11,204:INFO:Epoch 17, Training loss 73801.9345703125, Validation loss 73809.900390625
2022-01-24 14:10:13,560:INFO:Epoch 18, Training loss 73801.6650390625, Validation loss 73809.97265625
2022-01-24 14:10:15,942:INFO:Epoch 19, Training loss 73801.5986328125, Validation loss 73809.8212890625
2022-01-24 14:10:18,292:INFO:Epoch 20, Training loss 73801.2958984375, Validation loss 73809.7919921875
2022-01-24 14:10:20,699:INFO:Epoch 21, Training loss 73801.130859375, Validation loss 73809.755859375
2022-01-24 14:10:23,062:INFO:Epoch 22, Training loss 73800.8984375, Validation loss 73810.03125
2022-01-24 14:10:25,443:INFO:Epoch 23, Training loss 73800.734375, Validation loss 73809.96875
2022-01-24 14:10:27,818:INFO:Epoch 24, Training loss 73800.4873046875, Validation loss 73810.0888671875
2022-01-24 14:10:30,212:INFO:Epoch 25, Training loss 73800.3232421875, Validation loss 73810.126953125
2022-01-24 14:10:32,585:INFO:Epoch 26, Training loss 73800.162109375, Validation loss 73810.2001953125
2022-01-24 14:10:34,951:INFO:Epoch 27, Training loss 73799.9375, Validation loss 73810.3232421875
2022-01-24 14:10:37,345:INFO:Epoch 28, Training loss 73799.720703125, Validation loss 73810.322265625
2022-01-24 14:10:39,739:INFO:Epoch 29, Training loss 73799.6142578125, Validation loss 73810.4111328125
2022-01-24 14:10:42,119:INFO:Epoch 30, Training loss 73799.607421875, Validation loss 73810.62890625
2022-01-24 14:10:44,477:INFO:Epoch 31, Training loss 73799.1845703125, Validation loss 73810.6396484375
2022-01-24 14:10:46,873:INFO:Epoch 32, Training loss 73798.98046875, Validation loss 73810.6923828125
2022-01-24 14:10:49,263:INFO:Epoch 33, Training loss 73798.86328125, Validation loss 73810.7060546875
2022-01-24 14:10:51,655:INFO:Epoch 34, Training loss 73798.65234375, Validation loss 73810.6650390625
2022-01-24 14:10:54,008:INFO:Epoch 35, Training loss 73798.3916015625, Validation loss 73810.6943359375
2022-01-24 14:10:56,408:INFO:Epoch 36, Training loss 73798.423828125, Validation loss 73810.5341796875
2022-01-24 14:10:58,761:INFO:Epoch 37, Training loss 73798.03515625, Validation loss 73810.830078125
2022-01-24 14:11:01,184:INFO:Epoch 38, Training loss 73797.8017578125, Validation loss 73810.974609375
2022-01-24 14:11:03,541:INFO:Epoch 39, Training loss 73797.587890625, Validation loss 73811.044921875
2022-01-24 14:11:05,931:INFO:Epoch 40, Training loss 73797.412109375, Validation loss 73811.0146484375
2022-01-24 14:11:08,294:INFO:Epoch 41, Training loss 73797.201171875, Validation loss 73811.1259765625
2022-01-24 14:11:10,705:INFO:Epoch 42, Training loss 73796.978515625, Validation loss 73811.025390625
2022-01-24 14:11:13,072:INFO:Epoch 43, Training loss 73796.8203125, Validation loss 73811.1826171875
2022-01-24 14:11:15,452:INFO:Epoch 44, Training loss 73796.5615234375, Validation loss 73811.1611328125
2022-01-24 14:11:17,826:INFO:Epoch 45, Training loss 73796.333984375, Validation loss 73811.599609375
2022-01-24 14:11:20,232:INFO:Epoch 46, Training loss 73796.1103515625, Validation loss 73811.7314453125
2022-01-24 14:11:22,615:INFO:Epoch 47, Training loss 73795.912109375, Validation loss 73811.7490234375
2022-01-24 14:11:24,994:INFO:Epoch 48, Training loss 73795.732421875, Validation loss 73811.978515625
2022-01-24 14:11:27,381:INFO:Epoch 49, Training loss 73795.4287109375, Validation loss 73811.9013671875
2022-01-24 14:11:29,777:INFO:Epoch 50, Training loss 73795.314453125, Validation loss 73812.0078125
2022-01-24 14:11:32,166:INFO:Epoch 51, Training loss 73795.138671875, Validation loss 73812.2119140625
2022-01-24 14:11:34,534:INFO:Epoch 52, Training loss 73794.7626953125, Validation loss 73812.513671875
2022-01-24 14:11:36,936:INFO:Epoch 53, Training loss 73794.55859375, Validation loss 73812.75390625
2022-01-24 14:11:39,324:INFO:Epoch 54, Training loss 73794.5693359375, Validation loss 73812.7919921875
2022-01-24 14:11:41,728:INFO:Epoch 55, Training loss 73794.72265625, Validation loss 73812.865234375
2022-01-24 14:11:44,083:INFO:Epoch 56, Training loss 73793.853515625, Validation loss 73812.884765625
2022-01-24 14:11:46,490:INFO:Epoch 57, Training loss 73793.65234375, Validation loss 73812.8779296875
2022-01-24 14:11:48,852:INFO:Epoch 58, Training loss 73793.5224609375, Validation loss 73812.982421875
2022-01-24 14:11:51,285:INFO:Epoch 59, Training loss 73793.1376953125, Validation loss 73813.42578125
2022-01-24 14:11:53,651:INFO:Epoch 60, Training loss 73793.01953125, Validation loss 73813.9560546875
2022-01-24 14:11:56,048:INFO:Epoch 61, Training loss 73792.7177734375, Validation loss 73813.5380859375
2022-01-24 14:11:58,423:INFO:Epoch 62, Training loss 73792.66015625, Validation loss 73813.849609375
2022-01-24 14:11:58,429:INFO:Finished training
