2021-11-24 15:26:09,504:INFO:All directories created, ready to load the data
2021-11-24 15:26:09,578:INFO:Dataset loaded from /data/theorie/jthoeve/event_generation/events_high_stats/quad/cHW/events_23.npy
2021-11-24 15:26:09,582:INFO:Dataset loaded from /data/theorie/jthoeve/event_generation/events_high_stats/sm/events_23.npy
2021-11-24 15:26:13,371:INFO:Epoch 1, Training loss 151694.6796875, Validation loss 150457.57421875
2021-11-24 15:26:17,168:INFO:Epoch 2, Training loss 150061.740234375, Validation loss 149654.71875
2021-11-24 15:26:21,027:INFO:Epoch 3, Training loss 149451.24609375, Validation loss 149177.203125
2021-11-24 15:26:25,178:INFO:Epoch 4, Training loss 148894.6171875, Validation loss 148457.419921875
2021-11-24 15:26:28,915:INFO:Epoch 5, Training loss 148001.029296875, Validation loss 147350.525390625
2021-11-24 15:26:32,684:INFO:Epoch 6, Training loss 146791.236328125, Validation loss 146098.580078125
2021-11-24 15:26:36,450:INFO:Epoch 7, Training loss 145541.1875, Validation loss 144901.302734375
2021-11-24 15:26:40,234:INFO:Epoch 8, Training loss 144454.5546875, Validation loss 144056.55859375
2021-11-24 15:26:44,413:INFO:Epoch 9, Training loss 143802.33203125, Validation loss 143736.513671875
2021-11-24 15:26:48,183:INFO:Epoch 10, Training loss 143626.541015625, Validation loss 143737.9140625
2021-11-24 15:26:51,930:INFO:Epoch 11, Training loss 143620.05078125, Validation loss 143661.279296875
2021-11-24 15:26:55,697:INFO:Epoch 12, Training loss 143538.849609375, Validation loss 143603.119140625
2021-11-24 15:26:59,452:INFO:Epoch 13, Training loss 143503.38671875, Validation loss 143575.416015625
2021-11-24 15:27:03,197:INFO:Epoch 14, Training loss 143462.345703125, Validation loss 143560.505859375
2021-11-24 15:27:06,973:INFO:Epoch 15, Training loss 143444.14453125, Validation loss 143550.216796875
2021-11-24 15:27:10,772:INFO:Epoch 16, Training loss 143420.982421875, Validation loss 143535.85546875
2021-11-24 15:27:14,534:INFO:Epoch 17, Training loss 143410.638671875, Validation loss 143526.2890625
2021-11-24 15:27:18,262:INFO:Epoch 18, Training loss 143406.044921875, Validation loss 143523.8515625
2021-11-24 15:27:22,034:INFO:Epoch 19, Training loss 143397.2109375, Validation loss 143523.4453125
2021-11-24 15:27:25,767:INFO:Epoch 20, Training loss 143403.9765625, Validation loss 143537.693359375
2021-11-24 15:27:29,562:INFO:Epoch 21, Training loss 143394.84765625, Validation loss 143512.755859375
2021-11-24 15:27:33,669:INFO:Epoch 22, Training loss 143390.4296875, Validation loss 143520.828125
2021-11-24 15:27:37,446:INFO:Epoch 23, Training loss 143386.8203125, Validation loss 143528.44921875
2021-11-24 15:27:41,603:INFO:Epoch 24, Training loss 143397.88671875, Validation loss 143518.009765625
2021-11-24 15:27:45,416:INFO:Epoch 25, Training loss 143397.98046875, Validation loss 143572.6875
2021-11-24 15:27:49,163:INFO:Epoch 26, Training loss 143426.3515625, Validation loss 143502.36328125
2021-11-24 15:27:52,925:INFO:Epoch 27, Training loss 143408.0390625, Validation loss 143527.56640625
2021-11-24 15:27:56,675:INFO:Epoch 28, Training loss 143387.33203125, Validation loss 143512.451171875
2021-11-24 15:28:00,461:INFO:Epoch 29, Training loss 143369.498046875, Validation loss 143519.630859375
2021-11-24 15:28:04,214:INFO:Epoch 30, Training loss 143372.015625, Validation loss 143507.2265625
2021-11-24 15:28:07,966:INFO:Epoch 31, Training loss 143377.267578125, Validation loss 143501.4140625
2021-11-24 15:28:11,722:INFO:Epoch 32, Training loss 143367.638671875, Validation loss 143498.44921875
2021-11-24 15:28:15,500:INFO:Epoch 33, Training loss 143360.8984375, Validation loss 143494.748046875
2021-11-24 15:28:19,266:INFO:Epoch 34, Training loss 143366.78125, Validation loss 143497.05078125
2021-11-24 15:28:23,025:INFO:Epoch 35, Training loss 143362.9453125, Validation loss 143495.9453125
2021-11-24 15:28:26,793:INFO:Epoch 36, Training loss 143361.708984375, Validation loss 143493.880859375
2021-11-24 15:28:30,567:INFO:Epoch 37, Training loss 143361.068359375, Validation loss 143494.712890625
2021-11-24 15:28:34,353:INFO:Epoch 38, Training loss 143360.4140625, Validation loss 143494.7265625
2021-11-24 15:28:38,096:INFO:Epoch 39, Training loss 143354.51953125, Validation loss 143493.93359375
2021-11-24 15:28:41,870:INFO:Epoch 40, Training loss 143353.60546875, Validation loss 143498.25390625
2021-11-24 15:28:45,626:INFO:Epoch 41, Training loss 143356.65234375, Validation loss 143518.720703125
2021-11-24 15:28:49,448:INFO:Epoch 42, Training loss 143377.001953125, Validation loss 143490.134765625
2021-11-24 15:28:53,191:INFO:Epoch 43, Training loss 143364.50390625, Validation loss 143497.388671875
2021-11-24 15:28:56,957:INFO:Epoch 44, Training loss 143363.12109375, Validation loss 143497.8984375
2021-11-24 15:29:00,689:INFO:Epoch 45, Training loss 143354.77734375, Validation loss 143497.87109375
2021-11-24 15:29:04,496:INFO:Epoch 46, Training loss 143354.85546875, Validation loss 143492.087890625
2021-11-24 15:29:08,272:INFO:Epoch 47, Training loss 143353.001953125, Validation loss 143492.8828125
2021-11-24 15:29:12,030:INFO:Epoch 48, Training loss 143355.654296875, Validation loss 143491.708984375
2021-11-24 15:29:15,807:INFO:Epoch 49, Training loss 143347.17578125, Validation loss 143487.658203125
2021-11-24 15:29:19,598:INFO:Epoch 50, Training loss 143347.21875, Validation loss 143491.341796875
2021-11-24 15:29:23,349:INFO:Epoch 51, Training loss 143347.939453125, Validation loss 143491.203125
2021-11-24 15:29:27,091:INFO:Epoch 52, Training loss 143353.9921875, Validation loss 143491.90625
2021-11-24 15:29:31,046:INFO:Epoch 53, Training loss 143350.18359375, Validation loss 143501.068359375
2021-11-24 15:29:34,828:INFO:Epoch 54, Training loss 143350.818359375, Validation loss 143488.654296875
2021-11-24 15:29:38,591:INFO:Epoch 55, Training loss 143344.154296875, Validation loss 143486.330078125
2021-11-24 15:29:42,331:INFO:Epoch 56, Training loss 143344.166015625, Validation loss 143490.564453125
2021-11-24 15:29:46,114:INFO:Epoch 57, Training loss 143340.0859375, Validation loss 143489.56640625
2021-11-24 15:29:49,881:INFO:Epoch 58, Training loss 143342.97265625, Validation loss 143487.98046875
2021-11-24 15:29:53,642:INFO:Epoch 59, Training loss 143341.181640625, Validation loss 143490.4375
2021-11-24 15:29:57,381:INFO:Epoch 60, Training loss 143340.05859375, Validation loss 143490.96484375
2021-11-24 15:30:01,166:INFO:Epoch 61, Training loss 143339.765625, Validation loss 143487.09375
2021-11-24 15:30:04,894:INFO:Epoch 62, Training loss 143338.33203125, Validation loss 143489.859375
2021-11-24 15:30:08,703:INFO:Epoch 63, Training loss 143338.8203125, Validation loss 143494.005859375
2021-11-24 15:30:12,457:INFO:Epoch 64, Training loss 143343.345703125, Validation loss 143493.58984375
2021-11-24 15:30:16,322:INFO:Epoch 65, Training loss 143358.642578125, Validation loss 143527.951171875
2021-11-24 15:30:20,147:INFO:Epoch 66, Training loss 143359.8046875, Validation loss 143494.08203125
2021-11-24 15:30:24,024:INFO:Epoch 67, Training loss 143347.07421875, Validation loss 143488.296875
2021-11-24 15:30:27,797:INFO:Epoch 68, Training loss 143336.1484375, Validation loss 143491.943359375
2021-11-24 15:30:31,571:INFO:Epoch 69, Training loss 143340.97265625, Validation loss 143491.9765625
2021-11-24 15:30:35,349:INFO:Epoch 70, Training loss 143337.748046875, Validation loss 143486.97265625
2021-11-24 15:30:39,231:INFO:Epoch 71, Training loss 143336.974609375, Validation loss 143488.017578125
2021-11-24 15:30:43,070:INFO:Epoch 72, Training loss 143338.0078125, Validation loss 143489.466796875
2021-11-24 15:30:46,899:INFO:Epoch 73, Training loss 143335.76171875, Validation loss 143506.171875
2021-11-24 15:30:50,735:INFO:Epoch 74, Training loss 143340.1484375, Validation loss 143490.896484375
2021-11-24 15:30:54,572:INFO:Epoch 75, Training loss 143340.375, Validation loss 143497.689453125
2021-11-24 15:30:58,377:INFO:Epoch 76, Training loss 143343.943359375, Validation loss 143501.841796875
2021-11-24 15:31:02,126:INFO:Epoch 77, Training loss 143341.0234375, Validation loss 143488.2109375
2021-11-24 15:31:05,901:INFO:Epoch 78, Training loss 143334.173828125, Validation loss 143493.603515625
2021-11-24 15:31:09,668:INFO:Epoch 79, Training loss 143336.43359375, Validation loss 143485.52734375
2021-11-24 15:31:13,453:INFO:Epoch 80, Training loss 143339.345703125, Validation loss 143485.26953125
2021-11-24 15:31:17,316:INFO:Epoch 81, Training loss 143348.927734375, Validation loss 143499.73046875
2021-11-24 15:31:21,116:INFO:Epoch 82, Training loss 143343.408203125, Validation loss 143493.865234375
2021-11-24 15:31:24,857:INFO:Epoch 83, Training loss 143341.6484375, Validation loss 143494.51953125
2021-11-24 15:31:28,685:INFO:Epoch 84, Training loss 143333.462890625, Validation loss 143487.130859375
2021-11-24 15:31:32,424:INFO:Epoch 85, Training loss 143338.5390625, Validation loss 143506.794921875
2021-11-24 15:31:36,207:INFO:Epoch 86, Training loss 143339.224609375, Validation loss 143494.27734375
2021-11-24 15:31:39,960:INFO:Epoch 87, Training loss 143341.85546875, Validation loss 143493.4140625
2021-11-24 15:31:43,768:INFO:Epoch 88, Training loss 143335.40234375, Validation loss 143493.568359375
2021-11-24 15:31:47,540:INFO:Epoch 89, Training loss 143334.900390625, Validation loss 143484.298828125
2021-11-24 15:31:51,318:INFO:Epoch 90, Training loss 143334.1640625, Validation loss 143492.37109375
2021-11-24 15:31:55,077:INFO:Epoch 91, Training loss 143332.392578125, Validation loss 143494.447265625
2021-11-24 15:31:58,903:INFO:Epoch 92, Training loss 143334.564453125, Validation loss 143495.44921875
2021-11-24 15:32:02,667:INFO:Epoch 93, Training loss 143337.287109375, Validation loss 143503.99609375
2021-11-24 15:32:06,428:INFO:Epoch 94, Training loss 143348.875, Validation loss 143489.537109375
2021-11-24 15:32:10,199:INFO:Epoch 95, Training loss 143341.541015625, Validation loss 143534.0
2021-11-24 15:32:13,987:INFO:Epoch 96, Training loss 143356.724609375, Validation loss 143491.669921875
2021-11-24 15:32:17,781:INFO:Epoch 97, Training loss 143330.54296875, Validation loss 143496.1328125
2021-11-24 15:32:21,531:INFO:Epoch 98, Training loss 143334.375, Validation loss 143506.62890625
2021-11-24 15:32:25,301:INFO:Epoch 99, Training loss 143331.896484375, Validation loss 143498.8515625
2021-11-24 15:32:29,066:INFO:Epoch 100, Training loss 143336.81640625, Validation loss 143485.30078125
2021-11-24 15:32:32,837:INFO:Epoch 101, Training loss 143330.9609375, Validation loss 143490.13671875
2021-11-24 15:32:36,573:INFO:Epoch 102, Training loss 143331.568359375, Validation loss 143500.41796875
2021-11-24 15:32:40,344:INFO:Epoch 103, Training loss 143338.02734375, Validation loss 143498.859375
2021-11-24 15:32:44,078:INFO:Epoch 104, Training loss 143331.15625, Validation loss 143492.396484375
2021-11-24 15:32:47,911:INFO:Epoch 105, Training loss 143330.693359375, Validation loss 143490.3671875
2021-11-24 15:32:51,652:INFO:Epoch 106, Training loss 143327.0390625, Validation loss 143487.927734375
2021-11-24 15:32:55,431:INFO:Epoch 107, Training loss 143342.30078125, Validation loss 143495.322265625
2021-11-24 15:32:59,176:INFO:Epoch 108, Training loss 143343.552734375, Validation loss 143502.41015625
2021-11-24 15:33:02,973:INFO:Epoch 109, Training loss 143332.94140625, Validation loss 143504.11328125
2021-11-24 15:33:06,716:INFO:Epoch 110, Training loss 143339.673828125, Validation loss 143499.505859375
2021-11-24 15:33:10,479:INFO:Epoch 111, Training loss 143337.2734375, Validation loss 143504.3046875
2021-11-24 15:33:14,237:INFO:Epoch 112, Training loss 143336.271484375, Validation loss 143492.63671875
2021-11-24 15:33:18,050:INFO:Epoch 113, Training loss 143329.310546875, Validation loss 143496.076171875
2021-11-24 15:33:21,813:INFO:Epoch 114, Training loss 143329.453125, Validation loss 143490.67578125
2021-11-24 15:33:25,578:INFO:Epoch 115, Training loss 143327.001953125, Validation loss 143494.0703125
2021-11-24 15:33:29,334:INFO:Epoch 116, Training loss 143326.197265625, Validation loss 143494.671875
2021-11-24 15:33:33,109:INFO:Epoch 117, Training loss 143332.212890625, Validation loss 143495.07421875
2021-11-24 15:33:36,872:INFO:Epoch 118, Training loss 143325.58984375, Validation loss 143495.994140625
2021-11-24 15:33:40,612:INFO:Epoch 119, Training loss 143326.185546875, Validation loss 143492.5546875
2021-11-24 15:33:44,382:INFO:Epoch 120, Training loss 143324.73828125, Validation loss 143492.63671875
2021-11-24 15:33:48,184:INFO:Epoch 121, Training loss 143327.591796875, Validation loss 143496.3125
2021-11-24 15:33:51,964:INFO:Epoch 122, Training loss 143332.4765625, Validation loss 143496.9609375
2021-11-24 15:33:55,708:INFO:Epoch 123, Training loss 143335.048828125, Validation loss 143498.43359375
2021-11-24 15:33:59,494:INFO:Epoch 124, Training loss 143334.8984375, Validation loss 143500.876953125
2021-11-24 15:34:03,234:INFO:Epoch 125, Training loss 143325.732421875, Validation loss 143496.732421875
2021-11-24 15:34:07,051:INFO:Epoch 126, Training loss 143321.646484375, Validation loss 143491.556640625
2021-11-24 15:34:10,897:INFO:Epoch 127, Training loss 143328.90234375, Validation loss 143518.51953125
2021-11-24 15:34:14,681:INFO:Epoch 128, Training loss 143345.20703125, Validation loss 143498.271484375
2021-11-24 15:34:18,438:INFO:Epoch 129, Training loss 143335.900390625, Validation loss 143497.47265625
2021-11-24 15:34:22,426:INFO:Epoch 130, Training loss 143329.32421875, Validation loss 143517.55078125
2021-11-24 15:34:26,178:INFO:Epoch 131, Training loss 143330.396484375, Validation loss 143493.97265625
2021-11-24 15:34:29,949:INFO:Epoch 132, Training loss 143321.91015625, Validation loss 143498.01953125
2021-11-24 15:34:33,708:INFO:Epoch 133, Training loss 143332.41796875, Validation loss 143515.0625
2021-11-24 15:34:37,499:INFO:Epoch 134, Training loss 143331.568359375, Validation loss 143491.53125
2021-11-24 15:34:41,256:INFO:Epoch 135, Training loss 143329.701171875, Validation loss 143495.916015625
2021-11-24 15:34:45,012:INFO:Epoch 136, Training loss 143324.822265625, Validation loss 143501.216796875
2021-11-24 15:34:48,801:INFO:Epoch 137, Training loss 143323.490234375, Validation loss 143499.234375
2021-11-24 15:34:52,593:INFO:Epoch 138, Training loss 143321.3046875, Validation loss 143496.224609375
2021-11-24 15:34:56,365:INFO:Epoch 139, Training loss 143322.068359375, Validation loss 143509.19140625
2021-11-24 15:34:56,414:INFO:Finished training, producing training report at /data/theorie/jthoeve/ML4EFT_higgs/models/24_11/model_quad_cHW/mc_run_23/plots/training_report/
2021-11-24 15:34:56,781:WARNING:findfont: Font family ['sans-serif'] not found. Falling back to DejaVu Sans.
