2021-11-24 15:26:08,331:INFO:All directories created, ready to load the data
2021-11-24 15:26:08,361:INFO:Dataset loaded from /data/theorie/jthoeve/event_generation/events_high_stats/quad/cHW/events_14.npy
2021-11-24 15:26:08,364:INFO:Dataset loaded from /data/theorie/jthoeve/event_generation/events_high_stats/sm/events_14.npy
2021-11-24 15:26:12,423:INFO:Epoch 1, Training loss 183813.296875, Validation loss 183911.2890625
2021-11-24 15:26:16,451:INFO:Epoch 2, Training loss 183813.296875, Validation loss 183911.2890625
2021-11-24 15:26:20,425:INFO:Epoch 3, Training loss 183813.29296875, Validation loss 183911.2890625
2021-11-24 15:26:24,472:INFO:Epoch 4, Training loss 183813.29296875, Validation loss 183911.2890625
2021-11-24 15:26:28,445:INFO:Epoch 5, Training loss 183813.29296875, Validation loss 183911.2890625
2021-11-24 15:26:32,490:INFO:Epoch 6, Training loss 183813.29296875, Validation loss 183911.2890625
2021-11-24 15:26:36,366:INFO:Epoch 7, Training loss 183813.296875, Validation loss 183911.2890625
2021-11-24 15:26:40,255:INFO:Epoch 8, Training loss 183813.29296875, Validation loss 183911.2890625
2021-11-24 15:26:44,607:INFO:Epoch 9, Training loss 183813.296875, Validation loss 183911.2890625
2021-11-24 15:26:48,612:INFO:Epoch 10, Training loss 183813.29296875, Validation loss 183911.2890625
2021-11-24 15:26:52,685:INFO:Epoch 11, Training loss 183813.29296875, Validation loss 183911.2890625
2021-11-24 15:26:56,725:INFO:Epoch 12, Training loss 183813.296875, Validation loss 183911.2890625
2021-11-24 15:26:56,729:INFO:Detected stagant training, reset the weights
2021-11-24 15:27:00,742:INFO:Epoch 13, Training loss 183813.296875, Validation loss 183911.2890625
2021-11-24 15:27:00,802:INFO:Detected stagant training, reset the weights
2021-11-24 15:27:04,799:INFO:Epoch 14, Training loss 150473.361328125, Validation loss 149768.6484375
2021-11-24 15:27:08,886:INFO:Epoch 15, Training loss 149387.701171875, Validation loss 148814.966796875
2021-11-24 15:27:12,875:INFO:Epoch 16, Training loss 148172.2578125, Validation loss 147174.365234375
2021-11-24 15:27:16,910:INFO:Epoch 17, Training loss 146400.357421875, Validation loss 145420.392578125
2021-11-24 15:27:20,886:INFO:Epoch 18, Training loss 144773.130859375, Validation loss 144148.4375
2021-11-24 15:27:24,920:INFO:Epoch 19, Training loss 143971.59765625, Validation loss 144049.697265625
2021-11-24 15:27:28,812:INFO:Epoch 20, Training loss 143951.10546875, Validation loss 143998.978515625
2021-11-24 15:27:32,762:INFO:Epoch 21, Training loss 143842.509765625, Validation loss 143760.29296875
2021-11-24 15:27:36,603:INFO:Epoch 22, Training loss 143646.966796875, Validation loss 143718.751953125
2021-11-24 15:27:40,839:INFO:Epoch 23, Training loss 143594.484375, Validation loss 143637.3359375
2021-11-24 15:27:44,837:INFO:Epoch 24, Training loss 143573.52734375, Validation loss 143622.6015625
2021-11-24 15:27:48,913:INFO:Epoch 25, Training loss 143545.71875, Validation loss 143590.98046875
2021-11-24 15:27:52,908:INFO:Epoch 26, Training loss 143536.33203125, Validation loss 143581.8203125
2021-11-24 15:27:56,924:INFO:Epoch 27, Training loss 143501.775390625, Validation loss 143579.0234375
2021-11-24 15:28:00,916:INFO:Epoch 28, Training loss 143494.83203125, Validation loss 143559.34765625
2021-11-24 15:28:04,953:INFO:Epoch 29, Training loss 143501.91796875, Validation loss 143556.658203125
2021-11-24 15:28:09,002:INFO:Epoch 30, Training loss 143492.08984375, Validation loss 143552.533203125
2021-11-24 15:28:13,029:INFO:Epoch 31, Training loss 143483.564453125, Validation loss 143547.736328125
2021-11-24 15:28:17,046:INFO:Epoch 32, Training loss 143480.806640625, Validation loss 143543.078125
2021-11-24 15:28:21,107:INFO:Epoch 33, Training loss 143476.126953125, Validation loss 143566.978515625
2021-11-24 15:28:25,005:INFO:Epoch 34, Training loss 143488.0703125, Validation loss 143572.4765625
2021-11-24 15:28:28,860:INFO:Epoch 35, Training loss 143482.505859375, Validation loss 143532.822265625
2021-11-24 15:28:32,834:INFO:Epoch 36, Training loss 143481.30078125, Validation loss 143553.751953125
2021-11-24 15:28:36,874:INFO:Epoch 37, Training loss 143487.427734375, Validation loss 143532.833984375
2021-11-24 15:28:40,910:INFO:Epoch 38, Training loss 143488.587890625, Validation loss 143551.8125
2021-11-24 15:28:44,863:INFO:Epoch 39, Training loss 143464.09375, Validation loss 143533.240234375
2021-11-24 15:28:48,892:INFO:Epoch 40, Training loss 143467.275390625, Validation loss 143540.974609375
2021-11-24 15:28:52,874:INFO:Epoch 41, Training loss 143465.40234375, Validation loss 143532.341796875
2021-11-24 15:28:56,962:INFO:Epoch 42, Training loss 143460.833984375, Validation loss 143547.087890625
2021-11-24 15:29:00,950:INFO:Epoch 43, Training loss 143462.19921875, Validation loss 143530.759765625
2021-11-24 15:29:04,990:INFO:Epoch 44, Training loss 143462.814453125, Validation loss 143525.466796875
2021-11-24 15:29:09,017:INFO:Epoch 45, Training loss 143459.64453125, Validation loss 143534.744140625
2021-11-24 15:29:13,074:INFO:Epoch 46, Training loss 143459.900390625, Validation loss 143540.1484375
2021-11-24 15:29:16,984:INFO:Epoch 47, Training loss 143456.767578125, Validation loss 143524.662109375
2021-11-24 15:29:20,856:INFO:Epoch 48, Training loss 143457.453125, Validation loss 143530.373046875
2021-11-24 15:29:24,794:INFO:Epoch 49, Training loss 143467.791015625, Validation loss 143546.96484375
2021-11-24 15:29:28,844:INFO:Epoch 50, Training loss 143463.271484375, Validation loss 143540.45703125
2021-11-24 15:29:32,823:INFO:Epoch 51, Training loss 143465.888671875, Validation loss 143540.30078125
2021-11-24 15:29:36,853:INFO:Epoch 52, Training loss 143454.8125, Validation loss 143555.17578125
2021-11-24 15:29:40,890:INFO:Epoch 53, Training loss 143485.080078125, Validation loss 143547.43359375
2021-11-24 15:29:44,931:INFO:Epoch 54, Training loss 143489.3671875, Validation loss 143535.271484375
2021-11-24 15:29:48,943:INFO:Epoch 55, Training loss 143462.873046875, Validation loss 143521.3046875
2021-11-24 15:29:52,947:INFO:Epoch 56, Training loss 143458.095703125, Validation loss 143533.853515625
2021-11-24 15:29:57,000:INFO:Epoch 57, Training loss 143452.677734375, Validation loss 143523.296875
2021-11-24 15:30:01,038:INFO:Epoch 58, Training loss 143455.875, Validation loss 143528.470703125
2021-11-24 15:30:05,055:INFO:Epoch 59, Training loss 143452.64453125, Validation loss 143551.65234375
2021-11-24 15:30:08,982:INFO:Epoch 60, Training loss 143456.119140625, Validation loss 143530.794921875
2021-11-24 15:30:12,980:INFO:Epoch 61, Training loss 143454.828125, Validation loss 143530.951171875
2021-11-24 15:30:16,825:INFO:Epoch 62, Training loss 143452.724609375, Validation loss 143527.181640625
2021-11-24 15:30:20,869:INFO:Epoch 63, Training loss 143449.607421875, Validation loss 143526.142578125
2021-11-24 15:30:24,920:INFO:Epoch 64, Training loss 143450.05078125, Validation loss 143549.361328125
2021-11-24 15:30:29,007:INFO:Epoch 65, Training loss 143453.849609375, Validation loss 143534.458984375
2021-11-24 15:30:33,025:INFO:Epoch 66, Training loss 143453.07421875, Validation loss 143534.201171875
2021-11-24 15:30:37,100:INFO:Epoch 67, Training loss 143452.720703125, Validation loss 143525.392578125
2021-11-24 15:30:41,166:INFO:Epoch 68, Training loss 143453.083984375, Validation loss 143533.552734375
2021-11-24 15:30:45,229:INFO:Epoch 69, Training loss 143452.431640625, Validation loss 143529.703125
2021-11-24 15:30:49,261:INFO:Epoch 70, Training loss 143456.763671875, Validation loss 143536.09765625
2021-11-24 15:30:53,319:INFO:Epoch 71, Training loss 143456.37890625, Validation loss 143557.919921875
2021-11-24 15:30:57,379:INFO:Epoch 72, Training loss 143455.06640625, Validation loss 143534.169921875
2021-11-24 15:31:01,420:INFO:Epoch 73, Training loss 143449.470703125, Validation loss 143525.736328125
2021-11-24 15:31:05,363:INFO:Epoch 74, Training loss 143448.82421875, Validation loss 143526.845703125
2021-11-24 15:31:09,261:INFO:Epoch 75, Training loss 143446.2734375, Validation loss 143548.109375
2021-11-24 15:31:13,192:INFO:Epoch 76, Training loss 143452.498046875, Validation loss 143526.35546875
2021-11-24 15:31:17,557:INFO:Epoch 77, Training loss 143450.54296875, Validation loss 143547.203125
2021-11-24 15:31:21,594:INFO:Epoch 78, Training loss 143452.1953125, Validation loss 143532.271484375
2021-11-24 15:31:25,632:INFO:Epoch 79, Training loss 143453.677734375, Validation loss 143536.15625
2021-11-24 15:31:29,709:INFO:Epoch 80, Training loss 143452.939453125, Validation loss 143524.78515625
2021-11-24 15:31:33,733:INFO:Epoch 81, Training loss 143458.533203125, Validation loss 143532.974609375
2021-11-24 15:31:37,776:INFO:Epoch 82, Training loss 143454.693359375, Validation loss 143541.619140625
2021-11-24 15:31:41,771:INFO:Epoch 83, Training loss 143473.515625, Validation loss 143543.8984375
2021-11-24 15:31:45,846:INFO:Epoch 84, Training loss 143483.494140625, Validation loss 143569.06640625
2021-11-24 15:31:49,853:INFO:Epoch 85, Training loss 143470.140625, Validation loss 143545.35546875
2021-11-24 15:31:54,236:INFO:Epoch 86, Training loss 143447.189453125, Validation loss 143523.806640625
2021-11-24 15:31:58,176:INFO:Epoch 87, Training loss 143445.005859375, Validation loss 143527.349609375
2021-11-24 15:32:02,118:INFO:Epoch 88, Training loss 143445.51953125, Validation loss 143531.052734375
2021-11-24 15:32:05,979:INFO:Epoch 89, Training loss 143451.775390625, Validation loss 143524.521484375
2021-11-24 15:32:10,040:INFO:Epoch 90, Training loss 143451.78515625, Validation loss 143555.333984375
2021-11-24 15:32:14,066:INFO:Epoch 91, Training loss 143455.833984375, Validation loss 143528.6171875
2021-11-24 15:32:18,127:INFO:Epoch 92, Training loss 143447.591796875, Validation loss 143543.25
2021-11-24 15:32:22,146:INFO:Epoch 93, Training loss 143448.51953125, Validation loss 143529.462890625
2021-11-24 15:32:26,126:INFO:Epoch 94, Training loss 143445.908203125, Validation loss 143524.5
2021-11-24 15:32:30,493:INFO:Epoch 95, Training loss 143446.84765625, Validation loss 143532.583984375
2021-11-24 15:32:34,528:INFO:Epoch 96, Training loss 143447.140625, Validation loss 143544.203125
2021-11-24 15:32:38,564:INFO:Epoch 97, Training loss 143454.33984375, Validation loss 143536.62109375
2021-11-24 15:32:42,564:INFO:Epoch 98, Training loss 143459.6015625, Validation loss 143553.619140625
2021-11-24 15:32:46,605:INFO:Epoch 99, Training loss 143465.59375, Validation loss 143528.068359375
2021-11-24 15:32:50,561:INFO:Epoch 100, Training loss 143447.248046875, Validation loss 143532.240234375
2021-11-24 15:32:54,471:INFO:Epoch 101, Training loss 143448.109375, Validation loss 143546.15625
2021-11-24 15:32:58,326:INFO:Epoch 102, Training loss 143453.216796875, Validation loss 143532.56640625
2021-11-24 15:33:02,356:INFO:Epoch 103, Training loss 143452.578125, Validation loss 143533.279296875
2021-11-24 15:33:06,364:INFO:Epoch 104, Training loss 143451.927734375, Validation loss 143547.962890625
2021-11-24 15:33:10,454:INFO:Epoch 105, Training loss 143450.140625, Validation loss 143541.595703125
2021-11-24 15:33:10,460:INFO:Finished training, producing training report at /data/theorie/jthoeve/ML4EFT_higgs/models/24_11/model_quad_cHW/mc_run_14/plots/training_report/
2021-11-24 15:33:14,485:WARNING:findfont: Font family ['sans-serif'] not found. Falling back to DejaVu Sans.
