8.463191406250000000e+04
8.463191406250000000e+04
8.463191406250000000e+04
8.463191406250000000e+04
8.463191406250000000e+04
8.463191406250000000e+04
8.463191406250000000e+04
8.463191406250000000e+04
8.463191406250000000e+04
8.463191406250000000e+04
8.463191406250000000e+04
7.652686132812500000e+04
7.416923144531250000e+04
7.391469628906250000e+04
7.393760742187500000e+04
7.376705664062500000e+04
7.375137109375000000e+04
7.375293066406250000e+04
7.373481542968750000e+04
7.373216210937500000e+04
7.373390136718750000e+04
7.373179199218750000e+04
7.372995312500000000e+04
7.373008105468750000e+04
7.372924121093750000e+04
7.372867089843750000e+04
7.372846972656250000e+04
7.372812500000000000e+04
7.372796875000000000e+04
7.372777832031250000e+04
7.372756250000000000e+04
7.372739453125000000e+04
7.372724121093750000e+04
7.372708886718750000e+04
7.372724023437500000e+04
7.372675878906250000e+04
7.372657812500000000e+04
7.372647656250000000e+04
7.372621972656250000e+04
7.372606738281250000e+04
7.372583300781250000e+04
7.372566601562500000e+04
7.372539746093750000e+04
7.372514453125000000e+04
7.372499414062500000e+04
7.372471972656250000e+04
7.372443750000000000e+04
7.372427734375000000e+04
7.372413476562500000e+04
7.372381054687500000e+04
7.372361523437500000e+04
7.372339453125000000e+04
7.372317285156250000e+04
7.372306835937500000e+04
7.372272070312500000e+04
7.372282226562500000e+04
7.372287500000000000e+04
7.372220410156250000e+04
7.372195996093750000e+04
7.372178808593750000e+04
7.372156054687500000e+04
7.372139355468750000e+04
7.372116503906250000e+04
7.372105957031250000e+04
7.372082714843750000e+04
7.372058593750000000e+04
7.372053808593750000e+04
7.372028222656250000e+04
7.371996777343750000e+04
7.371972949218750000e+04
7.371957421875000000e+04
7.371933789062500000e+04
7.371914160156250000e+04
7.371897460937500000e+04
7.371878515625000000e+04
7.371854589843750000e+04
7.371846484375000000e+04
7.371810839843750000e+04
7.371818750000000000e+04
7.371799609375000000e+04
7.371767773437500000e+04
7.371735351562500000e+04
7.371732226562500000e+04
7.371693164062500000e+04
7.371687890625000000e+04
7.371679687500000000e+04
