2.080032031250000000e+05
2.080032031250000000e+05
2.080032031250000000e+05
2.080032031250000000e+05
2.080032031250000000e+05
2.080032031250000000e+05
2.080032031250000000e+05
2.080032031250000000e+05
2.080032031250000000e+05
2.080032031250000000e+05
2.080032031250000000e+05
1.465529648437500000e+05
1.305647246093750000e+05
1.197461269531250000e+05
1.136244160156250000e+05
1.106256308593750000e+05
1.096889492187500000e+05
1.097196660156250000e+05
1.096878769531250000e+05
1.094609277343750000e+05
1.092907070312500000e+05
1.092276835937500000e+05
1.091822382812500000e+05
1.091172265625000000e+05
1.090701835937500000e+05
1.090290859375000000e+05
1.089789785156250000e+05
1.089317050781250000e+05
1.088814921875000000e+05
1.088294765625000000e+05
1.087754746093750000e+05
1.087207949218750000e+05
1.086660117187500000e+05
1.086145214843750000e+05
1.085667324218750000e+05
1.085308320312500000e+05
1.085068925781250000e+05
1.084955937500000000e+05
1.084851523437500000e+05
1.084773164062500000e+05
1.084724218750000000e+05
1.084694218750000000e+05
1.084660917968750000e+05
1.084627246093750000e+05
1.084610058593750000e+05
1.084570175781250000e+05
1.084549375000000000e+05
1.084542011718750000e+05
1.084511679687500000e+05
1.084484765625000000e+05
1.084468300781250000e+05
1.084465898437500000e+05
1.084438417968750000e+05
1.084430976562500000e+05
1.084414589843750000e+05
1.084410898437500000e+05
1.084406601562500000e+05
1.084376933593750000e+05
1.084378007812500000e+05
1.084380800781250000e+05
1.084400449218750000e+05
1.084380742187500000e+05
1.084388691406250000e+05
1.084390878906250000e+05
1.084338671875000000e+05
1.084336386718750000e+05
1.084324296875000000e+05
1.084321230468750000e+05
1.084304453125000000e+05
1.084324902343750000e+05
1.084302265625000000e+05
1.084316835937500000e+05
1.084282988281250000e+05
1.084288125000000000e+05
1.084286152343750000e+05
1.084274003906250000e+05
1.084261679687500000e+05
1.084257343750000000e+05
1.084253750000000000e+05
1.084253593750000000e+05
1.084247910156250000e+05
1.084246035156250000e+05
1.084262519531250000e+05
1.084246894531250000e+05
1.084236640625000000e+05
1.084277968750000000e+05
1.084225664062500000e+05
1.084224414062500000e+05
1.084215136718750000e+05
1.084215195312500000e+05
1.084218808593750000e+05
1.084212910156250000e+05
1.084230703125000000e+05
1.084208476562500000e+05
1.084204726562500000e+05
1.084206855468750000e+05
1.084189980468750000e+05
1.084198671875000000e+05
1.084190605468750000e+05
1.084189687500000000e+05
1.084173574218750000e+05
1.084181113281250000e+05
1.084167519531250000e+05
1.084190703125000000e+05
1.084160507812500000e+05
1.084175253906250000e+05
1.084147636718750000e+05
1.084167343750000000e+05
1.084170390625000000e+05
1.084156718750000000e+05
1.084144238281250000e+05
1.084136054687500000e+05
1.084147851562500000e+05
1.084130585937500000e+05
1.084170097656250000e+05
1.084117792968750000e+05
1.084125917968750000e+05
1.084114609375000000e+05
1.084115253906250000e+05
