1.298438750000000000e+05
1.228841816406250000e+05
1.180083105468750000e+05
1.143425585937500000e+05
1.117779218750000000e+05
1.102726250000000000e+05
1.096266152343750000e+05
1.095408984375000000e+05
1.095471347656250000e+05
1.094584140625000000e+05
1.093531054687500000e+05
1.093210527343750000e+05
1.092977011718750000e+05
1.092573183593750000e+05
1.092290742187500000e+05
1.092039648437500000e+05
1.091716250000000000e+05
1.091410429687500000e+05
1.091070351562500000e+05
1.090742773437500000e+05
1.090370605468750000e+05
1.089976171875000000e+05
1.089553496093750000e+05
1.089115703125000000e+05
1.088646679687500000e+05
1.088195625000000000e+05
1.087737871093750000e+05
1.087299492187500000e+05
1.086958378906250000e+05
1.086643476562500000e+05
1.086445039062500000e+05
1.086267343750000000e+05
1.086167988281250000e+05
1.086077304687500000e+05
1.086048808593750000e+05
1.085983906250000000e+05
1.085923398437500000e+05
1.085869101562500000e+05
1.085820996093750000e+05
1.085810332031250000e+05
1.085781933593750000e+05
1.085747480468750000e+05
1.085724355468750000e+05
1.085701074218750000e+05
1.085693476562500000e+05
1.085653906250000000e+05
1.085643164062500000e+05
1.085625507812500000e+05
1.085628710937500000e+05
1.085611367187500000e+05
1.085639648437500000e+05
1.085614082031250000e+05
1.085568593750000000e+05
1.085585878906250000e+05
1.085598867187500000e+05
1.085555058593750000e+05
1.085560488281250000e+05
1.085528183593750000e+05
1.085521269531250000e+05
1.085525625000000000e+05
1.085515527343750000e+05
1.085560039062500000e+05
1.085505820312500000e+05
1.085502480468750000e+05
1.085521718750000000e+05
1.085500722656250000e+05
1.085493242187500000e+05
1.085480371093750000e+05
1.085498867187500000e+05
1.085531132812500000e+05
1.085523261718750000e+05
1.085488339843750000e+05
1.085472285156250000e+05
1.085489277343750000e+05
1.085483652343750000e+05
1.085464140625000000e+05
1.085474160156250000e+05
1.085486562500000000e+05
1.085467246093750000e+05
1.085479589843750000e+05
1.085518964843750000e+05
1.085492402343750000e+05
1.085483027343750000e+05
1.085443906250000000e+05
1.085449628906250000e+05
1.085438417968750000e+05
1.085440664062500000e+05
1.085437226562500000e+05
1.085418027343750000e+05
1.085425214843750000e+05
1.085419511718750000e+05
