8.464665039062500000e+04
8.464665039062500000e+04
8.464665039062500000e+04
8.464665039062500000e+04
8.464665039062500000e+04
8.464665039062500000e+04
8.464665039062500000e+04
8.464665039062500000e+04
8.464665039062500000e+04
8.464665039062500000e+04
8.464665039062500000e+04
8.464232031250000000e+04
8.422984765625000000e+04
7.863653417968750000e+04
7.449887304687500000e+04
7.408242675781250000e+04
7.416295703125000000e+04
7.393298632812500000e+04
7.379599609375000000e+04
7.378481250000000000e+04
7.375599414062500000e+04
7.374975683593750000e+04
7.375157910156250000e+04
7.374901074218750000e+04
7.374788964843750000e+04
7.374708398437500000e+04
7.374529785156250000e+04
7.374531542968750000e+04
7.374482714843750000e+04
7.374432519531250000e+04
7.374380175781250000e+04
7.374370507812500000e+04
7.374338476562500000e+04
7.374298730468750000e+04
7.374268554687500000e+04
7.374252832031250000e+04
7.374229980468750000e+04
7.374204296875000000e+04
7.374183105468750000e+04
7.374148730468750000e+04
7.374123535156250000e+04
7.374108984375000000e+04
7.374086230468750000e+04
7.374066015625000000e+04
7.374043554687500000e+04
7.374025195312500000e+04
7.374006640625000000e+04
7.373978515625000000e+04
7.373978515625000000e+04
7.373947753906250000e+04
7.373946191406250000e+04
7.373900195312500000e+04
7.373881347656250000e+04
7.373866601562500000e+04
7.373852441406250000e+04
7.373807714843750000e+04
7.373816699218750000e+04
7.373774218750000000e+04
7.373747070312500000e+04
7.373741796875000000e+04
7.373686621093750000e+04
7.373669140625000000e+04
7.373623828125000000e+04
7.373597265625000000e+04
7.373551074218750000e+04
7.373517285156250000e+04
7.373466992187500000e+04
7.373449902343750000e+04
7.373380078125000000e+04
7.373366992187500000e+04
7.373315917968750000e+04
7.373254492187500000e+04
7.373216992187500000e+04
7.373172753906250000e+04
7.373132519531250000e+04
7.373054882812500000e+04
7.373006445312500000e+04
7.372981640625000000e+04
7.372895019531250000e+04
7.372829199218750000e+04
7.372800781250000000e+04
7.372739843750000000e+04
7.372672363281250000e+04
