2.079750000000000000e+05
2.079750000000000000e+05
2.079750000000000000e+05
2.079750000000000000e+05
2.079750000000000000e+05
2.079750000000000000e+05
2.079750000000000000e+05
2.079750000000000000e+05
2.079750000000000000e+05
2.079750000000000000e+05
2.079750000000000000e+05
1.381115683593750000e+05
1.266804980468750000e+05
1.177049492187500000e+05
1.119663164062500000e+05
1.095729082031250000e+05
1.096035156250000000e+05
1.098159785156250000e+05
1.095305253906250000e+05
1.092366132812500000e+05
1.091322929687500000e+05
1.091265136718750000e+05
1.091104296875000000e+05
1.090696738281250000e+05
1.090287617187500000e+05
1.090008496093750000e+05
1.089780058593750000e+05
1.089527089843750000e+05
1.089251542968750000e+05
1.088983574218750000e+05
1.088721464843750000e+05
1.088460351562500000e+05
1.088180468750000000e+05
1.087893085937500000e+05
1.087590585937500000e+05
1.087257988281250000e+05
1.086934882812500000e+05
1.086612949218750000e+05
1.086291914062500000e+05
1.085988847656250000e+05
1.085734296875000000e+05
1.085519394531250000e+05
1.085354960937500000e+05
1.085245957031250000e+05
1.085147773437500000e+05
1.085101035156250000e+05
1.085054003906250000e+05
1.085014687500000000e+05
1.084999765625000000e+05
1.084968339843750000e+05
1.084934433593750000e+05
1.084922539062500000e+05
1.084908906250000000e+05
1.084889882812500000e+05
1.084868632812500000e+05
1.084843808593750000e+05
1.084833398437500000e+05
1.084822050781250000e+05
1.084808535156250000e+05
1.084806445312500000e+05
1.084792363281250000e+05
1.084789492187500000e+05
1.084771855468750000e+05
1.084764511718750000e+05
1.084766777343750000e+05
1.084751289062500000e+05
1.084756035156250000e+05
1.084738847656250000e+05
1.084735175781250000e+05
1.084730175781250000e+05
1.084724023437500000e+05
1.084712773437500000e+05
1.084710898437500000e+05
1.084715546875000000e+05
1.084707089843750000e+05
1.084703476562500000e+05
1.084693417968750000e+05
1.084691835937500000e+05
1.084686875000000000e+05
1.084681015625000000e+05
1.084680117187500000e+05
1.084689101562500000e+05
1.084677695312500000e+05
1.084665722656250000e+05
1.084669414062500000e+05
1.084660898437500000e+05
1.084662070312500000e+05
1.084657363281250000e+05
1.084660136718750000e+05
1.084642441406250000e+05
1.084642792968750000e+05
1.084643125000000000e+05
1.084637109375000000e+05
1.084641542968750000e+05
1.084631953125000000e+05
1.084630058593750000e+05
1.084634980468750000e+05
1.084628144531250000e+05
1.084617050781250000e+05
1.084628945312500000e+05
1.084619687500000000e+05
1.084611347656250000e+05
1.084609414062500000e+05
1.084611191406250000e+05
1.084612519531250000e+05
1.084605781250000000e+05
1.084597285156250000e+05
1.084600585937500000e+05
