2021-11-24 15:26:09,592:INFO:All directories created, ready to load the data
2021-11-24 15:26:09,636:INFO:Dataset loaded from /data/theorie/jthoeve/event_generation/events_high_stats/quad/cHW/events_20.npy
2021-11-24 15:26:09,639:INFO:Dataset loaded from /data/theorie/jthoeve/event_generation/events_high_stats/sm/events_20.npy
2021-11-24 15:26:13,528:INFO:Epoch 1, Training loss 153481.205078125, Validation loss 151182.34375
2021-11-24 15:26:17,402:INFO:Epoch 2, Training loss 150491.685546875, Validation loss 149816.7109375
2021-11-24 15:26:21,279:INFO:Epoch 3, Training loss 149607.625, Validation loss 149332.57421875
2021-11-24 15:26:25,260:INFO:Epoch 4, Training loss 149130.765625, Validation loss 148778.32421875
2021-11-24 15:26:29,128:INFO:Epoch 5, Training loss 148480.068359375, Validation loss 147999.669921875
2021-11-24 15:26:32,999:INFO:Epoch 6, Training loss 147635.740234375, Validation loss 147102.751953125
2021-11-24 15:26:37,170:INFO:Epoch 7, Training loss 146703.388671875, Validation loss 146121.9296875
2021-11-24 15:26:41,046:INFO:Epoch 8, Training loss 145684.423828125, Validation loss 145107.400390625
2021-11-24 15:26:44,932:INFO:Epoch 9, Training loss 144708.1484375, Validation loss 144230.990234375
2021-11-24 15:26:48,780:INFO:Epoch 10, Training loss 143962.37890625, Validation loss 143736.703125
2021-11-24 15:26:52,636:INFO:Epoch 11, Training loss 143619.654296875, Validation loss 143608.26171875
2021-11-24 15:26:56,514:INFO:Epoch 12, Training loss 143578.79296875, Validation loss 143621.39453125
2021-11-24 15:27:00,372:INFO:Epoch 13, Training loss 143569.685546875, Validation loss 143581.49609375
2021-11-24 15:27:04,667:INFO:Epoch 14, Training loss 143513.765625, Validation loss 143539.193359375
2021-11-24 15:27:08,549:INFO:Epoch 15, Training loss 143480.25390625, Validation loss 143529.0859375
2021-11-24 15:27:12,417:INFO:Epoch 16, Training loss 143474.986328125, Validation loss 143519.04296875
2021-11-24 15:27:16,290:INFO:Epoch 17, Training loss 143455.478515625, Validation loss 143504.490234375
2021-11-24 15:27:20,162:INFO:Epoch 18, Training loss 143444.849609375, Validation loss 143499.443359375
2021-11-24 15:27:24,041:INFO:Epoch 19, Training loss 143434.076171875, Validation loss 143487.771484375
2021-11-24 15:27:27,875:INFO:Epoch 20, Training loss 143422.55078125, Validation loss 143491.734375
2021-11-24 15:27:31,786:INFO:Epoch 21, Training loss 143420.783203125, Validation loss 143478.212890625
2021-11-24 15:27:35,644:INFO:Epoch 22, Training loss 143409.287109375, Validation loss 143475.51953125
2021-11-24 15:27:39,533:INFO:Epoch 23, Training loss 143406.970703125, Validation loss 143468.431640625
2021-11-24 15:27:43,389:INFO:Epoch 24, Training loss 143403.05859375, Validation loss 143482.99609375
2021-11-24 15:27:47,281:INFO:Epoch 25, Training loss 143402.94921875, Validation loss 143474.8203125
2021-11-24 15:27:51,130:INFO:Epoch 26, Training loss 143404.61328125, Validation loss 143464.53515625
2021-11-24 15:27:55,001:INFO:Epoch 27, Training loss 143391.271484375, Validation loss 143461.583984375
2021-11-24 15:27:58,854:INFO:Epoch 28, Training loss 143397.462890625, Validation loss 143458.580078125
2021-11-24 15:28:02,745:INFO:Epoch 29, Training loss 143392.59375, Validation loss 143462.826171875
2021-11-24 15:28:06,635:INFO:Epoch 30, Training loss 143386.671875, Validation loss 143465.208984375
2021-11-24 15:28:10,493:INFO:Epoch 31, Training loss 143388.68359375, Validation loss 143455.041015625
2021-11-24 15:28:14,355:INFO:Epoch 32, Training loss 143380.130859375, Validation loss 143453.787109375
2021-11-24 15:28:18,308:INFO:Epoch 33, Training loss 143381.0, Validation loss 143456.1328125
2021-11-24 15:28:22,187:INFO:Epoch 34, Training loss 143378.2109375, Validation loss 143457.8125
2021-11-24 15:28:26,053:INFO:Epoch 35, Training loss 143378.80078125, Validation loss 143459.236328125
2021-11-24 15:28:29,933:INFO:Epoch 36, Training loss 143382.962890625, Validation loss 143458.681640625
2021-11-24 15:28:33,810:INFO:Epoch 37, Training loss 143375.248046875, Validation loss 143456.716796875
2021-11-24 15:28:37,725:INFO:Epoch 38, Training loss 143390.400390625, Validation loss 143453.9375
2021-11-24 15:28:41,578:INFO:Epoch 39, Training loss 143386.72265625, Validation loss 143473.2109375
2021-11-24 15:28:45,472:INFO:Epoch 40, Training loss 143381.283203125, Validation loss 143459.5703125
2021-11-24 15:28:49,320:INFO:Epoch 41, Training loss 143377.0234375, Validation loss 143456.23828125
2021-11-24 15:28:53,225:INFO:Epoch 42, Training loss 143375.904296875, Validation loss 143459.939453125
2021-11-24 15:28:57,063:INFO:Epoch 43, Training loss 143367.947265625, Validation loss 143448.484375
2021-11-24 15:29:00,938:INFO:Epoch 44, Training loss 143365.080078125, Validation loss 143449.90625
2021-11-24 15:29:04,791:INFO:Epoch 45, Training loss 143365.427734375, Validation loss 143447.150390625
2021-11-24 15:29:08,763:INFO:Epoch 46, Training loss 143366.837890625, Validation loss 143446.64453125
2021-11-24 15:29:12,623:INFO:Epoch 47, Training loss 143363.814453125, Validation loss 143449.640625
2021-11-24 15:29:16,513:INFO:Epoch 48, Training loss 143367.470703125, Validation loss 143444.310546875
2021-11-24 15:29:20,377:INFO:Epoch 49, Training loss 143365.525390625, Validation loss 143446.166015625
2021-11-24 15:29:24,261:INFO:Epoch 50, Training loss 143366.810546875, Validation loss 143473.447265625
2021-11-24 15:29:28,122:INFO:Epoch 51, Training loss 143364.142578125, Validation loss 143444.142578125
2021-11-24 15:29:31,978:INFO:Epoch 52, Training loss 143362.318359375, Validation loss 143446.349609375
2021-11-24 15:29:35,894:INFO:Epoch 53, Training loss 143365.12109375, Validation loss 143463.98046875
2021-11-24 15:29:39,780:INFO:Epoch 54, Training loss 143363.490234375, Validation loss 143449.548828125
2021-11-24 15:29:43,646:INFO:Epoch 55, Training loss 143362.345703125, Validation loss 143466.048828125
2021-11-24 15:29:47,494:INFO:Epoch 56, Training loss 143368.150390625, Validation loss 143448.546875
2021-11-24 15:29:51,706:INFO:Epoch 57, Training loss 143365.978515625, Validation loss 143445.21875
2021-11-24 15:29:55,580:INFO:Epoch 58, Training loss 143365.96875, Validation loss 143443.75390625
2021-11-24 15:29:59,925:INFO:Epoch 59, Training loss 143364.330078125, Validation loss 143468.607421875
2021-11-24 15:30:03,763:INFO:Epoch 60, Training loss 143365.27734375, Validation loss 143451.341796875
2021-11-24 15:30:07,919:INFO:Epoch 61, Training loss 143360.708984375, Validation loss 143444.79296875
2021-11-24 15:30:11,776:INFO:Epoch 62, Training loss 143360.04296875, Validation loss 143444.671875
2021-11-24 15:30:15,763:INFO:Epoch 63, Training loss 143360.099609375, Validation loss 143456.298828125
2021-11-24 15:30:19,676:INFO:Epoch 64, Training loss 143360.4375, Validation loss 143446.8125
2021-11-24 15:30:23,609:INFO:Epoch 65, Training loss 143362.615234375, Validation loss 143448.923828125
2021-11-24 15:30:27,505:INFO:Epoch 66, Training loss 143362.71484375, Validation loss 143452.216796875
2021-11-24 15:30:31,486:INFO:Epoch 67, Training loss 143359.02734375, Validation loss 143444.845703125
2021-11-24 15:30:35,419:INFO:Epoch 68, Training loss 143359.89453125, Validation loss 143444.72265625
2021-11-24 15:30:39,371:INFO:Epoch 69, Training loss 143356.87109375, Validation loss 143448.486328125
2021-11-24 15:30:43,301:INFO:Epoch 70, Training loss 143361.46484375, Validation loss 143490.333984375
2021-11-24 15:30:47,268:INFO:Epoch 71, Training loss 143372.7578125, Validation loss 143447.48046875
2021-11-24 15:30:51,157:INFO:Epoch 72, Training loss 143372.302734375, Validation loss 143453.18359375
2021-11-24 15:30:55,027:INFO:Epoch 73, Training loss 143376.919921875, Validation loss 143452.212890625
2021-11-24 15:30:58,908:INFO:Epoch 74, Training loss 143358.955078125, Validation loss 143445.501953125
2021-11-24 15:31:02,784:INFO:Epoch 75, Training loss 143356.66015625, Validation loss 143448.703125
2021-11-24 15:31:06,657:INFO:Epoch 76, Training loss 143354.248046875, Validation loss 143446.724609375
2021-11-24 15:31:10,538:INFO:Epoch 77, Training loss 143353.904296875, Validation loss 143445.685546875
2021-11-24 15:31:14,420:INFO:Epoch 78, Training loss 143355.009765625, Validation loss 143447.140625
2021-11-24 15:31:18,317:INFO:Epoch 79, Training loss 143356.455078125, Validation loss 143462.826171875
2021-11-24 15:31:22,226:INFO:Epoch 80, Training loss 143358.73046875, Validation loss 143452.69921875
2021-11-24 15:31:26,086:INFO:Epoch 81, Training loss 143355.091796875, Validation loss 143444.763671875
2021-11-24 15:31:29,981:INFO:Epoch 82, Training loss 143354.4921875, Validation loss 143452.91015625
2021-11-24 15:31:33,835:INFO:Epoch 83, Training loss 143352.267578125, Validation loss 143452.646484375
2021-11-24 15:31:38,163:INFO:Epoch 84, Training loss 143360.275390625, Validation loss 143446.4765625
2021-11-24 15:31:42,022:INFO:Epoch 85, Training loss 143351.375, Validation loss 143482.958984375
2021-11-24 15:31:45,926:INFO:Epoch 86, Training loss 143368.853515625, Validation loss 143450.181640625
2021-11-24 15:31:49,790:INFO:Epoch 87, Training loss 143367.02734375, Validation loss 143454.931640625
2021-11-24 15:31:54,095:INFO:Epoch 88, Training loss 143364.89453125, Validation loss 143457.501953125
2021-11-24 15:31:57,999:INFO:Epoch 89, Training loss 143366.927734375, Validation loss 143484.5234375
2021-11-24 15:32:01,885:INFO:Epoch 90, Training loss 143378.3203125, Validation loss 143461.529296875
2021-11-24 15:32:05,754:INFO:Epoch 91, Training loss 143359.419921875, Validation loss 143457.80078125
2021-11-24 15:32:09,694:INFO:Epoch 92, Training loss 143355.736328125, Validation loss 143448.38671875
2021-11-24 15:32:13,569:INFO:Epoch 93, Training loss 143352.830078125, Validation loss 143456.46875
2021-11-24 15:32:17,446:INFO:Epoch 94, Training loss 143354.98828125, Validation loss 143444.650390625
2021-11-24 15:32:21,336:INFO:Epoch 95, Training loss 143364.830078125, Validation loss 143456.896484375
2021-11-24 15:32:25,235:INFO:Epoch 96, Training loss 143364.951171875, Validation loss 143469.5625
2021-11-24 15:32:29,103:INFO:Epoch 97, Training loss 143358.4921875, Validation loss 143448.775390625
2021-11-24 15:32:32,955:INFO:Epoch 98, Training loss 143358.65234375, Validation loss 143447.908203125
2021-11-24 15:32:36,832:INFO:Epoch 99, Training loss 143361.224609375, Validation loss 143465.470703125
2021-11-24 15:32:40,721:INFO:Epoch 100, Training loss 143364.708984375, Validation loss 143460.525390625
2021-11-24 15:32:44,605:INFO:Epoch 101, Training loss 143360.591796875, Validation loss 143453.103515625
2021-11-24 15:32:48,440:INFO:Epoch 102, Training loss 143358.82421875, Validation loss 143462.791015625
2021-11-24 15:32:52,327:INFO:Epoch 103, Training loss 143354.7890625, Validation loss 143448.658203125
2021-11-24 15:32:56,165:INFO:Epoch 104, Training loss 143349.197265625, Validation loss 143444.396484375
2021-11-24 15:33:00,463:INFO:Epoch 105, Training loss 143350.74609375, Validation loss 143456.3671875
2021-11-24 15:33:04,314:INFO:Epoch 106, Training loss 143358.576171875, Validation loss 143445.560546875
2021-11-24 15:33:08,219:INFO:Epoch 107, Training loss 143355.873046875, Validation loss 143464.3046875
2021-11-24 15:33:12,100:INFO:Epoch 108, Training loss 143362.359375, Validation loss 143462.8203125
2021-11-24 15:33:12,107:INFO:Finished training, producing training report at /data/theorie/jthoeve/ML4EFT_higgs/models/24_11/model_quad_cHW/mc_run_20/plots/training_report/
2021-11-24 15:33:15,029:WARNING:findfont: Font family ['sans-serif'] not found. Falling back to DejaVu Sans.
