2022-03-03 12:55:58,634:INFO:All directories created, ready to load the data
2022-03-03 12:55:58,717:INFO:Dataset loaded from /data/theorie/jthoeve/training_data/zh/features_mzh_y_ptz_v2/lin/cHW/events_7.pkl.gz
2022-03-03 12:55:58,799:INFO:Dataset loaded from /data/theorie/jthoeve/training_data/zh/features_mzh_y_ptz_v2/sm/events_7.pkl.gz
2022-03-03 12:56:01,156:INFO:Epoch 1, Training loss 208139.31640625, Validation loss 208139.31640625
2022-03-03 12:56:03,546:INFO:Epoch 2, Training loss 208139.31640625, Validation loss 208139.31640625
2022-03-03 12:56:05,868:INFO:Epoch 3, Training loss 208139.31640625, Validation loss 208139.31640625
2022-03-03 12:56:08,239:INFO:Epoch 4, Training loss 208139.31640625, Validation loss 208139.31640625
2022-03-03 12:56:10,629:INFO:Epoch 5, Training loss 208139.31640625, Validation loss 208139.31640625
2022-03-03 12:56:13,084:INFO:Epoch 6, Training loss 208139.31640625, Validation loss 208139.31640625
2022-03-03 12:56:15,487:INFO:Epoch 7, Training loss 208139.31640625, Validation loss 208139.31640625
2022-03-03 12:56:17,876:INFO:Epoch 8, Training loss 208139.31640625, Validation loss 208139.31640625
2022-03-03 12:56:20,284:INFO:Epoch 9, Training loss 208139.31640625, Validation loss 208139.31640625
2022-03-03 12:56:22,728:INFO:Epoch 10, Training loss 208139.31640625, Validation loss 208139.31640625
2022-03-03 12:56:25,138:INFO:Epoch 11, Training loss 208139.31640625, Validation loss 208139.31640625
2022-03-03 12:56:25,142:INFO:Detected stagant training, reset the weights
2022-03-03 12:56:27,523:INFO:Epoch 12, Training loss 130401.810546875, Validation loss 124221.4453125
2022-03-03 12:56:29,959:INFO:Epoch 13, Training loss 120859.9453125, Validation loss 116577.806640625
2022-03-03 12:56:32,389:INFO:Epoch 14, Training loss 114549.783203125, Validation loss 112038.73828125
2022-03-03 12:56:34,818:INFO:Epoch 15, Training loss 110959.04296875, Validation loss 109819.646484375
2022-03-03 12:56:37,192:INFO:Epoch 16, Training loss 109543.28515625, Validation loss 109477.380859375
2022-03-03 12:56:39,621:INFO:Epoch 17, Training loss 109562.052734375, Validation loss 109685.427734375
2022-03-03 12:56:41,995:INFO:Epoch 18, Training loss 109618.375, Validation loss 109511.63671875
2022-03-03 12:56:44,459:INFO:Epoch 19, Training loss 109399.5390625, Validation loss 109292.76953125
2022-03-03 12:56:46,838:INFO:Epoch 20, Training loss 109238.279296875, Validation loss 109199.6015625
2022-03-03 12:56:49,271:INFO:Epoch 21, Training loss 109179.296875, Validation loss 109172.1640625
2022-03-03 12:56:51,655:INFO:Epoch 22, Training loss 109157.26171875, Validation loss 109141.845703125
2022-03-03 12:56:54,117:INFO:Epoch 23, Training loss 109118.9453125, Validation loss 109086.916015625
2022-03-03 12:56:56,507:INFO:Epoch 24, Training loss 109062.69140625, Validation loss 109028.669921875
2022-03-03 12:56:58,916:INFO:Epoch 25, Training loss 109009.333984375, Validation loss 108979.15625
2022-03-03 12:57:01,314:INFO:Epoch 26, Training loss 108961.494140625, Validation loss 108922.376953125
2022-03-03 12:57:03,772:INFO:Epoch 27, Training loss 108903.38671875, Validation loss 108856.55859375
2022-03-03 12:57:06,174:INFO:Epoch 28, Training loss 108845.369140625, Validation loss 108795.794921875
2022-03-03 12:57:08,567:INFO:Epoch 29, Training loss 108793.26171875, Validation loss 108740.498046875
2022-03-03 12:57:10,983:INFO:Epoch 30, Training loss 108744.697265625, Validation loss 108691.40625
2022-03-03 12:57:13,422:INFO:Epoch 31, Training loss 108706.275390625, Validation loss 108649.865234375
2022-03-03 12:57:15,837:INFO:Epoch 32, Training loss 108676.3046875, Validation loss 108612.421875
2022-03-03 12:57:18,221:INFO:Epoch 33, Training loss 108649.6328125, Validation loss 108586.77734375
2022-03-03 12:57:20,633:INFO:Epoch 34, Training loss 108631.419921875, Validation loss 108562.353515625
2022-03-03 12:57:23,062:INFO:Epoch 35, Training loss 108621.412109375, Validation loss 108546.353515625
2022-03-03 12:57:25,484:INFO:Epoch 36, Training loss 108609.767578125, Validation loss 108538.970703125
2022-03-03 12:57:27,851:INFO:Epoch 37, Training loss 108605.173828125, Validation loss 108530.37890625
2022-03-03 12:57:30,277:INFO:Epoch 38, Training loss 108599.48046875, Validation loss 108525.1484375
2022-03-03 12:57:32,652:INFO:Epoch 39, Training loss 108596.173828125, Validation loss 108522.228515625
2022-03-03 12:57:35,120:INFO:Epoch 40, Training loss 108592.484375, Validation loss 108519.74609375
2022-03-03 12:57:37,495:INFO:Epoch 41, Training loss 108588.6484375, Validation loss 108519.349609375
2022-03-03 12:57:39,919:INFO:Epoch 42, Training loss 108587.96875, Validation loss 108519.435546875
2022-03-03 12:57:42,307:INFO:Epoch 43, Training loss 108585.212890625, Validation loss 108516.623046875
2022-03-03 12:57:44,778:INFO:Epoch 44, Training loss 108585.443359375, Validation loss 108515.236328125
2022-03-03 12:57:47,164:INFO:Epoch 45, Training loss 108582.322265625, Validation loss 108514.7734375
2022-03-03 12:57:49,575:INFO:Epoch 46, Training loss 108579.59765625, Validation loss 108512.357421875
2022-03-03 12:57:51,971:INFO:Epoch 47, Training loss 108577.849609375, Validation loss 108510.572265625
2022-03-03 12:57:54,430:INFO:Epoch 48, Training loss 108577.205078125, Validation loss 108510.931640625
2022-03-03 12:57:56,833:INFO:Epoch 49, Training loss 108576.095703125, Validation loss 108510.193359375
2022-03-03 12:57:59,232:INFO:Epoch 50, Training loss 108574.919921875, Validation loss 108509.70703125
2022-03-03 12:58:01,637:INFO:Epoch 51, Training loss 108574.287109375, Validation loss 108510.029296875
2022-03-03 12:58:04,088:INFO:Epoch 52, Training loss 108572.5390625, Validation loss 108509.720703125
2022-03-03 12:58:06,499:INFO:Epoch 53, Training loss 108573.8046875, Validation loss 108509.708984375
2022-03-03 12:58:08,887:INFO:Epoch 54, Training loss 108571.279296875, Validation loss 108510.71875
2022-03-03 12:58:11,312:INFO:Epoch 55, Training loss 108570.5703125, Validation loss 108508.990234375
2022-03-03 12:58:13,740:INFO:Epoch 56, Training loss 108568.828125, Validation loss 108508.70703125
2022-03-03 12:58:16,165:INFO:Epoch 57, Training loss 108569.822265625, Validation loss 108509.197265625
2022-03-03 12:58:18,543:INFO:Epoch 58, Training loss 108568.4296875, Validation loss 108508.216796875
2022-03-03 12:58:20,974:INFO:Epoch 59, Training loss 108567.509765625, Validation loss 108507.634765625
2022-03-03 12:58:23,355:INFO:Epoch 60, Training loss 108566.939453125, Validation loss 108506.6875
2022-03-03 12:58:25,825:INFO:Epoch 61, Training loss 108567.146484375, Validation loss 108508.771484375
2022-03-03 12:58:28,207:INFO:Epoch 62, Training loss 108568.15234375, Validation loss 108507.822265625
2022-03-03 12:58:30,632:INFO:Epoch 63, Training loss 108566.537109375, Validation loss 108510.90625
2022-03-03 12:58:33,026:INFO:Epoch 64, Training loss 108563.95703125, Validation loss 108508.009765625
2022-03-03 12:58:35,491:INFO:Epoch 65, Training loss 108564.095703125, Validation loss 108508.0625
2022-03-03 12:58:37,884:INFO:Epoch 66, Training loss 108563.400390625, Validation loss 108509.65625
2022-03-03 12:58:40,305:INFO:Epoch 67, Training loss 108563.46484375, Validation loss 108508.505859375
2022-03-03 12:58:42,714:INFO:Epoch 68, Training loss 108560.96484375, Validation loss 108506.568359375
2022-03-03 12:58:45,167:INFO:Epoch 69, Training loss 108561.666015625, Validation loss 108506.80078125
2022-03-03 12:58:47,575:INFO:Epoch 70, Training loss 108563.240234375, Validation loss 108510.927734375
2022-03-03 12:58:49,964:INFO:Epoch 71, Training loss 108560.74609375, Validation loss 108507.814453125
2022-03-03 12:58:52,377:INFO:Epoch 72, Training loss 108560.7265625, Validation loss 108507.984375
2022-03-03 12:58:54,818:INFO:Epoch 73, Training loss 108558.771484375, Validation loss 108509.001953125
2022-03-03 12:58:57,232:INFO:Epoch 74, Training loss 108559.478515625, Validation loss 108511.451171875
2022-03-03 12:58:59,612:INFO:Epoch 75, Training loss 108558.802734375, Validation loss 108508.771484375
2022-03-03 12:59:02,033:INFO:Epoch 76, Training loss 108558.279296875, Validation loss 108509.900390625
2022-03-03 12:59:04,469:INFO:Epoch 77, Training loss 108556.02734375, Validation loss 108511.796875
2022-03-03 12:59:06,893:INFO:Epoch 78, Training loss 108556.87890625, Validation loss 108510.546875
2022-03-03 12:59:09,267:INFO:Epoch 79, Training loss 108558.970703125, Validation loss 108508.892578125
2022-03-03 12:59:11,698:INFO:Epoch 80, Training loss 108556.94921875, Validation loss 108515.517578125
2022-03-03 12:59:14,080:INFO:Epoch 81, Training loss 108554.927734375, Validation loss 108509.244140625
2022-03-03 12:59:16,558:INFO:Epoch 82, Training loss 108555.94921875, Validation loss 108509.919921875
2022-03-03 12:59:18,945:INFO:Epoch 83, Training loss 108555.392578125, Validation loss 108512.068359375
2022-03-03 12:59:21,377:INFO:Epoch 84, Training loss 108552.732421875, Validation loss 108510.7890625
2022-03-03 12:59:23,761:INFO:Epoch 85, Training loss 108552.0078125, Validation loss 108510.4609375
2022-03-03 12:59:26,225:INFO:Epoch 86, Training loss 108551.818359375, Validation loss 108510.119140625
2022-03-03 12:59:28,621:INFO:Epoch 87, Training loss 108550.916015625, Validation loss 108512.05859375
2022-03-03 12:59:31,028:INFO:Epoch 88, Training loss 108550.298828125, Validation loss 108511.265625
2022-03-03 12:59:33,428:INFO:Epoch 89, Training loss 108549.69140625, Validation loss 108513.056640625
2022-03-03 12:59:35,887:INFO:Epoch 90, Training loss 108549.091796875, Validation loss 108513.28515625
2022-03-03 12:59:38,301:INFO:Epoch 91, Training loss 108548.337890625, Validation loss 108511.947265625
2022-03-03 12:59:40,699:INFO:Epoch 92, Training loss 108549.736328125, Validation loss 108513.4375
2022-03-03 12:59:43,111:INFO:Epoch 93, Training loss 108548.0703125, Validation loss 108513.6640625
2022-03-03 12:59:45,558:INFO:Epoch 94, Training loss 108548.9765625, Validation loss 108513.19921875
2022-03-03 12:59:47,971:INFO:Epoch 95, Training loss 108547.62890625, Validation loss 108515.130859375
2022-03-03 12:59:50,349:INFO:Epoch 96, Training loss 108546.46484375, Validation loss 108513.611328125
2022-03-03 12:59:52,763:INFO:Epoch 97, Training loss 108546.916015625, Validation loss 108514.0859375
2022-03-03 12:59:55,199:INFO:Epoch 98, Training loss 108545.513671875, Validation loss 108516.06640625
2022-03-03 12:59:57,628:INFO:Epoch 99, Training loss 108550.1875, Validation loss 108517.77734375
2022-03-03 12:59:59,999:INFO:Epoch 100, Training loss 108550.14453125, Validation loss 108518.779296875
2022-03-03 13:00:02,436:INFO:Epoch 101, Training loss 108544.9375, Validation loss 108519.296875
2022-03-03 13:00:04,825:INFO:Epoch 102, Training loss 108548.236328125, Validation loss 108516.595703125
2022-03-03 13:00:07,299:INFO:Epoch 103, Training loss 108547.84375, Validation loss 108520.865234375
2022-03-03 13:00:09,675:INFO:Epoch 104, Training loss 108544.6796875, Validation loss 108518.6640625
2022-03-03 13:00:12,103:INFO:Epoch 105, Training loss 108544.435546875, Validation loss 108519.134765625
2022-03-03 13:00:14,497:INFO:Epoch 106, Training loss 108544.46875, Validation loss 108518.66015625
2022-03-03 13:00:16,959:INFO:Epoch 107, Training loss 108541.515625, Validation loss 108516.22265625
2022-03-03 13:00:19,350:INFO:Epoch 108, Training loss 108542.22265625, Validation loss 108517.61328125
2022-03-03 13:00:21,752:INFO:Epoch 109, Training loss 108540.52734375, Validation loss 108517.04296875
2022-03-03 13:00:24,153:INFO:Epoch 110, Training loss 108540.8515625, Validation loss 108517.935546875
2022-03-03 13:00:26,611:INFO:Epoch 111, Training loss 108539.021484375, Validation loss 108517.91015625
2022-03-03 13:00:29,015:INFO:Epoch 112, Training loss 108539.265625, Validation loss 108518.181640625
2022-03-03 13:00:31,417:INFO:Epoch 113, Training loss 108538.228515625, Validation loss 108518.9375
2022-03-03 13:00:33,834:INFO:Epoch 114, Training loss 108539.423828125, Validation loss 108518.0
2022-03-03 13:00:36,284:INFO:Epoch 115, Training loss 108537.08203125, Validation loss 108521.46484375
2022-03-03 13:00:38,704:INFO:Epoch 116, Training loss 108537.0078125, Validation loss 108518.595703125
2022-03-03 13:00:41,091:INFO:Epoch 117, Training loss 108536.67578125, Validation loss 108518.9765625
2022-03-03 13:00:43,520:INFO:Epoch 118, Training loss 108538.994140625, Validation loss 108522.759765625
2022-03-03 13:00:43,526:INFO:Finished training
