7.465913476562500000e+04
7.401713867187500000e+04
7.376197265625000000e+04
7.380975488281250000e+04
7.379696875000000000e+04
7.374815527343750000e+04
7.374842773437500000e+04
7.375389453125000000e+04
7.374717968750000000e+04
7.374244531250000000e+04
7.374348925781250000e+04
7.374310449218750000e+04
7.374176660156250000e+04
7.374148632812500000e+04
7.374148730468750000e+04
7.374098730468750000e+04
7.374105957031250000e+04
7.374072851562500000e+04
7.374047070312500000e+04
7.374026660156250000e+04
7.374015429687500000e+04
7.374000292968750000e+04
7.373978613281250000e+04
7.373965527343750000e+04
7.373937792968750000e+04
7.373950097656250000e+04
7.373903613281250000e+04
7.373877832031250000e+04
7.373880371093750000e+04
7.373846289062500000e+04
7.373830664062500000e+04
7.373803613281250000e+04
7.373771679687500000e+04
7.373751660156250000e+04
7.373722070312500000e+04
7.373704589843750000e+04
7.373672949218750000e+04
7.373638378906250000e+04
7.373611914062500000e+04
7.373593457031250000e+04
7.373602343750000000e+04
7.373540039062500000e+04
7.373521679687500000e+04
7.373468750000000000e+04
7.373469335937500000e+04
7.373459960937500000e+04
7.373426464843750000e+04
7.373415332031250000e+04
7.373420898437500000e+04
7.373365625000000000e+04
7.373351269531250000e+04
7.373343261718750000e+04
7.373341113281250000e+04
7.373260351562500000e+04
7.373225000000000000e+04
7.373291894531250000e+04
7.373099804687500000e+04
7.373121484375000000e+04
7.373093261718750000e+04
7.373041015625000000e+04
7.373029003906250000e+04
7.373034082031250000e+04
7.373005273437500000e+04
7.373075000000000000e+04
7.372896289062500000e+04
7.372896484375000000e+04
7.372845507812500000e+04
7.372810351562500000e+04
7.372718750000000000e+04
7.372665625000000000e+04
7.372671484375000000e+04
7.372559277343750000e+04
7.372562109375000000e+04
7.372508789062500000e+04
7.372471679687500000e+04
7.372448046875000000e+04
7.372384375000000000e+04
7.372351171875000000e+04
7.372239062500000000e+04
7.372507519531250000e+04
7.372115234375000000e+04
7.372125292968750000e+04
7.372090917968750000e+04
7.371922363281250000e+04
7.371894433593750000e+04
7.371930957031250000e+04
7.371807128906250000e+04
7.371727832031250000e+04
7.371636425781250000e+04
7.371546582031250000e+04
7.371582031250000000e+04
7.371496093750000000e+04
