1.839581992187500000e+05
1.839582031250000000e+05
1.839582031250000000e+05
1.839582031250000000e+05
1.839581992187500000e+05
1.839582031250000000e+05
1.839582031250000000e+05
1.839581992187500000e+05
1.839581992187500000e+05
1.839581992187500000e+05
1.839581992187500000e+05
1.839581992187500000e+05
1.839581953125000000e+05
1.839582031250000000e+05
1.662340566406250000e+05
1.528403574218750000e+05
1.496197519531250000e+05
1.486565664062500000e+05
1.478359531250000000e+05
1.468463007812500000e+05
1.457731113281250000e+05
1.447185097656250000e+05
1.440481035156250000e+05
1.438057343750000000e+05
1.437698144531250000e+05
1.436886953125000000e+05
1.436311855468750000e+05
1.436219628906250000e+05
1.436019941406250000e+05
1.435882265625000000e+05
1.435897148437500000e+05
1.435857617187500000e+05
1.435765644531250000e+05
1.435823339843750000e+05
1.435825136718750000e+05
1.435800820312500000e+05
1.435865058593750000e+05
1.435760664062500000e+05
1.435721386718750000e+05
1.435714765625000000e+05
1.435592148437500000e+05
1.435546738281250000e+05
1.435551699218750000e+05
1.435536796875000000e+05
1.435546894531250000e+05
1.435508906250000000e+05
1.435566523437500000e+05
1.435563476562500000e+05
1.435540234375000000e+05
1.435642421875000000e+05
1.435626718750000000e+05
1.435572460937500000e+05
1.435555683593750000e+05
1.435611210937500000e+05
1.435572363281250000e+05
1.435625332031250000e+05
1.435525292968750000e+05
1.435476191406250000e+05
1.435467441406250000e+05
1.435467734375000000e+05
1.435448066406250000e+05
1.435458613281250000e+05
1.435433984375000000e+05
1.435478925781250000e+05
1.435423867187500000e+05
1.435443574218750000e+05
1.435432890625000000e+05
1.435452031250000000e+05
1.435584160156250000e+05
1.435462285156250000e+05
1.435442949218750000e+05
1.435502421875000000e+05
1.435566132812500000e+05
1.435493339843750000e+05
1.435445644531250000e+05
1.435483457031250000e+05
1.435457070312500000e+05
1.435645136718750000e+05
1.435566308593750000e+05
1.435466875000000000e+05
1.435443828125000000e+05
1.435460839843750000e+05
1.435395839843750000e+05
1.435416464843750000e+05
1.435427167968750000e+05
1.435419980468750000e+05
1.435435468750000000e+05
1.435436582031250000e+05
1.435447519531250000e+05
1.435423378906250000e+05
1.435448164062500000e+05
1.435500996093750000e+05
1.435470019531250000e+05
1.435430078125000000e+05
1.435444414062500000e+05
1.435405292968750000e+05
1.435396484375000000e+05
1.435386484375000000e+05
1.435410976562500000e+05
1.435415117187500000e+05
1.435423671875000000e+05
1.435446015625000000e+05
1.435432402343750000e+05
1.435424316406250000e+05
1.435457070312500000e+05
1.435409023437500000e+05
1.435395722656250000e+05
1.435447148437500000e+05
1.435356835937500000e+05
1.435354863281250000e+05
1.435400312500000000e+05
1.435388906250000000e+05
1.435400585937500000e+05
1.435372812500000000e+05
1.435408769531250000e+05
1.435374843750000000e+05
1.435352265625000000e+05
1.435364941406250000e+05
1.435328535156250000e+05
1.435331523437500000e+05
1.435390351562500000e+05
1.435427070312500000e+05
1.435433359375000000e+05
1.435382890625000000e+05
1.435370253906250000e+05
1.435325371093750000e+05
1.435318320312500000e+05
1.435329023437500000e+05
1.435326308593750000e+05
1.435384667968750000e+05
1.435323925781250000e+05
1.435314980468750000e+05
1.435313574218750000e+05
1.435304472656250000e+05
1.435377089843750000e+05
1.435334785156250000e+05
1.435343710937500000e+05
1.435345410156250000e+05
1.435444277343750000e+05
1.435343906250000000e+05
1.435369511718750000e+05
1.435310156250000000e+05
1.435340644531250000e+05
1.435435917968750000e+05
1.435303652343750000e+05
1.435318164062500000e+05
1.435463574218750000e+05
1.435414199218750000e+05
1.435319335937500000e+05
1.435348710937500000e+05
1.435368066406250000e+05
1.435398750000000000e+05
1.435344375000000000e+05
1.435346035156250000e+05
1.435329472656250000e+05
1.435266035156250000e+05
1.435256582031250000e+05
1.435286425781250000e+05
1.435279492187500000e+05
1.435261191406250000e+05
1.435289667968750000e+05
1.435270507812500000e+05
1.435267773437500000e+05
1.435301523437500000e+05
1.435268808593750000e+05
1.435324062500000000e+05
1.435294824218750000e+05
1.435345917968750000e+05
1.435301992187500000e+05
1.435293750000000000e+05
1.435305097656250000e+05
1.435267265625000000e+05
1.435280566406250000e+05
1.435328417968750000e+05
1.435263984375000000e+05
1.435240371093750000e+05
1.435249492187500000e+05
1.435320000000000000e+05
1.435350019531250000e+05
1.435379550781250000e+05
1.435286132812500000e+05
1.435280449218750000e+05
1.435321035156250000e+05
1.435408671875000000e+05
1.435420117187500000e+05
1.435368964843750000e+05
1.435520839843750000e+05
1.435382265625000000e+05
1.435523105468750000e+05
1.435422070312500000e+05
1.435421777343750000e+05
1.435317070312500000e+05
1.435267714843750000e+05
1.435270664062500000e+05
1.435266816406250000e+05
1.435257343750000000e+05
1.435289414062500000e+05
1.435229531250000000e+05
1.435227128906250000e+05
1.435248847656250000e+05
1.435227265625000000e+05
1.435280410156250000e+05
1.435439199218750000e+05
1.435348144531250000e+05
1.435313164062500000e+05
1.435261679687500000e+05
1.435282734375000000e+05
