1.259888671875000000e+05
1.214751757812500000e+05
1.172461777343750000e+05
1.137139062500000000e+05
1.111216816406250000e+05
1.096945957031250000e+05
1.094708906250000000e+05
1.096221035156250000e+05
1.095104316406250000e+05
1.093102910156250000e+05
1.092135781250000000e+05
1.091828261718750000e+05
1.091455781250000000e+05
1.090995683593750000e+05
1.090569121093750000e+05
1.090135488281250000e+05
1.089625683593750000e+05
1.089087167968750000e+05
1.088545156250000000e+05
1.087993359375000000e+05
1.087484589843750000e+05
1.086961171875000000e+05
1.086544394531250000e+05
1.086183593750000000e+05
1.085947988281250000e+05
1.085810703125000000e+05
1.085717167968750000e+05
1.085692070312500000e+05
1.085670898437500000e+05
1.085644160156250000e+05
1.085627500000000000e+05
1.085609472656250000e+05
1.085591972656250000e+05
1.085575234375000000e+05
1.085549062500000000e+05
1.085534531250000000e+05
1.085520585937500000e+05
1.085501855468750000e+05
1.085497890625000000e+05
1.085497656250000000e+05
1.085474160156250000e+05
1.085467031250000000e+05
1.085466523437500000e+05
1.085463261718750000e+05
1.085454003906250000e+05
1.085464941406250000e+05
1.085450644531250000e+05
1.085445664062500000e+05
1.085427109375000000e+05
1.085420917968750000e+05
1.085404453125000000e+05
1.085407617187500000e+05
1.085398164062500000e+05
1.085407304687500000e+05
1.085403906250000000e+05
1.085386484375000000e+05
1.085383046875000000e+05
1.085401835937500000e+05
1.085438730468750000e+05
1.085408515625000000e+05
1.085412011718750000e+05
1.085390605468750000e+05
1.085376660156250000e+05
1.085375839843750000e+05
1.085362050781250000e+05
1.085363457031250000e+05
1.085362187500000000e+05
1.085362988281250000e+05
1.085357753906250000e+05
1.085360234375000000e+05
1.085342734375000000e+05
1.085349550781250000e+05
1.085340605468750000e+05
1.085332128906250000e+05
1.085335253906250000e+05
1.085332910156250000e+05
1.085336562500000000e+05
1.085342929687500000e+05
1.085329609375000000e+05
1.085332617187500000e+05
1.085336894531250000e+05
1.085332753906250000e+05
1.085326757812500000e+05
1.085332597656250000e+05
1.085366816406250000e+05
1.085318437500000000e+05
1.085321523437500000e+05
1.085307597656250000e+05
1.085313671875000000e+05
1.085304355468750000e+05
1.085317011718750000e+05
1.085313242187500000e+05
1.085298691406250000e+05
1.085290664062500000e+05
1.085316230468750000e+05
1.085298027343750000e+05
1.085303632812500000e+05
1.085285175781250000e+05
1.085329179687500000e+05
1.085319960937500000e+05
1.085310800781250000e+05
1.085290175781250000e+05
1.085301621093750000e+05
1.085280273437500000e+05
1.085271894531250000e+05
1.085279179687500000e+05
1.085286074218750000e+05
1.085275937500000000e+05
1.085287851562500000e+05
1.085291699218750000e+05
1.085284082031250000e+05
1.085263652343750000e+05
1.085297167968750000e+05
1.085273398437500000e+05
1.085292128906250000e+05
1.085266347656250000e+05
1.085281855468750000e+05
1.085262578125000000e+05
1.085272871093750000e+05
1.085277207031250000e+05
1.085267617187500000e+05
1.085254570312500000e+05
1.085262851562500000e+05
1.085249375000000000e+05
1.085268125000000000e+05
1.085249843750000000e+05
1.085280214843750000e+05
1.085238437500000000e+05
1.085248945312500000e+05
1.085238535156250000e+05
1.085243398437500000e+05
1.085243671875000000e+05
1.085239042968750000e+05
1.085232773437500000e+05
1.085243535156250000e+05
1.085236230468750000e+05
1.085233515625000000e+05
1.085217871093750000e+05
1.085229824218750000e+05
