1.529015039062500000e+05
1.508045585937500000e+05
1.500527500000000000e+05
1.495993691406250000e+05
1.490279941406250000e+05
1.482202167968750000e+05
1.470945214843750000e+05
1.458855488281250000e+05
1.448561445312500000e+05
1.442535117187500000e+05
1.440417402343750000e+05
1.438688457031250000e+05
1.437448437500000000e+05
1.436726855468750000e+05
1.436464375000000000e+05
1.436130156250000000e+05
1.435825820312500000e+05
1.435675039062500000e+05
1.435568750000000000e+05
1.435518945312500000e+05
1.435337656250000000e+05
1.435308281250000000e+05
1.435230761718750000e+05
1.435172695312500000e+05
1.435151113281250000e+05
1.435044726562500000e+05
1.435115683593750000e+05
1.434991308593750000e+05
1.434997890625000000e+05
1.434988945312500000e+05
1.434923183593750000e+05
1.434975917968750000e+05
1.434984160156250000e+05
1.434956757812500000e+05
1.434952949218750000e+05
1.434921289062500000e+05
1.434876269531250000e+05
1.434966464843750000e+05
1.434851660156250000e+05
1.434807656250000000e+05
1.434838261718750000e+05
1.434723984375000000e+05
1.434726757812500000e+05
1.434762636718750000e+05
1.434754531250000000e+05
1.434824687500000000e+05
1.434781582031250000e+05
1.434727207031250000e+05
1.434702363281250000e+05
1.434759042968750000e+05
1.434714687500000000e+05
1.434634726562500000e+05
1.434727363281250000e+05
1.434727890625000000e+05
1.434709882812500000e+05
1.434756718750000000e+05
1.434791191406250000e+05
1.434619804687500000e+05
1.434595449218750000e+05
1.434586171875000000e+05
1.434625546875000000e+05
1.434659296875000000e+05
1.434720019531250000e+05
1.434722500000000000e+05
1.434668847656250000e+05
1.434586269531250000e+05
1.434594375000000000e+05
1.434597441406250000e+05
1.434631992187500000e+05
1.434612871093750000e+05
1.434653496093750000e+05
1.434921660156250000e+05
1.434930917968750000e+05
1.435011074218750000e+05
1.434892832031250000e+05
1.434792363281250000e+05
1.434774628906250000e+05
1.434978574218750000e+05
1.434628183593750000e+05
1.434615097656250000e+05
1.434607460937500000e+05
1.434658652343750000e+05
1.434748613281250000e+05
1.434626992187500000e+05
1.434577480468750000e+05
1.434558183593750000e+05
1.434665488281250000e+05
1.434569726562500000e+05
1.434469511718750000e+05
1.434489335937500000e+05
1.434503242187500000e+05
1.434557578125000000e+05
1.434547753906250000e+05
1.434517148437500000e+05
1.434469277343750000e+05
1.434440429687500000e+05
1.434492226562500000e+05
1.434448398437500000e+05
1.434437871093750000e+05
1.434424667968750000e+05
1.434444628906250000e+05
1.434509335937500000e+05
1.434413847656250000e+05
1.434559902343750000e+05
1.434468886718750000e+05
1.434478535156250000e+05
1.434439980468750000e+05
1.434456445312500000e+05
1.434502070312500000e+05
1.434638457031250000e+05
1.434558535156250000e+05
1.434445488281250000e+05
1.434495898437500000e+05
1.434509902343750000e+05
1.434483046875000000e+05
1.434572851562500000e+05
1.434473847656250000e+05
1.434604042968750000e+05
1.434495507812500000e+05
1.434613027343750000e+05
1.434599433593750000e+05
1.434554609375000000e+05
1.434512851562500000e+05
1.434645996093750000e+05
1.434483554687500000e+05
1.434495234375000000e+05
1.434482988281250000e+05
1.434498886718750000e+05
1.434493085937500000e+05
1.434513964843750000e+05
1.434490996093750000e+05
1.434588867187500000e+05
1.434503164062500000e+05
1.434434101562500000e+05
1.434391894531250000e+05
1.434385390625000000e+05
1.434359257812500000e+05
1.434374375000000000e+05
1.434384492187500000e+05
1.434451113281250000e+05
1.434388691406250000e+05
1.434428164062500000e+05
1.434457636718750000e+05
1.434399921875000000e+05
1.434429257812500000e+05
1.434391835937500000e+05
1.434450273437500000e+05
1.434529550781250000e+05
1.434384628906250000e+05
1.434396347656250000e+05
