2021-11-24 15:26:08,214:INFO:All directories created, ready to load the data
2021-11-24 15:26:08,254:INFO:Dataset loaded from /data/theorie/jthoeve/event_generation/events_high_stats/quad/cHW/events_8.npy
2021-11-24 15:26:08,257:INFO:Dataset loaded from /data/theorie/jthoeve/event_generation/events_high_stats/sm/events_8.npy
2021-11-24 15:26:12,154:INFO:Epoch 1, Training loss 153434.693359375, Validation loss 150832.958984375
2021-11-24 15:26:15,889:INFO:Epoch 2, Training loss 150284.740234375, Validation loss 149782.890625
2021-11-24 15:26:19,625:INFO:Epoch 3, Training loss 149655.220703125, Validation loss 149401.326171875
2021-11-24 15:26:23,380:INFO:Epoch 4, Training loss 149204.451171875, Validation loss 148757.97265625
2021-11-24 15:26:27,087:INFO:Epoch 5, Training loss 148428.419921875, Validation loss 147788.037109375
2021-11-24 15:26:30,847:INFO:Epoch 6, Training loss 147456.755859375, Validation loss 146788.720703125
2021-11-24 15:26:34,560:INFO:Epoch 7, Training loss 146476.2578125, Validation loss 145826.22265625
2021-11-24 15:26:38,351:INFO:Epoch 8, Training loss 145590.658203125, Validation loss 144910.916015625
2021-11-24 15:26:42,064:INFO:Epoch 9, Training loss 144786.3515625, Validation loss 144250.521484375
2021-11-24 15:26:45,824:INFO:Epoch 10, Training loss 144302.759765625, Validation loss 143877.064453125
2021-11-24 15:26:49,556:INFO:Epoch 11, Training loss 144071.265625, Validation loss 143715.068359375
2021-11-24 15:26:53,316:INFO:Epoch 12, Training loss 143966.513671875, Validation loss 143638.94140625
2021-11-24 15:26:57,056:INFO:Epoch 13, Training loss 143895.357421875, Validation loss 143590.908203125
2021-11-24 15:27:00,776:INFO:Epoch 14, Training loss 143833.322265625, Validation loss 143553.1953125
2021-11-24 15:27:04,545:INFO:Epoch 15, Training loss 143783.2109375, Validation loss 143529.1953125
2021-11-24 15:27:08,299:INFO:Epoch 16, Training loss 143746.23046875, Validation loss 143500.28125
2021-11-24 15:27:12,046:INFO:Epoch 17, Training loss 143723.296875, Validation loss 143486.291015625
2021-11-24 15:27:15,774:INFO:Epoch 18, Training loss 143701.501953125, Validation loss 143463.298828125
2021-11-24 15:27:19,551:INFO:Epoch 19, Training loss 143685.44921875, Validation loss 143455.474609375
2021-11-24 15:27:23,272:INFO:Epoch 20, Training loss 143669.80078125, Validation loss 143435.533203125
2021-11-24 15:27:27,081:INFO:Epoch 21, Training loss 143664.1328125, Validation loss 143426.974609375
2021-11-24 15:27:30,797:INFO:Epoch 22, Training loss 143654.78125, Validation loss 143439.29296875
2021-11-24 15:27:34,539:INFO:Epoch 23, Training loss 143657.365234375, Validation loss 143420.2734375
2021-11-24 15:27:38,264:INFO:Epoch 24, Training loss 143643.19140625, Validation loss 143412.4375
2021-11-24 15:27:42,048:INFO:Epoch 25, Training loss 143634.818359375, Validation loss 143412.166015625
2021-11-24 15:27:45,771:INFO:Epoch 26, Training loss 143638.2734375, Validation loss 143419.34375
2021-11-24 15:27:49,512:INFO:Epoch 27, Training loss 143633.0625, Validation loss 143408.556640625
2021-11-24 15:27:53,313:INFO:Epoch 28, Training loss 143624.322265625, Validation loss 143403.3515625
2021-11-24 15:27:57,080:INFO:Epoch 29, Training loss 143628.34375, Validation loss 143397.18359375
2021-11-24 15:28:00,807:INFO:Epoch 30, Training loss 143629.1328125, Validation loss 143405.52734375
2021-11-24 15:28:04,566:INFO:Epoch 31, Training loss 143628.939453125, Validation loss 143402.705078125
2021-11-24 15:28:08,306:INFO:Epoch 32, Training loss 143617.009765625, Validation loss 143396.169921875
2021-11-24 15:28:12,063:INFO:Epoch 33, Training loss 143621.728515625, Validation loss 143404.17578125
2021-11-24 15:28:15,815:INFO:Epoch 34, Training loss 143619.677734375, Validation loss 143397.59375
2021-11-24 15:28:19,552:INFO:Epoch 35, Training loss 143624.677734375, Validation loss 143419.826171875
2021-11-24 15:28:23,308:INFO:Epoch 36, Training loss 143619.6328125, Validation loss 143399.068359375
2021-11-24 15:28:27,088:INFO:Epoch 37, Training loss 143615.341796875, Validation loss 143391.35546875
2021-11-24 15:28:30,837:INFO:Epoch 38, Training loss 143618.9921875, Validation loss 143403.240234375
2021-11-24 15:28:34,557:INFO:Epoch 39, Training loss 143622.8984375, Validation loss 143398.92578125
2021-11-24 15:28:38,305:INFO:Epoch 40, Training loss 143619.53515625, Validation loss 143386.736328125
2021-11-24 15:28:42,066:INFO:Epoch 41, Training loss 143609.93359375, Validation loss 143387.453125
2021-11-24 15:28:45,843:INFO:Epoch 42, Training loss 143608.19140625, Validation loss 143389.79296875
2021-11-24 15:28:49,562:INFO:Epoch 43, Training loss 143607.18359375, Validation loss 143387.6484375
2021-11-24 15:28:53,314:INFO:Epoch 44, Training loss 143607.3203125, Validation loss 143386.9375
2021-11-24 15:28:57,029:INFO:Epoch 45, Training loss 143606.705078125, Validation loss 143384.6328125
2021-11-24 15:29:00,827:INFO:Epoch 46, Training loss 143610.9140625, Validation loss 143388.51953125
2021-11-24 15:29:04,584:INFO:Epoch 47, Training loss 143614.25390625, Validation loss 143392.10546875
2021-11-24 15:29:08,321:INFO:Epoch 48, Training loss 143604.708984375, Validation loss 143386.83984375
2021-11-24 15:29:12,048:INFO:Epoch 49, Training loss 143610.306640625, Validation loss 143382.150390625
2021-11-24 15:29:15,819:INFO:Epoch 50, Training loss 143607.10546875, Validation loss 143429.765625
2021-11-24 15:29:19,553:INFO:Epoch 51, Training loss 143617.2421875, Validation loss 143387.947265625
2021-11-24 15:29:23,276:INFO:Epoch 52, Training loss 143618.380859375, Validation loss 143386.478515625
2021-11-24 15:29:27,015:INFO:Epoch 53, Training loss 143611.9921875, Validation loss 143389.21875
2021-11-24 15:29:31,044:INFO:Epoch 54, Training loss 143608.05078125, Validation loss 143394.416015625
2021-11-24 15:29:34,845:INFO:Epoch 55, Training loss 143605.134765625, Validation loss 143381.80078125
2021-11-24 15:29:38,562:INFO:Epoch 56, Training loss 143599.4609375, Validation loss 143391.029296875
2021-11-24 15:29:42,297:INFO:Epoch 57, Training loss 143602.94140625, Validation loss 143391.46484375
2021-11-24 15:29:46,044:INFO:Epoch 58, Training loss 143612.685546875, Validation loss 143379.60546875
2021-11-24 15:29:49,797:INFO:Epoch 59, Training loss 143604.1328125, Validation loss 143402.017578125
2021-11-24 15:29:53,502:INFO:Epoch 60, Training loss 143607.3359375, Validation loss 143382.23046875
2021-11-24 15:29:57,250:INFO:Epoch 61, Training loss 143602.84765625, Validation loss 143380.978515625
2021-11-24 15:30:00,960:INFO:Epoch 62, Training loss 143603.80859375, Validation loss 143384.5859375
2021-11-24 15:30:04,784:INFO:Epoch 63, Training loss 143600.33203125, Validation loss 143381.041015625
2021-11-24 15:30:08,527:INFO:Epoch 64, Training loss 143601.59375, Validation loss 143381.11328125
2021-11-24 15:30:12,312:INFO:Epoch 65, Training loss 143606.52734375, Validation loss 143379.447265625
2021-11-24 15:30:16,112:INFO:Epoch 66, Training loss 143596.296875, Validation loss 143391.56640625
2021-11-24 15:30:20,035:INFO:Epoch 67, Training loss 143598.541015625, Validation loss 143379.072265625
2021-11-24 15:30:23,879:INFO:Epoch 68, Training loss 143597.4453125, Validation loss 143378.43359375
2021-11-24 15:30:27,718:INFO:Epoch 69, Training loss 143596.966796875, Validation loss 143384.443359375
2021-11-24 15:30:31,516:INFO:Epoch 70, Training loss 143597.197265625, Validation loss 143378.78515625
2021-11-24 15:30:35,318:INFO:Epoch 71, Training loss 143601.451171875, Validation loss 143390.095703125
2021-11-24 15:30:39,094:INFO:Epoch 72, Training loss 143600.79296875, Validation loss 143386.068359375
2021-11-24 15:30:43,026:INFO:Epoch 73, Training loss 143603.287109375, Validation loss 143387.203125
2021-11-24 15:30:46,877:INFO:Epoch 74, Training loss 143602.279296875, Validation loss 143379.20703125
2021-11-24 15:30:50,725:INFO:Epoch 75, Training loss 143596.873046875, Validation loss 143387.537109375
2021-11-24 15:30:54,512:INFO:Epoch 76, Training loss 143598.3828125, Validation loss 143378.595703125
2021-11-24 15:30:58,258:INFO:Epoch 77, Training loss 143602.53515625, Validation loss 143377.74609375
2021-11-24 15:31:02,029:INFO:Epoch 78, Training loss 143592.259765625, Validation loss 143383.921875
2021-11-24 15:31:05,808:INFO:Epoch 79, Training loss 143596.0546875, Validation loss 143387.052734375
2021-11-24 15:31:09,568:INFO:Epoch 80, Training loss 143597.640625, Validation loss 143376.435546875
2021-11-24 15:31:13,298:INFO:Epoch 81, Training loss 143594.513671875, Validation loss 143379.208984375
2021-11-24 15:31:17,353:INFO:Epoch 82, Training loss 143595.3984375, Validation loss 143381.556640625
2021-11-24 15:31:21,077:INFO:Epoch 83, Training loss 143595.35546875, Validation loss 143378.033203125
2021-11-24 15:31:24,868:INFO:Epoch 84, Training loss 143601.365234375, Validation loss 143388.97265625
2021-11-24 15:31:28,592:INFO:Epoch 85, Training loss 143593.2421875, Validation loss 143385.384765625
2021-11-24 15:31:32,352:INFO:Epoch 86, Training loss 143606.8984375, Validation loss 143404.158203125
2021-11-24 15:31:36,117:INFO:Epoch 87, Training loss 143596.599609375, Validation loss 143377.279296875
2021-11-24 15:31:39,910:INFO:Epoch 88, Training loss 143594.658203125, Validation loss 143381.18359375
2021-11-24 15:31:43,643:INFO:Epoch 89, Training loss 143595.115234375, Validation loss 143422.65625
2021-11-24 15:31:47,426:INFO:Epoch 90, Training loss 143614.349609375, Validation loss 143381.53125
2021-11-24 15:31:51,182:INFO:Epoch 91, Training loss 143604.029296875, Validation loss 143383.947265625
2021-11-24 15:31:54,961:INFO:Epoch 92, Training loss 143596.556640625, Validation loss 143380.57421875
2021-11-24 15:31:58,696:INFO:Epoch 93, Training loss 143592.78515625, Validation loss 143381.431640625
2021-11-24 15:32:02,429:INFO:Epoch 94, Training loss 143597.927734375, Validation loss 143379.919921875
2021-11-24 15:32:06,209:INFO:Epoch 95, Training loss 143601.1328125, Validation loss 143398.345703125
2021-11-24 15:32:09,974:INFO:Epoch 96, Training loss 143603.955078125, Validation loss 143383.119140625
2021-11-24 15:32:13,708:INFO:Epoch 97, Training loss 143608.59375, Validation loss 143403.34765625
2021-11-24 15:32:17,432:INFO:Epoch 98, Training loss 143625.052734375, Validation loss 143389.37890625
2021-11-24 15:32:21,191:INFO:Epoch 99, Training loss 143614.87109375, Validation loss 143403.578125
2021-11-24 15:32:24,969:INFO:Epoch 100, Training loss 143598.85546875, Validation loss 143381.880859375
2021-11-24 15:32:28,716:INFO:Epoch 101, Training loss 143597.279296875, Validation loss 143376.826171875
2021-11-24 15:32:32,429:INFO:Epoch 102, Training loss 143598.46875, Validation loss 143394.802734375
2021-11-24 15:32:36,207:INFO:Epoch 103, Training loss 143606.46875, Validation loss 143386.84765625
2021-11-24 15:32:39,915:INFO:Epoch 104, Training loss 143598.837890625, Validation loss 143401.640625
2021-11-24 15:32:43,701:INFO:Epoch 105, Training loss 143622.701171875, Validation loss 143420.267578125
2021-11-24 15:32:47,410:INFO:Epoch 106, Training loss 143621.55078125, Validation loss 143401.162109375
2021-11-24 15:32:51,470:INFO:Epoch 107, Training loss 143603.763671875, Validation loss 143393.66015625
2021-11-24 15:32:55,196:INFO:Epoch 108, Training loss 143598.98828125, Validation loss 143392.5625
2021-11-24 15:32:59,018:INFO:Epoch 109, Training loss 143603.904296875, Validation loss 143382.845703125
2021-11-24 15:33:02,736:INFO:Epoch 110, Training loss 143624.47265625, Validation loss 143419.048828125
2021-11-24 15:33:06,503:INFO:Epoch 111, Training loss 143627.626953125, Validation loss 143391.78125
2021-11-24 15:33:10,253:INFO:Epoch 112, Training loss 143603.353515625, Validation loss 143389.154296875
2021-11-24 15:33:14,032:INFO:Epoch 113, Training loss 143604.806640625, Validation loss 143405.42578125
2021-11-24 15:33:17,769:INFO:Epoch 114, Training loss 143619.2734375, Validation loss 143394.35546875
2021-11-24 15:33:21,507:INFO:Epoch 115, Training loss 143604.736328125, Validation loss 143382.751953125
2021-11-24 15:33:25,247:INFO:Epoch 116, Training loss 143594.994140625, Validation loss 143378.650390625
2021-11-24 15:33:28,990:INFO:Epoch 117, Training loss 143597.654296875, Validation loss 143388.205078125
2021-11-24 15:33:32,794:INFO:Epoch 118, Training loss 143595.26171875, Validation loss 143384.326171875
2021-11-24 15:33:36,542:INFO:Epoch 119, Training loss 143594.267578125, Validation loss 143378.166015625
2021-11-24 15:33:40,287:INFO:Epoch 120, Training loss 143591.546875, Validation loss 143382.6875
2021-11-24 15:33:44,045:INFO:Epoch 121, Training loss 143590.158203125, Validation loss 143379.064453125
2021-11-24 15:33:47,862:INFO:Epoch 122, Training loss 143590.29296875, Validation loss 143376.177734375
2021-11-24 15:33:51,581:INFO:Epoch 123, Training loss 143590.93359375, Validation loss 143377.23046875
2021-11-24 15:33:55,354:INFO:Epoch 124, Training loss 143592.65625, Validation loss 143379.779296875
2021-11-24 15:33:59,069:INFO:Epoch 125, Training loss 143589.30078125, Validation loss 143386.755859375
2021-11-24 15:34:02,849:INFO:Epoch 126, Training loss 143595.35546875, Validation loss 143381.20703125
2021-11-24 15:34:06,626:INFO:Epoch 127, Training loss 143595.294921875, Validation loss 143373.83203125
2021-11-24 15:34:10,400:INFO:Epoch 128, Training loss 143595.56640625, Validation loss 143377.728515625
2021-11-24 15:34:14,109:INFO:Epoch 129, Training loss 143595.28515625, Validation loss 143409.048828125
2021-11-24 15:34:17,895:INFO:Epoch 130, Training loss 143591.958984375, Validation loss 143411.4140625
2021-11-24 15:34:21,617:INFO:Epoch 131, Training loss 143610.8671875, Validation loss 143400.34765625
2021-11-24 15:34:25,360:INFO:Epoch 132, Training loss 143600.990234375, Validation loss 143381.484375
2021-11-24 15:34:29,103:INFO:Epoch 133, Training loss 143590.544921875, Validation loss 143381.712890625
2021-11-24 15:34:33,034:INFO:Epoch 134, Training loss 143607.798828125, Validation loss 143380.462890625
2021-11-24 15:34:36,784:INFO:Epoch 135, Training loss 143608.15625, Validation loss 143434.765625
2021-11-24 15:34:40,885:INFO:Epoch 136, Training loss 143632.662109375, Validation loss 143433.27734375
2021-11-24 15:34:44,635:INFO:Epoch 137, Training loss 143631.64453125, Validation loss 143400.41015625
2021-11-24 15:34:48,401:INFO:Epoch 138, Training loss 143604.85546875, Validation loss 143389.673828125
2021-11-24 15:34:52,143:INFO:Epoch 139, Training loss 143605.302734375, Validation loss 143386.85546875
2021-11-24 15:34:55,870:INFO:Epoch 140, Training loss 143595.17578125, Validation loss 143391.4921875
2021-11-24 15:34:59,628:INFO:Epoch 141, Training loss 143595.240234375, Validation loss 143378.216796875
2021-11-24 15:35:03,383:INFO:Epoch 142, Training loss 143594.3984375, Validation loss 143385.55859375
2021-11-24 15:35:07,159:INFO:Epoch 143, Training loss 143594.361328125, Validation loss 143411.5625
2021-11-24 15:35:10,886:INFO:Epoch 144, Training loss 143597.767578125, Validation loss 143384.357421875
2021-11-24 15:35:14,685:INFO:Epoch 145, Training loss 143593.060546875, Validation loss 143380.119140625
2021-11-24 15:35:18,472:INFO:Epoch 146, Training loss 143594.09375, Validation loss 143381.681640625
2021-11-24 15:35:22,333:INFO:Epoch 147, Training loss 143592.171875, Validation loss 143382.78515625
2021-11-24 15:35:26,126:INFO:Epoch 148, Training loss 143585.548828125, Validation loss 143377.439453125
2021-11-24 15:35:29,964:INFO:Epoch 149, Training loss 143586.716796875, Validation loss 143374.05859375
2021-11-24 15:35:33,700:INFO:Epoch 150, Training loss 143589.201171875, Validation loss 143373.841796875
2021-11-24 15:35:37,515:INFO:Epoch 151, Training loss 143596.787109375, Validation loss 143401.572265625
2021-11-24 15:35:41,279:INFO:Epoch 152, Training loss 143600.77734375, Validation loss 143385.263671875
2021-11-24 15:35:45,032:INFO:Epoch 153, Training loss 143599.84765625, Validation loss 143383.642578125
2021-11-24 15:35:48,820:INFO:Epoch 154, Training loss 143588.408203125, Validation loss 143375.294921875
2021-11-24 15:35:52,629:INFO:Epoch 155, Training loss 143591.31640625, Validation loss 143385.8515625
2021-11-24 15:35:56,405:INFO:Epoch 156, Training loss 143589.833984375, Validation loss 143382.685546875
2021-11-24 15:36:00,363:INFO:Epoch 157, Training loss 143587.705078125, Validation loss 143390.939453125
2021-11-24 15:36:04,214:INFO:Epoch 158, Training loss 143588.791015625, Validation loss 143377.869140625
2021-11-24 15:36:08,079:INFO:Epoch 159, Training loss 143590.30859375, Validation loss 143386.486328125
2021-11-24 15:36:11,908:INFO:Epoch 160, Training loss 143594.91015625, Validation loss 143388.296875
2021-11-24 15:36:15,643:INFO:Epoch 161, Training loss 143594.029296875, Validation loss 143380.51171875
2021-11-24 15:36:19,402:INFO:Epoch 162, Training loss 143588.35546875, Validation loss 143380.583984375
2021-11-24 15:36:23,188:INFO:Epoch 163, Training loss 143587.826171875, Validation loss 143380.16796875
2021-11-24 15:36:26,961:INFO:Epoch 164, Training loss 143586.3046875, Validation loss 143378.79296875
2021-11-24 15:36:30,696:INFO:Epoch 165, Training loss 143586.59765625, Validation loss 143391.25
2021-11-24 15:36:34,473:INFO:Epoch 166, Training loss 143592.90234375, Validation loss 143384.048828125
2021-11-24 15:36:38,267:INFO:Epoch 167, Training loss 143590.2421875, Validation loss 143382.640625
2021-11-24 15:36:42,083:INFO:Epoch 168, Training loss 143590.09375, Validation loss 143384.515625
2021-11-24 15:36:45,844:INFO:Epoch 169, Training loss 143590.25390625, Validation loss 143382.33203125
2021-11-24 15:36:49,675:INFO:Epoch 170, Training loss 143589.154296875, Validation loss 143379.416015625
2021-11-24 15:36:53,454:INFO:Epoch 171, Training loss 143588.77734375, Validation loss 143380.60546875
2021-11-24 15:36:57,337:INFO:Epoch 172, Training loss 143582.810546875, Validation loss 143376.30859375
2021-11-24 15:37:01,110:INFO:Epoch 173, Training loss 143583.169921875, Validation loss 143378.27734375
2021-11-24 15:37:04,892:INFO:Epoch 174, Training loss 143585.6640625, Validation loss 143382.0078125
2021-11-24 15:37:08,687:INFO:Epoch 175, Training loss 143584.453125, Validation loss 143376.490234375
2021-11-24 15:37:12,490:INFO:Epoch 176, Training loss 143585.86328125, Validation loss 143381.771484375
2021-11-24 15:37:16,268:INFO:Epoch 177, Training loss 143582.560546875, Validation loss 143382.462890625
2021-11-24 15:37:16,275:INFO:Finished training, producing training report at /data/theorie/jthoeve/ML4EFT_higgs/models/24_11/model_quad_cHW/mc_run_8/plots/training_report/
2021-11-24 15:37:16,627:WARNING:findfont: Font family ['sans-serif'] not found. Falling back to DejaVu Sans.
