2022-01-24 14:09:39,225:INFO:All directories created, ready to load the data
2022-01-24 14:09:39,269:INFO:Dataset loaded from /data/theorie/jthoeve/event_generation/events_high_stats/pT/lin/cHq3/events_22.npy
2022-01-24 14:09:39,274:INFO:Dataset loaded from /data/theorie/jthoeve/event_generation/events_high_stats/pT/sm/events_22.npy
2022-01-24 14:09:41,669:INFO:Epoch 1, Training loss 84651.4375, Validation loss 84347.046875
2022-01-24 14:09:44,064:INFO:Epoch 2, Training loss 82175.5390625, Validation loss 78165.2177734375
2022-01-24 14:09:46,455:INFO:Epoch 3, Training loss 76415.5654296875, Validation loss 74534.017578125
2022-01-24 14:09:48,869:INFO:Epoch 4, Training loss 74185.97265625, Validation loss 73996.7783203125
2022-01-24 14:09:51,257:INFO:Epoch 5, Training loss 74160.849609375, Validation loss 74291.4697265625
2022-01-24 14:09:53,641:INFO:Epoch 6, Training loss 74300.3564453125, Validation loss 74176.3544921875
2022-01-24 14:09:56,040:INFO:Epoch 7, Training loss 74089.9296875, Validation loss 73916.5126953125
2022-01-24 14:09:58,440:INFO:Epoch 8, Training loss 73873.53515625, Validation loss 73804.369140625
2022-01-24 14:10:00,831:INFO:Epoch 9, Training loss 73816.3720703125, Validation loss 73830.3232421875
2022-01-24 14:10:03,201:INFO:Epoch 10, Training loss 73838.064453125, Validation loss 73832.22265625
2022-01-24 14:10:05,607:INFO:Epoch 11, Training loss 73817.3203125, Validation loss 73798.8837890625
2022-01-24 14:10:08,008:INFO:Epoch 12, Training loss 73794.4580078125, Validation loss 73789.1435546875
2022-01-24 14:10:10,411:INFO:Epoch 13, Training loss 73790.9287109375, Validation loss 73790.994140625
2022-01-24 14:10:12,766:INFO:Epoch 14, Training loss 73789.416015625, Validation loss 73790.09375
2022-01-24 14:10:15,177:INFO:Epoch 15, Training loss 73785.06640625, Validation loss 73790.841796875
2022-01-24 14:10:17,546:INFO:Epoch 16, Training loss 73781.4853515625, Validation loss 73789.849609375
2022-01-24 14:10:19,977:INFO:Epoch 17, Training loss 73778.41015625, Validation loss 73784.80078125
2022-01-24 14:10:22,346:INFO:Epoch 18, Training loss 73776.798828125, Validation loss 73782.83203125
2022-01-24 14:10:24,743:INFO:Epoch 19, Training loss 73776.0556640625, Validation loss 73782.482421875
2022-01-24 14:10:27,120:INFO:Epoch 20, Training loss 73774.77734375, Validation loss 73783.7490234375
2022-01-24 14:10:29,547:INFO:Epoch 21, Training loss 73773.869140625, Validation loss 73783.705078125
2022-01-24 14:10:31,932:INFO:Epoch 22, Training loss 73772.7939453125, Validation loss 73783.892578125
2022-01-24 14:10:34,318:INFO:Epoch 23, Training loss 73772.513671875, Validation loss 73784.298828125
2022-01-24 14:10:36,706:INFO:Epoch 24, Training loss 73772.1484375, Validation loss 73785.5263671875
2022-01-24 14:10:39,121:INFO:Epoch 25, Training loss 73771.486328125, Validation loss 73783.9921875
2022-01-24 14:10:41,516:INFO:Epoch 26, Training loss 73771.046875, Validation loss 73783.837890625
2022-01-24 14:10:43,905:INFO:Epoch 27, Training loss 73770.6376953125, Validation loss 73784.7373046875
2022-01-24 14:10:46,304:INFO:Epoch 28, Training loss 73770.2294921875, Validation loss 73784.076171875
2022-01-24 14:10:48,705:INFO:Epoch 29, Training loss 73769.8583984375, Validation loss 73784.1708984375
2022-01-24 14:10:51,125:INFO:Epoch 30, Training loss 73769.603515625, Validation loss 73785.4736328125
2022-01-24 14:10:53,495:INFO:Epoch 31, Training loss 73769.205078125, Validation loss 73784.8369140625
2022-01-24 14:10:55,894:INFO:Epoch 32, Training loss 73768.7421875, Validation loss 73784.953125
2022-01-24 14:10:58,291:INFO:Epoch 33, Training loss 73768.53515625, Validation loss 73784.759765625
2022-01-24 14:11:00,701:INFO:Epoch 34, Training loss 73768.318359375, Validation loss 73784.7158203125
2022-01-24 14:11:03,068:INFO:Epoch 35, Training loss 73767.9970703125, Validation loss 73784.5390625
2022-01-24 14:11:05,484:INFO:Epoch 36, Training loss 73767.6875, Validation loss 73785.0576171875
2022-01-24 14:11:07,855:INFO:Epoch 37, Training loss 73767.1748046875, Validation loss 73784.8251953125
2022-01-24 14:11:10,293:INFO:Epoch 38, Training loss 73767.0224609375, Validation loss 73784.775390625
2022-01-24 14:11:12,663:INFO:Epoch 39, Training loss 73766.5546875, Validation loss 73784.7939453125
2022-01-24 14:11:15,062:INFO:Epoch 40, Training loss 73766.3017578125, Validation loss 73784.548828125
2022-01-24 14:11:17,440:INFO:Epoch 41, Training loss 73766.0205078125, Validation loss 73784.3916015625
2022-01-24 14:11:19,878:INFO:Epoch 42, Training loss 73765.75390625, Validation loss 73784.837890625
2022-01-24 14:11:22,257:INFO:Epoch 43, Training loss 73765.6611328125, Validation loss 73784.5693359375
2022-01-24 14:11:24,645:INFO:Epoch 44, Training loss 73765.1630859375, Validation loss 73784.947265625
2022-01-24 14:11:27,038:INFO:Epoch 45, Training loss 73764.984375, Validation loss 73784.6494140625
2022-01-24 14:11:29,467:INFO:Epoch 46, Training loss 73764.8486328125, Validation loss 73785.08984375
2022-01-24 14:11:31,859:INFO:Epoch 47, Training loss 73764.4443359375, Validation loss 73784.953125
2022-01-24 14:11:34,243:INFO:Epoch 48, Training loss 73764.1787109375, Validation loss 73784.6201171875
2022-01-24 14:11:36,632:INFO:Epoch 49, Training loss 73764.107421875, Validation loss 73784.6611328125
2022-01-24 14:11:39,041:INFO:Epoch 50, Training loss 73763.74609375, Validation loss 73784.8857421875
2022-01-24 14:11:41,449:INFO:Epoch 51, Training loss 73763.5419921875, Validation loss 73784.8515625
2022-01-24 14:11:43,821:INFO:Epoch 52, Training loss 73763.3125, Validation loss 73785.76171875
2022-01-24 14:11:46,228:INFO:Epoch 53, Training loss 73763.5859375, Validation loss 73785.6083984375
2022-01-24 14:11:48,630:INFO:Epoch 54, Training loss 73763.1220703125, Validation loss 73784.654296875
2022-01-24 14:11:51,038:INFO:Epoch 55, Training loss 73762.673828125, Validation loss 73784.8681640625
2022-01-24 14:11:53,403:INFO:Epoch 56, Training loss 73762.4931640625, Validation loss 73784.474609375
2022-01-24 14:11:55,816:INFO:Epoch 57, Training loss 73762.3251953125, Validation loss 73784.9404296875
2022-01-24 14:11:58,196:INFO:Epoch 58, Training loss 73761.947265625, Validation loss 73784.9267578125
2022-01-24 14:12:00,637:INFO:Epoch 59, Training loss 73761.892578125, Validation loss 73785.4560546875
2022-01-24 14:12:03,006:INFO:Epoch 60, Training loss 73761.623046875, Validation loss 73785.7685546875
2022-01-24 14:12:05,421:INFO:Epoch 61, Training loss 73761.5595703125, Validation loss 73785.1669921875
2022-01-24 14:12:07,796:INFO:Epoch 62, Training loss 73761.2412109375, Validation loss 73785.3701171875
2022-01-24 14:12:10,228:INFO:Epoch 63, Training loss 73761.2744140625, Validation loss 73786.3046875
2022-01-24 14:12:12,611:INFO:Epoch 64, Training loss 73761.09375, Validation loss 73786.5712890625
2022-01-24 14:12:15,005:INFO:Epoch 65, Training loss 73760.5908203125, Validation loss 73786.125
2022-01-24 14:12:17,393:INFO:Epoch 66, Training loss 73760.375, Validation loss 73786.0947265625
2022-01-24 14:12:19,822:INFO:Epoch 67, Training loss 73760.1669921875, Validation loss 73786.0771484375
2022-01-24 14:12:22,209:INFO:Epoch 68, Training loss 73759.8271484375, Validation loss 73786.0859375
2022-01-24 14:12:24,595:INFO:Epoch 69, Training loss 73759.7900390625, Validation loss 73785.40625
2022-01-24 14:12:24,600:INFO:Finished training
