2022-03-03 12:56:00,982:INFO:All directories created, ready to load the data
2022-03-03 12:56:01,046:INFO:Dataset loaded from /data/theorie/jthoeve/training_data/zh/features_mzh_y_ptz_v2/lin/cHW/events_15.pkl.gz
2022-03-03 12:56:01,108:INFO:Dataset loaded from /data/theorie/jthoeve/training_data/zh/features_mzh_y_ptz_v2/sm/events_15.pkl.gz
2022-03-03 12:56:03,351:INFO:Epoch 1, Training loss 208117.3046875, Validation loss 208117.3046875
2022-03-03 12:56:05,610:INFO:Epoch 2, Training loss 208117.3046875, Validation loss 208117.3046875
2022-03-03 12:56:07,800:INFO:Epoch 3, Training loss 208117.3046875, Validation loss 208117.3046875
2022-03-03 12:56:10,008:INFO:Epoch 4, Training loss 208117.3046875, Validation loss 208117.3046875
2022-03-03 12:56:12,207:INFO:Epoch 5, Training loss 208117.3046875, Validation loss 208117.3046875
2022-03-03 12:56:14,458:INFO:Epoch 6, Training loss 208117.3046875, Validation loss 208117.3046875
2022-03-03 12:56:16,658:INFO:Epoch 7, Training loss 208117.3046875, Validation loss 208117.3046875
2022-03-03 12:56:18,851:INFO:Epoch 8, Training loss 208117.3046875, Validation loss 208117.3046875
2022-03-03 12:56:21,075:INFO:Epoch 9, Training loss 208117.3046875, Validation loss 208117.3046875
2022-03-03 12:56:23,315:INFO:Epoch 10, Training loss 208117.3046875, Validation loss 208117.3046875
2022-03-03 12:56:25,524:INFO:Epoch 11, Training loss 208117.3046875, Validation loss 208117.3046875
2022-03-03 12:56:25,527:INFO:Detected stagant training, reset the weights
2022-03-03 12:56:27,708:INFO:Epoch 12, Training loss 131893.833984375, Validation loss 127327.052734375
2022-03-03 12:56:29,920:INFO:Epoch 13, Training loss 124507.9609375, Validation loss 120573.71875
2022-03-03 12:56:32,144:INFO:Epoch 14, Training loss 118396.27734375, Validation loss 115476.921875
2022-03-03 12:56:34,368:INFO:Epoch 15, Training loss 114072.517578125, Validation loss 112213.234375
2022-03-03 12:56:36,541:INFO:Epoch 16, Training loss 111259.435546875, Validation loss 110055.17578125
2022-03-03 12:56:38,758:INFO:Epoch 17, Training loss 109676.205078125, Validation loss 109418.0859375
2022-03-03 12:56:40,929:INFO:Epoch 18, Training loss 109518.890625, Validation loss 109676.173828125
2022-03-03 12:56:43,194:INFO:Epoch 19, Training loss 109676.36328125, Validation loss 109608.646484375
2022-03-03 12:56:45,376:INFO:Epoch 20, Training loss 109496.923828125, Validation loss 109372.69140625
2022-03-03 12:56:47,600:INFO:Epoch 21, Training loss 109296.908203125, Validation loss 109259.115234375
2022-03-03 12:56:49,784:INFO:Epoch 22, Training loss 109222.08203125, Validation loss 109238.984375
2022-03-03 12:56:52,038:INFO:Epoch 23, Training loss 109198.646484375, Validation loss 109221.02734375
2022-03-03 12:56:54,225:INFO:Epoch 24, Training loss 109168.01953125, Validation loss 109189.380859375
2022-03-03 12:56:56,431:INFO:Epoch 25, Training loss 109132.673828125, Validation loss 109165.1015625
2022-03-03 12:56:58,619:INFO:Epoch 26, Training loss 109107.8515625, Validation loss 109149.927734375
2022-03-03 12:57:00,866:INFO:Epoch 27, Training loss 109088.76171875, Validation loss 109133.0078125
2022-03-03 12:57:03,064:INFO:Epoch 28, Training loss 109066.91796875, Validation loss 109114.072265625
2022-03-03 12:57:05,253:INFO:Epoch 29, Training loss 109044.76953125, Validation loss 109096.37890625
2022-03-03 12:57:07,461:INFO:Epoch 30, Training loss 109022.1484375, Validation loss 109077.25390625
2022-03-03 12:57:09,689:INFO:Epoch 31, Training loss 108998.3984375, Validation loss 109056.810546875
2022-03-03 12:57:11,901:INFO:Epoch 32, Training loss 108972.703125, Validation loss 109032.015625
2022-03-03 12:57:14,077:INFO:Epoch 33, Training loss 108945.42578125, Validation loss 109005.73828125
2022-03-03 12:57:16,289:INFO:Epoch 34, Training loss 108916.765625, Validation loss 108975.70703125
2022-03-03 12:57:18,515:INFO:Epoch 35, Training loss 108882.638671875, Validation loss 108945.07421875
2022-03-03 12:57:20,731:INFO:Epoch 36, Training loss 108848.236328125, Validation loss 108909.896484375
2022-03-03 12:57:22,889:INFO:Epoch 37, Training loss 108808.6328125, Validation loss 108871.142578125
2022-03-03 12:57:25,111:INFO:Epoch 38, Training loss 108768.0703125, Validation loss 108829.11328125
2022-03-03 12:57:27,275:INFO:Epoch 39, Training loss 108725.208984375, Validation loss 108787.357421875
2022-03-03 12:57:29,537:INFO:Epoch 40, Training loss 108684.34765625, Validation loss 108748.560546875
2022-03-03 12:57:31,720:INFO:Epoch 41, Training loss 108645.501953125, Validation loss 108719.51953125
2022-03-03 12:57:33,941:INFO:Epoch 42, Training loss 108620.90625, Validation loss 108700.25
2022-03-03 12:57:36,120:INFO:Epoch 43, Training loss 108601.09765625, Validation loss 108691.865234375
2022-03-03 12:57:38,378:INFO:Epoch 44, Training loss 108588.615234375, Validation loss 108688.091796875
2022-03-03 12:57:40,563:INFO:Epoch 45, Training loss 108583.76953125, Validation loss 108687.76171875
2022-03-03 12:57:42,764:INFO:Epoch 46, Training loss 108580.279296875, Validation loss 108685.19140625
2022-03-03 12:57:44,957:INFO:Epoch 47, Training loss 108577.55859375, Validation loss 108684.630859375
2022-03-03 12:57:47,206:INFO:Epoch 48, Training loss 108574.505859375, Validation loss 108679.3203125
2022-03-03 12:57:49,400:INFO:Epoch 49, Training loss 108572.98046875, Validation loss 108679.892578125
2022-03-03 12:57:51,589:INFO:Epoch 50, Training loss 108570.62890625, Validation loss 108677.431640625
2022-03-03 12:57:53,790:INFO:Epoch 51, Training loss 108569.673828125, Validation loss 108676.06640625
2022-03-03 12:57:56,022:INFO:Epoch 52, Training loss 108567.650390625, Validation loss 108674.25
2022-03-03 12:57:58,228:INFO:Epoch 53, Training loss 108565.259765625, Validation loss 108674.25
2022-03-03 12:58:00,408:INFO:Epoch 54, Training loss 108564.625, Validation loss 108673.052734375
2022-03-03 12:58:02,625:INFO:Epoch 55, Training loss 108563.525390625, Validation loss 108675.875
2022-03-03 12:58:04,849:INFO:Epoch 56, Training loss 108561.869140625, Validation loss 108671.751953125
2022-03-03 12:58:07,069:INFO:Epoch 57, Training loss 108560.5234375, Validation loss 108671.8828125
2022-03-03 12:58:09,235:INFO:Epoch 58, Training loss 108559.390625, Validation loss 108673.056640625
2022-03-03 12:58:11,461:INFO:Epoch 59, Training loss 108557.9609375, Validation loss 108671.626953125
2022-03-03 12:58:13,636:INFO:Epoch 60, Training loss 108558.13671875, Validation loss 108670.77734375
2022-03-03 12:58:15,899:INFO:Epoch 61, Training loss 108556.65234375, Validation loss 108667.169921875
2022-03-03 12:58:18,072:INFO:Epoch 62, Training loss 108555.197265625, Validation loss 108664.841796875
2022-03-03 12:58:20,294:INFO:Epoch 63, Training loss 108555.458984375, Validation loss 108668.046875
2022-03-03 12:58:22,475:INFO:Epoch 64, Training loss 108554.103515625, Validation loss 108669.759765625
2022-03-03 12:58:24,730:INFO:Epoch 65, Training loss 108553.185546875, Validation loss 108666.34375
2022-03-03 12:58:26,914:INFO:Epoch 66, Training loss 108551.572265625, Validation loss 108665.435546875
2022-03-03 12:58:29,122:INFO:Epoch 67, Training loss 108551.24609375, Validation loss 108665.69140625
2022-03-03 12:58:31,319:INFO:Epoch 68, Training loss 108550.427734375, Validation loss 108662.076171875
2022-03-03 12:58:33,570:INFO:Epoch 69, Training loss 108550.7265625, Validation loss 108661.81640625
2022-03-03 12:58:35,768:INFO:Epoch 70, Training loss 108550.318359375, Validation loss 108665.787109375
2022-03-03 12:58:37,957:INFO:Epoch 71, Training loss 108549.44921875, Validation loss 108663.720703125
2022-03-03 12:58:40,163:INFO:Epoch 72, Training loss 108549.00390625, Validation loss 108660.39453125
2022-03-03 12:58:42,396:INFO:Epoch 73, Training loss 108549.251953125, Validation loss 108665.78125
2022-03-03 12:58:44,603:INFO:Epoch 74, Training loss 108547.5390625, Validation loss 108659.185546875
2022-03-03 12:58:46,782:INFO:Epoch 75, Training loss 108550.982421875, Validation loss 108659.58203125
2022-03-03 12:58:48,997:INFO:Epoch 76, Training loss 108545.654296875, Validation loss 108667.41015625
2022-03-03 12:58:51,217:INFO:Epoch 77, Training loss 108546.9453125, Validation loss 108664.2265625
2022-03-03 12:58:53,435:INFO:Epoch 78, Training loss 108545.4375, Validation loss 108656.951171875
2022-03-03 12:58:55,601:INFO:Epoch 79, Training loss 108545.630859375, Validation loss 108663.876953125
2022-03-03 12:58:57,821:INFO:Epoch 80, Training loss 108544.908203125, Validation loss 108657.677734375
2022-03-03 12:58:59,990:INFO:Epoch 81, Training loss 108543.669921875, Validation loss 108661.9921875
2022-03-03 12:59:02,259:INFO:Epoch 82, Training loss 108542.736328125, Validation loss 108659.380859375
2022-03-03 12:59:04,436:INFO:Epoch 83, Training loss 108542.78125, Validation loss 108657.794921875
2022-03-03 12:59:06,655:INFO:Epoch 84, Training loss 108543.1328125, Validation loss 108660.4453125
2022-03-03 12:59:08,835:INFO:Epoch 85, Training loss 108542.169921875, Validation loss 108655.265625
2022-03-03 12:59:11,102:INFO:Epoch 86, Training loss 108541.16796875, Validation loss 108656.1171875
2022-03-03 12:59:13,287:INFO:Epoch 87, Training loss 108541.015625, Validation loss 108659.83203125
2022-03-03 12:59:15,488:INFO:Epoch 88, Training loss 108543.615234375, Validation loss 108665.373046875
2022-03-03 12:59:17,685:INFO:Epoch 89, Training loss 108541.73046875, Validation loss 108655.169921875
2022-03-03 12:59:19,933:INFO:Epoch 90, Training loss 108540.279296875, Validation loss 108657.240234375
2022-03-03 12:59:22,132:INFO:Epoch 91, Training loss 108539.9609375, Validation loss 108659.013671875
2022-03-03 12:59:24,323:INFO:Epoch 92, Training loss 108540.759765625, Validation loss 108657.05859375
2022-03-03 12:59:26,526:INFO:Epoch 93, Training loss 108539.57421875, Validation loss 108657.8671875
2022-03-03 12:59:28,763:INFO:Epoch 94, Training loss 108538.74609375, Validation loss 108657.98046875
2022-03-03 12:59:30,973:INFO:Epoch 95, Training loss 108539.587890625, Validation loss 108653.986328125
2022-03-03 12:59:33,155:INFO:Epoch 96, Training loss 108538.6015625, Validation loss 108658.197265625
2022-03-03 12:59:35,371:INFO:Epoch 97, Training loss 108537.259765625, Validation loss 108657.00390625
2022-03-03 12:59:37,592:INFO:Epoch 98, Training loss 108537.623046875, Validation loss 108659.189453125
2022-03-03 12:59:39,810:INFO:Epoch 99, Training loss 108537.146484375, Validation loss 108653.90234375
2022-03-03 12:59:41,976:INFO:Epoch 100, Training loss 108537.919921875, Validation loss 108656.33203125
2022-03-03 12:59:44,197:INFO:Epoch 101, Training loss 108536.3359375, Validation loss 108660.208984375
2022-03-03 12:59:46,372:INFO:Epoch 102, Training loss 108536.744140625, Validation loss 108658.142578125
2022-03-03 12:59:48,632:INFO:Epoch 103, Training loss 108536.62109375, Validation loss 108653.712890625
2022-03-03 12:59:50,808:INFO:Epoch 104, Training loss 108536.091796875, Validation loss 108659.31640625
2022-03-03 12:59:53,029:INFO:Epoch 105, Training loss 108536.271484375, Validation loss 108654.685546875
2022-03-03 12:59:55,211:INFO:Epoch 106, Training loss 108536.48828125, Validation loss 108655.7890625
2022-03-03 12:59:57,469:INFO:Epoch 107, Training loss 108536.013671875, Validation loss 108658.759765625
2022-03-03 12:59:59,655:INFO:Epoch 108, Training loss 108539.43359375, Validation loss 108656.666015625
2022-03-03 13:00:01,855:INFO:Epoch 109, Training loss 108534.828125, Validation loss 108655.396484375
2022-03-03 13:00:04,053:INFO:Epoch 110, Training loss 108535.79296875, Validation loss 108657.9921875
2022-03-03 13:00:06,299:INFO:Epoch 111, Training loss 108536.171875, Validation loss 108656.2265625
2022-03-03 13:00:08,493:INFO:Epoch 112, Training loss 108535.283203125, Validation loss 108654.5546875
2022-03-03 13:00:10,684:INFO:Epoch 113, Training loss 108534.044921875, Validation loss 108657.572265625
2022-03-03 13:00:12,885:INFO:Epoch 114, Training loss 108533.64453125, Validation loss 108658.87109375
2022-03-03 13:00:15,121:INFO:Epoch 115, Training loss 108533.484375, Validation loss 108654.724609375
2022-03-03 13:00:17,325:INFO:Epoch 116, Training loss 108533.73046875, Validation loss 108656.109375
2022-03-03 13:00:19,502:INFO:Epoch 117, Training loss 108534.458984375, Validation loss 108654.84375
2022-03-03 13:00:21,714:INFO:Epoch 118, Training loss 108532.236328125, Validation loss 108656.85546875
2022-03-03 13:00:23,936:INFO:Epoch 119, Training loss 108532.35546875, Validation loss 108653.15625
2022-03-03 13:00:26,154:INFO:Epoch 120, Training loss 108532.546875, Validation loss 108654.4765625
2022-03-03 13:00:28,317:INFO:Epoch 121, Training loss 108532.09765625, Validation loss 108660.541015625
2022-03-03 13:00:30,538:INFO:Epoch 122, Training loss 108531.935546875, Validation loss 108654.326171875
2022-03-03 13:00:32,717:INFO:Epoch 123, Training loss 108531.69921875, Validation loss 108653.474609375
2022-03-03 13:00:34,982:INFO:Epoch 124, Training loss 108529.609375, Validation loss 108658.484375
2022-03-03 13:00:37,155:INFO:Epoch 125, Training loss 108531.625, Validation loss 108654.765625
2022-03-03 13:00:39,376:INFO:Epoch 126, Training loss 108530.580078125, Validation loss 108656.017578125
2022-03-03 13:00:41,558:INFO:Epoch 127, Training loss 108529.8359375, Validation loss 108654.509765625
2022-03-03 13:00:43,815:INFO:Epoch 128, Training loss 108530.361328125, Validation loss 108655.08984375
2022-03-03 13:00:46,000:INFO:Epoch 129, Training loss 108533.443359375, Validation loss 108655.66796875
2022-03-03 13:00:48,204:INFO:Epoch 130, Training loss 108529.578125, Validation loss 108661.4296875
2022-03-03 13:00:50,399:INFO:Epoch 131, Training loss 108531.078125, Validation loss 108653.240234375
2022-03-03 13:00:52,646:INFO:Epoch 132, Training loss 108529.37890625, Validation loss 108652.79296875
2022-03-03 13:00:54,840:INFO:Epoch 133, Training loss 108532.8359375, Validation loss 108660.041015625
2022-03-03 13:00:57,028:INFO:Epoch 134, Training loss 108529.375, Validation loss 108655.947265625
2022-03-03 13:00:59,230:INFO:Epoch 135, Training loss 108530.962890625, Validation loss 108654.056640625
2022-03-03 13:01:01,464:INFO:Epoch 136, Training loss 108528.34765625, Validation loss 108658.931640625
2022-03-03 13:01:03,674:INFO:Epoch 137, Training loss 108530.123046875, Validation loss 108653.7890625
2022-03-03 13:01:05,854:INFO:Epoch 138, Training loss 108528.568359375, Validation loss 108660.03125
2022-03-03 13:01:08,066:INFO:Epoch 139, Training loss 108527.712890625, Validation loss 108658.541015625
2022-03-03 13:01:10,287:INFO:Epoch 140, Training loss 108528.7421875, Validation loss 108652.90234375
2022-03-03 13:01:12,505:INFO:Epoch 141, Training loss 108529.22265625, Validation loss 108659.73046875
2022-03-03 13:01:14,674:INFO:Epoch 142, Training loss 108528.734375, Validation loss 108659.181640625
2022-03-03 13:01:16,897:INFO:Epoch 143, Training loss 108527.79296875, Validation loss 108654.552734375
2022-03-03 13:01:19,069:INFO:Epoch 144, Training loss 108528.18359375, Validation loss 108654.8125
2022-03-03 13:01:21,352:INFO:Epoch 145, Training loss 108525.74609375, Validation loss 108662.044921875
2022-03-03 13:01:23,525:INFO:Epoch 146, Training loss 108528.70703125, Validation loss 108656.048828125
2022-03-03 13:01:25,742:INFO:Epoch 147, Training loss 108528.1484375, Validation loss 108655.0078125
2022-03-03 13:01:27,923:INFO:Epoch 148, Training loss 108526.794921875, Validation loss 108661.802734375
2022-03-03 13:01:30,174:INFO:Epoch 149, Training loss 108526.228515625, Validation loss 108657.810546875
2022-03-03 13:01:32,358:INFO:Epoch 150, Training loss 108527.154296875, Validation loss 108654.99609375
2022-03-03 13:01:34,556:INFO:Epoch 151, Training loss 108525.841796875, Validation loss 108655.6640625
2022-03-03 13:01:36,748:INFO:Epoch 152, Training loss 108528.75390625, Validation loss 108664.607421875
2022-03-03 13:01:38,992:INFO:Epoch 153, Training loss 108528.873046875, Validation loss 108654.5703125
2022-03-03 13:01:41,187:INFO:Epoch 154, Training loss 108528.626953125, Validation loss 108661.287109375
2022-03-03 13:01:43,374:INFO:Epoch 155, Training loss 108526.994140625, Validation loss 108660.123046875
2022-03-03 13:01:45,576:INFO:Epoch 156, Training loss 108527.408203125, Validation loss 108652.498046875
2022-03-03 13:01:47,811:INFO:Epoch 157, Training loss 108526.939453125, Validation loss 108660.76953125
2022-03-03 13:01:50,013:INFO:Epoch 158, Training loss 108526.076171875, Validation loss 108656.359375
2022-03-03 13:01:52,190:INFO:Epoch 159, Training loss 108524.712890625, Validation loss 108656.892578125
2022-03-03 13:01:54,401:INFO:Epoch 160, Training loss 108525.404296875, Validation loss 108657.748046875
2022-03-03 13:01:56,623:INFO:Epoch 161, Training loss 108524.861328125, Validation loss 108658.15625
2022-03-03 13:01:58,838:INFO:Epoch 162, Training loss 108528.12890625, Validation loss 108657.544921875
2022-03-03 13:02:01,000:INFO:Epoch 163, Training loss 108525.396484375, Validation loss 108659.65625
2022-03-03 13:02:03,226:INFO:Epoch 164, Training loss 108524.654296875, Validation loss 108654.421875
2022-03-03 13:02:05,394:INFO:Epoch 165, Training loss 108525.8046875, Validation loss 108655.603515625
2022-03-03 13:02:07,658:INFO:Epoch 166, Training loss 108524.564453125, Validation loss 108660.251953125
2022-03-03 13:02:09,828:INFO:Epoch 167, Training loss 108525.224609375, Validation loss 108658.5078125
2022-03-03 13:02:12,045:INFO:Epoch 168, Training loss 108522.912109375, Validation loss 108657.1796875
2022-03-03 13:02:14,229:INFO:Epoch 169, Training loss 108524.1796875, Validation loss 108658.78125
2022-03-03 13:02:16,490:INFO:Epoch 170, Training loss 108526.939453125, Validation loss 108657.33984375
2022-03-03 13:02:18,675:INFO:Epoch 171, Training loss 108522.52734375, Validation loss 108659.13671875
2022-03-03 13:02:20,875:INFO:Epoch 172, Training loss 108523.978515625, Validation loss 108654.3671875
2022-03-03 13:02:23,068:INFO:Epoch 173, Training loss 108521.994140625, Validation loss 108657.60546875
2022-03-03 13:02:25,315:INFO:Epoch 174, Training loss 108522.58203125, Validation loss 108661.99609375
2022-03-03 13:02:27,516:INFO:Epoch 175, Training loss 108523.1953125, Validation loss 108655.041015625
2022-03-03 13:02:29,706:INFO:Epoch 176, Training loss 108525.572265625, Validation loss 108661.01953125
2022-03-03 13:02:31,913:INFO:Epoch 177, Training loss 108521.84375, Validation loss 108654.919921875
2022-03-03 13:02:34,147:INFO:Epoch 178, Training loss 108523.478515625, Validation loss 108656.01953125
2022-03-03 13:02:36,352:INFO:Epoch 179, Training loss 108522.80859375, Validation loss 108658.404296875
2022-03-03 13:02:38,529:INFO:Epoch 180, Training loss 108522.73828125, Validation loss 108658.03515625
2022-03-03 13:02:40,738:INFO:Epoch 181, Training loss 108523.19921875, Validation loss 108656.654296875
2022-03-03 13:02:42,964:INFO:Epoch 182, Training loss 108523.275390625, Validation loss 108654.330078125
2022-03-03 13:02:45,180:INFO:Epoch 183, Training loss 108522.107421875, Validation loss 108664.177734375
2022-03-03 13:02:47,345:INFO:Epoch 184, Training loss 108522.0078125, Validation loss 108654.78515625
2022-03-03 13:02:49,566:INFO:Epoch 185, Training loss 108521.8984375, Validation loss 108660.306640625
2022-03-03 13:02:51,737:INFO:Epoch 186, Training loss 108520.30859375, Validation loss 108654.36328125
2022-03-03 13:02:53,999:INFO:Epoch 187, Training loss 108522.091796875, Validation loss 108662.390625
2022-03-03 13:02:56,174:INFO:Epoch 188, Training loss 108521.48046875, Validation loss 108660.484375
2022-03-03 13:02:58,393:INFO:Epoch 189, Training loss 108523.234375, Validation loss 108656.572265625
2022-03-03 13:03:00,575:INFO:Epoch 190, Training loss 108522.10546875, Validation loss 108660.388671875
2022-03-03 13:03:02,832:INFO:Epoch 191, Training loss 108518.951171875, Validation loss 108659.28125
2022-03-03 13:03:05,019:INFO:Epoch 192, Training loss 108520.763671875, Validation loss 108659.517578125
2022-03-03 13:03:07,216:INFO:Epoch 193, Training loss 108519.005859375, Validation loss 108658.419921875
2022-03-03 13:03:09,408:INFO:Epoch 194, Training loss 108521.228515625, Validation loss 108660.115234375
2022-03-03 13:03:11,652:INFO:Epoch 195, Training loss 108521.572265625, Validation loss 108658.83984375
2022-03-03 13:03:13,848:INFO:Epoch 196, Training loss 108520.5546875, Validation loss 108653.796875
2022-03-03 13:03:16,036:INFO:Epoch 197, Training loss 108520.560546875, Validation loss 108659.380859375
2022-03-03 13:03:18,241:INFO:Epoch 198, Training loss 108522.193359375, Validation loss 108661.087890625
2022-03-03 13:03:20,477:INFO:Epoch 199, Training loss 108521.4375, Validation loss 108657.390625
2022-03-03 13:03:22,682:INFO:Epoch 200, Training loss 108519.82421875, Validation loss 108658.91796875
2022-03-03 13:03:24,860:INFO:Epoch 201, Training loss 108521.548828125, Validation loss 108656.80078125
2022-03-03 13:03:27,070:INFO:Epoch 202, Training loss 108520.845703125, Validation loss 108666.95703125
2022-03-03 13:03:29,295:INFO:Epoch 203, Training loss 108524.833984375, Validation loss 108659.01953125
2022-03-03 13:03:31,512:INFO:Epoch 204, Training loss 108527.388671875, Validation loss 108667.142578125
2022-03-03 13:03:33,677:INFO:Epoch 205, Training loss 108525.513671875, Validation loss 108656.099609375
2022-03-03 13:03:35,901:INFO:Epoch 206, Training loss 108521.0078125, Validation loss 108659.919921875
2022-03-03 13:03:35,908:INFO:Finished training
