2022-03-03 12:56:00,543:INFO:All directories created, ready to load the data
2022-03-03 12:56:00,593:INFO:Dataset loaded from /data/theorie/jthoeve/training_data/zh/features_mzh_y_ptz_v2/lin/cHW/events_9.pkl.gz
2022-03-03 12:56:00,657:INFO:Dataset loaded from /data/theorie/jthoeve/training_data/zh/features_mzh_y_ptz_v2/sm/events_9.pkl.gz
2022-03-03 12:56:02,848:INFO:Epoch 1, Training loss 131121.498046875, Validation loss 125462.48046875
2022-03-03 12:56:05,067:INFO:Epoch 2, Training loss 122773.91015625, Validation loss 119312.20703125
2022-03-03 12:56:07,240:INFO:Epoch 3, Training loss 117557.462890625, Validation loss 115227.658203125
2022-03-03 12:56:09,450:INFO:Epoch 4, Training loss 114034.853515625, Validation loss 112427.962890625
2022-03-03 12:56:11,700:INFO:Epoch 5, Training loss 111614.04296875, Validation loss 110557.958984375
2022-03-03 12:56:14,020:INFO:Epoch 6, Training loss 110116.4453125, Validation loss 109587.609375
2022-03-03 12:56:16,271:INFO:Epoch 7, Training loss 109438.57421875, Validation loss 109283.2109375
2022-03-03 12:56:18,506:INFO:Epoch 8, Training loss 109298.625, Validation loss 109313.208984375
2022-03-03 12:56:20,759:INFO:Epoch 9, Training loss 109353.943359375, Validation loss 109359.0390625
2022-03-03 12:56:23,049:INFO:Epoch 10, Training loss 109356.109375, Validation loss 109304.0078125
2022-03-03 12:56:25,307:INFO:Epoch 11, Training loss 109274.142578125, Validation loss 109208.537109375
2022-03-03 12:56:27,532:INFO:Epoch 12, Training loss 109185.8125, Validation loss 109145.666015625
2022-03-03 12:56:29,803:INFO:Epoch 13, Training loss 109136.611328125, Validation loss 109121.36328125
2022-03-03 12:56:32,078:INFO:Epoch 14, Training loss 109116.466796875, Validation loss 109107.513671875
2022-03-03 12:56:34,335:INFO:Epoch 15, Training loss 109098.544921875, Validation loss 109086.236328125
2022-03-03 12:56:36,556:INFO:Epoch 16, Training loss 109072.904296875, Validation loss 109063.189453125
2022-03-03 12:56:38,831:INFO:Epoch 17, Training loss 109049.251953125, Validation loss 109043.4140625
2022-03-03 12:56:41,053:INFO:Epoch 18, Training loss 109028.701171875, Validation loss 109025.732421875
2022-03-03 12:56:43,369:INFO:Epoch 19, Training loss 109009.396484375, Validation loss 109007.078125
2022-03-03 12:56:45,592:INFO:Epoch 20, Training loss 108988.58203125, Validation loss 108986.75390625
2022-03-03 12:56:47,860:INFO:Epoch 21, Training loss 108966.9453125, Validation loss 108965.904296875
2022-03-03 12:56:50,095:INFO:Epoch 22, Training loss 108944.185546875, Validation loss 108945.798828125
2022-03-03 12:56:52,404:INFO:Epoch 23, Training loss 108921.849609375, Validation loss 108923.587890625
2022-03-03 12:56:54,636:INFO:Epoch 24, Training loss 108897.865234375, Validation loss 108900.888671875
2022-03-03 12:56:56,884:INFO:Epoch 25, Training loss 108872.658203125, Validation loss 108876.91015625
2022-03-03 12:56:59,126:INFO:Epoch 26, Training loss 108846.40234375, Validation loss 108851.62109375
2022-03-03 12:57:01,425:INFO:Epoch 27, Training loss 108819.29296875, Validation loss 108825.375
2022-03-03 12:57:03,674:INFO:Epoch 28, Training loss 108788.921875, Validation loss 108797.158203125
2022-03-03 12:57:05,917:INFO:Epoch 29, Training loss 108756.5234375, Validation loss 108767.615234375
2022-03-03 12:57:08,177:INFO:Epoch 30, Training loss 108725.09375, Validation loss 108738.04296875
2022-03-03 12:57:10,461:INFO:Epoch 31, Training loss 108694.0234375, Validation loss 108708.384765625
2022-03-03 12:57:12,721:INFO:Epoch 32, Training loss 108663.435546875, Validation loss 108680.474609375
2022-03-03 12:57:14,956:INFO:Epoch 33, Training loss 108635.841796875, Validation loss 108655.33984375
2022-03-03 12:57:17,228:INFO:Epoch 34, Training loss 108612.326171875, Validation loss 108632.01953125
2022-03-03 12:57:19,500:INFO:Epoch 35, Training loss 108587.666015625, Validation loss 108612.84765625
2022-03-03 12:57:21,779:INFO:Epoch 36, Training loss 108566.32421875, Validation loss 108600.021484375
2022-03-03 12:57:24,012:INFO:Epoch 37, Training loss 108550.177734375, Validation loss 108586.75390625
2022-03-03 12:57:26,279:INFO:Epoch 38, Training loss 108540.822265625, Validation loss 108579.796875
2022-03-03 12:57:28,497:INFO:Epoch 39, Training loss 108528.90625, Validation loss 108575.162109375
2022-03-03 12:57:30,821:INFO:Epoch 40, Training loss 108523.529296875, Validation loss 108571.37109375
2022-03-03 12:57:33,046:INFO:Epoch 41, Training loss 108518.1015625, Validation loss 108566.5546875
2022-03-03 12:57:35,320:INFO:Epoch 42, Training loss 108513.845703125, Validation loss 108563.609375
2022-03-03 12:57:37,556:INFO:Epoch 43, Training loss 108510.439453125, Validation loss 108562.45703125
2022-03-03 12:57:39,869:INFO:Epoch 44, Training loss 108506.634765625, Validation loss 108559.115234375
2022-03-03 12:57:42,117:INFO:Epoch 45, Training loss 108503.625, Validation loss 108557.998046875
2022-03-03 12:57:44,371:INFO:Epoch 46, Training loss 108502.0859375, Validation loss 108555.607421875
2022-03-03 12:57:46,621:INFO:Epoch 47, Training loss 108499.662109375, Validation loss 108554.126953125
2022-03-03 12:57:48,919:INFO:Epoch 48, Training loss 108497.78515625, Validation loss 108552.884765625
2022-03-03 12:57:51,171:INFO:Epoch 49, Training loss 108499.37109375, Validation loss 108551.64453125
2022-03-03 12:57:53,408:INFO:Epoch 50, Training loss 108495.25390625, Validation loss 108550.08984375
2022-03-03 12:57:55,656:INFO:Epoch 51, Training loss 108494.615234375, Validation loss 108549.455078125
2022-03-03 12:57:57,943:INFO:Epoch 52, Training loss 108494.966796875, Validation loss 108552.765625
2022-03-03 12:58:00,204:INFO:Epoch 53, Training loss 108493.7109375, Validation loss 108548.736328125
2022-03-03 12:58:02,431:INFO:Epoch 54, Training loss 108491.19140625, Validation loss 108547.083984375
2022-03-03 12:58:04,704:INFO:Epoch 55, Training loss 108491.3515625, Validation loss 108547.59375
2022-03-03 12:58:06,986:INFO:Epoch 56, Training loss 108489.802734375, Validation loss 108545.212890625
2022-03-03 12:58:09,256:INFO:Epoch 57, Training loss 108487.650390625, Validation loss 108545.365234375
2022-03-03 12:58:11,480:INFO:Epoch 58, Training loss 108487.6015625, Validation loss 108545.453125
2022-03-03 12:58:13,755:INFO:Epoch 59, Training loss 108485.607421875, Validation loss 108544.125
2022-03-03 12:58:15,980:INFO:Epoch 60, Training loss 108486.90625, Validation loss 108542.982421875
2022-03-03 12:58:18,300:INFO:Epoch 61, Training loss 108487.83984375, Validation loss 108544.361328125
2022-03-03 12:58:20,528:INFO:Epoch 62, Training loss 108486.033203125, Validation loss 108542.35546875
2022-03-03 12:58:22,800:INFO:Epoch 63, Training loss 108484.189453125, Validation loss 108541.306640625
2022-03-03 12:58:25,051:INFO:Epoch 64, Training loss 108483.955078125, Validation loss 108543.556640625
2022-03-03 12:58:27,362:INFO:Epoch 65, Training loss 108483.33203125, Validation loss 108542.2265625
2022-03-03 12:58:29,600:INFO:Epoch 66, Training loss 108483.39453125, Validation loss 108542.318359375
2022-03-03 12:58:31,865:INFO:Epoch 67, Training loss 108482.716796875, Validation loss 108542.16796875
2022-03-03 12:58:34,112:INFO:Epoch 68, Training loss 108481.76953125, Validation loss 108540.224609375
2022-03-03 12:58:36,417:INFO:Epoch 69, Training loss 108481.775390625, Validation loss 108541.623046875
2022-03-03 12:58:38,667:INFO:Epoch 70, Training loss 108480.5, Validation loss 108541.5390625
2022-03-03 12:58:40,912:INFO:Epoch 71, Training loss 108479.28515625, Validation loss 108540.96875
2022-03-03 12:58:43,165:INFO:Epoch 72, Training loss 108478.037109375, Validation loss 108539.40234375
2022-03-03 12:58:45,457:INFO:Epoch 73, Training loss 108478.458984375, Validation loss 108540.021484375
2022-03-03 12:58:47,716:INFO:Epoch 74, Training loss 108479.173828125, Validation loss 108539.380859375
2022-03-03 12:58:49,941:INFO:Epoch 75, Training loss 108477.822265625, Validation loss 108540.701171875
2022-03-03 12:58:52,213:INFO:Epoch 76, Training loss 108476.982421875, Validation loss 108540.23046875
2022-03-03 12:58:54,493:INFO:Epoch 77, Training loss 108477.859375, Validation loss 108539.927734375
2022-03-03 12:58:56,767:INFO:Epoch 78, Training loss 108475.064453125, Validation loss 108541.330078125
2022-03-03 12:58:58,989:INFO:Epoch 79, Training loss 108477.6796875, Validation loss 108541.53125
2022-03-03 12:59:01,271:INFO:Epoch 80, Training loss 108474.240234375, Validation loss 108540.345703125
2022-03-03 12:59:03,507:INFO:Epoch 81, Training loss 108475.30859375, Validation loss 108540.060546875
2022-03-03 12:59:05,822:INFO:Epoch 82, Training loss 108477.28125, Validation loss 108541.837890625
2022-03-03 12:59:08,053:INFO:Epoch 83, Training loss 108474.0234375, Validation loss 108539.890625
2022-03-03 12:59:10,324:INFO:Epoch 84, Training loss 108472.666015625, Validation loss 108539.6015625
2022-03-03 12:59:12,561:INFO:Epoch 85, Training loss 108472.0078125, Validation loss 108540.98046875
2022-03-03 12:59:14,871:INFO:Epoch 86, Training loss 108472.3125, Validation loss 108539.6484375
2022-03-03 12:59:17,106:INFO:Epoch 87, Training loss 108472.5390625, Validation loss 108541.6640625
2022-03-03 12:59:19,358:INFO:Epoch 88, Training loss 108472.205078125, Validation loss 108539.978515625
2022-03-03 12:59:21,595:INFO:Epoch 89, Training loss 108470.939453125, Validation loss 108539.234375
2022-03-03 12:59:23,894:INFO:Epoch 90, Training loss 108469.841796875, Validation loss 108541.53515625
2022-03-03 12:59:26,147:INFO:Epoch 91, Training loss 108469.83203125, Validation loss 108540.521484375
2022-03-03 12:59:28,389:INFO:Epoch 92, Training loss 108470.9453125, Validation loss 108541.904296875
2022-03-03 12:59:30,641:INFO:Epoch 93, Training loss 108470.0546875, Validation loss 108539.880859375
2022-03-03 12:59:32,930:INFO:Epoch 94, Training loss 108473.125, Validation loss 108543.36328125
2022-03-03 12:59:35,194:INFO:Epoch 95, Training loss 108468.7578125, Validation loss 108539.908203125
2022-03-03 12:59:37,419:INFO:Epoch 96, Training loss 108468.625, Validation loss 108540.978515625
2022-03-03 12:59:39,688:INFO:Epoch 97, Training loss 108468.94140625, Validation loss 108540.40625
2022-03-03 12:59:41,971:INFO:Epoch 98, Training loss 108467.138671875, Validation loss 108539.853515625
2022-03-03 12:59:44,241:INFO:Epoch 99, Training loss 108468.013671875, Validation loss 108540.650390625
2022-03-03 12:59:46,466:INFO:Epoch 100, Training loss 108466.392578125, Validation loss 108540.009765625
2022-03-03 12:59:48,735:INFO:Epoch 101, Training loss 108465.00390625, Validation loss 108540.693359375
2022-03-03 12:59:50,953:INFO:Epoch 102, Training loss 108466.11328125, Validation loss 108541.298828125
2022-03-03 12:59:53,271:INFO:Epoch 103, Training loss 108465.095703125, Validation loss 108539.4140625
2022-03-03 12:59:55,500:INFO:Epoch 104, Training loss 108465.806640625, Validation loss 108539.365234375
2022-03-03 12:59:57,776:INFO:Epoch 105, Training loss 108465.763671875, Validation loss 108541.58203125
2022-03-03 13:00:00,014:INFO:Epoch 106, Training loss 108465.060546875, Validation loss 108540.962890625
2022-03-03 13:00:02,324:INFO:Epoch 107, Training loss 108465.5703125, Validation loss 108540.08203125
2022-03-03 13:00:04,558:INFO:Epoch 108, Training loss 108464.220703125, Validation loss 108539.70703125
2022-03-03 13:00:06,804:INFO:Epoch 109, Training loss 108463.486328125, Validation loss 108540.1796875
2022-03-03 13:00:09,053:INFO:Epoch 110, Training loss 108464.619140625, Validation loss 108539.14453125
2022-03-03 13:00:11,347:INFO:Epoch 111, Training loss 108463.83984375, Validation loss 108540.654296875
2022-03-03 13:00:13,596:INFO:Epoch 112, Training loss 108464.6484375, Validation loss 108540.85546875
2022-03-03 13:00:15,853:INFO:Epoch 113, Training loss 108463.525390625, Validation loss 108540.701171875
2022-03-03 13:00:18,106:INFO:Epoch 114, Training loss 108463.6953125, Validation loss 108538.076171875
2022-03-03 13:00:20,396:INFO:Epoch 115, Training loss 108466.087890625, Validation loss 108540.21875
2022-03-03 13:00:22,653:INFO:Epoch 116, Training loss 108461.5703125, Validation loss 108539.62890625
2022-03-03 13:00:24,881:INFO:Epoch 117, Training loss 108463.1640625, Validation loss 108539.859375
2022-03-03 13:00:27,154:INFO:Epoch 118, Training loss 108464.513671875, Validation loss 108540.7109375
2022-03-03 13:00:29,435:INFO:Epoch 119, Training loss 108463.861328125, Validation loss 108539.58203125
2022-03-03 13:00:31,708:INFO:Epoch 120, Training loss 108462.087890625, Validation loss 108539.595703125
2022-03-03 13:00:33,931:INFO:Epoch 121, Training loss 108463.05078125, Validation loss 108541.107421875
2022-03-03 13:00:36,201:INFO:Epoch 122, Training loss 108460.71484375, Validation loss 108541.671875
2022-03-03 13:00:38,423:INFO:Epoch 123, Training loss 108460.77734375, Validation loss 108538.658203125
2022-03-03 13:00:40,747:INFO:Epoch 124, Training loss 108460.6640625, Validation loss 108538.845703125
2022-03-03 13:00:42,973:INFO:Epoch 125, Training loss 108462.9921875, Validation loss 108538.4765625
2022-03-03 13:00:45,257:INFO:Epoch 126, Training loss 108459.056640625, Validation loss 108540.146484375
2022-03-03 13:00:47,494:INFO:Epoch 127, Training loss 108462.638671875, Validation loss 108543.00390625
2022-03-03 13:00:49,800:INFO:Epoch 128, Training loss 108463.740234375, Validation loss 108538.59375
2022-03-03 13:00:52,044:INFO:Epoch 129, Training loss 108463.48828125, Validation loss 108541.302734375
2022-03-03 13:00:54,298:INFO:Epoch 130, Training loss 108461.064453125, Validation loss 108539.671875
2022-03-03 13:00:56,541:INFO:Epoch 131, Training loss 108458.326171875, Validation loss 108540.04296875
2022-03-03 13:00:58,841:INFO:Epoch 132, Training loss 108459.697265625, Validation loss 108540.837890625
2022-03-03 13:01:01,094:INFO:Epoch 133, Training loss 108460.302734375, Validation loss 108538.912109375
2022-03-03 13:01:03,338:INFO:Epoch 134, Training loss 108460.666015625, Validation loss 108540.814453125
2022-03-03 13:01:05,593:INFO:Epoch 135, Training loss 108459.537109375, Validation loss 108541.18359375
2022-03-03 13:01:07,891:INFO:Epoch 136, Training loss 108457.6640625, Validation loss 108540.373046875
2022-03-03 13:01:10,143:INFO:Epoch 137, Training loss 108459.18359375, Validation loss 108538.625
2022-03-03 13:01:12,375:INFO:Epoch 138, Training loss 108458.650390625, Validation loss 108538.12109375
2022-03-03 13:01:14,648:INFO:Epoch 139, Training loss 108458.34765625, Validation loss 108541.818359375
2022-03-03 13:01:16,927:INFO:Epoch 140, Training loss 108460.412109375, Validation loss 108539.32421875
2022-03-03 13:01:19,190:INFO:Epoch 141, Training loss 108459.587890625, Validation loss 108539.4453125
2022-03-03 13:01:21,411:INFO:Epoch 142, Training loss 108459.1484375, Validation loss 108538.794921875
2022-03-03 13:01:23,687:INFO:Epoch 143, Training loss 108458.373046875, Validation loss 108541.9375
2022-03-03 13:01:25,912:INFO:Epoch 144, Training loss 108459.619140625, Validation loss 108539.68359375
2022-03-03 13:01:28,229:INFO:Epoch 145, Training loss 108457.763671875, Validation loss 108539.275390625
2022-03-03 13:01:30,455:INFO:Epoch 146, Training loss 108457.97265625, Validation loss 108541.037109375
2022-03-03 13:01:32,723:INFO:Epoch 147, Training loss 108459.39453125, Validation loss 108541.435546875
2022-03-03 13:01:34,957:INFO:Epoch 148, Training loss 108457.4296875, Validation loss 108539.6328125
2022-03-03 13:01:37,271:INFO:Epoch 149, Training loss 108456.67578125, Validation loss 108539.044921875
2022-03-03 13:01:39,510:INFO:Epoch 150, Training loss 108456.279296875, Validation loss 108542.091796875
2022-03-03 13:01:41,768:INFO:Epoch 151, Training loss 108454.806640625, Validation loss 108540.6796875
2022-03-03 13:01:44,016:INFO:Epoch 152, Training loss 108455.384765625, Validation loss 108539.171875
2022-03-03 13:01:46,314:INFO:Epoch 153, Training loss 108455.8359375, Validation loss 108539.251953125
2022-03-03 13:01:48,564:INFO:Epoch 154, Training loss 108456.09375, Validation loss 108540.455078125
2022-03-03 13:01:50,814:INFO:Epoch 155, Training loss 108458.4140625, Validation loss 108540.318359375
2022-03-03 13:01:53,075:INFO:Epoch 156, Training loss 108459.6953125, Validation loss 108544.98828125
2022-03-03 13:01:55,369:INFO:Epoch 157, Training loss 108456.759765625, Validation loss 108539.826171875
2022-03-03 13:01:57,626:INFO:Epoch 158, Training loss 108456.208984375, Validation loss 108540.958984375
2022-03-03 13:01:59,859:INFO:Epoch 159, Training loss 108455.857421875, Validation loss 108541.0546875
2022-03-03 13:02:02,121:INFO:Epoch 160, Training loss 108457.0078125, Validation loss 108538.431640625
2022-03-03 13:02:04,401:INFO:Epoch 161, Training loss 108453.501953125, Validation loss 108541.53515625
2022-03-03 13:02:06,672:INFO:Epoch 162, Training loss 108455.271484375, Validation loss 108541.53125
2022-03-03 13:02:08,885:INFO:Epoch 163, Training loss 108455.693359375, Validation loss 108539.125
2022-03-03 13:02:11,159:INFO:Epoch 164, Training loss 108455.109375, Validation loss 108541.435546875
2022-03-03 13:02:11,165:INFO:Finished training
