1.836380156250000000e+05
1.725916953125000000e+05
1.573612578125000000e+05
1.512237402343750000e+05
1.489496796875000000e+05
1.482721914062500000e+05
1.480523632812500000e+05
1.477434160156250000e+05
1.472273593750000000e+05
1.465670546875000000e+05
1.459734609375000000e+05
1.454830019531250000e+05
1.450057734375000000e+05
1.445711875000000000e+05
1.441950664062500000e+05
1.439207109375000000e+05
1.437641347656250000e+05
1.436934648437500000e+05
1.436571601562500000e+05
1.436174296875000000e+05
1.435809257812500000e+05
1.435560917968750000e+05
1.435364042968750000e+05
1.435233671875000000e+05
1.435100839843750000e+05
1.435040644531250000e+05
1.434982304687500000e+05
1.434935371093750000e+05
1.434921210937500000e+05
1.434884433593750000e+05
1.434916835937500000e+05
1.434911425781250000e+05
1.434828613281250000e+05
1.434786132812500000e+05
1.434779863281250000e+05
1.434749042968750000e+05
1.434755585937500000e+05
1.434775507812500000e+05
1.434732910156250000e+05
1.434733476562500000e+05
1.434712128906250000e+05
1.434821835937500000e+05
1.434788515625000000e+05
1.434759589843750000e+05
1.434729902343750000e+05
1.434673945312500000e+05
1.434676503906250000e+05
1.434677460937500000e+05
1.434697460937500000e+05
1.434661679687500000e+05
1.434639628906250000e+05
1.434648691406250000e+05
1.434657968750000000e+05
1.434640644531250000e+05
1.434666503906250000e+05
1.434628398437500000e+05
1.434618339843750000e+05
1.434605527343750000e+05
1.434611386718750000e+05
1.434626132812500000e+05
1.434613886718750000e+05
1.434599667968750000e+05
1.434588261718750000e+05
1.434575683593750000e+05
1.434573867187500000e+05
1.434592558593750000e+05
1.434556679687500000e+05
1.434572500000000000e+05
1.434558242187500000e+05
1.434566367187500000e+05
1.434618730468750000e+05
1.434591699218750000e+05
1.434563671875000000e+05
1.434548085937500000e+05
1.434526484375000000e+05
1.434536933593750000e+05
1.434521601562500000e+05
1.434530312500000000e+05
1.434539726562500000e+05
1.434558144531250000e+05
1.434568496093750000e+05
1.434586484375000000e+05
1.434578398437500000e+05
1.434622480468750000e+05
1.434623085937500000e+05
1.434687773437500000e+05
1.434595761718750000e+05
1.434534824218750000e+05
1.434505390625000000e+05
1.434522500000000000e+05
1.434545136718750000e+05
1.434532480468750000e+05
1.434512910156250000e+05
1.434489570312500000e+05
1.434562753906250000e+05
1.434576035156250000e+05
1.434540019531250000e+05
1.434529785156250000e+05
1.434501367187500000e+05
1.434502226562500000e+05
1.434494433593750000e+05
1.434520859375000000e+05
1.434505429687500000e+05
1.434487832031250000e+05
1.434486582031250000e+05
1.434486679687500000e+05
1.434525292968750000e+05
1.434528398437500000e+05
1.434605898437500000e+05
1.434520605468750000e+05
1.434511816406250000e+05
1.434517871093750000e+05
1.434502792968750000e+05
1.434510957031250000e+05
1.434457988281250000e+05
1.434472714843750000e+05
1.434480585937500000e+05
1.434558769531250000e+05
1.434486308593750000e+05
1.434515351562500000e+05
1.434475371093750000e+05
1.434460937500000000e+05
1.434499746093750000e+05
1.434483964843750000e+05
1.434487812500000000e+05
1.434485039062500000e+05
1.434478242187500000e+05
1.434514335937500000e+05
1.434481953125000000e+05
1.434520390625000000e+05
1.434503593750000000e+05
1.434570292968750000e+05
1.434486660156250000e+05
1.434480429687500000e+05
1.434498789062500000e+05
1.434464765625000000e+05
1.434449589843750000e+05
1.434508554687500000e+05
1.434464492187500000e+05
1.434480878906250000e+05
1.434489628906250000e+05
1.434499863281250000e+05
1.434445507812500000e+05
1.434454882812500000e+05
1.434422597656250000e+05
1.434434335937500000e+05
1.434453828125000000e+05
1.434503085937500000e+05
1.434516386718750000e+05
1.434489179687500000e+05
1.434511230468750000e+05
1.434498164062500000e+05
1.434477050781250000e+05
1.434457968750000000e+05
1.434450000000000000e+05
1.434466972656250000e+05
1.434442207031250000e+05
1.434533710937500000e+05
1.434400410156250000e+05
1.434440078125000000e+05
1.434441523437500000e+05
1.434436015625000000e+05
1.434438261718750000e+05
1.434426562500000000e+05
1.434471328125000000e+05
1.434429355468750000e+05
1.434498203125000000e+05
1.434460917968750000e+05
1.434471835937500000e+05
1.434408203125000000e+05
1.434432226562500000e+05
1.434489296875000000e+05
1.434434511718750000e+05
1.434548222656250000e+05
1.434410078125000000e+05
1.434439492187500000e+05
1.434445117187500000e+05
1.434464667968750000e+05
1.434416425781250000e+05
1.434443632812500000e+05
1.434426054687500000e+05
1.434424882812500000e+05
1.434396972656250000e+05
1.434423398437500000e+05
1.434413554687500000e+05
1.434431621093750000e+05
1.434414492187500000e+05
1.434448964843750000e+05
1.434520546875000000e+05
1.434439804687500000e+05
1.434414648437500000e+05
1.434443593750000000e+05
1.434428125000000000e+05
1.434437617187500000e+05
1.434422207031250000e+05
1.434419628906250000e+05
1.434393320312500000e+05
1.434399492187500000e+05
1.434396269531250000e+05
1.434436191406250000e+05
1.434513085937500000e+05
1.434427304687500000e+05
1.434399648437500000e+05
1.434398945312500000e+05
1.434413261718750000e+05
1.434391894531250000e+05
1.434411406250000000e+05
1.434409238281250000e+05
1.434412285156250000e+05
1.434410996093750000e+05
1.434384648437500000e+05
1.434389414062500000e+05
1.434399238281250000e+05
1.434386777343750000e+05
1.434390058593750000e+05
1.434394980468750000e+05
1.434402636718750000e+05
1.434428066406250000e+05
1.434446757812500000e+05
1.434413789062500000e+05
1.434506796875000000e+05
1.434474140625000000e+05
1.434392324218750000e+05
1.434462480468750000e+05
1.434393906250000000e+05
1.434455527343750000e+05
1.434418964843750000e+05
1.434475625000000000e+05
1.434470703125000000e+05
1.434400195312500000e+05
1.434378046875000000e+05
1.434376464843750000e+05
1.434394375000000000e+05
1.434379941406250000e+05
1.434400839843750000e+05
1.434421152343750000e+05
1.434404648437500000e+05
1.434430234375000000e+05
1.434455390625000000e+05
1.434449042968750000e+05
1.434410253906250000e+05
1.434366660156250000e+05
1.434381523437500000e+05
