8.462405273437500000e+04
8.462405273437500000e+04
8.462405273437500000e+04
8.462405273437500000e+04
8.462405273437500000e+04
8.462405273437500000e+04
8.462405273437500000e+04
8.462405273437500000e+04
8.462405273437500000e+04
8.462405273437500000e+04
8.462405273437500000e+04
8.462405859375000000e+04
8.462405273437500000e+04
8.462405273437500000e+04
7.395133496093750000e+04
7.374866601562500000e+04
7.376905371093750000e+04
7.373009277343750000e+04
7.373706250000000000e+04
7.373018164062500000e+04
7.372684765625000000e+04
7.372796093750000000e+04
7.372531445312500000e+04
7.372550097656250000e+04
7.372477734375000000e+04
7.372423144531250000e+04
7.372404882812500000e+04
7.372381054687500000e+04
7.372346191406250000e+04
7.372340234375000000e+04
7.372300683593750000e+04
7.372265136718750000e+04
7.372246093750000000e+04
7.372217382812500000e+04
7.372195507812500000e+04
7.372172265625000000e+04
7.372141699218750000e+04
7.372120312500000000e+04
7.372088964843750000e+04
7.372037011718750000e+04
7.372002929687500000e+04
7.372004785156250000e+04
7.371952539062500000e+04
7.371992089843750000e+04
7.371939941406250000e+04
7.371897167968750000e+04
7.371796679687500000e+04
7.371752734375000000e+04
7.371678417968750000e+04
7.371634082031250000e+04
7.371576562500000000e+04
7.371492773437500000e+04
7.371473144531250000e+04
7.371499804687500000e+04
7.371343457031250000e+04
7.371260351562500000e+04
7.371229785156250000e+04
7.371105468750000000e+04
7.371070800781250000e+04
7.370956738281250000e+04
7.370938671875000000e+04
7.370910742187500000e+04
7.370714257812500000e+04
7.370732421875000000e+04
7.370646191406250000e+04
7.370581250000000000e+04
7.370502441406250000e+04
7.370398730468750000e+04
7.370427343750000000e+04
7.370261328125000000e+04
