2022-03-03 14:19:16,603:INFO:All directories created, ready to load the data
2022-03-03 14:19:16,639:INFO:Dataset loaded from /data/theorie/jthoeve/training_data/zh/features_mzh_y_ptz_v2/lin/cHq3/events_14.pkl.gz
2022-03-03 14:19:16,685:INFO:Dataset loaded from /data/theorie/jthoeve/training_data/zh/features_mzh_y_ptz_v2/sm/events_14.pkl.gz
2022-03-03 14:19:18,904:INFO:Epoch 1, Training loss 84651.869140625, Validation loss 84581.751953125
2022-03-03 14:19:21,161:INFO:Epoch 2, Training loss 84441.271484375, Validation loss 84085.466796875
2022-03-03 14:19:23,351:INFO:Epoch 3, Training loss 83452.3671875, Validation loss 81668.9404296875
2022-03-03 14:19:25,546:INFO:Epoch 4, Training loss 79064.697265625, Validation loss 75719.9267578125
2022-03-03 14:19:27,736:INFO:Epoch 5, Training loss 74901.669921875, Validation loss 74418.1064453125
2022-03-03 14:19:29,976:INFO:Epoch 6, Training loss 74554.443359375, Validation loss 74700.5126953125
2022-03-03 14:19:32,167:INFO:Epoch 7, Training loss 74700.6904296875, Validation loss 74561.5537109375
2022-03-03 14:19:34,350:INFO:Epoch 8, Training loss 74425.109375, Validation loss 74180.1015625
2022-03-03 14:19:36,557:INFO:Epoch 9, Training loss 74084.2685546875, Validation loss 73957.5771484375
2022-03-03 14:19:38,789:INFO:Epoch 10, Training loss 73947.326171875, Validation loss 73926.91796875
2022-03-03 14:19:40,993:INFO:Epoch 11, Training loss 73936.2919921875, Validation loss 73919.0712890625
2022-03-03 14:19:43,171:INFO:Epoch 12, Training loss 73907.97265625, Validation loss 73863.486328125
2022-03-03 14:19:45,378:INFO:Epoch 13, Training loss 73847.3154296875, Validation loss 73810.3134765625
2022-03-03 14:19:47,595:INFO:Epoch 14, Training loss 73805.8740234375, Validation loss 73790.833984375
2022-03-03 14:19:49,812:INFO:Epoch 15, Training loss 73793.22265625, Validation loss 73791.125
2022-03-03 14:19:51,975:INFO:Epoch 16, Training loss 73792.1142578125, Validation loss 73792.357421875
2022-03-03 14:19:54,191:INFO:Epoch 17, Training loss 73789.697265625, Validation loss 73787.1455078125
2022-03-03 14:19:56,357:INFO:Epoch 18, Training loss 73784.4453125, Validation loss 73782.322265625
2022-03-03 14:19:58,618:INFO:Epoch 19, Training loss 73781.0693359375, Validation loss 73780.2587890625
2022-03-03 14:20:00,785:INFO:Epoch 20, Training loss 73778.982421875, Validation loss 73778.6708984375
2022-03-03 14:20:02,997:INFO:Epoch 21, Training loss 73777.5810546875, Validation loss 73777.4404296875
2022-03-03 14:20:05,177:INFO:Epoch 22, Training loss 73775.21875, Validation loss 73776.224609375
2022-03-03 14:20:07,436:INFO:Epoch 23, Training loss 73773.8330078125, Validation loss 73775.654296875
2022-03-03 14:20:09,619:INFO:Epoch 24, Training loss 73772.556640625, Validation loss 73774.8583984375
2022-03-03 14:20:11,809:INFO:Epoch 25, Training loss 73771.4580078125, Validation loss 73774.369140625
2022-03-03 14:20:13,999:INFO:Epoch 26, Training loss 73770.412109375, Validation loss 73774.068359375
2022-03-03 14:20:16,242:INFO:Epoch 27, Training loss 73769.669921875, Validation loss 73773.7314453125
2022-03-03 14:20:18,434:INFO:Epoch 28, Training loss 73768.8388671875, Validation loss 73773.59375
2022-03-03 14:20:20,619:INFO:Epoch 29, Training loss 73768.328125, Validation loss 73773.7412109375
2022-03-03 14:20:22,814:INFO:Epoch 30, Training loss 73767.845703125, Validation loss 73773.736328125
2022-03-03 14:20:25,048:INFO:Epoch 31, Training loss 73767.3291015625, Validation loss 73773.7509765625
2022-03-03 14:20:27,251:INFO:Epoch 32, Training loss 73766.9296875, Validation loss 73773.9150390625
2022-03-03 14:20:29,421:INFO:Epoch 33, Training loss 73766.763671875, Validation loss 73773.796875
2022-03-03 14:20:31,628:INFO:Epoch 34, Training loss 73766.271484375, Validation loss 73774.0068359375
2022-03-03 14:20:33,845:INFO:Epoch 35, Training loss 73765.658203125, Validation loss 73773.6064453125
2022-03-03 14:20:36,059:INFO:Epoch 36, Training loss 73764.8349609375, Validation loss 73773.7587890625
2022-03-03 14:20:38,221:INFO:Epoch 37, Training loss 73764.697265625, Validation loss 73773.9755859375
2022-03-03 14:20:40,433:INFO:Epoch 38, Training loss 73764.431640625, Validation loss 73774.00390625
2022-03-03 14:20:42,595:INFO:Epoch 39, Training loss 73764.4921875, Validation loss 73773.88671875
2022-03-03 14:20:44,860:INFO:Epoch 40, Training loss 73763.908203125, Validation loss 73774.4755859375
2022-03-03 14:20:47,030:INFO:Epoch 41, Training loss 73763.814453125, Validation loss 73774.2509765625
2022-03-03 14:20:49,244:INFO:Epoch 42, Training loss 73763.42578125, Validation loss 73774.2880859375
2022-03-03 14:20:51,418:INFO:Epoch 43, Training loss 73763.2626953125, Validation loss 73774.2919921875
2022-03-03 14:20:53,668:INFO:Epoch 44, Training loss 73763.2783203125, Validation loss 73774.46875
2022-03-03 14:20:55,851:INFO:Epoch 45, Training loss 73763.2724609375, Validation loss 73774.0888671875
2022-03-03 14:20:58,049:INFO:Epoch 46, Training loss 73763.5546875, Validation loss 73775.11328125
2022-03-03 14:21:00,237:INFO:Epoch 47, Training loss 73762.8017578125, Validation loss 73774.3779296875
2022-03-03 14:21:02,474:INFO:Epoch 48, Training loss 73762.5712890625, Validation loss 73774.4228515625
2022-03-03 14:21:04,664:INFO:Epoch 49, Training loss 73762.044921875, Validation loss 73774.7578125
2022-03-03 14:21:06,850:INFO:Epoch 50, Training loss 73762.189453125, Validation loss 73774.865234375
2022-03-03 14:21:09,056:INFO:Epoch 51, Training loss 73761.9599609375, Validation loss 73774.609375
2022-03-03 14:21:11,286:INFO:Epoch 52, Training loss 73761.6513671875, Validation loss 73775.044921875
2022-03-03 14:21:13,488:INFO:Epoch 53, Training loss 73761.974609375, Validation loss 73775.41796875
2022-03-03 14:21:15,654:INFO:Epoch 54, Training loss 73761.0810546875, Validation loss 73774.888671875
2022-03-03 14:21:17,866:INFO:Epoch 55, Training loss 73761.283203125, Validation loss 73775.130859375
2022-03-03 14:21:20,082:INFO:Epoch 56, Training loss 73760.93359375, Validation loss 73775.7529296875
2022-03-03 14:21:22,297:INFO:Epoch 57, Training loss 73760.87109375, Validation loss 73775.470703125
2022-03-03 14:21:24,456:INFO:Epoch 58, Training loss 73760.890625, Validation loss 73775.552734375
2022-03-03 14:21:26,679:INFO:Epoch 59, Training loss 73760.671875, Validation loss 73775.646484375
2022-03-03 14:21:28,846:INFO:Epoch 60, Training loss 73760.431640625, Validation loss 73775.9365234375
2022-03-03 14:21:31,113:INFO:Epoch 61, Training loss 73760.236328125, Validation loss 73775.57421875
2022-03-03 14:21:33,281:INFO:Epoch 62, Training loss 73760.0087890625, Validation loss 73775.708984375
2022-03-03 14:21:35,503:INFO:Epoch 63, Training loss 73759.6171875, Validation loss 73776.5078125
2022-03-03 14:21:37,693:INFO:Epoch 64, Training loss 73759.52734375, Validation loss 73776.4833984375
2022-03-03 14:21:39,947:INFO:Epoch 65, Training loss 73759.3251953125, Validation loss 73776.068359375
2022-03-03 14:21:42,131:INFO:Epoch 66, Training loss 73759.4384765625, Validation loss 73775.9619140625
2022-03-03 14:21:44,332:INFO:Epoch 67, Training loss 73759.302734375, Validation loss 73776.46484375
2022-03-03 14:21:46,522:INFO:Epoch 68, Training loss 73759.3466796875, Validation loss 73776.607421875
2022-03-03 14:21:48,770:INFO:Epoch 69, Training loss 73758.908203125, Validation loss 73776.5087890625
2022-03-03 14:21:50,962:INFO:Epoch 70, Training loss 73758.5751953125, Validation loss 73776.5869140625
2022-03-03 14:21:53,157:INFO:Epoch 71, Training loss 73758.5341796875, Validation loss 73776.81640625
2022-03-03 14:21:55,353:INFO:Epoch 72, Training loss 73758.4013671875, Validation loss 73776.58203125
2022-03-03 14:21:57,577:INFO:Epoch 73, Training loss 73758.1982421875, Validation loss 73777.142578125
2022-03-03 14:21:59,778:INFO:Epoch 74, Training loss 73757.7861328125, Validation loss 73777.0576171875
2022-03-03 14:22:01,942:INFO:Epoch 75, Training loss 73757.82421875, Validation loss 73777.01953125
2022-03-03 14:22:04,150:INFO:Epoch 76, Training loss 73757.4892578125, Validation loss 73777.3828125
2022-03-03 14:22:06,368:INFO:Epoch 77, Training loss 73757.36328125, Validation loss 73777.71484375
2022-03-03 14:22:08,584:INFO:Epoch 78, Training loss 73759.03125, Validation loss 73777.5068359375
2022-03-03 14:22:08,590:INFO:Finished training
