1.499410214843750000e+05
1.493573886718750000e+05
1.486593222656250000e+05
1.477690156250000000e+05
1.467412109375000000e+05
1.456240742187500000e+05
1.446812714843750000e+05
1.441572207031250000e+05
1.438874414062500000e+05
1.437554570312500000e+05
1.436419062500000000e+05
1.435792480468750000e+05
1.435373378906250000e+05
1.435088867187500000e+05
1.434850546875000000e+05
1.434667460937500000e+05
1.434551914062500000e+05
1.434485996093750000e+05
1.434575800781250000e+05
1.434359062500000000e+05
1.434401757812500000e+05
1.434244179687500000e+05
1.434242402343750000e+05
1.434243085937500000e+05
1.434274667968750000e+05
1.434397343750000000e+05
1.434809687500000000e+05
1.434255996093750000e+05
1.434292753906250000e+05
1.434267226562500000e+05
1.434168632812500000e+05
1.434133398437500000e+05
1.434150351562500000e+05
1.434304179687500000e+05
1.434175800781250000e+05
1.434084238281250000e+05
1.434106425781250000e+05
1.434029707031250000e+05
1.434177480468750000e+05
1.434128671875000000e+05
1.434130410156250000e+05
1.434282187500000000e+05
1.434210136718750000e+05
1.434171484375000000e+05
1.434074335937500000e+05
1.434156386718750000e+05
1.434244355468750000e+05
1.434188710937500000e+05
1.434081464843750000e+05
1.434022441406250000e+05
1.434044609375000000e+05
1.434067460937500000e+05
1.434001894531250000e+05
1.434105292968750000e+05
1.434022539062500000e+05
1.433980898437500000e+05
1.433976230468750000e+05
1.433973300781250000e+05
1.433973671875000000e+05
1.433984785156250000e+05
1.433980371093750000e+05
1.433958281250000000e+05
1.433975664062500000e+05
1.434015800781250000e+05
1.434031113281250000e+05
1.434074375000000000e+05
1.433981660156250000e+05
1.433969140625000000e+05
1.434071621093750000e+05
1.433953671875000000e+05
1.433969980468750000e+05
1.433954218750000000e+05
1.434021308593750000e+05
1.433997460937500000e+05
1.433960156250000000e+05
1.433952617187500000e+05
1.433958593750000000e+05
1.433993828125000000e+05
1.434047050781250000e+05
1.434080136718750000e+05
1.434004160156250000e+05
1.434022753906250000e+05
1.433987812500000000e+05
1.433911660156250000e+05
1.433953515625000000e+05
1.433983417968750000e+05
1.433988593750000000e+05
1.434029882812500000e+05
1.434264628906250000e+05
1.434114726562500000e+05
1.434274746093750000e+05
1.434011191406250000e+05
1.434031660156250000e+05
1.433995097656250000e+05
1.434067539062500000e+05
1.433951796875000000e+05
1.433958496093750000e+05
1.433970625000000000e+05
1.433988007812500000e+05
1.434142109375000000e+05
1.434034492187500000e+05
1.434158281250000000e+05
1.433985781250000000e+05
1.434005839843750000e+05
1.434046796875000000e+05
1.433953183593750000e+05
1.433965429687500000e+05
1.433908339843750000e+05
1.433932421875000000e+05
1.434009160156250000e+05
1.433960761718750000e+05
1.434080625000000000e+05
1.433957539062500000e+05
1.433913144531250000e+05
1.433888535156250000e+05
1.433885234375000000e+05
1.433884433593750000e+05
1.433875488281250000e+05
1.433921113281250000e+05
1.433982070312500000e+05
1.433920585937500000e+05
1.433980390625000000e+05
1.433973867187500000e+05
