2022-03-03 14:19:25,601:INFO:All directories created, ready to load the data
2022-03-03 14:19:25,660:INFO:Dataset loaded from /data/theorie/jthoeve/training_data/zh/features_mzh_y_ptz_v2/lin/cHq3/events_23.pkl.gz
2022-03-03 14:19:25,683:INFO:Dataset loaded from /data/theorie/jthoeve/training_data/zh/features_mzh_y_ptz_v2/sm/events_23.pkl.gz
2022-03-03 14:19:27,939:INFO:Epoch 1, Training loss 75193.3896484375, Validation loss 74194.185546875
2022-03-03 14:19:30,251:INFO:Epoch 2, Training loss 73952.30078125, Validation loss 73774.5654296875
2022-03-03 14:19:32,490:INFO:Epoch 3, Training loss 73778.322265625, Validation loss 73815.2607421875
2022-03-03 14:19:34,748:INFO:Epoch 4, Training loss 73826.115234375, Validation loss 73827.36328125
2022-03-03 14:19:36,994:INFO:Epoch 5, Training loss 73806.26171875, Validation loss 73773.4892578125
2022-03-03 14:19:39,281:INFO:Epoch 6, Training loss 73760.642578125, Validation loss 73746.2734375
2022-03-03 14:19:41,530:INFO:Epoch 7, Training loss 73754.375, Validation loss 73753.0634765625
2022-03-03 14:19:43,773:INFO:Epoch 8, Training loss 73754.111328125, Validation loss 73746.40234375
2022-03-03 14:19:46,030:INFO:Epoch 9, Training loss 73746.7880859375, Validation loss 73744.2392578125
2022-03-03 14:19:48,319:INFO:Epoch 10, Training loss 73745.4990234375, Validation loss 73745.283203125
2022-03-03 14:19:50,588:INFO:Epoch 11, Training loss 73745.541015625, Validation loss 73745.4794921875
2022-03-03 14:19:52,823:INFO:Epoch 12, Training loss 73745.16796875, Validation loss 73745.0400390625
2022-03-03 14:19:55,086:INFO:Epoch 13, Training loss 73744.7001953125, Validation loss 73744.876953125
2022-03-03 14:19:57,353:INFO:Epoch 14, Training loss 73744.6083984375, Validation loss 73744.822265625
2022-03-03 14:19:59,625:INFO:Epoch 15, Training loss 73744.3095703125, Validation loss 73744.8193359375
2022-03-03 14:20:01,837:INFO:Epoch 16, Training loss 73743.9501953125, Validation loss 73744.775390625
2022-03-03 14:20:04,270:INFO:Epoch 17, Training loss 73743.6845703125, Validation loss 73744.7548828125
2022-03-03 14:20:06,490:INFO:Epoch 18, Training loss 73743.6865234375, Validation loss 73744.5400390625
2022-03-03 14:20:08,804:INFO:Epoch 19, Training loss 73743.248046875, Validation loss 73744.4794921875
2022-03-03 14:20:11,026:INFO:Epoch 20, Training loss 73743.0673828125, Validation loss 73744.4169921875
2022-03-03 14:20:13,286:INFO:Epoch 21, Training loss 73743.015625, Validation loss 73744.3583984375
2022-03-03 14:20:15,540:INFO:Epoch 22, Training loss 73742.880859375, Validation loss 73744.37109375
2022-03-03 14:20:17,847:INFO:Epoch 23, Training loss 73742.626953125, Validation loss 73744.3759765625
2022-03-03 14:20:20,089:INFO:Epoch 24, Training loss 73742.4208984375, Validation loss 73744.3681640625
2022-03-03 14:20:22,340:INFO:Epoch 25, Training loss 73742.3125, Validation loss 73744.2890625
2022-03-03 14:20:24,587:INFO:Epoch 26, Training loss 73742.21484375, Validation loss 73744.287109375
2022-03-03 14:20:26,890:INFO:Epoch 27, Training loss 73742.107421875, Validation loss 73744.30078125
2022-03-03 14:20:29,143:INFO:Epoch 28, Training loss 73741.8818359375, Validation loss 73744.326171875
2022-03-03 14:20:31,385:INFO:Epoch 29, Training loss 73741.8544921875, Validation loss 73744.416015625
2022-03-03 14:20:33,644:INFO:Epoch 30, Training loss 73741.5361328125, Validation loss 73744.501953125
2022-03-03 14:20:35,924:INFO:Epoch 31, Training loss 73741.35546875, Validation loss 73744.68359375
2022-03-03 14:20:38,179:INFO:Epoch 32, Training loss 73741.3544921875, Validation loss 73744.998046875
2022-03-03 14:20:40,412:INFO:Epoch 33, Training loss 73741.27734375, Validation loss 73744.703125
2022-03-03 14:20:42,675:INFO:Epoch 34, Training loss 73741.1240234375, Validation loss 73744.861328125
2022-03-03 14:20:44,946:INFO:Epoch 35, Training loss 73740.7822265625, Validation loss 73744.974609375
2022-03-03 14:20:47,216:INFO:Epoch 36, Training loss 73740.66796875, Validation loss 73745.3173828125
2022-03-03 14:20:49,447:INFO:Epoch 37, Training loss 73740.5244140625, Validation loss 73745.498046875
2022-03-03 14:20:51,723:INFO:Epoch 38, Training loss 73740.4287109375, Validation loss 73745.4326171875
2022-03-03 14:20:53,940:INFO:Epoch 39, Training loss 73740.115234375, Validation loss 73745.2451171875
2022-03-03 14:20:56,262:INFO:Epoch 40, Training loss 73740.060546875, Validation loss 73745.41015625
2022-03-03 14:20:58,493:INFO:Epoch 41, Training loss 73739.787109375, Validation loss 73745.822265625
2022-03-03 14:21:00,771:INFO:Epoch 42, Training loss 73739.6962890625, Validation loss 73745.8544921875
2022-03-03 14:21:03,011:INFO:Epoch 43, Training loss 73739.4931640625, Validation loss 73745.6982421875
2022-03-03 14:21:05,322:INFO:Epoch 44, Training loss 73739.435546875, Validation loss 73745.578125
2022-03-03 14:21:07,571:INFO:Epoch 45, Training loss 73739.10546875, Validation loss 73745.5400390625
2022-03-03 14:21:09,821:INFO:Epoch 46, Training loss 73739.134765625, Validation loss 73745.68359375
2022-03-03 14:21:12,070:INFO:Epoch 47, Training loss 73738.9111328125, Validation loss 73745.7861328125
2022-03-03 14:21:14,364:INFO:Epoch 48, Training loss 73738.744140625, Validation loss 73746.1474609375
2022-03-03 14:21:16,612:INFO:Epoch 49, Training loss 73738.7109375, Validation loss 73746.685546875
2022-03-03 14:21:18,858:INFO:Epoch 50, Training loss 73738.271484375, Validation loss 73746.869140625
2022-03-03 14:21:21,119:INFO:Epoch 51, Training loss 73738.0810546875, Validation loss 73747.177734375
2022-03-03 14:21:23,401:INFO:Epoch 52, Training loss 73738.34375, Validation loss 73747.9541015625
2022-03-03 14:21:25,661:INFO:Epoch 53, Training loss 73737.6650390625, Validation loss 73746.7265625
2022-03-03 14:21:27,898:INFO:Epoch 54, Training loss 73737.4482421875, Validation loss 73746.474609375
2022-03-03 14:21:30,169:INFO:Epoch 55, Training loss 73737.6728515625, Validation loss 73746.560546875
2022-03-03 14:21:32,440:INFO:Epoch 56, Training loss 73737.275390625, Validation loss 73746.6640625
2022-03-03 14:21:34,715:INFO:Epoch 57, Training loss 73737.3271484375, Validation loss 73747.65625
2022-03-03 14:21:36,934:INFO:Epoch 58, Training loss 73736.693359375, Validation loss 73748.291015625
2022-03-03 14:21:39,215:INFO:Epoch 59, Training loss 73737.2158203125, Validation loss 73748.490234375
2022-03-03 14:21:39,221:INFO:Finished training
