1.510796328125000000e+05
1.497590097656250000e+05
1.494479550781250000e+05
1.490711640625000000e+05
1.484483457031250000e+05
1.476591523437500000e+05
1.467358007812500000e+05
1.457609687500000000e+05
1.448920390625000000e+05
1.442906601562500000e+05
1.439430253906250000e+05
1.438376523437500000e+05
1.437908105468750000e+05
1.437311816406250000e+05
1.436980390625000000e+05
1.437110351562500000e+05
1.436870175781250000e+05
1.436824218750000000e+05
1.436700195312500000e+05
1.436648730468750000e+05
1.436616718750000000e+05
1.436648437500000000e+05
1.436597421875000000e+05
1.436532734375000000e+05
1.436583925781250000e+05
1.436432558593750000e+05
1.436413886718750000e+05
1.436424179687500000e+05
1.436395527343750000e+05
1.436430195312500000e+05
1.436339960937500000e+05
1.436371855468750000e+05
1.436329238281250000e+05
1.436350800781250000e+05
1.436367871093750000e+05
1.436358339843750000e+05
1.436291914062500000e+05
1.436311445312500000e+05
1.436216015625000000e+05
1.436335742187500000e+05
1.436209511718750000e+05
1.436221210937500000e+05
1.436218085937500000e+05
1.436200390625000000e+05
1.436252031250000000e+05
1.436222382812500000e+05
1.436185781250000000e+05
1.436202539062500000e+05
1.436215839843750000e+05
1.436210859375000000e+05
1.436189218750000000e+05
1.436182050781250000e+05
1.436204296875000000e+05
1.436263789062500000e+05
1.436231562500000000e+05
1.436294472656250000e+05
1.436329296875000000e+05
1.436352675781250000e+05
1.436189960937500000e+05
1.436138867187500000e+05
1.436167285156250000e+05
1.436190058593750000e+05
1.436164238281250000e+05
1.436168925781250000e+05
1.436125976562500000e+05
1.436157304687500000e+05
1.436148613281250000e+05
1.436176660156250000e+05
1.436159589843750000e+05
1.436147578125000000e+05
1.436138925781250000e+05
1.436100000000000000e+05
1.436101914062500000e+05
1.436085097656250000e+05
1.436085683593750000e+05
1.436116796875000000e+05
1.436148359375000000e+05
1.436219882812500000e+05
1.436187285156250000e+05
1.436217714843750000e+05
1.436266621093750000e+05
1.436132460937500000e+05
1.436187031250000000e+05
1.436116777343750000e+05
1.436090957031250000e+05
1.436114140625000000e+05
1.436072910156250000e+05
1.436094687500000000e+05
1.436072968750000000e+05
1.436079785156250000e+05
1.436175019531250000e+05
1.436175781250000000e+05
1.436099082031250000e+05
1.436035234375000000e+05
1.436030937500000000e+05
1.436038281250000000e+05
1.436033574218750000e+05
1.436086113281250000e+05
1.436242617187500000e+05
1.436178984375000000e+05
1.436168691406250000e+05
1.436122460937500000e+05
1.436149882812500000e+05
1.436132910156250000e+05
1.436145390625000000e+05
1.436098613281250000e+05
1.436091953125000000e+05
1.436052675781250000e+05
1.436020625000000000e+05
1.436030742187500000e+05
1.436122636718750000e+05
1.436194648437500000e+05
1.436166210937500000e+05
1.436305605468750000e+05
1.436097753906250000e+05
1.436179941406250000e+05
1.436219843750000000e+05
1.435983164062500000e+05
1.436052578125000000e+05
1.436018164062500000e+05
1.436051894531250000e+05
1.436060605468750000e+05
1.436023554687500000e+05
1.436016152343750000e+05
1.436037363281250000e+05
1.436014941406250000e+05
1.436019824218750000e+05
1.435990253906250000e+05
1.436037187500000000e+05
1.436021367187500000e+05
1.436037031250000000e+05
1.436034296875000000e+05
1.436095214843750000e+05
1.435997324218750000e+05
1.436018164062500000e+05
1.436013945312500000e+05
1.436005605468750000e+05
1.436036250000000000e+05
1.435999414062500000e+05
1.436033457031250000e+05
1.436026308593750000e+05
1.436004531250000000e+05
1.435994082031250000e+05
1.436032597656250000e+05
1.436006757812500000e+05
1.435998613281250000e+05
1.436026191406250000e+05
1.436003417968750000e+05
1.435985019531250000e+05
1.435970253906250000e+05
1.436022480468750000e+05
1.436025683593750000e+05
1.436001269531250000e+05
1.436018925781250000e+05
1.436010253906250000e+05
1.435977011718750000e+05
1.435948906250000000e+05
1.435956816406250000e+05
1.436002460937500000e+05
1.436029746093750000e+05
1.435972578125000000e+05
1.435983710937500000e+05
1.436040761718750000e+05
1.436094804687500000e+05
1.436096953125000000e+05
1.435974609375000000e+05
1.435977363281250000e+05
1.436206796875000000e+05
1.436253710937500000e+05
1.436127128906250000e+05
