1.173102773437500000e+05
1.132188242187500000e+05
1.108259375000000000e+05
1.096081289062500000e+05
1.092327031250000000e+05
1.092766914062500000e+05
1.093070058593750000e+05
1.092140019531250000e+05
1.091128007812500000e+05
1.090612617187500000e+05
1.090401347656250000e+05
1.090168261718750000e+05
1.089912207031250000e+05
1.089674121093750000e+05
1.089521503906250000e+05
1.089390605468750000e+05
1.089250722656250000e+05
1.089124550781250000e+05
1.089003964843750000e+05
1.088902636718750000e+05
1.088791718750000000e+05
1.088690917968750000e+05
1.088585332031250000e+05
1.088481738281250000e+05
1.088386953125000000e+05
1.088303476562500000e+05
1.088227460937500000e+05
1.088159765625000000e+05
1.088097128906250000e+05
1.088050214843750000e+05
1.088001816406250000e+05
1.087967421875000000e+05
1.087931777343750000e+05
1.087907812500000000e+05
1.087880234375000000e+05
1.087868515625000000e+05
1.087849707031250000e+05
1.087832187500000000e+05
1.087817343750000000e+05
1.087805390625000000e+05
1.087796210937500000e+05
1.087787441406250000e+05
1.087780136718750000e+05
1.087771250000000000e+05
1.087767089843750000e+05
1.087760937500000000e+05
1.087756757812500000e+05
1.087748789062500000e+05
1.087746171875000000e+05
1.087744667968750000e+05
1.087736679687500000e+05
1.087734746093750000e+05
1.087731054687500000e+05
1.087728046875000000e+05
1.087725625000000000e+05
1.087722304687500000e+05
1.087720878906250000e+05
1.087716699218750000e+05
1.087729199218750000e+05
1.087709003906250000e+05
1.087708242187500000e+05
1.087706757812500000e+05
1.087706269531250000e+05
1.087698203125000000e+05
1.087697109375000000e+05
1.087697246093750000e+05
1.087693261718750000e+05
1.087689003906250000e+05
1.087686015625000000e+05
1.087688417968750000e+05
1.087683574218750000e+05
1.087687324218750000e+05
1.087683789062500000e+05
1.087683945312500000e+05
1.087680996093750000e+05
1.087681132812500000e+05
1.087678691406250000e+05
1.087677304687500000e+05
1.087678378906250000e+05
