7.502958984375000000e+04
7.384995800781250000e+04
7.384107714843750000e+04
7.389006054687500000e+04
7.381856738281250000e+04
7.376639160156250000e+04
7.376529101562500000e+04
7.377167285156250000e+04
7.376416015625000000e+04
7.375754589843750000e+04
7.375786914062500000e+04
7.375819824218750000e+04
7.375681347656250000e+04
7.375621289062500000e+04
7.375623925781250000e+04
7.375603222656250000e+04
7.375571777343750000e+04
7.375562890625000000e+04
7.375544140625000000e+04
7.375525000000000000e+04
7.375508984375000000e+04
7.375502734375000000e+04
7.375481054687500000e+04
7.375457226562500000e+04
7.375445019531250000e+04
7.375423437500000000e+04
7.375417382812500000e+04
7.375389550781250000e+04
7.375370019531250000e+04
7.375354980468750000e+04
7.375333789062500000e+04
7.375310156250000000e+04
7.375301269531250000e+04
7.375279394531250000e+04
7.375267871093750000e+04
7.375248046875000000e+04
7.375232714843750000e+04
7.375219824218750000e+04
7.375203613281250000e+04
7.375178417968750000e+04
7.375162207031250000e+04
7.375149804687500000e+04
7.375129589843750000e+04
7.375120214843750000e+04
7.375092089843750000e+04
7.375078320312500000e+04
7.375061328125000000e+04
7.375056738281250000e+04
7.375060546875000000e+04
7.375014160156250000e+04
7.374988769531250000e+04
7.374970898437500000e+04
7.374976367187500000e+04
7.374941796875000000e+04
7.374910742187500000e+04
7.374898242187500000e+04
