2022-03-03 12:56:09,434:INFO:All directories created, ready to load the data
2022-03-03 12:56:09,508:INFO:Dataset loaded from /data/theorie/jthoeve/training_data/zh/features_mzh_y_ptz_v2/lin/cHW/events_21.pkl.gz
2022-03-03 12:56:09,537:INFO:Dataset loaded from /data/theorie/jthoeve/training_data/zh/features_mzh_y_ptz_v2/sm/events_21.pkl.gz
2022-03-03 12:56:12,076:INFO:Epoch 1, Training loss 139960.150390625, Validation loss 134069.69921875
2022-03-03 12:56:14,667:INFO:Epoch 2, Training loss 131302.6640625, Validation loss 127603.564453125
2022-03-03 12:56:17,185:INFO:Epoch 3, Training loss 125660.296875, Validation loss 122952.62890625
2022-03-03 12:56:19,732:INFO:Epoch 4, Training loss 121466.359375, Validation loss 119414.853515625
2022-03-03 12:56:22,268:INFO:Epoch 5, Training loss 118291.33984375, Validation loss 116668.9453125
2022-03-03 12:56:24,849:INFO:Epoch 6, Training loss 115695.83984375, Validation loss 114227.98046875
2022-03-03 12:56:27,387:INFO:Epoch 7, Training loss 113339.775390625, Validation loss 112032.88671875
2022-03-03 12:56:29,905:INFO:Epoch 8, Training loss 111339.830078125, Validation loss 110386.27734375
2022-03-03 12:56:32,432:INFO:Epoch 9, Training loss 110011.9921875, Validation loss 109558.23046875
2022-03-03 12:56:35,000:INFO:Epoch 10, Training loss 109495.685546875, Validation loss 109431.978515625
2022-03-03 12:56:37,541:INFO:Epoch 11, Training loss 109488.275390625, Validation loss 109497.078125
2022-03-03 12:56:40,050:INFO:Epoch 12, Training loss 109493.3203125, Validation loss 109415.0625
2022-03-03 12:56:42,568:INFO:Epoch 13, Training loss 109371.720703125, Validation loss 109285.3671875
2022-03-03 12:56:45,100:INFO:Epoch 14, Training loss 109259.91015625, Validation loss 109222.5078125
2022-03-03 12:56:47,641:INFO:Epoch 15, Training loss 109215.958984375, Validation loss 109208.689453125
2022-03-03 12:56:50,124:INFO:Epoch 16, Training loss 109196.861328125, Validation loss 109185.6953125
2022-03-03 12:56:52,677:INFO:Epoch 17, Training loss 109165.171875, Validation loss 109153.193359375
2022-03-03 12:56:55,170:INFO:Epoch 18, Training loss 109131.810546875, Validation loss 109131.13671875
2022-03-03 12:56:57,768:INFO:Epoch 19, Training loss 109111.375, Validation loss 109117.0234375
2022-03-03 12:57:00,266:INFO:Epoch 20, Training loss 109094.314453125, Validation loss 109101.806640625
2022-03-03 12:57:02,816:INFO:Epoch 21, Training loss 109075.865234375, Validation loss 109086.0625
2022-03-03 12:57:05,329:INFO:Epoch 22, Training loss 109057.9765625, Validation loss 109072.341796875
2022-03-03 12:57:07,917:INFO:Epoch 23, Training loss 109042.2578125, Validation loss 109059.185546875
2022-03-03 12:57:10,422:INFO:Epoch 24, Training loss 109026.076171875, Validation loss 109045.068359375
2022-03-03 12:57:12,917:INFO:Epoch 25, Training loss 109009.78125, Validation loss 109030.341796875
2022-03-03 12:57:15,418:INFO:Epoch 26, Training loss 108993.25, Validation loss 109015.31640625
2022-03-03 12:57:17,993:INFO:Epoch 27, Training loss 108975.67578125, Validation loss 108998.78125
2022-03-03 12:57:20,499:INFO:Epoch 28, Training loss 108957.23828125, Validation loss 108980.751953125
2022-03-03 12:57:23,003:INFO:Epoch 29, Training loss 108937.17578125, Validation loss 108961.2421875
2022-03-03 12:57:25,521:INFO:Epoch 30, Training loss 108916.1171875, Validation loss 108939.966796875
2022-03-03 12:57:28,041:INFO:Epoch 31, Training loss 108892.955078125, Validation loss 108917.037109375
2022-03-03 12:57:30,544:INFO:Epoch 32, Training loss 108868.58203125, Validation loss 108892.3984375
2022-03-03 12:57:33,003:INFO:Epoch 33, Training loss 108842.384765625, Validation loss 108866.103515625
2022-03-03 12:57:35,515:INFO:Epoch 34, Training loss 108814.564453125, Validation loss 108838.619140625
2022-03-03 12:57:38,034:INFO:Epoch 35, Training loss 108784.736328125, Validation loss 108809.39453125
2022-03-03 12:57:40,553:INFO:Epoch 36, Training loss 108752.912109375, Validation loss 108779.82421875
2022-03-03 12:57:43,002:INFO:Epoch 37, Training loss 108721.076171875, Validation loss 108750.6328125
2022-03-03 12:57:45,499:INFO:Epoch 38, Training loss 108689.076171875, Validation loss 108721.291015625
2022-03-03 12:57:47,947:INFO:Epoch 39, Training loss 108657.3671875, Validation loss 108693.6796875
2022-03-03 12:57:50,509:INFO:Epoch 40, Training loss 108628.201171875, Validation loss 108664.6328125
2022-03-03 12:57:52,974:INFO:Epoch 41, Training loss 108599.40234375, Validation loss 108638.3359375
2022-03-03 12:57:55,484:INFO:Epoch 42, Training loss 108572.828125, Validation loss 108616.072265625
2022-03-03 12:57:57,968:INFO:Epoch 43, Training loss 108550.51171875, Validation loss 108600.7734375
2022-03-03 12:58:00,517:INFO:Epoch 44, Training loss 108531.1328125, Validation loss 108592.140625
2022-03-03 12:58:02,990:INFO:Epoch 45, Training loss 108518.53125, Validation loss 108587.6328125
2022-03-03 12:58:05,472:INFO:Epoch 46, Training loss 108510.02734375, Validation loss 108584.59765625
2022-03-03 12:58:07,951:INFO:Epoch 47, Training loss 108503.744140625, Validation loss 108581.86328125
2022-03-03 12:58:10,489:INFO:Epoch 48, Training loss 108500.166015625, Validation loss 108578.240234375
2022-03-03 12:58:13,012:INFO:Epoch 49, Training loss 108495.779296875, Validation loss 108575.55078125
2022-03-03 12:58:15,521:INFO:Epoch 50, Training loss 108492.361328125, Validation loss 108574.126953125
2022-03-03 12:58:18,041:INFO:Epoch 51, Training loss 108490.58984375, Validation loss 108573.392578125
2022-03-03 12:58:20,595:INFO:Epoch 52, Training loss 108489.12890625, Validation loss 108575.650390625
2022-03-03 12:58:23,123:INFO:Epoch 53, Training loss 108487.681640625, Validation loss 108577.4453125
2022-03-03 12:58:25,624:INFO:Epoch 54, Training loss 108486.107421875, Validation loss 108574.205078125
2022-03-03 12:58:28,171:INFO:Epoch 55, Training loss 108484.263671875, Validation loss 108574.59765625
2022-03-03 12:58:30,725:INFO:Epoch 56, Training loss 108483.47265625, Validation loss 108575.234375
2022-03-03 12:58:33,258:INFO:Epoch 57, Training loss 108482.2421875, Validation loss 108572.869140625
2022-03-03 12:58:35,704:INFO:Epoch 58, Training loss 108481.38671875, Validation loss 108570.046875
2022-03-03 12:58:38,254:INFO:Epoch 59, Training loss 108479.75, Validation loss 108571.201171875
2022-03-03 12:58:40,756:INFO:Epoch 60, Training loss 108479.345703125, Validation loss 108574.13671875
2022-03-03 12:58:43,354:INFO:Epoch 61, Training loss 108478.77734375, Validation loss 108568.923828125
2022-03-03 12:58:45,847:INFO:Epoch 62, Training loss 108478.126953125, Validation loss 108568.931640625
2022-03-03 12:58:48,398:INFO:Epoch 63, Training loss 108476.28515625, Validation loss 108573.1171875
2022-03-03 12:58:50,917:INFO:Epoch 64, Training loss 108475.513671875, Validation loss 108572.083984375
2022-03-03 12:58:53,510:INFO:Epoch 65, Training loss 108476.38671875, Validation loss 108569.6875
2022-03-03 12:58:56,023:INFO:Epoch 66, Training loss 108474.89453125, Validation loss 108567.21875
2022-03-03 12:58:58,559:INFO:Epoch 67, Training loss 108475.2109375, Validation loss 108571.87109375
2022-03-03 12:59:01,086:INFO:Epoch 68, Training loss 108477.87890625, Validation loss 108568.77734375
2022-03-03 12:59:03,678:INFO:Epoch 69, Training loss 108472.845703125, Validation loss 108572.10546875
2022-03-03 12:59:06,213:INFO:Epoch 70, Training loss 108472.9296875, Validation loss 108570.16796875
2022-03-03 12:59:08,738:INFO:Epoch 71, Training loss 108472.4453125, Validation loss 108569.052734375
2022-03-03 12:59:11,258:INFO:Epoch 72, Training loss 108472.98828125, Validation loss 108564.681640625
2022-03-03 12:59:13,831:INFO:Epoch 73, Training loss 108470.927734375, Validation loss 108570.90625
2022-03-03 12:59:16,373:INFO:Epoch 74, Training loss 108473.341796875, Validation loss 108575.412109375
2022-03-03 12:59:18,879:INFO:Epoch 75, Training loss 108470.830078125, Validation loss 108567.56640625
2022-03-03 12:59:21,423:INFO:Epoch 76, Training loss 108469.6171875, Validation loss 108563.818359375
2022-03-03 12:59:23,983:INFO:Epoch 77, Training loss 108471.3671875, Validation loss 108566.251953125
2022-03-03 12:59:26,541:INFO:Epoch 78, Training loss 108467.91015625, Validation loss 108569.080078125
2022-03-03 12:59:29,038:INFO:Epoch 79, Training loss 108468.498046875, Validation loss 108569.857421875
2022-03-03 12:59:31,592:INFO:Epoch 80, Training loss 108467.720703125, Validation loss 108566.08984375
2022-03-03 12:59:34,107:INFO:Epoch 81, Training loss 108468.6171875, Validation loss 108564.205078125
2022-03-03 12:59:36,721:INFO:Epoch 82, Training loss 108466.26953125, Validation loss 108568.34765625
2022-03-03 12:59:39,231:INFO:Epoch 83, Training loss 108468.302734375, Validation loss 108571.587890625
2022-03-03 12:59:41,765:INFO:Epoch 84, Training loss 108468.74609375, Validation loss 108564.154296875
2022-03-03 12:59:44,255:INFO:Epoch 85, Training loss 108465.68359375, Validation loss 108563.861328125
2022-03-03 12:59:46,851:INFO:Epoch 86, Training loss 108465.6875, Validation loss 108569.896484375
2022-03-03 12:59:49,365:INFO:Epoch 87, Training loss 108466.642578125, Validation loss 108565.87890625
2022-03-03 12:59:51,922:INFO:Epoch 88, Training loss 108464.791015625, Validation loss 108566.373046875
2022-03-03 12:59:54,470:INFO:Epoch 89, Training loss 108465.125, Validation loss 108567.548828125
2022-03-03 12:59:57,070:INFO:Epoch 90, Training loss 108463.75, Validation loss 108567.03125
2022-03-03 12:59:59,615:INFO:Epoch 91, Training loss 108464.048828125, Validation loss 108564.4453125
2022-03-03 13:00:02,152:INFO:Epoch 92, Training loss 108463.1875, Validation loss 108564.94140625
2022-03-03 13:00:04,715:INFO:Epoch 93, Training loss 108463.076171875, Validation loss 108567.84765625
2022-03-03 13:00:07,307:INFO:Epoch 94, Training loss 108462.115234375, Validation loss 108566.1328125
2022-03-03 13:00:09,873:INFO:Epoch 95, Training loss 108462.201171875, Validation loss 108564.724609375
2022-03-03 13:00:12,366:INFO:Epoch 96, Training loss 108462.974609375, Validation loss 108567.939453125
2022-03-03 13:00:14,886:INFO:Epoch 97, Training loss 108462.150390625, Validation loss 108564.974609375
2022-03-03 13:00:17,456:INFO:Epoch 98, Training loss 108461.529296875, Validation loss 108563.625
2022-03-03 13:00:20,014:INFO:Epoch 99, Training loss 108460.8203125, Validation loss 108567.734375
2022-03-03 13:00:22,515:INFO:Epoch 100, Training loss 108461.0, Validation loss 108569.279296875
2022-03-03 13:00:25,093:INFO:Epoch 101, Training loss 108461.33203125, Validation loss 108566.7578125
2022-03-03 13:00:27,580:INFO:Epoch 102, Training loss 108461.314453125, Validation loss 108564.87890625
2022-03-03 13:00:30,193:INFO:Epoch 103, Training loss 108460.681640625, Validation loss 108568.25
2022-03-03 13:00:32,711:INFO:Epoch 104, Training loss 108460.083984375, Validation loss 108565.783203125
2022-03-03 13:00:35,277:INFO:Epoch 105, Training loss 108458.73046875, Validation loss 108564.744140625
2022-03-03 13:00:37,809:INFO:Epoch 106, Training loss 108460.37890625, Validation loss 108565.56640625
2022-03-03 13:00:40,432:INFO:Epoch 107, Training loss 108459.658203125, Validation loss 108565.169921875
2022-03-03 13:00:42,967:INFO:Epoch 108, Training loss 108458.65234375, Validation loss 108567.689453125
2022-03-03 13:00:45,515:INFO:Epoch 109, Training loss 108459.357421875, Validation loss 108568.734375
2022-03-03 13:00:48,056:INFO:Epoch 110, Training loss 108457.90625, Validation loss 108564.935546875
2022-03-03 13:00:50,667:INFO:Epoch 111, Training loss 108457.19140625, Validation loss 108564.564453125
2022-03-03 13:00:53,209:INFO:Epoch 112, Training loss 108457.052734375, Validation loss 108570.443359375
2022-03-03 13:00:55,751:INFO:Epoch 113, Training loss 108456.505859375, Validation loss 108564.998046875
2022-03-03 13:00:58,304:INFO:Epoch 114, Training loss 108456.046875, Validation loss 108563.25
2022-03-03 13:01:00,854:INFO:Epoch 115, Training loss 108455.984375, Validation loss 108568.0078125
2022-03-03 13:01:03,366:INFO:Epoch 116, Training loss 108456.86328125, Validation loss 108568.0390625
2022-03-03 13:01:05,848:INFO:Epoch 117, Training loss 108455.40625, Validation loss 108569.28515625
2022-03-03 13:01:08,410:INFO:Epoch 118, Training loss 108454.298828125, Validation loss 108567.828125
2022-03-03 13:01:10,995:INFO:Epoch 119, Training loss 108453.7890625, Validation loss 108565.875
2022-03-03 13:01:13,568:INFO:Epoch 120, Training loss 108454.61328125, Validation loss 108568.037109375
2022-03-03 13:01:16,073:INFO:Epoch 121, Training loss 108454.3046875, Validation loss 108570.400390625
2022-03-03 13:01:18,655:INFO:Epoch 122, Training loss 108453.609375, Validation loss 108564.75
2022-03-03 13:01:21,170:INFO:Epoch 123, Training loss 108454.5703125, Validation loss 108566.197265625
2022-03-03 13:01:23,795:INFO:Epoch 124, Training loss 108452.791015625, Validation loss 108568.21484375
2022-03-03 13:01:26,311:INFO:Epoch 125, Training loss 108453.109375, Validation loss 108567.59375
2022-03-03 13:01:28,841:INFO:Epoch 126, Training loss 108453.37109375, Validation loss 108568.166015625
2022-03-03 13:01:31,358:INFO:Epoch 127, Training loss 108452.73046875, Validation loss 108566.841796875
2022-03-03 13:01:33,973:INFO:Epoch 128, Training loss 108452.3359375, Validation loss 108570.423828125
2022-03-03 13:01:36,514:INFO:Epoch 129, Training loss 108451.859375, Validation loss 108569.146484375
2022-03-03 13:01:39,071:INFO:Epoch 130, Training loss 108451.50390625, Validation loss 108566.30078125
2022-03-03 13:01:41,634:INFO:Epoch 131, Training loss 108450.859375, Validation loss 108570.400390625
2022-03-03 13:01:44,238:INFO:Epoch 132, Training loss 108451.458984375, Validation loss 108571.642578125
2022-03-03 13:01:46,786:INFO:Epoch 133, Training loss 108451.1953125, Validation loss 108568.1171875
2022-03-03 13:01:49,317:INFO:Epoch 134, Training loss 108449.71875, Validation loss 108570.017578125
2022-03-03 13:01:51,867:INFO:Epoch 135, Training loss 108450.349609375, Validation loss 108569.666015625
2022-03-03 13:01:54,434:INFO:Epoch 136, Training loss 108450.4296875, Validation loss 108568.890625
2022-03-03 13:01:56,970:INFO:Epoch 137, Training loss 108450.12109375, Validation loss 108567.115234375
2022-03-03 13:01:59,487:INFO:Epoch 138, Training loss 108449.78515625, Validation loss 108570.978515625
2022-03-03 13:02:02,037:INFO:Epoch 139, Training loss 108448.359375, Validation loss 108568.1484375
2022-03-03 13:02:04,549:INFO:Epoch 140, Training loss 108449.45703125, Validation loss 108571.6640625
2022-03-03 13:02:07,090:INFO:Epoch 141, Training loss 108448.052734375, Validation loss 108569.41015625
2022-03-03 13:02:09,578:INFO:Epoch 142, Training loss 108448.083984375, Validation loss 108569.310546875
2022-03-03 13:02:12,133:INFO:Epoch 143, Training loss 108447.126953125, Validation loss 108570.51171875
2022-03-03 13:02:14,643:INFO:Epoch 144, Training loss 108447.76171875, Validation loss 108569.529296875
2022-03-03 13:02:17,253:INFO:Epoch 145, Training loss 108447.384765625, Validation loss 108573.638671875
2022-03-03 13:02:19,763:INFO:Epoch 146, Training loss 108447.9375, Validation loss 108571.70703125
2022-03-03 13:02:22,330:INFO:Epoch 147, Training loss 108446.435546875, Validation loss 108569.578125
2022-03-03 13:02:24,846:INFO:Epoch 148, Training loss 108449.86328125, Validation loss 108569.259765625
2022-03-03 13:02:27,449:INFO:Epoch 149, Training loss 108450.419921875, Validation loss 108577.724609375
2022-03-03 13:02:29,978:INFO:Epoch 150, Training loss 108447.6875, Validation loss 108567.59375
2022-03-03 13:02:32,508:INFO:Epoch 151, Training loss 108446.66796875, Validation loss 108567.841796875
2022-03-03 13:02:35,023:INFO:Epoch 152, Training loss 108445.083984375, Validation loss 108573.44140625
2022-03-03 13:02:37,607:INFO:Epoch 153, Training loss 108445.111328125, Validation loss 108575.62109375
2022-03-03 13:02:40,139:INFO:Epoch 154, Training loss 108445.66796875, Validation loss 108577.0625
2022-03-03 13:02:42,639:INFO:Epoch 155, Training loss 108446.36328125, Validation loss 108574.951171875
2022-03-03 13:02:45,173:INFO:Epoch 156, Training loss 108446.390625, Validation loss 108571.068359375
2022-03-03 13:02:47,759:INFO:Epoch 157, Training loss 108443.6328125, Validation loss 108573.626953125
2022-03-03 13:02:50,291:INFO:Epoch 158, Training loss 108444.3203125, Validation loss 108572.736328125
2022-03-03 13:02:52,760:INFO:Epoch 159, Training loss 108443.15625, Validation loss 108569.765625
2022-03-03 13:02:55,276:INFO:Epoch 160, Training loss 108443.6953125, Validation loss 108573.095703125
2022-03-03 13:02:57,838:INFO:Epoch 161, Training loss 108445.58203125, Validation loss 108572.93359375
2022-03-03 13:03:00,397:INFO:Epoch 162, Training loss 108443.103515625, Validation loss 108576.626953125
2022-03-03 13:03:02,878:INFO:Epoch 163, Training loss 108443.544921875, Validation loss 108576.9296875
2022-03-03 13:03:05,409:INFO:Epoch 164, Training loss 108442.474609375, Validation loss 108574.0546875
2022-03-03 13:03:05,415:INFO:Finished training
