2022-01-24 14:06:03,409:INFO:All directories created, ready to load the data
2022-01-24 14:06:03,434:INFO:Dataset loaded from /data/theorie/jthoeve/event_generation/events_high_stats/pT/lin/cHW/events_22.npy
2022-01-24 14:06:03,457:INFO:Dataset loaded from /data/theorie/jthoeve/event_generation/events_high_stats/pT/sm/events_22.npy
2022-01-24 14:06:05,941:INFO:Epoch 1, Training loss 146821.220703125, Validation loss 138180.09765625
2022-01-24 14:06:08,439:INFO:Epoch 2, Training loss 134200.27734375, Validation loss 129280.90234375
2022-01-24 14:06:10,909:INFO:Epoch 3, Training loss 126837.458984375, Validation loss 123616.154296875
2022-01-24 14:06:13,412:INFO:Epoch 4, Training loss 121881.5703125, Validation loss 119527.5234375
2022-01-24 14:06:15,890:INFO:Epoch 5, Training loss 118200.69140625, Validation loss 116377.89453125
2022-01-24 14:06:18,394:INFO:Epoch 6, Training loss 115303.76953125, Validation loss 113843.748046875
2022-01-24 14:06:20,865:INFO:Epoch 7, Training loss 113004.517578125, Validation loss 111893.578125
2022-01-24 14:06:23,361:INFO:Epoch 8, Training loss 111292.953125, Validation loss 110535.984375
2022-01-24 14:06:25,839:INFO:Epoch 9, Training loss 110164.919921875, Validation loss 109738.240234375
2022-01-24 14:06:28,302:INFO:Epoch 10, Training loss 109582.669921875, Validation loss 109440.083984375
2022-01-24 14:06:30,794:INFO:Epoch 11, Training loss 109416.3828125, Validation loss 109412.603515625
2022-01-24 14:06:33,288:INFO:Epoch 12, Training loss 109411.865234375, Validation loss 109407.96875
2022-01-24 14:06:35,781:INFO:Epoch 13, Training loss 109386.1796875, Validation loss 109356.18359375
2022-01-24 14:06:38,234:INFO:Epoch 14, Training loss 109329.255859375, Validation loss 109302.77734375
2022-01-24 14:06:40,753:INFO:Epoch 15, Training loss 109284.791015625, Validation loss 109276.1328125
2022-01-24 14:06:43,213:INFO:Epoch 16, Training loss 109262.36328125, Validation loss 109256.333984375
2022-01-24 14:06:45,749:INFO:Epoch 17, Training loss 109238.970703125, Validation loss 109230.587890625
2022-01-24 14:06:48,219:INFO:Epoch 18, Training loss 109212.705078125, Validation loss 109206.005859375
2022-01-24 14:06:50,720:INFO:Epoch 19, Training loss 109188.314453125, Validation loss 109183.572265625
2022-01-24 14:06:53,189:INFO:Epoch 20, Training loss 109163.82421875, Validation loss 109161.640625
2022-01-24 14:06:55,708:INFO:Epoch 21, Training loss 109140.005859375, Validation loss 109139.65234375
2022-01-24 14:06:58,177:INFO:Epoch 22, Training loss 109116.5390625, Validation loss 109117.234375
2022-01-24 14:07:00,670:INFO:Epoch 23, Training loss 109092.421875, Validation loss 109094.43359375
2022-01-24 14:07:03,154:INFO:Epoch 24, Training loss 109067.72265625, Validation loss 109070.705078125
2022-01-24 14:07:05,665:INFO:Epoch 25, Training loss 109040.21484375, Validation loss 109043.96875
2022-01-24 14:07:08,144:INFO:Epoch 26, Training loss 109010.41796875, Validation loss 109016.611328125
2022-01-24 14:07:10,618:INFO:Epoch 27, Training loss 108979.15625, Validation loss 108987.080078125
2022-01-24 14:07:13,111:INFO:Epoch 28, Training loss 108946.482421875, Validation loss 108956.142578125
2022-01-24 14:07:15,608:INFO:Epoch 29, Training loss 108910.666015625, Validation loss 108922.4140625
2022-01-24 14:07:18,099:INFO:Epoch 30, Training loss 108872.734375, Validation loss 108888.583984375
2022-01-24 14:07:20,561:INFO:Epoch 31, Training loss 108835.64453125, Validation loss 108853.896484375
2022-01-24 14:07:23,065:INFO:Epoch 32, Training loss 108796.1640625, Validation loss 108820.9296875
2022-01-24 14:07:25,562:INFO:Epoch 33, Training loss 108761.556640625, Validation loss 108791.05859375
2022-01-24 14:07:28,053:INFO:Epoch 34, Training loss 108724.6171875, Validation loss 108761.7578125
2022-01-24 14:07:30,502:INFO:Epoch 35, Training loss 108689.03125, Validation loss 108734.9921875
2022-01-24 14:07:33,003:INFO:Epoch 36, Training loss 108658.54296875, Validation loss 108707.419921875
2022-01-24 14:07:35,456:INFO:Epoch 37, Training loss 108631.05078125, Validation loss 108688.73046875
2022-01-24 14:07:37,990:INFO:Epoch 38, Training loss 108609.751953125, Validation loss 108671.416015625
2022-01-24 14:07:40,458:INFO:Epoch 39, Training loss 108592.52734375, Validation loss 108659.1171875
2022-01-24 14:07:42,953:INFO:Epoch 40, Training loss 108581.494140625, Validation loss 108650.091796875
2022-01-24 14:07:45,430:INFO:Epoch 41, Training loss 108573.708984375, Validation loss 108643.33203125
2022-01-24 14:07:47,953:INFO:Epoch 42, Training loss 108566.03125, Validation loss 108638.041015625
2022-01-24 14:07:50,426:INFO:Epoch 43, Training loss 108560.921875, Validation loss 108630.763671875
2022-01-24 14:07:52,912:INFO:Epoch 44, Training loss 108557.181640625, Validation loss 108626.822265625
2022-01-24 14:07:55,393:INFO:Epoch 45, Training loss 108554.986328125, Validation loss 108624.0703125
2022-01-24 14:07:57,917:INFO:Epoch 46, Training loss 108549.408203125, Validation loss 108620.158203125
2022-01-24 14:08:00,398:INFO:Epoch 47, Training loss 108549.1171875, Validation loss 108621.625
2022-01-24 14:08:02,883:INFO:Epoch 48, Training loss 108547.798828125, Validation loss 108618.5390625
2022-01-24 14:08:05,374:INFO:Epoch 49, Training loss 108542.716796875, Validation loss 108618.705078125
2022-01-24 14:08:07,877:INFO:Epoch 50, Training loss 108540.326171875, Validation loss 108615.19140625
2022-01-24 14:08:10,375:INFO:Epoch 51, Training loss 108539.357421875, Validation loss 108615.96875
2022-01-24 14:08:12,849:INFO:Epoch 52, Training loss 108537.580078125, Validation loss 108613.67578125
2022-01-24 14:08:15,349:INFO:Epoch 53, Training loss 108536.216796875, Validation loss 108613.7421875
2022-01-24 14:08:17,844:INFO:Epoch 54, Training loss 108534.6796875, Validation loss 108612.146484375
2022-01-24 14:08:20,345:INFO:Epoch 55, Training loss 108533.513671875, Validation loss 108612.3828125
2022-01-24 14:08:22,831:INFO:Epoch 56, Training loss 108533.076171875, Validation loss 108610.74609375
2022-01-24 14:08:25,341:INFO:Epoch 57, Training loss 108532.826171875, Validation loss 108609.623046875
2022-01-24 14:08:27,808:INFO:Epoch 58, Training loss 108531.134765625, Validation loss 108608.359375
2022-01-24 14:08:30,344:INFO:Epoch 59, Training loss 108529.6171875, Validation loss 108608.708984375
2022-01-24 14:08:32,802:INFO:Epoch 60, Training loss 108529.26171875, Validation loss 108608.259765625
2022-01-24 14:08:35,298:INFO:Epoch 61, Training loss 108527.177734375, Validation loss 108607.10546875
2022-01-24 14:08:37,775:INFO:Epoch 62, Training loss 108525.919921875, Validation loss 108606.90234375
2022-01-24 14:08:40,302:INFO:Epoch 63, Training loss 108525.5078125, Validation loss 108606.373046875
2022-01-24 14:08:42,778:INFO:Epoch 64, Training loss 108525.998046875, Validation loss 108608.052734375
2022-01-24 14:08:45,263:INFO:Epoch 65, Training loss 108524.212890625, Validation loss 108606.923828125
2022-01-24 14:08:47,757:INFO:Epoch 66, Training loss 108523.51953125, Validation loss 108606.138671875
2022-01-24 14:08:50,282:INFO:Epoch 67, Training loss 108523.810546875, Validation loss 108604.970703125
2022-01-24 14:08:52,766:INFO:Epoch 68, Training loss 108523.380859375, Validation loss 108604.115234375
2022-01-24 14:08:55,250:INFO:Epoch 69, Training loss 108521.111328125, Validation loss 108604.44140625
2022-01-24 14:08:57,744:INFO:Epoch 70, Training loss 108520.30859375, Validation loss 108603.837890625
2022-01-24 14:09:00,253:INFO:Epoch 71, Training loss 108520.025390625, Validation loss 108604.8359375
2022-01-24 14:09:02,764:INFO:Epoch 72, Training loss 108519.015625, Validation loss 108602.841796875
2022-01-24 14:09:05,229:INFO:Epoch 73, Training loss 108518.83203125, Validation loss 108603.798828125
2022-01-24 14:09:07,746:INFO:Epoch 74, Training loss 108518.23046875, Validation loss 108603.279296875
2022-01-24 14:09:10,245:INFO:Epoch 75, Training loss 108517.498046875, Validation loss 108602.763671875
2022-01-24 14:09:12,751:INFO:Epoch 76, Training loss 108517.93359375, Validation loss 108603.67578125
2022-01-24 14:09:15,206:INFO:Epoch 77, Training loss 108516.751953125, Validation loss 108604.80078125
2022-01-24 14:09:17,717:INFO:Epoch 78, Training loss 108516.220703125, Validation loss 108604.759765625
2022-01-24 14:09:20,174:INFO:Epoch 79, Training loss 108515.662109375, Validation loss 108605.0859375
2022-01-24 14:09:22,702:INFO:Epoch 80, Training loss 108515.53515625, Validation loss 108606.9921875
2022-01-24 14:09:25,171:INFO:Epoch 81, Training loss 108514.1875, Validation loss 108606.33203125
2022-01-24 14:09:27,688:INFO:Epoch 82, Training loss 108513.55859375, Validation loss 108604.359375
2022-01-24 14:09:30,194:INFO:Epoch 83, Training loss 108512.970703125, Validation loss 108603.509765625
2022-01-24 14:09:32,733:INFO:Epoch 84, Training loss 108512.3515625, Validation loss 108604.837890625
2022-01-24 14:09:35,222:INFO:Epoch 85, Training loss 108514.2109375, Validation loss 108604.21875
2022-01-24 14:09:37,735:INFO:Epoch 86, Training loss 108512.3203125, Validation loss 108607.490234375
2022-01-24 14:09:40,231:INFO:Epoch 87, Training loss 108512.076171875, Validation loss 108604.080078125
2022-01-24 14:09:42,765:INFO:Epoch 88, Training loss 108512.21484375, Validation loss 108606.029296875
2022-01-24 14:09:45,274:INFO:Epoch 89, Training loss 108511.88671875, Validation loss 108605.5546875
2022-01-24 14:09:47,770:INFO:Epoch 90, Training loss 108511.26171875, Validation loss 108605.607421875
2022-01-24 14:09:50,275:INFO:Epoch 91, Training loss 108511.220703125, Validation loss 108606.361328125
2022-01-24 14:09:52,813:INFO:Epoch 92, Training loss 108511.865234375, Validation loss 108605.955078125
2022-01-24 14:09:55,325:INFO:Epoch 93, Training loss 108510.7578125, Validation loss 108605.5859375
2022-01-24 14:09:57,824:INFO:Epoch 94, Training loss 108511.275390625, Validation loss 108605.015625
2022-01-24 14:10:00,356:INFO:Epoch 95, Training loss 108512.248046875, Validation loss 108606.11328125
2022-01-24 14:10:02,884:INFO:Epoch 96, Training loss 108509.9921875, Validation loss 108605.74609375
2022-01-24 14:10:05,419:INFO:Epoch 97, Training loss 108509.11328125, Validation loss 108605.755859375
2022-01-24 14:10:07,917:INFO:Epoch 98, Training loss 108509.591796875, Validation loss 108606.693359375
2022-01-24 14:10:10,460:INFO:Epoch 99, Training loss 108509.666015625, Validation loss 108608.6796875
2022-01-24 14:10:12,956:INFO:Epoch 100, Training loss 108508.7109375, Validation loss 108605.662109375
2022-01-24 14:10:15,537:INFO:Epoch 101, Training loss 108507.61328125, Validation loss 108606.501953125
2022-01-24 14:10:18,039:INFO:Epoch 102, Training loss 108507.53515625, Validation loss 108606.556640625
2022-01-24 14:10:20,579:INFO:Epoch 103, Training loss 108507.314453125, Validation loss 108606.83984375
2022-01-24 14:10:23,096:INFO:Epoch 104, Training loss 108507.2890625, Validation loss 108605.90234375
2022-01-24 14:10:25,658:INFO:Epoch 105, Training loss 108507.287109375, Validation loss 108607.72265625
2022-01-24 14:10:28,173:INFO:Epoch 106, Training loss 108506.421875, Validation loss 108607.529296875
2022-01-24 14:10:30,691:INFO:Epoch 107, Training loss 108506.791015625, Validation loss 108606.361328125
2022-01-24 14:10:33,234:INFO:Epoch 108, Training loss 108507.92578125, Validation loss 108608.595703125
2022-01-24 14:10:35,780:INFO:Epoch 109, Training loss 108506.375, Validation loss 108607.337890625
2022-01-24 14:10:38,302:INFO:Epoch 110, Training loss 108506.751953125, Validation loss 108610.072265625
2022-01-24 14:10:40,822:INFO:Epoch 111, Training loss 108508.166015625, Validation loss 108608.275390625
2022-01-24 14:10:43,359:INFO:Epoch 112, Training loss 108506.63671875, Validation loss 108613.439453125
2022-01-24 14:10:45,907:INFO:Epoch 113, Training loss 108510.708984375, Validation loss 108608.892578125
2022-01-24 14:10:48,428:INFO:Epoch 114, Training loss 108509.513671875, Validation loss 108612.54296875
2022-01-24 14:10:50,937:INFO:Epoch 115, Training loss 108505.181640625, Validation loss 108608.765625
2022-01-24 14:10:53,480:INFO:Epoch 116, Training loss 108503.5078125, Validation loss 108609.998046875
2022-01-24 14:10:56,017:INFO:Epoch 117, Training loss 108503.703125, Validation loss 108606.859375
2022-01-24 14:10:58,555:INFO:Epoch 118, Training loss 108503.833984375, Validation loss 108608.810546875
2022-01-24 14:11:01,054:INFO:Epoch 119, Training loss 108503.486328125, Validation loss 108608.525390625
2022-01-24 14:11:03,610:INFO:Epoch 120, Training loss 108502.236328125, Validation loss 108609.681640625
2022-01-24 14:11:06,109:INFO:Epoch 121, Training loss 108502.78515625, Validation loss 108607.224609375
2022-01-24 14:11:08,699:INFO:Epoch 122, Training loss 108503.203125, Validation loss 108607.791015625
2022-01-24 14:11:11,210:INFO:Epoch 123, Training loss 108502.4921875, Validation loss 108610.142578125
2022-01-24 14:11:13,751:INFO:Epoch 124, Training loss 108501.232421875, Validation loss 108608.857421875
2022-01-24 14:11:16,273:INFO:Epoch 125, Training loss 108501.330078125, Validation loss 108609.8203125
2022-01-24 14:11:16,279:INFO:Finished training
