2021-11-24 15:26:09,304:INFO:All directories created, ready to load the data
2021-11-24 15:26:09,351:INFO:Dataset loaded from /data/theorie/jthoeve/event_generation/events_high_stats/quad/cHW/events_22.npy
2021-11-24 15:26:09,354:INFO:Dataset loaded from /data/theorie/jthoeve/event_generation/events_high_stats/sm/events_22.npy
2021-11-24 15:26:13,198:INFO:Epoch 1, Training loss 183903.16015625, Validation loss 183831.42578125
2021-11-24 15:26:17,030:INFO:Epoch 2, Training loss 183903.15234375, Validation loss 183831.42578125
2021-11-24 15:26:20,797:INFO:Epoch 3, Training loss 183903.15234375, Validation loss 183831.42578125
2021-11-24 15:26:24,635:INFO:Epoch 4, Training loss 183903.15625, Validation loss 183831.42578125
2021-11-24 15:26:28,409:INFO:Epoch 5, Training loss 183903.16015625, Validation loss 183831.42578125
2021-11-24 15:26:32,226:INFO:Epoch 6, Training loss 183903.16015625, Validation loss 183831.42578125
2021-11-24 15:26:36,030:INFO:Epoch 7, Training loss 183903.16015625, Validation loss 183831.42578125
2021-11-24 15:26:39,845:INFO:Epoch 8, Training loss 183903.16015625, Validation loss 183831.42578125
2021-11-24 15:26:43,618:INFO:Epoch 9, Training loss 183903.15625, Validation loss 183831.42578125
2021-11-24 15:26:47,417:INFO:Epoch 10, Training loss 183903.15625, Validation loss 183831.42578125
2021-11-24 15:26:51,199:INFO:Epoch 11, Training loss 183903.16015625, Validation loss 183831.42578125
2021-11-24 15:26:55,014:INFO:Epoch 12, Training loss 183903.15234375, Validation loss 183831.42578125
2021-11-24 15:26:55,017:INFO:Detected stagant training, reset the weights
2021-11-24 15:26:58,805:INFO:Epoch 13, Training loss 183903.15625, Validation loss 183831.42578125
2021-11-24 15:27:02,590:INFO:Epoch 14, Training loss 183903.16015625, Validation loss 183831.42578125
2021-11-24 15:27:06,385:INFO:Epoch 15, Training loss 183903.15625, Validation loss 183831.42578125
2021-11-24 15:27:10,196:INFO:Epoch 16, Training loss 183903.16015625, Validation loss 183831.42578125
2021-11-24 15:27:14,024:INFO:Epoch 17, Training loss 183903.15625, Validation loss 183831.42578125
2021-11-24 15:27:17,791:INFO:Epoch 18, Training loss 183903.16015625, Validation loss 183831.42578125
2021-11-24 15:27:21,599:INFO:Epoch 19, Training loss 183903.15625, Validation loss 183831.42578125
2021-11-24 15:27:25,358:INFO:Epoch 20, Training loss 183903.15234375, Validation loss 183831.42578125
2021-11-24 15:27:25,364:INFO:Detected stagant training, reset the weights
2021-11-24 15:27:29,194:INFO:Epoch 21, Training loss 183903.15625, Validation loss 183831.42578125
2021-11-24 15:27:32,963:INFO:Epoch 22, Training loss 183903.1640625, Validation loss 183831.42578125
2021-11-24 15:27:36,762:INFO:Epoch 23, Training loss 183903.15625, Validation loss 183831.42578125
2021-11-24 15:27:40,561:INFO:Epoch 24, Training loss 183903.16015625, Validation loss 183831.42578125
2021-11-24 15:27:44,401:INFO:Epoch 25, Training loss 183903.16015625, Validation loss 183831.42578125
2021-11-24 15:27:48,173:INFO:Epoch 26, Training loss 183903.16015625, Validation loss 183831.42578125
2021-11-24 15:27:52,022:INFO:Epoch 27, Training loss 183903.15625, Validation loss 183831.42578125
2021-11-24 15:27:55,856:INFO:Epoch 28, Training loss 183903.15625, Validation loss 183831.42578125
2021-11-24 15:27:59,682:INFO:Epoch 29, Training loss 183903.15625, Validation loss 183831.42578125
2021-11-24 15:28:03,481:INFO:Epoch 30, Training loss 183903.16015625, Validation loss 183831.42578125
2021-11-24 15:28:07,265:INFO:Epoch 31, Training loss 183903.16015625, Validation loss 183831.42578125
2021-11-24 15:28:11,086:INFO:Epoch 32, Training loss 183903.15625, Validation loss 183831.42578125
2021-11-24 15:28:14,903:INFO:Epoch 33, Training loss 183903.15625, Validation loss 183831.42578125
2021-11-24 15:28:18,709:INFO:Epoch 34, Training loss 183903.16015625, Validation loss 183831.42578125
2021-11-24 15:28:22,535:INFO:Epoch 35, Training loss 183903.16015625, Validation loss 183831.42578125
2021-11-24 15:28:26,342:INFO:Epoch 36, Training loss 183903.16015625, Validation loss 183831.42578125
2021-11-24 15:28:30,116:INFO:Epoch 37, Training loss 183903.15625, Validation loss 183831.42578125
2021-11-24 15:28:33,952:INFO:Epoch 38, Training loss 183903.16015625, Validation loss 183831.42578125
2021-11-24 15:28:37,713:INFO:Epoch 39, Training loss 183903.15625, Validation loss 183831.42578125
2021-11-24 15:28:41,547:INFO:Epoch 40, Training loss 183903.15625, Validation loss 183831.42578125
2021-11-24 15:28:45,303:INFO:Epoch 41, Training loss 183903.15234375, Validation loss 183831.42578125
2021-11-24 15:28:45,307:INFO:Detected stagant training, reset the weights
2021-11-24 15:28:49,150:INFO:Epoch 42, Training loss 150141.376953125, Validation loss 149518.69921875
2021-11-24 15:28:52,927:INFO:Epoch 43, Training loss 148779.294921875, Validation loss 147404.8828125
2021-11-24 15:28:56,733:INFO:Epoch 44, Training loss 146248.599609375, Validation loss 144657.591796875
2021-11-24 15:29:00,521:INFO:Epoch 45, Training loss 144338.025390625, Validation loss 144065.912109375
2021-11-24 15:29:04,368:INFO:Epoch 46, Training loss 143885.791015625, Validation loss 143802.177734375
2021-11-24 15:29:08,147:INFO:Epoch 47, Training loss 143769.1796875, Validation loss 143782.490234375
2021-11-24 15:29:11,931:INFO:Epoch 48, Training loss 143728.50390625, Validation loss 143700.419921875
2021-11-24 15:29:15,757:INFO:Epoch 49, Training loss 143645.1796875, Validation loss 143625.939453125
2021-11-24 15:29:19,585:INFO:Epoch 50, Training loss 143593.951171875, Validation loss 143582.23828125
2021-11-24 15:29:23,372:INFO:Epoch 51, Training loss 143549.3515625, Validation loss 143621.23046875
2021-11-24 15:29:27,160:INFO:Epoch 52, Training loss 143568.365234375, Validation loss 143592.455078125
2021-11-24 15:29:31,077:INFO:Epoch 53, Training loss 143561.65625, Validation loss 143560.48046875
2021-11-24 15:29:34,899:INFO:Epoch 54, Training loss 143560.45703125, Validation loss 143550.625
2021-11-24 15:29:38,707:INFO:Epoch 55, Training loss 143539.783203125, Validation loss 143582.859375
2021-11-24 15:29:42,563:INFO:Epoch 56, Training loss 143528.58203125, Validation loss 143536.15625
2021-11-24 15:29:46,350:INFO:Epoch 57, Training loss 143519.798828125, Validation loss 143534.162109375
2021-11-24 15:29:50,110:INFO:Epoch 58, Training loss 143521.431640625, Validation loss 143608.779296875
2021-11-24 15:29:53,922:INFO:Epoch 59, Training loss 143536.197265625, Validation loss 143529.994140625
2021-11-24 15:29:57,689:INFO:Epoch 60, Training loss 143516.466796875, Validation loss 143536.330078125
2021-11-24 15:30:01,505:INFO:Epoch 61, Training loss 143510.310546875, Validation loss 143524.732421875
2021-11-24 15:30:05,271:INFO:Epoch 62, Training loss 143508.0625, Validation loss 143523.20703125
2021-11-24 15:30:09,134:INFO:Epoch 63, Training loss 143504.037109375, Validation loss 143527.08203125
2021-11-24 15:30:13,006:INFO:Epoch 64, Training loss 143506.77734375, Validation loss 143532.220703125
2021-11-24 15:30:16,955:INFO:Epoch 65, Training loss 143531.73046875, Validation loss 143556.796875
2021-11-24 15:30:20,883:INFO:Epoch 66, Training loss 143548.0390625, Validation loss 143536.52734375
2021-11-24 15:30:24,890:INFO:Epoch 67, Training loss 143513.427734375, Validation loss 143532.798828125
2021-11-24 15:30:28,771:INFO:Epoch 68, Training loss 143516.86328125, Validation loss 143523.25390625
2021-11-24 15:30:32,688:INFO:Epoch 69, Training loss 143500.259765625, Validation loss 143526.896484375
2021-11-24 15:30:36,589:INFO:Epoch 70, Training loss 143507.943359375, Validation loss 143524.046875
2021-11-24 15:30:40,503:INFO:Epoch 71, Training loss 143495.76953125, Validation loss 143524.23046875
2021-11-24 15:30:44,432:INFO:Epoch 72, Training loss 143498.08984375, Validation loss 143521.0390625
2021-11-24 15:30:48,316:INFO:Epoch 73, Training loss 143497.92578125, Validation loss 143521.046875
2021-11-24 15:30:52,221:INFO:Epoch 74, Training loss 143498.802734375, Validation loss 143519.44140625
2021-11-24 15:30:56,070:INFO:Epoch 75, Training loss 143500.61328125, Validation loss 143524.33203125
2021-11-24 15:30:59,912:INFO:Epoch 76, Training loss 143505.390625, Validation loss 143524.544921875
2021-11-24 15:31:03,687:INFO:Epoch 77, Training loss 143500.0390625, Validation loss 143531.759765625
2021-11-24 15:31:07,492:INFO:Epoch 78, Training loss 143502.697265625, Validation loss 143519.556640625
2021-11-24 15:31:11,443:INFO:Epoch 79, Training loss 143496.376953125, Validation loss 143519.26953125
2021-11-24 15:31:15,304:INFO:Epoch 80, Training loss 143499.12890625, Validation loss 143548.328125
2021-11-24 15:31:19,086:INFO:Epoch 81, Training loss 143510.880859375, Validation loss 143527.794921875
2021-11-24 15:31:22,961:INFO:Epoch 82, Training loss 143512.41015625, Validation loss 143521.59375
2021-11-24 15:31:27,065:INFO:Epoch 83, Training loss 143508.826171875, Validation loss 143554.572265625
2021-11-24 15:31:30,920:INFO:Epoch 84, Training loss 143506.76171875, Validation loss 143520.576171875
2021-11-24 15:31:34,700:INFO:Epoch 85, Training loss 143491.10546875, Validation loss 143517.482421875
2021-11-24 15:31:38,525:INFO:Epoch 86, Training loss 143493.4296875, Validation loss 143516.72265625
2021-11-24 15:31:42,326:INFO:Epoch 87, Training loss 143494.95703125, Validation loss 143524.14453125
2021-11-24 15:31:46,166:INFO:Epoch 88, Training loss 143496.984375, Validation loss 143523.66796875
2021-11-24 15:31:49,918:INFO:Epoch 89, Training loss 143495.32421875, Validation loss 143523.474609375
2021-11-24 15:31:53,992:INFO:Epoch 90, Training loss 143493.75390625, Validation loss 143518.13671875
2021-11-24 15:31:57,784:INFO:Epoch 91, Training loss 143496.365234375, Validation loss 143539.255859375
2021-11-24 15:32:01,642:INFO:Epoch 92, Training loss 143506.85546875, Validation loss 143524.005859375
2021-11-24 15:32:05,451:INFO:Epoch 93, Training loss 143497.595703125, Validation loss 143527.880859375
2021-11-24 15:32:09,246:INFO:Epoch 94, Training loss 143495.744140625, Validation loss 143521.220703125
2021-11-24 15:32:13,281:INFO:Epoch 95, Training loss 143495.818359375, Validation loss 143519.76953125
2021-11-24 15:32:17,098:INFO:Epoch 96, Training loss 143500.541015625, Validation loss 143516.80859375
2021-11-24 15:32:20,904:INFO:Epoch 97, Training loss 143497.37890625, Validation loss 143525.306640625
2021-11-24 15:32:24,688:INFO:Epoch 98, Training loss 143496.966796875, Validation loss 143522.2109375
2021-11-24 15:32:28,464:INFO:Epoch 99, Training loss 143487.587890625, Validation loss 143521.150390625
2021-11-24 15:32:32,324:INFO:Epoch 100, Training loss 143506.64453125, Validation loss 143519.470703125
2021-11-24 15:32:36,145:INFO:Epoch 101, Training loss 143500.78515625, Validation loss 143530.197265625
2021-11-24 15:32:39,919:INFO:Epoch 102, Training loss 143494.033203125, Validation loss 143525.3984375
2021-11-24 15:32:43,735:INFO:Epoch 103, Training loss 143489.455078125, Validation loss 143518.837890625
2021-11-24 15:32:47,505:INFO:Epoch 104, Training loss 143483.625, Validation loss 143516.568359375
2021-11-24 15:32:51,565:INFO:Epoch 105, Training loss 143488.26953125, Validation loss 143527.998046875
2021-11-24 15:32:55,339:INFO:Epoch 106, Training loss 143492.599609375, Validation loss 143518.25390625
2021-11-24 15:32:59,143:INFO:Epoch 107, Training loss 143491.28515625, Validation loss 143520.98046875
2021-11-24 15:33:02,907:INFO:Epoch 108, Training loss 143490.392578125, Validation loss 143518.322265625
2021-11-24 15:33:06,747:INFO:Epoch 109, Training loss 143494.390625, Validation loss 143518.8046875
2021-11-24 15:33:10,509:INFO:Epoch 110, Training loss 143488.357421875, Validation loss 143524.69921875
2021-11-24 15:33:14,350:INFO:Epoch 111, Training loss 143488.728515625, Validation loss 143528.21875
2021-11-24 15:33:18,156:INFO:Epoch 112, Training loss 143488.265625, Validation loss 143525.232421875
2021-11-24 15:33:21,986:INFO:Epoch 113, Training loss 143491.83203125, Validation loss 143526.060546875
2021-11-24 15:33:25,790:INFO:Epoch 114, Training loss 143497.349609375, Validation loss 143524.1015625
2021-11-24 15:33:29,603:INFO:Epoch 115, Training loss 143493.11328125, Validation loss 143518.87109375
2021-11-24 15:33:33,393:INFO:Epoch 116, Training loss 143483.2265625, Validation loss 143515.8828125
2021-11-24 15:33:37,202:INFO:Epoch 117, Training loss 143484.232421875, Validation loss 143517.869140625
2021-11-24 15:33:41,002:INFO:Epoch 118, Training loss 143482.740234375, Validation loss 143526.49609375
2021-11-24 15:33:44,779:INFO:Epoch 119, Training loss 143483.759765625, Validation loss 143515.599609375
2021-11-24 15:33:48,566:INFO:Epoch 120, Training loss 143483.71484375, Validation loss 143515.73046875
2021-11-24 15:33:52,371:INFO:Epoch 121, Training loss 143482.310546875, Validation loss 143517.1796875
2021-11-24 15:33:56,180:INFO:Epoch 122, Training loss 143484.267578125, Validation loss 143514.546875
2021-11-24 15:33:59,956:INFO:Epoch 123, Training loss 143487.34375, Validation loss 143529.59765625
2021-11-24 15:34:03,773:INFO:Epoch 124, Training loss 143489.107421875, Validation loss 143516.74609375
2021-11-24 15:34:07,545:INFO:Epoch 125, Training loss 143491.625, Validation loss 143539.3125
2021-11-24 15:34:11,395:INFO:Epoch 126, Training loss 143491.32421875, Validation loss 143515.306640625
2021-11-24 15:34:15,168:INFO:Epoch 127, Training loss 143487.646484375, Validation loss 143539.11328125
2021-11-24 15:34:18,993:INFO:Epoch 128, Training loss 143500.111328125, Validation loss 143519.5234375
2021-11-24 15:34:22,767:INFO:Epoch 129, Training loss 143499.732421875, Validation loss 143551.9375
2021-11-24 15:34:26,586:INFO:Epoch 130, Training loss 143502.357421875, Validation loss 143521.68359375
2021-11-24 15:34:30,388:INFO:Epoch 131, Training loss 143482.8984375, Validation loss 143526.134765625
2021-11-24 15:34:34,287:INFO:Epoch 132, Training loss 143485.884765625, Validation loss 143517.056640625
2021-11-24 15:34:38,073:INFO:Epoch 133, Training loss 143478.888671875, Validation loss 143514.759765625
2021-11-24 15:34:41,925:INFO:Epoch 134, Training loss 143479.994140625, Validation loss 143515.41015625
2021-11-24 15:34:45,716:INFO:Epoch 135, Training loss 143481.89453125, Validation loss 143516.439453125
2021-11-24 15:34:49,528:INFO:Epoch 136, Training loss 143481.654296875, Validation loss 143542.046875
2021-11-24 15:34:53,375:INFO:Epoch 137, Training loss 143497.458984375, Validation loss 143520.130859375
2021-11-24 15:34:57,419:INFO:Epoch 138, Training loss 143501.435546875, Validation loss 143532.98046875
2021-11-24 15:35:01,230:INFO:Epoch 139, Training loss 143518.146484375, Validation loss 143534.560546875
2021-11-24 15:35:05,002:INFO:Epoch 140, Training loss 143503.650390625, Validation loss 143556.49609375
2021-11-24 15:35:08,794:INFO:Epoch 141, Training loss 143505.12109375, Validation loss 143529.330078125
2021-11-24 15:35:12,659:INFO:Epoch 142, Training loss 143496.302734375, Validation loss 143542.357421875
2021-11-24 15:35:16,549:INFO:Epoch 143, Training loss 143495.955078125, Validation loss 143536.09765625
2021-11-24 15:35:20,431:INFO:Epoch 144, Training loss 143493.8203125, Validation loss 143523.9921875
2021-11-24 15:35:24,343:INFO:Epoch 145, Training loss 143492.203125, Validation loss 143553.201171875
2021-11-24 15:35:28,136:INFO:Epoch 146, Training loss 143499.27734375, Validation loss 143520.08203125
2021-11-24 15:35:31,996:INFO:Epoch 147, Training loss 143489.23828125, Validation loss 143536.505859375
2021-11-24 15:35:35,784:INFO:Epoch 148, Training loss 143485.62890625, Validation loss 143515.595703125
2021-11-24 15:35:39,691:INFO:Epoch 149, Training loss 143481.423828125, Validation loss 143526.75
2021-11-24 15:35:43,545:INFO:Epoch 150, Training loss 143485.1484375, Validation loss 143521.55859375
2021-11-24 15:35:47,450:INFO:Epoch 151, Training loss 143483.921875, Validation loss 143522.029296875
2021-11-24 15:35:51,295:INFO:Epoch 152, Training loss 143483.74609375, Validation loss 143524.611328125
2021-11-24 15:35:55,668:INFO:Epoch 153, Training loss 143480.005859375, Validation loss 143519.857421875
2021-11-24 15:35:59,474:INFO:Epoch 154, Training loss 143484.3828125, Validation loss 143518.013671875
2021-11-24 15:36:03,345:INFO:Epoch 155, Training loss 143482.138671875, Validation loss 143516.5859375
2021-11-24 15:36:07,163:INFO:Epoch 156, Training loss 143478.994140625, Validation loss 143527.484375
2021-11-24 15:36:10,983:INFO:Epoch 157, Training loss 143478.93359375, Validation loss 143518.134765625
2021-11-24 15:36:14,805:INFO:Epoch 158, Training loss 143480.958984375, Validation loss 143519.140625
2021-11-24 15:36:18,648:INFO:Epoch 159, Training loss 143485.740234375, Validation loss 143531.388671875
2021-11-24 15:36:22,508:INFO:Epoch 160, Training loss 143481.29296875, Validation loss 143519.603515625
2021-11-24 15:36:26,295:INFO:Epoch 161, Training loss 143478.439453125, Validation loss 143517.259765625
2021-11-24 15:36:30,088:INFO:Epoch 162, Training loss 143478.98046875, Validation loss 143516.5390625
2021-11-24 15:36:34,005:INFO:Epoch 163, Training loss 143485.490234375, Validation loss 143517.580078125
2021-11-24 15:36:37,856:INFO:Epoch 164, Training loss 143479.791015625, Validation loss 143532.419921875
2021-11-24 15:36:41,662:INFO:Epoch 165, Training loss 143481.3359375, Validation loss 143516.40625
2021-11-24 15:36:45,506:INFO:Epoch 166, Training loss 143476.0546875, Validation loss 143521.91015625
2021-11-24 15:36:49,296:INFO:Epoch 167, Training loss 143476.599609375, Validation loss 143530.388671875
2021-11-24 15:36:53,199:INFO:Epoch 168, Training loss 143482.75, Validation loss 143517.396484375
2021-11-24 15:36:57,010:INFO:Epoch 169, Training loss 143475.3984375, Validation loss 143516.46875
2021-11-24 15:37:00,859:INFO:Epoch 170, Training loss 143477.220703125, Validation loss 143516.923828125
2021-11-24 15:37:04,662:INFO:Epoch 171, Training loss 143474.60546875, Validation loss 143523.044921875
2021-11-24 15:37:08,518:INFO:Epoch 172, Training loss 143476.953125, Validation loss 143517.302734375
2021-11-24 15:37:08,525:INFO:Finished training, producing training report at /data/theorie/jthoeve/ML4EFT_higgs/models/24_11/model_quad_cHW/mc_run_22/plots/training_report/
2021-11-24 15:37:08,868:WARNING:findfont: Font family ['sans-serif'] not found. Falling back to DejaVu Sans.
