1.260139726562500000e+05
1.208848632812500000e+05
1.171112695312500000e+05
1.143701484375000000e+05
1.121855781250000000e+05
1.104733281250000000e+05
1.094965449218750000e+05
1.092566250000000000e+05
1.093517929687500000e+05
1.093512871093750000e+05
1.092330000000000000e+05
1.091330703125000000e+05
1.090910820312500000e+05
1.090673515625000000e+05
1.090365527343750000e+05
1.090032929687500000e+05
1.089738222656250000e+05
1.089442773437500000e+05
1.089124511718750000e+05
1.088806582031250000e+05
1.088465117187500000e+05
1.088109335937500000e+05
1.087736484375000000e+05
1.087331132812500000e+05
1.086918632812500000e+05
1.086481738281250000e+05
1.086026093750000000e+05
1.085585097656250000e+05
1.085147968750000000e+05
1.084748671875000000e+05
1.084437812500000000e+05
1.084238261718750000e+05
1.084109980468750000e+05
1.084023632812500000e+05
1.083973222656250000e+05
1.083943164062500000e+05
1.083918906250000000e+05
1.083904960937500000e+05
1.083880078125000000e+05
1.083881503906250000e+05
1.083851660156250000e+05
1.083835800781250000e+05
1.083825136718750000e+05
1.083813261718750000e+05
1.083801269531250000e+05
1.083786406250000000e+05
1.083781972656250000e+05
1.083794550781250000e+05
1.083773847656250000e+05
1.083757734375000000e+05
1.083746933593750000e+05
1.083740976562500000e+05
1.083734062500000000e+05
1.083734589843750000e+05
1.083730156250000000e+05
1.083723203125000000e+05
1.083713339843750000e+05
1.083726699218750000e+05
1.083720957031250000e+05
1.083728535156250000e+05
1.083697851562500000e+05
1.083688085937500000e+05
1.083700429687500000e+05
1.083673046875000000e+05
1.083677832031250000e+05
1.083672050781250000e+05
1.083662480468750000e+05
1.083675898437500000e+05
1.083664746093750000e+05
1.083663339843750000e+05
1.083647773437500000e+05
1.083646679687500000e+05
1.083646347656250000e+05
1.083643964843750000e+05
1.083633945312500000e+05
1.083630234375000000e+05
1.083623281250000000e+05
1.083638632812500000e+05
1.083615566406250000e+05
1.083635683593750000e+05
1.083611757812500000e+05
1.083614023437500000e+05
1.083601464843750000e+05
1.083605410156250000e+05
1.083607050781250000e+05
1.083603847656250000e+05
1.083619667968750000e+05
1.083594042968750000e+05
1.083603378906250000e+05
1.083585742187500000e+05
1.083582421875000000e+05
1.083591328125000000e+05
1.083586894531250000e+05
1.083583984375000000e+05
1.083573789062500000e+05
1.083578691406250000e+05
1.083571132812500000e+05
1.083572832031250000e+05
1.083559687500000000e+05
1.083553925781250000e+05
1.083572480468750000e+05
1.083562343750000000e+05
1.083586875000000000e+05
1.083551328125000000e+05
1.083558222656250000e+05
1.083544667968750000e+05
1.083558515625000000e+05
1.083592734375000000e+05
1.083534062500000000e+05
1.083566601562500000e+05
1.083531835937500000e+05
1.083541640625000000e+05
1.083524375000000000e+05
1.083534121093750000e+05
1.083522890625000000e+05
1.083523242187500000e+05
1.083520898437500000e+05
1.083510429687500000e+05
