7.695316796875000000e+04
7.428098925781250000e+04
7.380585644531250000e+04
7.388922949218750000e+04
7.393023828125000000e+04
7.386393847656250000e+04
7.378044433593750000e+04
7.374714648437500000e+04
7.375907421875000000e+04
7.375420312500000000e+04
7.374571191406250000e+04
7.374541992187500000e+04
7.374594824218750000e+04
7.374543359375000000e+04
7.374429101562500000e+04
7.374404394531250000e+04
7.374366894531250000e+04
7.374362597656250000e+04
7.374318261718750000e+04
7.374309570312500000e+04
7.374288574218750000e+04
7.374272363281250000e+04
7.374271191406250000e+04
7.374250781250000000e+04
7.374240722656250000e+04
7.374233203125000000e+04
7.374219042968750000e+04
7.374224707031250000e+04
7.374197949218750000e+04
7.374188769531250000e+04
7.374170703125000000e+04
7.374158984375000000e+04
7.374142089843750000e+04
7.374140722656250000e+04
7.374120898437500000e+04
7.374110156250000000e+04
7.374120117187500000e+04
7.374093457031250000e+04
7.374091308593750000e+04
7.374087988281250000e+04
7.374052441406250000e+04
7.374048437500000000e+04
7.374033300781250000e+04
7.374021582031250000e+04
7.374001660156250000e+04
7.373979589843750000e+04
7.373976269531250000e+04
7.373950390625000000e+04
7.373917968750000000e+04
7.373913085937500000e+04
7.373890332031250000e+04
7.373868359375000000e+04
7.373854101562500000e+04
7.373901367187500000e+04
7.373835839843750000e+04
7.373809375000000000e+04
7.373768359375000000e+04
7.373744628906250000e+04
7.373727929687500000e+04
7.373690527343750000e+04
7.373662500000000000e+04
7.373643261718750000e+04
7.373599609375000000e+04
7.373627050781250000e+04
7.373562011718750000e+04
7.373529394531250000e+04
7.373518261718750000e+04
7.373467773437500000e+04
7.373445312500000000e+04
7.373401757812500000e+04
7.373359082031250000e+04
7.373381152343750000e+04
7.373288867187500000e+04
7.373249414062500000e+04
7.373233496093750000e+04
