1.494926386718750000e+05
1.486800742187500000e+05
1.477495390625000000e+05
1.466820761718750000e+05
1.455913789062500000e+05
1.446458750000000000e+05
1.441250839843750000e+05
1.439112675781250000e+05
1.437683359375000000e+05
1.436406953125000000e+05
1.435765117187500000e+05
1.435575175781250000e+05
1.435295214843750000e+05
1.435082597656250000e+05
1.434930234375000000e+05
1.434815683593750000e+05
1.434759843750000000e+05
1.434756328125000000e+05
1.434738027343750000e+05
1.434619316406250000e+05
1.434475683593750000e+05
1.434514648437500000e+05
1.434503320312500000e+05
1.434408964843750000e+05
1.434381191406250000e+05
1.434344843750000000e+05
1.434349121093750000e+05
1.434355800781250000e+05
1.434288457031250000e+05
1.434356015625000000e+05
1.434288085937500000e+05
1.434421738281250000e+05
1.434323632812500000e+05
1.434336933593750000e+05
1.434378671875000000e+05
1.434585996093750000e+05
1.434467832031250000e+05
1.434856679687500000e+05
1.434854550781250000e+05
1.434431406250000000e+05
1.434265781250000000e+05
1.434286445312500000e+05
1.434290546875000000e+05
1.434377773437500000e+05
1.434619199218750000e+05
1.434659531250000000e+05
1.434529277343750000e+05
1.434380332031250000e+05
1.434274433593750000e+05
1.434240429687500000e+05
1.434272675781250000e+05
1.434215898437500000e+05
1.434163105468750000e+05
1.434240898437500000e+05
1.434185312500000000e+05
1.434247246093750000e+05
1.434273066406250000e+05
1.434264101562500000e+05
1.434414804687500000e+05
1.434274746093750000e+05
1.434271953125000000e+05
1.434271074218750000e+05
1.434343476562500000e+05
1.434226582031250000e+05
1.434238281250000000e+05
1.434122558593750000e+05
1.434107187500000000e+05
1.434117285156250000e+05
1.434182773437500000e+05
1.434127578125000000e+05
1.434152285156250000e+05
1.434094687500000000e+05
1.434153867187500000e+05
1.434169277343750000e+05
1.434127949218750000e+05
1.434112539062500000e+05
1.434154199218750000e+05
1.434082578125000000e+05
1.434101777343750000e+05
1.434149179687500000e+05
1.434151582031250000e+05
1.434227207031250000e+05
1.434133085937500000e+05
1.434163398437500000e+05
1.434126386718750000e+05
1.434123222656250000e+05
1.434080195312500000e+05
1.434070019531250000e+05
1.434091015625000000e+05
1.434154941406250000e+05
1.434121093750000000e+05
1.434137363281250000e+05
1.434155351562500000e+05
1.434097519531250000e+05
1.434144785156250000e+05
1.434079433593750000e+05
1.434094746093750000e+05
1.434075488281250000e+05
1.434037675781250000e+05
