2022-03-03 14:19:25,494:INFO:All directories created, ready to load the data
2022-03-03 14:19:25,525:INFO:Dataset loaded from /data/theorie/jthoeve/training_data/zh/features_mzh_y_ptz_v2/lin/cHq3/events_20.pkl.gz
2022-03-03 14:19:25,574:INFO:Dataset loaded from /data/theorie/jthoeve/training_data/zh/features_mzh_y_ptz_v2/sm/events_20.pkl.gz
2022-03-03 14:19:27,985:INFO:Epoch 1, Training loss 84674.736328125, Validation loss 84674.74609375
2022-03-03 14:19:30,437:INFO:Epoch 2, Training loss 84674.736328125, Validation loss 84674.74609375
2022-03-03 14:19:32,809:INFO:Epoch 3, Training loss 84674.736328125, Validation loss 84674.74609375
2022-03-03 14:19:35,198:INFO:Epoch 4, Training loss 84674.736328125, Validation loss 84674.74609375
2022-03-03 14:19:37,568:INFO:Epoch 5, Training loss 84674.736328125, Validation loss 84674.74609375
2022-03-03 14:19:39,993:INFO:Epoch 6, Training loss 84674.736328125, Validation loss 84674.74609375
2022-03-03 14:19:42,380:INFO:Epoch 7, Training loss 84674.736328125, Validation loss 84674.74609375
2022-03-03 14:19:44,751:INFO:Epoch 8, Training loss 84674.736328125, Validation loss 84674.74609375
2022-03-03 14:19:47,145:INFO:Epoch 9, Training loss 84674.736328125, Validation loss 84674.74609375
2022-03-03 14:19:49,585:INFO:Epoch 10, Training loss 84674.736328125, Validation loss 84674.74609375
2022-03-03 14:19:51,976:INFO:Epoch 11, Training loss 84674.736328125, Validation loss 84674.74609375
2022-03-03 14:19:51,980:INFO:Detected stagant training, reset the weights
2022-03-03 14:19:54,331:INFO:Epoch 12, Training loss 80612.5849609375, Validation loss 76600.06640625
2022-03-03 14:19:56,733:INFO:Epoch 13, Training loss 75218.2197265625, Validation loss 73961.5927734375
2022-03-03 14:19:59,161:INFO:Epoch 14, Training loss 73858.9755859375, Validation loss 73929.2978515625
2022-03-03 14:20:01,608:INFO:Epoch 15, Training loss 74056.349609375, Validation loss 74163.7724609375
2022-03-03 14:20:04,051:INFO:Epoch 16, Training loss 74139.728515625, Validation loss 74056.708984375
2022-03-03 14:20:06,618:INFO:Epoch 17, Training loss 73980.9228515625, Validation loss 73880.2880859375
2022-03-03 14:20:09,113:INFO:Epoch 18, Training loss 73834.986328125, Validation loss 73789.9677734375
2022-03-03 14:20:11,697:INFO:Epoch 19, Training loss 73777.984375, Validation loss 73774.2001953125
2022-03-03 14:20:14,175:INFO:Epoch 20, Training loss 73775.15625, Validation loss 73782.9697265625
2022-03-03 14:20:16,717:INFO:Epoch 21, Training loss 73782.9462890625, Validation loss 73787.1455078125
2022-03-03 14:20:19,214:INFO:Epoch 22, Training loss 73783.1083984375, Validation loss 73782.97265625
2022-03-03 14:20:21,823:INFO:Epoch 23, Training loss 73777.3876953125, Validation loss 73776.748046875
2022-03-03 14:20:24,322:INFO:Epoch 24, Training loss 73771.828125, Validation loss 73773.154296875
2022-03-03 14:20:26,831:INFO:Epoch 25, Training loss 73769.2890625, Validation loss 73772.46484375
2022-03-03 14:20:29,313:INFO:Epoch 26, Training loss 73768.7822265625, Validation loss 73772.708984375
2022-03-03 14:20:31,837:INFO:Epoch 27, Training loss 73768.7158203125, Validation loss 73772.7041015625
2022-03-03 14:20:34,231:INFO:Epoch 28, Training loss 73768.404296875, Validation loss 73772.3359375
2022-03-03 14:20:36,615:INFO:Epoch 29, Training loss 73767.740234375, Validation loss 73771.98046875
2022-03-03 14:20:39,009:INFO:Epoch 30, Training loss 73767.3095703125, Validation loss 73771.8291015625
2022-03-03 14:20:41,437:INFO:Epoch 31, Training loss 73766.9013671875, Validation loss 73771.794921875
2022-03-03 14:20:43,836:INFO:Epoch 32, Training loss 73766.6259765625, Validation loss 73771.7685546875
2022-03-03 14:20:46,190:INFO:Epoch 33, Training loss 73766.4384765625, Validation loss 73771.708984375
2022-03-03 14:20:48,596:INFO:Epoch 34, Training loss 73766.0244140625, Validation loss 73771.650390625
2022-03-03 14:20:50,997:INFO:Epoch 35, Training loss 73765.7490234375, Validation loss 73771.658203125
2022-03-03 14:20:53,389:INFO:Epoch 36, Training loss 73765.42578125, Validation loss 73771.76953125
2022-03-03 14:20:55,723:INFO:Epoch 37, Training loss 73765.177734375, Validation loss 73772.0556640625
2022-03-03 14:20:58,117:INFO:Epoch 38, Training loss 73765.111328125, Validation loss 73772.396484375
2022-03-03 14:21:00,458:INFO:Epoch 39, Training loss 73764.78515625, Validation loss 73772.4638671875
2022-03-03 14:21:02,898:INFO:Epoch 40, Training loss 73764.4765625, Validation loss 73772.5517578125
2022-03-03 14:21:05,239:INFO:Epoch 41, Training loss 73764.33984375, Validation loss 73772.5712890625
2022-03-03 14:21:07,631:INFO:Epoch 42, Training loss 73764.111328125, Validation loss 73772.5693359375
2022-03-03 14:21:09,985:INFO:Epoch 43, Training loss 73764.0244140625, Validation loss 73772.619140625
2022-03-03 14:21:12,424:INFO:Epoch 44, Training loss 73763.943359375, Validation loss 73772.5107421875
2022-03-03 14:21:14,778:INFO:Epoch 45, Training loss 73763.7060546875, Validation loss 73772.6298828125
2022-03-03 14:21:17,152:INFO:Epoch 46, Training loss 73763.658203125, Validation loss 73772.779296875
2022-03-03 14:21:19,512:INFO:Epoch 47, Training loss 73763.7294921875, Validation loss 73772.58203125
2022-03-03 14:21:21,949:INFO:Epoch 48, Training loss 73763.3095703125, Validation loss 73772.6826171875
2022-03-03 14:21:24,483:INFO:Epoch 49, Training loss 73763.2744140625, Validation loss 73772.5595703125
2022-03-03 14:21:26,836:INFO:Epoch 50, Training loss 73763.3017578125, Validation loss 73772.818359375
2022-03-03 14:21:29,202:INFO:Epoch 51, Training loss 73763.0537109375, Validation loss 73772.6162109375
2022-03-03 14:21:31,602:INFO:Epoch 52, Training loss 73762.9814453125, Validation loss 73772.6025390625
2022-03-03 14:21:33,964:INFO:Epoch 53, Training loss 73762.7734375, Validation loss 73772.5830078125
2022-03-03 14:21:36,302:INFO:Epoch 54, Training loss 73762.658203125, Validation loss 73772.5302734375
2022-03-03 14:21:38,688:INFO:Epoch 55, Training loss 73762.5595703125, Validation loss 73772.5537109375
2022-03-03 14:21:41,076:INFO:Epoch 56, Training loss 73762.791015625, Validation loss 73772.5029296875
2022-03-03 14:21:43,468:INFO:Epoch 57, Training loss 73762.2734375, Validation loss 73772.3896484375
2022-03-03 14:21:45,795:INFO:Epoch 58, Training loss 73762.130859375, Validation loss 73772.283203125
2022-03-03 14:21:48,189:INFO:Epoch 59, Training loss 73762.0078125, Validation loss 73772.2490234375
2022-03-03 14:21:50,530:INFO:Epoch 60, Training loss 73761.9443359375, Validation loss 73772.333984375
2022-03-03 14:21:52,999:INFO:Epoch 61, Training loss 73761.8916015625, Validation loss 73772.259765625
2022-03-03 14:21:55,328:INFO:Epoch 62, Training loss 73761.7021484375, Validation loss 73772.1904296875
2022-03-03 14:21:57,711:INFO:Epoch 63, Training loss 73761.5498046875, Validation loss 73772.1962890625
2022-03-03 14:21:59,955:INFO:Epoch 64, Training loss 73761.3857421875, Validation loss 73772.2529296875
2022-03-03 14:22:02,256:INFO:Epoch 65, Training loss 73761.5478515625, Validation loss 73772.263671875
2022-03-03 14:22:04,478:INFO:Epoch 66, Training loss 73761.1806640625, Validation loss 73772.3896484375
2022-03-03 14:22:06,723:INFO:Epoch 67, Training loss 73761.3486328125, Validation loss 73772.49609375
2022-03-03 14:22:08,955:INFO:Epoch 68, Training loss 73761.275390625, Validation loss 73772.6103515625
2022-03-03 14:22:11,243:INFO:Epoch 69, Training loss 73760.9130859375, Validation loss 73772.7119140625
2022-03-03 14:22:13,484:INFO:Epoch 70, Training loss 73760.9443359375, Validation loss 73772.7001953125
2022-03-03 14:22:15,713:INFO:Epoch 71, Training loss 73760.9423828125, Validation loss 73772.8564453125
2022-03-03 14:22:17,966:INFO:Epoch 72, Training loss 73760.787109375, Validation loss 73772.79296875
2022-03-03 14:22:20,239:INFO:Epoch 73, Training loss 73760.6455078125, Validation loss 73772.98828125
2022-03-03 14:22:22,486:INFO:Epoch 74, Training loss 73760.4482421875, Validation loss 73772.97265625
2022-03-03 14:22:24,696:INFO:Epoch 75, Training loss 73760.4208984375, Validation loss 73772.9248046875
2022-03-03 14:22:26,951:INFO:Epoch 76, Training loss 73760.2197265625, Validation loss 73772.888671875
2022-03-03 14:22:29,205:INFO:Epoch 77, Training loss 73760.625, Validation loss 73772.9052734375
2022-03-03 14:22:31,465:INFO:Epoch 78, Training loss 73760.1962890625, Validation loss 73773.05859375
2022-03-03 14:22:33,665:INFO:Epoch 79, Training loss 73760.3427734375, Validation loss 73773.1025390625
2022-03-03 14:22:35,924:INFO:Epoch 80, Training loss 73760.17578125, Validation loss 73773.068359375
2022-03-03 14:22:38,128:INFO:Epoch 81, Training loss 73760.1875, Validation loss 73773.0283203125
2022-03-03 14:22:40,436:INFO:Epoch 82, Training loss 73759.7568359375, Validation loss 73772.958984375
2022-03-03 14:22:42,650:INFO:Epoch 83, Training loss 73760.3154296875, Validation loss 73773.283203125
2022-03-03 14:22:44,908:INFO:Epoch 84, Training loss 73759.70703125, Validation loss 73773.2578125
2022-03-03 14:22:44,913:INFO:Finished training
