2022-01-24 14:06:03,604:INFO:All directories created, ready to load the data
2022-01-24 14:06:03,647:INFO:Dataset loaded from /data/theorie/jthoeve/event_generation/events_high_stats/pT/lin/cHW/events_23.npy
2022-01-24 14:06:03,669:INFO:Dataset loaded from /data/theorie/jthoeve/event_generation/events_high_stats/pT/sm/events_23.npy
2022-01-24 14:06:06,155:INFO:Epoch 1, Training loss 207974.98046875, Validation loss 207974.98046875
2022-01-24 14:06:08,618:INFO:Epoch 2, Training loss 207974.98046875, Validation loss 207974.98046875
2022-01-24 14:06:11,074:INFO:Epoch 3, Training loss 207974.98046875, Validation loss 207974.98046875
2022-01-24 14:06:13,546:INFO:Epoch 4, Training loss 207974.98046875, Validation loss 207974.98046875
2022-01-24 14:06:15,994:INFO:Epoch 5, Training loss 207974.98046875, Validation loss 207974.98046875
2022-01-24 14:06:18,432:INFO:Epoch 6, Training loss 207974.98046875, Validation loss 207974.98046875
2022-01-24 14:06:20,905:INFO:Epoch 7, Training loss 207974.98046875, Validation loss 207974.98046875
2022-01-24 14:06:23,371:INFO:Epoch 8, Training loss 207974.98046875, Validation loss 207974.98046875
2022-01-24 14:06:25,829:INFO:Epoch 9, Training loss 207974.98046875, Validation loss 207974.98046875
2022-01-24 14:06:28,264:INFO:Epoch 10, Training loss 207974.98046875, Validation loss 207974.98046875
2022-01-24 14:06:30,733:INFO:Epoch 11, Training loss 207974.98046875, Validation loss 207974.98046875
2022-01-24 14:06:30,737:INFO:Detected stagant training, reset the weights
2022-01-24 14:06:33,201:INFO:Epoch 12, Training loss 199303.96484375, Validation loss 175335.38671875
2022-01-24 14:06:35,675:INFO:Epoch 13, Training loss 161317.5390625, Validation loss 144066.71875
2022-01-24 14:06:38,100:INFO:Epoch 14, Training loss 136759.1328125, Validation loss 127864.2890625
2022-01-24 14:06:40,572:INFO:Epoch 15, Training loss 123741.4140625, Validation loss 118317.73828125
2022-01-24 14:06:43,005:INFO:Epoch 16, Training loss 115755.017578125, Validation loss 112563.9453125
2022-01-24 14:06:45,502:INFO:Epoch 17, Training loss 111331.421875, Validation loss 110052.400390625
2022-01-24 14:06:47,935:INFO:Epoch 18, Training loss 109862.376953125, Validation loss 109857.0
2022-01-24 14:06:50,402:INFO:Epoch 19, Training loss 109976.958984375, Validation loss 110073.41015625
2022-01-24 14:06:52,847:INFO:Epoch 20, Training loss 109988.12890625, Validation loss 109809.099609375
2022-01-24 14:06:55,347:INFO:Epoch 21, Training loss 109672.8359375, Validation loss 109523.52734375
2022-01-24 14:06:57,792:INFO:Epoch 22, Training loss 109488.916015625, Validation loss 109484.203125
2022-01-24 14:07:00,249:INFO:Epoch 23, Training loss 109474.923828125, Validation loss 109451.318359375
2022-01-24 14:07:02,702:INFO:Epoch 24, Training loss 109406.6953125, Validation loss 109363.126953125
2022-01-24 14:07:05,192:INFO:Epoch 25, Training loss 109334.677734375, Validation loss 109327.21875
2022-01-24 14:07:07,652:INFO:Epoch 26, Training loss 109304.46875, Validation loss 109297.78125
2022-01-24 14:07:10,102:INFO:Epoch 27, Training loss 109269.037109375, Validation loss 109260.2265625
2022-01-24 14:07:12,555:INFO:Epoch 28, Training loss 109233.037109375, Validation loss 109232.13671875
2022-01-24 14:07:15,035:INFO:Epoch 29, Training loss 109206.205078125, Validation loss 109207.08203125
2022-01-24 14:07:17,503:INFO:Epoch 30, Training loss 109180.171875, Validation loss 109182.388671875
2022-01-24 14:07:19,954:INFO:Epoch 31, Training loss 109155.439453125, Validation loss 109160.638671875
2022-01-24 14:07:22,425:INFO:Epoch 32, Training loss 109133.828125, Validation loss 109139.04296875
2022-01-24 14:07:24,896:INFO:Epoch 33, Training loss 109110.919921875, Validation loss 109118.20703125
2022-01-24 14:07:27,381:INFO:Epoch 34, Training loss 109090.048828125, Validation loss 109097.921875
2022-01-24 14:07:29,819:INFO:Epoch 35, Training loss 109069.748046875, Validation loss 109077.427734375
2022-01-24 14:07:32,303:INFO:Epoch 36, Training loss 109048.9375, Validation loss 109056.810546875
2022-01-24 14:07:34,749:INFO:Epoch 37, Training loss 109027.91015625, Validation loss 109035.96484375
2022-01-24 14:07:37,257:INFO:Epoch 38, Training loss 109007.087890625, Validation loss 109014.66796875
2022-01-24 14:07:39,696:INFO:Epoch 39, Training loss 108985.345703125, Validation loss 108992.89453125
2022-01-24 14:07:42,168:INFO:Epoch 40, Training loss 108963.587890625, Validation loss 108970.341796875
2022-01-24 14:07:44,622:INFO:Epoch 41, Training loss 108941.390625, Validation loss 108946.978515625
2022-01-24 14:07:47,118:INFO:Epoch 42, Training loss 108918.353515625, Validation loss 108922.8671875
2022-01-24 14:07:49,567:INFO:Epoch 43, Training loss 108894.001953125, Validation loss 108897.943359375
2022-01-24 14:07:52,034:INFO:Epoch 44, Training loss 108869.70703125, Validation loss 108872.009765625
2022-01-24 14:07:54,487:INFO:Epoch 45, Training loss 108843.72265625, Validation loss 108845.607421875
2022-01-24 14:07:56,981:INFO:Epoch 46, Training loss 108817.94921875, Validation loss 108818.69140625
2022-01-24 14:07:59,447:INFO:Epoch 47, Training loss 108791.501953125, Validation loss 108791.279296875
2022-01-24 14:08:01,908:INFO:Epoch 48, Training loss 108764.830078125, Validation loss 108763.71875
2022-01-24 14:08:04,380:INFO:Epoch 49, Training loss 108737.046875, Validation loss 108735.814453125
2022-01-24 14:08:06,873:INFO:Epoch 50, Training loss 108709.8046875, Validation loss 108708.3125
2022-01-24 14:08:09,349:INFO:Epoch 51, Training loss 108681.728515625, Validation loss 108680.888671875
2022-01-24 14:08:11,796:INFO:Epoch 52, Training loss 108654.529296875, Validation loss 108653.884765625
2022-01-24 14:08:14,268:INFO:Epoch 53, Training loss 108629.04296875, Validation loss 108628.009765625
2022-01-24 14:08:16,744:INFO:Epoch 54, Training loss 108605.65234375, Validation loss 108604.33984375
2022-01-24 14:08:19,233:INFO:Epoch 55, Training loss 108582.73828125, Validation loss 108584.111328125
2022-01-24 14:08:21,684:INFO:Epoch 56, Training loss 108564.3203125, Validation loss 108567.98046875
2022-01-24 14:08:24,180:INFO:Epoch 57, Training loss 108550.67578125, Validation loss 108555.134765625
2022-01-24 14:08:26,643:INFO:Epoch 58, Training loss 108538.734375, Validation loss 108545.3125
2022-01-24 14:08:29,158:INFO:Epoch 59, Training loss 108530.4921875, Validation loss 108536.7421875
2022-01-24 14:08:31,616:INFO:Epoch 60, Training loss 108524.19140625, Validation loss 108531.66796875
2022-01-24 14:08:34,096:INFO:Epoch 61, Training loss 108519.005859375, Validation loss 108528.044921875
2022-01-24 14:08:36,555:INFO:Epoch 62, Training loss 108515.56640625, Validation loss 108524.765625
2022-01-24 14:08:39,066:INFO:Epoch 63, Training loss 108512.240234375, Validation loss 108523.328125
2022-01-24 14:08:41,527:INFO:Epoch 64, Training loss 108509.30859375, Validation loss 108523.302734375
2022-01-24 14:08:44,012:INFO:Epoch 65, Training loss 108508.650390625, Validation loss 108522.220703125
2022-01-24 14:08:46,473:INFO:Epoch 66, Training loss 108506.521484375, Validation loss 108520.857421875
2022-01-24 14:08:48,974:INFO:Epoch 67, Training loss 108505.203125, Validation loss 108519.509765625
2022-01-24 14:08:51,453:INFO:Epoch 68, Training loss 108504.76171875, Validation loss 108518.833984375
2022-01-24 14:08:53,937:INFO:Epoch 69, Training loss 108503.365234375, Validation loss 108519.259765625
2022-01-24 14:08:56,433:INFO:Epoch 70, Training loss 108501.17578125, Validation loss 108519.388671875
2022-01-24 14:08:58,936:INFO:Epoch 71, Training loss 108499.189453125, Validation loss 108518.83984375
2022-01-24 14:09:01,421:INFO:Epoch 72, Training loss 108497.58984375, Validation loss 108518.38671875
2022-01-24 14:09:03,879:INFO:Epoch 73, Training loss 108496.833984375, Validation loss 108519.076171875
2022-01-24 14:09:06,369:INFO:Epoch 74, Training loss 108495.6015625, Validation loss 108518.0859375
2022-01-24 14:09:08,858:INFO:Epoch 75, Training loss 108494.501953125, Validation loss 108517.8828125
2022-01-24 14:09:11,347:INFO:Epoch 76, Training loss 108493.154296875, Validation loss 108517.732421875
2022-01-24 14:09:13,796:INFO:Epoch 77, Training loss 108492.76171875, Validation loss 108518.779296875
2022-01-24 14:09:16,302:INFO:Epoch 78, Training loss 108491.55078125, Validation loss 108517.48828125
2022-01-24 14:09:18,759:INFO:Epoch 79, Training loss 108490.875, Validation loss 108517.87109375
2022-01-24 14:09:21,277:INFO:Epoch 80, Training loss 108491.45703125, Validation loss 108517.26953125
2022-01-24 14:09:23,730:INFO:Epoch 81, Training loss 108489.63671875, Validation loss 108517.2421875
2022-01-24 14:09:26,226:INFO:Epoch 82, Training loss 108488.427734375, Validation loss 108517.287109375
2022-01-24 14:09:28,698:INFO:Epoch 83, Training loss 108488.896484375, Validation loss 108517.03125
2022-01-24 14:09:31,216:INFO:Epoch 84, Training loss 108490.7890625, Validation loss 108517.74609375
2022-01-24 14:09:33,687:INFO:Epoch 85, Training loss 108487.501953125, Validation loss 108517.06640625
2022-01-24 14:09:36,170:INFO:Epoch 86, Training loss 108488.544921875, Validation loss 108517.6640625
2022-01-24 14:09:38,650:INFO:Epoch 87, Training loss 108486.494140625, Validation loss 108516.966796875
2022-01-24 14:09:41,165:INFO:Epoch 88, Training loss 108485.857421875, Validation loss 108516.9453125
2022-01-24 14:09:43,653:INFO:Epoch 89, Training loss 108485.953125, Validation loss 108517.064453125
2022-01-24 14:09:46,136:INFO:Epoch 90, Training loss 108485.076171875, Validation loss 108517.361328125
2022-01-24 14:09:48,640:INFO:Epoch 91, Training loss 108485.0390625, Validation loss 108517.24609375
2022-01-24 14:09:51,157:INFO:Epoch 92, Training loss 108485.1328125, Validation loss 108517.10546875
2022-01-24 14:09:53,654:INFO:Epoch 93, Training loss 108484.25390625, Validation loss 108516.431640625
2022-01-24 14:09:56,136:INFO:Epoch 94, Training loss 108484.328125, Validation loss 108516.68359375
2022-01-24 14:09:58,646:INFO:Epoch 95, Training loss 108483.486328125, Validation loss 108516.873046875
2022-01-24 14:10:01,159:INFO:Epoch 96, Training loss 108482.408203125, Validation loss 108516.71484375
2022-01-24 14:10:03,677:INFO:Epoch 97, Training loss 108482.462890625, Validation loss 108516.71875
2022-01-24 14:10:06,151:INFO:Epoch 98, Training loss 108482.20703125, Validation loss 108516.57421875
2022-01-24 14:10:08,677:INFO:Epoch 99, Training loss 108481.2734375, Validation loss 108516.76171875
2022-01-24 14:10:11,159:INFO:Epoch 100, Training loss 108480.97265625, Validation loss 108516.044921875
2022-01-24 14:10:13,702:INFO:Epoch 101, Training loss 108481.13671875, Validation loss 108516.205078125
2022-01-24 14:10:16,182:INFO:Epoch 102, Training loss 108479.82421875, Validation loss 108515.888671875
2022-01-24 14:10:18,693:INFO:Epoch 103, Training loss 108480.322265625, Validation loss 108516.23046875
2022-01-24 14:10:21,185:INFO:Epoch 104, Training loss 108479.91796875, Validation loss 108516.14453125
2022-01-24 14:10:23,730:INFO:Epoch 105, Training loss 108480.072265625, Validation loss 108516.5
2022-01-24 14:10:26,217:INFO:Epoch 106, Training loss 108479.625, Validation loss 108515.626953125
2022-01-24 14:10:28,721:INFO:Epoch 107, Training loss 108479.130859375, Validation loss 108516.748046875
2022-01-24 14:10:31,225:INFO:Epoch 108, Training loss 108478.65234375, Validation loss 108515.322265625
2022-01-24 14:10:33,795:INFO:Epoch 109, Training loss 108480.06640625, Validation loss 108516.083984375
2022-01-24 14:10:36,291:INFO:Epoch 110, Training loss 108477.763671875, Validation loss 108516.724609375
2022-01-24 14:10:38,769:INFO:Epoch 111, Training loss 108478.466796875, Validation loss 108515.802734375
2022-01-24 14:10:41,275:INFO:Epoch 112, Training loss 108478.111328125, Validation loss 108516.392578125
2022-01-24 14:10:43,790:INFO:Epoch 113, Training loss 108476.849609375, Validation loss 108515.43359375
2022-01-24 14:10:46,287:INFO:Epoch 114, Training loss 108476.451171875, Validation loss 108516.302734375
2022-01-24 14:10:48,761:INFO:Epoch 115, Training loss 108476.69921875, Validation loss 108515.673828125
2022-01-24 14:10:51,276:INFO:Epoch 116, Training loss 108476.763671875, Validation loss 108515.4453125
2022-01-24 14:10:53,784:INFO:Epoch 117, Training loss 108476.326171875, Validation loss 108515.552734375
2022-01-24 14:10:56,296:INFO:Epoch 118, Training loss 108475.357421875, Validation loss 108515.751953125
2022-01-24 14:10:58,766:INFO:Epoch 119, Training loss 108476.078125, Validation loss 108515.82421875
2022-01-24 14:11:01,287:INFO:Epoch 120, Training loss 108475.62109375, Validation loss 108515.470703125
2022-01-24 14:11:03,764:INFO:Epoch 121, Training loss 108475.431640625, Validation loss 108515.390625
2022-01-24 14:11:06,306:INFO:Epoch 122, Training loss 108475.970703125, Validation loss 108516.45703125
2022-01-24 14:11:08,790:INFO:Epoch 123, Training loss 108475.80078125, Validation loss 108515.3984375
2022-01-24 14:11:11,284:INFO:Epoch 124, Training loss 108475.533203125, Validation loss 108515.3203125
2022-01-24 14:11:13,755:INFO:Epoch 125, Training loss 108475.619140625, Validation loss 108515.701171875
2022-01-24 14:11:16,285:INFO:Epoch 126, Training loss 108477.552734375, Validation loss 108517.546875
2022-01-24 14:11:18,727:INFO:Epoch 127, Training loss 108476.07421875, Validation loss 108514.927734375
2022-01-24 14:11:21,167:INFO:Epoch 128, Training loss 108475.572265625, Validation loss 108515.65234375
2022-01-24 14:11:23,589:INFO:Epoch 129, Training loss 108474.57421875, Validation loss 108515.259765625
2022-01-24 14:11:26,041:INFO:Epoch 130, Training loss 108475.55078125, Validation loss 108515.923828125
2022-01-24 14:11:28,460:INFO:Epoch 131, Training loss 108475.490234375, Validation loss 108517.08203125
2022-01-24 14:11:30,867:INFO:Epoch 132, Training loss 108473.900390625, Validation loss 108515.904296875
2022-01-24 14:11:33,297:INFO:Epoch 133, Training loss 108473.671875, Validation loss 108515.244140625
2022-01-24 14:11:35,736:INFO:Epoch 134, Training loss 108475.296875, Validation loss 108515.185546875
2022-01-24 14:11:38,168:INFO:Epoch 135, Training loss 108473.46875, Validation loss 108515.390625
2022-01-24 14:11:40,582:INFO:Epoch 136, Training loss 108473.599609375, Validation loss 108515.849609375
2022-01-24 14:11:43,020:INFO:Epoch 137, Training loss 108474.0, Validation loss 108516.142578125
2022-01-24 14:11:45,457:INFO:Epoch 138, Training loss 108473.79296875, Validation loss 108515.853515625
2022-01-24 14:11:47,891:INFO:Epoch 139, Training loss 108472.986328125, Validation loss 108515.041015625
2022-01-24 14:11:50,291:INFO:Epoch 140, Training loss 108472.44140625, Validation loss 108515.033203125
2022-01-24 14:11:52,767:INFO:Epoch 141, Training loss 108472.41015625, Validation loss 108515.3671875
2022-01-24 14:11:55,165:INFO:Epoch 142, Training loss 108472.650390625, Validation loss 108515.419921875
2022-01-24 14:11:57,635:INFO:Epoch 143, Training loss 108473.388671875, Validation loss 108515.439453125
2022-01-24 14:12:00,039:INFO:Epoch 144, Training loss 108472.43359375, Validation loss 108515.125
2022-01-24 14:12:02,473:INFO:Epoch 145, Training loss 108472.552734375, Validation loss 108515.140625
2022-01-24 14:12:04,887:INFO:Epoch 146, Training loss 108473.982421875, Validation loss 108516.140625
2022-01-24 14:12:07,357:INFO:Epoch 147, Training loss 108471.2734375, Validation loss 108515.078125
2022-01-24 14:12:09,767:INFO:Epoch 148, Training loss 108472.796875, Validation loss 108515.08203125
2022-01-24 14:12:12,190:INFO:Epoch 149, Training loss 108472.69140625, Validation loss 108515.822265625
2022-01-24 14:12:14,607:INFO:Epoch 150, Training loss 108472.52734375, Validation loss 108515.349609375
2022-01-24 14:12:17,046:INFO:Epoch 151, Training loss 108472.380859375, Validation loss 108514.755859375
2022-01-24 14:12:19,451:INFO:Epoch 152, Training loss 108471.958984375, Validation loss 108515.19140625
2022-01-24 14:12:21,851:INFO:Epoch 153, Training loss 108471.119140625, Validation loss 108514.68359375
2022-01-24 14:12:24,264:INFO:Epoch 154, Training loss 108471.11328125, Validation loss 108515.095703125
2022-01-24 14:12:26,692:INFO:Epoch 155, Training loss 108470.775390625, Validation loss 108515.51953125
2022-01-24 14:12:29,108:INFO:Epoch 156, Training loss 108471.990234375, Validation loss 108516.5
2022-01-24 14:12:31,498:INFO:Epoch 157, Training loss 108471.615234375, Validation loss 108514.630859375
2022-01-24 14:12:33,919:INFO:Epoch 158, Training loss 108470.673828125, Validation loss 108514.255859375
2022-01-24 14:12:36,337:INFO:Epoch 159, Training loss 108470.81640625, Validation loss 108514.658203125
2022-01-24 14:12:38,762:INFO:Epoch 160, Training loss 108470.087890625, Validation loss 108514.501953125
2022-01-24 14:12:41,144:INFO:Epoch 161, Training loss 108469.998046875, Validation loss 108514.6328125
2022-01-24 14:12:43,573:INFO:Epoch 162, Training loss 108470.51171875, Validation loss 108514.927734375
2022-01-24 14:12:45,962:INFO:Epoch 163, Training loss 108470.119140625, Validation loss 108514.53515625
2022-01-24 14:12:48,422:INFO:Epoch 164, Training loss 108469.552734375, Validation loss 108514.486328125
2022-01-24 14:12:50,817:INFO:Epoch 165, Training loss 108469.5625, Validation loss 108515.03125
2022-01-24 14:12:53,237:INFO:Epoch 166, Training loss 108469.708984375, Validation loss 108514.755859375
2022-01-24 14:12:55,638:INFO:Epoch 167, Training loss 108472.62109375, Validation loss 108516.072265625
2022-01-24 14:12:58,084:INFO:Epoch 168, Training loss 108470.84375, Validation loss 108514.25390625
2022-01-24 14:13:00,483:INFO:Epoch 169, Training loss 108470.55078125, Validation loss 108514.05078125
2022-01-24 14:13:02,894:INFO:Epoch 170, Training loss 108470.11328125, Validation loss 108514.76953125
2022-01-24 14:13:05,302:INFO:Epoch 171, Training loss 108468.92578125, Validation loss 108514.376953125
2022-01-24 14:13:07,739:INFO:Epoch 172, Training loss 108470.076171875, Validation loss 108514.314453125
2022-01-24 14:13:10,150:INFO:Epoch 173, Training loss 108470.24609375, Validation loss 108514.494140625
2022-01-24 14:13:12,548:INFO:Epoch 174, Training loss 108468.794921875, Validation loss 108515.169921875
2022-01-24 14:13:14,960:INFO:Epoch 175, Training loss 108469.353515625, Validation loss 108514.8828125
2022-01-24 14:13:17,384:INFO:Epoch 176, Training loss 108469.955078125, Validation loss 108515.1796875
2022-01-24 14:13:19,806:INFO:Epoch 177, Training loss 108469.359375, Validation loss 108514.125
2022-01-24 14:13:22,196:INFO:Epoch 178, Training loss 108468.44921875, Validation loss 108516.60546875
2022-01-24 14:13:24,618:INFO:Epoch 179, Training loss 108470.6328125, Validation loss 108514.4765625
2022-01-24 14:13:27,039:INFO:Epoch 180, Training loss 108469.751953125, Validation loss 108514.40625
2022-01-24 14:13:29,465:INFO:Epoch 181, Training loss 108469.287109375, Validation loss 108514.220703125
2022-01-24 14:13:31,846:INFO:Epoch 182, Training loss 108469.990234375, Validation loss 108515.80078125
2022-01-24 14:13:34,276:INFO:Epoch 183, Training loss 108468.220703125, Validation loss 108515.83203125
2022-01-24 14:13:36,668:INFO:Epoch 184, Training loss 108469.494140625, Validation loss 108515.55859375
2022-01-24 14:13:39,120:INFO:Epoch 185, Training loss 108468.9453125, Validation loss 108516.8671875
2022-01-24 14:13:41,510:INFO:Epoch 186, Training loss 108469.775390625, Validation loss 108514.54296875
2022-01-24 14:13:43,926:INFO:Epoch 187, Training loss 108467.8828125, Validation loss 108514.90625
2022-01-24 14:13:46,325:INFO:Epoch 188, Training loss 108468.76953125, Validation loss 108514.35546875
2022-01-24 14:13:48,764:INFO:Epoch 189, Training loss 108469.10546875, Validation loss 108514.9765625
2022-01-24 14:13:51,165:INFO:Epoch 190, Training loss 108468.265625, Validation loss 108514.40234375
2022-01-24 14:13:53,571:INFO:Epoch 191, Training loss 108467.439453125, Validation loss 108514.30859375
2022-01-24 14:13:55,978:INFO:Epoch 192, Training loss 108467.666015625, Validation loss 108514.09375
2022-01-24 14:13:58,417:INFO:Epoch 193, Training loss 108467.572265625, Validation loss 108513.876953125
2022-01-24 14:14:00,823:INFO:Epoch 194, Training loss 108467.56640625, Validation loss 108513.9296875
2022-01-24 14:14:03,224:INFO:Epoch 195, Training loss 108467.078125, Validation loss 108513.6875
2022-01-24 14:14:05,643:INFO:Epoch 196, Training loss 108467.533203125, Validation loss 108514.568359375
2022-01-24 14:14:08,076:INFO:Epoch 197, Training loss 108467.595703125, Validation loss 108514.92578125
2022-01-24 14:14:10,502:INFO:Epoch 198, Training loss 108468.4296875, Validation loss 108513.83984375
2022-01-24 14:14:12,890:INFO:Epoch 199, Training loss 108467.298828125, Validation loss 108514.029296875
2022-01-24 14:14:15,313:INFO:Epoch 200, Training loss 108467.310546875, Validation loss 108514.193359375
2022-01-24 14:14:17,736:INFO:Epoch 201, Training loss 108468.5625, Validation loss 108514.88671875
2022-01-24 14:14:20,158:INFO:Epoch 202, Training loss 108467.724609375, Validation loss 108514.1640625
2022-01-24 14:14:22,531:INFO:Epoch 203, Training loss 108470.693359375, Validation loss 108516.62890625
2022-01-24 14:14:24,956:INFO:Epoch 204, Training loss 108468.345703125, Validation loss 108515.330078125
2022-01-24 14:14:27,337:INFO:Epoch 205, Training loss 108469.62109375, Validation loss 108515.328125
2022-01-24 14:14:29,791:INFO:Epoch 206, Training loss 108466.765625, Validation loss 108513.55078125
2022-01-24 14:14:32,187:INFO:Epoch 207, Training loss 108467.439453125, Validation loss 108513.748046875
2022-01-24 14:14:34,608:INFO:Epoch 208, Training loss 108467.115234375, Validation loss 108513.748046875
2022-01-24 14:14:37,008:INFO:Epoch 209, Training loss 108467.017578125, Validation loss 108513.28125
2022-01-24 14:14:39,455:INFO:Epoch 210, Training loss 108467.859375, Validation loss 108513.2890625
2022-01-24 14:14:41,853:INFO:Epoch 211, Training loss 108466.41796875, Validation loss 108514.041015625
2022-01-24 14:14:44,264:INFO:Epoch 212, Training loss 108466.759765625, Validation loss 108513.568359375
2022-01-24 14:14:46,673:INFO:Epoch 213, Training loss 108467.318359375, Validation loss 108514.2734375
2022-01-24 14:14:49,108:INFO:Epoch 214, Training loss 108466.708984375, Validation loss 108514.462890625
2022-01-24 14:14:51,515:INFO:Epoch 215, Training loss 108466.939453125, Validation loss 108513.23828125
2022-01-24 14:14:53,913:INFO:Epoch 216, Training loss 108466.16796875, Validation loss 108513.091796875
2022-01-24 14:14:56,330:INFO:Epoch 217, Training loss 108465.98828125, Validation loss 108513.287109375
2022-01-24 14:14:58,752:INFO:Epoch 218, Training loss 108466.0703125, Validation loss 108513.095703125
2022-01-24 14:15:01,168:INFO:Epoch 219, Training loss 108466.154296875, Validation loss 108514.76953125
2022-01-24 14:15:03,557:INFO:Epoch 220, Training loss 108467.2578125, Validation loss 108515.248046875
2022-01-24 14:15:05,982:INFO:Epoch 221, Training loss 108467.26171875, Validation loss 108516.89453125
2022-01-24 14:15:08,401:INFO:Epoch 222, Training loss 108466.984375, Validation loss 108515.96484375
2022-01-24 14:15:10,823:INFO:Epoch 223, Training loss 108468.27734375, Validation loss 108515.126953125
2022-01-24 14:15:13,205:INFO:Epoch 224, Training loss 108466.53125, Validation loss 108515.234375
2022-01-24 14:15:15,630:INFO:Epoch 225, Training loss 108467.595703125, Validation loss 108513.42578125
2022-01-24 14:15:18,021:INFO:Epoch 226, Training loss 108469.10546875, Validation loss 108513.328125
2022-01-24 14:15:20,472:INFO:Epoch 227, Training loss 108467.740234375, Validation loss 108514.248046875
2022-01-24 14:15:22,859:INFO:Epoch 228, Training loss 108467.5859375, Validation loss 108515.873046875
2022-01-24 14:15:25,278:INFO:Epoch 229, Training loss 108465.544921875, Validation loss 108513.666015625
2022-01-24 14:15:27,674:INFO:Epoch 230, Training loss 108467.533203125, Validation loss 108513.564453125
2022-01-24 14:15:30,118:INFO:Epoch 231, Training loss 108466.2109375, Validation loss 108514.880859375
2022-01-24 14:15:32,512:INFO:Epoch 232, Training loss 108466.3671875, Validation loss 108514.837890625
2022-01-24 14:15:34,921:INFO:Epoch 233, Training loss 108464.681640625, Validation loss 108513.439453125
2022-01-24 14:15:37,324:INFO:Epoch 234, Training loss 108464.6171875, Validation loss 108513.310546875
2022-01-24 14:15:39,762:INFO:Epoch 235, Training loss 108463.982421875, Validation loss 108513.32421875
2022-01-24 14:15:42,169:INFO:Epoch 236, Training loss 108464.6015625, Validation loss 108513.48828125
2022-01-24 14:15:44,561:INFO:Epoch 237, Training loss 108464.529296875, Validation loss 108514.5390625
2022-01-24 14:15:46,976:INFO:Epoch 238, Training loss 108464.57421875, Validation loss 108513.505859375
2022-01-24 14:15:49,401:INFO:Epoch 239, Training loss 108464.99609375, Validation loss 108513.712890625
2022-01-24 14:15:51,812:INFO:Epoch 240, Training loss 108467.068359375, Validation loss 108515.11328125
2022-01-24 14:15:54,204:INFO:Epoch 241, Training loss 108465.857421875, Validation loss 108513.357421875
2022-01-24 14:15:56,624:INFO:Epoch 242, Training loss 108464.599609375, Validation loss 108512.958984375
2022-01-24 14:15:59,047:INFO:Epoch 243, Training loss 108466.0390625, Validation loss 108513.951171875
2022-01-24 14:16:01,469:INFO:Epoch 244, Training loss 108463.390625, Validation loss 108514.212890625
2022-01-24 14:16:03,847:INFO:Epoch 245, Training loss 108464.7109375, Validation loss 108513.822265625
2022-01-24 14:16:06,271:INFO:Epoch 246, Training loss 108463.861328125, Validation loss 108514.619140625
2022-01-24 14:16:08,663:INFO:Epoch 247, Training loss 108465.9140625, Validation loss 108515.45703125
2022-01-24 14:16:11,120:INFO:Epoch 248, Training loss 108465.119140625, Validation loss 108515.931640625
2022-01-24 14:16:13,510:INFO:Epoch 249, Training loss 108466.32421875, Validation loss 108514.65234375
2022-01-24 14:16:15,930:INFO:Epoch 250, Training loss 108464.919921875, Validation loss 108513.8125
2022-01-24 14:16:18,336:INFO:Epoch 251, Training loss 108463.912109375, Validation loss 108514.501953125
2022-01-24 14:16:20,796:INFO:Epoch 252, Training loss 108463.546875, Validation loss 108513.974609375
2022-01-24 14:16:23,194:INFO:Epoch 253, Training loss 108463.744140625, Validation loss 108513.732421875
2022-01-24 14:16:25,600:INFO:Epoch 254, Training loss 108464.365234375, Validation loss 108513.169921875
2022-01-24 14:16:28,005:INFO:Epoch 255, Training loss 108463.818359375, Validation loss 108513.748046875
2022-01-24 14:16:30,441:INFO:Epoch 256, Training loss 108465.9921875, Validation loss 108515.296875
2022-01-24 14:16:32,847:INFO:Epoch 257, Training loss 108464.38671875, Validation loss 108517.228515625
2022-01-24 14:16:35,248:INFO:Epoch 258, Training loss 108465.046875, Validation loss 108515.525390625
2022-01-24 14:16:37,663:INFO:Epoch 259, Training loss 108464.572265625, Validation loss 108515.349609375
2022-01-24 14:16:40,089:INFO:Epoch 260, Training loss 108463.919921875, Validation loss 108513.3515625
2022-01-24 14:16:42,500:INFO:Epoch 261, Training loss 108464.048828125, Validation loss 108513.6015625
2022-01-24 14:16:44,890:INFO:Epoch 262, Training loss 108463.787109375, Validation loss 108513.66796875
2022-01-24 14:16:47,313:INFO:Epoch 263, Training loss 108465.744140625, Validation loss 108515.40625
2022-01-24 14:16:49,732:INFO:Epoch 264, Training loss 108465.458984375, Validation loss 108514.53515625
2022-01-24 14:16:52,156:INFO:Epoch 265, Training loss 108463.09765625, Validation loss 108513.732421875
2022-01-24 14:16:54,538:INFO:Epoch 266, Training loss 108462.59375, Validation loss 108515.86328125
2022-01-24 14:16:56,968:INFO:Epoch 267, Training loss 108463.435546875, Validation loss 108514.08203125
2022-01-24 14:16:59,365:INFO:Epoch 268, Training loss 108463.60546875, Validation loss 108513.556640625
2022-01-24 14:17:01,827:INFO:Epoch 269, Training loss 108463.4296875, Validation loss 108515.19921875
2022-01-24 14:17:04,217:INFO:Epoch 270, Training loss 108464.1953125, Validation loss 108513.09375
2022-01-24 14:17:06,636:INFO:Epoch 271, Training loss 108462.599609375, Validation loss 108512.982421875
2022-01-24 14:17:09,036:INFO:Epoch 272, Training loss 108462.32421875, Validation loss 108513.740234375
2022-01-24 14:17:11,478:INFO:Epoch 273, Training loss 108462.033203125, Validation loss 108515.19140625
2022-01-24 14:17:13,872:INFO:Epoch 274, Training loss 108462.72265625, Validation loss 108513.763671875
2022-01-24 14:17:16,277:INFO:Epoch 275, Training loss 108462.337890625, Validation loss 108514.716796875
2022-01-24 14:17:18,685:INFO:Epoch 276, Training loss 108463.509765625, Validation loss 108513.294921875
2022-01-24 14:17:21,125:INFO:Epoch 277, Training loss 108463.1640625, Validation loss 108514.2578125
2022-01-24 14:17:23,531:INFO:Epoch 278, Training loss 108462.826171875, Validation loss 108515.03515625
2022-01-24 14:17:25,925:INFO:Epoch 279, Training loss 108463.39453125, Validation loss 108515.8515625
2022-01-24 14:17:28,338:INFO:Epoch 280, Training loss 108463.208984375, Validation loss 108518.330078125
2022-01-24 14:17:30,763:INFO:Epoch 281, Training loss 108462.513671875, Validation loss 108516.23046875
2022-01-24 14:17:33,171:INFO:Epoch 282, Training loss 108464.189453125, Validation loss 108514.9375
2022-01-24 14:17:35,556:INFO:Epoch 283, Training loss 108463.244140625, Validation loss 108513.232421875
2022-01-24 14:17:37,977:INFO:Epoch 284, Training loss 108461.46484375, Validation loss 108514.380859375
2022-01-24 14:17:40,394:INFO:Epoch 285, Training loss 108464.068359375, Validation loss 108516.86328125
2022-01-24 14:17:42,811:INFO:Epoch 286, Training loss 108464.111328125, Validation loss 108516.673828125
2022-01-24 14:17:45,189:INFO:Epoch 287, Training loss 108464.2890625, Validation loss 108512.6484375
2022-01-24 14:17:47,613:INFO:Epoch 288, Training loss 108461.6796875, Validation loss 108514.615234375
2022-01-24 14:17:49,995:INFO:Epoch 289, Training loss 108463.41015625, Validation loss 108514.16796875
2022-01-24 14:17:52,445:INFO:Epoch 290, Training loss 108461.974609375, Validation loss 108513.724609375
2022-01-24 14:17:54,837:INFO:Epoch 291, Training loss 108462.072265625, Validation loss 108513.203125
2022-01-24 14:17:57,260:INFO:Epoch 292, Training loss 108461.2421875, Validation loss 108513.376953125
2022-01-24 14:17:59,662:INFO:Epoch 293, Training loss 108461.125, Validation loss 108513.537109375
2022-01-24 14:18:02,110:INFO:Epoch 294, Training loss 108461.943359375, Validation loss 108513.90234375
2022-01-24 14:18:04,509:INFO:Epoch 295, Training loss 108461.23828125, Validation loss 108513.0546875
2022-01-24 14:18:06,916:INFO:Epoch 296, Training loss 108463.255859375, Validation loss 108514.294921875
2022-01-24 14:18:09,325:INFO:Epoch 297, Training loss 108462.033203125, Validation loss 108513.626953125
2022-01-24 14:18:11,760:INFO:Epoch 298, Training loss 108462.16796875, Validation loss 108512.552734375
2022-01-24 14:18:14,167:INFO:Epoch 299, Training loss 108461.44921875, Validation loss 108512.7109375
2022-01-24 14:18:16,565:INFO:Epoch 300, Training loss 108461.162109375, Validation loss 108512.81640625
2022-01-24 14:18:18,983:INFO:Epoch 301, Training loss 108463.330078125, Validation loss 108514.70703125
2022-01-24 14:18:21,415:INFO:Epoch 302, Training loss 108462.53515625, Validation loss 108513.32421875
2022-01-24 14:18:23,829:INFO:Epoch 303, Training loss 108462.654296875, Validation loss 108513.9296875
2022-01-24 14:18:26,218:INFO:Epoch 304, Training loss 108460.556640625, Validation loss 108514.712890625
2022-01-24 14:18:28,636:INFO:Epoch 305, Training loss 108460.4296875, Validation loss 108512.94921875
2022-01-24 14:18:31,054:INFO:Epoch 306, Training loss 108459.61328125, Validation loss 108512.84375
2022-01-24 14:18:33,469:INFO:Epoch 307, Training loss 108460.458984375, Validation loss 108512.365234375
2022-01-24 14:18:35,848:INFO:Epoch 308, Training loss 108459.578125, Validation loss 108514.05078125
2022-01-24 14:18:38,270:INFO:Epoch 309, Training loss 108459.982421875, Validation loss 108514.044921875
2022-01-24 14:18:40,657:INFO:Epoch 310, Training loss 108459.841796875, Validation loss 108513.716796875
2022-01-24 14:18:43,103:INFO:Epoch 311, Training loss 108459.5703125, Validation loss 108514.962890625
2022-01-24 14:18:45,490:INFO:Epoch 312, Training loss 108460.240234375, Validation loss 108514.34375
2022-01-24 14:18:47,903:INFO:Epoch 313, Training loss 108461.56640625, Validation loss 108517.23046875
2022-01-24 14:18:50,299:INFO:Epoch 314, Training loss 108461.515625, Validation loss 108513.703125
2022-01-24 14:18:52,737:INFO:Epoch 315, Training loss 108461.4296875, Validation loss 108513.9140625
2022-01-24 14:18:55,128:INFO:Epoch 316, Training loss 108463.373046875, Validation loss 108516.71875
2022-01-24 14:18:57,532:INFO:Epoch 317, Training loss 108460.541015625, Validation loss 108514.8359375
2022-01-24 14:18:59,934:INFO:Epoch 318, Training loss 108462.10546875, Validation loss 108514.974609375
2022-01-24 14:19:02,359:INFO:Epoch 319, Training loss 108461.27734375, Validation loss 108514.482421875
2022-01-24 14:19:04,762:INFO:Epoch 320, Training loss 108460.119140625, Validation loss 108513.939453125
2022-01-24 14:19:07,156:INFO:Epoch 321, Training loss 108459.416015625, Validation loss 108517.98046875
2022-01-24 14:19:09,565:INFO:Epoch 322, Training loss 108460.197265625, Validation loss 108515.69140625
2022-01-24 14:19:11,989:INFO:Epoch 323, Training loss 108462.75390625, Validation loss 108516.525390625
2022-01-24 14:19:14,401:INFO:Epoch 324, Training loss 108465.296875, Validation loss 108516.59375
2022-01-24 14:19:16,787:INFO:Epoch 325, Training loss 108458.84375, Validation loss 108513.865234375
2022-01-24 14:19:19,203:INFO:Epoch 326, Training loss 108460.181640625, Validation loss 108514.5546875
2022-01-24 14:19:21,623:INFO:Epoch 327, Training loss 108459.66796875, Validation loss 108514.07421875
2022-01-24 14:19:24,042:INFO:Epoch 328, Training loss 108459.046875, Validation loss 108513.73046875
2022-01-24 14:19:26,415:INFO:Epoch 329, Training loss 108458.43359375, Validation loss 108513.83203125
2022-01-24 14:19:28,839:INFO:Epoch 330, Training loss 108458.4375, Validation loss 108513.037109375
2022-01-24 14:19:31,224:INFO:Epoch 331, Training loss 108457.904296875, Validation loss 108513.759765625
2022-01-24 14:19:33,672:INFO:Epoch 332, Training loss 108461.93359375, Validation loss 108515.169921875
2022-01-24 14:19:36,060:INFO:Epoch 333, Training loss 108458.77734375, Validation loss 108514.556640625
2022-01-24 14:19:38,485:INFO:Epoch 334, Training loss 108459.775390625, Validation loss 108515.6796875
2022-01-24 14:19:40,884:INFO:Epoch 335, Training loss 108459.833984375, Validation loss 108518.146484375
2022-01-24 14:19:43,332:INFO:Epoch 336, Training loss 108462.978515625, Validation loss 108516.068359375
2022-01-24 14:19:45,725:INFO:Epoch 337, Training loss 108459.4765625, Validation loss 108513.583984375
2022-01-24 14:19:48,130:INFO:Epoch 338, Training loss 108459.609375, Validation loss 108514.19921875
2022-01-24 14:19:50,531:INFO:Epoch 339, Training loss 108458.8046875, Validation loss 108519.244140625
2022-01-24 14:19:52,967:INFO:Epoch 340, Training loss 108461.927734375, Validation loss 108514.669921875
2022-01-24 14:19:55,366:INFO:Epoch 341, Training loss 108460.16796875, Validation loss 108513.990234375
2022-01-24 14:19:57,764:INFO:Epoch 342, Training loss 108460.9140625, Validation loss 108517.53515625
2022-01-24 14:20:00,176:INFO:Epoch 343, Training loss 108459.46875, Validation loss 108513.6328125
2022-01-24 14:20:02,609:INFO:Epoch 344, Training loss 108458.212890625, Validation loss 108513.9140625
2022-01-24 14:20:05,020:INFO:Epoch 345, Training loss 108460.9296875, Validation loss 108516.7734375
2022-01-24 14:20:07,403:INFO:Epoch 346, Training loss 108459.234375, Validation loss 108513.88671875
2022-01-24 14:20:09,814:INFO:Epoch 347, Training loss 108457.724609375, Validation loss 108514.740234375
2022-01-24 14:20:12,213:INFO:Epoch 348, Training loss 108457.2890625, Validation loss 108515.736328125
2022-01-24 14:20:14,630:INFO:Epoch 349, Training loss 108457.775390625, Validation loss 108514.853515625
2022-01-24 14:20:17,008:INFO:Epoch 350, Training loss 108459.26171875, Validation loss 108514.771484375
2022-01-24 14:20:19,434:INFO:Epoch 351, Training loss 108459.205078125, Validation loss 108514.6015625
2022-01-24 14:20:21,822:INFO:Epoch 352, Training loss 108456.931640625, Validation loss 108513.341796875
2022-01-24 14:20:24,272:INFO:Epoch 353, Training loss 108458.8984375, Validation loss 108514.455078125
2022-01-24 14:20:26,663:INFO:Epoch 354, Training loss 108457.783203125, Validation loss 108515.38671875
2022-01-24 14:20:29,080:INFO:Epoch 355, Training loss 108458.8828125, Validation loss 108514.494140625
2022-01-24 14:20:31,470:INFO:Epoch 356, Training loss 108458.828125, Validation loss 108516.513671875
2022-01-24 14:20:33,915:INFO:Epoch 357, Training loss 108458.939453125, Validation loss 108515.91796875
2022-01-24 14:20:33,923:INFO:Finished training
