2022-01-24 14:09:30,556:INFO:All directories created, ready to load the data
2022-01-24 14:09:30,580:INFO:Dataset loaded from /data/theorie/jthoeve/event_generation/events_high_stats/pT/lin/cHq3/events_13.npy
2022-01-24 14:09:30,586:INFO:Dataset loaded from /data/theorie/jthoeve/event_generation/events_high_stats/pT/sm/events_13.npy
2022-01-24 14:09:32,954:INFO:Epoch 1, Training loss 84666.787109375, Validation loss 84666.787109375
2022-01-24 14:09:35,322:INFO:Epoch 2, Training loss 84666.787109375, Validation loss 84666.787109375
2022-01-24 14:09:37,672:INFO:Epoch 3, Training loss 84666.787109375, Validation loss 84666.787109375
2022-01-24 14:09:40,051:INFO:Epoch 4, Training loss 84666.787109375, Validation loss 84666.787109375
2022-01-24 14:09:42,409:INFO:Epoch 5, Training loss 84666.787109375, Validation loss 84666.787109375
2022-01-24 14:09:44,762:INFO:Epoch 6, Training loss 84666.787109375, Validation loss 84666.787109375
2022-01-24 14:09:47,133:INFO:Epoch 7, Training loss 84666.787109375, Validation loss 84666.787109375
2022-01-24 14:09:49,508:INFO:Epoch 8, Training loss 84666.787109375, Validation loss 84666.787109375
2022-01-24 14:09:51,873:INFO:Epoch 9, Training loss 84666.787109375, Validation loss 84666.787109375
2022-01-24 14:09:54,213:INFO:Epoch 10, Training loss 84666.787109375, Validation loss 84666.787109375
2022-01-24 14:09:56,612:INFO:Epoch 11, Training loss 84666.787109375, Validation loss 84666.787109375
2022-01-24 14:09:56,616:INFO:Detected stagant training, reset the weights
2022-01-24 14:09:58,987:INFO:Epoch 12, Training loss 75874.544921875, Validation loss 74665.7060546875
2022-01-24 14:10:01,362:INFO:Epoch 13, Training loss 74268.771484375, Validation loss 73851.220703125
2022-01-24 14:10:03,694:INFO:Epoch 14, Training loss 73869.5478515625, Validation loss 73866.828125
2022-01-24 14:10:06,071:INFO:Epoch 15, Training loss 73880.25, Validation loss 73845.64453125
2022-01-24 14:10:08,409:INFO:Epoch 16, Training loss 73835.12109375, Validation loss 73823.27734375
2022-01-24 14:10:10,813:INFO:Epoch 17, Training loss 73800.0810546875, Validation loss 73789.84765625
2022-01-24 14:10:13,152:INFO:Epoch 18, Training loss 73770.7841796875, Validation loss 73771.201171875
2022-01-24 14:10:15,526:INFO:Epoch 19, Training loss 73762.384765625, Validation loss 73766.1337890625
2022-01-24 14:10:17,872:INFO:Epoch 20, Training loss 73762.431640625, Validation loss 73764.798828125
2022-01-24 14:10:20,266:INFO:Epoch 21, Training loss 73762.359375, Validation loss 73764.8291015625
2022-01-24 14:10:22,617:INFO:Epoch 22, Training loss 73761.9208984375, Validation loss 73764.7763671875
2022-01-24 14:10:24,972:INFO:Epoch 23, Training loss 73760.77734375, Validation loss 73764.947265625
2022-01-24 14:10:27,328:INFO:Epoch 24, Training loss 73760.3427734375, Validation loss 73765.546875
2022-01-24 14:10:29,727:INFO:Epoch 25, Training loss 73760.0341796875, Validation loss 73766.138671875
2022-01-24 14:10:32,087:INFO:Epoch 26, Training loss 73759.8759765625, Validation loss 73766.4951171875
2022-01-24 14:10:34,441:INFO:Epoch 27, Training loss 73759.75390625, Validation loss 73766.4990234375
2022-01-24 14:10:36,807:INFO:Epoch 28, Training loss 73759.6103515625, Validation loss 73766.19921875
2022-01-24 14:10:39,201:INFO:Epoch 29, Training loss 73759.3740234375, Validation loss 73765.970703125
2022-01-24 14:10:41,579:INFO:Epoch 30, Training loss 73759.4013671875, Validation loss 73765.7109375
2022-01-24 14:10:43,937:INFO:Epoch 31, Training loss 73759.04296875, Validation loss 73765.640625
2022-01-24 14:10:46,322:INFO:Epoch 32, Training loss 73758.7861328125, Validation loss 73765.8837890625
2022-01-24 14:10:48,704:INFO:Epoch 33, Training loss 73758.6865234375, Validation loss 73766.0400390625
2022-01-24 14:10:51,094:INFO:Epoch 34, Training loss 73758.677734375, Validation loss 73766.0830078125
2022-01-24 14:10:53,449:INFO:Epoch 35, Training loss 73758.4912109375, Validation loss 73766.357421875
2022-01-24 14:10:55,841:INFO:Epoch 36, Training loss 73758.3447265625, Validation loss 73766.216796875
2022-01-24 14:10:58,200:INFO:Epoch 37, Training loss 73758.205078125, Validation loss 73766.33203125
2022-01-24 14:11:00,616:INFO:Epoch 38, Training loss 73758.1103515625, Validation loss 73766.1337890625
2022-01-24 14:11:02,965:INFO:Epoch 39, Training loss 73757.953125, Validation loss 73766.1591796875
2022-01-24 14:11:05,343:INFO:Epoch 40, Training loss 73757.8076171875, Validation loss 73766.21484375
2022-01-24 14:11:07,696:INFO:Epoch 41, Training loss 73757.751953125, Validation loss 73766.474609375
2022-01-24 14:11:10,099:INFO:Epoch 42, Training loss 73757.5986328125, Validation loss 73766.5263671875
2022-01-24 14:11:12,451:INFO:Epoch 43, Training loss 73757.5087890625, Validation loss 73766.6591796875
2022-01-24 14:11:14,816:INFO:Epoch 44, Training loss 73757.4228515625, Validation loss 73766.5966796875
2022-01-24 14:11:17,176:INFO:Epoch 45, Training loss 73757.2822265625, Validation loss 73766.642578125
2022-01-24 14:11:19,570:INFO:Epoch 46, Training loss 73757.1259765625, Validation loss 73766.8818359375
2022-01-24 14:11:21,936:INFO:Epoch 47, Training loss 73757.09765625, Validation loss 73767.1328125
2022-01-24 14:11:24,294:INFO:Epoch 48, Training loss 73756.9892578125, Validation loss 73767.3310546875
2022-01-24 14:11:26,672:INFO:Epoch 49, Training loss 73756.791015625, Validation loss 73767.3935546875
2022-01-24 14:11:29,065:INFO:Epoch 50, Training loss 73756.75, Validation loss 73767.26171875
2022-01-24 14:11:31,439:INFO:Epoch 51, Training loss 73756.7060546875, Validation loss 73767.5654296875
2022-01-24 14:11:33,789:INFO:Epoch 52, Training loss 73756.6337890625, Validation loss 73767.6533203125
2022-01-24 14:11:36,165:INFO:Epoch 53, Training loss 73756.455078125, Validation loss 73767.662109375
2022-01-24 14:11:38,545:INFO:Epoch 54, Training loss 73756.291015625, Validation loss 73767.896484375
2022-01-24 14:11:40,921:INFO:Epoch 55, Training loss 73756.19140625, Validation loss 73768.103515625
2022-01-24 14:11:43,268:INFO:Epoch 56, Training loss 73756.2587890625, Validation loss 73768.2392578125
2022-01-24 14:11:45,647:INFO:Epoch 57, Training loss 73756.0517578125, Validation loss 73768.2744140625
2022-01-24 14:11:47,971:INFO:Epoch 58, Training loss 73756.0849609375, Validation loss 73768.6611328125
2022-01-24 14:11:50,364:INFO:Epoch 59, Training loss 73755.8720703125, Validation loss 73768.8330078125
2022-01-24 14:11:52,700:INFO:Epoch 60, Training loss 73755.6337890625, Validation loss 73768.9013671875
2022-01-24 14:11:55,064:INFO:Epoch 61, Training loss 73755.7119140625, Validation loss 73768.4228515625
2022-01-24 14:11:57,405:INFO:Epoch 62, Training loss 73755.6748046875, Validation loss 73768.5810546875
2022-01-24 14:11:59,801:INFO:Epoch 63, Training loss 73755.2666015625, Validation loss 73769.0654296875
2022-01-24 14:12:02,147:INFO:Epoch 64, Training loss 73755.259765625, Validation loss 73769.6171875
2022-01-24 14:12:04,497:INFO:Epoch 65, Training loss 73755.203125, Validation loss 73769.6826171875
2022-01-24 14:12:06,840:INFO:Epoch 66, Training loss 73754.9541015625, Validation loss 73769.51171875
2022-01-24 14:12:09,221:INFO:Epoch 67, Training loss 73755.048828125, Validation loss 73769.341796875
2022-01-24 14:12:11,581:INFO:Epoch 68, Training loss 73754.7763671875, Validation loss 73770.1005859375
2022-01-24 14:12:13,936:INFO:Epoch 69, Training loss 73754.76953125, Validation loss 73770.9169921875
2022-01-24 14:12:16,298:INFO:Epoch 70, Training loss 73754.4853515625, Validation loss 73770.7177734375
2022-01-24 14:12:18,695:INFO:Epoch 71, Training loss 73754.2705078125, Validation loss 73770.482421875
2022-01-24 14:12:21,060:INFO:Epoch 72, Training loss 73754.1533203125, Validation loss 73770.3310546875
2022-01-24 14:12:21,066:INFO:Finished training
