2022-03-03 14:19:26,377:INFO:All directories created, ready to load the data
2022-03-03 14:19:26,449:INFO:Dataset loaded from /data/theorie/jthoeve/training_data/zh/features_mzh_y_ptz_v2/lin/cHq3/events_28.pkl.gz
2022-03-03 14:19:26,475:INFO:Dataset loaded from /data/theorie/jthoeve/training_data/zh/features_mzh_y_ptz_v2/sm/events_28.pkl.gz
2022-03-03 14:19:28,807:INFO:Epoch 1, Training loss 84631.9140625, Validation loss 84631.92578125
2022-03-03 14:19:31,180:INFO:Epoch 2, Training loss 84631.9140625, Validation loss 84631.92578125
2022-03-03 14:19:33,479:INFO:Epoch 3, Training loss 84631.9140625, Validation loss 84631.92578125
2022-03-03 14:19:35,796:INFO:Epoch 4, Training loss 84631.9140625, Validation loss 84631.92578125
2022-03-03 14:19:38,101:INFO:Epoch 5, Training loss 84631.9140625, Validation loss 84631.92578125
2022-03-03 14:19:40,443:INFO:Epoch 6, Training loss 84631.9140625, Validation loss 84631.92578125
2022-03-03 14:19:42,748:INFO:Epoch 7, Training loss 84631.9140625, Validation loss 84631.92578125
2022-03-03 14:19:45,056:INFO:Epoch 8, Training loss 84631.9140625, Validation loss 84631.92578125
2022-03-03 14:19:47,378:INFO:Epoch 9, Training loss 84631.9140625, Validation loss 84631.92578125
2022-03-03 14:19:49,736:INFO:Epoch 10, Training loss 84631.9140625, Validation loss 84631.92578125
2022-03-03 14:19:52,060:INFO:Epoch 11, Training loss 84631.9140625, Validation loss 84631.92578125
2022-03-03 14:19:52,067:INFO:Detected stagant training, reset the weights
2022-03-03 14:19:54,356:INFO:Epoch 12, Training loss 76526.861328125, Validation loss 74742.197265625
2022-03-03 14:19:56,681:INFO:Epoch 13, Training loss 74169.2314453125, Validation loss 73805.015625
2022-03-03 14:19:59,012:INFO:Epoch 14, Training loss 73914.6962890625, Validation loss 73997.7021484375
2022-03-03 14:20:01,343:INFO:Epoch 15, Training loss 73937.607421875, Validation loss 73815.52734375
2022-03-03 14:20:03,627:INFO:Epoch 16, Training loss 73767.056640625, Validation loss 73755.3330078125
2022-03-03 14:20:05,963:INFO:Epoch 17, Training loss 73751.37109375, Validation loss 73773.03515625
2022-03-03 14:20:08,246:INFO:Epoch 18, Training loss 73752.9306640625, Validation loss 73748.0791015625
2022-03-03 14:20:10,626:INFO:Epoch 19, Training loss 73734.8154296875, Validation loss 73735.37109375
2022-03-03 14:20:12,913:INFO:Epoch 20, Training loss 73732.162109375, Validation loss 73736.4970703125
2022-03-03 14:20:15,246:INFO:Epoch 21, Training loss 73733.9013671875, Validation loss 73735.3798828125
2022-03-03 14:20:17,536:INFO:Epoch 22, Training loss 73731.7919921875, Validation loss 73733.2216796875
2022-03-03 14:20:19,906:INFO:Epoch 23, Training loss 73729.953125, Validation loss 73733.5244140625
2022-03-03 14:20:22,206:INFO:Epoch 24, Training loss 73730.0810546875, Validation loss 73733.8310546875
2022-03-03 14:20:24,517:INFO:Epoch 25, Training loss 73729.2412109375, Validation loss 73733.39453125
2022-03-03 14:20:26,833:INFO:Epoch 26, Training loss 73728.6708984375, Validation loss 73733.29296875
2022-03-03 14:20:29,192:INFO:Epoch 27, Training loss 73728.4697265625, Validation loss 73733.3154296875
2022-03-03 14:20:31,495:INFO:Epoch 28, Training loss 73728.125, Validation loss 73733.0751953125
2022-03-03 14:20:33,790:INFO:Epoch 29, Training loss 73727.96875, Validation loss 73732.7802734375
2022-03-03 14:20:36,108:INFO:Epoch 30, Training loss 73727.7783203125, Validation loss 73732.7099609375
2022-03-03 14:20:38,582:INFO:Epoch 31, Training loss 73727.5625, Validation loss 73732.5908203125
2022-03-03 14:20:40,900:INFO:Epoch 32, Training loss 73727.39453125, Validation loss 73732.388671875
2022-03-03 14:20:43,188:INFO:Epoch 33, Training loss 73727.2412109375, Validation loss 73732.1806640625
2022-03-03 14:20:45,504:INFO:Epoch 34, Training loss 73727.0888671875, Validation loss 73732.14453125
2022-03-03 14:20:47,836:INFO:Epoch 35, Training loss 73727.240234375, Validation loss 73731.76171875
2022-03-03 14:20:50,163:INFO:Epoch 36, Training loss 73726.7587890625, Validation loss 73731.677734375
2022-03-03 14:20:52,432:INFO:Epoch 37, Training loss 73726.578125, Validation loss 73731.6875
2022-03-03 14:20:54,764:INFO:Epoch 38, Training loss 73726.4765625, Validation loss 73732.1474609375
2022-03-03 14:20:57,042:INFO:Epoch 39, Training loss 73726.2197265625, Validation loss 73732.20703125
2022-03-03 14:20:59,420:INFO:Epoch 40, Training loss 73726.0673828125, Validation loss 73732.1630859375
2022-03-03 14:21:01,705:INFO:Epoch 41, Training loss 73725.8330078125, Validation loss 73731.966796875
2022-03-03 14:21:04,037:INFO:Epoch 42, Training loss 73725.666015625, Validation loss 73732.107421875
2022-03-03 14:21:06,324:INFO:Epoch 43, Training loss 73725.3974609375, Validation loss 73732.0419921875
2022-03-03 14:21:08,704:INFO:Epoch 44, Training loss 73725.14453125, Validation loss 73732.0478515625
2022-03-03 14:21:10,996:INFO:Epoch 45, Training loss 73724.994140625, Validation loss 73732.1337890625
2022-03-03 14:21:13,310:INFO:Epoch 46, Training loss 73724.7197265625, Validation loss 73732.06640625
2022-03-03 14:21:15,619:INFO:Epoch 47, Training loss 73724.4375, Validation loss 73732.0634765625
2022-03-03 14:21:17,971:INFO:Epoch 48, Training loss 73724.27734375, Validation loss 73731.8828125
2022-03-03 14:21:20,281:INFO:Epoch 49, Training loss 73724.134765625, Validation loss 73732.1611328125
2022-03-03 14:21:22,581:INFO:Epoch 50, Training loss 73723.810546875, Validation loss 73732.208984375
2022-03-03 14:21:24,893:INFO:Epoch 51, Training loss 73723.615234375, Validation loss 73732.1943359375
2022-03-03 14:21:27,233:INFO:Epoch 52, Training loss 73723.39453125, Validation loss 73732.2763671875
2022-03-03 14:21:29,548:INFO:Epoch 53, Training loss 73723.1728515625, Validation loss 73732.3037109375
2022-03-03 14:21:31,835:INFO:Epoch 54, Training loss 73723.068359375, Validation loss 73732.1337890625
2022-03-03 14:21:34,163:INFO:Epoch 55, Training loss 73722.720703125, Validation loss 73732.4658203125
2022-03-03 14:21:36,469:INFO:Epoch 56, Training loss 73722.822265625, Validation loss 73732.83984375
2022-03-03 14:21:38,739:INFO:Epoch 57, Training loss 73722.875, Validation loss 73732.3671875
2022-03-03 14:21:40,955:INFO:Epoch 58, Training loss 73722.2041015625, Validation loss 73732.4736328125
2022-03-03 14:21:43,229:INFO:Epoch 59, Training loss 73721.9599609375, Validation loss 73732.8408203125
2022-03-03 14:21:45,451:INFO:Epoch 60, Training loss 73721.7880859375, Validation loss 73732.9873046875
2022-03-03 14:21:47,892:INFO:Epoch 61, Training loss 73721.560546875, Validation loss 73733.0615234375
2022-03-03 14:21:50,106:INFO:Epoch 62, Training loss 73721.3935546875, Validation loss 73733.189453125
2022-03-03 14:21:52,378:INFO:Epoch 63, Training loss 73721.1650390625, Validation loss 73733.3134765625
2022-03-03 14:21:54,608:INFO:Epoch 64, Training loss 73721.0595703125, Validation loss 73733.669921875
2022-03-03 14:21:56,880:INFO:Epoch 65, Training loss 73720.8271484375, Validation loss 73733.5849609375
2022-03-03 14:21:59,022:INFO:Epoch 66, Training loss 73720.5859375, Validation loss 73733.3779296875
2022-03-03 14:22:01,179:INFO:Epoch 67, Training loss 73720.5380859375, Validation loss 73733.1787109375
2022-03-03 14:22:03,328:INFO:Epoch 68, Training loss 73720.2822265625, Validation loss 73733.9111328125
2022-03-03 14:22:05,523:INFO:Epoch 69, Training loss 73719.9677734375, Validation loss 73734.0634765625
2022-03-03 14:22:07,676:INFO:Epoch 70, Training loss 73719.7294921875, Validation loss 73734.3740234375
2022-03-03 14:22:09,815:INFO:Epoch 71, Training loss 73719.57421875, Validation loss 73734.5166015625
2022-03-03 14:22:11,971:INFO:Epoch 72, Training loss 73719.337890625, Validation loss 73734.4990234375
2022-03-03 14:22:14,159:INFO:Epoch 73, Training loss 73719.1416015625, Validation loss 73734.5185546875
2022-03-03 14:22:16,319:INFO:Epoch 74, Training loss 73718.974609375, Validation loss 73734.7109375
2022-03-03 14:22:18,448:INFO:Epoch 75, Training loss 73718.78515625, Validation loss 73735.3330078125
2022-03-03 14:22:20,619:INFO:Epoch 76, Training loss 73718.5458984375, Validation loss 73735.1962890625
2022-03-03 14:22:22,801:INFO:Epoch 77, Training loss 73718.46484375, Validation loss 73735.318359375
2022-03-03 14:22:24,972:INFO:Epoch 78, Training loss 73718.1083984375, Validation loss 73735.34375
2022-03-03 14:22:27,088:INFO:Epoch 79, Training loss 73718.1875, Validation loss 73734.712890625
2022-03-03 14:22:29,267:INFO:Epoch 80, Training loss 73717.99609375, Validation loss 73735.55859375
2022-03-03 14:22:31,390:INFO:Epoch 81, Training loss 73717.677734375, Validation loss 73735.865234375
2022-03-03 14:22:33,610:INFO:Epoch 82, Training loss 73717.353515625, Validation loss 73735.61328125
2022-03-03 14:22:35,738:INFO:Epoch 83, Training loss 73717.322265625, Validation loss 73735.9736328125
2022-03-03 14:22:37,915:INFO:Epoch 84, Training loss 73716.931640625, Validation loss 73735.9169921875
2022-03-03 14:22:40,051:INFO:Epoch 85, Training loss 73716.87890625, Validation loss 73736.1533203125
2022-03-03 14:22:42,262:INFO:Epoch 86, Training loss 73716.796875, Validation loss 73735.6982421875
2022-03-03 14:22:42,268:INFO:Finished training
