8.467473632812500000e+04
8.467473632812500000e+04
8.467473632812500000e+04
8.467473632812500000e+04
8.467473632812500000e+04
8.467473632812500000e+04
8.467473632812500000e+04
8.467473632812500000e+04
8.467473632812500000e+04
8.467473632812500000e+04
8.467473632812500000e+04
7.391661425781250000e+04
7.384333984375000000e+04
7.379405957031250000e+04
7.378790429687500000e+04
7.377823925781250000e+04
7.377098632812500000e+04
7.377154199218750000e+04
7.376653320312500000e+04
7.376770410156250000e+04
7.376538085937500000e+04
7.376564941406250000e+04
7.376450488281250000e+04
7.376433593750000000e+04
7.376389160156250000e+04
7.376363476562500000e+04
7.376350878906250000e+04
7.376301074218750000e+04
7.376268066406250000e+04
7.376266699218750000e+04
7.376219726562500000e+04
7.376175097656250000e+04
7.376132421875000000e+04
7.376110156250000000e+04
7.376081835937500000e+04
7.376039550781250000e+04
7.376007910156250000e+04
7.375982226562500000e+04
7.375947753906250000e+04
7.375891308593750000e+04
7.375859765625000000e+04
7.375887207031250000e+04
7.375785644531250000e+04
7.375757421875000000e+04
7.375678222656250000e+04
7.375691796875000000e+04
7.375635351562500000e+04
7.375599414062500000e+04
7.375528906250000000e+04
7.375481152343750000e+04
7.375427539062500000e+04
7.375367871093750000e+04
7.375380078125000000e+04
7.375324121093750000e+04
7.375233691406250000e+04
7.375237695312500000e+04
7.375142480468750000e+04
7.375059570312500000e+04
7.375084570312500000e+04
7.374972265625000000e+04
7.374974218750000000e+04
7.375004785156250000e+04
7.374791113281250000e+04
7.374848144531250000e+04
7.374792968750000000e+04
7.374670800781250000e+04
7.374608007812500000e+04
7.374505566406250000e+04
7.374405859375000000e+04
7.374460644531250000e+04
7.374238085937500000e+04
7.374221191406250000e+04
7.374188769531250000e+04
