1.331039882812500000e+05
1.254750917968750000e+05
1.201756640625000000e+05
1.162549570312500000e+05
1.133015839843750000e+05
1.112685312500000000e+05
1.101129511718750000e+05
1.098049003906250000e+05
1.098489824218750000e+05
1.097770683593750000e+05
1.095931914062500000e+05
1.094413281250000000e+05
1.093589101562500000e+05
1.092935195312500000e+05
1.092254882812500000e+05
1.091644628906250000e+05
1.091196855468750000e+05
1.090767910156250000e+05
1.090470800781250000e+05
1.090221210937500000e+05
1.090004960937500000e+05
1.089800781250000000e+05
1.089664082031250000e+05
1.089545527343750000e+05
1.089453378906250000e+05
1.089394394531250000e+05
1.089315703125000000e+05
1.089270234375000000e+05
1.089232089843750000e+05
1.089192910156250000e+05
1.089167539062500000e+05
1.089148398437500000e+05
1.089127539062500000e+05
1.089109550781250000e+05
1.089102363281250000e+05
1.089084121093750000e+05
1.089075175781250000e+05
1.089070156250000000e+05
1.089060195312500000e+05
1.089059296875000000e+05
1.089046542968750000e+05
1.089044726562500000e+05
1.089031542968750000e+05
1.089033808593750000e+05
1.089028164062500000e+05
1.089035390625000000e+05
1.089009921875000000e+05
1.089007988281250000e+05
1.089007089843750000e+05
1.088994375000000000e+05
1.088998652343750000e+05
1.088989355468750000e+05
1.088981562500000000e+05
1.088983320312500000e+05
1.088980976562500000e+05
1.088988457031250000e+05
1.088973515625000000e+05
1.088970117187500000e+05
1.088968671875000000e+05
1.088968339843750000e+05
1.088969531250000000e+05
1.088963945312500000e+05
1.088960410156250000e+05
1.088963828125000000e+05
1.088956230468750000e+05
1.088954863281250000e+05
1.088948828125000000e+05
1.088949257812500000e+05
1.088956640625000000e+05
1.088949570312500000e+05
1.088949238281250000e+05
1.088944082031250000e+05
1.088943496093750000e+05
1.088943320312500000e+05
