7.529322656250000000e+04
7.481908593750000000e+04
7.445738281250000000e+04
7.419339062500000000e+04
7.400975000000000000e+04
7.389000781250000000e+04
7.381932812500000000e+04
7.378194531250000000e+04
7.376828125000000000e+04
7.377082812500000000e+04
7.378273437500000000e+04
7.379846875000000000e+04
7.381381250000000000e+04
7.382617187500000000e+04
7.383397656250000000e+04
7.383668750000000000e+04
7.383463281250000000e+04
7.382903906250000000e+04
7.382084375000000000e+04
7.381058593750000000e+04
7.379926562500000000e+04
7.378771875000000000e+04
7.377667187500000000e+04
7.376686718750000000e+04
7.375870312500000000e+04
7.375245312500000000e+04
7.374820312500000000e+04
7.374596875000000000e+04
7.374557812500000000e+04
7.374654687500000000e+04
7.374851562500000000e+04
7.375082031250000000e+04
7.375285937500000000e+04
7.375423437500000000e+04
7.375475781250000000e+04
7.375445312500000000e+04
7.375348437500000000e+04
7.375199218750000000e+04
7.375021093750000000e+04
7.374840625000000000e+04
7.374678906250000000e+04
7.374545312500000000e+04
7.374446875000000000e+04
7.374385937500000000e+04
7.374357812500000000e+04
7.374356250000000000e+04
7.374373437500000000e+04
7.374400000000000000e+04
7.374427343750000000e+04
7.374448437500000000e+04
7.374461718750000000e+04
7.374464843750000000e+04
7.374456250000000000e+04
7.374436718750000000e+04
7.374410156250000000e+04
7.374380468750000000e+04
7.374348437500000000e+04
7.374319531250000000e+04
7.374296093750000000e+04
7.374278906250000000e+04
7.374271093750000000e+04
7.374271875000000000e+04
7.374276562500000000e+04
7.374279687500000000e+04
7.374278906250000000e+04
7.374275000000000000e+04
7.374267968750000000e+04
7.374260937500000000e+04
7.374251562500000000e+04
7.374243750000000000e+04
7.374236718750000000e+04
7.374228906250000000e+04
7.374221875000000000e+04
7.374216406250000000e+04
7.374213281250000000e+04
7.374209375000000000e+04
7.374206250000000000e+04
7.374203906250000000e+04
7.374202343750000000e+04
7.374200000000000000e+04
7.374196875000000000e+04
7.374193750000000000e+04
7.374189843750000000e+04
7.374185156250000000e+04
7.374181250000000000e+04
7.374176562500000000e+04
7.374172656250000000e+04
7.374168750000000000e+04
7.374165625000000000e+04
7.374162500000000000e+04
7.374160156250000000e+04
7.374157812500000000e+04
7.374155468750000000e+04
7.374153125000000000e+04
7.374150000000000000e+04
