7.380026367187500000e+04
7.377477832031250000e+04
7.374802343750000000e+04
7.375340429687500000e+04
7.374340234375000000e+04
7.374473437500000000e+04
7.374098437500000000e+04
7.374085253906250000e+04
7.373901464843750000e+04
7.373864746093750000e+04
7.373780273437500000e+04
7.373740429687500000e+04
7.373666796875000000e+04
7.373620214843750000e+04
7.373496289062500000e+04
7.373456640625000000e+04
7.373421875000000000e+04
7.373391503906250000e+04
7.373308789062500000e+04
7.373272851562500000e+04
7.373244921875000000e+04
7.373276757812500000e+04
7.373177734375000000e+04
7.373068359375000000e+04
7.373033789062500000e+04
7.372984765625000000e+04
7.372902832031250000e+04
7.372882617187500000e+04
7.372876367187500000e+04
7.372785839843750000e+04
7.372680957031250000e+04
7.372647070312500000e+04
7.372568261718750000e+04
7.372553027343750000e+04
7.372514062500000000e+04
7.372466503906250000e+04
7.372385839843750000e+04
7.372471582031250000e+04
7.372319921875000000e+04
7.372186914062500000e+04
7.372198144531250000e+04
7.372051757812500000e+04
7.371998632812500000e+04
7.371922851562500000e+04
7.371871093750000000e+04
7.371772167968750000e+04
7.371705761718750000e+04
7.371603027343750000e+04
7.371578906250000000e+04
7.371412500000000000e+04
7.371411816406250000e+04
7.371404980468750000e+04
7.371126074218750000e+04
7.371173828125000000e+04
7.371165625000000000e+04
7.370992480468750000e+04
7.370905468750000000e+04
7.371022656250000000e+04
