2022-01-24 14:09:29,336:INFO:All directories created, ready to load the data
2022-01-24 14:09:29,424:INFO:Dataset loaded from /data/theorie/jthoeve/event_generation/events_high_stats/pT/lin/cHq3/events_0.npy
2022-01-24 14:09:29,427:INFO:Dataset loaded from /data/theorie/jthoeve/event_generation/events_high_stats/pT/sm/events_0.npy
2022-01-24 14:09:31,913:INFO:Epoch 1, Training loss 73800.263671875, Validation loss 73775.203125
2022-01-24 14:09:34,374:INFO:Epoch 2, Training loss 73774.7783203125, Validation loss 73758.2060546875
2022-01-24 14:09:36,824:INFO:Epoch 3, Training loss 73748.0234375, Validation loss 73759.8916015625
2022-01-24 14:09:39,310:INFO:Epoch 4, Training loss 73753.404296875, Validation loss 73752.8681640625
2022-01-24 14:09:41,760:INFO:Epoch 5, Training loss 73743.40234375, Validation loss 73753.4052734375
2022-01-24 14:09:44,209:INFO:Epoch 6, Training loss 73744.734375, Validation loss 73751.38671875
2022-01-24 14:09:46,666:INFO:Epoch 7, Training loss 73740.984375, Validation loss 73751.462890625
2022-01-24 14:09:49,142:INFO:Epoch 8, Training loss 73740.8525390625, Validation loss 73750.7978515625
2022-01-24 14:09:51,611:INFO:Epoch 9, Training loss 73739.0146484375, Validation loss 73751.8017578125
2022-01-24 14:09:54,048:INFO:Epoch 10, Training loss 73738.6474609375, Validation loss 73751.3759765625
2022-01-24 14:09:56,518:INFO:Epoch 11, Training loss 73737.802734375, Validation loss 73752.166015625
2022-01-24 14:09:58,995:INFO:Epoch 12, Training loss 73737.404296875, Validation loss 73753.048828125
2022-01-24 14:10:01,470:INFO:Epoch 13, Training loss 73736.66796875, Validation loss 73754.337890625
2022-01-24 14:10:03,906:INFO:Epoch 14, Training loss 73736.2021484375, Validation loss 73755.0029296875
2022-01-24 14:10:06,395:INFO:Epoch 15, Training loss 73734.962890625, Validation loss 73754.4140625
2022-01-24 14:10:08,833:INFO:Epoch 16, Training loss 73734.56640625, Validation loss 73754.3271484375
2022-01-24 14:10:11,344:INFO:Epoch 17, Training loss 73734.21875, Validation loss 73755.13671875
2022-01-24 14:10:13,782:INFO:Epoch 18, Training loss 73733.9150390625, Validation loss 73756.73046875
2022-01-24 14:10:16,250:INFO:Epoch 19, Training loss 73733.087890625, Validation loss 73756.3671875
2022-01-24 14:10:18,695:INFO:Epoch 20, Training loss 73732.728515625, Validation loss 73755.2509765625
2022-01-24 14:10:21,203:INFO:Epoch 21, Training loss 73732.44921875, Validation loss 73755.7197265625
2022-01-24 14:10:23,654:INFO:Epoch 22, Training loss 73732.767578125, Validation loss 73759.5400390625
2022-01-24 14:10:26,116:INFO:Epoch 23, Training loss 73731.77734375, Validation loss 73759.4150390625
2022-01-24 14:10:28,563:INFO:Epoch 24, Training loss 73730.68359375, Validation loss 73757.0859375
2022-01-24 14:10:31,049:INFO:Epoch 25, Training loss 73730.337890625, Validation loss 73756.4306640625
2022-01-24 14:10:33,517:INFO:Epoch 26, Training loss 73729.84765625, Validation loss 73757.904296875
2022-01-24 14:10:35,976:INFO:Epoch 27, Training loss 73729.0283203125, Validation loss 73758.3056640625
2022-01-24 14:10:38,446:INFO:Epoch 28, Training loss 73728.826171875, Validation loss 73760.27734375
2022-01-24 14:10:40,926:INFO:Epoch 29, Training loss 73728.763671875, Validation loss 73759.6123046875
2022-01-24 14:10:43,414:INFO:Epoch 30, Training loss 73727.8583984375, Validation loss 73759.1337890625
2022-01-24 14:10:45,855:INFO:Epoch 31, Training loss 73726.8095703125, Validation loss 73760.4853515625
2022-01-24 14:10:48,322:INFO:Epoch 32, Training loss 73726.470703125, Validation loss 73761.0107421875
2022-01-24 14:10:50,793:INFO:Epoch 33, Training loss 73725.6826171875, Validation loss 73761.484375
2022-01-24 14:10:53,268:INFO:Epoch 34, Training loss 73725.5302734375, Validation loss 73761.0693359375
2022-01-24 14:10:55,702:INFO:Epoch 35, Training loss 73725.140625, Validation loss 73761.6201171875
2022-01-24 14:10:58,196:INFO:Epoch 36, Training loss 73724.6650390625, Validation loss 73761.796875
2022-01-24 14:11:00,633:INFO:Epoch 37, Training loss 73723.8583984375, Validation loss 73763.27734375
2022-01-24 14:11:03,135:INFO:Epoch 38, Training loss 73724.7158203125, Validation loss 73765.380859375
2022-01-24 14:11:05,579:INFO:Epoch 39, Training loss 73723.19921875, Validation loss 73761.1708984375
2022-01-24 14:11:08,066:INFO:Epoch 40, Training loss 73721.869140625, Validation loss 73762.5712890625
2022-01-24 14:11:10,508:INFO:Epoch 41, Training loss 73721.9814453125, Validation loss 73768.2001953125
2022-01-24 14:11:13,014:INFO:Epoch 42, Training loss 73720.517578125, Validation loss 73767.0888671875
2022-01-24 14:11:15,469:INFO:Epoch 43, Training loss 73719.986328125, Validation loss 73765.4736328125
2022-01-24 14:11:17,938:INFO:Epoch 44, Training loss 73719.228515625, Validation loss 73764.6455078125
2022-01-24 14:11:20,396:INFO:Epoch 45, Training loss 73718.7109375, Validation loss 73766.267578125
2022-01-24 14:11:22,900:INFO:Epoch 46, Training loss 73717.7216796875, Validation loss 73767.2314453125
2022-01-24 14:11:25,363:INFO:Epoch 47, Training loss 73717.0576171875, Validation loss 73767.0927734375
2022-01-24 14:11:27,825:INFO:Epoch 48, Training loss 73716.0302734375, Validation loss 73769.2626953125
2022-01-24 14:11:30,294:INFO:Epoch 49, Training loss 73715.7890625, Validation loss 73771.4013671875
2022-01-24 14:11:32,784:INFO:Epoch 50, Training loss 73714.125, Validation loss 73771.4296875
2022-01-24 14:11:35,261:INFO:Epoch 51, Training loss 73714.1181640625, Validation loss 73770.4697265625
2022-01-24 14:11:37,705:INFO:Epoch 52, Training loss 73714.0498046875, Validation loss 73772.3505859375
2022-01-24 14:11:40,177:INFO:Epoch 53, Training loss 73711.2607421875, Validation loss 73773.794921875
2022-01-24 14:11:42,649:INFO:Epoch 54, Training loss 73711.73828125, Validation loss 73772.3603515625
2022-01-24 14:11:45,118:INFO:Epoch 55, Training loss 73711.65625, Validation loss 73775.5986328125
2022-01-24 14:11:47,544:INFO:Epoch 56, Training loss 73709.9248046875, Validation loss 73776.5595703125
2022-01-24 14:11:50,019:INFO:Epoch 57, Training loss 73709.0546875, Validation loss 73785.3837890625
2022-01-24 14:11:52,457:INFO:Epoch 58, Training loss 73710.2265625, Validation loss 73779.4501953125
2022-01-24 14:11:52,462:INFO:Finished training
