2022-03-03 14:19:15,923:INFO:All directories created, ready to load the data
2022-03-03 14:19:16,014:INFO:Dataset loaded from /data/theorie/jthoeve/training_data/zh/features_mzh_y_ptz_v2/lin/cHq3/events_5.pkl.gz
2022-03-03 14:19:16,077:INFO:Dataset loaded from /data/theorie/jthoeve/training_data/zh/features_mzh_y_ptz_v2/sm/events_5.pkl.gz
2022-03-03 14:19:18,262:INFO:Epoch 1, Training loss 73918.4375, Validation loss 73778.044921875
2022-03-03 14:19:20,497:INFO:Epoch 2, Training loss 73807.0654296875, Validation loss 73831.669921875
2022-03-03 14:19:22,670:INFO:Epoch 3, Training loss 73806.193359375, Validation loss 73778.1953125
2022-03-03 14:19:24,899:INFO:Epoch 4, Training loss 73779.587890625, Validation loss 73790.75
2022-03-03 14:19:27,145:INFO:Epoch 5, Training loss 73788.041015625, Validation loss 73782.705078125
2022-03-03 14:19:29,462:INFO:Epoch 6, Training loss 73776.572265625, Validation loss 73777.833984375
2022-03-03 14:19:31,722:INFO:Epoch 7, Training loss 73777.3173828125, Validation loss 73780.015625
2022-03-03 14:19:33,976:INFO:Epoch 8, Training loss 73775.3828125, Validation loss 73776.0966796875
2022-03-03 14:19:36,251:INFO:Epoch 9, Training loss 73773.9140625, Validation loss 73777.5087890625
2022-03-03 14:19:38,546:INFO:Epoch 10, Training loss 73773.4619140625, Validation loss 73776.0029296875
2022-03-03 14:19:40,828:INFO:Epoch 11, Training loss 73772.2958984375, Validation loss 73776.3701171875
2022-03-03 14:19:43,075:INFO:Epoch 12, Training loss 73772.076171875, Validation loss 73776.0693359375
2022-03-03 14:19:45,356:INFO:Epoch 13, Training loss 73771.34375, Validation loss 73776.1875
2022-03-03 14:19:47,649:INFO:Epoch 14, Training loss 73771.162109375, Validation loss 73775.9951171875
2022-03-03 14:19:49,941:INFO:Epoch 15, Training loss 73770.759765625, Validation loss 73776.0966796875
2022-03-03 14:19:52,176:INFO:Epoch 16, Training loss 73770.4287109375, Validation loss 73775.962890625
2022-03-03 14:19:54,459:INFO:Epoch 17, Training loss 73770.341796875, Validation loss 73775.923828125
2022-03-03 14:19:56,697:INFO:Epoch 18, Training loss 73769.720703125, Validation loss 73776.2900390625
2022-03-03 14:19:59,037:INFO:Epoch 19, Training loss 73769.44140625, Validation loss 73776.4296875
2022-03-03 14:20:01,276:INFO:Epoch 20, Training loss 73769.1953125, Validation loss 73776.33984375
2022-03-03 14:20:03,555:INFO:Epoch 21, Training loss 73768.8359375, Validation loss 73776.376953125
2022-03-03 14:20:05,805:INFO:Epoch 22, Training loss 73768.533203125, Validation loss 73776.48046875
2022-03-03 14:20:08,130:INFO:Epoch 23, Training loss 73768.224609375, Validation loss 73776.72265625
2022-03-03 14:20:10,387:INFO:Epoch 24, Training loss 73768.0556640625, Validation loss 73776.5439453125
2022-03-03 14:20:12,643:INFO:Epoch 25, Training loss 73767.5751953125, Validation loss 73776.681640625
2022-03-03 14:20:14,907:INFO:Epoch 26, Training loss 73767.2265625, Validation loss 73776.5947265625
2022-03-03 14:20:17,212:INFO:Epoch 27, Training loss 73767.654296875, Validation loss 73776.517578125
2022-03-03 14:20:19,481:INFO:Epoch 28, Training loss 73767.09765625, Validation loss 73776.515625
2022-03-03 14:20:21,735:INFO:Epoch 29, Training loss 73766.4345703125, Validation loss 73777.111328125
2022-03-03 14:20:24,001:INFO:Epoch 30, Training loss 73766.501953125, Validation loss 73777.314453125
2022-03-03 14:20:26,296:INFO:Epoch 31, Training loss 73766.072265625, Validation loss 73777.2861328125
2022-03-03 14:20:28,566:INFO:Epoch 32, Training loss 73765.5517578125, Validation loss 73776.6845703125
2022-03-03 14:20:30,813:INFO:Epoch 33, Training loss 73765.3662109375, Validation loss 73776.59375
2022-03-03 14:20:33,089:INFO:Epoch 34, Training loss 73764.8271484375, Validation loss 73776.5751953125
2022-03-03 14:20:35,375:INFO:Epoch 35, Training loss 73764.8154296875, Validation loss 73777.8466796875
2022-03-03 14:20:37,658:INFO:Epoch 36, Training loss 73764.3427734375, Validation loss 73777.7939453125
2022-03-03 14:20:39,890:INFO:Epoch 37, Training loss 73763.6748046875, Validation loss 73776.87109375
2022-03-03 14:20:42,187:INFO:Epoch 38, Training loss 73763.7978515625, Validation loss 73776.9404296875
2022-03-03 14:20:44,415:INFO:Epoch 39, Training loss 73762.9072265625, Validation loss 73777.39453125
2022-03-03 14:20:46,756:INFO:Epoch 40, Training loss 73762.8974609375, Validation loss 73777.505859375
2022-03-03 14:20:48,996:INFO:Epoch 41, Training loss 73762.2216796875, Validation loss 73776.93359375
2022-03-03 14:20:51,280:INFO:Epoch 42, Training loss 73762.3720703125, Validation loss 73777.85546875
2022-03-03 14:20:53,528:INFO:Epoch 43, Training loss 73761.611328125, Validation loss 73777.474609375
2022-03-03 14:20:55,845:INFO:Epoch 44, Training loss 73761.455078125, Validation loss 73777.455078125
2022-03-03 14:20:58,107:INFO:Epoch 45, Training loss 73760.888671875, Validation loss 73777.3427734375
2022-03-03 14:21:00,362:INFO:Epoch 46, Training loss 73760.396484375, Validation loss 73778.7998046875
2022-03-03 14:21:02,623:INFO:Epoch 47, Training loss 73760.16796875, Validation loss 73778.546875
2022-03-03 14:21:04,941:INFO:Epoch 48, Training loss 73759.4306640625, Validation loss 73777.546875
2022-03-03 14:21:07,210:INFO:Epoch 49, Training loss 73759.3681640625, Validation loss 73778.2724609375
2022-03-03 14:21:09,456:INFO:Epoch 50, Training loss 73758.107421875, Validation loss 73778.58984375
2022-03-03 14:21:11,711:INFO:Epoch 51, Training loss 73758.599609375, Validation loss 73778.6845703125
2022-03-03 14:21:14,002:INFO:Epoch 52, Training loss 73757.791015625, Validation loss 73778.455078125
2022-03-03 14:21:16,279:INFO:Epoch 53, Training loss 73757.26171875, Validation loss 73779.455078125
2022-03-03 14:21:18,508:INFO:Epoch 54, Training loss 73756.3095703125, Validation loss 73778.9609375
2022-03-03 14:21:20,807:INFO:Epoch 55, Training loss 73756.0634765625, Validation loss 73779.65234375
2022-03-03 14:21:23,089:INFO:Epoch 56, Training loss 73756.0419921875, Validation loss 73778.642578125
2022-03-03 14:21:25,370:INFO:Epoch 57, Training loss 73754.826171875, Validation loss 73779.1279296875
2022-03-03 14:21:27,605:INFO:Epoch 58, Training loss 73753.9501953125, Validation loss 73780.603515625
2022-03-03 14:21:29,896:INFO:Epoch 59, Training loss 73754.7294921875, Validation loss 73780.0478515625
2022-03-03 14:21:32,125:INFO:Epoch 60, Training loss 73753.3837890625, Validation loss 73779.23046875
2022-03-03 14:21:34,457:INFO:Epoch 61, Training loss 73753.265625, Validation loss 73779.931640625
2022-03-03 14:21:36,699:INFO:Epoch 62, Training loss 73752.734375, Validation loss 73781.0302734375
2022-03-03 14:21:38,976:INFO:Epoch 63, Training loss 73753.966796875, Validation loss 73782.8994140625
2022-03-03 14:21:41,235:INFO:Epoch 64, Training loss 73752.822265625, Validation loss 73780.955078125
2022-03-03 14:21:43,562:INFO:Epoch 65, Training loss 73752.2568359375, Validation loss 73780.708984375
2022-03-03 14:21:45,823:INFO:Epoch 66, Training loss 73750.5458984375, Validation loss 73780.88671875
2022-03-03 14:21:48,094:INFO:Epoch 67, Training loss 73750.0390625, Validation loss 73781.7275390625
2022-03-03 14:21:48,100:INFO:Finished training
