2022-03-03 14:19:26,153:INFO:All directories created, ready to load the data
2022-03-03 14:19:26,242:INFO:Dataset loaded from /data/theorie/jthoeve/training_data/zh/features_mzh_y_ptz_v2/lin/cHq3/events_24.pkl.gz
2022-03-03 14:19:26,287:INFO:Dataset loaded from /data/theorie/jthoeve/training_data/zh/features_mzh_y_ptz_v2/sm/events_24.pkl.gz
2022-03-03 14:19:28,551:INFO:Epoch 1, Training loss 75520.181640625, Validation loss 74484.423828125
2022-03-03 14:19:30,855:INFO:Epoch 2, Training loss 74162.447265625, Validation loss 73855.931640625
2022-03-03 14:19:33,090:INFO:Epoch 3, Training loss 73825.7470703125, Validation loss 73845.822265625
2022-03-03 14:19:35,334:INFO:Epoch 4, Training loss 73881.0244140625, Validation loss 73913.7880859375
2022-03-03 14:19:37,586:INFO:Epoch 5, Training loss 73902.0966796875, Validation loss 73873.7822265625
2022-03-03 14:19:39,879:INFO:Epoch 6, Training loss 73848.6796875, Validation loss 73818.703125
2022-03-03 14:19:42,132:INFO:Epoch 7, Training loss 73808.376953125, Validation loss 73802.880859375
2022-03-03 14:19:44,367:INFO:Epoch 8, Training loss 73804.349609375, Validation loss 73809.427734375
2022-03-03 14:19:46,618:INFO:Epoch 9, Training loss 73809.67578125, Validation loss 73809.9931640625
2022-03-03 14:19:48,896:INFO:Epoch 10, Training loss 73806.958984375, Validation loss 73804.8076171875
2022-03-03 14:19:51,149:INFO:Epoch 11, Training loss 73802.4951171875, Validation loss 73802.4853515625
2022-03-03 14:19:53,368:INFO:Epoch 12, Training loss 73801.3583984375, Validation loss 73802.96875
2022-03-03 14:19:55,630:INFO:Epoch 13, Training loss 73801.775390625, Validation loss 73803.369140625
2022-03-03 14:19:57,902:INFO:Epoch 14, Training loss 73801.548828125, Validation loss 73802.978515625
2022-03-03 14:20:00,170:INFO:Epoch 15, Training loss 73800.8076171875, Validation loss 73802.6845703125
2022-03-03 14:20:02,387:INFO:Epoch 16, Training loss 73800.451171875, Validation loss 73802.806640625
2022-03-03 14:20:04,658:INFO:Epoch 17, Training loss 73800.3251953125, Validation loss 73802.9169921875
2022-03-03 14:20:06,883:INFO:Epoch 18, Training loss 73800.1904296875, Validation loss 73802.9248046875
2022-03-03 14:20:09,193:INFO:Epoch 19, Training loss 73799.880859375, Validation loss 73802.97265625
2022-03-03 14:20:11,415:INFO:Epoch 20, Training loss 73799.751953125, Validation loss 73803.205078125
2022-03-03 14:20:13,678:INFO:Epoch 21, Training loss 73799.560546875, Validation loss 73803.2333984375
2022-03-03 14:20:15,909:INFO:Epoch 22, Training loss 73799.412109375, Validation loss 73803.29296875
2022-03-03 14:20:18,208:INFO:Epoch 23, Training loss 73799.21484375, Validation loss 73803.232421875
2022-03-03 14:20:20,448:INFO:Epoch 24, Training loss 73799.109375, Validation loss 73803.3486328125
2022-03-03 14:20:22,694:INFO:Epoch 25, Training loss 73798.8671875, Validation loss 73803.427734375
2022-03-03 14:20:24,936:INFO:Epoch 26, Training loss 73798.796875, Validation loss 73803.478515625
2022-03-03 14:20:27,253:INFO:Epoch 27, Training loss 73798.6689453125, Validation loss 73803.35546875
2022-03-03 14:20:29,501:INFO:Epoch 28, Training loss 73798.4248046875, Validation loss 73803.4619140625
2022-03-03 14:20:31,742:INFO:Epoch 29, Training loss 73798.1953125, Validation loss 73803.6630859375
2022-03-03 14:20:33,985:INFO:Epoch 30, Training loss 73798.3095703125, Validation loss 73804.16796875
2022-03-03 14:20:36,263:INFO:Epoch 31, Training loss 73797.970703125, Validation loss 73803.9150390625
2022-03-03 14:20:38,519:INFO:Epoch 32, Training loss 73797.9169921875, Validation loss 73803.5712890625
2022-03-03 14:20:40,739:INFO:Epoch 33, Training loss 73797.7744140625, Validation loss 73803.6123046875
2022-03-03 14:20:42,997:INFO:Epoch 34, Training loss 73797.4580078125, Validation loss 73804.064453125
2022-03-03 14:20:45,262:INFO:Epoch 35, Training loss 73797.3642578125, Validation loss 73804.7744140625
2022-03-03 14:20:47,528:INFO:Epoch 36, Training loss 73797.3037109375, Validation loss 73804.353515625
2022-03-03 14:20:49,852:INFO:Epoch 37, Training loss 73797.150390625, Validation loss 73804.12890625
2022-03-03 14:20:52,120:INFO:Epoch 38, Training loss 73796.8779296875, Validation loss 73804.18359375
2022-03-03 14:20:54,339:INFO:Epoch 39, Training loss 73797.0712890625, Validation loss 73804.69921875
2022-03-03 14:20:56,651:INFO:Epoch 40, Training loss 73797.08984375, Validation loss 73803.953125
2022-03-03 14:20:58,866:INFO:Epoch 41, Training loss 73796.5703125, Validation loss 73804.283203125
2022-03-03 14:21:01,151:INFO:Epoch 42, Training loss 73796.369140625, Validation loss 73804.8076171875
2022-03-03 14:21:03,380:INFO:Epoch 43, Training loss 73796.2705078125, Validation loss 73805.080078125
2022-03-03 14:21:05,680:INFO:Epoch 44, Training loss 73796.5771484375, Validation loss 73805.4658203125
2022-03-03 14:21:07,912:INFO:Epoch 45, Training loss 73795.9384765625, Validation loss 73804.703125
2022-03-03 14:21:10,158:INFO:Epoch 46, Training loss 73795.9365234375, Validation loss 73804.6396484375
2022-03-03 14:21:12,393:INFO:Epoch 47, Training loss 73795.9208984375, Validation loss 73804.712890625
2022-03-03 14:21:14,684:INFO:Epoch 48, Training loss 73795.9443359375, Validation loss 73805.4384765625
2022-03-03 14:21:16,930:INFO:Epoch 49, Training loss 73795.8505859375, Validation loss 73804.8876953125
2022-03-03 14:21:19,162:INFO:Epoch 50, Training loss 73795.427734375, Validation loss 73805.314453125
2022-03-03 14:21:21,409:INFO:Epoch 51, Training loss 73795.265625, Validation loss 73805.591796875
2022-03-03 14:21:23,691:INFO:Epoch 52, Training loss 73795.703125, Validation loss 73805.447265625
2022-03-03 14:21:25,946:INFO:Epoch 53, Training loss 73795.4111328125, Validation loss 73804.8427734375
2022-03-03 14:21:28,173:INFO:Epoch 54, Training loss 73795.2080078125, Validation loss 73805.4765625
2022-03-03 14:21:30,440:INFO:Epoch 55, Training loss 73794.828125, Validation loss 73805.86328125
2022-03-03 14:21:32,713:INFO:Epoch 56, Training loss 73794.8173828125, Validation loss 73806.251953125
2022-03-03 14:21:34,977:INFO:Epoch 57, Training loss 73794.7744140625, Validation loss 73805.6181640625
2022-03-03 14:21:37,187:INFO:Epoch 58, Training loss 73794.43359375, Validation loss 73805.41796875
2022-03-03 14:21:39,424:INFO:Epoch 59, Training loss 73794.4951171875, Validation loss 73805.95703125
2022-03-03 14:21:41,545:INFO:Epoch 60, Training loss 73794.2138671875, Validation loss 73805.8857421875
2022-03-03 14:21:43,766:INFO:Epoch 61, Training loss 73794.369140625, Validation loss 73805.880859375
2022-03-03 14:21:43,773:INFO:Finished training
