1.823877617187500000e+05
1.549845878906250000e+05
1.377005527343750000e+05
1.258424980468750000e+05
1.180356210937500000e+05
1.133031914062500000e+05
1.108678867187500000e+05
1.099255195312500000e+05
1.097511464843750000e+05
1.098292500000000000e+05
1.098083808593750000e+05
1.097084902343750000e+05
1.095813789062500000e+05
1.094798652343750000e+05
1.094131289062500000e+05
1.093626582031250000e+05
1.093161875000000000e+05
1.092762636718750000e+05
1.092404335937500000e+05
1.092040996093750000e+05
1.091700371093750000e+05
1.091373144531250000e+05
1.091037968750000000e+05
1.090746035156250000e+05
1.090445253906250000e+05
1.090175507812500000e+05
1.089925937500000000e+05
1.089703867187500000e+05
1.089529414062500000e+05
1.089385957031250000e+05
1.089265683593750000e+05
1.089180917968750000e+05
1.089113203125000000e+05
1.089052617187500000e+05
1.088995996093750000e+05
1.088953359375000000e+05
1.088910917968750000e+05
1.088875761718750000e+05
1.088856171875000000e+05
1.088833730468750000e+05
1.088814121093750000e+05
1.088804726562500000e+05
1.088796757812500000e+05
1.088793613281250000e+05
1.088788554687500000e+05
1.088783261718750000e+05
1.088781054687500000e+05
1.088789042968750000e+05
1.088789589843750000e+05
1.088779765625000000e+05
1.088776699218750000e+05
1.088779296875000000e+05
1.088770937500000000e+05
1.088769277343750000e+05
1.088770332031250000e+05
1.088772304687500000e+05
1.088766640625000000e+05
1.088768671875000000e+05
1.088766699218750000e+05
1.088766445312500000e+05
1.088763613281250000e+05
1.088764160156250000e+05
1.088758457031250000e+05
1.088759531250000000e+05
1.088759042968750000e+05
1.088754824218750000e+05
1.088757148437500000e+05
1.088760156250000000e+05
1.088753183593750000e+05
1.088752890625000000e+05
1.088760566406250000e+05
1.088757988281250000e+05
1.088759628906250000e+05
1.088750039062500000e+05
1.088750566406250000e+05
1.088751152343750000e+05
1.088748339843750000e+05
1.088750781250000000e+05
1.088750253906250000e+05
1.088746875000000000e+05
1.088744648437500000e+05
1.088742480468750000e+05
1.088743281250000000e+05
1.088744082031250000e+05
1.088751230468750000e+05
1.088747753906250000e+05
1.088738515625000000e+05
1.088735156250000000e+05
1.088737988281250000e+05
1.088736796875000000e+05
1.088740429687500000e+05
1.088737421875000000e+05
1.088737050781250000e+05
1.088737050781250000e+05
1.088734628906250000e+05
1.088733515625000000e+05
1.088732851562500000e+05
1.088733867187500000e+05
1.088732480468750000e+05
1.088733437500000000e+05
1.088728769531250000e+05
1.088727988281250000e+05
1.088726250000000000e+05
1.088725664062500000e+05
1.088727343750000000e+05
1.088728359375000000e+05
