2021-11-24 15:26:07,361:INFO:All directories created, ready to load the data
2021-11-24 15:26:07,400:INFO:Dataset loaded from /data/theorie/jthoeve/event_generation/events_high_stats/quad/cHW/events_0.npy
2021-11-24 15:26:07,404:INFO:Dataset loaded from /data/theorie/jthoeve/event_generation/events_high_stats/sm/events_0.npy
2021-11-24 15:26:11,176:INFO:Epoch 1, Training loss 183769.4140625, Validation loss 183581.265625
2021-11-24 15:26:14,908:INFO:Epoch 2, Training loss 183769.41015625, Validation loss 183581.265625
2021-11-24 15:26:18,652:INFO:Epoch 3, Training loss 183769.41015625, Validation loss 183581.265625
2021-11-24 15:26:22,406:INFO:Epoch 4, Training loss 183769.41015625, Validation loss 183581.265625
2021-11-24 15:26:26,256:INFO:Epoch 5, Training loss 183769.40625, Validation loss 183581.265625
2021-11-24 15:26:30,786:INFO:Epoch 6, Training loss 183769.41015625, Validation loss 183581.265625
2021-11-24 15:26:34,496:INFO:Epoch 7, Training loss 183769.41015625, Validation loss 183581.265625
2021-11-24 15:26:38,246:INFO:Epoch 8, Training loss 183769.41015625, Validation loss 183581.265625
2021-11-24 15:26:41,983:INFO:Epoch 9, Training loss 183769.40234375, Validation loss 183581.265625
2021-11-24 15:26:45,694:INFO:Epoch 10, Training loss 183769.41015625, Validation loss 183581.265625
2021-11-24 15:26:49,421:INFO:Epoch 11, Training loss 183769.41015625, Validation loss 183581.265625
2021-11-24 15:26:49,425:INFO:Detected stagant training, reset the weights
2021-11-24 15:26:53,167:INFO:Epoch 12, Training loss 183769.40625, Validation loss 183581.265625
2021-11-24 15:26:56,919:INFO:Epoch 13, Training loss 183769.41015625, Validation loss 183581.265625
2021-11-24 15:26:56,923:INFO:Detected stagant training, reset the weights
2021-11-24 15:27:00,632:INFO:Epoch 14, Training loss 183769.41015625, Validation loss 183581.265625
2021-11-24 15:27:00,802:INFO:Detected stagant training, reset the weights
2021-11-24 15:27:04,561:INFO:Epoch 15, Training loss 183769.40625, Validation loss 183581.265625
2021-11-24 15:27:08,304:INFO:Epoch 16, Training loss 183769.41015625, Validation loss 183581.265625
2021-11-24 15:27:08,308:INFO:Detected stagant training, reset the weights
2021-11-24 15:27:12,042:INFO:Epoch 17, Training loss 149555.19140625, Validation loss 148770.662109375
2021-11-24 15:27:15,738:INFO:Epoch 18, Training loss 148122.19921875, Validation loss 146922.51171875
2021-11-24 15:27:19,478:INFO:Epoch 19, Training loss 146087.330078125, Validation loss 144693.75390625
2021-11-24 15:27:23,203:INFO:Epoch 20, Training loss 144319.578125, Validation loss 143601.25390625
2021-11-24 15:27:27,045:INFO:Epoch 21, Training loss 143956.17578125, Validation loss 143628.0
2021-11-24 15:27:30,751:INFO:Epoch 22, Training loss 143900.185546875, Validation loss 143511.712890625
2021-11-24 15:27:34,492:INFO:Epoch 23, Training loss 143723.419921875, Validation loss 143518.736328125
2021-11-24 15:27:38,197:INFO:Epoch 24, Training loss 143695.43359375, Validation loss 143479.572265625
2021-11-24 15:27:42,011:INFO:Epoch 25, Training loss 143654.404296875, Validation loss 143439.912109375
2021-11-24 15:27:45,731:INFO:Epoch 26, Training loss 143642.046875, Validation loss 143407.845703125
2021-11-24 15:27:49,474:INFO:Epoch 27, Training loss 143620.765625, Validation loss 143382.859375
2021-11-24 15:27:53,198:INFO:Epoch 28, Training loss 143623.419921875, Validation loss 143361.859375
2021-11-24 15:27:56,943:INFO:Epoch 29, Training loss 143609.9921875, Validation loss 143367.982421875
2021-11-24 15:28:00,660:INFO:Epoch 30, Training loss 143606.94140625, Validation loss 143354.39453125
2021-11-24 15:28:04,375:INFO:Epoch 31, Training loss 143600.58984375, Validation loss 143355.28125
2021-11-24 15:28:08,114:INFO:Epoch 32, Training loss 143601.685546875, Validation loss 143352.390625
2021-11-24 15:28:11,865:INFO:Epoch 33, Training loss 143596.15234375, Validation loss 143353.603515625
2021-11-24 15:28:15,602:INFO:Epoch 34, Training loss 143591.123046875, Validation loss 143360.34765625
2021-11-24 15:28:19,319:INFO:Epoch 35, Training loss 143594.13671875, Validation loss 143349.111328125
2021-11-24 15:28:23,057:INFO:Epoch 36, Training loss 143591.822265625, Validation loss 143350.6484375
2021-11-24 15:28:26,793:INFO:Epoch 37, Training loss 143600.087890625, Validation loss 143346.171875
2021-11-24 15:28:30,523:INFO:Epoch 38, Training loss 143588.599609375, Validation loss 143353.619140625
2021-11-24 15:28:34,231:INFO:Epoch 39, Training loss 143586.765625, Validation loss 143356.99609375
2021-11-24 15:28:37,981:INFO:Epoch 40, Training loss 143582.16015625, Validation loss 143338.953125
2021-11-24 15:28:41,724:INFO:Epoch 41, Training loss 143585.283203125, Validation loss 143340.86328125
2021-11-24 15:28:45,516:INFO:Epoch 42, Training loss 143582.564453125, Validation loss 143348.40625
2021-11-24 15:28:49,228:INFO:Epoch 43, Training loss 143584.40234375, Validation loss 143356.0078125
2021-11-24 15:28:52,965:INFO:Epoch 44, Training loss 143587.248046875, Validation loss 143370.373046875
2021-11-24 15:28:56,665:INFO:Epoch 45, Training loss 143584.921875, Validation loss 143349.681640625
2021-11-24 15:29:00,441:INFO:Epoch 46, Training loss 143577.119140625, Validation loss 143336.349609375
2021-11-24 15:29:04,147:INFO:Epoch 47, Training loss 143579.53125, Validation loss 143346.90234375
2021-11-24 15:29:07,910:INFO:Epoch 48, Training loss 143576.21875, Validation loss 143337.068359375
2021-11-24 15:29:11,672:INFO:Epoch 49, Training loss 143574.783203125, Validation loss 143337.134765625
2021-11-24 15:29:15,436:INFO:Epoch 50, Training loss 143571.267578125, Validation loss 143353.1953125
2021-11-24 15:29:19,189:INFO:Epoch 51, Training loss 143578.080078125, Validation loss 143342.25390625
2021-11-24 15:29:22,922:INFO:Epoch 52, Training loss 143582.00390625, Validation loss 143337.51171875
2021-11-24 15:29:26,662:INFO:Epoch 53, Training loss 143584.236328125, Validation loss 143356.537109375
2021-11-24 15:29:30,413:INFO:Epoch 54, Training loss 143577.744140625, Validation loss 143335.4296875
2021-11-24 15:29:34,148:INFO:Epoch 55, Training loss 143575.25390625, Validation loss 143355.57421875
2021-11-24 15:29:37,858:INFO:Epoch 56, Training loss 143581.05078125, Validation loss 143345.568359375
2021-11-24 15:29:41,624:INFO:Epoch 57, Training loss 143574.3046875, Validation loss 143336.0
2021-11-24 15:29:45,370:INFO:Epoch 58, Training loss 143577.0546875, Validation loss 143345.484375
2021-11-24 15:29:49,108:INFO:Epoch 59, Training loss 143568.39453125, Validation loss 143337.462890625
2021-11-24 15:29:52,813:INFO:Epoch 60, Training loss 143571.857421875, Validation loss 143339.2421875
2021-11-24 15:29:56,567:INFO:Epoch 61, Training loss 143575.923828125, Validation loss 143367.01171875
2021-11-24 15:30:00,268:INFO:Epoch 62, Training loss 143575.7265625, Validation loss 143339.83203125
2021-11-24 15:30:04,063:INFO:Epoch 63, Training loss 143587.62109375, Validation loss 143351.849609375
2021-11-24 15:30:07,780:INFO:Epoch 64, Training loss 143602.08984375, Validation loss 143357.740234375
2021-11-24 15:30:11,623:INFO:Epoch 65, Training loss 143599.833984375, Validation loss 143379.611328125
2021-11-24 15:30:15,479:INFO:Epoch 66, Training loss 143598.515625, Validation loss 143389.607421875
2021-11-24 15:30:19,398:INFO:Epoch 67, Training loss 143607.912109375, Validation loss 143383.830078125
2021-11-24 15:30:23,293:INFO:Epoch 68, Training loss 143605.19921875, Validation loss 143339.033203125
2021-11-24 15:30:27,164:INFO:Epoch 69, Training loss 143585.078125, Validation loss 143397.78515625
2021-11-24 15:30:31,028:INFO:Epoch 70, Training loss 143591.83203125, Validation loss 143344.12109375
2021-11-24 15:30:35,336:INFO:Epoch 71, Training loss 143573.8125, Validation loss 143337.705078125
2021-11-24 15:30:39,443:INFO:Epoch 72, Training loss 143570.830078125, Validation loss 143353.0546875
2021-11-24 15:30:43,295:INFO:Epoch 73, Training loss 143566.8515625, Validation loss 143339.677734375
2021-11-24 15:30:47,185:INFO:Epoch 74, Training loss 143570.400390625, Validation loss 143341.248046875
2021-11-24 15:30:51,116:INFO:Epoch 75, Training loss 143570.5546875, Validation loss 143344.552734375
2021-11-24 15:30:54,854:INFO:Epoch 76, Training loss 143564.296875, Validation loss 143340.951171875
2021-11-24 15:30:58,607:INFO:Epoch 77, Training loss 143566.2734375, Validation loss 143340.86328125
2021-11-24 15:31:02,359:INFO:Epoch 78, Training loss 143570.283203125, Validation loss 143338.779296875
2021-11-24 15:31:06,099:INFO:Epoch 79, Training loss 143564.5703125, Validation loss 143341.876953125
2021-11-24 15:31:09,858:INFO:Epoch 80, Training loss 143570.384765625, Validation loss 143342.15234375
2021-11-24 15:31:13,567:INFO:Epoch 81, Training loss 143567.623046875, Validation loss 143337.984375
2021-11-24 15:31:17,334:INFO:Epoch 82, Training loss 143570.1875, Validation loss 143389.353515625
2021-11-24 15:31:21,047:INFO:Epoch 83, Training loss 143577.90234375, Validation loss 143346.568359375
2021-11-24 15:31:24,826:INFO:Epoch 84, Training loss 143569.99609375, Validation loss 143340.189453125
2021-11-24 15:31:28,533:INFO:Epoch 85, Training loss 143566.158203125, Validation loss 143353.78125
2021-11-24 15:31:32,285:INFO:Epoch 86, Training loss 143564.94921875, Validation loss 143339.67578125
2021-11-24 15:31:36,007:INFO:Epoch 87, Training loss 143566.078125, Validation loss 143336.40625
2021-11-24 15:31:39,778:INFO:Epoch 88, Training loss 143565.169921875, Validation loss 143347.33984375
2021-11-24 15:31:43,529:INFO:Epoch 89, Training loss 143561.6953125, Validation loss 143338.875
2021-11-24 15:31:47,432:INFO:Epoch 90, Training loss 143564.15234375, Validation loss 143345.38671875
2021-11-24 15:31:51,165:INFO:Epoch 91, Training loss 143567.595703125, Validation loss 143352.419921875
2021-11-24 15:31:54,918:INFO:Epoch 92, Training loss 143562.806640625, Validation loss 143338.439453125
2021-11-24 15:31:58,651:INFO:Epoch 93, Training loss 143562.05078125, Validation loss 143341.818359375
2021-11-24 15:32:02,400:INFO:Epoch 94, Training loss 143561.705078125, Validation loss 143339.822265625
2021-11-24 15:32:06,140:INFO:Epoch 95, Training loss 143560.787109375, Validation loss 143338.779296875
2021-11-24 15:32:09,899:INFO:Epoch 96, Training loss 143559.998046875, Validation loss 143342.3125
2021-11-24 15:32:13,636:INFO:Epoch 97, Training loss 143560.0078125, Validation loss 143336.88671875
2021-11-24 15:32:17,349:INFO:Epoch 98, Training loss 143564.197265625, Validation loss 143355.9765625
2021-11-24 15:32:21,101:INFO:Epoch 99, Training loss 143565.6015625, Validation loss 143335.404296875
2021-11-24 15:32:24,899:INFO:Epoch 100, Training loss 143558.171875, Validation loss 143370.466796875
2021-11-24 15:32:28,851:INFO:Epoch 101, Training loss 143569.28125, Validation loss 143340.138671875
2021-11-24 15:32:32,550:INFO:Epoch 102, Training loss 143563.32421875, Validation loss 143338.541015625
2021-11-24 15:32:36,284:INFO:Epoch 103, Training loss 143565.08203125, Validation loss 143359.75
2021-11-24 15:32:39,967:INFO:Epoch 104, Training loss 143565.759765625, Validation loss 143339.046875
2021-11-24 15:32:43,725:INFO:Epoch 105, Training loss 143558.513671875, Validation loss 143343.068359375
2021-11-24 15:32:47,433:INFO:Epoch 106, Training loss 143561.76171875, Validation loss 143371.958984375
2021-11-24 15:32:51,458:INFO:Epoch 107, Training loss 143575.884765625, Validation loss 143347.251953125
2021-11-24 15:32:55,153:INFO:Epoch 108, Training loss 143568.279296875, Validation loss 143358.529296875
2021-11-24 15:32:58,914:INFO:Epoch 109, Training loss 143570.81640625, Validation loss 143350.564453125
2021-11-24 15:33:02,605:INFO:Epoch 110, Training loss 143565.8671875, Validation loss 143347.130859375
2021-11-24 15:33:06,335:INFO:Epoch 111, Training loss 143561.47265625, Validation loss 143340.896484375
2021-11-24 15:33:10,045:INFO:Epoch 112, Training loss 143562.57421875, Validation loss 143350.861328125
2021-11-24 15:33:13,781:INFO:Epoch 113, Training loss 143567.505859375, Validation loss 143340.482421875
2021-11-24 15:33:17,489:INFO:Epoch 114, Training loss 143562.51171875, Validation loss 143349.51171875
2021-11-24 15:33:21,204:INFO:Epoch 115, Training loss 143569.4453125, Validation loss 143361.158203125
2021-11-24 15:33:24,931:INFO:Epoch 116, Training loss 143577.455078125, Validation loss 143339.140625
2021-11-24 15:33:28,664:INFO:Epoch 117, Training loss 143567.134765625, Validation loss 143352.19921875
2021-11-24 15:33:32,390:INFO:Epoch 118, Training loss 143567.7578125, Validation loss 143348.45703125
2021-11-24 15:33:36,086:INFO:Epoch 119, Training loss 143565.708984375, Validation loss 143340.86328125
2021-11-24 15:33:39,820:INFO:Epoch 120, Training loss 143561.73828125, Validation loss 143352.98828125
2021-11-24 15:33:43,545:INFO:Epoch 121, Training loss 143559.705078125, Validation loss 143344.615234375
2021-11-24 15:33:47,281:INFO:Epoch 122, Training loss 143560.154296875, Validation loss 143340.83984375
2021-11-24 15:33:50,996:INFO:Epoch 123, Training loss 143556.98828125, Validation loss 143342.54296875
2021-11-24 15:33:54,846:INFO:Epoch 124, Training loss 143559.4375, Validation loss 143344.064453125
2021-11-24 15:33:58,539:INFO:Epoch 125, Training loss 143564.08203125, Validation loss 143351.234375
2021-11-24 15:34:02,295:INFO:Epoch 126, Training loss 143558.650390625, Validation loss 143341.982421875
2021-11-24 15:34:05,990:INFO:Epoch 127, Training loss 143558.587890625, Validation loss 143347.291015625
2021-11-24 15:34:09,726:INFO:Epoch 128, Training loss 143561.234375, Validation loss 143343.359375
2021-11-24 15:34:13,464:INFO:Epoch 129, Training loss 143558.912109375, Validation loss 143345.892578125
2021-11-24 15:34:17,228:INFO:Epoch 130, Training loss 143560.216796875, Validation loss 143349.939453125
2021-11-24 15:34:20,960:INFO:Epoch 131, Training loss 143560.57421875, Validation loss 143346.068359375
2021-11-24 15:34:24,689:INFO:Epoch 132, Training loss 143559.943359375, Validation loss 143341.5390625
2021-11-24 15:34:28,402:INFO:Epoch 133, Training loss 143558.599609375, Validation loss 143351.455078125
2021-11-24 15:34:32,152:INFO:Epoch 134, Training loss 143559.056640625, Validation loss 143341.791015625
2021-11-24 15:34:35,872:INFO:Epoch 135, Training loss 143559.013671875, Validation loss 143358.1796875
2021-11-24 15:34:39,597:INFO:Epoch 136, Training loss 143567.001953125, Validation loss 143356.708984375
2021-11-24 15:34:43,328:INFO:Epoch 137, Training loss 143558.857421875, Validation loss 143339.080078125
2021-11-24 15:34:47,064:INFO:Epoch 138, Training loss 143569.685546875, Validation loss 143353.607421875
2021-11-24 15:34:50,816:INFO:Epoch 139, Training loss 143565.541015625, Validation loss 143361.205078125
2021-11-24 15:34:54,522:INFO:Epoch 140, Training loss 143560.171875, Validation loss 143339.189453125
2021-11-24 15:34:58,283:INFO:Epoch 141, Training loss 143566.732421875, Validation loss 143347.318359375
2021-11-24 15:35:02,086:INFO:Epoch 142, Training loss 143558.3515625, Validation loss 143347.96875
2021-11-24 15:35:05,884:INFO:Epoch 143, Training loss 143556.857421875, Validation loss 143344.990234375
2021-11-24 15:35:09,668:INFO:Epoch 144, Training loss 143560.625, Validation loss 143348.923828125
2021-11-24 15:35:13,514:INFO:Epoch 145, Training loss 143563.62890625, Validation loss 143365.970703125
2021-11-24 15:35:17,216:INFO:Epoch 146, Training loss 143568.134765625, Validation loss 143362.4296875
2021-11-24 15:35:21,044:INFO:Epoch 147, Training loss 143565.5546875, Validation loss 143351.134765625
2021-11-24 15:35:25,125:INFO:Epoch 148, Training loss 143562.373046875, Validation loss 143347.708984375
2021-11-24 15:35:28,887:INFO:Epoch 149, Training loss 143560.96484375, Validation loss 143360.19140625
2021-11-24 15:35:28,893:INFO:Finished training, producing training report at /data/theorie/jthoeve/ML4EFT_higgs/models/24_11/model_quad_cHW/mc_run_0/plots/training_report/
2021-11-24 15:35:29,210:WARNING:findfont: Font family ['sans-serif'] not found. Falling back to DejaVu Sans.
