2.076351640625000000e+05
1.969530000000000000e+05
1.628902695312500000e+05
1.380698281250000000e+05
1.232922324218750000e+05
1.147740156250000000e+05
1.108632226562500000e+05
1.098744296875000000e+05
1.100100664062500000e+05
1.101466171875000000e+05
1.100490390625000000e+05
1.098237832031250000e+05
1.096309414062500000e+05
1.095443457031250000e+05
1.095236953125000000e+05
1.094972558593750000e+05
1.094522480468750000e+05
1.094138261718750000e+05
1.093881972656250000e+05
1.093659804687500000e+05
1.093429003906250000e+05
1.093207167968750000e+05
1.093003593750000000e+05
1.092813027343750000e+05
1.092628964843750000e+05
1.092450527343750000e+05
1.092283574218750000e+05
1.092111562500000000e+05
1.091956640625000000e+05
1.091806210937500000e+05
1.091655703125000000e+05
1.091513750000000000e+05
1.091377128906250000e+05
1.091240839843750000e+05
1.091110605468750000e+05
1.090980488281250000e+05
1.090852714843750000e+05
1.090732128906250000e+05
1.090607988281250000e+05
1.090488496093750000e+05
1.090374394531250000e+05
1.090258964843750000e+05
1.090145957031250000e+05
1.090039218750000000e+05
1.089934648437500000e+05
1.089828847656250000e+05
1.089728632812500000e+05
1.089637167968750000e+05
1.089534082031250000e+05
1.089453242187500000e+05
1.089358320312500000e+05
1.089281640625000000e+05
1.089204824218750000e+05
1.089134277343750000e+05
1.089057695312500000e+05
1.088997656250000000e+05
1.088937500000000000e+05
1.088879218750000000e+05
1.088826621093750000e+05
1.088774414062500000e+05
1.088733984375000000e+05
1.088699023437500000e+05
1.088664589843750000e+05
1.088638261718750000e+05
1.088606679687500000e+05
1.088588886718750000e+05
1.088568339843750000e+05
1.088553183593750000e+05
1.088532988281250000e+05
1.088524355468750000e+05
1.088512597656250000e+05
1.088501113281250000e+05
1.088489414062500000e+05
1.088482089843750000e+05
1.088476152343750000e+05
1.088470175781250000e+05
1.088465371093750000e+05
1.088459316406250000e+05
1.088454316406250000e+05
1.088451972656250000e+05
1.088448613281250000e+05
1.088445195312500000e+05
1.088440000000000000e+05
1.088439863281250000e+05
1.088435175781250000e+05
1.088434277343750000e+05
1.088427011718750000e+05
1.088423476562500000e+05
1.088419667968750000e+05
1.088423457031250000e+05
1.088411757812500000e+05
1.088410253906250000e+05
1.088407421875000000e+05
1.088407421875000000e+05
1.088403945312500000e+05
1.088403632812500000e+05
1.088395722656250000e+05
1.088395820312500000e+05
1.088395253906250000e+05
1.088388730468750000e+05
1.088387343750000000e+05
1.088388125000000000e+05
1.088389355468750000e+05
1.088381054687500000e+05
1.088389023437500000e+05
1.088384902343750000e+05
1.088380410156250000e+05
1.088380039062500000e+05
1.088380351562500000e+05
1.088375019531250000e+05
1.088371621093750000e+05
1.088380000000000000e+05
1.088377734375000000e+05
1.088370898437500000e+05
1.088367539062500000e+05
1.088367617187500000e+05
1.088367343750000000e+05
1.088365312500000000e+05
1.088363378906250000e+05
1.088362773437500000e+05
1.088367226562500000e+05
1.088361054687500000e+05
1.088357617187500000e+05
1.088356875000000000e+05
1.088356855468750000e+05
1.088354843750000000e+05
