2021-11-18 16:14:00,451:INFO:All directories created, ready to load the data
2021-11-18 16:14:00,489:INFO:Dataset loaded from /data/theorie/jthoeve/event_generation/events_high_stats/lin/cHq3/events_15.npy
2021-11-18 16:14:00,518:INFO:Dataset loaded from /data/theorie/jthoeve/event_generation/events_high_stats/sm/events_15.npy
2021-11-18 16:14:04,595:INFO:Epoch 1, Training loss 73953.2890625, Validation loss 73860.34375
2021-11-18 16:14:08,667:INFO:Epoch 2, Training loss 73857.9375, Validation loss 73812.1484375
2021-11-18 16:14:12,741:INFO:Epoch 3, Training loss 73809.234375, Validation loss 73802.828125
2021-11-18 16:14:16,721:INFO:Epoch 4, Training loss 73799.6171875, Validation loss 73816.390625
2021-11-18 16:14:20,760:INFO:Epoch 5, Training loss 73813.1796875, Validation loss 73832.2890625
2021-11-18 16:14:24,648:INFO:Epoch 6, Training loss 73829.40625, Validation loss 73838.578125
2021-11-18 16:14:28,615:INFO:Epoch 7, Training loss 73836.34375, Validation loss 73834.40625
2021-11-18 16:14:32,628:INFO:Epoch 8, Training loss 73832.8125, Validation loss 73824.0078125
2021-11-18 16:14:36,699:INFO:Epoch 9, Training loss 73822.828125, Validation loss 73812.078125
2021-11-18 16:14:40,734:INFO:Epoch 10, Training loss 73811.359375, Validation loss 73802.4765625
2021-11-18 16:14:44,813:INFO:Epoch 11, Training loss 73802.09375, Validation loss 73797.2890625
2021-11-18 16:14:48,770:INFO:Epoch 12, Training loss 73797.203125, Validation loss 73796.6796875
2021-11-18 16:14:52,882:INFO:Epoch 13, Training loss 73796.7421875, Validation loss 73799.265625
2021-11-18 16:14:56,843:INFO:Epoch 14, Training loss 73799.3359375, Validation loss 73802.8984375
2021-11-18 16:15:00,819:INFO:Epoch 15, Training loss 73802.8203125, Validation loss 73805.6640625
2021-11-18 16:15:04,884:INFO:Epoch 16, Training loss 73805.46875, Validation loss 73806.5703125
2021-11-18 16:15:08,885:INFO:Epoch 17, Training loss 73806.1875, Validation loss 73805.546875
2021-11-18 16:15:12,887:INFO:Epoch 18, Training loss 73804.921875, Validation loss 73803.125
2021-11-18 16:15:16,919:INFO:Epoch 19, Training loss 73802.328125, Validation loss 73800.2734375
2021-11-18 16:15:20,892:INFO:Epoch 20, Training loss 73799.3203125, Validation loss 73797.9453125
2021-11-18 16:15:24,851:INFO:Epoch 21, Training loss 73796.7265625, Validation loss 73796.7265625
2021-11-18 16:15:28,747:INFO:Epoch 22, Training loss 73795.28125, Validation loss 73796.7265625
2021-11-18 16:15:32,784:INFO:Epoch 23, Training loss 73794.9609375, Validation loss 73797.671875
2021-11-18 16:15:36,799:INFO:Epoch 24, Training loss 73795.609375, Validation loss 73798.9765625
2021-11-18 16:15:40,755:INFO:Epoch 25, Training loss 73796.6953125, Validation loss 73800.078125
2021-11-18 16:15:44,816:INFO:Epoch 26, Training loss 73797.640625, Validation loss 73800.5546875
2021-11-18 16:15:48,851:INFO:Epoch 27, Training loss 73798.046875, Validation loss 73800.28125
2021-11-18 16:15:52,773:INFO:Epoch 28, Training loss 73797.75, Validation loss 73799.3984375
2021-11-18 16:15:56,799:INFO:Epoch 29, Training loss 73796.890625, Validation loss 73798.234375
2021-11-18 16:16:00,751:INFO:Epoch 30, Training loss 73795.7734375, Validation loss 73797.15625
2021-11-18 16:16:04,715:INFO:Epoch 31, Training loss 73794.7421875, Validation loss 73796.4453125
2021-11-18 16:16:08,975:INFO:Epoch 32, Training loss 73794.0625, Validation loss 73796.21875
2021-11-18 16:16:12,926:INFO:Epoch 33, Training loss 73793.84375, Validation loss 73796.40625
2021-11-18 16:16:16,963:INFO:Epoch 34, Training loss 73794.0078125, Validation loss 73796.8125
2021-11-18 16:16:20,992:INFO:Epoch 35, Training loss 73794.34375, Validation loss 73797.2265625
2021-11-18 16:16:24,934:INFO:Epoch 36, Training loss 73794.6328125, Validation loss 73797.4375
2021-11-18 16:16:28,964:INFO:Epoch 37, Training loss 73794.7265625, Validation loss 73797.40625
2021-11-18 16:16:32,975:INFO:Epoch 38, Training loss 73794.5390625, Validation loss 73797.1796875
2021-11-18 16:16:37,012:INFO:Epoch 39, Training loss 73794.1640625, Validation loss 73796.890625
2021-11-18 16:16:40,975:INFO:Epoch 40, Training loss 73793.7421875, Validation loss 73796.6640625
2021-11-18 16:16:44,879:INFO:Epoch 41, Training loss 73793.390625, Validation loss 73796.59375
2021-11-18 16:16:48,751:INFO:Epoch 42, Training loss 73793.203125, Validation loss 73796.6328125
2021-11-18 16:16:52,550:INFO:Epoch 43, Training loss 73793.1640625, Validation loss 73796.7421875
2021-11-18 16:16:56,453:INFO:Epoch 44, Training loss 73793.234375, Validation loss 73796.8125
2021-11-18 16:17:00,350:INFO:Epoch 45, Training loss 73793.3046875, Validation loss 73796.78125
2021-11-18 16:17:04,206:INFO:Epoch 46, Training loss 73793.296875, Validation loss 73796.6171875
2021-11-18 16:17:08,160:INFO:Epoch 47, Training loss 73793.1640625, Validation loss 73796.3515625
2021-11-18 16:17:12,104:INFO:Epoch 48, Training loss 73792.953125, Validation loss 73796.0625
2021-11-18 16:17:15,972:INFO:Epoch 49, Training loss 73792.71875, Validation loss 73795.8203125
2021-11-18 16:17:19,869:INFO:Epoch 50, Training loss 73792.5234375, Validation loss 73795.6796875
2021-11-18 16:17:23,722:INFO:Epoch 51, Training loss 73792.3984375, Validation loss 73795.6328125
2021-11-18 16:17:27,570:INFO:Epoch 52, Training loss 73792.3515625, Validation loss 73795.640625
2021-11-18 16:17:31,489:INFO:Epoch 53, Training loss 73792.34375, Validation loss 73795.6796875
2021-11-18 16:17:35,415:INFO:Epoch 54, Training loss 73792.328125, Validation loss 73795.7265625
2021-11-18 16:17:39,313:INFO:Epoch 55, Training loss 73792.265625, Validation loss 73795.7578125
2021-11-18 16:17:43,279:INFO:Epoch 56, Training loss 73792.15625, Validation loss 73795.78125
2021-11-18 16:17:47,147:INFO:Epoch 57, Training loss 73792.0234375, Validation loss 73795.7890625
2021-11-18 16:17:51,032:INFO:Epoch 58, Training loss 73791.8984375, Validation loss 73795.796875
2021-11-18 16:17:54,843:INFO:Epoch 59, Training loss 73791.796875, Validation loss 73795.796875
2021-11-18 16:17:58,757:INFO:Epoch 60, Training loss 73791.71875, Validation loss 73795.7890625
2021-11-18 16:18:02,663:INFO:Epoch 61, Training loss 73791.65625, Validation loss 73795.7578125
2021-11-18 16:18:06,773:INFO:Epoch 62, Training loss 73791.59375, Validation loss 73795.703125
2021-11-18 16:18:10,752:INFO:Epoch 63, Training loss 73791.5234375, Validation loss 73795.6640625
2021-11-18 16:18:14,566:INFO:Epoch 64, Training loss 73791.4296875, Validation loss 73795.625
2021-11-18 16:18:18,410:INFO:Epoch 65, Training loss 73791.328125, Validation loss 73795.609375
2021-11-18 16:18:22,344:INFO:Epoch 66, Training loss 73791.234375, Validation loss 73795.609375
2021-11-18 16:18:26,176:INFO:Epoch 67, Training loss 73791.140625, Validation loss 73795.6328125
2021-11-18 16:18:30,071:INFO:Epoch 68, Training loss 73791.0546875, Validation loss 73795.65625
2021-11-18 16:18:34,071:INFO:Epoch 69, Training loss 73790.96875, Validation loss 73795.6953125
2021-11-18 16:18:37,986:INFO:Epoch 70, Training loss 73790.90625, Validation loss 73795.71875
2021-11-18 16:18:41,919:INFO:Epoch 71, Training loss 73790.8359375, Validation loss 73795.7109375
2021-11-18 16:18:45,740:INFO:Epoch 72, Training loss 73790.75, Validation loss 73795.6640625
2021-11-18 16:18:49,642:INFO:Epoch 73, Training loss 73790.6484375, Validation loss 73795.59375
2021-11-18 16:18:53,542:INFO:Epoch 74, Training loss 73790.5625, Validation loss 73795.53125
2021-11-18 16:18:57,377:INFO:Epoch 75, Training loss 73790.4765625, Validation loss 73795.4921875
2021-11-18 16:19:01,327:INFO:Epoch 76, Training loss 73790.3984375, Validation loss 73795.4765625
2021-11-18 16:19:05,265:INFO:Epoch 77, Training loss 73790.3203125, Validation loss 73795.4921875
2021-11-18 16:19:09,116:INFO:Epoch 78, Training loss 73790.2421875, Validation loss 73795.5234375
2021-11-18 16:19:13,042:INFO:Epoch 79, Training loss 73790.15625, Validation loss 73795.5546875
2021-11-18 16:19:16,887:INFO:Epoch 80, Training loss 73790.0703125, Validation loss 73795.5625
2021-11-18 16:19:20,764:INFO:Epoch 81, Training loss 73789.984375, Validation loss 73795.5546875
2021-11-18 16:19:24,676:INFO:Epoch 82, Training loss 73789.8984375, Validation loss 73795.546875
2021-11-18 16:19:28,575:INFO:Epoch 83, Training loss 73789.8046875, Validation loss 73795.5390625
2021-11-18 16:19:32,395:INFO:Epoch 84, Training loss 73789.7109375, Validation loss 73795.546875
2021-11-18 16:19:36,202:INFO:Epoch 85, Training loss 73789.6171875, Validation loss 73795.5625
2021-11-18 16:19:39,992:INFO:Epoch 86, Training loss 73789.5234375, Validation loss 73795.5625
2021-11-18 16:19:43,796:INFO:Epoch 87, Training loss 73789.4296875, Validation loss 73795.5625
2021-11-18 16:19:47,530:INFO:Epoch 88, Training loss 73789.3359375, Validation loss 73795.5625
2021-11-18 16:19:51,379:INFO:Epoch 89, Training loss 73789.234375, Validation loss 73795.546875
2021-11-18 16:19:55,245:INFO:Epoch 90, Training loss 73789.1484375, Validation loss 73795.5234375
2021-11-18 16:19:58,994:INFO:Epoch 91, Training loss 73789.046875, Validation loss 73795.515625
2021-11-18 16:20:02,891:INFO:Epoch 92, Training loss 73788.953125, Validation loss 73795.515625
2021-11-18 16:20:06,706:INFO:Epoch 93, Training loss 73788.8515625, Validation loss 73795.5234375
2021-11-18 16:20:10,473:INFO:Epoch 94, Training loss 73788.75, Validation loss 73795.5390625
2021-11-18 16:20:14,340:INFO:Epoch 95, Training loss 73788.6484375, Validation loss 73795.53125
2021-11-18 16:20:18,118:INFO:Epoch 96, Training loss 73788.5390625, Validation loss 73795.546875
2021-11-18 16:20:21,958:INFO:Epoch 97, Training loss 73788.4375, Validation loss 73795.53125
2021-11-18 16:20:25,836:INFO:Epoch 98, Training loss 73788.3359375, Validation loss 73795.515625
2021-11-18 16:20:29,628:INFO:Epoch 99, Training loss 73788.234375, Validation loss 73795.5
2021-11-18 16:20:33,476:INFO:Epoch 100, Training loss 73788.125, Validation loss 73795.46875
2021-11-18 16:20:37,276:INFO:Epoch 101, Training loss 73788.015625, Validation loss 73795.4375
2021-11-18 16:20:41,086:INFO:Epoch 102, Training loss 73787.90625, Validation loss 73795.4609375
2021-11-18 16:20:44,888:INFO:Epoch 103, Training loss 73787.796875, Validation loss 73795.46875
2021-11-18 16:20:48,710:INFO:Epoch 104, Training loss 73787.6875, Validation loss 73795.4765625
2021-11-18 16:20:52,552:INFO:Epoch 105, Training loss 73787.5703125, Validation loss 73795.5234375
2021-11-18 16:20:56,410:INFO:Epoch 106, Training loss 73787.4609375, Validation loss 73795.546875
2021-11-18 16:21:00,199:INFO:Epoch 107, Training loss 73787.34375, Validation loss 73795.546875
2021-11-18 16:21:04,021:INFO:Epoch 108, Training loss 73787.2265625, Validation loss 73795.5390625
2021-11-18 16:21:07,736:INFO:Epoch 109, Training loss 73787.109375, Validation loss 73795.53125
2021-11-18 16:21:11,584:INFO:Epoch 110, Training loss 73786.9921875, Validation loss 73795.546875
2021-11-18 16:21:15,418:INFO:Epoch 111, Training loss 73786.8671875, Validation loss 73795.5859375
2021-11-18 16:21:19,154:INFO:Epoch 112, Training loss 73786.75, Validation loss 73795.6328125
2021-11-18 16:21:23,057:INFO:Epoch 113, Training loss 73786.625, Validation loss 73795.6171875
2021-11-18 16:21:26,944:INFO:Epoch 114, Training loss 73786.5, Validation loss 73795.578125
2021-11-18 16:21:30,708:INFO:Epoch 115, Training loss 73786.3671875, Validation loss 73795.5078125
2021-11-18 16:21:34,607:INFO:Epoch 116, Training loss 73786.2421875, Validation loss 73795.5546875
2021-11-18 16:21:38,394:INFO:Epoch 117, Training loss 73786.109375, Validation loss 73795.5859375
2021-11-18 16:21:42,208:INFO:Epoch 118, Training loss 73785.96875, Validation loss 73795.5234375
2021-11-18 16:21:46,069:INFO:Epoch 119, Training loss 73785.828125, Validation loss 73795.4609375
2021-11-18 16:21:49,812:INFO:Epoch 120, Training loss 73785.6953125, Validation loss 73795.5
2021-11-18 16:21:53,603:INFO:Epoch 121, Training loss 73785.5546875, Validation loss 73795.5703125
2021-11-18 16:21:57,391:INFO:Epoch 122, Training loss 73785.4140625, Validation loss 73795.578125
2021-11-18 16:22:01,167:INFO:Epoch 123, Training loss 73785.2734375, Validation loss 73795.6015625
2021-11-18 16:22:04,960:INFO:Epoch 124, Training loss 73785.125, Validation loss 73795.6953125
2021-11-18 16:22:08,731:INFO:Epoch 125, Training loss 73784.984375, Validation loss 73795.78125
2021-11-18 16:22:12,537:INFO:Epoch 126, Training loss 73784.828125, Validation loss 73795.765625
2021-11-18 16:22:16,314:INFO:Epoch 127, Training loss 73784.6796875, Validation loss 73795.75
2021-11-18 16:22:20,122:INFO:Epoch 128, Training loss 73784.53125, Validation loss 73795.7890625
2021-11-18 16:22:23,886:INFO:Epoch 129, Training loss 73784.375, Validation loss 73795.875
2021-11-18 16:22:27,573:INFO:Epoch 130, Training loss 73784.21875, Validation loss 73795.9140625
2021-11-18 16:22:31,371:INFO:Epoch 131, Training loss 73784.0625, Validation loss 73795.8984375
2021-11-18 16:22:35,202:INFO:Epoch 132, Training loss 73783.8984375, Validation loss 73795.8984375
2021-11-18 16:22:38,938:INFO:Epoch 133, Training loss 73783.7421875, Validation loss 73795.9453125
2021-11-18 16:22:42,805:INFO:Epoch 134, Training loss 73783.5859375, Validation loss 73795.9296875
2021-11-18 16:22:46,650:INFO:Epoch 135, Training loss 73783.421875, Validation loss 73795.875
2021-11-18 16:22:50,408:INFO:Epoch 136, Training loss 73783.265625, Validation loss 73795.921875
2021-11-18 16:22:54,219:INFO:Epoch 137, Training loss 73783.109375, Validation loss 73795.953125
2021-11-18 16:22:57,962:INFO:Epoch 138, Training loss 73782.9453125, Validation loss 73795.9609375
2021-11-18 16:23:01,712:INFO:Epoch 139, Training loss 73782.7890625, Validation loss 73796.03125
2021-11-18 16:23:05,577:INFO:Epoch 140, Training loss 73782.625, Validation loss 73796.0546875
2021-11-18 16:23:09,340:INFO:Epoch 141, Training loss 73782.453125, Validation loss 73796.109375
2021-11-18 16:23:13,149:INFO:Epoch 142, Training loss 73782.2890625, Validation loss 73796.15625
2021-11-18 16:23:17,038:INFO:Epoch 143, Training loss 73782.1171875, Validation loss 73796.2265625
2021-11-18 16:23:20,801:INFO:Epoch 144, Training loss 73781.9453125, Validation loss 73796.2578125
2021-11-18 16:23:24,570:INFO:Epoch 145, Training loss 73781.78125, Validation loss 73796.1953125
2021-11-18 16:23:28,352:INFO:Epoch 146, Training loss 73781.6171875, Validation loss 73796.3515625
2021-11-18 16:23:32,182:INFO:Epoch 147, Training loss 73781.453125, Validation loss 73796.4453125
2021-11-18 16:23:36,029:INFO:Epoch 148, Training loss 73781.28125, Validation loss 73796.4375
2021-11-18 16:23:39,830:INFO:Epoch 149, Training loss 73781.109375, Validation loss 73796.484375
2021-11-18 16:23:43,679:INFO:Epoch 150, Training loss 73780.9296875, Validation loss 73796.6484375
2021-11-18 16:23:47,377:INFO:Epoch 151, Training loss 73780.765625, Validation loss 73796.6796875
2021-11-18 16:23:47,383:INFO:Finished training, producing training report at /data/theorie/jthoeve/ML4EFT_higgs/models/17_11/model_final_lin_cHq3_v7/mc_run_15/plots/training_report/
2021-11-18 16:23:49,395:WARNING:findfont: Font family ['sans-serif'] not found. Falling back to DejaVu Sans.
