2022-03-03 12:56:09,745:INFO:All directories created, ready to load the data
2022-03-03 12:56:09,826:INFO:Dataset loaded from /data/theorie/jthoeve/training_data/zh/features_mzh_y_ptz_v2/lin/cHW/events_29.pkl.gz
2022-03-03 12:56:09,885:INFO:Dataset loaded from /data/theorie/jthoeve/training_data/zh/features_mzh_y_ptz_v2/sm/events_29.pkl.gz
2022-03-03 12:56:12,287:INFO:Epoch 1, Training loss 208012.3828125, Validation loss 208012.3828125
2022-03-03 12:56:14,727:INFO:Epoch 2, Training loss 208012.3828125, Validation loss 208012.3828125
2022-03-03 12:56:17,102:INFO:Epoch 3, Training loss 208012.3828125, Validation loss 208012.3828125
2022-03-03 12:56:19,500:INFO:Epoch 4, Training loss 208012.3828125, Validation loss 208012.3828125
2022-03-03 12:56:21,877:INFO:Epoch 5, Training loss 208012.3828125, Validation loss 208012.3828125
2022-03-03 12:56:24,321:INFO:Epoch 6, Training loss 208012.3828125, Validation loss 208012.3828125
2022-03-03 12:56:26,716:INFO:Epoch 7, Training loss 208012.3828125, Validation loss 208012.3828125
2022-03-03 12:56:29,092:INFO:Epoch 8, Training loss 208012.3828125, Validation loss 208012.3828125
2022-03-03 12:56:31,484:INFO:Epoch 9, Training loss 208012.3828125, Validation loss 208012.3828125
2022-03-03 12:56:33,907:INFO:Epoch 10, Training loss 208012.3828125, Validation loss 208012.3828125
2022-03-03 12:56:36,312:INFO:Epoch 11, Training loss 208012.3828125, Validation loss 208012.3828125
2022-03-03 12:56:36,315:INFO:Detected stagant training, reset the weights
2022-03-03 12:56:38,687:INFO:Epoch 12, Training loss 208012.3828125, Validation loss 208012.3828125
2022-03-03 12:56:38,690:INFO:Detected stagant training, reset the weights
2022-03-03 12:56:41,085:INFO:Epoch 13, Training loss 135611.796875, Validation loss 126312.009765625
2022-03-03 12:56:43,488:INFO:Epoch 14, Training loss 121399.509765625, Validation loss 115414.728515625
2022-03-03 12:56:45,898:INFO:Epoch 15, Training loss 113050.5546875, Validation loss 110380.61328125
2022-03-03 12:56:48,245:INFO:Epoch 16, Training loss 109809.41015625, Validation loss 109409.56640625
2022-03-03 12:56:50,656:INFO:Epoch 17, Training loss 109653.353515625, Validation loss 109872.095703125
2022-03-03 12:56:53,020:INFO:Epoch 18, Training loss 109972.8125, Validation loss 109848.1640625
2022-03-03 12:56:55,473:INFO:Epoch 19, Training loss 109762.24609375, Validation loss 109473.919921875
2022-03-03 12:56:57,844:INFO:Epoch 20, Training loss 109414.09375, Validation loss 109233.5625
2022-03-03 12:57:00,258:INFO:Epoch 21, Training loss 109269.212890625, Validation loss 109219.4765625
2022-03-03 12:57:02,640:INFO:Epoch 22, Training loss 109282.21484375, Validation loss 109235.9609375
2022-03-03 12:57:05,081:INFO:Epoch 23, Training loss 109271.025390625, Validation loss 109189.548828125
2022-03-03 12:57:07,443:INFO:Epoch 24, Training loss 109221.23828125, Validation loss 109145.1953125
2022-03-03 12:57:09,815:INFO:Epoch 25, Training loss 109189.669921875, Validation loss 109127.427734375
2022-03-03 12:57:12,201:INFO:Epoch 26, Training loss 109175.630859375, Validation loss 109111.712890625
2022-03-03 12:57:14,634:INFO:Epoch 27, Training loss 109155.83984375, Validation loss 109088.79296875
2022-03-03 12:57:17,015:INFO:Epoch 28, Training loss 109130.71875, Validation loss 109063.849609375
2022-03-03 12:57:19,383:INFO:Epoch 29, Training loss 109104.220703125, Validation loss 109040.298828125
2022-03-03 12:57:21,777:INFO:Epoch 30, Training loss 109078.029296875, Validation loss 109015.212890625
2022-03-03 12:57:24,198:INFO:Epoch 31, Training loss 109048.3828125, Validation loss 108986.705078125
2022-03-03 12:57:26,591:INFO:Epoch 32, Training loss 109016.9296875, Validation loss 108954.580078125
2022-03-03 12:57:28,958:INFO:Epoch 33, Training loss 108981.03125, Validation loss 108918.587890625
2022-03-03 12:57:31,358:INFO:Epoch 34, Training loss 108939.609375, Validation loss 108878.080078125
2022-03-03 12:57:33,771:INFO:Epoch 35, Training loss 108892.16796875, Validation loss 108835.640625
2022-03-03 12:57:36,178:INFO:Epoch 36, Training loss 108842.966796875, Validation loss 108792.783203125
2022-03-03 12:57:38,535:INFO:Epoch 37, Training loss 108794.884765625, Validation loss 108751.783203125
2022-03-03 12:57:40,947:INFO:Epoch 38, Training loss 108744.908203125, Validation loss 108713.62109375
2022-03-03 12:57:43,306:INFO:Epoch 39, Training loss 108704.27734375, Validation loss 108678.09765625
2022-03-03 12:57:45,754:INFO:Epoch 40, Training loss 108665.4453125, Validation loss 108648.009765625
2022-03-03 12:57:48,113:INFO:Epoch 41, Training loss 108634.103515625, Validation loss 108624.33984375
2022-03-03 12:57:50,520:INFO:Epoch 42, Training loss 108606.234375, Validation loss 108608.05859375
2022-03-03 12:57:52,882:INFO:Epoch 43, Training loss 108583.880859375, Validation loss 108589.396484375
2022-03-03 12:57:55,335:INFO:Epoch 44, Training loss 108569.978515625, Validation loss 108577.59765625
2022-03-03 12:57:57,714:INFO:Epoch 45, Training loss 108556.783203125, Validation loss 108575.654296875
2022-03-03 12:58:00,112:INFO:Epoch 46, Training loss 108552.248046875, Validation loss 108567.763671875
2022-03-03 12:58:02,497:INFO:Epoch 47, Training loss 108544.41015625, Validation loss 108566.173828125
2022-03-03 12:58:04,942:INFO:Epoch 48, Training loss 108539.3125, Validation loss 108565.845703125
2022-03-03 12:58:07,331:INFO:Epoch 49, Training loss 108535.892578125, Validation loss 108564.056640625
2022-03-03 12:58:09,714:INFO:Epoch 50, Training loss 108535.48828125, Validation loss 108558.087890625
2022-03-03 12:58:12,112:INFO:Epoch 51, Training loss 108532.263671875, Validation loss 108561.83203125
2022-03-03 12:58:14,539:INFO:Epoch 52, Training loss 108531.404296875, Validation loss 108560.501953125
2022-03-03 12:58:16,934:INFO:Epoch 53, Training loss 108527.802734375, Validation loss 108555.421875
2022-03-03 12:58:19,310:INFO:Epoch 54, Training loss 108524.859375, Validation loss 108555.826171875
2022-03-03 12:58:21,711:INFO:Epoch 55, Training loss 108522.93359375, Validation loss 108555.751953125
2022-03-03 12:58:24,129:INFO:Epoch 56, Training loss 108522.212890625, Validation loss 108554.27734375
2022-03-03 12:58:26,527:INFO:Epoch 57, Training loss 108522.599609375, Validation loss 108556.76171875
2022-03-03 12:58:28,884:INFO:Epoch 58, Training loss 108519.642578125, Validation loss 108551.513671875
2022-03-03 12:58:31,301:INFO:Epoch 59, Training loss 108519.021484375, Validation loss 108552.708984375
2022-03-03 12:58:33,660:INFO:Epoch 60, Training loss 108518.443359375, Validation loss 108553.041015625
2022-03-03 12:58:36,111:INFO:Epoch 61, Training loss 108516.455078125, Validation loss 108552.2734375
2022-03-03 12:58:38,469:INFO:Epoch 62, Training loss 108515.119140625, Validation loss 108548.275390625
2022-03-03 12:58:40,883:INFO:Epoch 63, Training loss 108514.515625, Validation loss 108547.123046875
2022-03-03 12:58:43,254:INFO:Epoch 64, Training loss 108513.30859375, Validation loss 108552.162109375
2022-03-03 12:58:45,703:INFO:Epoch 65, Training loss 108511.82421875, Validation loss 108548.986328125
2022-03-03 12:58:48,083:INFO:Epoch 66, Training loss 108509.296875, Validation loss 108547.501953125
2022-03-03 12:58:50,481:INFO:Epoch 67, Training loss 108508.3984375, Validation loss 108548.783203125
2022-03-03 12:58:52,854:INFO:Epoch 68, Training loss 108508.384765625, Validation loss 108546.322265625
2022-03-03 12:58:55,299:INFO:Epoch 69, Training loss 108507.80078125, Validation loss 108548.958984375
2022-03-03 12:58:57,679:INFO:Epoch 70, Training loss 108507.9921875, Validation loss 108545.73828125
2022-03-03 12:59:00,054:INFO:Epoch 71, Training loss 108505.5390625, Validation loss 108545.31640625
2022-03-03 12:59:02,443:INFO:Epoch 72, Training loss 108507.12890625, Validation loss 108545.38671875
2022-03-03 12:59:04,876:INFO:Epoch 73, Training loss 108503.638671875, Validation loss 108547.6484375
2022-03-03 12:59:07,262:INFO:Epoch 74, Training loss 108505.009765625, Validation loss 108547.083984375
2022-03-03 12:59:09,626:INFO:Epoch 75, Training loss 108504.0625, Validation loss 108545.908203125
2022-03-03 12:59:12,037:INFO:Epoch 76, Training loss 108502.083984375, Validation loss 108546.953125
2022-03-03 12:59:14,458:INFO:Epoch 77, Training loss 108504.1953125, Validation loss 108544.96484375
2022-03-03 12:59:16,867:INFO:Epoch 78, Training loss 108500.974609375, Validation loss 108547.796875
2022-03-03 12:59:19,210:INFO:Epoch 79, Training loss 108501.052734375, Validation loss 108547.0234375
2022-03-03 12:59:21,618:INFO:Epoch 80, Training loss 108502.166015625, Validation loss 108543.65234375
2022-03-03 12:59:23,973:INFO:Epoch 81, Training loss 108500.263671875, Validation loss 108545.76953125
2022-03-03 12:59:26,432:INFO:Epoch 82, Training loss 108499.44140625, Validation loss 108545.619140625
2022-03-03 12:59:28,794:INFO:Epoch 83, Training loss 108498.794921875, Validation loss 108544.33984375
2022-03-03 12:59:31,201:INFO:Epoch 84, Training loss 108499.775390625, Validation loss 108546.28125
2022-03-03 12:59:33,575:INFO:Epoch 85, Training loss 108498.705078125, Validation loss 108543.64453125
2022-03-03 12:59:36,026:INFO:Epoch 86, Training loss 108499.267578125, Validation loss 108546.056640625
2022-03-03 12:59:38,407:INFO:Epoch 87, Training loss 108499.95703125, Validation loss 108548.701171875
2022-03-03 12:59:40,804:INFO:Epoch 88, Training loss 108500.34765625, Validation loss 108547.1328125
2022-03-03 12:59:43,182:INFO:Epoch 89, Training loss 108499.666015625, Validation loss 108544.474609375
2022-03-03 12:59:45,641:INFO:Epoch 90, Training loss 108502.4765625, Validation loss 108546.2109375
2022-03-03 12:59:48,030:INFO:Epoch 91, Training loss 108496.693359375, Validation loss 108546.537109375
2022-03-03 12:59:50,410:INFO:Epoch 92, Training loss 108500.212890625, Validation loss 108546.728515625
2022-03-03 12:59:52,809:INFO:Epoch 93, Training loss 108498.49609375, Validation loss 108548.52734375
2022-03-03 12:59:55,242:INFO:Epoch 94, Training loss 108496.748046875, Validation loss 108541.16796875
2022-03-03 12:59:57,647:INFO:Epoch 95, Training loss 108495.390625, Validation loss 108543.595703125
2022-03-03 13:00:00,019:INFO:Epoch 96, Training loss 108494.0859375, Validation loss 108546.33984375
2022-03-03 13:00:02,429:INFO:Epoch 97, Training loss 108494.560546875, Validation loss 108547.220703125
2022-03-03 13:00:04,843:INFO:Epoch 98, Training loss 108493.05078125, Validation loss 108545.619140625
2022-03-03 13:00:07,251:INFO:Epoch 99, Training loss 108495.689453125, Validation loss 108544.3046875
2022-03-03 13:00:09,608:INFO:Epoch 100, Training loss 108491.669921875, Validation loss 108547.025390625
2022-03-03 13:00:12,022:INFO:Epoch 101, Training loss 108497.2734375, Validation loss 108549.16015625
2022-03-03 13:00:14,384:INFO:Epoch 102, Training loss 108493.65234375, Validation loss 108545.130859375
2022-03-03 13:00:16,834:INFO:Epoch 103, Training loss 108494.671875, Validation loss 108543.279296875
2022-03-03 13:00:19,200:INFO:Epoch 104, Training loss 108494.17578125, Validation loss 108550.3203125
2022-03-03 13:00:21,612:INFO:Epoch 105, Training loss 108493.279296875, Validation loss 108546.08984375
2022-03-03 13:00:23,993:INFO:Epoch 106, Training loss 108491.287109375, Validation loss 108545.828125
2022-03-03 13:00:26,436:INFO:Epoch 107, Training loss 108491.951171875, Validation loss 108545.64453125
2022-03-03 13:00:28,815:INFO:Epoch 108, Training loss 108493.357421875, Validation loss 108544.029296875
2022-03-03 13:00:31,205:INFO:Epoch 109, Training loss 108491.685546875, Validation loss 108547.59765625
2022-03-03 13:00:33,550:INFO:Epoch 110, Training loss 108491.935546875, Validation loss 108548.4609375
2022-03-03 13:00:35,909:INFO:Epoch 111, Training loss 108492.279296875, Validation loss 108548.12890625
2022-03-03 13:00:38,210:INFO:Epoch 112, Training loss 108489.810546875, Validation loss 108545.4921875
2022-03-03 13:00:40,492:INFO:Epoch 113, Training loss 108490.490234375, Validation loss 108544.62890625
2022-03-03 13:00:42,799:INFO:Epoch 114, Training loss 108488.974609375, Validation loss 108546.478515625
2022-03-03 13:00:45,134:INFO:Epoch 115, Training loss 108490.6484375, Validation loss 108548.875
2022-03-03 13:00:47,449:INFO:Epoch 116, Training loss 108490.404296875, Validation loss 108545.431640625
2022-03-03 13:00:49,725:INFO:Epoch 117, Training loss 108488.619140625, Validation loss 108547.875
2022-03-03 13:00:52,043:INFO:Epoch 118, Training loss 108490.181640625, Validation loss 108546.890625
2022-03-03 13:00:54,313:INFO:Epoch 119, Training loss 108488.87890625, Validation loss 108546.560546875
2022-03-03 13:00:56,544:INFO:Epoch 120, Training loss 108488.59765625, Validation loss 108547.21875
2022-03-03 13:00:58,725:INFO:Epoch 121, Training loss 108488.40234375, Validation loss 108548.33203125
2022-03-03 13:01:00,957:INFO:Epoch 122, Training loss 108487.55859375, Validation loss 108545.8203125
2022-03-03 13:01:03,138:INFO:Epoch 123, Training loss 108492.751953125, Validation loss 108544.22265625
2022-03-03 13:01:05,414:INFO:Epoch 124, Training loss 108487.2890625, Validation loss 108551.0703125
2022-03-03 13:01:07,598:INFO:Epoch 125, Training loss 108488.345703125, Validation loss 108547.513671875
2022-03-03 13:01:09,842:INFO:Epoch 126, Training loss 108486.349609375, Validation loss 108545.53515625
2022-03-03 13:01:12,037:INFO:Epoch 127, Training loss 108489.017578125, Validation loss 108547.857421875
2022-03-03 13:01:14,303:INFO:Epoch 128, Training loss 108487.26171875, Validation loss 108547.5
2022-03-03 13:01:16,506:INFO:Epoch 129, Training loss 108487.75, Validation loss 108549.16796875
2022-03-03 13:01:18,719:INFO:Epoch 130, Training loss 108486.08203125, Validation loss 108546.54296875
2022-03-03 13:01:20,910:INFO:Epoch 131, Training loss 108487.66015625, Validation loss 108547.33984375
2022-03-03 13:01:23,167:INFO:Epoch 132, Training loss 108487.326171875, Validation loss 108546.73046875
2022-03-03 13:01:25,400:INFO:Epoch 133, Training loss 108485.72265625, Validation loss 108547.62890625
2022-03-03 13:01:27,602:INFO:Epoch 134, Training loss 108485.07421875, Validation loss 108546.552734375
2022-03-03 13:01:29,815:INFO:Epoch 135, Training loss 108486.796875, Validation loss 108549.53125
2022-03-03 13:01:32,056:INFO:Epoch 136, Training loss 108487.123046875, Validation loss 108545.349609375
2022-03-03 13:01:34,270:INFO:Epoch 137, Training loss 108486.921875, Validation loss 108548.369140625
2022-03-03 13:01:36,454:INFO:Epoch 138, Training loss 108485.37109375, Validation loss 108549.51171875
2022-03-03 13:01:38,677:INFO:Epoch 139, Training loss 108488.431640625, Validation loss 108553.98046875
2022-03-03 13:01:40,913:INFO:Epoch 140, Training loss 108490.400390625, Validation loss 108546.390625
2022-03-03 13:01:43,145:INFO:Epoch 141, Training loss 108487.03515625, Validation loss 108549.25
2022-03-03 13:01:45,318:INFO:Epoch 142, Training loss 108486.50390625, Validation loss 108549.787109375
2022-03-03 13:01:47,543:INFO:Epoch 143, Training loss 108487.162109375, Validation loss 108549.7890625
2022-03-03 13:01:49,723:INFO:Epoch 144, Training loss 108488.037109375, Validation loss 108547.779296875
2022-03-03 13:01:49,729:INFO:Finished training
