2021-11-18 16:14:01,388:INFO:All directories created, ready to load the data
2021-11-18 16:14:01,420:INFO:Dataset loaded from /data/theorie/jthoeve/event_generation/events_high_stats/lin/cHq3/events_24.npy
2021-11-18 16:14:01,447:INFO:Dataset loaded from /data/theorie/jthoeve/event_generation/events_high_stats/sm/events_24.npy
2021-11-18 16:14:05,095:INFO:Epoch 1, Training loss 73882.625, Validation loss 73837.7109375
2021-11-18 16:14:08,749:INFO:Epoch 2, Training loss 73831.4375, Validation loss 73819.8515625
2021-11-18 16:14:12,437:INFO:Epoch 3, Training loss 73811.59375, Validation loss 73823.8203125
2021-11-18 16:14:16,013:INFO:Epoch 4, Training loss 73815.078125, Validation loss 73832.1171875
2021-11-18 16:14:19,625:INFO:Epoch 5, Training loss 73823.6796875, Validation loss 73832.5234375
2021-11-18 16:14:23,174:INFO:Epoch 6, Training loss 73824.859375, Validation loss 73825.65625
2021-11-18 16:14:26,776:INFO:Epoch 7, Training loss 73818.8515625, Validation loss 73816.796875
2021-11-18 16:14:30,381:INFO:Epoch 8, Training loss 73810.7265625, Validation loss 73809.9609375
2021-11-18 16:14:33,933:INFO:Epoch 9, Training loss 73804.5859375, Validation loss 73806.6796875
2021-11-18 16:14:37,532:INFO:Epoch 10, Training loss 73802.1640625, Validation loss 73806.65625
2021-11-18 16:14:41,142:INFO:Epoch 11, Training loss 73802.78125, Validation loss 73808.140625
2021-11-18 16:14:44,708:INFO:Epoch 12, Training loss 73804.796875, Validation loss 73809.484375
2021-11-18 16:14:48,372:INFO:Epoch 13, Training loss 73806.546875, Validation loss 73809.6484375
2021-11-18 16:14:51,906:INFO:Epoch 14, Training loss 73807.0546875, Validation loss 73808.578125
2021-11-18 16:14:55,488:INFO:Epoch 15, Training loss 73806.1640625, Validation loss 73806.7734375
2021-11-18 16:14:59,082:INFO:Epoch 16, Training loss 73804.4296875, Validation loss 73805.0
2021-11-18 16:15:02,641:INFO:Epoch 17, Training loss 73802.625, Validation loss 73803.8671875
2021-11-18 16:15:06,251:INFO:Epoch 18, Training loss 73801.421875, Validation loss 73803.7109375
2021-11-18 16:15:09,874:INFO:Epoch 19, Training loss 73801.171875, Validation loss 73804.3046875
2021-11-18 16:15:13,408:INFO:Epoch 20, Training loss 73801.6796875, Validation loss 73805.1640625
2021-11-18 16:15:16,995:INFO:Epoch 21, Training loss 73802.46875, Validation loss 73805.75
2021-11-18 16:15:20,517:INFO:Epoch 22, Training loss 73803.046875, Validation loss 73805.7734375
2021-11-18 16:15:24,102:INFO:Epoch 23, Training loss 73803.078125, Validation loss 73805.21875
2021-11-18 16:15:27,750:INFO:Epoch 24, Training loss 73802.5703125, Validation loss 73804.3359375
2021-11-18 16:15:31,303:INFO:Epoch 25, Training loss 73801.765625, Validation loss 73803.4609375
2021-11-18 16:15:34,927:INFO:Epoch 26, Training loss 73800.984375, Validation loss 73802.875
2021-11-18 16:15:38,561:INFO:Epoch 27, Training loss 73800.46875, Validation loss 73802.6875
2021-11-18 16:15:42,094:INFO:Epoch 28, Training loss 73800.3046875, Validation loss 73802.84375
2021-11-18 16:15:45,686:INFO:Epoch 29, Training loss 73800.4140625, Validation loss 73803.1484375
2021-11-18 16:15:49,222:INFO:Epoch 30, Training loss 73800.6015625, Validation loss 73803.3984375
2021-11-18 16:15:52,813:INFO:Epoch 31, Training loss 73800.6875, Validation loss 73803.5078125
2021-11-18 16:15:56,426:INFO:Epoch 32, Training loss 73800.5546875, Validation loss 73803.4609375
2021-11-18 16:15:59,992:INFO:Epoch 33, Training loss 73800.2578125, Validation loss 73803.359375
2021-11-18 16:16:03,603:INFO:Epoch 34, Training loss 73799.8671875, Validation loss 73803.3203125
2021-11-18 16:16:07,181:INFO:Epoch 35, Training loss 73799.578125, Validation loss 73803.3203125
2021-11-18 16:16:10,757:INFO:Epoch 36, Training loss 73799.421875, Validation loss 73803.375
2021-11-18 16:16:14,345:INFO:Epoch 37, Training loss 73799.3671875, Validation loss 73803.3984375
2021-11-18 16:16:17,919:INFO:Epoch 38, Training loss 73799.359375, Validation loss 73803.328125
2021-11-18 16:16:21,527:INFO:Epoch 39, Training loss 73799.328125, Validation loss 73803.1796875
2021-11-18 16:16:25,165:INFO:Epoch 40, Training loss 73799.234375, Validation loss 73803.0
2021-11-18 16:16:28,734:INFO:Epoch 41, Training loss 73799.1171875, Validation loss 73802.8515625
2021-11-18 16:16:32,304:INFO:Epoch 42, Training loss 73798.984375, Validation loss 73802.7578125
2021-11-18 16:16:35,829:INFO:Epoch 43, Training loss 73798.8359375, Validation loss 73802.7421875
2021-11-18 16:16:39,397:INFO:Epoch 44, Training loss 73798.703125, Validation loss 73802.8125
2021-11-18 16:16:42,999:INFO:Epoch 45, Training loss 73798.625, Validation loss 73802.953125
2021-11-18 16:16:46,548:INFO:Epoch 46, Training loss 73798.5625, Validation loss 73803.140625
2021-11-18 16:16:50,148:INFO:Epoch 47, Training loss 73798.4921875, Validation loss 73803.34375
2021-11-18 16:16:53,771:INFO:Epoch 48, Training loss 73798.4140625, Validation loss 73803.5234375
2021-11-18 16:16:57,352:INFO:Epoch 49, Training loss 73798.3046875, Validation loss 73803.6796875
2021-11-18 16:17:00,936:INFO:Epoch 50, Training loss 73798.1796875, Validation loss 73803.765625
2021-11-18 16:17:04,462:INFO:Epoch 51, Training loss 73798.0546875, Validation loss 73803.8125
2021-11-18 16:17:08,037:INFO:Epoch 52, Training loss 73797.9375, Validation loss 73803.7890625
2021-11-18 16:17:11,645:INFO:Epoch 53, Training loss 73797.828125, Validation loss 73803.703125
2021-11-18 16:17:15,190:INFO:Epoch 54, Training loss 73797.734375, Validation loss 73803.5859375
2021-11-18 16:17:18,847:INFO:Epoch 55, Training loss 73797.6484375, Validation loss 73803.4921875
2021-11-18 16:17:22,485:INFO:Epoch 56, Training loss 73797.5703125, Validation loss 73803.4375
2021-11-18 16:17:26,023:INFO:Epoch 57, Training loss 73797.4765625, Validation loss 73803.421875
2021-11-18 16:17:29,618:INFO:Epoch 58, Training loss 73797.375, Validation loss 73803.453125
2021-11-18 16:17:33,157:INFO:Epoch 59, Training loss 73797.265625, Validation loss 73803.53125
2021-11-18 16:17:36,747:INFO:Epoch 60, Training loss 73797.1640625, Validation loss 73803.6640625
2021-11-18 16:17:40,362:INFO:Epoch 61, Training loss 73797.0625, Validation loss 73803.8125
2021-11-18 16:17:43,913:INFO:Epoch 62, Training loss 73796.96875, Validation loss 73803.9375
2021-11-18 16:17:47,536:INFO:Epoch 63, Training loss 73796.8828125, Validation loss 73804.0078125
2021-11-18 16:17:51,062:INFO:Epoch 64, Training loss 73796.796875, Validation loss 73803.9765625
2021-11-18 16:17:54,634:INFO:Epoch 65, Training loss 73796.6953125, Validation loss 73803.9453125
2021-11-18 16:17:58,230:INFO:Epoch 66, Training loss 73796.6015625, Validation loss 73803.9296875
2021-11-18 16:18:01,778:INFO:Epoch 67, Training loss 73796.5, Validation loss 73803.8984375
2021-11-18 16:18:05,379:INFO:Epoch 68, Training loss 73796.40625, Validation loss 73803.8671875
2021-11-18 16:18:09,003:INFO:Epoch 69, Training loss 73796.3046875, Validation loss 73803.8515625
2021-11-18 16:18:12,582:INFO:Epoch 70, Training loss 73796.21875, Validation loss 73803.84375
2021-11-18 16:18:16,215:INFO:Epoch 71, Training loss 73796.125, Validation loss 73803.875
2021-11-18 16:18:19,819:INFO:Epoch 72, Training loss 73796.03125, Validation loss 73803.9765625
2021-11-18 16:18:23,394:INFO:Epoch 73, Training loss 73795.9296875, Validation loss 73804.09375
2021-11-18 16:18:27,000:INFO:Epoch 74, Training loss 73795.8359375, Validation loss 73804.171875
2021-11-18 16:18:30,552:INFO:Epoch 75, Training loss 73795.7265625, Validation loss 73804.25
2021-11-18 16:18:34,184:INFO:Epoch 76, Training loss 73795.625, Validation loss 73804.3125
2021-11-18 16:18:37,822:INFO:Epoch 77, Training loss 73795.53125, Validation loss 73804.328125
2021-11-18 16:18:37,828:INFO:Finished training, producing training report at /data/theorie/jthoeve/ML4EFT_higgs/models/17_11/model_final_lin_cHq3_v7/mc_run_24/plots/training_report/
2021-11-18 16:18:38,181:WARNING:findfont: Font family ['sans-serif'] not found. Falling back to DejaVu Sans.
