1.307512441406250000e+05
1.250586835937500000e+05
1.201354707031250000e+05
1.161401250000000000e+05
1.131052695312500000e+05
1.109997011718750000e+05
1.098741640625000000e+05
1.095867167968750000e+05
1.096298554687500000e+05
1.095747441406250000e+05
1.094333593750000000e+05
1.093294609375000000e+05
1.092864707031250000e+05
1.092712910156250000e+05
1.092461933593750000e+05
1.092171972656250000e+05
1.091941347656250000e+05
1.091759179687500000e+05
1.091567324218750000e+05
1.091360488281250000e+05
1.091165859375000000e+05
1.090971347656250000e+05
1.090772246093750000e+05
1.090553144531250000e+05
1.090328144531250000e+05
1.090073496093750000e+05
1.089818750000000000e+05
1.089534023437500000e+05
1.089228984375000000e+05
1.088918007812500000e+05
1.088561015625000000e+05
1.088185761718750000e+05
1.087824707031250000e+05
1.087462324218750000e+05
1.087119277343750000e+05
1.086815859375000000e+05
1.086576328125000000e+05
1.086380839843750000e+05
1.086249980468750000e+05
1.086104042968750000e+05
1.086015664062500000e+05
1.085957792968750000e+05
1.085916757812500000e+05
1.085892089843750000e+05
1.085861308593750000e+05
1.085825234375000000e+05
1.085828769531250000e+05
1.085805996093750000e+05
1.085781113281250000e+05
1.085770371093750000e+05
1.085754531250000000e+05
1.085741914062500000e+05
1.085732421875000000e+05
1.085743457031250000e+05
1.085720332031250000e+05
1.085713496093750000e+05
1.085692597656250000e+05
1.085695761718750000e+05
1.085681093750000000e+05
1.085706796875000000e+05
1.085702812500000000e+05
1.085665859375000000e+05
1.085655292968750000e+05
1.085661445312500000e+05
1.085644335937500000e+05
1.085639980468750000e+05
1.085623515625000000e+05
1.085624648437500000e+05
1.085617871093750000e+05
1.085609335937500000e+05
1.085605175781250000e+05
1.085611777343750000e+05
1.085596250000000000e+05
1.085598437500000000e+05
1.085575195312500000e+05
1.085584746093750000e+05
1.085588437500000000e+05
1.085569296875000000e+05
1.085568574218750000e+05
1.085570761718750000e+05
1.085572871093750000e+05
1.085574355468750000e+05
1.085575449218750000e+05
1.085575859375000000e+05
1.085575859375000000e+05
1.085544238281250000e+05
1.085529804687500000e+05
1.085535195312500000e+05
1.085532871093750000e+05
1.085538789062500000e+05
1.085545136718750000e+05
1.085563613281250000e+05
1.085544472656250000e+05
1.085541562500000000e+05
1.085556562500000000e+05
1.085528066406250000e+05
1.085540273437500000e+05
1.085505800781250000e+05
1.085515839843750000e+05
1.085505000000000000e+05
1.085534257812500000e+05
1.085532167968750000e+05
1.085514433593750000e+05
1.085521250000000000e+05
1.085509531250000000e+05
1.085512519531250000e+05
1.085534218750000000e+05
1.085510253906250000e+05
1.085504824218750000e+05
1.085518339843750000e+05
1.085525468750000000e+05
1.085525156250000000e+05
1.085525820312500000e+05
1.085512714843750000e+05
1.085516835937500000e+05
1.085498867187500000e+05
1.085479335937500000e+05
1.085495625000000000e+05
1.085481796875000000e+05
1.085476289062500000e+05
1.085470449218750000e+05
1.085462871093750000e+05
1.085479531250000000e+05
1.085473066406250000e+05
1.085469277343750000e+05
1.085472324218750000e+05
1.085451425781250000e+05
1.085471601562500000e+05
1.085446484375000000e+05
1.085460234375000000e+05
1.085489980468750000e+05
1.085489218750000000e+05
1.085469062500000000e+05
1.085456562500000000e+05
1.085449609375000000e+05
1.085460781250000000e+05
1.085471875000000000e+05
1.085442480468750000e+05
1.085449765625000000e+05
1.085437929687500000e+05
1.085452636718750000e+05
1.085442480468750000e+05
1.085440156250000000e+05
1.085424746093750000e+05
1.085435000000000000e+05
1.085435742187500000e+05
1.085456074218750000e+05
1.085465214843750000e+05
1.085481640625000000e+05
1.085461699218750000e+05
1.085489257812500000e+05
1.085458789062500000e+05
1.085444316406250000e+05
1.085426972656250000e+05
1.085427109375000000e+05
1.085427265625000000e+05
1.085413164062500000e+05
1.085420214843750000e+05
1.085418710937500000e+05
1.085449726562500000e+05
1.085505703125000000e+05
1.085450234375000000e+05
1.085434765625000000e+05
1.085443183593750000e+05
1.085406191406250000e+05
1.085422636718750000e+05
1.085439589843750000e+05
1.085395292968750000e+05
1.085410546875000000e+05
1.085386992187500000e+05
1.085407988281250000e+05
1.085417714843750000e+05
1.085409335937500000e+05
1.085423535156250000e+05
1.085385449218750000e+05
1.085409726562500000e+05
1.085385898437500000e+05
1.085375214843750000e+05
1.085375273437500000e+05
1.085406582031250000e+05
1.085370136718750000e+05
1.085389003906250000e+05
1.085385429687500000e+05
1.085400761718750000e+05
1.085394023437500000e+05
1.085379882812500000e+05
1.085398671875000000e+05
1.085391953125000000e+05
1.085360449218750000e+05
1.085394492187500000e+05
1.085385507812500000e+05
1.085389843750000000e+05
1.085364765625000000e+05
1.085358203125000000e+05
1.085378105468750000e+05
1.085344003906250000e+05
1.085363867187500000e+05
1.085361621093750000e+05
1.085365664062500000e+05
1.085360898437500000e+05
1.085381367187500000e+05
1.085369160156250000e+05
1.085356933593750000e+05
