2022-01-24 14:06:03,339:INFO:All directories created, ready to load the data
2022-01-24 14:06:03,373:INFO:Dataset loaded from /data/theorie/jthoeve/event_generation/events_high_stats/pT/lin/cHW/events_21.npy
2022-01-24 14:06:03,390:INFO:Dataset loaded from /data/theorie/jthoeve/event_generation/events_high_stats/pT/sm/events_21.npy
2022-01-24 14:06:05,879:INFO:Epoch 1, Training loss 125301.23046875, Validation loss 121157.10546875
2022-01-24 14:06:08,371:INFO:Epoch 2, Training loss 119070.615234375, Validation loss 116351.6171875
2022-01-24 14:06:10,837:INFO:Epoch 3, Training loss 114887.7734375, Validation loss 112932.70703125
2022-01-24 14:06:13,341:INFO:Epoch 4, Training loss 111941.625, Validation loss 110739.8359375
2022-01-24 14:06:15,828:INFO:Epoch 5, Training loss 110177.34765625, Validation loss 109585.19140625
2022-01-24 14:06:18,304:INFO:Epoch 6, Training loss 109367.40234375, Validation loss 109249.8515625
2022-01-24 14:06:20,775:INFO:Epoch 7, Training loss 109231.685546875, Validation loss 109330.46484375
2022-01-24 14:06:23,280:INFO:Epoch 8, Training loss 109321.4375, Validation loss 109376.912109375
2022-01-24 14:06:25,764:INFO:Epoch 9, Training loss 109308.046875, Validation loss 109295.029296875
2022-01-24 14:06:28,229:INFO:Epoch 10, Training loss 109215.619140625, Validation loss 109202.79296875
2022-01-24 14:06:30,728:INFO:Epoch 11, Training loss 109143.603515625, Validation loss 109155.26953125
2022-01-24 14:06:33,218:INFO:Epoch 12, Training loss 109112.056640625, Validation loss 109135.12890625
2022-01-24 14:06:35,718:INFO:Epoch 13, Training loss 109094.26171875, Validation loss 109115.826171875
2022-01-24 14:06:38,181:INFO:Epoch 14, Training loss 109070.48828125, Validation loss 109087.57421875
2022-01-24 14:06:40,701:INFO:Epoch 15, Training loss 109037.791015625, Validation loss 109055.029296875
2022-01-24 14:06:43,168:INFO:Epoch 16, Training loss 109004.06640625, Validation loss 109022.607421875
2022-01-24 14:06:45,707:INFO:Epoch 17, Training loss 108969.275390625, Validation loss 108984.06640625
2022-01-24 14:06:48,170:INFO:Epoch 18, Training loss 108928.6640625, Validation loss 108935.958984375
2022-01-24 14:06:50,674:INFO:Epoch 19, Training loss 108878.82421875, Validation loss 108883.125
2022-01-24 14:06:53,149:INFO:Epoch 20, Training loss 108828.453125, Validation loss 108829.591796875
2022-01-24 14:06:55,686:INFO:Epoch 21, Training loss 108778.650390625, Validation loss 108775.05859375
2022-01-24 14:06:58,157:INFO:Epoch 22, Training loss 108727.595703125, Validation loss 108719.90234375
2022-01-24 14:07:00,639:INFO:Epoch 23, Training loss 108677.97265625, Validation loss 108666.986328125
2022-01-24 14:07:03,134:INFO:Epoch 24, Training loss 108636.63671875, Validation loss 108624.03125
2022-01-24 14:07:05,654:INFO:Epoch 25, Training loss 108597.39453125, Validation loss 108590.9609375
2022-01-24 14:07:08,144:INFO:Epoch 26, Training loss 108571.67578125, Validation loss 108566.947265625
2022-01-24 14:07:10,631:INFO:Epoch 27, Training loss 108554.453125, Validation loss 108549.189453125
2022-01-24 14:07:13,130:INFO:Epoch 28, Training loss 108540.2421875, Validation loss 108541.2421875
2022-01-24 14:07:15,637:INFO:Epoch 29, Training loss 108531.3359375, Validation loss 108535.28125
2022-01-24 14:07:18,126:INFO:Epoch 30, Training loss 108526.42578125, Validation loss 108534.927734375
2022-01-24 14:07:20,599:INFO:Epoch 31, Training loss 108523.65625, Validation loss 108533.5546875
2022-01-24 14:07:23,104:INFO:Epoch 32, Training loss 108522.9921875, Validation loss 108533.5390625
2022-01-24 14:07:25,601:INFO:Epoch 33, Training loss 108519.78125, Validation loss 108534.1953125
2022-01-24 14:07:28,100:INFO:Epoch 34, Training loss 108518.142578125, Validation loss 108536.390625
2022-01-24 14:07:30,590:INFO:Epoch 35, Training loss 108519.19140625, Validation loss 108534.390625
2022-01-24 14:07:33,119:INFO:Epoch 36, Training loss 108513.306640625, Validation loss 108534.578125
2022-01-24 14:07:35,580:INFO:Epoch 37, Training loss 108513.248046875, Validation loss 108534.625
2022-01-24 14:07:38,120:INFO:Epoch 38, Training loss 108514.544921875, Validation loss 108535.962890625
2022-01-24 14:07:40,595:INFO:Epoch 39, Training loss 108511.69140625, Validation loss 108533.806640625
2022-01-24 14:07:43,098:INFO:Epoch 40, Training loss 108511.212890625, Validation loss 108532.314453125
2022-01-24 14:07:45,576:INFO:Epoch 41, Training loss 108511.15625, Validation loss 108535.650390625
2022-01-24 14:07:48,097:INFO:Epoch 42, Training loss 108511.03515625, Validation loss 108533.185546875
2022-01-24 14:07:50,571:INFO:Epoch 43, Training loss 108510.53515625, Validation loss 108538.05859375
2022-01-24 14:07:53,066:INFO:Epoch 44, Training loss 108510.107421875, Validation loss 108532.251953125
2022-01-24 14:07:55,550:INFO:Epoch 45, Training loss 108507.80859375, Validation loss 108535.9609375
2022-01-24 14:07:58,067:INFO:Epoch 46, Training loss 108507.763671875, Validation loss 108532.34765625
2022-01-24 14:08:00,545:INFO:Epoch 47, Training loss 108509.017578125, Validation loss 108530.447265625
2022-01-24 14:08:03,038:INFO:Epoch 48, Training loss 108506.14453125, Validation loss 108532.369140625
2022-01-24 14:08:05,534:INFO:Epoch 49, Training loss 108506.73046875, Validation loss 108533.8125
2022-01-24 14:08:08,040:INFO:Epoch 50, Training loss 108505.8515625, Validation loss 108532.7421875
2022-01-24 14:08:10,538:INFO:Epoch 51, Training loss 108504.79296875, Validation loss 108530.8984375
2022-01-24 14:08:13,021:INFO:Epoch 52, Training loss 108505.056640625, Validation loss 108532.705078125
2022-01-24 14:08:15,534:INFO:Epoch 53, Training loss 108505.166015625, Validation loss 108532.44140625
2022-01-24 14:08:18,029:INFO:Epoch 54, Training loss 108503.791015625, Validation loss 108531.681640625
2022-01-24 14:08:20,539:INFO:Epoch 55, Training loss 108503.892578125, Validation loss 108531.380859375
2022-01-24 14:08:23,003:INFO:Epoch 56, Training loss 108503.806640625, Validation loss 108531.490234375
2022-01-24 14:08:25,526:INFO:Epoch 57, Training loss 108504.3359375, Validation loss 108529.32421875
2022-01-24 14:08:27,990:INFO:Epoch 58, Training loss 108501.8203125, Validation loss 108531.98828125
2022-01-24 14:08:30,529:INFO:Epoch 59, Training loss 108501.32421875, Validation loss 108531.677734375
2022-01-24 14:08:32,995:INFO:Epoch 60, Training loss 108500.720703125, Validation loss 108529.826171875
2022-01-24 14:08:35,506:INFO:Epoch 61, Training loss 108501.0859375, Validation loss 108532.0390625
2022-01-24 14:08:37,995:INFO:Epoch 62, Training loss 108503.71484375, Validation loss 108533.025390625
2022-01-24 14:08:40,521:INFO:Epoch 63, Training loss 108503.4609375, Validation loss 108533.994140625
2022-01-24 14:08:43,002:INFO:Epoch 64, Training loss 108502.861328125, Validation loss 108529.9609375
2022-01-24 14:08:45,492:INFO:Epoch 65, Training loss 108501.505859375, Validation loss 108533.556640625
2022-01-24 14:08:47,983:INFO:Epoch 66, Training loss 108501.60546875, Validation loss 108531.271484375
2022-01-24 14:08:50,503:INFO:Epoch 67, Training loss 108501.203125, Validation loss 108536.90234375
2022-01-24 14:08:52,989:INFO:Epoch 68, Training loss 108499.322265625, Validation loss 108529.0
2022-01-24 14:08:55,471:INFO:Epoch 69, Training loss 108499.443359375, Validation loss 108529.5546875
2022-01-24 14:08:57,960:INFO:Epoch 70, Training loss 108500.466796875, Validation loss 108531.48046875
2022-01-24 14:09:00,468:INFO:Epoch 71, Training loss 108498.34765625, Validation loss 108529.134765625
2022-01-24 14:09:02,962:INFO:Epoch 72, Training loss 108498.537109375, Validation loss 108531.005859375
2022-01-24 14:09:05,433:INFO:Epoch 73, Training loss 108497.783203125, Validation loss 108532.265625
2022-01-24 14:09:07,949:INFO:Epoch 74, Training loss 108497.642578125, Validation loss 108528.921875
2022-01-24 14:09:10,458:INFO:Epoch 75, Training loss 108498.708984375, Validation loss 108531.423828125
2022-01-24 14:09:12,960:INFO:Epoch 76, Training loss 108497.892578125, Validation loss 108531.578125
2022-01-24 14:09:15,422:INFO:Epoch 77, Training loss 108496.83203125, Validation loss 108528.6640625
2022-01-24 14:09:17,936:INFO:Epoch 78, Training loss 108495.814453125, Validation loss 108529.017578125
2022-01-24 14:09:20,405:INFO:Epoch 79, Training loss 108495.58984375, Validation loss 108530.83984375
2022-01-24 14:09:22,938:INFO:Epoch 80, Training loss 108497.5, Validation loss 108530.419921875
2022-01-24 14:09:25,417:INFO:Epoch 81, Training loss 108496.01171875, Validation loss 108530.673828125
2022-01-24 14:09:27,921:INFO:Epoch 82, Training loss 108495.634765625, Validation loss 108531.443359375
2022-01-24 14:09:30,424:INFO:Epoch 83, Training loss 108496.85546875, Validation loss 108531.314453125
2022-01-24 14:09:32,965:INFO:Epoch 84, Training loss 108497.0234375, Validation loss 108532.05078125
2022-01-24 14:09:35,464:INFO:Epoch 85, Training loss 108497.0390625, Validation loss 108533.703125
2022-01-24 14:09:37,975:INFO:Epoch 86, Training loss 108494.76171875, Validation loss 108529.525390625
2022-01-24 14:09:40,486:INFO:Epoch 87, Training loss 108495.814453125, Validation loss 108530.2890625
2022-01-24 14:09:43,018:INFO:Epoch 88, Training loss 108493.5625, Validation loss 108530.083984375
2022-01-24 14:09:45,532:INFO:Epoch 89, Training loss 108493.91796875, Validation loss 108530.380859375
2022-01-24 14:09:48,042:INFO:Epoch 90, Training loss 108495.599609375, Validation loss 108527.796875
2022-01-24 14:09:50,551:INFO:Epoch 91, Training loss 108491.82421875, Validation loss 108530.1328125
2022-01-24 14:09:53,078:INFO:Epoch 92, Training loss 108492.638671875, Validation loss 108529.0078125
2022-01-24 14:09:55,597:INFO:Epoch 93, Training loss 108491.78515625, Validation loss 108529.806640625
2022-01-24 14:09:58,088:INFO:Epoch 94, Training loss 108492.068359375, Validation loss 108528.802734375
2022-01-24 14:10:00,604:INFO:Epoch 95, Training loss 108495.015625, Validation loss 108531.5234375
2022-01-24 14:10:03,121:INFO:Epoch 96, Training loss 108490.615234375, Validation loss 108528.67578125
2022-01-24 14:10:05,654:INFO:Epoch 97, Training loss 108491.587890625, Validation loss 108529.013671875
2022-01-24 14:10:08,138:INFO:Epoch 98, Training loss 108492.64453125, Validation loss 108530.10546875
2022-01-24 14:10:10,669:INFO:Epoch 99, Training loss 108490.759765625, Validation loss 108530.47265625
2022-01-24 14:10:13,155:INFO:Epoch 100, Training loss 108491.482421875, Validation loss 108528.814453125
2022-01-24 14:10:15,706:INFO:Epoch 101, Training loss 108490.80078125, Validation loss 108530.671875
2022-01-24 14:10:18,190:INFO:Epoch 102, Training loss 108492.923828125, Validation loss 108527.845703125
2022-01-24 14:10:20,716:INFO:Epoch 103, Training loss 108491.333984375, Validation loss 108532.373046875
2022-01-24 14:10:23,225:INFO:Epoch 104, Training loss 108489.791015625, Validation loss 108528.298828125
2022-01-24 14:10:25,772:INFO:Epoch 105, Training loss 108490.677734375, Validation loss 108528.541015625
2022-01-24 14:10:28,263:INFO:Epoch 106, Training loss 108490.087890625, Validation loss 108531.208984375
2022-01-24 14:10:30,777:INFO:Epoch 107, Training loss 108490.5546875, Validation loss 108532.916015625
2022-01-24 14:10:33,279:INFO:Epoch 108, Training loss 108494.623046875, Validation loss 108529.40625
2022-01-24 14:10:35,815:INFO:Epoch 109, Training loss 108490.666015625, Validation loss 108533.4140625
2022-01-24 14:10:38,323:INFO:Epoch 110, Training loss 108492.09375, Validation loss 108527.59375
2022-01-24 14:10:40,825:INFO:Epoch 111, Training loss 108490.822265625, Validation loss 108532.31640625
2022-01-24 14:10:43,345:INFO:Epoch 112, Training loss 108490.20703125, Validation loss 108534.3046875
2022-01-24 14:10:45,872:INFO:Epoch 113, Training loss 108489.021484375, Validation loss 108527.439453125
2022-01-24 14:10:48,406:INFO:Epoch 114, Training loss 108490.453125, Validation loss 108529.62109375
2022-01-24 14:10:50,907:INFO:Epoch 115, Training loss 108489.7734375, Validation loss 108531.8125
2022-01-24 14:10:53,429:INFO:Epoch 116, Training loss 108488.62890625, Validation loss 108529.875
2022-01-24 14:10:55,952:INFO:Epoch 117, Training loss 108490.037109375, Validation loss 108532.345703125
2022-01-24 14:10:58,480:INFO:Epoch 118, Training loss 108489.955078125, Validation loss 108530.84375
2022-01-24 14:11:00,964:INFO:Epoch 119, Training loss 108487.216796875, Validation loss 108529.0390625
2022-01-24 14:11:03,498:INFO:Epoch 120, Training loss 108487.201171875, Validation loss 108529.783203125
2022-01-24 14:11:05,979:INFO:Epoch 121, Training loss 108488.974609375, Validation loss 108531.029296875
2022-01-24 14:11:08,551:INFO:Epoch 122, Training loss 108487.177734375, Validation loss 108531.037109375
2022-01-24 14:11:11,045:INFO:Epoch 123, Training loss 108487.345703125, Validation loss 108533.408203125
2022-01-24 14:11:13,566:INFO:Epoch 124, Training loss 108488.404296875, Validation loss 108530.83203125
2022-01-24 14:11:16,069:INFO:Epoch 125, Training loss 108486.9453125, Validation loss 108538.107421875
2022-01-24 14:11:18,617:INFO:Epoch 126, Training loss 108488.15234375, Validation loss 108529.33203125
2022-01-24 14:11:21,188:INFO:Epoch 127, Training loss 108485.6640625, Validation loss 108528.5546875
2022-01-24 14:11:23,695:INFO:Epoch 128, Training loss 108485.416015625, Validation loss 108530.580078125
2022-01-24 14:11:26,191:INFO:Epoch 129, Training loss 108486.560546875, Validation loss 108533.322265625
2022-01-24 14:11:28,744:INFO:Epoch 130, Training loss 108488.2421875, Validation loss 108533.138671875
2022-01-24 14:11:31,254:INFO:Epoch 131, Training loss 108490.123046875, Validation loss 108535.66015625
2022-01-24 14:11:33,758:INFO:Epoch 132, Training loss 108485.95703125, Validation loss 108531.978515625
2022-01-24 14:11:36,276:INFO:Epoch 133, Training loss 108485.294921875, Validation loss 108528.958984375
2022-01-24 14:11:38,811:INFO:Epoch 134, Training loss 108486.072265625, Validation loss 108530.98828125
2022-01-24 14:11:41,332:INFO:Epoch 135, Training loss 108484.06640625, Validation loss 108528.712890625
2022-01-24 14:11:43,821:INFO:Epoch 136, Training loss 108484.57421875, Validation loss 108531.333984375
2022-01-24 14:11:46,337:INFO:Epoch 137, Training loss 108484.625, Validation loss 108529.1640625
2022-01-24 14:11:48,854:INFO:Epoch 138, Training loss 108483.25, Validation loss 108531.041015625
2022-01-24 14:11:51,378:INFO:Epoch 139, Training loss 108482.880859375, Validation loss 108530.279296875
2022-01-24 14:11:53,865:INFO:Epoch 140, Training loss 108481.841796875, Validation loss 108530.48046875
2022-01-24 14:11:56,394:INFO:Epoch 141, Training loss 108483.064453125, Validation loss 108532.54296875
2022-01-24 14:11:58,876:INFO:Epoch 142, Training loss 108481.841796875, Validation loss 108528.7734375
2022-01-24 14:12:01,436:INFO:Epoch 143, Training loss 108485.171875, Validation loss 108529.369140625
2022-01-24 14:12:03,928:INFO:Epoch 144, Training loss 108481.88671875, Validation loss 108533.716796875
2022-01-24 14:12:06,416:INFO:Epoch 145, Training loss 108481.8671875, Validation loss 108532.16796875
2022-01-24 14:12:08,843:INFO:Epoch 146, Training loss 108482.451171875, Validation loss 108531.62109375
2022-01-24 14:12:11,319:INFO:Epoch 147, Training loss 108480.7578125, Validation loss 108531.80859375
2022-01-24 14:12:13,730:INFO:Epoch 148, Training loss 108480.447265625, Validation loss 108532.859375
2022-01-24 14:12:16,154:INFO:Epoch 149, Training loss 108482.919921875, Validation loss 108533.23828125
2022-01-24 14:12:18,570:INFO:Epoch 150, Training loss 108481.041015625, Validation loss 108531.28515625
2022-01-24 14:12:21,016:INFO:Epoch 151, Training loss 108484.2578125, Validation loss 108532.615234375
2022-01-24 14:12:23,434:INFO:Epoch 152, Training loss 108479.326171875, Validation loss 108531.841796875
2022-01-24 14:12:25,846:INFO:Epoch 153, Training loss 108484.04296875, Validation loss 108529.7265625
2022-01-24 14:12:28,276:INFO:Epoch 154, Training loss 108481.318359375, Validation loss 108534.005859375
2022-01-24 14:12:30,714:INFO:Epoch 155, Training loss 108480.955078125, Validation loss 108531.900390625
2022-01-24 14:12:33,144:INFO:Epoch 156, Training loss 108480.74609375, Validation loss 108531.138671875
2022-01-24 14:12:35,546:INFO:Epoch 157, Training loss 108479.955078125, Validation loss 108533.015625
2022-01-24 14:12:37,973:INFO:Epoch 158, Training loss 108479.3125, Validation loss 108533.2890625
2022-01-24 14:12:40,403:INFO:Epoch 159, Training loss 108480.994140625, Validation loss 108532.0546875
2022-01-24 14:12:42,842:INFO:Epoch 160, Training loss 108478.45703125, Validation loss 108535.037109375
2022-01-24 14:12:45,238:INFO:Epoch 161, Training loss 108480.5, Validation loss 108533.34375
2022-01-24 14:12:47,686:INFO:Epoch 162, Training loss 108481.443359375, Validation loss 108531.150390625
2022-01-24 14:12:50,084:INFO:Epoch 163, Training loss 108479.380859375, Validation loss 108532.798828125
2022-01-24 14:12:50,090:INFO:Finished training
