7.390379687500000000e+04
7.383280468750000000e+04
7.378287500000000000e+04
7.375414062500000000e+04
7.374735937500000000e+04
7.375724218750000000e+04
7.377025781250000000e+04
7.377558593750000000e+04
7.377182812500000000e+04
7.376296093750000000e+04
7.375357031250000000e+04
7.374653906250000000e+04
7.374288281250000000e+04
7.374231250000000000e+04
7.374390625000000000e+04
7.374633593750000000e+04
7.374850000000000000e+04
7.374963281250000000e+04
7.374947656250000000e+04
7.374815625000000000e+04
7.374613281250000000e+04
7.374400781250000000e+04
7.374232031250000000e+04
7.374133593750000000e+04
7.374114843750000000e+04
7.374162500000000000e+04
7.374238281250000000e+04
7.374300781250000000e+04
7.374321093750000000e+04
7.374289843750000000e+04
7.374220312500000000e+04
7.374138281250000000e+04
7.374068750000000000e+04
7.374028125000000000e+04
7.374019531250000000e+04
7.374035937500000000e+04
7.374060156250000000e+04
7.374076562500000000e+04
7.374075000000000000e+04
7.374054687500000000e+04
7.374023437500000000e+04
7.373992187500000000e+04
7.373966406250000000e+04
7.373951562500000000e+04
7.373947656250000000e+04
7.373951562500000000e+04
7.373954687500000000e+04
7.373952343750000000e+04
7.373941406250000000e+04
7.373925000000000000e+04
7.373907031250000000e+04
7.373889843750000000e+04
7.373875781250000000e+04
7.373866406250000000e+04
7.373860156250000000e+04
7.373854687500000000e+04
7.373850000000000000e+04
7.373842187500000000e+04
7.373832031250000000e+04
7.373821875000000000e+04
7.373814062500000000e+04
7.373807812500000000e+04
7.373802343750000000e+04
7.373796093750000000e+04
7.373789843750000000e+04
7.373782031250000000e+04
7.373773437500000000e+04
7.373764843750000000e+04
7.373757812500000000e+04
7.373751562500000000e+04
7.373746093750000000e+04
7.373739843750000000e+04
7.373732812500000000e+04
7.373725000000000000e+04
