8.041873437500000000e+04
7.924940625000000000e+04
7.825417968750000000e+04
7.740234375000000000e+04
7.667292187500000000e+04
7.605294531250000000e+04
7.553225781250000000e+04
7.510051562500000000e+04
7.474796093750000000e+04
7.446931250000000000e+04
7.425357812500000000e+04
7.408834375000000000e+04
7.396420312500000000e+04
7.387512500000000000e+04
7.381594531250000000e+04
7.378184375000000000e+04
7.376827343750000000e+04
7.376993750000000000e+04
7.378196875000000000e+04
7.379969531250000000e+04
7.381905468750000000e+04
7.383739843750000000e+04
7.385288281250000000e+04
7.386438281250000000e+04
7.387136718750000000e+04
7.387382031250000000e+04
7.387203906250000000e+04
7.386659375000000000e+04
7.385820312500000000e+04
7.384764843750000000e+04
7.383595312500000000e+04
7.382400781250000000e+04
7.381212500000000000e+04
7.380061718750000000e+04
7.378976562500000000e+04
7.377975781250000000e+04
7.377080468750000000e+04
7.376300781250000000e+04
7.375642968750000000e+04
7.375104687500000000e+04
7.374680468750000000e+04
7.374367968750000000e+04
7.374158593750000000e+04
7.374034375000000000e+04
7.373983593750000000e+04
7.373991406250000000e+04
7.374043750000000000e+04
7.374125000000000000e+04
7.374216406250000000e+04
7.374303906250000000e+04
7.374378906250000000e+04
7.374435156250000000e+04
7.374471093750000000e+04
7.374484375000000000e+04
7.374473437500000000e+04
7.374441406250000000e+04
7.374396875000000000e+04
7.374340625000000000e+04
7.374277343750000000e+04
7.374210156250000000e+04
7.374144531250000000e+04
7.374081250000000000e+04
7.374021093750000000e+04
7.373968750000000000e+04
7.373922656250000000e+04
7.373883593750000000e+04
7.373851562500000000e+04
7.373826562500000000e+04
7.373807031250000000e+04
7.373791406250000000e+04
7.373779687500000000e+04
7.373771875000000000e+04
7.373768750000000000e+04
7.373767187500000000e+04
7.373767187500000000e+04
7.373767187500000000e+04
7.373765625000000000e+04
7.373761718750000000e+04
7.373757031250000000e+04
7.373750000000000000e+04
7.373741406250000000e+04
7.373732812500000000e+04
7.373722656250000000e+04
7.373711718750000000e+04
7.373700000000000000e+04
7.373688281250000000e+04
7.373676562500000000e+04
7.373664843750000000e+04
7.373653906250000000e+04
7.373642968750000000e+04
7.373632812500000000e+04
7.373624218750000000e+04
7.373614843750000000e+04
7.373607031250000000e+04
