8.465392578125000000e+04
8.465392578125000000e+04
8.465392578125000000e+04
8.465392578125000000e+04
8.465392578125000000e+04
8.465392578125000000e+04
8.465392578125000000e+04
8.465392578125000000e+04
8.465392578125000000e+04
8.465392578125000000e+04
8.465392578125000000e+04
8.465392578125000000e+04
8.465392578125000000e+04
8.465392578125000000e+04
8.465392578125000000e+04
8.465392578125000000e+04
8.465392578125000000e+04
7.416520312500000000e+04
7.388439941406250000e+04
7.386690527343750000e+04
7.376126757812500000e+04
7.378681738281250000e+04
7.375979589843750000e+04
7.375575488281250000e+04
7.375790039062500000e+04
7.375071875000000000e+04
7.375138671875000000e+04
7.375104492187500000e+04
7.374901660156250000e+04
7.374937109375000000e+04
7.374857031250000000e+04
7.374836230468750000e+04
7.374785644531250000e+04
7.374754492187500000e+04
7.374747363281250000e+04
7.374715234375000000e+04
7.374707812500000000e+04
7.374677734375000000e+04
7.374680761718750000e+04
7.374655859375000000e+04
7.374625781250000000e+04
7.374650292968750000e+04
7.374600585937500000e+04
7.374572265625000000e+04
7.374553613281250000e+04
7.374579589843750000e+04
7.374537988281250000e+04
7.374517285156250000e+04
7.374534082031250000e+04
7.374492871093750000e+04
7.374499316406250000e+04
7.374471972656250000e+04
7.374447460937500000e+04
7.374475292968750000e+04
7.374430957031250000e+04
7.374408789062500000e+04
7.374409277343750000e+04
7.374391992187500000e+04
7.374377246093750000e+04
7.374368652343750000e+04
7.374346972656250000e+04
7.374363867187500000e+04
7.374304101562500000e+04
7.374371093750000000e+04
7.374280761718750000e+04
7.374286914062500000e+04
7.374255371093750000e+04
7.374249218750000000e+04
7.374261328125000000e+04
7.374247753906250000e+04
7.374235058593750000e+04
7.374260351562500000e+04
7.374295507812500000e+04
