2022-03-03 12:56:00,398:INFO:All directories created, ready to load the data
2022-03-03 12:56:00,469:INFO:Dataset loaded from /data/theorie/jthoeve/training_data/zh/features_mzh_y_ptz_v2/lin/cHW/events_6.pkl.gz
2022-03-03 12:56:00,541:INFO:Dataset loaded from /data/theorie/jthoeve/training_data/zh/features_mzh_y_ptz_v2/sm/events_6.pkl.gz
2022-03-03 12:56:02,757:INFO:Epoch 1, Training loss 130751.244140625, Validation loss 127229.974609375
2022-03-03 12:56:05,000:INFO:Epoch 2, Training loss 125058.68359375, Validation loss 121997.05078125
2022-03-03 12:56:07,200:INFO:Epoch 3, Training loss 120135.470703125, Validation loss 117624.236328125
2022-03-03 12:56:09,432:INFO:Epoch 4, Training loss 116140.125, Validation loss 114221.79296875
2022-03-03 12:56:11,716:INFO:Epoch 5, Training loss 113105.26953125, Validation loss 111752.8359375
2022-03-03 12:56:14,056:INFO:Epoch 6, Training loss 110999.701171875, Validation loss 110238.73046875
2022-03-03 12:56:16,343:INFO:Epoch 7, Training loss 109874.1640625, Validation loss 109680.6328125
2022-03-03 12:56:18,620:INFO:Epoch 8, Training loss 109586.716796875, Validation loss 109693.30078125
2022-03-03 12:56:20,918:INFO:Epoch 9, Training loss 109629.85546875, Validation loss 109697.47265625
2022-03-03 12:56:23,253:INFO:Epoch 10, Training loss 109574.744140625, Validation loss 109560.876953125
2022-03-03 12:56:25,557:INFO:Epoch 11, Training loss 109433.359375, Validation loss 109425.369140625
2022-03-03 12:56:27,836:INFO:Epoch 12, Training loss 109329.4609375, Validation loss 109357.861328125
2022-03-03 12:56:30,133:INFO:Epoch 13, Training loss 109286.470703125, Validation loss 109336.97265625
2022-03-03 12:56:32,441:INFO:Epoch 14, Training loss 109271.291015625, Validation loss 109315.93359375
2022-03-03 12:56:34,749:INFO:Epoch 15, Training loss 109246.193359375, Validation loss 109285.806640625
2022-03-03 12:56:37,006:INFO:Epoch 16, Training loss 109217.197265625, Validation loss 109259.48046875
2022-03-03 12:56:39,326:INFO:Epoch 17, Training loss 109194.134765625, Validation loss 109239.7578125
2022-03-03 12:56:41,608:INFO:Epoch 18, Training loss 109175.91796875, Validation loss 109220.19921875
2022-03-03 12:56:43,967:INFO:Epoch 19, Training loss 109156.732421875, Validation loss 109198.615234375
2022-03-03 12:56:46,225:INFO:Epoch 20, Training loss 109136.048828125, Validation loss 109177.291015625
2022-03-03 12:56:48,531:INFO:Epoch 21, Training loss 109116.5859375, Validation loss 109156.34765625
2022-03-03 12:56:50,799:INFO:Epoch 22, Training loss 109097.134765625, Validation loss 109134.8671875
2022-03-03 12:56:53,144:INFO:Epoch 23, Training loss 109077.224609375, Validation loss 109112.1484375
2022-03-03 12:56:55,421:INFO:Epoch 24, Training loss 109055.314453125, Validation loss 109088.265625
2022-03-03 12:56:57,703:INFO:Epoch 25, Training loss 109032.814453125, Validation loss 109062.24609375
2022-03-03 12:56:59,979:INFO:Epoch 26, Training loss 109007.349609375, Validation loss 109034.619140625
2022-03-03 12:57:02,322:INFO:Epoch 27, Training loss 108981.875, Validation loss 109004.91015625
2022-03-03 12:57:04,613:INFO:Epoch 28, Training loss 108953.40234375, Validation loss 108972.94140625
2022-03-03 12:57:06,888:INFO:Epoch 29, Training loss 108922.8984375, Validation loss 108938.751953125
2022-03-03 12:57:09,180:INFO:Epoch 30, Training loss 108891.80078125, Validation loss 108900.376953125
2022-03-03 12:57:11,497:INFO:Epoch 31, Training loss 108856.1015625, Validation loss 108858.611328125
2022-03-03 12:57:13,792:INFO:Epoch 32, Training loss 108818.576171875, Validation loss 108816.93359375
2022-03-03 12:57:16,047:INFO:Epoch 33, Training loss 108782.470703125, Validation loss 108774.48046875
2022-03-03 12:57:18,350:INFO:Epoch 34, Training loss 108746.232421875, Validation loss 108733.470703125
2022-03-03 12:57:20,656:INFO:Epoch 35, Training loss 108711.927734375, Validation loss 108697.1484375
2022-03-03 12:57:22,953:INFO:Epoch 36, Training loss 108681.5859375, Validation loss 108665.251953125
2022-03-03 12:57:25,210:INFO:Epoch 37, Training loss 108657.6328125, Validation loss 108642.087890625
2022-03-03 12:57:27,522:INFO:Epoch 38, Training loss 108638.083984375, Validation loss 108620.240234375
2022-03-03 12:57:29,774:INFO:Epoch 39, Training loss 108624.998046875, Validation loss 108606.33984375
2022-03-03 12:57:32,132:INFO:Epoch 40, Training loss 108610.404296875, Validation loss 108597.2109375
2022-03-03 12:57:34,388:INFO:Epoch 41, Training loss 108601.56640625, Validation loss 108592.373046875
2022-03-03 12:57:36,696:INFO:Epoch 42, Training loss 108595.779296875, Validation loss 108589.681640625
2022-03-03 12:57:38,968:INFO:Epoch 43, Training loss 108591.67578125, Validation loss 108585.046875
2022-03-03 12:57:41,307:INFO:Epoch 44, Training loss 108589.208984375, Validation loss 108586.025390625
2022-03-03 12:57:43,583:INFO:Epoch 45, Training loss 108586.130859375, Validation loss 108584.66015625
2022-03-03 12:57:45,868:INFO:Epoch 46, Training loss 108582.5234375, Validation loss 108582.0078125
2022-03-03 12:57:48,143:INFO:Epoch 47, Training loss 108582.876953125, Validation loss 108579.45703125
2022-03-03 12:57:50,481:INFO:Epoch 48, Training loss 108580.599609375, Validation loss 108580.85546875
2022-03-03 12:57:52,762:INFO:Epoch 49, Training loss 108578.111328125, Validation loss 108581.3671875
2022-03-03 12:57:55,040:INFO:Epoch 50, Training loss 108577.037109375, Validation loss 108581.470703125
2022-03-03 12:57:57,319:INFO:Epoch 51, Training loss 108575.453125, Validation loss 108581.8125
2022-03-03 12:57:59,637:INFO:Epoch 52, Training loss 108574.19140625, Validation loss 108579.392578125
2022-03-03 12:58:01,926:INFO:Epoch 53, Training loss 108573.2421875, Validation loss 108579.111328125
2022-03-03 12:58:04,184:INFO:Epoch 54, Training loss 108574.345703125, Validation loss 108582.697265625
2022-03-03 12:58:06,495:INFO:Epoch 55, Training loss 108572.033203125, Validation loss 108579.927734375
2022-03-03 12:58:08,805:INFO:Epoch 56, Training loss 108571.349609375, Validation loss 108580.18359375
2022-03-03 12:58:11,108:INFO:Epoch 57, Training loss 108569.259765625, Validation loss 108579.345703125
2022-03-03 12:58:13,358:INFO:Epoch 58, Training loss 108569.576171875, Validation loss 108578.42578125
2022-03-03 12:58:15,669:INFO:Epoch 59, Training loss 108568.109375, Validation loss 108578.865234375
2022-03-03 12:58:17,929:INFO:Epoch 60, Training loss 108570.6796875, Validation loss 108582.677734375
2022-03-03 12:58:20,280:INFO:Epoch 61, Training loss 108570.28125, Validation loss 108580.607421875
2022-03-03 12:58:22,539:INFO:Epoch 62, Training loss 108566.5859375, Validation loss 108577.67578125
2022-03-03 12:58:24,840:INFO:Epoch 63, Training loss 108565.529296875, Validation loss 108579.115234375
2022-03-03 12:58:27,123:INFO:Epoch 64, Training loss 108566.14453125, Validation loss 108582.779296875
2022-03-03 12:58:29,462:INFO:Epoch 65, Training loss 108564.43359375, Validation loss 108578.103515625
2022-03-03 12:58:31,733:INFO:Epoch 66, Training loss 108563.998046875, Validation loss 108579.06640625
2022-03-03 12:58:34,021:INFO:Epoch 67, Training loss 108562.3515625, Validation loss 108578.892578125
2022-03-03 12:58:36,305:INFO:Epoch 68, Training loss 108562.46484375, Validation loss 108578.607421875
2022-03-03 12:58:38,649:INFO:Epoch 69, Training loss 108561.787109375, Validation loss 108576.65625
2022-03-03 12:58:40,925:INFO:Epoch 70, Training loss 108560.93359375, Validation loss 108577.359375
2022-03-03 12:58:43,203:INFO:Epoch 71, Training loss 108560.517578125, Validation loss 108577.119140625
2022-03-03 12:58:45,488:INFO:Epoch 72, Training loss 108561.177734375, Validation loss 108578.29296875
2022-03-03 12:58:47,809:INFO:Epoch 73, Training loss 108559.625, Validation loss 108576.1328125
2022-03-03 12:58:50,099:INFO:Epoch 74, Training loss 108559.84375, Validation loss 108578.451171875
2022-03-03 12:58:52,357:INFO:Epoch 75, Training loss 108557.51953125, Validation loss 108578.126953125
2022-03-03 12:58:54,659:INFO:Epoch 76, Training loss 108558.474609375, Validation loss 108576.615234375
2022-03-03 12:58:56,970:INFO:Epoch 77, Training loss 108558.84375, Validation loss 108577.673828125
2022-03-03 12:58:59,275:INFO:Epoch 78, Training loss 108556.9296875, Validation loss 108576.728515625
2022-03-03 12:59:01,525:INFO:Epoch 79, Training loss 108556.857421875, Validation loss 108576.67578125
2022-03-03 12:59:03,843:INFO:Epoch 80, Training loss 108557.076171875, Validation loss 108576.681640625
2022-03-03 12:59:06,122:INFO:Epoch 81, Training loss 108557.287109375, Validation loss 108577.76953125
2022-03-03 12:59:08,473:INFO:Epoch 82, Training loss 108557.435546875, Validation loss 108576.59375
2022-03-03 12:59:10,738:INFO:Epoch 83, Training loss 108557.544921875, Validation loss 108576.5703125
2022-03-03 12:59:13,045:INFO:Epoch 84, Training loss 108557.5859375, Validation loss 108579.44140625
2022-03-03 12:59:15,312:INFO:Epoch 85, Training loss 108557.5859375, Validation loss 108576.037109375
2022-03-03 12:59:17,658:INFO:Epoch 86, Training loss 108554.423828125, Validation loss 108577.25
2022-03-03 12:59:19,927:INFO:Epoch 87, Training loss 108552.98046875, Validation loss 108577.390625
2022-03-03 12:59:22,224:INFO:Epoch 88, Training loss 108553.51953125, Validation loss 108577.37109375
2022-03-03 12:59:24,508:INFO:Epoch 89, Training loss 108553.287109375, Validation loss 108574.072265625
2022-03-03 12:59:26,844:INFO:Epoch 90, Training loss 108553.87890625, Validation loss 108576.185546875
2022-03-03 12:59:29,124:INFO:Epoch 91, Training loss 108554.513671875, Validation loss 108578.142578125
2022-03-03 12:59:31,403:INFO:Epoch 92, Training loss 108556.361328125, Validation loss 108579.634765625
2022-03-03 12:59:33,692:INFO:Epoch 93, Training loss 108554.447265625, Validation loss 108575.34765625
2022-03-03 12:59:36,013:INFO:Epoch 94, Training loss 108554.15625, Validation loss 108578.357421875
2022-03-03 12:59:38,312:INFO:Epoch 95, Training loss 108555.65625, Validation loss 108579.720703125
2022-03-03 12:59:40,585:INFO:Epoch 96, Training loss 108552.806640625, Validation loss 108575.84375
2022-03-03 12:59:42,887:INFO:Epoch 97, Training loss 108554.02734375, Validation loss 108575.20703125
2022-03-03 12:59:45,193:INFO:Epoch 98, Training loss 108550.580078125, Validation loss 108576.86328125
2022-03-03 12:59:47,503:INFO:Epoch 99, Training loss 108551.583984375, Validation loss 108577.56640625
2022-03-03 12:59:49,759:INFO:Epoch 100, Training loss 108550.5, Validation loss 108576.9453125
2022-03-03 12:59:52,072:INFO:Epoch 101, Training loss 108553.42578125, Validation loss 108574.974609375
2022-03-03 12:59:54,326:INFO:Epoch 102, Training loss 108553.216796875, Validation loss 108578.42578125
2022-03-03 12:59:56,684:INFO:Epoch 103, Training loss 108551.443359375, Validation loss 108581.16015625
2022-03-03 12:59:58,948:INFO:Epoch 104, Training loss 108552.125, Validation loss 108576.22265625
2022-03-03 13:00:01,253:INFO:Epoch 105, Training loss 108550.953125, Validation loss 108574.5078125
2022-03-03 13:00:03,522:INFO:Epoch 106, Training loss 108551.251953125, Validation loss 108578.810546875
2022-03-03 13:00:05,862:INFO:Epoch 107, Training loss 108553.421875, Validation loss 108575.962890625
2022-03-03 13:00:08,141:INFO:Epoch 108, Training loss 108551.025390625, Validation loss 108578.39453125
2022-03-03 13:00:10,416:INFO:Epoch 109, Training loss 108550.482421875, Validation loss 108577.0234375
2022-03-03 13:00:12,690:INFO:Epoch 110, Training loss 108551.833984375, Validation loss 108578.966796875
2022-03-03 13:00:15,024:INFO:Epoch 111, Training loss 108552.546875, Validation loss 108578.11328125
2022-03-03 13:00:17,309:INFO:Epoch 112, Training loss 108552.515625, Validation loss 108579.67578125
2022-03-03 13:00:19,591:INFO:Epoch 113, Training loss 108552.58203125, Validation loss 108578.49609375
2022-03-03 13:00:21,883:INFO:Epoch 114, Training loss 108551.271484375, Validation loss 108580.4296875
2022-03-03 13:00:24,205:INFO:Epoch 115, Training loss 108551.68359375, Validation loss 108577.78515625
2022-03-03 13:00:26,496:INFO:Epoch 116, Training loss 108549.88671875, Validation loss 108576.28125
2022-03-03 13:00:28,757:INFO:Epoch 117, Training loss 108547.93359375, Validation loss 108576.349609375
2022-03-03 13:00:31,062:INFO:Epoch 118, Training loss 108549.5625, Validation loss 108578.640625
2022-03-03 13:00:33,384:INFO:Epoch 119, Training loss 108548.1796875, Validation loss 108576.841796875
2022-03-03 13:00:35,687:INFO:Epoch 120, Training loss 108547.62890625, Validation loss 108575.154296875
2022-03-03 13:00:37,942:INFO:Epoch 121, Training loss 108547.044921875, Validation loss 108573.919921875
2022-03-03 13:00:40,258:INFO:Epoch 122, Training loss 108546.287109375, Validation loss 108578.25390625
2022-03-03 13:00:42,525:INFO:Epoch 123, Training loss 108547.953125, Validation loss 108575.904296875
2022-03-03 13:00:44,880:INFO:Epoch 124, Training loss 108547.306640625, Validation loss 108576.10546875
2022-03-03 13:00:47,135:INFO:Epoch 125, Training loss 108546.927734375, Validation loss 108576.587890625
2022-03-03 13:00:49,445:INFO:Epoch 126, Training loss 108547.232421875, Validation loss 108576.177734375
2022-03-03 13:00:51,714:INFO:Epoch 127, Training loss 108545.142578125, Validation loss 108576.623046875
2022-03-03 13:00:54,056:INFO:Epoch 128, Training loss 108547.16015625, Validation loss 108576.619140625
2022-03-03 13:00:56,342:INFO:Epoch 129, Training loss 108544.6484375, Validation loss 108576.943359375
2022-03-03 13:00:58,637:INFO:Epoch 130, Training loss 108546.0234375, Validation loss 108574.884765625
2022-03-03 13:01:00,919:INFO:Epoch 131, Training loss 108548.998046875, Validation loss 108578.390625
2022-03-03 13:01:03,261:INFO:Epoch 132, Training loss 108548.921875, Validation loss 108580.240234375
2022-03-03 13:01:05,551:INFO:Epoch 133, Training loss 108546.90625, Validation loss 108574.36328125
2022-03-03 13:01:07,836:INFO:Epoch 134, Training loss 108545.65625, Validation loss 108579.63671875
2022-03-03 13:01:10,134:INFO:Epoch 135, Training loss 108544.9609375, Validation loss 108576.71484375
2022-03-03 13:01:12,467:INFO:Epoch 136, Training loss 108546.078125, Validation loss 108577.783203125
2022-03-03 13:01:14,756:INFO:Epoch 137, Training loss 108547.1875, Validation loss 108576.701171875
2022-03-03 13:01:17,026:INFO:Epoch 138, Training loss 108544.248046875, Validation loss 108576.5703125
2022-03-03 13:01:19,324:INFO:Epoch 139, Training loss 108544.9765625, Validation loss 108576.169921875
2022-03-03 13:01:21,628:INFO:Epoch 140, Training loss 108543.79296875, Validation loss 108575.953125
2022-03-03 13:01:23,934:INFO:Epoch 141, Training loss 108545.263671875, Validation loss 108578.1015625
2022-03-03 13:01:26,191:INFO:Epoch 142, Training loss 108544.248046875, Validation loss 108575.533203125
2022-03-03 13:01:28,499:INFO:Epoch 143, Training loss 108544.015625, Validation loss 108576.955078125
2022-03-03 13:01:30,762:INFO:Epoch 144, Training loss 108542.474609375, Validation loss 108577.001953125
2022-03-03 13:01:33,116:INFO:Epoch 145, Training loss 108543.5, Validation loss 108576.228515625
2022-03-03 13:01:35,380:INFO:Epoch 146, Training loss 108543.57421875, Validation loss 108576.77734375
2022-03-03 13:01:37,680:INFO:Epoch 147, Training loss 108545.607421875, Validation loss 108585.591796875
2022-03-03 13:01:39,947:INFO:Epoch 148, Training loss 108546.521484375, Validation loss 108581.33984375
2022-03-03 13:01:42,310:INFO:Epoch 149, Training loss 108548.1640625, Validation loss 108588.673828125
2022-03-03 13:01:44,585:INFO:Epoch 150, Training loss 108546.169921875, Validation loss 108576.625
2022-03-03 13:01:46,869:INFO:Epoch 151, Training loss 108548.92578125, Validation loss 108578.34765625
2022-03-03 13:01:49,154:INFO:Epoch 152, Training loss 108545.87890625, Validation loss 108579.947265625
2022-03-03 13:01:51,493:INFO:Epoch 153, Training loss 108544.431640625, Validation loss 108573.833984375
2022-03-03 13:01:53,782:INFO:Epoch 154, Training loss 108542.697265625, Validation loss 108580.08203125
2022-03-03 13:01:56,065:INFO:Epoch 155, Training loss 108542.7109375, Validation loss 108576.8125
2022-03-03 13:01:58,363:INFO:Epoch 156, Training loss 108542.7265625, Validation loss 108577.41796875
2022-03-03 13:02:00,684:INFO:Epoch 157, Training loss 108541.31640625, Validation loss 108578.357421875
2022-03-03 13:02:02,978:INFO:Epoch 158, Training loss 108542.021484375, Validation loss 108574.673828125
2022-03-03 13:02:05,247:INFO:Epoch 159, Training loss 108541.87109375, Validation loss 108576.46875
2022-03-03 13:02:07,556:INFO:Epoch 160, Training loss 108544.97265625, Validation loss 108582.70703125
2022-03-03 13:02:09,866:INFO:Epoch 161, Training loss 108550.5703125, Validation loss 108582.3671875
2022-03-03 13:02:12,168:INFO:Epoch 162, Training loss 108545.0234375, Validation loss 108587.376953125
2022-03-03 13:02:14,424:INFO:Epoch 163, Training loss 108543.4765625, Validation loss 108579.9140625
2022-03-03 13:02:16,738:INFO:Epoch 164, Training loss 108544.318359375, Validation loss 108579.390625
2022-03-03 13:02:18,997:INFO:Epoch 165, Training loss 108540.619140625, Validation loss 108576.244140625
2022-03-03 13:02:21,354:INFO:Epoch 166, Training loss 108542.263671875, Validation loss 108576.080078125
2022-03-03 13:02:23,621:INFO:Epoch 167, Training loss 108543.958984375, Validation loss 108578.455078125
2022-03-03 13:02:25,938:INFO:Epoch 168, Training loss 108539.529296875, Validation loss 108578.734375
2022-03-03 13:02:28,225:INFO:Epoch 169, Training loss 108541.0546875, Validation loss 108574.380859375
2022-03-03 13:02:30,581:INFO:Epoch 170, Training loss 108538.69921875, Validation loss 108581.138671875
2022-03-03 13:02:32,853:INFO:Epoch 171, Training loss 108540.798828125, Validation loss 108581.162109375
2022-03-03 13:02:35,149:INFO:Epoch 172, Training loss 108541.771484375, Validation loss 108583.18359375
2022-03-03 13:02:37,435:INFO:Epoch 173, Training loss 108540.93359375, Validation loss 108576.609375
2022-03-03 13:02:39,778:INFO:Epoch 174, Training loss 108542.353515625, Validation loss 108582.919921875
2022-03-03 13:02:42,066:INFO:Epoch 175, Training loss 108538.544921875, Validation loss 108577.25390625
2022-03-03 13:02:44,348:INFO:Epoch 176, Training loss 108540.97265625, Validation loss 108578.232421875
2022-03-03 13:02:46,646:INFO:Epoch 177, Training loss 108538.58984375, Validation loss 108576.142578125
2022-03-03 13:02:48,971:INFO:Epoch 178, Training loss 108537.521484375, Validation loss 108578.50390625
2022-03-03 13:02:51,267:INFO:Epoch 179, Training loss 108537.52734375, Validation loss 108576.37890625
2022-03-03 13:02:53,543:INFO:Epoch 180, Training loss 108540.658203125, Validation loss 108575.52734375
2022-03-03 13:02:55,858:INFO:Epoch 181, Training loss 108537.013671875, Validation loss 108581.681640625
2022-03-03 13:02:58,180:INFO:Epoch 182, Training loss 108538.900390625, Validation loss 108578.560546875
2022-03-03 13:03:00,491:INFO:Epoch 183, Training loss 108538.54296875, Validation loss 108579.58203125
2022-03-03 13:03:02,755:INFO:Epoch 184, Training loss 108540.076171875, Validation loss 108576.533203125
2022-03-03 13:03:05,078:INFO:Epoch 185, Training loss 108539.40234375, Validation loss 108581.1640625
2022-03-03 13:03:07,286:INFO:Epoch 186, Training loss 108537.98828125, Validation loss 108577.5703125
2022-03-03 13:03:09,533:INFO:Epoch 187, Training loss 108539.8671875, Validation loss 108578.115234375
2022-03-03 13:03:11,689:INFO:Epoch 188, Training loss 108539.1953125, Validation loss 108582.6171875
2022-03-03 13:03:13,893:INFO:Epoch 189, Training loss 108536.044921875, Validation loss 108576.734375
2022-03-03 13:03:16,060:INFO:Epoch 190, Training loss 108539.44921875, Validation loss 108576.23046875
2022-03-03 13:03:18,294:INFO:Epoch 191, Training loss 108538.55078125, Validation loss 108579.201171875
2022-03-03 13:03:20,465:INFO:Epoch 192, Training loss 108538.984375, Validation loss 108580.8671875
2022-03-03 13:03:22,647:INFO:Epoch 193, Training loss 108536.4765625, Validation loss 108577.3125
2022-03-03 13:03:24,819:INFO:Epoch 194, Training loss 108535.8203125, Validation loss 108577.0859375
2022-03-03 13:03:27,050:INFO:Epoch 195, Training loss 108537.810546875, Validation loss 108580.771484375
2022-03-03 13:03:29,227:INFO:Epoch 196, Training loss 108534.400390625, Validation loss 108579.130859375
2022-03-03 13:03:31,403:INFO:Epoch 197, Training loss 108536.38671875, Validation loss 108578.349609375
2022-03-03 13:03:33,588:INFO:Epoch 198, Training loss 108536.162109375, Validation loss 108579.33984375
2022-03-03 13:03:35,807:INFO:Epoch 199, Training loss 108536.56640625, Validation loss 108576.421875
2022-03-03 13:03:37,998:INFO:Epoch 200, Training loss 108536.08984375, Validation loss 108582.828125
2022-03-03 13:03:40,157:INFO:Epoch 201, Training loss 108538.13671875, Validation loss 108575.9453125
2022-03-03 13:03:42,355:INFO:Epoch 202, Training loss 108536.916015625, Validation loss 108582.1875
2022-03-03 13:03:44,559:INFO:Epoch 203, Training loss 108535.693359375, Validation loss 108580.30078125
2022-03-03 13:03:44,565:INFO:Finished training
