2021-11-17 17:54:11,593:INFO:All directories created, ready to load the data
2021-11-17 17:54:11,674:INFO:Dataset loaded from /data/theorie/jthoeve/event_generation/events_high_stats/lin/cHW/events_17.npy
2021-11-17 17:54:11,711:INFO:Dataset loaded from /data/theorie/jthoeve/event_generation/events_high_stats/sm/events_17.npy
2021-11-17 17:54:15,160:INFO:Epoch 1, Training loss 124586.580078125, Validation loss 121233.69921875
2021-11-17 17:54:18,497:INFO:Epoch 2, Training loss 119503.880859375, Validation loss 117226.478515625
2021-11-17 17:54:21,822:INFO:Epoch 3, Training loss 116002.638671875, Validation loss 114400.06640625
2021-11-17 17:54:25,178:INFO:Epoch 4, Training loss 113524.24609375, Validation loss 112379.59375
2021-11-17 17:54:28,476:INFO:Epoch 5, Training loss 111728.51171875, Validation loss 110913.107421875
2021-11-17 17:54:31,815:INFO:Epoch 6, Training loss 110458.353515625, Validation loss 109935.609375
2021-11-17 17:54:35,146:INFO:Epoch 7, Training loss 109654.298828125, Validation loss 109396.462890625
2021-11-17 17:54:38,500:INFO:Epoch 8, Training loss 109275.06640625, Validation loss 109255.591796875
2021-11-17 17:54:41,808:INFO:Epoch 9, Training loss 109229.681640625, Validation loss 109298.2421875
2021-11-17 17:54:45,132:INFO:Epoch 10, Training loss 109243.822265625, Validation loss 109260.408203125
2021-11-17 17:54:48,469:INFO:Epoch 11, Training loss 109173.60546875, Validation loss 109175.814453125
2021-11-17 17:54:51,812:INFO:Epoch 12, Training loss 109094.376953125, Validation loss 109123.39453125
2021-11-17 17:54:55,137:INFO:Epoch 13, Training loss 109050.154296875, Validation loss 109096.27734375
2021-11-17 17:54:58,441:INFO:Epoch 14, Training loss 109020.25390625, Validation loss 109071.123046875
2021-11-17 17:55:01,765:INFO:Epoch 15, Training loss 108988.37109375, Validation loss 109046.306640625
2021-11-17 17:55:05,096:INFO:Epoch 16, Training loss 108960.04296875, Validation loss 109026.1640625
2021-11-17 17:55:08,429:INFO:Epoch 17, Training loss 108938.08984375, Validation loss 109009.798828125
2021-11-17 17:55:11,722:INFO:Epoch 18, Training loss 108918.646484375, Validation loss 108994.701171875
2021-11-17 17:55:15,072:INFO:Epoch 19, Training loss 108901.333984375, Validation loss 108978.841796875
2021-11-17 17:55:18,386:INFO:Epoch 20, Training loss 108885.798828125, Validation loss 108965.376953125
2021-11-17 17:55:21,749:INFO:Epoch 21, Training loss 108870.6875, Validation loss 108953.107421875
2021-11-17 17:55:25,043:INFO:Epoch 22, Training loss 108854.8125, Validation loss 108941.04296875
2021-11-17 17:55:28,380:INFO:Epoch 23, Training loss 108840.158203125, Validation loss 108929.599609375
2021-11-17 17:55:31,692:INFO:Epoch 24, Training loss 108826.208984375, Validation loss 108918.166015625
2021-11-17 17:55:35,057:INFO:Epoch 25, Training loss 108812.716796875, Validation loss 108907.453125
2021-11-17 17:55:38,368:INFO:Epoch 26, Training loss 108803.513671875, Validation loss 108900.638671875
2021-11-17 17:55:41,696:INFO:Epoch 27, Training loss 108795.376953125, Validation loss 108894.982421875
2021-11-17 17:55:45,010:INFO:Epoch 28, Training loss 108789.611328125, Validation loss 108894.607421875
2021-11-17 17:55:48,367:INFO:Epoch 29, Training loss 108785.427734375, Validation loss 108892.46875
2021-11-17 17:55:51,700:INFO:Epoch 30, Training loss 108781.765625, Validation loss 108891.80859375
2021-11-17 17:55:55,022:INFO:Epoch 31, Training loss 108779.078125, Validation loss 108893.951171875
2021-11-17 17:55:58,348:INFO:Epoch 32, Training loss 108776.755859375, Validation loss 108893.056640625
2021-11-17 17:56:01,694:INFO:Epoch 33, Training loss 108774.458984375, Validation loss 108892.0625
2021-11-17 17:56:05,047:INFO:Epoch 34, Training loss 108772.23046875, Validation loss 108892.302734375
2021-11-17 17:56:08,357:INFO:Epoch 35, Training loss 108771.0234375, Validation loss 108892.455078125
2021-11-17 17:56:11,695:INFO:Epoch 36, Training loss 108769.84375, Validation loss 108895.50390625
2021-11-17 17:56:15,035:INFO:Epoch 37, Training loss 108769.57421875, Validation loss 108895.728515625
2021-11-17 17:56:18,367:INFO:Epoch 38, Training loss 108768.1875, Validation loss 108897.908203125
2021-11-17 17:56:21,669:INFO:Epoch 39, Training loss 108767.83203125, Validation loss 108895.828125
2021-11-17 17:56:25,014:INFO:Epoch 40, Training loss 108766.744140625, Validation loss 108896.1328125
2021-11-17 17:56:28,318:INFO:Epoch 41, Training loss 108767.796875, Validation loss 108900.98046875
2021-11-17 17:56:31,695:INFO:Epoch 42, Training loss 108766.494140625, Validation loss 108898.88671875
2021-11-17 17:56:34,995:INFO:Epoch 43, Training loss 108768.150390625, Validation loss 108896.37109375
2021-11-17 17:56:38,333:INFO:Epoch 44, Training loss 108765.36328125, Validation loss 108898.751953125
2021-11-17 17:56:41,648:INFO:Epoch 45, Training loss 108765.251953125, Validation loss 108907.01953125
2021-11-17 17:56:45,017:INFO:Epoch 46, Training loss 108764.91796875, Validation loss 108901.171875
2021-11-17 17:56:48,342:INFO:Epoch 47, Training loss 108764.78515625, Validation loss 108897.626953125
2021-11-17 17:56:51,693:INFO:Epoch 48, Training loss 108762.595703125, Validation loss 108902.759765625
2021-11-17 17:56:55,024:INFO:Epoch 49, Training loss 108762.349609375, Validation loss 108907.720703125
2021-11-17 17:56:58,395:INFO:Epoch 50, Training loss 108761.783203125, Validation loss 108904.771484375
2021-11-17 17:56:58,400:INFO:Finished training, producing training report at /data/theorie/jthoeve/ML4EFT_higgs/models/17_11/model_final_lin_cHW/mc_run_17/plots/training_report/
2021-11-17 17:57:03,371:WARNING:findfont: Font family ['sans-serif'] not found. Falling back to DejaVu Sans.
