2021-11-17 17:54:11,601:INFO:All directories created, ready to load the data
2021-11-17 17:54:11,683:INFO:Dataset loaded from /data/theorie/jthoeve/event_generation/events_high_stats/lin/cHW/events_25.npy
2021-11-17 17:54:11,731:INFO:Dataset loaded from /data/theorie/jthoeve/event_generation/events_high_stats/sm/events_25.npy
2021-11-17 17:54:15,176:INFO:Epoch 1, Training loss 207937.71484375, Validation loss 207937.71484375
2021-11-17 17:54:18,522:INFO:Epoch 2, Training loss 207937.71484375, Validation loss 207937.71484375
2021-11-17 17:54:21,860:INFO:Epoch 3, Training loss 207937.71484375, Validation loss 207937.71484375
2021-11-17 17:54:25,249:INFO:Epoch 4, Training loss 207937.71484375, Validation loss 207937.71484375
2021-11-17 17:54:28,619:INFO:Epoch 5, Training loss 207937.71484375, Validation loss 207937.71484375
2021-11-17 17:54:32,004:INFO:Epoch 6, Training loss 207937.71484375, Validation loss 207937.71484375
2021-11-17 17:54:35,346:INFO:Epoch 7, Training loss 207937.71484375, Validation loss 207937.71484375
2021-11-17 17:54:38,725:INFO:Epoch 8, Training loss 207937.71484375, Validation loss 207937.71484375
2021-11-17 17:54:42,069:INFO:Epoch 9, Training loss 207937.71484375, Validation loss 207937.71484375
2021-11-17 17:54:45,438:INFO:Epoch 10, Training loss 207937.71484375, Validation loss 207937.71484375
2021-11-17 17:54:48,779:INFO:Epoch 11, Training loss 207937.71484375, Validation loss 207937.71484375
2021-11-17 17:54:48,782:INFO:Detected stagant training, reset the weights
2021-11-17 17:54:52,122:INFO:Epoch 12, Training loss 207937.71484375, Validation loss 207937.71484375
2021-11-17 17:54:52,126:INFO:Detected stagant training, reset the weights
2021-11-17 17:54:55,450:INFO:Epoch 13, Training loss 177033.1796875, Validation loss 154126.548828125
2021-11-17 17:54:58,757:INFO:Epoch 14, Training loss 143480.310546875, Validation loss 130644.806640625
2021-11-17 17:55:02,121:INFO:Epoch 15, Training loss 125183.22265625, Validation loss 118347.9609375
2021-11-17 17:55:05,508:INFO:Epoch 16, Training loss 115412.345703125, Validation loss 111969.8203125
2021-11-17 17:55:08,877:INFO:Epoch 17, Training loss 110738.734375, Validation loss 109486.287109375
2021-11-17 17:55:12,214:INFO:Epoch 18, Training loss 109298.7734375, Validation loss 109306.2421875
2021-11-17 17:55:15,596:INFO:Epoch 19, Training loss 109460.017578125, Validation loss 109649.619140625
2021-11-17 17:55:18,928:INFO:Epoch 20, Training loss 109639.73828125, Validation loss 109566.84375
2021-11-17 17:55:22,338:INFO:Epoch 21, Training loss 109449.556640625, Validation loss 109298.623046875
2021-11-17 17:55:25,655:INFO:Epoch 22, Training loss 109210.0390625, Validation loss 109130.181640625
2021-11-17 17:55:29,007:INFO:Epoch 23, Training loss 109096.09375, Validation loss 109086.40234375
2021-11-17 17:55:32,324:INFO:Epoch 24, Training loss 109074.740234375, Validation loss 109085.544921875
2021-11-17 17:55:35,694:INFO:Epoch 25, Training loss 109070.65625, Validation loss 109074.978515625
2021-11-17 17:55:39,061:INFO:Epoch 26, Training loss 109052.98046875, Validation loss 109049.6328125
2021-11-17 17:55:42,445:INFO:Epoch 27, Training loss 109024.58203125, Validation loss 109026.8359375
2021-11-17 17:55:45,801:INFO:Epoch 28, Training loss 109005.111328125, Validation loss 109013.873046875
2021-11-17 17:55:49,192:INFO:Epoch 29, Training loss 108994.822265625, Validation loss 109004.490234375
2021-11-17 17:55:52,540:INFO:Epoch 30, Training loss 108984.984375, Validation loss 108994.091796875
2021-11-17 17:55:55,896:INFO:Epoch 31, Training loss 108974.505859375, Validation loss 108982.833984375
2021-11-17 17:55:59,260:INFO:Epoch 32, Training loss 108963.705078125, Validation loss 108973.55078125
2021-11-17 17:56:02,624:INFO:Epoch 33, Training loss 108955.47265625, Validation loss 108964.640625
2021-11-17 17:56:05,959:INFO:Epoch 34, Training loss 108946.802734375, Validation loss 108955.88671875
2021-11-17 17:56:09,273:INFO:Epoch 35, Training loss 108939.2734375, Validation loss 108947.19921875
2021-11-17 17:56:12,626:INFO:Epoch 36, Training loss 108931.978515625, Validation loss 108939.12109375
2021-11-17 17:56:15,995:INFO:Epoch 37, Training loss 108924.970703125, Validation loss 108931.8125
2021-11-17 17:56:19,371:INFO:Epoch 38, Training loss 108918.580078125, Validation loss 108924.6640625
2021-11-17 17:56:22,707:INFO:Epoch 39, Training loss 108912.474609375, Validation loss 108917.55859375
2021-11-17 17:56:26,092:INFO:Epoch 40, Training loss 108906.3046875, Validation loss 108910.611328125
2021-11-17 17:56:29,424:INFO:Epoch 41, Training loss 108901.05859375, Validation loss 108903.37890625
2021-11-17 17:56:32,834:INFO:Epoch 42, Training loss 108895.537109375, Validation loss 108896.982421875
2021-11-17 17:56:36,172:INFO:Epoch 43, Training loss 108890.30078125, Validation loss 108890.544921875
2021-11-17 17:56:39,549:INFO:Epoch 44, Training loss 108884.765625, Validation loss 108884.189453125
2021-11-17 17:56:42,866:INFO:Epoch 45, Training loss 108880.3203125, Validation loss 108877.990234375
2021-11-17 17:56:46,237:INFO:Epoch 46, Training loss 108875.478515625, Validation loss 108871.7734375
2021-11-17 17:56:49,574:INFO:Epoch 47, Training loss 108870.830078125, Validation loss 108866.09765625
2021-11-17 17:56:52,952:INFO:Epoch 48, Training loss 108866.6875, Validation loss 108860.171875
2021-11-17 17:56:56,331:INFO:Epoch 49, Training loss 108862.5859375, Validation loss 108855.041015625
2021-11-17 17:56:59,751:INFO:Epoch 50, Training loss 108858.935546875, Validation loss 108849.830078125
2021-11-17 17:57:03,128:INFO:Epoch 51, Training loss 108855.623046875, Validation loss 108844.80078125
2021-11-17 17:57:06,517:INFO:Epoch 52, Training loss 108852.322265625, Validation loss 108840.982421875
2021-11-17 17:57:09,904:INFO:Epoch 53, Training loss 108849.326171875, Validation loss 108837.806640625
2021-11-17 17:57:13,310:INFO:Epoch 54, Training loss 108846.478515625, Validation loss 108834.376953125
2021-11-17 17:57:16,672:INFO:Epoch 55, Training loss 108843.93359375, Validation loss 108831.11328125
2021-11-17 17:57:20,003:INFO:Epoch 56, Training loss 108841.54296875, Validation loss 108828.341796875
2021-11-17 17:57:23,358:INFO:Epoch 57, Training loss 108839.24609375, Validation loss 108825.515625
2021-11-17 17:57:26,721:INFO:Epoch 58, Training loss 108837.28125, Validation loss 108823.0625
2021-11-17 17:57:30,119:INFO:Epoch 59, Training loss 108835.087890625, Validation loss 108820.880859375
2021-11-17 17:57:33,485:INFO:Epoch 60, Training loss 108833.083984375, Validation loss 108819.05078125
2021-11-17 17:57:36,920:INFO:Epoch 61, Training loss 108831.5234375, Validation loss 108817.51953125
2021-11-17 17:57:40,297:INFO:Epoch 62, Training loss 108829.791015625, Validation loss 108815.78125
2021-11-17 17:57:43,735:INFO:Epoch 63, Training loss 108828.861328125, Validation loss 108813.853515625
2021-11-17 17:57:47,093:INFO:Epoch 64, Training loss 108826.7890625, Validation loss 108813.048828125
2021-11-17 17:57:50,496:INFO:Epoch 65, Training loss 108825.53515625, Validation loss 108811.94140625
2021-11-17 17:57:53,840:INFO:Epoch 66, Training loss 108824.53515625, Validation loss 108810.9921875
2021-11-17 17:57:57,222:INFO:Epoch 67, Training loss 108823.251953125, Validation loss 108810.58984375
2021-11-17 17:58:00,546:INFO:Epoch 68, Training loss 108822.189453125, Validation loss 108810.189453125
2021-11-17 17:58:03,891:INFO:Epoch 69, Training loss 108820.9453125, Validation loss 108809.697265625
2021-11-17 17:58:07,265:INFO:Epoch 70, Training loss 108820.365234375, Validation loss 108808.16796875
2021-11-17 17:58:10,687:INFO:Epoch 71, Training loss 108819.12109375, Validation loss 108807.8359375
2021-11-17 17:58:14,073:INFO:Epoch 72, Training loss 108818.6796875, Validation loss 108807.822265625
2021-11-17 17:58:17,452:INFO:Epoch 73, Training loss 108817.416015625, Validation loss 108807.322265625
2021-11-17 17:58:20,834:INFO:Epoch 74, Training loss 108816.611328125, Validation loss 108806.947265625
2021-11-17 17:58:24,241:INFO:Epoch 75, Training loss 108815.8125, Validation loss 108807.0625
2021-11-17 17:58:27,637:INFO:Epoch 76, Training loss 108815.01953125, Validation loss 108807.18359375
2021-11-17 17:58:30,995:INFO:Epoch 77, Training loss 108814.306640625, Validation loss 108806.267578125
2021-11-17 17:58:34,357:INFO:Epoch 78, Training loss 108813.390625, Validation loss 108806.251953125
2021-11-17 17:58:37,711:INFO:Epoch 79, Training loss 108812.802734375, Validation loss 108806.32421875
2021-11-17 17:58:41,091:INFO:Epoch 80, Training loss 108812.533203125, Validation loss 108806.384765625
2021-11-17 17:58:44,439:INFO:Epoch 81, Training loss 108811.30859375, Validation loss 108805.8125
2021-11-17 17:58:47,852:INFO:Epoch 82, Training loss 108810.8515625, Validation loss 108805.677734375
2021-11-17 17:58:51,211:INFO:Epoch 83, Training loss 108810.427734375, Validation loss 108805.7421875
2021-11-17 17:58:54,646:INFO:Epoch 84, Training loss 108809.7890625, Validation loss 108805.666015625
2021-11-17 17:58:58,005:INFO:Epoch 85, Training loss 108809.57421875, Validation loss 108805.341796875
2021-11-17 17:59:01,408:INFO:Epoch 86, Training loss 108808.658203125, Validation loss 108805.8125
2021-11-17 17:59:04,773:INFO:Epoch 87, Training loss 108808.705078125, Validation loss 108806.900390625
2021-11-17 17:59:08,200:INFO:Epoch 88, Training loss 108807.7734375, Validation loss 108806.40234375
2021-11-17 17:59:11,539:INFO:Epoch 89, Training loss 108807.78515625, Validation loss 108805.642578125
2021-11-17 17:59:14,882:INFO:Epoch 90, Training loss 108806.91015625, Validation loss 108806.439453125
2021-11-17 17:59:18,216:INFO:Epoch 91, Training loss 108806.41796875, Validation loss 108806.80078125
2021-11-17 17:59:21,608:INFO:Epoch 92, Training loss 108806.03125, Validation loss 108806.48828125
2021-11-17 17:59:24,982:INFO:Epoch 93, Training loss 108805.564453125, Validation loss 108807.259765625
2021-11-17 17:59:28,372:INFO:Epoch 94, Training loss 108805.58984375, Validation loss 108808.072265625
2021-11-17 17:59:31,761:INFO:Epoch 95, Training loss 108804.869140625, Validation loss 108807.138671875
2021-11-17 17:59:35,172:INFO:Epoch 96, Training loss 108804.53125, Validation loss 108806.794921875
2021-11-17 17:59:38,571:INFO:Epoch 97, Training loss 108804.19140625, Validation loss 108807.087890625
2021-11-17 17:59:41,940:INFO:Epoch 98, Training loss 108803.791015625, Validation loss 108807.880859375
2021-11-17 17:59:45,351:INFO:Epoch 99, Training loss 108803.564453125, Validation loss 108807.646484375
2021-11-17 17:59:48,719:INFO:Epoch 100, Training loss 108802.99609375, Validation loss 108807.8125
2021-11-17 17:59:52,076:INFO:Epoch 101, Training loss 108802.83984375, Validation loss 108807.310546875
2021-11-17 17:59:55,393:INFO:Epoch 102, Training loss 108802.64453125, Validation loss 108807.763671875
2021-11-17 17:59:58,776:INFO:Epoch 103, Training loss 108801.884765625, Validation loss 108808.083984375
2021-11-17 18:00:02,141:INFO:Epoch 104, Training loss 108802.087890625, Validation loss 108808.529296875
2021-11-17 18:00:05,577:INFO:Epoch 105, Training loss 108801.279296875, Validation loss 108808.3984375
2021-11-17 18:00:05,583:INFO:Finished training, producing training report at /data/theorie/jthoeve/ML4EFT_higgs/models/17_11/model_final_lin_cHW/mc_run_25/plots/training_report/
2021-11-17 18:00:07,469:WARNING:findfont: Font family ['sans-serif'] not found. Falling back to DejaVu Sans.
