2021-11-18 16:14:00,220:INFO:All directories created, ready to load the data
2021-11-18 16:14:00,249:INFO:Dataset loaded from /data/theorie/jthoeve/event_generation/events_high_stats/lin/cHq3/events_14.npy
2021-11-18 16:14:00,275:INFO:Dataset loaded from /data/theorie/jthoeve/event_generation/events_high_stats/sm/events_14.npy
2021-11-18 16:14:04,101:INFO:Epoch 1, Training loss 78607.828125, Validation loss 77470.5546875
2021-11-18 16:14:07,861:INFO:Epoch 2, Training loss 77466.859375, Validation loss 76565.234375
2021-11-18 16:14:11,664:INFO:Epoch 3, Training loss 76560.7421875, Validation loss 75848.1015625
2021-11-18 16:14:15,417:INFO:Epoch 4, Training loss 75843.9453125, Validation loss 75284.6875
2021-11-18 16:14:19,112:INFO:Epoch 5, Training loss 75280.9296875, Validation loss 74846.71875
2021-11-18 16:14:22,774:INFO:Epoch 6, Training loss 74843.3671875, Validation loss 74510.65625
2021-11-18 16:14:26,540:INFO:Epoch 7, Training loss 74507.5390625, Validation loss 74258.328125
2021-11-18 16:14:30,233:INFO:Epoch 8, Training loss 74255.140625, Validation loss 74074.5625
2021-11-18 16:14:33,976:INFO:Epoch 9, Training loss 74071.28125, Validation loss 73946.671875
2021-11-18 16:14:37,719:INFO:Epoch 10, Training loss 73943.5625, Validation loss 73864.0390625
2021-11-18 16:14:41,465:INFO:Epoch 11, Training loss 73861.1171875, Validation loss 73817.0390625
2021-11-18 16:14:45,244:INFO:Epoch 12, Training loss 73814.2890625, Validation loss 73797.1171875
2021-11-18 16:14:49,036:INFO:Epoch 13, Training loss 73794.390625, Validation loss 73796.28125
2021-11-18 16:14:52,691:INFO:Epoch 14, Training loss 73793.5625, Validation loss 73807.78125
2021-11-18 16:14:56,483:INFO:Epoch 15, Training loss 73805.1484375, Validation loss 73826.125
2021-11-18 16:15:00,196:INFO:Epoch 16, Training loss 73823.4921875, Validation loss 73847.1015625
2021-11-18 16:15:03,899:INFO:Epoch 17, Training loss 73844.546875, Validation loss 73867.703125
2021-11-18 16:15:07,724:INFO:Epoch 18, Training loss 73865.234375, Validation loss 73885.7890625
2021-11-18 16:15:11,449:INFO:Epoch 19, Training loss 73883.4375, Validation loss 73900.0546875
2021-11-18 16:15:15,150:INFO:Epoch 20, Training loss 73897.828125, Validation loss 73909.8671875
2021-11-18 16:15:18,926:INFO:Epoch 21, Training loss 73907.7734375, Validation loss 73915.0
2021-11-18 16:15:22,561:INFO:Epoch 22, Training loss 73913.1171875, Validation loss 73915.5546875
2021-11-18 16:15:26,339:INFO:Epoch 23, Training loss 73913.9140625, Validation loss 73911.65625
2021-11-18 16:15:30,089:INFO:Epoch 24, Training loss 73910.375, Validation loss 73904.0390625
2021-11-18 16:15:33,739:INFO:Epoch 25, Training loss 73903.296875, Validation loss 73893.390625
2021-11-18 16:15:37,479:INFO:Epoch 26, Training loss 73893.2734375, Validation loss 73880.46875
2021-11-18 16:15:41,352:INFO:Epoch 27, Training loss 73881.0078125, Validation loss 73866.1953125
2021-11-18 16:15:44,999:INFO:Epoch 28, Training loss 73867.21875, Validation loss 73851.15625
2021-11-18 16:15:48,684:INFO:Epoch 29, Training loss 73852.5625, Validation loss 73836.0546875
2021-11-18 16:15:52,443:INFO:Epoch 30, Training loss 73837.703125, Validation loss 73821.609375
2021-11-18 16:15:56,203:INFO:Epoch 31, Training loss 73823.3984375, Validation loss 73808.3203125
2021-11-18 16:15:59,928:INFO:Epoch 32, Training loss 73810.171875, Validation loss 73796.59375
2021-11-18 16:16:03,717:INFO:Epoch 33, Training loss 73798.6484375, Validation loss 73786.2890625
2021-11-18 16:16:07,566:INFO:Epoch 34, Training loss 73789.109375, Validation loss 73778.2734375
2021-11-18 16:16:11,329:INFO:Epoch 35, Training loss 73781.8828125, Validation loss 73772.609375
2021-11-18 16:16:15,102:INFO:Epoch 36, Training loss 73776.59375, Validation loss 73769.25
2021-11-18 16:16:18,970:INFO:Epoch 37, Training loss 73773.421875, Validation loss 73768.046875
2021-11-18 16:16:22,631:INFO:Epoch 38, Training loss 73772.0390625, Validation loss 73768.609375
2021-11-18 16:16:26,338:INFO:Epoch 39, Training loss 73772.1328125, Validation loss 73770.3359375
2021-11-18 16:16:30,209:INFO:Epoch 40, Training loss 73773.234375, Validation loss 73772.5859375
2021-11-18 16:16:33,981:INFO:Epoch 41, Training loss 73774.796875, Validation loss 73774.7734375
2021-11-18 16:16:37,717:INFO:Epoch 42, Training loss 73776.0546875, Validation loss 73776.40625
2021-11-18 16:16:41,474:INFO:Epoch 43, Training loss 73776.9453125, Validation loss 73777.3671875
2021-11-18 16:16:45,309:INFO:Epoch 44, Training loss 73777.1640625, Validation loss 73777.3359375
2021-11-18 16:16:49,579:INFO:Epoch 45, Training loss 73776.71875, Validation loss 73776.7109375
2021-11-18 16:16:53,291:INFO:Epoch 46, Training loss 73775.7578125, Validation loss 73775.609375
2021-11-18 16:16:57,137:INFO:Epoch 47, Training loss 73774.4765625, Validation loss 73774.3203125
2021-11-18 16:17:00,902:INFO:Epoch 48, Training loss 73773.0703125, Validation loss 73773.046875
2021-11-18 16:17:04,682:INFO:Epoch 49, Training loss 73771.6875, Validation loss 73771.8984375
2021-11-18 16:17:08,527:INFO:Epoch 50, Training loss 73770.4140625, Validation loss 73770.921875
2021-11-18 16:17:12,169:INFO:Epoch 51, Training loss 73769.328125, Validation loss 73770.1328125
2021-11-18 16:17:15,932:INFO:Epoch 52, Training loss 73768.4453125, Validation loss 73769.5
2021-11-18 16:17:19,792:INFO:Epoch 53, Training loss 73767.7734375, Validation loss 73769.109375
2021-11-18 16:17:23,468:INFO:Epoch 54, Training loss 73767.28125, Validation loss 73768.921875
2021-11-18 16:17:27,276:INFO:Epoch 55, Training loss 73766.984375, Validation loss 73768.8984375
2021-11-18 16:17:31,137:INFO:Epoch 56, Training loss 73766.828125, Validation loss 73768.984375
2021-11-18 16:17:35,024:INFO:Epoch 57, Training loss 73766.8046875, Validation loss 73769.140625
2021-11-18 16:17:38,859:INFO:Epoch 58, Training loss 73766.8671875, Validation loss 73769.34375
2021-11-18 16:17:42,579:INFO:Epoch 59, Training loss 73766.953125, Validation loss 73769.546875
2021-11-18 16:17:46,326:INFO:Epoch 60, Training loss 73767.046875, Validation loss 73769.7265625
2021-11-18 16:17:50,194:INFO:Epoch 61, Training loss 73767.1484375, Validation loss 73769.8828125
2021-11-18 16:17:53,933:INFO:Epoch 62, Training loss 73767.21875, Validation loss 73769.984375
2021-11-18 16:17:57,731:INFO:Epoch 63, Training loss 73767.2421875, Validation loss 73770.046875
2021-11-18 16:18:01,488:INFO:Epoch 64, Training loss 73767.21875, Validation loss 73770.046875
2021-11-18 16:18:05,192:INFO:Epoch 65, Training loss 73767.1484375, Validation loss 73770.0078125
2021-11-18 16:18:08,979:INFO:Epoch 66, Training loss 73767.0234375, Validation loss 73769.9296875
2021-11-18 16:18:12,748:INFO:Epoch 67, Training loss 73766.8671875, Validation loss 73769.8203125
2021-11-18 16:18:16,461:INFO:Epoch 68, Training loss 73766.6640625, Validation loss 73769.6875
2021-11-18 16:18:20,301:INFO:Epoch 69, Training loss 73766.4375, Validation loss 73769.546875
2021-11-18 16:18:24,059:INFO:Epoch 70, Training loss 73766.2109375, Validation loss 73769.4296875
2021-11-18 16:18:27,872:INFO:Epoch 71, Training loss 73765.984375, Validation loss 73769.3125
2021-11-18 16:18:31,623:INFO:Epoch 72, Training loss 73765.765625, Validation loss 73769.234375
2021-11-18 16:18:35,373:INFO:Epoch 73, Training loss 73765.5625, Validation loss 73769.1796875
2021-11-18 16:18:39,185:INFO:Epoch 74, Training loss 73765.3828125, Validation loss 73769.1484375
2021-11-18 16:18:42,974:INFO:Epoch 75, Training loss 73765.2265625, Validation loss 73769.1484375
2021-11-18 16:18:46,716:INFO:Epoch 76, Training loss 73765.0859375, Validation loss 73769.171875
2021-11-18 16:18:50,583:INFO:Epoch 77, Training loss 73764.9765625, Validation loss 73769.2265625
2021-11-18 16:18:54,339:INFO:Epoch 78, Training loss 73764.8984375, Validation loss 73769.296875
2021-11-18 16:18:58,127:INFO:Epoch 79, Training loss 73764.84375, Validation loss 73769.375
2021-11-18 16:19:01,898:INFO:Epoch 80, Training loss 73764.78125, Validation loss 73769.453125
2021-11-18 16:19:05,646:INFO:Epoch 81, Training loss 73764.7265625, Validation loss 73769.515625
2021-11-18 16:19:09,459:INFO:Epoch 82, Training loss 73764.671875, Validation loss 73769.5546875
2021-11-18 16:19:13,248:INFO:Epoch 83, Training loss 73764.59375, Validation loss 73769.578125
2021-11-18 16:19:16,986:INFO:Epoch 84, Training loss 73764.4921875, Validation loss 73769.5703125
2021-11-18 16:19:20,770:INFO:Epoch 85, Training loss 73764.390625, Validation loss 73769.5625
2021-11-18 16:19:24,512:INFO:Epoch 86, Training loss 73764.28125, Validation loss 73769.546875
2021-11-18 16:19:28,267:INFO:Epoch 87, Training loss 73764.1640625, Validation loss 73769.5390625
2021-11-18 16:19:28,274:INFO:Finished training, producing training report at /data/theorie/jthoeve/ML4EFT_higgs/models/17_11/model_final_lin_cHq3_v7/mc_run_14/plots/training_report/
2021-11-18 16:19:28,594:WARNING:findfont: Font family ['sans-serif'] not found. Falling back to DejaVu Sans.
