1.657036503906250000e+05
1.571230820312500000e+05
1.527706894531250000e+05
1.505362382812500000e+05
1.493467167968750000e+05
1.486500976562500000e+05
1.481023906250000000e+05
1.475047148437500000e+05
1.467889042968750000e+05
1.460579921875000000e+05
1.454112421875000000e+05
1.448511210937500000e+05
1.444139316406250000e+05
1.441307402343750000e+05
1.439676875000000000e+05
1.438934824218750000e+05
1.438372714843750000e+05
1.437805312500000000e+05
1.437381660156250000e+05
1.437147167968750000e+05
1.436968417968750000e+05
1.436843046875000000e+05
1.436754003906250000e+05
1.436670234375000000e+05
1.436639941406250000e+05
1.436554140625000000e+05
1.436580625000000000e+05
1.436535000000000000e+05
1.436396269531250000e+05
1.436426894531250000e+05
1.436396933593750000e+05
1.436386679687500000e+05
1.436373300781250000e+05
1.436258144531250000e+05
1.436244316406250000e+05
1.436220390625000000e+05
1.436213886718750000e+05
1.436205371093750000e+05
1.436170839843750000e+05
1.436191914062500000e+05
1.436172031250000000e+05
1.436158730468750000e+05
1.436122011718750000e+05
1.436097421875000000e+05
1.436120644531250000e+05
1.436110195312500000e+05
1.436108164062500000e+05
1.436042792968750000e+05
1.436072597656250000e+05
1.436023105468750000e+05
1.436017304687500000e+05
1.436010917968750000e+05
1.436012421875000000e+05
1.436013671875000000e+05
1.436042832031250000e+05
1.435962109375000000e+05
1.435970742187500000e+05
1.435961289062500000e+05
1.435977265625000000e+05
1.435968847656250000e+05
1.435968554687500000e+05
1.435948378906250000e+05
1.435938730468750000e+05
1.435993144531250000e+05
1.436064785156250000e+05
1.436137128906250000e+05
1.436014140625000000e+05
1.435950078125000000e+05
1.435965566406250000e+05
1.435973574218750000e+05
1.435927656250000000e+05
1.435903808593750000e+05
1.435893242187500000e+05
1.435878886718750000e+05
1.435874335937500000e+05
1.435900937500000000e+05
1.435879785156250000e+05
1.435884707031250000e+05
1.435864023437500000e+05
1.435858847656250000e+05
1.435848613281250000e+05
1.435881093750000000e+05
1.435861113281250000e+05
1.435893750000000000e+05
1.435910156250000000e+05
1.435875195312500000e+05
1.435936328125000000e+05
1.435923417968750000e+05
1.435852050781250000e+05
1.435891464843750000e+05
1.435826796875000000e+05
1.435827187500000000e+05
1.435840449218750000e+05
1.435895781250000000e+05
1.435868828125000000e+05
1.435873574218750000e+05
1.435819257812500000e+05
1.435856875000000000e+05
1.435819785156250000e+05
1.435794394531250000e+05
1.435812343750000000e+05
1.435845117187500000e+05
1.435809726562500000e+05
1.435823945312500000e+05
1.435810058593750000e+05
1.435860058593750000e+05
1.435797363281250000e+05
1.435825664062500000e+05
1.435824296875000000e+05
1.435852636718750000e+05
1.435803320312500000e+05
1.435831035156250000e+05
1.435774062500000000e+05
1.435798417968750000e+05
1.435853574218750000e+05
1.435867617187500000e+05
1.435842539062500000e+05
1.435843242187500000e+05
1.435864804687500000e+05
1.435774531250000000e+05
1.435851816406250000e+05
1.435778320312500000e+05
1.435771738281250000e+05
1.435765683593750000e+05
1.435763906250000000e+05
1.435775429687500000e+05
1.435763886718750000e+05
1.435756621093750000e+05
1.435751777343750000e+05
1.435783183593750000e+05
1.435782812500000000e+05
1.435812226562500000e+05
1.435759101562500000e+05
1.435784023437500000e+05
1.435763808593750000e+05
1.435780937500000000e+05
1.435765820312500000e+05
1.435763652343750000e+05
1.435746132812500000e+05
1.435774003906250000e+05
1.435757558593750000e+05
1.435778710937500000e+05
1.435755351562500000e+05
1.435752460937500000e+05
1.435826484375000000e+05
1.435779218750000000e+05
1.435769179687500000e+05
1.435742949218750000e+05
1.435763476562500000e+05
1.435744023437500000e+05
1.435759042968750000e+05
1.435760253906250000e+05
1.435739550781250000e+05
1.435731445312500000e+05
1.435743320312500000e+05
1.435767382812500000e+05
1.435853417968750000e+05
1.435782304687500000e+05
1.435788085937500000e+05
1.435782402343750000e+05
