2021-11-24 15:26:07,959:INFO:All directories created, ready to load the data
2021-11-24 15:26:08,003:INFO:Dataset loaded from /data/theorie/jthoeve/event_generation/events_high_stats/quad/cHW/events_6.npy
2021-11-24 15:26:08,010:INFO:Dataset loaded from /data/theorie/jthoeve/event_generation/events_high_stats/sm/events_6.npy
2021-11-24 15:26:11,855:INFO:Epoch 1, Training loss 160150.107421875, Validation loss 155486.3359375
2021-11-24 15:26:15,961:INFO:Epoch 2, Training loss 153937.794921875, Validation loss 152229.869140625
2021-11-24 15:26:19,765:INFO:Epoch 3, Training loss 151502.44140625, Validation loss 150718.787109375
2021-11-24 15:26:23,624:INFO:Epoch 4, Training loss 150360.935546875, Validation loss 150010.337890625
2021-11-24 15:26:27,406:INFO:Epoch 5, Training loss 149808.439453125, Validation loss 149622.474609375
2021-11-24 15:26:31,230:INFO:Epoch 6, Training loss 149446.578125, Validation loss 149272.52734375
2021-11-24 15:26:35,029:INFO:Epoch 7, Training loss 149049.287109375, Validation loss 148786.498046875
2021-11-24 15:26:38,854:INFO:Epoch 8, Training loss 148490.607421875, Validation loss 148155.83984375
2021-11-24 15:26:42,651:INFO:Epoch 9, Training loss 147806.6875, Validation loss 147413.90625
2021-11-24 15:26:46,519:INFO:Epoch 10, Training loss 147018.1484375, Validation loss 146594.921875
2021-11-24 15:26:50,302:INFO:Epoch 11, Training loss 146167.36328125, Validation loss 145746.73046875
2021-11-24 15:26:54,222:INFO:Epoch 12, Training loss 145335.142578125, Validation loss 145009.20703125
2021-11-24 15:26:58,028:INFO:Epoch 13, Training loss 144648.412109375, Validation loss 144472.810546875
2021-11-24 15:27:01,817:INFO:Epoch 14, Training loss 144175.2734375, Validation loss 144194.888671875
2021-11-24 15:27:05,638:INFO:Epoch 15, Training loss 143979.888671875, Validation loss 144157.12109375
2021-11-24 15:27:09,645:INFO:Epoch 16, Training loss 143954.876953125, Validation loss 144142.2890625
2021-11-24 15:27:13,858:INFO:Epoch 17, Training loss 143902.9453125, Validation loss 144056.22265625
2021-11-24 15:27:17,642:INFO:Epoch 18, Training loss 143831.9453125, Validation loss 143969.953125
2021-11-24 15:27:21,466:INFO:Epoch 19, Training loss 143779.38671875, Validation loss 143942.62109375
2021-11-24 15:27:25,237:INFO:Epoch 20, Training loss 143763.412109375, Validation loss 143920.126953125
2021-11-24 15:27:29,085:INFO:Epoch 21, Training loss 143746.0390625, Validation loss 143909.76171875
2021-11-24 15:27:32,905:INFO:Epoch 22, Training loss 143728.791015625, Validation loss 143906.0859375
2021-11-24 15:27:36,727:INFO:Epoch 23, Training loss 143725.376953125, Validation loss 143917.5078125
2021-11-24 15:27:40,547:INFO:Epoch 24, Training loss 143722.974609375, Validation loss 143904.201171875
2021-11-24 15:27:44,392:INFO:Epoch 25, Training loss 143711.291015625, Validation loss 143891.462890625
2021-11-24 15:27:48,174:INFO:Epoch 26, Training loss 143700.482421875, Validation loss 143879.001953125
2021-11-24 15:27:51,996:INFO:Epoch 27, Training loss 143692.103515625, Validation loss 143880.376953125
2021-11-24 15:27:55,792:INFO:Epoch 28, Training loss 143689.947265625, Validation loss 143876.232421875
2021-11-24 15:27:59,633:INFO:Epoch 29, Training loss 143685.23046875, Validation loss 143872.232421875
2021-11-24 15:28:03,435:INFO:Epoch 30, Training loss 143683.33203125, Validation loss 143871.2109375
2021-11-24 15:28:07,277:INFO:Epoch 31, Training loss 143680.451171875, Validation loss 143866.646484375
2021-11-24 15:28:11,110:INFO:Epoch 32, Training loss 143679.509765625, Validation loss 143866.814453125
2021-11-24 15:28:14,931:INFO:Epoch 33, Training loss 143680.599609375, Validation loss 143875.255859375
2021-11-24 15:28:18,745:INFO:Epoch 34, Training loss 143678.8359375, Validation loss 143870.498046875
2021-11-24 15:28:22,538:INFO:Epoch 35, Training loss 143680.650390625, Validation loss 143874.052734375
2021-11-24 15:28:26,364:INFO:Epoch 36, Training loss 143671.115234375, Validation loss 143861.501953125
2021-11-24 15:28:30,188:INFO:Epoch 37, Training loss 143667.720703125, Validation loss 143857.87890625
2021-11-24 15:28:34,021:INFO:Epoch 38, Training loss 143665.333984375, Validation loss 143857.984375
2021-11-24 15:28:37,830:INFO:Epoch 39, Training loss 143663.57421875, Validation loss 143855.634765625
2021-11-24 15:28:41,689:INFO:Epoch 40, Training loss 143665.482421875, Validation loss 143858.69140625
2021-11-24 15:28:45,642:INFO:Epoch 41, Training loss 143664.001953125, Validation loss 143857.783203125
2021-11-24 15:28:49,493:INFO:Epoch 42, Training loss 143662.99609375, Validation loss 143856.69921875
2021-11-24 15:28:53,273:INFO:Epoch 43, Training loss 143660.4375, Validation loss 143855.158203125
2021-11-24 15:28:57,094:INFO:Epoch 44, Training loss 143658.158203125, Validation loss 143858.193359375
2021-11-24 15:29:00,868:INFO:Epoch 45, Training loss 143658.173828125, Validation loss 143856.431640625
2021-11-24 15:29:04,711:INFO:Epoch 46, Training loss 143662.412109375, Validation loss 143859.033203125
2021-11-24 15:29:08,554:INFO:Epoch 47, Training loss 143657.376953125, Validation loss 143853.171875
2021-11-24 15:29:12,364:INFO:Epoch 48, Training loss 143662.107421875, Validation loss 143852.982421875
2021-11-24 15:29:16,159:INFO:Epoch 49, Training loss 143670.16015625, Validation loss 143859.8125
2021-11-24 15:29:20,048:INFO:Epoch 50, Training loss 143664.32421875, Validation loss 143858.30078125
2021-11-24 15:29:23,849:INFO:Epoch 51, Training loss 143663.8671875, Validation loss 143853.060546875
2021-11-24 15:29:27,649:INFO:Epoch 52, Training loss 143671.001953125, Validation loss 143866.8671875
2021-11-24 15:29:31,461:INFO:Epoch 53, Training loss 143660.642578125, Validation loss 143848.177734375
2021-11-24 15:29:35,308:INFO:Epoch 54, Training loss 143657.37890625, Validation loss 143850.208984375
2021-11-24 15:29:39,142:INFO:Epoch 55, Training loss 143655.572265625, Validation loss 143862.90625
2021-11-24 15:29:42,936:INFO:Epoch 56, Training loss 143654.646484375, Validation loss 143852.015625
2021-11-24 15:29:46,750:INFO:Epoch 57, Training loss 143659.333984375, Validation loss 143862.08203125
2021-11-24 15:29:50,568:INFO:Epoch 58, Training loss 143661.578125, Validation loss 143850.701171875
2021-11-24 15:29:54,440:INFO:Epoch 59, Training loss 143661.431640625, Validation loss 143851.998046875
2021-11-24 15:29:58,225:INFO:Epoch 60, Training loss 143661.0546875, Validation loss 143853.591796875
2021-11-24 15:30:02,056:INFO:Epoch 61, Training loss 143650.63671875, Validation loss 143852.052734375
2021-11-24 15:30:05,845:INFO:Epoch 62, Training loss 143651.494140625, Validation loss 143851.46484375
2021-11-24 15:30:09,719:INFO:Epoch 63, Training loss 143651.865234375, Validation loss 143851.115234375
2021-11-24 15:30:13,947:INFO:Epoch 64, Training loss 143656.39453125, Validation loss 143861.587890625
2021-11-24 15:30:17,844:INFO:Epoch 65, Training loss 143655.142578125, Validation loss 143847.41015625
2021-11-24 15:30:21,695:INFO:Epoch 66, Training loss 143660.62109375, Validation loss 143850.18359375
2021-11-24 15:30:25,582:INFO:Epoch 67, Training loss 143664.328125, Validation loss 143866.494140625
2021-11-24 15:30:29,433:INFO:Epoch 68, Training loss 143657.33203125, Validation loss 143858.734375
2021-11-24 15:30:33,359:INFO:Epoch 69, Training loss 143657.318359375, Validation loss 143863.658203125
2021-11-24 15:30:37,236:INFO:Epoch 70, Training loss 143655.40625, Validation loss 143853.990234375
2021-11-24 15:30:41,122:INFO:Epoch 71, Training loss 143653.6484375, Validation loss 143860.271484375
2021-11-24 15:30:44,993:INFO:Epoch 72, Training loss 143654.224609375, Validation loss 143845.5390625
2021-11-24 15:30:48,864:INFO:Epoch 73, Training loss 143649.759765625, Validation loss 143848.42578125
2021-11-24 15:30:52,725:INFO:Epoch 74, Training loss 143649.123046875, Validation loss 143852.166015625
2021-11-24 15:30:56,569:INFO:Epoch 75, Training loss 143647.705078125, Validation loss 143846.22265625
2021-11-24 15:31:00,405:INFO:Epoch 76, Training loss 143648.658203125, Validation loss 143847.388671875
2021-11-24 15:31:04,203:INFO:Epoch 77, Training loss 143648.869140625, Validation loss 143851.205078125
2021-11-24 15:31:08,108:INFO:Epoch 78, Training loss 143647.4453125, Validation loss 143847.640625
2021-11-24 15:31:11,961:INFO:Epoch 79, Training loss 143646.60546875, Validation loss 143846.64453125
2021-11-24 15:31:15,792:INFO:Epoch 80, Training loss 143648.875, Validation loss 143856.701171875
2021-11-24 15:31:19,588:INFO:Epoch 81, Training loss 143653.447265625, Validation loss 143845.962890625
2021-11-24 15:31:23,418:INFO:Epoch 82, Training loss 143647.60546875, Validation loss 143849.59765625
2021-11-24 15:31:27,202:INFO:Epoch 83, Training loss 143645.8984375, Validation loss 143846.8828125
2021-11-24 15:31:31,066:INFO:Epoch 84, Training loss 143645.810546875, Validation loss 143848.564453125
2021-11-24 15:31:34,879:INFO:Epoch 85, Training loss 143646.580078125, Validation loss 143845.65625
2021-11-24 15:31:38,714:INFO:Epoch 86, Training loss 143645.5, Validation loss 143849.2578125
2021-11-24 15:31:42,550:INFO:Epoch 87, Training loss 143644.263671875, Validation loss 143847.29296875
2021-11-24 15:31:46,436:INFO:Epoch 88, Training loss 143649.853515625, Validation loss 143849.0390625
2021-11-24 15:31:50,233:INFO:Epoch 89, Training loss 143646.416015625, Validation loss 143852.091796875
2021-11-24 15:31:54,066:INFO:Epoch 90, Training loss 143646.099609375, Validation loss 143847.26171875
2021-11-24 15:31:57,869:INFO:Epoch 91, Training loss 143645.423828125, Validation loss 143849.359375
2021-11-24 15:32:01,716:INFO:Epoch 92, Training loss 143647.599609375, Validation loss 143851.7109375
2021-11-24 15:32:05,531:INFO:Epoch 93, Training loss 143648.138671875, Validation loss 143848.77734375
2021-11-24 15:32:09,346:INFO:Epoch 94, Training loss 143644.177734375, Validation loss 143851.216796875
2021-11-24 15:32:13,321:INFO:Epoch 95, Training loss 143646.0703125, Validation loss 143843.9921875
2021-11-24 15:32:17,159:INFO:Epoch 96, Training loss 143646.0390625, Validation loss 143846.578125
2021-11-24 15:32:21,018:INFO:Epoch 97, Training loss 143646.873046875, Validation loss 143851.326171875
2021-11-24 15:32:24,811:INFO:Epoch 98, Training loss 143646.21875, Validation loss 143847.28515625
2021-11-24 15:32:28,631:INFO:Epoch 99, Training loss 143649.26171875, Validation loss 143847.541015625
2021-11-24 15:32:32,448:INFO:Epoch 100, Training loss 143640.818359375, Validation loss 143847.87890625
2021-11-24 15:32:36,269:INFO:Epoch 101, Training loss 143643.771484375, Validation loss 143851.15625
2021-11-24 15:32:40,071:INFO:Epoch 102, Training loss 143651.103515625, Validation loss 143850.71484375
2021-11-24 15:32:43,907:INFO:Epoch 103, Training loss 143651.826171875, Validation loss 143846.876953125
2021-11-24 15:32:47,718:INFO:Epoch 104, Training loss 143639.00390625, Validation loss 143853.494140625
2021-11-24 15:32:51,577:INFO:Epoch 105, Training loss 143646.67578125, Validation loss 143847.255859375
2021-11-24 15:32:55,427:INFO:Epoch 106, Training loss 143640.486328125, Validation loss 143847.880859375
2021-11-24 15:32:59,265:INFO:Epoch 107, Training loss 143641.01953125, Validation loss 143850.677734375
2021-11-24 15:33:03,057:INFO:Epoch 108, Training loss 143641.54296875, Validation loss 143848.837890625
2021-11-24 15:33:06,911:INFO:Epoch 109, Training loss 143641.787109375, Validation loss 143847.8359375
2021-11-24 15:33:10,724:INFO:Epoch 110, Training loss 143642.37109375, Validation loss 143848.595703125
2021-11-24 15:33:14,553:INFO:Epoch 111, Training loss 143640.681640625, Validation loss 143849.44921875
2021-11-24 15:33:18,356:INFO:Epoch 112, Training loss 143644.931640625, Validation loss 143847.689453125
2021-11-24 15:33:22,203:INFO:Epoch 113, Training loss 143639.462890625, Validation loss 143855.912109375
2021-11-24 15:33:26,013:INFO:Epoch 114, Training loss 143639.06640625, Validation loss 143847.998046875
2021-11-24 15:33:29,822:INFO:Epoch 115, Training loss 143639.8515625, Validation loss 143846.013671875
2021-11-24 15:33:33,730:INFO:Epoch 116, Training loss 143638.314453125, Validation loss 143848.650390625
2021-11-24 15:33:37,556:INFO:Epoch 117, Training loss 143638.28515625, Validation loss 143855.95703125
2021-11-24 15:33:41,392:INFO:Epoch 118, Training loss 143643.87890625, Validation loss 143848.447265625
2021-11-24 15:33:45,217:INFO:Epoch 119, Training loss 143645.546875, Validation loss 143849.1171875
2021-11-24 15:33:49,033:INFO:Epoch 120, Training loss 143641.083984375, Validation loss 143857.833984375
2021-11-24 15:33:52,851:INFO:Epoch 121, Training loss 143645.2890625, Validation loss 143849.046875
2021-11-24 15:33:56,676:INFO:Epoch 122, Training loss 143644.50390625, Validation loss 143846.111328125
2021-11-24 15:34:00,480:INFO:Epoch 123, Training loss 143639.6015625, Validation loss 143855.529296875
2021-11-24 15:34:04,723:INFO:Epoch 124, Training loss 143643.19140625, Validation loss 143854.462890625
2021-11-24 15:34:08,549:INFO:Epoch 125, Training loss 143642.421875, Validation loss 143848.748046875
2021-11-24 15:34:12,432:INFO:Epoch 126, Training loss 143640.904296875, Validation loss 143849.802734375
2021-11-24 15:34:16,222:INFO:Epoch 127, Training loss 143639.576171875, Validation loss 143848.509765625
2021-11-24 15:34:20,043:INFO:Epoch 128, Training loss 143640.08984375, Validation loss 143848.478515625
2021-11-24 15:34:23,832:INFO:Epoch 129, Training loss 143639.849609375, Validation loss 143851.8359375
2021-11-24 15:34:27,686:INFO:Epoch 130, Training loss 143641.466796875, Validation loss 143851.892578125
2021-11-24 15:34:31,486:INFO:Epoch 131, Training loss 143640.8359375, Validation loss 143851.365234375
2021-11-24 15:34:35,319:INFO:Epoch 132, Training loss 143643.59375, Validation loss 143848.796875
2021-11-24 15:34:39,127:INFO:Epoch 133, Training loss 143641.587890625, Validation loss 143848.802734375
2021-11-24 15:34:43,067:INFO:Epoch 134, Training loss 143635.537109375, Validation loss 143852.818359375
2021-11-24 15:34:46,877:INFO:Epoch 135, Training loss 143641.189453125, Validation loss 143848.107421875
2021-11-24 15:34:50,681:INFO:Epoch 136, Training loss 143639.962890625, Validation loss 143855.244140625
2021-11-24 15:34:54,500:INFO:Epoch 137, Training loss 143639.724609375, Validation loss 143853.787109375
2021-11-24 15:34:58,329:INFO:Epoch 138, Training loss 143642.935546875, Validation loss 143861.17578125
2021-11-24 15:35:02,153:INFO:Epoch 139, Training loss 143640.2265625, Validation loss 143850.15234375
2021-11-24 15:35:05,941:INFO:Epoch 140, Training loss 143643.41796875, Validation loss 143847.51953125
2021-11-24 15:35:09,789:INFO:Epoch 141, Training loss 143635.294921875, Validation loss 143852.615234375
2021-11-24 15:35:13,654:INFO:Epoch 142, Training loss 143638.318359375, Validation loss 143847.57421875
2021-11-24 15:35:17,512:INFO:Epoch 143, Training loss 143636.54296875, Validation loss 143847.46484375
2021-11-24 15:35:21,367:INFO:Epoch 144, Training loss 143637.169921875, Validation loss 143851.55078125
2021-11-24 15:35:25,260:INFO:Epoch 145, Training loss 143635.75390625, Validation loss 143850.623046875
2021-11-24 15:35:25,272:INFO:Finished training, producing training report at /data/theorie/jthoeve/ML4EFT_higgs/models/24_11/model_quad_cHW/mc_run_6/plots/training_report/
2021-11-24 15:35:28,974:WARNING:findfont: Font family ['sans-serif'] not found. Falling back to DejaVu Sans.
