8.465576171875000000e+04
8.465576171875000000e+04
8.465576171875000000e+04
8.465576171875000000e+04
8.465576171875000000e+04
8.465576171875000000e+04
8.465576171875000000e+04
8.465576171875000000e+04
8.465576171875000000e+04
8.465576171875000000e+04
8.465576171875000000e+04
8.332805371093750000e+04
7.661935839843750000e+04
7.405090917968750000e+04
7.433782324218750000e+04
7.430470800781250000e+04
7.394860937500000000e+04
7.377300781250000000e+04
7.379561914062500000e+04
7.378993652343750000e+04
7.376112792968750000e+04
7.375242089843750000e+04
7.375482226562500000e+04
7.375424218750000000e+04
7.375192773437500000e+04
7.375037011718750000e+04
7.374995507812500000e+04
7.374979980468750000e+04
7.374928613281250000e+04
7.374868261718750000e+04
7.374848925781250000e+04
7.374833300781250000e+04
7.374811523437500000e+04
7.374781835937500000e+04
7.374764746093750000e+04
7.374747558593750000e+04
7.374731347656250000e+04
7.374717871093750000e+04
7.374704296875000000e+04
7.374684863281250000e+04
7.374674121093750000e+04
7.374651953125000000e+04
7.374639160156250000e+04
7.374634277343750000e+04
7.374613574218750000e+04
7.374603320312500000e+04
7.374591503906250000e+04
7.374577734375000000e+04
7.374582910156250000e+04
7.374560742187500000e+04
7.374540527343750000e+04
7.374533789062500000e+04
7.374516796875000000e+04
7.374505175781250000e+04
7.374511914062500000e+04
7.374492480468750000e+04
7.374486328125000000e+04
7.374460253906250000e+04
7.374444140625000000e+04
7.374428320312500000e+04
7.374406152343750000e+04
7.374401953125000000e+04
7.374376269531250000e+04
7.374359472656250000e+04
7.374338964843750000e+04
7.374328515625000000e+04
7.374349511718750000e+04
7.374304687500000000e+04
7.374331835937500000e+04
7.374285253906250000e+04
7.374245410156250000e+04
7.374204296875000000e+04
7.374203515625000000e+04
7.374162597656250000e+04
7.374133300781250000e+04
