7.439757812500000000e+04
7.383039648437500000e+04
7.377359179687500000e+04
7.380160449218750000e+04
7.379307910156250000e+04
7.376418164062500000e+04
7.375163964843750000e+04
7.375522558593750000e+04
7.375347363281250000e+04
7.374917382812500000e+04
7.374888085937500000e+04
7.374904296875000000e+04
7.374776757812500000e+04
7.374722070312500000e+04
7.374699316406250000e+04
7.374661425781250000e+04
7.374617089843750000e+04
7.374594628906250000e+04
7.374573339843750000e+04
7.374527929687500000e+04
7.374489257812500000e+04
7.374458105468750000e+04
7.374411718750000000e+04
7.374383789062500000e+04
7.374338769531250000e+04
7.374294335937500000e+04
7.374260058593750000e+04
7.374208886718750000e+04
7.374180175781250000e+04
7.374115625000000000e+04
7.374096972656250000e+04
7.374007714843750000e+04
7.373951171875000000e+04
7.373902148437500000e+04
7.373817968750000000e+04
7.373742382812500000e+04
7.373688183593750000e+04
7.373620996093750000e+04
7.373563085937500000e+04
7.373517480468750000e+04
7.373420019531250000e+04
7.373386230468750000e+04
7.373269335937500000e+04
7.373287597656250000e+04
7.373213964843750000e+04
7.373093847656250000e+04
7.373014257812500000e+04
7.372979199218750000e+04
7.372902832031250000e+04
7.372887011718750000e+04
7.372721875000000000e+04
7.372632226562500000e+04
7.372534570312500000e+04
7.372573437500000000e+04
7.372348437500000000e+04
7.372445410156250000e+04
7.372223828125000000e+04
7.372083398437500000e+04
7.371981835937500000e+04
7.371943261718750000e+04
