1.329802871093750000e+05
1.256893027343750000e+05
1.208075546875000000e+05
1.169472070312500000e+05
1.137702675781250000e+05
1.115311015625000000e+05
1.101188105468750000e+05
1.094423066406250000e+05
1.092773769531250000e+05
1.093024550781250000e+05
1.092946914062500000e+05
1.092347128906250000e+05
1.091756562500000000e+05
1.091417714843750000e+05
1.091229101562500000e+05
1.090993066406250000e+05
1.090730117187500000e+05
1.090500371093750000e+05
1.090284277343750000e+05
1.090053066406250000e+05
1.089809648437500000e+05
1.089571250000000000e+05
1.089313222656250000e+05
1.089051054687500000e+05
1.088772285156250000e+05
1.088481191406250000e+05
1.088173613281250000e+05
1.087860742187500000e+05
1.087531250000000000e+05
1.087184082031250000e+05
1.086833359375000000e+05
1.086496679687500000e+05
1.086174589843750000e+05
1.085893593750000000e+05
1.085632812500000000e+05
1.085418281250000000e+05
1.085241328125000000e+05
1.085076679687500000e+05
1.084964863281250000e+05
1.084873535156250000e+05
1.084796132812500000e+05
1.084743378906250000e+05
1.084695937500000000e+05
1.084658789062500000e+05
1.084641152343750000e+05
1.084598085937500000e+05
1.084572285156250000e+05
1.084544570312500000e+05
1.084525976562500000e+05
1.084508613281250000e+05
1.084472871093750000e+05
1.084450605468750000e+05
1.084436093750000000e+05
1.084409765625000000e+05
1.084392304687500000e+05
1.084388847656250000e+05
1.084358535156250000e+05
1.084344042968750000e+05
1.084339472656250000e+05
1.084319804687500000e+05
1.084310898437500000e+05
1.084320820312500000e+05
1.084298183593750000e+05
1.084284648437500000e+05
1.084277480468750000e+05
1.084273554687500000e+05
1.084259687500000000e+05
1.084255742187500000e+05
1.084250117187500000e+05
1.084243339843750000e+05
1.084231484375000000e+05
1.084224453125000000e+05
1.084223867187500000e+05
1.084216718750000000e+05
1.084210429687500000e+05
1.084200078125000000e+05
1.084193593750000000e+05
1.084191054687500000e+05
1.084194863281250000e+05
1.084188984375000000e+05
1.084180898437500000e+05
1.084165039062500000e+05
1.084164628906250000e+05
1.084155019531250000e+05
1.084155468750000000e+05
1.084149472656250000e+05
1.084148769531250000e+05
1.084138613281250000e+05
1.084141542968750000e+05
1.084140878906250000e+05
1.084137792968750000e+05
1.084139804687500000e+05
1.084129726562500000e+05
1.084118066406250000e+05
1.084119042968750000e+05
1.084117402343750000e+05
1.084107343750000000e+05
1.084112558593750000e+05
1.084113554687500000e+05
1.084105175781250000e+05
1.084108828125000000e+05
1.084108066406250000e+05
1.084106191406250000e+05
1.084102031250000000e+05
1.084101542968750000e+05
1.084097714843750000e+05
1.084094160156250000e+05
1.084087792968750000e+05
1.084084589843750000e+05
1.084081523437500000e+05
1.084088359375000000e+05
1.084080214843750000e+05
1.084074082031250000e+05
1.084090058593750000e+05
1.084066816406250000e+05
1.084077500000000000e+05
1.084076328125000000e+05
1.084067187500000000e+05
1.084065839843750000e+05
1.084059531250000000e+05
1.084067304687500000e+05
1.084053769531250000e+05
1.084054882812500000e+05
1.084059765625000000e+05
1.084053144531250000e+05
1.084047421875000000e+05
