8.464091796875000000e+04
8.464091796875000000e+04
8.464091796875000000e+04
8.464091796875000000e+04
8.464091796875000000e+04
8.464091796875000000e+04
8.464091796875000000e+04
8.464091796875000000e+04
8.464091796875000000e+04
8.464091796875000000e+04
8.464091796875000000e+04
8.464091796875000000e+04
8.423643164062500000e+04
7.905100585937500000e+04
7.493193359375000000e+04
7.389426269531250000e+04
7.412917480468750000e+04
7.399219531250000000e+04
7.378987011718750000e+04
7.375106445312500000e+04
7.376606542968750000e+04
7.376289648437500000e+04
7.374940625000000000e+04
7.374211621093750000e+04
7.374152734375000000e+04
7.374160351562500000e+04
7.374019726562500000e+04
7.373932421875000000e+04
7.373942187500000000e+04
7.373873046875000000e+04
7.373863281250000000e+04
7.373838281250000000e+04
7.373796582031250000e+04
7.373788574218750000e+04
7.373756347656250000e+04
7.373753222656250000e+04
7.373734570312500000e+04
7.373688867187500000e+04
7.373691308593750000e+04
7.373663671875000000e+04
7.373656347656250000e+04
7.373635351562500000e+04
7.373626562500000000e+04
7.373595117187500000e+04
7.373575488281250000e+04
7.373561621093750000e+04
7.373533398437500000e+04
7.373511621093750000e+04
7.373487011718750000e+04
7.373481250000000000e+04
7.373477050781250000e+04
7.373469433593750000e+04
7.373440917968750000e+04
7.373425585937500000e+04
7.373407128906250000e+04
7.373392285156250000e+04
7.373385546875000000e+04
7.373374902343750000e+04
7.373344238281250000e+04
7.373360253906250000e+04
7.373328222656250000e+04
7.373323535156250000e+04
7.373319238281250000e+04
7.373310253906250000e+04
7.373280468750000000e+04
7.373278613281250000e+04
7.373273925781250000e+04
7.373286132812500000e+04
7.373257226562500000e+04
7.373288378906250000e+04
7.373241406250000000e+04
7.373211425781250000e+04
7.373251757812500000e+04
7.373185742187500000e+04
