2022-01-24 14:09:29,596:INFO:All directories created, ready to load the data
2022-01-24 14:09:29,670:INFO:Dataset loaded from /data/theorie/jthoeve/event_generation/events_high_stats/pT/lin/cHq3/events_2.npy
2022-01-24 14:09:29,676:INFO:Dataset loaded from /data/theorie/jthoeve/event_generation/events_high_stats/pT/sm/events_2.npy
2022-01-24 14:09:32,159:INFO:Epoch 1, Training loss 75029.58984375, Validation loss 74013.7509765625
2022-01-24 14:09:34,621:INFO:Epoch 2, Training loss 73849.9580078125, Validation loss 73779.22265625
2022-01-24 14:09:37,075:INFO:Epoch 3, Training loss 73841.0771484375, Validation loss 73895.52734375
2022-01-24 14:09:39,554:INFO:Epoch 4, Training loss 73890.060546875, Validation loss 73847.8828125
2022-01-24 14:09:42,014:INFO:Epoch 5, Training loss 73818.5673828125, Validation loss 73771.8857421875
2022-01-24 14:09:44,464:INFO:Epoch 6, Training loss 73766.3916015625, Validation loss 73756.1787109375
2022-01-24 14:09:46,930:INFO:Epoch 7, Training loss 73765.291015625, Validation loss 73767.830078125
2022-01-24 14:09:49,411:INFO:Epoch 8, Training loss 73771.6728515625, Validation loss 73765.7314453125
2022-01-24 14:09:51,889:INFO:Epoch 9, Training loss 73764.16015625, Validation loss 73757.4072265625
2022-01-24 14:09:54,336:INFO:Epoch 10, Training loss 73757.5458984375, Validation loss 73756.6904296875
2022-01-24 14:09:56,822:INFO:Epoch 11, Training loss 73757.869140625, Validation loss 73758.6904296875
2022-01-24 14:09:59,305:INFO:Epoch 12, Training loss 73758.1982421875, Validation loss 73758.2216796875
2022-01-24 14:10:01,790:INFO:Epoch 13, Training loss 73756.8134765625, Validation loss 73757.591796875
2022-01-24 14:10:04,234:INFO:Epoch 14, Training loss 73756.212890625, Validation loss 73757.8857421875
2022-01-24 14:10:06,722:INFO:Epoch 15, Training loss 73756.2392578125, Validation loss 73757.90234375
2022-01-24 14:10:09,170:INFO:Epoch 16, Training loss 73756.0322265625, Validation loss 73757.80859375
2022-01-24 14:10:11,679:INFO:Epoch 17, Training loss 73755.7177734375, Validation loss 73757.70703125
2022-01-24 14:10:14,128:INFO:Epoch 18, Training loss 73755.62890625, Validation loss 73757.869140625
2022-01-24 14:10:16,605:INFO:Epoch 19, Training loss 73755.44140625, Validation loss 73757.892578125
2022-01-24 14:10:19,066:INFO:Epoch 20, Training loss 73755.25, Validation loss 73757.9453125
2022-01-24 14:10:21,573:INFO:Epoch 21, Training loss 73755.08984375, Validation loss 73758.1826171875
2022-01-24 14:10:24,024:INFO:Epoch 22, Training loss 73755.02734375, Validation loss 73758.1083984375
2022-01-24 14:10:26,494:INFO:Epoch 23, Training loss 73754.810546875, Validation loss 73758.3193359375
2022-01-24 14:10:28,959:INFO:Epoch 24, Training loss 73754.572265625, Validation loss 73758.435546875
2022-01-24 14:10:31,458:INFO:Epoch 25, Training loss 73754.4501953125, Validation loss 73758.650390625
2022-01-24 14:10:33,928:INFO:Epoch 26, Training loss 73754.234375, Validation loss 73758.5458984375
2022-01-24 14:10:36,397:INFO:Epoch 27, Training loss 73754.173828125, Validation loss 73758.61328125
2022-01-24 14:10:38,877:INFO:Epoch 28, Training loss 73753.8955078125, Validation loss 73758.5712890625
2022-01-24 14:10:41,373:INFO:Epoch 29, Training loss 73753.7001953125, Validation loss 73758.7802734375
2022-01-24 14:10:43,850:INFO:Epoch 30, Training loss 73753.5498046875, Validation loss 73758.7333984375
2022-01-24 14:10:46,298:INFO:Epoch 31, Training loss 73753.337890625, Validation loss 73759.01953125
2022-01-24 14:10:48,785:INFO:Epoch 32, Training loss 73753.1015625, Validation loss 73759.232421875
2022-01-24 14:10:51,267:INFO:Epoch 33, Training loss 73753.0126953125, Validation loss 73759.3046875
2022-01-24 14:10:53,755:INFO:Epoch 34, Training loss 73752.7939453125, Validation loss 73759.4638671875
2022-01-24 14:10:56,198:INFO:Epoch 35, Training loss 73752.6787109375, Validation loss 73759.630859375
2022-01-24 14:10:58,687:INFO:Epoch 36, Training loss 73752.48046875, Validation loss 73759.7333984375
2022-01-24 14:11:01,130:INFO:Epoch 37, Training loss 73752.3271484375, Validation loss 73759.6572265625
2022-01-24 14:11:03,641:INFO:Epoch 38, Training loss 73752.1982421875, Validation loss 73759.5654296875
2022-01-24 14:11:06,096:INFO:Epoch 39, Training loss 73752.0361328125, Validation loss 73759.6796875
2022-01-24 14:11:08,590:INFO:Epoch 40, Training loss 73751.7841796875, Validation loss 73759.98828125
2022-01-24 14:11:11,049:INFO:Epoch 41, Training loss 73751.6220703125, Validation loss 73760.16015625
2022-01-24 14:11:13,553:INFO:Epoch 42, Training loss 73751.498046875, Validation loss 73760.3017578125
2022-01-24 14:11:16,019:INFO:Epoch 43, Training loss 73751.2958984375, Validation loss 73760.623046875
2022-01-24 14:11:18,493:INFO:Epoch 44, Training loss 73751.2021484375, Validation loss 73760.4912109375
2022-01-24 14:11:20,963:INFO:Epoch 45, Training loss 73750.9208984375, Validation loss 73760.77734375
2022-01-24 14:11:23,597:INFO:Epoch 46, Training loss 73750.783203125, Validation loss 73760.845703125
2022-01-24 14:11:26,064:INFO:Epoch 47, Training loss 73750.61328125, Validation loss 73761.0595703125
2022-01-24 14:11:28,528:INFO:Epoch 48, Training loss 73750.5673828125, Validation loss 73760.966796875
2022-01-24 14:11:31,012:INFO:Epoch 49, Training loss 73750.60546875, Validation loss 73761.166015625
2022-01-24 14:11:33,507:INFO:Epoch 50, Training loss 73750.1416015625, Validation loss 73761.5537109375
2022-01-24 14:11:35,992:INFO:Epoch 51, Training loss 73749.8876953125, Validation loss 73761.4716796875
2022-01-24 14:11:38,449:INFO:Epoch 52, Training loss 73749.708984375, Validation loss 73761.607421875
2022-01-24 14:11:40,940:INFO:Epoch 53, Training loss 73749.763671875, Validation loss 73761.65234375
2022-01-24 14:11:43,428:INFO:Epoch 54, Training loss 73749.41796875, Validation loss 73762.0439453125
2022-01-24 14:11:45,919:INFO:Epoch 55, Training loss 73749.107421875, Validation loss 73762.134765625
2022-01-24 14:11:48,369:INFO:Epoch 56, Training loss 73748.982421875, Validation loss 73762.0927734375
2022-01-24 14:11:48,374:INFO:Finished training
