2021-11-18 16:13:49,974:INFO:All directories created, ready to load the data
2021-11-18 16:13:50,018:INFO:Dataset loaded from /data/theorie/jthoeve/event_generation/events_high_stats/lin/cHq3/events_3.npy
2021-11-18 16:13:50,056:INFO:Dataset loaded from /data/theorie/jthoeve/event_generation/events_high_stats/sm/events_3.npy
2021-11-18 16:13:53,879:INFO:Epoch 1, Training loss 77780.1015625, Validation loss 77074.4140625
2021-11-18 16:13:57,735:INFO:Epoch 2, Training loss 77066.5625, Validation loss 76473.703125
2021-11-18 16:14:01,651:INFO:Epoch 3, Training loss 76466.953125, Validation loss 75967.5
2021-11-18 16:14:05,472:INFO:Epoch 4, Training loss 75961.5625, Validation loss 75537.1796875
2021-11-18 16:14:09,348:INFO:Epoch 5, Training loss 75531.4453125, Validation loss 75171.9453125
2021-11-18 16:14:13,130:INFO:Epoch 6, Training loss 75166.4296875, Validation loss 74863.546875
2021-11-18 16:14:16,978:INFO:Epoch 7, Training loss 74858.328125, Validation loss 74605.5625
2021-11-18 16:14:20,836:INFO:Epoch 8, Training loss 74600.5625, Validation loss 74392.9921875
2021-11-18 16:14:24,641:INFO:Epoch 9, Training loss 74388.03125, Validation loss 74220.9609375
2021-11-18 16:14:28,428:INFO:Epoch 10, Training loss 74215.9140625, Validation loss 74084.703125
2021-11-18 16:14:32,191:INFO:Epoch 11, Training loss 74079.4765625, Validation loss 73979.828125
2021-11-18 16:14:36,025:INFO:Epoch 12, Training loss 73974.6171875, Validation loss 73902.3515625
2021-11-18 16:14:39,919:INFO:Epoch 13, Training loss 73896.9921875, Validation loss 73848.15625
2021-11-18 16:14:43,733:INFO:Epoch 14, Training loss 73842.921875, Validation loss 73814.0234375
2021-11-18 16:14:47,571:INFO:Epoch 15, Training loss 73808.84375, Validation loss 73796.40625
2021-11-18 16:14:51,417:INFO:Epoch 16, Training loss 73791.265625, Validation loss 73791.6875
2021-11-18 16:14:55,234:INFO:Epoch 17, Training loss 73786.609375, Validation loss 73796.34375
2021-11-18 16:14:59,085:INFO:Epoch 18, Training loss 73791.4453125, Validation loss 73806.5859375
2021-11-18 16:15:02,999:INFO:Epoch 19, Training loss 73802.0390625, Validation loss 73819.0546875
2021-11-18 16:15:06,785:INFO:Epoch 20, Training loss 73814.8671875, Validation loss 73830.9609375
2021-11-18 16:15:10,639:INFO:Epoch 21, Training loss 73827.1171875, Validation loss 73840.4140625
2021-11-18 16:15:14,417:INFO:Epoch 22, Training loss 73836.8828125, Validation loss 73846.390625
2021-11-18 16:15:18,266:INFO:Epoch 23, Training loss 73843.15625, Validation loss 73848.6171875
2021-11-18 16:15:22,125:INFO:Epoch 24, Training loss 73845.6953125, Validation loss 73847.234375
2021-11-18 16:15:25,927:INFO:Epoch 25, Training loss 73844.6484375, Validation loss 73842.7890625
2021-11-18 16:15:29,856:INFO:Epoch 26, Training loss 73840.515625, Validation loss 73836.0234375
2021-11-18 16:15:33,755:INFO:Epoch 27, Training loss 73834.0, Validation loss 73827.6015625
2021-11-18 16:15:37,542:INFO:Epoch 28, Training loss 73825.9296875, Validation loss 73818.2890625
2021-11-18 16:15:41,384:INFO:Epoch 29, Training loss 73816.96875, Validation loss 73808.59375
2021-11-18 16:15:45,051:INFO:Epoch 30, Training loss 73807.5546875, Validation loss 73798.90625
2021-11-18 16:15:48,846:INFO:Epoch 31, Training loss 73798.046875, Validation loss 73789.703125
2021-11-18 16:15:52,727:INFO:Epoch 32, Training loss 73788.9375, Validation loss 73781.25
2021-11-18 16:15:56,566:INFO:Epoch 33, Training loss 73780.5703125, Validation loss 73773.828125
2021-11-18 16:16:00,434:INFO:Epoch 34, Training loss 73773.265625, Validation loss 73767.625
2021-11-18 16:16:04,274:INFO:Epoch 35, Training loss 73767.109375, Validation loss 73762.703125
2021-11-18 16:16:08,098:INFO:Epoch 36, Training loss 73762.1875, Validation loss 73759.140625
2021-11-18 16:16:11,946:INFO:Epoch 37, Training loss 73758.5234375, Validation loss 73756.96875
2021-11-18 16:16:15,756:INFO:Epoch 38, Training loss 73756.15625, Validation loss 73755.984375
2021-11-18 16:16:19,623:INFO:Epoch 39, Training loss 73755.0, Validation loss 73755.9453125
2021-11-18 16:16:23,525:INFO:Epoch 40, Training loss 73754.875, Validation loss 73756.609375
2021-11-18 16:16:27,844:INFO:Epoch 41, Training loss 73755.4921875, Validation loss 73757.6640625
2021-11-18 16:16:31,745:INFO:Epoch 42, Training loss 73756.546875, Validation loss 73758.8203125
2021-11-18 16:16:35,507:INFO:Epoch 43, Training loss 73757.7109375, Validation loss 73759.7734375
2021-11-18 16:16:39,331:INFO:Epoch 44, Training loss 73758.7109375, Validation loss 73760.3515625
2021-11-18 16:16:43,198:INFO:Epoch 45, Training loss 73759.34375, Validation loss 73760.5078125
2021-11-18 16:16:47,018:INFO:Epoch 46, Training loss 73759.5703125, Validation loss 73760.265625
2021-11-18 16:16:50,876:INFO:Epoch 47, Training loss 73759.3671875, Validation loss 73759.6796875
2021-11-18 16:16:54,814:INFO:Epoch 48, Training loss 73758.84375, Validation loss 73758.84375
2021-11-18 16:16:58,652:INFO:Epoch 49, Training loss 73758.0703125, Validation loss 73757.859375
2021-11-18 16:17:02,376:INFO:Epoch 50, Training loss 73757.171875, Validation loss 73756.8203125
2021-11-18 16:17:06,155:INFO:Epoch 51, Training loss 73756.2578125, Validation loss 73755.8359375
2021-11-18 16:17:10,011:INFO:Epoch 52, Training loss 73755.3828125, Validation loss 73754.9765625
2021-11-18 16:17:13,923:INFO:Epoch 53, Training loss 73754.6171875, Validation loss 73754.234375
2021-11-18 16:17:17,737:INFO:Epoch 54, Training loss 73753.9765625, Validation loss 73753.640625
2021-11-18 16:17:21,622:INFO:Epoch 55, Training loss 73753.46875, Validation loss 73753.2265625
2021-11-18 16:17:25,506:INFO:Epoch 56, Training loss 73753.1015625, Validation loss 73752.96875
2021-11-18 16:17:29,304:INFO:Epoch 57, Training loss 73752.859375, Validation loss 73752.828125
2021-11-18 16:17:33,112:INFO:Epoch 58, Training loss 73752.7265625, Validation loss 73752.7890625
2021-11-18 16:17:36,847:INFO:Epoch 59, Training loss 73752.6796875, Validation loss 73752.8125
2021-11-18 16:17:40,651:INFO:Epoch 60, Training loss 73752.703125, Validation loss 73752.8828125
2021-11-18 16:17:45,178:INFO:Epoch 61, Training loss 73752.7578125, Validation loss 73752.9765625
2021-11-18 16:17:48,937:INFO:Epoch 62, Training loss 73752.828125, Validation loss 73753.078125
2021-11-18 16:17:52,774:INFO:Epoch 63, Training loss 73752.8984375, Validation loss 73753.1640625
2021-11-18 16:17:56,495:INFO:Epoch 64, Training loss 73752.9609375, Validation loss 73753.2265625
2021-11-18 16:18:00,273:INFO:Epoch 65, Training loss 73753.0, Validation loss 73753.2578125
2021-11-18 16:18:04,083:INFO:Epoch 66, Training loss 73753.0078125, Validation loss 73753.2578125
2021-11-18 16:18:07,844:INFO:Epoch 67, Training loss 73752.984375, Validation loss 73753.2265625
2021-11-18 16:18:11,622:INFO:Epoch 68, Training loss 73752.921875, Validation loss 73753.1796875
2021-11-18 16:18:15,359:INFO:Epoch 69, Training loss 73752.8359375, Validation loss 73753.1015625
2021-11-18 16:18:19,089:INFO:Epoch 70, Training loss 73752.7265625, Validation loss 73753.015625
2021-11-18 16:18:22,931:INFO:Epoch 71, Training loss 73752.59375, Validation loss 73752.921875
2021-11-18 16:18:26,675:INFO:Epoch 72, Training loss 73752.46875, Validation loss 73752.84375
2021-11-18 16:18:30,501:INFO:Epoch 73, Training loss 73752.3359375, Validation loss 73752.765625
2021-11-18 16:18:34,315:INFO:Epoch 74, Training loss 73752.21875, Validation loss 73752.703125
2021-11-18 16:18:38,087:INFO:Epoch 75, Training loss 73752.109375, Validation loss 73752.65625
2021-11-18 16:18:41,925:INFO:Epoch 76, Training loss 73752.0234375, Validation loss 73752.6328125
2021-11-18 16:18:45,765:INFO:Epoch 77, Training loss 73751.9453125, Validation loss 73752.609375
2021-11-18 16:18:49,562:INFO:Epoch 78, Training loss 73751.8828125, Validation loss 73752.609375
2021-11-18 16:18:53,359:INFO:Epoch 79, Training loss 73751.84375, Validation loss 73752.6171875
2021-11-18 16:18:57,103:INFO:Epoch 80, Training loss 73751.8125, Validation loss 73752.625
2021-11-18 16:19:00,912:INFO:Epoch 81, Training loss 73751.796875, Validation loss 73752.6484375
2021-11-18 16:19:04,734:INFO:Epoch 82, Training loss 73751.78125, Validation loss 73752.6640625
2021-11-18 16:19:08,520:INFO:Epoch 83, Training loss 73751.765625, Validation loss 73752.6796875
2021-11-18 16:19:12,337:INFO:Epoch 84, Training loss 73751.75, Validation loss 73752.6875
2021-11-18 16:19:16,112:INFO:Epoch 85, Training loss 73751.734375, Validation loss 73752.6875
2021-11-18 16:19:19,887:INFO:Epoch 86, Training loss 73751.703125, Validation loss 73752.6796875
2021-11-18 16:19:23,701:INFO:Epoch 87, Training loss 73751.6640625, Validation loss 73752.6640625
2021-11-18 16:19:27,358:INFO:Epoch 88, Training loss 73751.6171875, Validation loss 73752.6484375
2021-11-18 16:19:31,138:INFO:Epoch 89, Training loss 73751.5625, Validation loss 73752.625
2021-11-18 16:19:34,967:INFO:Epoch 90, Training loss 73751.5, Validation loss 73752.609375
2021-11-18 16:19:38,750:INFO:Epoch 91, Training loss 73751.4453125, Validation loss 73752.5859375
2021-11-18 16:19:42,578:INFO:Epoch 92, Training loss 73751.390625, Validation loss 73752.5703125
2021-11-18 16:19:46,344:INFO:Epoch 93, Training loss 73751.3515625, Validation loss 73752.5546875
2021-11-18 16:19:50,116:INFO:Epoch 94, Training loss 73751.3125, Validation loss 73752.546875
2021-11-18 16:19:53,943:INFO:Epoch 95, Training loss 73751.2734375, Validation loss 73752.546875
2021-11-18 16:19:57,708:INFO:Epoch 96, Training loss 73751.234375, Validation loss 73752.546875
2021-11-18 16:20:01,533:INFO:Epoch 97, Training loss 73751.203125, Validation loss 73752.546875
2021-11-18 16:20:05,393:INFO:Epoch 98, Training loss 73751.171875, Validation loss 73752.546875
2021-11-18 16:20:09,184:INFO:Epoch 99, Training loss 73751.140625, Validation loss 73752.546875
2021-11-18 16:20:13,044:INFO:Epoch 100, Training loss 73751.109375, Validation loss 73752.546875
2021-11-18 16:20:16,793:INFO:Epoch 101, Training loss 73751.0703125, Validation loss 73752.5390625
2021-11-18 16:20:20,597:INFO:Epoch 102, Training loss 73751.0390625, Validation loss 73752.5390625
2021-11-18 16:20:24,419:INFO:Epoch 103, Training loss 73751.0, Validation loss 73752.5390625
2021-11-18 16:20:28,235:INFO:Epoch 104, Training loss 73750.9609375, Validation loss 73752.546875
2021-11-18 16:20:32,101:INFO:Epoch 105, Training loss 73750.921875, Validation loss 73752.546875
2021-11-18 16:20:35,976:INFO:Epoch 106, Training loss 73750.890625, Validation loss 73752.5546875
2021-11-18 16:20:39,658:INFO:Epoch 107, Training loss 73750.8515625, Validation loss 73752.5625
2021-11-18 16:20:43,375:INFO:Epoch 108, Training loss 73750.8125, Validation loss 73752.5703125
2021-11-18 16:20:47,138:INFO:Epoch 109, Training loss 73750.78125, Validation loss 73752.5859375
2021-11-18 16:20:50,958:INFO:Epoch 110, Training loss 73750.75, Validation loss 73752.59375
2021-11-18 16:20:54,804:INFO:Epoch 111, Training loss 73750.71875, Validation loss 73752.59375
2021-11-18 16:20:58,595:INFO:Epoch 112, Training loss 73750.6875, Validation loss 73752.6015625
2021-11-18 16:21:02,463:INFO:Epoch 113, Training loss 73750.65625, Validation loss 73752.609375
2021-11-18 16:21:06,357:INFO:Epoch 114, Training loss 73750.6171875, Validation loss 73752.609375
2021-11-18 16:21:10,156:INFO:Epoch 115, Training loss 73750.578125, Validation loss 73752.6171875
2021-11-18 16:21:13,987:INFO:Epoch 116, Training loss 73750.546875, Validation loss 73752.6171875
2021-11-18 16:21:17,778:INFO:Epoch 117, Training loss 73750.5078125, Validation loss 73752.625
2021-11-18 16:21:21,611:INFO:Epoch 118, Training loss 73750.4765625, Validation loss 73752.6328125
2021-11-18 16:21:25,465:INFO:Epoch 119, Training loss 73750.4453125, Validation loss 73752.640625
2021-11-18 16:21:29,301:INFO:Epoch 120, Training loss 73750.4140625, Validation loss 73752.65625
2021-11-18 16:21:33,188:INFO:Epoch 121, Training loss 73750.3828125, Validation loss 73752.6640625
2021-11-18 16:21:36,994:INFO:Epoch 122, Training loss 73750.3515625, Validation loss 73752.6796875
2021-11-18 16:21:40,823:INFO:Epoch 123, Training loss 73750.3125, Validation loss 73752.6953125
2021-11-18 16:21:44,668:INFO:Epoch 124, Training loss 73750.2734375, Validation loss 73752.7109375
2021-11-18 16:21:48,467:INFO:Epoch 125, Training loss 73750.2421875, Validation loss 73752.7265625
2021-11-18 16:21:52,257:INFO:Epoch 126, Training loss 73750.2109375, Validation loss 73752.7421875
2021-11-18 16:21:56,028:INFO:Epoch 127, Training loss 73750.1796875, Validation loss 73752.7578125
2021-11-18 16:21:59,861:INFO:Epoch 128, Training loss 73750.1484375, Validation loss 73752.765625
2021-11-18 16:22:03,695:INFO:Epoch 129, Training loss 73750.1171875, Validation loss 73752.78125
2021-11-18 16:22:07,482:INFO:Epoch 130, Training loss 73750.0859375, Validation loss 73752.796875
2021-11-18 16:22:11,312:INFO:Epoch 131, Training loss 73750.046875, Validation loss 73752.8046875
2021-11-18 16:22:15,165:INFO:Epoch 132, Training loss 73750.015625, Validation loss 73752.8203125
2021-11-18 16:22:18,963:INFO:Epoch 133, Training loss 73749.984375, Validation loss 73752.8359375
2021-11-18 16:22:22,844:INFO:Epoch 134, Training loss 73749.953125, Validation loss 73752.8515625
2021-11-18 16:22:26,750:INFO:Epoch 135, Training loss 73749.9296875, Validation loss 73752.859375
2021-11-18 16:22:30,629:INFO:Epoch 136, Training loss 73749.8984375, Validation loss 73752.875
2021-11-18 16:22:34,484:INFO:Epoch 137, Training loss 73749.8671875, Validation loss 73752.8984375
2021-11-18 16:22:38,285:INFO:Epoch 138, Training loss 73749.84375, Validation loss 73752.9140625
2021-11-18 16:22:42,135:INFO:Epoch 139, Training loss 73749.8125, Validation loss 73752.9375
2021-11-18 16:22:46,020:INFO:Epoch 140, Training loss 73749.78125, Validation loss 73752.953125
2021-11-18 16:22:49,845:INFO:Epoch 141, Training loss 73749.7578125, Validation loss 73752.9765625
2021-11-18 16:22:53,734:INFO:Epoch 142, Training loss 73749.7265625, Validation loss 73752.9921875
2021-11-18 16:22:57,660:INFO:Epoch 143, Training loss 73749.6953125, Validation loss 73753.015625
2021-11-18 16:23:01,485:INFO:Epoch 144, Training loss 73749.6640625, Validation loss 73753.0390625
2021-11-18 16:23:05,280:INFO:Epoch 145, Training loss 73749.6328125, Validation loss 73753.0703125
2021-11-18 16:23:08,967:INFO:Epoch 146, Training loss 73749.6015625, Validation loss 73753.09375
2021-11-18 16:23:12,814:INFO:Epoch 147, Training loss 73749.578125, Validation loss 73753.1171875
2021-11-18 16:23:16,702:INFO:Epoch 148, Training loss 73749.546875, Validation loss 73753.1484375
2021-11-18 16:23:20,524:INFO:Epoch 149, Training loss 73749.515625, Validation loss 73753.171875
2021-11-18 16:23:24,410:INFO:Epoch 150, Training loss 73749.484375, Validation loss 73753.1875
2021-11-18 16:23:28,183:INFO:Epoch 151, Training loss 73749.453125, Validation loss 73753.2109375
2021-11-18 16:23:32,054:INFO:Epoch 152, Training loss 73749.421875, Validation loss 73753.234375
2021-11-18 16:23:35,909:INFO:Epoch 153, Training loss 73749.3984375, Validation loss 73753.2578125
2021-11-18 16:23:35,916:INFO:Finished training, producing training report at /data/theorie/jthoeve/ML4EFT_higgs/models/17_11/model_final_lin_cHq3_v7/mc_run_3/plots/training_report/
2021-11-18 16:23:38,941:WARNING:findfont: Font family ['sans-serif'] not found. Falling back to DejaVu Sans.
