8.466853125000000000e+04
8.466853125000000000e+04
8.466853125000000000e+04
8.466853125000000000e+04
8.466853125000000000e+04
8.466853125000000000e+04
8.466853125000000000e+04
8.466853125000000000e+04
8.466853125000000000e+04
8.466853125000000000e+04
8.466853125000000000e+04
8.466853125000000000e+04
8.466853125000000000e+04
7.377455468750000000e+04
7.376846093750000000e+04
7.376768750000000000e+04
7.377007031250000000e+04
7.376878125000000000e+04
7.376590625000000000e+04
7.376483593750000000e+04
7.376578125000000000e+04
7.376630468750000000e+04
7.376537500000000000e+04
7.376403906250000000e+04
7.376363281250000000e+04
7.376416406250000000e+04
7.376442187500000000e+04
7.376382031250000000e+04
7.376297656250000000e+04
7.376271093750000000e+04
7.376303125000000000e+04
7.376314843750000000e+04
7.376267968750000000e+04
7.376207031250000000e+04
7.376185156250000000e+04
7.376200000000000000e+04
7.376196093750000000e+04
7.376153906250000000e+04
7.376115625000000000e+04
7.376112500000000000e+04
7.376118750000000000e+04
7.376103125000000000e+04
7.376069531250000000e+04
7.376047656250000000e+04
7.376043750000000000e+04
7.376035937500000000e+04
7.376010156250000000e+04
7.375981250000000000e+04
7.375969531250000000e+04
7.375961718750000000e+04
7.375942187500000000e+04
7.375917187500000000e+04
7.375900781250000000e+04
7.375887500000000000e+04
7.375869531250000000e+04
7.375849218750000000e+04
7.375831250000000000e+04
7.375814062500000000e+04
7.375792968750000000e+04
7.375769531250000000e+04
7.375750000000000000e+04
7.375730468750000000e+04
7.375707812500000000e+04
7.375685156250000000e+04
7.375665625000000000e+04
7.375645312500000000e+04
7.375623437500000000e+04
7.375604687500000000e+04
7.375584375000000000e+04
