7.385278125000000000e+04
7.380373437500000000e+04
7.377223437500000000e+04
7.376008593750000000e+04
7.376458593750000000e+04
7.377521093750000000e+04
7.378090625000000000e+04
7.377884375000000000e+04
7.377207031250000000e+04
7.376453906250000000e+04
7.375903906250000000e+04
7.375668750000000000e+04
7.375716406250000000e+04
7.375920312500000000e+04
7.376145312500000000e+04
7.376276562500000000e+04
7.376267968750000000e+04
7.376135156250000000e+04
7.375936718750000000e+04
7.375741406250000000e+04
7.375607031250000000e+04
7.375565625000000000e+04
7.375609375000000000e+04
7.375695312500000000e+04
7.375767968750000000e+04
7.375786718750000000e+04
7.375741406250000000e+04
7.375655468750000000e+04
7.375564062500000000e+04
7.375499218750000000e+04
7.375475000000000000e+04
7.375484375000000000e+04
7.375510156250000000e+04
7.375531250000000000e+04
7.375532031250000000e+04
7.375509375000000000e+04
7.375471093750000000e+04
7.375427343750000000e+04
7.375393750000000000e+04
7.375377343750000000e+04
7.375374218750000000e+04
7.375377343750000000e+04
7.375374218750000000e+04
7.375359375000000000e+04
7.375331250000000000e+04
7.375300781250000000e+04
7.375275000000000000e+04
7.375260937500000000e+04
7.375253906250000000e+04
7.375246875000000000e+04
7.375233593750000000e+04
7.375212500000000000e+04
7.375186718750000000e+04
7.375162500000000000e+04
7.375142968750000000e+04
7.375128125000000000e+04
7.375113281250000000e+04
7.375096093750000000e+04
7.375073437500000000e+04
7.375050000000000000e+04
7.375028906250000000e+04
