2022-01-24 14:05:52,822:INFO:All directories created, ready to load the data
2022-01-24 14:05:52,891:INFO:Dataset loaded from /data/theorie/jthoeve/event_generation/events_high_stats/pT/lin/cHW/events_3.npy
2022-01-24 14:05:52,968:INFO:Dataset loaded from /data/theorie/jthoeve/event_generation/events_high_stats/pT/sm/events_3.npy
2022-01-24 14:05:55,379:INFO:Epoch 1, Training loss 130027.994140625, Validation loss 126426.447265625
2022-01-24 14:05:57,785:INFO:Epoch 2, Training loss 124293.701171875, Validation loss 121346.3515625
2022-01-24 14:06:00,175:INFO:Epoch 3, Training loss 119677.505859375, Validation loss 117382.125
2022-01-24 14:06:02,618:INFO:Epoch 4, Training loss 116043.294921875, Validation loss 114211.8828125
2022-01-24 14:06:05,078:INFO:Epoch 5, Training loss 113155.037109375, Validation loss 111768.4921875
2022-01-24 14:06:07,817:INFO:Epoch 6, Training loss 111043.279296875, Validation loss 110188.328125
2022-01-24 14:06:10,285:INFO:Epoch 7, Training loss 109824.205078125, Validation loss 109495.9140625
2022-01-24 14:06:12,785:INFO:Epoch 8, Training loss 109415.814453125, Validation loss 109441.162109375
2022-01-24 14:06:15,254:INFO:Epoch 9, Training loss 109450.87890625, Validation loss 109508.12890625
2022-01-24 14:06:17,697:INFO:Epoch 10, Training loss 109462.337890625, Validation loss 109428.958984375
2022-01-24 14:06:20,174:INFO:Epoch 11, Training loss 109357.080078125, Validation loss 109311.63671875
2022-01-24 14:06:22,657:INFO:Epoch 12, Training loss 109272.109375, Validation loss 109279.46875
2022-01-24 14:06:25,147:INFO:Epoch 13, Training loss 109259.19140625, Validation loss 109266.673828125
2022-01-24 14:06:27,598:INFO:Epoch 14, Training loss 109235.015625, Validation loss 109228.908203125
2022-01-24 14:06:30,097:INFO:Epoch 15, Training loss 109199.353515625, Validation loss 109201.8125
2022-01-24 14:06:32,548:INFO:Epoch 16, Training loss 109177.548828125, Validation loss 109181.228515625
2022-01-24 14:06:35,067:INFO:Epoch 17, Training loss 109154.533203125, Validation loss 109152.697265625
2022-01-24 14:06:37,522:INFO:Epoch 18, Training loss 109127.005859375, Validation loss 109122.37890625
2022-01-24 14:06:40,013:INFO:Epoch 19, Training loss 109099.888671875, Validation loss 109094.5859375
2022-01-24 14:06:42,465:INFO:Epoch 20, Training loss 109075.048828125, Validation loss 109067.814453125
2022-01-24 14:06:44,981:INFO:Epoch 21, Training loss 109050.318359375, Validation loss 109039.916015625
2022-01-24 14:06:47,444:INFO:Epoch 22, Training loss 109023.03125, Validation loss 109011.609375
2022-01-24 14:06:49,913:INFO:Epoch 23, Training loss 108994.294921875, Validation loss 108980.46875
2022-01-24 14:06:52,391:INFO:Epoch 24, Training loss 108964.685546875, Validation loss 108947.271484375
2022-01-24 14:06:54,889:INFO:Epoch 25, Training loss 108933.396484375, Validation loss 108913.259765625
2022-01-24 14:06:57,358:INFO:Epoch 26, Training loss 108901.095703125, Validation loss 108877.8359375
2022-01-24 14:06:59,827:INFO:Epoch 27, Training loss 108867.923828125, Validation loss 108842.720703125
2022-01-24 14:07:02,317:INFO:Epoch 28, Training loss 108834.91796875, Validation loss 108808.119140625
2022-01-24 14:07:04,809:INFO:Epoch 29, Training loss 108801.662109375, Validation loss 108773.572265625
2022-01-24 14:07:07,284:INFO:Epoch 30, Training loss 108770.220703125, Validation loss 108737.068359375
2022-01-24 14:07:09,744:INFO:Epoch 31, Training loss 108737.009765625, Validation loss 108705.7265625
2022-01-24 14:07:12,240:INFO:Epoch 32, Training loss 108709.703125, Validation loss 108672.181640625
2022-01-24 14:07:14,734:INFO:Epoch 33, Training loss 108681.630859375, Validation loss 108646.51953125
2022-01-24 14:07:17,227:INFO:Epoch 34, Training loss 108658.705078125, Validation loss 108622.19140625
2022-01-24 14:07:19,667:INFO:Epoch 35, Training loss 108642.958984375, Validation loss 108603.2109375
2022-01-24 14:07:22,161:INFO:Epoch 36, Training loss 108629.943359375, Validation loss 108589.533203125
2022-01-24 14:07:24,607:INFO:Epoch 37, Training loss 108622.14453125, Validation loss 108580.05859375
2022-01-24 14:07:27,128:INFO:Epoch 38, Training loss 108617.009765625, Validation loss 108583.962890625
2022-01-24 14:07:29,590:INFO:Epoch 39, Training loss 108608.880859375, Validation loss 108571.0390625
2022-01-24 14:07:32,098:INFO:Epoch 40, Training loss 108604.8515625, Validation loss 108571.64453125
2022-01-24 14:07:34,557:INFO:Epoch 41, Training loss 108596.427734375, Validation loss 108567.01953125
2022-01-24 14:07:37,069:INFO:Epoch 42, Training loss 108597.857421875, Validation loss 108566.732421875
2022-01-24 14:07:39,539:INFO:Epoch 43, Training loss 108595.744140625, Validation loss 108560.669921875
2022-01-24 14:07:42,031:INFO:Epoch 44, Training loss 108590.36328125, Validation loss 108559.41796875
2022-01-24 14:07:44,510:INFO:Epoch 45, Training loss 108588.2109375, Validation loss 108559.16015625
2022-01-24 14:07:47,019:INFO:Epoch 46, Training loss 108587.458984375, Validation loss 108556.634765625
2022-01-24 14:07:49,495:INFO:Epoch 47, Training loss 108585.50390625, Validation loss 108556.5078125
2022-01-24 14:07:51,973:INFO:Epoch 48, Training loss 108584.193359375, Validation loss 108555.896484375
2022-01-24 14:07:54,459:INFO:Epoch 49, Training loss 108581.72265625, Validation loss 108554.890625
2022-01-24 14:07:56,957:INFO:Epoch 50, Training loss 108581.611328125, Validation loss 108553.458984375
2022-01-24 14:07:59,443:INFO:Epoch 51, Training loss 108580.27734375, Validation loss 108553.16796875
2022-01-24 14:08:01,903:INFO:Epoch 52, Training loss 108580.927734375, Validation loss 108553.974609375
2022-01-24 14:08:04,397:INFO:Epoch 53, Training loss 108579.77734375, Validation loss 108550.423828125
2022-01-24 14:08:06,881:INFO:Epoch 54, Training loss 108575.759765625, Validation loss 108555.041015625
2022-01-24 14:08:09,380:INFO:Epoch 55, Training loss 108575.5625, Validation loss 108550.6171875
2022-01-24 14:08:11,825:INFO:Epoch 56, Training loss 108573.302734375, Validation loss 108550.494140625
2022-01-24 14:08:14,327:INFO:Epoch 57, Training loss 108574.86328125, Validation loss 108552.037109375
2022-01-24 14:08:16,781:INFO:Epoch 58, Training loss 108574.59765625, Validation loss 108549.271484375
2022-01-24 14:08:19,307:INFO:Epoch 59, Training loss 108571.5546875, Validation loss 108550.294921875
2022-01-24 14:08:21,776:INFO:Epoch 60, Training loss 108570.03125, Validation loss 108548.50390625
2022-01-24 14:08:24,266:INFO:Epoch 61, Training loss 108571.158203125, Validation loss 108546.67578125
2022-01-24 14:08:26,732:INFO:Epoch 62, Training loss 108569.734375, Validation loss 108552.763671875
2022-01-24 14:08:29,250:INFO:Epoch 63, Training loss 108569.03515625, Validation loss 108548.216796875
2022-01-24 14:08:31,715:INFO:Epoch 64, Training loss 108567.2734375, Validation loss 108549.818359375
2022-01-24 14:08:34,196:INFO:Epoch 65, Training loss 108566.896484375, Validation loss 108546.876953125
2022-01-24 14:08:36,675:INFO:Epoch 66, Training loss 108566.546875, Validation loss 108548.3671875
2022-01-24 14:08:39,177:INFO:Epoch 67, Training loss 108566.0859375, Validation loss 108546.236328125
2022-01-24 14:08:41,650:INFO:Epoch 68, Training loss 108566.11328125, Validation loss 108547.53125
2022-01-24 14:08:44,119:INFO:Epoch 69, Training loss 108565.587890625, Validation loss 108545.78125
2022-01-24 14:08:46,591:INFO:Epoch 70, Training loss 108565.115234375, Validation loss 108544.998046875
2022-01-24 14:08:49,094:INFO:Epoch 71, Training loss 108566.259765625, Validation loss 108547.21484375
2022-01-24 14:08:51,582:INFO:Epoch 72, Training loss 108571.837890625, Validation loss 108550.078125
2022-01-24 14:08:54,039:INFO:Epoch 73, Training loss 108574.26953125, Validation loss 108559.173828125
2022-01-24 14:08:56,546:INFO:Epoch 74, Training loss 108574.9921875, Validation loss 108549.205078125
2022-01-24 14:08:59,036:INFO:Epoch 75, Training loss 108569.271484375, Validation loss 108556.4453125
2022-01-24 14:09:01,530:INFO:Epoch 76, Training loss 108565.32421875, Validation loss 108547.986328125
2022-01-24 14:09:03,974:INFO:Epoch 77, Training loss 108567.447265625, Validation loss 108554.419921875
2022-01-24 14:09:06,470:INFO:Epoch 78, Training loss 108562.146484375, Validation loss 108548.150390625
2022-01-24 14:09:08,923:INFO:Epoch 79, Training loss 108565.96484375, Validation loss 108550.94140625
2022-01-24 14:09:11,456:INFO:Epoch 80, Training loss 108560.3515625, Validation loss 108544.13671875
2022-01-24 14:09:13,921:INFO:Epoch 81, Training loss 108559.185546875, Validation loss 108546.625
2022-01-24 14:09:16,411:INFO:Epoch 82, Training loss 108562.4609375, Validation loss 108547.57421875
2022-01-24 14:09:18,886:INFO:Epoch 83, Training loss 108561.896484375, Validation loss 108547.025390625
2022-01-24 14:09:21,406:INFO:Epoch 84, Training loss 108562.169921875, Validation loss 108543.72265625
2022-01-24 14:09:23,873:INFO:Epoch 85, Training loss 108558.615234375, Validation loss 108544.49609375
2022-01-24 14:09:26,355:INFO:Epoch 86, Training loss 108558.048828125, Validation loss 108542.291015625
2022-01-24 14:09:28,843:INFO:Epoch 87, Training loss 108557.96484375, Validation loss 108542.794921875
2022-01-24 14:09:31,347:INFO:Epoch 88, Training loss 108557.015625, Validation loss 108541.634765625
2022-01-24 14:09:33,841:INFO:Epoch 89, Training loss 108556.28515625, Validation loss 108543.955078125
2022-01-24 14:09:36,328:INFO:Epoch 90, Training loss 108556.240234375, Validation loss 108541.720703125
2022-01-24 14:09:38,815:INFO:Epoch 91, Training loss 108555.544921875, Validation loss 108542.80859375
2022-01-24 14:09:41,337:INFO:Epoch 92, Training loss 108555.8828125, Validation loss 108541.365234375
2022-01-24 14:09:43,835:INFO:Epoch 93, Training loss 108555.30078125, Validation loss 108542.40625
2022-01-24 14:09:46,316:INFO:Epoch 94, Training loss 108557.3046875, Validation loss 108541.32421875
2022-01-24 14:09:48,826:INFO:Epoch 95, Training loss 108557.685546875, Validation loss 108542.693359375
2022-01-24 14:09:51,334:INFO:Epoch 96, Training loss 108557.7109375, Validation loss 108547.23046875
2022-01-24 14:09:53,852:INFO:Epoch 97, Training loss 108556.552734375, Validation loss 108544.74609375
2022-01-24 14:09:56,327:INFO:Epoch 98, Training loss 108560.8671875, Validation loss 108543.751953125
2022-01-24 14:09:58,847:INFO:Epoch 99, Training loss 108553.951171875, Validation loss 108540.0859375
2022-01-24 14:10:01,318:INFO:Epoch 100, Training loss 108554.501953125, Validation loss 108541.12109375
2022-01-24 14:10:03,863:INFO:Epoch 101, Training loss 108554.41015625, Validation loss 108543.197265625
2022-01-24 14:10:06,343:INFO:Epoch 102, Training loss 108554.8046875, Validation loss 108543.9140625
2022-01-24 14:10:08,850:INFO:Epoch 103, Training loss 108554.640625, Validation loss 108540.40625
2022-01-24 14:10:11,334:INFO:Epoch 104, Training loss 108552.498046875, Validation loss 108545.60546875
2022-01-24 14:10:13,870:INFO:Epoch 105, Training loss 108553.115234375, Validation loss 108541.630859375
2022-01-24 14:10:16,353:INFO:Epoch 106, Training loss 108553.388671875, Validation loss 108542.2109375
2022-01-24 14:10:18,849:INFO:Epoch 107, Training loss 108557.271484375, Validation loss 108545.93359375
2022-01-24 14:10:21,339:INFO:Epoch 108, Training loss 108555.69921875, Validation loss 108547.5703125
2022-01-24 14:10:23,857:INFO:Epoch 109, Training loss 108553.154296875, Validation loss 108544.060546875
2022-01-24 14:10:26,352:INFO:Epoch 110, Training loss 108554.740234375, Validation loss 108540.98046875
2022-01-24 14:10:28,860:INFO:Epoch 111, Training loss 108553.10546875, Validation loss 108545.44140625
2022-01-24 14:10:31,365:INFO:Epoch 112, Training loss 108551.240234375, Validation loss 108542.482421875
2022-01-24 14:10:33,885:INFO:Epoch 113, Training loss 108551.861328125, Validation loss 108543.748046875
2022-01-24 14:10:36,393:INFO:Epoch 114, Training loss 108552.09765625, Validation loss 108542.689453125
2022-01-24 14:10:38,875:INFO:Epoch 115, Training loss 108550.416015625, Validation loss 108541.916015625
2022-01-24 14:10:41,384:INFO:Epoch 116, Training loss 108550.173828125, Validation loss 108542.04296875
2022-01-24 14:10:43,890:INFO:Epoch 117, Training loss 108550.73046875, Validation loss 108540.95703125
2022-01-24 14:10:46,403:INFO:Epoch 118, Training loss 108549.826171875, Validation loss 108541.478515625
2022-01-24 14:10:48,892:INFO:Epoch 119, Training loss 108550.703125, Validation loss 108542.21875
2022-01-24 14:10:51,413:INFO:Epoch 120, Training loss 108551.814453125, Validation loss 108542.083984375
2022-01-24 14:10:53,892:INFO:Epoch 121, Training loss 108551.29296875, Validation loss 108543.69140625
2022-01-24 14:10:56,447:INFO:Epoch 122, Training loss 108551.12890625, Validation loss 108541.77734375
2022-01-24 14:10:58,929:INFO:Epoch 123, Training loss 108551.591796875, Validation loss 108545.955078125
2022-01-24 14:11:01,446:INFO:Epoch 124, Training loss 108550.248046875, Validation loss 108541.3984375
2022-01-24 14:11:03,937:INFO:Epoch 125, Training loss 108551.234375, Validation loss 108542.607421875
2022-01-24 14:11:06,471:INFO:Epoch 126, Training loss 108549.3125, Validation loss 108545.634765625
2022-01-24 14:11:08,956:INFO:Epoch 127, Training loss 108548.615234375, Validation loss 108542.1328125
2022-01-24 14:11:11,456:INFO:Epoch 128, Training loss 108547.681640625, Validation loss 108542.302734375
2022-01-24 14:11:13,957:INFO:Epoch 129, Training loss 108548.177734375, Validation loss 108544.390625
2022-01-24 14:11:16,485:INFO:Epoch 130, Training loss 108548.4140625, Validation loss 108541.751953125
2022-01-24 14:11:18,975:INFO:Epoch 131, Training loss 108547.59375, Validation loss 108543.7109375
2022-01-24 14:11:21,470:INFO:Epoch 132, Training loss 108547.875, Validation loss 108541.533203125
2022-01-24 14:11:23,971:INFO:Epoch 133, Training loss 108547.30859375, Validation loss 108543.53515625
2022-01-24 14:11:26,489:INFO:Epoch 134, Training loss 108548.568359375, Validation loss 108541.796875
2022-01-24 14:11:28,994:INFO:Epoch 135, Training loss 108548.021484375, Validation loss 108542.8203125
2022-01-24 14:11:31,469:INFO:Epoch 136, Training loss 108547.62109375, Validation loss 108545.751953125
2022-01-24 14:11:33,976:INFO:Epoch 137, Training loss 108547.95703125, Validation loss 108543.43359375
2022-01-24 14:11:36,493:INFO:Epoch 138, Training loss 108545.6640625, Validation loss 108540.958984375
2022-01-24 14:11:39,012:INFO:Epoch 139, Training loss 108545.03125, Validation loss 108541.92578125
2022-01-24 14:11:41,489:INFO:Epoch 140, Training loss 108544.65234375, Validation loss 108543.341796875
2022-01-24 14:11:44,011:INFO:Epoch 141, Training loss 108544.56640625, Validation loss 108541.734375
2022-01-24 14:11:46,493:INFO:Epoch 142, Training loss 108544.62109375, Validation loss 108542.232421875
2022-01-24 14:11:49,038:INFO:Epoch 143, Training loss 108544.986328125, Validation loss 108543.8046875
2022-01-24 14:11:51,517:INFO:Epoch 144, Training loss 108544.4453125, Validation loss 108542.24609375
2022-01-24 14:11:54,035:INFO:Epoch 145, Training loss 108546.6484375, Validation loss 108544.041015625
2022-01-24 14:11:56,534:INFO:Epoch 146, Training loss 108544.033203125, Validation loss 108542.611328125
2022-01-24 14:11:59,075:INFO:Epoch 147, Training loss 108543.64453125, Validation loss 108540.81640625
2022-01-24 14:12:01,565:INFO:Epoch 148, Training loss 108544.576171875, Validation loss 108547.533203125
2022-01-24 14:12:04,071:INFO:Epoch 149, Training loss 108546.451171875, Validation loss 108544.81640625
2022-01-24 14:12:04,078:INFO:Finished training
