2022-03-03 14:19:17,916:INFO:All directories created, ready to load the data
2022-03-03 14:19:18,028:INFO:Dataset loaded from /data/theorie/jthoeve/training_data/zh/features_mzh_y_ptz_v2/lin/cHq3/events_9.pkl.gz
2022-03-03 14:19:18,082:INFO:Dataset loaded from /data/theorie/jthoeve/training_data/zh/features_mzh_y_ptz_v2/sm/events_9.pkl.gz
2022-03-03 14:19:20,299:INFO:Epoch 1, Training loss 84659.609375, Validation loss 84659.609375
2022-03-03 14:19:22,539:INFO:Epoch 2, Training loss 84659.609375, Validation loss 84659.609375
2022-03-03 14:19:24,747:INFO:Epoch 3, Training loss 84659.609375, Validation loss 84659.609375
2022-03-03 14:19:26,977:INFO:Epoch 4, Training loss 84659.609375, Validation loss 84659.609375
2022-03-03 14:19:29,244:INFO:Epoch 5, Training loss 84659.609375, Validation loss 84659.609375
2022-03-03 14:19:31,555:INFO:Epoch 6, Training loss 84659.609375, Validation loss 84659.609375
2022-03-03 14:19:33,826:INFO:Epoch 7, Training loss 84659.609375, Validation loss 84659.609375
2022-03-03 14:19:36,089:INFO:Epoch 8, Training loss 84659.609375, Validation loss 84659.609375
2022-03-03 14:19:38,361:INFO:Epoch 9, Training loss 84659.609375, Validation loss 84659.609375
2022-03-03 14:19:40,667:INFO:Epoch 10, Training loss 84659.609375, Validation loss 84659.609375
2022-03-03 14:19:42,944:INFO:Epoch 11, Training loss 84659.609375, Validation loss 84659.609375
2022-03-03 14:19:42,949:INFO:Detected stagant training, reset the weights
2022-03-03 14:19:45,195:INFO:Epoch 12, Training loss 84659.609375, Validation loss 84659.609375
2022-03-03 14:19:45,199:INFO:Detected stagant training, reset the weights
2022-03-03 14:19:47,479:INFO:Epoch 13, Training loss 79863.2861328125, Validation loss 76030.375
2022-03-03 14:19:49,767:INFO:Epoch 14, Training loss 74780.7998046875, Validation loss 73874.17578125
2022-03-03 14:19:52,060:INFO:Epoch 15, Training loss 73984.701171875, Validation loss 74279.2919921875
2022-03-03 14:19:54,296:INFO:Epoch 16, Training loss 74292.943359375, Validation loss 74238.6513671875
2022-03-03 14:19:56,586:INFO:Epoch 17, Training loss 74088.017578125, Validation loss 73918.109375
2022-03-03 14:19:58,821:INFO:Epoch 18, Training loss 73828.078125, Validation loss 73767.39453125
2022-03-03 14:20:01,159:INFO:Epoch 19, Training loss 73769.419921875, Validation loss 73785.4462890625
2022-03-03 14:20:03,407:INFO:Epoch 20, Training loss 73791.4267578125, Validation loss 73788.9951171875
2022-03-03 14:20:05,697:INFO:Epoch 21, Training loss 73780.681640625, Validation loss 73771.7958984375
2022-03-03 14:20:07,948:INFO:Epoch 22, Training loss 73763.2861328125, Validation loss 73764.12890625
2022-03-03 14:20:10,276:INFO:Epoch 23, Training loss 73757.3759765625, Validation loss 73766.15234375
2022-03-03 14:20:12,549:INFO:Epoch 24, Training loss 73758.63671875, Validation loss 73767.759765625
2022-03-03 14:20:14,815:INFO:Epoch 25, Training loss 73758.689453125, Validation loss 73766.2236328125
2022-03-03 14:20:17,076:INFO:Epoch 26, Training loss 73757.5498046875, Validation loss 73764.78515625
2022-03-03 14:20:19,381:INFO:Epoch 27, Training loss 73756.79296875, Validation loss 73764.3662109375
2022-03-03 14:20:21,652:INFO:Epoch 28, Training loss 73756.5380859375, Validation loss 73764.3515625
2022-03-03 14:20:23,902:INFO:Epoch 29, Training loss 73756.4228515625, Validation loss 73764.5
2022-03-03 14:20:26,180:INFO:Epoch 30, Training loss 73756.13671875, Validation loss 73764.7255859375
2022-03-03 14:20:28,486:INFO:Epoch 31, Training loss 73755.9052734375, Validation loss 73765.0576171875
2022-03-03 14:20:30,766:INFO:Epoch 32, Training loss 73755.7646484375, Validation loss 73765.2666015625
2022-03-03 14:20:33,013:INFO:Epoch 33, Training loss 73755.6484375, Validation loss 73765.2666015625
2022-03-03 14:20:35,297:INFO:Epoch 34, Training loss 73755.56640625, Validation loss 73765.3427734375
2022-03-03 14:20:37,599:INFO:Epoch 35, Training loss 73755.3955078125, Validation loss 73765.046875
2022-03-03 14:20:39,893:INFO:Epoch 36, Training loss 73755.2236328125, Validation loss 73764.919921875
2022-03-03 14:20:42,130:INFO:Epoch 37, Training loss 73755.111328125, Validation loss 73764.8974609375
2022-03-03 14:20:44,433:INFO:Epoch 38, Training loss 73754.966796875, Validation loss 73765.0
2022-03-03 14:20:46,674:INFO:Epoch 39, Training loss 73754.81640625, Validation loss 73765.03515625
2022-03-03 14:20:49,015:INFO:Epoch 40, Training loss 73754.8232421875, Validation loss 73764.771484375
2022-03-03 14:20:51,267:INFO:Epoch 41, Training loss 73754.6376953125, Validation loss 73764.9208984375
2022-03-03 14:20:53,556:INFO:Epoch 42, Training loss 73754.630859375, Validation loss 73764.884765625
2022-03-03 14:20:55,805:INFO:Epoch 43, Training loss 73754.4248046875, Validation loss 73764.9287109375
2022-03-03 14:20:58,135:INFO:Epoch 44, Training loss 73754.3251953125, Validation loss 73764.998046875
2022-03-03 14:21:00,399:INFO:Epoch 45, Training loss 73754.2080078125, Validation loss 73764.84375
2022-03-03 14:21:02,674:INFO:Epoch 46, Training loss 73754.095703125, Validation loss 73764.8466796875
2022-03-03 14:21:04,934:INFO:Epoch 47, Training loss 73753.9892578125, Validation loss 73764.876953125
2022-03-03 14:21:07,250:INFO:Epoch 48, Training loss 73753.93359375, Validation loss 73764.8603515625
2022-03-03 14:21:09,519:INFO:Epoch 49, Training loss 73753.826171875, Validation loss 73764.8310546875
2022-03-03 14:21:11,768:INFO:Epoch 50, Training loss 73753.8994140625, Validation loss 73764.87109375
2022-03-03 14:21:14,044:INFO:Epoch 51, Training loss 73753.6240234375, Validation loss 73765.03515625
2022-03-03 14:21:16,350:INFO:Epoch 52, Training loss 73753.546875, Validation loss 73764.94921875
2022-03-03 14:21:18,637:INFO:Epoch 53, Training loss 73753.5703125, Validation loss 73764.814453125
2022-03-03 14:21:20,896:INFO:Epoch 54, Training loss 73753.349609375, Validation loss 73765.01953125
2022-03-03 14:21:23,183:INFO:Epoch 55, Training loss 73753.234375, Validation loss 73765.34765625
2022-03-03 14:21:25,481:INFO:Epoch 56, Training loss 73753.154296875, Validation loss 73765.408203125
2022-03-03 14:21:27,774:INFO:Epoch 57, Training loss 73753.2509765625, Validation loss 73765.1376953125
2022-03-03 14:21:30,013:INFO:Epoch 58, Training loss 73753.1279296875, Validation loss 73765.4130859375
2022-03-03 14:21:32,303:INFO:Epoch 59, Training loss 73752.9560546875, Validation loss 73765.3720703125
2022-03-03 14:21:34,554:INFO:Epoch 60, Training loss 73752.84375, Validation loss 73765.3134765625
2022-03-03 14:21:36,899:INFO:Epoch 61, Training loss 73752.740234375, Validation loss 73765.353515625
2022-03-03 14:21:39,154:INFO:Epoch 62, Training loss 73752.66015625, Validation loss 73765.2197265625
2022-03-03 14:21:41,454:INFO:Epoch 63, Training loss 73752.5576171875, Validation loss 73765.3515625
2022-03-03 14:21:43,712:INFO:Epoch 64, Training loss 73752.6689453125, Validation loss 73765.1494140625
2022-03-03 14:21:46,042:INFO:Epoch 65, Training loss 73752.5625, Validation loss 73765.171875
2022-03-03 14:21:48,311:INFO:Epoch 66, Training loss 73752.283203125, Validation loss 73765.02734375
2022-03-03 14:21:50,581:INFO:Epoch 67, Training loss 73752.232421875, Validation loss 73765.0888671875
2022-03-03 14:21:52,853:INFO:Epoch 68, Training loss 73752.162109375, Validation loss 73765.3828125
2022-03-03 14:21:55,170:INFO:Epoch 69, Training loss 73752.11328125, Validation loss 73765.2177734375
2022-03-03 14:21:57,445:INFO:Epoch 70, Training loss 73751.9423828125, Validation loss 73765.2705078125
2022-03-03 14:21:59,706:INFO:Epoch 71, Training loss 73751.8056640625, Validation loss 73765.29296875
2022-03-03 14:22:01,967:INFO:Epoch 72, Training loss 73751.734375, Validation loss 73765.3984375
2022-03-03 14:22:01,973:INFO:Finished training
