2021-11-17 17:54:11,603:INFO:All directories created, ready to load the data
2021-11-17 17:54:11,700:INFO:Dataset loaded from /data/theorie/jthoeve/event_generation/events_high_stats/lin/cHW/events_14.npy
2021-11-17 17:54:11,743:INFO:Dataset loaded from /data/theorie/jthoeve/event_generation/events_high_stats/sm/events_14.npy
2021-11-17 17:54:15,144:INFO:Epoch 1, Training loss 208086.09375, Validation loss 208086.09375
2021-11-17 17:54:18,478:INFO:Epoch 2, Training loss 208086.09375, Validation loss 208086.09375
2021-11-17 17:54:21,799:INFO:Epoch 3, Training loss 208086.09375, Validation loss 208086.09375
2021-11-17 17:54:25,150:INFO:Epoch 4, Training loss 208086.09375, Validation loss 208086.09375
2021-11-17 17:54:28,469:INFO:Epoch 5, Training loss 208086.09375, Validation loss 208086.09375
2021-11-17 17:54:31,796:INFO:Epoch 6, Training loss 208086.09375, Validation loss 208086.09375
2021-11-17 17:54:35,094:INFO:Epoch 7, Training loss 208086.09375, Validation loss 208086.09375
2021-11-17 17:54:38,421:INFO:Epoch 8, Training loss 208086.09375, Validation loss 208086.09375
2021-11-17 17:54:41,716:INFO:Epoch 9, Training loss 208086.09375, Validation loss 208086.09375
2021-11-17 17:54:45,041:INFO:Epoch 10, Training loss 208086.09375, Validation loss 208086.09375
2021-11-17 17:54:48,341:INFO:Epoch 11, Training loss 208086.09375, Validation loss 208086.09375
2021-11-17 17:54:48,344:INFO:Detected stagant training, reset the weights
2021-11-17 17:54:51,665:INFO:Epoch 12, Training loss 134693.25390625, Validation loss 126906.30078125
2021-11-17 17:54:54,969:INFO:Epoch 13, Training loss 122233.576171875, Validation loss 116062.68359375
2021-11-17 17:54:58,270:INFO:Epoch 14, Training loss 113262.267578125, Validation loss 110298.64453125
2021-11-17 17:55:01,589:INFO:Epoch 15, Training loss 109837.72265625, Validation loss 109916.703125
2021-11-17 17:55:04,909:INFO:Epoch 16, Training loss 110240.646484375, Validation loss 110539.306640625
2021-11-17 17:55:08,246:INFO:Epoch 17, Training loss 110386.78125, Validation loss 110055.65625
2021-11-17 17:55:11,523:INFO:Epoch 18, Training loss 109803.203125, Validation loss 109510.349609375
2021-11-17 17:55:14,847:INFO:Epoch 19, Training loss 109410.861328125, Validation loss 109354.11328125
2021-11-17 17:55:18,124:INFO:Epoch 20, Training loss 109355.828125, Validation loss 109368.658203125
2021-11-17 17:55:21,473:INFO:Epoch 21, Training loss 109343.91015625, Validation loss 109297.927734375
2021-11-17 17:55:24,751:INFO:Epoch 22, Training loss 109251.16796875, Validation loss 109185.55859375
2021-11-17 17:55:28,080:INFO:Epoch 23, Training loss 109162.572265625, Validation loss 109135.453125
2021-11-17 17:55:31,367:INFO:Epoch 24, Training loss 109138.080078125, Validation loss 109114.013671875
2021-11-17 17:55:34,711:INFO:Epoch 25, Training loss 109109.947265625, Validation loss 109069.861328125
2021-11-17 17:55:38,010:INFO:Epoch 26, Training loss 109070.7265625, Validation loss 109037.990234375
2021-11-17 17:55:41,353:INFO:Epoch 27, Training loss 109045.92578125, Validation loss 109017.0234375
2021-11-17 17:55:44,669:INFO:Epoch 28, Training loss 109024.7265625, Validation loss 108989.353515625
2021-11-17 17:55:48,006:INFO:Epoch 29, Training loss 109001.611328125, Validation loss 108969.509765625
2021-11-17 17:55:51,311:INFO:Epoch 30, Training loss 108984.23046875, Validation loss 108950.501953125
2021-11-17 17:55:54,613:INFO:Epoch 31, Training loss 108966.361328125, Validation loss 108933.841796875
2021-11-17 17:55:57,926:INFO:Epoch 32, Training loss 108953.626953125, Validation loss 108919.23828125
2021-11-17 17:56:01,253:INFO:Epoch 33, Training loss 108941.541015625, Validation loss 108906.880859375
2021-11-17 17:56:04,567:INFO:Epoch 34, Training loss 108930.625, Validation loss 108897.42578125
2021-11-17 17:56:07,867:INFO:Epoch 35, Training loss 108923.32421875, Validation loss 108888.318359375
2021-11-17 17:56:11,194:INFO:Epoch 36, Training loss 108916.58984375, Validation loss 108881.40234375
2021-11-17 17:56:14,516:INFO:Epoch 37, Training loss 108910.80078125, Validation loss 108876.203125
2021-11-17 17:56:17,837:INFO:Epoch 38, Training loss 108907.15234375, Validation loss 108871.92578125
2021-11-17 17:56:21,125:INFO:Epoch 39, Training loss 108903.72265625, Validation loss 108869.1875
2021-11-17 17:56:24,452:INFO:Epoch 40, Training loss 108900.78515625, Validation loss 108866.40234375
2021-11-17 17:56:27,741:INFO:Epoch 41, Training loss 108899.087890625, Validation loss 108864.326171875
2021-11-17 17:56:31,095:INFO:Epoch 42, Training loss 108897.41796875, Validation loss 108862.78515625
2021-11-17 17:56:34,376:INFO:Epoch 43, Training loss 108896.43359375, Validation loss 108861.345703125
2021-11-17 17:56:37,707:INFO:Epoch 44, Training loss 108895.8046875, Validation loss 108860.5546875
2021-11-17 17:56:41,018:INFO:Epoch 45, Training loss 108896.240234375, Validation loss 108860.9921875
2021-11-17 17:56:44,369:INFO:Epoch 46, Training loss 108894.681640625, Validation loss 108860.30859375
2021-11-17 17:56:47,666:INFO:Epoch 47, Training loss 108894.203125, Validation loss 108859.396484375
2021-11-17 17:56:50,998:INFO:Epoch 48, Training loss 108893.568359375, Validation loss 108858.990234375
2021-11-17 17:56:54,334:INFO:Epoch 49, Training loss 108893.525390625, Validation loss 108859.38671875
2021-11-17 17:56:57,704:INFO:Epoch 50, Training loss 108892.9765625, Validation loss 108859.35546875
2021-11-17 17:57:01,044:INFO:Epoch 51, Training loss 108893.091796875, Validation loss 108858.61328125
2021-11-17 17:57:04,384:INFO:Epoch 52, Training loss 108892.142578125, Validation loss 108858.544921875
2021-11-17 17:57:07,730:INFO:Epoch 53, Training loss 108891.8515625, Validation loss 108858.298828125
2021-11-17 17:57:11,093:INFO:Epoch 54, Training loss 108892.09375, Validation loss 108857.759765625
2021-11-17 17:57:14,446:INFO:Epoch 55, Training loss 108891.353515625, Validation loss 108857.61328125
2021-11-17 17:57:17,783:INFO:Epoch 56, Training loss 108891.650390625, Validation loss 108858.708984375
2021-11-17 17:57:21,144:INFO:Epoch 57, Training loss 108890.734375, Validation loss 108858.357421875
2021-11-17 17:57:24,496:INFO:Epoch 58, Training loss 108890.525390625, Validation loss 108857.64453125
2021-11-17 17:57:27,848:INFO:Epoch 59, Training loss 108890.173828125, Validation loss 108857.3515625
2021-11-17 17:57:31,173:INFO:Epoch 60, Training loss 108889.861328125, Validation loss 108856.990234375
2021-11-17 17:57:34,543:INFO:Epoch 61, Training loss 108889.779296875, Validation loss 108856.9296875
2021-11-17 17:57:37,870:INFO:Epoch 62, Training loss 108889.970703125, Validation loss 108857.333984375
2021-11-17 17:57:41,285:INFO:Epoch 63, Training loss 108890.380859375, Validation loss 108856.998046875
2021-11-17 17:57:44,612:INFO:Epoch 64, Training loss 108890.001953125, Validation loss 108857.044921875
2021-11-17 17:57:47,967:INFO:Epoch 65, Training loss 108889.814453125, Validation loss 108857.298828125
2021-11-17 17:57:51,299:INFO:Epoch 66, Training loss 108888.845703125, Validation loss 108856.375
2021-11-17 17:57:54,686:INFO:Epoch 67, Training loss 108889.435546875, Validation loss 108856.47265625
2021-11-17 17:57:58,007:INFO:Epoch 68, Training loss 108888.447265625, Validation loss 108856.626953125
2021-11-17 17:58:01,357:INFO:Epoch 69, Training loss 108888.912109375, Validation loss 108855.953125
2021-11-17 17:58:04,703:INFO:Epoch 70, Training loss 108887.904296875, Validation loss 108856.18359375
2021-11-17 17:58:08,088:INFO:Epoch 71, Training loss 108887.494140625, Validation loss 108855.9921875
2021-11-17 17:58:11,428:INFO:Epoch 72, Training loss 108887.439453125, Validation loss 108855.830078125
2021-11-17 17:58:14,761:INFO:Epoch 73, Training loss 108887.21875, Validation loss 108855.642578125
2021-11-17 17:58:18,110:INFO:Epoch 74, Training loss 108886.791015625, Validation loss 108855.798828125
2021-11-17 17:58:21,475:INFO:Epoch 75, Training loss 108887.01953125, Validation loss 108856.076171875
2021-11-17 17:58:24,830:INFO:Epoch 76, Training loss 108886.869140625, Validation loss 108855.3515625
2021-11-17 17:58:28,159:INFO:Epoch 77, Training loss 108886.5546875, Validation loss 108855.3828125
2021-11-17 17:58:31,515:INFO:Epoch 78, Training loss 108887.216796875, Validation loss 108856.1015625
2021-11-17 17:58:34,872:INFO:Epoch 79, Training loss 108886.232421875, Validation loss 108855.763671875
2021-11-17 17:58:38,235:INFO:Epoch 80, Training loss 108885.740234375, Validation loss 108855.318359375
2021-11-17 17:58:41,577:INFO:Epoch 81, Training loss 108886.001953125, Validation loss 108855.154296875
2021-11-17 17:58:44,945:INFO:Epoch 82, Training loss 108886.142578125, Validation loss 108855.52734375
2021-11-17 17:58:48,255:INFO:Epoch 83, Training loss 108886.28515625, Validation loss 108855.87109375
2021-11-17 17:58:51,648:INFO:Epoch 84, Training loss 108886.1015625, Validation loss 108854.80078125
2021-11-17 17:58:54,978:INFO:Epoch 85, Training loss 108885.6015625, Validation loss 108854.9609375
2021-11-17 17:58:58,335:INFO:Epoch 86, Training loss 108885.505859375, Validation loss 108854.92578125
2021-11-17 17:59:01,668:INFO:Epoch 87, Training loss 108884.9453125, Validation loss 108855.26953125
2021-11-17 17:59:05,062:INFO:Epoch 88, Training loss 108884.79296875, Validation loss 108855.013671875
2021-11-17 17:59:08,399:INFO:Epoch 89, Training loss 108884.458984375, Validation loss 108855.265625
2021-11-17 17:59:11,750:INFO:Epoch 90, Training loss 108885.048828125, Validation loss 108855.40234375
2021-11-17 17:59:15,106:INFO:Epoch 91, Training loss 108884.701171875, Validation loss 108855.00390625
2021-11-17 17:59:18,484:INFO:Epoch 92, Training loss 108884.146484375, Validation loss 108854.87109375
2021-11-17 17:59:21,823:INFO:Epoch 93, Training loss 108883.912109375, Validation loss 108855.150390625
2021-11-17 17:59:25,165:INFO:Epoch 94, Training loss 108883.88671875, Validation loss 108855.01171875
2021-11-17 17:59:28,509:INFO:Epoch 95, Training loss 108883.884765625, Validation loss 108855.064453125
2021-11-17 17:59:31,880:INFO:Epoch 96, Training loss 108883.994140625, Validation loss 108854.828125
2021-11-17 17:59:35,231:INFO:Epoch 97, Training loss 108883.68359375, Validation loss 108854.734375
2021-11-17 17:59:38,585:INFO:Epoch 98, Training loss 108883.396484375, Validation loss 108855.15625
2021-11-17 17:59:41,947:INFO:Epoch 99, Training loss 108884.25390625, Validation loss 108854.830078125
2021-11-17 17:59:45,307:INFO:Epoch 100, Training loss 108883.29296875, Validation loss 108855.0
2021-11-17 17:59:48,672:INFO:Epoch 101, Training loss 108884.060546875, Validation loss 108855.703125
2021-11-17 17:59:52,001:INFO:Epoch 102, Training loss 108883.052734375, Validation loss 108855.41796875
2021-11-17 17:59:55,373:INFO:Epoch 103, Training loss 108883.62109375, Validation loss 108855.14453125
2021-11-17 17:59:58,688:INFO:Epoch 104, Training loss 108883.185546875, Validation loss 108854.712890625
2021-11-17 18:00:02,070:INFO:Epoch 105, Training loss 108883.6484375, Validation loss 108855.177734375
2021-11-17 18:00:05,388:INFO:Epoch 106, Training loss 108882.91015625, Validation loss 108855.216796875
2021-11-17 18:00:08,751:INFO:Epoch 107, Training loss 108882.87109375, Validation loss 108855.56640625
2021-11-17 18:00:12,085:INFO:Epoch 108, Training loss 108882.771484375, Validation loss 108855.02734375
2021-11-17 18:00:15,477:INFO:Epoch 109, Training loss 108882.572265625, Validation loss 108854.892578125
2021-11-17 18:00:18,808:INFO:Epoch 110, Training loss 108882.466796875, Validation loss 108854.994140625
2021-11-17 18:00:22,160:INFO:Epoch 111, Training loss 108882.37109375, Validation loss 108855.0390625
2021-11-17 18:00:25,503:INFO:Epoch 112, Training loss 108882.25, Validation loss 108855.16015625
2021-11-17 18:00:28,895:INFO:Epoch 113, Training loss 108882.7578125, Validation loss 108856.138671875
2021-11-17 18:00:32,241:INFO:Epoch 114, Training loss 108882.1875, Validation loss 108855.15625
2021-11-17 18:00:35,588:INFO:Epoch 115, Training loss 108881.697265625, Validation loss 108854.60546875
2021-11-17 18:00:38,958:INFO:Epoch 116, Training loss 108883.349609375, Validation loss 108854.958984375
2021-11-17 18:00:42,331:INFO:Epoch 117, Training loss 108882.376953125, Validation loss 108855.23046875
2021-11-17 18:00:45,690:INFO:Epoch 118, Training loss 108882.064453125, Validation loss 108855.8671875
2021-11-17 18:00:49,026:INFO:Epoch 119, Training loss 108881.9140625, Validation loss 108854.859375
2021-11-17 18:00:52,385:INFO:Epoch 120, Training loss 108881.26953125, Validation loss 108854.763671875
2021-11-17 18:00:55,736:INFO:Epoch 121, Training loss 108881.2578125, Validation loss 108855.2734375
2021-11-17 18:00:59,096:INFO:Epoch 122, Training loss 108881.15234375, Validation loss 108855.26171875
2021-11-17 18:01:02,413:INFO:Epoch 123, Training loss 108881.015625, Validation loss 108855.1875
2021-11-17 18:01:05,783:INFO:Epoch 124, Training loss 108880.939453125, Validation loss 108855.33984375
2021-11-17 18:01:09,107:INFO:Epoch 125, Training loss 108880.998046875, Validation loss 108855.259765625
2021-11-17 18:01:12,488:INFO:Epoch 126, Training loss 108881.126953125, Validation loss 108854.837890625
2021-11-17 18:01:15,805:INFO:Epoch 127, Training loss 108880.642578125, Validation loss 108855.63671875
2021-11-17 18:01:19,178:INFO:Epoch 128, Training loss 108881.19921875, Validation loss 108855.37890625
2021-11-17 18:01:22,519:INFO:Epoch 129, Training loss 108880.767578125, Validation loss 108855.443359375
2021-11-17 18:01:25,903:INFO:Epoch 130, Training loss 108880.54296875, Validation loss 108855.890625
2021-11-17 18:01:29,246:INFO:Epoch 131, Training loss 108881.248046875, Validation loss 108855.302734375
2021-11-17 18:01:32,595:INFO:Epoch 132, Training loss 108880.205078125, Validation loss 108855.21484375
2021-11-17 18:01:35,931:INFO:Epoch 133, Training loss 108880.853515625, Validation loss 108855.439453125
2021-11-17 18:01:39,325:INFO:Epoch 134, Training loss 108880.173828125, Validation loss 108855.23046875
2021-11-17 18:01:42,676:INFO:Epoch 135, Training loss 108881.666015625, Validation loss 108856.4296875
2021-11-17 18:01:42,683:INFO:Finished training, producing training report at /data/theorie/jthoeve/ML4EFT_higgs/models/17_11/model_final_lin_cHW/mc_run_14/plots/training_report/
2021-11-17 18:01:43,515:WARNING:findfont: Font family ['sans-serif'] not found. Falling back to DejaVu Sans.
