8.462337890625000000e+04
8.462337890625000000e+04
8.462337890625000000e+04
8.462337890625000000e+04
8.462337890625000000e+04
8.462337890625000000e+04
8.462337890625000000e+04
8.462337890625000000e+04
8.462337890625000000e+04
8.462337890625000000e+04
8.462337890625000000e+04
8.462337890625000000e+04
8.086708496093750000e+04
7.534974414062500000e+04
7.387871289062500000e+04
7.394375585937500000e+04
7.399759960937500000e+04
7.388031054687500000e+04
7.379164160156250000e+04
7.373165234375000000e+04
7.372483496093750000e+04
7.372607519531250000e+04
7.372468066406250000e+04
7.372241015625000000e+04
7.372124902343750000e+04
7.372183007812500000e+04
7.372141406250000000e+04
7.372102246093750000e+04
7.372060156250000000e+04
7.372052734375000000e+04
7.372043750000000000e+04
7.372017871093750000e+04
7.372018750000000000e+04
7.371988378906250000e+04
7.371986425781250000e+04
7.371970996093750000e+04
7.371953906250000000e+04
7.371941699218750000e+04
7.371922558593750000e+04
7.371930078125000000e+04
7.371904785156250000e+04
7.371901855468750000e+04
7.371874902343750000e+04
7.371912792968750000e+04
7.371850195312500000e+04
7.371880566406250000e+04
7.371837304687500000e+04
7.371824023437500000e+04
7.371823339843750000e+04
7.371819824218750000e+04
7.371772851562500000e+04
7.371796289062500000e+04
7.371762304687500000e+04
7.371764453125000000e+04
7.371733886718750000e+04
7.371756347656250000e+04
7.371703906250000000e+04
7.371712988281250000e+04
7.371701269531250000e+04
7.371655664062500000e+04
7.371642968750000000e+04
7.371647167968750000e+04
7.371617382812500000e+04
7.371607910156250000e+04
7.371633691406250000e+04
7.371575976562500000e+04
7.371568457031250000e+04
7.371586621093750000e+04
7.371541992187500000e+04
7.371560839843750000e+04
