1.494046777343750000e+05
1.361006269531250000e+05
1.278162324218750000e+05
1.221607636718750000e+05
1.181555957031250000e+05
1.151345136718750000e+05
1.127057968750000000e+05
1.108424843750000000e+05
1.097028906250000000e+05
1.093749433593750000e+05
1.094499023437500000e+05
1.094053867187500000e+05
1.092778300781250000e+05
1.092150058593750000e+05
1.092071953125000000e+05
1.091798710937500000e+05
1.091439335937500000e+05
1.091183652343750000e+05
1.090975195312500000e+05
1.090769746093750000e+05
1.090569648437500000e+05
1.090392265625000000e+05
1.090207050781250000e+05
1.090065000000000000e+05
1.089945957031250000e+05
1.089824082031250000e+05
1.089725117187500000e+05
1.089625566406250000e+05
1.089536562500000000e+05
1.089451953125000000e+05
1.089376054687500000e+05
1.089315625000000000e+05
1.089264628906250000e+05
1.089215937500000000e+05
1.089189589843750000e+05
1.089161523437500000e+05
1.089143867187500000e+05
1.089124882812500000e+05
1.089115195312500000e+05
1.089108105468750000e+05
1.089099355468750000e+05
1.089095019531250000e+05
1.089089980468750000e+05
1.089083398437500000e+05
1.089080664062500000e+05
1.089076582031250000e+05
1.089068847656250000e+05
1.089065019531250000e+05
1.089062675781250000e+05
1.089057480468750000e+05
1.089050585937500000e+05
1.089050878906250000e+05
1.089046347656250000e+05
1.089042714843750000e+05
1.089036269531250000e+05
1.089032187500000000e+05
1.089033320312500000e+05
1.089032167968750000e+05
1.089025039062500000e+05
1.089019707031250000e+05
1.089021796875000000e+05
1.089023867187500000e+05
1.089016054687500000e+05
1.089023437500000000e+05
1.089015136718750000e+05
1.089008398437500000e+05
1.089013183593750000e+05
1.089006386718750000e+05
1.089015546875000000e+05
1.089007304687500000e+05
1.089003417968750000e+05
1.089000234375000000e+05
1.089003007812500000e+05
