2021-11-17 17:54:11,640:INFO:All directories created, ready to load the data
2021-11-17 17:54:11,687:INFO:Dataset loaded from /data/theorie/jthoeve/event_generation/events_high_stats/lin/cHW/events_26.npy
2021-11-17 17:54:11,734:INFO:Dataset loaded from /data/theorie/jthoeve/event_generation/events_high_stats/sm/events_26.npy
2021-11-17 17:54:15,179:INFO:Epoch 1, Training loss 208008.7890625, Validation loss 208008.7890625
2021-11-17 17:54:18,555:INFO:Epoch 2, Training loss 208008.7890625, Validation loss 208008.7890625
2021-11-17 17:54:21,909:INFO:Epoch 3, Training loss 208008.7890625, Validation loss 208008.7890625
2021-11-17 17:54:25,240:INFO:Epoch 4, Training loss 208008.7890625, Validation loss 208008.7890625
2021-11-17 17:54:28,512:INFO:Epoch 5, Training loss 208008.7890625, Validation loss 208008.7890625
2021-11-17 17:54:31,802:INFO:Epoch 6, Training loss 208008.7890625, Validation loss 208008.7890625
2021-11-17 17:54:35,059:INFO:Epoch 7, Training loss 208008.7890625, Validation loss 208008.7890625
2021-11-17 17:54:38,355:INFO:Epoch 8, Training loss 208008.7890625, Validation loss 208008.7890625
2021-11-17 17:54:41,617:INFO:Epoch 9, Training loss 208008.7890625, Validation loss 208008.7890625
2021-11-17 17:54:44,877:INFO:Epoch 10, Training loss 208008.7890625, Validation loss 208008.7890625
2021-11-17 17:54:48,161:INFO:Epoch 11, Training loss 208008.7890625, Validation loss 208008.7890625
2021-11-17 17:54:48,164:INFO:Detected stagant training, reset the weights
2021-11-17 17:54:51,451:INFO:Epoch 12, Training loss 129347.748046875, Validation loss 125475.919921875
2021-11-17 17:54:54,730:INFO:Epoch 13, Training loss 123014.248046875, Validation loss 119675.533203125
2021-11-17 17:54:57,978:INFO:Epoch 14, Training loss 117884.70703125, Validation loss 115474.44140625
2021-11-17 17:55:01,269:INFO:Epoch 15, Training loss 114129.037109375, Validation loss 112280.03125
2021-11-17 17:55:04,550:INFO:Epoch 16, Training loss 111279.408203125, Validation loss 110062.5234375
2021-11-17 17:55:07,828:INFO:Epoch 17, Training loss 109723.30078125, Validation loss 109562.2734375
2021-11-17 17:55:11,072:INFO:Epoch 18, Training loss 109667.23046875, Validation loss 109762.400390625
2021-11-17 17:55:14,358:INFO:Epoch 19, Training loss 109670.3828125, Validation loss 109496.796875
2021-11-17 17:55:17,620:INFO:Epoch 20, Training loss 109375.810546875, Validation loss 109249.037109375
2021-11-17 17:55:20,973:INFO:Epoch 21, Training loss 109213.8046875, Validation loss 109188.197265625
2021-11-17 17:55:24,219:INFO:Epoch 22, Training loss 109176.525390625, Validation loss 109158.3359375
2021-11-17 17:55:27,507:INFO:Epoch 23, Training loss 109136.11328125, Validation loss 109111.029296875
2021-11-17 17:55:30,754:INFO:Epoch 24, Training loss 109088.484375, Validation loss 109067.90234375
2021-11-17 17:55:34,060:INFO:Epoch 25, Training loss 109049.24609375, Validation loss 109039.509765625
2021-11-17 17:55:37,313:INFO:Epoch 26, Training loss 109025.263671875, Validation loss 109019.294921875
2021-11-17 17:55:40,594:INFO:Epoch 27, Training loss 109005.611328125, Validation loss 109001.396484375
2021-11-17 17:55:43,853:INFO:Epoch 28, Training loss 108985.302734375, Validation loss 108985.66015625
2021-11-17 17:55:47,149:INFO:Epoch 29, Training loss 108969.048828125, Validation loss 108971.896484375
2021-11-17 17:55:50,420:INFO:Epoch 30, Training loss 108953.515625, Validation loss 108960.31640625
2021-11-17 17:55:53,688:INFO:Epoch 31, Training loss 108940.314453125, Validation loss 108948.822265625
2021-11-17 17:55:56,958:INFO:Epoch 32, Training loss 108925.58203125, Validation loss 108935.9375
2021-11-17 17:56:00,247:INFO:Epoch 33, Training loss 108912.486328125, Validation loss 108923.796875
2021-11-17 17:56:03,522:INFO:Epoch 34, Training loss 108900.65234375, Validation loss 108913.150390625
2021-11-17 17:56:06,799:INFO:Epoch 35, Training loss 108889.080078125, Validation loss 108904.01171875
2021-11-17 17:56:10,082:INFO:Epoch 36, Training loss 108879.71875, Validation loss 108895.7578125
2021-11-17 17:56:13,360:INFO:Epoch 37, Training loss 108869.5546875, Validation loss 108887.619140625
2021-11-17 17:56:16,645:INFO:Epoch 38, Training loss 108861.431640625, Validation loss 108880.328125
2021-11-17 17:56:19,892:INFO:Epoch 39, Training loss 108853.169921875, Validation loss 108874.74609375
2021-11-17 17:56:23,187:INFO:Epoch 40, Training loss 108846.884765625, Validation loss 108868.869140625
2021-11-17 17:56:26,430:INFO:Epoch 41, Training loss 108840.470703125, Validation loss 108862.736328125
2021-11-17 17:56:29,748:INFO:Epoch 42, Training loss 108835.150390625, Validation loss 108858.630859375
2021-11-17 17:56:32,989:INFO:Epoch 43, Training loss 108829.470703125, Validation loss 108855.3828125
2021-11-17 17:56:36,276:INFO:Epoch 44, Training loss 108825.001953125, Validation loss 108852.970703125
2021-11-17 17:56:39,531:INFO:Epoch 45, Training loss 108820.763671875, Validation loss 108849.443359375
2021-11-17 17:56:42,848:INFO:Epoch 46, Training loss 108817.775390625, Validation loss 108845.869140625
2021-11-17 17:56:46,105:INFO:Epoch 47, Training loss 108814.298828125, Validation loss 108844.435546875
2021-11-17 17:56:49,404:INFO:Epoch 48, Training loss 108812.099609375, Validation loss 108844.20703125
2021-11-17 17:56:52,737:INFO:Epoch 49, Training loss 108810.42578125, Validation loss 108843.41796875
2021-11-17 17:56:56,153:INFO:Epoch 50, Training loss 108809.451171875, Validation loss 108840.5234375
2021-11-17 17:56:59,529:INFO:Epoch 51, Training loss 108807.755859375, Validation loss 108840.400390625
2021-11-17 17:57:02,897:INFO:Epoch 52, Training loss 108807.189453125, Validation loss 108841.0
2021-11-17 17:57:06,308:INFO:Epoch 53, Training loss 108806.2265625, Validation loss 108840.986328125
2021-11-17 17:57:09,702:INFO:Epoch 54, Training loss 108805.51171875, Validation loss 108840.337890625
2021-11-17 17:57:13,092:INFO:Epoch 55, Training loss 108804.94921875, Validation loss 108839.693359375
2021-11-17 17:57:16,462:INFO:Epoch 56, Training loss 108804.26953125, Validation loss 108838.30078125
2021-11-17 17:57:19,857:INFO:Epoch 57, Training loss 108804.1875, Validation loss 108837.669921875
2021-11-17 17:57:23,240:INFO:Epoch 58, Training loss 108803.732421875, Validation loss 108839.8515625
2021-11-17 17:57:26,629:INFO:Epoch 59, Training loss 108803.212890625, Validation loss 108839.42578125
2021-11-17 17:57:29,981:INFO:Epoch 60, Training loss 108802.81640625, Validation loss 108838.939453125
2021-11-17 17:57:33,380:INFO:Epoch 61, Training loss 108802.017578125, Validation loss 108838.873046875
2021-11-17 17:57:36,727:INFO:Epoch 62, Training loss 108801.830078125, Validation loss 108838.4296875
2021-11-17 17:57:40,163:INFO:Epoch 63, Training loss 108802.427734375, Validation loss 108837.296875
2021-11-17 17:57:43,521:INFO:Epoch 64, Training loss 108801.560546875, Validation loss 108838.845703125
2021-11-17 17:57:46,921:INFO:Epoch 65, Training loss 108801.673828125, Validation loss 108839.8359375
2021-11-17 17:57:50,283:INFO:Epoch 66, Training loss 108801.271484375, Validation loss 108838.50390625
2021-11-17 17:57:53,713:INFO:Epoch 67, Training loss 108801.580078125, Validation loss 108838.185546875
2021-11-17 17:57:57,082:INFO:Epoch 68, Training loss 108800.69140625, Validation loss 108838.23828125
2021-11-17 17:58:00,469:INFO:Epoch 69, Training loss 108800.203125, Validation loss 108839.359375
2021-11-17 17:58:03,838:INFO:Epoch 70, Training loss 108800.685546875, Validation loss 108840.62109375
2021-11-17 17:58:07,274:INFO:Epoch 71, Training loss 108799.92578125, Validation loss 108838.568359375
2021-11-17 17:58:10,659:INFO:Epoch 72, Training loss 108801.703125, Validation loss 108837.802734375
2021-11-17 17:58:14,036:INFO:Epoch 73, Training loss 108799.638671875, Validation loss 108840.470703125
2021-11-17 17:58:17,425:INFO:Epoch 74, Training loss 108800.18359375, Validation loss 108841.091796875
2021-11-17 17:58:20,821:INFO:Epoch 75, Training loss 108799.52734375, Validation loss 108839.236328125
2021-11-17 17:58:24,203:INFO:Epoch 76, Training loss 108799.962890625, Validation loss 108836.845703125
2021-11-17 17:58:27,560:INFO:Epoch 77, Training loss 108799.986328125, Validation loss 108837.453125
2021-11-17 17:58:30,959:INFO:Epoch 78, Training loss 108800.48046875, Validation loss 108840.8828125
2021-11-17 17:58:34,348:INFO:Epoch 79, Training loss 108799.0625, Validation loss 108840.03515625
2021-11-17 17:58:37,743:INFO:Epoch 80, Training loss 108798.8515625, Validation loss 108839.193359375
2021-11-17 17:58:41,091:INFO:Epoch 81, Training loss 108798.681640625, Validation loss 108838.92578125
2021-11-17 17:58:44,489:INFO:Epoch 82, Training loss 108798.7421875, Validation loss 108838.45703125
2021-11-17 17:58:47,851:INFO:Epoch 83, Training loss 108798.31640625, Validation loss 108838.02734375
2021-11-17 17:58:51,273:INFO:Epoch 84, Training loss 108798.54296875, Validation loss 108838.5078125
2021-11-17 17:58:54,625:INFO:Epoch 85, Training loss 108798.798828125, Validation loss 108838.181640625
2021-11-17 17:58:58,031:INFO:Epoch 86, Training loss 108798.279296875, Validation loss 108840.189453125
2021-11-17 17:59:01,394:INFO:Epoch 87, Training loss 108797.7734375, Validation loss 108839.830078125
2021-11-17 17:59:04,832:INFO:Epoch 88, Training loss 108797.587890625, Validation loss 108839.078125
2021-11-17 17:59:08,201:INFO:Epoch 89, Training loss 108797.50390625, Validation loss 108838.1953125
2021-11-17 17:59:11,585:INFO:Epoch 90, Training loss 108797.3203125, Validation loss 108838.771484375
2021-11-17 17:59:14,958:INFO:Epoch 91, Training loss 108797.431640625, Validation loss 108838.927734375
2021-11-17 17:59:18,368:INFO:Epoch 92, Training loss 108797.638671875, Validation loss 108838.998046875
2021-11-17 17:59:21,738:INFO:Epoch 93, Training loss 108796.892578125, Validation loss 108839.14453125
2021-11-17 17:59:25,117:INFO:Epoch 94, Training loss 108796.916015625, Validation loss 108839.578125
2021-11-17 17:59:28,508:INFO:Epoch 95, Training loss 108796.697265625, Validation loss 108839.12890625
2021-11-17 17:59:31,909:INFO:Epoch 96, Training loss 108796.947265625, Validation loss 108838.333984375
2021-11-17 17:59:31,915:INFO:Finished training, producing training report at /data/theorie/jthoeve/ML4EFT_higgs/models/17_11/model_final_lin_cHW/mc_run_26/plots/training_report/
2021-11-17 17:59:33,222:WARNING:findfont: Font family ['sans-serif'] not found. Falling back to DejaVu Sans.
