2022-03-03 12:56:00,727:INFO:All directories created, ready to load the data
2022-03-03 12:56:00,802:INFO:Dataset loaded from /data/theorie/jthoeve/training_data/zh/features_mzh_y_ptz_v2/lin/cHW/events_3.pkl.gz
2022-03-03 12:56:00,841:INFO:Dataset loaded from /data/theorie/jthoeve/training_data/zh/features_mzh_y_ptz_v2/sm/events_3.pkl.gz
2022-03-03 12:56:03,141:INFO:Epoch 1, Training loss 208070.0390625, Validation loss 208070.0390625
2022-03-03 12:56:05,484:INFO:Epoch 2, Training loss 208070.0390625, Validation loss 208070.0390625
2022-03-03 12:56:07,754:INFO:Epoch 3, Training loss 208070.0390625, Validation loss 208070.0390625
2022-03-03 12:56:10,044:INFO:Epoch 4, Training loss 208070.0390625, Validation loss 208070.0390625
2022-03-03 12:56:12,310:INFO:Epoch 5, Training loss 208070.0390625, Validation loss 208070.0390625
2022-03-03 12:56:14,636:INFO:Epoch 6, Training loss 208070.0390625, Validation loss 208070.0390625
2022-03-03 12:56:16,920:INFO:Epoch 7, Training loss 208070.0390625, Validation loss 208070.0390625
2022-03-03 12:56:19,192:INFO:Epoch 8, Training loss 208070.0390625, Validation loss 208070.0390625
2022-03-03 12:56:21,480:INFO:Epoch 9, Training loss 208070.0390625, Validation loss 208070.0390625
2022-03-03 12:56:23,795:INFO:Epoch 10, Training loss 208070.0390625, Validation loss 208070.0390625
2022-03-03 12:56:26,094:INFO:Epoch 11, Training loss 208070.0390625, Validation loss 208070.0390625
2022-03-03 12:56:26,097:INFO:Detected stagant training, reset the weights
2022-03-03 12:56:28,351:INFO:Epoch 12, Training loss 208070.0390625, Validation loss 208070.0390625
2022-03-03 12:56:28,354:INFO:Detected stagant training, reset the weights
2022-03-03 12:56:30,645:INFO:Epoch 13, Training loss 128819.912109375, Validation loss 124598.1640625
2022-03-03 12:56:32,959:INFO:Epoch 14, Training loss 121549.09375, Validation loss 117126.888671875
2022-03-03 12:56:35,271:INFO:Epoch 15, Training loss 114648.908203125, Validation loss 111503.560546875
2022-03-03 12:56:37,526:INFO:Epoch 16, Training loss 110354.873046875, Validation loss 109370.03515625
2022-03-03 12:56:39,842:INFO:Epoch 17, Training loss 109499.48046875, Validation loss 109830.380859375
2022-03-03 12:56:42,100:INFO:Epoch 18, Training loss 109894.80859375, Validation loss 109794.51953125
2022-03-03 12:56:44,450:INFO:Epoch 19, Training loss 109611.892578125, Validation loss 109365.330078125
2022-03-03 12:56:46,711:INFO:Epoch 20, Training loss 109289.94140625, Validation loss 109233.072265625
2022-03-03 12:56:49,015:INFO:Epoch 21, Training loss 109243.60546875, Validation loss 109256.841796875
2022-03-03 12:56:51,278:INFO:Epoch 22, Training loss 109249.447265625, Validation loss 109220.509765625
2022-03-03 12:56:53,617:INFO:Epoch 23, Training loss 109192.330078125, Validation loss 109152.0546875
2022-03-03 12:56:55,890:INFO:Epoch 24, Training loss 109135.15625, Validation loss 109116.337890625
2022-03-03 12:56:58,183:INFO:Epoch 25, Training loss 109107.8515625, Validation loss 109096.828125
2022-03-03 12:57:00,460:INFO:Epoch 26, Training loss 109085.5546875, Validation loss 109067.607421875
2022-03-03 12:57:02,794:INFO:Epoch 27, Training loss 109053.51171875, Validation loss 109035.275390625
2022-03-03 12:57:05,082:INFO:Epoch 28, Training loss 109022.375, Validation loss 109008.435546875
2022-03-03 12:57:07,358:INFO:Epoch 29, Training loss 108995.64453125, Validation loss 108981.90234375
2022-03-03 12:57:09,659:INFO:Epoch 30, Training loss 108967.67578125, Validation loss 108952.994140625
2022-03-03 12:57:11,979:INFO:Epoch 31, Training loss 108937.240234375, Validation loss 108924.505859375
2022-03-03 12:57:14,263:INFO:Epoch 32, Training loss 108907.966796875, Validation loss 108896.341796875
2022-03-03 12:57:16,534:INFO:Epoch 33, Training loss 108879.380859375, Validation loss 108867.46484375
2022-03-03 12:57:18,835:INFO:Epoch 34, Training loss 108849.208984375, Validation loss 108838.962890625
2022-03-03 12:57:21,143:INFO:Epoch 35, Training loss 108819.6875, Validation loss 108810.681640625
2022-03-03 12:57:23,446:INFO:Epoch 36, Training loss 108790.908203125, Validation loss 108782.716796875
2022-03-03 12:57:25,696:INFO:Epoch 37, Training loss 108762.5546875, Validation loss 108755.982421875
2022-03-03 12:57:28,008:INFO:Epoch 38, Training loss 108736.1953125, Validation loss 108730.00390625
2022-03-03 12:57:30,266:INFO:Epoch 39, Training loss 108709.64453125, Validation loss 108704.486328125
2022-03-03 12:57:32,618:INFO:Epoch 40, Training loss 108684.1640625, Validation loss 108678.75390625
2022-03-03 12:57:34,881:INFO:Epoch 41, Training loss 108658.474609375, Validation loss 108656.060546875
2022-03-03 12:57:37,189:INFO:Epoch 42, Training loss 108635.51953125, Validation loss 108635.8515625
2022-03-03 12:57:39,457:INFO:Epoch 43, Training loss 108615.90625, Validation loss 108618.62109375
2022-03-03 12:57:41,808:INFO:Epoch 44, Training loss 108598.572265625, Validation loss 108604.62890625
2022-03-03 12:57:44,085:INFO:Epoch 45, Training loss 108586.787109375, Validation loss 108593.90234375
2022-03-03 12:57:46,380:INFO:Epoch 46, Training loss 108577.53125, Validation loss 108587.162109375
2022-03-03 12:57:48,660:INFO:Epoch 47, Training loss 108570.5859375, Validation loss 108583.494140625
2022-03-03 12:57:50,994:INFO:Epoch 48, Training loss 108566.25, Validation loss 108580.599609375
2022-03-03 12:57:53,276:INFO:Epoch 49, Training loss 108563.79296875, Validation loss 108578.697265625
2022-03-03 12:57:55,546:INFO:Epoch 50, Training loss 108561.46875, Validation loss 108577.0703125
2022-03-03 12:57:57,833:INFO:Epoch 51, Training loss 108559.783203125, Validation loss 108576.263671875
2022-03-03 12:58:00,159:INFO:Epoch 52, Training loss 108556.89453125, Validation loss 108575.330078125
2022-03-03 12:58:02,452:INFO:Epoch 53, Training loss 108555.154296875, Validation loss 108573.666015625
2022-03-03 12:58:04,726:INFO:Epoch 54, Training loss 108553.02734375, Validation loss 108572.189453125
2022-03-03 12:58:07,035:INFO:Epoch 55, Training loss 108551.626953125, Validation loss 108571.125
2022-03-03 12:58:09,347:INFO:Epoch 56, Training loss 108551.30859375, Validation loss 108570.65234375
2022-03-03 12:58:11,655:INFO:Epoch 57, Training loss 108547.765625, Validation loss 108570.265625
2022-03-03 12:58:13,907:INFO:Epoch 58, Training loss 108546.80859375, Validation loss 108569.791015625
2022-03-03 12:58:16,219:INFO:Epoch 59, Training loss 108545.947265625, Validation loss 108569.09765625
2022-03-03 12:58:18,482:INFO:Epoch 60, Training loss 108544.568359375, Validation loss 108568.84765625
2022-03-03 12:58:20,842:INFO:Epoch 61, Training loss 108542.619140625, Validation loss 108570.38671875
2022-03-03 12:58:23,100:INFO:Epoch 62, Training loss 108541.525390625, Validation loss 108569.181640625
2022-03-03 12:58:25,409:INFO:Epoch 63, Training loss 108540.732421875, Validation loss 108568.58984375
2022-03-03 12:58:27,684:INFO:Epoch 64, Training loss 108539.3828125, Validation loss 108568.501953125
2022-03-03 12:58:30,032:INFO:Epoch 65, Training loss 108539.125, Validation loss 108569.41015625
2022-03-03 12:58:32,312:INFO:Epoch 66, Training loss 108539.109375, Validation loss 108570.23828125
2022-03-03 12:58:34,600:INFO:Epoch 67, Training loss 108538.09765625, Validation loss 108569.05078125
2022-03-03 12:58:36,886:INFO:Epoch 68, Training loss 108537.197265625, Validation loss 108568.904296875
2022-03-03 12:58:39,223:INFO:Epoch 69, Training loss 108535.970703125, Validation loss 108568.908203125
2022-03-03 12:58:41,511:INFO:Epoch 70, Training loss 108536.615234375, Validation loss 108570.353515625
2022-03-03 12:58:43,796:INFO:Epoch 71, Training loss 108534.974609375, Validation loss 108569.2578125
2022-03-03 12:58:46,087:INFO:Epoch 72, Training loss 108534.04296875, Validation loss 108569.099609375
2022-03-03 12:58:48,413:INFO:Epoch 73, Training loss 108533.75, Validation loss 108569.42578125
2022-03-03 12:58:50,710:INFO:Epoch 74, Training loss 108533.203125, Validation loss 108570.517578125
2022-03-03 12:58:52,977:INFO:Epoch 75, Training loss 108532.458984375, Validation loss 108570.005859375
2022-03-03 12:58:55,279:INFO:Epoch 76, Training loss 108532.095703125, Validation loss 108569.5546875
2022-03-03 12:58:57,596:INFO:Epoch 77, Training loss 108531.677734375, Validation loss 108570.759765625
2022-03-03 12:58:59,908:INFO:Epoch 78, Training loss 108530.525390625, Validation loss 108571.20703125
2022-03-03 12:59:02,158:INFO:Epoch 79, Training loss 108532.111328125, Validation loss 108570.720703125
2022-03-03 12:59:04,476:INFO:Epoch 80, Training loss 108530.142578125, Validation loss 108570.212890625
2022-03-03 12:59:06,738:INFO:Epoch 81, Training loss 108530.90234375, Validation loss 108570.607421875
2022-03-03 12:59:09,091:INFO:Epoch 82, Training loss 108527.5546875, Validation loss 108572.384765625
2022-03-03 12:59:11,359:INFO:Epoch 83, Training loss 108528.595703125, Validation loss 108573.875
2022-03-03 12:59:13,671:INFO:Epoch 84, Training loss 108527.94140625, Validation loss 108572.01953125
2022-03-03 12:59:15,955:INFO:Epoch 85, Training loss 108526.8828125, Validation loss 108572.71484375
2022-03-03 12:59:18,305:INFO:Epoch 86, Training loss 108525.578125, Validation loss 108572.896484375
2022-03-03 12:59:20,582:INFO:Epoch 87, Training loss 108525.814453125, Validation loss 108571.859375
2022-03-03 12:59:22,872:INFO:Epoch 88, Training loss 108525.6015625, Validation loss 108573.224609375
2022-03-03 12:59:25,158:INFO:Epoch 89, Training loss 108523.861328125, Validation loss 108572.84375
2022-03-03 12:59:27,513:INFO:Epoch 90, Training loss 108523.6640625, Validation loss 108572.0625
2022-03-03 12:59:29,805:INFO:Epoch 91, Training loss 108522.87109375, Validation loss 108572.58984375
2022-03-03 12:59:32,083:INFO:Epoch 92, Training loss 108522.44140625, Validation loss 108572.046875
2022-03-03 12:59:34,373:INFO:Epoch 93, Training loss 108521.994140625, Validation loss 108572.34375
2022-03-03 12:59:36,699:INFO:Epoch 94, Training loss 108521.982421875, Validation loss 108572.6484375
2022-03-03 12:59:38,995:INFO:Epoch 95, Training loss 108522.04296875, Validation loss 108572.31640625
2022-03-03 12:59:41,265:INFO:Epoch 96, Training loss 108520.623046875, Validation loss 108572.748046875
2022-03-03 12:59:43,565:INFO:Epoch 97, Training loss 108520.767578125, Validation loss 108574.8125
2022-03-03 12:59:45,886:INFO:Epoch 98, Training loss 108519.59375, Validation loss 108573.19140625
2022-03-03 12:59:48,194:INFO:Epoch 99, Training loss 108519.806640625, Validation loss 108573.03515625
2022-03-03 12:59:50,451:INFO:Epoch 100, Training loss 108520.09375, Validation loss 108572.591796875
2022-03-03 12:59:52,762:INFO:Epoch 101, Training loss 108519.55078125, Validation loss 108573.509765625
2022-03-03 12:59:55,025:INFO:Epoch 102, Training loss 108517.869140625, Validation loss 108574.712890625
2022-03-03 12:59:57,377:INFO:Epoch 103, Training loss 108518.443359375, Validation loss 108572.830078125
2022-03-03 12:59:59,639:INFO:Epoch 104, Training loss 108517.01171875, Validation loss 108574.017578125
2022-03-03 13:00:01,957:INFO:Epoch 105, Training loss 108517.0703125, Validation loss 108574.65234375
2022-03-03 13:00:04,231:INFO:Epoch 106, Training loss 108516.1640625, Validation loss 108574.2265625
2022-03-03 13:00:06,574:INFO:Epoch 107, Training loss 108515.865234375, Validation loss 108574.359375
2022-03-03 13:00:08,852:INFO:Epoch 108, Training loss 108516.208984375, Validation loss 108573.259765625
2022-03-03 13:00:11,146:INFO:Epoch 109, Training loss 108515.619140625, Validation loss 108574.19140625
2022-03-03 13:00:13,436:INFO:Epoch 110, Training loss 108514.61328125, Validation loss 108574.1875
2022-03-03 13:00:15,780:INFO:Epoch 111, Training loss 108514.50390625, Validation loss 108574.703125
2022-03-03 13:00:18,063:INFO:Epoch 112, Training loss 108514.90234375, Validation loss 108576.544921875
2022-03-03 13:00:20,341:INFO:Epoch 113, Training loss 108514.1875, Validation loss 108574.1015625
2022-03-03 13:00:22,648:INFO:Epoch 114, Training loss 108514.45703125, Validation loss 108574.869140625
2022-03-03 13:00:22,653:INFO:Finished training
