8.464862500000000000e+04
8.464862500000000000e+04
8.464862500000000000e+04
8.464862500000000000e+04
8.464862500000000000e+04
8.464862500000000000e+04
8.464862500000000000e+04
8.464862500000000000e+04
8.464862500000000000e+04
8.464862500000000000e+04
8.464862500000000000e+04
7.458767968750000000e+04
7.446507812500000000e+04
7.432064062500000000e+04
7.417919531250000000e+04
7.405175781250000000e+04
7.394505468750000000e+04
7.386236718750000000e+04
7.380395312500000000e+04
7.376864843750000000e+04
7.375326562500000000e+04
7.375390625000000000e+04
7.376582812500000000e+04
7.378349218750000000e+04
7.380170312500000000e+04
7.381653906250000000e+04
7.382569531250000000e+04
7.382836718750000000e+04
7.382496875000000000e+04
7.381674218750000000e+04
7.380525000000000000e+04
7.379220312500000000e+04
7.377934375000000000e+04
7.376760937500000000e+04
7.375787500000000000e+04
7.375060156250000000e+04
7.374612500000000000e+04
7.374439062500000000e+04
7.374512500000000000e+04
7.374757031250000000e+04
7.375052343750000000e+04
7.375297656250000000e+04
7.375428906250000000e+04
7.375437500000000000e+04
7.375345312500000000e+04
7.375189843750000000e+04
7.375007812500000000e+04
7.374824218750000000e+04
7.374657812500000000e+04
7.374521093750000000e+04
7.374419531250000000e+04
7.374357031250000000e+04
7.374329687500000000e+04
7.374325000000000000e+04
7.374335937500000000e+04
7.374354687500000000e+04
7.374375000000000000e+04
7.374390625000000000e+04
7.374398437500000000e+04
7.374397656250000000e+04
7.374385937500000000e+04
7.374364843750000000e+04
7.374336718750000000e+04
7.374303125000000000e+04
7.374269531250000000e+04
7.374238281250000000e+04
7.374210937500000000e+04
7.374189062500000000e+04
7.374172656250000000e+04
7.374162500000000000e+04
7.374157031250000000e+04
7.374154687500000000e+04
7.374153906250000000e+04
7.374151562500000000e+04
7.374147656250000000e+04
7.374141406250000000e+04
7.374133593750000000e+04
7.374124218750000000e+04
7.374115625000000000e+04
7.374105468750000000e+04
7.374096875000000000e+04
7.374088281250000000e+04
7.374079687500000000e+04
7.374072656250000000e+04
7.374066406250000000e+04
7.374060156250000000e+04
7.374053906250000000e+04
