7.513627343750000000e+04
7.473317968750000000e+04
7.441950781250000000e+04
7.417983593750000000e+04
7.400244531250000000e+04
7.387810156250000000e+04
7.379921093750000000e+04
7.375932812500000000e+04
7.375017187500000000e+04
7.376214843750000000e+04
7.378532812500000000e+04
7.381092187500000000e+04
7.383282812500000000e+04
7.384767968750000000e+04
7.385446875000000000e+04
7.385366406250000000e+04
7.384662500000000000e+04
7.383506250000000000e+04
7.382079687500000000e+04
7.380553906250000000e+04
7.379066406250000000e+04
7.377797656250000000e+04
7.376758593750000000e+04
7.375894531250000000e+04
7.375229687500000000e+04
7.374767187500000000e+04
7.374502343750000000e+04
7.374410156250000000e+04
7.374460937500000000e+04
7.374603906250000000e+04
7.374787500000000000e+04
7.374973437500000000e+04
7.375132812500000000e+04
7.375249218750000000e+04
7.375311718750000000e+04
7.375317187500000000e+04
7.375269531250000000e+04
7.375176562500000000e+04
7.375052343750000000e+04
7.374911718750000000e+04
7.374771093750000000e+04
7.374640625000000000e+04
7.374531250000000000e+04
7.374446875000000000e+04
7.374389062500000000e+04
7.374357031250000000e+04
7.374346875000000000e+04
7.374353906250000000e+04
7.374372656250000000e+04
7.374396875000000000e+04
7.374422656250000000e+04
7.374443750000000000e+04
7.374457812500000000e+04
7.374462500000000000e+04
7.374458593750000000e+04
7.374445312500000000e+04
7.374425781250000000e+04
7.374402343750000000e+04
7.374377343750000000e+04
7.374352343750000000e+04
7.374331250000000000e+04
7.374314062500000000e+04
7.374301562500000000e+04
7.374294531250000000e+04
7.374291406250000000e+04
7.374291406250000000e+04
7.374292968750000000e+04
7.374294531250000000e+04
7.374296093750000000e+04
7.374296875000000000e+04
7.374295312500000000e+04
7.374292187500000000e+04
7.374287500000000000e+04
7.374282031250000000e+04
7.374275781250000000e+04
7.374269531250000000e+04
7.374263281250000000e+04
