2.079378398437500000e+05
2.079377148437500000e+05
2.079377148437500000e+05
2.079377148437500000e+05
2.079377148437500000e+05
2.079377148437500000e+05
2.079377148437500000e+05
2.079377148437500000e+05
2.079377148437500000e+05
2.079377148437500000e+05
2.079377148437500000e+05
1.885941015625000000e+05
1.627564179687500000e+05
1.437402949218750000e+05
1.305682656250000000e+05
1.202158945312500000e+05
1.132631015625000000e+05
1.099442519531250000e+05
1.093698593750000000e+05
1.096474375000000000e+05
1.095735703125000000e+05
1.092852695312500000e+05
1.091747070312500000e+05
1.091860976562500000e+05
1.091147753906250000e+05
1.090562089843750000e+05
1.090134394531250000e+05
1.089745332031250000e+05
1.089351503906250000e+05
1.088888281250000000e+05
1.088424199218750000e+05
1.087942773437500000e+05
1.087445292968750000e+05
1.086961074218750000e+05
1.086502089843750000e+05
1.086117636718750000e+05
1.085754257812500000e+05
1.085468261718750000e+05
1.085236660156250000e+05
1.085062539062500000e+05
1.084925566406250000e+05
1.084818417968750000e+05
1.084728574218750000e+05
1.084655273437500000e+05
1.084590000000000000e+05
1.084537539062500000e+05
1.084506562500000000e+05
1.084460898437500000e+05
1.084436289062500000e+05
1.084409433593750000e+05
1.084371875000000000e+05
1.084344062500000000e+05
1.084327519531250000e+05
1.084309101562500000e+05
1.084304628906250000e+05
1.084279687500000000e+05
1.084268984375000000e+05
1.084261230468750000e+05
1.084255585937500000e+05
1.084251894531250000e+05
1.084248691406250000e+05
1.084221972656250000e+05
1.084225175781250000e+05
1.084240605468750000e+05
1.084217187500000000e+05
1.084197988281250000e+05
1.084198164062500000e+05
1.084187363281250000e+05
1.084185312500000000e+05
1.084192636718750000e+05
1.084181152343750000e+05
1.084174472656250000e+05
1.084182832031250000e+05
1.084173046875000000e+05
1.084156347656250000e+05
1.084172460937500000e+05
1.084175429687500000e+05
1.084160195312500000e+05
1.084144414062500000e+05
1.084199042968750000e+05
1.084147617187500000e+05
1.084178144531250000e+05
1.084135136718750000e+05
1.084145136718750000e+05
1.084122890625000000e+05
1.084143769531250000e+05
1.084153769531250000e+05
1.084113828125000000e+05
1.084125585937500000e+05
1.084117109375000000e+05
1.084101015625000000e+05
1.084103457031250000e+05
1.084103183593750000e+05
1.084091621093750000e+05
1.084091855468750000e+05
1.084090527343750000e+05
1.084103203125000000e+05
1.084078046875000000e+05
1.084081875000000000e+05
1.084075078125000000e+05
1.084093906250000000e+05
1.084067656250000000e+05
1.084081816406250000e+05
1.084089316406250000e+05
1.084091972656250000e+05
1.084078496093750000e+05
1.084063886718750000e+05
1.084075625000000000e+05
1.084056015625000000e+05
1.084064316406250000e+05
1.084055722656250000e+05
1.084047519531250000e+05
1.084049062500000000e+05
1.084055351562500000e+05
1.084053457031250000e+05
1.084062617187500000e+05
1.084071875000000000e+05
1.084059550781250000e+05
1.084052421875000000e+05
1.084041542968750000e+05
1.084029863281250000e+05
1.084029687500000000e+05
1.084035214843750000e+05
1.084038476562500000e+05
1.084041914062500000e+05
1.084018027343750000e+05
1.084033613281250000e+05
1.084018378906250000e+05
1.084052675781250000e+05
1.084030742187500000e+05
1.084024687500000000e+05
1.084036953125000000e+05
1.084029082031250000e+05
1.084072519531250000e+05
1.084006621093750000e+05
