2022-03-03 12:56:00,727:INFO:All directories created, ready to load the data
2022-03-03 12:56:00,789:INFO:Dataset loaded from /data/theorie/jthoeve/training_data/zh/features_mzh_y_ptz_v2/lin/cHW/events_14.pkl.gz
2022-03-03 12:56:00,817:INFO:Dataset loaded from /data/theorie/jthoeve/training_data/zh/features_mzh_y_ptz_v2/sm/events_14.pkl.gz
2022-03-03 12:56:03,128:INFO:Epoch 1, Training loss 208086.11328125, Validation loss 208086.11328125
2022-03-03 12:56:05,460:INFO:Epoch 2, Training loss 208086.11328125, Validation loss 208086.11328125
2022-03-03 12:56:07,713:INFO:Epoch 3, Training loss 208086.11328125, Validation loss 208086.11328125
2022-03-03 12:56:09,991:INFO:Epoch 4, Training loss 208086.11328125, Validation loss 208086.11328125
2022-03-03 12:56:12,264:INFO:Epoch 5, Training loss 208086.11328125, Validation loss 208086.11328125
2022-03-03 12:56:14,588:INFO:Epoch 6, Training loss 208086.11328125, Validation loss 208086.11328125
2022-03-03 12:56:16,862:INFO:Epoch 7, Training loss 208086.11328125, Validation loss 208086.11328125
2022-03-03 12:56:19,128:INFO:Epoch 8, Training loss 208086.11328125, Validation loss 208086.11328125
2022-03-03 12:56:21,416:INFO:Epoch 9, Training loss 208086.11328125, Validation loss 208086.11328125
2022-03-03 12:56:23,730:INFO:Epoch 10, Training loss 208086.11328125, Validation loss 208086.11328125
2022-03-03 12:56:26,001:INFO:Epoch 11, Training loss 208086.11328125, Validation loss 208086.11328125
2022-03-03 12:56:26,004:INFO:Detected stagant training, reset the weights
2022-03-03 12:56:28,252:INFO:Epoch 12, Training loss 160390.6796875, Validation loss 144693.779296875
2022-03-03 12:56:30,536:INFO:Epoch 13, Training loss 137158.115234375, Validation loss 128364.298828125
2022-03-03 12:56:32,834:INFO:Epoch 14, Training loss 124437.00390625, Validation loss 119340.650390625
2022-03-03 12:56:35,138:INFO:Epoch 15, Training loss 116816.5, Validation loss 113498.853515625
2022-03-03 12:56:37,379:INFO:Epoch 16, Training loss 112046.8125, Validation loss 110337.259765625
2022-03-03 12:56:39,666:INFO:Epoch 17, Training loss 109888.705078125, Validation loss 109516.0078125
2022-03-03 12:56:41,906:INFO:Epoch 18, Training loss 109618.322265625, Validation loss 109754.8984375
2022-03-03 12:56:44,243:INFO:Epoch 19, Training loss 109831.40625, Validation loss 109802.787109375
2022-03-03 12:56:46,496:INFO:Epoch 20, Training loss 109743.412109375, Validation loss 109576.05078125
2022-03-03 12:56:48,787:INFO:Epoch 21, Training loss 109507.5625, Validation loss 109371.18359375
2022-03-03 12:56:51,039:INFO:Epoch 22, Training loss 109353.603515625, Validation loss 109295.69140625
2022-03-03 12:56:53,373:INFO:Epoch 23, Training loss 109312.673828125, Validation loss 109287.37890625
2022-03-03 12:56:55,624:INFO:Epoch 24, Training loss 109302.974609375, Validation loss 109268.12109375
2022-03-03 12:56:57,892:INFO:Epoch 25, Training loss 109275.66015625, Validation loss 109234.134765625
2022-03-03 12:57:00,153:INFO:Epoch 26, Training loss 109241.310546875, Validation loss 109202.7578125
2022-03-03 12:57:02,478:INFO:Epoch 27, Training loss 109212.37890625, Validation loss 109178.884765625
2022-03-03 12:57:04,739:INFO:Epoch 28, Training loss 109189.80078125, Validation loss 109158.5546875
2022-03-03 12:57:06,998:INFO:Epoch 29, Training loss 109168.51953125, Validation loss 109137.001953125
2022-03-03 12:57:09,274:INFO:Epoch 30, Training loss 109145.5078125, Validation loss 109113.845703125
2022-03-03 12:57:11,574:INFO:Epoch 31, Training loss 109122.509765625, Validation loss 109090.62109375
2022-03-03 12:57:13,853:INFO:Epoch 32, Training loss 109098.4296875, Validation loss 109067.08984375
2022-03-03 12:57:16,100:INFO:Epoch 33, Training loss 109073.224609375, Validation loss 109041.96484375
2022-03-03 12:57:18,383:INFO:Epoch 34, Training loss 109046.9453125, Validation loss 109014.892578125
2022-03-03 12:57:20,679:INFO:Epoch 35, Training loss 109018.546875, Validation loss 108985.935546875
2022-03-03 12:57:22,967:INFO:Epoch 36, Training loss 108987.40234375, Validation loss 108955.392578125
2022-03-03 12:57:25,201:INFO:Epoch 37, Training loss 108954.927734375, Validation loss 108923.134765625
2022-03-03 12:57:27,489:INFO:Epoch 38, Training loss 108920.7265625, Validation loss 108888.197265625
2022-03-03 12:57:29,735:INFO:Epoch 39, Training loss 108883.09375, Validation loss 108851.51953125
2022-03-03 12:57:32,074:INFO:Epoch 40, Training loss 108843.755859375, Validation loss 108811.958984375
2022-03-03 12:57:34,322:INFO:Epoch 41, Training loss 108796.865234375, Validation loss 108763.31640625
2022-03-03 12:57:36,617:INFO:Epoch 42, Training loss 108749.310546875, Validation loss 108721.357421875
2022-03-03 12:57:38,868:INFO:Epoch 43, Training loss 108705.177734375, Validation loss 108679.748046875
2022-03-03 12:57:41,198:INFO:Epoch 44, Training loss 108661.970703125, Validation loss 108643.263671875
2022-03-03 12:57:43,458:INFO:Epoch 45, Training loss 108625.7265625, Validation loss 108617.125
2022-03-03 12:57:45,730:INFO:Epoch 46, Training loss 108597.34765625, Validation loss 108598.380859375
2022-03-03 12:57:47,992:INFO:Epoch 47, Training loss 108580.14453125, Validation loss 108588.103515625
2022-03-03 12:57:50,311:INFO:Epoch 48, Training loss 108571.232421875, Validation loss 108583.19921875
2022-03-03 12:57:52,578:INFO:Epoch 49, Training loss 108561.12890625, Validation loss 108582.826171875
2022-03-03 12:57:54,838:INFO:Epoch 50, Training loss 108555.017578125, Validation loss 108581.240234375
2022-03-03 12:57:57,111:INFO:Epoch 51, Training loss 108551.04296875, Validation loss 108579.298828125
2022-03-03 12:57:59,414:INFO:Epoch 52, Training loss 108547.859375, Validation loss 108577.623046875
2022-03-03 12:58:01,692:INFO:Epoch 53, Training loss 108545.8359375, Validation loss 108578.494140625
2022-03-03 12:58:03,941:INFO:Epoch 54, Training loss 108542.484375, Validation loss 108578.259765625
2022-03-03 12:58:06,230:INFO:Epoch 55, Training loss 108540.45703125, Validation loss 108575.46484375
2022-03-03 12:58:08,526:INFO:Epoch 56, Training loss 108538.541015625, Validation loss 108573.568359375
2022-03-03 12:58:10,816:INFO:Epoch 57, Training loss 108536.279296875, Validation loss 108572.7421875
2022-03-03 12:58:13,056:INFO:Epoch 58, Training loss 108534.47265625, Validation loss 108571.345703125
2022-03-03 12:58:15,353:INFO:Epoch 59, Training loss 108533.947265625, Validation loss 108571.51171875
2022-03-03 12:58:17,595:INFO:Epoch 60, Training loss 108531.728515625, Validation loss 108569.87109375
2022-03-03 12:58:19,928:INFO:Epoch 61, Training loss 108529.900390625, Validation loss 108569.1796875
2022-03-03 12:58:22,175:INFO:Epoch 62, Training loss 108530.1953125, Validation loss 108569.7265625
2022-03-03 12:58:24,470:INFO:Epoch 63, Training loss 108528.634765625, Validation loss 108568.01953125
2022-03-03 12:58:26,728:INFO:Epoch 64, Training loss 108527.728515625, Validation loss 108567.58984375
2022-03-03 12:58:29,056:INFO:Epoch 65, Training loss 108528.73828125, Validation loss 108567.791015625
2022-03-03 12:58:31,314:INFO:Epoch 66, Training loss 108526.6015625, Validation loss 108565.33203125
2022-03-03 12:58:33,590:INFO:Epoch 67, Training loss 108526.552734375, Validation loss 108565.89453125
2022-03-03 12:58:35,860:INFO:Epoch 68, Training loss 108523.384765625, Validation loss 108566.0859375
2022-03-03 12:58:38,175:INFO:Epoch 69, Training loss 108523.201171875, Validation loss 108566.763671875
2022-03-03 12:58:40,445:INFO:Epoch 70, Training loss 108522.90234375, Validation loss 108565.865234375
2022-03-03 12:58:42,709:INFO:Epoch 71, Training loss 108522.12890625, Validation loss 108565.4453125
2022-03-03 12:58:44,986:INFO:Epoch 72, Training loss 108522.357421875, Validation loss 108564.8828125
2022-03-03 12:58:47,293:INFO:Epoch 73, Training loss 108520.998046875, Validation loss 108565.583984375
2022-03-03 12:58:49,573:INFO:Epoch 74, Training loss 108520.427734375, Validation loss 108567.455078125
2022-03-03 12:58:51,821:INFO:Epoch 75, Training loss 108520.04296875, Validation loss 108565.142578125
2022-03-03 12:58:54,106:INFO:Epoch 76, Training loss 108518.193359375, Validation loss 108564.208984375
2022-03-03 12:58:56,399:INFO:Epoch 77, Training loss 108518.962890625, Validation loss 108564.697265625
2022-03-03 12:58:58,686:INFO:Epoch 78, Training loss 108516.341796875, Validation loss 108564.48046875
2022-03-03 12:59:00,921:INFO:Epoch 79, Training loss 108516.24609375, Validation loss 108564.59765625
2022-03-03 12:59:03,213:INFO:Epoch 80, Training loss 108516.548828125, Validation loss 108565.3671875
2022-03-03 12:59:05,453:INFO:Epoch 81, Training loss 108515.525390625, Validation loss 108564.779296875
2022-03-03 12:59:07,788:INFO:Epoch 82, Training loss 108514.669921875, Validation loss 108564.373046875
2022-03-03 12:59:10,031:INFO:Epoch 83, Training loss 108514.0, Validation loss 108564.0234375
2022-03-03 12:59:12,323:INFO:Epoch 84, Training loss 108513.095703125, Validation loss 108564.296875
2022-03-03 12:59:14,572:INFO:Epoch 85, Training loss 108512.39453125, Validation loss 108563.43359375
2022-03-03 12:59:16,901:INFO:Epoch 86, Training loss 108512.744140625, Validation loss 108563.875
2022-03-03 12:59:19,157:INFO:Epoch 87, Training loss 108511.365234375, Validation loss 108563.708984375
2022-03-03 12:59:21,433:INFO:Epoch 88, Training loss 108511.2890625, Validation loss 108563.4921875
2022-03-03 12:59:23,699:INFO:Epoch 89, Training loss 108510.919921875, Validation loss 108564.140625
2022-03-03 12:59:26,030:INFO:Epoch 90, Training loss 108509.6796875, Validation loss 108562.779296875
2022-03-03 12:59:28,298:INFO:Epoch 91, Training loss 108509.03515625, Validation loss 108562.177734375
2022-03-03 12:59:30,555:INFO:Epoch 92, Training loss 108508.98046875, Validation loss 108561.85546875
2022-03-03 12:59:32,824:INFO:Epoch 93, Training loss 108508.9140625, Validation loss 108563.337890625
2022-03-03 12:59:35,130:INFO:Epoch 94, Training loss 108508.693359375, Validation loss 108562.271484375
2022-03-03 12:59:37,415:INFO:Epoch 95, Training loss 108507.400390625, Validation loss 108562.63671875
2022-03-03 12:59:39,661:INFO:Epoch 96, Training loss 108508.1875, Validation loss 108562.927734375
2022-03-03 12:59:41,948:INFO:Epoch 97, Training loss 108508.302734375, Validation loss 108561.58984375
2022-03-03 12:59:44,250:INFO:Epoch 98, Training loss 108506.05078125, Validation loss 108562.583984375
2022-03-03 12:59:46,537:INFO:Epoch 99, Training loss 108507.818359375, Validation loss 108561.86328125
2022-03-03 12:59:48,770:INFO:Epoch 100, Training loss 108504.298828125, Validation loss 108561.58984375
2022-03-03 12:59:51,067:INFO:Epoch 101, Training loss 108508.28515625, Validation loss 108563.255859375
2022-03-03 12:59:53,312:INFO:Epoch 102, Training loss 108505.259765625, Validation loss 108561.837890625
2022-03-03 12:59:55,653:INFO:Epoch 103, Training loss 108506.43359375, Validation loss 108561.8046875
2022-03-03 12:59:57,894:INFO:Epoch 104, Training loss 108506.24609375, Validation loss 108562.630859375
2022-03-03 13:00:00,183:INFO:Epoch 105, Training loss 108505.798828125, Validation loss 108561.47265625
2022-03-03 13:00:02,436:INFO:Epoch 106, Training loss 108503.673828125, Validation loss 108560.87109375
2022-03-03 13:00:04,764:INFO:Epoch 107, Training loss 108503.546875, Validation loss 108560.82421875
2022-03-03 13:00:07,020:INFO:Epoch 108, Training loss 108502.064453125, Validation loss 108560.8203125
2022-03-03 13:00:09,295:INFO:Epoch 109, Training loss 108502.947265625, Validation loss 108560.74609375
2022-03-03 13:00:11,564:INFO:Epoch 110, Training loss 108502.248046875, Validation loss 108560.486328125
2022-03-03 13:00:13,882:INFO:Epoch 111, Training loss 108500.828125, Validation loss 108559.736328125
2022-03-03 13:00:16,148:INFO:Epoch 112, Training loss 108501.060546875, Validation loss 108560.21484375
2022-03-03 13:00:18,410:INFO:Epoch 113, Training loss 108500.859375, Validation loss 108560.8203125
2022-03-03 13:00:20,683:INFO:Epoch 114, Training loss 108499.798828125, Validation loss 108560.701171875
2022-03-03 13:00:22,983:INFO:Epoch 115, Training loss 108499.708984375, Validation loss 108559.455078125
2022-03-03 13:00:25,166:INFO:Epoch 116, Training loss 108499.65625, Validation loss 108559.5234375
2022-03-03 13:00:27,317:INFO:Epoch 117, Training loss 108498.890625, Validation loss 108560.849609375
2022-03-03 13:00:29,507:INFO:Epoch 118, Training loss 108500.47265625, Validation loss 108562.37890625
2022-03-03 13:00:31,703:INFO:Epoch 119, Training loss 108499.78515625, Validation loss 108561.1953125
2022-03-03 13:00:33,899:INFO:Epoch 120, Training loss 108499.140625, Validation loss 108560.17578125
2022-03-03 13:00:36,034:INFO:Epoch 121, Training loss 108499.328125, Validation loss 108561.09375
2022-03-03 13:00:38,231:INFO:Epoch 122, Training loss 108498.265625, Validation loss 108559.544921875
2022-03-03 13:00:40,376:INFO:Epoch 123, Training loss 108497.556640625, Validation loss 108560.71875
2022-03-03 13:00:42,617:INFO:Epoch 124, Training loss 108497.5, Validation loss 108561.173828125
2022-03-03 13:00:44,765:INFO:Epoch 125, Training loss 108497.33984375, Validation loss 108560.064453125
2022-03-03 13:00:46,958:INFO:Epoch 126, Training loss 108497.759765625, Validation loss 108559.75
2022-03-03 13:00:49,114:INFO:Epoch 127, Training loss 108495.59375, Validation loss 108559.591796875
2022-03-03 13:00:51,346:INFO:Epoch 128, Training loss 108497.54296875, Validation loss 108563.04296875
2022-03-03 13:00:53,504:INFO:Epoch 129, Training loss 108496.40625, Validation loss 108559.845703125
2022-03-03 13:00:55,679:INFO:Epoch 130, Training loss 108496.294921875, Validation loss 108560.423828125
2022-03-03 13:00:57,849:INFO:Epoch 131, Training loss 108495.380859375, Validation loss 108562.3203125
2022-03-03 13:01:00,069:INFO:Epoch 132, Training loss 108496.419921875, Validation loss 108563.044921875
2022-03-03 13:01:02,238:INFO:Epoch 133, Training loss 108495.96484375, Validation loss 108562.076171875
2022-03-03 13:01:04,400:INFO:Epoch 134, Training loss 108497.455078125, Validation loss 108560.494140625
2022-03-03 13:01:06,576:INFO:Epoch 135, Training loss 108499.96484375, Validation loss 108562.91015625
2022-03-03 13:01:08,782:INFO:Epoch 136, Training loss 108495.04296875, Validation loss 108561.009765625
2022-03-03 13:01:10,961:INFO:Epoch 137, Training loss 108494.318359375, Validation loss 108559.498046875
2022-03-03 13:01:13,113:INFO:Epoch 138, Training loss 108493.74609375, Validation loss 108560.357421875
2022-03-03 13:01:15,299:INFO:Epoch 139, Training loss 108493.1015625, Validation loss 108561.451171875
2022-03-03 13:01:17,497:INFO:Epoch 140, Training loss 108492.126953125, Validation loss 108560.7734375
2022-03-03 13:01:19,689:INFO:Epoch 141, Training loss 108490.919921875, Validation loss 108560.865234375
2022-03-03 13:01:21,827:INFO:Epoch 142, Training loss 108493.3671875, Validation loss 108562.26953125
2022-03-03 13:01:24,022:INFO:Epoch 143, Training loss 108492.130859375, Validation loss 108561.6171875
2022-03-03 13:01:26,166:INFO:Epoch 144, Training loss 108491.45703125, Validation loss 108564.365234375
2022-03-03 13:01:28,404:INFO:Epoch 145, Training loss 108490.998046875, Validation loss 108561.275390625
2022-03-03 13:01:30,551:INFO:Epoch 146, Training loss 108490.337890625, Validation loss 108560.84765625
2022-03-03 13:01:32,744:INFO:Epoch 147, Training loss 108490.3828125, Validation loss 108561.337890625
2022-03-03 13:01:34,897:INFO:Epoch 148, Training loss 108489.712890625, Validation loss 108562.248046875
2022-03-03 13:01:37,128:INFO:Epoch 149, Training loss 108490.521484375, Validation loss 108561.189453125
2022-03-03 13:01:39,288:INFO:Epoch 150, Training loss 108490.580078125, Validation loss 108560.779296875
2022-03-03 13:01:41,464:INFO:Epoch 151, Training loss 108488.107421875, Validation loss 108563.12109375
2022-03-03 13:01:43,630:INFO:Epoch 152, Training loss 108488.171875, Validation loss 108562.224609375
2022-03-03 13:01:45,849:INFO:Epoch 153, Training loss 108487.974609375, Validation loss 108562.94140625
2022-03-03 13:01:48,019:INFO:Epoch 154, Training loss 108487.947265625, Validation loss 108562.1953125
2022-03-03 13:01:50,182:INFO:Epoch 155, Training loss 108487.65625, Validation loss 108560.767578125
2022-03-03 13:01:52,357:INFO:Epoch 156, Training loss 108488.548828125, Validation loss 108564.341796875
2022-03-03 13:01:54,568:INFO:Epoch 157, Training loss 108488.365234375, Validation loss 108563.451171875
2022-03-03 13:01:56,752:INFO:Epoch 158, Training loss 108487.708984375, Validation loss 108561.384765625
2022-03-03 13:01:58,904:INFO:Epoch 159, Training loss 108487.66015625, Validation loss 108563.005859375
2022-03-03 13:02:01,091:INFO:Epoch 160, Training loss 108486.279296875, Validation loss 108562.470703125
2022-03-03 13:02:03,288:INFO:Epoch 161, Training loss 108488.138671875, Validation loss 108565.142578125
2022-03-03 13:02:05,479:INFO:Epoch 162, Training loss 108485.0390625, Validation loss 108562.9296875
2022-03-03 13:02:07,615:INFO:Epoch 163, Training loss 108487.93359375, Validation loss 108563.201171875
2022-03-03 13:02:09,810:INFO:Epoch 164, Training loss 108484.357421875, Validation loss 108563.92578125
2022-03-03 13:02:11,953:INFO:Epoch 165, Training loss 108491.6640625, Validation loss 108568.251953125
2022-03-03 13:02:11,960:INFO:Finished training
