2021-11-17 17:54:11,604:INFO:All directories created, ready to load the data
2021-11-17 17:54:11,660:INFO:Dataset loaded from /data/theorie/jthoeve/event_generation/events_high_stats/lin/cHW/events_1.npy
2021-11-17 17:54:11,690:INFO:Dataset loaded from /data/theorie/jthoeve/event_generation/events_high_stats/sm/events_1.npy
2021-11-17 17:54:15,148:INFO:Epoch 1, Training loss 150039.64453125, Validation loss 142074.421875
2021-11-17 17:54:18,478:INFO:Epoch 2, Training loss 138241.77734375, Validation loss 133128.5390625
2021-11-17 17:54:21,806:INFO:Epoch 3, Training loss 130330.228515625, Validation loss 126521.541015625
2021-11-17 17:54:25,168:INFO:Epoch 4, Training loss 124289.458984375, Validation loss 121071.55078125
2021-11-17 17:54:28,501:INFO:Epoch 5, Training loss 119066.46875, Validation loss 116299.640625
2021-11-17 17:54:31,842:INFO:Epoch 6, Training loss 114729.349609375, Validation loss 112672.322265625
2021-11-17 17:54:35,142:INFO:Epoch 7, Training loss 111649.609375, Validation loss 110418.787109375
2021-11-17 17:54:38,489:INFO:Epoch 8, Training loss 109959.763671875, Validation loss 109530.775390625
2021-11-17 17:54:41,789:INFO:Epoch 9, Training loss 109508.5234375, Validation loss 109556.2890625
2021-11-17 17:54:45,118:INFO:Epoch 10, Training loss 109607.111328125, Validation loss 109628.23828125
2021-11-17 17:54:48,436:INFO:Epoch 11, Training loss 109579.83203125, Validation loss 109474.1875
2021-11-17 17:54:51,760:INFO:Epoch 12, Training loss 109393.505859375, Validation loss 109295.7578125
2021-11-17 17:54:55,079:INFO:Epoch 13, Training loss 109254.841796875, Validation loss 109225.1171875
2021-11-17 17:54:58,380:INFO:Epoch 14, Training loss 109214.6953125, Validation loss 109217.931640625
2021-11-17 17:55:01,697:INFO:Epoch 15, Training loss 109199.908203125, Validation loss 109190.76953125
2021-11-17 17:55:05,006:INFO:Epoch 16, Training loss 109163.544921875, Validation loss 109150.92578125
2021-11-17 17:55:08,349:INFO:Epoch 17, Training loss 109125.53125, Validation loss 109121.640625
2021-11-17 17:55:11,627:INFO:Epoch 18, Training loss 109099.125, Validation loss 109098.640625
2021-11-17 17:55:14,950:INFO:Epoch 19, Training loss 109075.560546875, Validation loss 109075.505859375
2021-11-17 17:55:18,224:INFO:Epoch 20, Training loss 109051.22265625, Validation loss 109052.181640625
2021-11-17 17:55:21,582:INFO:Epoch 21, Training loss 109027.75, Validation loss 109030.0625
2021-11-17 17:55:24,859:INFO:Epoch 22, Training loss 109004.443359375, Validation loss 109009.203125
2021-11-17 17:55:28,176:INFO:Epoch 23, Training loss 108983.19140625, Validation loss 108990.365234375
2021-11-17 17:55:31,461:INFO:Epoch 24, Training loss 108965.001953125, Validation loss 108972.205078125
2021-11-17 17:55:34,807:INFO:Epoch 25, Training loss 108946.966796875, Validation loss 108955.4609375
2021-11-17 17:55:38,100:INFO:Epoch 26, Training loss 108929.19140625, Validation loss 108939.921875
2021-11-17 17:55:41,435:INFO:Epoch 27, Training loss 108914.158203125, Validation loss 108925.458984375
2021-11-17 17:55:44,736:INFO:Epoch 28, Training loss 108899.80859375, Validation loss 108912.400390625
2021-11-17 17:55:48,065:INFO:Epoch 29, Training loss 108887.10546875, Validation loss 108900.998046875
2021-11-17 17:55:51,362:INFO:Epoch 30, Training loss 108876.236328125, Validation loss 108891.416015625
2021-11-17 17:55:54,666:INFO:Epoch 31, Training loss 108866.986328125, Validation loss 108882.8359375
2021-11-17 17:55:57,982:INFO:Epoch 32, Training loss 108859.1640625, Validation loss 108875.541015625
2021-11-17 17:56:01,315:INFO:Epoch 33, Training loss 108852.072265625, Validation loss 108869.763671875
2021-11-17 17:56:04,632:INFO:Epoch 34, Training loss 108846.09765625, Validation loss 108864.900390625
2021-11-17 17:56:07,941:INFO:Epoch 35, Training loss 108840.91015625, Validation loss 108860.740234375
2021-11-17 17:56:11,272:INFO:Epoch 36, Training loss 108836.892578125, Validation loss 108856.955078125
2021-11-17 17:56:14,609:INFO:Epoch 37, Training loss 108832.7890625, Validation loss 108854.65625
2021-11-17 17:56:17,943:INFO:Epoch 38, Training loss 108829.67578125, Validation loss 108852.1953125
2021-11-17 17:56:21,242:INFO:Epoch 39, Training loss 108826.783203125, Validation loss 108850.25
2021-11-17 17:56:24,589:INFO:Epoch 40, Training loss 108824.572265625, Validation loss 108848.880859375
2021-11-17 17:56:27,885:INFO:Epoch 41, Training loss 108823.30859375, Validation loss 108848.2265625
2021-11-17 17:56:31,255:INFO:Epoch 42, Training loss 108822.306640625, Validation loss 108846.943359375
2021-11-17 17:56:34,553:INFO:Epoch 43, Training loss 108820.232421875, Validation loss 108846.39453125
2021-11-17 17:56:37,895:INFO:Epoch 44, Training loss 108819.302734375, Validation loss 108846.48828125
2021-11-17 17:56:41,214:INFO:Epoch 45, Training loss 108818.564453125, Validation loss 108846.828125
2021-11-17 17:56:44,576:INFO:Epoch 46, Training loss 108817.625, Validation loss 108846.0
2021-11-17 17:56:47,886:INFO:Epoch 47, Training loss 108816.90625, Validation loss 108845.755859375
2021-11-17 17:56:51,235:INFO:Epoch 48, Training loss 108816.640625, Validation loss 108845.5078125
2021-11-17 17:56:54,609:INFO:Epoch 49, Training loss 108815.83984375, Validation loss 108845.3125
2021-11-17 17:56:58,019:INFO:Epoch 50, Training loss 108816.419921875, Validation loss 108845.607421875
2021-11-17 17:57:01,406:INFO:Epoch 51, Training loss 108815.63671875, Validation loss 108845.099609375
2021-11-17 17:57:04,790:INFO:Epoch 52, Training loss 108814.498046875, Validation loss 108845.68359375
2021-11-17 17:57:08,173:INFO:Epoch 53, Training loss 108814.744140625, Validation loss 108845.740234375
2021-11-17 17:57:11,580:INFO:Epoch 54, Training loss 108814.138671875, Validation loss 108845.630859375
2021-11-17 17:57:14,968:INFO:Epoch 55, Training loss 108813.787109375, Validation loss 108845.681640625
2021-11-17 17:57:18,339:INFO:Epoch 56, Training loss 108814.337890625, Validation loss 108845.720703125
2021-11-17 17:57:21,736:INFO:Epoch 57, Training loss 108814.15625, Validation loss 108845.3671875
2021-11-17 17:57:25,122:INFO:Epoch 58, Training loss 108813.498046875, Validation loss 108845.822265625
2021-11-17 17:57:28,515:INFO:Epoch 59, Training loss 108813.388671875, Validation loss 108846.287109375
2021-11-17 17:57:31,879:INFO:Epoch 60, Training loss 108813.087890625, Validation loss 108846.224609375
2021-11-17 17:57:35,282:INFO:Epoch 61, Training loss 108813.275390625, Validation loss 108846.0546875
2021-11-17 17:57:38,648:INFO:Epoch 62, Training loss 108812.474609375, Validation loss 108846.197265625
2021-11-17 17:57:42,086:INFO:Epoch 63, Training loss 108813.4453125, Validation loss 108846.072265625
2021-11-17 17:57:45,431:INFO:Epoch 64, Training loss 108812.544921875, Validation loss 108845.9453125
2021-11-17 17:57:48,809:INFO:Epoch 65, Training loss 108812.255859375, Validation loss 108846.5390625
2021-11-17 17:57:52,164:INFO:Epoch 66, Training loss 108812.455078125, Validation loss 108846.4140625
2021-11-17 17:57:55,576:INFO:Epoch 67, Training loss 108812.140625, Validation loss 108846.580078125
2021-11-17 17:57:58,925:INFO:Epoch 68, Training loss 108812.322265625, Validation loss 108845.8515625
2021-11-17 17:58:02,298:INFO:Epoch 69, Training loss 108811.892578125, Validation loss 108846.20703125
2021-11-17 17:58:05,657:INFO:Epoch 70, Training loss 108812.0390625, Validation loss 108846.40234375
2021-11-17 17:58:09,048:INFO:Epoch 71, Training loss 108811.4375, Validation loss 108846.5859375
2021-11-17 17:58:09,054:INFO:Finished training, producing training report at /data/theorie/jthoeve/ML4EFT_higgs/models/17_11/model_final_lin_cHW/mc_run_1/plots/training_report/
2021-11-17 17:58:12,688:WARNING:findfont: Font family ['sans-serif'] not found. Falling back to DejaVu Sans.
