2021-11-18 16:14:00,035:INFO:All directories created, ready to load the data
2021-11-18 16:14:00,070:INFO:Dataset loaded from /data/theorie/jthoeve/event_generation/events_high_stats/lin/cHq3/events_13.npy
2021-11-18 16:14:00,094:INFO:Dataset loaded from /data/theorie/jthoeve/event_generation/events_high_stats/sm/events_13.npy
2021-11-18 16:14:03,897:INFO:Epoch 1, Training loss 73773.75, Validation loss 73768.03125
2021-11-18 16:14:07,706:INFO:Epoch 2, Training loss 73766.609375, Validation loss 73768.3515625
2021-11-18 16:14:11,534:INFO:Epoch 3, Training loss 73765.046875, Validation loss 73765.4921875
2021-11-18 16:14:15,265:INFO:Epoch 4, Training loss 73761.8671875, Validation loss 73764.390625
2021-11-18 16:14:19,051:INFO:Epoch 5, Training loss 73760.6015625, Validation loss 73764.890625
2021-11-18 16:14:22,723:INFO:Epoch 6, Training loss 73760.8125, Validation loss 73764.84375
2021-11-18 16:14:26,476:INFO:Epoch 7, Training loss 73760.34375, Validation loss 73764.3984375
2021-11-18 16:14:30,161:INFO:Epoch 8, Training loss 73759.40625, Validation loss 73764.546875
2021-11-18 16:14:33,826:INFO:Epoch 9, Training loss 73759.0234375, Validation loss 73765.140625
2021-11-18 16:14:37,572:INFO:Epoch 10, Training loss 73759.3203125, Validation loss 73765.296875
2021-11-18 16:14:41,365:INFO:Epoch 11, Training loss 73759.265625, Validation loss 73764.828125
2021-11-18 16:14:45,077:INFO:Epoch 12, Training loss 73758.6640625, Validation loss 73764.5078125
2021-11-18 16:14:48,866:INFO:Epoch 13, Training loss 73758.203125, Validation loss 73764.6328125
2021-11-18 16:14:52,546:INFO:Epoch 14, Training loss 73758.1171875, Validation loss 73764.796875
2021-11-18 16:14:56,310:INFO:Epoch 15, Training loss 73757.9609375, Validation loss 73764.7578125
2021-11-18 16:15:00,067:INFO:Epoch 16, Training loss 73757.515625, Validation loss 73764.6640625
2021-11-18 16:15:03,763:INFO:Epoch 17, Training loss 73757.078125, Validation loss 73764.90625
2021-11-18 16:15:07,526:INFO:Epoch 18, Training loss 73756.9296875, Validation loss 73765.2890625
2021-11-18 16:15:11,394:INFO:Epoch 19, Training loss 73756.9453125, Validation loss 73765.4609375
2021-11-18 16:15:15,060:INFO:Epoch 20, Training loss 73756.8046875, Validation loss 73765.4453125
2021-11-18 16:15:18,794:INFO:Epoch 21, Training loss 73756.5, Validation loss 73765.515625
2021-11-18 16:15:22,471:INFO:Epoch 22, Training loss 73756.2734375, Validation loss 73765.734375
2021-11-18 16:15:26,207:INFO:Epoch 23, Training loss 73756.15625, Validation loss 73765.9375
2021-11-18 16:15:29,958:INFO:Epoch 24, Training loss 73755.96875, Validation loss 73766.0546875
2021-11-18 16:15:33,657:INFO:Epoch 25, Training loss 73755.6171875, Validation loss 73766.2265625
2021-11-18 16:15:37,416:INFO:Epoch 26, Training loss 73755.2734375, Validation loss 73766.4765625
2021-11-18 16:15:41,217:INFO:Epoch 27, Training loss 73755.0859375, Validation loss 73766.6953125
2021-11-18 16:15:44,827:INFO:Epoch 28, Training loss 73754.9296875, Validation loss 73766.7734375
2021-11-18 16:15:48,536:INFO:Epoch 29, Training loss 73754.6796875, Validation loss 73766.875
2021-11-18 16:15:52,220:INFO:Epoch 30, Training loss 73754.4375, Validation loss 73767.109375
2021-11-18 16:15:55,972:INFO:Epoch 31, Training loss 73754.2421875, Validation loss 73767.421875
2021-11-18 16:15:59,750:INFO:Epoch 32, Training loss 73754.046875, Validation loss 73767.8046875
2021-11-18 16:16:03,470:INFO:Epoch 33, Training loss 73753.7890625, Validation loss 73768.2421875
2021-11-18 16:16:07,251:INFO:Epoch 34, Training loss 73753.515625, Validation loss 73768.734375
2021-11-18 16:16:10,969:INFO:Epoch 35, Training loss 73753.2578125, Validation loss 73769.140625
2021-11-18 16:16:14,692:INFO:Epoch 36, Training loss 73753.03125, Validation loss 73769.3671875
2021-11-18 16:16:18,451:INFO:Epoch 37, Training loss 73752.7734375, Validation loss 73769.546875
2021-11-18 16:16:22,158:INFO:Epoch 38, Training loss 73752.5, Validation loss 73769.734375
2021-11-18 16:16:25,920:INFO:Epoch 39, Training loss 73752.265625, Validation loss 73769.9375
2021-11-18 16:16:29,785:INFO:Epoch 40, Training loss 73752.0234375, Validation loss 73770.203125
2021-11-18 16:16:33,554:INFO:Epoch 41, Training loss 73751.78125, Validation loss 73770.453125
2021-11-18 16:16:37,606:INFO:Epoch 42, Training loss 73751.5703125, Validation loss 73770.65625
2021-11-18 16:16:41,302:INFO:Epoch 43, Training loss 73751.359375, Validation loss 73770.8125
2021-11-18 16:16:45,020:INFO:Epoch 44, Training loss 73751.1171875, Validation loss 73771.0234375
2021-11-18 16:16:48,762:INFO:Epoch 45, Training loss 73750.8828125, Validation loss 73771.328125
2021-11-18 16:16:52,453:INFO:Epoch 46, Training loss 73750.640625, Validation loss 73771.703125
2021-11-18 16:16:56,265:INFO:Epoch 47, Training loss 73750.3828125, Validation loss 73772.0625
2021-11-18 16:17:00,027:INFO:Epoch 48, Training loss 73750.125, Validation loss 73772.3359375
2021-11-18 16:17:03,711:INFO:Epoch 49, Training loss 73749.8515625, Validation loss 73772.4765625
2021-11-18 16:17:07,455:INFO:Epoch 50, Training loss 73749.5703125, Validation loss 73772.484375
2021-11-18 16:17:11,153:INFO:Epoch 51, Training loss 73749.296875, Validation loss 73772.5234375
2021-11-18 16:17:14,952:INFO:Epoch 52, Training loss 73749.046875, Validation loss 73772.75
2021-11-18 16:17:18,726:INFO:Epoch 53, Training loss 73748.7890625, Validation loss 73773.078125
2021-11-18 16:17:22,424:INFO:Epoch 54, Training loss 73748.5234375, Validation loss 73773.390625
2021-11-18 16:17:22,439:INFO:Finished training, producing training report at /data/theorie/jthoeve/ML4EFT_higgs/models/17_11/model_final_lin_cHq3_v7/mc_run_13/plots/training_report/
2021-11-18 16:17:22,764:WARNING:findfont: Font family ['sans-serif'] not found. Falling back to DejaVu Sans.
