2022-03-03 14:19:17,216:INFO:All directories created, ready to load the data
2022-03-03 14:19:17,292:INFO:Dataset loaded from /data/theorie/jthoeve/training_data/zh/features_mzh_y_ptz_v2/lin/cHq3/events_15.pkl.gz
2022-03-03 14:19:17,334:INFO:Dataset loaded from /data/theorie/jthoeve/training_data/zh/features_mzh_y_ptz_v2/sm/events_15.pkl.gz
2022-03-03 14:19:19,521:INFO:Epoch 1, Training loss 75052.2412109375, Validation loss 74317.693359375
2022-03-03 14:19:21,757:INFO:Epoch 2, Training loss 74071.720703125, Validation loss 73845.5078125
2022-03-03 14:19:23,921:INFO:Epoch 3, Training loss 73815.4052734375, Validation loss 73829.3994140625
2022-03-03 14:19:26,103:INFO:Epoch 4, Training loss 73850.69921875, Validation loss 73874.5888671875
2022-03-03 14:19:28,268:INFO:Epoch 5, Training loss 73864.9326171875, Validation loss 73843.75
2022-03-03 14:19:30,485:INFO:Epoch 6, Training loss 73827.533203125, Validation loss 73805.1171875
2022-03-03 14:19:32,659:INFO:Epoch 7, Training loss 73802.193359375, Validation loss 73796.9248046875
2022-03-03 14:19:34,821:INFO:Epoch 8, Training loss 73801.7080078125, Validation loss 73801.1318359375
2022-03-03 14:19:36,998:INFO:Epoch 9, Training loss 73802.171875, Validation loss 73800.1923828125
2022-03-03 14:19:39,203:INFO:Epoch 10, Training loss 73798.056640625, Validation loss 73798.1591796875
2022-03-03 14:19:41,380:INFO:Epoch 11, Training loss 73795.685546875, Validation loss 73798.0595703125
2022-03-03 14:19:43,525:INFO:Epoch 12, Training loss 73795.4326171875, Validation loss 73798.787109375
2022-03-03 14:19:45,706:INFO:Epoch 13, Training loss 73795.4580078125, Validation loss 73798.9013671875
2022-03-03 14:19:47,891:INFO:Epoch 14, Training loss 73795.09375, Validation loss 73798.98046875
2022-03-03 14:19:50,076:INFO:Epoch 15, Training loss 73794.5576171875, Validation loss 73799.0185546875
2022-03-03 14:19:52,202:INFO:Epoch 16, Training loss 73794.1201171875, Validation loss 73799.04296875
2022-03-03 14:19:54,388:INFO:Epoch 17, Training loss 73793.9501953125, Validation loss 73798.853515625
2022-03-03 14:19:56,518:INFO:Epoch 18, Training loss 73793.580078125, Validation loss 73798.7333984375
2022-03-03 14:19:58,744:INFO:Epoch 19, Training loss 73793.294921875, Validation loss 73798.7861328125
2022-03-03 14:20:00,873:INFO:Epoch 20, Training loss 73792.912109375, Validation loss 73798.8447265625
2022-03-03 14:20:03,053:INFO:Epoch 21, Training loss 73792.6962890625, Validation loss 73798.8232421875
2022-03-03 14:20:05,192:INFO:Epoch 22, Training loss 73792.40234375, Validation loss 73798.7578125
2022-03-03 14:20:07,407:INFO:Epoch 23, Training loss 73792.0478515625, Validation loss 73798.537109375
2022-03-03 14:20:09,548:INFO:Epoch 24, Training loss 73791.8642578125, Validation loss 73798.53125
2022-03-03 14:20:11,704:INFO:Epoch 25, Training loss 73791.7265625, Validation loss 73798.7138671875
2022-03-03 14:20:13,851:INFO:Epoch 26, Training loss 73791.412109375, Validation loss 73798.830078125
2022-03-03 14:20:16,053:INFO:Epoch 27, Training loss 73791.4404296875, Validation loss 73798.927734375
2022-03-03 14:20:18,204:INFO:Epoch 28, Training loss 73791.1669921875, Validation loss 73798.6630859375
2022-03-03 14:20:20,347:INFO:Epoch 29, Training loss 73791.05859375, Validation loss 73798.44921875
2022-03-03 14:20:22,505:INFO:Epoch 30, Training loss 73790.537109375, Validation loss 73798.94140625
2022-03-03 14:20:24,689:INFO:Epoch 31, Training loss 73790.13671875, Validation loss 73799.0439453125
2022-03-03 14:20:26,863:INFO:Epoch 32, Training loss 73790.0556640625, Validation loss 73799.19140625
2022-03-03 14:20:28,999:INFO:Epoch 33, Training loss 73789.830078125, Validation loss 73799.4677734375
2022-03-03 14:20:31,170:INFO:Epoch 34, Training loss 73789.423828125, Validation loss 73799.3232421875
2022-03-03 14:20:33,352:INFO:Epoch 35, Training loss 73789.35546875, Validation loss 73798.828125
2022-03-03 14:20:35,541:INFO:Epoch 36, Training loss 73789.3203125, Validation loss 73799.4423828125
2022-03-03 14:20:37,664:INFO:Epoch 37, Training loss 73788.73828125, Validation loss 73799.22265625
2022-03-03 14:20:39,841:INFO:Epoch 38, Training loss 73788.58984375, Validation loss 73799.4658203125
2022-03-03 14:20:41,963:INFO:Epoch 39, Training loss 73788.169921875, Validation loss 73799.7314453125
2022-03-03 14:20:44,190:INFO:Epoch 40, Training loss 73787.662109375, Validation loss 73799.7314453125
2022-03-03 14:20:46,322:INFO:Epoch 41, Training loss 73787.705078125, Validation loss 73800.20703125
2022-03-03 14:20:48,515:INFO:Epoch 42, Training loss 73787.0791015625, Validation loss 73800.0791015625
2022-03-03 14:20:50,656:INFO:Epoch 43, Training loss 73786.662109375, Validation loss 73799.7060546875
2022-03-03 14:20:52,880:INFO:Epoch 44, Training loss 73786.390625, Validation loss 73800.033203125
2022-03-03 14:20:55,028:INFO:Epoch 45, Training loss 73786.123046875, Validation loss 73800.517578125
2022-03-03 14:20:57,180:INFO:Epoch 46, Training loss 73785.6455078125, Validation loss 73800.900390625
2022-03-03 14:20:59,330:INFO:Epoch 47, Training loss 73785.2060546875, Validation loss 73800.3935546875
2022-03-03 14:21:01,527:INFO:Epoch 48, Training loss 73784.6982421875, Validation loss 73801.0283203125
2022-03-03 14:21:03,682:INFO:Epoch 49, Training loss 73784.33984375, Validation loss 73800.376953125
2022-03-03 14:21:05,827:INFO:Epoch 50, Training loss 73783.6025390625, Validation loss 73800.9931640625
2022-03-03 14:21:07,984:INFO:Epoch 51, Training loss 73783.2646484375, Validation loss 73801.3828125
2022-03-03 14:21:10,175:INFO:Epoch 52, Training loss 73782.6826171875, Validation loss 73801.3369140625
2022-03-03 14:21:12,340:INFO:Epoch 53, Training loss 73782.5908203125, Validation loss 73801.2568359375
2022-03-03 14:21:14,472:INFO:Epoch 54, Training loss 73781.8330078125, Validation loss 73802.509765625
2022-03-03 14:21:16,648:INFO:Epoch 55, Training loss 73781.505859375, Validation loss 73801.01171875
2022-03-03 14:21:18,824:INFO:Epoch 56, Training loss 73780.5986328125, Validation loss 73801.0087890625
2022-03-03 14:21:20,999:INFO:Epoch 57, Training loss 73779.5947265625, Validation loss 73802.2744140625
2022-03-03 14:21:21,006:INFO:Finished training
