2021-11-17 17:54:11,605:INFO:All directories created, ready to load the data
2021-11-17 17:54:11,709:INFO:Dataset loaded from /data/theorie/jthoeve/event_generation/events_high_stats/lin/cHW/events_18.npy
2021-11-17 17:54:11,730:INFO:Dataset loaded from /data/theorie/jthoeve/event_generation/events_high_stats/sm/events_18.npy
2021-11-17 17:54:15,172:INFO:Epoch 1, Training loss 208054.39453125, Validation loss 208054.39453125
2021-11-17 17:54:18,525:INFO:Epoch 2, Training loss 208054.39453125, Validation loss 208054.39453125
2021-11-17 17:54:21,873:INFO:Epoch 3, Training loss 208054.39453125, Validation loss 208054.39453125
2021-11-17 17:54:25,254:INFO:Epoch 4, Training loss 208054.39453125, Validation loss 208054.39453125
2021-11-17 17:54:28,597:INFO:Epoch 5, Training loss 208054.39453125, Validation loss 208054.39453125
2021-11-17 17:54:31,947:INFO:Epoch 6, Training loss 208054.39453125, Validation loss 208054.39453125
2021-11-17 17:54:35,275:INFO:Epoch 7, Training loss 208054.39453125, Validation loss 208054.39453125
2021-11-17 17:54:38,633:INFO:Epoch 8, Training loss 208054.39453125, Validation loss 208054.39453125
2021-11-17 17:54:41,959:INFO:Epoch 9, Training loss 208054.39453125, Validation loss 208054.39453125
2021-11-17 17:54:45,317:INFO:Epoch 10, Training loss 208054.39453125, Validation loss 208054.39453125
2021-11-17 17:54:48,651:INFO:Epoch 11, Training loss 208054.39453125, Validation loss 208054.39453125
2021-11-17 17:54:48,654:INFO:Detected stagant training, reset the weights
2021-11-17 17:54:52,007:INFO:Epoch 12, Training loss 208054.39453125, Validation loss 208053.75390625
2021-11-17 17:54:52,011:INFO:Detected stagant training, reset the weights
2021-11-17 17:54:55,347:INFO:Epoch 13, Training loss 138375.703125, Validation loss 133771.314453125
2021-11-17 17:54:58,660:INFO:Epoch 14, Training loss 130555.01953125, Validation loss 125727.919921875
2021-11-17 17:55:02,003:INFO:Epoch 15, Training loss 122558.916015625, Validation loss 118052.62890625
2021-11-17 17:55:05,368:INFO:Epoch 16, Training loss 115587.537109375, Validation loss 112399.984375
2021-11-17 17:55:08,718:INFO:Epoch 17, Training loss 111017.642578125, Validation loss 109612.955078125
2021-11-17 17:55:12,028:INFO:Epoch 18, Training loss 109552.70703125, Validation loss 109843.859375
2021-11-17 17:55:15,383:INFO:Epoch 19, Training loss 109979.33203125, Validation loss 110026.14453125
2021-11-17 17:55:18,696:INFO:Epoch 20, Training loss 109829.10546875, Validation loss 109574.1640625
2021-11-17 17:55:22,084:INFO:Epoch 21, Training loss 109414.48046875, Validation loss 109308.927734375
2021-11-17 17:55:25,402:INFO:Epoch 22, Training loss 109258.5078125, Validation loss 109273.142578125
2021-11-17 17:55:28,752:INFO:Epoch 23, Training loss 109248.134765625, Validation loss 109277.68359375
2021-11-17 17:55:32,076:INFO:Epoch 24, Training loss 109237.716796875, Validation loss 109248.666015625
2021-11-17 17:55:35,461:INFO:Epoch 25, Training loss 109195.765625, Validation loss 109203.638671875
2021-11-17 17:55:38,779:INFO:Epoch 26, Training loss 109150.59375, Validation loss 109172.373046875
2021-11-17 17:55:42,145:INFO:Epoch 27, Training loss 109122.669921875, Validation loss 109158.529296875
2021-11-17 17:55:45,488:INFO:Epoch 28, Training loss 109106.9375, Validation loss 109145.6796875
2021-11-17 17:55:48,854:INFO:Epoch 29, Training loss 109089.533203125, Validation loss 109128.0859375
2021-11-17 17:55:52,189:INFO:Epoch 30, Training loss 109070.544921875, Validation loss 109112.806640625
2021-11-17 17:55:55,530:INFO:Epoch 31, Training loss 109055.490234375, Validation loss 109101.83203125
2021-11-17 17:55:58,869:INFO:Epoch 32, Training loss 109043.462890625, Validation loss 109091.65625
2021-11-17 17:56:02,226:INFO:Epoch 33, Training loss 109030.830078125, Validation loss 109081.296875
2021-11-17 17:56:05,569:INFO:Epoch 34, Training loss 109019.076171875, Validation loss 109072.0
2021-11-17 17:56:08,891:INFO:Epoch 35, Training loss 109008.314453125, Validation loss 109062.576171875
2021-11-17 17:56:12,250:INFO:Epoch 36, Training loss 108997.591796875, Validation loss 109052.970703125
2021-11-17 17:56:15,606:INFO:Epoch 37, Training loss 108986.7109375, Validation loss 109043.021484375
2021-11-17 17:56:18,960:INFO:Epoch 38, Training loss 108976.35546875, Validation loss 109033.333984375
2021-11-17 17:56:22,276:INFO:Epoch 39, Training loss 108965.884765625, Validation loss 109023.150390625
2021-11-17 17:56:25,638:INFO:Epoch 40, Training loss 108954.919921875, Validation loss 109013.291015625
2021-11-17 17:56:28,955:INFO:Epoch 41, Training loss 108944.505859375, Validation loss 109002.98828125
2021-11-17 17:56:32,341:INFO:Epoch 42, Training loss 108934.6328125, Validation loss 108992.998046875
2021-11-17 17:56:35,662:INFO:Epoch 43, Training loss 108924.41015625, Validation loss 108983.759765625
2021-11-17 17:56:39,045:INFO:Epoch 44, Training loss 108915.033203125, Validation loss 108975.10546875
2021-11-17 17:56:42,373:INFO:Epoch 45, Training loss 108905.466796875, Validation loss 108966.21875
2021-11-17 17:56:45,754:INFO:Epoch 46, Training loss 108897.03125, Validation loss 108958.03125
2021-11-17 17:56:49,090:INFO:Epoch 47, Training loss 108890.064453125, Validation loss 108951.779296875
2021-11-17 17:56:52,440:INFO:Epoch 48, Training loss 108883.392578125, Validation loss 108946.498046875
2021-11-17 17:56:55,786:INFO:Epoch 49, Training loss 108877.638671875, Validation loss 108941.53125
2021-11-17 17:56:59,172:INFO:Epoch 50, Training loss 108872.57421875, Validation loss 108937.9921875
2021-11-17 17:57:02,534:INFO:Epoch 51, Training loss 108868.822265625, Validation loss 108934.95703125
2021-11-17 17:57:05,877:INFO:Epoch 52, Training loss 108865.2109375, Validation loss 108933.328125
2021-11-17 17:57:09,232:INFO:Epoch 53, Training loss 108862.759765625, Validation loss 108931.005859375
2021-11-17 17:57:12,603:INFO:Epoch 54, Training loss 108860.61328125, Validation loss 108930.326171875
2021-11-17 17:57:15,958:INFO:Epoch 55, Training loss 108860.03125, Validation loss 108928.275390625
2021-11-17 17:57:19,297:INFO:Epoch 56, Training loss 108858.001953125, Validation loss 108930.427734375
2021-11-17 17:57:22,673:INFO:Epoch 57, Training loss 108856.462890625, Validation loss 108928.103515625
2021-11-17 17:57:26,047:INFO:Epoch 58, Training loss 108855.3359375, Validation loss 108927.11328125
2021-11-17 17:57:29,412:INFO:Epoch 59, Training loss 108854.744140625, Validation loss 108926.3125
2021-11-17 17:57:32,736:INFO:Epoch 60, Training loss 108854.205078125, Validation loss 108927.166015625
2021-11-17 17:57:36,108:INFO:Epoch 61, Training loss 108853.443359375, Validation loss 108926.025390625
2021-11-17 17:57:39,465:INFO:Epoch 62, Training loss 108852.751953125, Validation loss 108926.10546875
2021-11-17 17:57:42,869:INFO:Epoch 63, Training loss 108852.416015625, Validation loss 108927.482421875
2021-11-17 17:57:46,207:INFO:Epoch 64, Training loss 108851.947265625, Validation loss 108926.84375
2021-11-17 17:57:49,578:INFO:Epoch 65, Training loss 108851.890625, Validation loss 108925.43359375
2021-11-17 17:57:52,917:INFO:Epoch 66, Training loss 108852.017578125, Validation loss 108928.34765625
2021-11-17 17:57:56,310:INFO:Epoch 67, Training loss 108850.876953125, Validation loss 108926.951171875
2021-11-17 17:57:59,642:INFO:Epoch 68, Training loss 108850.12890625, Validation loss 108924.923828125
2021-11-17 17:58:02,999:INFO:Epoch 69, Training loss 108850.0625, Validation loss 108925.3515625
2021-11-17 17:58:06,339:INFO:Epoch 70, Training loss 108849.845703125, Validation loss 108924.984375
2021-11-17 17:58:09,718:INFO:Epoch 71, Training loss 108849.453125, Validation loss 108925.45703125
2021-11-17 17:58:13,075:INFO:Epoch 72, Training loss 108849.548828125, Validation loss 108926.94140625
2021-11-17 17:58:16,424:INFO:Epoch 73, Training loss 108848.6484375, Validation loss 108924.388671875
2021-11-17 17:58:19,784:INFO:Epoch 74, Training loss 108848.87890625, Validation loss 108924.818359375
2021-11-17 17:58:23,157:INFO:Epoch 75, Training loss 108848.275390625, Validation loss 108923.8984375
2021-11-17 17:58:26,513:INFO:Epoch 76, Training loss 108848.05859375, Validation loss 108925.576171875
2021-11-17 17:58:29,857:INFO:Epoch 77, Training loss 108847.705078125, Validation loss 108925.64453125
2021-11-17 17:58:33,222:INFO:Epoch 78, Training loss 108847.236328125, Validation loss 108924.1171875
2021-11-17 17:58:36,589:INFO:Epoch 79, Training loss 108847.919921875, Validation loss 108922.984375
2021-11-17 17:58:39,981:INFO:Epoch 80, Training loss 108846.908203125, Validation loss 108925.443359375
2021-11-17 17:58:43,315:INFO:Epoch 81, Training loss 108846.767578125, Validation loss 108925.30078125
2021-11-17 17:58:46,693:INFO:Epoch 82, Training loss 108846.5, Validation loss 108923.591796875
2021-11-17 17:58:50,020:INFO:Epoch 83, Training loss 108845.943359375, Validation loss 108923.044921875
2021-11-17 17:58:53,420:INFO:Epoch 84, Training loss 108845.748046875, Validation loss 108923.876953125
2021-11-17 17:58:56,750:INFO:Epoch 85, Training loss 108845.603515625, Validation loss 108924.873046875
2021-11-17 17:59:00,119:INFO:Epoch 86, Training loss 108845.044921875, Validation loss 108922.951171875
2021-11-17 17:59:03,457:INFO:Epoch 87, Training loss 108844.841796875, Validation loss 108922.595703125
2021-11-17 17:59:06,854:INFO:Epoch 88, Training loss 108844.982421875, Validation loss 108923.994140625
2021-11-17 17:59:10,192:INFO:Epoch 89, Training loss 108844.8046875, Validation loss 108922.908203125
2021-11-17 17:59:13,558:INFO:Epoch 90, Training loss 108844.228515625, Validation loss 108923.884765625
2021-11-17 17:59:16,909:INFO:Epoch 91, Training loss 108844.09375, Validation loss 108922.6875
2021-11-17 17:59:20,295:INFO:Epoch 92, Training loss 108844.12890625, Validation loss 108923.607421875
2021-11-17 17:59:23,641:INFO:Epoch 93, Training loss 108843.96484375, Validation loss 108924.380859375
2021-11-17 17:59:26,989:INFO:Epoch 94, Training loss 108843.55859375, Validation loss 108922.958984375
2021-11-17 17:59:30,342:INFO:Epoch 95, Training loss 108844.142578125, Validation loss 108921.580078125
2021-11-17 17:59:33,719:INFO:Epoch 96, Training loss 108843.45703125, Validation loss 108922.287109375
2021-11-17 17:59:37,079:INFO:Epoch 97, Training loss 108843.576171875, Validation loss 108924.759765625
2021-11-17 17:59:40,442:INFO:Epoch 98, Training loss 108844.17578125, Validation loss 108925.78125
2021-11-17 17:59:43,810:INFO:Epoch 99, Training loss 108842.921875, Validation loss 108921.94140625
2021-11-17 17:59:47,178:INFO:Epoch 100, Training loss 108843.70703125, Validation loss 108920.6484375
2021-11-17 17:59:50,551:INFO:Epoch 101, Training loss 108843.65234375, Validation loss 108923.89453125
2021-11-17 17:59:53,873:INFO:Epoch 102, Training loss 108843.09375, Validation loss 108923.935546875
2021-11-17 17:59:57,248:INFO:Epoch 103, Training loss 108843.203125, Validation loss 108922.87890625
2021-11-17 18:00:00,580:INFO:Epoch 104, Training loss 108842.5625, Validation loss 108922.314453125
2021-11-17 18:00:03,981:INFO:Epoch 105, Training loss 108843.1328125, Validation loss 108923.66015625
2021-11-17 18:00:07,314:INFO:Epoch 106, Training loss 108843.0078125, Validation loss 108922.509765625
2021-11-17 18:00:10,680:INFO:Epoch 107, Training loss 108842.60546875, Validation loss 108921.970703125
2021-11-17 18:00:14,028:INFO:Epoch 108, Training loss 108843.462890625, Validation loss 108924.080078125
2021-11-17 18:00:17,421:INFO:Epoch 109, Training loss 108842.23828125, Validation loss 108923.5546875
2021-11-17 18:00:20,767:INFO:Epoch 110, Training loss 108842.021484375, Validation loss 108923.24609375
2021-11-17 18:00:24,125:INFO:Epoch 111, Training loss 108842.197265625, Validation loss 108922.662109375
2021-11-17 18:00:27,477:INFO:Epoch 112, Training loss 108841.71484375, Validation loss 108922.396484375
2021-11-17 18:00:30,862:INFO:Epoch 113, Training loss 108841.693359375, Validation loss 108923.21875
2021-11-17 18:00:34,213:INFO:Epoch 114, Training loss 108841.294921875, Validation loss 108923.328125
2021-11-17 18:00:37,568:INFO:Epoch 115, Training loss 108841.3203125, Validation loss 108922.744140625
2021-11-17 18:00:40,949:INFO:Epoch 116, Training loss 108841.484375, Validation loss 108922.7109375
2021-11-17 18:00:44,322:INFO:Epoch 117, Training loss 108841.33203125, Validation loss 108923.25
2021-11-17 18:00:47,681:INFO:Epoch 118, Training loss 108841.21484375, Validation loss 108922.841796875
2021-11-17 18:00:51,024:INFO:Epoch 119, Training loss 108841.521484375, Validation loss 108922.46875
2021-11-17 18:00:54,393:INFO:Epoch 120, Training loss 108841.5, Validation loss 108921.9609375
2021-11-17 18:00:54,399:INFO:Finished training, producing training report at /data/theorie/jthoeve/ML4EFT_higgs/models/17_11/model_final_lin_cHW/mc_run_18/plots/training_report/
2021-11-17 18:00:54,695:WARNING:findfont: Font family ['sans-serif'] not found. Falling back to DejaVu Sans.
