2022-01-24 14:05:53,106:INFO:All directories created, ready to load the data
2022-01-24 14:05:53,184:INFO:Dataset loaded from /data/theorie/jthoeve/event_generation/events_high_stats/pT/lin/cHW/events_5.npy
2022-01-24 14:05:53,247:INFO:Dataset loaded from /data/theorie/jthoeve/event_generation/events_high_stats/pT/sm/events_5.npy
2022-01-24 14:05:55,649:INFO:Epoch 1, Training loss 137150.8203125, Validation loss 131816.701171875
2022-01-24 14:05:58,017:INFO:Epoch 2, Training loss 129089.216796875, Validation loss 125610.66796875
2022-01-24 14:06:00,381:INFO:Epoch 3, Training loss 123722.841796875, Validation loss 121069.85546875
2022-01-24 14:06:02,792:INFO:Epoch 4, Training loss 119457.51171875, Validation loss 117231.244140625
2022-01-24 14:06:05,217:INFO:Epoch 5, Training loss 115806.3984375, Validation loss 113896.552734375
2022-01-24 14:06:07,741:INFO:Epoch 6, Training loss 112786.595703125, Validation loss 111448.173828125
2022-01-24 14:06:10,184:INFO:Epoch 7, Training loss 110717.783203125, Validation loss 109992.1875
2022-01-24 14:06:12,647:INFO:Epoch 8, Training loss 109631.009765625, Validation loss 109450.51953125
2022-01-24 14:06:15,090:INFO:Epoch 9, Training loss 109338.224609375, Validation loss 109462.1875
2022-01-24 14:06:17,506:INFO:Epoch 10, Training loss 109398.9375, Validation loss 109522.640625
2022-01-24 14:06:19,965:INFO:Epoch 11, Training loss 109400.46875, Validation loss 109433.4609375
2022-01-24 14:06:22,413:INFO:Epoch 12, Training loss 109286.654296875, Validation loss 109312.587890625
2022-01-24 14:06:24,869:INFO:Epoch 13, Training loss 109201.462890625, Validation loss 109277.0
2022-01-24 14:06:27,292:INFO:Epoch 14, Training loss 109185.474609375, Validation loss 109267.25
2022-01-24 14:06:29,757:INFO:Epoch 15, Training loss 109161.345703125, Validation loss 109234.9296875
2022-01-24 14:06:32,181:INFO:Epoch 16, Training loss 109125.78515625, Validation loss 109213.197265625
2022-01-24 14:06:34,668:INFO:Epoch 17, Training loss 109103.357421875, Validation loss 109195.38671875
2022-01-24 14:06:37,099:INFO:Epoch 18, Training loss 109080.408203125, Validation loss 109171.603515625
2022-01-24 14:06:39,560:INFO:Epoch 19, Training loss 109054.646484375, Validation loss 109146.94140625
2022-01-24 14:06:41,990:INFO:Epoch 20, Training loss 109028.33984375, Validation loss 109122.736328125
2022-01-24 14:06:44,476:INFO:Epoch 21, Training loss 109001.0, Validation loss 109095.470703125
2022-01-24 14:06:46,911:INFO:Epoch 22, Training loss 108971.83984375, Validation loss 109066.095703125
2022-01-24 14:06:49,358:INFO:Epoch 23, Training loss 108941.15625, Validation loss 109035.91015625
2022-01-24 14:06:51,804:INFO:Epoch 24, Training loss 108908.8203125, Validation loss 109003.34375
2022-01-24 14:06:54,275:INFO:Epoch 25, Training loss 108874.650390625, Validation loss 108968.751953125
2022-01-24 14:06:56,717:INFO:Epoch 26, Training loss 108838.849609375, Validation loss 108931.86328125
2022-01-24 14:06:59,157:INFO:Epoch 27, Training loss 108799.2734375, Validation loss 108894.359375
2022-01-24 14:07:01,615:INFO:Epoch 28, Training loss 108760.13671875, Validation loss 108855.650390625
2022-01-24 14:07:04,084:INFO:Epoch 29, Training loss 108718.9375, Validation loss 108816.884765625
2022-01-24 14:07:06,535:INFO:Epoch 30, Training loss 108679.177734375, Validation loss 108780.306640625
2022-01-24 14:07:08,964:INFO:Epoch 31, Training loss 108641.712890625, Validation loss 108749.162109375
2022-01-24 14:07:11,422:INFO:Epoch 32, Training loss 108606.681640625, Validation loss 108722.724609375
2022-01-24 14:07:13,882:INFO:Epoch 33, Training loss 108578.53515625, Validation loss 108706.25
2022-01-24 14:07:16,341:INFO:Epoch 34, Training loss 108555.01953125, Validation loss 108686.443359375
2022-01-24 14:07:18,759:INFO:Epoch 35, Training loss 108539.69921875, Validation loss 108681.388671875
2022-01-24 14:07:21,241:INFO:Epoch 36, Training loss 108528.26953125, Validation loss 108678.037109375
2022-01-24 14:07:23,664:INFO:Epoch 37, Training loss 108520.978515625, Validation loss 108680.099609375
2022-01-24 14:07:26,158:INFO:Epoch 38, Training loss 108515.23828125, Validation loss 108670.494140625
2022-01-24 14:07:28,596:INFO:Epoch 39, Training loss 108512.197265625, Validation loss 108666.189453125
2022-01-24 14:07:31,056:INFO:Epoch 40, Training loss 108508.439453125, Validation loss 108666.419921875
2022-01-24 14:07:33,497:INFO:Epoch 41, Training loss 108504.732421875, Validation loss 108668.90234375
2022-01-24 14:07:35,983:INFO:Epoch 42, Training loss 108502.91015625, Validation loss 108660.732421875
2022-01-24 14:07:38,421:INFO:Epoch 43, Training loss 108500.87890625, Validation loss 108655.880859375
2022-01-24 14:07:40,869:INFO:Epoch 44, Training loss 108498.16796875, Validation loss 108658.798828125
2022-01-24 14:07:43,313:INFO:Epoch 45, Training loss 108496.90625, Validation loss 108656.267578125
2022-01-24 14:07:45,791:INFO:Epoch 46, Training loss 108493.947265625, Validation loss 108652.15234375
2022-01-24 14:07:48,244:INFO:Epoch 47, Training loss 108495.638671875, Validation loss 108649.884765625
2022-01-24 14:07:50,688:INFO:Epoch 48, Training loss 108495.228515625, Validation loss 108653.498046875
2022-01-24 14:07:53,139:INFO:Epoch 49, Training loss 108492.130859375, Validation loss 108650.603515625
2022-01-24 14:07:55,607:INFO:Epoch 50, Training loss 108489.888671875, Validation loss 108652.615234375
2022-01-24 14:07:58,067:INFO:Epoch 51, Training loss 108489.6953125, Validation loss 108654.298828125
2022-01-24 14:08:00,505:INFO:Epoch 52, Training loss 108489.81640625, Validation loss 108652.166015625
2022-01-24 14:08:02,975:INFO:Epoch 53, Training loss 108487.97265625, Validation loss 108650.57421875
2022-01-24 14:08:05,432:INFO:Epoch 54, Training loss 108487.3125, Validation loss 108653.029296875
2022-01-24 14:08:07,904:INFO:Epoch 55, Training loss 108486.453125, Validation loss 108650.59375
2022-01-24 14:08:10,322:INFO:Epoch 56, Training loss 108485.744140625, Validation loss 108650.85546875
2022-01-24 14:08:12,795:INFO:Epoch 57, Training loss 108484.95703125, Validation loss 108654.208984375
2022-01-24 14:08:15,223:INFO:Epoch 58, Training loss 108484.650390625, Validation loss 108653.263671875
2022-01-24 14:08:17,725:INFO:Epoch 59, Training loss 108487.892578125, Validation loss 108650.927734375
2022-01-24 14:08:20,154:INFO:Epoch 60, Training loss 108484.16796875, Validation loss 108655.017578125
2022-01-24 14:08:22,620:INFO:Epoch 61, Training loss 108483.662109375, Validation loss 108654.162109375
2022-01-24 14:08:25,060:INFO:Epoch 62, Training loss 108483.640625, Validation loss 108653.212890625
2022-01-24 14:08:27,552:INFO:Epoch 63, Training loss 108481.1640625, Validation loss 108648.728515625
2022-01-24 14:08:29,988:INFO:Epoch 64, Training loss 108481.765625, Validation loss 108650.42578125
2022-01-24 14:08:32,435:INFO:Epoch 65, Training loss 108480.521484375, Validation loss 108651.013671875
2022-01-24 14:08:34,878:INFO:Epoch 66, Training loss 108480.56640625, Validation loss 108653.00390625
2022-01-24 14:08:37,353:INFO:Epoch 67, Training loss 108479.56640625, Validation loss 108652.484375
2022-01-24 14:08:39,801:INFO:Epoch 68, Training loss 108481.59375, Validation loss 108648.5234375
2022-01-24 14:08:42,241:INFO:Epoch 69, Training loss 108478.42578125, Validation loss 108654.990234375
2022-01-24 14:08:44,694:INFO:Epoch 70, Training loss 108479.3828125, Validation loss 108652.365234375
2022-01-24 14:08:47,160:INFO:Epoch 71, Training loss 108478.564453125, Validation loss 108646.9609375
2022-01-24 14:08:49,612:INFO:Epoch 72, Training loss 108477.146484375, Validation loss 108650.14453125
2022-01-24 14:08:52,040:INFO:Epoch 73, Training loss 108477.16015625, Validation loss 108652.98828125
2022-01-24 14:08:54,526:INFO:Epoch 74, Training loss 108476.271484375, Validation loss 108647.46484375
2022-01-24 14:08:57,000:INFO:Epoch 75, Training loss 108476.47265625, Validation loss 108648.943359375
2022-01-24 14:08:59,465:INFO:Epoch 76, Training loss 108477.23046875, Validation loss 108656.681640625
2022-01-24 14:09:01,887:INFO:Epoch 77, Training loss 108477.177734375, Validation loss 108649.138671875
2022-01-24 14:09:04,358:INFO:Epoch 78, Training loss 108474.16796875, Validation loss 108648.783203125
2022-01-24 14:09:06,787:INFO:Epoch 79, Training loss 108473.787109375, Validation loss 108650.142578125
2022-01-24 14:09:09,279:INFO:Epoch 80, Training loss 108475.333984375, Validation loss 108652.455078125
2022-01-24 14:09:11,712:INFO:Epoch 81, Training loss 108473.291015625, Validation loss 108646.322265625
2022-01-24 14:09:14,168:INFO:Epoch 82, Training loss 108473.046875, Validation loss 108649.8671875
2022-01-24 14:09:16,611:INFO:Epoch 83, Training loss 108472.431640625, Validation loss 108650.240234375
2022-01-24 14:09:19,106:INFO:Epoch 84, Training loss 108473.744140625, Validation loss 108646.87109375
2022-01-24 14:09:21,553:INFO:Epoch 85, Training loss 108473.029296875, Validation loss 108654.3046875
2022-01-24 14:09:24,008:INFO:Epoch 86, Training loss 108472.3984375, Validation loss 108648.833984375
2022-01-24 14:09:26,463:INFO:Epoch 87, Training loss 108471.609375, Validation loss 108646.51953125
2022-01-24 14:09:28,949:INFO:Epoch 88, Training loss 108470.96484375, Validation loss 108649.197265625
2022-01-24 14:09:31,404:INFO:Epoch 89, Training loss 108469.44921875, Validation loss 108652.50390625
2022-01-24 14:09:33,855:INFO:Epoch 90, Training loss 108470.630859375, Validation loss 108652.498046875
2022-01-24 14:09:36,330:INFO:Epoch 91, Training loss 108470.33984375, Validation loss 108647.3671875
2022-01-24 14:09:38,815:INFO:Epoch 92, Training loss 108468.923828125, Validation loss 108650.02734375
2022-01-24 14:09:41,293:INFO:Epoch 93, Training loss 108469.216796875, Validation loss 108649.94921875
2022-01-24 14:09:43,753:INFO:Epoch 94, Training loss 108469.349609375, Validation loss 108651.94921875
2022-01-24 14:09:46,236:INFO:Epoch 95, Training loss 108469.8046875, Validation loss 108651.50390625
2022-01-24 14:09:48,719:INFO:Epoch 96, Training loss 108468.095703125, Validation loss 108647.974609375
2022-01-24 14:09:51,207:INFO:Epoch 97, Training loss 108468.671875, Validation loss 108648.759765625
2022-01-24 14:09:53,653:INFO:Epoch 98, Training loss 108466.779296875, Validation loss 108649.939453125
2022-01-24 14:09:56,139:INFO:Epoch 99, Training loss 108467.1328125, Validation loss 108652.28515625
2022-01-24 14:09:58,575:INFO:Epoch 100, Training loss 108467.76953125, Validation loss 108650.18359375
2022-01-24 14:10:01,088:INFO:Epoch 101, Training loss 108467.171875, Validation loss 108648.314453125
2022-01-24 14:10:03,537:INFO:Epoch 102, Training loss 108468.58984375, Validation loss 108653.287109375
2022-01-24 14:10:06,015:INFO:Epoch 103, Training loss 108466.16015625, Validation loss 108647.228515625
2022-01-24 14:10:08,469:INFO:Epoch 104, Training loss 108466.232421875, Validation loss 108648.015625
2022-01-24 14:10:10,984:INFO:Epoch 105, Training loss 108466.556640625, Validation loss 108652.322265625
2022-01-24 14:10:13,442:INFO:Epoch 106, Training loss 108465.8515625, Validation loss 108649.078125
2022-01-24 14:10:15,908:INFO:Epoch 107, Training loss 108467.068359375, Validation loss 108649.2109375
2022-01-24 14:10:18,373:INFO:Epoch 108, Training loss 108466.71484375, Validation loss 108647.662109375
2022-01-24 14:10:20,874:INFO:Epoch 109, Training loss 108467.326171875, Validation loss 108652.966796875
2022-01-24 14:10:23,341:INFO:Epoch 110, Training loss 108465.857421875, Validation loss 108647.580078125
2022-01-24 14:10:25,800:INFO:Epoch 111, Training loss 108465.525390625, Validation loss 108653.666015625
2022-01-24 14:10:28,276:INFO:Epoch 112, Training loss 108465.2890625, Validation loss 108649.64453125
2022-01-24 14:10:30,766:INFO:Epoch 113, Training loss 108463.818359375, Validation loss 108648.078125
2022-01-24 14:10:33,243:INFO:Epoch 114, Training loss 108465.361328125, Validation loss 108649.990234375
2022-01-24 14:10:35,721:INFO:Epoch 115, Training loss 108464.244140625, Validation loss 108648.306640625
2022-01-24 14:10:38,205:INFO:Epoch 116, Training loss 108464.15234375, Validation loss 108647.33203125
2022-01-24 14:10:40,683:INFO:Epoch 117, Training loss 108462.951171875, Validation loss 108651.69140625
2022-01-24 14:10:43,169:INFO:Epoch 118, Training loss 108463.05859375, Validation loss 108651.396484375
2022-01-24 14:10:45,609:INFO:Epoch 119, Training loss 108463.037109375, Validation loss 108650.958984375
2022-01-24 14:10:48,105:INFO:Epoch 120, Training loss 108461.986328125, Validation loss 108646.87109375
2022-01-24 14:10:50,559:INFO:Epoch 121, Training loss 108461.517578125, Validation loss 108648.19140625
2022-01-24 14:10:53,084:INFO:Epoch 122, Training loss 108462.37109375, Validation loss 108651.662109375
2022-01-24 14:10:55,538:INFO:Epoch 123, Training loss 108461.283203125, Validation loss 108650.935546875
2022-01-24 14:10:58,024:INFO:Epoch 124, Training loss 108460.494140625, Validation loss 108648.0703125
2022-01-24 14:11:00,487:INFO:Epoch 125, Training loss 108461.474609375, Validation loss 108648.794921875
2022-01-24 14:11:02,997:INFO:Epoch 126, Training loss 108462.173828125, Validation loss 108655.001953125
2022-01-24 14:11:05,457:INFO:Epoch 127, Training loss 108460.892578125, Validation loss 108649.337890625
2022-01-24 14:11:07,927:INFO:Epoch 128, Training loss 108460.43359375, Validation loss 108650.134765625
2022-01-24 14:11:10,394:INFO:Epoch 129, Training loss 108461.283203125, Validation loss 108650.423828125
2022-01-24 14:11:12,897:INFO:Epoch 130, Training loss 108460.130859375, Validation loss 108651.759765625
2022-01-24 14:11:15,372:INFO:Epoch 131, Training loss 108462.345703125, Validation loss 108648.318359375
2022-01-24 14:11:15,379:INFO:Finished training
