7.375872460937500000e+04
7.374783593750000000e+04
7.374581640625000000e+04
7.374525976562500000e+04
7.374454785156250000e+04
7.374380664062500000e+04
7.374329589843750000e+04
7.374270703125000000e+04
7.374256054687500000e+04
7.374219433593750000e+04
7.374203808593750000e+04
7.374132226562500000e+04
7.374170117187500000e+04
7.374068945312500000e+04
7.374028222656250000e+04
7.373978027343750000e+04
7.373977734375000000e+04
7.373902343750000000e+04
7.373850781250000000e+04
7.373853222656250000e+04
7.373793945312500000e+04
7.373765917968750000e+04
7.373629296875000000e+04
7.373619140625000000e+04
7.373475097656250000e+04
7.373392089843750000e+04
7.373343359375000000e+04
7.373232910156250000e+04
7.373124902343750000e+04
7.373028808593750000e+04
7.373011816406250000e+04
7.372854199218750000e+04
7.372801562500000000e+04
7.372986523437500000e+04
7.372571875000000000e+04
7.372773730468750000e+04
7.372523828125000000e+04
7.372358007812500000e+04
7.372133593750000000e+04
7.372154785156250000e+04
7.371922949218750000e+04
7.371918164062500000e+04
7.371794433593750000e+04
7.371640039062500000e+04
7.371673632812500000e+04
7.371509277343750000e+04
7.371543261718750000e+04
7.371181835937500000e+04
7.371266992187500000e+04
7.370855566406250000e+04
7.370909570312500000e+04
7.370687792968750000e+04
7.370417675781250000e+04
7.370360546875000000e+04
7.370517480468750000e+04
7.370016601562500000e+04
7.370140136718750000e+04
7.370469726562500000e+04
7.371042675781250000e+04
7.369454785156250000e+04
7.370084082031250000e+04
7.369416113281250000e+04
7.369471582031250000e+04
7.369070214843750000e+04
7.369012890625000000e+04
7.369112207031250000e+04
7.368630273437500000e+04
7.368687695312500000e+04
7.368142968750000000e+04
7.367991308593750000e+04
7.367889550781250000e+04
