2022-01-24 14:09:29,982:INFO:All directories created, ready to load the data
2022-01-24 14:09:30,025:INFO:Dataset loaded from /data/theorie/jthoeve/event_generation/events_high_stats/pT/lin/cHq3/events_6.npy
2022-01-24 14:09:30,031:INFO:Dataset loaded from /data/theorie/jthoeve/event_generation/events_high_stats/pT/sm/events_6.npy
2022-01-24 14:09:32,516:INFO:Epoch 1, Training loss 75010.5068359375, Validation loss 74033.59375
2022-01-24 14:09:35,008:INFO:Epoch 2, Training loss 73853.7236328125, Validation loss 73798.0576171875
2022-01-24 14:09:37,489:INFO:Epoch 3, Training loss 73825.5908203125, Validation loss 73896.208984375
2022-01-24 14:09:40,003:INFO:Epoch 4, Training loss 73883.9345703125, Validation loss 73868.181640625
2022-01-24 14:09:42,487:INFO:Epoch 5, Training loss 73826.1103515625, Validation loss 73780.9052734375
2022-01-24 14:09:44,965:INFO:Epoch 6, Training loss 73759.8974609375, Validation loss 73742.146484375
2022-01-24 14:09:47,453:INFO:Epoch 7, Training loss 73747.3486328125, Validation loss 73750.2861328125
2022-01-24 14:09:49,962:INFO:Epoch 8, Training loss 73755.8681640625, Validation loss 73753.54296875
2022-01-24 14:09:52,463:INFO:Epoch 9, Training loss 73750.5419921875, Validation loss 73748.958984375
2022-01-24 14:09:54,937:INFO:Epoch 10, Training loss 73744.6630859375, Validation loss 73747.416015625
2022-01-24 14:09:57,444:INFO:Epoch 11, Training loss 73743.8212890625, Validation loss 73747.4267578125
2022-01-24 14:09:59,953:INFO:Epoch 12, Training loss 73743.552734375, Validation loss 73745.279296875
2022-01-24 14:10:02,466:INFO:Epoch 13, Training loss 73742.3134765625, Validation loss 73743.052734375
2022-01-24 14:10:04,931:INFO:Epoch 14, Training loss 73742.0927734375, Validation loss 73741.638671875
2022-01-24 14:10:07,449:INFO:Epoch 15, Training loss 73741.892578125, Validation loss 73741.599609375
2022-01-24 14:10:09,927:INFO:Epoch 16, Training loss 73741.3017578125, Validation loss 73742.4404296875
2022-01-24 14:10:12,473:INFO:Epoch 17, Training loss 73740.82421875, Validation loss 73743.244140625
2022-01-24 14:10:14,947:INFO:Epoch 18, Training loss 73740.59765625, Validation loss 73743.8388671875
2022-01-24 14:10:17,465:INFO:Epoch 19, Training loss 73740.4287109375, Validation loss 73743.677734375
2022-01-24 14:10:19,949:INFO:Epoch 20, Training loss 73740.037109375, Validation loss 73743.396484375
2022-01-24 14:10:22,484:INFO:Epoch 21, Training loss 73739.8798828125, Validation loss 73742.8359375
2022-01-24 14:10:24,964:INFO:Epoch 22, Training loss 73739.5859375, Validation loss 73742.9443359375
2022-01-24 14:10:27,463:INFO:Epoch 23, Training loss 73739.345703125, Validation loss 73742.8095703125
2022-01-24 14:10:29,952:INFO:Epoch 24, Training loss 73739.0830078125, Validation loss 73742.90234375
2022-01-24 14:10:32,486:INFO:Epoch 25, Training loss 73738.771484375, Validation loss 73742.927734375
2022-01-24 14:10:34,977:INFO:Epoch 26, Training loss 73738.576171875, Validation loss 73742.8408203125
2022-01-24 14:10:37,464:INFO:Epoch 27, Training loss 73738.4140625, Validation loss 73742.8349609375
2022-01-24 14:10:39,963:INFO:Epoch 28, Training loss 73738.2685546875, Validation loss 73743.53125
2022-01-24 14:10:42,474:INFO:Epoch 29, Training loss 73738.154296875, Validation loss 73743.921875
2022-01-24 14:10:44,977:INFO:Epoch 30, Training loss 73737.7080078125, Validation loss 73742.9638671875
2022-01-24 14:10:47,453:INFO:Epoch 31, Training loss 73737.58203125, Validation loss 73742.837890625
2022-01-24 14:10:49,969:INFO:Epoch 32, Training loss 73737.5361328125, Validation loss 73743.9150390625
2022-01-24 14:10:52,470:INFO:Epoch 33, Training loss 73737.048828125, Validation loss 73743.7763671875
2022-01-24 14:10:54,953:INFO:Epoch 34, Training loss 73736.9267578125, Validation loss 73743.5322265625
2022-01-24 14:10:57,366:INFO:Epoch 35, Training loss 73736.65234375, Validation loss 73744.205078125
2022-01-24 14:10:59,829:INFO:Epoch 36, Training loss 73736.423828125, Validation loss 73744.5068359375
2022-01-24 14:11:02,244:INFO:Epoch 37, Training loss 73736.17578125, Validation loss 73744.4560546875
2022-01-24 14:11:04,731:INFO:Epoch 38, Training loss 73736.0732421875, Validation loss 73743.7431640625
2022-01-24 14:11:07,152:INFO:Epoch 39, Training loss 73735.7958984375, Validation loss 73744.0234375
2022-01-24 14:11:09,617:INFO:Epoch 40, Training loss 73735.5537109375, Validation loss 73744.55078125
2022-01-24 14:11:12,048:INFO:Epoch 41, Training loss 73735.552734375, Validation loss 73745.3291015625
2022-01-24 14:11:14,525:INFO:Epoch 42, Training loss 73735.5537109375, Validation loss 73744.09375
2022-01-24 14:11:16,965:INFO:Epoch 43, Training loss 73735.3427734375, Validation loss 73744.4375
2022-01-24 14:11:19,403:INFO:Epoch 44, Training loss 73735.06640625, Validation loss 73745.5068359375
2022-01-24 14:11:21,840:INFO:Epoch 45, Training loss 73734.6767578125, Validation loss 73745.1708984375
2022-01-24 14:11:24,313:INFO:Epoch 46, Training loss 73734.4560546875, Validation loss 73745.0419921875
2022-01-24 14:11:26,757:INFO:Epoch 47, Training loss 73734.6318359375, Validation loss 73744.595703125
2022-01-24 14:11:29,193:INFO:Epoch 48, Training loss 73734.6005859375, Validation loss 73746.0361328125
2022-01-24 14:11:31,639:INFO:Epoch 49, Training loss 73734.17578125, Validation loss 73745.71875
2022-01-24 14:11:34,103:INFO:Epoch 50, Training loss 73734.50390625, Validation loss 73746.3349609375
2022-01-24 14:11:36,553:INFO:Epoch 51, Training loss 73733.9697265625, Validation loss 73744.83203125
2022-01-24 14:11:38,985:INFO:Epoch 52, Training loss 73734.33203125, Validation loss 73744.6396484375
2022-01-24 14:11:41,445:INFO:Epoch 53, Training loss 73733.90625, Validation loss 73746.8583984375
2022-01-24 14:11:43,894:INFO:Epoch 54, Training loss 73733.4013671875, Validation loss 73746.7939453125
2022-01-24 14:11:46,359:INFO:Epoch 55, Training loss 73733.435546875, Validation loss 73745.6728515625
2022-01-24 14:11:48,783:INFO:Epoch 56, Training loss 73733.4326171875, Validation loss 73746.1328125
2022-01-24 14:11:51,270:INFO:Epoch 57, Training loss 73732.6689453125, Validation loss 73747.16015625
2022-01-24 14:11:53,686:INFO:Epoch 58, Training loss 73732.7568359375, Validation loss 73746.4140625
2022-01-24 14:11:56,176:INFO:Epoch 59, Training loss 73732.40625, Validation loss 73746.4921875
2022-01-24 14:11:58,592:INFO:Epoch 60, Training loss 73731.953125, Validation loss 73746.9248046875
2022-01-24 14:12:01,049:INFO:Epoch 61, Training loss 73731.890625, Validation loss 73746.515625
2022-01-24 14:12:03,486:INFO:Epoch 62, Training loss 73731.5751953125, Validation loss 73747.1318359375
2022-01-24 14:12:05,976:INFO:Epoch 63, Training loss 73731.396484375, Validation loss 73746.8564453125
2022-01-24 14:12:08,410:INFO:Epoch 64, Training loss 73731.42578125, Validation loss 73747.390625
2022-01-24 14:12:10,860:INFO:Epoch 65, Training loss 73731.0693359375, Validation loss 73748.439453125
2022-01-24 14:12:10,866:INFO:Finished training
