8.464862304687500000e+04
8.464862304687500000e+04
8.464862304687500000e+04
8.464862304687500000e+04
8.464862304687500000e+04
8.464862304687500000e+04
8.464862304687500000e+04
8.464862304687500000e+04
8.464862304687500000e+04
8.464862304687500000e+04
8.464862304687500000e+04
7.385889160156250000e+04
7.382247753906250000e+04
7.375530078125000000e+04
7.376408496093750000e+04
7.374457519531250000e+04
7.374900390625000000e+04
7.374234570312500000e+04
7.374340820312500000e+04
7.374103320312500000e+04
7.374110839843750000e+04
7.374005664062500000e+04
7.373985839843750000e+04
7.373970507812500000e+04
7.373905078125000000e+04
7.373865039062500000e+04
7.373836718750000000e+04
7.373819824218750000e+04
7.373780761718750000e+04
7.373750195312500000e+04
7.373727343750000000e+04
7.373664453125000000e+04
7.373691210937500000e+04
7.373599902343750000e+04
7.373574609375000000e+04
7.373556152343750000e+04
7.373499218750000000e+04
7.373482910156250000e+04
7.373442480468750000e+04
7.373491894531250000e+04
7.373365820312500000e+04
7.373391503906250000e+04
7.373280371093750000e+04
7.373277929687500000e+04
7.373252050781250000e+04
7.373226464843750000e+04
7.373162597656250000e+04
7.373218261718750000e+04
7.373155566406250000e+04
7.373029101562500000e+04
7.372987988281250000e+04
7.372971875000000000e+04
7.372910058593750000e+04
7.372900878906250000e+04
7.372853710937500000e+04
7.372761718750000000e+04
7.372803808593750000e+04
7.372821777343750000e+04
7.372776660156250000e+04
7.372614843750000000e+04
7.372710156250000000e+04
7.372644433593750000e+04
7.372547265625000000e+04
7.372559765625000000e+04
7.372471191406250000e+04
7.372440332031250000e+04
7.372580957031250000e+04
7.372488281250000000e+04
7.372342968750000000e+04
7.372306250000000000e+04
7.372211621093750000e+04
7.372228417968750000e+04
7.372179785156250000e+04
7.372037402343750000e+04
7.371998828125000000e+04
