2022-03-03 12:56:09,242:INFO:All directories created, ready to load the data
2022-03-03 12:56:09,300:INFO:Dataset loaded from /data/theorie/jthoeve/training_data/zh/features_mzh_y_ptz_v2/lin/cHW/events_24.pkl.gz
2022-03-03 12:56:09,325:INFO:Dataset loaded from /data/theorie/jthoeve/training_data/zh/features_mzh_y_ptz_v2/sm/events_24.pkl.gz
2022-03-03 12:56:11,602:INFO:Epoch 1, Training loss 185231.7890625, Validation loss 167883.15625
2022-03-03 12:56:13,933:INFO:Epoch 2, Training loss 159122.900390625, Validation loss 147003.462890625
2022-03-03 12:56:16,187:INFO:Epoch 3, Training loss 140334.408203125, Validation loss 131236.9609375
2022-03-03 12:56:18,464:INFO:Epoch 4, Training loss 126486.66796875, Validation loss 120199.369140625
2022-03-03 12:56:20,731:INFO:Epoch 5, Training loss 117226.9140625, Validation loss 113526.40234375
2022-03-03 12:56:23,047:INFO:Epoch 6, Training loss 112116.349609375, Validation loss 110606.53515625
2022-03-03 12:56:25,321:INFO:Epoch 7, Training loss 110293.34375, Validation loss 110087.890625
2022-03-03 12:56:27,584:INFO:Epoch 8, Training loss 110166.138671875, Validation loss 110276.455078125
2022-03-03 12:56:29,856:INFO:Epoch 9, Training loss 110307.3671875, Validation loss 110276.228515625
2022-03-03 12:56:32,158:INFO:Epoch 10, Training loss 110192.201171875, Validation loss 110030.83203125
2022-03-03 12:56:34,436:INFO:Epoch 11, Training loss 109921.724609375, Validation loss 109768.115234375
2022-03-03 12:56:36,754:INFO:Epoch 12, Training loss 109703.1640625, Validation loss 109626.90625
2022-03-03 12:56:39,049:INFO:Epoch 13, Training loss 109604.267578125, Validation loss 109583.021484375
2022-03-03 12:56:41,338:INFO:Epoch 14, Training loss 109569.23046875, Validation loss 109548.326171875
2022-03-03 12:56:43,622:INFO:Epoch 15, Training loss 109524.25, Validation loss 109493.455078125
2022-03-03 12:56:45,861:INFO:Epoch 16, Training loss 109468.857421875, Validation loss 109444.228515625
2022-03-03 12:56:48,158:INFO:Epoch 17, Training loss 109426.0078125, Validation loss 109409.740234375
2022-03-03 12:56:50,395:INFO:Epoch 18, Training loss 109394.14453125, Validation loss 109377.404296875
2022-03-03 12:56:52,737:INFO:Epoch 19, Training loss 109359.375, Validation loss 109342.318359375
2022-03-03 12:56:54,981:INFO:Epoch 20, Training loss 109324.05078125, Validation loss 109309.92578125
2022-03-03 12:56:57,276:INFO:Epoch 21, Training loss 109292.05078125, Validation loss 109281.166015625
2022-03-03 12:56:59,531:INFO:Epoch 22, Training loss 109261.51953125, Validation loss 109250.044921875
2022-03-03 12:57:01,864:INFO:Epoch 23, Training loss 109230.083984375, Validation loss 109218.345703125
2022-03-03 12:57:04,124:INFO:Epoch 24, Training loss 109198.94921875, Validation loss 109188.009765625
2022-03-03 12:57:06,387:INFO:Epoch 25, Training loss 109168.76953125, Validation loss 109157.51171875
2022-03-03 12:57:08,650:INFO:Epoch 26, Training loss 109137.33984375, Validation loss 109127.70703125
2022-03-03 12:57:10,973:INFO:Epoch 27, Training loss 109104.87890625, Validation loss 109096.015625
2022-03-03 12:57:13,243:INFO:Epoch 28, Training loss 109073.962890625, Validation loss 109063.88671875
2022-03-03 12:57:15,508:INFO:Epoch 29, Training loss 109041.072265625, Validation loss 109030.96484375
2022-03-03 12:57:17,786:INFO:Epoch 30, Training loss 109007.26171875, Validation loss 108996.560546875
2022-03-03 12:57:20,099:INFO:Epoch 31, Training loss 108972.25, Validation loss 108962.076171875
2022-03-03 12:57:22,383:INFO:Epoch 32, Training loss 108937.380859375, Validation loss 108927.59375
2022-03-03 12:57:24,642:INFO:Epoch 33, Training loss 108904.427734375, Validation loss 108893.716796875
2022-03-03 12:57:26,933:INFO:Epoch 34, Training loss 108870.400390625, Validation loss 108861.654296875
2022-03-03 12:57:29,234:INFO:Epoch 35, Training loss 108838.087890625, Validation loss 108830.751953125
2022-03-03 12:57:31,528:INFO:Epoch 36, Training loss 108809.365234375, Validation loss 108804.412109375
2022-03-03 12:57:33,757:INFO:Epoch 37, Training loss 108783.4296875, Validation loss 108780.45703125
2022-03-03 12:57:36,051:INFO:Epoch 38, Training loss 108761.28515625, Validation loss 108760.5078125
2022-03-03 12:57:38,297:INFO:Epoch 39, Training loss 108741.9375, Validation loss 108741.919921875
2022-03-03 12:57:40,636:INFO:Epoch 40, Training loss 108726.2578125, Validation loss 108724.8046875
2022-03-03 12:57:42,892:INFO:Epoch 41, Training loss 108712.705078125, Validation loss 108711.197265625
2022-03-03 12:57:45,187:INFO:Epoch 42, Training loss 108698.48046875, Validation loss 108696.607421875
2022-03-03 12:57:47,441:INFO:Epoch 43, Training loss 108688.935546875, Validation loss 108686.171875
2022-03-03 12:57:49,767:INFO:Epoch 44, Training loss 108679.177734375, Validation loss 108677.115234375
2022-03-03 12:57:52,035:INFO:Epoch 45, Training loss 108673.755859375, Validation loss 108670.814453125
2022-03-03 12:57:54,306:INFO:Epoch 46, Training loss 108668.666015625, Validation loss 108664.626953125
2022-03-03 12:57:56,577:INFO:Epoch 47, Training loss 108663.080078125, Validation loss 108660.10546875
2022-03-03 12:57:58,902:INFO:Epoch 48, Training loss 108659.357421875, Validation loss 108655.673828125
2022-03-03 12:58:01,171:INFO:Epoch 49, Training loss 108656.92578125, Validation loss 108652.251953125
2022-03-03 12:58:03,436:INFO:Epoch 50, Training loss 108654.3671875, Validation loss 108648.59765625
2022-03-03 12:58:05,713:INFO:Epoch 51, Training loss 108652.109375, Validation loss 108645.86328125
2022-03-03 12:58:08,016:INFO:Epoch 52, Training loss 108649.880859375, Validation loss 108643.587890625
2022-03-03 12:58:10,296:INFO:Epoch 53, Training loss 108647.64453125, Validation loss 108640.935546875
2022-03-03 12:58:12,545:INFO:Epoch 54, Training loss 108645.330078125, Validation loss 108638.63671875
2022-03-03 12:58:14,839:INFO:Epoch 55, Training loss 108643.87109375, Validation loss 108636.826171875
2022-03-03 12:58:17,135:INFO:Epoch 56, Training loss 108644.365234375, Validation loss 108635.755859375
2022-03-03 12:58:19,428:INFO:Epoch 57, Training loss 108642.5625, Validation loss 108635.30859375
2022-03-03 12:58:21,664:INFO:Epoch 58, Training loss 108641.25390625, Validation loss 108633.390625
2022-03-03 12:58:23,957:INFO:Epoch 59, Training loss 108639.568359375, Validation loss 108633.1796875
2022-03-03 12:58:26,207:INFO:Epoch 60, Training loss 108638.037109375, Validation loss 108629.171875
2022-03-03 12:58:28,549:INFO:Epoch 61, Training loss 108636.884765625, Validation loss 108629.07421875
2022-03-03 12:58:30,796:INFO:Epoch 62, Training loss 108636.28125, Validation loss 108625.484375
2022-03-03 12:58:33,088:INFO:Epoch 63, Training loss 108632.421875, Validation loss 108623.908203125
2022-03-03 12:58:35,358:INFO:Epoch 64, Training loss 108631.49609375, Validation loss 108623.146484375
2022-03-03 12:58:37,687:INFO:Epoch 65, Training loss 108632.431640625, Validation loss 108621.3828125
2022-03-03 12:58:39,950:INFO:Epoch 66, Training loss 108630.416015625, Validation loss 108620.91796875
2022-03-03 12:58:42,232:INFO:Epoch 67, Training loss 108627.8515625, Validation loss 108618.59375
2022-03-03 12:58:44,498:INFO:Epoch 68, Training loss 108627.77734375, Validation loss 108616.357421875
2022-03-03 12:58:46,826:INFO:Epoch 69, Training loss 108626.12890625, Validation loss 108615.26171875
2022-03-03 12:58:49,095:INFO:Epoch 70, Training loss 108623.57421875, Validation loss 108613.763671875
2022-03-03 12:58:51,358:INFO:Epoch 71, Training loss 108622.75, Validation loss 108613.041015625
2022-03-03 12:58:53,636:INFO:Epoch 72, Training loss 108622.41796875, Validation loss 108611.25390625
2022-03-03 12:58:55,945:INFO:Epoch 73, Training loss 108621.224609375, Validation loss 108610.59375
2022-03-03 12:58:58,225:INFO:Epoch 74, Training loss 108619.21875, Validation loss 108609.58984375
2022-03-03 12:59:00,471:INFO:Epoch 75, Training loss 108618.513671875, Validation loss 108608.0625
2022-03-03 12:59:02,765:INFO:Epoch 76, Training loss 108616.970703125, Validation loss 108607.068359375
2022-03-03 12:59:05,064:INFO:Epoch 77, Training loss 108616.2109375, Validation loss 108606.046875
2022-03-03 12:59:07,358:INFO:Epoch 78, Training loss 108615.77734375, Validation loss 108605.36328125
2022-03-03 12:59:09,602:INFO:Epoch 79, Training loss 108615.30078125, Validation loss 108604.734375
2022-03-03 12:59:11,910:INFO:Epoch 80, Training loss 108615.427734375, Validation loss 108604.54296875
2022-03-03 12:59:14,172:INFO:Epoch 81, Training loss 108614.291015625, Validation loss 108604.14453125
2022-03-03 12:59:16,513:INFO:Epoch 82, Training loss 108613.27734375, Validation loss 108603.49609375
2022-03-03 12:59:18,766:INFO:Epoch 83, Training loss 108613.33203125, Validation loss 108603.4140625
2022-03-03 12:59:21,067:INFO:Epoch 84, Training loss 108613.1328125, Validation loss 108601.76171875
2022-03-03 12:59:23,321:INFO:Epoch 85, Training loss 108613.515625, Validation loss 108601.59765625
2022-03-03 12:59:25,651:INFO:Epoch 86, Training loss 108611.033203125, Validation loss 108600.546875
2022-03-03 12:59:27,908:INFO:Epoch 87, Training loss 108613.21484375, Validation loss 108601.865234375
2022-03-03 12:59:30,182:INFO:Epoch 88, Training loss 108610.294921875, Validation loss 108600.041015625
2022-03-03 12:59:32,452:INFO:Epoch 89, Training loss 108609.248046875, Validation loss 108600.326171875
2022-03-03 12:59:34,775:INFO:Epoch 90, Training loss 108607.962890625, Validation loss 108599.564453125
2022-03-03 12:59:37,048:INFO:Epoch 91, Training loss 108607.71484375, Validation loss 108598.80859375
2022-03-03 12:59:39,308:INFO:Epoch 92, Training loss 108607.5, Validation loss 108598.169921875
2022-03-03 12:59:41,587:INFO:Epoch 93, Training loss 108607.109375, Validation loss 108597.888671875
2022-03-03 12:59:43,894:INFO:Epoch 94, Training loss 108606.97265625, Validation loss 108597.7421875
2022-03-03 12:59:46,174:INFO:Epoch 95, Training loss 108606.787109375, Validation loss 108598.09375
2022-03-03 12:59:48,426:INFO:Epoch 96, Training loss 108607.173828125, Validation loss 108597.482421875
2022-03-03 12:59:50,713:INFO:Epoch 97, Training loss 108606.2109375, Validation loss 108599.095703125
2022-03-03 12:59:53,012:INFO:Epoch 98, Training loss 108605.107421875, Validation loss 108597.751953125
2022-03-03 12:59:55,305:INFO:Epoch 99, Training loss 108604.150390625, Validation loss 108597.611328125
2022-03-03 12:59:57,556:INFO:Epoch 100, Training loss 108603.53125, Validation loss 108596.236328125
2022-03-03 12:59:59,847:INFO:Epoch 101, Training loss 108605.099609375, Validation loss 108595.724609375
2022-03-03 13:00:02,098:INFO:Epoch 102, Training loss 108601.994140625, Validation loss 108596.23046875
2022-03-03 13:00:04,435:INFO:Epoch 103, Training loss 108601.626953125, Validation loss 108595.865234375
2022-03-03 13:00:06,687:INFO:Epoch 104, Training loss 108602.259765625, Validation loss 108596.625
2022-03-03 13:00:08,981:INFO:Epoch 105, Training loss 108601.634765625, Validation loss 108595.619140625
2022-03-03 13:00:11,237:INFO:Epoch 106, Training loss 108602.701171875, Validation loss 108597.654296875
2022-03-03 13:00:13,573:INFO:Epoch 107, Training loss 108600.84765625, Validation loss 108595.818359375
2022-03-03 13:00:15,841:INFO:Epoch 108, Training loss 108600.556640625, Validation loss 108595.986328125
2022-03-03 13:00:18,104:INFO:Epoch 109, Training loss 108599.923828125, Validation loss 108594.609375
2022-03-03 13:00:20,372:INFO:Epoch 110, Training loss 108600.8046875, Validation loss 108596.62109375
2022-03-03 13:00:22,694:INFO:Epoch 111, Training loss 108599.4765625, Validation loss 108594.189453125
2022-03-03 13:00:24,964:INFO:Epoch 112, Training loss 108599.890625, Validation loss 108595.7421875
2022-03-03 13:00:27,226:INFO:Epoch 113, Training loss 108598.16015625, Validation loss 108594.13671875
2022-03-03 13:00:29,506:INFO:Epoch 114, Training loss 108597.5234375, Validation loss 108594.5703125
2022-03-03 13:00:31,817:INFO:Epoch 115, Training loss 108597.9140625, Validation loss 108593.572265625
2022-03-03 13:00:34,136:INFO:Epoch 116, Training loss 108597.724609375, Validation loss 108595.521484375
2022-03-03 13:00:36,378:INFO:Epoch 117, Training loss 108596.701171875, Validation loss 108593.6953125
2022-03-03 13:00:38,661:INFO:Epoch 118, Training loss 108597.138671875, Validation loss 108594.6796875
2022-03-03 13:00:40,980:INFO:Epoch 119, Training loss 108598.994140625, Validation loss 108593.12890625
2022-03-03 13:00:43,272:INFO:Epoch 120, Training loss 108597.87109375, Validation loss 108594.30078125
2022-03-03 13:00:45,508:INFO:Epoch 121, Training loss 108596.9375, Validation loss 108593.298828125
2022-03-03 13:00:47,803:INFO:Epoch 122, Training loss 108596.28515625, Validation loss 108593.625
2022-03-03 13:00:50,055:INFO:Epoch 123, Training loss 108597.357421875, Validation loss 108592.74609375
2022-03-03 13:00:52,401:INFO:Epoch 124, Training loss 108595.26953125, Validation loss 108593.865234375
2022-03-03 13:00:54,649:INFO:Epoch 125, Training loss 108594.484375, Validation loss 108593.13671875
2022-03-03 13:00:56,946:INFO:Epoch 126, Training loss 108594.9921875, Validation loss 108594.294921875
2022-03-03 13:00:59,201:INFO:Epoch 127, Training loss 108597.67578125, Validation loss 108592.853515625
2022-03-03 13:01:01,533:INFO:Epoch 128, Training loss 108596.892578125, Validation loss 108594.44140625
2022-03-03 13:01:03,789:INFO:Epoch 129, Training loss 108594.9609375, Validation loss 108592.021484375
2022-03-03 13:01:06,054:INFO:Epoch 130, Training loss 108594.85546875, Validation loss 108592.685546875
2022-03-03 13:01:08,327:INFO:Epoch 131, Training loss 108594.35546875, Validation loss 108591.5234375
2022-03-03 13:01:10,653:INFO:Epoch 132, Training loss 108592.908203125, Validation loss 108592.1171875
2022-03-03 13:01:12,928:INFO:Epoch 133, Training loss 108591.4921875, Validation loss 108591.59375
2022-03-03 13:01:15,200:INFO:Epoch 134, Training loss 108591.576171875, Validation loss 108590.8515625
2022-03-03 13:01:17,480:INFO:Epoch 135, Training loss 108590.6796875, Validation loss 108591.16796875
2022-03-03 13:01:19,787:INFO:Epoch 136, Training loss 108591.8671875, Validation loss 108591.396484375
2022-03-03 13:01:22,064:INFO:Epoch 137, Training loss 108591.26953125, Validation loss 108592.447265625
2022-03-03 13:01:24,323:INFO:Epoch 138, Training loss 108591.337890625, Validation loss 108591.015625
2022-03-03 13:01:26,610:INFO:Epoch 139, Training loss 108590.044921875, Validation loss 108590.57421875
2022-03-03 13:01:28,899:INFO:Epoch 140, Training loss 108590.970703125, Validation loss 108590.666015625
2022-03-03 13:01:31,184:INFO:Epoch 141, Training loss 108590.32421875, Validation loss 108590.955078125
2022-03-03 13:01:33,421:INFO:Epoch 142, Training loss 108590.4921875, Validation loss 108590.63671875
2022-03-03 13:01:35,741:INFO:Epoch 143, Training loss 108590.095703125, Validation loss 108591.564453125
2022-03-03 13:01:37,993:INFO:Epoch 144, Training loss 108589.421875, Validation loss 108590.4140625
2022-03-03 13:01:40,333:INFO:Epoch 145, Training loss 108589.3515625, Validation loss 108588.880859375
2022-03-03 13:01:42,586:INFO:Epoch 146, Training loss 108590.572265625, Validation loss 108589.79296875
2022-03-03 13:01:44,878:INFO:Epoch 147, Training loss 108590.06640625, Validation loss 108592.673828125
2022-03-03 13:01:47,133:INFO:Epoch 148, Training loss 108592.015625, Validation loss 108590.927734375
2022-03-03 13:01:49,464:INFO:Epoch 149, Training loss 108591.685546875, Validation loss 108592.005859375
2022-03-03 13:01:51,716:INFO:Epoch 150, Training loss 108591.17578125, Validation loss 108589.962890625
2022-03-03 13:01:53,985:INFO:Epoch 151, Training loss 108588.53515625, Validation loss 108593.287109375
2022-03-03 13:01:56,251:INFO:Epoch 152, Training loss 108589.76171875, Validation loss 108589.15234375
2022-03-03 13:01:58,571:INFO:Epoch 153, Training loss 108586.66796875, Validation loss 108589.9921875
2022-03-03 13:02:00,847:INFO:Epoch 154, Training loss 108586.701171875, Validation loss 108589.234375
2022-03-03 13:02:03,111:INFO:Epoch 155, Training loss 108586.767578125, Validation loss 108589.78125
2022-03-03 13:02:05,391:INFO:Epoch 156, Training loss 108585.529296875, Validation loss 108589.228515625
2022-03-03 13:02:07,699:INFO:Epoch 157, Training loss 108588.1015625, Validation loss 108588.92578125
2022-03-03 13:02:09,977:INFO:Epoch 158, Training loss 108587.8359375, Validation loss 108590.80859375
2022-03-03 13:02:12,200:INFO:Epoch 159, Training loss 108586.6015625, Validation loss 108588.720703125
2022-03-03 13:02:14,393:INFO:Epoch 160, Training loss 108586.830078125, Validation loss 108589.580078125
2022-03-03 13:02:16,591:INFO:Epoch 161, Training loss 108587.5, Validation loss 108588.748046875
2022-03-03 13:02:18,790:INFO:Epoch 162, Training loss 108585.8671875, Validation loss 108590.484375
2022-03-03 13:02:20,931:INFO:Epoch 163, Training loss 108587.880859375, Validation loss 108588.744140625
2022-03-03 13:02:23,131:INFO:Epoch 164, Training loss 108586.396484375, Validation loss 108590.7265625
2022-03-03 13:02:25,284:INFO:Epoch 165, Training loss 108585.412109375, Validation loss 108588.99609375
2022-03-03 13:02:27,532:INFO:Epoch 166, Training loss 108584.455078125, Validation loss 108591.205078125
2022-03-03 13:02:29,681:INFO:Epoch 167, Training loss 108584.279296875, Validation loss 108589.115234375
2022-03-03 13:02:31,877:INFO:Epoch 168, Training loss 108584.3359375, Validation loss 108590.896484375
2022-03-03 13:02:34,044:INFO:Epoch 169, Training loss 108583.654296875, Validation loss 108588.59375
2022-03-03 13:02:36,291:INFO:Epoch 170, Training loss 108584.79296875, Validation loss 108590.005859375
2022-03-03 13:02:38,455:INFO:Epoch 171, Training loss 108582.51953125, Validation loss 108587.77734375
2022-03-03 13:02:40,640:INFO:Epoch 172, Training loss 108583.76171875, Validation loss 108588.9140625
2022-03-03 13:02:42,811:INFO:Epoch 173, Training loss 108582.21484375, Validation loss 108588.921875
2022-03-03 13:02:45,036:INFO:Epoch 174, Training loss 108583.962890625, Validation loss 108588.982421875
2022-03-03 13:02:47,207:INFO:Epoch 175, Training loss 108582.576171875, Validation loss 108588.708984375
2022-03-03 13:02:49,370:INFO:Epoch 176, Training loss 108580.71484375, Validation loss 108587.431640625
2022-03-03 13:02:51,552:INFO:Epoch 177, Training loss 108581.62109375, Validation loss 108588.662109375
2022-03-03 13:02:53,766:INFO:Epoch 178, Training loss 108581.78515625, Validation loss 108589.109375
2022-03-03 13:02:55,953:INFO:Epoch 179, Training loss 108580.0703125, Validation loss 108590.548828125
2022-03-03 13:02:58,112:INFO:Epoch 180, Training loss 108579.892578125, Validation loss 108588.380859375
2022-03-03 13:03:00,306:INFO:Epoch 181, Training loss 108579.669921875, Validation loss 108589.203125
2022-03-03 13:03:02,506:INFO:Epoch 182, Training loss 108578.76171875, Validation loss 108589.6875
2022-03-03 13:03:04,703:INFO:Epoch 183, Training loss 108579.828125, Validation loss 108590.068359375
2022-03-03 13:03:06,849:INFO:Epoch 184, Training loss 108581.724609375, Validation loss 108589.341796875
2022-03-03 13:03:09,057:INFO:Epoch 185, Training loss 108577.51953125, Validation loss 108588.765625
2022-03-03 13:03:11,216:INFO:Epoch 186, Training loss 108579.01953125, Validation loss 108589.5390625
2022-03-03 13:03:13,454:INFO:Epoch 187, Training loss 108578.87109375, Validation loss 108588.78515625
2022-03-03 13:03:15,603:INFO:Epoch 188, Training loss 108578.220703125, Validation loss 108588.494140625
2022-03-03 13:03:17,802:INFO:Epoch 189, Training loss 108578.08203125, Validation loss 108589.435546875
2022-03-03 13:03:19,969:INFO:Epoch 190, Training loss 108578.123046875, Validation loss 108588.185546875
2022-03-03 13:03:22,207:INFO:Epoch 191, Training loss 108578.796875, Validation loss 108589.380859375
2022-03-03 13:03:24,378:INFO:Epoch 192, Training loss 108578.763671875, Validation loss 108590.142578125
2022-03-03 13:03:26,558:INFO:Epoch 193, Training loss 108577.744140625, Validation loss 108590.3203125
2022-03-03 13:03:28,730:INFO:Epoch 194, Training loss 108576.9921875, Validation loss 108588.525390625
2022-03-03 13:03:30,957:INFO:Epoch 195, Training loss 108576.45703125, Validation loss 108589.1171875
2022-03-03 13:03:33,130:INFO:Epoch 196, Training loss 108576.75, Validation loss 108588.3671875
2022-03-03 13:03:35,294:INFO:Epoch 197, Training loss 108576.79296875, Validation loss 108588.798828125
2022-03-03 13:03:37,478:INFO:Epoch 198, Training loss 108575.80078125, Validation loss 108589.630859375
2022-03-03 13:03:39,695:INFO:Epoch 199, Training loss 108575.453125, Validation loss 108588.451171875
2022-03-03 13:03:41,886:INFO:Epoch 200, Training loss 108576.41796875, Validation loss 108590.17578125
2022-03-03 13:03:44,040:INFO:Epoch 201, Training loss 108575.533203125, Validation loss 108588.29296875
2022-03-03 13:03:46,233:INFO:Epoch 202, Training loss 108576.673828125, Validation loss 108590.4375
2022-03-03 13:03:48,433:INFO:Epoch 203, Training loss 108575.69921875, Validation loss 108589.03515625
2022-03-03 13:03:50,635:INFO:Epoch 204, Training loss 108576.923828125, Validation loss 108590.8203125
2022-03-03 13:03:52,781:INFO:Epoch 205, Training loss 108575.72265625, Validation loss 108589.892578125
2022-03-03 13:03:54,987:INFO:Epoch 206, Training loss 108575.513671875, Validation loss 108589.0625
2022-03-03 13:03:57,141:INFO:Epoch 207, Training loss 108575.166015625, Validation loss 108590.787109375
2022-03-03 13:03:59,387:INFO:Epoch 208, Training loss 108574.21484375, Validation loss 108588.388671875
2022-03-03 13:04:01,544:INFO:Epoch 209, Training loss 108575.53125, Validation loss 108589.47265625
2022-03-03 13:04:03,744:INFO:Epoch 210, Training loss 108576.859375, Validation loss 108588.970703125
2022-03-03 13:04:05,906:INFO:Epoch 211, Training loss 108576.435546875, Validation loss 108591.73046875
2022-03-03 13:04:08,139:INFO:Epoch 212, Training loss 108574.09765625, Validation loss 108588.705078125
2022-03-03 13:04:10,303:INFO:Epoch 213, Training loss 108575.611328125, Validation loss 108590.013671875
2022-03-03 13:04:12,485:INFO:Epoch 214, Training loss 108575.53515625, Validation loss 108589.962890625
2022-03-03 13:04:14,659:INFO:Epoch 215, Training loss 108575.75, Validation loss 108589.263671875
2022-03-03 13:04:16,884:INFO:Epoch 216, Training loss 108575.1796875, Validation loss 108590.02734375
2022-03-03 13:04:19,061:INFO:Epoch 217, Training loss 108574.65234375, Validation loss 108588.720703125
2022-03-03 13:04:21,232:INFO:Epoch 218, Training loss 108573.953125, Validation loss 108589.447265625
2022-03-03 13:04:23,415:INFO:Epoch 219, Training loss 108572.9921875, Validation loss 108589.498046875
2022-03-03 13:04:25,629:INFO:Epoch 220, Training loss 108576.970703125, Validation loss 108589.619140625
2022-03-03 13:04:27,819:INFO:Epoch 221, Training loss 108574.212890625, Validation loss 108592.296875
2022-03-03 13:04:29,978:INFO:Epoch 222, Training loss 108576.732421875, Validation loss 108589.333984375
2022-03-03 13:04:32,172:INFO:Epoch 223, Training loss 108574.00390625, Validation loss 108591.244140625
2022-03-03 13:04:34,374:INFO:Epoch 224, Training loss 108573.931640625, Validation loss 108589.29296875
2022-03-03 13:04:36,576:INFO:Epoch 225, Training loss 108575.1796875, Validation loss 108589.759765625
2022-03-03 13:04:38,730:INFO:Epoch 226, Training loss 108572.033203125, Validation loss 108589.66796875
2022-03-03 13:04:38,736:INFO:Finished training
