2021-11-24 15:26:08,803:INFO:All directories created, ready to load the data
2021-11-24 15:26:08,873:INFO:Dataset loaded from /data/theorie/jthoeve/event_generation/events_high_stats/quad/cHW/events_19.npy
2021-11-24 15:26:08,876:INFO:Dataset loaded from /data/theorie/jthoeve/event_generation/events_high_stats/sm/events_19.npy
2021-11-24 15:26:12,707:INFO:Epoch 1, Training loss 149853.60546875, Validation loss 149484.822265625
2021-11-24 15:26:16,551:INFO:Epoch 2, Training loss 149174.1328125, Validation loss 148669.779296875
2021-11-24 15:26:20,333:INFO:Epoch 3, Training loss 148266.1640625, Validation loss 147625.310546875
2021-11-24 15:26:24,190:INFO:Epoch 4, Training loss 147136.6171875, Validation loss 146430.083984375
2021-11-24 15:26:27,974:INFO:Epoch 5, Training loss 145932.072265625, Validation loss 145244.525390625
2021-11-24 15:26:31,832:INFO:Epoch 6, Training loss 144915.73828125, Validation loss 144520.251953125
2021-11-24 15:26:35,632:INFO:Epoch 7, Training loss 144383.130859375, Validation loss 144161.31640625
2021-11-24 15:26:39,466:INFO:Epoch 8, Training loss 144103.87109375, Validation loss 144004.705078125
2021-11-24 15:26:43,276:INFO:Epoch 9, Training loss 143979.478515625, Validation loss 143892.568359375
2021-11-24 15:26:47,096:INFO:Epoch 10, Training loss 143862.85546875, Validation loss 143805.65234375
2021-11-24 15:26:50,896:INFO:Epoch 11, Training loss 143784.578125, Validation loss 143746.333984375
2021-11-24 15:26:54,717:INFO:Epoch 12, Training loss 143737.4453125, Validation loss 143709.4921875
2021-11-24 15:26:58,520:INFO:Epoch 13, Training loss 143716.087890625, Validation loss 143707.9296875
2021-11-24 15:27:02,327:INFO:Epoch 14, Training loss 143696.90234375, Validation loss 143683.296875
2021-11-24 15:27:06,200:INFO:Epoch 15, Training loss 143693.236328125, Validation loss 143671.697265625
2021-11-24 15:27:10,048:INFO:Epoch 16, Training loss 143691.484375, Validation loss 143668.10546875
2021-11-24 15:27:13,867:INFO:Epoch 17, Training loss 143687.86328125, Validation loss 143667.701171875
2021-11-24 15:27:17,679:INFO:Epoch 18, Training loss 143658.966796875, Validation loss 143695.1796875
2021-11-24 15:27:21,498:INFO:Epoch 19, Training loss 143671.2109375, Validation loss 143645.21484375
2021-11-24 15:27:25,274:INFO:Epoch 20, Training loss 143643.126953125, Validation loss 143639.0078125
2021-11-24 15:27:29,129:INFO:Epoch 21, Training loss 143635.04296875, Validation loss 143644.361328125
2021-11-24 15:27:32,923:INFO:Epoch 22, Training loss 143633.90234375, Validation loss 143641.666015625
2021-11-24 15:27:36,767:INFO:Epoch 23, Training loss 143638.697265625, Validation loss 143676.7578125
2021-11-24 15:27:40,568:INFO:Epoch 24, Training loss 143669.3828125, Validation loss 143643.80078125
2021-11-24 15:27:44,448:INFO:Epoch 25, Training loss 143642.541015625, Validation loss 143651.658203125
2021-11-24 15:27:48,245:INFO:Epoch 26, Training loss 143644.158203125, Validation loss 143681.984375
2021-11-24 15:27:52,057:INFO:Epoch 27, Training loss 143635.330078125, Validation loss 143619.748046875
2021-11-24 15:27:55,861:INFO:Epoch 28, Training loss 143615.078125, Validation loss 143624.794921875
2021-11-24 15:27:59,702:INFO:Epoch 29, Training loss 143609.013671875, Validation loss 143613.93359375
2021-11-24 15:28:03,532:INFO:Epoch 30, Training loss 143601.783203125, Validation loss 143605.134765625
2021-11-24 15:28:07,340:INFO:Epoch 31, Training loss 143593.595703125, Validation loss 143611.62890625
2021-11-24 15:28:11,153:INFO:Epoch 32, Training loss 143594.404296875, Validation loss 143612.1328125
2021-11-24 15:28:14,988:INFO:Epoch 33, Training loss 143597.71484375, Validation loss 143599.80859375
2021-11-24 15:28:18,835:INFO:Epoch 34, Training loss 143587.138671875, Validation loss 143601.689453125
2021-11-24 15:28:22,641:INFO:Epoch 35, Training loss 143585.697265625, Validation loss 143595.109375
2021-11-24 15:28:26,470:INFO:Epoch 36, Training loss 143584.900390625, Validation loss 143617.14453125
2021-11-24 15:28:30,295:INFO:Epoch 37, Training loss 143589.193359375, Validation loss 143596.984375
2021-11-24 15:28:34,125:INFO:Epoch 38, Training loss 143591.630859375, Validation loss 143595.755859375
2021-11-24 15:28:37,914:INFO:Epoch 39, Training loss 143588.498046875, Validation loss 143617.259765625
2021-11-24 15:28:41,755:INFO:Epoch 40, Training loss 143598.9140625, Validation loss 143638.048828125
2021-11-24 15:28:45,582:INFO:Epoch 41, Training loss 143605.408203125, Validation loss 143595.421875
2021-11-24 15:28:49,446:INFO:Epoch 42, Training loss 143605.0703125, Validation loss 143631.2265625
2021-11-24 15:28:53,250:INFO:Epoch 43, Training loss 143597.451171875, Validation loss 143610.36328125
2021-11-24 15:28:57,084:INFO:Epoch 44, Training loss 143595.974609375, Validation loss 143598.96484375
2021-11-24 15:29:00,870:INFO:Epoch 45, Training loss 143598.654296875, Validation loss 143658.451171875
2021-11-24 15:29:04,724:INFO:Epoch 46, Training loss 143610.38671875, Validation loss 143612.6640625
2021-11-24 15:29:08,537:INFO:Epoch 47, Training loss 143594.40625, Validation loss 143592.49609375
2021-11-24 15:29:12,344:INFO:Epoch 48, Training loss 143587.380859375, Validation loss 143626.7890625
2021-11-24 15:29:16,172:INFO:Epoch 49, Training loss 143610.529296875, Validation loss 143618.611328125
2021-11-24 15:29:20,016:INFO:Epoch 50, Training loss 143609.98828125, Validation loss 143594.935546875
2021-11-24 15:29:23,832:INFO:Epoch 51, Training loss 143593.294921875, Validation loss 143619.1875
2021-11-24 15:29:27,682:INFO:Epoch 52, Training loss 143584.970703125, Validation loss 143592.17578125
2021-11-24 15:29:31,638:INFO:Epoch 53, Training loss 143583.96484375, Validation loss 143607.791015625
2021-11-24 15:29:35,475:INFO:Epoch 54, Training loss 143580.421875, Validation loss 143592.83203125
2021-11-24 15:29:39,621:INFO:Epoch 55, Training loss 143572.830078125, Validation loss 143594.283203125
2021-11-24 15:29:43,412:INFO:Epoch 56, Training loss 143574.9375, Validation loss 143595.482421875
2021-11-24 15:29:47,260:INFO:Epoch 57, Training loss 143576.572265625, Validation loss 143605.1953125
2021-11-24 15:29:51,082:INFO:Epoch 58, Training loss 143578.912109375, Validation loss 143595.869140625
2021-11-24 15:29:54,900:INFO:Epoch 59, Training loss 143577.505859375, Validation loss 143592.62890625
2021-11-24 15:29:58,718:INFO:Epoch 60, Training loss 143577.41796875, Validation loss 143601.421875
2021-11-24 15:30:02,554:INFO:Epoch 61, Training loss 143575.400390625, Validation loss 143589.982421875
2021-11-24 15:30:06,394:INFO:Epoch 62, Training loss 143571.7734375, Validation loss 143588.87109375
2021-11-24 15:30:10,261:INFO:Epoch 63, Training loss 143578.03125, Validation loss 143596.591796875
2021-11-24 15:30:14,095:INFO:Epoch 64, Training loss 143593.45703125, Validation loss 143600.80859375
2021-11-24 15:30:18,016:INFO:Epoch 65, Training loss 143586.650390625, Validation loss 143604.4296875
2021-11-24 15:30:21,908:INFO:Epoch 66, Training loss 143580.21484375, Validation loss 143595.755859375
2021-11-24 15:30:25,851:INFO:Epoch 67, Training loss 143583.087890625, Validation loss 143589.0234375
2021-11-24 15:30:29,729:INFO:Epoch 68, Training loss 143580.46875, Validation loss 143610.78515625
2021-11-24 15:30:33,637:INFO:Epoch 69, Training loss 143585.595703125, Validation loss 143601.96484375
2021-11-24 15:30:37,482:INFO:Epoch 70, Training loss 143574.416015625, Validation loss 143598.06640625
2021-11-24 15:30:41,435:INFO:Epoch 71, Training loss 143573.99609375, Validation loss 143591.51171875
2021-11-24 15:30:45,351:INFO:Epoch 72, Training loss 143578.181640625, Validation loss 143593.236328125
2021-11-24 15:30:49,241:INFO:Epoch 73, Training loss 143572.0078125, Validation loss 143596.44921875
2021-11-24 15:30:53,069:INFO:Epoch 74, Training loss 143571.892578125, Validation loss 143589.7734375
2021-11-24 15:30:56,915:INFO:Epoch 75, Training loss 143568.21875, Validation loss 143590.1953125
2021-11-24 15:31:00,769:INFO:Epoch 76, Training loss 143570.15625, Validation loss 143600.12109375
2021-11-24 15:31:04,585:INFO:Epoch 77, Training loss 143578.2734375, Validation loss 143591.546875
2021-11-24 15:31:08,470:INFO:Epoch 78, Training loss 143570.033203125, Validation loss 143591.744140625
2021-11-24 15:31:12,313:INFO:Epoch 79, Training loss 143569.896484375, Validation loss 143592.4453125
2021-11-24 15:31:16,216:INFO:Epoch 80, Training loss 143572.111328125, Validation loss 143599.728515625
2021-11-24 15:31:20,032:INFO:Epoch 81, Training loss 143571.025390625, Validation loss 143593.96875
2021-11-24 15:31:23,888:INFO:Epoch 82, Training loss 143576.123046875, Validation loss 143592.97265625
2021-11-24 15:31:27,695:INFO:Epoch 83, Training loss 143577.890625, Validation loss 143598.751953125
2021-11-24 15:31:31,583:INFO:Epoch 84, Training loss 143574.314453125, Validation loss 143597.076171875
2021-11-24 15:31:35,387:INFO:Epoch 85, Training loss 143574.015625, Validation loss 143590.3515625
2021-11-24 15:31:39,242:INFO:Epoch 86, Training loss 143566.373046875, Validation loss 143590.837890625
2021-11-24 15:31:43,068:INFO:Epoch 87, Training loss 143567.25390625, Validation loss 143592.353515625
2021-11-24 15:31:46,956:INFO:Epoch 88, Training loss 143566.927734375, Validation loss 143594.40234375
2021-11-24 15:31:50,807:INFO:Epoch 89, Training loss 143570.884765625, Validation loss 143589.9296875
2021-11-24 15:31:54,645:INFO:Epoch 90, Training loss 143574.88671875, Validation loss 143596.162109375
2021-11-24 15:31:58,467:INFO:Epoch 91, Training loss 143570.099609375, Validation loss 143606.548828125
2021-11-24 15:32:02,299:INFO:Epoch 92, Training loss 143576.1875, Validation loss 143606.140625
2021-11-24 15:32:06,079:INFO:Epoch 93, Training loss 143580.533203125, Validation loss 143614.330078125
2021-11-24 15:32:09,846:INFO:Epoch 94, Training loss 143586.1015625, Validation loss 143594.36328125
2021-11-24 15:32:13,621:INFO:Epoch 95, Training loss 143584.65625, Validation loss 143611.677734375
2021-11-24 15:32:17,437:INFO:Epoch 96, Training loss 143577.150390625, Validation loss 143607.826171875
2021-11-24 15:32:21,236:INFO:Epoch 97, Training loss 143578.958984375, Validation loss 143601.052734375
2021-11-24 15:32:25,027:INFO:Epoch 98, Training loss 143599.666015625, Validation loss 143601.33203125
2021-11-24 15:32:28,796:INFO:Epoch 99, Training loss 143608.1875, Validation loss 143646.927734375
2021-11-24 15:32:32,563:INFO:Epoch 100, Training loss 143588.8125, Validation loss 143594.794921875
2021-11-24 15:32:36,344:INFO:Epoch 101, Training loss 143584.2265625, Validation loss 143600.609375
2021-11-24 15:32:40,076:INFO:Epoch 102, Training loss 143583.044921875, Validation loss 143620.896484375
2021-11-24 15:32:43,859:INFO:Epoch 103, Training loss 143586.642578125, Validation loss 143594.9921875
2021-11-24 15:32:47,624:INFO:Epoch 104, Training loss 143570.982421875, Validation loss 143589.88671875
2021-11-24 15:32:51,530:INFO:Epoch 105, Training loss 143567.67578125, Validation loss 143591.98828125
2021-11-24 15:32:55,287:INFO:Epoch 106, Training loss 143576.052734375, Validation loss 143631.138671875
2021-11-24 15:32:59,077:INFO:Epoch 107, Training loss 143595.873046875, Validation loss 143591.890625
2021-11-24 15:33:02,858:INFO:Epoch 108, Training loss 143589.392578125, Validation loss 143601.41015625
2021-11-24 15:33:06,665:INFO:Epoch 109, Training loss 143578.88671875, Validation loss 143608.517578125
2021-11-24 15:33:10,418:INFO:Epoch 110, Training loss 143567.78125, Validation loss 143596.615234375
2021-11-24 15:33:14,187:INFO:Epoch 111, Training loss 143566.1484375, Validation loss 143594.40625
2021-11-24 15:33:17,998:INFO:Epoch 112, Training loss 143570.337890625, Validation loss 143595.451171875
2021-11-24 15:33:18,004:INFO:Finished training, producing training report at /data/theorie/jthoeve/ML4EFT_higgs/models/24_11/model_quad_cHW/mc_run_19/plots/training_report/
2021-11-24 15:33:24,958:WARNING:findfont: Font family ['sans-serif'] not found. Falling back to DejaVu Sans.
