2021-11-18 16:14:00,881:INFO:All directories created, ready to load the data
2021-11-18 16:14:00,940:INFO:Dataset loaded from /data/theorie/jthoeve/event_generation/events_high_stats/lin/cHq3/events_18.npy
2021-11-18 16:14:00,967:INFO:Dataset loaded from /data/theorie/jthoeve/event_generation/events_high_stats/sm/events_18.npy
2021-11-18 16:14:04,581:INFO:Epoch 1, Training loss 84646.6484375, Validation loss 84646.6484375
2021-11-18 16:14:08,197:INFO:Epoch 2, Training loss 84646.6484375, Validation loss 84646.6484375
2021-11-18 16:14:11,839:INFO:Epoch 3, Training loss 84646.6484375, Validation loss 84646.6484375
2021-11-18 16:14:15,384:INFO:Epoch 4, Training loss 84646.6484375, Validation loss 84646.6484375
2021-11-18 16:14:18,976:INFO:Epoch 5, Training loss 84646.6484375, Validation loss 84646.6484375
2021-11-18 16:14:22,482:INFO:Epoch 6, Training loss 84646.6484375, Validation loss 84646.6484375
2021-11-18 16:14:26,037:INFO:Epoch 7, Training loss 84646.6484375, Validation loss 84646.6484375
2021-11-18 16:14:29,602:INFO:Epoch 8, Training loss 84646.6484375, Validation loss 84646.6484375
2021-11-18 16:14:33,121:INFO:Epoch 9, Training loss 84646.6484375, Validation loss 84646.6484375
2021-11-18 16:14:36,693:INFO:Epoch 10, Training loss 84646.6484375, Validation loss 84646.6484375
2021-11-18 16:14:40,283:INFO:Epoch 11, Training loss 84646.6484375, Validation loss 84646.6484375
2021-11-18 16:14:40,287:INFO:Detected stagant training, reset the weights
2021-11-18 16:14:43,820:INFO:Epoch 12, Training loss 74977.515625, Validation loss 74861.59375
2021-11-18 16:14:47,440:INFO:Epoch 13, Training loss 74865.2734375, Validation loss 74719.7578125
2021-11-18 16:14:50,952:INFO:Epoch 14, Training loss 74723.640625, Validation loss 74565.203125
2021-11-18 16:14:54,506:INFO:Epoch 15, Training loss 74569.2421875, Validation loss 74407.0078125
2021-11-18 16:14:58,061:INFO:Epoch 16, Training loss 74411.1875, Validation loss 74254.1484375
2021-11-18 16:15:01,596:INFO:Epoch 17, Training loss 74258.1875, Validation loss 74114.6328125
2021-11-18 16:15:05,169:INFO:Epoch 18, Training loss 74118.7265625, Validation loss 73994.3984375
2021-11-18 16:15:08,760:INFO:Epoch 19, Training loss 73998.5234375, Validation loss 73895.921875
2021-11-18 16:15:12,308:INFO:Epoch 20, Training loss 73899.8046875, Validation loss 73821.6328125
2021-11-18 16:15:15,870:INFO:Epoch 21, Training loss 73825.5234375, Validation loss 73772.8046875
2021-11-18 16:15:19,379:INFO:Epoch 22, Training loss 73777.40625, Validation loss 73748.4375
2021-11-18 16:15:23,127:INFO:Epoch 23, Training loss 73753.734375, Validation loss 73748.1953125
2021-11-18 16:15:26,755:INFO:Epoch 24, Training loss 73754.125, Validation loss 73768.375
2021-11-18 16:15:30,293:INFO:Epoch 25, Training loss 73774.6015625, Validation loss 73797.234375
2021-11-18 16:15:33,893:INFO:Epoch 26, Training loss 73803.109375, Validation loss 73822.390625
2021-11-18 16:15:37,446:INFO:Epoch 27, Training loss 73827.3828125, Validation loss 73836.8984375
2021-11-18 16:15:41,007:INFO:Epoch 28, Training loss 73840.6875, Validation loss 73839.09375
2021-11-18 16:15:44,590:INFO:Epoch 29, Training loss 73841.6875, Validation loss 73831.0546875
2021-11-18 16:15:48,127:INFO:Epoch 30, Training loss 73832.28125, Validation loss 73816.21875
2021-11-18 16:15:51,716:INFO:Epoch 31, Training loss 73816.3828125, Validation loss 73798.640625
2021-11-18 16:15:55,329:INFO:Epoch 32, Training loss 73797.96875, Validation loss 73781.765625
2021-11-18 16:15:58,880:INFO:Epoch 33, Training loss 73780.2734375, Validation loss 73767.71875
2021-11-18 16:16:02,493:INFO:Epoch 34, Training loss 73765.640625, Validation loss 73757.7109375
2021-11-18 16:16:06,059:INFO:Epoch 35, Training loss 73755.1640625, Validation loss 73752.0859375
2021-11-18 16:16:09,632:INFO:Epoch 36, Training loss 73749.0859375, Validation loss 73750.4375
2021-11-18 16:16:13,237:INFO:Epoch 37, Training loss 73746.8125, Validation loss 73751.6875
2021-11-18 16:16:16,815:INFO:Epoch 38, Training loss 73747.453125, Validation loss 73754.6171875
2021-11-18 16:16:20,435:INFO:Epoch 39, Training loss 73749.9296875, Validation loss 73758.1640625
2021-11-18 16:16:24,066:INFO:Epoch 40, Training loss 73753.1640625, Validation loss 73761.4140625
2021-11-18 16:16:27,649:INFO:Epoch 41, Training loss 73756.3046875, Validation loss 73763.8515625
2021-11-18 16:16:31,274:INFO:Epoch 42, Training loss 73758.765625, Validation loss 73765.1328125
2021-11-18 16:16:34,821:INFO:Epoch 43, Training loss 73760.171875, Validation loss 73765.15625
2021-11-18 16:16:38,460:INFO:Epoch 44, Training loss 73760.40625, Validation loss 73764.0
2021-11-18 16:16:42,074:INFO:Epoch 45, Training loss 73759.546875, Validation loss 73761.9375
2021-11-18 16:16:45,641:INFO:Epoch 46, Training loss 73757.796875, Validation loss 73759.2890625
2021-11-18 16:16:49,524:INFO:Epoch 47, Training loss 73755.421875, Validation loss 73756.3984375
2021-11-18 16:16:53,187:INFO:Epoch 48, Training loss 73752.75, Validation loss 73753.6484375
2021-11-18 16:16:56,740:INFO:Epoch 49, Training loss 73750.171875, Validation loss 73751.21875
2021-11-18 16:17:00,329:INFO:Epoch 50, Training loss 73747.9453125, Validation loss 73749.34375
2021-11-18 16:17:03,866:INFO:Epoch 51, Training loss 73746.25, Validation loss 73748.140625
2021-11-18 16:17:07,515:INFO:Epoch 52, Training loss 73745.171875, Validation loss 73747.5859375
2021-11-18 16:17:11,150:INFO:Epoch 53, Training loss 73744.7421875, Validation loss 73747.5859375
2021-11-18 16:17:14,809:INFO:Epoch 54, Training loss 73744.8828125, Validation loss 73747.9765625
2021-11-18 16:17:18,495:INFO:Epoch 55, Training loss 73745.40625, Validation loss 73748.5390625
2021-11-18 16:17:22,167:INFO:Epoch 56, Training loss 73746.078125, Validation loss 73749.0859375
2021-11-18 16:17:25,733:INFO:Epoch 57, Training loss 73746.703125, Validation loss 73749.453125
2021-11-18 16:17:29,353:INFO:Epoch 58, Training loss 73747.1328125, Validation loss 73749.546875
2021-11-18 16:17:32,929:INFO:Epoch 59, Training loss 73747.2734375, Validation loss 73749.3671875
2021-11-18 16:17:36,556:INFO:Epoch 60, Training loss 73747.109375, Validation loss 73748.953125
2021-11-18 16:17:40,205:INFO:Epoch 61, Training loss 73746.6953125, Validation loss 73748.40625
2021-11-18 16:17:43,801:INFO:Epoch 62, Training loss 73746.109375, Validation loss 73747.8203125
2021-11-18 16:17:47,469:INFO:Epoch 63, Training loss 73745.46875, Validation loss 73747.296875
2021-11-18 16:17:51,081:INFO:Epoch 64, Training loss 73744.875, Validation loss 73746.90625
2021-11-18 16:17:54,704:INFO:Epoch 65, Training loss 73744.4140625, Validation loss 73746.671875
2021-11-18 16:17:58,344:INFO:Epoch 66, Training loss 73744.109375, Validation loss 73746.609375
2021-11-18 16:18:01,922:INFO:Epoch 67, Training loss 73743.9609375, Validation loss 73746.703125
2021-11-18 16:18:05,568:INFO:Epoch 68, Training loss 73743.9609375, Validation loss 73746.8828125
2021-11-18 16:18:09,222:INFO:Epoch 69, Training loss 73744.0546875, Validation loss 73747.1171875
2021-11-18 16:18:12,844:INFO:Epoch 70, Training loss 73744.1953125, Validation loss 73747.3515625
2021-11-18 16:18:16,453:INFO:Epoch 71, Training loss 73744.3359375, Validation loss 73747.546875
2021-11-18 16:18:20,054:INFO:Epoch 72, Training loss 73744.4375, Validation loss 73747.6640625
2021-11-18 16:18:23,653:INFO:Epoch 73, Training loss 73744.46875, Validation loss 73747.703125
2021-11-18 16:18:27,287:INFO:Epoch 74, Training loss 73744.4296875, Validation loss 73747.6796875
2021-11-18 16:18:30,866:INFO:Epoch 75, Training loss 73744.3203125, Validation loss 73747.609375
2021-11-18 16:18:34,512:INFO:Epoch 76, Training loss 73744.1640625, Validation loss 73747.5078125
2021-11-18 16:18:38,183:INFO:Epoch 77, Training loss 73743.984375, Validation loss 73747.4140625
2021-11-18 16:18:41,806:INFO:Epoch 78, Training loss 73743.8046875, Validation loss 73747.3359375
2021-11-18 16:18:45,420:INFO:Epoch 79, Training loss 73743.6640625, Validation loss 73747.2890625
2021-11-18 16:18:48,992:INFO:Epoch 80, Training loss 73743.5625, Validation loss 73747.28125
2021-11-18 16:18:52,621:INFO:Epoch 81, Training loss 73743.5, Validation loss 73747.296875
2021-11-18 16:18:56,265:INFO:Epoch 82, Training loss 73743.46875, Validation loss 73747.34375
2021-11-18 16:18:59,851:INFO:Epoch 83, Training loss 73743.4609375, Validation loss 73747.3984375
2021-11-18 16:19:03,500:INFO:Epoch 84, Training loss 73743.4765625, Validation loss 73747.4453125
2021-11-18 16:19:07,176:INFO:Epoch 85, Training loss 73743.4765625, Validation loss 73747.484375
2021-11-18 16:19:10,762:INFO:Epoch 86, Training loss 73743.46875, Validation loss 73747.5078125
2021-11-18 16:19:14,382:INFO:Epoch 87, Training loss 73743.4375, Validation loss 73747.515625
2021-11-18 16:19:17,972:INFO:Epoch 88, Training loss 73743.390625, Validation loss 73747.5
2021-11-18 16:19:21,612:INFO:Epoch 89, Training loss 73743.328125, Validation loss 73747.4765625
2021-11-18 16:19:25,263:INFO:Epoch 90, Training loss 73743.2578125, Validation loss 73747.4609375
2021-11-18 16:19:28,886:INFO:Epoch 91, Training loss 73743.1875, Validation loss 73747.4453125
2021-11-18 16:19:32,555:INFO:Epoch 92, Training loss 73743.125, Validation loss 73747.453125
2021-11-18 16:19:36,108:INFO:Epoch 93, Training loss 73743.078125, Validation loss 73747.4609375
2021-11-18 16:19:39,706:INFO:Epoch 94, Training loss 73743.0390625, Validation loss 73747.4765625
2021-11-18 16:19:43,330:INFO:Epoch 95, Training loss 73743.0, Validation loss 73747.5078125
2021-11-18 16:19:46,904:INFO:Epoch 96, Training loss 73742.984375, Validation loss 73747.53125
2021-11-18 16:19:50,555:INFO:Epoch 97, Training loss 73742.96875, Validation loss 73747.5390625
2021-11-18 16:19:54,208:INFO:Epoch 98, Training loss 73742.953125, Validation loss 73747.5390625
2021-11-18 16:19:57,818:INFO:Epoch 99, Training loss 73742.9296875, Validation loss 73747.5234375
2021-11-18 16:20:01,481:INFO:Epoch 100, Training loss 73742.8984375, Validation loss 73747.5078125
2021-11-18 16:20:05,045:INFO:Epoch 101, Training loss 73742.8671875, Validation loss 73747.4921875
2021-11-18 16:20:08,648:INFO:Epoch 102, Training loss 73742.828125, Validation loss 73747.46875
2021-11-18 16:20:12,295:INFO:Epoch 103, Training loss 73742.78125, Validation loss 73747.453125
2021-11-18 16:20:15,892:INFO:Epoch 104, Training loss 73742.7421875, Validation loss 73747.4453125
2021-11-18 16:20:19,584:INFO:Epoch 105, Training loss 73742.7109375, Validation loss 73747.4375
2021-11-18 16:20:23,259:INFO:Epoch 106, Training loss 73742.6796875, Validation loss 73747.4453125
2021-11-18 16:20:26,881:INFO:Epoch 107, Training loss 73742.6484375, Validation loss 73747.4453125
2021-11-18 16:20:30,503:INFO:Epoch 108, Training loss 73742.625, Validation loss 73747.453125
2021-11-18 16:20:34,067:INFO:Epoch 109, Training loss 73742.6015625, Validation loss 73747.4609375
2021-11-18 16:20:37,679:INFO:Epoch 110, Training loss 73742.5703125, Validation loss 73747.46875
2021-11-18 16:20:41,333:INFO:Epoch 111, Training loss 73742.546875, Validation loss 73747.484375
2021-11-18 16:20:44,936:INFO:Epoch 112, Training loss 73742.5234375, Validation loss 73747.5078125
2021-11-18 16:20:48,599:INFO:Epoch 113, Training loss 73742.4921875, Validation loss 73747.5234375
2021-11-18 16:20:52,198:INFO:Epoch 114, Training loss 73742.4609375, Validation loss 73747.5390625
2021-11-18 16:20:55,802:INFO:Epoch 115, Training loss 73742.4296875, Validation loss 73747.546875
2021-11-18 16:20:59,437:INFO:Epoch 116, Training loss 73742.3984375, Validation loss 73747.5625
2021-11-18 16:20:59,443:INFO:Finished training, producing training report at /data/theorie/jthoeve/ML4EFT_higgs/models/17_11/model_final_lin_cHq3_v7/mc_run_18/plots/training_report/
2021-11-18 16:20:59,774:WARNING:findfont: Font family ['sans-serif'] not found. Falling back to DejaVu Sans.
