1.468212207031250000e+05
1.342002773437500000e+05
1.268374589843750000e+05
1.218815703125000000e+05
1.182006914062500000e+05
1.153037695312500000e+05
1.130045175781250000e+05
1.112929531250000000e+05
1.101649199218750000e+05
1.095826699218750000e+05
1.094163828125000000e+05
1.094118652343750000e+05
1.093861796875000000e+05
1.093292558593750000e+05
1.092847910156250000e+05
1.092623632812500000e+05
1.092389707031250000e+05
1.092127050781250000e+05
1.091883144531250000e+05
1.091638242187500000e+05
1.091400058593750000e+05
1.091165390625000000e+05
1.090924218750000000e+05
1.090677226562500000e+05
1.090402148437500000e+05
1.090104179687500000e+05
1.089791562500000000e+05
1.089464824218750000e+05
1.089106660156250000e+05
1.088727343750000000e+05
1.088356445312500000e+05
1.087961640625000000e+05
1.087615566406250000e+05
1.087246171875000000e+05
1.086890312500000000e+05
1.086585429687500000e+05
1.086310507812500000e+05
1.086097519531250000e+05
1.085925273437500000e+05
1.085814941406250000e+05
1.085737089843750000e+05
1.085660312500000000e+05
1.085609218750000000e+05
1.085571816406250000e+05
1.085549863281250000e+05
1.085494082031250000e+05
1.085491171875000000e+05
1.085477988281250000e+05
1.085427167968750000e+05
1.085403261718750000e+05
1.085393574218750000e+05
1.085375800781250000e+05
1.085362167968750000e+05
1.085346796875000000e+05
1.085335136718750000e+05
1.085330761718750000e+05
1.085328261718750000e+05
1.085311347656250000e+05
1.085296171875000000e+05
1.085292617187500000e+05
1.085271777343750000e+05
1.085259199218750000e+05
1.085255078125000000e+05
1.085259980468750000e+05
1.085242128906250000e+05
1.085235195312500000e+05
1.085238105468750000e+05
1.085233808593750000e+05
1.085211113281250000e+05
1.085203085937500000e+05
1.085200253906250000e+05
1.085190156250000000e+05
1.085188320312500000e+05
1.085182304687500000e+05
1.085174980468750000e+05
1.085179335937500000e+05
1.085167519531250000e+05
1.085162207031250000e+05
1.085156621093750000e+05
1.085155351562500000e+05
1.085141875000000000e+05
1.085135585937500000e+05
1.085129707031250000e+05
1.085123515625000000e+05
1.085142109375000000e+05
1.085123203125000000e+05
1.085120761718750000e+05
1.085122148437500000e+05
1.085118867187500000e+05
1.085112617187500000e+05
1.085112207031250000e+05
1.085118652343750000e+05
1.085107578125000000e+05
1.085112753906250000e+05
1.085122480468750000e+05
1.085099921875000000e+05
1.085091132812500000e+05
1.085095917968750000e+05
1.085096660156250000e+05
1.085087109375000000e+05
1.085076132812500000e+05
1.085075351562500000e+05
1.085073144531250000e+05
1.085072890625000000e+05
1.085072871093750000e+05
1.085064218750000000e+05
1.085067910156250000e+05
1.085079257812500000e+05
1.085063750000000000e+05
1.085067519531250000e+05
1.085081660156250000e+05
1.085066367187500000e+05
1.085107089843750000e+05
1.085095136718750000e+05
1.085051816406250000e+05
1.085035078125000000e+05
1.085037031250000000e+05
1.085038339843750000e+05
1.085034863281250000e+05
1.085022363281250000e+05
1.085027851562500000e+05
1.085032031250000000e+05
1.085024921875000000e+05
1.085012324218750000e+05
1.085013300781250000e+05
