2022-03-03 14:19:17,917:INFO:All directories created, ready to load the data
2022-03-03 14:19:18,011:INFO:Dataset loaded from /data/theorie/jthoeve/training_data/zh/features_mzh_y_ptz_v2/lin/cHq3/events_8.pkl.gz
2022-03-03 14:19:18,052:INFO:Dataset loaded from /data/theorie/jthoeve/training_data/zh/features_mzh_y_ptz_v2/sm/events_8.pkl.gz
2022-03-03 14:19:20,268:INFO:Epoch 1, Training loss 75838.9775390625, Validation loss 74686.7373046875
2022-03-03 14:19:22,491:INFO:Epoch 2, Training loss 74305.986328125, Validation loss 73897.310546875
2022-03-03 14:19:24,680:INFO:Epoch 3, Training loss 73801.1171875, Validation loss 73719.0849609375
2022-03-03 14:19:26,901:INFO:Epoch 4, Training loss 73737.3330078125, Validation loss 73754.982421875
2022-03-03 14:19:29,157:INFO:Epoch 5, Training loss 73767.8779296875, Validation loss 73765.0087890625
2022-03-03 14:19:31,458:INFO:Epoch 6, Training loss 73756.2109375, Validation loss 73736.66015625
2022-03-03 14:19:33,718:INFO:Epoch 7, Training loss 73725.869140625, Validation loss 73716.818359375
2022-03-03 14:19:35,964:INFO:Epoch 8, Training loss 73712.23828125, Validation loss 73715.0224609375
2022-03-03 14:19:38,243:INFO:Epoch 9, Training loss 73712.7021484375, Validation loss 73717.9755859375
2022-03-03 14:19:40,533:INFO:Epoch 10, Training loss 73713.3876953125, Validation loss 73716.6083984375
2022-03-03 14:19:42,802:INFO:Epoch 11, Training loss 73710.8955078125, Validation loss 73713.9501953125
2022-03-03 14:19:45,038:INFO:Epoch 12, Training loss 73708.943359375, Validation loss 73712.712890625
2022-03-03 14:19:47,315:INFO:Epoch 13, Training loss 73707.94140625, Validation loss 73713.2333984375
2022-03-03 14:19:49,596:INFO:Epoch 14, Training loss 73707.736328125, Validation loss 73713.5078125
2022-03-03 14:19:51,872:INFO:Epoch 15, Training loss 73707.0859375, Validation loss 73713.74609375
2022-03-03 14:19:54,103:INFO:Epoch 16, Training loss 73706.453125, Validation loss 73713.7041015625
2022-03-03 14:19:56,387:INFO:Epoch 17, Training loss 73705.998046875, Validation loss 73713.830078125
2022-03-03 14:19:58,616:INFO:Epoch 18, Training loss 73705.6884765625, Validation loss 73713.9111328125
2022-03-03 14:20:00,943:INFO:Epoch 19, Training loss 73705.470703125, Validation loss 73713.9921875
2022-03-03 14:20:03,175:INFO:Epoch 20, Training loss 73704.880859375, Validation loss 73714.388671875
2022-03-03 14:20:05,456:INFO:Epoch 21, Training loss 73704.67578125, Validation loss 73714.9482421875
2022-03-03 14:20:07,695:INFO:Epoch 22, Training loss 73704.4208984375, Validation loss 73715.4033203125
2022-03-03 14:20:10,013:INFO:Epoch 23, Training loss 73704.12890625, Validation loss 73715.3642578125
2022-03-03 14:20:12,259:INFO:Epoch 24, Training loss 73703.861328125, Validation loss 73715.6669921875
2022-03-03 14:20:14,516:INFO:Epoch 25, Training loss 73703.73828125, Validation loss 73715.8017578125
2022-03-03 14:20:16,767:INFO:Epoch 26, Training loss 73703.4423828125, Validation loss 73715.8984375
2022-03-03 14:20:19,066:INFO:Epoch 27, Training loss 73703.1630859375, Validation loss 73716.0927734375
2022-03-03 14:20:21,323:INFO:Epoch 28, Training loss 73702.943359375, Validation loss 73716.263671875
2022-03-03 14:20:23,571:INFO:Epoch 29, Training loss 73702.560546875, Validation loss 73715.994140625
2022-03-03 14:20:25,831:INFO:Epoch 30, Training loss 73702.5888671875, Validation loss 73715.810546875
2022-03-03 14:20:28,122:INFO:Epoch 31, Training loss 73702.2470703125, Validation loss 73716.8818359375
2022-03-03 14:20:30,382:INFO:Epoch 32, Training loss 73701.8779296875, Validation loss 73717.0869140625
2022-03-03 14:20:32,620:INFO:Epoch 33, Training loss 73701.8046875, Validation loss 73717.0078125
2022-03-03 14:20:34,892:INFO:Epoch 34, Training loss 73701.3876953125, Validation loss 73717.8056640625
2022-03-03 14:20:37,179:INFO:Epoch 35, Training loss 73701.2275390625, Validation loss 73718.11328125
2022-03-03 14:20:39,459:INFO:Epoch 36, Training loss 73700.796875, Validation loss 73717.908203125
2022-03-03 14:20:41,685:INFO:Epoch 37, Training loss 73700.8447265625, Validation loss 73717.572265625
2022-03-03 14:20:43,962:INFO:Epoch 38, Training loss 73700.5322265625, Validation loss 73718.9736328125
2022-03-03 14:20:46,189:INFO:Epoch 39, Training loss 73700.32421875, Validation loss 73718.373046875
2022-03-03 14:20:48,513:INFO:Epoch 40, Training loss 73699.7607421875, Validation loss 73718.8154296875
2022-03-03 14:20:50,750:INFO:Epoch 41, Training loss 73699.54296875, Validation loss 73719.4013671875
2022-03-03 14:20:53,027:INFO:Epoch 42, Training loss 73699.3125, Validation loss 73719.23046875
2022-03-03 14:20:55,268:INFO:Epoch 43, Training loss 73698.9189453125, Validation loss 73719.6220703125
2022-03-03 14:20:57,579:INFO:Epoch 44, Training loss 73698.7978515625, Validation loss 73719.623046875
2022-03-03 14:20:59,822:INFO:Epoch 45, Training loss 73698.841796875, Validation loss 73719.556640625
2022-03-03 14:21:02,080:INFO:Epoch 46, Training loss 73698.482421875, Validation loss 73720.080078125
2022-03-03 14:21:04,332:INFO:Epoch 47, Training loss 73698.0537109375, Validation loss 73721.455078125
2022-03-03 14:21:06,632:INFO:Epoch 48, Training loss 73698.2421875, Validation loss 73721.9931640625
2022-03-03 14:21:08,889:INFO:Epoch 49, Training loss 73697.62890625, Validation loss 73721.689453125
2022-03-03 14:21:11,137:INFO:Epoch 50, Training loss 73697.2333984375, Validation loss 73721.09375
2022-03-03 14:21:13,396:INFO:Epoch 51, Training loss 73697.2236328125, Validation loss 73720.9833984375
2022-03-03 14:21:15,690:INFO:Epoch 52, Training loss 73696.9140625, Validation loss 73722.283203125
2022-03-03 14:21:17,953:INFO:Epoch 53, Training loss 73696.796875, Validation loss 73722.7578125
2022-03-03 14:21:20,183:INFO:Epoch 54, Training loss 73696.328125, Validation loss 73722.2412109375
2022-03-03 14:21:22,461:INFO:Epoch 55, Training loss 73696.4072265625, Validation loss 73722.265625
2022-03-03 14:21:24,742:INFO:Epoch 56, Training loss 73696.2255859375, Validation loss 73723.6083984375
2022-03-03 14:21:27,025:INFO:Epoch 57, Training loss 73696.09375, Validation loss 73723.630859375
2022-03-03 14:21:29,250:INFO:Epoch 58, Training loss 73695.671875, Validation loss 73723.4853515625
2022-03-03 14:21:31,530:INFO:Epoch 59, Training loss 73695.244140625, Validation loss 73723.80859375
2022-03-03 14:21:33,764:INFO:Epoch 60, Training loss 73695.1630859375, Validation loss 73724.22265625
2022-03-03 14:21:36,134:INFO:Epoch 61, Training loss 73694.9638671875, Validation loss 73724.2373046875
2022-03-03 14:21:38,365:INFO:Epoch 62, Training loss 73694.447265625, Validation loss 73723.7470703125
2022-03-03 14:21:38,371:INFO:Finished training
