2022-01-24 14:05:53,357:INFO:All directories created, ready to load the data
2022-01-24 14:05:53,405:INFO:Dataset loaded from /data/theorie/jthoeve/event_generation/events_high_stats/pT/lin/cHW/events_8.npy
2022-01-24 14:05:53,459:INFO:Dataset loaded from /data/theorie/jthoeve/event_generation/events_high_stats/pT/sm/events_8.npy
2022-01-24 14:05:55,867:INFO:Epoch 1, Training loss 207842.65625, Validation loss 207736.28515625
2022-01-24 14:05:58,247:INFO:Epoch 2, Training loss 206838.8828125, Validation loss 199906.97265625
2022-01-24 14:06:00,609:INFO:Epoch 3, Training loss 188381.24609375, Validation loss 171322.09375
2022-01-24 14:06:03,021:INFO:Epoch 4, Training loss 161425.564453125, Validation loss 148098.873046875
2022-01-24 14:06:05,446:INFO:Epoch 5, Training loss 140675.16015625, Validation loss 130786.4140625
2022-01-24 14:06:07,877:INFO:Epoch 6, Training loss 125460.529296875, Validation loss 118738.091796875
2022-01-24 14:06:10,313:INFO:Epoch 7, Training loss 115467.904296875, Validation loss 111863.8984375
2022-01-24 14:06:12,766:INFO:Epoch 8, Training loss 110672.84375, Validation loss 109916.7421875
2022-01-24 14:06:15,210:INFO:Epoch 9, Training loss 109926.158203125, Validation loss 110334.3125
2022-01-24 14:06:17,629:INFO:Epoch 10, Training loss 110394.443359375, Validation loss 110584.88671875
2022-01-24 14:06:20,099:INFO:Epoch 11, Training loss 110389.216796875, Validation loss 110269.8515625
2022-01-24 14:06:22,547:INFO:Epoch 12, Training loss 110008.615234375, Validation loss 109864.158203125
2022-01-24 14:06:25,009:INFO:Epoch 13, Training loss 109666.826171875, Validation loss 109628.97265625
2022-01-24 14:06:27,431:INFO:Epoch 14, Training loss 109514.140625, Validation loss 109570.5078125
2022-01-24 14:06:29,905:INFO:Epoch 15, Training loss 109484.275390625, Validation loss 109553.77734375
2022-01-24 14:06:32,333:INFO:Epoch 16, Training loss 109461.46875, Validation loss 109508.6875
2022-01-24 14:06:34,826:INFO:Epoch 17, Training loss 109407.130859375, Validation loss 109442.00390625
2022-01-24 14:06:37,252:INFO:Epoch 18, Training loss 109344.09765625, Validation loss 109385.95703125
2022-01-24 14:06:39,709:INFO:Epoch 19, Training loss 109297.123046875, Validation loss 109347.365234375
2022-01-24 14:06:42,137:INFO:Epoch 20, Training loss 109262.91015625, Validation loss 109310.76953125
2022-01-24 14:06:44,616:INFO:Epoch 21, Training loss 109226.05078125, Validation loss 109268.337890625
2022-01-24 14:06:47,048:INFO:Epoch 22, Training loss 109185.19140625, Validation loss 109225.3671875
2022-01-24 14:06:49,563:INFO:Epoch 23, Training loss 109145.177734375, Validation loss 109185.970703125
2022-01-24 14:06:52,008:INFO:Epoch 24, Training loss 109108.4921875, Validation loss 109147.0859375
2022-01-24 14:06:54,491:INFO:Epoch 25, Training loss 109069.42578125, Validation loss 109108.685546875
2022-01-24 14:06:56,934:INFO:Epoch 26, Training loss 109033.58984375, Validation loss 109070.6484375
2022-01-24 14:06:59,369:INFO:Epoch 27, Training loss 108995.4921875, Validation loss 109033.68359375
2022-01-24 14:07:01,846:INFO:Epoch 28, Training loss 108959.87890625, Validation loss 108997.126953125
2022-01-24 14:07:04,321:INFO:Epoch 29, Training loss 108925.216796875, Validation loss 108961.240234375
2022-01-24 14:07:06,766:INFO:Epoch 30, Training loss 108890.58203125, Validation loss 108926.513671875
2022-01-24 14:07:09,192:INFO:Epoch 31, Training loss 108857.064453125, Validation loss 108893.236328125
2022-01-24 14:07:11,659:INFO:Epoch 32, Training loss 108825.228515625, Validation loss 108861.3671875
2022-01-24 14:07:14,114:INFO:Epoch 33, Training loss 108794.6171875, Validation loss 108830.5703125
2022-01-24 14:07:16,570:INFO:Epoch 34, Training loss 108765.16015625, Validation loss 108799.126953125
2022-01-24 14:07:18,980:INFO:Epoch 35, Training loss 108733.34765625, Validation loss 108766.736328125
2022-01-24 14:07:21,445:INFO:Epoch 36, Training loss 108700.59375, Validation loss 108734.142578125
2022-01-24 14:07:23,862:INFO:Epoch 37, Training loss 108668.267578125, Validation loss 108703.12890625
2022-01-24 14:07:26,364:INFO:Epoch 38, Training loss 108639.666015625, Validation loss 108674.3203125
2022-01-24 14:07:28,795:INFO:Epoch 39, Training loss 108612.34765625, Validation loss 108649.8359375
2022-01-24 14:07:31,253:INFO:Epoch 40, Training loss 108588.953125, Validation loss 108628.18359375
2022-01-24 14:07:33,691:INFO:Epoch 41, Training loss 108568.57421875, Validation loss 108610.650390625
2022-01-24 14:07:36,174:INFO:Epoch 42, Training loss 108551.5390625, Validation loss 108596.1953125
2022-01-24 14:07:38,613:INFO:Epoch 43, Training loss 108536.33203125, Validation loss 108585.630859375
2022-01-24 14:07:41,059:INFO:Epoch 44, Training loss 108524.150390625, Validation loss 108575.28125
2022-01-24 14:07:43,502:INFO:Epoch 45, Training loss 108514.859375, Validation loss 108568.734375
2022-01-24 14:07:45,978:INFO:Epoch 46, Training loss 108506.92578125, Validation loss 108563.91796875
2022-01-24 14:07:48,422:INFO:Epoch 47, Training loss 108500.98046875, Validation loss 108559.265625
2022-01-24 14:07:50,866:INFO:Epoch 48, Training loss 108496.9609375, Validation loss 108557.353515625
2022-01-24 14:07:53,325:INFO:Epoch 49, Training loss 108494.830078125, Validation loss 108553.87109375
2022-01-24 14:07:55,797:INFO:Epoch 50, Training loss 108490.927734375, Validation loss 108553.806640625
2022-01-24 14:07:58,246:INFO:Epoch 51, Training loss 108489.048828125, Validation loss 108552.455078125
2022-01-24 14:08:00,677:INFO:Epoch 52, Training loss 108486.63671875, Validation loss 108550.279296875
2022-01-24 14:08:03,141:INFO:Epoch 53, Training loss 108484.51171875, Validation loss 108547.478515625
2022-01-24 14:08:05,597:INFO:Epoch 54, Training loss 108483.806640625, Validation loss 108545.83203125
2022-01-24 14:08:08,067:INFO:Epoch 55, Training loss 108481.314453125, Validation loss 108544.087890625
2022-01-24 14:08:10,482:INFO:Epoch 56, Training loss 108480.044921875, Validation loss 108542.44140625
2022-01-24 14:08:12,957:INFO:Epoch 57, Training loss 108478.595703125, Validation loss 108540.390625
2022-01-24 14:08:15,389:INFO:Epoch 58, Training loss 108477.76953125, Validation loss 108539.43359375
2022-01-24 14:08:17,882:INFO:Epoch 59, Training loss 108476.703125, Validation loss 108539.36328125
2022-01-24 14:08:20,323:INFO:Epoch 60, Training loss 108475.953125, Validation loss 108539.734375
2022-01-24 14:08:22,787:INFO:Epoch 61, Training loss 108475.142578125, Validation loss 108537.92578125
2022-01-24 14:08:25,223:INFO:Epoch 62, Training loss 108474.109375, Validation loss 108538.052734375
2022-01-24 14:08:27,718:INFO:Epoch 63, Training loss 108473.333984375, Validation loss 108536.265625
2022-01-24 14:08:30,160:INFO:Epoch 64, Training loss 108472.7265625, Validation loss 108536.421875
2022-01-24 14:08:32,615:INFO:Epoch 65, Training loss 108472.6796875, Validation loss 108537.5
2022-01-24 14:08:35,063:INFO:Epoch 66, Training loss 108471.81640625, Validation loss 108535.0625
2022-01-24 14:08:37,541:INFO:Epoch 67, Training loss 108470.22265625, Validation loss 108533.849609375
2022-01-24 14:08:39,986:INFO:Epoch 68, Training loss 108469.80859375, Validation loss 108532.810546875
2022-01-24 14:08:42,424:INFO:Epoch 69, Training loss 108469.662109375, Validation loss 108532.0078125
2022-01-24 14:08:44,875:INFO:Epoch 70, Training loss 108469.26171875, Validation loss 108532.884765625
2022-01-24 14:08:47,348:INFO:Epoch 71, Training loss 108468.744140625, Validation loss 108531.5
2022-01-24 14:08:49,803:INFO:Epoch 72, Training loss 108468.111328125, Validation loss 108532.68359375
2022-01-24 14:08:52,235:INFO:Epoch 73, Training loss 108467.55078125, Validation loss 108530.146484375
2022-01-24 14:08:54,715:INFO:Epoch 74, Training loss 108467.470703125, Validation loss 108529.056640625
2022-01-24 14:08:57,175:INFO:Epoch 75, Training loss 108467.078125, Validation loss 108527.923828125
2022-01-24 14:08:59,635:INFO:Epoch 76, Training loss 108466.177734375, Validation loss 108530.3203125
2022-01-24 14:09:02,057:INFO:Epoch 77, Training loss 108466.66796875, Validation loss 108529.048828125
2022-01-24 14:09:04,532:INFO:Epoch 78, Training loss 108465.28515625, Validation loss 108528.21484375
2022-01-24 14:09:06,955:INFO:Epoch 79, Training loss 108465.513671875, Validation loss 108527.76953125
2022-01-24 14:09:09,456:INFO:Epoch 80, Training loss 108465.015625, Validation loss 108526.04296875
2022-01-24 14:09:11,891:INFO:Epoch 81, Training loss 108464.732421875, Validation loss 108526.859375
2022-01-24 14:09:14,354:INFO:Epoch 82, Training loss 108464.828125, Validation loss 108526.9296875
2022-01-24 14:09:16,798:INFO:Epoch 83, Training loss 108463.634765625, Validation loss 108526.32421875
2022-01-24 14:09:19,283:INFO:Epoch 84, Training loss 108463.396484375, Validation loss 108526.44140625
2022-01-24 14:09:21,720:INFO:Epoch 85, Training loss 108463.525390625, Validation loss 108526.4140625
2022-01-24 14:09:24,182:INFO:Epoch 86, Training loss 108462.912109375, Validation loss 108526.0546875
2022-01-24 14:09:26,625:INFO:Epoch 87, Training loss 108462.94921875, Validation loss 108524.029296875
2022-01-24 14:09:29,113:INFO:Epoch 88, Training loss 108464.125, Validation loss 108525.34375
2022-01-24 14:09:31,580:INFO:Epoch 89, Training loss 108462.62109375, Validation loss 108524.611328125
2022-01-24 14:09:34,030:INFO:Epoch 90, Training loss 108462.3515625, Validation loss 108522.2109375
2022-01-24 14:09:36,501:INFO:Epoch 91, Training loss 108462.115234375, Validation loss 108523.61328125
2022-01-24 14:09:38,986:INFO:Epoch 92, Training loss 108462.615234375, Validation loss 108524.986328125
2022-01-24 14:09:41,465:INFO:Epoch 93, Training loss 108461.265625, Validation loss 108523.19921875
2022-01-24 14:09:43,918:INFO:Epoch 94, Training loss 108461.3984375, Validation loss 108523.814453125
2022-01-24 14:09:46,388:INFO:Epoch 95, Training loss 108460.525390625, Validation loss 108522.953125
2022-01-24 14:09:48,855:INFO:Epoch 96, Training loss 108460.2578125, Validation loss 108521.646484375
2022-01-24 14:09:51,339:INFO:Epoch 97, Training loss 108460.634765625, Validation loss 108520.546875
2022-01-24 14:09:53,783:INFO:Epoch 98, Training loss 108459.94140625, Validation loss 108522.015625
2022-01-24 14:09:56,284:INFO:Epoch 99, Training loss 108459.875, Validation loss 108522.287109375
2022-01-24 14:09:58,736:INFO:Epoch 100, Training loss 108458.93359375, Validation loss 108520.212890625
2022-01-24 14:10:01,252:INFO:Epoch 101, Training loss 108458.9609375, Validation loss 108518.01953125
2022-01-24 14:10:03,685:INFO:Epoch 102, Training loss 108458.4140625, Validation loss 108518.443359375
2022-01-24 14:10:06,157:INFO:Epoch 103, Training loss 108457.3671875, Validation loss 108517.431640625
2022-01-24 14:10:08,613:INFO:Epoch 104, Training loss 108457.734375, Validation loss 108517.8125
2022-01-24 14:10:11,126:INFO:Epoch 105, Training loss 108456.701171875, Validation loss 108517.328125
2022-01-24 14:10:13,585:INFO:Epoch 106, Training loss 108457.125, Validation loss 108519.826171875
2022-01-24 14:10:16,052:INFO:Epoch 107, Training loss 108456.9921875, Validation loss 108518.529296875
2022-01-24 14:10:18,507:INFO:Epoch 108, Training loss 108456.919921875, Validation loss 108515.751953125
2022-01-24 14:10:20,986:INFO:Epoch 109, Training loss 108457.19921875, Validation loss 108516.900390625
2022-01-24 14:10:23,443:INFO:Epoch 110, Training loss 108455.771484375, Validation loss 108515.759765625
2022-01-24 14:10:25,897:INFO:Epoch 111, Training loss 108456.38671875, Validation loss 108516.64453125
2022-01-24 14:10:28,365:INFO:Epoch 112, Training loss 108457.220703125, Validation loss 108519.04296875
2022-01-24 14:10:30,848:INFO:Epoch 113, Training loss 108457.845703125, Validation loss 108515.9453125
2022-01-24 14:10:33,323:INFO:Epoch 114, Training loss 108456.416015625, Validation loss 108517.197265625
2022-01-24 14:10:35,773:INFO:Epoch 115, Training loss 108455.76171875, Validation loss 108514.880859375
2022-01-24 14:10:38,250:INFO:Epoch 116, Training loss 108454.494140625, Validation loss 108517.345703125
2022-01-24 14:10:40,722:INFO:Epoch 117, Training loss 108455.734375, Validation loss 108515.240234375
2022-01-24 14:10:43,207:INFO:Epoch 118, Training loss 108454.31640625, Validation loss 108514.892578125
2022-01-24 14:10:45,642:INFO:Epoch 119, Training loss 108453.669921875, Validation loss 108515.52734375
2022-01-24 14:10:48,128:INFO:Epoch 120, Training loss 108454.11328125, Validation loss 108514.451171875
2022-01-24 14:10:50,568:INFO:Epoch 121, Training loss 108454.03125, Validation loss 108516.158203125
2022-01-24 14:10:53,086:INFO:Epoch 122, Training loss 108454.998046875, Validation loss 108515.349609375
2022-01-24 14:10:55,533:INFO:Epoch 123, Training loss 108452.71875, Validation loss 108514.349609375
2022-01-24 14:10:58,013:INFO:Epoch 124, Training loss 108453.28125, Validation loss 108513.8515625
2022-01-24 14:11:00,462:INFO:Epoch 125, Training loss 108453.439453125, Validation loss 108514.578125
2022-01-24 14:11:02,964:INFO:Epoch 126, Training loss 108452.330078125, Validation loss 108515.1953125
2022-01-24 14:11:05,417:INFO:Epoch 127, Training loss 108451.96875, Validation loss 108514.763671875
2022-01-24 14:11:07,888:INFO:Epoch 128, Training loss 108452.779296875, Validation loss 108513.9140625
2022-01-24 14:11:10,347:INFO:Epoch 129, Training loss 108453.345703125, Validation loss 108512.3671875
2022-01-24 14:11:12,842:INFO:Epoch 130, Training loss 108452.2265625, Validation loss 108514.615234375
2022-01-24 14:11:15,303:INFO:Epoch 131, Training loss 108451.470703125, Validation loss 108513.751953125
2022-01-24 14:11:17,755:INFO:Epoch 132, Training loss 108452.349609375, Validation loss 108514.638671875
2022-01-24 14:11:20,238:INFO:Epoch 133, Training loss 108452.423828125, Validation loss 108512.93359375
2022-01-24 14:11:22,727:INFO:Epoch 134, Training loss 108450.6875, Validation loss 108513.9296875
2022-01-24 14:11:25,203:INFO:Epoch 135, Training loss 108451.708984375, Validation loss 108512.71484375
2022-01-24 14:11:27,648:INFO:Epoch 136, Training loss 108451.19921875, Validation loss 108514.951171875
2022-01-24 14:11:30,119:INFO:Epoch 137, Training loss 108450.5859375, Validation loss 108512.77734375
2022-01-24 14:11:32,598:INFO:Epoch 138, Training loss 108450.01171875, Validation loss 108512.29296875
2022-01-24 14:11:35,079:INFO:Epoch 139, Training loss 108449.662109375, Validation loss 108512.60546875
2022-01-24 14:11:37,514:INFO:Epoch 140, Training loss 108449.923828125, Validation loss 108512.9765625
2022-01-24 14:11:40,002:INFO:Epoch 141, Training loss 108450.626953125, Validation loss 108513.029296875
2022-01-24 14:11:42,440:INFO:Epoch 142, Training loss 108450.30859375, Validation loss 108515.3046875
2022-01-24 14:11:44,950:INFO:Epoch 143, Training loss 108449.646484375, Validation loss 108512.962890625
2022-01-24 14:11:47,393:INFO:Epoch 144, Training loss 108448.708984375, Validation loss 108510.7578125
2022-01-24 14:11:49,870:INFO:Epoch 145, Training loss 108449.759765625, Validation loss 108510.248046875
2022-01-24 14:11:52,323:INFO:Epoch 146, Training loss 108448.91796875, Validation loss 108512.98046875
2022-01-24 14:11:54,827:INFO:Epoch 147, Training loss 108448.34765625, Validation loss 108513.63671875
2022-01-24 14:11:57,288:INFO:Epoch 148, Training loss 108448.77734375, Validation loss 108512.23828125
2022-01-24 14:11:59,750:INFO:Epoch 149, Training loss 108449.3359375, Validation loss 108511.62109375
2022-01-24 14:12:02,210:INFO:Epoch 150, Training loss 108449.197265625, Validation loss 108515.666015625
2022-01-24 14:12:04,709:INFO:Epoch 151, Training loss 108448.0859375, Validation loss 108513.8984375
2022-01-24 14:12:07,172:INFO:Epoch 152, Training loss 108447.796875, Validation loss 108511.501953125
2022-01-24 14:12:09,635:INFO:Epoch 153, Training loss 108448.216796875, Validation loss 108510.603515625
2022-01-24 14:12:12,114:INFO:Epoch 154, Training loss 108447.841796875, Validation loss 108514.896484375
2022-01-24 14:12:14,590:INFO:Epoch 155, Training loss 108448.64453125, Validation loss 108514.896484375
2022-01-24 14:12:17,067:INFO:Epoch 156, Training loss 108446.9453125, Validation loss 108511.423828125
2022-01-24 14:12:19,508:INFO:Epoch 157, Training loss 108447.421875, Validation loss 108511.474609375
2022-01-24 14:12:21,979:INFO:Epoch 158, Training loss 108448.42578125, Validation loss 108512.54296875
2022-01-24 14:12:24,451:INFO:Epoch 159, Training loss 108446.6796875, Validation loss 108514.619140625
2022-01-24 14:12:26,928:INFO:Epoch 160, Training loss 108448.3046875, Validation loss 108515.78515625
2022-01-24 14:12:29,360:INFO:Epoch 161, Training loss 108447.74609375, Validation loss 108513.0234375
2022-01-24 14:12:31,842:INFO:Epoch 162, Training loss 108447.32421875, Validation loss 108510.869140625
2022-01-24 14:12:34,310:INFO:Epoch 163, Training loss 108448.58203125, Validation loss 108511.66796875
2022-01-24 14:12:36,816:INFO:Epoch 164, Training loss 108451.66015625, Validation loss 108517.794921875
2022-01-24 14:12:39,256:INFO:Epoch 165, Training loss 108447.048828125, Validation loss 108515.529296875
2022-01-24 14:12:41,726:INFO:Epoch 166, Training loss 108445.59765625, Validation loss 108511.21875
2022-01-24 14:12:44,163:INFO:Epoch 167, Training loss 108446.39453125, Validation loss 108511.7265625
2022-01-24 14:12:46,657:INFO:Epoch 168, Training loss 108445.69140625, Validation loss 108515.09375
2022-01-24 14:12:49,101:INFO:Epoch 169, Training loss 108445.97265625, Validation loss 108515.17578125
2022-01-24 14:12:51,561:INFO:Epoch 170, Training loss 108447.0234375, Validation loss 108513.392578125
2022-01-24 14:12:54,009:INFO:Epoch 171, Training loss 108445.677734375, Validation loss 108512.642578125
2022-01-24 14:12:56,496:INFO:Epoch 172, Training loss 108444.291015625, Validation loss 108513.982421875
2022-01-24 14:12:58,954:INFO:Epoch 173, Training loss 108445.708984375, Validation loss 108516.685546875
2022-01-24 14:13:01,405:INFO:Epoch 174, Training loss 108444.0703125, Validation loss 108512.478515625
2022-01-24 14:13:03,859:INFO:Epoch 175, Training loss 108443.5546875, Validation loss 108512.3359375
2022-01-24 14:13:06,327:INFO:Epoch 176, Training loss 108443.32421875, Validation loss 108512.8671875
2022-01-24 14:13:08,776:INFO:Epoch 177, Training loss 108442.615234375, Validation loss 108513.279296875
2022-01-24 14:13:11,220:INFO:Epoch 178, Training loss 108443.5234375, Validation loss 108512.927734375
2022-01-24 14:13:13,686:INFO:Epoch 179, Training loss 108442.646484375, Validation loss 108512.72265625
2022-01-24 14:13:16,140:INFO:Epoch 180, Training loss 108443.62109375, Validation loss 108515.359375
2022-01-24 14:13:18,609:INFO:Epoch 181, Training loss 108442.478515625, Validation loss 108513.4921875
2022-01-24 14:13:21,033:INFO:Epoch 182, Training loss 108441.68359375, Validation loss 108512.31640625
2022-01-24 14:13:23,511:INFO:Epoch 183, Training loss 108441.921875, Validation loss 108512.890625
2022-01-24 14:13:25,939:INFO:Epoch 184, Training loss 108441.892578125, Validation loss 108514.140625
2022-01-24 14:13:28,439:INFO:Epoch 185, Training loss 108441.71484375, Validation loss 108514.3515625
2022-01-24 14:13:30,873:INFO:Epoch 186, Training loss 108442.05859375, Validation loss 108514.7109375
2022-01-24 14:13:33,338:INFO:Epoch 187, Training loss 108442.0859375, Validation loss 108512.076171875
2022-01-24 14:13:35,775:INFO:Epoch 188, Training loss 108441.91796875, Validation loss 108513.623046875
2022-01-24 14:13:38,268:INFO:Epoch 189, Training loss 108441.73046875, Validation loss 108515.263671875
2022-01-24 14:13:40,711:INFO:Epoch 190, Training loss 108440.7265625, Validation loss 108514.076171875
2022-01-24 14:13:43,160:INFO:Epoch 191, Training loss 108439.9765625, Validation loss 108513.87890625
2022-01-24 14:13:45,612:INFO:Epoch 192, Training loss 108440.1171875, Validation loss 108514.27734375
2022-01-24 14:13:48,095:INFO:Epoch 193, Training loss 108440.716796875, Validation loss 108515.615234375
2022-01-24 14:13:50,546:INFO:Epoch 194, Training loss 108440.814453125, Validation loss 108514.041015625
2022-01-24 14:13:52,992:INFO:Epoch 195, Training loss 108439.6484375, Validation loss 108513.4296875
2022-01-24 14:13:52,999:INFO:Finished training
