8.460252343750000000e+04
8.460252343750000000e+04
8.460252343750000000e+04
8.460252343750000000e+04
8.460252343750000000e+04
8.460252343750000000e+04
8.460252343750000000e+04
8.460252343750000000e+04
8.460252343750000000e+04
8.460252343750000000e+04
8.460252343750000000e+04
7.955639843750000000e+04
7.906100000000000000e+04
7.846099218750000000e+04
7.784332031250000000e+04
7.724935156250000000e+04
7.670300000000000000e+04
7.621375000000000000e+04
7.578319531250000000e+04
7.540908593750000000e+04
7.508837500000000000e+04
7.481542968750000000e+04
7.458475000000000000e+04
7.439150781250000000e+04
7.423089062500000000e+04
7.409899218750000000e+04
7.399240625000000000e+04
7.390828125000000000e+04
7.384392968750000000e+04
7.379657031250000000e+04
7.376339843750000000e+04
7.374219531250000000e+04
7.373157031250000000e+04
7.372944531250000000e+04
7.373339843750000000e+04
7.374097656250000000e+04
7.374971875000000000e+04
7.375800781250000000e+04
7.376461718750000000e+04
7.376885937500000000e+04
7.377050781250000000e+04
7.376950000000000000e+04
7.376622656250000000e+04
7.376118750000000000e+04
7.375496875000000000e+04
7.374837500000000000e+04
7.374257031250000000e+04
7.373734375000000000e+04
7.373296093750000000e+04
7.372969531250000000e+04
7.372728125000000000e+04
7.372534375000000000e+04
7.372340625000000000e+04
7.372144531250000000e+04
7.371971875000000000e+04
7.371821875000000000e+04
7.371685937500000000e+04
7.371568750000000000e+04
7.371470312500000000e+04
7.371396093750000000e+04
7.371339843750000000e+04
7.371300781250000000e+04
7.371267187500000000e+04
7.371245312500000000e+04
7.371232812500000000e+04
7.371225000000000000e+04
7.371223437500000000e+04
7.371228906250000000e+04
7.371235156250000000e+04
7.371239843750000000e+04
7.371243750000000000e+04
7.371246875000000000e+04
7.371247656250000000e+04
7.371246093750000000e+04
7.371241406250000000e+04
7.371235156250000000e+04
7.371227343750000000e+04
7.371217968750000000e+04
7.371208593750000000e+04
7.371196875000000000e+04
7.371183593750000000e+04
7.371170312500000000e+04
7.371158593750000000e+04
7.371150781250000000e+04
7.371144531250000000e+04
7.371139843750000000e+04
7.371135937500000000e+04
7.371132812500000000e+04
7.371129687500000000e+04
7.371125781250000000e+04
7.371123437500000000e+04
7.371119531250000000e+04
7.371116406250000000e+04
7.371112500000000000e+04
7.371108593750000000e+04
7.371104687500000000e+04
7.371100781250000000e+04
7.371097656250000000e+04
7.371094531250000000e+04
7.371092187500000000e+04
7.371089062500000000e+04
7.371086718750000000e+04
7.371084375000000000e+04
7.371082031250000000e+04
7.371079687500000000e+04
7.371077343750000000e+04
7.371075000000000000e+04
7.371073437500000000e+04
7.371070312500000000e+04
7.371067968750000000e+04
7.371065625000000000e+04
7.371062500000000000e+04
7.371060156250000000e+04
7.371057031250000000e+04
7.371054687500000000e+04
7.371052343750000000e+04
7.371050000000000000e+04
7.371048437500000000e+04
7.371046875000000000e+04
7.371045312500000000e+04
7.371043750000000000e+04
7.371042187500000000e+04
7.371040625000000000e+04
7.371038281250000000e+04
7.371036718750000000e+04
7.371034375000000000e+04
7.371032812500000000e+04
7.371030468750000000e+04
7.371028906250000000e+04
7.371026562500000000e+04
7.371025000000000000e+04
7.371022656250000000e+04
7.371021093750000000e+04
7.371018750000000000e+04
7.371017187500000000e+04
7.371014843750000000e+04
7.371013281250000000e+04
7.371010937500000000e+04
7.371009375000000000e+04
7.371007031250000000e+04
7.371006250000000000e+04
7.371004687500000000e+04
7.371003125000000000e+04
7.371001562500000000e+04
7.371000781250000000e+04
7.370999218750000000e+04
7.370997656250000000e+04
7.370996875000000000e+04
7.370995312500000000e+04
7.370993750000000000e+04
7.370992968750000000e+04
7.370991406250000000e+04
7.370989843750000000e+04
7.370988281250000000e+04
7.370987500000000000e+04
7.370985937500000000e+04
7.370984375000000000e+04
7.370982812500000000e+04
7.370981250000000000e+04
7.370980468750000000e+04
7.370978906250000000e+04
7.370977343750000000e+04
7.370976562500000000e+04
7.370975000000000000e+04
7.370974218750000000e+04
7.370973437500000000e+04
7.370971875000000000e+04
7.370971093750000000e+04
7.370970312500000000e+04
7.370969531250000000e+04
7.370967968750000000e+04
7.370967187500000000e+04
7.370966406250000000e+04
7.370964843750000000e+04
7.370964062500000000e+04
7.370963281250000000e+04
7.370961718750000000e+04
7.370960937500000000e+04
7.370960156250000000e+04
7.370959375000000000e+04
7.370958593750000000e+04
7.370957812500000000e+04
7.370956250000000000e+04
7.370955468750000000e+04
7.370954687500000000e+04
7.370953906250000000e+04
7.370952343750000000e+04
7.370951562500000000e+04
7.370950781250000000e+04
7.370950000000000000e+04
7.370949218750000000e+04
7.370947656250000000e+04
7.370946875000000000e+04
7.370946093750000000e+04
7.370945312500000000e+04
7.370943750000000000e+04
7.370942968750000000e+04
7.370942187500000000e+04
7.370940625000000000e+04
7.370939843750000000e+04
