2022-03-03 14:19:17,984:INFO:All directories created, ready to load the data
2022-03-03 14:19:18,068:INFO:Dataset loaded from /data/theorie/jthoeve/training_data/zh/features_mzh_y_ptz_v2/lin/cHq3/events_1.pkl.gz
2022-03-03 14:19:18,092:INFO:Dataset loaded from /data/theorie/jthoeve/training_data/zh/features_mzh_y_ptz_v2/sm/events_1.pkl.gz
2022-03-03 14:19:20,377:INFO:Epoch 1, Training loss 73787.0771484375, Validation loss 73765.6982421875
2022-03-03 14:19:22,687:INFO:Epoch 2, Training loss 73768.4306640625, Validation loss 73763.392578125
2022-03-03 14:19:24,949:INFO:Epoch 3, Training loss 73754.595703125, Validation loss 73759.4345703125
2022-03-03 14:19:27,236:INFO:Epoch 4, Training loss 73755.4365234375, Validation loss 73761.9052734375
2022-03-03 14:19:29,543:INFO:Epoch 5, Training loss 73751.716796875, Validation loss 73759.3232421875
2022-03-03 14:19:31,911:INFO:Epoch 6, Training loss 73751.21875, Validation loss 73761.3876953125
2022-03-03 14:19:34,227:INFO:Epoch 7, Training loss 73750.3505859375, Validation loss 73759.833984375
2022-03-03 14:19:36,534:INFO:Epoch 8, Training loss 73749.677734375, Validation loss 73759.5009765625
2022-03-03 14:19:38,862:INFO:Epoch 9, Training loss 73749.494140625, Validation loss 73758.0234375
2022-03-03 14:19:41,382:INFO:Epoch 10, Training loss 73748.861328125, Validation loss 73759.287109375
2022-03-03 14:19:43,697:INFO:Epoch 11, Training loss 73748.2578125, Validation loss 73759.84765625
2022-03-03 14:19:45,984:INFO:Epoch 12, Training loss 73748.09765625, Validation loss 73760.6474609375
2022-03-03 14:19:48,307:INFO:Epoch 13, Training loss 73747.470703125, Validation loss 73759.86328125
2022-03-03 14:19:50,640:INFO:Epoch 14, Training loss 73747.2197265625, Validation loss 73759.603515625
2022-03-03 14:19:52,979:INFO:Epoch 15, Training loss 73746.9580078125, Validation loss 73760.7607421875
2022-03-03 14:19:55,261:INFO:Epoch 16, Training loss 73746.4912109375, Validation loss 73761.3525390625
2022-03-03 14:19:57,597:INFO:Epoch 17, Training loss 73746.212890625, Validation loss 73761.69140625
2022-03-03 14:19:59,881:INFO:Epoch 18, Training loss 73745.810546875, Validation loss 73762.2958984375
2022-03-03 14:20:02,280:INFO:Epoch 19, Training loss 73745.44140625, Validation loss 73763.2548828125
2022-03-03 14:20:04,561:INFO:Epoch 20, Training loss 73744.9970703125, Validation loss 73763.6435546875
2022-03-03 14:20:06,897:INFO:Epoch 21, Training loss 73744.7294921875, Validation loss 73763.416015625
2022-03-03 14:20:09,188:INFO:Epoch 22, Training loss 73744.2333984375, Validation loss 73764.087890625
2022-03-03 14:20:11,560:INFO:Epoch 23, Training loss 73743.8623046875, Validation loss 73763.7412109375
2022-03-03 14:20:13,860:INFO:Epoch 24, Training loss 73743.3232421875, Validation loss 73764.0302734375
2022-03-03 14:20:16,174:INFO:Epoch 25, Training loss 73743.0927734375, Validation loss 73764.3671875
2022-03-03 14:20:18,482:INFO:Epoch 26, Training loss 73742.47265625, Validation loss 73764.7666015625
2022-03-03 14:20:20,839:INFO:Epoch 27, Training loss 73742.2451171875, Validation loss 73766.7939453125
2022-03-03 14:20:23,160:INFO:Epoch 28, Training loss 73741.5634765625, Validation loss 73765.69921875
2022-03-03 14:20:25,478:INFO:Epoch 29, Training loss 73741.2998046875, Validation loss 73766.3759765625
2022-03-03 14:20:27,801:INFO:Epoch 30, Training loss 73741.1826171875, Validation loss 73768.2373046875
2022-03-03 14:20:30,149:INFO:Epoch 31, Training loss 73740.6240234375, Validation loss 73766.6552734375
2022-03-03 14:20:32,474:INFO:Epoch 32, Training loss 73740.23828125, Validation loss 73767.658203125
2022-03-03 14:20:34,763:INFO:Epoch 33, Training loss 73739.314453125, Validation loss 73770.1240234375
2022-03-03 14:20:37,086:INFO:Epoch 34, Training loss 73738.1875, Validation loss 73769.443359375
2022-03-03 14:20:39,421:INFO:Epoch 35, Training loss 73737.626953125, Validation loss 73767.8408203125
2022-03-03 14:20:41,756:INFO:Epoch 36, Training loss 73738.3544921875, Validation loss 73768.6201171875
2022-03-03 14:20:44,041:INFO:Epoch 37, Training loss 73736.681640625, Validation loss 73770.1826171875
2022-03-03 14:20:46,380:INFO:Epoch 38, Training loss 73734.8271484375, Validation loss 73772.6357421875
2022-03-03 14:20:48,655:INFO:Epoch 39, Training loss 73735.2255859375, Validation loss 73773.3017578125
2022-03-03 14:20:51,044:INFO:Epoch 40, Training loss 73733.7265625, Validation loss 73772.1201171875
2022-03-03 14:20:53,332:INFO:Epoch 41, Training loss 73733.6416015625, Validation loss 73771.908203125
2022-03-03 14:20:55,665:INFO:Epoch 42, Training loss 73732.205078125, Validation loss 73772.6572265625
2022-03-03 14:20:57,960:INFO:Epoch 43, Training loss 73732.7265625, Validation loss 73774.681640625
2022-03-03 14:21:00,328:INFO:Epoch 44, Training loss 73730.6904296875, Validation loss 73774.3076171875
2022-03-03 14:21:02,633:INFO:Epoch 45, Training loss 73731.4541015625, Validation loss 73773.3291015625
2022-03-03 14:21:04,938:INFO:Epoch 46, Training loss 73728.462890625, Validation loss 73779.1123046875
2022-03-03 14:21:07,247:INFO:Epoch 47, Training loss 73728.421875, Validation loss 73777.1875
2022-03-03 14:21:09,598:INFO:Epoch 48, Training loss 73727.296875, Validation loss 73774.412109375
2022-03-03 14:21:11,912:INFO:Epoch 49, Training loss 73726.6484375, Validation loss 73781.0322265625
2022-03-03 14:21:14,218:INFO:Epoch 50, Training loss 73723.869140625, Validation loss 73778.9677734375
2022-03-03 14:21:16,533:INFO:Epoch 51, Training loss 73723.6767578125, Validation loss 73781.1806640625
2022-03-03 14:21:18,876:INFO:Epoch 52, Training loss 73722.8828125, Validation loss 73780.0029296875
2022-03-03 14:21:21,201:INFO:Epoch 53, Training loss 73720.23828125, Validation loss 73783.65234375
2022-03-03 14:21:23,485:INFO:Epoch 54, Training loss 73720.01171875, Validation loss 73782.1650390625
2022-03-03 14:21:25,817:INFO:Epoch 55, Training loss 73718.4765625, Validation loss 73783.6669921875
2022-03-03 14:21:28,152:INFO:Epoch 56, Training loss 73717.1298828125, Validation loss 73785.6103515625
2022-03-03 14:21:30,488:INFO:Epoch 57, Training loss 73717.58203125, Validation loss 73786.0361328125
2022-03-03 14:21:32,767:INFO:Epoch 58, Training loss 73717.2373046875, Validation loss 73792.6943359375
2022-03-03 14:21:35,105:INFO:Epoch 59, Training loss 73716.302734375, Validation loss 73786.34375
2022-03-03 14:21:35,112:INFO:Finished training
