7.474739453125000000e+04
7.413085839843750000e+04
7.381522656250000000e+04
7.378683691406250000e+04
7.379760351562500000e+04
7.376546289062500000e+04
7.375588671875000000e+04
7.375938769531250000e+04
7.375797558593750000e+04
7.375425781250000000e+04
7.375339453125000000e+04
7.375311132812500000e+04
7.375178222656250000e+04
7.375071386718750000e+04
7.375000195312500000e+04
7.374911230468750000e+04
7.374846972656250000e+04
7.374812500000000000e+04
7.374732519531250000e+04
7.374653906250000000e+04
7.374620703125000000e+04
7.374527050781250000e+04
7.374474609375000000e+04
7.374446679687500000e+04
7.374356347656250000e+04
7.374309179687500000e+04
7.374246191406250000e+04
7.374197949218750000e+04
7.374196289062500000e+04
7.374111816406250000e+04
7.374081933593750000e+04
7.374042382812500000e+04
7.374049707031250000e+04
7.373954492187500000e+04
7.373942968750000000e+04
7.373896484375000000e+04
7.373848144531250000e+04
7.373829296875000000e+04
7.373785449218750000e+04
7.373746093750000000e+04
7.373699707031250000e+04
7.373705566406250000e+04
7.373702148437500000e+04
7.373731738281250000e+04
7.373627734375000000e+04
7.373592089843750000e+04
7.373516503906250000e+04
7.373510351562500000e+04
7.373502050781250000e+04
7.373537207031250000e+04
7.373409960937500000e+04
7.373411621093750000e+04
7.373397070312500000e+04
7.373328808593750000e+04
7.373302050781250000e+04
7.373278417968750000e+04
7.373285546875000000e+04
7.373155761718750000e+04
7.373266894531250000e+04
7.373212988281250000e+04
7.373100000000000000e+04
7.373123144531250000e+04
7.373066210937500000e+04
7.373097070312500000e+04
7.373173046875000000e+04
7.373079101562500000e+04
7.373039160156250000e+04
7.373062792968750000e+04
