2022-01-24 14:09:30,704:INFO:All directories created, ready to load the data
2022-01-24 14:09:30,718:INFO:Dataset loaded from /data/theorie/jthoeve/event_generation/events_high_stats/pT/lin/cHq3/events_15.npy
2022-01-24 14:09:30,723:INFO:Dataset loaded from /data/theorie/jthoeve/event_generation/events_high_stats/pT/sm/events_15.npy
2022-01-24 14:09:33,127:INFO:Epoch 1, Training loss 77881.4677734375, Validation loss 75697.6337890625
2022-01-24 14:09:35,516:INFO:Epoch 2, Training loss 74932.6591796875, Validation loss 74121.724609375
2022-01-24 14:09:37,881:INFO:Epoch 3, Training loss 73935.4638671875, Validation loss 73812.1005859375
2022-01-24 14:09:40,280:INFO:Epoch 4, Training loss 73872.3369140625, Validation loss 73952.35546875
2022-01-24 14:09:42,660:INFO:Epoch 5, Training loss 73983.669921875, Validation loss 73972.994140625
2022-01-24 14:09:45,032:INFO:Epoch 6, Training loss 73945.4306640625, Validation loss 73880.755859375
2022-01-24 14:09:47,403:INFO:Epoch 7, Training loss 73854.1689453125, Validation loss 73813.5869140625
2022-01-24 14:09:49,796:INFO:Epoch 8, Training loss 73809.2197265625, Validation loss 73800.4716796875
2022-01-24 14:09:52,178:INFO:Epoch 9, Training loss 73806.3984375, Validation loss 73808.9111328125
2022-01-24 14:09:54,535:INFO:Epoch 10, Training loss 73812.4384765625, Validation loss 73810.416015625
2022-01-24 14:09:56,937:INFO:Epoch 11, Training loss 73810.20703125, Validation loss 73804.3076171875
2022-01-24 14:09:59,320:INFO:Epoch 12, Training loss 73804.0947265625, Validation loss 73799.451171875
2022-01-24 14:10:01,711:INFO:Epoch 13, Training loss 73800.8154296875, Validation loss 73798.3251953125
2022-01-24 14:10:04,070:INFO:Epoch 14, Training loss 73800.24609375, Validation loss 73798.533203125
2022-01-24 14:10:06,472:INFO:Epoch 15, Training loss 73799.9599609375, Validation loss 73798.12109375
2022-01-24 14:10:08,829:INFO:Epoch 16, Training loss 73798.8251953125, Validation loss 73797.78515625
2022-01-24 14:10:11,254:INFO:Epoch 17, Training loss 73797.8916015625, Validation loss 73798.0927734375
2022-01-24 14:10:13,608:INFO:Epoch 18, Training loss 73797.6845703125, Validation loss 73797.9853515625
2022-01-24 14:10:16,001:INFO:Epoch 19, Training loss 73797.1259765625, Validation loss 73797.443359375
2022-01-24 14:10:18,363:INFO:Epoch 20, Training loss 73796.7822265625, Validation loss 73797.03125
2022-01-24 14:10:20,775:INFO:Epoch 21, Training loss 73796.32421875, Validation loss 73797.033203125
2022-01-24 14:10:23,139:INFO:Epoch 22, Training loss 73795.8916015625, Validation loss 73796.94140625
2022-01-24 14:10:25,524:INFO:Epoch 23, Training loss 73795.6064453125, Validation loss 73796.896484375
2022-01-24 14:10:27,905:INFO:Epoch 24, Training loss 73795.3046875, Validation loss 73796.9375
2022-01-24 14:10:30,307:INFO:Epoch 25, Training loss 73795.08984375, Validation loss 73796.9541015625
2022-01-24 14:10:32,679:INFO:Epoch 26, Training loss 73794.818359375, Validation loss 73796.8642578125
2022-01-24 14:10:35,045:INFO:Epoch 27, Training loss 73794.6416015625, Validation loss 73796.7216796875
2022-01-24 14:10:37,435:INFO:Epoch 28, Training loss 73794.30859375, Validation loss 73796.962890625
2022-01-24 14:10:39,831:INFO:Epoch 29, Training loss 73794.142578125, Validation loss 73796.9482421875
2022-01-24 14:10:42,213:INFO:Epoch 30, Training loss 73793.8642578125, Validation loss 73796.8466796875
2022-01-24 14:10:44,570:INFO:Epoch 31, Training loss 73793.6572265625, Validation loss 73797.044921875
2022-01-24 14:10:46,971:INFO:Epoch 32, Training loss 73793.4189453125, Validation loss 73797.1708984375
2022-01-24 14:10:49,358:INFO:Epoch 33, Training loss 73793.162109375, Validation loss 73797.068359375
2022-01-24 14:10:51,749:INFO:Epoch 34, Training loss 73793.2265625, Validation loss 73797.0126953125
2022-01-24 14:10:54,099:INFO:Epoch 35, Training loss 73792.830078125, Validation loss 73797.328125
2022-01-24 14:10:56,496:INFO:Epoch 36, Training loss 73792.7060546875, Validation loss 73797.4404296875
2022-01-24 14:10:58,848:INFO:Epoch 37, Training loss 73792.490234375, Validation loss 73797.171875
2022-01-24 14:11:01,274:INFO:Epoch 38, Training loss 73792.302734375, Validation loss 73797.513671875
2022-01-24 14:11:03,635:INFO:Epoch 39, Training loss 73791.9912109375, Validation loss 73797.447265625
2022-01-24 14:11:06,021:INFO:Epoch 40, Training loss 73791.8115234375, Validation loss 73797.3466796875
2022-01-24 14:11:08,386:INFO:Epoch 41, Training loss 73791.455078125, Validation loss 73797.5576171875
2022-01-24 14:11:10,797:INFO:Epoch 42, Training loss 73791.146484375, Validation loss 73797.498046875
2022-01-24 14:11:13,162:INFO:Epoch 43, Training loss 73790.810546875, Validation loss 73797.5166015625
2022-01-24 14:11:15,539:INFO:Epoch 44, Training loss 73790.5322265625, Validation loss 73797.6689453125
2022-01-24 14:11:17,913:INFO:Epoch 45, Training loss 73790.3203125, Validation loss 73797.5947265625
2022-01-24 14:11:20,327:INFO:Epoch 46, Training loss 73789.87890625, Validation loss 73797.5234375
2022-01-24 14:11:22,702:INFO:Epoch 47, Training loss 73789.751953125, Validation loss 73797.7490234375
2022-01-24 14:11:25,069:INFO:Epoch 48, Training loss 73789.3935546875, Validation loss 73797.5458984375
2022-01-24 14:11:27,436:INFO:Epoch 49, Training loss 73789.08203125, Validation loss 73797.796875
2022-01-24 14:11:29,811:INFO:Epoch 50, Training loss 73788.7412109375, Validation loss 73797.8642578125
2022-01-24 14:11:32,178:INFO:Epoch 51, Training loss 73788.541015625, Validation loss 73798.0087890625
2022-01-24 14:11:34,522:INFO:Epoch 52, Training loss 73788.14453125, Validation loss 73798.0078125
2022-01-24 14:11:36,896:INFO:Epoch 53, Training loss 73787.9541015625, Validation loss 73797.9189453125
2022-01-24 14:11:39,259:INFO:Epoch 54, Training loss 73787.671875, Validation loss 73798.2041015625
2022-01-24 14:11:41,636:INFO:Epoch 55, Training loss 73787.9033203125, Validation loss 73798.333984375
2022-01-24 14:11:43,969:INFO:Epoch 56, Training loss 73787.1474609375, Validation loss 73798.369140625
2022-01-24 14:11:46,350:INFO:Epoch 57, Training loss 73787.14453125, Validation loss 73798.1123046875
2022-01-24 14:11:48,684:INFO:Epoch 58, Training loss 73786.8916015625, Validation loss 73798.6640625
2022-01-24 14:11:51,091:INFO:Epoch 59, Training loss 73786.4794921875, Validation loss 73798.5712890625
2022-01-24 14:11:53,441:INFO:Epoch 60, Training loss 73786.3203125, Validation loss 73798.5029296875
2022-01-24 14:11:55,821:INFO:Epoch 61, Training loss 73785.916015625, Validation loss 73798.763671875
2022-01-24 14:11:58,172:INFO:Epoch 62, Training loss 73785.9306640625, Validation loss 73798.6298828125
2022-01-24 14:12:00,569:INFO:Epoch 63, Training loss 73785.849609375, Validation loss 73798.6220703125
2022-01-24 14:12:02,913:INFO:Epoch 64, Training loss 73785.474609375, Validation loss 73798.7041015625
2022-01-24 14:12:05,277:INFO:Epoch 65, Training loss 73784.7763671875, Validation loss 73798.8955078125
2022-01-24 14:12:07,631:INFO:Epoch 66, Training loss 73784.6650390625, Validation loss 73799.0205078125
2022-01-24 14:12:10,012:INFO:Epoch 67, Training loss 73784.1796875, Validation loss 73798.9150390625
2022-01-24 14:12:12,371:INFO:Epoch 68, Training loss 73784.1083984375, Validation loss 73798.904296875
2022-01-24 14:12:14,722:INFO:Epoch 69, Training loss 73784.0322265625, Validation loss 73799.3056640625
2022-01-24 14:12:17,083:INFO:Epoch 70, Training loss 73783.6650390625, Validation loss 73799.4755859375
2022-01-24 14:12:19,457:INFO:Epoch 71, Training loss 73783.19921875, Validation loss 73799.2294921875
2022-01-24 14:12:21,824:INFO:Epoch 72, Training loss 73783.1689453125, Validation loss 73799.28515625
2022-01-24 14:12:24,164:INFO:Epoch 73, Training loss 73782.9755859375, Validation loss 73799.55859375
2022-01-24 14:12:26,548:INFO:Epoch 74, Training loss 73782.7802734375, Validation loss 73799.306640625
2022-01-24 14:12:28,923:INFO:Epoch 75, Training loss 73782.4150390625, Validation loss 73798.681640625
2022-01-24 14:12:31,295:INFO:Epoch 76, Training loss 73782.1298828125, Validation loss 73799.6533203125
2022-01-24 14:12:33,626:INFO:Epoch 77, Training loss 73781.7529296875, Validation loss 73799.46484375
2022-01-24 14:12:33,632:INFO:Finished training
