1.402725976562500000e+05
1.311046679687500000e+05
1.248058964843750000e+05
1.201847656250000000e+05
1.166633906250000000e+05
1.139219921875000000e+05
1.116758437500000000e+05
1.100709921875000000e+05
1.094107148437500000e+05
1.094559531250000000e+05
1.094904921875000000e+05
1.093361601562500000e+05
1.092271328125000000e+05
1.092187363281250000e+05
1.091961835937500000e+05
1.091530839843750000e+05
1.091239746093750000e+05
1.090978808593750000e+05
1.090657109375000000e+05
1.090299472656250000e+05
1.089916562500000000e+05
1.089504765625000000e+05
1.089055390625000000e+05
1.088574980468750000e+05
1.088083691406250000e+05
1.087606933593750000e+05
1.087203613281250000e+05
1.086837246093750000e+05
1.086601816406250000e+05
1.086405820312500000e+05
1.086269023437500000e+05
1.086159960937500000e+05
1.086064023437500000e+05
1.085994628906250000e+05
1.085936816406250000e+05
1.085890390625000000e+05
1.085850859375000000e+05
1.085853027343750000e+05
1.085815468750000000e+05
1.085784980468750000e+05
1.085798046875000000e+05
1.085764589843750000e+05
1.085753222656250000e+05
1.085737460937500000e+05
1.085721445312500000e+05
1.085714863281250000e+05
1.085702929687500000e+05
1.085701328125000000e+05
1.085685000000000000e+05
1.085709550781250000e+05
1.085676484375000000e+05
1.085691406250000000e+05
1.085665742187500000e+05
1.085680878906250000e+05
1.085651113281250000e+05
1.085650937500000000e+05
1.085647968750000000e+05
1.085639199218750000e+05
1.085672324218750000e+05
1.085607675781250000e+05
1.085627246093750000e+05
1.085624296875000000e+05
1.085597890625000000e+05
1.085616210937500000e+05
1.085578769531250000e+05
1.085586660156250000e+05
1.085591875000000000e+05
1.085581699218750000e+05
1.085581542968750000e+05
1.085590820312500000e+05
1.085577285156250000e+05
1.085569863281250000e+05
1.085558046875000000e+05
1.085553945312500000e+05
1.085554921875000000e+05
1.085585507812500000e+05
1.085562714843750000e+05
1.085552792968750000e+05
1.085540058593750000e+05
1.085530722656250000e+05
1.085522714843750000e+05
1.085523828125000000e+05
1.085516679687500000e+05
1.085520644531250000e+05
1.085523164062500000e+05
1.085516894531250000e+05
1.085534296875000000e+05
1.085511132812500000e+05
1.085517363281250000e+05
1.085508789062500000e+05
1.085507265625000000e+05
1.085525019531250000e+05
1.085488613281250000e+05
1.085498339843750000e+05
1.085490117187500000e+05
1.085475058593750000e+05
1.085500371093750000e+05
1.085483593750000000e+05
1.085488886718750000e+05
1.085469160156250000e+05
1.085547968750000000e+05
1.085502734375000000e+05
1.085484628906250000e+05
1.085471992187500000e+05
1.085501582031250000e+05
1.085471035156250000e+05
1.085468300781250000e+05
1.085469707031250000e+05
1.085463125000000000e+05
1.085457226562500000e+05
1.085479355468750000e+05
1.085445214843750000e+05
1.085470058593750000e+05
1.085434394531250000e+05
1.085449726562500000e+05
1.085435097656250000e+05
1.085426328125000000e+05
1.085449863281250000e+05
1.085421582031250000e+05
1.085453125000000000e+05
1.085445312500000000e+05
1.085448046875000000e+05
1.085438144531250000e+05
1.085431718750000000e+05
1.085412070312500000e+05
1.085434902343750000e+05
1.085411328125000000e+05
1.085400781250000000e+05
1.085410039062500000e+05
1.085396152343750000e+05
1.085410449218750000e+05
1.085391953125000000e+05
1.085410312500000000e+05
1.085396855468750000e+05
1.085401835937500000e+05
1.085396269531250000e+05
1.085392675781250000e+05
1.085381406250000000e+05
1.085393789062500000e+05
1.085377324218750000e+05
1.085374785156250000e+05
1.085409492187500000e+05
1.085385039062500000e+05
1.085368828125000000e+05
1.085377382812500000e+05
1.085372421875000000e+05
1.085376347656250000e+05
1.085350761718750000e+05
1.085353105468750000e+05
1.085348613281250000e+05
1.085345722656250000e+05
1.085348183593750000e+05
1.085334394531250000e+05
1.085364199218750000e+05
1.085338847656250000e+05
1.085350898437500000e+05
1.085388710937500000e+05
1.085344394531250000e+05
1.085368789062500000e+05
1.085427070312500000e+05
1.085400898437500000e+05
1.085380566406250000e+05
1.085354453125000000e+05
1.085389687500000000e+05
