1.831935078125000000e+05
1.536009199218750000e+05
1.380334902343750000e+05
1.280118125000000000e+05
1.206996074218750000e+05
1.155104355468750000e+05
1.121482695312500000e+05
1.102692656250000000e+05
1.095231718750000000e+05
1.094591796875000000e+05
1.095145156250000000e+05
1.094436328125000000e+05
1.093098886718750000e+05
1.091938886718750000e+05
1.091207910156250000e+05
1.090729082031250000e+05
1.090281777343750000e+05
1.089860156250000000e+05
1.089458398437500000e+05
1.089065312500000000e+05
1.088678085937500000e+05
1.088291445312500000e+05
1.087889667968750000e+05
1.087480644531250000e+05
1.087065820312500000e+05
1.086654121093750000e+05
1.086253808593750000e+05
1.085905839843750000e+05
1.085604277343750000e+05
1.085376484375000000e+05
1.085227968750000000e+05
1.085130273437500000e+05
1.085087988281250000e+05
1.085059824218750000e+05
1.085025117187500000e+05
1.085002460937500000e+05
1.084984082031250000e+05
1.084960488281250000e+05
1.084946250000000000e+05
1.084946855468750000e+05
1.084928027343750000e+05
1.084915976562500000e+05
1.084902773437500000e+05
1.084900839843750000e+05
1.084888359375000000e+05
1.084879941406250000e+05
1.084877226562500000e+05
1.084867539062500000e+05
1.084860058593750000e+05
1.084856113281250000e+05
1.084856523437500000e+05
1.084842734375000000e+05
1.084844707031250000e+05
1.084826894531250000e+05
1.084819707031250000e+05
1.084817558593750000e+05
1.084823007812500000e+05
1.084804960937500000e+05
1.084810488281250000e+05
1.084800703125000000e+05
1.084788378906250000e+05
1.084800722656250000e+05
1.084785253906250000e+05
1.084781738281250000e+05
1.084782597656250000e+05
1.084779941406250000e+05
1.084774160156250000e+05
1.084769843750000000e+05
1.084768496093750000e+05
1.084756738281250000e+05
1.084757636718750000e+05
1.084768906250000000e+05
1.084753339843750000e+05
1.084760644531250000e+05
1.084747734375000000e+05
1.084745000000000000e+05
1.084758710937500000e+05
1.084738613281250000e+05
1.084730000000000000e+05
1.084737285156250000e+05
1.084734746093750000e+05
1.084723398437500000e+05
1.084717343750000000e+05
1.084755175781250000e+05
1.084728730468750000e+05
1.084722558593750000e+05
1.084706308593750000e+05
1.084728066406250000e+05
1.084708261718750000e+05
1.084717421875000000e+05
1.084702812500000000e+05
1.084712519531250000e+05
1.084713750000000000e+05
1.084693730468750000e+05
1.084703144531250000e+05
1.084703476562500000e+05
1.084692988281250000e+05
1.084697968750000000e+05
1.084676308593750000e+05
1.084682480468750000e+05
1.084679492187500000e+05
1.084685468750000000e+05
1.084677617187500000e+05
1.084672851562500000e+05
1.084673808593750000e+05
1.084678183593750000e+05
1.084689121093750000e+05
1.084677714843750000e+05
1.084679023437500000e+05
1.084679316406250000e+05
1.084662539062500000e+05
1.084662226562500000e+05
1.084670800781250000e+05
1.084656230468750000e+05
1.084658554687500000e+05
1.084646835937500000e+05
1.084674355468750000e+05
1.084645253906250000e+05
1.084654003906250000e+05
1.084629062500000000e+05
1.084636875000000000e+05
1.084636777343750000e+05
1.084635078125000000e+05
1.084657441406250000e+05
1.084642773437500000e+05
1.084632050781250000e+05
1.084628300781250000e+05
1.084643691406250000e+05
1.084628359375000000e+05
1.084647578125000000e+05
1.084618828125000000e+05
1.084628261718750000e+05
1.084617460937500000e+05
1.084612910156250000e+05
1.084623359375000000e+05
1.084607050781250000e+05
1.084605781250000000e+05
1.084602851562500000e+05
1.084598261718750000e+05
1.084609648437500000e+05
1.084591699218750000e+05
1.084600546875000000e+05
1.084602988281250000e+05
1.084614042968750000e+05
1.084606406250000000e+05
1.084597207031250000e+05
1.084599414062500000e+05
1.084593769531250000e+05
1.084601601562500000e+05
1.084580703125000000e+05
1.084575449218750000e+05
1.084580996093750000e+05
1.084574160156250000e+05
1.084573867187500000e+05
1.084577695312500000e+05
1.084574863281250000e+05
1.084587070312500000e+05
1.084571640625000000e+05
1.084569277343750000e+05
1.084563789062500000e+05
1.084572871093750000e+05
1.084577675781250000e+05
1.084559902343750000e+05
1.084589453125000000e+05
