7.504894531250000000e+04
7.481710937500000000e+04
7.460263281250000000e+04
7.440791406250000000e+04
7.423475781250000000e+04
7.408617968750000000e+04
7.396649218750000000e+04
7.387826562500000000e+04
7.382221093750000000e+04
7.379758593750000000e+04
7.380006250000000000e+04
7.381993750000000000e+04
7.384424218750000000e+04
7.386132031250000000e+04
7.386523437500000000e+04
7.385636718750000000e+04
7.383843750000000000e+04
7.381663281250000000e+04
7.379497656250000000e+04
7.377649218750000000e+04
7.376271875000000000e+04
7.375420312500000000e+04
7.375040625000000000e+04
7.375040625000000000e+04
7.375301562500000000e+04
7.375679687500000000e+04
7.376057812500000000e+04
7.376348437500000000e+04
7.376498437500000000e+04
7.376492187500000000e+04
7.376344531250000000e+04
7.376086718750000000e+04
7.375762500000000000e+04
7.375417968750000000e+04
7.375098437500000000e+04
7.374837500000000000e+04
7.374660156250000000e+04
7.374573437500000000e+04
7.374569531250000000e+04
7.374625781250000000e+04
7.374713281250000000e+04
7.374800781250000000e+04
7.374863281250000000e+04
7.374882031250000000e+04
7.374853125000000000e+04
7.374783593750000000e+04
7.374688281250000000e+04
7.374582031250000000e+04
7.374485156250000000e+04
7.374407812500000000e+04
7.374357812500000000e+04
7.374336718750000000e+04
7.374335937500000000e+04
7.374344531250000000e+04
7.374352343750000000e+04
7.374353906250000000e+04
7.374344531250000000e+04
7.374320312500000000e+04
7.374285156250000000e+04
7.374243750000000000e+04
7.374201562500000000e+04
7.374164062500000000e+04
7.374136718750000000e+04
7.374121093750000000e+04
7.374114843750000000e+04
7.374114062500000000e+04
7.374114843750000000e+04
7.374114843750000000e+04
7.374110156250000000e+04
7.374101562500000000e+04
7.374089062500000000e+04
7.374074218750000000e+04
7.374059375000000000e+04
7.374045312500000000e+04
7.374034375000000000e+04
7.374026562500000000e+04
7.374019531250000000e+04
7.374014843750000000e+04
7.374009375000000000e+04
7.374003125000000000e+04
7.373996093750000000e+04
7.373987500000000000e+04
7.373979687500000000e+04
7.373971093750000000e+04
7.373962500000000000e+04
7.373953906250000000e+04
7.373946093750000000e+04
