1.263501191406250000e+05
1.201637656250000000e+05
1.158144160156250000e+05
1.128506660156250000e+05
1.108696191406250000e+05
1.097139570312500000e+05
1.093524335937500000e+05
1.094225136718750000e+05
1.093874570312500000e+05
1.092570488281250000e+05
1.091822363281250000e+05
1.091541953125000000e+05
1.091236699218750000e+05
1.090766718750000000e+05
1.090354589843750000e+05
1.090002734375000000e+05
1.089590683593750000e+05
1.089164863281250000e+05
1.088670800781250000e+05
1.088147285156250000e+05
1.087586738281250000e+05
1.087025136718750000e+05
1.086517109375000000e+05
1.086107968750000000e+05
1.085805390625000000e+05
1.085653320312500000e+05
1.085573554687500000e+05
1.085517421875000000e+05
1.085445527343750000e+05
1.085414687500000000e+05
1.085380136718750000e+05
1.085349941406250000e+05
1.085321816406250000e+05
1.085298398437500000e+05
1.085285820312500000e+05
1.085264433593750000e+05
1.085264667968750000e+05
1.085229355468750000e+05
1.085223164062500000e+05
1.085205234375000000e+05
1.085222285156250000e+05
1.085186679687500000e+05
1.085178027343750000e+05
1.085164433593750000e+05
1.085152011718750000e+05
1.085140644531250000e+05
1.085139960937500000e+05
1.085125312500000000e+05
1.085117792968750000e+05
1.085122734375000000e+05
1.085105019531250000e+05
1.085093417968750000e+05
1.085099941406250000e+05
1.085085722656250000e+05
1.085099882812500000e+05
1.085075214843750000e+05
1.085070371093750000e+05
1.085068261718750000e+05
1.085069238281250000e+05
1.085060371093750000e+05
1.085057773437500000e+05
1.085058125000000000e+05
1.085031093750000000e+05
1.085035722656250000e+05
1.085015449218750000e+05
1.085021308593750000e+05
1.085013769531250000e+05
1.085025312500000000e+05
1.085038593750000000e+05
1.085024824218750000e+05
1.084995488281250000e+05
1.084988476562500000e+05
1.085004257812500000e+05
1.084988398437500000e+05
1.084967480468750000e+05
1.084973535156250000e+05
1.084970234375000000e+05
1.084967968750000000e+05
1.084955917968750000e+05
1.084959042968750000e+05
1.084955507812500000e+05
1.084976933593750000e+05
1.084961972656250000e+05
1.084949667968750000e+05
1.084953378906250000e+05
1.084963417968750000e+05
1.084954453125000000e+05
1.084927578125000000e+05
1.084911855468750000e+05
1.084909179687500000e+05
1.084921015625000000e+05
1.084911035156250000e+05
1.084912558593750000e+05
1.084903945312500000e+05
1.084921386718750000e+05
1.084895507812500000e+05
1.084896074218750000e+05
1.084885195312500000e+05
1.084886679687500000e+05
1.084880585937500000e+05
1.084874628906250000e+05
1.084867812500000000e+05
1.084862421875000000e+05
1.084862578125000000e+05
1.084851738281250000e+05
1.084858652343750000e+05
1.084842304687500000e+05
1.084840839843750000e+05
1.084846386718750000e+05
1.084839726562500000e+05
1.084834433593750000e+05
1.084846250000000000e+05
1.084826445312500000e+05
1.084832988281250000e+05
1.084836855468750000e+05
