2021-11-17 17:54:11,595:INFO:All directories created, ready to load the data
2021-11-17 17:54:11,664:INFO:Dataset loaded from /data/theorie/jthoeve/event_generation/events_high_stats/lin/cHW/events_12.npy
2021-11-17 17:54:11,696:INFO:Dataset loaded from /data/theorie/jthoeve/event_generation/events_high_stats/sm/events_12.npy
2021-11-17 17:54:15,120:INFO:Epoch 1, Training loss 128661.5546875, Validation loss 124555.607421875
2021-11-17 17:54:18,416:INFO:Epoch 2, Training loss 122069.341796875, Validation loss 118560.55078125
2021-11-17 17:54:21,707:INFO:Epoch 3, Training loss 116544.169921875, Validation loss 113736.904296875
2021-11-17 17:54:25,030:INFO:Epoch 4, Training loss 112343.248046875, Validation loss 110647.724609375
2021-11-17 17:54:28,290:INFO:Epoch 5, Training loss 110056.5859375, Validation loss 109480.51171875
2021-11-17 17:54:31,594:INFO:Epoch 6, Training loss 109433.1484375, Validation loss 109478.638671875
2021-11-17 17:54:34,879:INFO:Epoch 7, Training loss 109568.892578125, Validation loss 109659.671875
2021-11-17 17:54:38,200:INFO:Epoch 8, Training loss 109649.884765625, Validation loss 109576.43359375
2021-11-17 17:54:41,473:INFO:Epoch 9, Training loss 109488.791015625, Validation loss 109354.146484375
2021-11-17 17:54:44,780:INFO:Epoch 10, Training loss 109291.814453125, Validation loss 109227.130859375
2021-11-17 17:54:48,066:INFO:Epoch 11, Training loss 109216.84765625, Validation loss 109214.298828125
2021-11-17 17:54:51,366:INFO:Epoch 12, Training loss 109209.103515625, Validation loss 109195.904296875
2021-11-17 17:54:54,662:INFO:Epoch 13, Training loss 109174.142578125, Validation loss 109149.904296875
2021-11-17 17:54:57,936:INFO:Epoch 14, Training loss 109130.306640625, Validation loss 109117.63671875
2021-11-17 17:55:01,231:INFO:Epoch 15, Training loss 109103.4296875, Validation loss 109100.392578125
2021-11-17 17:55:04,529:INFO:Epoch 16, Training loss 109084.220703125, Validation loss 109079.46484375
2021-11-17 17:55:07,852:INFO:Epoch 17, Training loss 109060.90625, Validation loss 109056.83984375
2021-11-17 17:55:11,110:INFO:Epoch 18, Training loss 109040.1875, Validation loss 109037.96875
2021-11-17 17:55:14,426:INFO:Epoch 19, Training loss 109021.892578125, Validation loss 109021.25390625
2021-11-17 17:55:17,688:INFO:Epoch 20, Training loss 109005.134765625, Validation loss 109005.091796875
2021-11-17 17:55:21,023:INFO:Epoch 21, Training loss 108989.3671875, Validation loss 108991.091796875
2021-11-17 17:55:24,284:INFO:Epoch 22, Training loss 108974.927734375, Validation loss 108977.3515625
2021-11-17 17:55:27,587:INFO:Epoch 23, Training loss 108961.763671875, Validation loss 108963.783203125
2021-11-17 17:55:30,858:INFO:Epoch 24, Training loss 108948.388671875, Validation loss 108951.533203125
2021-11-17 17:55:34,186:INFO:Epoch 25, Training loss 108936.794921875, Validation loss 108939.4609375
2021-11-17 17:55:37,457:INFO:Epoch 26, Training loss 108926.1875, Validation loss 108927.92578125
2021-11-17 17:55:40,750:INFO:Epoch 27, Training loss 108914.859375, Validation loss 108917.2734375
2021-11-17 17:55:44,050:INFO:Epoch 28, Training loss 108903.787109375, Validation loss 108907.109375
2021-11-17 17:55:47,371:INFO:Epoch 29, Training loss 108893.244140625, Validation loss 108897.650390625
2021-11-17 17:55:50,654:INFO:Epoch 30, Training loss 108883.1875, Validation loss 108889.19921875
2021-11-17 17:55:53,932:INFO:Epoch 31, Training loss 108873.98828125, Validation loss 108880.875
2021-11-17 17:55:57,219:INFO:Epoch 32, Training loss 108866.90625, Validation loss 108874.1171875
2021-11-17 17:56:00,528:INFO:Epoch 33, Training loss 108859.681640625, Validation loss 108868.49609375
2021-11-17 17:56:03,828:INFO:Epoch 34, Training loss 108855.158203125, Validation loss 108864.623046875
2021-11-17 17:56:07,094:INFO:Epoch 35, Training loss 108850.3046875, Validation loss 108859.3515625
2021-11-17 17:56:10,397:INFO:Epoch 36, Training loss 108846.69140625, Validation loss 108856.16015625
2021-11-17 17:56:13,701:INFO:Epoch 37, Training loss 108844.23046875, Validation loss 108854.4140625
2021-11-17 17:56:17,002:INFO:Epoch 38, Training loss 108841.85546875, Validation loss 108855.146484375
2021-11-17 17:56:20,260:INFO:Epoch 39, Training loss 108839.962890625, Validation loss 108853.271484375
2021-11-17 17:56:23,567:INFO:Epoch 40, Training loss 108839.046875, Validation loss 108850.76953125
2021-11-17 17:56:26,833:INFO:Epoch 41, Training loss 108838.4140625, Validation loss 108851.25
2021-11-17 17:56:30,170:INFO:Epoch 42, Training loss 108837.236328125, Validation loss 108850.34765625
2021-11-17 17:56:33,444:INFO:Epoch 43, Training loss 108836.982421875, Validation loss 108849.474609375
2021-11-17 17:56:36,751:INFO:Epoch 44, Training loss 108836.2109375, Validation loss 108851.201171875
2021-11-17 17:56:40,050:INFO:Epoch 45, Training loss 108835.419921875, Validation loss 108850.451171875
2021-11-17 17:56:43,382:INFO:Epoch 46, Training loss 108834.755859375, Validation loss 108849.943359375
2021-11-17 17:56:46,668:INFO:Epoch 47, Training loss 108834.39453125, Validation loss 108849.34375
2021-11-17 17:56:49,987:INFO:Epoch 48, Training loss 108834.033203125, Validation loss 108850.515625
2021-11-17 17:56:53,297:INFO:Epoch 49, Training loss 108833.880859375, Validation loss 108852.3671875
2021-11-17 17:56:56,647:INFO:Epoch 50, Training loss 108833.37890625, Validation loss 108851.576171875
2021-11-17 17:56:59,959:INFO:Epoch 51, Training loss 108833.1953125, Validation loss 108849.8515625
2021-11-17 17:57:03,272:INFO:Epoch 52, Training loss 108833.07421875, Validation loss 108848.587890625
2021-11-17 17:57:06,595:INFO:Epoch 53, Training loss 108833.5546875, Validation loss 108851.248046875
2021-11-17 17:57:09,939:INFO:Epoch 54, Training loss 108833.15625, Validation loss 108850.275390625
2021-11-17 17:57:13,260:INFO:Epoch 55, Training loss 108831.81640625, Validation loss 108851.46875
2021-11-17 17:57:16,569:INFO:Epoch 56, Training loss 108832.2890625, Validation loss 108852.822265625
2021-11-17 17:57:19,919:INFO:Epoch 57, Training loss 108831.900390625, Validation loss 108851.33984375
2021-11-17 17:57:23,257:INFO:Epoch 58, Training loss 108831.642578125, Validation loss 108849.28515625
2021-11-17 17:57:26,599:INFO:Epoch 59, Training loss 108831.623046875, Validation loss 108850.513671875
2021-11-17 17:57:29,901:INFO:Epoch 60, Training loss 108830.8828125, Validation loss 108850.462890625
2021-11-17 17:57:33,245:INFO:Epoch 61, Training loss 108829.990234375, Validation loss 108850.525390625
2021-11-17 17:57:36,544:INFO:Epoch 62, Training loss 108830.083984375, Validation loss 108851.427734375
2021-11-17 17:57:39,933:INFO:Epoch 63, Training loss 108829.5390625, Validation loss 108852.123046875
2021-11-17 17:57:43,226:INFO:Epoch 64, Training loss 108829.22265625, Validation loss 108850.96484375
2021-11-17 17:57:46,577:INFO:Epoch 65, Training loss 108830.62109375, Validation loss 108848.61328125
2021-11-17 17:57:49,888:INFO:Epoch 66, Training loss 108828.86328125, Validation loss 108850.9375
2021-11-17 17:57:53,252:INFO:Epoch 67, Training loss 108828.58203125, Validation loss 108853.263671875
2021-11-17 17:57:56,567:INFO:Epoch 68, Training loss 108829.12890625, Validation loss 108851.599609375
2021-11-17 17:57:59,892:INFO:Epoch 69, Training loss 108828.384765625, Validation loss 108852.17578125
2021-11-17 17:58:03,205:INFO:Epoch 70, Training loss 108828.37109375, Validation loss 108852.43359375
2021-11-17 17:58:06,565:INFO:Epoch 71, Training loss 108828.271484375, Validation loss 108852.53515625
2021-11-17 17:58:09,873:INFO:Epoch 72, Training loss 108830.49609375, Validation loss 108849.990234375
2021-11-17 17:58:09,879:INFO:Finished training, producing training report at /data/theorie/jthoeve/ML4EFT_higgs/models/17_11/model_final_lin_cHW/mc_run_12/plots/training_report/
2021-11-17 17:58:13,317:WARNING:findfont: Font family ['sans-serif'] not found. Falling back to DejaVu Sans.
