2022-01-24 14:06:03,314:INFO:All directories created, ready to load the data
2022-01-24 14:06:03,387:INFO:Dataset loaded from /data/theorie/jthoeve/event_generation/events_high_stats/pT/lin/cHW/events_20.npy
2022-01-24 14:06:03,415:INFO:Dataset loaded from /data/theorie/jthoeve/event_generation/events_high_stats/pT/sm/events_20.npy
2022-01-24 14:06:05,918:INFO:Epoch 1, Training loss 203876.29296875, Validation loss 189374.421875
2022-01-24 14:06:08,374:INFO:Epoch 2, Training loss 178880.984375, Validation loss 165076.80859375
2022-01-24 14:06:10,808:INFO:Epoch 3, Training loss 158098.16015625, Validation loss 149111.111328125
2022-01-24 14:06:13,281:INFO:Epoch 4, Training loss 144460.05859375, Validation loss 137881.638671875
2022-01-24 14:06:15,730:INFO:Epoch 5, Training loss 133968.732421875, Validation loss 128580.908203125
2022-01-24 14:06:18,166:INFO:Epoch 6, Training loss 125529.55078125, Validation loss 121355.130859375
2022-01-24 14:06:20,622:INFO:Epoch 7, Training loss 118979.30859375, Validation loss 115808.6796875
2022-01-24 14:06:23,103:INFO:Epoch 8, Training loss 114145.341796875, Validation loss 112127.455078125
2022-01-24 14:06:25,560:INFO:Epoch 9, Training loss 111198.7265625, Validation loss 110260.22265625
2022-01-24 14:06:28,246:INFO:Epoch 10, Training loss 109927.55859375, Validation loss 109786.712890625
2022-01-24 14:06:30,714:INFO:Epoch 11, Training loss 109753.787109375, Validation loss 109910.3671875
2022-01-24 14:06:33,177:INFO:Epoch 12, Training loss 109873.12109375, Validation loss 109960.6875
2022-01-24 14:06:35,658:INFO:Epoch 13, Training loss 109839.935546875, Validation loss 109826.1796875
2022-01-24 14:06:38,090:INFO:Epoch 14, Training loss 109674.337890625, Validation loss 109644.619140625
2022-01-24 14:06:40,566:INFO:Epoch 15, Training loss 109513.220703125, Validation loss 109521.03515625
2022-01-24 14:06:42,994:INFO:Epoch 16, Training loss 109419.689453125, Validation loss 109461.458984375
2022-01-24 14:06:45,495:INFO:Epoch 17, Training loss 109372.109375, Validation loss 109428.07421875
2022-01-24 14:06:47,935:INFO:Epoch 18, Training loss 109338.189453125, Validation loss 109394.669921875
2022-01-24 14:06:50,401:INFO:Epoch 19, Training loss 109302.52734375, Validation loss 109355.76953125
2022-01-24 14:06:52,849:INFO:Epoch 20, Training loss 109262.0390625, Validation loss 109319.25
2022-01-24 14:06:55,360:INFO:Epoch 21, Training loss 109226.423828125, Validation loss 109289.818359375
2022-01-24 14:06:57,813:INFO:Epoch 22, Training loss 109195.935546875, Validation loss 109263.447265625
2022-01-24 14:07:00,276:INFO:Epoch 23, Training loss 109167.5625, Validation loss 109236.6484375
2022-01-24 14:07:02,740:INFO:Epoch 24, Training loss 109138.919921875, Validation loss 109210.056640625
2022-01-24 14:07:05,224:INFO:Epoch 25, Training loss 109112.43359375, Validation loss 109184.333984375
2022-01-24 14:07:07,673:INFO:Epoch 26, Training loss 109085.529296875, Validation loss 109157.94140625
2022-01-24 14:07:10,116:INFO:Epoch 27, Training loss 109058.955078125, Validation loss 109131.828125
2022-01-24 14:07:12,593:INFO:Epoch 28, Training loss 109031.69140625, Validation loss 109105.158203125
2022-01-24 14:07:15,065:INFO:Epoch 29, Training loss 109004.603515625, Validation loss 109077.658203125
2022-01-24 14:07:17,529:INFO:Epoch 30, Training loss 108976.259765625, Validation loss 109049.537109375
2022-01-24 14:07:19,963:INFO:Epoch 31, Training loss 108948.236328125, Validation loss 109020.333984375
2022-01-24 14:07:22,436:INFO:Epoch 32, Training loss 108918.828125, Validation loss 108989.966796875
2022-01-24 14:07:24,908:INFO:Epoch 33, Training loss 108888.587890625, Validation loss 108958.59375
2022-01-24 14:07:27,378:INFO:Epoch 34, Training loss 108857.47265625, Validation loss 108925.318359375
2022-01-24 14:07:29,800:INFO:Epoch 35, Training loss 108823.978515625, Validation loss 108890.26953125
2022-01-24 14:07:32,290:INFO:Epoch 36, Training loss 108788.755859375, Validation loss 108852.701171875
2022-01-24 14:07:34,732:INFO:Epoch 37, Training loss 108751.03515625, Validation loss 108815.462890625
2022-01-24 14:07:37,241:INFO:Epoch 38, Training loss 108711.658203125, Validation loss 108774.94140625
2022-01-24 14:07:39,679:INFO:Epoch 39, Training loss 108670.587890625, Validation loss 108734.1796875
2022-01-24 14:07:42,161:INFO:Epoch 40, Training loss 108632.27734375, Validation loss 108695.65625
2022-01-24 14:07:44,610:INFO:Epoch 41, Training loss 108595.77734375, Validation loss 108661.119140625
2022-01-24 14:07:47,108:INFO:Epoch 42, Training loss 108567.013671875, Validation loss 108632.955078125
2022-01-24 14:07:49,560:INFO:Epoch 43, Training loss 108543.83203125, Validation loss 108614.87109375
2022-01-24 14:07:52,017:INFO:Epoch 44, Training loss 108531.537109375, Validation loss 108604.44140625
2022-01-24 14:07:54,464:INFO:Epoch 45, Training loss 108523.09375, Validation loss 108598.388671875
2022-01-24 14:07:56,955:INFO:Epoch 46, Training loss 108516.916015625, Validation loss 108594.689453125
2022-01-24 14:07:59,412:INFO:Epoch 47, Training loss 108513.28125, Validation loss 108590.2109375
2022-01-24 14:08:01,872:INFO:Epoch 48, Training loss 108509.84375, Validation loss 108588.56640625
2022-01-24 14:08:04,327:INFO:Epoch 49, Training loss 108507.427734375, Validation loss 108584.8828125
2022-01-24 14:08:06,813:INFO:Epoch 50, Training loss 108504.716796875, Validation loss 108584.37109375
2022-01-24 14:08:09,284:INFO:Epoch 51, Training loss 108501.681640625, Validation loss 108582.15625
2022-01-24 14:08:11,728:INFO:Epoch 52, Training loss 108498.96484375, Validation loss 108578.16796875
2022-01-24 14:08:14,206:INFO:Epoch 53, Training loss 108497.150390625, Validation loss 108575.287109375
2022-01-24 14:08:16,672:INFO:Epoch 54, Training loss 108495.21875, Validation loss 108573.646484375
2022-01-24 14:08:19,157:INFO:Epoch 55, Training loss 108493.27734375, Validation loss 108571.392578125
2022-01-24 14:08:21,586:INFO:Epoch 56, Training loss 108491.12890625, Validation loss 108569.74609375
2022-01-24 14:08:24,068:INFO:Epoch 57, Training loss 108489.888671875, Validation loss 108569.046875
2022-01-24 14:08:26,505:INFO:Epoch 58, Training loss 108488.490234375, Validation loss 108567.296875
2022-01-24 14:08:29,009:INFO:Epoch 59, Training loss 108486.783203125, Validation loss 108564.8125
2022-01-24 14:08:31,448:INFO:Epoch 60, Training loss 108485.232421875, Validation loss 108563.845703125
2022-01-24 14:08:33,928:INFO:Epoch 61, Training loss 108484.609375, Validation loss 108561.6796875
2022-01-24 14:08:36,378:INFO:Epoch 62, Training loss 108483.140625, Validation loss 108562.470703125
2022-01-24 14:08:38,872:INFO:Epoch 63, Training loss 108482.345703125, Validation loss 108562.986328125
2022-01-24 14:08:41,320:INFO:Epoch 64, Training loss 108481.00390625, Validation loss 108560.923828125
2022-01-24 14:08:43,781:INFO:Epoch 65, Training loss 108480.13671875, Validation loss 108558.435546875
2022-01-24 14:08:46,228:INFO:Epoch 66, Training loss 108479.078125, Validation loss 108557.46484375
2022-01-24 14:08:48,721:INFO:Epoch 67, Training loss 108478.40234375, Validation loss 108557.2421875
2022-01-24 14:08:51,190:INFO:Epoch 68, Training loss 108477.3125, Validation loss 108556.0078125
2022-01-24 14:08:53,638:INFO:Epoch 69, Training loss 108476.701171875, Validation loss 108555.79296875
2022-01-24 14:08:56,110:INFO:Epoch 70, Training loss 108476.224609375, Validation loss 108555.51953125
2022-01-24 14:08:58,597:INFO:Epoch 71, Training loss 108475.15234375, Validation loss 108555.095703125
2022-01-24 14:09:01,065:INFO:Epoch 72, Training loss 108473.70703125, Validation loss 108553.94140625
2022-01-24 14:09:03,501:INFO:Epoch 73, Training loss 108472.9296875, Validation loss 108551.748046875
2022-01-24 14:09:05,999:INFO:Epoch 74, Training loss 108472.064453125, Validation loss 108552.197265625
2022-01-24 14:09:08,484:INFO:Epoch 75, Training loss 108470.396484375, Validation loss 108553.12890625
2022-01-24 14:09:10,957:INFO:Epoch 76, Training loss 108470.564453125, Validation loss 108551.818359375
2022-01-24 14:09:13,377:INFO:Epoch 77, Training loss 108469.2265625, Validation loss 108550.892578125
2022-01-24 14:09:15,865:INFO:Epoch 78, Training loss 108468.7734375, Validation loss 108548.939453125
2022-01-24 14:09:18,295:INFO:Epoch 79, Training loss 108468.451171875, Validation loss 108547.55859375
2022-01-24 14:09:20,806:INFO:Epoch 80, Training loss 108467.109375, Validation loss 108550.341796875
2022-01-24 14:09:23,247:INFO:Epoch 81, Training loss 108466.8515625, Validation loss 108551.59765625
2022-01-24 14:09:25,723:INFO:Epoch 82, Training loss 108466.564453125, Validation loss 108548.220703125
2022-01-24 14:09:28,185:INFO:Epoch 83, Training loss 108465.126953125, Validation loss 108546.287109375
2022-01-24 14:09:30,696:INFO:Epoch 84, Training loss 108464.533203125, Validation loss 108544.693359375
2022-01-24 14:09:33,159:INFO:Epoch 85, Training loss 108464.083984375, Validation loss 108545.26171875
2022-01-24 14:09:35,636:INFO:Epoch 86, Training loss 108463.9140625, Validation loss 108547.76171875
2022-01-24 14:09:38,108:INFO:Epoch 87, Training loss 108463.69921875, Validation loss 108546.869140625
2022-01-24 14:09:40,618:INFO:Epoch 88, Training loss 108462.01953125, Validation loss 108542.826171875
2022-01-24 14:09:43,095:INFO:Epoch 89, Training loss 108461.427734375, Validation loss 108542.697265625
2022-01-24 14:09:45,565:INFO:Epoch 90, Training loss 108461.28125, Validation loss 108544.763671875
2022-01-24 14:09:48,049:INFO:Epoch 91, Training loss 108460.255859375, Validation loss 108543.431640625
2022-01-24 14:09:50,549:INFO:Epoch 92, Training loss 108459.94140625, Validation loss 108543.544921875
2022-01-24 14:09:53,037:INFO:Epoch 93, Training loss 108459.658203125, Validation loss 108544.3203125
2022-01-24 14:09:55,503:INFO:Epoch 94, Training loss 108458.98046875, Validation loss 108543.037109375
2022-01-24 14:09:57,995:INFO:Epoch 95, Training loss 108458.150390625, Validation loss 108540.341796875
2022-01-24 14:10:00,481:INFO:Epoch 96, Training loss 108458.912109375, Validation loss 108540.728515625
2022-01-24 14:10:02,976:INFO:Epoch 97, Training loss 108457.642578125, Validation loss 108544.501953125
2022-01-24 14:10:05,430:INFO:Epoch 98, Training loss 108458.3515625, Validation loss 108546.927734375
2022-01-24 14:10:07,932:INFO:Epoch 99, Training loss 108457.919921875, Validation loss 108538.58203125
2022-01-24 14:10:10,389:INFO:Epoch 100, Training loss 108456.9765625, Validation loss 108538.93359375
2022-01-24 14:10:12,913:INFO:Epoch 101, Training loss 108455.423828125, Validation loss 108543.11328125
2022-01-24 14:10:15,373:INFO:Epoch 102, Training loss 108455.474609375, Validation loss 108545.861328125
2022-01-24 14:10:17,870:INFO:Epoch 103, Training loss 108454.31640625, Validation loss 108541.017578125
2022-01-24 14:10:20,338:INFO:Epoch 104, Training loss 108455.201171875, Validation loss 108537.4140625
2022-01-24 14:10:22,854:INFO:Epoch 105, Training loss 108455.333984375, Validation loss 108542.037109375
2022-01-24 14:10:25,325:INFO:Epoch 106, Training loss 108454.6953125, Validation loss 108543.619140625
2022-01-24 14:10:27,808:INFO:Epoch 107, Training loss 108453.095703125, Validation loss 108537.888671875
2022-01-24 14:10:30,284:INFO:Epoch 108, Training loss 108453.462890625, Validation loss 108537.84375
2022-01-24 14:10:32,789:INFO:Epoch 109, Training loss 108451.84765625, Validation loss 108541.1484375
2022-01-24 14:10:35,266:INFO:Epoch 110, Training loss 108452.15234375, Validation loss 108543.216796875
2022-01-24 14:10:37,733:INFO:Epoch 111, Training loss 108451.775390625, Validation loss 108538.33984375
2022-01-24 14:10:40,223:INFO:Epoch 112, Training loss 108451.2734375, Validation loss 108538.119140625
2022-01-24 14:10:42,731:INFO:Epoch 113, Training loss 108451.12109375, Validation loss 108539.71484375
2022-01-24 14:10:45,215:INFO:Epoch 114, Training loss 108450.427734375, Validation loss 108538.8203125
2022-01-24 14:10:47,673:INFO:Epoch 115, Training loss 108449.806640625, Validation loss 108538.056640625
2022-01-24 14:10:50,168:INFO:Epoch 116, Training loss 108449.587890625, Validation loss 108539.677734375
2022-01-24 14:10:52,653:INFO:Epoch 117, Training loss 108450.34765625, Validation loss 108539.576171875
2022-01-24 14:10:55,144:INFO:Epoch 118, Training loss 108449.36328125, Validation loss 108537.248046875
2022-01-24 14:10:57,600:INFO:Epoch 119, Training loss 108449.427734375, Validation loss 108535.458984375
2022-01-24 14:11:00,112:INFO:Epoch 120, Training loss 108447.962890625, Validation loss 108539.53515625
2022-01-24 14:11:02,564:INFO:Epoch 121, Training loss 108448.318359375, Validation loss 108540.95703125
2022-01-24 14:11:05,093:INFO:Epoch 122, Training loss 108447.83984375, Validation loss 108537.849609375
2022-01-24 14:11:07,533:INFO:Epoch 123, Training loss 108447.548828125, Validation loss 108537.41796875
2022-01-24 14:11:09,968:INFO:Epoch 124, Training loss 108446.73828125, Validation loss 108536.892578125
2022-01-24 14:11:12,365:INFO:Epoch 125, Training loss 108446.3828125, Validation loss 108539.568359375
2022-01-24 14:11:14,805:INFO:Epoch 126, Training loss 108445.888671875, Validation loss 108537.6640625
2022-01-24 14:11:17,191:INFO:Epoch 127, Training loss 108446.171875, Validation loss 108534.71875
2022-01-24 14:11:19,593:INFO:Epoch 128, Training loss 108446.392578125, Validation loss 108537.6953125
2022-01-24 14:11:21,988:INFO:Epoch 129, Training loss 108445.5703125, Validation loss 108539.072265625
2022-01-24 14:11:24,421:INFO:Epoch 130, Training loss 108444.58984375, Validation loss 108538.017578125
2022-01-24 14:11:26,821:INFO:Epoch 131, Training loss 108443.513671875, Validation loss 108536.96484375
2022-01-24 14:11:29,215:INFO:Epoch 132, Training loss 108445.140625, Validation loss 108535.3203125
2022-01-24 14:11:31,623:INFO:Epoch 133, Training loss 108443.310546875, Validation loss 108538.6015625
2022-01-24 14:11:34,048:INFO:Epoch 134, Training loss 108444.185546875, Validation loss 108537.544921875
2022-01-24 14:11:36,459:INFO:Epoch 135, Training loss 108443.662109375, Validation loss 108537.20703125
2022-01-24 14:11:38,842:INFO:Epoch 136, Training loss 108443.43359375, Validation loss 108535.26953125
2022-01-24 14:11:41,255:INFO:Epoch 137, Training loss 108441.9375, Validation loss 108538.658203125
2022-01-24 14:11:43,670:INFO:Epoch 138, Training loss 108441.685546875, Validation loss 108536.88671875
2022-01-24 14:11:46,087:INFO:Epoch 139, Training loss 108441.72265625, Validation loss 108535.47265625
2022-01-24 14:11:48,459:INFO:Epoch 140, Training loss 108442.310546875, Validation loss 108533.978515625
2022-01-24 14:11:50,880:INFO:Epoch 141, Training loss 108442.31640625, Validation loss 108541.12890625
2022-01-24 14:11:53,257:INFO:Epoch 142, Training loss 108441.9375, Validation loss 108535.83203125
2022-01-24 14:11:55,720:INFO:Epoch 143, Training loss 108440.109375, Validation loss 108534.228515625
2022-01-24 14:11:58,104:INFO:Epoch 144, Training loss 108440.986328125, Validation loss 108536.015625
2022-01-24 14:12:00,511:INFO:Epoch 145, Training loss 108440.412109375, Validation loss 108534.45703125
2022-01-24 14:12:02,895:INFO:Epoch 146, Training loss 108443.259765625, Validation loss 108532.642578125
2022-01-24 14:12:05,339:INFO:Epoch 147, Training loss 108439.5, Validation loss 108540.8359375
2022-01-24 14:12:07,729:INFO:Epoch 148, Training loss 108439.9375, Validation loss 108536.380859375
2022-01-24 14:12:10,134:INFO:Epoch 149, Training loss 108441.138671875, Validation loss 108531.4296875
2022-01-24 14:12:12,538:INFO:Epoch 150, Training loss 108438.83203125, Validation loss 108537.8515625
2022-01-24 14:12:14,977:INFO:Epoch 151, Training loss 108438.35546875, Validation loss 108537.08203125
2022-01-24 14:12:17,368:INFO:Epoch 152, Training loss 108437.9765625, Validation loss 108533.1015625
2022-01-24 14:12:19,765:INFO:Epoch 153, Training loss 108437.533203125, Validation loss 108533.96484375
2022-01-24 14:12:22,166:INFO:Epoch 154, Training loss 108438.474609375, Validation loss 108537.365234375
2022-01-24 14:12:24,580:INFO:Epoch 155, Training loss 108438.26953125, Validation loss 108538.828125
2022-01-24 14:12:26,988:INFO:Epoch 156, Training loss 108437.583984375, Validation loss 108532.826171875
2022-01-24 14:12:29,374:INFO:Epoch 157, Training loss 108437.6328125, Validation loss 108535.19921875
2022-01-24 14:12:31,781:INFO:Epoch 158, Training loss 108437.91015625, Validation loss 108532.56640625
2022-01-24 14:12:34,186:INFO:Epoch 159, Training loss 108436.80859375, Validation loss 108537.78125
2022-01-24 14:12:36,594:INFO:Epoch 160, Training loss 108436.095703125, Validation loss 108536.33984375
2022-01-24 14:12:38,957:INFO:Epoch 161, Training loss 108435.59765625, Validation loss 108533.75390625
2022-01-24 14:12:41,364:INFO:Epoch 162, Training loss 108435.79296875, Validation loss 108533.068359375
2022-01-24 14:12:43,730:INFO:Epoch 163, Training loss 108434.8671875, Validation loss 108536.88671875
2022-01-24 14:12:46,159:INFO:Epoch 164, Training loss 108435.275390625, Validation loss 108536.359375
2022-01-24 14:12:48,524:INFO:Epoch 165, Training loss 108434.810546875, Validation loss 108534.57421875
2022-01-24 14:12:50,925:INFO:Epoch 166, Training loss 108434.228515625, Validation loss 108533.828125
2022-01-24 14:12:53,293:INFO:Epoch 167, Training loss 108434.58203125, Validation loss 108532.3671875
2022-01-24 14:12:55,714:INFO:Epoch 168, Training loss 108434.21875, Validation loss 108533.2109375
2022-01-24 14:12:58,088:INFO:Epoch 169, Training loss 108434.53125, Validation loss 108535.416015625
2022-01-24 14:13:00,476:INFO:Epoch 170, Training loss 108436.94140625, Validation loss 108541.83203125
2022-01-24 14:13:02,850:INFO:Epoch 171, Training loss 108433.83203125, Validation loss 108532.43359375
2022-01-24 14:13:05,270:INFO:Epoch 172, Training loss 108434.5546875, Validation loss 108532.408203125
2022-01-24 14:13:07,652:INFO:Epoch 173, Training loss 108433.03125, Validation loss 108539.98828125
2022-01-24 14:13:10,034:INFO:Epoch 174, Training loss 108435.439453125, Validation loss 108535.501953125
2022-01-24 14:13:12,421:INFO:Epoch 175, Training loss 108432.287109375, Validation loss 108534.345703125
2022-01-24 14:13:14,826:INFO:Epoch 176, Training loss 108433.1015625, Validation loss 108532.30078125
2022-01-24 14:13:17,217:INFO:Epoch 177, Training loss 108432.41015625, Validation loss 108534.6796875
2022-01-24 14:13:19,585:INFO:Epoch 178, Training loss 108432.783203125, Validation loss 108535.28515625
2022-01-24 14:13:21,990:INFO:Epoch 179, Training loss 108432.029296875, Validation loss 108535.8671875
2022-01-24 14:13:24,395:INFO:Epoch 180, Training loss 108432.001953125, Validation loss 108532.94921875
2022-01-24 14:13:26,792:INFO:Epoch 181, Training loss 108431.462890625, Validation loss 108533.001953125
2022-01-24 14:13:29,156:INFO:Epoch 182, Training loss 108431.478515625, Validation loss 108536.873046875
2022-01-24 14:13:31,561:INFO:Epoch 183, Training loss 108431.771484375, Validation loss 108533.93359375
2022-01-24 14:13:33,920:INFO:Epoch 184, Training loss 108430.533203125, Validation loss 108533.953125
2022-01-24 14:13:36,347:INFO:Epoch 185, Training loss 108430.7265625, Validation loss 108534.72265625
2022-01-24 14:13:38,715:INFO:Epoch 186, Training loss 108431.4296875, Validation loss 108533.88671875
2022-01-24 14:13:41,112:INFO:Epoch 187, Training loss 108431.146484375, Validation loss 108538.576171875
2022-01-24 14:13:43,484:INFO:Epoch 188, Training loss 108432.53515625, Validation loss 108537.58984375
2022-01-24 14:13:45,903:INFO:Epoch 189, Training loss 108428.681640625, Validation loss 108531.900390625
2022-01-24 14:13:48,276:INFO:Epoch 190, Training loss 108430.49609375, Validation loss 108532.326171875
2022-01-24 14:13:50,657:INFO:Epoch 191, Training loss 108428.87890625, Validation loss 108535.6484375
2022-01-24 14:13:53,039:INFO:Epoch 192, Training loss 108428.767578125, Validation loss 108534.833984375
2022-01-24 14:13:55,452:INFO:Epoch 193, Training loss 108428.732421875, Validation loss 108535.619140625
2022-01-24 14:13:57,835:INFO:Epoch 194, Training loss 108428.615234375, Validation loss 108534.173828125
2022-01-24 14:14:00,211:INFO:Epoch 195, Training loss 108428.9296875, Validation loss 108535.12890625
2022-01-24 14:14:02,605:INFO:Epoch 196, Training loss 108428.259765625, Validation loss 108531.681640625
2022-01-24 14:14:05,011:INFO:Epoch 197, Training loss 108428.583984375, Validation loss 108534.341796875
2022-01-24 14:14:07,397:INFO:Epoch 198, Training loss 108428.359375, Validation loss 108536.875
2022-01-24 14:14:09,757:INFO:Epoch 199, Training loss 108428.69140625, Validation loss 108535.91796875
2022-01-24 14:14:09,764:INFO:Finished training
