2021-11-18 16:14:02,493:INFO:All directories created, ready to load the data
2021-11-18 16:14:02,538:INFO:Dataset loaded from /data/theorie/jthoeve/event_generation/events_high_stats/lin/cHq3/events_27.npy
2021-11-18 16:14:02,571:INFO:Dataset loaded from /data/theorie/jthoeve/event_generation/events_high_stats/sm/events_27.npy
2021-11-18 16:14:06,350:INFO:Epoch 1, Training loss 84643.5703125, Validation loss 84643.5703125
2021-11-18 16:14:10,107:INFO:Epoch 2, Training loss 84643.5703125, Validation loss 84643.5703125
2021-11-18 16:14:13,798:INFO:Epoch 3, Training loss 84643.5703125, Validation loss 84643.5703125
2021-11-18 16:14:17,442:INFO:Epoch 4, Training loss 84643.5703125, Validation loss 84643.5703125
2021-11-18 16:14:21,184:INFO:Epoch 5, Training loss 84643.5703125, Validation loss 84643.5703125
2021-11-18 16:14:24,840:INFO:Epoch 6, Training loss 84643.5703125, Validation loss 84643.5703125
2021-11-18 16:14:28,548:INFO:Epoch 7, Training loss 84643.5703125, Validation loss 84643.5703125
2021-11-18 16:14:32,245:INFO:Epoch 8, Training loss 84643.5703125, Validation loss 84643.5703125
2021-11-18 16:14:35,933:INFO:Epoch 9, Training loss 84643.5703125, Validation loss 84643.5703125
2021-11-18 16:14:39,666:INFO:Epoch 10, Training loss 84643.5703125, Validation loss 84643.5703125
2021-11-18 16:14:43,408:INFO:Epoch 11, Training loss 84643.5703125, Validation loss 84643.5703125
2021-11-18 16:14:43,412:INFO:Detected stagant training, reset the weights
2021-11-18 16:14:47,092:INFO:Epoch 12, Training loss 73763.453125, Validation loss 73752.4140625
2021-11-18 16:14:50,881:INFO:Epoch 13, Training loss 73748.2890625, Validation loss 73752.7421875
2021-11-18 16:14:54,513:INFO:Epoch 14, Training loss 73748.4453125, Validation loss 73759.7109375
2021-11-18 16:14:58,206:INFO:Epoch 15, Training loss 73755.0078125, Validation loss 73756.09375
2021-11-18 16:15:01,898:INFO:Epoch 16, Training loss 73750.90625, Validation loss 73749.1796875
2021-11-18 16:15:05,565:INFO:Epoch 17, Training loss 73743.484375, Validation loss 73747.6796875
2021-11-18 16:15:09,271:INFO:Epoch 18, Training loss 73741.5703125, Validation loss 73751.09375
2021-11-18 16:15:13,020:INFO:Epoch 19, Training loss 73744.6484375, Validation loss 73752.6875
2021-11-18 16:15:16,708:INFO:Epoch 20, Training loss 73745.9296875, Validation loss 73750.203125
2021-11-18 16:15:20,405:INFO:Epoch 21, Training loss 73743.1015625, Validation loss 73747.1484375
2021-11-18 16:15:23,996:INFO:Epoch 22, Training loss 73739.5546875, Validation loss 73747.1328125
2021-11-18 16:15:27,660:INFO:Epoch 23, Training loss 73739.0859375, Validation loss 73749.5
2021-11-18 16:15:31,373:INFO:Epoch 24, Training loss 73741.09375, Validation loss 73750.7265625
2021-11-18 16:15:35,028:INFO:Epoch 25, Training loss 73741.8671875, Validation loss 73749.6015625
2021-11-18 16:15:38,752:INFO:Epoch 26, Training loss 73740.2265625, Validation loss 73748.1796875
2021-11-18 16:15:42,433:INFO:Epoch 27, Training loss 73738.265625, Validation loss 73748.46875
2021-11-18 16:15:46,120:INFO:Epoch 28, Training loss 73737.9921875, Validation loss 73749.96875
2021-11-18 16:15:49,839:INFO:Epoch 29, Training loss 73738.9453125, Validation loss 73750.859375
2021-11-18 16:15:53,489:INFO:Epoch 30, Training loss 73739.234375, Validation loss 73750.4140625
2021-11-18 16:15:57,196:INFO:Epoch 31, Training loss 73738.2265625, Validation loss 73749.765625
2021-11-18 16:16:00,943:INFO:Epoch 32, Training loss 73736.96875, Validation loss 73750.140625
2021-11-18 16:16:04,607:INFO:Epoch 33, Training loss 73736.7265625, Validation loss 73751.296875
2021-11-18 16:16:08,345:INFO:Epoch 34, Training loss 73737.25, Validation loss 73751.921875
2021-11-18 16:16:12,021:INFO:Epoch 35, Training loss 73737.3515625, Validation loss 73751.5703125
2021-11-18 16:16:15,704:INFO:Epoch 36, Training loss 73736.5390625, Validation loss 73751.1015625
2021-11-18 16:16:19,459:INFO:Epoch 37, Training loss 73735.6875, Validation loss 73751.296875
2021-11-18 16:16:23,116:INFO:Epoch 38, Training loss 73735.59375, Validation loss 73751.8671875
2021-11-18 16:16:26,845:INFO:Epoch 39, Training loss 73735.8828125, Validation loss 73752.078125
2021-11-18 16:16:30,574:INFO:Epoch 40, Training loss 73735.7578125, Validation loss 73751.8125
2021-11-18 16:16:34,242:INFO:Epoch 41, Training loss 73735.125, Validation loss 73751.640625
2021-11-18 16:16:37,892:INFO:Epoch 42, Training loss 73734.6171875, Validation loss 73751.890625
2021-11-18 16:16:41,428:INFO:Epoch 43, Training loss 73734.5859375, Validation loss 73752.2421875
2021-11-18 16:16:45,117:INFO:Epoch 44, Training loss 73734.703125, Validation loss 73752.234375
2021-11-18 16:16:48,856:INFO:Epoch 45, Training loss 73734.5078125, Validation loss 73752.0234375
2021-11-18 16:16:52,533:INFO:Epoch 46, Training loss 73734.046875, Validation loss 73752.0390625
2021-11-18 16:16:56,267:INFO:Epoch 47, Training loss 73733.78125, Validation loss 73752.34375
2021-11-18 16:17:00,010:INFO:Epoch 48, Training loss 73733.8046875, Validation loss 73752.5703125
2021-11-18 16:17:03,649:INFO:Epoch 49, Training loss 73733.734375, Validation loss 73752.5625
2021-11-18 16:17:07,343:INFO:Epoch 50, Training loss 73733.421875, Validation loss 73752.5390625
2021-11-18 16:17:10,978:INFO:Epoch 51, Training loss 73733.09375, Validation loss 73752.7421875
2021-11-18 16:17:14,919:INFO:Epoch 52, Training loss 73732.9921875, Validation loss 73753.03125
2021-11-18 16:17:18,668:INFO:Epoch 53, Training loss 73732.984375, Validation loss 73753.1875
2021-11-18 16:17:22,356:INFO:Epoch 54, Training loss 73732.828125, Validation loss 73753.2421875
2021-11-18 16:17:26,068:INFO:Epoch 55, Training loss 73732.5390625, Validation loss 73753.390625
2021-11-18 16:17:29,825:INFO:Epoch 56, Training loss 73732.3359375, Validation loss 73753.578125
2021-11-18 16:17:33,463:INFO:Epoch 57, Training loss 73732.2265625, Validation loss 73753.625
2021-11-18 16:17:37,178:INFO:Epoch 58, Training loss 73732.0546875, Validation loss 73753.5234375
2021-11-18 16:17:40,822:INFO:Epoch 59, Training loss 73731.7890625, Validation loss 73753.5
2021-11-18 16:17:45,043:INFO:Epoch 60, Training loss 73731.546875, Validation loss 73753.5546875
2021-11-18 16:17:48,740:INFO:Epoch 61, Training loss 73731.3515625, Validation loss 73753.5859375
2021-11-18 16:17:52,325:INFO:Epoch 62, Training loss 73731.140625, Validation loss 73753.609375
2021-11-18 16:17:56,019:INFO:Epoch 63, Training loss 73730.8984375, Validation loss 73753.7421875
2021-11-18 16:17:59,703:INFO:Epoch 64, Training loss 73730.6796875, Validation loss 73753.9375
2021-11-18 16:18:03,404:INFO:Epoch 65, Training loss 73730.5078125, Validation loss 73754.0859375
2021-11-18 16:18:07,124:INFO:Epoch 66, Training loss 73730.3046875, Validation loss 73754.1484375
2021-11-18 16:18:10,775:INFO:Epoch 67, Training loss 73730.0703125, Validation loss 73754.2421875
2021-11-18 16:18:14,506:INFO:Epoch 68, Training loss 73729.8671875, Validation loss 73754.375
2021-11-18 16:18:18,255:INFO:Epoch 69, Training loss 73729.6875, Validation loss 73754.484375
2021-11-18 16:18:21,986:INFO:Epoch 70, Training loss 73729.4765625, Validation loss 73754.625
2021-11-18 16:18:25,688:INFO:Epoch 71, Training loss 73729.25, Validation loss 73754.7421875
2021-11-18 16:18:29,334:INFO:Epoch 72, Training loss 73729.0546875, Validation loss 73754.7890625
2021-11-18 16:18:29,340:INFO:Finished training, producing training report at /data/theorie/jthoeve/ML4EFT_higgs/models/17_11/model_final_lin_cHq3_v7/mc_run_27/plots/training_report/
2021-11-18 16:18:29,754:WARNING:findfont: Font family ['sans-serif'] not found. Falling back to DejaVu Sans.
