2.073554101562500000e+05
1.898015078125000000e+05
1.618994453125000000e+05
1.458374296875000000e+05
1.355755253906250000e+05
1.278684375000000000e+05
1.216674316406250000e+05
1.168425683593750000e+05
1.133752773437500000e+05
1.112156757812500000e+05
1.102101835937500000e+05
1.099563496093750000e+05
1.099348554687500000e+05
1.098570507812500000e+05
1.097288457031250000e+05
1.096092148437500000e+05
1.095254394531250000e+05
1.094600625000000000e+05
1.094051582031250000e+05
1.093469667968750000e+05
1.092948046875000000e+05
1.092458339843750000e+05
1.091999042968750000e+05
1.091565195312500000e+05
1.091158515625000000e+05
1.090756855468750000e+05
1.090362226562500000e+05
1.089971875000000000e+05
1.089615351562500000e+05
1.089248085937500000e+05
1.088919238281250000e+05
1.088570878906250000e+05
1.088262109375000000e+05
1.087943183593750000e+05
1.087641015625000000e+05
1.087368359375000000e+05
1.087099296875000000e+05
1.086870683593750000e+05
1.086657656250000000e+05
1.086487890625000000e+05
1.086333828125000000e+05
1.086205390625000000e+05
1.086095917968750000e+05
1.086004023437500000e+05
1.085922597656250000e+05
1.085841171875000000e+05
1.085774238281250000e+05
1.085709726562500000e+05
1.085641191406250000e+05
1.085603554687500000e+05
1.085558867187500000e+05
1.085511269531250000e+05
1.085474589843750000e+05
1.085439707031250000e+05
1.085420292968750000e+05
1.085399121093750000e+05
1.085378359375000000e+05
1.085356308593750000e+05
1.085350820312500000e+05
1.085330253906250000e+05
1.085309765625000000e+05
1.085301484375000000e+05
1.085301601562500000e+05
1.085295078125000000e+05
1.085273769531250000e+05
1.085269179687500000e+05
1.085251542968750000e+05
1.085235136718750000e+05
1.085228613281250000e+05
1.085218476562500000e+05
1.085206875000000000e+05
1.085222109375000000e+05
1.085195273437500000e+05
1.085190546875000000e+05
1.085190351562500000e+05
1.085198632812500000e+05
1.085183027343750000e+05
1.085176757812500000e+05
1.085171933593750000e+05
1.085175312500000000e+05
1.085178105468750000e+05
1.085161621093750000e+05
1.085146484375000000e+05
1.085142285156250000e+05
1.085143300781250000e+05
1.085138769531250000e+05
1.085140371093750000e+05
1.085136562500000000e+05
1.085127109375000000e+05
1.085121425781250000e+05
1.085117773437500000e+05
1.085118828125000000e+05
1.085111308593750000e+05
1.085100683593750000e+05
1.085104062500000000e+05
1.085108710937500000e+05
1.085130371093750000e+05
1.085117382812500000e+05
1.085097148437500000e+05
1.085099570312500000e+05
1.085089199218750000e+05
1.085101054687500000e+05
1.085098710937500000e+05
1.085083300781250000e+05
1.085085097656250000e+05
1.085086816406250000e+05
1.085074414062500000e+05
1.085067636718750000e+05
1.085065664062500000e+05
1.085061562500000000e+05
1.085072089843750000e+05
1.085051308593750000e+05
1.085052519531250000e+05
1.085045585937500000e+05
1.085043125000000000e+05
1.085032324218750000e+05
1.085040039062500000e+05
1.085033261718750000e+05
1.085039863281250000e+05
1.085032480468750000e+05
1.085022656250000000e+05
1.085027089843750000e+05
1.085020546875000000e+05
1.085022246093750000e+05
1.085009394531250000e+05
1.085022324218750000e+05
1.085007675781250000e+05
1.085006640625000000e+05
1.085001679687500000e+05
1.084997421875000000e+05
1.085003984375000000e+05
1.085004746093750000e+05
1.084990742187500000e+05
1.085017304687500000e+05
1.084984843750000000e+05
1.085000761718750000e+05
1.084990566406250000e+05
1.084984238281250000e+05
1.084990507812500000e+05
1.084985761718750000e+05
1.084985371093750000e+05
1.084972636718750000e+05
1.085000488281250000e+05
1.084987265625000000e+05
1.084993515625000000e+05
1.084982363281250000e+05
1.084964335937500000e+05
1.084977285156250000e+05
1.084983789062500000e+05
1.084959511718750000e+05
1.084960390625000000e+05
1.084957773437500000e+05
1.084953828125000000e+05
1.084958339843750000e+05
1.084941484375000000e+05
1.084944296875000000e+05
1.084946445312500000e+05
1.084960468750000000e+05
1.084944082031250000e+05
1.084976601562500000e+05
1.084950878906250000e+05
1.084952128906250000e+05
1.084944863281250000e+05
1.084934609375000000e+05
1.084944472656250000e+05
1.084935156250000000e+05
1.084936660156250000e+05
1.084927851562500000e+05
1.084935917968750000e+05
1.084921152343750000e+05
1.084947148437500000e+05
1.084918730468750000e+05
1.084926054687500000e+05
1.084924023437500000e+05
1.084911152343750000e+05
1.084905527343750000e+05
1.084911484375000000e+05
1.084910917968750000e+05
1.084906484375000000e+05
1.084904746093750000e+05
1.084915937500000000e+05
1.084900546875000000e+05
1.084895097656250000e+05
1.084899277343750000e+05
1.084896816406250000e+05
1.084904375000000000e+05
1.084885839843750000e+05
1.084900429687500000e+05
1.084902285156250000e+05
1.084897929687500000e+05
1.084891933593750000e+05
1.084886445312500000e+05
1.084897558593750000e+05
1.084886660156250000e+05
1.084888183593750000e+05
1.084893242187500000e+05
1.084881132812500000e+05
1.084911347656250000e+05
1.084898457031250000e+05
1.084898027343750000e+05
1.084888945312500000e+05
1.084881113281250000e+05
1.084901054687500000e+05
1.084874824218750000e+05
1.084867441406250000e+05
1.084873417968750000e+05
1.084858613281250000e+05
1.084874257812500000e+05
1.084865097656250000e+05
1.084868222656250000e+05
1.084862500000000000e+05
1.084858320312500000e+05
