2021-11-18 16:13:49,967:INFO:All directories created, ready to load the data
2021-11-18 16:13:50,012:INFO:Dataset loaded from /data/theorie/jthoeve/event_generation/events_high_stats/lin/cHq3/events_1.npy
2021-11-18 16:13:50,034:INFO:Dataset loaded from /data/theorie/jthoeve/event_generation/events_high_stats/sm/events_1.npy
2021-11-18 16:13:53,833:INFO:Epoch 1, Training loss 84655.7578125, Validation loss 84655.7578125
2021-11-18 16:13:57,687:INFO:Epoch 2, Training loss 84655.7578125, Validation loss 84655.7578125
2021-11-18 16:14:01,733:INFO:Epoch 3, Training loss 84655.7578125, Validation loss 84655.7578125
2021-11-18 16:14:05,668:INFO:Epoch 4, Training loss 84655.7578125, Validation loss 84655.7578125
2021-11-18 16:14:09,691:INFO:Epoch 5, Training loss 84655.7578125, Validation loss 84655.7578125
2021-11-18 16:14:13,614:INFO:Epoch 6, Training loss 84655.7578125, Validation loss 84655.7578125
2021-11-18 16:14:17,526:INFO:Epoch 7, Training loss 84655.7578125, Validation loss 84655.7578125
2021-11-18 16:14:21,521:INFO:Epoch 8, Training loss 84655.7578125, Validation loss 84655.7578125
2021-11-18 16:14:25,449:INFO:Epoch 9, Training loss 84655.7578125, Validation loss 84655.7578125
2021-11-18 16:14:29,411:INFO:Epoch 10, Training loss 84655.7578125, Validation loss 84655.7578125
2021-11-18 16:14:33,449:INFO:Epoch 11, Training loss 84655.7578125, Validation loss 84655.7578125
2021-11-18 16:14:33,453:INFO:Detected stagant training, reset the weights
2021-11-18 16:14:37,353:INFO:Epoch 12, Training loss 73772.4296875, Validation loss 73755.5234375
2021-11-18 16:14:41,366:INFO:Epoch 13, Training loss 73760.453125, Validation loss 73755.859375
2021-11-18 16:14:45,244:INFO:Epoch 14, Training loss 73760.3203125, Validation loss 73761.9375
2021-11-18 16:14:49,221:INFO:Epoch 15, Training loss 73765.390625, Validation loss 73761.0234375
2021-11-18 16:14:53,190:INFO:Epoch 16, Training loss 73763.2578125, Validation loss 73756.3203125
2021-11-18 16:14:57,087:INFO:Epoch 17, Training loss 73757.5078125, Validation loss 73754.53125
2021-11-18 16:15:01,063:INFO:Epoch 18, Training loss 73754.9375, Validation loss 73757.2890625
2021-11-18 16:15:05,051:INFO:Epoch 19, Training loss 73757.1171875, Validation loss 73759.609375
2021-11-18 16:15:09,026:INFO:Epoch 20, Training loss 73758.8359375, Validation loss 73758.2578125
2021-11-18 16:15:12,996:INFO:Epoch 21, Training loss 73756.8515625, Validation loss 73755.71875
2021-11-18 16:15:16,760:INFO:Epoch 22, Training loss 73753.6015625, Validation loss 73755.2109375
2021-11-18 16:15:20,623:INFO:Epoch 23, Training loss 73752.3515625, Validation loss 73756.796875
2021-11-18 16:15:24,624:INFO:Epoch 24, Training loss 73753.265625, Validation loss 73758.0703125
2021-11-18 16:15:28,515:INFO:Epoch 25, Training loss 73753.875, Validation loss 73757.6484375
2021-11-18 16:15:32,501:INFO:Epoch 26, Training loss 73752.6640625, Validation loss 73756.6640625
2021-11-18 16:15:36,424:INFO:Epoch 27, Training loss 73750.890625, Validation loss 73756.9140625
2021-11-18 16:15:40,363:INFO:Epoch 28, Training loss 73750.4140625, Validation loss 73758.359375
2021-11-18 16:15:44,294:INFO:Epoch 29, Training loss 73751.1953125, Validation loss 73758.84375
2021-11-18 16:15:48,183:INFO:Epoch 30, Training loss 73751.0546875, Validation loss 73758.1640625
2021-11-18 16:15:52,131:INFO:Epoch 31, Training loss 73749.8671875, Validation loss 73757.6640625
2021-11-18 16:15:56,105:INFO:Epoch 32, Training loss 73749.09375, Validation loss 73757.9765625
2021-11-18 16:16:00,043:INFO:Epoch 33, Training loss 73749.1484375, Validation loss 73758.5078125
2021-11-18 16:16:04,050:INFO:Epoch 34, Training loss 73749.34375, Validation loss 73758.609375
2021-11-18 16:16:07,948:INFO:Epoch 35, Training loss 73749.0078125, Validation loss 73758.46875
2021-11-18 16:16:11,869:INFO:Epoch 36, Training loss 73748.2890625, Validation loss 73758.6796875
2021-11-18 16:16:15,833:INFO:Epoch 37, Training loss 73747.859375, Validation loss 73759.328125
2021-11-18 16:16:19,718:INFO:Epoch 38, Training loss 73747.96875, Validation loss 73759.7890625
2021-11-18 16:16:23,722:INFO:Epoch 39, Training loss 73747.984375, Validation loss 73759.6875
2021-11-18 16:16:27,963:INFO:Epoch 40, Training loss 73747.46875, Validation loss 73759.484375
2021-11-18 16:16:31,896:INFO:Epoch 41, Training loss 73746.9140625, Validation loss 73759.65625
2021-11-18 16:16:35,890:INFO:Epoch 42, Training loss 73746.8203125, Validation loss 73760.0546875
2021-11-18 16:16:39,677:INFO:Epoch 43, Training loss 73746.859375, Validation loss 73760.3046875
2021-11-18 16:16:43,492:INFO:Epoch 44, Training loss 73746.5546875, Validation loss 73760.4921875
2021-11-18 16:16:47,489:INFO:Epoch 45, Training loss 73746.1171875, Validation loss 73760.9140625
2021-11-18 16:16:51,436:INFO:Epoch 46, Training loss 73745.921875, Validation loss 73761.5
2021-11-18 16:16:55,426:INFO:Epoch 47, Training loss 73745.890625, Validation loss 73761.8828125
2021-11-18 16:16:59,426:INFO:Epoch 48, Training loss 73745.6953125, Validation loss 73762.0390625
2021-11-18 16:17:03,361:INFO:Epoch 49, Training loss 73745.34375, Validation loss 73762.1953125
2021-11-18 16:17:07,313:INFO:Epoch 50, Training loss 73745.140625, Validation loss 73762.5234375
2021-11-18 16:17:11,202:INFO:Epoch 51, Training loss 73745.0703125, Validation loss 73762.8671875
2021-11-18 16:17:15,191:INFO:Epoch 52, Training loss 73744.890625, Validation loss 73763.1875
2021-11-18 16:17:19,159:INFO:Epoch 53, Training loss 73744.609375, Validation loss 73763.6171875
2021-11-18 16:17:23,074:INFO:Epoch 54, Training loss 73744.40625, Validation loss 73764.1015625
2021-11-18 16:17:27,063:INFO:Epoch 55, Training loss 73744.2734375, Validation loss 73764.453125
2021-11-18 16:17:31,083:INFO:Epoch 56, Training loss 73744.0546875, Validation loss 73764.71875
2021-11-18 16:17:35,276:INFO:Epoch 57, Training loss 73743.796875, Validation loss 73765.0546875
2021-11-18 16:17:39,248:INFO:Epoch 58, Training loss 73743.6328125, Validation loss 73765.421875
2021-11-18 16:17:43,142:INFO:Epoch 59, Training loss 73743.4765625, Validation loss 73765.734375
2021-11-18 16:17:47,126:INFO:Epoch 60, Training loss 73743.2578125, Validation loss 73766.078125
2021-11-18 16:17:51,124:INFO:Epoch 61, Training loss 73743.0859375, Validation loss 73766.5
2021-11-18 16:17:55,074:INFO:Epoch 62, Training loss 73742.953125, Validation loss 73766.8828125
2021-11-18 16:17:59,073:INFO:Epoch 63, Training loss 73742.8046875, Validation loss 73767.1875
2021-11-18 16:18:02,979:INFO:Epoch 64, Training loss 73742.6171875, Validation loss 73767.484375
2021-11-18 16:18:06,817:INFO:Epoch 65, Training loss 73742.453125, Validation loss 73767.71875
2021-11-18 16:18:10,781:INFO:Epoch 66, Training loss 73742.28125, Validation loss 73767.9609375
2021-11-18 16:18:14,686:INFO:Epoch 67, Training loss 73742.1015625, Validation loss 73768.203125
2021-11-18 16:18:14,692:INFO:Finished training, producing training report at /data/theorie/jthoeve/ML4EFT_higgs/models/17_11/model_final_lin_cHq3_v7/mc_run_1/plots/training_report/
2021-11-18 16:18:15,076:WARNING:findfont: Font family ['sans-serif'] not found. Falling back to DejaVu Sans.
