2021-11-17 17:54:11,604:INFO:All directories created, ready to load the data
2021-11-17 17:54:11,679:INFO:Dataset loaded from /data/theorie/jthoeve/event_generation/events_high_stats/lin/cHW/events_0.npy
2021-11-17 17:54:11,716:INFO:Dataset loaded from /data/theorie/jthoeve/event_generation/events_high_stats/sm/events_0.npy
2021-11-17 17:54:15,149:INFO:Epoch 1, Training loss 135671.357421875, Validation loss 128897.611328125
2021-11-17 17:54:18,486:INFO:Epoch 2, Training loss 125425.27734375, Validation loss 120839.49609375
2021-11-17 17:54:21,796:INFO:Epoch 3, Training loss 118595.55859375, Validation loss 115860.580078125
2021-11-17 17:54:25,139:INFO:Epoch 4, Training loss 114546.56640625, Validation loss 112824.158203125
2021-11-17 17:54:28,457:INFO:Epoch 5, Training loss 111980.263671875, Validation loss 110912.400390625
2021-11-17 17:54:31,793:INFO:Epoch 6, Training loss 110456.513671875, Validation loss 109921.65625
2021-11-17 17:54:35,090:INFO:Epoch 7, Training loss 109757.88671875, Validation loss 109597.943359375
2021-11-17 17:54:38,422:INFO:Epoch 8, Training loss 109579.9765625, Validation loss 109557.98828125
2021-11-17 17:54:41,712:INFO:Epoch 9, Training loss 109551.740234375, Validation loss 109502.78515625
2021-11-17 17:54:45,027:INFO:Epoch 10, Training loss 109458.529296875, Validation loss 109376.748046875
2021-11-17 17:54:48,326:INFO:Epoch 11, Training loss 109325.849609375, Validation loss 109244.4765625
2021-11-17 17:54:51,645:INFO:Epoch 12, Training loss 109205.22265625, Validation loss 109149.736328125
2021-11-17 17:54:54,953:INFO:Epoch 13, Training loss 109124.3359375, Validation loss 109088.5859375
2021-11-17 17:54:58,235:INFO:Epoch 14, Training loss 109067.65234375, Validation loss 109038.5234375
2021-11-17 17:55:01,544:INFO:Epoch 15, Training loss 109020.9921875, Validation loss 108995.591796875
2021-11-17 17:55:04,857:INFO:Epoch 16, Training loss 108983.03515625, Validation loss 108964.599609375
2021-11-17 17:55:08,202:INFO:Epoch 17, Training loss 108954.16015625, Validation loss 108939.630859375
2021-11-17 17:55:11,484:INFO:Epoch 18, Training loss 108930.6953125, Validation loss 108919.759765625
2021-11-17 17:55:14,817:INFO:Epoch 19, Training loss 108912.7578125, Validation loss 108902.671875
2021-11-17 17:55:18,105:INFO:Epoch 20, Training loss 108894.435546875, Validation loss 108887.05078125
2021-11-17 17:55:21,460:INFO:Epoch 21, Training loss 108878.201171875, Validation loss 108873.775390625
2021-11-17 17:55:24,746:INFO:Epoch 22, Training loss 108865.52734375, Validation loss 108862.55078125
2021-11-17 17:55:28,076:INFO:Epoch 23, Training loss 108853.5703125, Validation loss 108853.015625
2021-11-17 17:55:31,367:INFO:Epoch 24, Training loss 108844.162109375, Validation loss 108845.046875
2021-11-17 17:55:34,725:INFO:Epoch 25, Training loss 108836.62890625, Validation loss 108838.701171875
2021-11-17 17:55:38,037:INFO:Epoch 26, Training loss 108829.705078125, Validation loss 108834.255859375
2021-11-17 17:55:41,378:INFO:Epoch 27, Training loss 108824.78515625, Validation loss 108831.52734375
2021-11-17 17:55:44,686:INFO:Epoch 28, Training loss 108822.16796875, Validation loss 108829.958984375
2021-11-17 17:55:48,037:INFO:Epoch 29, Training loss 108819.94921875, Validation loss 108829.310546875
2021-11-17 17:55:51,342:INFO:Epoch 30, Training loss 108819.095703125, Validation loss 108829.177734375
2021-11-17 17:55:54,650:INFO:Epoch 31, Training loss 108816.333984375, Validation loss 108828.70703125
2021-11-17 17:55:57,961:INFO:Epoch 32, Training loss 108816.14453125, Validation loss 108828.140625
2021-11-17 17:56:01,306:INFO:Epoch 33, Training loss 108814.341796875, Validation loss 108827.529296875
2021-11-17 17:56:04,624:INFO:Epoch 34, Training loss 108813.43359375, Validation loss 108827.84765625
2021-11-17 17:56:07,933:INFO:Epoch 35, Training loss 108812.431640625, Validation loss 108828.072265625
2021-11-17 17:56:11,266:INFO:Epoch 36, Training loss 108811.98046875, Validation loss 108828.509765625
2021-11-17 17:56:14,591:INFO:Epoch 37, Training loss 108811.7109375, Validation loss 108827.927734375
2021-11-17 17:56:17,922:INFO:Epoch 38, Training loss 108810.736328125, Validation loss 108827.33984375
2021-11-17 17:56:21,212:INFO:Epoch 39, Training loss 108810.56640625, Validation loss 108827.322265625
2021-11-17 17:56:24,547:INFO:Epoch 40, Training loss 108811.048828125, Validation loss 108828.248046875
2021-11-17 17:56:27,844:INFO:Epoch 41, Training loss 108810.802734375, Validation loss 108828.107421875
2021-11-17 17:56:31,208:INFO:Epoch 42, Training loss 108810.15625, Validation loss 108827.96875
2021-11-17 17:56:34,502:INFO:Epoch 43, Training loss 108808.765625, Validation loss 108828.01171875
2021-11-17 17:56:37,835:INFO:Epoch 44, Training loss 108808.466796875, Validation loss 108827.892578125
2021-11-17 17:56:41,152:INFO:Epoch 45, Training loss 108809.3984375, Validation loss 108827.642578125
2021-11-17 17:56:44,511:INFO:Epoch 46, Training loss 108807.755859375, Validation loss 108827.876953125
2021-11-17 17:56:47,803:INFO:Epoch 47, Training loss 108807.62109375, Validation loss 108828.17578125
2021-11-17 17:56:51,138:INFO:Epoch 48, Training loss 108807.14453125, Validation loss 108828.80078125
2021-11-17 17:56:54,503:INFO:Epoch 49, Training loss 108806.732421875, Validation loss 108828.08984375
2021-11-17 17:56:57,907:INFO:Epoch 50, Training loss 108806.744140625, Validation loss 108828.640625
2021-11-17 17:57:01,284:INFO:Epoch 51, Training loss 108806.947265625, Validation loss 108827.7421875
2021-11-17 17:57:04,652:INFO:Epoch 52, Training loss 108806.818359375, Validation loss 108828.9921875
2021-11-17 17:57:08,039:INFO:Epoch 53, Training loss 108806.306640625, Validation loss 108828.029296875
2021-11-17 17:57:11,437:INFO:Epoch 54, Training loss 108805.87890625, Validation loss 108827.84375
2021-11-17 17:57:14,828:INFO:Epoch 55, Training loss 108805.53515625, Validation loss 108827.861328125
2021-11-17 17:57:18,189:INFO:Epoch 56, Training loss 108805.71875, Validation loss 108828.12890625
2021-11-17 17:57:21,587:INFO:Epoch 57, Training loss 108806.658203125, Validation loss 108829.033203125
2021-11-17 17:57:24,978:INFO:Epoch 58, Training loss 108804.9921875, Validation loss 108828.171875
2021-11-17 17:57:28,366:INFO:Epoch 59, Training loss 108804.650390625, Validation loss 108828.158203125
2021-11-17 17:57:28,372:INFO:Finished training, producing training report at /data/theorie/jthoeve/ML4EFT_higgs/models/17_11/model_final_lin_cHW/mc_run_0/plots/training_report/
2021-11-17 17:57:32,377:WARNING:findfont: Font family ['sans-serif'] not found. Falling back to DejaVu Sans.
