2022-01-24 14:05:53,954:INFO:All directories created, ready to load the data
2022-01-24 14:05:54,011:INFO:Dataset loaded from /data/theorie/jthoeve/event_generation/events_high_stats/pT/lin/cHW/events_14.npy
2022-01-24 14:05:54,054:INFO:Dataset loaded from /data/theorie/jthoeve/event_generation/events_high_stats/pT/sm/events_14.npy
2022-01-24 14:05:56,457:INFO:Epoch 1, Training loss 208086.09375, Validation loss 208085.45703125
2022-01-24 14:05:58,834:INFO:Epoch 2, Training loss 208086.09375, Validation loss 208085.45703125
2022-01-24 14:06:01,201:INFO:Epoch 3, Training loss 208086.09375, Validation loss 208085.45703125
2022-01-24 14:06:03,603:INFO:Epoch 4, Training loss 208086.09375, Validation loss 208085.45703125
2022-01-24 14:06:05,962:INFO:Epoch 5, Training loss 208086.09375, Validation loss 208085.45703125
2022-01-24 14:06:08,326:INFO:Epoch 6, Training loss 208086.09375, Validation loss 208085.45703125
2022-01-24 14:06:10,700:INFO:Epoch 7, Training loss 208086.09375, Validation loss 208085.45703125
2022-01-24 14:06:13,086:INFO:Epoch 8, Training loss 208086.09375, Validation loss 208085.45703125
2022-01-24 14:06:15,465:INFO:Epoch 9, Training loss 208086.09375, Validation loss 208085.45703125
2022-01-24 14:06:17,814:INFO:Epoch 10, Training loss 208086.09375, Validation loss 208085.45703125
2022-01-24 14:06:20,194:INFO:Epoch 11, Training loss 208086.09375, Validation loss 208085.45703125
2022-01-24 14:06:20,198:INFO:Detected stagant training, reset the weights
2022-01-24 14:06:22,582:INFO:Epoch 12, Training loss 208086.09375, Validation loss 208086.09375
2022-01-24 14:06:22,585:INFO:Detected stagant training, reset the weights
2022-01-24 14:06:24,986:INFO:Epoch 13, Training loss 204907.55859375, Validation loss 188555.80859375
2022-01-24 14:06:27,332:INFO:Epoch 14, Training loss 172479.2890625, Validation loss 151433.0625
2022-01-24 14:06:29,723:INFO:Epoch 15, Training loss 141364.81640625, Validation loss 128319.20703125
2022-01-24 14:06:32,072:INFO:Epoch 16, Training loss 122395.33203125, Validation loss 115180.17578125
2022-01-24 14:06:34,486:INFO:Epoch 17, Training loss 112667.873046875, Validation loss 110249.783203125
2022-01-24 14:06:36,836:INFO:Epoch 18, Training loss 110034.849609375, Validation loss 110126.876953125
2022-01-24 14:06:39,229:INFO:Epoch 19, Training loss 110384.0234375, Validation loss 110596.373046875
2022-01-24 14:06:41,590:INFO:Epoch 20, Training loss 110556.720703125, Validation loss 110328.87890625
2022-01-24 14:06:44,015:INFO:Epoch 21, Training loss 110138.197265625, Validation loss 109812.54296875
2022-01-24 14:06:46,381:INFO:Epoch 22, Training loss 109707.5078125, Validation loss 109556.337890625
2022-01-24 14:06:48,761:INFO:Epoch 23, Training loss 109586.04296875, Validation loss 109572.271484375
2022-01-24 14:06:51,131:INFO:Epoch 24, Training loss 109609.5859375, Validation loss 109552.470703125
2022-01-24 14:06:53,531:INFO:Epoch 25, Training loss 109554.130859375, Validation loss 109466.111328125
2022-01-24 14:06:55,898:INFO:Epoch 26, Training loss 109481.05078125, Validation loss 109420.509765625
2022-01-24 14:06:58,258:INFO:Epoch 27, Training loss 109451.30078125, Validation loss 109401.724609375
2022-01-24 14:07:00,634:INFO:Epoch 28, Training loss 109431.50390625, Validation loss 109376.748046875
2022-01-24 14:07:03,032:INFO:Epoch 29, Training loss 109404.859375, Validation loss 109345.51171875
2022-01-24 14:07:05,410:INFO:Epoch 30, Training loss 109376.666015625, Validation loss 109319.748046875
2022-01-24 14:07:07,765:INFO:Epoch 31, Training loss 109354.9140625, Validation loss 109300.462890625
2022-01-24 14:07:10,152:INFO:Epoch 32, Training loss 109336.515625, Validation loss 109280.42578125
2022-01-24 14:07:12,534:INFO:Epoch 33, Training loss 109317.158203125, Validation loss 109260.455078125
2022-01-24 14:07:14,926:INFO:Epoch 34, Training loss 109299.044921875, Validation loss 109242.556640625
2022-01-24 14:07:17,271:INFO:Epoch 35, Training loss 109282.9296875, Validation loss 109225.03515625
2022-01-24 14:07:19,672:INFO:Epoch 36, Training loss 109266.20703125, Validation loss 109207.814453125
2022-01-24 14:07:22,017:INFO:Epoch 37, Training loss 109250.630859375, Validation loss 109190.943359375
2022-01-24 14:07:24,433:INFO:Epoch 38, Training loss 109235.041015625, Validation loss 109174.451171875
2022-01-24 14:07:26,787:INFO:Epoch 39, Training loss 109219.4375, Validation loss 109158.029296875
2022-01-24 14:07:29,173:INFO:Epoch 40, Training loss 109204.07421875, Validation loss 109141.86328125
2022-01-24 14:07:31,530:INFO:Epoch 41, Training loss 109189.109375, Validation loss 109125.607421875
2022-01-24 14:07:33,950:INFO:Epoch 42, Training loss 109173.55078125, Validation loss 109109.40234375
2022-01-24 14:07:36,315:INFO:Epoch 43, Training loss 109158.494140625, Validation loss 109093.005859375
2022-01-24 14:07:38,687:INFO:Epoch 44, Training loss 109143.19921875, Validation loss 109076.556640625
2022-01-24 14:07:41,067:INFO:Epoch 45, Training loss 109127.32421875, Validation loss 109057.83203125
2022-01-24 14:07:43,479:INFO:Epoch 46, Training loss 109108.537109375, Validation loss 109036.30078125
2022-01-24 14:07:45,855:INFO:Epoch 47, Training loss 109087.5, Validation loss 109014.43359375
2022-01-24 14:07:48,229:INFO:Epoch 48, Training loss 109067.90625, Validation loss 108990.0390625
2022-01-24 14:07:50,615:INFO:Epoch 49, Training loss 109044.853515625, Validation loss 108966.21484375
2022-01-24 14:07:53,013:INFO:Epoch 50, Training loss 109023.0859375, Validation loss 108941.4609375
2022-01-24 14:07:55,397:INFO:Epoch 51, Training loss 108999.751953125, Validation loss 108912.876953125
2022-01-24 14:07:57,750:INFO:Epoch 52, Training loss 108974.318359375, Validation loss 108882.7578125
2022-01-24 14:08:00,144:INFO:Epoch 53, Training loss 108946.798828125, Validation loss 108852.93359375
2022-01-24 14:08:02,535:INFO:Epoch 54, Training loss 108921.814453125, Validation loss 108821.541015625
2022-01-24 14:08:04,925:INFO:Epoch 55, Training loss 108895.64453125, Validation loss 108792.6796875
2022-01-24 14:08:07,273:INFO:Epoch 56, Training loss 108869.56640625, Validation loss 108764.07421875
2022-01-24 14:08:09,671:INFO:Epoch 57, Training loss 108842.458984375, Validation loss 108735.51953125
2022-01-24 14:08:12,039:INFO:Epoch 58, Training loss 108819.931640625, Validation loss 108710.974609375
2022-01-24 14:08:14,466:INFO:Epoch 59, Training loss 108797.43359375, Validation loss 108690.443359375
2022-01-24 14:08:16,825:INFO:Epoch 60, Training loss 108778.21484375, Validation loss 108668.505859375
2022-01-24 14:08:19,213:INFO:Epoch 61, Training loss 108761.904296875, Validation loss 108651.1875
2022-01-24 14:08:21,576:INFO:Epoch 62, Training loss 108744.328125, Validation loss 108637.248046875
2022-01-24 14:08:23,985:INFO:Epoch 63, Training loss 108729.68359375, Validation loss 108622.591796875
2022-01-24 14:08:26,352:INFO:Epoch 64, Training loss 108717.962890625, Validation loss 108613.357421875
2022-01-24 14:08:28,728:INFO:Epoch 65, Training loss 108706.708984375, Validation loss 108601.6015625
2022-01-24 14:08:31,103:INFO:Epoch 66, Training loss 108697.615234375, Validation loss 108590.814453125
2022-01-24 14:08:33,514:INFO:Epoch 67, Training loss 108689.333984375, Validation loss 108583.9375
2022-01-24 14:08:35,887:INFO:Epoch 68, Training loss 108681.681640625, Validation loss 108576.046875
2022-01-24 14:08:38,260:INFO:Epoch 69, Training loss 108673.35546875, Validation loss 108567.97265625
2022-01-24 14:08:40,647:INFO:Epoch 70, Training loss 108667.64453125, Validation loss 108559.966796875
2022-01-24 14:08:43,047:INFO:Epoch 71, Training loss 108662.76171875, Validation loss 108554.16015625
2022-01-24 14:08:45,434:INFO:Epoch 72, Training loss 108658.125, Validation loss 108549.818359375
2022-01-24 14:08:47,785:INFO:Epoch 73, Training loss 108652.978515625, Validation loss 108542.572265625
2022-01-24 14:08:50,170:INFO:Epoch 74, Training loss 108648.900390625, Validation loss 108536.833984375
2022-01-24 14:08:52,557:INFO:Epoch 75, Training loss 108645.09375, Validation loss 108535.642578125
2022-01-24 14:08:54,953:INFO:Epoch 76, Training loss 108643.576171875, Validation loss 108530.666015625
2022-01-24 14:08:57,293:INFO:Epoch 77, Training loss 108640.3125, Validation loss 108525.103515625
2022-01-24 14:08:59,692:INFO:Epoch 78, Training loss 108637.021484375, Validation loss 108522.2109375
2022-01-24 14:09:02,051:INFO:Epoch 79, Training loss 108633.8984375, Validation loss 108520.251953125
2022-01-24 14:09:04,471:INFO:Epoch 80, Training loss 108630.54296875, Validation loss 108516.6796875
2022-01-24 14:09:06,829:INFO:Epoch 81, Training loss 108629.845703125, Validation loss 108515.224609375
2022-01-24 14:09:09,225:INFO:Epoch 82, Training loss 108627.236328125, Validation loss 108513.37890625
2022-01-24 14:09:11,580:INFO:Epoch 83, Training loss 108626.435546875, Validation loss 108512.4296875
2022-01-24 14:09:13,994:INFO:Epoch 84, Training loss 108625.828125, Validation loss 108513.703125
2022-01-24 14:09:16,360:INFO:Epoch 85, Training loss 108624.150390625, Validation loss 108508.634765625
2022-01-24 14:09:18,756:INFO:Epoch 86, Training loss 108624.62890625, Validation loss 108504.447265625
2022-01-24 14:09:21,132:INFO:Epoch 87, Training loss 108624.025390625, Validation loss 108514.009765625
2022-01-24 14:09:23,543:INFO:Epoch 88, Training loss 108620.865234375, Validation loss 108514.9609375
2022-01-24 14:09:25,917:INFO:Epoch 89, Training loss 108621.6015625, Validation loss 108504.53515625
2022-01-24 14:09:28,327:INFO:Epoch 90, Training loss 108618.669921875, Validation loss 108498.935546875
2022-01-24 14:09:30,777:INFO:Epoch 91, Training loss 108618.05078125, Validation loss 108500.28515625
2022-01-24 14:09:33,252:INFO:Epoch 92, Training loss 108615.10546875, Validation loss 108499.740234375
2022-01-24 14:09:35,734:INFO:Epoch 93, Training loss 108611.4921875, Validation loss 108498.185546875
2022-01-24 14:09:38,181:INFO:Epoch 94, Training loss 108613.275390625, Validation loss 108495.919921875
2022-01-24 14:09:40,673:INFO:Epoch 95, Training loss 108613.74609375, Validation loss 108502.166015625
2022-01-24 14:09:43,154:INFO:Epoch 96, Training loss 108612.14453125, Validation loss 108500.048828125
2022-01-24 14:09:45,631:INFO:Epoch 97, Training loss 108612.59765625, Validation loss 108496.818359375
2022-01-24 14:09:48,070:INFO:Epoch 98, Training loss 108609.7109375, Validation loss 108492.517578125
2022-01-24 14:09:50,568:INFO:Epoch 99, Training loss 108610.6328125, Validation loss 108493.736328125
2022-01-24 14:09:53,025:INFO:Epoch 100, Training loss 108606.326171875, Validation loss 108492.85546875
2022-01-24 14:09:55,551:INFO:Epoch 101, Training loss 108606.287109375, Validation loss 108492.029296875
2022-01-24 14:09:57,998:INFO:Epoch 102, Training loss 108604.626953125, Validation loss 108491.42578125
2022-01-24 14:10:00,499:INFO:Epoch 103, Training loss 108606.16796875, Validation loss 108490.287109375
2022-01-24 14:10:02,967:INFO:Epoch 104, Training loss 108605.078125, Validation loss 108492.861328125
2022-01-24 14:10:05,486:INFO:Epoch 105, Training loss 108604.857421875, Validation loss 108490.560546875
2022-01-24 14:10:07,959:INFO:Epoch 106, Training loss 108604.396484375, Validation loss 108491.2421875
2022-01-24 14:10:10,434:INFO:Epoch 107, Training loss 108606.205078125, Validation loss 108490.8203125
2022-01-24 14:10:12,899:INFO:Epoch 108, Training loss 108603.759765625, Validation loss 108488.513671875
2022-01-24 14:10:15,397:INFO:Epoch 109, Training loss 108602.60546875, Validation loss 108492.939453125
2022-01-24 14:10:17,865:INFO:Epoch 110, Training loss 108602.060546875, Validation loss 108493.80078125
2022-01-24 14:10:20,329:INFO:Epoch 111, Training loss 108600.126953125, Validation loss 108488.1015625
2022-01-24 14:10:22,817:INFO:Epoch 112, Training loss 108600.552734375, Validation loss 108486.697265625
2022-01-24 14:10:25,318:INFO:Epoch 113, Training loss 108597.84375, Validation loss 108486.306640625
2022-01-24 14:10:27,796:INFO:Epoch 114, Training loss 108599.302734375, Validation loss 108487.896484375
2022-01-24 14:10:30,252:INFO:Epoch 115, Training loss 108599.083984375, Validation loss 108486.826171875
2022-01-24 14:10:32,773:INFO:Epoch 116, Training loss 108596.244140625, Validation loss 108486.439453125
2022-01-24 14:10:35,268:INFO:Epoch 117, Training loss 108596.6328125, Validation loss 108487.05859375
2022-01-24 14:10:37,770:INFO:Epoch 118, Training loss 108596.00390625, Validation loss 108490.16796875
2022-01-24 14:10:40,218:INFO:Epoch 119, Training loss 108596.38671875, Validation loss 108492.7265625
2022-01-24 14:10:42,726:INFO:Epoch 120, Training loss 108595.857421875, Validation loss 108492.193359375
2022-01-24 14:10:45,187:INFO:Epoch 121, Training loss 108597.9921875, Validation loss 108485.771484375
2022-01-24 14:10:47,709:INFO:Epoch 122, Training loss 108595.33203125, Validation loss 108483.8671875
2022-01-24 14:10:50,164:INFO:Epoch 123, Training loss 108593.26953125, Validation loss 108485.81640625
2022-01-24 14:10:52,657:INFO:Epoch 124, Training loss 108595.212890625, Validation loss 108493.576171875
2022-01-24 14:10:55,116:INFO:Epoch 125, Training loss 108595.3203125, Validation loss 108490.84765625
2022-01-24 14:10:57,626:INFO:Epoch 126, Training loss 108593.4296875, Validation loss 108484.55859375
2022-01-24 14:11:00,088:INFO:Epoch 127, Training loss 108590.95703125, Validation loss 108483.0703125
2022-01-24 14:11:02,570:INFO:Epoch 128, Training loss 108590.935546875, Validation loss 108486.015625
2022-01-24 14:11:05,041:INFO:Epoch 129, Training loss 108591.38671875, Validation loss 108486.9921875
2022-01-24 14:11:07,546:INFO:Epoch 130, Training loss 108591.296875, Validation loss 108481.857421875
2022-01-24 14:11:10,018:INFO:Epoch 131, Training loss 108588.87109375, Validation loss 108482.546875
2022-01-24 14:11:12,483:INFO:Epoch 132, Training loss 108590.8125, Validation loss 108482.4375
2022-01-24 14:11:14,969:INFO:Epoch 133, Training loss 108588.564453125, Validation loss 108481.115234375
2022-01-24 14:11:17,470:INFO:Epoch 134, Training loss 108588.583984375, Validation loss 108481.568359375
2022-01-24 14:11:19,962:INFO:Epoch 135, Training loss 108587.728515625, Validation loss 108485.63671875
2022-01-24 14:11:22,411:INFO:Epoch 136, Training loss 108588.91015625, Validation loss 108482.73828125
2022-01-24 14:11:24,918:INFO:Epoch 137, Training loss 108587.39453125, Validation loss 108482.359375
2022-01-24 14:11:27,405:INFO:Epoch 138, Training loss 108587.544921875, Validation loss 108480.3984375
2022-01-24 14:11:29,913:INFO:Epoch 139, Training loss 108586.0546875, Validation loss 108480.15625
2022-01-24 14:11:32,358:INFO:Epoch 140, Training loss 108585.65625, Validation loss 108481.5234375
2022-01-24 14:11:34,868:INFO:Epoch 141, Training loss 108586.4765625, Validation loss 108483.109375
2022-01-24 14:11:37,327:INFO:Epoch 142, Training loss 108585.99609375, Validation loss 108482.17578125
2022-01-24 14:11:39,851:INFO:Epoch 143, Training loss 108590.48046875, Validation loss 108482.337890625
2022-01-24 14:11:42,312:INFO:Epoch 144, Training loss 108588.537109375, Validation loss 108481.578125
2022-01-24 14:11:44,803:INFO:Epoch 145, Training loss 108586.2265625, Validation loss 108480.947265625
2022-01-24 14:11:47,266:INFO:Epoch 146, Training loss 108583.734375, Validation loss 108482.171875
2022-01-24 14:11:49,767:INFO:Epoch 147, Training loss 108583.685546875, Validation loss 108480.431640625
2022-01-24 14:11:52,168:INFO:Epoch 148, Training loss 108584.1875, Validation loss 108480.064453125
2022-01-24 14:11:54,557:INFO:Epoch 149, Training loss 108582.08984375, Validation loss 108477.736328125
2022-01-24 14:11:56,933:INFO:Epoch 150, Training loss 108582.2109375, Validation loss 108479.482421875
2022-01-24 14:11:59,345:INFO:Epoch 151, Training loss 108582.458984375, Validation loss 108479.166015625
2022-01-24 14:12:01,723:INFO:Epoch 152, Training loss 108581.248046875, Validation loss 108479.66015625
2022-01-24 14:12:04,101:INFO:Epoch 153, Training loss 108580.67578125, Validation loss 108478.7578125
2022-01-24 14:12:06,491:INFO:Epoch 154, Training loss 108580.853515625, Validation loss 108479.5
2022-01-24 14:12:08,888:INFO:Epoch 155, Training loss 108581.712890625, Validation loss 108478.2421875
2022-01-24 14:12:11,275:INFO:Epoch 156, Training loss 108579.892578125, Validation loss 108479.638671875
2022-01-24 14:12:13,640:INFO:Epoch 157, Training loss 108580.3359375, Validation loss 108480.419921875
2022-01-24 14:12:16,037:INFO:Epoch 158, Training loss 108579.33984375, Validation loss 108478.3046875
2022-01-24 14:12:18,433:INFO:Epoch 159, Training loss 108579.68359375, Validation loss 108478.646484375
2022-01-24 14:12:20,827:INFO:Epoch 160, Training loss 108580.44140625, Validation loss 108479.33203125
2022-01-24 14:12:23,179:INFO:Epoch 161, Training loss 108578.044921875, Validation loss 108477.26953125
2022-01-24 14:12:25,583:INFO:Epoch 162, Training loss 108580.783203125, Validation loss 108479.34765625
2022-01-24 14:12:27,963:INFO:Epoch 163, Training loss 108581.763671875, Validation loss 108479.5859375
2022-01-24 14:12:30,409:INFO:Epoch 164, Training loss 108579.07421875, Validation loss 108479.1484375
2022-01-24 14:12:32,777:INFO:Epoch 165, Training loss 108581.625, Validation loss 108483.818359375
2022-01-24 14:12:35,169:INFO:Epoch 166, Training loss 108582.02734375, Validation loss 108476.990234375
2022-01-24 14:12:37,539:INFO:Epoch 167, Training loss 108577.857421875, Validation loss 108479.076171875
2022-01-24 14:12:39,956:INFO:Epoch 168, Training loss 108579.40625, Validation loss 108480.173828125
2022-01-24 14:12:42,321:INFO:Epoch 169, Training loss 108580.359375, Validation loss 108480.4921875
2022-01-24 14:12:44,713:INFO:Epoch 170, Training loss 108580.54296875, Validation loss 108479.646484375
2022-01-24 14:12:47,089:INFO:Epoch 171, Training loss 108577.705078125, Validation loss 108482.505859375
2022-01-24 14:12:49,500:INFO:Epoch 172, Training loss 108576.55859375, Validation loss 108477.630859375
2022-01-24 14:12:51,873:INFO:Epoch 173, Training loss 108576.583984375, Validation loss 108476.830078125
2022-01-24 14:12:54,245:INFO:Epoch 174, Training loss 108575.728515625, Validation loss 108479.19140625
2022-01-24 14:12:56,631:INFO:Epoch 175, Training loss 108575.982421875, Validation loss 108478.00390625
2022-01-24 14:12:59,025:INFO:Epoch 176, Training loss 108575.798828125, Validation loss 108476.072265625
2022-01-24 14:13:01,408:INFO:Epoch 177, Training loss 108574.72265625, Validation loss 108477.72265625
2022-01-24 14:13:03,769:INFO:Epoch 178, Training loss 108575.080078125, Validation loss 108479.2109375
2022-01-24 14:13:06,163:INFO:Epoch 179, Training loss 108574.236328125, Validation loss 108478.04296875
2022-01-24 14:13:08,548:INFO:Epoch 180, Training loss 108575.93359375, Validation loss 108475.96484375
2022-01-24 14:13:10,939:INFO:Epoch 181, Training loss 108573.28125, Validation loss 108478.005859375
2022-01-24 14:13:13,287:INFO:Epoch 182, Training loss 108576.84765625, Validation loss 108477.625
2022-01-24 14:13:15,689:INFO:Epoch 183, Training loss 108575.10546875, Validation loss 108475.515625
2022-01-24 14:13:18,051:INFO:Epoch 184, Training loss 108574.0546875, Validation loss 108477.634765625
2022-01-24 14:13:20,474:INFO:Epoch 185, Training loss 108574.669921875, Validation loss 108478.619140625
2022-01-24 14:13:22,830:INFO:Epoch 186, Training loss 108573.7578125, Validation loss 108476.716796875
2022-01-24 14:13:25,225:INFO:Epoch 187, Training loss 108573.64453125, Validation loss 108480.0625
2022-01-24 14:13:27,585:INFO:Epoch 188, Training loss 108574.140625, Validation loss 108477.87109375
2022-01-24 14:13:30,023:INFO:Epoch 189, Training loss 108574.044921875, Validation loss 108478.05859375
2022-01-24 14:13:32,395:INFO:Epoch 190, Training loss 108572.556640625, Validation loss 108478.6171875
2022-01-24 14:13:34,775:INFO:Epoch 191, Training loss 108575.25, Validation loss 108477.875
2022-01-24 14:13:37,153:INFO:Epoch 192, Training loss 108573.927734375, Validation loss 108477.474609375
2022-01-24 14:13:39,561:INFO:Epoch 193, Training loss 108574.3046875, Validation loss 108481.001953125
2022-01-24 14:13:41,941:INFO:Epoch 194, Training loss 108574.009765625, Validation loss 108478.306640625
2022-01-24 14:13:44,314:INFO:Epoch 195, Training loss 108572.978515625, Validation loss 108478.490234375
2022-01-24 14:13:46,699:INFO:Epoch 196, Training loss 108573.005859375, Validation loss 108475.462890625
2022-01-24 14:13:49,100:INFO:Epoch 197, Training loss 108571.869140625, Validation loss 108479.89453125
2022-01-24 14:13:51,485:INFO:Epoch 198, Training loss 108575.404296875, Validation loss 108477.251953125
2022-01-24 14:13:53,844:INFO:Epoch 199, Training loss 108573.001953125, Validation loss 108478.466796875
2022-01-24 14:13:56,250:INFO:Epoch 200, Training loss 108571.03515625, Validation loss 108477.345703125
2022-01-24 14:13:58,636:INFO:Epoch 201, Training loss 108571.75, Validation loss 108477.27734375
2022-01-24 14:14:01,031:INFO:Epoch 202, Training loss 108570.189453125, Validation loss 108478.896484375
2022-01-24 14:14:03,382:INFO:Epoch 203, Training loss 108570.513671875, Validation loss 108476.474609375
2022-01-24 14:14:05,786:INFO:Epoch 204, Training loss 108570.78515625, Validation loss 108478.28125
2022-01-24 14:14:08,144:INFO:Epoch 205, Training loss 108571.1875, Validation loss 108475.66015625
2022-01-24 14:14:10,569:INFO:Epoch 206, Training loss 108569.267578125, Validation loss 108476.3515625
2022-01-24 14:14:12,925:INFO:Epoch 207, Training loss 108570.080078125, Validation loss 108476.408203125
2022-01-24 14:14:15,315:INFO:Epoch 208, Training loss 108568.890625, Validation loss 108477.921875
2022-01-24 14:14:17,682:INFO:Epoch 209, Training loss 108570.712890625, Validation loss 108476.388671875
2022-01-24 14:14:20,098:INFO:Epoch 210, Training loss 108569.619140625, Validation loss 108475.671875
2022-01-24 14:14:22,463:INFO:Epoch 211, Training loss 108570.513671875, Validation loss 108480.044921875
2022-01-24 14:14:24,843:INFO:Epoch 212, Training loss 108570.025390625, Validation loss 108479.44921875
2022-01-24 14:14:27,218:INFO:Epoch 213, Training loss 108569.806640625, Validation loss 108476.630859375
2022-01-24 14:14:29,623:INFO:Epoch 214, Training loss 108570.140625, Validation loss 108477.919921875
2022-01-24 14:14:32,004:INFO:Epoch 215, Training loss 108569.28125, Validation loss 108478.876953125
2022-01-24 14:14:34,373:INFO:Epoch 216, Training loss 108568.583984375, Validation loss 108475.890625
2022-01-24 14:14:36,755:INFO:Epoch 217, Training loss 108567.427734375, Validation loss 108476.287109375
2022-01-24 14:14:39,147:INFO:Epoch 218, Training loss 108569.625, Validation loss 108478.10546875
2022-01-24 14:14:41,526:INFO:Epoch 219, Training loss 108571.96484375, Validation loss 108486.625
2022-01-24 14:14:43,888:INFO:Epoch 220, Training loss 108572.822265625, Validation loss 108478.48828125
2022-01-24 14:14:46,272:INFO:Epoch 221, Training loss 108571.33203125, Validation loss 108477.541015625
2022-01-24 14:14:48,662:INFO:Epoch 222, Training loss 108570.416015625, Validation loss 108479.865234375
2022-01-24 14:14:51,058:INFO:Epoch 223, Training loss 108567.23046875, Validation loss 108474.939453125
2022-01-24 14:14:53,410:INFO:Epoch 224, Training loss 108571.27734375, Validation loss 108475.669921875
2022-01-24 14:14:55,817:INFO:Epoch 225, Training loss 108566.158203125, Validation loss 108476.759765625
2022-01-24 14:14:58,175:INFO:Epoch 226, Training loss 108567.82421875, Validation loss 108477.283203125
2022-01-24 14:15:00,604:INFO:Epoch 227, Training loss 108570.87890625, Validation loss 108476.654296875
2022-01-24 14:15:02,963:INFO:Epoch 228, Training loss 108571.63671875, Validation loss 108486.5546875
2022-01-24 14:15:05,360:INFO:Epoch 229, Training loss 108575.228515625, Validation loss 108478.107421875
2022-01-24 14:15:07,726:INFO:Epoch 230, Training loss 108570.1640625, Validation loss 108479.30859375
2022-01-24 14:15:10,139:INFO:Epoch 231, Training loss 108565.984375, Validation loss 108481.384765625
2022-01-24 14:15:12,514:INFO:Epoch 232, Training loss 108567.64453125, Validation loss 108479.431640625
2022-01-24 14:15:14,892:INFO:Epoch 233, Training loss 108568.66796875, Validation loss 108475.892578125
2022-01-24 14:15:17,267:INFO:Epoch 234, Training loss 108568.384765625, Validation loss 108487.271484375
2022-01-24 14:15:19,674:INFO:Epoch 235, Training loss 108570.44140625, Validation loss 108479.21875
2022-01-24 14:15:22,049:INFO:Epoch 236, Training loss 108569.044921875, Validation loss 108479.28125
2022-01-24 14:15:24,420:INFO:Epoch 237, Training loss 108569.064453125, Validation loss 108478.748046875
2022-01-24 14:15:26,805:INFO:Epoch 238, Training loss 108568.572265625, Validation loss 108480.609375
2022-01-24 14:15:29,207:INFO:Epoch 239, Training loss 108566.392578125, Validation loss 108479.3046875
2022-01-24 14:15:31,587:INFO:Epoch 240, Training loss 108567.685546875, Validation loss 108478.736328125
2022-01-24 14:15:33,946:INFO:Epoch 241, Training loss 108564.431640625, Validation loss 108476.18359375
2022-01-24 14:15:36,348:INFO:Epoch 242, Training loss 108566.1015625, Validation loss 108476.3203125
2022-01-24 14:15:38,738:INFO:Epoch 243, Training loss 108567.154296875, Validation loss 108478.109375
2022-01-24 14:15:41,129:INFO:Epoch 244, Training loss 108564.4375, Validation loss 108478.419921875
2022-01-24 14:15:43,478:INFO:Epoch 245, Training loss 108565.408203125, Validation loss 108477.556640625
2022-01-24 14:15:45,878:INFO:Epoch 246, Training loss 108563.41015625, Validation loss 108477.87109375
2022-01-24 14:15:48,238:INFO:Epoch 247, Training loss 108565.4921875, Validation loss 108476.201171875
2022-01-24 14:15:50,664:INFO:Epoch 248, Training loss 108564.8671875, Validation loss 108476.408203125
2022-01-24 14:15:53,022:INFO:Epoch 249, Training loss 108565.583984375, Validation loss 108479.65625
2022-01-24 14:15:55,416:INFO:Epoch 250, Training loss 108567.171875, Validation loss 108475.779296875
2022-01-24 14:15:57,794:INFO:Epoch 251, Training loss 108563.828125, Validation loss 108476.65625
2022-01-24 14:16:00,218:INFO:Epoch 252, Training loss 108565.099609375, Validation loss 108478.90625
2022-01-24 14:16:02,590:INFO:Epoch 253, Training loss 108566.09765625, Validation loss 108477.89453125
2022-01-24 14:16:04,964:INFO:Epoch 254, Training loss 108565.685546875, Validation loss 108477.95703125
2022-01-24 14:16:07,338:INFO:Epoch 255, Training loss 108563.49609375, Validation loss 108479.484375
2022-01-24 14:16:09,747:INFO:Epoch 256, Training loss 108564.6171875, Validation loss 108475.638671875
2022-01-24 14:16:12,123:INFO:Epoch 257, Training loss 108565.89453125, Validation loss 108482.623046875
2022-01-24 14:16:14,494:INFO:Epoch 258, Training loss 108567.373046875, Validation loss 108478.5546875
2022-01-24 14:16:16,875:INFO:Epoch 259, Training loss 108564.53515625, Validation loss 108477.533203125
2022-01-24 14:16:19,275:INFO:Epoch 260, Training loss 108562.068359375, Validation loss 108477.015625
2022-01-24 14:16:21,660:INFO:Epoch 261, Training loss 108564.287109375, Validation loss 108478.75390625
2022-01-24 14:16:24,031:INFO:Epoch 262, Training loss 108565.208984375, Validation loss 108479.646484375
2022-01-24 14:16:26,423:INFO:Epoch 263, Training loss 108562.626953125, Validation loss 108477.53125
2022-01-24 14:16:28,809:INFO:Epoch 264, Training loss 108565.068359375, Validation loss 108480.3515625
2022-01-24 14:16:31,202:INFO:Epoch 265, Training loss 108565.8203125, Validation loss 108481.525390625
2022-01-24 14:16:33,561:INFO:Epoch 266, Training loss 108563.50390625, Validation loss 108478.3828125
2022-01-24 14:16:35,967:INFO:Epoch 267, Training loss 108563.484375, Validation loss 108478.560546875
2022-01-24 14:16:38,326:INFO:Epoch 268, Training loss 108562.708984375, Validation loss 108477.30859375
2022-01-24 14:16:40,750:INFO:Epoch 269, Training loss 108562.529296875, Validation loss 108477.552734375
2022-01-24 14:16:43,106:INFO:Epoch 270, Training loss 108562.177734375, Validation loss 108481.826171875
2022-01-24 14:16:45,493:INFO:Epoch 271, Training loss 108563.603515625, Validation loss 108479.24609375
2022-01-24 14:16:47,862:INFO:Epoch 272, Training loss 108562.57421875, Validation loss 108477.8046875
2022-01-24 14:16:50,276:INFO:Epoch 273, Training loss 108564.33984375, Validation loss 108478.09765625
2022-01-24 14:16:50,283:INFO:Finished training
