8.466859570312500000e+04
8.466854492187500000e+04
8.466854492187500000e+04
8.466854492187500000e+04
8.466854492187500000e+04
8.466854492187500000e+04
8.466854492187500000e+04
8.466854492187500000e+04
8.466854492187500000e+04
8.466854492187500000e+04
8.466854492187500000e+04
7.387018261718750000e+04
7.384017480468750000e+04
7.377629785156250000e+04
7.378534375000000000e+04
7.376614941406250000e+04
7.376948632812500000e+04
7.376329882812500000e+04
7.376367089843750000e+04
7.376120703125000000e+04
7.376115429687500000e+04
7.375990527343750000e+04
7.375943750000000000e+04
7.375842675781250000e+04
7.375825292968750000e+04
7.375739355468750000e+04
7.375668261718750000e+04
7.375607421875000000e+04
7.375555761718750000e+04
7.375488476562500000e+04
7.375451171875000000e+04
7.375379101562500000e+04
7.375326757812500000e+04
7.375294628906250000e+04
7.375257617187500000e+04
7.375237109375000000e+04
7.375125390625000000e+04
7.375147070312500000e+04
7.375020800781250000e+04
7.374957617187500000e+04
7.374935644531250000e+04
7.374835253906250000e+04
7.374832812500000000e+04
7.374785253906250000e+04
7.374674511718750000e+04
7.374631445312500000e+04
7.374597363281250000e+04
7.374526464843750000e+04
7.374457128906250000e+04
7.374389355468750000e+04
7.374354785156250000e+04
7.374338964843750000e+04
7.374207812500000000e+04
7.374126562500000000e+04
7.374062402343750000e+04
7.373962207031250000e+04
7.374068847656250000e+04
7.373939160156250000e+04
7.373910644531250000e+04
7.373827539062500000e+04
7.373939843750000000e+04
7.373762109375000000e+04
7.373596679687500000e+04
7.373550195312500000e+04
7.373457128906250000e+04
7.373341503906250000e+04
7.373422363281250000e+04
7.373192968750000000e+04
7.373195117187500000e+04
7.373076269531250000e+04
