1.836274414062500000e+05
1.836274453125000000e+05
1.836274492187500000e+05
1.836274453125000000e+05
1.836274414062500000e+05
1.836274414062500000e+05
1.836274414062500000e+05
1.836274453125000000e+05
1.836274414062500000e+05
1.836274453125000000e+05
1.836274492187500000e+05
1.836274414062500000e+05
1.836274492187500000e+05
1.836274414062500000e+05
1.836274453125000000e+05
1.836274453125000000e+05
1.567016914062500000e+05
1.506439921875000000e+05
1.496170722656250000e+05
1.492229023437500000e+05
1.482405234375000000e+05
1.468197558593750000e+05
1.452530292968750000e+05
1.440241738281250000e+05
1.435197070312500000e+05
1.435385312500000000e+05
1.434754843750000000e+05
1.434059609375000000e+05
1.433942226562500000e+05
1.433824257812500000e+05
1.433584941406250000e+05
1.433409804687500000e+05
1.433322792968750000e+05
1.433224101562500000e+05
1.433199882812500000e+05
1.433144960937500000e+05
1.433043476562500000e+05
1.433111289062500000e+05
1.432976718750000000e+05
1.432956640625000000e+05
1.432934960937500000e+05
1.432903652343750000e+05
1.432994980468750000e+05
1.432841914062500000e+05
1.432842324218750000e+05
1.432803847656250000e+05
1.432808261718750000e+05
1.432781191406250000e+05
1.432783222656250000e+05
1.432744316406250000e+05
1.432760703125000000e+05
1.432748222656250000e+05
1.432876132812500000e+05
1.432876679687500000e+05
1.432832597656250000e+05
1.432749433593750000e+05
1.432734042968750000e+05
1.432723613281250000e+05
1.432789277343750000e+05
1.432805957031250000e+05
1.432741679687500000e+05
1.432818691406250000e+05
1.432823984375000000e+05
1.432822988281250000e+05
1.432786289062500000e+05
1.432760917968750000e+05
1.432775605468750000e+05
1.432764687500000000e+05
1.432777050781250000e+05
1.432663183593750000e+05
1.432762382812500000e+05
1.432804160156250000e+05
1.432818750000000000e+05
1.432801152343750000e+05
1.432707480468750000e+05
1.432676875000000000e+05
1.432667695312500000e+05
1.432642812500000000e+05
1.432642050781250000e+05
1.432656953125000000e+05
1.432636894531250000e+05
1.432674003906250000e+05
1.432644980468750000e+05
1.432681542968750000e+05
1.432736523437500000e+05
1.432746562500000000e+05
1.432659863281250000e+05
1.432682460937500000e+05
1.432648027343750000e+05
1.432622656250000000e+05
1.432637460937500000e+05
1.432623496093750000e+05
1.432603554687500000e+05
1.432596308593750000e+05
1.432736386718750000e+05
1.432713730468750000e+05
1.432725820312500000e+05
1.432647910156250000e+05
1.432639511718750000e+05
1.432655507812500000e+05
1.432620292968750000e+05
1.432625566406250000e+05
1.432603261718750000e+05
1.432611835937500000e+05
1.432612910156250000e+05
1.432671191406250000e+05
1.432697246093750000e+05
1.432823886718750000e+05
1.432788222656250000e+05
1.432787734375000000e+05
1.432825097656250000e+05
1.432775585937500000e+05
1.432717480468750000e+05
1.432736132812500000e+05
1.432658066406250000e+05
1.432692031250000000e+05
1.432701796875000000e+05
1.432690585937500000e+05
1.432639140625000000e+05
1.432631601562500000e+05
1.432642324218750000e+05
1.432633847656250000e+05
1.432654218750000000e+05
1.432772851562500000e+05
1.432736660156250000e+05
1.432713867187500000e+05
1.432632617187500000e+05
1.432604062500000000e+05
1.432653496093750000e+05
1.432576582031250000e+05
1.432571933593750000e+05
1.432588867187500000e+05
1.432601406250000000e+05
1.432585859375000000e+05
1.432593750000000000e+05
1.432614707031250000e+05
1.432566308593750000e+05
1.432558925781250000e+05
1.432541386718750000e+05
1.432590898437500000e+05
1.432582734375000000e+05
1.432631660156250000e+05
1.432555761718750000e+05
1.432560253906250000e+05
1.432558769531250000e+05
1.432583476562500000e+05
1.432583203125000000e+05
1.432649003906250000e+05
1.432566367187500000e+05
1.432573496093750000e+05
1.432529570312500000e+05
1.432589492187500000e+05
1.432543750000000000e+05
1.432604062500000000e+05
1.432585898437500000e+05
1.432523300781250000e+05
1.432560507812500000e+05
1.432635429687500000e+05
1.432598750000000000e+05
1.432572910156250000e+05
1.432547148437500000e+05
1.432537285156250000e+05
1.432555019531250000e+05
1.432542382812500000e+05
1.432586152343750000e+05
1.432530839843750000e+05
1.432569902343750000e+05
1.432559238281250000e+05
1.432581132812500000e+05
1.432609472656250000e+05
1.432693750000000000e+05
1.432600566406250000e+05
1.432558652343750000e+05
1.432520214843750000e+05
1.432500371093750000e+05
1.432549121093750000e+05
1.432541855468750000e+05
1.432554277343750000e+05
1.432577890625000000e+05
1.432528476562500000e+05
1.432521777343750000e+05
1.432551757812500000e+05
1.432542871093750000e+05
1.432557324218750000e+05
1.432544785156250000e+05
1.432514824218750000e+05
1.432597851562500000e+05
1.432595546875000000e+05
1.432533417968750000e+05
1.432534433593750000e+05
1.432562421875000000e+05
1.432568144531250000e+05
1.432567089843750000e+05
1.432527578125000000e+05
1.432555546875000000e+05
1.432582285156250000e+05
1.432660292968750000e+05
1.432701953125000000e+05
1.432650097656250000e+05
1.432564472656250000e+05
1.432661093750000000e+05
1.432500585937500000e+05
1.432554824218750000e+05
1.432546582031250000e+05
1.432511757812500000e+05
1.432500175781250000e+05
1.432518378906250000e+05
1.432488691406250000e+05
1.432540996093750000e+05
1.432531679687500000e+05
1.432562714843750000e+05
1.432554238281250000e+05
1.432524843750000000e+05
1.432562128906250000e+05
1.432521816406250000e+05
1.432509824218750000e+05
1.432535136718750000e+05
1.432481113281250000e+05
1.432491093750000000e+05
1.432511816406250000e+05
1.432522734375000000e+05
1.432510468750000000e+05
1.432590175781250000e+05
1.432511191406250000e+05
1.432476582031250000e+05
1.432516835937500000e+05
1.432533457031250000e+05
1.432486679687500000e+05
1.432512773437500000e+05
