2022-01-24 14:09:30,925:INFO:All directories created, ready to load the data
2022-01-24 14:09:30,967:INFO:Dataset loaded from /data/theorie/jthoeve/event_generation/events_high_stats/pT/lin/cHq3/events_18.npy
2022-01-24 14:09:30,971:INFO:Dataset loaded from /data/theorie/jthoeve/event_generation/events_high_stats/pT/sm/events_18.npy
2022-01-24 14:09:33,579:INFO:Epoch 1, Training loss 84646.650390625, Validation loss 84646.650390625
2022-01-24 14:09:36,178:INFO:Epoch 2, Training loss 84646.650390625, Validation loss 84646.650390625
2022-01-24 14:09:38,766:INFO:Epoch 3, Training loss 84646.650390625, Validation loss 84646.650390625
2022-01-24 14:09:41,387:INFO:Epoch 4, Training loss 84646.650390625, Validation loss 84646.650390625
2022-01-24 14:09:43,981:INFO:Epoch 5, Training loss 84646.650390625, Validation loss 84646.650390625
2022-01-24 14:09:46,570:INFO:Epoch 6, Training loss 84646.650390625, Validation loss 84646.650390625
2022-01-24 14:09:49,171:INFO:Epoch 7, Training loss 84646.650390625, Validation loss 84646.650390625
2022-01-24 14:09:51,786:INFO:Epoch 8, Training loss 84646.650390625, Validation loss 84646.650390625
2022-01-24 14:09:54,399:INFO:Epoch 9, Training loss 84646.650390625, Validation loss 84646.650390625
2022-01-24 14:09:56,974:INFO:Epoch 10, Training loss 84646.650390625, Validation loss 84646.650390625
2022-01-24 14:09:59,589:INFO:Epoch 11, Training loss 84646.650390625, Validation loss 84646.650390625
2022-01-24 14:09:59,593:INFO:Detected stagant training, reset the weights
2022-01-24 14:10:02,205:INFO:Epoch 12, Training loss 84642.3203125, Validation loss 84619.568359375
2022-01-24 14:10:04,825:INFO:Epoch 13, Training loss 84229.84765625, Validation loss 81522.6884765625
2022-01-24 14:10:07,403:INFO:Epoch 14, Training loss 78636.5341796875, Validation loss 75273.7177734375
2022-01-24 14:10:10,036:INFO:Epoch 15, Training loss 74498.873046875, Validation loss 73983.419921875
2022-01-24 14:10:12,612:INFO:Epoch 16, Training loss 74082.4267578125, Validation loss 74195.64453125
2022-01-24 14:10:15,264:INFO:Epoch 17, Training loss 74162.95703125, Validation loss 74044.8681640625
2022-01-24 14:10:17,834:INFO:Epoch 18, Training loss 73932.986328125, Validation loss 73815.6103515625
2022-01-24 14:10:20,444:INFO:Epoch 19, Training loss 73795.99609375, Validation loss 73807.5537109375
2022-01-24 14:10:23,028:INFO:Epoch 20, Training loss 73784.8125, Validation loss 73767.578125
2022-01-24 14:10:25,661:INFO:Epoch 21, Training loss 73755.994140625, Validation loss 73750.68359375
2022-01-24 14:10:28,241:INFO:Epoch 22, Training loss 73749.7568359375, Validation loss 73754.3017578125
2022-01-24 14:10:30,840:INFO:Epoch 23, Training loss 73751.5791015625, Validation loss 73751.5546875
2022-01-24 14:10:33,426:INFO:Epoch 24, Training loss 73749.0107421875, Validation loss 73750.046875
2022-01-24 14:10:36,050:INFO:Epoch 25, Training loss 73747.8896484375, Validation loss 73749.55078125
2022-01-24 14:10:38,632:INFO:Epoch 26, Training loss 73747.083984375, Validation loss 73748.8876953125
2022-01-24 14:10:41,215:INFO:Epoch 27, Training loss 73745.2978515625, Validation loss 73749.0244140625
2022-01-24 14:10:43,816:INFO:Epoch 28, Training loss 73745.3154296875, Validation loss 73749.4599609375
2022-01-24 14:10:46,429:INFO:Epoch 29, Training loss 73744.8271484375, Validation loss 73749.47265625
2022-01-24 14:10:49,031:INFO:Epoch 30, Training loss 73744.3251953125, Validation loss 73749.0849609375
2022-01-24 14:10:51,592:INFO:Epoch 31, Training loss 73743.8017578125, Validation loss 73748.91796875
2022-01-24 14:10:54,192:INFO:Epoch 32, Training loss 73743.705078125, Validation loss 73748.8408203125
2022-01-24 14:10:56,794:INFO:Epoch 33, Training loss 73743.384765625, Validation loss 73748.7314453125
2022-01-24 14:10:59,405:INFO:Epoch 34, Training loss 73742.9873046875, Validation loss 73748.8330078125
2022-01-24 14:11:01,959:INFO:Epoch 35, Training loss 73742.685546875, Validation loss 73749.001953125
2022-01-24 14:11:04,570:INFO:Epoch 36, Training loss 73742.5283203125, Validation loss 73749.1591796875
2022-01-24 14:11:07,110:INFO:Epoch 37, Training loss 73742.2998046875, Validation loss 73749.25
2022-01-24 14:11:09,745:INFO:Epoch 38, Training loss 73742.04296875, Validation loss 73749.4111328125
2022-01-24 14:11:12,312:INFO:Epoch 39, Training loss 73741.8310546875, Validation loss 73749.7001953125
2022-01-24 14:11:14,909:INFO:Epoch 40, Training loss 73741.4873046875, Validation loss 73750.2158203125
2022-01-24 14:11:17,483:INFO:Epoch 41, Training loss 73741.2353515625, Validation loss 73750.587890625
2022-01-24 14:11:20,108:INFO:Epoch 42, Training loss 73741.08984375, Validation loss 73751.1513671875
2022-01-24 14:11:22,692:INFO:Epoch 43, Training loss 73740.8623046875, Validation loss 73751.1787109375
2022-01-24 14:11:25,286:INFO:Epoch 44, Training loss 73740.66015625, Validation loss 73751.3525390625
2022-01-24 14:11:27,868:INFO:Epoch 45, Training loss 73740.435546875, Validation loss 73751.490234375
2022-01-24 14:11:30,485:INFO:Epoch 46, Training loss 73740.251953125, Validation loss 73751.53125
2022-01-24 14:11:33,076:INFO:Epoch 47, Training loss 73740.06640625, Validation loss 73751.7998046875
2022-01-24 14:11:35,645:INFO:Epoch 48, Training loss 73739.78515625, Validation loss 73751.9755859375
2022-01-24 14:11:38,231:INFO:Epoch 49, Training loss 73739.78515625, Validation loss 73752.052734375
2022-01-24 14:11:40,840:INFO:Epoch 50, Training loss 73739.4775390625, Validation loss 73752.5400390625
2022-01-24 14:11:43,441:INFO:Epoch 51, Training loss 73739.4619140625, Validation loss 73752.5029296875
2022-01-24 14:11:46,020:INFO:Epoch 52, Training loss 73739.001953125, Validation loss 73752.9306640625
2022-01-24 14:11:48,622:INFO:Epoch 53, Training loss 73738.8134765625, Validation loss 73752.8037109375
2022-01-24 14:11:51,235:INFO:Epoch 54, Training loss 73738.666015625, Validation loss 73752.859375
2022-01-24 14:11:53,837:INFO:Epoch 55, Training loss 73738.5244140625, Validation loss 73753.0947265625
2022-01-24 14:11:56,397:INFO:Epoch 56, Training loss 73738.0771484375, Validation loss 73753.953125
2022-01-24 14:11:59,005:INFO:Epoch 57, Training loss 73738.1669921875, Validation loss 73754.474609375
2022-01-24 14:12:01,556:INFO:Epoch 58, Training loss 73737.7421875, Validation loss 73754.05859375
2022-01-24 14:12:04,193:INFO:Epoch 59, Training loss 73737.470703125, Validation loss 73754.521484375
2022-01-24 14:12:06,768:INFO:Epoch 60, Training loss 73737.41796875, Validation loss 73754.86328125
2022-01-24 14:12:09,370:INFO:Epoch 61, Training loss 73736.8662109375, Validation loss 73754.970703125
2022-01-24 14:12:11,938:INFO:Epoch 62, Training loss 73736.69140625, Validation loss 73755.29296875
2022-01-24 14:12:14,554:INFO:Epoch 63, Training loss 73736.23828125, Validation loss 73755.525390625
2022-01-24 14:12:17,119:INFO:Epoch 64, Training loss 73735.97265625, Validation loss 73755.87109375
2022-01-24 14:12:19,702:INFO:Epoch 65, Training loss 73735.5107421875, Validation loss 73756.4404296875
2022-01-24 14:12:22,269:INFO:Epoch 66, Training loss 73735.1728515625, Validation loss 73756.87109375
2022-01-24 14:12:24,871:INFO:Epoch 67, Training loss 73734.669921875, Validation loss 73757.3427734375
2022-01-24 14:12:27,434:INFO:Epoch 68, Training loss 73734.4990234375, Validation loss 73757.8193359375
2022-01-24 14:12:29,997:INFO:Epoch 69, Training loss 73733.80078125, Validation loss 73758.033203125
2022-01-24 14:12:32,581:INFO:Epoch 70, Training loss 73733.669921875, Validation loss 73758.48828125
2022-01-24 14:12:35,166:INFO:Epoch 71, Training loss 73733.1591796875, Validation loss 73758.7705078125
2022-01-24 14:12:37,732:INFO:Epoch 72, Training loss 73732.544921875, Validation loss 73759.2470703125
2022-01-24 14:12:40,276:INFO:Epoch 73, Training loss 73732.169921875, Validation loss 73759.8759765625
2022-01-24 14:12:42,862:INFO:Epoch 74, Training loss 73731.7275390625, Validation loss 73760.3681640625
2022-01-24 14:12:45,428:INFO:Epoch 75, Training loss 73731.3251953125, Validation loss 73761.4033203125
2022-01-24 14:12:48,017:INFO:Epoch 76, Training loss 73730.548828125, Validation loss 73760.921875
2022-01-24 14:12:50,566:INFO:Epoch 77, Training loss 73730.064453125, Validation loss 73761.3935546875
2022-01-24 14:12:53,159:INFO:Epoch 78, Training loss 73729.81640625, Validation loss 73763.1748046875
2022-01-24 14:12:55,713:INFO:Epoch 79, Training loss 73728.9501953125, Validation loss 73762.638671875
2022-01-24 14:12:58,346:INFO:Epoch 80, Training loss 73728.2919921875, Validation loss 73763.4423828125
2022-01-24 14:13:00,908:INFO:Epoch 81, Training loss 73728.0078125, Validation loss 73764.7294921875
2022-01-24 14:13:03,497:INFO:Epoch 82, Training loss 73727.3984375, Validation loss 73764.0048828125
2022-01-24 14:13:06,060:INFO:Epoch 83, Training loss 73726.7236328125, Validation loss 73764.7666015625
2022-01-24 14:13:06,065:INFO:Finished training
