2.079971875000000000e+05
2.079971875000000000e+05
2.079971875000000000e+05
2.079971875000000000e+05
2.079971875000000000e+05
2.079971875000000000e+05
2.079971875000000000e+05
2.079971875000000000e+05
2.079971875000000000e+05
2.079971875000000000e+05
2.079971875000000000e+05
1.164774003906250000e+05
1.124775937500000000e+05
1.099888417968750000e+05
1.093413242187500000e+05
1.095394394531250000e+05
1.094571718750000000e+05
1.092738027343750000e+05
1.092203710937500000e+05
1.092077695312500000e+05
1.091733144531250000e+05
1.091465195312500000e+05
1.091317851562500000e+05
1.091147578125000000e+05
1.090918437500000000e+05
1.090700371093750000e+05
1.090471816406250000e+05
1.090207636718750000e+05
1.089918730468750000e+05
1.089589316406250000e+05
1.089221328125000000e+05
1.088801972656250000e+05
1.088305351562500000e+05
1.087749921875000000e+05
1.087176054687500000e+05
1.086579453125000000e+05
1.086145253906250000e+05
1.085877382812500000e+05
1.085775976562500000e+05
1.085697734375000000e+05
1.085591992187500000e+05
1.085543320312500000e+05
1.085501562500000000e+05
1.085494707031250000e+05
1.085454804687500000e+05
1.085437519531250000e+05
1.085439492187500000e+05
1.085417207031250000e+05
1.085373203125000000e+05
1.085344804687500000e+05
1.085361894531250000e+05
1.085343261718750000e+05
1.085298457031250000e+05
1.085328359375000000e+05
1.085271679687500000e+05
1.085231601562500000e+05
1.085210039062500000e+05
1.085235722656250000e+05
1.085207070312500000e+05
1.085179433593750000e+05
1.085159804687500000e+05
1.085128261718750000e+05
1.085135429687500000e+05
1.085135000000000000e+05
1.085138808593750000e+05
1.085127968750000000e+05
1.085097812500000000e+05
1.085075468750000000e+05
1.085066875000000000e+05
1.085079902343750000e+05
1.085056835937500000e+05
1.085042617187500000e+05
1.085058125000000000e+05
1.085036582031250000e+05
1.085059042968750000e+05
1.085068300781250000e+05
1.085079531250000000e+05
1.085052753906250000e+05
1.085010937500000000e+05
1.085020058593750000e+05
1.085007851562500000e+05
1.085003125000000000e+05
1.084978164062500000e+05
1.084989453125000000e+05
1.084988144531250000e+05
1.084993085937500000e+05
1.084971914062500000e+05
1.084968339843750000e+05
1.084952714843750000e+05
1.084947812500000000e+05
1.084947187500000000e+05
1.084964628906250000e+05
1.084947011718750000e+05
1.084957226562500000e+05
1.084932011718750000e+05
1.084940507812500000e+05
1.084966445312500000e+05
1.084920683593750000e+05
1.084953183593750000e+05
1.084963535156250000e+05
1.084937363281250000e+05
1.084923125000000000e+05
1.084934667968750000e+05
1.084896035156250000e+05
1.084911953125000000e+05
1.084902167968750000e+05
1.084887128906250000e+05
1.084900625000000000e+05
1.084878378906250000e+05
1.084894707031250000e+05
1.084874843750000000e+05
1.084866777343750000e+05
1.084877871093750000e+05
