8.462336914062500000e+04
8.462336914062500000e+04
8.462336914062500000e+04
8.462336914062500000e+04
8.462336914062500000e+04
8.462336914062500000e+04
8.462336914062500000e+04
8.462336914062500000e+04
8.462336914062500000e+04
8.462336914062500000e+04
8.462336914062500000e+04
7.457823046875000000e+04
7.378502246093750000e+04
7.389726562500000000e+04
7.375787402343750000e+04
7.375068750000000000e+04
7.373696972656250000e+04
7.372472656250000000e+04
7.372832128906250000e+04
7.372168945312500000e+04
7.372139746093750000e+04
7.372077246093750000e+04
7.371936132812500000e+04
7.371917675781250000e+04
7.371866796875000000e+04
7.371851660156250000e+04
7.371820703125000000e+04
7.371780175781250000e+04
7.371748925781250000e+04
7.371744921875000000e+04
7.371713085937500000e+04
7.371699218750000000e+04
7.371684277343750000e+04
7.371656347656250000e+04
7.371653125000000000e+04
7.371637109375000000e+04
7.371611132812500000e+04
7.371637695312500000e+04
7.371625683593750000e+04
7.371591796875000000e+04
7.371585156250000000e+04
7.371544140625000000e+04
7.371532617187500000e+04
7.371524414062500000e+04
7.371530468750000000e+04
7.371500781250000000e+04
7.371501953125000000e+04
7.371495605468750000e+04
7.371463964843750000e+04
7.371438574218750000e+04
7.371427734375000000e+04
7.371421484375000000e+04
7.371411035156250000e+04
7.371408496093750000e+04
7.371401269531250000e+04
7.371372363281250000e+04
7.371371679687500000e+04
7.371333984375000000e+04
7.371333691406250000e+04
7.371337500000000000e+04
7.371306152343750000e+04
7.371317285156250000e+04
7.371266113281250000e+04
7.371277343750000000e+04
7.371240527343750000e+04
7.371236914062500000e+04
7.371227148437500000e+04
