2022-01-24 14:05:53,899:INFO:All directories created, ready to load the data
2022-01-24 14:05:53,948:INFO:Dataset loaded from /data/theorie/jthoeve/event_generation/events_high_stats/pT/lin/cHW/events_15.npy
2022-01-24 14:05:53,986:INFO:Dataset loaded from /data/theorie/jthoeve/event_generation/events_high_stats/pT/sm/events_15.npy
2022-01-24 14:05:56,422:INFO:Epoch 1, Training loss 140272.59765625, Validation loss 134207.03125
2022-01-24 14:05:58,833:INFO:Epoch 2, Training loss 131104.66796875, Validation loss 127004.517578125
2022-01-24 14:06:01,221:INFO:Epoch 3, Training loss 124805.896484375, Validation loss 121843.107421875
2022-01-24 14:06:03,644:INFO:Epoch 4, Training loss 120184.765625, Validation loss 117937.16796875
2022-01-24 14:06:06,038:INFO:Epoch 5, Training loss 116663.390625, Validation loss 114956.3515625
2022-01-24 14:06:08,426:INFO:Epoch 6, Training loss 113921.9921875, Validation loss 112541.056640625
2022-01-24 14:06:10,819:INFO:Epoch 7, Training loss 111675.84375, Validation loss 110636.55859375
2022-01-24 14:06:13,231:INFO:Epoch 8, Training loss 110070.9921875, Validation loss 109597.337890625
2022-01-24 14:06:15,628:INFO:Epoch 9, Training loss 109410.71484375, Validation loss 109474.54296875
2022-01-24 14:06:18,003:INFO:Epoch 10, Training loss 109455.953125, Validation loss 109600.01953125
2022-01-24 14:06:20,413:INFO:Epoch 11, Training loss 109490.4921875, Validation loss 109481.55859375
2022-01-24 14:06:22,823:INFO:Epoch 12, Training loss 109336.16015625, Validation loss 109316.970703125
2022-01-24 14:06:25,243:INFO:Epoch 13, Training loss 109227.1328125, Validation loss 109278.015625
2022-01-24 14:06:27,624:INFO:Epoch 14, Training loss 109218.736328125, Validation loss 109271.421875
2022-01-24 14:06:30,052:INFO:Epoch 15, Training loss 109196.18359375, Validation loss 109230.693359375
2022-01-24 14:06:32,426:INFO:Epoch 16, Training loss 109153.083984375, Validation loss 109198.228515625
2022-01-24 14:06:34,869:INFO:Epoch 17, Training loss 109123.974609375, Validation loss 109176.73828125
2022-01-24 14:06:37,249:INFO:Epoch 18, Training loss 109097.880859375, Validation loss 109146.869140625
2022-01-24 14:06:39,663:INFO:Epoch 19, Training loss 109065.7109375, Validation loss 109109.533203125
2022-01-24 14:06:42,057:INFO:Epoch 20, Training loss 109029.947265625, Validation loss 109071.123046875
2022-01-24 14:06:44,488:INFO:Epoch 21, Training loss 108991.65625, Validation loss 109028.357421875
2022-01-24 14:06:46,872:INFO:Epoch 22, Training loss 108950.4765625, Validation loss 108982.8125
2022-01-24 14:06:49,271:INFO:Epoch 23, Training loss 108905.5390625, Validation loss 108936.736328125
2022-01-24 14:06:51,673:INFO:Epoch 24, Training loss 108857.498046875, Validation loss 108883.83984375
2022-01-24 14:06:54,103:INFO:Epoch 25, Training loss 108808.369140625, Validation loss 108833.271484375
2022-01-24 14:06:56,499:INFO:Epoch 26, Training loss 108760.693359375, Validation loss 108787.26953125
2022-01-24 14:06:58,890:INFO:Epoch 27, Training loss 108720.361328125, Validation loss 108746.7578125
2022-01-24 14:07:01,324:INFO:Epoch 28, Training loss 108683.724609375, Validation loss 108721.0703125
2022-01-24 14:07:03,740:INFO:Epoch 29, Training loss 108660.181640625, Validation loss 108700.9921875
2022-01-24 14:07:06,146:INFO:Epoch 30, Training loss 108640.58203125, Validation loss 108689.134765625
2022-01-24 14:07:08,526:INFO:Epoch 31, Training loss 108626.90234375, Validation loss 108677.15234375
2022-01-24 14:07:10,943:INFO:Epoch 32, Training loss 108615.99609375, Validation loss 108668.109375
2022-01-24 14:07:13,351:INFO:Epoch 33, Training loss 108606.40234375, Validation loss 108664.509765625
2022-01-24 14:07:15,763:INFO:Epoch 34, Training loss 108599.462890625, Validation loss 108656.869140625
2022-01-24 14:07:18,133:INFO:Epoch 35, Training loss 108593.681640625, Validation loss 108653.865234375
2022-01-24 14:07:20,551:INFO:Epoch 36, Training loss 108589.0390625, Validation loss 108652.3203125
2022-01-24 14:07:22,923:INFO:Epoch 37, Training loss 108585.0859375, Validation loss 108649.75390625
2022-01-24 14:07:25,368:INFO:Epoch 38, Training loss 108585.302734375, Validation loss 108652.408203125
2022-01-24 14:07:27,751:INFO:Epoch 39, Training loss 108581.546875, Validation loss 108647.736328125
2022-01-24 14:07:30,164:INFO:Epoch 40, Training loss 108578.498046875, Validation loss 108648.51171875
2022-01-24 14:07:32,553:INFO:Epoch 41, Training loss 108579.8046875, Validation loss 108650.8203125
2022-01-24 14:07:34,993:INFO:Epoch 42, Training loss 108576.458984375, Validation loss 108647.77734375
2022-01-24 14:07:37,385:INFO:Epoch 43, Training loss 108575.322265625, Validation loss 108647.021484375
2022-01-24 14:07:39,786:INFO:Epoch 44, Training loss 108573.74609375, Validation loss 108651.107421875
2022-01-24 14:07:42,181:INFO:Epoch 45, Training loss 108572.14453125, Validation loss 108647.17578125
2022-01-24 14:07:44,618:INFO:Epoch 46, Training loss 108571.486328125, Validation loss 108646.08984375
2022-01-24 14:07:47,016:INFO:Epoch 47, Training loss 108570.29296875, Validation loss 108649.021484375
2022-01-24 14:07:49,419:INFO:Epoch 48, Training loss 108570.1328125, Validation loss 108649.447265625
2022-01-24 14:07:51,829:INFO:Epoch 49, Training loss 108568.5, Validation loss 108646.61328125
2022-01-24 14:07:54,248:INFO:Epoch 50, Training loss 108570.955078125, Validation loss 108647.890625
2022-01-24 14:07:56,663:INFO:Epoch 51, Training loss 108567.6484375, Validation loss 108647.689453125
2022-01-24 14:07:59,056:INFO:Epoch 52, Training loss 108569.140625, Validation loss 108649.029296875
2022-01-24 14:08:01,475:INFO:Epoch 53, Training loss 108566.57421875, Validation loss 108651.314453125
2022-01-24 14:08:03,879:INFO:Epoch 54, Training loss 108568.087890625, Validation loss 108650.115234375
2022-01-24 14:08:06,302:INFO:Epoch 55, Training loss 108565.111328125, Validation loss 108646.8203125
2022-01-24 14:08:08,677:INFO:Epoch 56, Training loss 108565.09375, Validation loss 108647.533203125
2022-01-24 14:08:11,102:INFO:Epoch 57, Training loss 108564.796875, Validation loss 108652.365234375
2022-01-24 14:08:13,484:INFO:Epoch 58, Training loss 108563.919921875, Validation loss 108645.255859375
2022-01-24 14:08:15,937:INFO:Epoch 59, Training loss 108567.232421875, Validation loss 108648.626953125
2022-01-24 14:08:18,321:INFO:Epoch 60, Training loss 108560.767578125, Validation loss 108650.37109375
2022-01-24 14:08:20,737:INFO:Epoch 61, Training loss 108562.724609375, Validation loss 108644.908203125
2022-01-24 14:08:23,129:INFO:Epoch 62, Training loss 108562.4296875, Validation loss 108644.48828125
2022-01-24 14:08:25,569:INFO:Epoch 63, Training loss 108559.7890625, Validation loss 108650.689453125
2022-01-24 14:08:27,964:INFO:Epoch 64, Training loss 108561.62109375, Validation loss 108648.509765625
2022-01-24 14:08:30,374:INFO:Epoch 65, Training loss 108557.876953125, Validation loss 108646.259765625
2022-01-24 14:08:32,769:INFO:Epoch 66, Training loss 108558.666015625, Validation loss 108644.412109375
2022-01-24 14:08:35,198:INFO:Epoch 67, Training loss 108559.1875, Validation loss 108646.98046875
2022-01-24 14:08:37,597:INFO:Epoch 68, Training loss 108558.169921875, Validation loss 108645.6171875
2022-01-24 14:08:39,995:INFO:Epoch 69, Training loss 108558.154296875, Validation loss 108645.5703125
2022-01-24 14:08:42,404:INFO:Epoch 70, Training loss 108559.08203125, Validation loss 108650.865234375
2022-01-24 14:08:44,827:INFO:Epoch 71, Training loss 108557.728515625, Validation loss 108644.7421875
2022-01-24 14:08:47,246:INFO:Epoch 72, Training loss 108556.986328125, Validation loss 108643.478515625
2022-01-24 14:08:49,628:INFO:Epoch 73, Training loss 108555.8046875, Validation loss 108646.78125
2022-01-24 14:08:52,067:INFO:Epoch 74, Training loss 108555.39453125, Validation loss 108644.361328125
2022-01-24 14:08:54,490:INFO:Epoch 75, Training loss 108555.4921875, Validation loss 108645.658203125
2022-01-24 14:08:56,903:INFO:Epoch 76, Training loss 108558.55078125, Validation loss 108644.328125
2022-01-24 14:08:59,274:INFO:Epoch 77, Training loss 108556.271484375, Validation loss 108651.734375
2022-01-24 14:09:01,703:INFO:Epoch 78, Training loss 108555.279296875, Validation loss 108646.90234375
2022-01-24 14:09:04,084:INFO:Epoch 79, Training loss 108554.005859375, Validation loss 108643.4296875
2022-01-24 14:09:06,535:INFO:Epoch 80, Training loss 108553.072265625, Validation loss 108646.724609375
2022-01-24 14:09:08,919:INFO:Epoch 81, Training loss 108552.271484375, Validation loss 108644.373046875
2022-01-24 14:09:11,333:INFO:Epoch 82, Training loss 108552.3828125, Validation loss 108644.833984375
2022-01-24 14:09:13,729:INFO:Epoch 83, Training loss 108551.66796875, Validation loss 108644.6875
2022-01-24 14:09:16,189:INFO:Epoch 84, Training loss 108552.064453125, Validation loss 108645.75
2022-01-24 14:09:18,580:INFO:Epoch 85, Training loss 108552.31640625, Validation loss 108643.25390625
2022-01-24 14:09:20,990:INFO:Epoch 86, Training loss 108551.689453125, Validation loss 108643.306640625
2022-01-24 14:09:23,393:INFO:Epoch 87, Training loss 108553.4296875, Validation loss 108646.6171875
2022-01-24 14:09:25,825:INFO:Epoch 88, Training loss 108551.11328125, Validation loss 108647.013671875
2022-01-24 14:09:28,254:INFO:Epoch 89, Training loss 108551.736328125, Validation loss 108645.767578125
2022-01-24 14:09:30,711:INFO:Epoch 90, Training loss 108550.87890625, Validation loss 108644.0390625
2022-01-24 14:09:33,207:INFO:Epoch 91, Training loss 108550.7265625, Validation loss 108643.07421875
2022-01-24 14:09:35,723:INFO:Epoch 92, Training loss 108552.501953125, Validation loss 108644.41796875
2022-01-24 14:09:38,227:INFO:Epoch 93, Training loss 108548.861328125, Validation loss 108647.462890625
2022-01-24 14:09:40,706:INFO:Epoch 94, Training loss 108549.833984375, Validation loss 108644.025390625
2022-01-24 14:09:43,220:INFO:Epoch 95, Training loss 108549.01171875, Validation loss 108642.6171875
2022-01-24 14:09:45,738:INFO:Epoch 96, Training loss 108547.505859375, Validation loss 108644.171875
2022-01-24 14:09:48,263:INFO:Epoch 97, Training loss 108550.037109375, Validation loss 108642.33984375
2022-01-24 14:09:50,734:INFO:Epoch 98, Training loss 108548.359375, Validation loss 108647.599609375
2022-01-24 14:09:53,261:INFO:Epoch 99, Training loss 108548.888671875, Validation loss 108645.37890625
2022-01-24 14:09:55,739:INFO:Epoch 100, Training loss 108546.916015625, Validation loss 108642.439453125
2022-01-24 14:09:58,282:INFO:Epoch 101, Training loss 108554.796875, Validation loss 108646.765625
2022-01-24 14:10:00,759:INFO:Epoch 102, Training loss 108550.2734375, Validation loss 108641.87890625
2022-01-24 14:10:03,269:INFO:Epoch 103, Training loss 108548.462890625, Validation loss 108645.734375
2022-01-24 14:10:05,761:INFO:Epoch 104, Training loss 108547.19921875, Validation loss 108650.33203125
2022-01-24 14:10:08,307:INFO:Epoch 105, Training loss 108550.158203125, Validation loss 108643.84375
2022-01-24 14:10:10,797:INFO:Epoch 106, Training loss 108547.103515625, Validation loss 108641.08203125
2022-01-24 14:10:13,299:INFO:Epoch 107, Training loss 108546.830078125, Validation loss 108644.07421875
2022-01-24 14:10:15,797:INFO:Epoch 108, Training loss 108546.970703125, Validation loss 108647.654296875
2022-01-24 14:10:18,331:INFO:Epoch 109, Training loss 108546.3125, Validation loss 108643.619140625
2022-01-24 14:10:20,829:INFO:Epoch 110, Training loss 108545.72265625, Validation loss 108641.953125
2022-01-24 14:10:23,321:INFO:Epoch 111, Training loss 108547.935546875, Validation loss 108648.298828125
2022-01-24 14:10:25,831:INFO:Epoch 112, Training loss 108544.521484375, Validation loss 108644.58984375
2022-01-24 14:10:28,350:INFO:Epoch 113, Training loss 108547.005859375, Validation loss 108643.6796875
2022-01-24 14:10:30,854:INFO:Epoch 114, Training loss 108543.439453125, Validation loss 108640.01953125
2022-01-24 14:10:33,333:INFO:Epoch 115, Training loss 108544.97265625, Validation loss 108641.109375
2022-01-24 14:10:35,850:INFO:Epoch 116, Training loss 108543.509765625, Validation loss 108647.5546875
2022-01-24 14:10:38,356:INFO:Epoch 117, Training loss 108542.6328125, Validation loss 108642.716796875
2022-01-24 14:10:40,871:INFO:Epoch 118, Training loss 108544.986328125, Validation loss 108643.43359375
2022-01-24 14:10:43,343:INFO:Epoch 119, Training loss 108542.158203125, Validation loss 108644.98046875
2022-01-24 14:10:45,871:INFO:Epoch 120, Training loss 108545.3125, Validation loss 108641.91796875
2022-01-24 14:10:48,355:INFO:Epoch 121, Training loss 108544.53125, Validation loss 108641.947265625
2022-01-24 14:10:50,914:INFO:Epoch 122, Training loss 108544.8046875, Validation loss 108648.55078125
2022-01-24 14:10:53,394:INFO:Epoch 123, Training loss 108543.814453125, Validation loss 108644.552734375
2022-01-24 14:10:55,911:INFO:Epoch 124, Training loss 108543.171875, Validation loss 108641.1796875
2022-01-24 14:10:58,400:INFO:Epoch 125, Training loss 108541.20703125, Validation loss 108645.12109375
2022-01-24 14:11:00,947:INFO:Epoch 126, Training loss 108543.490234375, Validation loss 108646.853515625
2022-01-24 14:11:03,439:INFO:Epoch 127, Training loss 108541.1328125, Validation loss 108641.322265625
2022-01-24 14:11:05,937:INFO:Epoch 128, Training loss 108540.078125, Validation loss 108643.541015625
2022-01-24 14:11:08,434:INFO:Epoch 129, Training loss 108541.00390625, Validation loss 108641.78515625
2022-01-24 14:11:10,971:INFO:Epoch 130, Training loss 108539.615234375, Validation loss 108646.0234375
2022-01-24 14:11:13,474:INFO:Epoch 131, Training loss 108541.044921875, Validation loss 108642.783203125
2022-01-24 14:11:15,968:INFO:Epoch 132, Training loss 108539.1953125, Validation loss 108641.34765625
2022-01-24 14:11:18,480:INFO:Epoch 133, Training loss 108541.03125, Validation loss 108647.1640625
2022-01-24 14:11:21,006:INFO:Epoch 134, Training loss 108539.685546875, Validation loss 108641.47265625
2022-01-24 14:11:23,588:INFO:Epoch 135, Training loss 108540.18359375, Validation loss 108644.583984375
2022-01-24 14:11:26,066:INFO:Epoch 136, Training loss 108539.626953125, Validation loss 108644.291015625
2022-01-24 14:11:28,580:INFO:Epoch 137, Training loss 108539.267578125, Validation loss 108642.32421875
2022-01-24 14:11:31,092:INFO:Epoch 138, Training loss 108538.140625, Validation loss 108640.69921875
2022-01-24 14:11:33,604:INFO:Epoch 139, Training loss 108539.37890625, Validation loss 108640.974609375
2022-01-24 14:11:36,072:INFO:Epoch 140, Training loss 108537.732421875, Validation loss 108642.419921875
2022-01-24 14:11:38,590:INFO:Epoch 141, Training loss 108537.478515625, Validation loss 108641.76953125
2022-01-24 14:11:41,084:INFO:Epoch 142, Training loss 108540.94921875, Validation loss 108646.908203125
2022-01-24 14:11:43,630:INFO:Epoch 143, Training loss 108538.50390625, Validation loss 108642.201171875
2022-01-24 14:11:46,112:INFO:Epoch 144, Training loss 108536.8828125, Validation loss 108641.31640625
2022-01-24 14:11:48,633:INFO:Epoch 145, Training loss 108537.73828125, Validation loss 108645.5078125
2022-01-24 14:11:51,120:INFO:Epoch 146, Training loss 108537.2421875, Validation loss 108640.791015625
2022-01-24 14:11:53,671:INFO:Epoch 147, Training loss 108537.634765625, Validation loss 108645.2421875
2022-01-24 14:11:56,169:INFO:Epoch 148, Training loss 108535.076171875, Validation loss 108644.734375
2022-01-24 14:11:58,680:INFO:Epoch 149, Training loss 108535.310546875, Validation loss 108642.345703125
2022-01-24 14:12:01,186:INFO:Epoch 150, Training loss 108534.861328125, Validation loss 108642.052734375
2022-01-24 14:12:03,722:INFO:Epoch 151, Training loss 108534.572265625, Validation loss 108643.365234375
2022-01-24 14:12:06,223:INFO:Epoch 152, Training loss 108534.818359375, Validation loss 108643.17578125
2022-01-24 14:12:08,717:INFO:Epoch 153, Training loss 108533.439453125, Validation loss 108643.306640625
2022-01-24 14:12:11,230:INFO:Epoch 154, Training loss 108536.419921875, Validation loss 108643.572265625
2022-01-24 14:12:13,758:INFO:Epoch 155, Training loss 108533.884765625, Validation loss 108650.59375
2022-01-24 14:12:16,265:INFO:Epoch 156, Training loss 108535.08984375, Validation loss 108641.5546875
2022-01-24 14:12:18,742:INFO:Epoch 157, Training loss 108538.87109375, Validation loss 108640.091796875
2022-01-24 14:12:21,252:INFO:Epoch 158, Training loss 108534.439453125, Validation loss 108650.017578125
2022-01-24 14:12:23,792:INFO:Epoch 159, Training loss 108536.87890625, Validation loss 108652.634765625
2022-01-24 14:12:26,323:INFO:Epoch 160, Training loss 108542.70703125, Validation loss 108653.79296875
2022-01-24 14:12:28,809:INFO:Epoch 161, Training loss 108540.08984375, Validation loss 108652.587890625
2022-01-24 14:12:31,347:INFO:Epoch 162, Training loss 108538.056640625, Validation loss 108646.359375
2022-01-24 14:12:33,787:INFO:Epoch 163, Training loss 108535.4453125, Validation loss 108644.970703125
2022-01-24 14:12:36,256:INFO:Epoch 164, Training loss 108538.96875, Validation loss 108650.333984375
2022-01-24 14:12:36,261:INFO:Finished training
