2.080860937500000000e+05
2.080860937500000000e+05
2.080860937500000000e+05
2.080860937500000000e+05
2.080860937500000000e+05
2.080860937500000000e+05
2.080860937500000000e+05
2.080860937500000000e+05
2.080860937500000000e+05
2.080860937500000000e+05
2.080860937500000000e+05
1.346932539062500000e+05
1.222335761718750000e+05
1.132622675781250000e+05
1.098377226562500000e+05
1.102406464843750000e+05
1.103867812500000000e+05
1.098032031250000000e+05
1.094108613281250000e+05
1.093558281250000000e+05
1.093439101562500000e+05
1.092511679687500000e+05
1.091625722656250000e+05
1.091380800781250000e+05
1.091099472656250000e+05
1.090707265625000000e+05
1.090459257812500000e+05
1.090247265625000000e+05
1.090016113281250000e+05
1.089842304687500000e+05
1.089663613281250000e+05
1.089536269531250000e+05
1.089415410156250000e+05
1.089306250000000000e+05
1.089233242187500000e+05
1.089165898437500000e+05
1.089108007812500000e+05
1.089071523437500000e+05
1.089037226562500000e+05
1.089007851562500000e+05
1.088990878906250000e+05
1.088974179687500000e+05
1.088964335937500000e+05
1.088958046875000000e+05
1.088962402343750000e+05
1.088946816406250000e+05
1.088942031250000000e+05
1.088935683593750000e+05
1.088935253906250000e+05
1.088929765625000000e+05
1.088930917968750000e+05
1.088921425781250000e+05
1.088918515625000000e+05
1.088920937500000000e+05
1.088913535156250000e+05
1.088916503906250000e+05
1.088907343750000000e+05
1.088905253906250000e+05
1.088901738281250000e+05
1.088898613281250000e+05
1.088897792968750000e+05
1.088899707031250000e+05
1.088903808593750000e+05
1.088900019531250000e+05
1.088898144531250000e+05
1.088888457031250000e+05
1.088894355468750000e+05
1.088884472656250000e+05
1.088889121093750000e+05
1.088879042968750000e+05
1.088874941406250000e+05
1.088874394531250000e+05
1.088872187500000000e+05
1.088867910156250000e+05
1.088870195312500000e+05
1.088868691406250000e+05
1.088865546875000000e+05
1.088872167968750000e+05
1.088862324218750000e+05
1.088857402343750000e+05
1.088860019531250000e+05
1.088861425781250000e+05
1.088862851562500000e+05
1.088861015625000000e+05
1.088856015625000000e+05
1.088855058593750000e+05
1.088849453125000000e+05
1.088847929687500000e+05
1.088844589843750000e+05
1.088850488281250000e+05
1.088847011718750000e+05
1.088841464843750000e+05
1.088839121093750000e+05
1.088838867187500000e+05
1.088838847656250000e+05
1.088839941406250000e+05
1.088836835937500000e+05
1.088833964843750000e+05
1.088842539062500000e+05
1.088832929687500000e+05
1.088840605468750000e+05
1.088830527343750000e+05
1.088836210937500000e+05
1.088831855468750000e+05
1.088836484375000000e+05
1.088829101562500000e+05
1.088828710937500000e+05
1.088827714843750000e+05
1.088825722656250000e+05
1.088824667968750000e+05
1.088823710937500000e+05
1.088822500000000000e+05
1.088827578125000000e+05
1.088821875000000000e+05
1.088816972656250000e+05
1.088833496093750000e+05
1.088823769531250000e+05
1.088820644531250000e+05
1.088819140625000000e+05
1.088812695312500000e+05
1.088812578125000000e+05
1.088811523437500000e+05
1.088810156250000000e+05
1.088809394531250000e+05
1.088809980468750000e+05
1.088811269531250000e+05
1.088806425781250000e+05
1.088811992187500000e+05
1.088807675781250000e+05
1.088805429687500000e+05
1.088812480468750000e+05
1.088802050781250000e+05
1.088808535156250000e+05
1.088801738281250000e+05
1.088816660156250000e+05
