1.300279941406250000e+05
1.242937011718750000e+05
1.196775058593750000e+05
1.160432949218750000e+05
1.131550371093750000e+05
1.110432792968750000e+05
1.098242050781250000e+05
1.094158144531250000e+05
1.094508789062500000e+05
1.094623378906250000e+05
1.093570800781250000e+05
1.092721093750000000e+05
1.092591914062500000e+05
1.092350156250000000e+05
1.091993535156250000e+05
1.091775488281250000e+05
1.091545332031250000e+05
1.091270058593750000e+05
1.090998886718750000e+05
1.090750488281250000e+05
1.090503183593750000e+05
1.090230312500000000e+05
1.089942949218750000e+05
1.089646855468750000e+05
1.089333964843750000e+05
1.089010957031250000e+05
1.088679238281250000e+05
1.088349179687500000e+05
1.088016621093750000e+05
1.087702207031250000e+05
1.087370097656250000e+05
1.087097031250000000e+05
1.086816308593750000e+05
1.086587050781250000e+05
1.086429589843750000e+05
1.086299433593750000e+05
1.086221445312500000e+05
1.086170097656250000e+05
1.086088808593750000e+05
1.086048515625000000e+05
1.085964277343750000e+05
1.085978574218750000e+05
1.085957441406250000e+05
1.085903632812500000e+05
1.085882109375000000e+05
1.085874589843750000e+05
1.085855039062500000e+05
1.085841933593750000e+05
1.085817226562500000e+05
1.085816113281250000e+05
1.085802773437500000e+05
1.085809277343750000e+05
1.085797773437500000e+05
1.085757597656250000e+05
1.085755625000000000e+05
1.085733027343750000e+05
1.085748632812500000e+05
1.085745976562500000e+05
1.085715546875000000e+05
1.085700312500000000e+05
1.085711582031250000e+05
1.085697343750000000e+05
1.085690351562500000e+05
1.085672734375000000e+05
1.085668964843750000e+05
1.085665468750000000e+05
1.085660859375000000e+05
1.085661132812500000e+05
1.085655878906250000e+05
1.085651152343750000e+05
1.085662597656250000e+05
1.085718378906250000e+05
1.085742695312500000e+05
1.085749921875000000e+05
1.085692714843750000e+05
1.085653242187500000e+05
1.085674472656250000e+05
1.085621464843750000e+05
1.085659648437500000e+05
1.085603515625000000e+05
1.085591855468750000e+05
1.085624609375000000e+05
1.085618964843750000e+05
1.085621699218750000e+05
1.085586152343750000e+05
1.085580488281250000e+05
1.085579648437500000e+05
1.085570156250000000e+05
1.085562851562500000e+05
1.085562402343750000e+05
1.085555449218750000e+05
1.085558828125000000e+05
1.085553007812500000e+05
1.085573046875000000e+05
1.085576855468750000e+05
1.085577109375000000e+05
1.085565527343750000e+05
1.085608671875000000e+05
1.085539511718750000e+05
1.085545019531250000e+05
1.085544101562500000e+05
1.085548046875000000e+05
1.085546406250000000e+05
1.085524980468750000e+05
1.085531152343750000e+05
1.085533886718750000e+05
1.085572714843750000e+05
1.085556992187500000e+05
1.085531542968750000e+05
1.085547402343750000e+05
1.085531054687500000e+05
1.085512402343750000e+05
1.085518613281250000e+05
1.085520976562500000e+05
1.085504160156250000e+05
1.085501738281250000e+05
1.085507304687500000e+05
1.085498261718750000e+05
1.085507031250000000e+05
1.085518144531250000e+05
1.085512929687500000e+05
1.085511289062500000e+05
1.085515917968750000e+05
1.085502480468750000e+05
1.085512343750000000e+05
1.085493125000000000e+05
1.085486152343750000e+05
1.085476816406250000e+05
1.085481777343750000e+05
1.085484140625000000e+05
1.085475937500000000e+05
1.085478750000000000e+05
1.085473085937500000e+05
1.085485683593750000e+05
1.085480214843750000e+05
1.085476210937500000e+05
1.085479570312500000e+05
1.085456640625000000e+05
1.085450312500000000e+05
1.085446523437500000e+05
1.085445664062500000e+05
1.085446210937500000e+05
1.085449863281250000e+05
1.085444453125000000e+05
1.085466484375000000e+05
1.085440332031250000e+05
1.085436445312500000e+05
1.085445761718750000e+05
1.085464511718750000e+05
