2022-01-24 14:09:30,037:INFO:All directories created, ready to load the data
2022-01-24 14:09:30,119:INFO:Dataset loaded from /data/theorie/jthoeve/event_generation/events_high_stats/pT/lin/cHq3/events_7.npy
2022-01-24 14:09:30,125:INFO:Dataset loaded from /data/theorie/jthoeve/event_generation/events_high_stats/pT/sm/events_7.npy
2022-01-24 14:09:32,684:INFO:Epoch 1, Training loss 84645.11328125, Validation loss 84476.095703125
2022-01-24 14:09:35,209:INFO:Epoch 2, Training loss 83602.185546875, Validation loss 80677.365234375
2022-01-24 14:09:37,727:INFO:Epoch 3, Training loss 78353.5947265625, Validation loss 75656.9443359375
2022-01-24 14:09:40,290:INFO:Epoch 4, Training loss 74845.3857421875, Validation loss 74284.796875
2022-01-24 14:09:42,828:INFO:Epoch 5, Training loss 74327.9189453125, Validation loss 74500.666015625
2022-01-24 14:09:45,356:INFO:Epoch 6, Training loss 74455.001953125, Validation loss 74353.8271484375
2022-01-24 14:09:47,887:INFO:Epoch 7, Training loss 74188.2216796875, Validation loss 74007.2724609375
2022-01-24 14:09:50,447:INFO:Epoch 8, Training loss 73915.40625, Validation loss 73854.8623046875
2022-01-24 14:09:52,990:INFO:Epoch 9, Training loss 73835.9404296875, Validation loss 73850.8505859375
2022-01-24 14:09:55,512:INFO:Epoch 10, Training loss 73846.4306640625, Validation loss 73851.052734375
2022-01-24 14:09:58,058:INFO:Epoch 11, Training loss 73834.6640625, Validation loss 73823.626953125
2022-01-24 14:10:00,613:INFO:Epoch 12, Training loss 73808.802734375, Validation loss 73806.65234375
2022-01-24 14:10:03,173:INFO:Epoch 13, Training loss 73799.3583984375, Validation loss 73806.4990234375
2022-01-24 14:10:05,696:INFO:Epoch 14, Training loss 73800.5458984375, Validation loss 73806.7099609375
2022-01-24 14:10:08,264:INFO:Epoch 15, Training loss 73799.16015625, Validation loss 73802.95703125
2022-01-24 14:10:10,778:INFO:Epoch 16, Training loss 73795.544921875, Validation loss 73800.162109375
2022-01-24 14:10:13,356:INFO:Epoch 17, Training loss 73793.98046875, Validation loss 73799.2978515625
2022-01-24 14:10:15,877:INFO:Epoch 18, Training loss 73793.3720703125, Validation loss 73798.537109375
2022-01-24 14:10:18,444:INFO:Epoch 19, Training loss 73792.220703125, Validation loss 73797.630859375
2022-01-24 14:10:20,968:INFO:Epoch 20, Training loss 73791.3359375, Validation loss 73797.208984375
2022-01-24 14:10:23,550:INFO:Epoch 21, Training loss 73790.49609375, Validation loss 73796.83203125
2022-01-24 14:10:26,082:INFO:Epoch 22, Training loss 73790.013671875, Validation loss 73796.287109375
2022-01-24 14:10:28,624:INFO:Epoch 23, Training loss 73789.4697265625, Validation loss 73795.8837890625
2022-01-24 14:10:31,167:INFO:Epoch 24, Training loss 73789.025390625, Validation loss 73795.474609375
2022-01-24 14:10:33,741:INFO:Epoch 25, Training loss 73788.349609375, Validation loss 73795.298828125
2022-01-24 14:10:36,280:INFO:Epoch 26, Training loss 73787.82421875, Validation loss 73795.0224609375
2022-01-24 14:10:38,812:INFO:Epoch 27, Training loss 73787.38671875, Validation loss 73794.8662109375
2022-01-24 14:10:41,368:INFO:Epoch 28, Training loss 73787.0244140625, Validation loss 73794.63671875
2022-01-24 14:10:43,928:INFO:Epoch 29, Training loss 73786.583984375, Validation loss 73794.466796875
2022-01-24 14:10:46,474:INFO:Epoch 30, Training loss 73786.3486328125, Validation loss 73794.373046875
2022-01-24 14:10:48,997:INFO:Epoch 31, Training loss 73785.9755859375, Validation loss 73794.3671875
2022-01-24 14:10:51,551:INFO:Epoch 32, Training loss 73785.681640625, Validation loss 73794.357421875
2022-01-24 14:10:54,103:INFO:Epoch 33, Training loss 73785.3310546875, Validation loss 73794.3427734375
2022-01-24 14:10:56,664:INFO:Epoch 34, Training loss 73785.224609375, Validation loss 73794.306640625
2022-01-24 14:10:59,170:INFO:Epoch 35, Training loss 73784.9580078125, Validation loss 73794.40234375
2022-01-24 14:11:01,739:INFO:Epoch 36, Training loss 73784.6572265625, Validation loss 73794.3427734375
2022-01-24 14:11:04,251:INFO:Epoch 37, Training loss 73784.3662109375, Validation loss 73794.2587890625
2022-01-24 14:11:06,843:INFO:Epoch 38, Training loss 73784.193359375, Validation loss 73794.27734375
2022-01-24 14:11:09,367:INFO:Epoch 39, Training loss 73784.0595703125, Validation loss 73794.294921875
2022-01-24 14:11:11,926:INFO:Epoch 40, Training loss 73783.921875, Validation loss 73794.3916015625
2022-01-24 14:11:14,450:INFO:Epoch 41, Training loss 73783.6171875, Validation loss 73794.3203125
2022-01-24 14:11:17,030:INFO:Epoch 42, Training loss 73783.4375, Validation loss 73794.423828125
2022-01-24 14:11:19,562:INFO:Epoch 43, Training loss 73783.2138671875, Validation loss 73794.255859375
2022-01-24 14:11:22,102:INFO:Epoch 44, Training loss 73782.9814453125, Validation loss 73794.2109375
2022-01-24 14:11:24,634:INFO:Epoch 45, Training loss 73782.9345703125, Validation loss 73793.9521484375
2022-01-24 14:11:27,206:INFO:Epoch 46, Training loss 73782.64453125, Validation loss 73793.9853515625
2022-01-24 14:11:29,748:INFO:Epoch 47, Training loss 73782.69140625, Validation loss 73794.005859375
2022-01-24 14:11:32,296:INFO:Epoch 48, Training loss 73782.3779296875, Validation loss 73794.1826171875
2022-01-24 14:11:34,844:INFO:Epoch 49, Training loss 73782.4306640625, Validation loss 73794.1083984375
2022-01-24 14:11:37,404:INFO:Epoch 50, Training loss 73781.9892578125, Validation loss 73794.099609375
2022-01-24 14:11:39,955:INFO:Epoch 51, Training loss 73781.892578125, Validation loss 73794.12109375
2022-01-24 14:11:42,480:INFO:Epoch 52, Training loss 73781.8544921875, Validation loss 73793.9736328125
2022-01-24 14:11:45,032:INFO:Epoch 53, Training loss 73781.6708984375, Validation loss 73794.1787109375
2022-01-24 14:11:47,586:INFO:Epoch 54, Training loss 73781.5537109375, Validation loss 73794.2568359375
2022-01-24 14:11:50,117:INFO:Epoch 55, Training loss 73781.251953125, Validation loss 73794.1103515625
2022-01-24 14:11:52,578:INFO:Epoch 56, Training loss 73781.2119140625, Validation loss 73794.0859375
2022-01-24 14:11:55,081:INFO:Epoch 57, Training loss 73781.111328125, Validation loss 73793.8896484375
2022-01-24 14:11:57,540:INFO:Epoch 58, Training loss 73781.2958984375, Validation loss 73793.9873046875
2022-01-24 14:12:00,072:INFO:Epoch 59, Training loss 73780.7568359375, Validation loss 73793.94140625
2022-01-24 14:12:02,536:INFO:Epoch 60, Training loss 73780.7041015625, Validation loss 73794.0654296875
2022-01-24 14:12:05,042:INFO:Epoch 61, Training loss 73780.4267578125, Validation loss 73794.0390625
2022-01-24 14:12:07,510:INFO:Epoch 62, Training loss 73780.28125, Validation loss 73794.0849609375
2022-01-24 14:12:10,033:INFO:Epoch 63, Training loss 73780.1865234375, Validation loss 73793.984375
2022-01-24 14:12:12,504:INFO:Epoch 64, Training loss 73780.03515625, Validation loss 73794.037109375
2022-01-24 14:12:14,990:INFO:Epoch 65, Training loss 73779.7783203125, Validation loss 73793.927734375
2022-01-24 14:12:17,474:INFO:Epoch 66, Training loss 73779.7841796875, Validation loss 73793.859375
2022-01-24 14:12:19,981:INFO:Epoch 67, Training loss 73779.548828125, Validation loss 73794.076171875
2022-01-24 14:12:22,480:INFO:Epoch 68, Training loss 73779.513671875, Validation loss 73793.916015625
2022-01-24 14:12:24,950:INFO:Epoch 69, Training loss 73779.3369140625, Validation loss 73793.96875
2022-01-24 14:12:27,437:INFO:Epoch 70, Training loss 73779.193359375, Validation loss 73793.7783203125
2022-01-24 14:12:29,937:INFO:Epoch 71, Training loss 73779.005859375, Validation loss 73793.8583984375
2022-01-24 14:12:32,423:INFO:Epoch 72, Training loss 73778.921875, Validation loss 73793.9560546875
2022-01-24 14:12:34,878:INFO:Epoch 73, Training loss 73778.7822265625, Validation loss 73793.986328125
2022-01-24 14:12:37,393:INFO:Epoch 74, Training loss 73778.3623046875, Validation loss 73793.7587890625
2022-01-24 14:12:39,892:INFO:Epoch 75, Training loss 73778.2470703125, Validation loss 73793.73046875
2022-01-24 14:12:42,384:INFO:Epoch 76, Training loss 73778.1845703125, Validation loss 73793.623046875
2022-01-24 14:12:44,824:INFO:Epoch 77, Training loss 73777.8740234375, Validation loss 73793.630859375
2022-01-24 14:12:47,320:INFO:Epoch 78, Training loss 73777.6611328125, Validation loss 73793.7421875
2022-01-24 14:12:49,772:INFO:Epoch 79, Training loss 73777.650390625, Validation loss 73793.4228515625
2022-01-24 14:12:52,298:INFO:Epoch 80, Training loss 73777.5048828125, Validation loss 73793.3447265625
2022-01-24 14:12:54,757:INFO:Epoch 81, Training loss 73776.9453125, Validation loss 73793.5625
2022-01-24 14:12:57,248:INFO:Epoch 82, Training loss 73776.9755859375, Validation loss 73793.748046875
2022-01-24 14:12:59,722:INFO:Epoch 83, Training loss 73776.6982421875, Validation loss 73793.625
2022-01-24 14:13:02,241:INFO:Epoch 84, Training loss 73776.6279296875, Validation loss 73793.6259765625
2022-01-24 14:13:04,705:INFO:Epoch 85, Training loss 73776.2490234375, Validation loss 73793.697265625
2022-01-24 14:13:07,186:INFO:Epoch 86, Training loss 73776.251953125, Validation loss 73794.05078125
2022-01-24 14:13:09,651:INFO:Epoch 87, Training loss 73776.142578125, Validation loss 73794.1162109375
2022-01-24 14:13:12,148:INFO:Epoch 88, Training loss 73775.8681640625, Validation loss 73793.578125
2022-01-24 14:13:14,633:INFO:Epoch 89, Training loss 73775.61328125, Validation loss 73793.6298828125
2022-01-24 14:13:17,108:INFO:Epoch 90, Training loss 73775.7265625, Validation loss 73793.5888671875
2022-01-24 14:13:19,590:INFO:Epoch 91, Training loss 73775.169921875, Validation loss 73793.9755859375
2022-01-24 14:13:22,091:INFO:Epoch 92, Training loss 73775.279296875, Validation loss 73794.1357421875
2022-01-24 14:13:24,574:INFO:Epoch 93, Training loss 73775.05078125, Validation loss 73794.0498046875
2022-01-24 14:13:27,032:INFO:Epoch 94, Training loss 73774.8759765625, Validation loss 73793.7470703125
2022-01-24 14:13:29,517:INFO:Epoch 95, Training loss 73774.548828125, Validation loss 73793.6806640625
2022-01-24 14:13:32,001:INFO:Epoch 96, Training loss 73774.5498046875, Validation loss 73794.109375
2022-01-24 14:13:34,492:INFO:Epoch 97, Training loss 73774.212890625, Validation loss 73794.3515625
2022-01-24 14:13:36,973:INFO:Epoch 98, Training loss 73774.44140625, Validation loss 73794.7001953125
2022-01-24 14:13:39,471:INFO:Epoch 99, Training loss 73773.876953125, Validation loss 73794.4716796875
2022-01-24 14:13:41,925:INFO:Epoch 100, Training loss 73774.0341796875, Validation loss 73793.8779296875
2022-01-24 14:13:44,454:INFO:Epoch 101, Training loss 73773.8779296875, Validation loss 73793.962890625
2022-01-24 14:13:46,915:INFO:Epoch 102, Training loss 73772.9755859375, Validation loss 73794.296875
2022-01-24 14:13:49,400:INFO:Epoch 103, Training loss 73773.08984375, Validation loss 73794.578125
2022-01-24 14:13:51,863:INFO:Epoch 104, Training loss 73772.63671875, Validation loss 73794.4814453125
2022-01-24 14:13:54,381:INFO:Epoch 105, Training loss 73772.298828125, Validation loss 73794.5810546875
2022-01-24 14:13:56,848:INFO:Epoch 106, Training loss 73772.427734375, Validation loss 73794.0576171875
2022-01-24 14:13:59,326:INFO:Epoch 107, Training loss 73772.09765625, Validation loss 73794.22265625
2022-01-24 14:14:01,795:INFO:Epoch 108, Training loss 73772.01171875, Validation loss 73794.294921875
2022-01-24 14:14:04,297:INFO:Epoch 109, Training loss 73771.6259765625, Validation loss 73794.646484375
2022-01-24 14:14:06,777:INFO:Epoch 110, Training loss 73771.56640625, Validation loss 73794.57421875
2022-01-24 14:14:09,239:INFO:Epoch 111, Training loss 73771.3544921875, Validation loss 73795.08203125
2022-01-24 14:14:11,724:INFO:Epoch 112, Training loss 73770.982421875, Validation loss 73794.51953125
2022-01-24 14:14:14,222:INFO:Epoch 113, Training loss 73770.6337890625, Validation loss 73794.5498046875
2022-01-24 14:14:16,709:INFO:Epoch 114, Training loss 73771.0224609375, Validation loss 73794.7880859375
2022-01-24 14:14:19,174:INFO:Epoch 115, Training loss 73770.2216796875, Validation loss 73794.6572265625
2022-01-24 14:14:21,661:INFO:Epoch 116, Training loss 73770.6376953125, Validation loss 73795.2939453125
2022-01-24 14:14:24,148:INFO:Epoch 117, Training loss 73770.37109375, Validation loss 73795.05078125
2022-01-24 14:14:26,627:INFO:Epoch 118, Training loss 73769.6484375, Validation loss 73794.869140625
2022-01-24 14:14:29,072:INFO:Epoch 119, Training loss 73769.1875, Validation loss 73795.0869140625
2022-01-24 14:14:31,575:INFO:Epoch 120, Training loss 73769.1044921875, Validation loss 73795.3349609375
2022-01-24 14:14:34,026:INFO:Epoch 121, Training loss 73768.890625, Validation loss 73795.31640625
2022-01-24 14:14:36,553:INFO:Epoch 122, Training loss 73768.5380859375, Validation loss 73795.3740234375
2022-01-24 14:14:39,002:INFO:Epoch 123, Training loss 73768.9794921875, Validation loss 73795.11328125
2022-01-24 14:14:41,486:INFO:Epoch 124, Training loss 73769.775390625, Validation loss 73794.6923828125
2022-01-24 14:14:43,947:INFO:Epoch 125, Training loss 73767.919921875, Validation loss 73795.7919921875
2022-01-24 14:14:46,467:INFO:Epoch 126, Training loss 73768.10546875, Validation loss 73796.3642578125
2022-01-24 14:14:48,931:INFO:Epoch 127, Training loss 73768.5087890625, Validation loss 73796.4697265625
2022-01-24 14:14:51,405:INFO:Epoch 128, Training loss 73767.3857421875, Validation loss 73795.8935546875
2022-01-24 14:14:53,875:INFO:Epoch 129, Training loss 73766.986328125, Validation loss 73795.9794921875
2022-01-24 14:14:56,379:INFO:Epoch 130, Training loss 73766.6005859375, Validation loss 73796.3994140625
2022-01-24 14:14:56,385:INFO:Finished training
