2021-11-18 16:13:59,640:INFO:All directories created, ready to load the data
2021-11-18 16:13:59,672:INFO:Dataset loaded from /data/theorie/jthoeve/event_generation/events_high_stats/lin/cHq3/events_9.npy
2021-11-18 16:13:59,708:INFO:Dataset loaded from /data/theorie/jthoeve/event_generation/events_high_stats/sm/events_9.npy
2021-11-18 16:14:03,548:INFO:Epoch 1, Training loss 75863.328125, Validation loss 75378.296875
2021-11-18 16:14:07,466:INFO:Epoch 2, Training loss 75372.5390625, Validation loss 74973.59375
2021-11-18 16:14:11,321:INFO:Epoch 3, Training loss 74968.71875, Validation loss 74647.5078125
2021-11-18 16:14:15,098:INFO:Epoch 4, Training loss 74643.4609375, Validation loss 74390.1484375
2021-11-18 16:14:19,008:INFO:Epoch 5, Training loss 74386.171875, Validation loss 74190.6328125
2021-11-18 16:14:22,786:INFO:Epoch 6, Training loss 74186.6015625, Validation loss 74039.4453125
2021-11-18 16:14:26,599:INFO:Epoch 7, Training loss 74035.71875, Validation loss 73928.921875
2021-11-18 16:14:30,436:INFO:Epoch 8, Training loss 73925.484375, Validation loss 73851.96875
2021-11-18 16:14:34,205:INFO:Epoch 9, Training loss 73848.8203125, Validation loss 73802.7421875
2021-11-18 16:14:38,074:INFO:Epoch 10, Training loss 73800.0546875, Validation loss 73777.0859375
2021-11-18 16:14:42,004:INFO:Epoch 11, Training loss 73774.5859375, Validation loss 73768.1640625
2021-11-18 16:14:45,825:INFO:Epoch 12, Training loss 73765.59375, Validation loss 73770.546875
2021-11-18 16:14:49,740:INFO:Epoch 13, Training loss 73768.0234375, Validation loss 73780.46875
2021-11-18 16:14:53,509:INFO:Epoch 14, Training loss 73778.0078125, Validation loss 73794.4296875
2021-11-18 16:14:57,345:INFO:Epoch 15, Training loss 73792.046875, Validation loss 73809.296875
2021-11-18 16:15:01,173:INFO:Epoch 16, Training loss 73807.046875, Validation loss 73822.8359375
2021-11-18 16:15:04,976:INFO:Epoch 17, Training loss 73820.765625, Validation loss 73833.6328125
2021-11-18 16:15:08,839:INFO:Epoch 18, Training loss 73831.8046875, Validation loss 73841.015625
2021-11-18 16:15:12,729:INFO:Epoch 19, Training loss 73839.5078125, Validation loss 73844.8046875
2021-11-18 16:15:16,530:INFO:Epoch 20, Training loss 73843.546875, Validation loss 73845.1640625
2021-11-18 16:15:20,423:INFO:Epoch 21, Training loss 73844.1015625, Validation loss 73842.53125
2021-11-18 16:15:24,203:INFO:Epoch 22, Training loss 73841.609375, Validation loss 73837.53125
2021-11-18 16:15:28,045:INFO:Epoch 23, Training loss 73836.7109375, Validation loss 73831.0390625
2021-11-18 16:15:31,884:INFO:Epoch 24, Training loss 73830.2421875, Validation loss 73823.53125
2021-11-18 16:15:35,600:INFO:Epoch 25, Training loss 73822.78125, Validation loss 73815.3515625
2021-11-18 16:15:39,442:INFO:Epoch 26, Training loss 73814.5546875, Validation loss 73806.75
2021-11-18 16:15:43,336:INFO:Epoch 27, Training loss 73805.796875, Validation loss 73798.0234375
2021-11-18 16:15:47,088:INFO:Epoch 28, Training loss 73796.9453125, Validation loss 73789.625
2021-11-18 16:15:50,928:INFO:Epoch 29, Training loss 73788.390625, Validation loss 73781.9375
2021-11-18 16:15:54,691:INFO:Epoch 30, Training loss 73780.578125, Validation loss 73775.140625
2021-11-18 16:15:58,547:INFO:Epoch 31, Training loss 73773.75, Validation loss 73769.5234375
2021-11-18 16:16:02,425:INFO:Epoch 32, Training loss 73768.15625, Validation loss 73765.2734375
2021-11-18 16:16:06,215:INFO:Epoch 33, Training loss 73763.875, Validation loss 73762.4453125
2021-11-18 16:16:10,105:INFO:Epoch 34, Training loss 73761.0859375, Validation loss 73760.9765625
2021-11-18 16:16:13,923:INFO:Epoch 35, Training loss 73759.7109375, Validation loss 73760.671875
2021-11-18 16:16:18,158:INFO:Epoch 36, Training loss 73759.5703125, Validation loss 73761.359375
2021-11-18 16:16:21,997:INFO:Epoch 37, Training loss 73760.3828125, Validation loss 73762.5390625
2021-11-18 16:16:25,768:INFO:Epoch 38, Training loss 73761.5859375, Validation loss 73763.78125
2021-11-18 16:16:29,591:INFO:Epoch 39, Training loss 73762.734375, Validation loss 73764.7578125
2021-11-18 16:16:33,470:INFO:Epoch 40, Training loss 73763.5546875, Validation loss 73765.3359375
2021-11-18 16:16:37,674:INFO:Epoch 41, Training loss 73763.9375, Validation loss 73765.5390625
2021-11-18 16:16:41,473:INFO:Epoch 42, Training loss 73763.9453125, Validation loss 73765.5390625
2021-11-18 16:16:45,227:INFO:Epoch 43, Training loss 73763.71875, Validation loss 73765.375
2021-11-18 16:16:49,688:INFO:Epoch 44, Training loss 73763.2890625, Validation loss 73765.0078125
2021-11-18 16:16:53,520:INFO:Epoch 45, Training loss 73762.7734375, Validation loss 73764.5859375
2021-11-18 16:16:57,320:INFO:Epoch 46, Training loss 73762.265625, Validation loss 73764.171875
2021-11-18 16:17:01,084:INFO:Epoch 47, Training loss 73761.7421875, Validation loss 73763.796875
2021-11-18 16:17:04,943:INFO:Epoch 48, Training loss 73761.234375, Validation loss 73763.390625
2021-11-18 16:17:08,760:INFO:Epoch 49, Training loss 73760.7734375, Validation loss 73763.0078125
2021-11-18 16:17:12,637:INFO:Epoch 50, Training loss 73760.3828125, Validation loss 73762.6640625
2021-11-18 16:17:16,429:INFO:Epoch 51, Training loss 73760.0546875, Validation loss 73762.3828125
2021-11-18 16:17:20,278:INFO:Epoch 52, Training loss 73759.765625, Validation loss 73762.1328125
2021-11-18 16:17:24,168:INFO:Epoch 53, Training loss 73759.5078125, Validation loss 73761.921875
2021-11-18 16:17:27,949:INFO:Epoch 54, Training loss 73759.2578125, Validation loss 73761.7421875
2021-11-18 16:17:31,813:INFO:Epoch 55, Training loss 73759.0234375, Validation loss 73761.625
2021-11-18 16:17:35,743:INFO:Epoch 56, Training loss 73758.8125, Validation loss 73761.546875
2021-11-18 16:17:39,522:INFO:Epoch 57, Training loss 73758.6171875, Validation loss 73761.4921875
2021-11-18 16:17:43,356:INFO:Epoch 58, Training loss 73758.4609375, Validation loss 73761.484375
2021-11-18 16:17:47,097:INFO:Epoch 59, Training loss 73758.3125, Validation loss 73761.5078125
2021-11-18 16:17:50,862:INFO:Epoch 60, Training loss 73758.1796875, Validation loss 73761.5625
2021-11-18 16:17:54,650:INFO:Epoch 61, Training loss 73758.0625, Validation loss 73761.6328125
2021-11-18 16:17:58,373:INFO:Epoch 62, Training loss 73757.953125, Validation loss 73761.7265625
2021-11-18 16:18:02,166:INFO:Epoch 63, Training loss 73757.8984375, Validation loss 73761.8203125
2021-11-18 16:18:05,865:INFO:Epoch 64, Training loss 73757.8671875, Validation loss 73761.8984375
2021-11-18 16:18:09,619:INFO:Epoch 65, Training loss 73757.859375, Validation loss 73761.921875
2021-11-18 16:18:13,442:INFO:Epoch 66, Training loss 73757.84375, Validation loss 73761.90625
2021-11-18 16:18:17,147:INFO:Epoch 67, Training loss 73757.78125, Validation loss 73761.859375
2021-11-18 16:18:20,900:INFO:Epoch 68, Training loss 73757.6796875, Validation loss 73761.765625
2021-11-18 16:18:24,637:INFO:Epoch 69, Training loss 73757.5390625, Validation loss 73761.65625
2021-11-18 16:18:28,395:INFO:Epoch 70, Training loss 73757.390625, Validation loss 73761.546875
2021-11-18 16:18:32,216:INFO:Epoch 71, Training loss 73757.265625, Validation loss 73761.453125
2021-11-18 16:18:35,904:INFO:Epoch 72, Training loss 73757.15625, Validation loss 73761.375
2021-11-18 16:18:39,666:INFO:Epoch 73, Training loss 73757.078125, Validation loss 73761.3046875
2021-11-18 16:18:43,602:INFO:Epoch 74, Training loss 73757.0, Validation loss 73761.2578125
2021-11-18 16:18:47,326:INFO:Epoch 75, Training loss 73756.96875, Validation loss 73761.21875
2021-11-18 16:18:51,113:INFO:Epoch 76, Training loss 73756.9453125, Validation loss 73761.1953125
2021-11-18 16:18:54,926:INFO:Epoch 77, Training loss 73756.921875, Validation loss 73761.1875
2021-11-18 16:18:58,632:INFO:Epoch 78, Training loss 73756.8984375, Validation loss 73761.1875
2021-11-18 16:19:02,340:INFO:Epoch 79, Training loss 73756.859375, Validation loss 73761.1953125
2021-11-18 16:19:06,076:INFO:Epoch 80, Training loss 73756.8203125, Validation loss 73761.2109375
2021-11-18 16:19:09,783:INFO:Epoch 81, Training loss 73756.7734375, Validation loss 73761.2421875
2021-11-18 16:19:13,552:INFO:Epoch 82, Training loss 73756.7109375, Validation loss 73761.2734375
2021-11-18 16:19:17,250:INFO:Epoch 83, Training loss 73756.640625, Validation loss 73761.3203125
2021-11-18 16:19:20,999:INFO:Epoch 84, Training loss 73756.578125, Validation loss 73761.359375
2021-11-18 16:19:24,697:INFO:Epoch 85, Training loss 73756.546875, Validation loss 73761.3828125
2021-11-18 16:19:24,704:INFO:Finished training, producing training report at /data/theorie/jthoeve/ML4EFT_higgs/models/17_11/model_final_lin_cHq3_v7/mc_run_9/plots/training_report/
2021-11-18 16:19:25,079:WARNING:findfont: Font family ['sans-serif'] not found. Falling back to DejaVu Sans.
