1.279755585937500000e+05
1.229776660156250000e+05
1.193229785156250000e+05
1.165852597656250000e+05
1.144735625000000000e+05
1.127942675781250000e+05
1.114247011718750000e+05
1.103525683593750000e+05
1.096865937500000000e+05
1.094809609375000000e+05
1.094614882812500000e+05
1.093799667968750000e+05
1.092897695312500000e+05
1.092469902343750000e+05
1.092210410156250000e+05
1.091902148437500000e+05
1.091603515625000000e+05
1.091342089843750000e+05
1.091070019531250000e+05
1.090769804687500000e+05
1.090466699218750000e+05
1.090141230468750000e+05
1.089793164062500000e+05
1.089403300781250000e+05
1.088976328125000000e+05
1.088532382812500000e+05
1.088053144531250000e+05
1.087547832031250000e+05
1.087077480468750000e+05
1.086631894531250000e+05
1.086339257812500000e+05
1.086128457031250000e+05
1.086046230468750000e+05
1.086001308593750000e+05
1.085938339843750000e+05
1.085919863281250000e+05
1.085872304687500000e+05
1.085851230468750000e+05
1.085827167968750000e+05
1.085806191406250000e+05
1.085792109375000000e+05
1.085784843750000000e+05
1.085783710937500000e+05
1.085738710937500000e+05
1.085748339843750000e+05
1.085725957031250000e+05
1.085720781250000000e+05
1.085699277343750000e+05
1.085675488281250000e+05
1.085682675781250000e+05
1.085682226562500000e+05
1.085680664062500000e+05
1.085662910156250000e+05
1.085661308593750000e+05
1.085675097656250000e+05
1.085643984375000000e+05
1.085614882812500000e+05
1.085603164062500000e+05
1.085595429687500000e+05
1.085597285156250000e+05
1.085593359375000000e+05
1.085577988281250000e+05
1.085587128906250000e+05
1.085551386718750000e+05
1.085568847656250000e+05
1.085571894531250000e+05
1.085552207031250000e+05
1.085537851562500000e+05
1.085536660156250000e+05
1.085530449218750000e+05
1.085528945312500000e+05
1.085522636718750000e+05
1.085517460937500000e+05
1.085518320312500000e+05
1.085522011718750000e+05
1.085523046875000000e+05
1.085506484375000000e+05
1.085509121093750000e+05
1.085506074218750000e+05
1.085499824218750000e+05
1.085485820312500000e+05
1.085474511718750000e+05
1.085476972656250000e+05
1.085499804687500000e+05
1.085462734375000000e+05
1.085471679687500000e+05
1.085467226562500000e+05
1.085466562500000000e+05
1.085452675781250000e+05
1.085467265625000000e+05
1.085478320312500000e+05
1.085445039062500000e+05
1.085492675781250000e+05
1.085473828125000000e+05
1.085463535156250000e+05
1.085447714843750000e+05
1.085442832031250000e+05
1.085444101562500000e+05
1.085427167968750000e+05
1.085423964843750000e+05
1.085416152343750000e+05
1.085418417968750000e+05
1.085405703125000000e+05
1.085433867187500000e+05
1.085413320312500000e+05
1.085409648437500000e+05
1.085402890625000000e+05
1.085430214843750000e+05
1.085386914062500000e+05
1.085393359375000000e+05
1.085396035156250000e+05
1.085377382812500000e+05
1.085400605468750000e+05
1.085399960937500000e+05
1.085412812500000000e+05
1.085392050781250000e+05
1.085383242187500000e+05
1.085374785156250000e+05
1.085369199218750000e+05
1.085375449218750000e+05
