2022-03-03 12:56:09,645:INFO:All directories created, ready to load the data
2022-03-03 12:56:09,709:INFO:Dataset loaded from /data/theorie/jthoeve/training_data/zh/features_mzh_y_ptz_v2/lin/cHW/events_28.pkl.gz
2022-03-03 12:56:09,773:INFO:Dataset loaded from /data/theorie/jthoeve/training_data/zh/features_mzh_y_ptz_v2/sm/events_28.pkl.gz
2022-03-03 12:56:12,107:INFO:Epoch 1, Training loss 190054.94921875, Validation loss 166470.6484375
2022-03-03 12:56:14,492:INFO:Epoch 2, Training loss 155873.619140625, Validation loss 142647.337890625
2022-03-03 12:56:16,802:INFO:Epoch 3, Training loss 136398.025390625, Validation loss 128400.66796875
2022-03-03 12:56:19,142:INFO:Epoch 4, Training loss 124499.150390625, Validation loss 119552.7890625
2022-03-03 12:56:21,479:INFO:Epoch 5, Training loss 117192.2421875, Validation loss 114237.5234375
2022-03-03 12:56:23,865:INFO:Epoch 6, Training loss 112865.423828125, Validation loss 111193.462890625
2022-03-03 12:56:26,180:INFO:Epoch 7, Training loss 110499.671875, Validation loss 109782.236328125
2022-03-03 12:56:28,491:INFO:Epoch 8, Training loss 109602.8828125, Validation loss 109523.52734375
2022-03-03 12:56:30,837:INFO:Epoch 9, Training loss 109556.123046875, Validation loss 109634.8671875
2022-03-03 12:56:33,219:INFO:Epoch 10, Training loss 109624.03515625, Validation loss 109593.25390625
2022-03-03 12:56:35,559:INFO:Epoch 11, Training loss 109526.388671875, Validation loss 109445.2734375
2022-03-03 12:56:37,864:INFO:Epoch 12, Training loss 109391.5703125, Validation loss 109350.64453125
2022-03-03 12:56:40,194:INFO:Epoch 13, Training loss 109333.53125, Validation loss 109333.5234375
2022-03-03 12:56:42,544:INFO:Epoch 14, Training loss 109319.68359375, Validation loss 109311.97265625
2022-03-03 12:56:44,894:INFO:Epoch 15, Training loss 109287.58984375, Validation loss 109270.6796875
2022-03-03 12:56:47,195:INFO:Epoch 16, Training loss 109248.947265625, Validation loss 109237.197265625
2022-03-03 12:56:49,550:INFO:Epoch 17, Training loss 109219.474609375, Validation loss 109210.291015625
2022-03-03 12:56:51,840:INFO:Epoch 18, Training loss 109191.064453125, Validation loss 109180.94921875
2022-03-03 12:56:54,233:INFO:Epoch 19, Training loss 109159.853515625, Validation loss 109148.5625
2022-03-03 12:56:56,535:INFO:Epoch 20, Training loss 109125.6484375, Validation loss 109115.564453125
2022-03-03 12:56:58,884:INFO:Epoch 21, Training loss 109091.21875, Validation loss 109080.671875
2022-03-03 12:57:01,193:INFO:Epoch 22, Training loss 109053.65234375, Validation loss 109043.15234375
2022-03-03 12:57:03,577:INFO:Epoch 23, Training loss 109014.685546875, Validation loss 109004.248046875
2022-03-03 12:57:05,888:INFO:Epoch 24, Training loss 108973.001953125, Validation loss 108963.302734375
2022-03-03 12:57:08,208:INFO:Epoch 25, Training loss 108930.759765625, Validation loss 108919.830078125
2022-03-03 12:57:10,529:INFO:Epoch 26, Training loss 108883.259765625, Validation loss 108874.720703125
2022-03-03 12:57:12,905:INFO:Epoch 27, Training loss 108835.626953125, Validation loss 108827.984375
2022-03-03 12:57:15,236:INFO:Epoch 28, Training loss 108787.662109375, Validation loss 108782.076171875
2022-03-03 12:57:17,561:INFO:Epoch 29, Training loss 108740.423828125, Validation loss 108738.208984375
2022-03-03 12:57:19,889:INFO:Epoch 30, Training loss 108694.314453125, Validation loss 108697.599609375
2022-03-03 12:57:22,251:INFO:Epoch 31, Training loss 108652.267578125, Validation loss 108660.044921875
2022-03-03 12:57:24,588:INFO:Epoch 32, Training loss 108611.923828125, Validation loss 108625.38671875
2022-03-03 12:57:26,899:INFO:Epoch 33, Training loss 108577.224609375, Validation loss 108596.890625
2022-03-03 12:57:29,245:INFO:Epoch 34, Training loss 108550.369140625, Validation loss 108574.181640625
2022-03-03 12:57:31,600:INFO:Epoch 35, Training loss 108527.564453125, Validation loss 108556.57421875
2022-03-03 12:57:33,948:INFO:Epoch 36, Training loss 108512.7734375, Validation loss 108544.248046875
2022-03-03 12:57:36,256:INFO:Epoch 37, Training loss 108498.359375, Validation loss 108534.650390625
2022-03-03 12:57:38,610:INFO:Epoch 38, Training loss 108489.646484375, Validation loss 108529.591796875
2022-03-03 12:57:40,895:INFO:Epoch 39, Training loss 108484.244140625, Validation loss 108525.06640625
2022-03-03 12:57:43,289:INFO:Epoch 40, Training loss 108477.646484375, Validation loss 108521.62890625
2022-03-03 12:57:45,591:INFO:Epoch 41, Training loss 108474.861328125, Validation loss 108522.044921875
2022-03-03 12:57:47,940:INFO:Epoch 42, Training loss 108471.3125, Validation loss 108518.40625
2022-03-03 12:57:50,261:INFO:Epoch 43, Training loss 108467.380859375, Validation loss 108518.404296875
2022-03-03 12:57:52,646:INFO:Epoch 44, Training loss 108465.263671875, Validation loss 108517.8515625
2022-03-03 12:57:54,964:INFO:Epoch 45, Training loss 108462.775390625, Validation loss 108517.0
2022-03-03 12:57:57,289:INFO:Epoch 46, Training loss 108461.5703125, Validation loss 108516.955078125
2022-03-03 12:57:59,614:INFO:Epoch 47, Training loss 108458.814453125, Validation loss 108515.5234375
2022-03-03 12:58:01,988:INFO:Epoch 48, Training loss 108461.626953125, Validation loss 108515.91796875
2022-03-03 12:58:04,315:INFO:Epoch 49, Training loss 108456.142578125, Validation loss 108514.66015625
2022-03-03 12:58:06,635:INFO:Epoch 50, Training loss 108455.42578125, Validation loss 108514.427734375
2022-03-03 12:58:08,969:INFO:Epoch 51, Training loss 108453.052734375, Validation loss 108513.71484375
2022-03-03 12:58:11,336:INFO:Epoch 52, Training loss 108450.98046875, Validation loss 108512.115234375
2022-03-03 12:58:13,678:INFO:Epoch 53, Training loss 108449.90234375, Validation loss 108512.525390625
2022-03-03 12:58:15,980:INFO:Epoch 54, Training loss 108448.634765625, Validation loss 108510.0859375
2022-03-03 12:58:18,324:INFO:Epoch 55, Training loss 108446.85546875, Validation loss 108511.705078125
2022-03-03 12:58:20,682:INFO:Epoch 56, Training loss 108449.251953125, Validation loss 108510.076171875
2022-03-03 12:58:23,033:INFO:Epoch 57, Training loss 108446.2578125, Validation loss 108509.197265625
2022-03-03 12:58:25,326:INFO:Epoch 58, Training loss 108444.47265625, Validation loss 108510.48046875
2022-03-03 12:58:27,675:INFO:Epoch 59, Training loss 108442.0234375, Validation loss 108508.09375
2022-03-03 12:58:29,977:INFO:Epoch 60, Training loss 108441.6328125, Validation loss 108510.97265625
2022-03-03 12:58:32,375:INFO:Epoch 61, Training loss 108439.556640625, Validation loss 108507.18359375
2022-03-03 12:58:34,680:INFO:Epoch 62, Training loss 108438.86328125, Validation loss 108508.9296875
2022-03-03 12:58:37,028:INFO:Epoch 63, Training loss 108437.42578125, Validation loss 108507.25390625
2022-03-03 12:58:39,359:INFO:Epoch 64, Training loss 108437.130859375, Validation loss 108507.7109375
2022-03-03 12:58:41,745:INFO:Epoch 65, Training loss 108435.5390625, Validation loss 108507.798828125
2022-03-03 12:58:44,065:INFO:Epoch 66, Training loss 108434.240234375, Validation loss 108507.71875
2022-03-03 12:58:46,400:INFO:Epoch 67, Training loss 108433.501953125, Validation loss 108507.37890625
2022-03-03 12:58:48,722:INFO:Epoch 68, Training loss 108432.828125, Validation loss 108506.91015625
2022-03-03 12:58:51,109:INFO:Epoch 69, Training loss 108432.33984375, Validation loss 108506.51171875
2022-03-03 12:58:53,434:INFO:Epoch 70, Training loss 108432.666015625, Validation loss 108507.734375
2022-03-03 12:58:55,755:INFO:Epoch 71, Training loss 108431.1484375, Validation loss 108507.98046875
2022-03-03 12:58:58,089:INFO:Epoch 72, Training loss 108430.59765625, Validation loss 108507.216796875
2022-03-03 12:59:00,454:INFO:Epoch 73, Training loss 108429.744140625, Validation loss 108507.9140625
2022-03-03 12:59:02,788:INFO:Epoch 74, Training loss 108428.255859375, Validation loss 108507.03515625
2022-03-03 12:59:05,090:INFO:Epoch 75, Training loss 108427.919921875, Validation loss 108507.607421875
2022-03-03 12:59:07,432:INFO:Epoch 76, Training loss 108427.337890625, Validation loss 108506.525390625
2022-03-03 12:59:09,784:INFO:Epoch 77, Training loss 108428.892578125, Validation loss 108507.220703125
2022-03-03 12:59:12,132:INFO:Epoch 78, Training loss 108427.44140625, Validation loss 108506.4765625
2022-03-03 12:59:14,426:INFO:Epoch 79, Training loss 108427.52734375, Validation loss 108507.96484375
2022-03-03 12:59:16,790:INFO:Epoch 80, Training loss 108425.701171875, Validation loss 108506.455078125
2022-03-03 12:59:19,109:INFO:Epoch 81, Training loss 108424.361328125, Validation loss 108508.833984375
2022-03-03 12:59:21,507:INFO:Epoch 82, Training loss 108424.41015625, Validation loss 108507.51171875
2022-03-03 12:59:23,810:INFO:Epoch 83, Training loss 108425.22265625, Validation loss 108507.609375
2022-03-03 12:59:26,162:INFO:Epoch 84, Training loss 108422.53515625, Validation loss 108507.052734375
2022-03-03 12:59:28,474:INFO:Epoch 85, Training loss 108423.619140625, Validation loss 108506.8671875
2022-03-03 12:59:30,859:INFO:Epoch 86, Training loss 108421.6328125, Validation loss 108507.56640625
2022-03-03 12:59:33,171:INFO:Epoch 87, Training loss 108420.73828125, Validation loss 108507.521484375
2022-03-03 12:59:35,479:INFO:Epoch 88, Training loss 108421.181640625, Validation loss 108507.400390625
2022-03-03 12:59:37,704:INFO:Epoch 89, Training loss 108421.1796875, Validation loss 108507.95703125
2022-03-03 12:59:39,991:INFO:Epoch 90, Training loss 108420.037109375, Validation loss 108506.73046875
2022-03-03 12:59:42,228:INFO:Epoch 91, Training loss 108420.197265625, Validation loss 108508.94921875
2022-03-03 12:59:44,458:INFO:Epoch 92, Training loss 108417.634765625, Validation loss 108507.810546875
2022-03-03 12:59:46,701:INFO:Epoch 93, Training loss 108418.0625, Validation loss 108510.525390625
2022-03-03 12:59:48,970:INFO:Epoch 94, Training loss 108418.5078125, Validation loss 108507.486328125
2022-03-03 12:59:51,209:INFO:Epoch 95, Training loss 108417.6796875, Validation loss 108509.412109375
2022-03-03 12:59:53,418:INFO:Epoch 96, Training loss 108417.96484375, Validation loss 108507.333984375
2022-03-03 12:59:55,670:INFO:Epoch 97, Training loss 108416.58203125, Validation loss 108507.84765625
2022-03-03 12:59:57,933:INFO:Epoch 98, Training loss 108417.171875, Validation loss 108508.40625
2022-03-03 13:00:00,185:INFO:Epoch 99, Training loss 108416.1015625, Validation loss 108508.23828125
2022-03-03 13:00:02,387:INFO:Epoch 100, Training loss 108415.71484375, Validation loss 108508.5390625
2022-03-03 13:00:04,647:INFO:Epoch 101, Training loss 108414.388671875, Validation loss 108508.37109375
2022-03-03 13:00:06,843:INFO:Epoch 102, Training loss 108413.46484375, Validation loss 108507.62890625
2022-03-03 13:00:09,138:INFO:Epoch 103, Training loss 108413.55859375, Validation loss 108507.822265625
2022-03-03 13:00:11,341:INFO:Epoch 104, Training loss 108413.203125, Validation loss 108509.443359375
2022-03-03 13:00:13,596:INFO:Epoch 105, Training loss 108412.732421875, Validation loss 108508.51171875
2022-03-03 13:00:15,811:INFO:Epoch 106, Training loss 108412.74609375, Validation loss 108509.62890625
2022-03-03 13:00:18,103:INFO:Epoch 107, Training loss 108411.830078125, Validation loss 108508.228515625
2022-03-03 13:00:20,316:INFO:Epoch 108, Training loss 108412.033203125, Validation loss 108508.13671875
2022-03-03 13:00:22,535:INFO:Epoch 109, Training loss 108412.921875, Validation loss 108509.7421875
2022-03-03 13:00:24,758:INFO:Epoch 110, Training loss 108411.37890625, Validation loss 108508.419921875
2022-03-03 13:00:27,034:INFO:Epoch 111, Training loss 108410.33984375, Validation loss 108509.513671875
2022-03-03 13:00:29,251:INFO:Epoch 112, Training loss 108411.322265625, Validation loss 108509.341796875
2022-03-03 13:00:31,463:INFO:Epoch 113, Training loss 108409.984375, Validation loss 108510.78515625
2022-03-03 13:00:33,694:INFO:Epoch 114, Training loss 108410.1796875, Validation loss 108509.26953125
2022-03-03 13:00:35,954:INFO:Epoch 115, Training loss 108409.54296875, Validation loss 108510.09765625
2022-03-03 13:00:38,182:INFO:Epoch 116, Training loss 108409.21875, Validation loss 108509.845703125
2022-03-03 13:00:40,378:INFO:Epoch 117, Training loss 108409.93359375, Validation loss 108509.236328125
2022-03-03 13:00:42,619:INFO:Epoch 118, Training loss 108408.23046875, Validation loss 108509.27734375
2022-03-03 13:00:44,877:INFO:Epoch 119, Training loss 108407.697265625, Validation loss 108509.697265625
2022-03-03 13:00:47,131:INFO:Epoch 120, Training loss 108409.474609375, Validation loss 108509.853515625
2022-03-03 13:00:49,318:INFO:Epoch 121, Training loss 108407.232421875, Validation loss 108511.166015625
2022-03-03 13:00:51,574:INFO:Epoch 122, Training loss 108410.37109375, Validation loss 108510.873046875
2022-03-03 13:00:53,764:INFO:Epoch 123, Training loss 108410.623046875, Validation loss 108510.71484375
2022-03-03 13:00:56,056:INFO:Epoch 124, Training loss 108408.486328125, Validation loss 108509.42578125
2022-03-03 13:00:58,256:INFO:Epoch 125, Training loss 108406.14453125, Validation loss 108511.404296875
2022-03-03 13:01:00,504:INFO:Epoch 126, Training loss 108407.67578125, Validation loss 108511.1015625
2022-03-03 13:01:02,717:INFO:Epoch 127, Training loss 108410.3984375, Validation loss 108512.43359375
2022-03-03 13:01:04,995:INFO:Epoch 128, Training loss 108406.9140625, Validation loss 108511.69921875
2022-03-03 13:01:07,203:INFO:Epoch 129, Training loss 108407.650390625, Validation loss 108511.953125
2022-03-03 13:01:09,433:INFO:Epoch 130, Training loss 108407.1015625, Validation loss 108509.896484375
2022-03-03 13:01:09,438:INFO:Finished training
