1.498536054687500000e+05
1.491741328125000000e+05
1.482661640625000000e+05
1.471366171875000000e+05
1.459320722656250000e+05
1.449157382812500000e+05
1.443831308593750000e+05
1.441038710937500000e+05
1.439794785156250000e+05
1.438628554687500000e+05
1.437845781250000000e+05
1.437374453125000000e+05
1.437160878906250000e+05
1.436969023437500000e+05
1.436932363281250000e+05
1.436914843750000000e+05
1.436878632812500000e+05
1.436589667968750000e+05
1.436712109375000000e+05
1.436431269531250000e+05
1.436350429687500000e+05
1.436339023437500000e+05
1.436386972656250000e+05
1.436693828125000000e+05
1.436425410156250000e+05
1.436441582031250000e+05
1.436353300781250000e+05
1.436150781250000000e+05
1.436090136718750000e+05
1.436017832031250000e+05
1.435935957031250000e+05
1.435944042968750000e+05
1.435977148437500000e+05
1.435871386718750000e+05
1.435856972656250000e+05
1.435849003906250000e+05
1.435891933593750000e+05
1.435916308593750000e+05
1.435884980468750000e+05
1.435989140625000000e+05
1.436054082031250000e+05
1.436050703125000000e+05
1.435974511718750000e+05
1.435959746093750000e+05
1.435986542968750000e+05
1.436103867187500000e+05
1.435944062500000000e+05
1.435873808593750000e+05
1.436105292968750000e+05
1.436099882812500000e+05
1.435932949218750000e+05
1.435849707031250000e+05
1.435839648437500000e+05
1.435804218750000000e+05
1.435728300781250000e+05
1.435749375000000000e+05
1.435765722656250000e+05
1.435789121093750000e+05
1.435775058593750000e+05
1.435774179687500000e+05
1.435754003906250000e+05
1.435717734375000000e+05
1.435780312500000000e+05
1.435934570312500000e+05
1.435866503906250000e+05
1.435802148437500000e+05
1.435830878906250000e+05
1.435804687500000000e+05
1.435855957031250000e+05
1.435744160156250000e+05
1.435739960937500000e+05
1.435781816406250000e+05
1.435720078125000000e+05
1.435718925781250000e+05
1.435682187500000000e+05
1.435701562500000000e+05
1.435782734375000000e+05
1.435700332031250000e+05
1.435698964843750000e+05
1.435721113281250000e+05
1.435710253906250000e+05
1.435761230468750000e+05
1.435778906250000000e+05
1.435743144531250000e+05
1.435740156250000000e+05
1.435663730468750000e+05
1.435672539062500000e+05
1.435669277343750000e+05
1.435708847656250000e+05
1.435748867187500000e+05
1.435700996093750000e+05
1.435761875000000000e+05
1.435805332031250000e+05
1.435861015625000000e+05
1.435846562500000000e+05
1.435771503906250000e+05
1.435789589843750000e+05
1.435996660156250000e+05
1.436081875000000000e+05
1.435888125000000000e+05
1.435842265625000000e+05
1.435830449218750000e+05
1.435866425781250000e+05
1.435709824218750000e+05
1.435676757812500000e+05
1.435760527343750000e+05
1.435958730468750000e+05
1.435893925781250000e+05
1.435788867187500000e+05
1.435677812500000000e+05
1.435661484375000000e+05
1.435703378906250000e+05
