8.463974609375000000e+04
8.463974609375000000e+04
8.463974609375000000e+04
8.463974609375000000e+04
8.463974609375000000e+04
8.463974609375000000e+04
8.463974609375000000e+04
8.463974609375000000e+04
8.463974609375000000e+04
8.463974609375000000e+04
8.463974609375000000e+04
8.463974609375000000e+04
7.375544433593750000e+04
7.374567773437500000e+04
7.374416992187500000e+04
7.374281347656250000e+04
7.374169628906250000e+04
7.374038378906250000e+04
7.373960253906250000e+04
7.373833886718750000e+04
7.373737402343750000e+04
7.373756542968750000e+04
7.373585449218750000e+04
7.373665820312500000e+04
7.373541992187500000e+04
7.373544335937500000e+04
7.373407714843750000e+04
7.373365722656250000e+04
7.373341210937500000e+04
7.373224218750000000e+04
7.373286425781250000e+04
7.373179003906250000e+04
7.373108789062500000e+04
7.373113476562500000e+04
7.373053320312500000e+04
7.373023242187500000e+04
7.372952343750000000e+04
7.372935449218750000e+04
7.372930371093750000e+04
7.372828515625000000e+04
7.372733789062500000e+04
7.372798828125000000e+04
7.372699316406250000e+04
7.372672265625000000e+04
7.372640234375000000e+04
7.372780371093750000e+04
7.372520410156250000e+04
7.372479296875000000e+04
7.372467578125000000e+04
7.372419921875000000e+04
7.372583984375000000e+04
7.372338476562500000e+04
7.372278027343750000e+04
7.372148339843750000e+04
7.372129882812500000e+04
7.372246582031250000e+04
7.371961425781250000e+04
7.371993261718750000e+04
7.371911035156250000e+04
7.371850585937500000e+04
7.371804980468750000e+04
7.371779492187500000e+04
7.371848242187500000e+04
7.371866308593750000e+04
7.371614257812500000e+04
7.371773828125000000e+04
7.371706835937500000e+04
7.371685644531250000e+04
