2021-11-18 16:13:49,975:INFO:All directories created, ready to load the data
2021-11-18 16:13:50,012:INFO:Dataset loaded from /data/theorie/jthoeve/event_generation/events_high_stats/lin/cHq3/events_7.npy
2021-11-18 16:13:50,045:INFO:Dataset loaded from /data/theorie/jthoeve/event_generation/events_high_stats/sm/events_7.npy
2021-11-18 16:13:53,785:INFO:Epoch 1, Training loss 84699.09375, Validation loss 84699.09375
2021-11-18 16:13:57,566:INFO:Epoch 2, Training loss 84699.09375, Validation loss 84699.09375
2021-11-18 16:14:01,414:INFO:Epoch 3, Training loss 84699.09375, Validation loss 84699.09375
2021-11-18 16:14:05,217:INFO:Epoch 4, Training loss 84699.09375, Validation loss 84699.09375
2021-11-18 16:14:09,089:INFO:Epoch 5, Training loss 84699.09375, Validation loss 84699.09375
2021-11-18 16:14:12,868:INFO:Epoch 6, Training loss 84699.09375, Validation loss 84699.09375
2021-11-18 16:14:16,711:INFO:Epoch 7, Training loss 84699.09375, Validation loss 84699.09375
2021-11-18 16:14:20,523:INFO:Epoch 8, Training loss 84699.09375, Validation loss 84699.09375
2021-11-18 16:14:24,322:INFO:Epoch 9, Training loss 84699.09375, Validation loss 84699.09375
2021-11-18 16:14:28,186:INFO:Epoch 10, Training loss 84699.09375, Validation loss 84699.09375
2021-11-18 16:14:32,096:INFO:Epoch 11, Training loss 84699.09375, Validation loss 84699.09375
2021-11-18 16:14:32,099:INFO:Detected stagant training, reset the weights
2021-11-18 16:14:35,933:INFO:Epoch 12, Training loss 81057.546875, Validation loss 80414.9921875
2021-11-18 16:14:39,876:INFO:Epoch 13, Training loss 80420.3828125, Validation loss 79613.8984375
2021-11-18 16:14:43,654:INFO:Epoch 14, Training loss 79619.515625, Validation loss 78756.359375
2021-11-18 16:14:47,495:INFO:Epoch 15, Training loss 78761.4375, Validation loss 77914.0234375
2021-11-18 16:14:51,359:INFO:Epoch 16, Training loss 77918.671875, Validation loss 77135.5625
2021-11-18 16:14:55,152:INFO:Epoch 17, Training loss 77139.3984375, Validation loss 76426.140625
2021-11-18 16:14:59,016:INFO:Epoch 18, Training loss 76429.0390625, Validation loss 75801.0234375
2021-11-18 16:15:02,826:INFO:Epoch 19, Training loss 75802.921875, Validation loss 75276.515625
2021-11-18 16:15:06,619:INFO:Epoch 20, Training loss 75277.6484375, Validation loss 74850.984375
2021-11-18 16:15:10,453:INFO:Epoch 21, Training loss 74850.5390625, Validation loss 74507.4609375
2021-11-18 16:15:14,236:INFO:Epoch 22, Training loss 74505.8203125, Validation loss 74239.6796875
2021-11-18 16:15:17,997:INFO:Epoch 23, Training loss 74237.34375, Validation loss 74043.2109375
2021-11-18 16:15:21,837:INFO:Epoch 24, Training loss 74040.390625, Validation loss 73912.828125
2021-11-18 16:15:25,635:INFO:Epoch 25, Training loss 73909.4140625, Validation loss 73841.203125
2021-11-18 16:15:29,492:INFO:Epoch 26, Training loss 73837.53125, Validation loss 73819.2109375
2021-11-18 16:15:33,317:INFO:Epoch 27, Training loss 73815.421875, Validation loss 73836.3515625
2021-11-18 16:15:37,145:INFO:Epoch 28, Training loss 73832.53125, Validation loss 73879.0703125
2021-11-18 16:15:40,959:INFO:Epoch 29, Training loss 73875.4140625, Validation loss 73932.59375
2021-11-18 16:15:44,738:INFO:Epoch 30, Training loss 73929.078125, Validation loss 73985.1796875
2021-11-18 16:15:48,568:INFO:Epoch 31, Training loss 73981.671875, Validation loss 74028.859375
2021-11-18 16:15:52,426:INFO:Epoch 32, Training loss 74025.3984375, Validation loss 74059.1875
2021-11-18 16:15:56,232:INFO:Epoch 33, Training loss 74055.75, Validation loss 74074.5625
2021-11-18 16:16:00,127:INFO:Epoch 34, Training loss 74071.1328125, Validation loss 74075.3671875
2021-11-18 16:16:03,931:INFO:Epoch 35, Training loss 74071.9140625, Validation loss 74063.328125
2021-11-18 16:16:07,765:INFO:Epoch 36, Training loss 74059.890625, Validation loss 74041.109375
2021-11-18 16:16:11,592:INFO:Epoch 37, Training loss 74037.625, Validation loss 74011.7578125
2021-11-18 16:16:15,339:INFO:Epoch 38, Training loss 74008.21875, Validation loss 73978.4921875
2021-11-18 16:16:19,216:INFO:Epoch 39, Training loss 73974.8671875, Validation loss 73944.125
2021-11-18 16:16:23,147:INFO:Epoch 40, Training loss 73940.4453125, Validation loss 73911.015625
2021-11-18 16:16:26,957:INFO:Epoch 41, Training loss 73907.3515625, Validation loss 73880.9921875
2021-11-18 16:16:30,823:INFO:Epoch 42, Training loss 73877.375, Validation loss 73855.328125
2021-11-18 16:16:34,576:INFO:Epoch 43, Training loss 73851.7265625, Validation loss 73834.703125
2021-11-18 16:16:38,389:INFO:Epoch 44, Training loss 73831.0859375, Validation loss 73819.28125
2021-11-18 16:16:42,158:INFO:Epoch 45, Training loss 73815.6484375, Validation loss 73808.8828125
2021-11-18 16:16:45,945:INFO:Epoch 46, Training loss 73805.2421875, Validation loss 73803.0234375
2021-11-18 16:16:49,829:INFO:Epoch 47, Training loss 73799.3359375, Validation loss 73800.953125
2021-11-18 16:16:53,705:INFO:Epoch 48, Training loss 73797.2109375, Validation loss 73801.78125
2021-11-18 16:16:57,492:INFO:Epoch 49, Training loss 73798.0546875, Validation loss 73804.6953125
2021-11-18 16:17:01,289:INFO:Epoch 50, Training loss 73800.921875, Validation loss 73808.7421875
2021-11-18 16:17:05,043:INFO:Epoch 51, Training loss 73804.921875, Validation loss 73813.125
2021-11-18 16:17:08,911:INFO:Epoch 52, Training loss 73809.28125, Validation loss 73817.140625
2021-11-18 16:17:12,797:INFO:Epoch 53, Training loss 73813.28125, Validation loss 73820.2890625
2021-11-18 16:17:16,602:INFO:Epoch 54, Training loss 73816.421875, Validation loss 73822.2734375
2021-11-18 16:17:20,465:INFO:Epoch 55, Training loss 73818.4140625, Validation loss 73822.984375
2021-11-18 16:17:25,020:INFO:Epoch 56, Training loss 73819.109375, Validation loss 73822.4765625
2021-11-18 16:17:28,782:INFO:Epoch 57, Training loss 73818.5625, Validation loss 73820.90625
2021-11-18 16:17:32,594:INFO:Epoch 58, Training loss 73816.9453125, Validation loss 73818.5078125
2021-11-18 16:17:36,379:INFO:Epoch 59, Training loss 73814.5, Validation loss 73815.5546875
2021-11-18 16:17:40,218:INFO:Epoch 60, Training loss 73811.515625, Validation loss 73812.328125
2021-11-18 16:17:44,098:INFO:Epoch 61, Training loss 73808.265625, Validation loss 73809.1015625
2021-11-18 16:17:47,948:INFO:Epoch 62, Training loss 73805.0078125, Validation loss 73806.0703125
2021-11-18 16:17:51,839:INFO:Epoch 63, Training loss 73801.953125, Validation loss 73803.4140625
2021-11-18 16:17:55,633:INFO:Epoch 64, Training loss 73799.2578125, Validation loss 73801.234375
2021-11-18 16:17:59,473:INFO:Epoch 65, Training loss 73797.0390625, Validation loss 73799.5859375
2021-11-18 16:18:03,251:INFO:Epoch 66, Training loss 73795.3515625, Validation loss 73798.4453125
2021-11-18 16:18:07,006:INFO:Epoch 67, Training loss 73794.1875, Validation loss 73797.7890625
2021-11-18 16:18:10,885:INFO:Epoch 68, Training loss 73793.5078125, Validation loss 73797.546875
2021-11-18 16:18:14,766:INFO:Epoch 69, Training loss 73793.2421875, Validation loss 73797.625
2021-11-18 16:18:18,521:INFO:Epoch 70, Training loss 73793.296875, Validation loss 73797.921875
2021-11-18 16:18:22,254:INFO:Epoch 71, Training loss 73793.5546875, Validation loss 73798.3359375
2021-11-18 16:18:25,959:INFO:Epoch 72, Training loss 73793.9296875, Validation loss 73798.7578125
2021-11-18 16:18:29,695:INFO:Epoch 73, Training loss 73794.296875, Validation loss 73799.1171875
2021-11-18 16:18:33,472:INFO:Epoch 74, Training loss 73794.59375, Validation loss 73799.375
2021-11-18 16:18:37,199:INFO:Epoch 75, Training loss 73794.7421875, Validation loss 73799.4921875
2021-11-18 16:18:40,992:INFO:Epoch 76, Training loss 73794.703125, Validation loss 73799.484375
2021-11-18 16:18:44,825:INFO:Epoch 77, Training loss 73794.53125, Validation loss 73799.296875
2021-11-18 16:18:48,598:INFO:Epoch 78, Training loss 73794.21875, Validation loss 73798.9375
2021-11-18 16:18:52,391:INFO:Epoch 79, Training loss 73793.7109375, Validation loss 73798.515625
2021-11-18 16:18:56,115:INFO:Epoch 80, Training loss 73793.1328125, Validation loss 73798.0703125
2021-11-18 16:18:59,893:INFO:Epoch 81, Training loss 73792.5546875, Validation loss 73797.6875
2021-11-18 16:19:03,657:INFO:Epoch 82, Training loss 73791.9921875, Validation loss 73797.4296875
2021-11-18 16:19:07,443:INFO:Epoch 83, Training loss 73791.5546875, Validation loss 73797.2734375
2021-11-18 16:19:11,257:INFO:Epoch 84, Training loss 73791.2578125, Validation loss 73797.140625
2021-11-18 16:19:15,084:INFO:Epoch 85, Training loss 73791.109375, Validation loss 73797.0703125
2021-11-18 16:19:18,831:INFO:Epoch 86, Training loss 73791.0, Validation loss 73797.0625
2021-11-18 16:19:22,583:INFO:Epoch 87, Training loss 73790.90625, Validation loss 73797.046875
2021-11-18 16:19:26,252:INFO:Epoch 88, Training loss 73790.8046875, Validation loss 73797.0078125
2021-11-18 16:19:30,018:INFO:Epoch 89, Training loss 73790.6953125, Validation loss 73796.921875
2021-11-18 16:19:33,812:INFO:Epoch 90, Training loss 73790.5546875, Validation loss 73796.7890625
2021-11-18 16:19:37,557:INFO:Epoch 91, Training loss 73790.390625, Validation loss 73796.625
2021-11-18 16:19:41,310:INFO:Epoch 92, Training loss 73790.1875, Validation loss 73796.421875
2021-11-18 16:19:44,977:INFO:Epoch 93, Training loss 73789.9765625, Validation loss 73796.21875
2021-11-18 16:19:48,675:INFO:Epoch 94, Training loss 73789.7578125, Validation loss 73796.03125
2021-11-18 16:19:52,414:INFO:Epoch 95, Training loss 73789.53125, Validation loss 73795.8828125
2021-11-18 16:19:56,079:INFO:Epoch 96, Training loss 73789.3203125, Validation loss 73795.7734375
2021-11-18 16:19:59,827:INFO:Epoch 97, Training loss 73789.1484375, Validation loss 73795.671875
2021-11-18 16:20:03,673:INFO:Epoch 98, Training loss 73788.9921875, Validation loss 73795.578125
2021-11-18 16:20:07,408:INFO:Epoch 99, Training loss 73788.8515625, Validation loss 73795.5
2021-11-18 16:20:11,205:INFO:Epoch 100, Training loss 73788.7265625, Validation loss 73795.421875
2021-11-18 16:20:14,898:INFO:Epoch 101, Training loss 73788.6171875, Validation loss 73795.3671875
2021-11-18 16:20:18,615:INFO:Epoch 102, Training loss 73788.5078125, Validation loss 73795.3046875
2021-11-18 16:20:22,364:INFO:Epoch 103, Training loss 73788.4140625, Validation loss 73795.234375
2021-11-18 16:20:26,070:INFO:Epoch 104, Training loss 73788.328125, Validation loss 73795.171875
2021-11-18 16:20:29,831:INFO:Epoch 105, Training loss 73788.2265625, Validation loss 73795.1328125
2021-11-18 16:20:33,579:INFO:Epoch 106, Training loss 73788.125, Validation loss 73795.0859375
2021-11-18 16:20:37,328:INFO:Epoch 107, Training loss 73788.015625, Validation loss 73795.046875
2021-11-18 16:20:41,022:INFO:Epoch 108, Training loss 73787.9140625, Validation loss 73795.0078125
2021-11-18 16:20:44,689:INFO:Epoch 109, Training loss 73787.8046875, Validation loss 73794.96875
2021-11-18 16:20:48,400:INFO:Epoch 110, Training loss 73787.7109375, Validation loss 73794.9453125
2021-11-18 16:20:52,135:INFO:Epoch 111, Training loss 73787.6171875, Validation loss 73794.9453125
2021-11-18 16:20:55,852:INFO:Epoch 112, Training loss 73787.53125, Validation loss 73794.953125
2021-11-18 16:20:59,645:INFO:Epoch 113, Training loss 73787.453125, Validation loss 73794.96875
2021-11-18 16:21:03,365:INFO:Epoch 114, Training loss 73787.3828125, Validation loss 73794.9765625
2021-11-18 16:21:07,084:INFO:Epoch 115, Training loss 73787.3046875, Validation loss 73794.9765625
2021-11-18 16:21:10,848:INFO:Epoch 116, Training loss 73787.2265625, Validation loss 73794.9765625
2021-11-18 16:21:14,548:INFO:Epoch 117, Training loss 73787.1484375, Validation loss 73794.984375
2021-11-18 16:21:18,262:INFO:Epoch 118, Training loss 73787.0703125, Validation loss 73794.984375
2021-11-18 16:21:22,065:INFO:Epoch 119, Training loss 73786.9921875, Validation loss 73794.96875
2021-11-18 16:21:25,774:INFO:Epoch 120, Training loss 73786.90625, Validation loss 73794.9453125
2021-11-18 16:21:29,543:INFO:Epoch 121, Training loss 73786.8203125, Validation loss 73794.921875
2021-11-18 16:21:33,247:INFO:Epoch 122, Training loss 73786.734375, Validation loss 73794.90625
2021-11-18 16:21:36,993:INFO:Epoch 123, Training loss 73786.6484375, Validation loss 73794.8984375
2021-11-18 16:21:40,759:INFO:Epoch 124, Training loss 73786.5703125, Validation loss 73794.890625
2021-11-18 16:21:44,470:INFO:Epoch 125, Training loss 73786.5, Validation loss 73794.8671875
2021-11-18 16:21:48,241:INFO:Epoch 126, Training loss 73786.421875, Validation loss 73794.8671875
2021-11-18 16:21:52,033:INFO:Epoch 127, Training loss 73786.359375, Validation loss 73794.875
2021-11-18 16:21:55,751:INFO:Epoch 128, Training loss 73786.28125, Validation loss 73794.8984375
2021-11-18 16:21:59,524:INFO:Epoch 129, Training loss 73786.2109375, Validation loss 73794.9140625
2021-11-18 16:22:03,195:INFO:Epoch 130, Training loss 73786.1484375, Validation loss 73794.9296875
2021-11-18 16:22:06,972:INFO:Epoch 131, Training loss 73786.078125, Validation loss 73794.9453125
2021-11-18 16:22:10,746:INFO:Epoch 132, Training loss 73786.0078125, Validation loss 73794.9453125
2021-11-18 16:22:14,439:INFO:Epoch 133, Training loss 73785.9453125, Validation loss 73794.9453125
2021-11-18 16:22:18,202:INFO:Epoch 134, Training loss 73785.875, Validation loss 73794.953125
2021-11-18 16:22:22,024:INFO:Epoch 135, Training loss 73785.8046875, Validation loss 73794.9765625
2021-11-18 16:22:25,748:INFO:Epoch 136, Training loss 73785.7421875, Validation loss 73794.9921875
2021-11-18 16:22:29,519:INFO:Epoch 137, Training loss 73785.671875, Validation loss 73794.9921875
2021-11-18 16:22:33,213:INFO:Epoch 138, Training loss 73785.6015625, Validation loss 73794.9921875
2021-11-18 16:22:36,990:INFO:Epoch 139, Training loss 73785.5390625, Validation loss 73794.9921875
2021-11-18 16:22:40,793:INFO:Epoch 140, Training loss 73785.46875, Validation loss 73794.984375
2021-11-18 16:22:44,518:INFO:Epoch 141, Training loss 73785.40625, Validation loss 73794.984375
2021-11-18 16:22:48,324:INFO:Epoch 142, Training loss 73785.3359375, Validation loss 73794.9765625
2021-11-18 16:22:52,151:INFO:Epoch 143, Training loss 73785.2734375, Validation loss 73794.96875
2021-11-18 16:22:55,869:INFO:Epoch 144, Training loss 73785.203125, Validation loss 73794.953125
2021-11-18 16:22:59,639:INFO:Epoch 145, Training loss 73785.1484375, Validation loss 73794.9375
2021-11-18 16:23:03,353:INFO:Epoch 146, Training loss 73785.078125, Validation loss 73794.9296875
2021-11-18 16:23:07,143:INFO:Epoch 147, Training loss 73785.015625, Validation loss 73794.953125
2021-11-18 16:23:10,866:INFO:Epoch 148, Training loss 73784.953125, Validation loss 73794.9765625
2021-11-18 16:23:14,577:INFO:Epoch 149, Training loss 73784.890625, Validation loss 73795.0
2021-11-18 16:23:18,400:INFO:Epoch 150, Training loss 73784.8359375, Validation loss 73795.015625
2021-11-18 16:23:22,141:INFO:Epoch 151, Training loss 73784.7890625, Validation loss 73795.0390625
2021-11-18 16:23:25,904:INFO:Epoch 152, Training loss 73784.75, Validation loss 73795.0546875
2021-11-18 16:23:29,661:INFO:Epoch 153, Training loss 73784.703125, Validation loss 73795.078125
2021-11-18 16:23:33,381:INFO:Epoch 154, Training loss 73784.65625, Validation loss 73795.09375
2021-11-18 16:23:37,179:INFO:Epoch 155, Training loss 73784.6171875, Validation loss 73795.1015625
2021-11-18 16:23:40,975:INFO:Epoch 156, Training loss 73784.5703125, Validation loss 73795.125
2021-11-18 16:23:44,716:INFO:Epoch 157, Training loss 73784.53125, Validation loss 73795.1640625
2021-11-18 16:23:48,451:INFO:Epoch 158, Training loss 73784.484375, Validation loss 73795.2109375
2021-11-18 16:23:52,143:INFO:Epoch 159, Training loss 73784.4375, Validation loss 73795.234375
2021-11-18 16:23:55,894:INFO:Epoch 160, Training loss 73784.390625, Validation loss 73795.265625
2021-11-18 16:23:59,676:INFO:Epoch 161, Training loss 73784.34375, Validation loss 73795.3046875
2021-11-18 16:24:03,350:INFO:Epoch 162, Training loss 73784.2890625, Validation loss 73795.3359375
2021-11-18 16:24:07,133:INFO:Epoch 163, Training loss 73784.2421875, Validation loss 73795.359375
2021-11-18 16:24:10,951:INFO:Epoch 164, Training loss 73784.1953125, Validation loss 73795.390625
2021-11-18 16:24:14,677:INFO:Epoch 165, Training loss 73784.15625, Validation loss 73795.4296875
2021-11-18 16:24:18,435:INFO:Epoch 166, Training loss 73784.1171875, Validation loss 73795.453125
2021-11-18 16:24:22,144:INFO:Epoch 167, Training loss 73784.078125, Validation loss 73795.4765625
2021-11-18 16:24:25,881:INFO:Epoch 168, Training loss 73784.0390625, Validation loss 73795.484375
2021-11-18 16:24:29,701:INFO:Epoch 169, Training loss 73784.0, Validation loss 73795.5078125
2021-11-18 16:24:33,418:INFO:Epoch 170, Training loss 73783.9609375, Validation loss 73795.5390625
2021-11-18 16:24:37,198:INFO:Epoch 171, Training loss 73783.921875, Validation loss 73795.5703125
2021-11-18 16:24:41,049:INFO:Epoch 172, Training loss 73783.8828125, Validation loss 73795.5859375
2021-11-18 16:24:44,768:INFO:Epoch 173, Training loss 73783.84375, Validation loss 73795.59375
2021-11-18 16:24:48,524:INFO:Epoch 174, Training loss 73783.796875, Validation loss 73795.6328125
2021-11-18 16:24:52,270:INFO:Epoch 175, Training loss 73783.7578125, Validation loss 73795.6953125
2021-11-18 16:24:56,058:INFO:Epoch 176, Training loss 73783.7265625, Validation loss 73795.7421875
2021-11-18 16:24:56,065:INFO:Finished training, producing training report at /data/theorie/jthoeve/ML4EFT_higgs/models/17_11/model_final_lin_cHq3_v7/mc_run_7/plots/training_report/
2021-11-18 16:24:56,420:WARNING:findfont: Font family ['sans-serif'] not found. Falling back to DejaVu Sans.
