1.375316523437500000e+05
1.305314746093750000e+05
1.252151718750000000e+05
1.204228710937500000e+05
1.165190292968750000e+05
1.136507968750000000e+05
1.115822011718750000e+05
1.103306562500000000e+05
1.098950253906250000e+05
1.098639414062500000e+05
1.097793476562500000e+05
1.096130800781250000e+05
1.094855078125000000e+05
1.094183984375000000e+05
1.093671425781250000e+05
1.093078417968750000e+05
1.092561035156250000e+05
1.092164296875000000e+05
1.091813105468750000e+05
1.091469335937500000e+05
1.091180175781250000e+05
1.090904980468750000e+05
1.090669414062500000e+05
1.090452617187500000e+05
1.090267578125000000e+05
1.090116113281250000e+05
1.089960800781250000e+05
1.089831542968750000e+05
1.089731777343750000e+05
1.089638222656250000e+05
1.089549101562500000e+05
1.089483554687500000e+05
1.089425390625000000e+05
1.089378945312500000e+05
1.089354179687500000e+05
1.089324921875000000e+05
1.089284296875000000e+05
1.089261679687500000e+05
1.089248476562500000e+05
1.089236113281250000e+05
1.089227968750000000e+05
1.089214277343750000e+05
1.089212500000000000e+05
1.089204667968750000e+05
1.089194921875000000e+05
1.089191113281250000e+05
1.089189609375000000e+05
1.089181953125000000e+05
1.089181015625000000e+05
1.089174687500000000e+05
1.089174257812500000e+05
1.089169492187500000e+05
1.089166640625000000e+05
1.089163593750000000e+05
1.089162480468750000e+05
1.089155976562500000e+05
1.089155000000000000e+05
1.089152949218750000e+05
1.089148984375000000e+05
1.089145527343750000e+05
1.089156074218750000e+05
1.089142480468750000e+05
1.089139667968750000e+05
