2022-03-03 12:56:00,010:INFO:All directories created, ready to load the data
2022-03-03 12:56:00,086:INFO:Dataset loaded from /data/theorie/jthoeve/training_data/zh/features_mzh_y_ptz_v2/lin/cHW/events_4.pkl.gz
2022-03-03 12:56:00,135:INFO:Dataset loaded from /data/theorie/jthoeve/training_data/zh/features_mzh_y_ptz_v2/sm/events_4.pkl.gz
2022-03-03 12:56:02,494:INFO:Epoch 1, Training loss 144633.38671875, Validation loss 137251.494140625
2022-03-03 12:56:04,851:INFO:Epoch 2, Training loss 133761.54296875, Validation loss 129301.31640625
2022-03-03 12:56:07,133:INFO:Epoch 3, Training loss 126996.40625, Validation loss 123888.833984375
2022-03-03 12:56:09,439:INFO:Epoch 4, Training loss 122080.080078125, Validation loss 119514.734375
2022-03-03 12:56:11,737:INFO:Epoch 5, Training loss 117927.68359375, Validation loss 115660.537109375
2022-03-03 12:56:14,085:INFO:Epoch 6, Training loss 114262.470703125, Validation loss 112369.20703125
2022-03-03 12:56:16,381:INFO:Epoch 7, Training loss 111362.84375, Validation loss 110190.8828125
2022-03-03 12:56:18,679:INFO:Epoch 8, Training loss 109755.845703125, Validation loss 109464.3125
2022-03-03 12:56:20,989:INFO:Epoch 9, Training loss 109486.701171875, Validation loss 109646.23828125
2022-03-03 12:56:23,332:INFO:Epoch 10, Training loss 109644.482421875, Validation loss 109641.84375
2022-03-03 12:56:25,631:INFO:Epoch 11, Training loss 109524.806640625, Validation loss 109414.037109375
2022-03-03 12:56:27,912:INFO:Epoch 12, Training loss 109320.494140625, Validation loss 109271.943359375
2022-03-03 12:56:30,228:INFO:Epoch 13, Training loss 109239.26171875, Validation loss 109253.09375
2022-03-03 12:56:32,555:INFO:Epoch 14, Training loss 109234.662109375, Validation loss 109241.802734375
2022-03-03 12:56:34,883:INFO:Epoch 15, Training loss 109212.447265625, Validation loss 109203.580078125
2022-03-03 12:56:37,146:INFO:Epoch 16, Training loss 109173.37890625, Validation loss 109170.080078125
2022-03-03 12:56:39,458:INFO:Epoch 17, Training loss 109145.763671875, Validation loss 109150.16015625
2022-03-03 12:56:41,715:INFO:Epoch 18, Training loss 109126.416015625, Validation loss 109129.03125
2022-03-03 12:56:44,078:INFO:Epoch 19, Training loss 109104.447265625, Validation loss 109103.013671875
2022-03-03 12:56:46,339:INFO:Epoch 20, Training loss 109080.7734375, Validation loss 109078.5546875
2022-03-03 12:56:48,653:INFO:Epoch 21, Training loss 109059.390625, Validation loss 109057.220703125
2022-03-03 12:56:50,937:INFO:Epoch 22, Training loss 109037.62109375, Validation loss 109033.65234375
2022-03-03 12:56:53,293:INFO:Epoch 23, Training loss 109013.6328125, Validation loss 109009.119140625
2022-03-03 12:56:55,572:INFO:Epoch 24, Training loss 108987.927734375, Validation loss 108981.6484375
2022-03-03 12:56:57,864:INFO:Epoch 25, Training loss 108959.875, Validation loss 108950.2421875
2022-03-03 12:57:00,156:INFO:Epoch 26, Training loss 108928.3125, Validation loss 108915.873046875
2022-03-03 12:57:02,505:INFO:Epoch 27, Training loss 108893.126953125, Validation loss 108879.033203125
2022-03-03 12:57:04,798:INFO:Epoch 28, Training loss 108856.220703125, Validation loss 108840.048828125
2022-03-03 12:57:07,084:INFO:Epoch 29, Training loss 108818.28125, Validation loss 108798.2109375
2022-03-03 12:57:09,388:INFO:Epoch 30, Training loss 108778.81640625, Validation loss 108757.65234375
2022-03-03 12:57:11,721:INFO:Epoch 31, Training loss 108737.873046875, Validation loss 108715.927734375
2022-03-03 12:57:14,032:INFO:Epoch 32, Training loss 108698.361328125, Validation loss 108676.087890625
2022-03-03 12:57:16,304:INFO:Epoch 33, Training loss 108660.404296875, Validation loss 108637.861328125
2022-03-03 12:57:18,610:INFO:Epoch 34, Training loss 108624.83203125, Validation loss 108607.14453125
2022-03-03 12:57:20,922:INFO:Epoch 35, Training loss 108592.6875, Validation loss 108579.857421875
2022-03-03 12:57:23,235:INFO:Epoch 36, Training loss 108570.54296875, Validation loss 108562.0859375
2022-03-03 12:57:25,499:INFO:Epoch 37, Training loss 108552.66796875, Validation loss 108549.916015625
2022-03-03 12:57:27,819:INFO:Epoch 38, Training loss 108544.1328125, Validation loss 108544.28125
2022-03-03 12:57:30,089:INFO:Epoch 39, Training loss 108535.220703125, Validation loss 108534.669921875
2022-03-03 12:57:32,459:INFO:Epoch 40, Training loss 108526.4921875, Validation loss 108530.38671875
2022-03-03 12:57:34,739:INFO:Epoch 41, Training loss 108522.1015625, Validation loss 108525.60546875
2022-03-03 12:57:37,063:INFO:Epoch 42, Training loss 108521.365234375, Validation loss 108524.51953125
2022-03-03 12:57:39,343:INFO:Epoch 43, Training loss 108517.04296875, Validation loss 108523.015625
2022-03-03 12:57:41,695:INFO:Epoch 44, Training loss 108512.83984375, Validation loss 108521.802734375
2022-03-03 12:57:43,982:INFO:Epoch 45, Training loss 108509.5546875, Validation loss 108517.203125
2022-03-03 12:57:46,286:INFO:Epoch 46, Training loss 108508.640625, Validation loss 108517.265625
2022-03-03 12:57:48,586:INFO:Epoch 47, Training loss 108506.1796875, Validation loss 108517.212890625
2022-03-03 12:57:50,937:INFO:Epoch 48, Training loss 108502.0390625, Validation loss 108516.93359375
2022-03-03 12:57:53,230:INFO:Epoch 49, Training loss 108501.443359375, Validation loss 108515.19140625
2022-03-03 12:57:55,514:INFO:Epoch 50, Training loss 108502.53515625, Validation loss 108513.154296875
2022-03-03 12:57:57,813:INFO:Epoch 51, Training loss 108498.640625, Validation loss 108513.607421875
2022-03-03 12:58:00,149:INFO:Epoch 52, Training loss 108496.54296875, Validation loss 108512.9453125
2022-03-03 12:58:02,457:INFO:Epoch 53, Training loss 108495.21875, Validation loss 108511.130859375
2022-03-03 12:58:04,732:INFO:Epoch 54, Training loss 108496.15625, Validation loss 108510.73828125
2022-03-03 12:58:07,045:INFO:Epoch 55, Training loss 108495.837890625, Validation loss 108510.697265625
2022-03-03 12:58:09,363:INFO:Epoch 56, Training loss 108492.8359375, Validation loss 108510.482421875
2022-03-03 12:58:11,678:INFO:Epoch 57, Training loss 108491.068359375, Validation loss 108509.296875
2022-03-03 12:58:13,942:INFO:Epoch 58, Training loss 108490.396484375, Validation loss 108509.408203125
2022-03-03 12:58:16,265:INFO:Epoch 59, Training loss 108489.240234375, Validation loss 108509.32421875
2022-03-03 12:58:18,541:INFO:Epoch 60, Training loss 108487.677734375, Validation loss 108506.1484375
2022-03-03 12:58:20,910:INFO:Epoch 61, Training loss 108486.541015625, Validation loss 108506.37890625
2022-03-03 12:58:23,186:INFO:Epoch 62, Training loss 108487.884765625, Validation loss 108508.3125
2022-03-03 12:58:25,507:INFO:Epoch 63, Training loss 108485.41015625, Validation loss 108505.6796875
2022-03-03 12:58:27,799:INFO:Epoch 64, Training loss 108483.966796875, Validation loss 108505.51171875
2022-03-03 12:58:30,163:INFO:Epoch 65, Training loss 108483.318359375, Validation loss 108504.818359375
2022-03-03 12:58:32,449:INFO:Epoch 66, Training loss 108484.66796875, Validation loss 108509.728515625
2022-03-03 12:58:34,760:INFO:Epoch 67, Training loss 108487.958984375, Validation loss 108508.8671875
2022-03-03 12:58:37,056:INFO:Epoch 68, Training loss 108484.154296875, Validation loss 108505.720703125
2022-03-03 12:58:39,406:INFO:Epoch 69, Training loss 108483.45703125, Validation loss 108503.86328125
2022-03-03 12:58:41,701:INFO:Epoch 70, Training loss 108481.6640625, Validation loss 108505.458984375
2022-03-03 12:58:43,995:INFO:Epoch 71, Training loss 108482.537109375, Validation loss 108507.05859375
2022-03-03 12:58:46,298:INFO:Epoch 72, Training loss 108479.505859375, Validation loss 108504.048828125
2022-03-03 12:58:48,640:INFO:Epoch 73, Training loss 108482.607421875, Validation loss 108503.6171875
2022-03-03 12:58:50,947:INFO:Epoch 74, Training loss 108478.267578125, Validation loss 108504.369140625
2022-03-03 12:58:53,217:INFO:Epoch 75, Training loss 108478.83984375, Validation loss 108506.59375
2022-03-03 12:58:55,527:INFO:Epoch 76, Training loss 108477.603515625, Validation loss 108504.22265625
2022-03-03 12:58:57,849:INFO:Epoch 77, Training loss 108479.0703125, Validation loss 108502.587890625
2022-03-03 12:59:00,173:INFO:Epoch 78, Training loss 108477.3046875, Validation loss 108505.201171875
2022-03-03 12:59:02,440:INFO:Epoch 79, Training loss 108475.90234375, Validation loss 108504.548828125
2022-03-03 12:59:04,772:INFO:Epoch 80, Training loss 108477.33203125, Validation loss 108502.681640625
2022-03-03 12:59:07,055:INFO:Epoch 81, Training loss 108476.84375, Validation loss 108503.048828125
2022-03-03 12:59:09,422:INFO:Epoch 82, Training loss 108476.4140625, Validation loss 108505.330078125
2022-03-03 12:59:11,702:INFO:Epoch 83, Training loss 108475.490234375, Validation loss 108501.9375
2022-03-03 12:59:14,024:INFO:Epoch 84, Training loss 108473.63671875, Validation loss 108502.26953125
2022-03-03 12:59:16,310:INFO:Epoch 85, Training loss 108473.52734375, Validation loss 108503.72265625
2022-03-03 12:59:18,670:INFO:Epoch 86, Training loss 108473.994140625, Validation loss 108502.560546875
2022-03-03 12:59:20,957:INFO:Epoch 87, Training loss 108472.005859375, Validation loss 108503.126953125
2022-03-03 12:59:23,262:INFO:Epoch 88, Training loss 108472.2890625, Validation loss 108503.849609375
2022-03-03 12:59:25,560:INFO:Epoch 89, Training loss 108473.9296875, Validation loss 108503.552734375
2022-03-03 12:59:27,920:INFO:Epoch 90, Training loss 108477.693359375, Validation loss 108508.521484375
2022-03-03 12:59:30,218:INFO:Epoch 91, Training loss 108475.404296875, Validation loss 108506.21875
2022-03-03 12:59:32,504:INFO:Epoch 92, Training loss 108476.498046875, Validation loss 108509.0078125
2022-03-03 12:59:34,811:INFO:Epoch 93, Training loss 108473.556640625, Validation loss 108504.283203125
2022-03-03 12:59:37,147:INFO:Epoch 94, Training loss 108472.177734375, Validation loss 108502.2265625
2022-03-03 12:59:39,457:INFO:Epoch 95, Training loss 108468.9140625, Validation loss 108502.67578125
2022-03-03 12:59:41,730:INFO:Epoch 96, Training loss 108468.794921875, Validation loss 108502.125
2022-03-03 12:59:44,049:INFO:Epoch 97, Training loss 108468.65625, Validation loss 108502.966796875
2022-03-03 12:59:46,372:INFO:Epoch 98, Training loss 108468.490234375, Validation loss 108504.220703125
2022-03-03 12:59:48,693:INFO:Epoch 99, Training loss 108471.46484375, Validation loss 108502.8828125
2022-03-03 12:59:50,966:INFO:Epoch 100, Training loss 108471.08203125, Validation loss 108505.759765625
2022-03-03 12:59:53,289:INFO:Epoch 101, Training loss 108471.609375, Validation loss 108503.7265625
2022-03-03 12:59:55,562:INFO:Epoch 102, Training loss 108470.015625, Validation loss 108506.076171875
2022-03-03 12:59:57,929:INFO:Epoch 103, Training loss 108467.23046875, Validation loss 108506.22265625
2022-03-03 13:00:00,204:INFO:Epoch 104, Training loss 108470.64453125, Validation loss 108506.25390625
2022-03-03 13:00:02,525:INFO:Epoch 105, Training loss 108468.818359375, Validation loss 108504.46875
2022-03-03 13:00:04,809:INFO:Epoch 106, Training loss 108467.89453125, Validation loss 108503.142578125
2022-03-03 13:00:07,168:INFO:Epoch 107, Training loss 108469.02734375, Validation loss 108503.611328125
2022-03-03 13:00:09,457:INFO:Epoch 108, Training loss 108468.15234375, Validation loss 108507.8515625
2022-03-03 13:00:11,763:INFO:Epoch 109, Training loss 108465.3671875, Validation loss 108502.140625
2022-03-03 13:00:14,060:INFO:Epoch 110, Training loss 108464.904296875, Validation loss 108501.73046875
2022-03-03 13:00:16,411:INFO:Epoch 111, Training loss 108465.7734375, Validation loss 108502.517578125
2022-03-03 13:00:18,711:INFO:Epoch 112, Training loss 108464.392578125, Validation loss 108505.130859375
2022-03-03 13:00:21,005:INFO:Epoch 113, Training loss 108466.7890625, Validation loss 108505.8984375
2022-03-03 13:00:23,315:INFO:Epoch 114, Training loss 108470.470703125, Validation loss 108503.962890625
2022-03-03 13:00:25,651:INFO:Epoch 115, Training loss 108469.328125, Validation loss 108503.978515625
2022-03-03 13:00:27,956:INFO:Epoch 116, Training loss 108466.96484375, Validation loss 108503.1484375
2022-03-03 13:00:30,234:INFO:Epoch 117, Training loss 108466.744140625, Validation loss 108506.1484375
2022-03-03 13:00:32,548:INFO:Epoch 118, Training loss 108465.861328125, Validation loss 108507.435546875
2022-03-03 13:00:34,859:INFO:Epoch 119, Training loss 108465.0859375, Validation loss 108502.91015625
2022-03-03 13:00:37,089:INFO:Epoch 120, Training loss 108466.240234375, Validation loss 108501.587890625
2022-03-03 13:00:39,255:INFO:Epoch 121, Training loss 108465.447265625, Validation loss 108506.048828125
2022-03-03 13:00:41,481:INFO:Epoch 122, Training loss 108462.9765625, Validation loss 108503.3984375
2022-03-03 13:00:43,655:INFO:Epoch 123, Training loss 108463.556640625, Validation loss 108505.740234375
2022-03-03 13:00:45,923:INFO:Epoch 124, Training loss 108461.6015625, Validation loss 108504.5078125
2022-03-03 13:00:48,102:INFO:Epoch 125, Training loss 108461.955078125, Validation loss 108502.908203125
2022-03-03 13:00:50,328:INFO:Epoch 126, Training loss 108462.02734375, Validation loss 108504.013671875
2022-03-03 13:00:52,517:INFO:Epoch 127, Training loss 108462.669921875, Validation loss 108503.990234375
2022-03-03 13:00:54,774:INFO:Epoch 128, Training loss 108462.20703125, Validation loss 108506.921875
2022-03-03 13:00:56,968:INFO:Epoch 129, Training loss 108461.1796875, Validation loss 108504.408203125
2022-03-03 13:00:59,174:INFO:Epoch 130, Training loss 108462.62890625, Validation loss 108502.7421875
2022-03-03 13:01:01,372:INFO:Epoch 131, Training loss 108461.03125, Validation loss 108503.859375
2022-03-03 13:01:03,623:INFO:Epoch 132, Training loss 108460.498046875, Validation loss 108504.908203125
2022-03-03 13:01:05,824:INFO:Epoch 133, Training loss 108460.974609375, Validation loss 108503.91015625
2022-03-03 13:01:08,014:INFO:Epoch 134, Training loss 108460.62890625, Validation loss 108504.537109375
2022-03-03 13:01:10,218:INFO:Epoch 135, Training loss 108463.90625, Validation loss 108503.412109375
2022-03-03 13:01:12,456:INFO:Epoch 136, Training loss 108470.0859375, Validation loss 108507.814453125
2022-03-03 13:01:14,663:INFO:Epoch 137, Training loss 108466.62890625, Validation loss 108509.3984375
2022-03-03 13:01:16,843:INFO:Epoch 138, Training loss 108465.107421875, Validation loss 108505.51953125
2022-03-03 13:01:19,058:INFO:Epoch 139, Training loss 108468.48828125, Validation loss 108507.3046875
2022-03-03 13:01:21,280:INFO:Epoch 140, Training loss 108462.59765625, Validation loss 108514.845703125
2022-03-03 13:01:23,498:INFO:Epoch 141, Training loss 108464.1171875, Validation loss 108509.107421875
2022-03-03 13:01:25,666:INFO:Epoch 142, Training loss 108465.587890625, Validation loss 108505.283203125
2022-03-03 13:01:27,896:INFO:Epoch 143, Training loss 108464.705078125, Validation loss 108507.193359375
2022-03-03 13:01:30,070:INFO:Epoch 144, Training loss 108460.869140625, Validation loss 108503.939453125
2022-03-03 13:01:32,342:INFO:Epoch 145, Training loss 108460.234375, Validation loss 108506.505859375
2022-03-03 13:01:34,521:INFO:Epoch 146, Training loss 108460.1015625, Validation loss 108509.908203125
2022-03-03 13:01:36,744:INFO:Epoch 147, Training loss 108462.822265625, Validation loss 108509.15234375
2022-03-03 13:01:38,930:INFO:Epoch 148, Training loss 108461.5, Validation loss 108504.23828125
2022-03-03 13:01:41,198:INFO:Epoch 149, Training loss 108461.8046875, Validation loss 108503.291015625
2022-03-03 13:01:43,388:INFO:Epoch 150, Training loss 108460.20703125, Validation loss 108506.5234375
2022-03-03 13:01:45,590:INFO:Epoch 151, Training loss 108459.1953125, Validation loss 108503.177734375
2022-03-03 13:01:47,785:INFO:Epoch 152, Training loss 108458.1640625, Validation loss 108504.1328125
2022-03-03 13:01:50,031:INFO:Epoch 153, Training loss 108458.546875, Validation loss 108506.3125
2022-03-03 13:01:52,228:INFO:Epoch 154, Training loss 108457.400390625, Validation loss 108504.021484375
2022-03-03 13:01:54,423:INFO:Epoch 155, Training loss 108458.0, Validation loss 108503.228515625
2022-03-03 13:01:56,638:INFO:Epoch 156, Training loss 108459.708984375, Validation loss 108507.220703125
2022-03-03 13:01:58,872:INFO:Epoch 157, Training loss 108457.01171875, Validation loss 108506.283203125
2022-03-03 13:02:01,080:INFO:Epoch 158, Training loss 108457.70703125, Validation loss 108506.751953125
2022-03-03 13:02:03,259:INFO:Epoch 159, Training loss 108461.52734375, Validation loss 108504.37109375
2022-03-03 13:02:05,472:INFO:Epoch 160, Training loss 108458.453125, Validation loss 108505.3359375
2022-03-03 13:02:07,694:INFO:Epoch 161, Training loss 108460.408203125, Validation loss 108509.01953125
2022-03-03 13:02:09,912:INFO:Epoch 162, Training loss 108457.345703125, Validation loss 108503.919921875
2022-03-03 13:02:12,075:INFO:Epoch 163, Training loss 108457.630859375, Validation loss 108504.630859375
2022-03-03 13:02:14,298:INFO:Epoch 164, Training loss 108457.662109375, Validation loss 108505.912109375
2022-03-03 13:02:16,466:INFO:Epoch 165, Training loss 108456.33203125, Validation loss 108506.193359375
2022-03-03 13:02:18,730:INFO:Epoch 166, Training loss 108458.884765625, Validation loss 108508.693359375
2022-03-03 13:02:20,901:INFO:Epoch 167, Training loss 108456.470703125, Validation loss 108505.599609375
2022-03-03 13:02:23,121:INFO:Epoch 168, Training loss 108462.646484375, Validation loss 108509.240234375
2022-03-03 13:02:25,313:INFO:Epoch 169, Training loss 108458.8203125, Validation loss 108507.46484375
2022-03-03 13:02:27,573:INFO:Epoch 170, Training loss 108456.853515625, Validation loss 108506.03515625
2022-03-03 13:02:27,580:INFO:Finished training
