7.860782812500000000e+04
7.746685937500000000e+04
7.656074218750000000e+04
7.584394531250000000e+04
7.528092968750000000e+04
7.484336718750000000e+04
7.450753906250000000e+04
7.425514062500000000e+04
7.407128125000000000e+04
7.394356250000000000e+04
7.386111718750000000e+04
7.381428906250000000e+04
7.379439062500000000e+04
7.379356250000000000e+04
7.380514843750000000e+04
7.382349218750000000e+04
7.384454687500000000e+04
7.386523437500000000e+04
7.388343750000000000e+04
7.389782812500000000e+04
7.390777343750000000e+04
7.391311718750000000e+04
7.391391406250000000e+04
7.391037500000000000e+04
7.390329687500000000e+04
7.389327343750000000e+04
7.388100781250000000e+04
7.386721875000000000e+04
7.385256250000000000e+04
7.383770312500000000e+04
7.382339843750000000e+04
7.381017187500000000e+04
7.379864843750000000e+04
7.378910937500000000e+04
7.378188281250000000e+04
7.377659375000000000e+04
7.377342187500000000e+04
7.377203906250000000e+04
7.377213281250000000e+04
7.377323437500000000e+04
7.377479687500000000e+04
7.377605468750000000e+04
7.377694531250000000e+04
7.377716406250000000e+04
7.377671875000000000e+04
7.377575781250000000e+04
7.377447656250000000e+04
7.377307031250000000e+04
7.377168750000000000e+04
7.377041406250000000e+04
7.376932812500000000e+04
7.376844531250000000e+04
7.376777343750000000e+04
7.376728125000000000e+04
7.376698437500000000e+04
7.376682812500000000e+04
7.376680468750000000e+04
7.376686718750000000e+04
7.376695312500000000e+04
7.376704687500000000e+04
7.376714843750000000e+04
7.376721875000000000e+04
7.376724218750000000e+04
7.376721875000000000e+04
7.376714843750000000e+04
7.376702343750000000e+04
7.376686718750000000e+04
7.376666406250000000e+04
7.376643750000000000e+04
7.376621093750000000e+04
7.376598437500000000e+04
7.376576562500000000e+04
7.376556250000000000e+04
7.376538281250000000e+04
7.376522656250000000e+04
7.376508593750000000e+04
7.376497656250000000e+04
7.376489843750000000e+04
7.376484375000000000e+04
7.376478125000000000e+04
7.376472656250000000e+04
7.376467187500000000e+04
7.376459375000000000e+04
7.376449218750000000e+04
7.376439062500000000e+04
7.376428125000000000e+04
7.376416406250000000e+04
