8.462404296875000000e+04
8.462404296875000000e+04
8.462404296875000000e+04
8.462404296875000000e+04
8.462404296875000000e+04
8.462404296875000000e+04
8.462404296875000000e+04
8.462404296875000000e+04
8.462404296875000000e+04
8.462404296875000000e+04
8.462404296875000000e+04
7.387665820312500000e+04
7.378512304687500000e+04
7.376892675781250000e+04
7.373150976562500000e+04
7.374223730468750000e+04
7.372600781250000000e+04
7.372889550781250000e+04
7.372553710937500000e+04
7.372404492187500000e+04
7.372373242187500000e+04
7.372234765625000000e+04
7.372214746093750000e+04
7.372183300781250000e+04
7.372118554687500000e+04
7.372065527343750000e+04
7.372030761718750000e+04
7.371989941406250000e+04
7.371968945312500000e+04
7.371929980468750000e+04
7.371892382812500000e+04
7.371849804687500000e+04
7.371830175781250000e+04
7.371798339843750000e+04
7.371768359375000000e+04
7.371735742187500000e+04
7.371703613281250000e+04
7.371699023437500000e+04
7.371653710937500000e+04
7.371612011718750000e+04
7.371575292968750000e+04
7.371535546875000000e+04
7.371492773437500000e+04
7.371487500000000000e+04
7.371459863281250000e+04
7.371396093750000000e+04
7.371419433593750000e+04
7.371389257812500000e+04
7.371389257812500000e+04
7.371313769531250000e+04
7.371289746093750000e+04
7.371216796875000000e+04
7.371173828125000000e+04
7.371233691406250000e+04
7.371107421875000000e+04
7.371074804687500000e+04
7.371074511718750000e+04
7.371014746093750000e+04
7.371009960937500000e+04
7.370984179687500000e+04
7.370878808593750000e+04
7.370896972656250000e+04
7.370852539062500000e+04
7.370818945312500000e+04
7.370788281250000000e+04
7.370725683593750000e+04
7.370668750000000000e+04
7.370665234375000000e+04
7.370601953125000000e+04
