2021-11-18 16:14:01,769:INFO:All directories created, ready to load the data
2021-11-18 16:14:01,804:INFO:Dataset loaded from /data/theorie/jthoeve/event_generation/events_high_stats/lin/cHq3/events_29.npy
2021-11-18 16:14:01,836:INFO:Dataset loaded from /data/theorie/jthoeve/event_generation/events_high_stats/sm/events_29.npy
2021-11-18 16:14:05,488:INFO:Epoch 1, Training loss 84668.53125, Validation loss 84668.53125
2021-11-18 16:14:09,145:INFO:Epoch 2, Training loss 84668.53125, Validation loss 84668.53125
2021-11-18 16:14:12,839:INFO:Epoch 3, Training loss 84668.53125, Validation loss 84668.53125
2021-11-18 16:14:16,434:INFO:Epoch 4, Training loss 84668.53125, Validation loss 84668.53125
2021-11-18 16:14:20,071:INFO:Epoch 5, Training loss 84668.53125, Validation loss 84668.53125
2021-11-18 16:14:23,636:INFO:Epoch 6, Training loss 84668.53125, Validation loss 84668.53125
2021-11-18 16:14:27,231:INFO:Epoch 7, Training loss 84668.53125, Validation loss 84668.53125
2021-11-18 16:14:30,830:INFO:Epoch 8, Training loss 84668.53125, Validation loss 84668.53125
2021-11-18 16:14:34,393:INFO:Epoch 9, Training loss 84668.53125, Validation loss 84668.53125
2021-11-18 16:14:38,012:INFO:Epoch 10, Training loss 84668.53125, Validation loss 84668.53125
2021-11-18 16:14:41,658:INFO:Epoch 11, Training loss 84668.53125, Validation loss 84668.53125
2021-11-18 16:14:41,662:INFO:Detected stagant training, reset the weights
2021-11-18 16:14:45,254:INFO:Epoch 12, Training loss 84668.53125, Validation loss 84668.53125
2021-11-18 16:14:45,258:INFO:Detected stagant training, reset the weights
2021-11-18 16:14:48,926:INFO:Epoch 13, Training loss 84668.53125, Validation loss 84668.53125
2021-11-18 16:14:48,930:INFO:Detected stagant training, reset the weights
2021-11-18 16:14:52,470:INFO:Epoch 14, Training loss 73774.5546875, Validation loss 73766.1875
2021-11-18 16:14:56,048:INFO:Epoch 15, Training loss 73768.4609375, Validation loss 73765.2109375
2021-11-18 16:14:59,667:INFO:Epoch 16, Training loss 73767.6875, Validation loss 73767.71875
2021-11-18 16:15:03,228:INFO:Epoch 17, Training loss 73770.0703125, Validation loss 73766.90625
2021-11-18 16:15:06,845:INFO:Epoch 18, Training loss 73768.78125, Validation loss 73764.6171875
2021-11-18 16:15:10,493:INFO:Epoch 19, Training loss 73765.90625, Validation loss 73764.078125
2021-11-18 16:15:14,078:INFO:Epoch 20, Training loss 73764.8359375, Validation loss 73765.3984375
2021-11-18 16:15:17,656:INFO:Epoch 21, Training loss 73765.78125, Validation loss 73766.2578125
2021-11-18 16:15:21,201:INFO:Epoch 22, Training loss 73766.3046875, Validation loss 73765.5234375
2021-11-18 16:15:24,836:INFO:Epoch 23, Training loss 73765.375, Validation loss 73764.359375
2021-11-18 16:15:28,477:INFO:Epoch 24, Training loss 73764.0390625, Validation loss 73764.125
2021-11-18 16:15:32,047:INFO:Epoch 25, Training loss 73763.6328125, Validation loss 73764.8046875
2021-11-18 16:15:35,671:INFO:Epoch 26, Training loss 73764.1640625, Validation loss 73765.2890625
2021-11-18 16:15:39,259:INFO:Epoch 27, Training loss 73764.421875, Validation loss 73764.8828125
2021-11-18 16:15:42,804:INFO:Epoch 28, Training loss 73763.8203125, Validation loss 73764.296875
2021-11-18 16:15:46,441:INFO:Epoch 29, Training loss 73762.9765625, Validation loss 73764.3828125
2021-11-18 16:15:49,994:INFO:Epoch 30, Training loss 73762.7109375, Validation loss 73765.015625
2021-11-18 16:15:53,601:INFO:Epoch 31, Training loss 73763.03125, Validation loss 73765.359375
2021-11-18 16:15:57,244:INFO:Epoch 32, Training loss 73763.1484375, Validation loss 73765.078125
2021-11-18 16:16:00,816:INFO:Epoch 33, Training loss 73762.6796875, Validation loss 73764.6171875
2021-11-18 16:16:04,444:INFO:Epoch 34, Training loss 73762.0703125, Validation loss 73764.5234375
2021-11-18 16:16:08,021:INFO:Epoch 35, Training loss 73761.8515625, Validation loss 73764.8046875
2021-11-18 16:16:11,600:INFO:Epoch 36, Training loss 73762.0, Validation loss 73764.90625
2021-11-18 16:16:15,204:INFO:Epoch 37, Training loss 73761.9609375, Validation loss 73764.640625
2021-11-18 16:16:18,788:INFO:Epoch 38, Training loss 73761.5390625, Validation loss 73764.4296875
2021-11-18 16:16:22,421:INFO:Epoch 39, Training loss 73761.15625, Validation loss 73764.53125
2021-11-18 16:16:26,060:INFO:Epoch 40, Training loss 73761.125, Validation loss 73764.7265625
2021-11-18 16:16:29,638:INFO:Epoch 41, Training loss 73761.1875, Validation loss 73764.6796875
2021-11-18 16:16:33,284:INFO:Epoch 42, Training loss 73761.03125, Validation loss 73764.46875
2021-11-18 16:16:37,396:INFO:Epoch 43, Training loss 73760.6953125, Validation loss 73764.4140625
2021-11-18 16:16:40,989:INFO:Epoch 44, Training loss 73760.4765625, Validation loss 73764.5859375
2021-11-18 16:16:44,612:INFO:Epoch 45, Training loss 73760.4375, Validation loss 73764.78125
2021-11-18 16:16:48,181:INFO:Epoch 46, Training loss 73760.359375, Validation loss 73764.8046875
2021-11-18 16:16:51,793:INFO:Epoch 47, Training loss 73760.1015625, Validation loss 73764.8359375
2021-11-18 16:16:55,430:INFO:Epoch 48, Training loss 73759.8125, Validation loss 73765.0
2021-11-18 16:16:58,978:INFO:Epoch 49, Training loss 73759.6953125, Validation loss 73765.171875
2021-11-18 16:17:02,570:INFO:Epoch 50, Training loss 73759.6171875, Validation loss 73765.1953125
2021-11-18 16:17:06,122:INFO:Epoch 51, Training loss 73759.421875, Validation loss 73765.1171875
2021-11-18 16:17:09,715:INFO:Epoch 52, Training loss 73759.171875, Validation loss 73765.0859375
2021-11-18 16:17:13,341:INFO:Epoch 53, Training loss 73759.0078125, Validation loss 73765.1328125
2021-11-18 16:17:16,902:INFO:Epoch 54, Training loss 73758.875, Validation loss 73765.1640625
2021-11-18 16:17:20,561:INFO:Epoch 55, Training loss 73758.6953125, Validation loss 73765.1640625
2021-11-18 16:17:24,791:INFO:Epoch 56, Training loss 73758.4921875, Validation loss 73765.2265625
2021-11-18 16:17:28,351:INFO:Epoch 57, Training loss 73758.3125, Validation loss 73765.3359375
2021-11-18 16:17:31,965:INFO:Epoch 58, Training loss 73758.140625, Validation loss 73765.4375
2021-11-18 16:17:35,528:INFO:Epoch 59, Training loss 73757.9296875, Validation loss 73765.546875
2021-11-18 16:17:39,156:INFO:Epoch 60, Training loss 73757.6953125, Validation loss 73765.6875
2021-11-18 16:17:42,750:INFO:Epoch 61, Training loss 73757.5, Validation loss 73765.828125
2021-11-18 16:17:46,349:INFO:Epoch 62, Training loss 73757.3046875, Validation loss 73765.9296875
2021-11-18 16:17:49,994:INFO:Epoch 63, Training loss 73757.078125, Validation loss 73766.015625
2021-11-18 16:17:53,586:INFO:Epoch 64, Training loss 73756.8515625, Validation loss 73766.1015625
2021-11-18 16:17:57,184:INFO:Epoch 65, Training loss 73756.65625, Validation loss 73766.1796875
2021-11-18 16:18:00,789:INFO:Epoch 66, Training loss 73756.453125, Validation loss 73766.3046875
2021-11-18 16:18:04,334:INFO:Epoch 67, Training loss 73756.234375, Validation loss 73766.5078125
2021-11-18 16:18:07,941:INFO:Epoch 68, Training loss 73756.046875, Validation loss 73766.6953125
2021-11-18 16:18:11,595:INFO:Epoch 69, Training loss 73755.84375, Validation loss 73766.890625
2021-11-18 16:18:11,601:INFO:Finished training, producing training report at /data/theorie/jthoeve/ML4EFT_higgs/models/17_11/model_final_lin_cHq3_v7/mc_run_29/plots/training_report/
2021-11-18 16:18:11,925:WARNING:findfont: Font family ['sans-serif'] not found. Falling back to DejaVu Sans.
