1.508740195312500000e+05
1.338635507812500000e+05
1.239059257812500000e+05
1.175370898437500000e+05
1.134235253906250000e+05
1.109935234375000000e+05
1.099012109375000000e+05
1.097027675781250000e+05
1.097620449218750000e+05
1.096980878906250000e+05
1.095530312500000000e+05
1.094533359375000000e+05
1.094166542968750000e+05
1.093976250000000000e+05
1.093671328125000000e+05
1.093351191406250000e+05
1.093107421875000000e+05
1.092900312500000000e+05
1.092703691406250000e+05
1.092502363281250000e+05
1.092314609375000000e+05
1.092143261718750000e+05
1.091964707031250000e+05
1.091778671875000000e+05
1.091590000000000000e+05
1.091403593750000000e+05
1.091213398437500000e+05
1.091019394531250000e+05
1.090810234375000000e+05
1.090577148437500000e+05
1.090308164062500000e+05
1.090002890625000000e+05
1.089640722656250000e+05
1.089241757812500000e+05
1.088800449218750000e+05
1.088322968750000000e+05
1.087818847656250000e+05
1.087297421875000000e+05
1.086778359375000000e+05
1.086259570312500000e+05
1.085778769531250000e+05
1.085395507812500000e+05
1.085073046875000000e+05
1.084831113281250000e+05
1.084640390625000000e+05
1.084502167968750000e+05
1.084401777343750000e+05
1.084319082031250000e+05
1.084256269531250000e+05
1.084210058593750000e+05
1.084193105468750000e+05
1.084180097656250000e+05
1.084131796875000000e+05
1.084111445312500000e+05
1.084088261718750000e+05
1.084073554687500000e+05
1.084067304687500000e+05
1.084052753906250000e+05
1.084058730468750000e+05
1.084034921875000000e+05
1.084024804687500000e+05
1.084018417968750000e+05
1.084003574218750000e+05
1.083997226562500000e+05
1.084003203125000000e+05
1.083997890625000000e+05
1.083973886718750000e+05
1.083982246093750000e+05
1.083964296875000000e+05
1.083954453125000000e+05
1.083953613281250000e+05
1.083947929687500000e+05
1.083929902343750000e+05
1.083936367187500000e+05
1.083913613281250000e+05
1.083950820312500000e+05
1.083911503906250000e+05
1.083911855468750000e+05
1.083904238281250000e+05
1.083897656250000000e+05
1.083928671875000000e+05
1.083900742187500000e+05
1.083895878906250000e+05
1.083885957031250000e+05
1.083899492187500000e+05
1.083889140625000000e+05
1.083871035156250000e+05
1.083869414062500000e+05
1.083872304687500000e+05
1.083858378906250000e+05
1.083854218750000000e+05
1.083855332031250000e+05
1.083876113281250000e+05
1.083887011718750000e+05
1.083848027343750000e+05
1.083840371093750000e+05
1.083840878906250000e+05
1.083842109375000000e+05
1.083837890625000000e+05
1.083836679687500000e+05
1.083831660156250000e+05
1.083818085937500000e+05
1.083821699218750000e+05
1.083818398437500000e+05
1.083833593750000000e+05
1.083814160156250000e+05
1.083819375000000000e+05
1.083815644531250000e+05
1.083803691406250000e+05
1.083803417968750000e+05
1.083786855468750000e+05
1.083793046875000000e+05
1.083820273437500000e+05
1.083791621093750000e+05
1.083785917968750000e+05
1.083766699218750000e+05
1.083777617187500000e+05
1.083770429687500000e+05
1.083772675781250000e+05
1.083832832031250000e+05
1.083759023437500000e+05
1.083776250000000000e+05
1.083804531250000000e+05
1.083762988281250000e+05
1.083761992187500000e+05
1.083746328125000000e+05
1.083769648437500000e+05
1.083745390625000000e+05
1.083748535156250000e+05
1.083751718750000000e+05
1.083731542968750000e+05
1.083734277343750000e+05
1.083721210937500000e+05
1.083724121093750000e+05
1.083743261718750000e+05
1.083725312500000000e+05
1.083727871093750000e+05
1.083722187500000000e+05
1.083718066406250000e+05
1.083714609375000000e+05
1.083712402343750000e+05
1.083714531250000000e+05
1.083714335937500000e+05
1.083707382812500000e+05
1.083731445312500000e+05
1.083737890625000000e+05
1.083703769531250000e+05
1.083721308593750000e+05
1.083700371093750000e+05
1.083714179687500000e+05
1.083702636718750000e+05
1.083683183593750000e+05
1.083686210937500000e+05
1.083704648437500000e+05
1.083676582031250000e+05
1.083689101562500000e+05
1.083688007812500000e+05
1.083681425781250000e+05
1.083676777343750000e+05
1.083684335937500000e+05
1.083661562500000000e+05
1.083684277343750000e+05
1.083686699218750000e+05
1.083669531250000000e+05
1.083659316406250000e+05
1.083669707031250000e+05
1.083661992187500000e+05
1.083651171875000000e+05
1.083660996093750000e+05
1.083666250000000000e+05
1.083664335937500000e+05
1.083686035156250000e+05
1.083659531250000000e+05
1.083655175781250000e+05
1.083653457031250000e+05
1.083648886718750000e+05
1.083687832031250000e+05
1.083624687500000000e+05
1.083681855468750000e+05
1.083647109375000000e+05
1.083660507812500000e+05
1.083647109375000000e+05
1.083627871093750000e+05
1.083634082031250000e+05
1.083630058593750000e+05
1.083629746093750000e+05
1.083615214843750000e+05
1.083671171875000000e+05
1.083634003906250000e+05
1.083635253906250000e+05
1.083626328125000000e+05
1.083617812500000000e+05
1.083616835937500000e+05
1.083624160156250000e+05
1.083677597656250000e+05
1.083697734375000000e+05
1.083646679687500000e+05
1.083657675781250000e+05
1.083640957031250000e+05
1.083638417968750000e+05
1.083601074218750000e+05
1.083611640625000000e+05
1.083616601562500000e+05
1.083603105468750000e+05
1.083606484375000000e+05
1.083608339843750000e+05
1.083594824218750000e+05
1.083593164062500000e+05
1.083617597656250000e+05
1.083593183593750000e+05
1.083589062500000000e+05
1.083583105468750000e+05
1.083575742187500000e+05
1.083587558593750000e+05
1.083608437500000000e+05
1.083606523437500000e+05
1.083589394531250000e+05
1.083572636718750000e+05
1.083577441406250000e+05
1.083576972656250000e+05
1.083589042968750000e+05
1.083590214843750000e+05
1.083609609375000000e+05
1.083575664062500000e+05
1.083614375000000000e+05
1.083568496093750000e+05
1.083567402343750000e+05
1.083567441406250000e+05
1.083560468750000000e+05
1.083610175781250000e+05
1.083550664062500000e+05
1.083568066406250000e+05
1.083575917968750000e+05
1.083579746093750000e+05
1.083571347656250000e+05
1.083574023437500000e+05
1.083578867187500000e+05
1.083542968750000000e+05
1.083540527343750000e+05
1.083519492187500000e+05
1.083527949218750000e+05
1.083526113281250000e+05
1.083528906250000000e+05
1.083517968750000000e+05
1.083524238281250000e+05
1.083510957031250000e+05
1.083508730468750000e+05
1.083525332031250000e+05
1.083506503906250000e+05
1.083527050781250000e+05
1.083511972656250000e+05
1.083515996093750000e+05
1.083497792968750000e+05
1.083492617187500000e+05
1.083526699218750000e+05
1.083539414062500000e+05
1.083505859375000000e+05
1.083524648437500000e+05
1.083490019531250000e+05
1.083492871093750000e+05
1.083521640625000000e+05
1.083480468750000000e+05
