2022-03-03 12:56:01,297:INFO:All directories created, ready to load the data
2022-03-03 12:56:01,360:INFO:Dataset loaded from /data/theorie/jthoeve/training_data/zh/features_mzh_y_ptz_v2/lin/cHW/events_18.pkl.gz
2022-03-03 12:56:01,437:INFO:Dataset loaded from /data/theorie/jthoeve/training_data/zh/features_mzh_y_ptz_v2/sm/events_18.pkl.gz
2022-03-03 12:56:03,696:INFO:Epoch 1, Training loss 125988.8671875, Validation loss 123252.521484375
2022-03-03 12:56:05,980:INFO:Epoch 2, Training loss 121475.17578125, Validation loss 118876.76953125
2022-03-03 12:56:08,196:INFO:Epoch 3, Training loss 117246.177734375, Validation loss 114985.4765625
2022-03-03 12:56:10,427:INFO:Epoch 4, Training loss 113713.90625, Validation loss 112004.548828125
2022-03-03 12:56:12,650:INFO:Epoch 5, Training loss 111121.681640625, Validation loss 110058.91015625
2022-03-03 12:56:14,926:INFO:Epoch 6, Training loss 109694.595703125, Validation loss 109425.970703125
2022-03-03 12:56:17,153:INFO:Epoch 7, Training loss 109470.890625, Validation loss 109598.47265625
2022-03-03 12:56:19,368:INFO:Epoch 8, Training loss 109622.103515625, Validation loss 109601.802734375
2022-03-03 12:56:21,601:INFO:Epoch 9, Training loss 109510.431640625, Validation loss 109389.775390625
2022-03-03 12:56:23,862:INFO:Epoch 10, Training loss 109310.291015625, Validation loss 109247.404296875
2022-03-03 12:56:26,100:INFO:Epoch 11, Training loss 109213.578125, Validation loss 109207.8359375
2022-03-03 12:56:28,303:INFO:Epoch 12, Training loss 109182.826171875, Validation loss 109179.875
2022-03-03 12:56:30,538:INFO:Epoch 13, Training loss 109145.578125, Validation loss 109134.06640625
2022-03-03 12:56:32,782:INFO:Epoch 14, Training loss 109099.568359375, Validation loss 109090.8671875
2022-03-03 12:56:35,031:INFO:Epoch 15, Training loss 109056.912109375, Validation loss 109051.15234375
2022-03-03 12:56:37,220:INFO:Epoch 16, Training loss 109013.548828125, Validation loss 109003.837890625
2022-03-03 12:56:39,468:INFO:Epoch 17, Training loss 108962.568359375, Validation loss 108951.26953125
2022-03-03 12:56:41,661:INFO:Epoch 18, Training loss 108908.716796875, Validation loss 108899.140625
2022-03-03 12:56:43,949:INFO:Epoch 19, Training loss 108854.515625, Validation loss 108845.15625
2022-03-03 12:56:46,142:INFO:Epoch 20, Training loss 108799.3359375, Validation loss 108793.716796875
2022-03-03 12:56:48,381:INFO:Epoch 21, Training loss 108748.458984375, Validation loss 108745.08203125
2022-03-03 12:56:50,583:INFO:Epoch 22, Training loss 108696.1171875, Validation loss 108702.8046875
2022-03-03 12:56:52,868:INFO:Epoch 23, Training loss 108654.439453125, Validation loss 108668.052734375
2022-03-03 12:56:55,076:INFO:Epoch 24, Training loss 108618.359375, Validation loss 108644.78125
2022-03-03 12:56:57,292:INFO:Epoch 25, Training loss 108594.798828125, Validation loss 108628.578125
2022-03-03 12:56:59,505:INFO:Epoch 26, Training loss 108581.0703125, Validation loss 108620.9375
2022-03-03 12:57:01,770:INFO:Epoch 27, Training loss 108571.716796875, Validation loss 108617.763671875
2022-03-03 12:57:03,990:INFO:Epoch 28, Training loss 108569.20703125, Validation loss 108617.0234375
2022-03-03 12:57:06,198:INFO:Epoch 29, Training loss 108567.08984375, Validation loss 108614.865234375
2022-03-03 12:57:08,422:INFO:Epoch 30, Training loss 108564.416015625, Validation loss 108613.13671875
2022-03-03 12:57:10,675:INFO:Epoch 31, Training loss 108562.75, Validation loss 108614.0078125
2022-03-03 12:57:12,902:INFO:Epoch 32, Training loss 108560.947265625, Validation loss 108612.09765625
2022-03-03 12:57:15,097:INFO:Epoch 33, Training loss 108559.197265625, Validation loss 108610.400390625
2022-03-03 12:57:17,328:INFO:Epoch 34, Training loss 108557.5234375, Validation loss 108608.66015625
2022-03-03 12:57:19,569:INFO:Epoch 35, Training loss 108554.90625, Validation loss 108608.5546875
2022-03-03 12:57:21,806:INFO:Epoch 36, Training loss 108553.453125, Validation loss 108606.16796875
2022-03-03 12:57:23,994:INFO:Epoch 37, Training loss 108552.05859375, Validation loss 108605.078125
2022-03-03 12:57:26,231:INFO:Epoch 38, Training loss 108550.185546875, Validation loss 108604.78125
2022-03-03 12:57:28,427:INFO:Epoch 39, Training loss 108549.7890625, Validation loss 108604.83984375
2022-03-03 12:57:30,713:INFO:Epoch 40, Training loss 108549.765625, Validation loss 108604.2421875
2022-03-03 12:57:32,907:INFO:Epoch 41, Training loss 108547.416015625, Validation loss 108603.4453125
2022-03-03 12:57:35,143:INFO:Epoch 42, Training loss 108546.703125, Validation loss 108602.974609375
2022-03-03 12:57:37,341:INFO:Epoch 43, Training loss 108546.65234375, Validation loss 108602.228515625
2022-03-03 12:57:39,614:INFO:Epoch 44, Training loss 108546.326171875, Validation loss 108602.91015625
2022-03-03 12:57:41,824:INFO:Epoch 45, Training loss 108545.400390625, Validation loss 108601.5390625
2022-03-03 12:57:44,037:INFO:Epoch 46, Training loss 108546.494140625, Validation loss 108605.189453125
2022-03-03 12:57:46,250:INFO:Epoch 47, Training loss 108545.064453125, Validation loss 108599.91796875
2022-03-03 12:57:48,509:INFO:Epoch 48, Training loss 108544.56640625, Validation loss 108602.724609375
2022-03-03 12:57:50,722:INFO:Epoch 49, Training loss 108542.7109375, Validation loss 108600.515625
2022-03-03 12:57:52,928:INFO:Epoch 50, Training loss 108542.091796875, Validation loss 108600.509765625
2022-03-03 12:57:55,146:INFO:Epoch 51, Training loss 108540.4453125, Validation loss 108599.521484375
2022-03-03 12:57:57,397:INFO:Epoch 52, Training loss 108540.76171875, Validation loss 108599.873046875
2022-03-03 12:57:59,621:INFO:Epoch 53, Training loss 108539.81640625, Validation loss 108599.78515625
2022-03-03 12:58:01,813:INFO:Epoch 54, Training loss 108540.73046875, Validation loss 108598.83984375
2022-03-03 12:58:04,047:INFO:Epoch 55, Training loss 108540.390625, Validation loss 108599.935546875
2022-03-03 12:58:06,284:INFO:Epoch 56, Training loss 108538.6484375, Validation loss 108598.947265625
2022-03-03 12:58:08,520:INFO:Epoch 57, Training loss 108538.3046875, Validation loss 108597.958984375
2022-03-03 12:58:10,703:INFO:Epoch 58, Training loss 108540.18359375, Validation loss 108600.734375
2022-03-03 12:58:12,944:INFO:Epoch 59, Training loss 108543.873046875, Validation loss 108603.826171875
2022-03-03 12:58:15,135:INFO:Epoch 60, Training loss 108540.8515625, Validation loss 108599.390625
2022-03-03 12:58:17,420:INFO:Epoch 61, Training loss 108541.201171875, Validation loss 108596.583984375
2022-03-03 12:58:19,617:INFO:Epoch 62, Training loss 108539.060546875, Validation loss 108603.474609375
2022-03-03 12:58:21,857:INFO:Epoch 63, Training loss 108537.666015625, Validation loss 108598.544921875
2022-03-03 12:58:24,069:INFO:Epoch 64, Training loss 108537.583984375, Validation loss 108597.1796875
2022-03-03 12:58:26,349:INFO:Epoch 65, Training loss 108536.205078125, Validation loss 108597.384765625
2022-03-03 12:58:28,559:INFO:Epoch 66, Training loss 108536.345703125, Validation loss 108600.68359375
2022-03-03 12:58:30,789:INFO:Epoch 67, Training loss 108536.21875, Validation loss 108598.234375
2022-03-03 12:58:33,003:INFO:Epoch 68, Training loss 108536.298828125, Validation loss 108598.220703125
2022-03-03 12:58:35,275:INFO:Epoch 69, Training loss 108535.775390625, Validation loss 108598.134765625
2022-03-03 12:58:37,495:INFO:Epoch 70, Training loss 108536.0234375, Validation loss 108599.130859375
2022-03-03 12:58:39,707:INFO:Epoch 71, Training loss 108534.2734375, Validation loss 108597.58203125
2022-03-03 12:58:41,928:INFO:Epoch 72, Training loss 108534.955078125, Validation loss 108598.431640625
2022-03-03 12:58:44,184:INFO:Epoch 73, Training loss 108534.060546875, Validation loss 108597.876953125
2022-03-03 12:58:46,411:INFO:Epoch 74, Training loss 108533.212890625, Validation loss 108596.98828125
2022-03-03 12:58:48,608:INFO:Epoch 75, Training loss 108533.525390625, Validation loss 108598.44140625
2022-03-03 12:58:50,843:INFO:Epoch 76, Training loss 108533.291015625, Validation loss 108598.505859375
2022-03-03 12:58:53,086:INFO:Epoch 77, Training loss 108533.65625, Validation loss 108600.16015625
2022-03-03 12:58:55,330:INFO:Epoch 78, Training loss 108534.29296875, Validation loss 108597.869140625
2022-03-03 12:58:57,518:INFO:Epoch 79, Training loss 108532.9609375, Validation loss 108600.123046875
2022-03-03 12:58:59,772:INFO:Epoch 80, Training loss 108533.26171875, Validation loss 108598.54296875
2022-03-03 12:59:01,975:INFO:Epoch 81, Training loss 108533.689453125, Validation loss 108596.75390625
2022-03-03 12:59:04,264:INFO:Epoch 82, Training loss 108533.275390625, Validation loss 108598.7890625
2022-03-03 12:59:06,463:INFO:Epoch 83, Training loss 108532.67578125, Validation loss 108598.236328125
2022-03-03 12:59:08,704:INFO:Epoch 84, Training loss 108533.259765625, Validation loss 108599.546875
2022-03-03 12:59:10,899:INFO:Epoch 85, Training loss 108536.681640625, Validation loss 108597.814453125
2022-03-03 12:59:13,176:INFO:Epoch 86, Training loss 108531.84375, Validation loss 108600.623046875
2022-03-03 12:59:15,384:INFO:Epoch 87, Training loss 108532.15234375, Validation loss 108601.236328125
2022-03-03 12:59:17,603:INFO:Epoch 88, Training loss 108530.759765625, Validation loss 108596.5625
2022-03-03 12:59:19,818:INFO:Epoch 89, Training loss 108531.3671875, Validation loss 108595.791015625
2022-03-03 12:59:22,111:INFO:Epoch 90, Training loss 108530.435546875, Validation loss 108599.578125
2022-03-03 12:59:24,333:INFO:Epoch 91, Training loss 108531.701171875, Validation loss 108599.564453125
2022-03-03 12:59:26,541:INFO:Epoch 92, Training loss 108531.32421875, Validation loss 108596.703125
2022-03-03 12:59:28,764:INFO:Epoch 93, Training loss 108529.869140625, Validation loss 108598.3046875
2022-03-03 12:59:31,017:INFO:Epoch 94, Training loss 108529.06640625, Validation loss 108597.15234375
2022-03-03 12:59:33,248:INFO:Epoch 95, Training loss 108531.623046875, Validation loss 108601.087890625
2022-03-03 12:59:35,446:INFO:Epoch 96, Training loss 108529.802734375, Validation loss 108599.166015625
2022-03-03 12:59:37,680:INFO:Epoch 97, Training loss 108530.36328125, Validation loss 108602.390625
2022-03-03 12:59:39,924:INFO:Epoch 98, Training loss 108528.517578125, Validation loss 108599.751953125
2022-03-03 12:59:42,163:INFO:Epoch 99, Training loss 108532.91796875, Validation loss 108605.8046875
2022-03-03 12:59:44,349:INFO:Epoch 100, Training loss 108531.99609375, Validation loss 108601.232421875
2022-03-03 12:59:46,590:INFO:Epoch 101, Training loss 108531.080078125, Validation loss 108600.66796875
2022-03-03 12:59:48,782:INFO:Epoch 102, Training loss 108529.017578125, Validation loss 108596.427734375
2022-03-03 12:59:51,068:INFO:Epoch 103, Training loss 108530.162109375, Validation loss 108597.994140625
2022-03-03 12:59:53,259:INFO:Epoch 104, Training loss 108528.02734375, Validation loss 108596.6328125
2022-03-03 12:59:55,496:INFO:Epoch 105, Training loss 108527.189453125, Validation loss 108599.357421875
2022-03-03 12:59:57,702:INFO:Epoch 106, Training loss 108527.91796875, Validation loss 108598.85546875
2022-03-03 12:59:59,980:INFO:Epoch 107, Training loss 108528.607421875, Validation loss 108599.9921875
2022-03-03 13:00:02,186:INFO:Epoch 108, Training loss 108527.59375, Validation loss 108599.919921875
2022-03-03 13:00:04,401:INFO:Epoch 109, Training loss 108528.78515625, Validation loss 108602.375
2022-03-03 13:00:06,615:INFO:Epoch 110, Training loss 108529.169921875, Validation loss 108598.9296875
2022-03-03 13:00:08,881:INFO:Epoch 111, Training loss 108528.408203125, Validation loss 108601.205078125
2022-03-03 13:00:11,094:INFO:Epoch 112, Training loss 108526.365234375, Validation loss 108598.1953125
2022-03-03 13:00:13,304:INFO:Epoch 113, Training loss 108529.716796875, Validation loss 108599.810546875
2022-03-03 13:00:15,528:INFO:Epoch 114, Training loss 108527.33984375, Validation loss 108596.546875
2022-03-03 13:00:17,781:INFO:Epoch 115, Training loss 108529.212890625, Validation loss 108597.138671875
2022-03-03 13:00:20,008:INFO:Epoch 116, Training loss 108526.634765625, Validation loss 108601.962890625
2022-03-03 13:00:22,203:INFO:Epoch 117, Training loss 108528.185546875, Validation loss 108599.59375
2022-03-03 13:00:24,432:INFO:Epoch 118, Training loss 108526.2578125, Validation loss 108598.51953125
2022-03-03 13:00:26,674:INFO:Epoch 119, Training loss 108527.287109375, Validation loss 108597.04296875
2022-03-03 13:00:28,913:INFO:Epoch 120, Training loss 108527.720703125, Validation loss 108600.5703125
2022-03-03 13:00:31,095:INFO:Epoch 121, Training loss 108526.76171875, Validation loss 108598.923828125
2022-03-03 13:00:33,333:INFO:Epoch 122, Training loss 108525.45703125, Validation loss 108597.724609375
2022-03-03 13:00:35,521:INFO:Epoch 123, Training loss 108526.28515625, Validation loss 108601.83984375
2022-03-03 13:00:37,805:INFO:Epoch 124, Training loss 108524.9375, Validation loss 108597.91796875
2022-03-03 13:00:39,995:INFO:Epoch 125, Training loss 108526.8125, Validation loss 108601.939453125
2022-03-03 13:00:42,234:INFO:Epoch 126, Training loss 108524.984375, Validation loss 108598.1015625
2022-03-03 13:00:44,432:INFO:Epoch 127, Training loss 108528.021484375, Validation loss 108602.71484375
2022-03-03 13:00:46,708:INFO:Epoch 128, Training loss 108523.84375, Validation loss 108597.19140625
2022-03-03 13:00:48,912:INFO:Epoch 129, Training loss 108524.89453125, Validation loss 108598.46875
2022-03-03 13:00:51,131:INFO:Epoch 130, Training loss 108523.853515625, Validation loss 108597.599609375
2022-03-03 13:00:53,343:INFO:Epoch 131, Training loss 108524.33984375, Validation loss 108602.849609375
2022-03-03 13:00:55,613:INFO:Epoch 132, Training loss 108524.3671875, Validation loss 108597.53515625
2022-03-03 13:00:57,831:INFO:Epoch 133, Training loss 108523.904296875, Validation loss 108600.03125
2022-03-03 13:01:00,039:INFO:Epoch 134, Training loss 108523.27734375, Validation loss 108599.37890625
2022-03-03 13:01:02,266:INFO:Epoch 135, Training loss 108524.353515625, Validation loss 108598.978515625
2022-03-03 13:01:04,523:INFO:Epoch 136, Training loss 108523.623046875, Validation loss 108598.11328125
2022-03-03 13:01:06,757:INFO:Epoch 137, Training loss 108523.3515625, Validation loss 108599.2421875
2022-03-03 13:01:08,961:INFO:Epoch 138, Training loss 108521.787109375, Validation loss 108602.0
2022-03-03 13:01:11,196:INFO:Epoch 139, Training loss 108522.982421875, Validation loss 108600.7421875
2022-03-03 13:01:11,203:INFO:Finished training
