1.835399296875000000e+05
1.835399335937500000e+05
1.835399375000000000e+05
1.835399296875000000e+05
1.835399296875000000e+05
1.835399296875000000e+05
1.835399335937500000e+05
1.835399335937500000e+05
1.835399296875000000e+05
1.835399296875000000e+05
1.835399296875000000e+05
1.835399335937500000e+05
1.835351484375000000e+05
1.832246601562500000e+05
1.803254257812500000e+05
1.595726933593750000e+05
1.478459980468750000e+05
1.502057539062500000e+05
1.488252519531250000e+05
1.464477500000000000e+05
1.454171796875000000e+05
1.452852109375000000e+05
1.447176250000000000e+05
1.443288808593750000e+05
1.440873398437500000e+05
1.438978242187500000e+05
1.437864414062500000e+05
1.437368710937500000e+05
1.437086289062500000e+05
1.437026933593750000e+05
1.436923007812500000e+05
1.436850156250000000e+05
1.436730703125000000e+05
1.436685527343750000e+05
1.436589667968750000e+05
1.436545312500000000e+05
1.436512636718750000e+05
1.436490156250000000e+05
1.436441308593750000e+05
1.436447656250000000e+05
1.436472324218750000e+05
1.436395878906250000e+05
1.436373437500000000e+05
1.436364921875000000e+05
1.436356093750000000e+05
1.436336406250000000e+05
1.436316191406250000e+05
1.436324550781250000e+05
1.436286992187500000e+05
1.436290332031250000e+05
1.436287832031250000e+05
1.436296953125000000e+05
1.436320410156250000e+05
1.436265527343750000e+05
1.436270058593750000e+05
1.436276582031250000e+05
1.436242734375000000e+05
1.436242968750000000e+05
1.436225410156250000e+05
1.436240605468750000e+05
1.436216542968750000e+05
1.436220449218750000e+05
1.436226035156250000e+05
1.436212128906250000e+05
1.436209257812500000e+05
1.436202246093750000e+05
1.436195332031250000e+05
1.436211503906250000e+05
1.436229902343750000e+05
1.436208828125000000e+05
1.436192695312500000e+05
1.436186718750000000e+05
1.436181660156250000e+05
1.436177382812500000e+05
1.436170195312500000e+05
1.436170390625000000e+05
1.436181386718750000e+05
1.436185449218750000e+05
1.436158671875000000e+05
1.436237929687500000e+05
1.436226152343750000e+05
1.436164550781250000e+05
1.436201308593750000e+05
1.436154023437500000e+05
1.436169707031250000e+05
1.436178007812500000e+05
1.436156835937500000e+05
1.436161894531250000e+05
1.436155449218750000e+05
1.436171992187500000e+05
1.436164453125000000e+05
1.436165566406250000e+05
1.436204941406250000e+05
1.436180332031250000e+05
1.436156484375000000e+05
1.436151484375000000e+05
1.436152246093750000e+05
1.436137695312500000e+05
1.436197050781250000e+05
1.436215058593750000e+05
1.436233906250000000e+05
1.436252675781250000e+05
1.436201191406250000e+05
1.436184765625000000e+05
1.436167167968750000e+05
1.436167734375000000e+05
1.436152773437500000e+05
1.436116777343750000e+05
1.436150332031250000e+05
1.436132441406250000e+05
1.436146855468750000e+05
1.436128925781250000e+05
1.436169296875000000e+05
1.436116152343750000e+05
1.436123300781250000e+05
1.436121425781250000e+05
1.436113203125000000e+05
1.436140722656250000e+05
1.436188144531250000e+05
1.436124882812500000e+05
1.436126757812500000e+05
1.436126035156250000e+05
1.436106210937500000e+05
1.436119687500000000e+05
1.436166445312500000e+05
1.436125175781250000e+05
1.436141464843750000e+05
1.436185839843750000e+05
1.436173300781250000e+05
1.436157128906250000e+05
1.436171328125000000e+05
1.436104140625000000e+05
1.436128300781250000e+05
1.436120175781250000e+05
1.436100644531250000e+05
1.436098437500000000e+05
1.436125253906250000e+05
1.436188476562500000e+05
1.436064199218750000e+05
1.436135156250000000e+05
1.436076738281250000e+05
1.436105156250000000e+05
1.436091914062500000e+05
1.436083359375000000e+05
1.436087636718750000e+05
1.436073007812500000e+05
1.436084667968750000e+05
1.436086503906250000e+05
1.436118515625000000e+05
1.436136582031250000e+05
1.436136191406250000e+05
1.436099863281250000e+05
1.436087753906250000e+05
1.436084042968750000e+05
1.436071699218750000e+05
1.436072109375000000e+05
1.436070781250000000e+05
1.436105820312500000e+05
1.436089179687500000e+05
1.436108222656250000e+05
1.436060429687500000e+05
1.436091054687500000e+05
1.436113320312500000e+05
1.436084375000000000e+05
1.436063417968750000e+05
1.436076191406250000e+05
1.436071972656250000e+05
1.436050742187500000e+05
1.436090410156250000e+05
1.436085878906250000e+05
1.436070839843750000e+05
1.436062265625000000e+05
1.436071816406250000e+05
1.436047968750000000e+05
1.436063984375000000e+05
1.436053964843750000e+05
1.436057441406250000e+05
1.436053242187500000e+05
1.436116367187500000e+05
1.436101601562500000e+05
