2022-03-03 14:19:17,984:INFO:All directories created, ready to load the data
2022-03-03 14:19:18,049:INFO:Dataset loaded from /data/theorie/jthoeve/training_data/zh/features_mzh_y_ptz_v2/lin/cHq3/events_12.pkl.gz
2022-03-03 14:19:18,096:INFO:Dataset loaded from /data/theorie/jthoeve/training_data/zh/features_mzh_y_ptz_v2/sm/events_12.pkl.gz
2022-03-03 14:19:20,391:INFO:Epoch 1, Training loss 84652.44140625, Validation loss 84652.44140625
2022-03-03 14:19:22,708:INFO:Epoch 2, Training loss 84652.44140625, Validation loss 84652.44140625
2022-03-03 14:19:24,982:INFO:Epoch 3, Training loss 84652.44140625, Validation loss 84652.44140625
2022-03-03 14:19:27,279:INFO:Epoch 4, Training loss 84652.44140625, Validation loss 84652.44140625
2022-03-03 14:19:29,587:INFO:Epoch 5, Training loss 84652.44140625, Validation loss 84652.44140625
2022-03-03 14:19:31,948:INFO:Epoch 6, Training loss 84652.44140625, Validation loss 84652.44140625
2022-03-03 14:19:34,265:INFO:Epoch 7, Training loss 84652.44140625, Validation loss 84652.44140625
2022-03-03 14:19:36,575:INFO:Epoch 8, Training loss 84652.44140625, Validation loss 84652.44140625
2022-03-03 14:19:38,898:INFO:Epoch 9, Training loss 84652.44140625, Validation loss 84652.44140625
2022-03-03 14:19:41,395:INFO:Epoch 10, Training loss 84652.44140625, Validation loss 84652.44140625
2022-03-03 14:19:43,723:INFO:Epoch 11, Training loss 84652.44140625, Validation loss 84652.44140625
2022-03-03 14:19:43,727:INFO:Detected stagant training, reset the weights
2022-03-03 14:19:46,027:INFO:Epoch 12, Training loss 73813.35546875, Validation loss 73814.0654296875
2022-03-03 14:19:48,349:INFO:Epoch 13, Training loss 73798.822265625, Validation loss 73753.9853515625
2022-03-03 14:19:50,683:INFO:Epoch 14, Training loss 73763.095703125, Validation loss 73772.6494140625
2022-03-03 14:19:53,025:INFO:Epoch 15, Training loss 73756.740234375, Validation loss 73755.0048828125
2022-03-03 14:19:55,311:INFO:Epoch 16, Training loss 73754.876953125, Validation loss 73753.7998046875
2022-03-03 14:19:57,646:INFO:Epoch 17, Training loss 73747.4208984375, Validation loss 73754.73046875
2022-03-03 14:19:59,923:INFO:Epoch 18, Training loss 73747.7607421875, Validation loss 73751.2275390625
2022-03-03 14:20:02,308:INFO:Epoch 19, Training loss 73745.0048828125, Validation loss 73752.95703125
2022-03-03 14:20:04,603:INFO:Epoch 20, Training loss 73744.166015625, Validation loss 73752.2275390625
2022-03-03 14:20:06,936:INFO:Epoch 21, Training loss 73743.583984375, Validation loss 73752.650390625
2022-03-03 14:20:09,229:INFO:Epoch 22, Training loss 73742.5537109375, Validation loss 73753.06640625
2022-03-03 14:20:11,605:INFO:Epoch 23, Training loss 73742.326171875, Validation loss 73753.208984375
2022-03-03 14:20:13,912:INFO:Epoch 24, Training loss 73741.7373046875, Validation loss 73753.615234375
2022-03-03 14:20:16,229:INFO:Epoch 25, Training loss 73741.0859375, Validation loss 73753.69921875
2022-03-03 14:20:18,532:INFO:Epoch 26, Training loss 73740.564453125, Validation loss 73753.701171875
2022-03-03 14:20:20,897:INFO:Epoch 27, Training loss 73740.4228515625, Validation loss 73754.1083984375
2022-03-03 14:20:23,217:INFO:Epoch 28, Training loss 73739.810546875, Validation loss 73754.2001953125
2022-03-03 14:20:25,531:INFO:Epoch 29, Training loss 73739.6923828125, Validation loss 73754.478515625
2022-03-03 14:20:27,845:INFO:Epoch 30, Training loss 73739.0185546875, Validation loss 73754.775390625
2022-03-03 14:20:30,187:INFO:Epoch 31, Training loss 73738.68359375, Validation loss 73754.982421875
2022-03-03 14:20:32,510:INFO:Epoch 32, Training loss 73738.3916015625, Validation loss 73755.248046875
2022-03-03 14:20:34,803:INFO:Epoch 33, Training loss 73737.654296875, Validation loss 73755.568359375
2022-03-03 14:20:37,123:INFO:Epoch 34, Training loss 73737.646484375, Validation loss 73756.0380859375
2022-03-03 14:20:39,463:INFO:Epoch 35, Training loss 73737.126953125, Validation loss 73756.564453125
2022-03-03 14:20:41,796:INFO:Epoch 36, Training loss 73736.6103515625, Validation loss 73756.3798828125
2022-03-03 14:20:44,078:INFO:Epoch 37, Training loss 73736.072265625, Validation loss 73756.369140625
2022-03-03 14:20:46,410:INFO:Epoch 38, Training loss 73735.7392578125, Validation loss 73756.80859375
2022-03-03 14:20:48,692:INFO:Epoch 39, Training loss 73735.92578125, Validation loss 73757.1689453125
2022-03-03 14:20:51,074:INFO:Epoch 40, Training loss 73734.9130859375, Validation loss 73757.412109375
2022-03-03 14:20:53,364:INFO:Epoch 41, Training loss 73734.548828125, Validation loss 73757.484375
2022-03-03 14:20:55,703:INFO:Epoch 42, Training loss 73734.05859375, Validation loss 73758.541015625
2022-03-03 14:20:57,994:INFO:Epoch 43, Training loss 73733.4970703125, Validation loss 73759.572265625
2022-03-03 14:21:00,365:INFO:Epoch 44, Training loss 73732.8173828125, Validation loss 73759.5361328125
2022-03-03 14:21:02,668:INFO:Epoch 45, Training loss 73732.3037109375, Validation loss 73759.6591796875
2022-03-03 14:21:04,990:INFO:Epoch 46, Training loss 73732.1708984375, Validation loss 73759.7744140625
2022-03-03 14:21:07,291:INFO:Epoch 47, Training loss 73731.966796875, Validation loss 73760.451171875
2022-03-03 14:21:09,637:INFO:Epoch 48, Training loss 73730.5546875, Validation loss 73760.8671875
2022-03-03 14:21:11,948:INFO:Epoch 49, Training loss 73729.6162109375, Validation loss 73761.92578125
2022-03-03 14:21:14,251:INFO:Epoch 50, Training loss 73729.8740234375, Validation loss 73762.509765625
2022-03-03 14:21:16,567:INFO:Epoch 51, Training loss 73728.376953125, Validation loss 73762.80078125
2022-03-03 14:21:18,913:INFO:Epoch 52, Training loss 73728.615234375, Validation loss 73763.853515625
2022-03-03 14:21:21,233:INFO:Epoch 53, Training loss 73727.6484375, Validation loss 73763.140625
2022-03-03 14:21:23,525:INFO:Epoch 54, Training loss 73727.166015625, Validation loss 73764.4423828125
2022-03-03 14:21:25,854:INFO:Epoch 55, Training loss 73726.6826171875, Validation loss 73764.296875
2022-03-03 14:21:28,191:INFO:Epoch 56, Training loss 73725.671875, Validation loss 73765.6875
2022-03-03 14:21:30,532:INFO:Epoch 57, Training loss 73725.42578125, Validation loss 73766.2978515625
2022-03-03 14:21:32,823:INFO:Epoch 58, Training loss 73724.6318359375, Validation loss 73767.30859375
2022-03-03 14:21:35,161:INFO:Epoch 59, Training loss 73724.6435546875, Validation loss 73769.5400390625
2022-03-03 14:21:37,404:INFO:Epoch 60, Training loss 73723.6474609375, Validation loss 73767.5947265625
2022-03-03 14:21:39,736:INFO:Epoch 61, Training loss 73725.0517578125, Validation loss 73768.1435546875
2022-03-03 14:21:41,971:INFO:Epoch 62, Training loss 73721.8125, Validation loss 73768.708984375
2022-03-03 14:21:44,261:INFO:Epoch 63, Training loss 73721.5751953125, Validation loss 73769.2333984375
2022-03-03 14:21:46,501:INFO:Epoch 64, Training loss 73719.8740234375, Validation loss 73770.595703125
2022-03-03 14:21:48,818:INFO:Epoch 65, Training loss 73718.87109375, Validation loss 73771.5673828125
2022-03-03 14:21:51,071:INFO:Epoch 66, Training loss 73718.3916015625, Validation loss 73771.2646484375
2022-03-03 14:21:53,338:INFO:Epoch 67, Training loss 73717.521484375, Validation loss 73772.623046875
2022-03-03 14:21:55,603:INFO:Epoch 68, Training loss 73718.9833984375, Validation loss 73773.3623046875
2022-03-03 14:21:55,609:INFO:Finished training
