8.465244140625000000e+04
8.465244140625000000e+04
8.465244140625000000e+04
8.465244140625000000e+04
8.465244140625000000e+04
8.465244140625000000e+04
8.465244140625000000e+04
8.465244140625000000e+04
8.465244140625000000e+04
8.465244140625000000e+04
8.465244140625000000e+04
7.381335546875000000e+04
7.379882226562500000e+04
7.376309570312500000e+04
7.375674023437500000e+04
7.375487695312500000e+04
7.374742089843750000e+04
7.374776074218750000e+04
7.374500488281250000e+04
7.374416601562500000e+04
7.374358398437500000e+04
7.374255371093750000e+04
7.374232617187500000e+04
7.374173730468750000e+04
7.374108593750000000e+04
7.374056445312500000e+04
7.374042285156250000e+04
7.373981054687500000e+04
7.373969238281250000e+04
7.373901855468750000e+04
7.373868359375000000e+04
7.373839160156250000e+04
7.373765429687500000e+04
7.373764648437500000e+04
7.373712695312500000e+04
7.373661035156250000e+04
7.373607226562500000e+04
7.373573925781250000e+04
7.373592578125000000e+04
7.373491308593750000e+04
7.373454882812500000e+04
7.373405859375000000e+04
7.373349707031250000e+04
7.373281738281250000e+04
7.373230371093750000e+04
7.373217089843750000e+04
7.373196679687500000e+04
7.373055468750000000e+04
7.372961621093750000e+04
7.372987402343750000e+04
7.372837695312500000e+04
7.372861523437500000e+04
7.372764843750000000e+04
7.372716601562500000e+04
7.372668261718750000e+04
7.372567187500000000e+04
7.372542578125000000e+04
7.372463183593750000e+04
7.372464355468750000e+04
7.372364746093750000e+04
7.372505175781250000e+04
7.372181250000000000e+04
7.372157519531250000e+04
7.371987402343750000e+04
7.371887109375000000e+04
7.371839160156250000e+04
7.371752148437500000e+04
7.371898339843750000e+04
