2022-03-03 12:56:00,843:INFO:All directories created, ready to load the data
2022-03-03 12:56:00,899:INFO:Dataset loaded from /data/theorie/jthoeve/training_data/zh/features_mzh_y_ptz_v2/lin/cHW/events_19.pkl.gz
2022-03-03 12:56:00,946:INFO:Dataset loaded from /data/theorie/jthoeve/training_data/zh/features_mzh_y_ptz_v2/sm/events_19.pkl.gz
2022-03-03 12:56:03,152:INFO:Epoch 1, Training loss 206554.859375, Validation loss 194269.24609375
2022-03-03 12:56:05,380:INFO:Epoch 2, Training loss 176338.650390625, Validation loss 153146.00390625
2022-03-03 12:56:07,536:INFO:Epoch 3, Training loss 143324.166015625, Validation loss 131602.94140625
2022-03-03 12:56:09,711:INFO:Epoch 4, Training loss 126745.115234375, Validation loss 120780.505859375
2022-03-03 12:56:11,875:INFO:Epoch 5, Training loss 118166.060546875, Validation loss 114889.748046875
2022-03-03 12:56:14,087:INFO:Epoch 6, Training loss 113526.466796875, Validation loss 111838.533203125
2022-03-03 12:56:16,249:INFO:Epoch 7, Training loss 111191.783203125, Validation loss 110378.05078125
2022-03-03 12:56:18,407:INFO:Epoch 8, Training loss 110131.138671875, Validation loss 109822.662109375
2022-03-03 12:56:20,575:INFO:Epoch 9, Training loss 109795.984375, Validation loss 109739.884765625
2022-03-03 12:56:22,776:INFO:Epoch 10, Training loss 109783.533203125, Validation loss 109777.01953125
2022-03-03 12:56:24,951:INFO:Epoch 11, Training loss 109807.259765625, Validation loss 109764.7578125
2022-03-03 12:56:27,100:INFO:Epoch 12, Training loss 109770.1953125, Validation loss 109693.548828125
2022-03-03 12:56:29,277:INFO:Epoch 13, Training loss 109689.552734375, Validation loss 109604.958984375
2022-03-03 12:56:31,459:INFO:Epoch 14, Training loss 109606.0234375, Validation loss 109528.5234375
2022-03-03 12:56:33,647:INFO:Epoch 15, Training loss 109539.49609375, Validation loss 109476.947265625
2022-03-03 12:56:35,780:INFO:Epoch 16, Training loss 109498.05078125, Validation loss 109444.544921875
2022-03-03 12:56:37,968:INFO:Epoch 17, Training loss 109469.06640625, Validation loss 109416.482421875
2022-03-03 12:56:40,104:INFO:Epoch 18, Training loss 109440.49609375, Validation loss 109386.486328125
2022-03-03 12:56:42,336:INFO:Epoch 19, Training loss 109411.90625, Validation loss 109356.693359375
2022-03-03 12:56:44,476:INFO:Epoch 20, Training loss 109383.703125, Validation loss 109331.49609375
2022-03-03 12:56:46,663:INFO:Epoch 21, Training loss 109360.3125, Validation loss 109307.46875
2022-03-03 12:56:48,813:INFO:Epoch 22, Training loss 109336.06640625, Validation loss 109284.28125
2022-03-03 12:56:51,040:INFO:Epoch 23, Training loss 109313.91015625, Validation loss 109261.869140625
2022-03-03 12:56:53,196:INFO:Epoch 24, Training loss 109292.541015625, Validation loss 109240.3203125
2022-03-03 12:56:55,364:INFO:Epoch 25, Training loss 109271.72265625, Validation loss 109219.26953125
2022-03-03 12:56:57,522:INFO:Epoch 26, Training loss 109251.017578125, Validation loss 109199.107421875
2022-03-03 12:56:59,733:INFO:Epoch 27, Training loss 109231.1796875, Validation loss 109179.576171875
2022-03-03 12:57:01,899:INFO:Epoch 28, Training loss 109212.20703125, Validation loss 109160.208984375
2022-03-03 12:57:04,053:INFO:Epoch 29, Training loss 109193.634765625, Validation loss 109140.876953125
2022-03-03 12:57:06,224:INFO:Epoch 30, Training loss 109174.291015625, Validation loss 109121.94921875
2022-03-03 12:57:08,424:INFO:Epoch 31, Training loss 109155.802734375, Validation loss 109103.1171875
2022-03-03 12:57:10,602:INFO:Epoch 32, Training loss 109137.232421875, Validation loss 109084.396484375
2022-03-03 12:57:12,744:INFO:Epoch 33, Training loss 109118.638671875, Validation loss 109065.7265625
2022-03-03 12:57:14,924:INFO:Epoch 34, Training loss 109100.25, Validation loss 109046.66796875
2022-03-03 12:57:17,111:INFO:Epoch 35, Training loss 109080.869140625, Validation loss 109027.552734375
2022-03-03 12:57:19,297:INFO:Epoch 36, Training loss 109061.884765625, Validation loss 109007.892578125
2022-03-03 12:57:21,429:INFO:Epoch 37, Training loss 109042.927734375, Validation loss 108987.099609375
2022-03-03 12:57:23,619:INFO:Epoch 38, Training loss 109022.40625, Validation loss 108965.1875
2022-03-03 12:57:25,756:INFO:Epoch 39, Training loss 109000.21484375, Validation loss 108941.720703125
2022-03-03 12:57:27,993:INFO:Epoch 40, Training loss 108977.62109375, Validation loss 108916.94921875
2022-03-03 12:57:30,142:INFO:Epoch 41, Training loss 108952.13671875, Validation loss 108890.92578125
2022-03-03 12:57:32,330:INFO:Epoch 42, Training loss 108925.857421875, Validation loss 108863.775390625
2022-03-03 12:57:34,479:INFO:Epoch 43, Training loss 108900.25390625, Validation loss 108835.19921875
2022-03-03 12:57:36,699:INFO:Epoch 44, Training loss 108872.6328125, Validation loss 108805.822265625
2022-03-03 12:57:38,856:INFO:Epoch 45, Training loss 108843.689453125, Validation loss 108775.251953125
2022-03-03 12:57:41,020:INFO:Epoch 46, Training loss 108811.994140625, Validation loss 108742.892578125
2022-03-03 12:57:43,181:INFO:Epoch 47, Training loss 108778.533203125, Validation loss 108712.2734375
2022-03-03 12:57:45,391:INFO:Epoch 48, Training loss 108748.04296875, Validation loss 108684.130859375
2022-03-03 12:57:47,557:INFO:Epoch 49, Training loss 108721.33203125, Validation loss 108659.53125
2022-03-03 12:57:49,709:INFO:Epoch 50, Training loss 108698.267578125, Validation loss 108639.51953125
2022-03-03 12:57:51,877:INFO:Epoch 51, Training loss 108680.82421875, Validation loss 108626.6953125
2022-03-03 12:57:54,074:INFO:Epoch 52, Training loss 108669.6796875, Validation loss 108619.0703125
2022-03-03 12:57:56,249:INFO:Epoch 53, Training loss 108664.6484375, Validation loss 108616.220703125
2022-03-03 12:57:58,395:INFO:Epoch 54, Training loss 108663.216796875, Validation loss 108612.9140625
2022-03-03 12:58:00,580:INFO:Epoch 55, Training loss 108658.392578125, Validation loss 108608.564453125
2022-03-03 12:58:02,769:INFO:Epoch 56, Training loss 108654.69921875, Validation loss 108607.59765625
2022-03-03 12:58:04,954:INFO:Epoch 57, Training loss 108652.533203125, Validation loss 108606.87109375
2022-03-03 12:58:07,088:INFO:Epoch 58, Training loss 108650.81640625, Validation loss 108606.099609375
2022-03-03 12:58:09,276:INFO:Epoch 59, Training loss 108649.4765625, Validation loss 108603.900390625
2022-03-03 12:58:11,417:INFO:Epoch 60, Training loss 108648.09765625, Validation loss 108604.064453125
2022-03-03 12:58:13,648:INFO:Epoch 61, Training loss 108646.708984375, Validation loss 108603.595703125
2022-03-03 12:58:15,787:INFO:Epoch 62, Training loss 108644.751953125, Validation loss 108601.38671875
2022-03-03 12:58:17,972:INFO:Epoch 63, Training loss 108645.18359375, Validation loss 108599.037109375
2022-03-03 12:58:20,128:INFO:Epoch 64, Training loss 108643.53515625, Validation loss 108601.5859375
2022-03-03 12:58:22,352:INFO:Epoch 65, Training loss 108641.556640625, Validation loss 108601.978515625
2022-03-03 12:58:24,509:INFO:Epoch 66, Training loss 108640.705078125, Validation loss 108600.029296875
2022-03-03 12:58:26,682:INFO:Epoch 67, Training loss 108639.755859375, Validation loss 108599.552734375
2022-03-03 12:58:28,842:INFO:Epoch 68, Training loss 108639.021484375, Validation loss 108598.9140625
2022-03-03 12:58:31,059:INFO:Epoch 69, Training loss 108641.072265625, Validation loss 108599.23828125
2022-03-03 12:58:33,224:INFO:Epoch 70, Training loss 108637.009765625, Validation loss 108595.818359375
2022-03-03 12:58:35,383:INFO:Epoch 71, Training loss 108636.951171875, Validation loss 108595.794921875
2022-03-03 12:58:37,551:INFO:Epoch 72, Training loss 108635.5078125, Validation loss 108595.28515625
2022-03-03 12:58:39,752:INFO:Epoch 73, Training loss 108633.591796875, Validation loss 108597.48046875
2022-03-03 12:58:41,927:INFO:Epoch 74, Training loss 108634.1640625, Validation loss 108597.025390625
2022-03-03 12:58:44,065:INFO:Epoch 75, Training loss 108632.4921875, Validation loss 108595.216796875
2022-03-03 12:58:46,246:INFO:Epoch 76, Training loss 108631.826171875, Validation loss 108593.712890625
2022-03-03 12:58:48,434:INFO:Epoch 77, Training loss 108631.962890625, Validation loss 108594.197265625
2022-03-03 12:58:50,624:INFO:Epoch 78, Training loss 108630.869140625, Validation loss 108594.294921875
2022-03-03 12:58:52,757:INFO:Epoch 79, Training loss 108630.48828125, Validation loss 108594.072265625
2022-03-03 12:58:54,957:INFO:Epoch 80, Training loss 108630.123046875, Validation loss 108593.28515625
2022-03-03 12:58:57,105:INFO:Epoch 81, Training loss 108629.978515625, Validation loss 108594.19921875
2022-03-03 12:58:59,342:INFO:Epoch 82, Training loss 108629.23828125, Validation loss 108594.009765625
2022-03-03 12:59:01,489:INFO:Epoch 83, Training loss 108628.857421875, Validation loss 108593.212890625
2022-03-03 12:59:03,676:INFO:Epoch 84, Training loss 108627.630859375, Validation loss 108594.322265625
2022-03-03 12:59:05,820:INFO:Epoch 85, Training loss 108627.30859375, Validation loss 108593.708984375
2022-03-03 12:59:08,044:INFO:Epoch 86, Training loss 108626.865234375, Validation loss 108592.65625
2022-03-03 12:59:10,197:INFO:Epoch 87, Training loss 108627.091796875, Validation loss 108592.0625
2022-03-03 12:59:12,366:INFO:Epoch 88, Training loss 108627.052734375, Validation loss 108592.90625
2022-03-03 12:59:14,531:INFO:Epoch 89, Training loss 108626.49609375, Validation loss 108595.1171875
2022-03-03 12:59:16,745:INFO:Epoch 90, Training loss 108626.318359375, Validation loss 108593.78125
2022-03-03 12:59:18,911:INFO:Epoch 91, Training loss 108625.5390625, Validation loss 108591.9609375
2022-03-03 12:59:21,068:INFO:Epoch 92, Training loss 108625.783203125, Validation loss 108592.390625
2022-03-03 12:59:23,238:INFO:Epoch 93, Training loss 108624.609375, Validation loss 108593.39453125
2022-03-03 12:59:25,435:INFO:Epoch 94, Training loss 108623.8203125, Validation loss 108592.951171875
2022-03-03 12:59:27,612:INFO:Epoch 95, Training loss 108624.0234375, Validation loss 108591.3046875
2022-03-03 12:59:29,755:INFO:Epoch 96, Training loss 108622.955078125, Validation loss 108591.6953125
2022-03-03 12:59:31,936:INFO:Epoch 97, Training loss 108622.83984375, Validation loss 108592.65625
2022-03-03 12:59:34,123:INFO:Epoch 98, Training loss 108622.62109375, Validation loss 108591.986328125
2022-03-03 12:59:36,310:INFO:Epoch 99, Training loss 108621.93359375, Validation loss 108592.17578125
2022-03-03 12:59:38,458:INFO:Epoch 100, Training loss 108621.482421875, Validation loss 108590.8203125
2022-03-03 12:59:40,649:INFO:Epoch 101, Training loss 108621.390625, Validation loss 108591.25390625
2022-03-03 12:59:42,785:INFO:Epoch 102, Training loss 108621.193359375, Validation loss 108592.51953125
2022-03-03 12:59:45,017:INFO:Epoch 103, Training loss 108620.166015625, Validation loss 108591.7890625
2022-03-03 12:59:47,157:INFO:Epoch 104, Training loss 108620.4921875, Validation loss 108590.5078125
2022-03-03 12:59:49,343:INFO:Epoch 105, Training loss 108620.076171875, Validation loss 108591.04296875
2022-03-03 12:59:51,492:INFO:Epoch 106, Training loss 108620.02734375, Validation loss 108591.373046875
2022-03-03 12:59:53,717:INFO:Epoch 107, Training loss 108619.72265625, Validation loss 108591.744140625
2022-03-03 12:59:55,875:INFO:Epoch 108, Training loss 108619.9609375, Validation loss 108594.021484375
2022-03-03 12:59:58,039:INFO:Epoch 109, Training loss 108619.076171875, Validation loss 108591.75390625
2022-03-03 13:00:00,199:INFO:Epoch 110, Training loss 108619.396484375, Validation loss 108591.892578125
2022-03-03 13:00:02,411:INFO:Epoch 111, Training loss 108619.888671875, Validation loss 108590.099609375
2022-03-03 13:00:04,574:INFO:Epoch 112, Training loss 108618.232421875, Validation loss 108592.33984375
2022-03-03 13:00:06,732:INFO:Epoch 113, Training loss 108618.61328125, Validation loss 108594.201171875
2022-03-03 13:00:08,901:INFO:Epoch 114, Training loss 108618.32421875, Validation loss 108590.728515625
2022-03-03 13:00:11,102:INFO:Epoch 115, Training loss 108617.314453125, Validation loss 108590.26953125
2022-03-03 13:00:13,275:INFO:Epoch 116, Training loss 108617.716796875, Validation loss 108592.43359375
2022-03-03 13:00:15,419:INFO:Epoch 117, Training loss 108617.12109375, Validation loss 108591.97265625
2022-03-03 13:00:17,598:INFO:Epoch 118, Training loss 108617.23046875, Validation loss 108592.58203125
2022-03-03 13:00:19,788:INFO:Epoch 119, Training loss 108616.376953125, Validation loss 108591.35546875
2022-03-03 13:00:21,975:INFO:Epoch 120, Training loss 108618.40625, Validation loss 108592.267578125
2022-03-03 13:00:24,105:INFO:Epoch 121, Training loss 108617.10546875, Validation loss 108592.6015625
2022-03-03 13:00:26,293:INFO:Epoch 122, Training loss 108616.419921875, Validation loss 108592.10546875
2022-03-03 13:00:28,428:INFO:Epoch 123, Training loss 108615.599609375, Validation loss 108592.767578125
2022-03-03 13:00:30,658:INFO:Epoch 124, Training loss 108616.447265625, Validation loss 108593.646484375
2022-03-03 13:00:32,799:INFO:Epoch 125, Training loss 108617.51171875, Validation loss 108594.6875
2022-03-03 13:00:34,983:INFO:Epoch 126, Training loss 108616.18359375, Validation loss 108592.923828125
2022-03-03 13:00:37,130:INFO:Epoch 127, Training loss 108616.1953125, Validation loss 108592.380859375
2022-03-03 13:00:39,351:INFO:Epoch 128, Training loss 108615.37890625, Validation loss 108591.7734375
2022-03-03 13:00:41,506:INFO:Epoch 129, Training loss 108615.115234375, Validation loss 108591.099609375
2022-03-03 13:00:43,677:INFO:Epoch 130, Training loss 108614.69140625, Validation loss 108592.787109375
2022-03-03 13:00:45,835:INFO:Epoch 131, Training loss 108614.70703125, Validation loss 108592.943359375
2022-03-03 13:00:48,048:INFO:Epoch 132, Training loss 108614.865234375, Validation loss 108591.3046875
2022-03-03 13:00:50,216:INFO:Epoch 133, Training loss 108614.09765625, Validation loss 108592.095703125
2022-03-03 13:00:52,370:INFO:Epoch 134, Training loss 108614.806640625, Validation loss 108593.052734375
2022-03-03 13:00:54,538:INFO:Epoch 135, Training loss 108613.90234375, Validation loss 108593.90234375
2022-03-03 13:00:56,740:INFO:Epoch 136, Training loss 108613.552734375, Validation loss 108593.197265625
2022-03-03 13:00:58,911:INFO:Epoch 137, Training loss 108613.09375, Validation loss 108591.3046875
2022-03-03 13:01:01,058:INFO:Epoch 138, Training loss 108613.271484375, Validation loss 108592.296875
2022-03-03 13:01:03,237:INFO:Epoch 139, Training loss 108612.7265625, Validation loss 108592.2109375
2022-03-03 13:01:05,422:INFO:Epoch 140, Training loss 108613.30078125, Validation loss 108593.56640625
2022-03-03 13:01:07,606:INFO:Epoch 141, Training loss 108612.45703125, Validation loss 108593.556640625
2022-03-03 13:01:09,734:INFO:Epoch 142, Training loss 108612.10546875, Validation loss 108592.560546875
2022-03-03 13:01:11,928:INFO:Epoch 143, Training loss 108612.19921875, Validation loss 108592.927734375
2022-03-03 13:01:14,063:INFO:Epoch 144, Training loss 108613.048828125, Validation loss 108596.08984375
2022-03-03 13:01:16,297:INFO:Epoch 145, Training loss 108612.74609375, Validation loss 108593.08203125
2022-03-03 13:01:18,443:INFO:Epoch 146, Training loss 108611.515625, Validation loss 108592.3828125
2022-03-03 13:01:20,629:INFO:Epoch 147, Training loss 108610.970703125, Validation loss 108593.619140625
2022-03-03 13:01:22,776:INFO:Epoch 148, Training loss 108610.634765625, Validation loss 108593.984375
2022-03-03 13:01:24,996:INFO:Epoch 149, Training loss 108610.990234375, Validation loss 108592.056640625
2022-03-03 13:01:27,145:INFO:Epoch 150, Training loss 108610.98046875, Validation loss 108593.9453125
2022-03-03 13:01:29,312:INFO:Epoch 151, Training loss 108610.90625, Validation loss 108594.384765625
2022-03-03 13:01:31,472:INFO:Epoch 152, Training loss 108612.3515625, Validation loss 108592.453125
2022-03-03 13:01:33,683:INFO:Epoch 153, Training loss 108610.3828125, Validation loss 108594.501953125
2022-03-03 13:01:35,846:INFO:Epoch 154, Training loss 108611.765625, Validation loss 108595.46484375
2022-03-03 13:01:38,012:INFO:Epoch 155, Training loss 108612.140625, Validation loss 108592.01171875
2022-03-03 13:01:40,185:INFO:Epoch 156, Training loss 108610.357421875, Validation loss 108593.353515625
2022-03-03 13:01:42,384:INFO:Epoch 157, Training loss 108610.80859375, Validation loss 108595.482421875
2022-03-03 13:01:44,557:INFO:Epoch 158, Training loss 108609.763671875, Validation loss 108596.154296875
2022-03-03 13:01:46,699:INFO:Epoch 159, Training loss 108610.34375, Validation loss 108594.94140625
2022-03-03 13:01:48,878:INFO:Epoch 160, Training loss 108609.572265625, Validation loss 108592.529296875
2022-03-03 13:01:51,067:INFO:Epoch 161, Training loss 108608.783203125, Validation loss 108593.2265625
2022-03-03 13:01:51,073:INFO:Finished training
