1.837436835937500000e+05
1.837436835937500000e+05
1.837436914062500000e+05
1.837436875000000000e+05
1.837436875000000000e+05
1.837436875000000000e+05
1.837436914062500000e+05
1.837436875000000000e+05
1.837436914062500000e+05
1.837436875000000000e+05
1.837436875000000000e+05
1.837436875000000000e+05
1.837436875000000000e+05
1.837436875000000000e+05
1.837436875000000000e+05
1.837436914062500000e+05
1.837436875000000000e+05
1.837436914062500000e+05
1.837436875000000000e+05
1.837436835937500000e+05
1.836599218750000000e+05
1.804059570312500000e+05
1.562525527343750000e+05
1.496889726562500000e+05
1.510771015625000000e+05
1.480249707031250000e+05
1.457310312500000000e+05
1.455935878906250000e+05
1.447598691406250000e+05
1.441132460937500000e+05
1.438242636718750000e+05
1.435935117187500000e+05
1.434035136718750000e+05
1.433851464843750000e+05
1.433575195312500000e+05
1.433399863281250000e+05
1.433279648437500000e+05
1.433103183593750000e+05
1.433013281250000000e+05
1.432932363281250000e+05
1.432866562500000000e+05
1.432832285156250000e+05
1.432776953125000000e+05
1.432735742187500000e+05
1.432715371093750000e+05
1.432712734375000000e+05
1.432705996093750000e+05
1.432677597656250000e+05
1.432672050781250000e+05
1.432692343750000000e+05
1.432648515625000000e+05
1.432665527343750000e+05
1.432642050781250000e+05
1.432639394531250000e+05
1.432627128906250000e+05
1.432617617187500000e+05
1.432614531250000000e+05
1.432605546875000000e+05
1.432615273437500000e+05
1.432608710937500000e+05
1.432590976562500000e+05
1.432592871093750000e+05
1.432582343750000000e+05
1.432595781250000000e+05
1.432586289062500000e+05
1.432574414062500000e+05
1.432590273437500000e+05
1.432564277343750000e+05
1.432560742187500000e+05
1.432565312500000000e+05
1.432569960937500000e+05
1.432562558593750000e+05
1.432547421875000000e+05
1.432547578125000000e+05
1.432544902343750000e+05
1.432522285156250000e+05
1.432510722656250000e+05
1.432515664062500000e+05
1.432510742187500000e+05
1.432507871093750000e+05
1.432508554687500000e+05
1.432495507812500000e+05
1.432498125000000000e+05
1.432502265625000000e+05
1.432490390625000000e+05
1.432495351562500000e+05
1.432480566406250000e+05
1.432490117187500000e+05
1.432483378906250000e+05
1.432500527343750000e+05
1.432501210937500000e+05
1.432478789062500000e+05
1.432477988281250000e+05
1.432500937500000000e+05
1.432517890625000000e+05
1.432486542968750000e+05
1.432465195312500000e+05
1.432470234375000000e+05
1.432455488281250000e+05
1.432470605468750000e+05
1.432473066406250000e+05
1.432470800781250000e+05
1.432455839843750000e+05
1.432465644531250000e+05
1.432459921875000000e+05
1.432494335937500000e+05
1.432447128906250000e+05
1.432451679687500000e+05
1.432444746093750000e+05
1.432442695312500000e+05
1.432444316406250000e+05
1.432427402343750000e+05
1.432439140625000000e+05
1.432433222656250000e+05
1.432457714843750000e+05
1.432452246093750000e+05
1.432441445312500000e+05
1.432426796875000000e+05
1.432431289062500000e+05
1.432438222656250000e+05
1.432421152343750000e+05
1.432416523437500000e+05
1.432426542968750000e+05
1.432417890625000000e+05
1.432426445312500000e+05
1.432409960937500000e+05
1.432427617187500000e+05
1.432422324218750000e+05
1.432435097656250000e+05
1.432444921875000000e+05
1.432457578125000000e+05
1.432408183593750000e+05
1.432440781250000000e+05
1.432430039062500000e+05
1.432417617187500000e+05
1.432414023437500000e+05
1.432412382812500000e+05
1.432408281250000000e+05
1.432438886718750000e+05
