2021-11-18 16:14:02,480:INFO:All directories created, ready to load the data
2021-11-18 16:14:02,511:INFO:Dataset loaded from /data/theorie/jthoeve/event_generation/events_high_stats/lin/cHq3/events_28.npy
2021-11-18 16:14:02,553:INFO:Dataset loaded from /data/theorie/jthoeve/event_generation/events_high_stats/sm/events_28.npy
2021-11-18 16:14:06,368:INFO:Epoch 1, Training loss 84631.890625, Validation loss 84631.890625
2021-11-18 16:14:10,140:INFO:Epoch 2, Training loss 84631.890625, Validation loss 84631.890625
2021-11-18 16:14:13,886:INFO:Epoch 3, Training loss 84631.890625, Validation loss 84631.890625
2021-11-18 16:14:17,554:INFO:Epoch 4, Training loss 84631.890625, Validation loss 84631.890625
2021-11-18 16:14:21,327:INFO:Epoch 5, Training loss 84631.890625, Validation loss 84631.890625
2021-11-18 16:14:24,972:INFO:Epoch 6, Training loss 84631.890625, Validation loss 84631.890625
2021-11-18 16:14:28,653:INFO:Epoch 7, Training loss 84631.890625, Validation loss 84631.890625
2021-11-18 16:14:32,359:INFO:Epoch 8, Training loss 84631.890625, Validation loss 84631.890625
2021-11-18 16:14:36,033:INFO:Epoch 9, Training loss 84631.890625, Validation loss 84631.890625
2021-11-18 16:14:39,753:INFO:Epoch 10, Training loss 84631.890625, Validation loss 84631.890625
2021-11-18 16:14:43,475:INFO:Epoch 11, Training loss 84631.890625, Validation loss 84631.890625
2021-11-18 16:14:43,479:INFO:Detected stagant training, reset the weights
2021-11-18 16:14:47,123:INFO:Epoch 12, Training loss 84626.6015625, Validation loss 84622.65625
2021-11-18 16:14:50,879:INFO:Epoch 13, Training loss 84622.8515625, Validation loss 84612.046875
2021-11-18 16:14:54,522:INFO:Epoch 14, Training loss 84612.5546875, Validation loss 84595.8515625
2021-11-18 16:14:58,233:INFO:Epoch 15, Training loss 84593.1875, Validation loss 84571.78125
2021-11-18 16:15:01,962:INFO:Epoch 16, Training loss 84567.796875, Validation loss 84537.3671875
2021-11-18 16:15:05,640:INFO:Epoch 17, Training loss 84533.1796875, Validation loss 84485.34375
2021-11-18 16:15:09,354:INFO:Epoch 18, Training loss 84481.859375, Validation loss 84409.7421875
2021-11-18 16:15:13,108:INFO:Epoch 19, Training loss 84413.3125, Validation loss 84309.5234375
2021-11-18 16:15:16,817:INFO:Epoch 20, Training loss 84318.3359375, Validation loss 84174.0625
2021-11-18 16:15:20,551:INFO:Epoch 21, Training loss 84184.328125, Validation loss 83774.140625
2021-11-18 16:15:24,187:INFO:Epoch 22, Training loss 83786.8984375, Validation loss 82770.0390625
2021-11-18 16:15:27,888:INFO:Epoch 23, Training loss 82784.2421875, Validation loss 81048.203125
2021-11-18 16:15:31,619:INFO:Epoch 24, Training loss 81062.6171875, Validation loss 79247.703125
2021-11-18 16:15:35,297:INFO:Epoch 25, Training loss 79266.6640625, Validation loss 77631.6640625
2021-11-18 16:15:39,043:INFO:Epoch 26, Training loss 77655.2734375, Validation loss 76336.8046875
2021-11-18 16:15:42,720:INFO:Epoch 27, Training loss 76364.109375, Validation loss 75378.59375
2021-11-18 16:15:46,517:INFO:Epoch 28, Training loss 75407.578125, Validation loss 74722.5078125
2021-11-18 16:15:50,225:INFO:Epoch 29, Training loss 74754.3671875, Validation loss 74332.7734375
2021-11-18 16:15:53,885:INFO:Epoch 30, Training loss 74367.6640625, Validation loss 74142.890625
2021-11-18 16:15:57,598:INFO:Epoch 31, Training loss 74179.8984375, Validation loss 74097.53125
2021-11-18 16:16:01,285:INFO:Epoch 32, Training loss 74136.0234375, Validation loss 74148.3671875
2021-11-18 16:16:04,924:INFO:Epoch 33, Training loss 74187.65625, Validation loss 74252.2265625
2021-11-18 16:16:08,672:INFO:Epoch 34, Training loss 74291.640625, Validation loss 74373.1875
2021-11-18 16:16:12,403:INFO:Epoch 35, Training loss 74412.109375, Validation loss 74484.7109375
2021-11-18 16:16:16,092:INFO:Epoch 36, Training loss 74522.9765625, Validation loss 74570.40625
2021-11-18 16:16:19,800:INFO:Epoch 37, Training loss 74607.71875, Validation loss 74621.03125
2021-11-18 16:16:23,455:INFO:Epoch 38, Training loss 74657.1484375, Validation loss 74629.53125
2021-11-18 16:16:27,713:INFO:Epoch 39, Training loss 74664.3515625, Validation loss 74600.4140625
2021-11-18 16:16:31,472:INFO:Epoch 40, Training loss 74633.8203125, Validation loss 74540.6796875
2021-11-18 16:16:35,140:INFO:Epoch 41, Training loss 74572.6015625, Validation loss 74457.3828125
2021-11-18 16:16:38,876:INFO:Epoch 42, Training loss 74487.7890625, Validation loss 74358.265625
2021-11-18 16:16:42,524:INFO:Epoch 43, Training loss 74387.140625, Validation loss 74251.328125
2021-11-18 16:16:46,213:INFO:Epoch 44, Training loss 74278.640625, Validation loss 74144.1015625
2021-11-18 16:16:49,949:INFO:Epoch 45, Training loss 74169.765625, Validation loss 74043.3984375
2021-11-18 16:16:53,627:INFO:Epoch 46, Training loss 74067.390625, Validation loss 73955.046875
2021-11-18 16:16:57,366:INFO:Epoch 47, Training loss 73977.2890625, Validation loss 73883.5390625
2021-11-18 16:17:01,108:INFO:Epoch 48, Training loss 73903.9375, Validation loss 73831.5859375
2021-11-18 16:17:04,749:INFO:Epoch 49, Training loss 73850.09375, Validation loss 73799.9921875
2021-11-18 16:17:08,440:INFO:Epoch 50, Training loss 73816.6875, Validation loss 73787.734375
2021-11-18 16:17:12,092:INFO:Epoch 51, Training loss 73802.6484375, Validation loss 73791.7578125
2021-11-18 16:17:15,788:INFO:Epoch 52, Training loss 73805.015625, Validation loss 73807.28125
2021-11-18 16:17:19,443:INFO:Epoch 53, Training loss 73818.953125, Validation loss 73828.171875
2021-11-18 16:17:23,081:INFO:Epoch 54, Training loss 73838.328125, Validation loss 73848.0625
2021-11-18 16:17:26,797:INFO:Epoch 55, Training loss 73856.9375, Validation loss 73861.796875
2021-11-18 16:17:30,563:INFO:Epoch 56, Training loss 73869.640625, Validation loss 73866.2265625
2021-11-18 16:17:34,208:INFO:Epoch 57, Training loss 73873.265625, Validation loss 73860.5859375
2021-11-18 16:17:37,917:INFO:Epoch 58, Training loss 73866.9921875, Validation loss 73846.1328125
2021-11-18 16:17:41,585:INFO:Epoch 59, Training loss 73852.0078125, Validation loss 73825.484375
2021-11-18 16:17:45,305:INFO:Epoch 60, Training loss 73831.015625, Validation loss 73802.0546875
2021-11-18 16:17:49,032:INFO:Epoch 61, Training loss 73807.3671875, Validation loss 73779.1015625
2021-11-18 16:17:52,726:INFO:Epoch 62, Training loss 73784.3359375, Validation loss 73759.3515625
2021-11-18 16:17:56,486:INFO:Epoch 63, Training loss 73764.625, Validation loss 73744.4609375
2021-11-18 16:18:00,194:INFO:Epoch 64, Training loss 73749.8671875, Validation loss 73735.0390625
2021-11-18 16:18:03,889:INFO:Epoch 65, Training loss 73740.6328125, Validation loss 73730.7265625
2021-11-18 16:18:07,612:INFO:Epoch 66, Training loss 73736.4609375, Validation loss 73730.484375
2021-11-18 16:18:11,307:INFO:Epoch 67, Training loss 73736.265625, Validation loss 73732.9609375
2021-11-18 16:18:15,043:INFO:Epoch 68, Training loss 73738.6796875, Validation loss 73736.7421875
2021-11-18 16:18:18,781:INFO:Epoch 69, Training loss 73742.28125, Validation loss 73740.6484375
2021-11-18 16:18:22,475:INFO:Epoch 70, Training loss 73745.8515625, Validation loss 73743.796875
2021-11-18 16:18:26,172:INFO:Epoch 71, Training loss 73748.4296875, Validation loss 73745.5703125
2021-11-18 16:18:29,812:INFO:Epoch 72, Training loss 73749.4921875, Validation loss 73745.3515625
2021-11-18 16:18:33,498:INFO:Epoch 73, Training loss 73748.6015625, Validation loss 73743.296875
2021-11-18 16:18:37,151:INFO:Epoch 74, Training loss 73746.1015625, Validation loss 73740.1640625
2021-11-18 16:18:40,779:INFO:Epoch 75, Training loss 73742.359375, Validation loss 73736.6796875
2021-11-18 16:18:44,516:INFO:Epoch 76, Training loss 73738.125, Validation loss 73733.6328125
2021-11-18 16:18:48,290:INFO:Epoch 77, Training loss 73734.4921875, Validation loss 73731.578125
2021-11-18 16:18:52,007:INFO:Epoch 78, Training loss 73731.984375, Validation loss 73730.875
2021-11-18 16:18:55,723:INFO:Epoch 79, Training loss 73730.8359375, Validation loss 73731.203125
2021-11-18 16:18:59,378:INFO:Epoch 80, Training loss 73730.8203125, Validation loss 73731.859375
2021-11-18 16:19:03,100:INFO:Epoch 81, Training loss 73731.234375, Validation loss 73732.1953125
2021-11-18 16:19:06,832:INFO:Epoch 82, Training loss 73731.46875, Validation loss 73731.9609375
2021-11-18 16:19:10,518:INFO:Epoch 83, Training loss 73731.234375, Validation loss 73731.2265625
2021-11-18 16:19:14,297:INFO:Epoch 84, Training loss 73730.5859375, Validation loss 73730.3046875
2021-11-18 16:19:18,050:INFO:Epoch 85, Training loss 73729.796875, Validation loss 73729.5
2021-11-18 16:19:21,712:INFO:Epoch 86, Training loss 73729.1171875, Validation loss 73729.0
2021-11-18 16:19:25,422:INFO:Epoch 87, Training loss 73728.7265625, Validation loss 73728.8515625
2021-11-18 16:19:29,069:INFO:Epoch 88, Training loss 73728.671875, Validation loss 73728.984375
2021-11-18 16:19:32,790:INFO:Epoch 89, Training loss 73728.859375, Validation loss 73729.25
2021-11-18 16:19:36,527:INFO:Epoch 90, Training loss 73729.125, Validation loss 73729.4921875
2021-11-18 16:19:40,321:INFO:Epoch 91, Training loss 73729.3046875, Validation loss 73729.6015625
2021-11-18 16:19:44,072:INFO:Epoch 92, Training loss 73729.3125, Validation loss 73729.5703125
2021-11-18 16:19:47,714:INFO:Epoch 93, Training loss 73729.1015625, Validation loss 73729.4140625
2021-11-18 16:19:51,404:INFO:Epoch 94, Training loss 73728.734375, Validation loss 73729.1875
2021-11-18 16:19:55,073:INFO:Epoch 95, Training loss 73728.2734375, Validation loss 73729.0
2021-11-18 16:19:58,730:INFO:Epoch 96, Training loss 73727.8359375, Validation loss 73728.8984375
2021-11-18 16:20:02,479:INFO:Epoch 97, Training loss 73727.484375, Validation loss 73728.921875
2021-11-18 16:20:06,266:INFO:Epoch 98, Training loss 73727.2578125, Validation loss 73729.046875
2021-11-18 16:20:09,978:INFO:Epoch 99, Training loss 73727.1484375, Validation loss 73729.234375
2021-11-18 16:20:13,803:INFO:Epoch 100, Training loss 73727.1171875, Validation loss 73729.40625
2021-11-18 16:20:17,477:INFO:Epoch 101, Training loss 73727.1015625, Validation loss 73729.5234375
2021-11-18 16:20:21,191:INFO:Epoch 102, Training loss 73727.0390625, Validation loss 73729.546875
2021-11-18 16:20:24,935:INFO:Epoch 103, Training loss 73726.90625, Validation loss 73729.5
2021-11-18 16:20:28,576:INFO:Epoch 104, Training loss 73726.734375, Validation loss 73729.4140625
2021-11-18 16:20:32,279:INFO:Epoch 105, Training loss 73726.5390625, Validation loss 73729.3359375
2021-11-18 16:20:35,998:INFO:Epoch 106, Training loss 73726.375, Validation loss 73729.2890625
2021-11-18 16:20:39,675:INFO:Epoch 107, Training loss 73726.265625, Validation loss 73729.296875
2021-11-18 16:20:43,352:INFO:Epoch 108, Training loss 73726.203125, Validation loss 73729.3203125
2021-11-18 16:20:46,968:INFO:Epoch 109, Training loss 73726.1875, Validation loss 73729.359375
2021-11-18 16:20:50,626:INFO:Epoch 110, Training loss 73726.171875, Validation loss 73729.3828125
2021-11-18 16:20:54,329:INFO:Epoch 111, Training loss 73726.140625, Validation loss 73729.390625
2021-11-18 16:20:57,979:INFO:Epoch 112, Training loss 73726.078125, Validation loss 73729.3671875
2021-11-18 16:21:01,679:INFO:Epoch 113, Training loss 73725.984375, Validation loss 73729.328125
2021-11-18 16:21:05,332:INFO:Epoch 114, Training loss 73725.8671875, Validation loss 73729.296875
2021-11-18 16:21:08,981:INFO:Epoch 115, Training loss 73725.75, Validation loss 73729.28125
2021-11-18 16:21:12,706:INFO:Epoch 116, Training loss 73725.65625, Validation loss 73729.28125
2021-11-18 16:21:16,332:INFO:Epoch 117, Training loss 73725.5703125, Validation loss 73729.296875
2021-11-18 16:21:20,026:INFO:Epoch 118, Training loss 73725.515625, Validation loss 73729.3125
2021-11-18 16:21:23,746:INFO:Epoch 119, Training loss 73725.46875, Validation loss 73729.3203125
2021-11-18 16:21:27,391:INFO:Epoch 120, Training loss 73725.421875, Validation loss 73729.3046875
2021-11-18 16:21:31,101:INFO:Epoch 121, Training loss 73725.3671875, Validation loss 73729.28125
2021-11-18 16:21:34,765:INFO:Epoch 122, Training loss 73725.3046875, Validation loss 73729.234375
2021-11-18 16:21:38,437:INFO:Epoch 123, Training loss 73725.2421875, Validation loss 73729.1875
2021-11-18 16:21:42,128:INFO:Epoch 124, Training loss 73725.171875, Validation loss 73729.1484375
2021-11-18 16:21:45,766:INFO:Epoch 125, Training loss 73725.1171875, Validation loss 73729.125
2021-11-18 16:21:49,464:INFO:Epoch 126, Training loss 73725.0625, Validation loss 73729.109375
2021-11-18 16:21:53,168:INFO:Epoch 127, Training loss 73725.015625, Validation loss 73729.1171875
2021-11-18 16:21:56,839:INFO:Epoch 128, Training loss 73724.9765625, Validation loss 73729.1328125
2021-11-18 16:22:00,562:INFO:Epoch 129, Training loss 73724.9296875, Validation loss 73729.15625
2021-11-18 16:22:04,175:INFO:Epoch 130, Training loss 73724.8828125, Validation loss 73729.1875
2021-11-18 16:22:07,849:INFO:Epoch 131, Training loss 73724.8359375, Validation loss 73729.21875
2021-11-18 16:22:11,573:INFO:Epoch 132, Training loss 73724.78125, Validation loss 73729.265625
2021-11-18 16:22:15,243:INFO:Epoch 133, Training loss 73724.7265625, Validation loss 73729.3125
2021-11-18 16:22:18,964:INFO:Epoch 134, Training loss 73724.671875, Validation loss 73729.3671875
2021-11-18 16:22:22,702:INFO:Epoch 135, Training loss 73724.6171875, Validation loss 73729.4296875
2021-11-18 16:22:26,340:INFO:Epoch 136, Training loss 73724.5703125, Validation loss 73729.4765625
2021-11-18 16:22:30,011:INFO:Epoch 137, Training loss 73724.5234375, Validation loss 73729.5234375
2021-11-18 16:22:30,017:INFO:Finished training, producing training report at /data/theorie/jthoeve/ML4EFT_higgs/models/17_11/model_final_lin_cHq3_v7/mc_run_28/plots/training_report/
2021-11-18 16:22:30,371:WARNING:findfont: Font family ['sans-serif'] not found. Falling back to DejaVu Sans.
