7.501050683593750000e+04
7.385372363281250000e+04
7.382559082031250000e+04
7.388393457031250000e+04
7.382611035156250000e+04
7.375989746093750000e+04
7.374734863281250000e+04
7.375586816406250000e+04
7.375054199218750000e+04
7.374466308593750000e+04
7.374382128906250000e+04
7.374355273437500000e+04
7.374231347656250000e+04
7.374209277343750000e+04
7.374189257812500000e+04
7.374130175781250000e+04
7.374082421875000000e+04
7.374059765625000000e+04
7.374042871093750000e+04
7.374003710937500000e+04
7.373987988281250000e+04
7.373958593750000000e+04
7.373934570312500000e+04
7.373908300781250000e+04
7.373877148437500000e+04
7.373857617187500000e+04
7.373841406250000000e+04
7.373826855468750000e+04
7.373815429687500000e+04
7.373770800781250000e+04
7.373758203125000000e+04
7.373753613281250000e+04
7.373704882812500000e+04
7.373692675781250000e+04
7.373665234375000000e+04
7.373642382812500000e+04
7.373617578125000000e+04
7.373607324218750000e+04
7.373579589843750000e+04
7.373555371093750000e+04
7.373555273437500000e+04
7.373555371093750000e+04
7.373534277343750000e+04
7.373506640625000000e+04
7.373467675781250000e+04
7.373445605468750000e+04
7.373463183593750000e+04
7.373460058593750000e+04
7.373417578125000000e+04
7.373450390625000000e+04
7.373396972656250000e+04
7.373433203125000000e+04
7.373390625000000000e+04
7.373340136718750000e+04
7.373343554687500000e+04
7.373343261718750000e+04
7.373266894531250000e+04
7.373275683593750000e+04
7.373240625000000000e+04
7.373195312500000000e+04
7.373189062500000000e+04
7.373157519531250000e+04
7.373139648437500000e+04
7.373142578125000000e+04
7.373106933593750000e+04
