1.743574375000000000e+05
1.573760390625000000e+05
1.470533710937500000e+05
1.396379296875000000e+05
1.334957890625000000e+05
1.282407031250000000e+05
1.238043867187500000e+05
1.197004726562500000e+05
1.157024160156250000e+05
1.123272402343750000e+05
1.102334921875000000e+05
1.094797304687500000e+05
1.094996054687500000e+05
1.096163750000000000e+05
1.095520742187500000e+05
1.093861152343750000e+05
1.092777773437500000e+05
1.092641250000000000e+05
1.092517500000000000e+05
1.092188183593750000e+05
1.091970312500000000e+05
1.091819492187500000e+05
1.091672324218750000e+05
1.091522460937500000e+05
1.091375859375000000e+05
1.091249765625000000e+05
1.091127011718750000e+05
1.090998808593750000e+05
1.090879902343750000e+05
1.090766777343750000e+05
1.090650683593750000e+05
1.090542753906250000e+05
1.090433164062500000e+05
1.090326816406250000e+05
1.090216347656250000e+05
1.090113398437500000e+05
1.090013769531250000e+05
1.089911933593750000e+05
1.089816757812500000e+05
1.089730781250000000e+05
1.089647050781250000e+05
1.089570332031250000e+05
1.089493320312500000e+05
1.089420312500000000e+05
1.089354492187500000e+05
1.089285976562500000e+05
1.089232402343750000e+05
1.089174296875000000e+05
1.089120292968750000e+05
1.089075859375000000e+05
1.089032128906250000e+05
1.088989921875000000e+05
1.088955058593750000e+05
1.088927187500000000e+05
1.088896582031250000e+05
1.088870488281250000e+05
1.088844296875000000e+05
1.088823417968750000e+05
1.088814277343750000e+05
1.088789609375000000e+05
1.088780078125000000e+05
1.088767656250000000e+05
1.088760664062500000e+05
1.088750097656250000e+05
1.088740019531250000e+05
1.088729355468750000e+05
1.088727675781250000e+05
1.088718886718750000e+05
1.088711308593750000e+05
1.088709199218750000e+05
1.088708183593750000e+05
1.088702265625000000e+05
1.088704375000000000e+05
1.088693261718750000e+05
1.088690097656250000e+05
1.088692011718750000e+05
1.088685468750000000e+05
1.088681367187500000e+05
1.088675273437500000e+05
1.088672617187500000e+05
1.088673046875000000e+05
1.088669648437500000e+05
1.088665214843750000e+05
1.088662597656250000e+05
1.088661835937500000e+05
1.088664433593750000e+05
1.088657441406250000e+05
1.088654023437500000e+05
1.088652636718750000e+05
1.088659375000000000e+05
1.088650039062500000e+05
1.088648007812500000e+05
1.088648359375000000e+05
1.088655488281250000e+05
1.088647207031250000e+05
1.088643105468750000e+05
1.088646171875000000e+05
1.088639238281250000e+05
1.088642109375000000e+05
1.088637753906250000e+05
1.088638828125000000e+05
1.088637363281250000e+05
1.088639472656250000e+05
1.088632656250000000e+05
1.088645156250000000e+05
1.088633183593750000e+05
1.088635371093750000e+05
1.088639882812500000e+05
1.088634414062500000e+05
1.088641933593750000e+05
1.088634785156250000e+05
1.088635253906250000e+05
1.088632812500000000e+05
1.088629414062500000e+05
1.088632324218750000e+05
1.088631074218750000e+05
1.088625527343750000e+05
1.088625937500000000e+05
1.088626132812500000e+05
