2022-03-03 14:19:25,500:INFO:All directories created, ready to load the data
2022-03-03 14:19:25,546:INFO:Dataset loaded from /data/theorie/jthoeve/training_data/zh/features_mzh_y_ptz_v2/lin/cHq3/events_21.pkl.gz
2022-03-03 14:19:25,603:INFO:Dataset loaded from /data/theorie/jthoeve/training_data/zh/features_mzh_y_ptz_v2/sm/events_21.pkl.gz
2022-03-03 14:19:27,880:INFO:Epoch 1, Training loss 74659.134765625, Validation loss 74219.9345703125
2022-03-03 14:19:30,188:INFO:Epoch 2, Training loss 74017.138671875, Validation loss 73800.826171875
2022-03-03 14:19:32,423:INFO:Epoch 3, Training loss 73761.97265625, Validation loss 73784.974609375
2022-03-03 14:19:34,670:INFO:Epoch 4, Training loss 73809.7548828125, Validation loss 73828.7080078125
2022-03-03 14:19:36,907:INFO:Epoch 5, Training loss 73796.96875, Validation loss 73761.8935546875
2022-03-03 14:19:39,202:INFO:Epoch 6, Training loss 73748.1552734375, Validation loss 73745.267578125
2022-03-03 14:19:41,451:INFO:Epoch 7, Training loss 73748.427734375, Validation loss 73754.8623046875
2022-03-03 14:19:43,694:INFO:Epoch 8, Training loss 73753.89453125, Validation loss 73751.560546875
2022-03-03 14:19:45,958:INFO:Epoch 9, Training loss 73747.1796875, Validation loss 73744.376953125
2022-03-03 14:19:48,248:INFO:Epoch 10, Training loss 73742.4453125, Validation loss 73744.76171875
2022-03-03 14:19:50,503:INFO:Epoch 11, Training loss 73743.4892578125, Validation loss 73746.1689453125
2022-03-03 14:19:52,795:INFO:Epoch 12, Training loss 73743.1044921875, Validation loss 73744.4892578125
2022-03-03 14:19:55,061:INFO:Epoch 13, Training loss 73741.7666015625, Validation loss 73744.1982421875
2022-03-03 14:19:57,339:INFO:Epoch 14, Training loss 73741.486328125, Validation loss 73744.5263671875
2022-03-03 14:19:59,620:INFO:Epoch 15, Training loss 73741.4873046875, Validation loss 73744.15234375
2022-03-03 14:20:01,836:INFO:Epoch 16, Training loss 73740.9873046875, Validation loss 73744.0810546875
2022-03-03 14:20:04,271:INFO:Epoch 17, Training loss 73741.0595703125, Validation loss 73744.568359375
2022-03-03 14:20:06,486:INFO:Epoch 18, Training loss 73740.728515625, Validation loss 73744.3125
2022-03-03 14:20:08,794:INFO:Epoch 19, Training loss 73740.470703125, Validation loss 73744.1513671875
2022-03-03 14:20:11,010:INFO:Epoch 20, Training loss 73740.2666015625, Validation loss 73744.1005859375
2022-03-03 14:20:13,280:INFO:Epoch 21, Training loss 73740.154296875, Validation loss 73744.2626953125
2022-03-03 14:20:15,542:INFO:Epoch 22, Training loss 73740.0029296875, Validation loss 73744.08203125
2022-03-03 14:20:17,858:INFO:Epoch 23, Training loss 73739.7861328125, Validation loss 73744.2568359375
2022-03-03 14:20:20,088:INFO:Epoch 24, Training loss 73739.6552734375, Validation loss 73744.1904296875
2022-03-03 14:20:22,331:INFO:Epoch 25, Training loss 73739.3779296875, Validation loss 73744.205078125
2022-03-03 14:20:24,573:INFO:Epoch 26, Training loss 73739.5009765625, Validation loss 73744.384765625
2022-03-03 14:20:26,873:INFO:Epoch 27, Training loss 73739.0361328125, Validation loss 73744.11328125
2022-03-03 14:20:29,120:INFO:Epoch 28, Training loss 73738.7783203125, Validation loss 73744.041015625
2022-03-03 14:20:31,352:INFO:Epoch 29, Training loss 73738.8037109375, Validation loss 73744.2802734375
2022-03-03 14:20:33,598:INFO:Epoch 30, Training loss 73738.462890625, Validation loss 73744.025390625
2022-03-03 14:20:35,879:INFO:Epoch 31, Training loss 73738.306640625, Validation loss 73743.94921875
2022-03-03 14:20:38,134:INFO:Epoch 32, Training loss 73738.0361328125, Validation loss 73744.2265625
2022-03-03 14:20:40,351:INFO:Epoch 33, Training loss 73737.716796875, Validation loss 73744.4765625
2022-03-03 14:20:42,613:INFO:Epoch 34, Training loss 73737.5166015625, Validation loss 73744.1123046875
2022-03-03 14:20:44,886:INFO:Epoch 35, Training loss 73737.220703125, Validation loss 73744.2060546875
2022-03-03 14:20:47,149:INFO:Epoch 36, Training loss 73737.0458984375, Validation loss 73744.130859375
2022-03-03 14:20:49,355:INFO:Epoch 37, Training loss 73736.7294921875, Validation loss 73744.5302734375
2022-03-03 14:20:51,619:INFO:Epoch 38, Training loss 73736.3837890625, Validation loss 73744.7724609375
2022-03-03 14:20:53,829:INFO:Epoch 39, Training loss 73736.119140625, Validation loss 73743.9453125
2022-03-03 14:20:56,150:INFO:Epoch 40, Training loss 73735.9345703125, Validation loss 73745.0107421875
2022-03-03 14:20:58,386:INFO:Epoch 41, Training loss 73736.0234375, Validation loss 73744.8330078125
2022-03-03 14:21:00,651:INFO:Epoch 42, Training loss 73735.400390625, Validation loss 73743.4501953125
2022-03-03 14:21:02,873:INFO:Epoch 43, Training loss 73735.216796875, Validation loss 73743.9599609375
2022-03-03 14:21:05,162:INFO:Epoch 44, Training loss 73734.6875, Validation loss 73746.0595703125
2022-03-03 14:21:07,396:INFO:Epoch 45, Training loss 73734.693359375, Validation loss 73744.7138671875
2022-03-03 14:21:09,635:INFO:Epoch 46, Training loss 73734.599609375, Validation loss 73744.8330078125
2022-03-03 14:21:11,878:INFO:Epoch 47, Training loss 73734.2646484375, Validation loss 73743.9130859375
2022-03-03 14:21:14,172:INFO:Epoch 48, Training loss 73734.1533203125, Validation loss 73744.3994140625
2022-03-03 14:21:16,404:INFO:Epoch 49, Training loss 73734.208984375, Validation loss 73747.0712890625
2022-03-03 14:21:18,656:INFO:Epoch 50, Training loss 73733.65625, Validation loss 73743.9482421875
2022-03-03 14:21:20,903:INFO:Epoch 51, Training loss 73733.5126953125, Validation loss 73744.57421875
2022-03-03 14:21:23,187:INFO:Epoch 52, Training loss 73733.4326171875, Validation loss 73743.873046875
2022-03-03 14:21:25,452:INFO:Epoch 53, Training loss 73733.4111328125, Validation loss 73746.966796875
2022-03-03 14:21:27,672:INFO:Epoch 54, Training loss 73732.603515625, Validation loss 73744.2802734375
2022-03-03 14:21:29,928:INFO:Epoch 55, Training loss 73732.25, Validation loss 73744.97265625
2022-03-03 14:21:32,199:INFO:Epoch 56, Training loss 73732.9189453125, Validation loss 73746.1767578125
2022-03-03 14:21:34,463:INFO:Epoch 57, Training loss 73730.998046875, Validation loss 73744.189453125
2022-03-03 14:21:36,669:INFO:Epoch 58, Training loss 73731.21484375, Validation loss 73744.65234375
2022-03-03 14:21:38,936:INFO:Epoch 59, Training loss 73730.9326171875, Validation loss 73747.5947265625
2022-03-03 14:21:41,170:INFO:Epoch 60, Training loss 73730.41015625, Validation loss 73744.921875
2022-03-03 14:21:43,490:INFO:Epoch 61, Training loss 73730.2900390625, Validation loss 73744.38671875
2022-03-03 14:21:45,716:INFO:Epoch 62, Training loss 73730.3408203125, Validation loss 73747.673828125
2022-03-03 14:21:47,989:INFO:Epoch 63, Training loss 73730.052734375, Validation loss 73745.775390625
2022-03-03 14:21:50,156:INFO:Epoch 64, Training loss 73730.75, Validation loss 73744.2021484375
2022-03-03 14:21:52,366:INFO:Epoch 65, Training loss 73728.962890625, Validation loss 73747.4296875
2022-03-03 14:21:54,512:INFO:Epoch 66, Training loss 73728.96484375, Validation loss 73746.87109375
2022-03-03 14:21:56,676:INFO:Epoch 67, Training loss 73728.455078125, Validation loss 73745.2734375
2022-03-03 14:21:58,822:INFO:Epoch 68, Training loss 73728.103515625, Validation loss 73747.6552734375
2022-03-03 14:22:01,021:INFO:Epoch 69, Training loss 73727.1875, Validation loss 73746.3154296875
2022-03-03 14:22:03,173:INFO:Epoch 70, Training loss 73726.65625, Validation loss 73745.2880859375
2022-03-03 14:22:05,316:INFO:Epoch 71, Training loss 73726.71484375, Validation loss 73747.166015625
2022-03-03 14:22:07,469:INFO:Epoch 72, Training loss 73725.5927734375, Validation loss 73747.4072265625
2022-03-03 14:22:09,651:INFO:Epoch 73, Training loss 73725.62109375, Validation loss 73747.9013671875
2022-03-03 14:22:11,835:INFO:Epoch 74, Training loss 73725.087890625, Validation loss 73747.8173828125
2022-03-03 14:22:13,959:INFO:Epoch 75, Training loss 73724.716796875, Validation loss 73746.3623046875
2022-03-03 14:22:16,127:INFO:Epoch 76, Training loss 73724.48046875, Validation loss 73747.88671875
2022-03-03 14:22:18,299:INFO:Epoch 77, Training loss 73723.84375, Validation loss 73748.220703125
2022-03-03 14:22:20,474:INFO:Epoch 78, Training loss 73723.51171875, Validation loss 73748.89453125
2022-03-03 14:22:22,634:INFO:Epoch 79, Training loss 73722.390625, Validation loss 73747.0224609375
2022-03-03 14:22:24,820:INFO:Epoch 80, Training loss 73725.0751953125, Validation loss 73751.490234375
2022-03-03 14:22:26,958:INFO:Epoch 81, Training loss 73721.15234375, Validation loss 73748.427734375
2022-03-03 14:22:29,181:INFO:Epoch 82, Training loss 73721.2529296875, Validation loss 73751.6650390625
2022-03-03 14:22:31,314:INFO:Epoch 83, Training loss 73720.9091796875, Validation loss 73751.2548828125
2022-03-03 14:22:33,491:INFO:Epoch 84, Training loss 73719.2236328125, Validation loss 73749.431640625
2022-03-03 14:22:35,627:INFO:Epoch 85, Training loss 73718.9443359375, Validation loss 73751.419921875
2022-03-03 14:22:37,837:INFO:Epoch 86, Training loss 73719.3095703125, Validation loss 73754.1865234375
2022-03-03 14:22:39,975:INFO:Epoch 87, Training loss 73718.0712890625, Validation loss 73750.1328125
2022-03-03 14:22:42,135:INFO:Epoch 88, Training loss 73717.2783203125, Validation loss 73753.8603515625
2022-03-03 14:22:44,280:INFO:Epoch 89, Training loss 73716.3642578125, Validation loss 73756.2119140625
2022-03-03 14:22:46,483:INFO:Epoch 90, Training loss 73715.4658203125, Validation loss 73752.4619140625
2022-03-03 14:22:48,632:INFO:Epoch 91, Training loss 73715.8203125, Validation loss 73752.4228515625
2022-03-03 14:22:50,771:INFO:Epoch 92, Training loss 73714.9609375, Validation loss 73753.1064453125
2022-03-03 14:22:50,777:INFO:Finished training
