2022-03-03 12:56:00,511:INFO:All directories created, ready to load the data
2022-03-03 12:56:00,575:INFO:Dataset loaded from /data/theorie/jthoeve/training_data/zh/features_mzh_y_ptz_v2/lin/cHW/events_8.pkl.gz
2022-03-03 12:56:00,602:INFO:Dataset loaded from /data/theorie/jthoeve/training_data/zh/features_mzh_y_ptz_v2/sm/events_8.pkl.gz
2022-03-03 12:56:02,920:INFO:Epoch 1, Training loss 207879.62890625, Validation loss 207879.62890625
2022-03-03 12:56:05,237:INFO:Epoch 2, Training loss 207879.62890625, Validation loss 207879.62890625
2022-03-03 12:56:07,499:INFO:Epoch 3, Training loss 207879.62890625, Validation loss 207879.62890625
2022-03-03 12:56:09,786:INFO:Epoch 4, Training loss 207879.62890625, Validation loss 207879.62890625
2022-03-03 12:56:12,107:INFO:Epoch 5, Training loss 207879.62890625, Validation loss 207879.62890625
2022-03-03 12:56:14,478:INFO:Epoch 6, Training loss 207879.62890625, Validation loss 207879.62890625
2022-03-03 12:56:16,793:INFO:Epoch 7, Training loss 207879.62890625, Validation loss 207879.62890625
2022-03-03 12:56:19,110:INFO:Epoch 8, Training loss 207879.62890625, Validation loss 207879.62890625
2022-03-03 12:56:21,447:INFO:Epoch 9, Training loss 207879.62890625, Validation loss 207879.62890625
2022-03-03 12:56:23,804:INFO:Epoch 10, Training loss 207879.62890625, Validation loss 207879.62890625
2022-03-03 12:56:26,137:INFO:Epoch 11, Training loss 207879.62890625, Validation loss 207879.62890625
2022-03-03 12:56:26,141:INFO:Detected stagant training, reset the weights
2022-03-03 12:56:28,436:INFO:Epoch 12, Training loss 207879.62890625, Validation loss 207879.62890625
2022-03-03 12:56:28,440:INFO:Detected stagant training, reset the weights
2022-03-03 12:56:30,773:INFO:Epoch 13, Training loss 207879.62890625, Validation loss 207879.62890625
2022-03-03 12:56:30,778:INFO:Detected stagant training, reset the weights
2022-03-03 12:56:33,124:INFO:Epoch 14, Training loss 166426.86328125, Validation loss 149376.005859375
2022-03-03 12:56:35,464:INFO:Epoch 15, Training loss 141065.08203125, Validation loss 130588.6796875
2022-03-03 12:56:37,754:INFO:Epoch 16, Training loss 125528.283203125, Validation loss 119069.734375
2022-03-03 12:56:40,104:INFO:Epoch 17, Training loss 116217.470703125, Validation loss 112561.9140625
2022-03-03 12:56:42,393:INFO:Epoch 18, Training loss 111090.705078125, Validation loss 109465.98046875
2022-03-03 12:56:44,777:INFO:Epoch 19, Training loss 109444.17578125, Validation loss 109601.240234375
2022-03-03 12:56:47,072:INFO:Epoch 20, Training loss 109864.94140625, Validation loss 109866.15234375
2022-03-03 12:56:49,416:INFO:Epoch 21, Training loss 109796.658203125, Validation loss 109465.203125
2022-03-03 12:56:51,729:INFO:Epoch 22, Training loss 109376.41015625, Validation loss 109141.505859375
2022-03-03 12:56:54,104:INFO:Epoch 23, Training loss 109151.677734375, Validation loss 109060.11328125
2022-03-03 12:56:56,409:INFO:Epoch 24, Training loss 109111.431640625, Validation loss 109063.166015625
2022-03-03 12:56:58,726:INFO:Epoch 25, Training loss 109105.2265625, Validation loss 109041.078125
2022-03-03 12:57:01,035:INFO:Epoch 26, Training loss 109066.224609375, Validation loss 108988.265625
2022-03-03 12:57:03,403:INFO:Epoch 27, Training loss 109010.837890625, Validation loss 108939.703125
2022-03-03 12:57:05,719:INFO:Epoch 28, Training loss 108970.8046875, Validation loss 108914.642578125
2022-03-03 12:57:08,034:INFO:Epoch 29, Training loss 108948.23828125, Validation loss 108894.2734375
2022-03-03 12:57:10,364:INFO:Epoch 30, Training loss 108923.849609375, Validation loss 108865.83984375
2022-03-03 12:57:12,728:INFO:Epoch 31, Training loss 108893.294921875, Validation loss 108836.138671875
2022-03-03 12:57:15,060:INFO:Epoch 32, Training loss 108864.328125, Validation loss 108810.3828125
2022-03-03 12:57:17,356:INFO:Epoch 33, Training loss 108837.369140625, Validation loss 108784.025390625
2022-03-03 12:57:19,684:INFO:Epoch 34, Training loss 108810.162109375, Validation loss 108756.513671875
2022-03-03 12:57:22,026:INFO:Epoch 35, Training loss 108782.755859375, Validation loss 108730.015625
2022-03-03 12:57:24,357:INFO:Epoch 36, Training loss 108755.671875, Validation loss 108704.734375
2022-03-03 12:57:26,645:INFO:Epoch 37, Training loss 108730.056640625, Validation loss 108680.298828125
2022-03-03 12:57:28,992:INFO:Epoch 38, Training loss 108704.60546875, Validation loss 108657.01953125
2022-03-03 12:57:31,283:INFO:Epoch 39, Training loss 108680.82421875, Validation loss 108634.34765625
2022-03-03 12:57:33,669:INFO:Epoch 40, Training loss 108658.478515625, Validation loss 108611.70703125
2022-03-03 12:57:35,961:INFO:Epoch 41, Training loss 108634.427734375, Validation loss 108589.205078125
2022-03-03 12:57:38,317:INFO:Epoch 42, Training loss 108611.123046875, Validation loss 108567.537109375
2022-03-03 12:57:40,621:INFO:Epoch 43, Training loss 108591.041015625, Validation loss 108549.177734375
2022-03-03 12:57:43,001:INFO:Epoch 44, Training loss 108571.056640625, Validation loss 108534.361328125
2022-03-03 12:57:45,313:INFO:Epoch 45, Training loss 108554.310546875, Validation loss 108522.86328125
2022-03-03 12:57:47,646:INFO:Epoch 46, Training loss 108543.357421875, Validation loss 108514.884765625
2022-03-03 12:57:49,968:INFO:Epoch 47, Training loss 108535.40234375, Validation loss 108510.66796875
2022-03-03 12:57:52,340:INFO:Epoch 48, Training loss 108529.478515625, Validation loss 108507.71484375
2022-03-03 12:57:54,651:INFO:Epoch 49, Training loss 108525.748046875, Validation loss 108506.798828125
2022-03-03 12:57:56,957:INFO:Epoch 50, Training loss 108522.4765625, Validation loss 108505.533203125
2022-03-03 12:57:59,280:INFO:Epoch 51, Training loss 108519.42578125, Validation loss 108504.37109375
2022-03-03 12:58:01,639:INFO:Epoch 52, Training loss 108517.654296875, Validation loss 108504.09765625
2022-03-03 12:58:03,965:INFO:Epoch 53, Training loss 108515.607421875, Validation loss 108504.435546875
2022-03-03 12:58:06,271:INFO:Epoch 54, Training loss 108514.521484375, Validation loss 108504.158203125
2022-03-03 12:58:08,617:INFO:Epoch 55, Training loss 108513.564453125, Validation loss 108501.85546875
2022-03-03 12:58:10,964:INFO:Epoch 56, Training loss 108511.54296875, Validation loss 108501.791015625
2022-03-03 12:58:13,307:INFO:Epoch 57, Training loss 108510.49609375, Validation loss 108501.98046875
2022-03-03 12:58:15,598:INFO:Epoch 58, Training loss 108508.6171875, Validation loss 108502.359375
2022-03-03 12:58:17,947:INFO:Epoch 59, Training loss 108507.8046875, Validation loss 108502.43359375
2022-03-03 12:58:20,255:INFO:Epoch 60, Training loss 108507.634765625, Validation loss 108501.822265625
2022-03-03 12:58:22,644:INFO:Epoch 61, Training loss 108507.474609375, Validation loss 108501.8671875
2022-03-03 12:58:24,948:INFO:Epoch 62, Training loss 108505.728515625, Validation loss 108500.802734375
2022-03-03 12:58:27,293:INFO:Epoch 63, Training loss 108504.646484375, Validation loss 108501.91015625
2022-03-03 12:58:29,595:INFO:Epoch 64, Training loss 108504.208984375, Validation loss 108500.638671875
2022-03-03 12:58:31,981:INFO:Epoch 65, Training loss 108503.1484375, Validation loss 108499.62890625
2022-03-03 12:58:34,294:INFO:Epoch 66, Training loss 108502.30078125, Validation loss 108500.3828125
2022-03-03 12:58:36,628:INFO:Epoch 67, Training loss 108501.90625, Validation loss 108501.43359375
2022-03-03 12:58:38,961:INFO:Epoch 68, Training loss 108501.83203125, Validation loss 108500.150390625
2022-03-03 12:58:41,343:INFO:Epoch 69, Training loss 108500.8984375, Validation loss 108501.04296875
2022-03-03 12:58:43,670:INFO:Epoch 70, Training loss 108500.158203125, Validation loss 108500.505859375
2022-03-03 12:58:45,993:INFO:Epoch 71, Training loss 108499.26171875, Validation loss 108501.33203125
2022-03-03 12:58:48,335:INFO:Epoch 72, Training loss 108498.982421875, Validation loss 108500.00390625
2022-03-03 12:58:50,696:INFO:Epoch 73, Training loss 108498.033203125, Validation loss 108499.552734375
2022-03-03 12:58:53,027:INFO:Epoch 74, Training loss 108497.47265625, Validation loss 108500.60546875
2022-03-03 12:58:55,327:INFO:Epoch 75, Training loss 108496.91015625, Validation loss 108499.33984375
2022-03-03 12:58:57,674:INFO:Epoch 76, Training loss 108496.75, Validation loss 108499.328125
2022-03-03 12:59:00,026:INFO:Epoch 77, Training loss 108497.646484375, Validation loss 108499.224609375
2022-03-03 12:59:02,371:INFO:Epoch 78, Training loss 108496.509765625, Validation loss 108501.302734375
2022-03-03 12:59:04,663:INFO:Epoch 79, Training loss 108495.796875, Validation loss 108500.154296875
2022-03-03 12:59:07,005:INFO:Epoch 80, Training loss 108494.595703125, Validation loss 108500.693359375
2022-03-03 12:59:09,311:INFO:Epoch 81, Training loss 108494.134765625, Validation loss 108500.0703125
2022-03-03 12:59:11,699:INFO:Epoch 82, Training loss 108493.904296875, Validation loss 108499.546875
2022-03-03 12:59:14,003:INFO:Epoch 83, Training loss 108493.056640625, Validation loss 108500.962890625
2022-03-03 12:59:16,350:INFO:Epoch 84, Training loss 108492.91796875, Validation loss 108498.970703125
2022-03-03 12:59:18,656:INFO:Epoch 85, Training loss 108494.98046875, Validation loss 108497.9140625
2022-03-03 12:59:21,053:INFO:Epoch 86, Training loss 108491.47265625, Validation loss 108500.107421875
2022-03-03 12:59:23,375:INFO:Epoch 87, Training loss 108491.47265625, Validation loss 108500.345703125
2022-03-03 12:59:25,704:INFO:Epoch 88, Training loss 108490.400390625, Validation loss 108499.529296875
2022-03-03 12:59:28,029:INFO:Epoch 89, Training loss 108490.82421875, Validation loss 108498.9765625
2022-03-03 12:59:30,408:INFO:Epoch 90, Training loss 108490.212890625, Validation loss 108499.61328125
2022-03-03 12:59:32,737:INFO:Epoch 91, Training loss 108489.75, Validation loss 108501.671875
2022-03-03 12:59:35,056:INFO:Epoch 92, Training loss 108490.697265625, Validation loss 108498.4921875
2022-03-03 12:59:37,389:INFO:Epoch 93, Training loss 108489.3671875, Validation loss 108499.421875
2022-03-03 12:59:39,748:INFO:Epoch 94, Training loss 108489.255859375, Validation loss 108500.865234375
2022-03-03 12:59:42,085:INFO:Epoch 95, Training loss 108488.404296875, Validation loss 108499.884765625
2022-03-03 12:59:44,392:INFO:Epoch 96, Training loss 108487.53125, Validation loss 108498.416015625
2022-03-03 12:59:46,734:INFO:Epoch 97, Training loss 108486.673828125, Validation loss 108498.767578125
2022-03-03 12:59:49,088:INFO:Epoch 98, Training loss 108486.708984375, Validation loss 108500.322265625
2022-03-03 12:59:51,431:INFO:Epoch 99, Training loss 108485.951171875, Validation loss 108500.283203125
2022-03-03 12:59:53,721:INFO:Epoch 100, Training loss 108486.109375, Validation loss 108498.84375
2022-03-03 12:59:56,077:INFO:Epoch 101, Training loss 108484.98046875, Validation loss 108499.7109375
2022-03-03 12:59:58,368:INFO:Epoch 102, Training loss 108484.89453125, Validation loss 108500.771484375
2022-03-03 13:00:00,762:INFO:Epoch 103, Training loss 108484.638671875, Validation loss 108500.138671875
2022-03-03 13:00:03,065:INFO:Epoch 104, Training loss 108484.25390625, Validation loss 108499.607421875
2022-03-03 13:00:05,414:INFO:Epoch 105, Training loss 108484.716796875, Validation loss 108499.767578125
2022-03-03 13:00:07,719:INFO:Epoch 106, Training loss 108484.45703125, Validation loss 108500.064453125
2022-03-03 13:00:10,097:INFO:Epoch 107, Training loss 108483.03515625, Validation loss 108499.328125
2022-03-03 13:00:12,406:INFO:Epoch 108, Training loss 108484.4140625, Validation loss 108498.48828125
2022-03-03 13:00:14,730:INFO:Epoch 109, Training loss 108484.0703125, Validation loss 108501.93359375
2022-03-03 13:00:17,041:INFO:Epoch 110, Training loss 108483.208984375, Validation loss 108499.96875
2022-03-03 13:00:19,418:INFO:Epoch 111, Training loss 108483.5625, Validation loss 108498.326171875
2022-03-03 13:00:21,742:INFO:Epoch 112, Training loss 108482.68359375, Validation loss 108499.1015625
2022-03-03 13:00:24,020:INFO:Epoch 113, Training loss 108482.20703125, Validation loss 108501.58984375
2022-03-03 13:00:26,303:INFO:Epoch 114, Training loss 108482.548828125, Validation loss 108499.275390625
2022-03-03 13:00:28,599:INFO:Epoch 115, Training loss 108481.49609375, Validation loss 108499.146484375
2022-03-03 13:00:30,872:INFO:Epoch 116, Training loss 108482.021484375, Validation loss 108500.662109375
2022-03-03 13:00:33,115:INFO:Epoch 117, Training loss 108481.212890625, Validation loss 108499.8046875
2022-03-03 13:00:35,394:INFO:Epoch 118, Training loss 108481.318359375, Validation loss 108499.52734375
2022-03-03 13:00:37,678:INFO:Epoch 119, Training loss 108480.65625, Validation loss 108499.134765625
2022-03-03 13:00:39,964:INFO:Epoch 120, Training loss 108480.484375, Validation loss 108498.78515625
2022-03-03 13:00:42,194:INFO:Epoch 121, Training loss 108481.359375, Validation loss 108498.84765625
2022-03-03 13:00:44,479:INFO:Epoch 122, Training loss 108480.2578125, Validation loss 108498.98828125
2022-03-03 13:00:46,709:INFO:Epoch 123, Training loss 108479.3203125, Validation loss 108499.201171875
2022-03-03 13:00:49,038:INFO:Epoch 124, Training loss 108479.6171875, Validation loss 108498.646484375
2022-03-03 13:00:51,279:INFO:Epoch 125, Training loss 108480.134765625, Validation loss 108497.529296875
2022-03-03 13:00:53,561:INFO:Epoch 126, Training loss 108479.005859375, Validation loss 108499.10546875
2022-03-03 13:00:55,804:INFO:Epoch 127, Training loss 108479.673828125, Validation loss 108500.19921875
2022-03-03 13:00:58,122:INFO:Epoch 128, Training loss 108478.279296875, Validation loss 108499.66796875
2022-03-03 13:01:00,370:INFO:Epoch 129, Training loss 108479.21484375, Validation loss 108499.505859375
2022-03-03 13:01:02,633:INFO:Epoch 130, Training loss 108479.541015625, Validation loss 108499.005859375
2022-03-03 13:01:04,890:INFO:Epoch 131, Training loss 108478.720703125, Validation loss 108499.755859375
2022-03-03 13:01:07,199:INFO:Epoch 132, Training loss 108478.287109375, Validation loss 108497.87109375
2022-03-03 13:01:09,455:INFO:Epoch 133, Training loss 108477.658203125, Validation loss 108499.630859375
2022-03-03 13:01:11,711:INFO:Epoch 134, Training loss 108477.333984375, Validation loss 108499.1328125
2022-03-03 13:01:13,974:INFO:Epoch 135, Training loss 108476.828125, Validation loss 108496.1015625
2022-03-03 13:01:16,262:INFO:Epoch 136, Training loss 108476.900390625, Validation loss 108498.400390625
2022-03-03 13:01:18,533:INFO:Epoch 137, Training loss 108476.548828125, Validation loss 108498.4453125
2022-03-03 13:01:20,778:INFO:Epoch 138, Training loss 108475.365234375, Validation loss 108498.453125
2022-03-03 13:01:23,053:INFO:Epoch 139, Training loss 108475.119140625, Validation loss 108498.361328125
2022-03-03 13:01:25,338:INFO:Epoch 140, Training loss 108475.958984375, Validation loss 108498.998046875
2022-03-03 13:01:27,616:INFO:Epoch 141, Training loss 108474.458984375, Validation loss 108499.50390625
2022-03-03 13:01:29,850:INFO:Epoch 142, Training loss 108475.681640625, Validation loss 108497.951171875
2022-03-03 13:01:32,133:INFO:Epoch 143, Training loss 108474.279296875, Validation loss 108498.9921875
2022-03-03 13:01:34,362:INFO:Epoch 144, Training loss 108474.171875, Validation loss 108499.53515625
2022-03-03 13:01:36,684:INFO:Epoch 145, Training loss 108473.755859375, Validation loss 108499.32421875
2022-03-03 13:01:38,927:INFO:Epoch 146, Training loss 108474.68359375, Validation loss 108499.265625
2022-03-03 13:01:41,208:INFO:Epoch 147, Training loss 108474.15625, Validation loss 108498.4609375
2022-03-03 13:01:43,449:INFO:Epoch 148, Training loss 108474.580078125, Validation loss 108500.50390625
2022-03-03 13:01:45,758:INFO:Epoch 149, Training loss 108474.052734375, Validation loss 108500.609375
2022-03-03 13:01:48,007:INFO:Epoch 150, Training loss 108474.8984375, Validation loss 108500.435546875
2022-03-03 13:01:50,267:INFO:Epoch 151, Training loss 108472.802734375, Validation loss 108499.484375
2022-03-03 13:01:52,521:INFO:Epoch 152, Training loss 108473.240234375, Validation loss 108499.45703125
2022-03-03 13:01:54,824:INFO:Epoch 153, Training loss 108472.64453125, Validation loss 108499.04296875
2022-03-03 13:01:57,084:INFO:Epoch 154, Training loss 108474.623046875, Validation loss 108498.70703125
2022-03-03 13:01:59,342:INFO:Epoch 155, Training loss 108471.955078125, Validation loss 108502.0078125
2022-03-03 13:02:01,603:INFO:Epoch 156, Training loss 108471.3203125, Validation loss 108499.84375
2022-03-03 13:02:03,892:INFO:Epoch 157, Training loss 108471.455078125, Validation loss 108499.498046875
2022-03-03 13:02:06,162:INFO:Epoch 158, Training loss 108471.109375, Validation loss 108499.888671875
2022-03-03 13:02:08,404:INFO:Epoch 159, Training loss 108471.22265625, Validation loss 108501.220703125
2022-03-03 13:02:10,677:INFO:Epoch 160, Training loss 108471.142578125, Validation loss 108500.8515625
2022-03-03 13:02:12,959:INFO:Epoch 161, Training loss 108472.232421875, Validation loss 108500.509765625
2022-03-03 13:02:15,241:INFO:Epoch 162, Training loss 108470.037109375, Validation loss 108502.970703125
2022-03-03 13:02:17,471:INFO:Epoch 163, Training loss 108470.4453125, Validation loss 108501.94140625
2022-03-03 13:02:19,752:INFO:Epoch 164, Training loss 108469.7265625, Validation loss 108501.892578125
2022-03-03 13:02:21,980:INFO:Epoch 165, Training loss 108470.326171875, Validation loss 108499.947265625
2022-03-03 13:02:24,304:INFO:Epoch 166, Training loss 108472.91015625, Validation loss 108500.78125
2022-03-03 13:02:26,543:INFO:Epoch 167, Training loss 108471.22265625, Validation loss 108503.431640625
2022-03-03 13:02:28,826:INFO:Epoch 168, Training loss 108470.421875, Validation loss 108500.955078125
2022-03-03 13:02:31,070:INFO:Epoch 169, Training loss 108469.1640625, Validation loss 108500.11328125
2022-03-03 13:02:33,388:INFO:Epoch 170, Training loss 108469.5390625, Validation loss 108499.458984375
2022-03-03 13:02:35,639:INFO:Epoch 171, Training loss 108468.833984375, Validation loss 108503.541015625
2022-03-03 13:02:37,904:INFO:Epoch 172, Training loss 108468.61328125, Validation loss 108502.201171875
2022-03-03 13:02:40,159:INFO:Epoch 173, Training loss 108469.380859375, Validation loss 108501.162109375
2022-03-03 13:02:42,463:INFO:Epoch 174, Training loss 108468.23046875, Validation loss 108502.15234375
2022-03-03 13:02:44,722:INFO:Epoch 175, Training loss 108467.84375, Validation loss 108501.2265625
2022-03-03 13:02:46,980:INFO:Epoch 176, Training loss 108468.23046875, Validation loss 108500.560546875
2022-03-03 13:02:49,183:INFO:Epoch 177, Training loss 108469.603515625, Validation loss 108503.052734375
2022-03-03 13:02:51,387:INFO:Epoch 178, Training loss 108469.990234375, Validation loss 108502.0
2022-03-03 13:02:53,566:INFO:Epoch 179, Training loss 108467.41015625, Validation loss 108502.548828125
2022-03-03 13:02:55,712:INFO:Epoch 180, Training loss 108467.326171875, Validation loss 108503.4609375
2022-03-03 13:02:57,895:INFO:Epoch 181, Training loss 108467.76171875, Validation loss 108501.716796875
2022-03-03 13:03:00,088:INFO:Epoch 182, Training loss 108465.921875, Validation loss 108500.82421875
2022-03-03 13:03:02,272:INFO:Epoch 183, Training loss 108466.5390625, Validation loss 108503.001953125
2022-03-03 13:03:04,409:INFO:Epoch 184, Training loss 108465.75390625, Validation loss 108503.69921875
2022-03-03 13:03:06,597:INFO:Epoch 185, Training loss 108465.3984375, Validation loss 108502.181640625
2022-03-03 13:03:06,604:INFO:Finished training
