7.396130859375000000e+04
7.379647656250000000e+04
7.381897363281250000e+04
7.378606347656250000e+04
7.377688671875000000e+04
7.378089550781250000e+04
7.377382519531250000e+04
7.377221582031250000e+04
7.377273437500000000e+04
7.377093554687500000e+04
7.377066406250000000e+04
7.377013867187500000e+04
7.376943164062500000e+04
7.376922070312500000e+04
7.376897167968750000e+04
7.376846777343750000e+04
7.376818457031250000e+04
7.376786328125000000e+04
7.376772167968750000e+04
7.376745507812500000e+04
7.376705761718750000e+04
7.376680273437500000e+04
7.376642773437500000e+04
7.376618261718750000e+04
7.376611718750000000e+04
7.376577441406250000e+04
7.376536230468750000e+04
7.376523535156250000e+04
7.376473242187500000e+04
7.376452832031250000e+04
7.376456250000000000e+04
7.376385937500000000e+04
7.376391308593750000e+04
7.376301464843750000e+04
7.376375195312500000e+04
7.376263378906250000e+04
7.376219824218750000e+04
7.376193359375000000e+04
7.376145996093750000e+04
7.376053906250000000e+04
7.376047656250000000e+04
7.375993652343750000e+04
7.375935449218750000e+04
7.375891601562500000e+04
7.375816015625000000e+04
7.375813085937500000e+04
7.375832910156250000e+04
7.375649609375000000e+04
7.375639160156250000e+04
7.375546777343750000e+04
7.375480078125000000e+04
7.375440332031250000e+04
7.375524414062500000e+04
7.375348339843750000e+04
7.375239160156250000e+04
7.375222558593750000e+04
7.375183398437500000e+04
7.375043457031250000e+04
7.375027539062500000e+04
7.374959960937500000e+04
