1.245865800781250000e+05
1.195038808593750000e+05
1.160026386718750000e+05
1.135242460937500000e+05
1.117285117187500000e+05
1.104583535156250000e+05
1.096542988281250000e+05
1.092750664062500000e+05
1.092296816406250000e+05
1.092438222656250000e+05
1.091736054687500000e+05
1.090943769531250000e+05
1.090501542968750000e+05
1.090202539062500000e+05
1.089883710937500000e+05
1.089600429687500000e+05
1.089380898437500000e+05
1.089186464843750000e+05
1.089013339843750000e+05
1.088857988281250000e+05
1.088706875000000000e+05
1.088548125000000000e+05
1.088401582031250000e+05
1.088262089843750000e+05
1.088127167968750000e+05
1.088035136718750000e+05
1.087953769531250000e+05
1.087896113281250000e+05
1.087854277343750000e+05
1.087817656250000000e+05
1.087790781250000000e+05
1.087767558593750000e+05
1.087744589843750000e+05
1.087722304687500000e+05
1.087710234375000000e+05
1.087698437500000000e+05
1.087695742187500000e+05
1.087681875000000000e+05
1.087678320312500000e+05
1.087667441406250000e+05
1.087677968750000000e+05
1.087664941406250000e+05
1.087681503906250000e+05
1.087653632812500000e+05
1.087652519531250000e+05
1.087649179687500000e+05
1.087647851562500000e+05
1.087625957031250000e+05
1.087623496093750000e+05
1.087617832031250000e+05
