8.466853515625000000e+04
8.466853515625000000e+04
8.466853515625000000e+04
8.466853515625000000e+04
8.466853515625000000e+04
8.466853515625000000e+04
8.466853515625000000e+04
8.466853515625000000e+04
8.466853515625000000e+04
8.466853515625000000e+04
8.466853515625000000e+04
8.466853515625000000e+04
8.466853515625000000e+04
7.463081054687500000e+04
7.385828515625000000e+04
7.392430468750000000e+04
7.378572656250000000e+04
7.379396972656250000e+04
7.378421582031250000e+04
7.376583398437500000e+04
7.377011621093750000e+04
7.376707910156250000e+04
7.376441406250000000e+04
7.376529101562500000e+04
7.376409863281250000e+04
7.376357812500000000e+04
7.376363574218750000e+04
7.376313085937500000e+04
7.376296289062500000e+04
7.376272656250000000e+04
7.376251855468750000e+04
7.376235937500000000e+04
7.376213281250000000e+04
7.376194335937500000e+04
7.376172265625000000e+04
7.376147851562500000e+04
7.376127148437500000e+04
7.376108398437500000e+04
7.376078027343750000e+04
7.376043750000000000e+04
7.376004296875000000e+04
7.375968554687500000e+04
7.375941210937500000e+04
7.375910839843750000e+04
7.375878320312500000e+04
7.375842968750000000e+04
7.375825976562500000e+04
7.375796191406250000e+04
7.375771777343750000e+04
7.375729589843750000e+04
7.375708398437500000e+04
7.375661425781250000e+04
7.375639550781250000e+04
7.375623437500000000e+04
7.375592578125000000e+04
7.375558300781250000e+04
7.375506933593750000e+04
7.375474707031250000e+04
7.375450097656250000e+04
7.375406445312500000e+04
7.375399218750000000e+04
7.375367480468750000e+04
7.375322167968750000e+04
7.375307714843750000e+04
7.375292187500000000e+04
7.375218750000000000e+04
7.375214648437500000e+04
7.375211035156250000e+04
7.375156933593750000e+04
7.375091113281250000e+04
7.375059667968750000e+04
7.375025000000000000e+04
7.375007714843750000e+04
7.374990039062500000e+04
7.374941210937500000e+04
