2022-03-03 12:56:09,227:INFO:All directories created, ready to load the data
2022-03-03 12:56:09,303:INFO:Dataset loaded from /data/theorie/jthoeve/training_data/zh/features_mzh_y_ptz_v2/lin/cHW/events_23.pkl.gz
2022-03-03 12:56:09,334:INFO:Dataset loaded from /data/theorie/jthoeve/training_data/zh/features_mzh_y_ptz_v2/sm/events_23.pkl.gz
2022-03-03 12:56:11,679:INFO:Epoch 1, Training loss 207975.0, Validation loss 207975.0
2022-03-03 12:56:14,085:INFO:Epoch 2, Training loss 207975.0, Validation loss 207975.0
2022-03-03 12:56:16,406:INFO:Epoch 3, Training loss 207975.0, Validation loss 207975.0
2022-03-03 12:56:18,742:INFO:Epoch 4, Training loss 207975.0, Validation loss 207975.0
2022-03-03 12:56:21,070:INFO:Epoch 5, Training loss 207975.0, Validation loss 207975.0
2022-03-03 12:56:23,460:INFO:Epoch 6, Training loss 207975.0, Validation loss 207975.0
2022-03-03 12:56:25,792:INFO:Epoch 7, Training loss 207975.0, Validation loss 207975.0
2022-03-03 12:56:28,110:INFO:Epoch 8, Training loss 207975.0, Validation loss 207975.0
2022-03-03 12:56:30,453:INFO:Epoch 9, Training loss 207975.0, Validation loss 207975.0
2022-03-03 12:56:32,828:INFO:Epoch 10, Training loss 207975.0, Validation loss 207975.0
2022-03-03 12:56:35,168:INFO:Epoch 11, Training loss 207975.0, Validation loss 207975.0
2022-03-03 12:56:35,172:INFO:Detected stagant training, reset the weights
2022-03-03 12:56:37,483:INFO:Epoch 12, Training loss 138111.568359375, Validation loss 130995.578125
2022-03-03 12:56:39,835:INFO:Epoch 13, Training loss 126680.498046875, Validation loss 120796.568359375
2022-03-03 12:56:42,187:INFO:Epoch 14, Training loss 117704.94921875, Validation loss 113687.16796875
2022-03-03 12:56:44,545:INFO:Epoch 15, Training loss 111966.31640625, Validation loss 110028.072265625
2022-03-03 12:56:46,851:INFO:Epoch 16, Training loss 109572.908203125, Validation loss 109410.609375
2022-03-03 12:56:49,211:INFO:Epoch 17, Training loss 109603.515625, Validation loss 109852.888671875
2022-03-03 12:56:51,517:INFO:Epoch 18, Training loss 109815.978515625, Validation loss 109694.103515625
2022-03-03 12:56:53,920:INFO:Epoch 19, Training loss 109530.525390625, Validation loss 109334.845703125
2022-03-03 12:56:56,232:INFO:Epoch 20, Training loss 109236.61328125, Validation loss 109156.208984375
2022-03-03 12:56:58,586:INFO:Epoch 21, Training loss 109132.29296875, Validation loss 109133.87890625
2022-03-03 12:57:00,905:INFO:Epoch 22, Training loss 109126.513671875, Validation loss 109130.521484375
2022-03-03 12:57:03,298:INFO:Epoch 23, Training loss 109110.4296875, Validation loss 109096.083984375
2022-03-03 12:57:05,612:INFO:Epoch 24, Training loss 109069.673828125, Validation loss 109052.197265625
2022-03-03 12:57:07,952:INFO:Epoch 25, Training loss 109028.76171875, Validation loss 109020.96484375
2022-03-03 12:57:10,278:INFO:Epoch 26, Training loss 109000.849609375, Validation loss 108998.669921875
2022-03-03 12:57:12,663:INFO:Epoch 27, Training loss 108978.005859375, Validation loss 108975.05078125
2022-03-03 12:57:14,990:INFO:Epoch 28, Training loss 108952.708984375, Validation loss 108948.03515625
2022-03-03 12:57:17,304:INFO:Epoch 29, Training loss 108925.154296875, Validation loss 108920.798828125
2022-03-03 12:57:19,635:INFO:Epoch 30, Training loss 108898.357421875, Validation loss 108894.662109375
2022-03-03 12:57:21,998:INFO:Epoch 31, Training loss 108872.146484375, Validation loss 108868.416015625
2022-03-03 12:57:24,328:INFO:Epoch 32, Training loss 108846.03515625, Validation loss 108840.830078125
2022-03-03 12:57:26,624:INFO:Epoch 33, Training loss 108818.046875, Validation loss 108813.083984375
2022-03-03 12:57:28,962:INFO:Epoch 34, Training loss 108789.30859375, Validation loss 108784.41796875
2022-03-03 12:57:31,310:INFO:Epoch 35, Training loss 108759.05859375, Validation loss 108751.8984375
2022-03-03 12:57:33,654:INFO:Epoch 36, Training loss 108725.798828125, Validation loss 108719.1796875
2022-03-03 12:57:35,937:INFO:Epoch 37, Training loss 108693.48828125, Validation loss 108686.615234375
2022-03-03 12:57:38,286:INFO:Epoch 38, Training loss 108661.294921875, Validation loss 108654.29296875
2022-03-03 12:57:40,580:INFO:Epoch 39, Training loss 108629.19140625, Validation loss 108624.546875
2022-03-03 12:57:42,974:INFO:Epoch 40, Training loss 108598.884765625, Validation loss 108597.92578125
2022-03-03 12:57:45,277:INFO:Epoch 41, Training loss 108573.4296875, Validation loss 108576.009765625
2022-03-03 12:57:47,626:INFO:Epoch 42, Training loss 108551.939453125, Validation loss 108558.4921875
2022-03-03 12:57:49,958:INFO:Epoch 43, Training loss 108535.49609375, Validation loss 108545.447265625
2022-03-03 12:57:52,348:INFO:Epoch 44, Training loss 108524.595703125, Validation loss 108536.548828125
2022-03-03 12:57:54,668:INFO:Epoch 45, Training loss 108514.77734375, Validation loss 108530.60546875
2022-03-03 12:57:57,002:INFO:Epoch 46, Training loss 108510.103515625, Validation loss 108526.427734375
2022-03-03 12:57:59,326:INFO:Epoch 47, Training loss 108505.400390625, Validation loss 108524.5625
2022-03-03 12:58:01,695:INFO:Epoch 48, Training loss 108501.46875, Validation loss 108522.6328125
2022-03-03 12:58:04,025:INFO:Epoch 49, Training loss 108499.9765625, Validation loss 108521.68359375
2022-03-03 12:58:06,348:INFO:Epoch 50, Training loss 108496.833984375, Validation loss 108520.744140625
2022-03-03 12:58:08,677:INFO:Epoch 51, Training loss 108493.443359375, Validation loss 108519.8984375
2022-03-03 12:58:11,035:INFO:Epoch 52, Training loss 108492.25390625, Validation loss 108519.203125
2022-03-03 12:58:13,372:INFO:Epoch 53, Training loss 108490.890625, Validation loss 108519.05078125
2022-03-03 12:58:15,686:INFO:Epoch 54, Training loss 108488.98828125, Validation loss 108518.75
2022-03-03 12:58:18,030:INFO:Epoch 55, Training loss 108486.86328125, Validation loss 108517.958984375
2022-03-03 12:58:20,386:INFO:Epoch 56, Training loss 108484.380859375, Validation loss 108517.583984375
2022-03-03 12:58:22,743:INFO:Epoch 57, Training loss 108483.33984375, Validation loss 108517.41796875
2022-03-03 12:58:25,042:INFO:Epoch 58, Training loss 108482.205078125, Validation loss 108516.529296875
2022-03-03 12:58:27,398:INFO:Epoch 59, Training loss 108480.853515625, Validation loss 108516.603515625
2022-03-03 12:58:29,707:INFO:Epoch 60, Training loss 108480.64453125, Validation loss 108518.1328125
2022-03-03 12:58:32,109:INFO:Epoch 61, Training loss 108479.236328125, Validation loss 108517.57421875
2022-03-03 12:58:34,416:INFO:Epoch 62, Training loss 108478.94921875, Validation loss 108516.72265625
2022-03-03 12:58:36,773:INFO:Epoch 63, Training loss 108477.185546875, Validation loss 108516.95703125
2022-03-03 12:58:39,085:INFO:Epoch 64, Training loss 108476.451171875, Validation loss 108518.330078125
2022-03-03 12:58:41,473:INFO:Epoch 65, Training loss 108476.677734375, Validation loss 108517.578125
2022-03-03 12:58:43,792:INFO:Epoch 66, Training loss 108475.12890625, Validation loss 108517.384765625
2022-03-03 12:58:46,130:INFO:Epoch 67, Training loss 108475.603515625, Validation loss 108517.255859375
2022-03-03 12:58:48,457:INFO:Epoch 68, Training loss 108473.884765625, Validation loss 108517.712890625
2022-03-03 12:58:50,831:INFO:Epoch 69, Training loss 108473.517578125, Validation loss 108519.201171875
2022-03-03 12:58:53,163:INFO:Epoch 70, Training loss 108473.017578125, Validation loss 108517.181640625
2022-03-03 12:58:55,480:INFO:Epoch 71, Training loss 108472.40234375, Validation loss 108517.064453125
2022-03-03 12:58:57,812:INFO:Epoch 72, Training loss 108471.27734375, Validation loss 108518.080078125
2022-03-03 12:59:00,177:INFO:Epoch 73, Training loss 108471.08984375, Validation loss 108519.240234375
2022-03-03 12:59:02,513:INFO:Epoch 74, Training loss 108471.5546875, Validation loss 108517.11328125
2022-03-03 12:59:04,818:INFO:Epoch 75, Training loss 108470.708984375, Validation loss 108518.541015625
2022-03-03 12:59:07,167:INFO:Epoch 76, Training loss 108470.34765625, Validation loss 108517.236328125
2022-03-03 12:59:09,532:INFO:Epoch 77, Training loss 108469.341796875, Validation loss 108518.80078125
2022-03-03 12:59:11,881:INFO:Epoch 78, Training loss 108469.18359375, Validation loss 108517.90234375
2022-03-03 12:59:14,177:INFO:Epoch 79, Training loss 108468.6875, Validation loss 108518.205078125
2022-03-03 12:59:16,538:INFO:Epoch 80, Training loss 108468.1015625, Validation loss 108518.033203125
2022-03-03 12:59:18,838:INFO:Epoch 81, Training loss 108468.01171875, Validation loss 108518.876953125
2022-03-03 12:59:21,236:INFO:Epoch 82, Training loss 108468.91015625, Validation loss 108517.8828125
2022-03-03 12:59:23,539:INFO:Epoch 83, Training loss 108467.76953125, Validation loss 108519.810546875
2022-03-03 12:59:25,896:INFO:Epoch 84, Training loss 108466.572265625, Validation loss 108519.439453125
2022-03-03 12:59:28,211:INFO:Epoch 85, Training loss 108466.94140625, Validation loss 108518.00390625
2022-03-03 12:59:30,606:INFO:Epoch 86, Training loss 108466.08984375, Validation loss 108518.630859375
2022-03-03 12:59:32,924:INFO:Epoch 87, Training loss 108466.20703125, Validation loss 108522.103515625
2022-03-03 12:59:35,260:INFO:Epoch 88, Training loss 108465.736328125, Validation loss 108519.427734375
2022-03-03 12:59:37,581:INFO:Epoch 89, Training loss 108466.013671875, Validation loss 108519.1875
2022-03-03 12:59:39,961:INFO:Epoch 90, Training loss 108464.244140625, Validation loss 108520.076171875
2022-03-03 12:59:42,279:INFO:Epoch 91, Training loss 108464.279296875, Validation loss 108520.029296875
2022-03-03 12:59:44,589:INFO:Epoch 92, Training loss 108464.3125, Validation loss 108519.248046875
2022-03-03 12:59:46,915:INFO:Epoch 93, Training loss 108463.7109375, Validation loss 108520.76953125
2022-03-03 12:59:49,282:INFO:Epoch 94, Training loss 108464.154296875, Validation loss 108522.490234375
2022-03-03 12:59:51,613:INFO:Epoch 95, Training loss 108463.1953125, Validation loss 108519.400390625
2022-03-03 12:59:53,913:INFO:Epoch 96, Training loss 108463.005859375, Validation loss 108520.099609375
2022-03-03 12:59:56,257:INFO:Epoch 97, Training loss 108463.498046875, Validation loss 108522.578125
2022-03-03 12:59:58,609:INFO:Epoch 98, Training loss 108462.814453125, Validation loss 108521.201171875
2022-03-03 13:00:00,950:INFO:Epoch 99, Training loss 108461.705078125, Validation loss 108520.7265625
2022-03-03 13:00:03,239:INFO:Epoch 100, Training loss 108462.89453125, Validation loss 108521.111328125
2022-03-03 13:00:05,589:INFO:Epoch 101, Training loss 108461.96875, Validation loss 108520.37109375
2022-03-03 13:00:07,894:INFO:Epoch 102, Training loss 108461.134765625, Validation loss 108522.333984375
2022-03-03 13:00:10,282:INFO:Epoch 103, Training loss 108460.94140625, Validation loss 108523.208984375
2022-03-03 13:00:12,582:INFO:Epoch 104, Training loss 108461.119140625, Validation loss 108521.861328125
2022-03-03 13:00:14,925:INFO:Epoch 105, Training loss 108461.251953125, Validation loss 108522.587890625
2022-03-03 13:00:17,233:INFO:Epoch 106, Training loss 108460.578125, Validation loss 108521.43359375
2022-03-03 13:00:19,620:INFO:Epoch 107, Training loss 108459.728515625, Validation loss 108522.626953125
2022-03-03 13:00:21,923:INFO:Epoch 108, Training loss 108460.05859375, Validation loss 108525.6484375
2022-03-03 13:00:21,929:INFO:Finished training
