2021-11-17 17:54:11,611:INFO:All directories created, ready to load the data
2021-11-17 17:54:11,673:INFO:Dataset loaded from /data/theorie/jthoeve/event_generation/events_high_stats/lin/cHW/events_29.npy
2021-11-17 17:54:11,727:INFO:Dataset loaded from /data/theorie/jthoeve/event_generation/events_high_stats/sm/events_29.npy
2021-11-17 17:54:15,189:INFO:Epoch 1, Training loss 208012.32421875, Validation loss 208012.32421875
2021-11-17 17:54:18,568:INFO:Epoch 2, Training loss 208012.32421875, Validation loss 208012.32421875
2021-11-17 17:54:21,939:INFO:Epoch 3, Training loss 208012.32421875, Validation loss 208012.32421875
2021-11-17 17:54:25,345:INFO:Epoch 4, Training loss 208012.32421875, Validation loss 208012.32421875
2021-11-17 17:54:28,714:INFO:Epoch 5, Training loss 208012.32421875, Validation loss 208012.32421875
2021-11-17 17:54:32,094:INFO:Epoch 6, Training loss 208012.32421875, Validation loss 208012.32421875
2021-11-17 17:54:35,440:INFO:Epoch 7, Training loss 208012.32421875, Validation loss 208012.32421875
2021-11-17 17:54:38,838:INFO:Epoch 8, Training loss 208012.32421875, Validation loss 208012.32421875
2021-11-17 17:54:42,190:INFO:Epoch 9, Training loss 208012.32421875, Validation loss 208012.32421875
2021-11-17 17:54:45,563:INFO:Epoch 10, Training loss 208012.32421875, Validation loss 208012.32421875
2021-11-17 17:54:48,925:INFO:Epoch 11, Training loss 208012.32421875, Validation loss 208012.32421875
2021-11-17 17:54:48,929:INFO:Detected stagant training, reset the weights
2021-11-17 17:54:52,306:INFO:Epoch 12, Training loss 208012.32421875, Validation loss 208012.32421875
2021-11-17 17:54:52,310:INFO:Detected stagant training, reset the weights
2021-11-17 17:54:55,674:INFO:Epoch 13, Training loss 208012.32421875, Validation loss 208011.796875
2021-11-17 17:54:55,678:INFO:Detected stagant training, reset the weights
2021-11-17 17:54:59,001:INFO:Epoch 14, Training loss 208012.32421875, Validation loss 208012.32421875
2021-11-17 17:54:59,005:INFO:Detected stagant training, reset the weights
2021-11-17 17:55:02,325:INFO:Epoch 15, Training loss 126820.048828125, Validation loss 122109.005859375
2021-11-17 17:55:05,655:INFO:Epoch 16, Training loss 119425.212890625, Validation loss 115919.78125
2021-11-17 17:55:08,966:INFO:Epoch 17, Training loss 114205.640625, Validation loss 112040.833984375
2021-11-17 17:55:12,242:INFO:Epoch 18, Training loss 111066.45703125, Validation loss 109954.009765625
2021-11-17 17:55:15,572:INFO:Epoch 19, Training loss 109574.158203125, Validation loss 109282.7421875
2021-11-17 17:55:18,851:INFO:Epoch 20, Training loss 109299.84765625, Validation loss 109438.94140625
2021-11-17 17:55:22,194:INFO:Epoch 21, Training loss 109443.51953125, Validation loss 109445.814453125
2021-11-17 17:55:25,473:INFO:Epoch 22, Training loss 109337.7421875, Validation loss 109246.748046875
2021-11-17 17:55:28,796:INFO:Epoch 23, Training loss 109156.732421875, Validation loss 109129.8984375
2021-11-17 17:55:32,077:INFO:Epoch 24, Training loss 109083.328125, Validation loss 109107.640625
2021-11-17 17:55:35,418:INFO:Epoch 25, Training loss 109065.458984375, Validation loss 109092.046875
2021-11-17 17:55:38,707:INFO:Epoch 26, Training loss 109037.294921875, Validation loss 109058.291015625
2021-11-17 17:55:42,031:INFO:Epoch 27, Training loss 108999.201171875, Validation loss 109025.0859375
2021-11-17 17:55:45,330:INFO:Epoch 28, Training loss 108966.943359375, Validation loss 109003.806640625
2021-11-17 17:55:48,661:INFO:Epoch 29, Training loss 108946.513671875, Validation loss 108984.72265625
2021-11-17 17:55:51,964:INFO:Epoch 30, Training loss 108924.6171875, Validation loss 108963.537109375
2021-11-17 17:55:55,263:INFO:Epoch 31, Training loss 108903.830078125, Validation loss 108947.61328125
2021-11-17 17:55:58,566:INFO:Epoch 32, Training loss 108889.1640625, Validation loss 108936.40234375
2021-11-17 17:56:01,890:INFO:Epoch 33, Training loss 108878.470703125, Validation loss 108924.64453125
2021-11-17 17:56:05,224:INFO:Epoch 34, Training loss 108868.783203125, Validation loss 108913.44140625
2021-11-17 17:56:08,505:INFO:Epoch 35, Training loss 108860.87109375, Validation loss 108906.923828125
2021-11-17 17:56:11,827:INFO:Epoch 36, Training loss 108856.3203125, Validation loss 108901.810546875
2021-11-17 17:56:15,148:INFO:Epoch 37, Training loss 108853.16015625, Validation loss 108899.2734375
2021-11-17 17:56:18,473:INFO:Epoch 38, Training loss 108851.359375, Validation loss 108895.46484375
2021-11-17 17:56:21,756:INFO:Epoch 39, Training loss 108848.1875, Validation loss 108895.87109375
2021-11-17 17:56:25,078:INFO:Epoch 40, Training loss 108846.578125, Validation loss 108892.73828125
2021-11-17 17:56:28,354:INFO:Epoch 41, Training loss 108845.865234375, Validation loss 108890.77734375
2021-11-17 17:56:31,699:INFO:Epoch 42, Training loss 108844.333984375, Validation loss 108889.50390625
2021-11-17 17:56:34,981:INFO:Epoch 43, Training loss 108844.29296875, Validation loss 108889.46875
2021-11-17 17:56:38,319:INFO:Epoch 44, Training loss 108843.1171875, Validation loss 108889.345703125
2021-11-17 17:56:41,619:INFO:Epoch 45, Training loss 108843.44921875, Validation loss 108888.763671875
2021-11-17 17:56:44,972:INFO:Epoch 46, Training loss 108843.060546875, Validation loss 108887.52734375
2021-11-17 17:56:48,278:INFO:Epoch 47, Training loss 108842.87890625, Validation loss 108888.228515625
2021-11-17 17:56:51,635:INFO:Epoch 48, Training loss 108841.966796875, Validation loss 108889.3359375
2021-11-17 17:56:55,031:INFO:Epoch 49, Training loss 108842.865234375, Validation loss 108887.21484375
2021-11-17 17:56:58,470:INFO:Epoch 50, Training loss 108841.833984375, Validation loss 108888.296875
2021-11-17 17:57:01,869:INFO:Epoch 51, Training loss 108840.9453125, Validation loss 108887.990234375
2021-11-17 17:57:05,287:INFO:Epoch 52, Training loss 108841.34765625, Validation loss 108888.052734375
2021-11-17 17:57:08,728:INFO:Epoch 53, Training loss 108841.34375, Validation loss 108885.876953125
2021-11-17 17:57:12,164:INFO:Epoch 54, Training loss 108842.203125, Validation loss 108887.2578125
2021-11-17 17:57:15,575:INFO:Epoch 55, Training loss 108840.435546875, Validation loss 108887.30859375
2021-11-17 17:57:18,965:INFO:Epoch 56, Training loss 108839.935546875, Validation loss 108886.783203125
2021-11-17 17:57:22,383:INFO:Epoch 57, Training loss 108840.14453125, Validation loss 108888.15234375
2021-11-17 17:57:25,798:INFO:Epoch 58, Training loss 108839.36328125, Validation loss 108886.3125
2021-11-17 17:57:29,212:INFO:Epoch 59, Training loss 108839.021484375, Validation loss 108885.408203125
2021-11-17 17:57:32,591:INFO:Epoch 60, Training loss 108838.93359375, Validation loss 108886.0546875
2021-11-17 17:57:36,022:INFO:Epoch 61, Training loss 108838.474609375, Validation loss 108887.935546875
2021-11-17 17:57:39,416:INFO:Epoch 62, Training loss 108838.888671875, Validation loss 108886.42578125
2021-11-17 17:57:42,867:INFO:Epoch 63, Training loss 108838.26171875, Validation loss 108885.21875
2021-11-17 17:57:46,239:INFO:Epoch 64, Training loss 108838.486328125, Validation loss 108885.470703125
2021-11-17 17:57:49,674:INFO:Epoch 65, Training loss 108839.544921875, Validation loss 108889.283203125
2021-11-17 17:57:53,057:INFO:Epoch 66, Training loss 108838.2421875, Validation loss 108886.365234375
2021-11-17 17:57:56,513:INFO:Epoch 67, Training loss 108837.31640625, Validation loss 108884.53125
2021-11-17 17:57:59,904:INFO:Epoch 68, Training loss 108838.232421875, Validation loss 108885.72265625
2021-11-17 17:58:03,317:INFO:Epoch 69, Training loss 108837.373046875, Validation loss 108886.162109375
2021-11-17 17:58:06,724:INFO:Epoch 70, Training loss 108837.5, Validation loss 108886.548828125
2021-11-17 17:58:10,169:INFO:Epoch 71, Training loss 108836.68359375, Validation loss 108885.14453125
2021-11-17 17:58:13,574:INFO:Epoch 72, Training loss 108836.880859375, Validation loss 108885.150390625
2021-11-17 17:58:16,982:INFO:Epoch 73, Training loss 108837.0546875, Validation loss 108885.6953125
2021-11-17 17:58:20,397:INFO:Epoch 74, Training loss 108837.060546875, Validation loss 108885.376953125
2021-11-17 17:58:23,827:INFO:Epoch 75, Training loss 108836.498046875, Validation loss 108885.5625
2021-11-17 17:58:27,239:INFO:Epoch 76, Training loss 108836.634765625, Validation loss 108886.296875
2021-11-17 17:58:30,625:INFO:Epoch 77, Training loss 108836.3125, Validation loss 108884.916015625
2021-11-17 17:58:34,053:INFO:Epoch 78, Training loss 108836.81640625, Validation loss 108885.076171875
2021-11-17 17:58:37,476:INFO:Epoch 79, Training loss 108835.55859375, Validation loss 108884.826171875
2021-11-17 17:58:40,922:INFO:Epoch 80, Training loss 108836.12890625, Validation loss 108885.369140625
2021-11-17 17:58:44,301:INFO:Epoch 81, Training loss 108835.46875, Validation loss 108886.7265625
2021-11-17 17:58:47,738:INFO:Epoch 82, Training loss 108836.72265625, Validation loss 108885.419921875
2021-11-17 17:58:51,124:INFO:Epoch 83, Training loss 108834.9921875, Validation loss 108884.380859375
2021-11-17 17:58:54,578:INFO:Epoch 84, Training loss 108836.46484375, Validation loss 108884.8203125
2021-11-17 17:58:57,959:INFO:Epoch 85, Training loss 108836.083984375, Validation loss 108886.890625
2021-11-17 17:59:01,399:INFO:Epoch 86, Training loss 108835.34375, Validation loss 108886.16015625
2021-11-17 17:59:04,790:INFO:Epoch 87, Training loss 108834.6015625, Validation loss 108884.40234375
2021-11-17 17:59:08,246:INFO:Epoch 88, Training loss 108835.2734375, Validation loss 108884.578125
2021-11-17 17:59:11,641:INFO:Epoch 89, Training loss 108834.51171875, Validation loss 108885.083984375
2021-11-17 17:59:15,056:INFO:Epoch 90, Training loss 108835.099609375, Validation loss 108884.703125
2021-11-17 17:59:18,470:INFO:Epoch 91, Training loss 108835.26953125, Validation loss 108884.80859375
2021-11-17 17:59:21,927:INFO:Epoch 92, Training loss 108834.5859375, Validation loss 108886.91796875
2021-11-17 17:59:25,351:INFO:Epoch 93, Training loss 108835.650390625, Validation loss 108884.3671875
2021-11-17 17:59:28,759:INFO:Epoch 94, Training loss 108833.95703125, Validation loss 108885.404296875
2021-11-17 17:59:32,170:INFO:Epoch 95, Training loss 108834.087890625, Validation loss 108884.79296875
2021-11-17 17:59:35,602:INFO:Epoch 96, Training loss 108834.083984375, Validation loss 108884.9375
2021-11-17 17:59:39,038:INFO:Epoch 97, Training loss 108834.2734375, Validation loss 108883.9921875
2021-11-17 17:59:42,444:INFO:Epoch 98, Training loss 108834.541015625, Validation loss 108883.6640625
2021-11-17 17:59:45,875:INFO:Epoch 99, Training loss 108833.39453125, Validation loss 108884.982421875
2021-11-17 17:59:49,303:INFO:Epoch 100, Training loss 108833.732421875, Validation loss 108885.583984375
2021-11-17 17:59:52,733:INFO:Epoch 101, Training loss 108833.6328125, Validation loss 108884.71875
2021-11-17 17:59:56,115:INFO:Epoch 102, Training loss 108834.642578125, Validation loss 108885.443359375
2021-11-17 17:59:59,547:INFO:Epoch 103, Training loss 108833.61328125, Validation loss 108883.658203125
2021-11-17 18:00:02,932:INFO:Epoch 104, Training loss 108834.271484375, Validation loss 108884.353515625
2021-11-17 18:00:06,403:INFO:Epoch 105, Training loss 108834.216796875, Validation loss 108885.880859375
2021-11-17 18:00:09,798:INFO:Epoch 106, Training loss 108836.365234375, Validation loss 108885.041015625
2021-11-17 18:00:13,227:INFO:Epoch 107, Training loss 108835.107421875, Validation loss 108886.4375
2021-11-17 18:00:16,629:INFO:Epoch 108, Training loss 108834.541015625, Validation loss 108885.666015625
2021-11-17 18:00:20,097:INFO:Epoch 109, Training loss 108834.435546875, Validation loss 108885.767578125
2021-11-17 18:00:23,506:INFO:Epoch 110, Training loss 108833.16015625, Validation loss 108884.0234375
2021-11-17 18:00:26,928:INFO:Epoch 111, Training loss 108832.953125, Validation loss 108884.541015625
2021-11-17 18:00:30,345:INFO:Epoch 112, Training loss 108832.94921875, Validation loss 108883.62109375
2021-11-17 18:00:33,799:INFO:Epoch 113, Training loss 108833.1875, Validation loss 108885.375
2021-11-17 18:00:37,209:INFO:Epoch 114, Training loss 108832.59765625, Validation loss 108884.31640625
2021-11-17 18:00:40,642:INFO:Epoch 115, Training loss 108832.5625, Validation loss 108884.447265625
2021-11-17 18:00:44,070:INFO:Epoch 116, Training loss 108832.85546875, Validation loss 108884.6640625
2021-11-17 18:00:47,518:INFO:Epoch 117, Training loss 108832.267578125, Validation loss 108883.66015625
2021-11-17 18:00:50,941:INFO:Epoch 118, Training loss 108833.322265625, Validation loss 108883.326171875
2021-11-17 18:00:54,337:INFO:Epoch 119, Training loss 108832.76953125, Validation loss 108886.77734375
2021-11-17 18:00:57,773:INFO:Epoch 120, Training loss 108832.58203125, Validation loss 108884.40625
2021-11-17 18:01:01,206:INFO:Epoch 121, Training loss 108832.908203125, Validation loss 108882.984375
2021-11-17 18:01:04,631:INFO:Epoch 122, Training loss 108832.654296875, Validation loss 108884.80859375
2021-11-17 18:01:08,017:INFO:Epoch 123, Training loss 108832.517578125, Validation loss 108886.6875
2021-11-17 18:01:11,455:INFO:Epoch 124, Training loss 108832.341796875, Validation loss 108882.810546875
2021-11-17 18:01:14,848:INFO:Epoch 125, Training loss 108832.939453125, Validation loss 108883.25
2021-11-17 18:01:18,325:INFO:Epoch 126, Training loss 108832.30078125, Validation loss 108886.125
2021-11-17 18:01:21,713:INFO:Epoch 127, Training loss 108832.912109375, Validation loss 108884.80859375
2021-11-17 18:01:25,119:INFO:Epoch 128, Training loss 108832.791015625, Validation loss 108883.412109375
2021-11-17 18:01:28,496:INFO:Epoch 129, Training loss 108831.990234375, Validation loss 108884.12109375
2021-11-17 18:01:31,928:INFO:Epoch 130, Training loss 108832.04296875, Validation loss 108885.201171875
2021-11-17 18:01:35,318:INFO:Epoch 131, Training loss 108831.921875, Validation loss 108883.69921875
2021-11-17 18:01:38,734:INFO:Epoch 132, Training loss 108831.158203125, Validation loss 108884.029296875
2021-11-17 18:01:42,126:INFO:Epoch 133, Training loss 108831.212890625, Validation loss 108885.04296875
2021-11-17 18:01:45,561:INFO:Epoch 134, Training loss 108831.08203125, Validation loss 108884.76171875
2021-11-17 18:01:48,960:INFO:Epoch 135, Training loss 108831.71875, Validation loss 108883.5390625
2021-11-17 18:01:52,349:INFO:Epoch 136, Training loss 108832.095703125, Validation loss 108883.279296875
2021-11-17 18:01:55,742:INFO:Epoch 137, Training loss 108830.970703125, Validation loss 108884.56640625
2021-11-17 18:01:59,159:INFO:Epoch 138, Training loss 108830.490234375, Validation loss 108885.58203125
2021-11-17 18:02:02,571:INFO:Epoch 139, Training loss 108830.39453125, Validation loss 108883.939453125
2021-11-17 18:02:05,955:INFO:Epoch 140, Training loss 108832.60546875, Validation loss 108883.0625
2021-11-17 18:02:09,388:INFO:Epoch 141, Training loss 108830.67578125, Validation loss 108885.55859375
2021-11-17 18:02:12,798:INFO:Epoch 142, Training loss 108830.859375, Validation loss 108884.849609375
2021-11-17 18:02:16,204:INFO:Epoch 143, Training loss 108830.748046875, Validation loss 108884.875
2021-11-17 18:02:19,553:INFO:Epoch 144, Training loss 108830.74609375, Validation loss 108883.98046875
2021-11-17 18:02:19,560:INFO:Finished training, producing training report at /data/theorie/jthoeve/ML4EFT_higgs/models/17_11/model_final_lin_cHW/mc_run_29/plots/training_report/
2021-11-17 18:02:19,840:WARNING:findfont: Font family ['sans-serif'] not found. Falling back to DejaVu Sans.
