2022-03-03 14:19:25,624:INFO:All directories created, ready to load the data
2022-03-03 14:19:25,693:INFO:Dataset loaded from /data/theorie/jthoeve/training_data/zh/features_mzh_y_ptz_v2/lin/cHq3/events_22.pkl.gz
2022-03-03 14:19:25,743:INFO:Dataset loaded from /data/theorie/jthoeve/training_data/zh/features_mzh_y_ptz_v2/sm/events_22.pkl.gz
2022-03-03 14:19:28,008:INFO:Epoch 1, Training loss 81090.0859375, Validation loss 77991.7041015625
2022-03-03 14:19:30,315:INFO:Epoch 2, Training loss 76722.5224609375, Validation loss 75173.888671875
2022-03-03 14:19:32,558:INFO:Epoch 3, Training loss 74638.1962890625, Validation loss 74044.9853515625
2022-03-03 14:19:34,807:INFO:Epoch 4, Training loss 73925.6376953125, Validation loss 73849.0107421875
2022-03-03 14:19:37,052:INFO:Epoch 5, Training loss 73900.677734375, Validation loss 73943.9599609375
2022-03-03 14:19:39,352:INFO:Epoch 6, Training loss 73945.75390625, Validation loss 73901.064453125
2022-03-03 14:19:41,601:INFO:Epoch 7, Training loss 73865.0234375, Validation loss 73808.6591796875
2022-03-03 14:19:43,837:INFO:Epoch 8, Training loss 73796.134765625, Validation loss 73782.0966796875
2022-03-03 14:19:46,098:INFO:Epoch 9, Training loss 73787.7138671875, Validation loss 73793.8828125
2022-03-03 14:19:48,371:INFO:Epoch 10, Training loss 73794.37890625, Validation loss 73791.80859375
2022-03-03 14:19:50,636:INFO:Epoch 11, Training loss 73785.380859375, Validation loss 73782.337890625
2022-03-03 14:19:52,864:INFO:Epoch 12, Training loss 73777.26953125, Validation loss 73782.013671875
2022-03-03 14:19:55,128:INFO:Epoch 13, Training loss 73776.359375, Validation loss 73785.228515625
2022-03-03 14:19:57,410:INFO:Epoch 14, Training loss 73775.9169921875, Validation loss 73786.953125
2022-03-03 14:19:59,682:INFO:Epoch 15, Training loss 73774.5224609375, Validation loss 73789.662109375
2022-03-03 14:20:01,909:INFO:Epoch 16, Training loss 73773.873046875, Validation loss 73789.5302734375
2022-03-03 14:20:04,277:INFO:Epoch 17, Training loss 73772.724609375, Validation loss 73786.3515625
2022-03-03 14:20:06,509:INFO:Epoch 18, Training loss 73771.6376953125, Validation loss 73785.07421875
2022-03-03 14:20:08,821:INFO:Epoch 19, Training loss 73771.361328125, Validation loss 73785.1552734375
2022-03-03 14:20:11,048:INFO:Epoch 20, Training loss 73771.013671875, Validation loss 73785.3173828125
2022-03-03 14:20:13,312:INFO:Epoch 21, Training loss 73770.8173828125, Validation loss 73786.3984375
2022-03-03 14:20:15,544:INFO:Epoch 22, Training loss 73770.408203125, Validation loss 73786.8544921875
2022-03-03 14:20:17,853:INFO:Epoch 23, Training loss 73770.1318359375, Validation loss 73786.9853515625
2022-03-03 14:20:20,093:INFO:Epoch 24, Training loss 73769.697265625, Validation loss 73788.02734375
2022-03-03 14:20:22,345:INFO:Epoch 25, Training loss 73769.5341796875, Validation loss 73788.4853515625
2022-03-03 14:20:24,597:INFO:Epoch 26, Training loss 73769.3271484375, Validation loss 73787.830078125
2022-03-03 14:20:26,893:INFO:Epoch 27, Training loss 73768.9296875, Validation loss 73787.4609375
2022-03-03 14:20:29,151:INFO:Epoch 28, Training loss 73768.654296875, Validation loss 73787.837890625
2022-03-03 14:20:31,393:INFO:Epoch 29, Training loss 73768.2998046875, Validation loss 73788.201171875
2022-03-03 14:20:33,648:INFO:Epoch 30, Training loss 73768.0341796875, Validation loss 73787.91796875
2022-03-03 14:20:35,931:INFO:Epoch 31, Training loss 73767.83984375, Validation loss 73788.2294921875
2022-03-03 14:20:38,197:INFO:Epoch 32, Training loss 73767.4619140625, Validation loss 73788.75
2022-03-03 14:20:40,430:INFO:Epoch 33, Training loss 73767.234375, Validation loss 73788.841796875
2022-03-03 14:20:42,704:INFO:Epoch 34, Training loss 73767.0595703125, Validation loss 73789.162109375
2022-03-03 14:20:44,978:INFO:Epoch 35, Training loss 73766.79296875, Validation loss 73788.17578125
2022-03-03 14:20:47,253:INFO:Epoch 36, Training loss 73766.7080078125, Validation loss 73788.3984375
2022-03-03 14:20:49,473:INFO:Epoch 37, Training loss 73766.44921875, Validation loss 73788.828125
2022-03-03 14:20:51,745:INFO:Epoch 38, Training loss 73766.2216796875, Validation loss 73788.609375
2022-03-03 14:20:53,968:INFO:Epoch 39, Training loss 73766.3095703125, Validation loss 73788.4990234375
2022-03-03 14:20:56,288:INFO:Epoch 40, Training loss 73765.89453125, Validation loss 73789.966796875
2022-03-03 14:20:58,522:INFO:Epoch 41, Training loss 73765.7099609375, Validation loss 73789.6962890625
2022-03-03 14:21:00,796:INFO:Epoch 42, Training loss 73765.7041015625, Validation loss 73788.8134765625
2022-03-03 14:21:03,032:INFO:Epoch 43, Training loss 73765.7041015625, Validation loss 73789.1044921875
2022-03-03 14:21:05,336:INFO:Epoch 44, Training loss 73765.185546875, Validation loss 73789.927734375
2022-03-03 14:21:07,590:INFO:Epoch 45, Training loss 73765.2431640625, Validation loss 73789.234375
2022-03-03 14:21:09,840:INFO:Epoch 46, Training loss 73765.1962890625, Validation loss 73789.392578125
2022-03-03 14:21:12,084:INFO:Epoch 47, Training loss 73764.828125, Validation loss 73788.7294921875
2022-03-03 14:21:14,380:INFO:Epoch 48, Training loss 73764.65234375, Validation loss 73789.375
2022-03-03 14:21:16,637:INFO:Epoch 49, Training loss 73764.48828125, Validation loss 73788.4755859375
2022-03-03 14:21:18,878:INFO:Epoch 50, Training loss 73764.1689453125, Validation loss 73789.4189453125
2022-03-03 14:21:21,132:INFO:Epoch 51, Training loss 73764.208984375, Validation loss 73790.255859375
2022-03-03 14:21:23,423:INFO:Epoch 52, Training loss 73763.900390625, Validation loss 73788.9306640625
2022-03-03 14:21:25,689:INFO:Epoch 53, Training loss 73763.630859375, Validation loss 73788.5244140625
2022-03-03 14:21:27,922:INFO:Epoch 54, Training loss 73763.5537109375, Validation loss 73789.056640625
2022-03-03 14:21:30,189:INFO:Epoch 55, Training loss 73763.365234375, Validation loss 73788.572265625
2022-03-03 14:21:32,459:INFO:Epoch 56, Training loss 73763.16796875, Validation loss 73789.115234375
2022-03-03 14:21:34,724:INFO:Epoch 57, Training loss 73762.9228515625, Validation loss 73789.5703125
2022-03-03 14:21:36,950:INFO:Epoch 58, Training loss 73762.7138671875, Validation loss 73790.2275390625
2022-03-03 14:21:39,237:INFO:Epoch 59, Training loss 73762.8818359375, Validation loss 73789.0146484375
2022-03-03 14:21:41,465:INFO:Epoch 60, Training loss 73762.3095703125, Validation loss 73789.4921875
2022-03-03 14:21:43,782:INFO:Epoch 61, Training loss 73762.2080078125, Validation loss 73789.7412109375
2022-03-03 14:21:46,008:INFO:Epoch 62, Training loss 73761.96484375, Validation loss 73789.55078125
2022-03-03 14:21:46,016:INFO:Finished training
