7.788146777343750000e+04
7.493265917968750000e+04
7.393546386718750000e+04
7.387233691406250000e+04
7.398366992187500000e+04
7.394543066406250000e+04
7.385416894531250000e+04
7.380921972656250000e+04
7.380639843750000000e+04
7.381243847656250000e+04
7.381020703125000000e+04
7.380409472656250000e+04
7.380081542968750000e+04
7.380024609375000000e+04
7.379995996093750000e+04
7.379882519531250000e+04
7.379789160156250000e+04
7.379768457031250000e+04
7.379712597656250000e+04
7.379678222656250000e+04
7.379632421875000000e+04
7.379589160156250000e+04
7.379560644531250000e+04
7.379530468750000000e+04
7.379508984375000000e+04
7.379481835937500000e+04
7.379464160156250000e+04
7.379430859375000000e+04
7.379414257812500000e+04
7.379386425781250000e+04
7.379365722656250000e+04
7.379341894531250000e+04
7.379316210937500000e+04
7.379322656250000000e+04
7.379283007812500000e+04
7.379270605468750000e+04
7.379249023437500000e+04
7.379230273437500000e+04
7.379199121093750000e+04
7.379181152343750000e+04
7.379145507812500000e+04
7.379114648437500000e+04
7.379081054687500000e+04
7.379053222656250000e+04
7.379032031250000000e+04
7.378987890625000000e+04
7.378975195312500000e+04
7.378939355468750000e+04
7.378908203125000000e+04
7.378874121093750000e+04
7.378854101562500000e+04
7.378814453125000000e+04
7.378795410156250000e+04
7.378767187500000000e+04
7.378790332031250000e+04
7.378714746093750000e+04
7.378714453125000000e+04
7.378689160156250000e+04
7.378647949218750000e+04
7.378632031250000000e+04
7.378591601562500000e+04
7.378593066406250000e+04
7.378584960937500000e+04
7.378547460937500000e+04
7.378477636718750000e+04
7.378466503906250000e+04
7.378417968750000000e+04
7.378410839843750000e+04
7.378403222656250000e+04
7.378366503906250000e+04
7.378319921875000000e+04
7.378316894531250000e+04
7.378297558593750000e+04
7.378278027343750000e+04
7.378241503906250000e+04
7.378212988281250000e+04
7.378175292968750000e+04
