2.038762929687500000e+05
1.788809843750000000e+05
1.580981601562500000e+05
1.444600585937500000e+05
1.339687324218750000e+05
1.255295507812500000e+05
1.189793085937500000e+05
1.141453417968750000e+05
1.111987265625000000e+05
1.099275585937500000e+05
1.097537871093750000e+05
1.098731210937500000e+05
1.098399355468750000e+05
1.096743378906250000e+05
1.095132207031250000e+05
1.094196894531250000e+05
1.093721093750000000e+05
1.093381894531250000e+05
1.093025273437500000e+05
1.092620390625000000e+05
1.092264238281250000e+05
1.091959355468750000e+05
1.091675625000000000e+05
1.091389199218750000e+05
1.091124335937500000e+05
1.090855292968750000e+05
1.090589550781250000e+05
1.090316914062500000e+05
1.090046035156250000e+05
1.089762597656250000e+05
1.089482363281250000e+05
1.089188281250000000e+05
1.088885878906250000e+05
1.088574726562500000e+05
1.088239785156250000e+05
1.087887558593750000e+05
1.087510351562500000e+05
1.087116582031250000e+05
1.086705878906250000e+05
1.086322773437500000e+05
1.085957773437500000e+05
1.085670136718750000e+05
1.085438320312500000e+05
1.085315371093750000e+05
1.085230937500000000e+05
1.085169160156250000e+05
1.085132812500000000e+05
1.085098437500000000e+05
1.085074277343750000e+05
1.085047167968750000e+05
1.085016816406250000e+05
1.084989648437500000e+05
1.084971503906250000e+05
1.084952187500000000e+05
1.084932773437500000e+05
1.084911289062500000e+05
1.084898886718750000e+05
1.084884902343750000e+05
1.084867832031250000e+05
1.084852324218750000e+05
1.084846093750000000e+05
1.084831406250000000e+05
1.084823457031250000e+05
1.084810039062500000e+05
1.084801367187500000e+05
1.084790781250000000e+05
1.084784023437500000e+05
1.084773125000000000e+05
1.084767011718750000e+05
1.084762246093750000e+05
1.084751523437500000e+05
1.084737070312500000e+05
1.084729296875000000e+05
1.084720644531250000e+05
1.084703964843750000e+05
1.084705644531250000e+05
1.084692265625000000e+05
1.084687734375000000e+05
1.084684511718750000e+05
1.084671093750000000e+05
1.084668515625000000e+05
1.084665644531250000e+05
1.084651269531250000e+05
1.084645332031250000e+05
1.084640839843750000e+05
1.084639140625000000e+05
1.084636992187500000e+05
1.084620195312500000e+05
1.084614277343750000e+05
1.084612812500000000e+05
1.084602558593750000e+05
1.084599414062500000e+05
1.084596582031250000e+05
1.084589804687500000e+05
1.084581503906250000e+05
1.084589121093750000e+05
1.084576425781250000e+05
1.084583515625000000e+05
1.084579199218750000e+05
1.084569765625000000e+05
1.084554238281250000e+05
1.084554746093750000e+05
1.084543164062500000e+05
1.084552011718750000e+05
1.084553339843750000e+05
1.084546953125000000e+05
1.084530957031250000e+05
1.084534628906250000e+05
1.084518476562500000e+05
1.084521523437500000e+05
1.084517753906250000e+05
1.084512734375000000e+05
1.084511210937500000e+05
1.084504277343750000e+05
1.084498066406250000e+05
1.084495878906250000e+05
1.084503476562500000e+05
1.084493632812500000e+05
1.084494277343750000e+05
1.084479628906250000e+05
1.084483183593750000e+05
1.084478398437500000e+05
1.084475488281250000e+05
1.084467382812500000e+05
1.084463828125000000e+05
1.084458886718750000e+05
1.084461718750000000e+05
1.084463925781250000e+05
1.084455703125000000e+05
1.084445898437500000e+05
1.084435136718750000e+05
1.084451406250000000e+05
1.084433105468750000e+05
1.084441855468750000e+05
1.084436621093750000e+05
1.084434335937500000e+05
1.084419375000000000e+05
1.084416855468750000e+05
1.084417226562500000e+05
1.084423105468750000e+05
1.084423164062500000e+05
1.084419375000000000e+05
1.084401093750000000e+05
1.084409863281250000e+05
1.084404121093750000e+05
1.084432597656250000e+05
1.084395000000000000e+05
1.084399375000000000e+05
1.084411386718750000e+05
1.084388320312500000e+05
1.084383554687500000e+05
1.084379765625000000e+05
1.084375332031250000e+05
1.084384746093750000e+05
1.084382695312500000e+05
1.084375839843750000e+05
1.084376328125000000e+05
1.084379101562500000e+05
1.084368085937500000e+05
1.084360957031250000e+05
1.084355976562500000e+05
1.084357929687500000e+05
1.084348671875000000e+05
1.084352753906250000e+05
1.084348105468750000e+05
1.084342285156250000e+05
1.084345820312500000e+05
1.084342187500000000e+05
1.084345312500000000e+05
1.084369414062500000e+05
1.084338320312500000e+05
1.084345546875000000e+05
1.084330312500000000e+05
1.084354394531250000e+05
1.084322871093750000e+05
1.084331015625000000e+05
1.084324101562500000e+05
1.084327832031250000e+05
1.084320292968750000e+05
1.084320019531250000e+05
1.084314628906250000e+05
1.084314785156250000e+05
1.084317714843750000e+05
1.084305332031250000e+05
1.084307265625000000e+05
1.084314296875000000e+05
1.084311464843750000e+05
1.084325351562500000e+05
1.084286816406250000e+05
1.084304960937500000e+05
1.084288789062500000e+05
1.084287675781250000e+05
1.084287324218750000e+05
1.084286152343750000e+05
1.084289296875000000e+05
1.084282597656250000e+05
1.084285839843750000e+05
1.084283593750000000e+05
1.084286914062500000e+05
