2022-01-24 14:05:52,719:INFO:All directories created, ready to load the data
2022-01-24 14:05:52,796:INFO:Dataset loaded from /data/theorie/jthoeve/event_generation/events_high_stats/pT/lin/cHW/events_2.npy
2022-01-24 14:05:52,890:INFO:Dataset loaded from /data/theorie/jthoeve/event_generation/events_high_stats/pT/sm/events_2.npy
2022-01-24 14:05:55,352:INFO:Epoch 1, Training loss 132980.287109375, Validation loss 128097.203125
2022-01-24 14:05:57,758:INFO:Epoch 2, Training loss 125689.302734375, Validation loss 122536.755859375
2022-01-24 14:06:00,146:INFO:Epoch 3, Training loss 120807.5546875, Validation loss 118427.732421875
2022-01-24 14:06:02,590:INFO:Epoch 4, Training loss 116947.20703125, Validation loss 114919.91796875
2022-01-24 14:06:05,061:INFO:Epoch 5, Training loss 113770.267578125, Validation loss 112320.255859375
2022-01-24 14:06:07,804:INFO:Epoch 6, Training loss 111531.1015625, Validation loss 110597.27734375
2022-01-24 14:06:10,264:INFO:Epoch 7, Training loss 110118.810546875, Validation loss 109654.66015625
2022-01-24 14:06:12,757:INFO:Epoch 8, Training loss 109442.306640625, Validation loss 109338.626953125
2022-01-24 14:06:15,234:INFO:Epoch 9, Training loss 109277.376953125, Validation loss 109342.07421875
2022-01-24 14:06:17,682:INFO:Epoch 10, Training loss 109302.455078125, Validation loss 109365.376953125
2022-01-24 14:06:20,175:INFO:Epoch 11, Training loss 109294.69140625, Validation loss 109320.2890625
2022-01-24 14:06:22,669:INFO:Epoch 12, Training loss 109234.712890625, Validation loss 109254.1015625
2022-01-24 14:06:25,154:INFO:Epoch 13, Training loss 109175.65625, Validation loss 109210.451171875
2022-01-24 14:06:27,595:INFO:Epoch 14, Training loss 109141.771484375, Validation loss 109190.08984375
2022-01-24 14:06:30,095:INFO:Epoch 15, Training loss 109122.91015625, Validation loss 109171.14453125
2022-01-24 14:06:32,554:INFO:Epoch 16, Training loss 109099.306640625, Validation loss 109146.158203125
2022-01-24 14:06:35,069:INFO:Epoch 17, Training loss 109073.01171875, Validation loss 109122.568359375
2022-01-24 14:06:37,515:INFO:Epoch 18, Training loss 109050.037109375, Validation loss 109102.599609375
2022-01-24 14:06:39,994:INFO:Epoch 19, Training loss 109028.427734375, Validation loss 109081.541015625
2022-01-24 14:06:42,446:INFO:Epoch 20, Training loss 109005.306640625, Validation loss 109058.70703125
2022-01-24 14:06:44,954:INFO:Epoch 21, Training loss 108980.96484375, Validation loss 109035.787109375
2022-01-24 14:06:47,440:INFO:Epoch 22, Training loss 108957.125, Validation loss 109012.3828125
2022-01-24 14:06:49,909:INFO:Epoch 23, Training loss 108931.322265625, Validation loss 108987.56640625
2022-01-24 14:06:52,382:INFO:Epoch 24, Training loss 108905.10546875, Validation loss 108961.193359375
2022-01-24 14:06:54,894:INFO:Epoch 25, Training loss 108877.228515625, Validation loss 108932.8828125
2022-01-24 14:06:57,375:INFO:Epoch 26, Training loss 108848.119140625, Validation loss 108903.470703125
2022-01-24 14:06:59,838:INFO:Epoch 27, Training loss 108817.361328125, Validation loss 108872.46484375
2022-01-24 14:07:02,320:INFO:Epoch 28, Training loss 108786.07421875, Validation loss 108839.90625
2022-01-24 14:07:04,809:INFO:Epoch 29, Training loss 108753.125, Validation loss 108805.529296875
2022-01-24 14:07:07,283:INFO:Epoch 30, Training loss 108718.408203125, Validation loss 108770.6015625
2022-01-24 14:07:09,733:INFO:Epoch 31, Training loss 108683.3359375, Validation loss 108736.267578125
2022-01-24 14:07:12,225:INFO:Epoch 32, Training loss 108649.66796875, Validation loss 108703.4453125
2022-01-24 14:07:14,706:INFO:Epoch 33, Training loss 108617.458984375, Validation loss 108673.62109375
2022-01-24 14:07:17,189:INFO:Epoch 34, Training loss 108589.359375, Validation loss 108647.216796875
2022-01-24 14:07:19,631:INFO:Epoch 35, Training loss 108563.28125, Validation loss 108625.791015625
2022-01-24 14:07:22,121:INFO:Epoch 36, Training loss 108541.828125, Validation loss 108607.544921875
2022-01-24 14:07:24,569:INFO:Epoch 37, Training loss 108524.1328125, Validation loss 108592.375
2022-01-24 14:07:27,086:INFO:Epoch 38, Training loss 108507.66796875, Validation loss 108580.43359375
2022-01-24 14:07:29,546:INFO:Epoch 39, Training loss 108496.486328125, Validation loss 108572.666015625
2022-01-24 14:07:32,034:INFO:Epoch 40, Training loss 108487.353515625, Validation loss 108566.642578125
2022-01-24 14:07:34,503:INFO:Epoch 41, Training loss 108479.61328125, Validation loss 108560.474609375
2022-01-24 14:07:37,018:INFO:Epoch 42, Training loss 108474.337890625, Validation loss 108557.63671875
2022-01-24 14:07:39,480:INFO:Epoch 43, Training loss 108469.59375, Validation loss 108555.275390625
2022-01-24 14:07:41,955:INFO:Epoch 44, Training loss 108465.87890625, Validation loss 108553.458984375
2022-01-24 14:07:44,420:INFO:Epoch 45, Training loss 108464.115234375, Validation loss 108551.58984375
2022-01-24 14:07:46,932:INFO:Epoch 46, Training loss 108459.80859375, Validation loss 108549.58203125
2022-01-24 14:07:49,407:INFO:Epoch 47, Training loss 108457.228515625, Validation loss 108548.46484375
2022-01-24 14:07:51,880:INFO:Epoch 48, Training loss 108454.45703125, Validation loss 108546.11328125
2022-01-24 14:07:54,364:INFO:Epoch 49, Training loss 108452.59765625, Validation loss 108545.07421875
2022-01-24 14:07:56,859:INFO:Epoch 50, Training loss 108450.861328125, Validation loss 108545.97265625
2022-01-24 14:07:59,341:INFO:Epoch 51, Training loss 108447.287109375, Validation loss 108543.962890625
2022-01-24 14:08:01,794:INFO:Epoch 52, Training loss 108445.060546875, Validation loss 108542.744140625
2022-01-24 14:08:04,278:INFO:Epoch 53, Training loss 108443.609375, Validation loss 108542.716796875
2022-01-24 14:08:06,759:INFO:Epoch 54, Training loss 108440.9765625, Validation loss 108541.6171875
2022-01-24 14:08:09,247:INFO:Epoch 55, Training loss 108439.23046875, Validation loss 108540.3984375
2022-01-24 14:08:11,689:INFO:Epoch 56, Training loss 108438.884765625, Validation loss 108539.92578125
2022-01-24 14:08:14,170:INFO:Epoch 57, Training loss 108435.853515625, Validation loss 108539.12109375
2022-01-24 14:08:16,626:INFO:Epoch 58, Training loss 108434.404296875, Validation loss 108539.1171875
2022-01-24 14:08:19,178:INFO:Epoch 59, Training loss 108433.947265625, Validation loss 108538.958984375
2022-01-24 14:08:21,623:INFO:Epoch 60, Training loss 108431.98046875, Validation loss 108537.580078125
2022-01-24 14:08:24,110:INFO:Epoch 61, Training loss 108431.08984375, Validation loss 108536.78515625
2022-01-24 14:08:26,576:INFO:Epoch 62, Training loss 108432.08203125, Validation loss 108536.58203125
2022-01-24 14:08:29,099:INFO:Epoch 63, Training loss 108429.818359375, Validation loss 108538.494140625
2022-01-24 14:08:31,567:INFO:Epoch 64, Training loss 108428.46484375, Validation loss 108537.951171875
2022-01-24 14:08:34,046:INFO:Epoch 65, Training loss 108427.748046875, Validation loss 108537.984375
2022-01-24 14:08:36,510:INFO:Epoch 66, Training loss 108427.35546875, Validation loss 108537.142578125
2022-01-24 14:08:39,008:INFO:Epoch 67, Training loss 108425.96875, Validation loss 108536.99609375
2022-01-24 14:08:41,476:INFO:Epoch 68, Training loss 108425.57421875, Validation loss 108537.287109375
2022-01-24 14:08:43,948:INFO:Epoch 69, Training loss 108425.01171875, Validation loss 108538.23828125
2022-01-24 14:08:46,440:INFO:Epoch 70, Training loss 108424.333984375, Validation loss 108535.775390625
2022-01-24 14:08:48,950:INFO:Epoch 71, Training loss 108423.1484375, Validation loss 108535.89453125
2022-01-24 14:08:51,448:INFO:Epoch 72, Training loss 108422.4453125, Validation loss 108535.6796875
2022-01-24 14:08:53,909:INFO:Epoch 73, Training loss 108422.38671875, Validation loss 108536.423828125
2022-01-24 14:08:56,413:INFO:Epoch 74, Training loss 108421.671875, Validation loss 108536.40234375
2022-01-24 14:08:58,905:INFO:Epoch 75, Training loss 108421.04296875, Validation loss 108535.140625
2022-01-24 14:09:01,402:INFO:Epoch 76, Training loss 108420.0078125, Validation loss 108534.990234375
2022-01-24 14:09:03,853:INFO:Epoch 77, Training loss 108419.359375, Validation loss 108535.09765625
2022-01-24 14:09:06,346:INFO:Epoch 78, Training loss 108419.10546875, Validation loss 108535.24609375
2022-01-24 14:09:08,796:INFO:Epoch 79, Training loss 108419.486328125, Validation loss 108536.54296875
2022-01-24 14:09:11,320:INFO:Epoch 80, Training loss 108418.8984375, Validation loss 108535.921875
2022-01-24 14:09:13,773:INFO:Epoch 81, Training loss 108418.08984375, Validation loss 108536.10546875
2022-01-24 14:09:16,255:INFO:Epoch 82, Training loss 108416.50390625, Validation loss 108535.75
2022-01-24 14:09:18,730:INFO:Epoch 83, Training loss 108416.462890625, Validation loss 108535.421875
2022-01-24 14:09:21,251:INFO:Epoch 84, Training loss 108415.501953125, Validation loss 108535.62109375
2022-01-24 14:09:23,717:INFO:Epoch 85, Training loss 108415.546875, Validation loss 108535.359375
2022-01-24 14:09:26,207:INFO:Epoch 86, Training loss 108414.947265625, Validation loss 108536.205078125
2022-01-24 14:09:28,692:INFO:Epoch 87, Training loss 108414.876953125, Validation loss 108536.2109375
2022-01-24 14:09:31,211:INFO:Epoch 88, Training loss 108413.861328125, Validation loss 108535.1640625
2022-01-24 14:09:33,708:INFO:Epoch 89, Training loss 108414.154296875, Validation loss 108536.1171875
2022-01-24 14:09:36,191:INFO:Epoch 90, Training loss 108414.087890625, Validation loss 108536.626953125
2022-01-24 14:09:38,684:INFO:Epoch 91, Training loss 108413.779296875, Validation loss 108535.90625
2022-01-24 14:09:41,198:INFO:Epoch 92, Training loss 108413.98046875, Validation loss 108536.25
2022-01-24 14:09:43,697:INFO:Epoch 93, Training loss 108412.97265625, Validation loss 108536.33203125
2022-01-24 14:09:46,171:INFO:Epoch 94, Training loss 108411.806640625, Validation loss 108537.197265625
2022-01-24 14:09:48,678:INFO:Epoch 95, Training loss 108411.904296875, Validation loss 108536.904296875
2022-01-24 14:09:51,184:INFO:Epoch 96, Training loss 108411.740234375, Validation loss 108536.6953125
2022-01-24 14:09:53,701:INFO:Epoch 97, Training loss 108410.734375, Validation loss 108535.955078125
2022-01-24 14:09:56,176:INFO:Epoch 98, Training loss 108411.255859375, Validation loss 108535.662109375
2022-01-24 14:09:58,704:INFO:Epoch 99, Training loss 108411.35546875, Validation loss 108536.1171875
2022-01-24 14:10:01,178:INFO:Epoch 100, Training loss 108410.517578125, Validation loss 108538.875
2022-01-24 14:10:03,725:INFO:Epoch 101, Training loss 108410.8828125, Validation loss 108537.828125
2022-01-24 14:10:06,199:INFO:Epoch 102, Training loss 108410.806640625, Validation loss 108536.376953125
2022-01-24 14:10:08,705:INFO:Epoch 103, Training loss 108410.619140625, Validation loss 108537.181640625
2022-01-24 14:10:11,187:INFO:Epoch 104, Training loss 108410.203125, Validation loss 108537.537109375
2022-01-24 14:10:13,723:INFO:Epoch 105, Training loss 108410.154296875, Validation loss 108537.744140625
2022-01-24 14:10:16,203:INFO:Epoch 106, Training loss 108409.771484375, Validation loss 108537.365234375
2022-01-24 14:10:18,712:INFO:Epoch 107, Training loss 108409.416015625, Validation loss 108537.63671875
2022-01-24 14:10:21,206:INFO:Epoch 108, Training loss 108408.779296875, Validation loss 108537.2578125
2022-01-24 14:10:23,729:INFO:Epoch 109, Training loss 108408.458984375, Validation loss 108537.765625
2022-01-24 14:10:26,228:INFO:Epoch 110, Training loss 108408.15234375, Validation loss 108538.01953125
2022-01-24 14:10:28,718:INFO:Epoch 111, Training loss 108408.8359375, Validation loss 108537.998046875
2022-01-24 14:10:31,222:INFO:Epoch 112, Training loss 108408.021484375, Validation loss 108538.4453125
2022-01-24 14:10:33,816:INFO:Epoch 113, Training loss 108407.408203125, Validation loss 108538.150390625
2022-01-24 14:10:36,323:INFO:Epoch 114, Training loss 108409.005859375, Validation loss 108536.73828125
2022-01-24 14:10:38,796:INFO:Epoch 115, Training loss 108406.681640625, Validation loss 108537.671875
2022-01-24 14:10:41,303:INFO:Epoch 116, Training loss 108407.75, Validation loss 108540.322265625
2022-01-24 14:10:43,810:INFO:Epoch 117, Training loss 108407.6328125, Validation loss 108538.96484375
2022-01-24 14:10:46,313:INFO:Epoch 118, Training loss 108406.71875, Validation loss 108538.525390625
2022-01-24 14:10:48,776:INFO:Epoch 119, Training loss 108406.583984375, Validation loss 108537.7265625
2022-01-24 14:10:51,288:INFO:Epoch 120, Training loss 108405.953125, Validation loss 108537.8515625
2022-01-24 14:10:53,756:INFO:Epoch 121, Training loss 108406.73046875, Validation loss 108539.33984375
2022-01-24 14:10:56,302:INFO:Epoch 122, Training loss 108405.376953125, Validation loss 108539.16015625
2022-01-24 14:10:58,788:INFO:Epoch 123, Training loss 108405.48828125, Validation loss 108540.24609375
2022-01-24 14:11:01,298:INFO:Epoch 124, Training loss 108405.9765625, Validation loss 108539.16796875
2022-01-24 14:11:03,783:INFO:Epoch 125, Training loss 108405.314453125, Validation loss 108539.57421875
2022-01-24 14:11:06,323:INFO:Epoch 126, Training loss 108404.7421875, Validation loss 108539.740234375
2022-01-24 14:11:06,328:INFO:Finished training
