2021-11-24 15:26:08,842:INFO:All directories created, ready to load the data
2021-11-24 15:26:08,876:INFO:Dataset loaded from /data/theorie/jthoeve/event_generation/events_high_stats/quad/cHW/events_12.npy
2021-11-24 15:26:08,879:INFO:Dataset loaded from /data/theorie/jthoeve/event_generation/events_high_stats/sm/events_12.npy
2021-11-24 15:26:12,738:INFO:Epoch 1, Training loss 183743.68359375, Validation loss 183967.87890625
2021-11-24 15:26:16,573:INFO:Epoch 2, Training loss 183743.68359375, Validation loss 183967.87890625
2021-11-24 15:26:20,400:INFO:Epoch 3, Training loss 183743.69140625, Validation loss 183967.87890625
2021-11-24 15:26:24,263:INFO:Epoch 4, Training loss 183743.6875, Validation loss 183967.87890625
2021-11-24 15:26:28,095:INFO:Epoch 5, Training loss 183743.6875, Validation loss 183967.87890625
2021-11-24 15:26:31,904:INFO:Epoch 6, Training loss 183743.6875, Validation loss 183967.87890625
2021-11-24 15:26:35,718:INFO:Epoch 7, Training loss 183743.69140625, Validation loss 183967.87890625
2021-11-24 15:26:39,571:INFO:Epoch 8, Training loss 183743.6875, Validation loss 183967.87890625
2021-11-24 15:26:43,409:INFO:Epoch 9, Training loss 183743.69140625, Validation loss 183967.87890625
2021-11-24 15:26:47,245:INFO:Epoch 10, Training loss 183743.6875, Validation loss 183967.87890625
2021-11-24 15:26:51,075:INFO:Epoch 11, Training loss 183743.6875, Validation loss 183967.87890625
2021-11-24 15:26:54,921:INFO:Epoch 12, Training loss 183743.6875, Validation loss 183967.87890625
2021-11-24 15:26:58,748:INFO:Epoch 13, Training loss 183743.6875, Validation loss 183967.87890625
2021-11-24 15:27:02,555:INFO:Epoch 14, Training loss 183743.6875, Validation loss 183967.87890625
2021-11-24 15:27:06,425:INFO:Epoch 15, Training loss 183743.6875, Validation loss 183967.87890625
2021-11-24 15:27:10,276:INFO:Epoch 16, Training loss 183743.69140625, Validation loss 183967.87890625
2021-11-24 15:27:14,112:INFO:Epoch 17, Training loss 183743.6875, Validation loss 183967.87890625
2021-11-24 15:27:17,909:INFO:Epoch 18, Training loss 183743.69140625, Validation loss 183967.87890625
2021-11-24 15:27:21,748:INFO:Epoch 19, Training loss 183743.6875, Validation loss 183967.87890625
2021-11-24 15:27:25,562:INFO:Epoch 20, Training loss 183743.68359375, Validation loss 183967.87890625
2021-11-24 15:27:25,566:INFO:Detected stagant training, reset the weights
2021-11-24 15:27:29,427:INFO:Epoch 21, Training loss 183659.921875, Validation loss 183252.265625
2021-11-24 15:27:33,268:INFO:Epoch 22, Training loss 180405.95703125, Validation loss 170420.8984375
2021-11-24 15:27:37,120:INFO:Epoch 23, Training loss 156252.552734375, Validation loss 147760.328125
2021-11-24 15:27:40,942:INFO:Epoch 24, Training loss 149688.97265625, Validation loss 151654.134765625
2021-11-24 15:27:44,802:INFO:Epoch 25, Training loss 151077.1015625, Validation loss 149516.095703125
2021-11-24 15:27:48,618:INFO:Epoch 26, Training loss 148024.970703125, Validation loss 146321.783203125
2021-11-24 15:27:52,477:INFO:Epoch 27, Training loss 145731.03125, Validation loss 145754.412109375
2021-11-24 15:27:56,299:INFO:Epoch 28, Training loss 145593.587890625, Validation loss 145499.4453125
2021-11-24 15:28:00,163:INFO:Epoch 29, Training loss 144759.869140625, Validation loss 144379.7265625
2021-11-24 15:28:03,987:INFO:Epoch 30, Training loss 144113.24609375, Validation loss 144222.564453125
2021-11-24 15:28:07,816:INFO:Epoch 31, Training loss 143824.263671875, Validation loss 143904.93359375
2021-11-24 15:28:11,653:INFO:Epoch 32, Training loss 143593.51171875, Validation loss 143796.52734375
2021-11-24 15:28:15,513:INFO:Epoch 33, Training loss 143403.513671875, Validation loss 143713.1171875
2021-11-24 15:28:19,343:INFO:Epoch 34, Training loss 143385.146484375, Validation loss 143725.19140625
2021-11-24 15:28:23,184:INFO:Epoch 35, Training loss 143357.51953125, Validation loss 143726.974609375
2021-11-24 15:28:27,029:INFO:Epoch 36, Training loss 143339.986328125, Validation loss 143687.501953125
2021-11-24 15:28:30,858:INFO:Epoch 37, Training loss 143327.96484375, Validation loss 143670.267578125
2021-11-24 15:28:34,722:INFO:Epoch 38, Training loss 143310.318359375, Validation loss 143669.169921875
2021-11-24 15:28:38,535:INFO:Epoch 39, Training loss 143301.328125, Validation loss 143649.5859375
2021-11-24 15:28:42,368:INFO:Epoch 40, Training loss 143293.236328125, Validation loss 143641.91015625
2021-11-24 15:28:46,169:INFO:Epoch 41, Training loss 143286.65625, Validation loss 143642.482421875
2021-11-24 15:28:50,061:INFO:Epoch 42, Training loss 143283.228515625, Validation loss 143632.408203125
2021-11-24 15:28:54,379:INFO:Epoch 43, Training loss 143277.6953125, Validation loss 143630.5546875
2021-11-24 15:28:58,232:INFO:Epoch 44, Training loss 143273.57421875, Validation loss 143627.037109375
2021-11-24 15:29:02,099:INFO:Epoch 45, Training loss 143271.537109375, Validation loss 143629.201171875
2021-11-24 15:29:05,970:INFO:Epoch 46, Training loss 143271.2734375, Validation loss 143626.669921875
2021-11-24 15:29:09,818:INFO:Epoch 47, Training loss 143270.599609375, Validation loss 143626.0546875
2021-11-24 15:29:13,661:INFO:Epoch 48, Training loss 143267.759765625, Validation loss 143623.890625
2021-11-24 15:29:17,471:INFO:Epoch 49, Training loss 143267.205078125, Validation loss 143627.287109375
2021-11-24 15:29:21,329:INFO:Epoch 50, Training loss 143269.234375, Validation loss 143623.755859375
2021-11-24 15:29:25,197:INFO:Epoch 51, Training loss 143264.8515625, Validation loss 143625.4921875
2021-11-24 15:29:29,026:INFO:Epoch 52, Training loss 143266.552734375, Validation loss 143622.4375
2021-11-24 15:29:32,842:INFO:Epoch 53, Training loss 143264.205078125, Validation loss 143624.708984375
2021-11-24 15:29:36,710:INFO:Epoch 54, Training loss 143263.939453125, Validation loss 143626.0
2021-11-24 15:29:40,574:INFO:Epoch 55, Training loss 143262.712890625, Validation loss 143621.6953125
2021-11-24 15:29:44,387:INFO:Epoch 56, Training loss 143261.76171875, Validation loss 143625.87109375
2021-11-24 15:29:48,234:INFO:Epoch 57, Training loss 143261.453125, Validation loss 143624.59375
2021-11-24 15:29:52,112:INFO:Epoch 58, Training loss 143260.5546875, Validation loss 143622.396484375
2021-11-24 15:29:55,949:INFO:Epoch 59, Training loss 143261.52734375, Validation loss 143623.845703125
2021-11-24 15:29:59,870:INFO:Epoch 60, Training loss 143260.87109375, Validation loss 143625.150390625
2021-11-24 15:30:03,741:INFO:Epoch 61, Training loss 143259.09765625, Validation loss 143623.720703125
2021-11-24 15:30:07,808:INFO:Epoch 62, Training loss 143259.287109375, Validation loss 143623.498046875
2021-11-24 15:30:11,736:INFO:Epoch 63, Training loss 143258.234375, Validation loss 143623.34375
2021-11-24 15:30:15,620:INFO:Epoch 64, Training loss 143259.578125, Validation loss 143628.662109375
2021-11-24 15:30:19,531:INFO:Epoch 65, Training loss 143258.62890625, Validation loss 143622.951171875
2021-11-24 15:30:23,427:INFO:Epoch 66, Training loss 143257.44140625, Validation loss 143625.8203125
2021-11-24 15:30:27,389:INFO:Epoch 67, Training loss 143259.02734375, Validation loss 143621.109375
2021-11-24 15:30:31,247:INFO:Epoch 68, Training loss 143256.427734375, Validation loss 143628.26953125
2021-11-24 15:30:35,270:INFO:Epoch 69, Training loss 143256.07421875, Validation loss 143625.560546875
2021-11-24 15:30:39,108:INFO:Epoch 70, Training loss 143256.53125, Validation loss 143626.716796875
2021-11-24 15:30:43,022:INFO:Epoch 71, Training loss 143256.99609375, Validation loss 143626.1328125
2021-11-24 15:30:46,924:INFO:Epoch 72, Training loss 143256.255859375, Validation loss 143621.875
2021-11-24 15:30:50,816:INFO:Epoch 73, Training loss 143254.7421875, Validation loss 143629.400390625
2021-11-24 15:30:54,667:INFO:Epoch 74, Training loss 143254.7578125, Validation loss 143623.275390625
2021-11-24 15:30:58,523:INFO:Epoch 75, Training loss 143254.490234375, Validation loss 143625.7734375
2021-11-24 15:31:02,369:INFO:Epoch 76, Training loss 143252.228515625, Validation loss 143623.169921875
2021-11-24 15:31:06,187:INFO:Epoch 77, Training loss 143251.072265625, Validation loss 143627.021484375
2021-11-24 15:31:10,040:INFO:Epoch 78, Training loss 143251.56640625, Validation loss 143622.119140625
2021-11-24 15:31:13,913:INFO:Epoch 79, Training loss 143251.07421875, Validation loss 143622.896484375
2021-11-24 15:31:17,755:INFO:Epoch 80, Training loss 143250.787109375, Validation loss 143623.796875
2021-11-24 15:31:21,582:INFO:Epoch 81, Training loss 143250.85546875, Validation loss 143622.384765625
2021-11-24 15:31:25,440:INFO:Epoch 82, Training loss 143249.55078125, Validation loss 143623.01171875
2021-11-24 15:31:29,288:INFO:Epoch 83, Training loss 143249.8125, Validation loss 143623.482421875
2021-11-24 15:31:33,169:INFO:Epoch 84, Training loss 143250.2265625, Validation loss 143621.62890625
2021-11-24 15:31:36,962:INFO:Epoch 85, Training loss 143249.0390625, Validation loss 143624.095703125
2021-11-24 15:31:40,841:INFO:Epoch 86, Training loss 143249.53515625, Validation loss 143624.169921875
2021-11-24 15:31:44,645:INFO:Epoch 87, Training loss 143248.056640625, Validation loss 143623.009765625
2021-11-24 15:31:48,512:INFO:Epoch 88, Training loss 143249.01171875, Validation loss 143624.9140625
2021-11-24 15:31:52,328:INFO:Epoch 89, Training loss 143248.337890625, Validation loss 143619.8984375
2021-11-24 15:31:56,191:INFO:Epoch 90, Training loss 143250.052734375, Validation loss 143624.677734375
2021-11-24 15:32:00,040:INFO:Epoch 91, Training loss 143250.12109375, Validation loss 143622.009765625
2021-11-24 15:32:03,905:INFO:Epoch 92, Training loss 143247.87890625, Validation loss 143626.09375
2021-11-24 15:32:07,748:INFO:Epoch 93, Training loss 143247.798828125, Validation loss 143620.642578125
2021-11-24 15:32:11,603:INFO:Epoch 94, Training loss 143250.09375, Validation loss 143624.21484375
2021-11-24 15:32:15,434:INFO:Epoch 95, Training loss 143251.7890625, Validation loss 143621.75390625
2021-11-24 15:32:19,297:INFO:Epoch 96, Training loss 143248.654296875, Validation loss 143620.8515625
2021-11-24 15:32:23,131:INFO:Epoch 97, Training loss 143246.51953125, Validation loss 143625.576171875
2021-11-24 15:32:26,952:INFO:Epoch 98, Training loss 143247.0234375, Validation loss 143620.8203125
2021-11-24 15:32:30,789:INFO:Epoch 99, Training loss 143245.548828125, Validation loss 143624.775390625
2021-11-24 15:32:34,631:INFO:Epoch 100, Training loss 143247.060546875, Validation loss 143620.85546875
2021-11-24 15:32:38,492:INFO:Epoch 101, Training loss 143247.306640625, Validation loss 143621.037109375
2021-11-24 15:32:42,326:INFO:Epoch 102, Training loss 143247.080078125, Validation loss 143628.408203125
2021-11-24 15:32:46,205:INFO:Epoch 103, Training loss 143245.583984375, Validation loss 143620.51171875
2021-11-24 15:32:50,012:INFO:Epoch 104, Training loss 143246.564453125, Validation loss 143626.43359375
2021-11-24 15:32:53,902:INFO:Epoch 105, Training loss 143245.9921875, Validation loss 143624.51953125
2021-11-24 15:32:57,701:INFO:Epoch 106, Training loss 143249.43359375, Validation loss 143620.89453125
2021-11-24 15:33:01,580:INFO:Epoch 107, Training loss 143244.712890625, Validation loss 143627.009765625
2021-11-24 15:33:05,395:INFO:Epoch 108, Training loss 143245.16796875, Validation loss 143622.119140625
2021-11-24 15:33:09,264:INFO:Epoch 109, Training loss 143244.474609375, Validation loss 143623.80859375
2021-11-24 15:33:13,130:INFO:Epoch 110, Training loss 143244.26953125, Validation loss 143623.494140625
2021-11-24 15:33:16,975:INFO:Epoch 111, Training loss 143244.431640625, Validation loss 143624.111328125
2021-11-24 15:33:20,789:INFO:Epoch 112, Training loss 143242.740234375, Validation loss 143620.9765625
2021-11-24 15:33:24,641:INFO:Epoch 113, Training loss 143243.9140625, Validation loss 143628.212890625
2021-11-24 15:33:28,474:INFO:Epoch 114, Training loss 143243.322265625, Validation loss 143621.033203125
2021-11-24 15:33:32,285:INFO:Epoch 115, Training loss 143245.771484375, Validation loss 143629.619140625
2021-11-24 15:33:36,121:INFO:Epoch 116, Training loss 143245.224609375, Validation loss 143622.01171875
2021-11-24 15:33:39,968:INFO:Epoch 117, Training loss 143244.14453125, Validation loss 143621.720703125
2021-11-24 15:33:43,830:INFO:Epoch 118, Training loss 143242.6796875, Validation loss 143628.0625
2021-11-24 15:33:47,917:INFO:Epoch 119, Training loss 143243.12890625, Validation loss 143620.87890625
2021-11-24 15:33:51,756:INFO:Epoch 120, Training loss 143243.822265625, Validation loss 143624.005859375
2021-11-24 15:33:55,602:INFO:Epoch 121, Training loss 143242.115234375, Validation loss 143623.8671875
2021-11-24 15:33:59,466:INFO:Epoch 122, Training loss 143241.65234375, Validation loss 143625.923828125
2021-11-24 15:34:03,297:INFO:Epoch 123, Training loss 143242.654296875, Validation loss 143623.318359375
2021-11-24 15:34:07,152:INFO:Epoch 124, Training loss 143241.7890625, Validation loss 143623.005859375
2021-11-24 15:34:10,974:INFO:Epoch 125, Training loss 143242.64453125, Validation loss 143624.560546875
2021-11-24 15:34:14,904:INFO:Epoch 126, Training loss 143240.99609375, Validation loss 143624.87109375
2021-11-24 15:34:18,726:INFO:Epoch 127, Training loss 143242.76171875, Validation loss 143620.638671875
2021-11-24 15:34:22,582:INFO:Epoch 128, Training loss 143242.232421875, Validation loss 143629.314453125
2021-11-24 15:34:26,384:INFO:Epoch 129, Training loss 143243.509765625, Validation loss 143621.728515625
2021-11-24 15:34:30,265:INFO:Epoch 130, Training loss 143244.4921875, Validation loss 143622.5625
2021-11-24 15:34:34,096:INFO:Epoch 131, Training loss 143245.7578125, Validation loss 143627.83203125
2021-11-24 15:34:37,942:INFO:Epoch 132, Training loss 143240.818359375, Validation loss 143625.4296875
2021-11-24 15:34:41,789:INFO:Epoch 133, Training loss 143244.078125, Validation loss 143622.234375
2021-11-24 15:34:45,686:INFO:Epoch 134, Training loss 143243.00390625, Validation loss 143624.13671875
2021-11-24 15:34:49,512:INFO:Epoch 135, Training loss 143241.76171875, Validation loss 143628.74609375
2021-11-24 15:34:53,344:INFO:Epoch 136, Training loss 143241.40234375, Validation loss 143622.609375
2021-11-24 15:34:57,434:INFO:Epoch 137, Training loss 143241.23828125, Validation loss 143623.51953125
2021-11-24 15:35:01,303:INFO:Epoch 138, Training loss 143240.828125, Validation loss 143626.83203125
2021-11-24 15:35:05,160:INFO:Epoch 139, Training loss 143243.888671875, Validation loss 143621.328125
2021-11-24 15:35:05,167:INFO:Finished training, producing training report at /data/theorie/jthoeve/ML4EFT_higgs/models/24_11/model_quad_cHW/mc_run_12/plots/training_report/
2021-11-24 15:35:05,527:WARNING:findfont: Font family ['sans-serif'] not found. Falling back to DejaVu Sans.
