7.440751562500000000e+04
7.388965527343750000e+04
7.381929296875000000e+04
7.378355371093750000e+04
7.375576757812500000e+04
7.376001660156250000e+04
7.375736523437500000e+04
7.375184960937500000e+04
7.375162402343750000e+04
7.374958886718750000e+04
7.374839160156250000e+04
7.374869921875000000e+04
7.374798730468750000e+04
7.374785351562500000e+04
7.374763085937500000e+04
7.374739843750000000e+04
7.374727441406250000e+04
7.374706835937500000e+04
7.374689941406250000e+04
7.374678417968750000e+04
7.374659277343750000e+04
7.374652246093750000e+04
7.374624609375000000e+04
7.374609667968750000e+04
7.374599121093750000e+04
7.374585058593750000e+04
7.374574511718750000e+04
7.374560839843750000e+04
7.374533593750000000e+04
7.374539355468750000e+04
7.374502636718750000e+04
7.374487597656250000e+04
7.374475878906250000e+04
7.374454199218750000e+04
7.374429687500000000e+04
7.374421582031250000e+04
7.374410058593750000e+04
7.374382519531250000e+04
7.374369140625000000e+04
7.374352441406250000e+04
7.374332421875000000e+04
7.374310839843750000e+04
7.374320703125000000e+04
7.374271289062500000e+04
7.374283886718750000e+04
7.374265136718750000e+04
7.374210839843750000e+04
7.374192968750000000e+04
7.374158496093750000e+04
7.374147460937500000e+04
7.374115625000000000e+04
7.374105761718750000e+04
7.374078320312500000e+04
7.374028125000000000e+04
7.374000195312500000e+04
7.373966210937500000e+04
7.373941503906250000e+04
7.373929101562500000e+04
7.373829980468750000e+04
7.373822851562500000e+04
