1.883057031250000000e+05
1.541829082031250000e+05
1.362550781250000000e+05
1.259867031250000000e+05
1.194119707031250000e+05
1.152757226562500000e+05
1.126422324218750000e+05
1.109315507812500000e+05
1.098975058593750000e+05
1.093943964843750000e+05
1.092432167968750000e+05
1.092256367187500000e+05
1.092002890625000000e+05
1.091635468750000000e+05
1.091447812500000000e+05
1.091248398437500000e+05
1.091028945312500000e+05
1.090863398437500000e+05
1.090678183593750000e+05
1.090511542968750000e+05
1.090338046875000000e+05
1.090170253906250000e+05
1.090007871093750000e+05
1.089851406250000000e+05
1.089691054687500000e+05
1.089540351562500000e+05
1.089388417968750000e+05
1.089241074218750000e+05
1.089101972656250000e+05
1.088969921875000000e+05
1.088843027343750000e+05
1.088718027343750000e+05
1.088608613281250000e+05
1.088517871093750000e+05
1.088437988281250000e+05
1.088369433593750000e+05
1.088317988281250000e+05
1.088276679687500000e+05
1.088251035156250000e+05
1.088228281250000000e+05
1.088213320312500000e+05
1.088208867187500000e+05
1.088200683593750000e+05
1.088197558593750000e+05
1.088197695312500000e+05
1.088188144531250000e+05
1.088186386718750000e+05
1.088179277343750000e+05
1.088174550781250000e+05
1.088170898437500000e+05
1.088168046875000000e+05
1.088166093750000000e+05
1.088163593750000000e+05
1.088162148437500000e+05
1.088158417968750000e+05
1.088158437500000000e+05
1.088155917968750000e+05
1.088156640625000000e+05
1.088154980468750000e+05
1.088151191406250000e+05
1.088153027343750000e+05
1.088149453125000000e+05
1.088147578125000000e+05
1.088150351562500000e+05
1.088147500000000000e+05
1.088145742187500000e+05
1.088145097656250000e+05
1.088145351562500000e+05
1.088142285156250000e+05
1.088141777343750000e+05
1.088140097656250000e+05
1.088140312500000000e+05
1.088140527343750000e+05
1.088136562500000000e+05
1.088138398437500000e+05
1.088135214843750000e+05
1.088141035156250000e+05
1.088135312500000000e+05
1.088133320312500000e+05
1.088135429687500000e+05
1.088130917968750000e+05
1.088129785156250000e+05
1.088128945312500000e+05
1.088128867187500000e+05
1.088128906250000000e+05
1.088127265625000000e+05
1.088124218750000000e+05
1.088124375000000000e+05
1.088125410156250000e+05
1.088124726562500000e+05
1.088122695312500000e+05
1.088123515625000000e+05
1.088124023437500000e+05
1.088122500000000000e+05
1.088122792968750000e+05
1.088121015625000000e+05
1.088118085937500000e+05
1.088115546875000000e+05
1.088114980468750000e+05
1.088114023437500000e+05
1.088114824218750000e+05
1.088117246093750000e+05
1.088114570312500000e+05
1.088113242187500000e+05
1.088114199218750000e+05
1.088116601562500000e+05
1.088112363281250000e+05
1.088110312500000000e+05
1.088109433593750000e+05
1.088112207031250000e+05
1.088108613281250000e+05
1.088106152343750000e+05
1.088112871093750000e+05
1.088112578125000000e+05
1.088111308593750000e+05
1.088105000000000000e+05
1.088102480468750000e+05
1.088104531250000000e+05
1.088103750000000000e+05
1.088102792968750000e+05
1.088101425781250000e+05
1.088102460937500000e+05
1.088102695312500000e+05
1.088099335937500000e+05
1.088100292968750000e+05
1.088101269531250000e+05
1.088096347656250000e+05
1.088097597656250000e+05
1.088094902343750000e+05
1.088100683593750000e+05
1.088097500000000000e+05
1.088094140625000000e+05
1.088095332031250000e+05
