2022-01-24 14:09:30,719:INFO:All directories created, ready to load the data
2022-01-24 14:09:30,734:INFO:Dataset loaded from /data/theorie/jthoeve/event_generation/events_high_stats/pT/lin/cHq3/events_14.npy
2022-01-24 14:09:30,740:INFO:Dataset loaded from /data/theorie/jthoeve/event_generation/events_high_stats/pT/sm/events_14.npy
2022-01-24 14:09:33,135:INFO:Epoch 1, Training loss 84672.0703125, Validation loss 84672.0703125
2022-01-24 14:09:35,523:INFO:Epoch 2, Training loss 84672.0703125, Validation loss 84672.0703125
2022-01-24 14:09:37,892:INFO:Epoch 3, Training loss 84672.0703125, Validation loss 84672.0703125
2022-01-24 14:09:40,298:INFO:Epoch 4, Training loss 84672.0703125, Validation loss 84672.0703125
2022-01-24 14:09:42,669:INFO:Epoch 5, Training loss 84672.0703125, Validation loss 84672.0703125
2022-01-24 14:09:45,038:INFO:Epoch 6, Training loss 84672.0703125, Validation loss 84672.0703125
2022-01-24 14:09:47,413:INFO:Epoch 7, Training loss 84672.0703125, Validation loss 84672.0703125
2022-01-24 14:09:49,804:INFO:Epoch 8, Training loss 84672.0703125, Validation loss 84672.0703125
2022-01-24 14:09:52,192:INFO:Epoch 9, Training loss 84672.0703125, Validation loss 84672.0703125
2022-01-24 14:09:54,551:INFO:Epoch 10, Training loss 84672.0703125, Validation loss 84672.0703125
2022-01-24 14:09:56,952:INFO:Epoch 11, Training loss 84672.0703125, Validation loss 84672.0703125
2022-01-24 14:09:56,956:INFO:Detected stagant training, reset the weights
2022-01-24 14:09:59,347:INFO:Epoch 12, Training loss 74035.9072265625, Validation loss 73769.6025390625
2022-01-24 14:10:01,746:INFO:Epoch 13, Training loss 73811.05859375, Validation loss 73879.626953125
2022-01-24 14:10:04,096:INFO:Epoch 14, Training loss 73865.6611328125, Validation loss 73817.287109375
2022-01-24 14:10:06,504:INFO:Epoch 15, Training loss 73786.5361328125, Validation loss 73770.1142578125
2022-01-24 14:10:08,857:INFO:Epoch 16, Training loss 73778.701171875, Validation loss 73791.7958984375
2022-01-24 14:10:11,289:INFO:Epoch 17, Training loss 73782.900390625, Validation loss 73773.2265625
2022-01-24 14:10:13,652:INFO:Epoch 18, Training loss 73767.376953125, Validation loss 73770.615234375
2022-01-24 14:10:16,048:INFO:Epoch 19, Training loss 73769.220703125, Validation loss 73773.2841796875
2022-01-24 14:10:18,409:INFO:Epoch 20, Training loss 73768.0634765625, Validation loss 73769.3193359375
2022-01-24 14:10:20,818:INFO:Epoch 21, Training loss 73764.8759765625, Validation loss 73770.013671875
2022-01-24 14:10:23,190:INFO:Epoch 22, Training loss 73765.4267578125, Validation loss 73770.6640625
2022-01-24 14:10:25,574:INFO:Epoch 23, Training loss 73764.3662109375, Validation loss 73769.7705078125
2022-01-24 14:10:27,948:INFO:Epoch 24, Training loss 73763.697265625, Validation loss 73770.1162109375
2022-01-24 14:10:30,356:INFO:Epoch 25, Training loss 73763.57421875, Validation loss 73770.2578125
2022-01-24 14:10:32,734:INFO:Epoch 26, Training loss 73762.9609375, Validation loss 73770.40234375
2022-01-24 14:10:35,107:INFO:Epoch 27, Training loss 73763.017578125, Validation loss 73770.7412109375
2022-01-24 14:10:37,494:INFO:Epoch 28, Training loss 73762.56640625, Validation loss 73771.052734375
2022-01-24 14:10:39,895:INFO:Epoch 29, Training loss 73762.2529296875, Validation loss 73771.21484375
2022-01-24 14:10:42,297:INFO:Epoch 30, Training loss 73762.0166015625, Validation loss 73771.3017578125
2022-01-24 14:10:44,660:INFO:Epoch 31, Training loss 73761.7568359375, Validation loss 73771.3232421875
2022-01-24 14:10:47,049:INFO:Epoch 32, Training loss 73761.5166015625, Validation loss 73771.56640625
2022-01-24 14:10:49,434:INFO:Epoch 33, Training loss 73761.130859375, Validation loss 73771.5947265625
2022-01-24 14:10:51,835:INFO:Epoch 34, Training loss 73760.8759765625, Validation loss 73771.8359375
2022-01-24 14:10:54,192:INFO:Epoch 35, Training loss 73760.892578125, Validation loss 73772.130859375
2022-01-24 14:10:56,597:INFO:Epoch 36, Training loss 73760.6142578125, Validation loss 73772.314453125
2022-01-24 14:10:58,957:INFO:Epoch 37, Training loss 73760.240234375, Validation loss 73772.419921875
2022-01-24 14:11:01,394:INFO:Epoch 38, Training loss 73760.08203125, Validation loss 73772.669921875
2022-01-24 14:11:03,766:INFO:Epoch 39, Training loss 73759.912109375, Validation loss 73772.6396484375
2022-01-24 14:11:06,153:INFO:Epoch 40, Training loss 73759.4384765625, Validation loss 73772.9150390625
2022-01-24 14:11:08,528:INFO:Epoch 41, Training loss 73759.5634765625, Validation loss 73773.046875
2022-01-24 14:11:10,956:INFO:Epoch 42, Training loss 73759.16015625, Validation loss 73773.2265625
2022-01-24 14:11:13,337:INFO:Epoch 43, Training loss 73759.134765625, Validation loss 73773.7470703125
2022-01-24 14:11:15,722:INFO:Epoch 44, Training loss 73758.46875, Validation loss 73773.7744140625
2022-01-24 14:11:18,103:INFO:Epoch 45, Training loss 73758.3779296875, Validation loss 73773.646484375
2022-01-24 14:11:20,526:INFO:Epoch 46, Training loss 73758.04296875, Validation loss 73773.873046875
2022-01-24 14:11:22,913:INFO:Epoch 47, Training loss 73757.939453125, Validation loss 73774.24609375
2022-01-24 14:11:25,289:INFO:Epoch 48, Training loss 73757.5244140625, Validation loss 73774.6142578125
2022-01-24 14:11:27,674:INFO:Epoch 49, Training loss 73757.3740234375, Validation loss 73774.6494140625
2022-01-24 14:11:30,075:INFO:Epoch 50, Training loss 73757.134765625, Validation loss 73774.6201171875
2022-01-24 14:11:32,467:INFO:Epoch 51, Training loss 73757.09765625, Validation loss 73774.771484375
2022-01-24 14:11:34,835:INFO:Epoch 52, Training loss 73756.8466796875, Validation loss 73775.2568359375
2022-01-24 14:11:37,236:INFO:Epoch 53, Training loss 73756.5732421875, Validation loss 73775.0322265625
2022-01-24 14:11:39,638:INFO:Epoch 54, Training loss 73755.966796875, Validation loss 73775.40625
2022-01-24 14:11:42,041:INFO:Epoch 55, Training loss 73755.47265625, Validation loss 73775.9951171875
2022-01-24 14:11:44,397:INFO:Epoch 56, Training loss 73755.3701171875, Validation loss 73776.2666015625
2022-01-24 14:11:46,800:INFO:Epoch 57, Training loss 73754.9990234375, Validation loss 73776.29296875
2022-01-24 14:11:49,158:INFO:Epoch 58, Training loss 73754.5087890625, Validation loss 73776.861328125
2022-01-24 14:11:51,592:INFO:Epoch 59, Training loss 73754.2314453125, Validation loss 73777.2666015625
2022-01-24 14:11:53,965:INFO:Epoch 60, Training loss 73753.7216796875, Validation loss 73777.587890625
2022-01-24 14:11:56,365:INFO:Epoch 61, Training loss 73752.99609375, Validation loss 73777.6435546875
2022-01-24 14:11:58,737:INFO:Epoch 62, Training loss 73753.1923828125, Validation loss 73777.4599609375
2022-01-24 14:12:01,150:INFO:Epoch 63, Training loss 73752.4912109375, Validation loss 73778.625
2022-01-24 14:12:03,523:INFO:Epoch 64, Training loss 73751.9365234375, Validation loss 73779.0244140625
2022-01-24 14:12:05,908:INFO:Epoch 65, Training loss 73751.3486328125, Validation loss 73779.2431640625
2022-01-24 14:12:08,282:INFO:Epoch 66, Training loss 73751.0966796875, Validation loss 73779.2470703125
2022-01-24 14:12:10,691:INFO:Epoch 67, Training loss 73750.59765625, Validation loss 73779.978515625
2022-01-24 14:12:13,077:INFO:Epoch 68, Training loss 73749.98828125, Validation loss 73782.20703125
2022-01-24 14:12:15,458:INFO:Epoch 69, Training loss 73749.666015625, Validation loss 73782.232421875
2022-01-24 14:12:17,854:INFO:Epoch 70, Training loss 73749.4326171875, Validation loss 73781.3193359375
2022-01-24 14:12:17,861:INFO:Finished training
