2.078796289062500000e+05
2.078796289062500000e+05
2.078796289062500000e+05
2.078796289062500000e+05
2.078796289062500000e+05
2.078796289062500000e+05
2.078796289062500000e+05
2.078796289062500000e+05
2.078796289062500000e+05
2.078796289062500000e+05
2.078796289062500000e+05
2.078796289062500000e+05
2.078796289062500000e+05
1.664268632812500000e+05
1.410650820312500000e+05
1.255282832031250000e+05
1.162174707031250000e+05
1.110907050781250000e+05
1.094441757812500000e+05
1.098649414062500000e+05
1.097966582031250000e+05
1.093764101562500000e+05
1.091516777343750000e+05
1.091114316406250000e+05
1.091052265625000000e+05
1.090662246093750000e+05
1.090108378906250000e+05
1.089708046875000000e+05
1.089482382812500000e+05
1.089238496093750000e+05
1.088932949218750000e+05
1.088643281250000000e+05
1.088373691406250000e+05
1.088101621093750000e+05
1.087827558593750000e+05
1.087556718750000000e+05
1.087300566406250000e+05
1.087046054687500000e+05
1.086808242187500000e+05
1.086584785156250000e+05
1.086344277343750000e+05
1.086111230468750000e+05
1.085910410156250000e+05
1.085710566406250000e+05
1.085543105468750000e+05
1.085433574218750000e+05
1.085354023437500000e+05
1.085294785156250000e+05
1.085257480468750000e+05
1.085224765625000000e+05
1.085194257812500000e+05
1.085176542968750000e+05
1.085156074218750000e+05
1.085145214843750000e+05
1.085135644531250000e+05
1.085115429687500000e+05
1.085104960937500000e+05
1.085086171875000000e+05
1.085078046875000000e+05
1.085076347656250000e+05
1.085074746093750000e+05
1.085057285156250000e+05
1.085046464843750000e+05
1.085042089843750000e+05
1.085031484375000000e+05
1.085023007812500000e+05
1.085019062500000000e+05
1.085018320312500000e+05
1.085008984375000000e+05
1.085001582031250000e+05
1.084992617187500000e+05
1.084989824218750000e+05
1.084980332031250000e+05
1.084974726562500000e+05
1.084969101562500000e+05
1.084967500000000000e+05
1.084976464843750000e+05
1.084965097656250000e+05
1.084957968750000000e+05
1.084945957031250000e+05
1.084941347656250000e+05
1.084939042968750000e+05
1.084930566406250000e+05
1.084929179687500000e+05
1.084949804687500000e+05
1.084914726562500000e+05
1.084914726562500000e+05
1.084904003906250000e+05
1.084908242187500000e+05
1.084902128906250000e+05
1.084897500000000000e+05
1.084906972656250000e+05
1.084893671875000000e+05
1.084892558593750000e+05
1.084884042968750000e+05
1.084875312500000000e+05
1.084866738281250000e+05
1.084867089843750000e+05
1.084859511718750000e+05
1.084861093750000000e+05
1.084849804687500000e+05
1.084848945312500000e+05
1.084846386718750000e+05
1.084842539062500000e+05
1.084847167968750000e+05
1.084844570312500000e+05
1.084830351562500000e+05
1.084844140625000000e+05
1.084840703125000000e+05
1.084832089843750000e+05
1.084835625000000000e+05
1.084826835937500000e+05
1.084822070312500000e+05
1.084825488281250000e+05
1.084814960937500000e+05
1.084820214843750000e+05
1.084812128906250000e+05
1.084813183593750000e+05
1.084806562500000000e+05
1.084804843750000000e+05
1.084813593750000000e+05
1.084802578125000000e+05
1.084793203125000000e+05
1.084796171875000000e+05
1.084801347656250000e+05
1.084790058593750000e+05
1.084796738281250000e+05
1.084782792968750000e+05
1.084792148437500000e+05
1.084795410156250000e+05
1.084787207031250000e+05
1.084782871093750000e+05
1.084776582031250000e+05
1.084773339843750000e+05
1.084768281250000000e+05
1.084769003906250000e+05
1.084765488281250000e+05
1.084753652343750000e+05
1.084751191406250000e+05
1.084759589843750000e+05
1.084744589843750000e+05
1.084756816406250000e+05
1.084742792968750000e+05
1.084741718750000000e+05
1.084737558593750000e+05
1.084746835937500000e+05
1.084741562500000000e+05
1.084745800781250000e+05
1.084740527343750000e+05
1.084748984375000000e+05
1.084728027343750000e+05
1.084732402343750000e+05
1.084726445312500000e+05
1.084746230468750000e+05
1.084719550781250000e+05
1.084713203125000000e+05
1.084714550781250000e+05
1.084711093750000000e+05
1.084712226562500000e+05
1.084711425781250000e+05
1.084722324218750000e+05
1.084700371093750000e+05
1.084704453125000000e+05
1.084697265625000000e+05
1.084703261718750000e+05
1.084729101562500000e+05
1.084712226562500000e+05
1.084704218750000000e+05
1.084691640625000000e+05
1.084695390625000000e+05
1.084688339843750000e+05
1.084686132812500000e+05
1.084693808593750000e+05
1.084682304687500000e+05
1.084678437500000000e+05
1.084682304687500000e+05
1.084696035156250000e+05
1.084699902343750000e+05
1.084674101562500000e+05
1.084673261718750000e+05
1.084677617187500000e+05
1.084659218750000000e+05
1.084665390625000000e+05
1.084657539062500000e+05
1.084653984375000000e+05
