2.081405078125000000e+05
2.081405078125000000e+05
2.081405078125000000e+05
2.081405078125000000e+05
2.081405078125000000e+05
2.081405078125000000e+05
2.081405078125000000e+05
2.081405078125000000e+05
2.081405078125000000e+05
2.081405078125000000e+05
2.081405078125000000e+05
2.081405078125000000e+05
1.880365664062500000e+05
1.528475253906250000e+05
1.325017109375000000e+05
1.209479160156250000e+05
1.142539375000000000e+05
1.109201269531250000e+05
1.102409980468750000e+05
1.104398789062500000e+05
1.102548496093750000e+05
1.098689472656250000e+05
1.096506347656250000e+05
1.096107753906250000e+05
1.095695117187500000e+05
1.095061445312500000e+05
1.094640820312500000e+05
1.094366308593750000e+05
1.094054355468750000e+05
1.093741152343750000e+05
1.093484882812500000e+05
1.093236718750000000e+05
1.092989492187500000e+05
1.092754648437500000e+05
1.092525351562500000e+05
1.092295917968750000e+05
1.092070820312500000e+05
1.091837109375000000e+05
1.091608769531250000e+05
1.091374785156250000e+05
1.091133046875000000e+05
1.090895039062500000e+05
1.090649355468750000e+05
1.090380390625000000e+05
1.090131074218750000e+05
1.089878007812500000e+05
1.089638183593750000e+05
1.089385722656250000e+05
1.089150585937500000e+05
1.088926875000000000e+05
1.088690507812500000e+05
1.088484902343750000e+05
1.088273222656250000e+05
1.088082851562500000e+05
1.087903574218750000e+05
1.087726093750000000e+05
1.087538886718750000e+05
1.087403886718750000e+05
1.087276035156250000e+05
1.087157773437500000e+05
1.087076855468750000e+05
1.086987988281250000e+05
1.086929101562500000e+05
1.086884667968750000e+05
1.086812578125000000e+05
1.086770488281250000e+05
1.086715703125000000e+05
1.086672148437500000e+05
1.086643339843750000e+05
1.086649335937500000e+05
1.086606171875000000e+05
1.086580527343750000e+05
1.086561503906250000e+05
1.086560957031250000e+05
1.086550214843750000e+05
1.086531406250000000e+05
1.086523828125000000e+05
1.086513066406250000e+05
1.086510234375000000e+05
1.086505000000000000e+05
1.086521777343750000e+05
1.086509492187500000e+05
1.086490937500000000e+05
1.086485292968750000e+05
1.086482031250000000e+05
1.086474550781250000e+05
1.086468378906250000e+05
1.086495449218750000e+05
1.086470566406250000e+05
1.086455820312500000e+05
1.086453339843750000e+05
1.086457187500000000e+05
1.086447968750000000e+05
1.086451132812500000e+05
1.086435683593750000e+05
1.086433808593750000e+05
1.086437656250000000e+05
1.086431835937500000e+05
1.086420039062500000e+05
1.086416191406250000e+05
1.086417265625000000e+05
1.086405078125000000e+05
1.086441132812500000e+05
1.086406914062500000e+05
1.086408613281250000e+05
1.086402675781250000e+05
1.086398457031250000e+05
1.086393652343750000e+05
1.086401367187500000e+05
1.086403808593750000e+05
1.086385937500000000e+05
1.086391582031250000e+05
1.086395292968750000e+05
1.086388437500000000e+05
1.086396230468750000e+05
1.086387382812500000e+05
1.086376523437500000e+05
1.086383730468750000e+05
1.086375449218750000e+05
1.086384746093750000e+05
1.086372812500000000e+05
1.086353925781250000e+05
1.086364414062500000e+05
1.086359394531250000e+05
1.086358398437500000e+05
1.086348886718750000e+05
1.086347285156250000e+05
1.086360957031250000e+05
1.086336582031250000e+05
1.086339609375000000e+05
1.086334472656250000e+05
1.086343710937500000e+05
1.086338222656250000e+05
1.086340156250000000e+05
1.086340878906250000e+05
1.086333417968750000e+05
1.086323398437500000e+05
1.086326386718750000e+05
1.086320292968750000e+05
1.086326425781250000e+05
1.086329277343750000e+05
1.086318730468750000e+05
1.086314453125000000e+05
1.086322343750000000e+05
1.086311875000000000e+05
1.086312558593750000e+05
1.086312792968750000e+05
1.086310312500000000e+05
1.086327167968750000e+05
1.086302519531250000e+05
1.086305253906250000e+05
1.086304472656250000e+05
1.086297773437500000e+05
1.086291582031250000e+05
1.086298457031250000e+05
1.086302792968750000e+05
1.086290878906250000e+05
1.086289882812500000e+05
1.086290839843750000e+05
1.086287460937500000e+05
1.086302089843750000e+05
1.086319316406250000e+05
1.086298300781250000e+05
1.086317128906250000e+05
1.086330605468750000e+05
1.086329238281250000e+05
1.086296582031250000e+05
1.086291230468750000e+05
1.086291757812500000e+05
1.086282871093750000e+05
1.086285175781250000e+05
1.086278554687500000e+05
1.086265722656250000e+05
1.086270664062500000e+05
1.086274863281250000e+05
1.086274062500000000e+05
1.086277714843750000e+05
1.086260605468750000e+05
1.086270742187500000e+05
1.086261347656250000e+05
1.086273105468750000e+05
1.086275917968750000e+05
1.086301972656250000e+05
1.086270351562500000e+05
1.086256914062500000e+05
1.086271484375000000e+05
1.086318066406250000e+05
1.086310371093750000e+05
1.086327773437500000e+05
1.086267871093750000e+05
1.086280175781250000e+05
1.086279648437500000e+05
1.086258750000000000e+05
1.086259824218750000e+05
1.086255703125000000e+05
1.086248730468750000e+05
1.086239453125000000e+05
1.086241054687500000e+05
1.086239746093750000e+05
1.086241308593750000e+05
1.086256699218750000e+05
1.086261347656250000e+05
1.086241230468750000e+05
1.086240214843750000e+05
1.086238398437500000e+05
1.086229296875000000e+05
1.086233300781250000e+05
1.086235605468750000e+05
1.086230195312500000e+05
1.086215097656250000e+05
1.086223300781250000e+05
1.086221738281250000e+05
1.086231503906250000e+05
1.086211152343750000e+05
1.086210878906250000e+05
1.086213515625000000e+05
1.086207441406250000e+05
1.086227226562500000e+05
1.086214667968750000e+05
1.086264433593750000e+05
1.086237597656250000e+05
1.086243730468750000e+05
1.086203984375000000e+05
1.086212324218750000e+05
1.086197519531250000e+05
1.086204433593750000e+05
1.086200878906250000e+05
1.086197441406250000e+05
1.086199628906250000e+05
