2022-01-24 14:06:04,022:INFO:All directories created, ready to load the data
2022-01-24 14:06:04,034:INFO:Dataset loaded from /data/theorie/jthoeve/event_generation/events_high_stats/pT/lin/cHW/events_29.npy
2022-01-24 14:06:04,073:INFO:Dataset loaded from /data/theorie/jthoeve/event_generation/events_high_stats/pT/sm/events_29.npy
2022-01-24 14:06:06,557:INFO:Epoch 1, Training loss 127028.29296875, Validation loss 123714.115234375
2022-01-24 14:06:09,039:INFO:Epoch 2, Training loss 122032.26171875, Validation loss 119760.4296875
2022-01-24 14:06:11,499:INFO:Epoch 3, Training loss 118480.470703125, Validation loss 116715.48046875
2022-01-24 14:06:13,999:INFO:Epoch 4, Training loss 115717.91015625, Validation loss 114286.76171875
2022-01-24 14:06:16,471:INFO:Epoch 5, Training loss 113409.509765625, Validation loss 112149.01171875
2022-01-24 14:06:18,927:INFO:Epoch 6, Training loss 111455.470703125, Validation loss 110534.748046875
2022-01-24 14:06:21,390:INFO:Epoch 7, Training loss 110133.375, Validation loss 109679.08984375
2022-01-24 14:06:23,883:INFO:Epoch 8, Training loss 109607.220703125, Validation loss 109586.353515625
2022-01-24 14:06:26,364:INFO:Epoch 9, Training loss 109620.349609375, Validation loss 109616.9453125
2022-01-24 14:06:28,810:INFO:Epoch 10, Training loss 109576.076171875, Validation loss 109480.244140625
2022-01-24 14:06:31,294:INFO:Epoch 11, Training loss 109429.802734375, Validation loss 109361.73828125
2022-01-24 14:06:33,778:INFO:Epoch 12, Training loss 109353.298828125, Validation loss 109344.4140625
2022-01-24 14:06:36,268:INFO:Epoch 13, Training loss 109335.65234375, Validation loss 109309.720703125
2022-01-24 14:06:38,714:INFO:Epoch 14, Training loss 109291.634765625, Validation loss 109266.6328125
2022-01-24 14:06:41,218:INFO:Epoch 15, Training loss 109255.0078125, Validation loss 109240.453125
2022-01-24 14:06:43,669:INFO:Epoch 16, Training loss 109227.265625, Validation loss 109207.873046875
2022-01-24 14:06:46,182:INFO:Epoch 17, Training loss 109191.234375, Validation loss 109176.9296875
2022-01-24 14:06:48,632:INFO:Epoch 18, Training loss 109156.748046875, Validation loss 109142.671875
2022-01-24 14:06:51,123:INFO:Epoch 19, Training loss 109117.841796875, Validation loss 109102.806640625
2022-01-24 14:06:53,583:INFO:Epoch 20, Training loss 109073.962890625, Validation loss 109057.5234375
2022-01-24 14:06:56,101:INFO:Epoch 21, Training loss 109022.19921875, Validation loss 109006.265625
2022-01-24 14:06:58,567:INFO:Epoch 22, Training loss 108966.3125, Validation loss 108950.767578125
2022-01-24 14:07:01,040:INFO:Epoch 23, Training loss 108903.56640625, Validation loss 108890.87890625
2022-01-24 14:07:03,515:INFO:Epoch 24, Training loss 108837.576171875, Validation loss 108830.529296875
2022-01-24 14:07:06,018:INFO:Epoch 25, Training loss 108775.03515625, Validation loss 108773.552734375
2022-01-24 14:07:08,490:INFO:Epoch 26, Training loss 108716.91015625, Validation loss 108723.91015625
2022-01-24 14:07:10,950:INFO:Epoch 27, Training loss 108667.75, Validation loss 108681.693359375
2022-01-24 14:07:13,439:INFO:Epoch 28, Training loss 108626.474609375, Validation loss 108645.837890625
2022-01-24 14:07:15,945:INFO:Epoch 29, Training loss 108595.458984375, Validation loss 108622.861328125
2022-01-24 14:07:18,427:INFO:Epoch 30, Training loss 108577.306640625, Validation loss 108604.94140625
2022-01-24 14:07:20,890:INFO:Epoch 31, Training loss 108564.982421875, Validation loss 108598.083984375
2022-01-24 14:07:23,391:INFO:Epoch 32, Training loss 108562.21484375, Validation loss 108593.09765625
2022-01-24 14:07:25,880:INFO:Epoch 33, Training loss 108555.037109375, Validation loss 108588.228515625
2022-01-24 14:07:28,376:INFO:Epoch 34, Training loss 108547.119140625, Validation loss 108579.78515625
2022-01-24 14:07:30,823:INFO:Epoch 35, Training loss 108544.259765625, Validation loss 108575.935546875
2022-01-24 14:07:33,320:INFO:Epoch 36, Training loss 108538.671875, Validation loss 108570.734375
2022-01-24 14:07:35,772:INFO:Epoch 37, Training loss 108533.640625, Validation loss 108568.865234375
2022-01-24 14:07:38,303:INFO:Epoch 38, Training loss 108533.984375, Validation loss 108568.0625
2022-01-24 14:07:40,759:INFO:Epoch 39, Training loss 108530.9609375, Validation loss 108570.18359375
2022-01-24 14:07:43,244:INFO:Epoch 40, Training loss 108532.5859375, Validation loss 108561.921875
2022-01-24 14:07:45,706:INFO:Epoch 41, Training loss 108526.689453125, Validation loss 108558.82421875
2022-01-24 14:07:48,226:INFO:Epoch 42, Training loss 108529.611328125, Validation loss 108563.771484375
2022-01-24 14:07:50,692:INFO:Epoch 43, Training loss 108524.822265625, Validation loss 108564.779296875
2022-01-24 14:07:53,168:INFO:Epoch 44, Training loss 108525.40234375, Validation loss 108556.529296875
2022-01-24 14:07:55,643:INFO:Epoch 45, Training loss 108519.728515625, Validation loss 108556.697265625
2022-01-24 14:07:58,162:INFO:Epoch 46, Training loss 108519.150390625, Validation loss 108560.03125
2022-01-24 14:08:00,641:INFO:Epoch 47, Training loss 108519.455078125, Validation loss 108557.87890625
2022-01-24 14:08:03,117:INFO:Epoch 48, Training loss 108518.650390625, Validation loss 108558.150390625
2022-01-24 14:08:05,597:INFO:Epoch 49, Training loss 108518.0234375, Validation loss 108557.796875
2022-01-24 14:08:08,089:INFO:Epoch 50, Training loss 108515.9453125, Validation loss 108553.59375
2022-01-24 14:08:10,581:INFO:Epoch 51, Training loss 108516.447265625, Validation loss 108555.46875
2022-01-24 14:08:13,051:INFO:Epoch 52, Training loss 108511.849609375, Validation loss 108559.546875
2022-01-24 14:08:15,548:INFO:Epoch 53, Training loss 108514.111328125, Validation loss 108556.068359375
2022-01-24 14:08:18,035:INFO:Epoch 54, Training loss 108513.279296875, Validation loss 108551.615234375
2022-01-24 14:08:20,534:INFO:Epoch 55, Training loss 108514.833984375, Validation loss 108553.005859375
2022-01-24 14:08:22,988:INFO:Epoch 56, Training loss 108513.78125, Validation loss 108558.142578125
2022-01-24 14:08:25,490:INFO:Epoch 57, Training loss 108513.115234375, Validation loss 108561.162109375
2022-01-24 14:08:27,956:INFO:Epoch 58, Training loss 108514.560546875, Validation loss 108554.236328125
2022-01-24 14:08:30,489:INFO:Epoch 59, Training loss 108518.84375, Validation loss 108556.955078125
2022-01-24 14:08:32,953:INFO:Epoch 60, Training loss 108520.650390625, Validation loss 108571.935546875
2022-01-24 14:08:35,442:INFO:Epoch 61, Training loss 108512.712890625, Validation loss 108554.44921875
2022-01-24 14:08:37,911:INFO:Epoch 62, Training loss 108515.123046875, Validation loss 108551.6640625
2022-01-24 14:08:40,429:INFO:Epoch 63, Training loss 108512.056640625, Validation loss 108556.03125
2022-01-24 14:08:42,894:INFO:Epoch 64, Training loss 108513.81640625, Validation loss 108558.96484375
2022-01-24 14:08:45,377:INFO:Epoch 65, Training loss 108507.384765625, Validation loss 108553.798828125
2022-01-24 14:08:47,850:INFO:Epoch 66, Training loss 108513.435546875, Validation loss 108554.896484375
2022-01-24 14:08:50,357:INFO:Epoch 67, Training loss 108504.2734375, Validation loss 108554.15625
2022-01-24 14:08:52,834:INFO:Epoch 68, Training loss 108506.373046875, Validation loss 108551.39453125
2022-01-24 14:08:55,306:INFO:Epoch 69, Training loss 108507.451171875, Validation loss 108553.759765625
2022-01-24 14:08:57,794:INFO:Epoch 70, Training loss 108503.236328125, Validation loss 108554.849609375
2022-01-24 14:09:00,307:INFO:Epoch 71, Training loss 108504.03125, Validation loss 108551.6015625
2022-01-24 14:09:02,806:INFO:Epoch 72, Training loss 108503.962890625, Validation loss 108549.509765625
2022-01-24 14:09:05,265:INFO:Epoch 73, Training loss 108504.498046875, Validation loss 108554.076171875
2022-01-24 14:09:07,771:INFO:Epoch 74, Training loss 108504.56640625, Validation loss 108550.29296875
2022-01-24 14:09:10,262:INFO:Epoch 75, Training loss 108502.203125, Validation loss 108551.251953125
2022-01-24 14:09:12,757:INFO:Epoch 76, Training loss 108500.42578125, Validation loss 108551.73046875
2022-01-24 14:09:15,208:INFO:Epoch 77, Training loss 108499.673828125, Validation loss 108552.505859375
2022-01-24 14:09:17,710:INFO:Epoch 78, Training loss 108500.0625, Validation loss 108551.291015625
2022-01-24 14:09:20,167:INFO:Epoch 79, Training loss 108500.455078125, Validation loss 108550.927734375
2022-01-24 14:09:22,695:INFO:Epoch 80, Training loss 108498.62890625, Validation loss 108549.96484375
2022-01-24 14:09:25,161:INFO:Epoch 81, Training loss 108498.947265625, Validation loss 108550.716796875
2022-01-24 14:09:27,655:INFO:Epoch 82, Training loss 108498.373046875, Validation loss 108553.482421875
2022-01-24 14:09:30,137:INFO:Epoch 83, Training loss 108498.22265625, Validation loss 108549.244140625
2022-01-24 14:09:32,669:INFO:Epoch 84, Training loss 108496.853515625, Validation loss 108551.41796875
2022-01-24 14:09:35,149:INFO:Epoch 85, Training loss 108499.16015625, Validation loss 108556.97265625
2022-01-24 14:09:37,641:INFO:Epoch 86, Training loss 108505.67578125, Validation loss 108553.4375
2022-01-24 14:09:40,129:INFO:Epoch 87, Training loss 108499.515625, Validation loss 108550.275390625
2022-01-24 14:09:42,652:INFO:Epoch 88, Training loss 108496.8515625, Validation loss 108553.8046875
2022-01-24 14:09:45,142:INFO:Epoch 89, Training loss 108499.45703125, Validation loss 108552.765625
2022-01-24 14:09:47,631:INFO:Epoch 90, Training loss 108496.5703125, Validation loss 108555.232421875
2022-01-24 14:09:50,135:INFO:Epoch 91, Training loss 108501.71875, Validation loss 108550.689453125
2022-01-24 14:09:52,629:INFO:Epoch 92, Training loss 108498.541015625, Validation loss 108552.998046875
2022-01-24 14:09:55,064:INFO:Epoch 93, Training loss 108492.87890625, Validation loss 108550.904296875
2022-01-24 14:09:57,459:INFO:Epoch 94, Training loss 108498.251953125, Validation loss 108550.951171875
2022-01-24 14:09:59,878:INFO:Epoch 95, Training loss 108497.486328125, Validation loss 108559.16796875
2022-01-24 14:10:02,290:INFO:Epoch 96, Training loss 108491.421875, Validation loss 108549.68359375
2022-01-24 14:10:04,720:INFO:Epoch 97, Training loss 108491.4765625, Validation loss 108546.873046875
2022-01-24 14:10:07,099:INFO:Epoch 98, Training loss 108490.263671875, Validation loss 108548.87890625
2022-01-24 14:10:09,515:INFO:Epoch 99, Training loss 108489.41015625, Validation loss 108548.99609375
2022-01-24 14:10:11,897:INFO:Epoch 100, Training loss 108488.70703125, Validation loss 108553.576171875
2022-01-24 14:10:14,344:INFO:Epoch 101, Training loss 108491.169921875, Validation loss 108547.03125
2022-01-24 14:10:16,729:INFO:Epoch 102, Training loss 108491.13671875, Validation loss 108550.26171875
2022-01-24 14:10:19,143:INFO:Epoch 103, Training loss 108492.49609375, Validation loss 108551.24609375
2022-01-24 14:10:21,534:INFO:Epoch 104, Training loss 108488.50390625, Validation loss 108547.78125
2022-01-24 14:10:23,978:INFO:Epoch 105, Training loss 108489.546875, Validation loss 108553.388671875
2022-01-24 14:10:26,364:INFO:Epoch 106, Training loss 108491.2734375, Validation loss 108551.576171875
2022-01-24 14:10:28,780:INFO:Epoch 107, Training loss 108487.220703125, Validation loss 108546.009765625
2022-01-24 14:10:31,177:INFO:Epoch 108, Training loss 108486.419921875, Validation loss 108550.6171875
2022-01-24 14:10:33,604:INFO:Epoch 109, Training loss 108489.52734375, Validation loss 108554.6875
2022-01-24 14:10:36,000:INFO:Epoch 110, Training loss 108486.2421875, Validation loss 108548.095703125
2022-01-24 14:10:38,394:INFO:Epoch 111, Training loss 108484.458984375, Validation loss 108546.06640625
2022-01-24 14:10:40,807:INFO:Epoch 112, Training loss 108490.919921875, Validation loss 108546.755859375
2022-01-24 14:10:43,230:INFO:Epoch 113, Training loss 108485.822265625, Validation loss 108556.29296875
2022-01-24 14:10:45,642:INFO:Epoch 114, Training loss 108486.17578125, Validation loss 108551.2265625
2022-01-24 14:10:48,038:INFO:Epoch 115, Training loss 108484.35546875, Validation loss 108551.310546875
2022-01-24 14:10:50,458:INFO:Epoch 116, Training loss 108482.33203125, Validation loss 108547.849609375
2022-01-24 14:10:52,871:INFO:Epoch 117, Training loss 108481.822265625, Validation loss 108549.8671875
2022-01-24 14:10:55,281:INFO:Epoch 118, Training loss 108479.900390625, Validation loss 108548.671875
2022-01-24 14:10:57,658:INFO:Epoch 119, Training loss 108480.14453125, Validation loss 108548.21484375
2022-01-24 14:11:00,093:INFO:Epoch 120, Training loss 108480.859375, Validation loss 108549.28125
2022-01-24 14:11:02,478:INFO:Epoch 121, Training loss 108481.2578125, Validation loss 108547.8125
2022-01-24 14:11:04,931:INFO:Epoch 122, Training loss 108479.1171875, Validation loss 108551.306640625
2022-01-24 14:11:07,318:INFO:Epoch 123, Training loss 108480.810546875, Validation loss 108548.927734375
2022-01-24 14:11:09,740:INFO:Epoch 124, Training loss 108479.3359375, Validation loss 108548.87109375
2022-01-24 14:11:12,133:INFO:Epoch 125, Training loss 108478.29296875, Validation loss 108549.716796875
2022-01-24 14:11:14,578:INFO:Epoch 126, Training loss 108480.138671875, Validation loss 108550.34375
2022-01-24 14:11:16,970:INFO:Epoch 127, Training loss 108482.212890625, Validation loss 108548.412109375
2022-01-24 14:11:19,374:INFO:Epoch 128, Training loss 108479.7890625, Validation loss 108548.865234375
2022-01-24 14:11:21,773:INFO:Epoch 129, Training loss 108478.30859375, Validation loss 108554.228515625
2022-01-24 14:11:24,209:INFO:Epoch 130, Training loss 108481.896484375, Validation loss 108549.462890625
2022-01-24 14:11:26,618:INFO:Epoch 131, Training loss 108478.365234375, Validation loss 108548.423828125
2022-01-24 14:11:29,024:INFO:Epoch 132, Training loss 108479.083984375, Validation loss 108553.220703125
2022-01-24 14:11:31,432:INFO:Epoch 133, Training loss 108477.33203125, Validation loss 108548.728515625
2022-01-24 14:11:33,860:INFO:Epoch 134, Training loss 108483.939453125, Validation loss 108551.177734375
2022-01-24 14:11:36,272:INFO:Epoch 135, Training loss 108477.9453125, Validation loss 108551.470703125
2022-01-24 14:11:38,652:INFO:Epoch 136, Training loss 108477.53125, Validation loss 108551.849609375
2022-01-24 14:11:41,068:INFO:Epoch 137, Training loss 108475.90234375, Validation loss 108551.58203125
2022-01-24 14:11:43,486:INFO:Epoch 138, Training loss 108476.853515625, Validation loss 108552.9453125
2022-01-24 14:11:45,905:INFO:Epoch 139, Training loss 108478.123046875, Validation loss 108556.513671875
2022-01-24 14:11:48,283:INFO:Epoch 140, Training loss 108480.58203125, Validation loss 108551.4921875
2022-01-24 14:11:50,707:INFO:Epoch 141, Training loss 108477.896484375, Validation loss 108552.634765625
2022-01-24 14:11:53,085:INFO:Epoch 142, Training loss 108481.21484375, Validation loss 108553.529296875
2022-01-24 14:11:55,535:INFO:Epoch 143, Training loss 108479.935546875, Validation loss 108556.560546875
2022-01-24 14:11:57,915:INFO:Epoch 144, Training loss 108477.384765625, Validation loss 108553.369140625
2022-01-24 14:12:00,325:INFO:Epoch 145, Training loss 108477.6953125, Validation loss 108558.181640625
2022-01-24 14:12:02,710:INFO:Epoch 146, Training loss 108481.08203125, Validation loss 108554.50390625
2022-01-24 14:12:05,150:INFO:Epoch 147, Training loss 108479.626953125, Validation loss 108555.125
2022-01-24 14:12:07,537:INFO:Epoch 148, Training loss 108477.068359375, Validation loss 108560.578125
2022-01-24 14:12:09,940:INFO:Epoch 149, Training loss 108480.15625, Validation loss 108550.353515625
2022-01-24 14:12:12,341:INFO:Epoch 150, Training loss 108477.48046875, Validation loss 108557.923828125
2022-01-24 14:12:14,775:INFO:Epoch 151, Training loss 108477.935546875, Validation loss 108563.72265625
2022-01-24 14:12:17,179:INFO:Epoch 152, Training loss 108476.9453125, Validation loss 108550.86328125
2022-01-24 14:12:19,569:INFO:Epoch 153, Training loss 108473.275390625, Validation loss 108551.810546875
2022-01-24 14:12:21,973:INFO:Epoch 154, Training loss 108473.53515625, Validation loss 108563.609375
2022-01-24 14:12:24,388:INFO:Epoch 155, Training loss 108476.541015625, Validation loss 108551.21875
2022-01-24 14:12:26,796:INFO:Epoch 156, Training loss 108476.880859375, Validation loss 108555.669921875
2022-01-24 14:12:29,185:INFO:Epoch 157, Training loss 108472.453125, Validation loss 108559.548828125
2022-01-24 14:12:29,191:INFO:Finished training
