2.080087890625000000e+05
2.080087890625000000e+05
2.080087890625000000e+05
2.080087890625000000e+05
2.080087890625000000e+05
2.080087890625000000e+05
2.080087890625000000e+05
2.080087890625000000e+05
2.080087890625000000e+05
2.080087890625000000e+05
2.080087890625000000e+05
1.293477480468750000e+05
1.230142480468750000e+05
1.178847070312500000e+05
1.141290371093750000e+05
1.112794082031250000e+05
1.097233007812500000e+05
1.096672304687500000e+05
1.096703828125000000e+05
1.093758105468750000e+05
1.092138046875000000e+05
1.091765253906250000e+05
1.091361132812500000e+05
1.090884843750000000e+05
1.090492460937500000e+05
1.090252636718750000e+05
1.090056113281250000e+05
1.089853027343750000e+05
1.089690488281250000e+05
1.089535156250000000e+05
1.089403144531250000e+05
1.089255820312500000e+05
1.089124863281250000e+05
1.089006523437500000e+05
1.088890800781250000e+05
1.088797187500000000e+05
1.088695546875000000e+05
1.088614316406250000e+05
1.088531699218750000e+05
1.088468847656250000e+05
1.088404707031250000e+05
1.088351503906250000e+05
1.088294707031250000e+05
1.088250019531250000e+05
1.088207636718750000e+05
1.088177753906250000e+05
1.088142988281250000e+05
1.088120996093750000e+05
1.088104257812500000e+05
1.088094511718750000e+05
1.088077558593750000e+05
1.088071894531250000e+05
1.088062265625000000e+05
1.088055117187500000e+05
1.088049492187500000e+05
1.088042695312500000e+05
1.088041875000000000e+05
1.088037324218750000e+05
1.088032128906250000e+05
1.088028164062500000e+05
1.088020175781250000e+05
1.088018300781250000e+05
1.088024277343750000e+05
1.088015605468750000e+05
1.088016738281250000e+05
1.088012714843750000e+05
1.088015800781250000e+05
1.088006914062500000e+05
1.088002031250000000e+05
1.088006855468750000e+05
1.087999257812500000e+05
1.088017031250000000e+05
1.087996386718750000e+05
1.088001835937500000e+05
1.087995273437500000e+05
1.087999628906250000e+05
1.087999863281250000e+05
1.088004804687500000e+05
1.087990625000000000e+05
1.087988515625000000e+05
1.087986816406250000e+05
1.087987421875000000e+05
1.087983164062500000e+05
1.087985429687500000e+05
1.087987988281250000e+05
1.087982792968750000e+05
1.087977734375000000e+05
1.087975878906250000e+05
1.087975039062500000e+05
1.087973203125000000e+05
1.087974316406250000e+05
1.087976386718750000e+05
1.087968925781250000e+05
1.087969160156250000e+05
1.087966972656250000e+05
1.087969472656250000e+05
