2022-03-03 14:19:25,583:INFO:All directories created, ready to load the data
2022-03-03 14:19:25,656:INFO:Dataset loaded from /data/theorie/jthoeve/training_data/zh/features_mzh_y_ptz_v2/lin/cHq3/events_27.pkl.gz
2022-03-03 14:19:25,706:INFO:Dataset loaded from /data/theorie/jthoeve/training_data/zh/features_mzh_y_ptz_v2/sm/events_27.pkl.gz
2022-03-03 14:19:28,050:INFO:Epoch 1, Training loss 78368.9365234375, Validation loss 75410.1630859375
2022-03-03 14:19:30,440:INFO:Epoch 2, Training loss 74593.7685546875, Validation loss 73883.1572265625
2022-03-03 14:19:32,756:INFO:Epoch 3, Training loss 73804.1923828125, Validation loss 73853.3056640625
2022-03-03 14:19:35,079:INFO:Epoch 4, Training loss 73918.2265625, Validation loss 74011.208984375
2022-03-03 14:19:37,406:INFO:Epoch 5, Training loss 73994.8525390625, Validation loss 73964.56640625
2022-03-03 14:19:39,785:INFO:Epoch 6, Training loss 73905.1103515625, Validation loss 73843.8583984375
2022-03-03 14:19:42,108:INFO:Epoch 7, Training loss 73800.0, Validation loss 73769.6923828125
2022-03-03 14:19:44,429:INFO:Epoch 8, Training loss 73752.822265625, Validation loss 73755.40234375
2022-03-03 14:19:46,759:INFO:Epoch 9, Training loss 73752.099609375, Validation loss 73763.4677734375
2022-03-03 14:19:49,125:INFO:Epoch 10, Training loss 73758.9521484375, Validation loss 73764.578125
2022-03-03 14:19:51,452:INFO:Epoch 11, Training loss 73756.205078125, Validation loss 73756.9638671875
2022-03-03 14:19:53,746:INFO:Epoch 12, Training loss 73748.4970703125, Validation loss 73750.4208984375
2022-03-03 14:19:56,076:INFO:Epoch 13, Training loss 73743.8642578125, Validation loss 73748.833984375
2022-03-03 14:19:58,420:INFO:Epoch 14, Training loss 73743.283203125, Validation loss 73748.650390625
2022-03-03 14:20:00,769:INFO:Epoch 15, Training loss 73743.0185546875, Validation loss 73747.2216796875
2022-03-03 14:20:03,053:INFO:Epoch 16, Training loss 73742.2294921875, Validation loss 73745.5029296875
2022-03-03 14:20:05,397:INFO:Epoch 17, Training loss 73741.7822265625, Validation loss 73745.013671875
2022-03-03 14:20:07,690:INFO:Epoch 18, Training loss 73741.6240234375, Validation loss 73744.7314453125
2022-03-03 14:20:10,078:INFO:Epoch 19, Training loss 73741.0556640625, Validation loss 73744.7978515625
2022-03-03 14:20:12,407:INFO:Epoch 20, Training loss 73740.830078125, Validation loss 73744.8525390625
2022-03-03 14:20:14,754:INFO:Epoch 21, Training loss 73740.580078125, Validation loss 73744.990234375
2022-03-03 14:20:17,059:INFO:Epoch 22, Training loss 73740.43359375, Validation loss 73744.9189453125
2022-03-03 14:20:19,443:INFO:Epoch 23, Training loss 73740.1630859375, Validation loss 73745.04296875
2022-03-03 14:20:21,751:INFO:Epoch 24, Training loss 73740.0205078125, Validation loss 73745.0263671875
2022-03-03 14:20:24,075:INFO:Epoch 25, Training loss 73739.84765625, Validation loss 73744.955078125
2022-03-03 14:20:26,392:INFO:Epoch 26, Training loss 73739.6474609375, Validation loss 73744.802734375
2022-03-03 14:20:28,765:INFO:Epoch 27, Training loss 73739.515625, Validation loss 73744.8193359375
2022-03-03 14:20:31,086:INFO:Epoch 28, Training loss 73739.443359375, Validation loss 73744.7763671875
2022-03-03 14:20:33,415:INFO:Epoch 29, Training loss 73739.287109375, Validation loss 73744.697265625
2022-03-03 14:20:35,741:INFO:Epoch 30, Training loss 73739.146484375, Validation loss 73744.66015625
2022-03-03 14:20:38,101:INFO:Epoch 31, Training loss 73739.2041015625, Validation loss 73744.5244140625
2022-03-03 14:20:40,427:INFO:Epoch 32, Training loss 73738.87109375, Validation loss 73744.6455078125
2022-03-03 14:20:42,723:INFO:Epoch 33, Training loss 73738.775390625, Validation loss 73744.732421875
2022-03-03 14:20:45,064:INFO:Epoch 34, Training loss 73738.634765625, Validation loss 73744.77734375
2022-03-03 14:20:47,409:INFO:Epoch 35, Training loss 73738.48046875, Validation loss 73744.6533203125
2022-03-03 14:20:49,745:INFO:Epoch 36, Training loss 73738.2548828125, Validation loss 73744.7421875
2022-03-03 14:20:52,035:INFO:Epoch 37, Training loss 73738.1474609375, Validation loss 73744.7099609375
2022-03-03 14:20:54,382:INFO:Epoch 38, Training loss 73737.9931640625, Validation loss 73744.775390625
2022-03-03 14:20:56,673:INFO:Epoch 39, Training loss 73737.802734375, Validation loss 73744.68359375
2022-03-03 14:20:59,071:INFO:Epoch 40, Training loss 73737.8515625, Validation loss 73744.861328125
2022-03-03 14:21:01,560:INFO:Epoch 41, Training loss 73737.5478515625, Validation loss 73744.71875
2022-03-03 14:21:03,904:INFO:Epoch 42, Training loss 73737.3955078125, Validation loss 73744.7646484375
2022-03-03 14:21:06,206:INFO:Epoch 43, Training loss 73737.26953125, Validation loss 73744.744140625
2022-03-03 14:21:08,596:INFO:Epoch 44, Training loss 73737.3447265625, Validation loss 73744.7041015625
2022-03-03 14:21:10,904:INFO:Epoch 45, Training loss 73736.9921875, Validation loss 73744.7294921875
2022-03-03 14:21:13,223:INFO:Epoch 46, Training loss 73736.7412109375, Validation loss 73744.740234375
2022-03-03 14:21:15,542:INFO:Epoch 47, Training loss 73736.5830078125, Validation loss 73744.796875
2022-03-03 14:21:17,911:INFO:Epoch 48, Training loss 73736.501953125, Validation loss 73744.74609375
2022-03-03 14:21:20,231:INFO:Epoch 49, Training loss 73736.2958984375, Validation loss 73745.048828125
2022-03-03 14:21:22,532:INFO:Epoch 50, Training loss 73736.0830078125, Validation loss 73744.8857421875
2022-03-03 14:21:24,849:INFO:Epoch 51, Training loss 73735.998046875, Validation loss 73745.0166015625
2022-03-03 14:21:27,210:INFO:Epoch 52, Training loss 73735.8681640625, Validation loss 73744.9638671875
2022-03-03 14:21:29,554:INFO:Epoch 53, Training loss 73735.498046875, Validation loss 73745.0322265625
2022-03-03 14:21:31,848:INFO:Epoch 54, Training loss 73735.39453125, Validation loss 73745.1787109375
2022-03-03 14:21:34,192:INFO:Epoch 55, Training loss 73735.2646484375, Validation loss 73745.126953125
2022-03-03 14:21:36,534:INFO:Epoch 56, Training loss 73734.9697265625, Validation loss 73745.3115234375
2022-03-03 14:21:38,875:INFO:Epoch 57, Training loss 73734.6962890625, Validation loss 73745.2470703125
2022-03-03 14:21:41,157:INFO:Epoch 58, Training loss 73734.447265625, Validation loss 73744.9658203125
2022-03-03 14:21:43,496:INFO:Epoch 59, Training loss 73734.6396484375, Validation loss 73745.013671875
2022-03-03 14:21:45,793:INFO:Epoch 60, Training loss 73734.072265625, Validation loss 73745.3515625
2022-03-03 14:21:48,179:INFO:Epoch 61, Training loss 73734.009765625, Validation loss 73745.12890625
2022-03-03 14:21:50,476:INFO:Epoch 62, Training loss 73733.91015625, Validation loss 73745.0068359375
2022-03-03 14:21:52,820:INFO:Epoch 63, Training loss 73733.5498046875, Validation loss 73745.580078125
2022-03-03 14:21:55,128:INFO:Epoch 64, Training loss 73733.3447265625, Validation loss 73745.6240234375
2022-03-03 14:21:57,515:INFO:Epoch 65, Training loss 73733.125, Validation loss 73745.19921875
2022-03-03 14:21:59,830:INFO:Epoch 66, Training loss 73732.9521484375, Validation loss 73745.65234375
2022-03-03 14:22:02,156:INFO:Epoch 67, Training loss 73732.583984375, Validation loss 73745.775390625
2022-03-03 14:22:04,475:INFO:Epoch 68, Training loss 73732.267578125, Validation loss 73745.763671875
2022-03-03 14:22:06,843:INFO:Epoch 69, Training loss 73731.9833984375, Validation loss 73745.8017578125
2022-03-03 14:22:09,162:INFO:Epoch 70, Training loss 73731.857421875, Validation loss 73745.970703125
2022-03-03 14:22:11,470:INFO:Epoch 71, Training loss 73731.662109375, Validation loss 73745.841796875
2022-03-03 14:22:13,750:INFO:Epoch 72, Training loss 73731.369140625, Validation loss 73746.162109375
2022-03-03 14:22:16,044:INFO:Epoch 73, Training loss 73731.2431640625, Validation loss 73746.87890625
2022-03-03 14:22:18,310:INFO:Epoch 74, Training loss 73731.6962890625, Validation loss 73746.271484375
2022-03-03 14:22:20,539:INFO:Epoch 75, Training loss 73730.92578125, Validation loss 73747.32421875
2022-03-03 14:22:22,805:INFO:Epoch 76, Training loss 73731.150390625, Validation loss 73747.1484375
2022-03-03 14:22:25,088:INFO:Epoch 77, Training loss 73730.53515625, Validation loss 73747.1943359375
2022-03-03 14:22:27,383:INFO:Epoch 78, Training loss 73729.97265625, Validation loss 73747.3212890625
2022-03-03 14:22:29,611:INFO:Epoch 79, Training loss 73729.736328125, Validation loss 73747.44921875
2022-03-03 14:22:31,903:INFO:Epoch 80, Training loss 73729.3515625, Validation loss 73747.1728515625
2022-03-03 14:22:34,347:INFO:Epoch 81, Training loss 73729.1201171875, Validation loss 73747.255859375
2022-03-03 14:22:34,354:INFO:Finished training
