2022-01-24 14:09:39,338:INFO:All directories created, ready to load the data
2022-01-24 14:09:39,404:INFO:Dataset loaded from /data/theorie/jthoeve/event_generation/events_high_stats/pT/lin/cHq3/events_23.npy
2022-01-24 14:09:39,409:INFO:Dataset loaded from /data/theorie/jthoeve/event_generation/events_high_stats/pT/sm/events_23.npy
2022-01-24 14:09:41,810:INFO:Epoch 1, Training loss 84639.74609375, Validation loss 84639.74609375
2022-01-24 14:09:44,216:INFO:Epoch 2, Training loss 84639.74609375, Validation loss 84639.74609375
2022-01-24 14:09:46,608:INFO:Epoch 3, Training loss 84639.74609375, Validation loss 84639.74609375
2022-01-24 14:09:49,021:INFO:Epoch 4, Training loss 84639.74609375, Validation loss 84639.74609375
2022-01-24 14:09:51,413:INFO:Epoch 5, Training loss 84639.74609375, Validation loss 84639.74609375
2022-01-24 14:09:53,795:INFO:Epoch 6, Training loss 84639.74609375, Validation loss 84639.74609375
2022-01-24 14:09:56,188:INFO:Epoch 7, Training loss 84639.74609375, Validation loss 84639.74609375
2022-01-24 14:09:58,590:INFO:Epoch 8, Training loss 84639.74609375, Validation loss 84639.74609375
2022-01-24 14:10:00,982:INFO:Epoch 9, Training loss 84639.74609375, Validation loss 84639.74609375
2022-01-24 14:10:03,357:INFO:Epoch 10, Training loss 84639.74609375, Validation loss 84639.74609375
2022-01-24 14:10:05,763:INFO:Epoch 11, Training loss 84639.74609375, Validation loss 84639.74609375
2022-01-24 14:10:05,767:INFO:Detected stagant training, reset the weights
2022-01-24 14:10:08,161:INFO:Epoch 12, Training loss 84639.74609375, Validation loss 84639.74609375
2022-01-24 14:10:08,164:INFO:Detected stagant training, reset the weights
2022-01-24 14:10:10,559:INFO:Epoch 13, Training loss 73755.4443359375, Validation loss 73752.4287109375
2022-01-24 14:10:12,920:INFO:Epoch 14, Training loss 73745.677734375, Validation loss 73750.111328125
2022-01-24 14:10:15,334:INFO:Epoch 15, Training loss 73744.169921875, Validation loss 73749.130859375
2022-01-24 14:10:17,707:INFO:Epoch 16, Training loss 73742.8134765625, Validation loss 73748.3271484375
2022-01-24 14:10:20,136:INFO:Epoch 17, Training loss 73741.6962890625, Validation loss 73747.1640625
2022-01-24 14:10:22,497:INFO:Epoch 18, Training loss 73740.3837890625, Validation loss 73746.546875
2022-01-24 14:10:24,895:INFO:Epoch 19, Training loss 73739.6025390625, Validation loss 73748.0615234375
2022-01-24 14:10:27,272:INFO:Epoch 20, Training loss 73738.3388671875, Validation loss 73749.912109375
2022-01-24 14:10:29,701:INFO:Epoch 21, Training loss 73737.3740234375, Validation loss 73748.84765625
2022-01-24 14:10:32,088:INFO:Epoch 22, Training loss 73737.5654296875, Validation loss 73748.580078125
2022-01-24 14:10:34,484:INFO:Epoch 23, Training loss 73735.8544921875, Validation loss 73751.3564453125
2022-01-24 14:10:36,869:INFO:Epoch 24, Training loss 73736.658203125, Validation loss 73753.76953125
2022-01-24 14:10:39,282:INFO:Epoch 25, Training loss 73735.419921875, Validation loss 73751.533203125
2022-01-24 14:10:41,689:INFO:Epoch 26, Training loss 73735.443359375, Validation loss 73751.6572265625
2022-01-24 14:10:44,074:INFO:Epoch 27, Training loss 73734.0771484375, Validation loss 73754.123046875
2022-01-24 14:10:46,474:INFO:Epoch 28, Training loss 73733.6572265625, Validation loss 73755.5654296875
2022-01-24 14:10:48,881:INFO:Epoch 29, Training loss 73733.412109375, Validation loss 73755.3720703125
2022-01-24 14:10:51,277:INFO:Epoch 30, Training loss 73732.2421875, Validation loss 73755.216796875
2022-01-24 14:10:53,651:INFO:Epoch 31, Training loss 73732.8642578125, Validation loss 73757.1376953125
2022-01-24 14:10:56,056:INFO:Epoch 32, Training loss 73731.7900390625, Validation loss 73756.5478515625
2022-01-24 14:10:58,458:INFO:Epoch 33, Training loss 73731.087890625, Validation loss 73755.5888671875
2022-01-24 14:11:00,863:INFO:Epoch 34, Training loss 73731.134765625, Validation loss 73755.755859375
2022-01-24 14:11:03,223:INFO:Epoch 35, Training loss 73730.533203125, Validation loss 73758.7138671875
2022-01-24 14:11:05,632:INFO:Epoch 36, Training loss 73730.232421875, Validation loss 73757.1640625
2022-01-24 14:11:08,004:INFO:Epoch 37, Training loss 73729.5234375, Validation loss 73759.9755859375
2022-01-24 14:11:10,438:INFO:Epoch 38, Training loss 73729.3544921875, Validation loss 73758.6435546875
2022-01-24 14:11:12,815:INFO:Epoch 39, Training loss 73729.3037109375, Validation loss 73760.5078125
2022-01-24 14:11:15,211:INFO:Epoch 40, Training loss 73728.28515625, Validation loss 73759.0546875
2022-01-24 14:11:17,589:INFO:Epoch 41, Training loss 73727.337890625, Validation loss 73759.828125
2022-01-24 14:11:20,022:INFO:Epoch 42, Training loss 73727.98828125, Validation loss 73759.9912109375
2022-01-24 14:11:22,407:INFO:Epoch 43, Training loss 73726.9931640625, Validation loss 73761.2744140625
2022-01-24 14:11:24,799:INFO:Epoch 44, Training loss 73726.72265625, Validation loss 73762.9375
2022-01-24 14:11:27,185:INFO:Epoch 45, Training loss 73726.40234375, Validation loss 73759.427734375
2022-01-24 14:11:29,609:INFO:Epoch 46, Training loss 73727.8037109375, Validation loss 73759.2587890625
2022-01-24 14:11:31,994:INFO:Epoch 47, Training loss 73725.2041015625, Validation loss 73763.490234375
2022-01-24 14:11:34,376:INFO:Epoch 48, Training loss 73724.79296875, Validation loss 73763.5986328125
2022-01-24 14:11:36,774:INFO:Epoch 49, Training loss 73724.67578125, Validation loss 73762.7138671875
2022-01-24 14:11:39,179:INFO:Epoch 50, Training loss 73724.19921875, Validation loss 73764.9453125
2022-01-24 14:11:41,573:INFO:Epoch 51, Training loss 73725.83984375, Validation loss 73761.18359375
2022-01-24 14:11:43,951:INFO:Epoch 52, Training loss 73723.384765625, Validation loss 73762.7490234375
2022-01-24 14:11:46,360:INFO:Epoch 53, Training loss 73722.7802734375, Validation loss 73765.0888671875
2022-01-24 14:11:48,769:INFO:Epoch 54, Training loss 73721.4833984375, Validation loss 73764.455078125
2022-01-24 14:11:51,190:INFO:Epoch 55, Training loss 73721.298828125, Validation loss 73765.2802734375
2022-01-24 14:11:53,567:INFO:Epoch 56, Training loss 73722.4658203125, Validation loss 73766.3681640625
2022-01-24 14:11:55,984:INFO:Epoch 57, Training loss 73719.6142578125, Validation loss 73766.416015625
2022-01-24 14:11:58,360:INFO:Epoch 58, Training loss 73719.9326171875, Validation loss 73766.7958984375
2022-01-24 14:12:00,801:INFO:Epoch 59, Training loss 73719.1103515625, Validation loss 73766.3330078125
2022-01-24 14:12:03,173:INFO:Epoch 60, Training loss 73718.505859375, Validation loss 73767.1240234375
2022-01-24 14:12:05,554:INFO:Epoch 61, Training loss 73718.0498046875, Validation loss 73769.4169921875
2022-01-24 14:12:07,911:INFO:Epoch 62, Training loss 73717.794921875, Validation loss 73767.9033203125
2022-01-24 14:12:10,312:INFO:Epoch 63, Training loss 73718.482421875, Validation loss 73768.341796875
2022-01-24 14:12:12,676:INFO:Epoch 64, Training loss 73718.6630859375, Validation loss 73769.2314453125
2022-01-24 14:12:15,044:INFO:Epoch 65, Training loss 73716.142578125, Validation loss 73768.4833984375
2022-01-24 14:12:17,404:INFO:Epoch 66, Training loss 73717.73828125, Validation loss 73771.6220703125
2022-01-24 14:12:19,799:INFO:Epoch 67, Training loss 73717.068359375, Validation loss 73771.537109375
2022-01-24 14:12:22,169:INFO:Epoch 68, Training loss 73716.8564453125, Validation loss 73771.2333984375
2022-01-24 14:12:22,175:INFO:Finished training
