7.505224121093750000e+04
7.407172070312500000e+04
7.381540527343750000e+04
7.385069921875000000e+04
7.386493261718750000e+04
7.382753320312500000e+04
7.380219335937500000e+04
7.380170800781250000e+04
7.380217187500000000e+04
7.379805664062500000e+04
7.379568554687500000e+04
7.379543261718750000e+04
7.379545800781250000e+04
7.379509375000000000e+04
7.379455761718750000e+04
7.379412011718750000e+04
7.379395019531250000e+04
7.379358007812500000e+04
7.379329492187500000e+04
7.379291210937500000e+04
7.379269628906250000e+04
7.379240234375000000e+04
7.379204785156250000e+04
7.379186425781250000e+04
7.379172656250000000e+04
7.379141210937500000e+04
7.379144042968750000e+04
7.379116699218750000e+04
7.379105859375000000e+04
7.379053710937500000e+04
7.379013671875000000e+04
7.379005566406250000e+04
7.378983007812500000e+04
7.378942382812500000e+04
7.378935546875000000e+04
7.378932031250000000e+04
7.378873828125000000e+04
7.378858984375000000e+04
7.378816992187500000e+04
7.378766210937500000e+04
7.378770507812500000e+04
7.378707910156250000e+04
7.378666210937500000e+04
7.378639062500000000e+04
7.378612304687500000e+04
7.378564550781250000e+04
7.378520605468750000e+04
7.378469824218750000e+04
7.378433984375000000e+04
7.378360253906250000e+04
7.378326464843750000e+04
7.378268261718750000e+04
7.378259082031250000e+04
7.378183300781250000e+04
7.378150585937500000e+04
7.378059863281250000e+04
7.377959472656250000e+04
