8.468100781250000000e+04
8.468100781250000000e+04
8.468100781250000000e+04
8.468100781250000000e+04
8.468100781250000000e+04
8.468100781250000000e+04
8.468100781250000000e+04
8.468100781250000000e+04
8.468100781250000000e+04
8.468100781250000000e+04
8.468100781250000000e+04
8.468100781250000000e+04
7.446064062500000000e+04
7.438482031250000000e+04
7.428811718750000000e+04
7.418303906250000000e+04
7.407671875000000000e+04
7.397657031250000000e+04
7.389040625000000000e+04
7.382582031250000000e+04
7.378956250000000000e+04
7.378500781250000000e+04
7.380820312500000000e+04
7.384390625000000000e+04
7.387283593750000000e+04
7.388440625000000000e+04
7.387842187500000000e+04
7.386047656250000000e+04
7.383748437500000000e+04
7.381520312500000000e+04
7.379698437500000000e+04
7.378449218750000000e+04
7.377782812500000000e+04
7.377605468750000000e+04
7.377775781250000000e+04
7.378148437500000000e+04
7.378585156250000000e+04
7.378970312500000000e+04
7.379227343750000000e+04
7.379320312500000000e+04
7.379249218750000000e+04
7.379039843750000000e+04
7.378735156250000000e+04
7.378384375000000000e+04
7.378035156250000000e+04
7.377731250000000000e+04
7.377503125000000000e+04
7.377367187500000000e+04
7.377320312500000000e+04
7.377346093750000000e+04
7.377416406250000000e+04
7.377502343750000000e+04
7.377574218750000000e+04
7.377611718750000000e+04
7.377605468750000000e+04
7.377557812500000000e+04
7.377477343750000000e+04
7.377378906250000000e+04
7.377284375000000000e+04
7.377208593750000000e+04
7.377160156250000000e+04
7.377140625000000000e+04
7.377145312500000000e+04
7.377164843750000000e+04
7.377187500000000000e+04
7.377203906250000000e+04
7.377207031250000000e+04
7.377194531250000000e+04
7.377170312500000000e+04
7.377137500000000000e+04
7.377104687500000000e+04
7.377076562500000000e+04
7.377056250000000000e+04
7.377043750000000000e+04
7.377039062500000000e+04
7.377039843750000000e+04
7.377041406250000000e+04
7.377042968750000000e+04
7.377039843750000000e+04
7.377032812500000000e+04
7.377021875000000000e+04
7.377008593750000000e+04
7.376995312500000000e+04
7.376984375000000000e+04
7.376975781250000000e+04
7.376969531250000000e+04
7.376964843750000000e+04
7.376961718750000000e+04
7.376958593750000000e+04
7.376953125000000000e+04
7.376946875000000000e+04
7.376939843750000000e+04
7.376931250000000000e+04
7.376923437500000000e+04
7.376916406250000000e+04
7.376910156250000000e+04
7.376904687500000000e+04
7.376898437500000000e+04
7.376892968750000000e+04
7.376887500000000000e+04
7.376881250000000000e+04
7.376873437500000000e+04
7.376867187500000000e+04
7.376860156250000000e+04
7.376854687500000000e+04
7.376849218750000000e+04
7.376844531250000000e+04
7.376839843750000000e+04
7.376834375000000000e+04
7.376828906250000000e+04
7.376823437500000000e+04
7.376817968750000000e+04
7.376813281250000000e+04
7.376809375000000000e+04
7.376805468750000000e+04
7.376800781250000000e+04
7.376796093750000000e+04
7.376792187500000000e+04
7.376788281250000000e+04
7.376783593750000000e+04
7.376778906250000000e+04
7.376774218750000000e+04
7.376770312500000000e+04
7.376765625000000000e+04
