2021-11-17 17:54:11,604:INFO:All directories created, ready to load the data
2021-11-17 17:54:11,678:INFO:Dataset loaded from /data/theorie/jthoeve/event_generation/events_high_stats/lin/cHW/events_24.npy
2021-11-17 17:54:11,719:INFO:Dataset loaded from /data/theorie/jthoeve/event_generation/events_high_stats/sm/events_24.npy
2021-11-17 17:54:15,277:INFO:Epoch 1, Training loss 144853.22265625, Validation loss 137065.5234375
2021-11-17 17:54:18,766:INFO:Epoch 2, Training loss 133013.77734375, Validation loss 127378.982421875
2021-11-17 17:54:22,243:INFO:Epoch 3, Training loss 124375.263671875, Validation loss 120204.58203125
2021-11-17 17:54:25,677:INFO:Epoch 4, Training loss 118108.89453125, Validation loss 115229.853515625
2021-11-17 17:54:29,058:INFO:Epoch 5, Training loss 113878.259765625, Validation loss 112035.953125
2021-11-17 17:54:32,386:INFO:Epoch 6, Training loss 111297.99609375, Validation loss 110327.01171875
2021-11-17 17:54:35,704:INFO:Epoch 7, Training loss 110094.7109375, Validation loss 109799.65625
2021-11-17 17:54:39,120:INFO:Epoch 8, Training loss 109852.513671875, Validation loss 109851.8125
2021-11-17 17:54:42,575:INFO:Epoch 9, Training loss 109920.02734375, Validation loss 109871.361328125
2021-11-17 17:54:46,068:INFO:Epoch 10, Training loss 109860.4609375, Validation loss 109723.79296875
2021-11-17 17:54:49,531:INFO:Epoch 11, Training loss 109696.80859375, Validation loss 109561.517578125
2021-11-17 17:54:53,019:INFO:Epoch 12, Training loss 109561.001953125, Validation loss 109472.060546875
2021-11-17 17:54:56,500:INFO:Epoch 13, Training loss 109495.791015625, Validation loss 109433.818359375
2021-11-17 17:54:59,955:INFO:Epoch 14, Training loss 109457.1328125, Validation loss 109390.8515625
2021-11-17 17:55:03,391:INFO:Epoch 15, Training loss 109408.533203125, Validation loss 109341.453125
2021-11-17 17:55:06,780:INFO:Epoch 16, Training loss 109359.94921875, Validation loss 109304.546875
2021-11-17 17:55:10,124:INFO:Epoch 17, Training loss 109324.412109375, Validation loss 109275.921875
2021-11-17 17:55:13,425:INFO:Epoch 18, Training loss 109293.1953125, Validation loss 109246.029296875
2021-11-17 17:55:16,813:INFO:Epoch 19, Training loss 109260.80078125, Validation loss 109219.546875
2021-11-17 17:55:20,265:INFO:Epoch 20, Training loss 109233.4453125, Validation loss 109196.58203125
2021-11-17 17:55:23,795:INFO:Epoch 21, Training loss 109209.037109375, Validation loss 109174.041015625
2021-11-17 17:55:27,251:INFO:Epoch 22, Training loss 109185.017578125, Validation loss 109153.16015625
2021-11-17 17:55:30,740:INFO:Epoch 23, Training loss 109162.544921875, Validation loss 109133.587890625
2021-11-17 17:55:34,201:INFO:Epoch 24, Training loss 109140.8984375, Validation loss 109114.96875
2021-11-17 17:55:37,739:INFO:Epoch 25, Training loss 109121.087890625, Validation loss 109097.515625
2021-11-17 17:55:41,184:INFO:Epoch 26, Training loss 109101.578125, Validation loss 109081.1875
2021-11-17 17:55:44,563:INFO:Epoch 27, Training loss 109083.51953125, Validation loss 109066.052734375
2021-11-17 17:55:47,907:INFO:Epoch 28, Training loss 109066.78125, Validation loss 109051.412109375
2021-11-17 17:55:51,272:INFO:Epoch 29, Training loss 109050.349609375, Validation loss 109038.189453125
2021-11-17 17:55:54,636:INFO:Epoch 30, Training loss 109035.490234375, Validation loss 109025.86328125
2021-11-17 17:55:58,098:INFO:Epoch 31, Training loss 109020.759765625, Validation loss 109014.849609375
2021-11-17 17:56:01,573:INFO:Epoch 32, Training loss 109007.9609375, Validation loss 109004.61328125
2021-11-17 17:56:05,070:INFO:Epoch 33, Training loss 108996.2578125, Validation loss 108995.08984375
2021-11-17 17:56:08,564:INFO:Epoch 34, Training loss 108985.259765625, Validation loss 108986.90625
2021-11-17 17:56:12,026:INFO:Epoch 35, Training loss 108975.064453125, Validation loss 108979.958984375
2021-11-17 17:56:15,518:INFO:Epoch 36, Training loss 108966.65234375, Validation loss 108973.09765625
2021-11-17 17:56:19,000:INFO:Epoch 37, Training loss 108957.595703125, Validation loss 108966.935546875
2021-11-17 17:56:22,371:INFO:Epoch 38, Training loss 108949.712890625, Validation loss 108963.048828125
2021-11-17 17:56:25,686:INFO:Epoch 39, Training loss 108943.724609375, Validation loss 108959.91796875
2021-11-17 17:56:29,032:INFO:Epoch 40, Training loss 108938.716796875, Validation loss 108958.025390625
2021-11-17 17:56:32,352:INFO:Epoch 41, Training loss 108936.001953125, Validation loss 108956.833984375
2021-11-17 17:56:35,859:INFO:Epoch 42, Training loss 108932.474609375, Validation loss 108955.763671875
2021-11-17 17:56:39,335:INFO:Epoch 43, Training loss 108930.693359375, Validation loss 108955.138671875
2021-11-17 17:56:42,845:INFO:Epoch 44, Training loss 108928.46875, Validation loss 108954.82421875
2021-11-17 17:56:46,304:INFO:Epoch 45, Training loss 108927.626953125, Validation loss 108954.908203125
2021-11-17 17:56:49,830:INFO:Epoch 46, Training loss 108925.962890625, Validation loss 108956.009765625
2021-11-17 17:56:53,303:INFO:Epoch 47, Training loss 108925.431640625, Validation loss 108956.73828125
2021-11-17 17:56:56,824:INFO:Epoch 48, Training loss 108924.720703125, Validation loss 108956.208984375
2021-11-17 17:57:00,217:INFO:Epoch 49, Training loss 108923.970703125, Validation loss 108956.0390625
2021-11-17 17:57:03,605:INFO:Epoch 50, Training loss 108923.91796875, Validation loss 108955.9296875
2021-11-17 17:57:06,959:INFO:Epoch 51, Training loss 108923.162109375, Validation loss 108955.82421875
2021-11-17 17:57:10,311:INFO:Epoch 52, Training loss 108923.25390625, Validation loss 108956.056640625
2021-11-17 17:57:13,796:INFO:Epoch 53, Training loss 108922.681640625, Validation loss 108956.412109375
2021-11-17 17:57:17,352:INFO:Epoch 54, Training loss 108922.3203125, Validation loss 108956.638671875
2021-11-17 17:57:20,871:INFO:Epoch 55, Training loss 108923.134765625, Validation loss 108956.263671875
2021-11-17 17:57:24,373:INFO:Epoch 56, Training loss 108922.298828125, Validation loss 108956.12109375
2021-11-17 17:57:27,906:INFO:Epoch 57, Training loss 108922.111328125, Validation loss 108955.97265625
2021-11-17 17:57:31,437:INFO:Epoch 58, Training loss 108922.1640625, Validation loss 108956.43359375
2021-11-17 17:57:34,964:INFO:Epoch 59, Training loss 108921.966796875, Validation loss 108955.958984375
2021-11-17 17:57:38,387:INFO:Epoch 60, Training loss 108921.41796875, Validation loss 108956.015625
2021-11-17 17:57:41,792:INFO:Epoch 61, Training loss 108921.19921875, Validation loss 108955.876953125
2021-11-17 17:57:45,128:INFO:Epoch 62, Training loss 108920.857421875, Validation loss 108955.44921875
2021-11-17 17:57:48,522:INFO:Epoch 63, Training loss 108920.810546875, Validation loss 108955.0234375
2021-11-17 17:57:51,967:INFO:Epoch 64, Training loss 108920.55078125, Validation loss 108955.04296875
2021-11-17 17:57:51,973:INFO:Finished training, producing training report at /data/theorie/jthoeve/ML4EFT_higgs/models/17_11/model_final_lin_cHW/mc_run_24/plots/training_report/
2021-11-17 17:57:52,290:WARNING:findfont: Font family ['sans-serif'] not found. Falling back to DejaVu Sans.
