1.895580312500000000e+05
1.605546816406250000e+05
1.415090371093750000e+05
1.275416699218750000e+05
1.179592343750000000e+05
1.126386210937500000e+05
1.103100761718750000e+05
1.097285605468750000e+05
1.098000351562500000e+05
1.098519804687500000e+05
1.097488769531250000e+05
1.096050488281250000e+05
1.095219433593750000e+05
1.094998691406250000e+05
1.094764062500000000e+05
1.094374531250000000e+05
1.093986328125000000e+05
1.093688476562500000e+05
1.093406093750000000e+05
1.093126210937500000e+05
1.092855703125000000e+05
1.092574902343750000e+05
1.092316250000000000e+05
1.092046347656250000e+05
1.091777167968750000e+05
1.091498339843750000e+05
1.091234628906250000e+05
1.090948593750000000e+05
1.090660390625000000e+05
1.090339902343750000e+05
1.090005703125000000e+05
1.089651777343750000e+05
1.089284804687500000e+05
1.088903652343750000e+05
1.088513496093750000e+05
1.088124609375000000e+05
1.087773378906250000e+05
1.087426406250000000e+05
1.087158339843750000e+05
1.086934882812500000e+05
1.086777480468750000e+05
1.086649941406250000e+05
1.086603515625000000e+05
1.086547949218750000e+05
1.086550332031250000e+05
1.086476269531250000e+05
1.086442929687500000e+05
1.086375625000000000e+05
1.086356113281250000e+05
1.086341132812500000e+05
1.086284863281250000e+05
1.086260898437500000e+05
1.086248925781250000e+05
1.086224335937500000e+05
1.086233339843750000e+05
1.086212714843750000e+05
1.086185527343750000e+05
1.086165156250000000e+05
1.086148964843750000e+05
1.086147988281250000e+05
1.086104980468750000e+05
1.086103320312500000e+05
1.086090898437500000e+05
1.086068886718750000e+05
1.086076621093750000e+05
1.086068652343750000e+05
1.086055390625000000e+05
1.086078300781250000e+05
1.086044589843750000e+05
1.086038105468750000e+05
1.086026406250000000e+05
1.086026093750000000e+05
1.085992187500000000e+05
1.085985039062500000e+05
1.085972207031250000e+05
1.085976250000000000e+05
1.086010859375000000e+05
1.085962714843750000e+05
1.085981562500000000e+05
1.085961777343750000e+05
1.085968417968750000e+05
1.085947070312500000e+05
1.085920136718750000e+05
1.085909609375000000e+05
1.085896855468750000e+05
1.085898925781250000e+05
1.085894667968750000e+05
1.085889316406250000e+05
1.085870644531250000e+05
1.085868476562500000e+05
1.085872695312500000e+05
1.085881992187500000e+05
1.085885820312500000e+05
1.085869921875000000e+05
1.085843828125000000e+05
1.085820664062500000e+05
1.085833261718750000e+05
1.085823417968750000e+05
1.085804218750000000e+05
1.085799492187500000e+05
1.085812968750000000e+05
1.085796035156250000e+05
1.085777656250000000e+05
1.085800039062500000e+05
1.085765996093750000e+05
1.085767695312500000e+05
1.085756679687500000e+05
1.085754609375000000e+05
1.085777753906250000e+05
1.085738417968750000e+05
1.085755761718750000e+05
1.085774453125000000e+05
1.085730312500000000e+05
1.085745000000000000e+05
1.085719023437500000e+05
1.085739843750000000e+05
1.085718457031250000e+05
1.085767910156250000e+05
1.085717500000000000e+05
1.085697714843750000e+05
1.085707832031250000e+05
1.085705800781250000e+05
1.085706582031250000e+05
1.085703886718750000e+05
1.085681250000000000e+05
1.085680625000000000e+05
1.085700996093750000e+05
1.085690742187500000e+05
1.085687070312500000e+05
1.085672421875000000e+05
1.085685644531250000e+05
1.085665527343750000e+05
1.085667519531250000e+05
1.085664003906250000e+05
1.085659238281250000e+05
1.085646699218750000e+05
1.085660996093750000e+05
1.085679960937500000e+05
1.085644765625000000e+05
1.085677109375000000e+05
1.085656503906250000e+05
1.085648515625000000e+05
1.085621816406250000e+05
1.085626328125000000e+05
1.085621152343750000e+05
1.085636367187500000e+05
1.085625214843750000e+05
1.085608710937500000e+05
1.085606289062500000e+05
1.085610058593750000e+05
1.085628046875000000e+05
1.085595917968750000e+05
1.085609707031250000e+05
1.085609179687500000e+05
1.085607929687500000e+05
1.085616601562500000e+05
1.085616464843750000e+05
1.085610703125000000e+05
1.085613945312500000e+05
1.085601269531250000e+05
1.085605566406250000e+05
1.085581503906250000e+05
1.085590117187500000e+05
1.085598496093750000e+05
1.085638828125000000e+05
1.085692089843750000e+05
1.085619472656250000e+05
1.085665625000000000e+05
1.085594550781250000e+05
1.085612636718750000e+05
1.085626503906250000e+05
1.085564238281250000e+05
1.085603691406250000e+05
1.085592226562500000e+05
1.085567851562500000e+05
1.085564433593750000e+05
1.085579023437500000e+05
1.085612031250000000e+05
1.085626738281250000e+05
1.085628613281250000e+05
1.085626250000000000e+05
1.085604023437500000e+05
1.085635878906250000e+05
1.085639941406250000e+05
1.085607734375000000e+05
1.085602382812500000e+05
1.085608574218750000e+05
1.085585683593750000e+05
1.085591738281250000e+05
1.085562128906250000e+05
1.085600273437500000e+05
