2022-01-24 14:05:52,457:INFO:All directories created, ready to load the data
2022-01-24 14:05:52,463:INFO:Dataset loaded from /data/theorie/jthoeve/event_generation/events_high_stats/pT/lin/cHW/events_0.npy
2022-01-24 14:05:52,465:INFO:Dataset loaded from /data/theorie/jthoeve/event_generation/events_high_stats/pT/sm/events_0.npy
2022-01-24 14:05:54,911:INFO:Epoch 1, Training loss 141440.40234375, Validation loss 136336.576171875
2022-01-24 14:05:57,387:INFO:Epoch 2, Training loss 133766.54296875, Validation loss 130245.345703125
2022-01-24 14:05:59,840:INFO:Epoch 3, Training loss 128172.763671875, Validation loss 125260.73828125
2022-01-24 14:06:02,323:INFO:Epoch 4, Training loss 123561.51171875, Validation loss 121225.92578125
2022-01-24 14:06:04,776:INFO:Epoch 5, Training loss 119905.744140625, Validation loss 118080.291015625
2022-01-24 14:06:07,791:INFO:Epoch 6, Training loss 117036.2890625, Validation loss 115552.5546875
2022-01-24 14:06:10,254:INFO:Epoch 7, Training loss 114674.162109375, Validation loss 113391.630859375
2022-01-24 14:06:12,731:INFO:Epoch 8, Training loss 112634.392578125, Validation loss 111511.53515625
2022-01-24 14:06:15,193:INFO:Epoch 9, Training loss 110925.859375, Validation loss 110098.505859375
2022-01-24 14:06:17,630:INFO:Epoch 10, Training loss 109824.095703125, Validation loss 109490.765625
2022-01-24 14:06:20,104:INFO:Epoch 11, Training loss 109529.388671875, Validation loss 109509.408203125
2022-01-24 14:06:22,578:INFO:Epoch 12, Training loss 109560.580078125, Validation loss 109451.23828125
2022-01-24 14:06:25,055:INFO:Epoch 13, Training loss 109429.31640625, Validation loss 109264.615234375
2022-01-24 14:06:27,487:INFO:Epoch 14, Training loss 109273.4609375, Validation loss 109176.20703125
2022-01-24 14:06:29,977:INFO:Epoch 15, Training loss 109213.6875, Validation loss 109145.548828125
2022-01-24 14:06:32,421:INFO:Epoch 16, Training loss 109171.1875, Validation loss 109086.16015625
2022-01-24 14:06:34,924:INFO:Epoch 17, Training loss 109117.578125, Validation loss 109040.095703125
2022-01-24 14:06:37,365:INFO:Epoch 18, Training loss 109080.455078125, Validation loss 109010.2265625
2022-01-24 14:06:39,841:INFO:Epoch 19, Training loss 109050.6171875, Validation loss 108977.041015625
2022-01-24 14:06:42,304:INFO:Epoch 20, Training loss 109016.05078125, Validation loss 108945.12109375
2022-01-24 14:06:44,816:INFO:Epoch 21, Training loss 108984.318359375, Validation loss 108915.263671875
2022-01-24 14:06:47,278:INFO:Epoch 22, Training loss 108952.44921875, Validation loss 108883.021484375
2022-01-24 14:06:49,745:INFO:Epoch 23, Training loss 108921.04296875, Validation loss 108852.54296875
2022-01-24 14:06:52,205:INFO:Epoch 24, Training loss 108888.4296875, Validation loss 108820.87109375
2022-01-24 14:06:54,698:INFO:Epoch 25, Training loss 108853.642578125, Validation loss 108789.79296875
2022-01-24 14:06:57,164:INFO:Epoch 26, Training loss 108819.01171875, Validation loss 108758.03515625
2022-01-24 14:06:59,618:INFO:Epoch 27, Training loss 108783.18359375, Validation loss 108727.28515625
2022-01-24 14:07:02,088:INFO:Epoch 28, Training loss 108746.80859375, Validation loss 108696.80078125
2022-01-24 14:07:04,576:INFO:Epoch 29, Training loss 108709.505859375, Validation loss 108666.220703125
2022-01-24 14:07:07,054:INFO:Epoch 30, Training loss 108670.541015625, Validation loss 108636.27734375
2022-01-24 14:07:09,498:INFO:Epoch 31, Training loss 108630.9609375, Validation loss 108612.359375
2022-01-24 14:07:11,976:INFO:Epoch 32, Training loss 108590.935546875, Validation loss 108588.126953125
2022-01-24 14:07:14,446:INFO:Epoch 33, Training loss 108557.4765625, Validation loss 108571.669921875
2022-01-24 14:07:16,924:INFO:Epoch 34, Training loss 108532.86328125, Validation loss 108560.912109375
2022-01-24 14:07:19,353:INFO:Epoch 35, Training loss 108514.638671875, Validation loss 108551.14453125
2022-01-24 14:07:21,849:INFO:Epoch 36, Training loss 108498.630859375, Validation loss 108545.57421875
2022-01-24 14:07:24,294:INFO:Epoch 37, Training loss 108489.796875, Validation loss 108540.63671875
2022-01-24 14:07:26,799:INFO:Epoch 38, Training loss 108482.3359375, Validation loss 108538.3984375
2022-01-24 14:07:29,249:INFO:Epoch 39, Training loss 108476.0390625, Validation loss 108533.740234375
2022-01-24 14:07:31,730:INFO:Epoch 40, Training loss 108473.2734375, Validation loss 108534.6171875
2022-01-24 14:07:34,201:INFO:Epoch 41, Training loss 108469.515625, Validation loss 108528.111328125
2022-01-24 14:07:36,705:INFO:Epoch 42, Training loss 108466.85546875, Validation loss 108524.70703125
2022-01-24 14:07:39,163:INFO:Epoch 43, Training loss 108465.201171875, Validation loss 108526.00390625
2022-01-24 14:07:41,628:INFO:Epoch 44, Training loss 108463.517578125, Validation loss 108530.783203125
2022-01-24 14:07:44,092:INFO:Epoch 45, Training loss 108461.4296875, Validation loss 108525.724609375
2022-01-24 14:07:46,589:INFO:Epoch 46, Training loss 108458.982421875, Validation loss 108524.783203125
2022-01-24 14:07:49,060:INFO:Epoch 47, Training loss 108457.865234375, Validation loss 108525.119140625
2022-01-24 14:07:51,519:INFO:Epoch 48, Training loss 108456.00390625, Validation loss 108526.166015625
2022-01-24 14:07:54,005:INFO:Epoch 49, Training loss 108455.119140625, Validation loss 108522.455078125
2022-01-24 14:07:56,493:INFO:Epoch 50, Training loss 108454.609375, Validation loss 108519.447265625
2022-01-24 14:07:58,979:INFO:Epoch 51, Training loss 108453.720703125, Validation loss 108523.529296875
2022-01-24 14:08:01,431:INFO:Epoch 52, Training loss 108452.30078125, Validation loss 108522.943359375
2022-01-24 14:08:03,906:INFO:Epoch 53, Training loss 108451.34375, Validation loss 108522.998046875
2022-01-24 14:08:06,382:INFO:Epoch 54, Training loss 108450.146484375, Validation loss 108524.572265625
2022-01-24 14:08:08,870:INFO:Epoch 55, Training loss 108450.392578125, Validation loss 108523.96484375
2022-01-24 14:08:11,305:INFO:Epoch 56, Training loss 108449.005859375, Validation loss 108521.95703125
2022-01-24 14:08:13,796:INFO:Epoch 57, Training loss 108449.697265625, Validation loss 108525.611328125
2022-01-24 14:08:16,250:INFO:Epoch 58, Training loss 108447.49609375, Validation loss 108522.634765625
2022-01-24 14:08:18,776:INFO:Epoch 59, Training loss 108447.6796875, Validation loss 108522.83984375
2022-01-24 14:08:21,228:INFO:Epoch 60, Training loss 108446.314453125, Validation loss 108522.060546875
2022-01-24 14:08:23,711:INFO:Epoch 61, Training loss 108444.865234375, Validation loss 108521.732421875
2022-01-24 14:08:26,175:INFO:Epoch 62, Training loss 108444.6875, Validation loss 108523.251953125
2022-01-24 14:08:28,691:INFO:Epoch 63, Training loss 108444.28515625, Validation loss 108522.52734375
2022-01-24 14:08:31,160:INFO:Epoch 64, Training loss 108442.751953125, Validation loss 108523.189453125
2022-01-24 14:08:33,618:INFO:Epoch 65, Training loss 108446.271484375, Validation loss 108524.021484375
2022-01-24 14:08:36,077:INFO:Epoch 66, Training loss 108441.8046875, Validation loss 108518.7578125
2022-01-24 14:08:38,566:INFO:Epoch 67, Training loss 108442.03125, Validation loss 108520.5703125
2022-01-24 14:08:41,030:INFO:Epoch 68, Training loss 108441.478515625, Validation loss 108525.32421875
2022-01-24 14:08:43,487:INFO:Epoch 69, Training loss 108441.177734375, Validation loss 108522.015625
2022-01-24 14:08:45,955:INFO:Epoch 70, Training loss 108441.146484375, Validation loss 108516.8515625
2022-01-24 14:08:48,442:INFO:Epoch 71, Training loss 108440.4140625, Validation loss 108521.400390625
2022-01-24 14:08:50,917:INFO:Epoch 72, Training loss 108439.15234375, Validation loss 108523.10546875
2022-01-24 14:08:53,364:INFO:Epoch 73, Training loss 108440.5390625, Validation loss 108521.998046875
2022-01-24 14:08:55,845:INFO:Epoch 74, Training loss 108438.984375, Validation loss 108520.796875
2022-01-24 14:08:58,317:INFO:Epoch 75, Training loss 108439.845703125, Validation loss 108519.35546875
2022-01-24 14:09:00,791:INFO:Epoch 76, Training loss 108439.69921875, Validation loss 108522.1015625
2022-01-24 14:09:03,226:INFO:Epoch 77, Training loss 108437.6484375, Validation loss 108522.3671875
2022-01-24 14:09:05,710:INFO:Epoch 78, Training loss 108437.701171875, Validation loss 108521.5859375
2022-01-24 14:09:08,151:INFO:Epoch 79, Training loss 108437.00390625, Validation loss 108522.07421875
2022-01-24 14:09:10,666:INFO:Epoch 80, Training loss 108436.89453125, Validation loss 108520.236328125
2022-01-24 14:09:13,115:INFO:Epoch 81, Training loss 108438.740234375, Validation loss 108524.0703125
2022-01-24 14:09:15,596:INFO:Epoch 82, Training loss 108440.466796875, Validation loss 108519.5546875
2022-01-24 14:09:18,055:INFO:Epoch 83, Training loss 108438.119140625, Validation loss 108522.76171875
2022-01-24 14:09:20,557:INFO:Epoch 84, Training loss 108436.74609375, Validation loss 108519.400390625
2022-01-24 14:09:23,011:INFO:Epoch 85, Training loss 108435.70703125, Validation loss 108519.9765625
2022-01-24 14:09:25,484:INFO:Epoch 86, Training loss 108435.3984375, Validation loss 108521.359375
2022-01-24 14:09:27,962:INFO:Epoch 87, Training loss 108434.36328125, Validation loss 108521.0703125
2022-01-24 14:09:30,494:INFO:Epoch 88, Training loss 108434.453125, Validation loss 108520.18359375
2022-01-24 14:09:33,019:INFO:Epoch 89, Training loss 108434.84375, Validation loss 108520.255859375
2022-01-24 14:09:35,539:INFO:Epoch 90, Training loss 108433.4296875, Validation loss 108523.341796875
2022-01-24 14:09:38,076:INFO:Epoch 91, Training loss 108433.4140625, Validation loss 108523.115234375
2022-01-24 14:09:40,636:INFO:Epoch 92, Training loss 108433.95703125, Validation loss 108518.822265625
2022-01-24 14:09:43,179:INFO:Epoch 93, Training loss 108433.31640625, Validation loss 108521.904296875
2022-01-24 14:09:45,697:INFO:Epoch 94, Training loss 108432.70703125, Validation loss 108523.685546875
2022-01-24 14:09:48,247:INFO:Epoch 95, Training loss 108434.10546875, Validation loss 108524.623046875
2022-01-24 14:09:50,795:INFO:Epoch 96, Training loss 108433.123046875, Validation loss 108520.953125
2022-01-24 14:09:53,346:INFO:Epoch 97, Training loss 108434.2265625, Validation loss 108519.5
2022-01-24 14:09:55,855:INFO:Epoch 98, Training loss 108432.833984375, Validation loss 108523.3125
2022-01-24 14:09:58,420:INFO:Epoch 99, Training loss 108434.619140625, Validation loss 108527.228515625
2022-01-24 14:10:00,942:INFO:Epoch 100, Training loss 108435.337890625, Validation loss 108521.873046875
2022-01-24 14:10:03,526:INFO:Epoch 101, Training loss 108432.234375, Validation loss 108522.181640625
2022-01-24 14:10:06,045:INFO:Epoch 102, Training loss 108431.580078125, Validation loss 108518.794921875
2022-01-24 14:10:08,604:INFO:Epoch 103, Training loss 108431.658203125, Validation loss 108523.4296875
2022-01-24 14:10:11,133:INFO:Epoch 104, Training loss 108432.33203125, Validation loss 108524.736328125
2022-01-24 14:10:13,708:INFO:Epoch 105, Training loss 108432.13671875, Validation loss 108518.201171875
2022-01-24 14:10:16,233:INFO:Epoch 106, Training loss 108430.767578125, Validation loss 108524.462890625
2022-01-24 14:10:18,775:INFO:Epoch 107, Training loss 108430.76171875, Validation loss 108523.740234375
2022-01-24 14:10:21,312:INFO:Epoch 108, Training loss 108432.146484375, Validation loss 108518.818359375
2022-01-24 14:10:23,878:INFO:Epoch 109, Training loss 108430.404296875, Validation loss 108524.158203125
2022-01-24 14:10:26,419:INFO:Epoch 110, Training loss 108431.07421875, Validation loss 108522.0
2022-01-24 14:10:28,939:INFO:Epoch 111, Training loss 108430.853515625, Validation loss 108521.22265625
2022-01-24 14:10:31,477:INFO:Epoch 112, Training loss 108428.666015625, Validation loss 108522.052734375
2022-01-24 14:10:34,038:INFO:Epoch 113, Training loss 108428.716796875, Validation loss 108523.416015625
2022-01-24 14:10:36,579:INFO:Epoch 114, Training loss 108429.087890625, Validation loss 108522.94921875
2022-01-24 14:10:39,104:INFO:Epoch 115, Training loss 108430.556640625, Validation loss 108520.16796875
2022-01-24 14:10:41,661:INFO:Epoch 116, Training loss 108430.099609375, Validation loss 108520.232421875
2022-01-24 14:10:44,213:INFO:Epoch 117, Training loss 108427.505859375, Validation loss 108523.69921875
2022-01-24 14:10:46,767:INFO:Epoch 118, Training loss 108427.486328125, Validation loss 108525.361328125
2022-01-24 14:10:49,283:INFO:Epoch 119, Training loss 108428.38671875, Validation loss 108520.783203125
2022-01-24 14:10:51,852:INFO:Epoch 120, Training loss 108428.576171875, Validation loss 108523.357421875
2022-01-24 14:10:51,858:INFO:Finished training
