8.460251953125000000e+04
8.460251953125000000e+04
8.460251953125000000e+04
8.460251953125000000e+04
8.460251953125000000e+04
8.460251953125000000e+04
8.460251953125000000e+04
8.460251953125000000e+04
8.460251953125000000e+04
8.460251953125000000e+04
8.460251953125000000e+04
7.791179003906250000e+04
7.495820703125000000e+04
7.383095703125000000e+04
7.381481152343750000e+04
7.388222656250000000e+04
7.380157324218750000e+04
7.372100585937500000e+04
7.372290527343750000e+04
7.372001953125000000e+04
7.371011914062500000e+04
7.371055175781250000e+04
7.371062597656250000e+04
7.371001074218750000e+04
7.370956933593750000e+04
7.370936132812500000e+04
7.370927832031250000e+04
7.370902636718750000e+04
7.370885742187500000e+04
7.370885156250000000e+04
7.370872558593750000e+04
7.370859277343750000e+04
7.370851855468750000e+04
7.370846191406250000e+04
7.370830957031250000e+04
7.370830957031250000e+04
7.370811328125000000e+04
7.370802246093750000e+04
7.370794921875000000e+04
7.370791113281250000e+04
7.370767968750000000e+04
7.370770019531250000e+04
7.370751953125000000e+04
7.370740234375000000e+04
7.370731054687500000e+04
7.370719824218750000e+04
7.370712304687500000e+04
7.370698828125000000e+04
7.370692089843750000e+04
7.370681738281250000e+04
7.370671582031250000e+04
7.370666503906250000e+04
7.370664746093750000e+04
7.370648828125000000e+04
7.370636035156250000e+04
7.370627148437500000e+04
7.370615332031250000e+04
7.370609765625000000e+04
7.370596875000000000e+04
7.370592285156250000e+04
7.370580664062500000e+04
7.370567382812500000e+04
7.370567480468750000e+04
7.370558593750000000e+04
7.370541601562500000e+04
7.370532031250000000e+04
7.370526269531250000e+04
7.370509082031250000e+04
7.370498925781250000e+04
7.370499707031250000e+04
7.370484765625000000e+04
7.370474218750000000e+04
7.370464746093750000e+04
7.370448925781250000e+04
7.370478125000000000e+04
