1.838132968750000000e+05
1.838132968750000000e+05
1.838132929687500000e+05
1.838132929687500000e+05
1.838132929687500000e+05
1.838132929687500000e+05
1.838132968750000000e+05
1.838132929687500000e+05
1.838132968750000000e+05
1.838132929687500000e+05
1.838132929687500000e+05
1.838132968750000000e+05
1.838132968750000000e+05
1.504733613281250000e+05
1.493877011718750000e+05
1.481722578125000000e+05
1.464003574218750000e+05
1.447731308593750000e+05
1.439715976562500000e+05
1.439511054687500000e+05
1.438425097656250000e+05
1.436469667968750000e+05
1.435944843750000000e+05
1.435735273437500000e+05
1.435457187500000000e+05
1.435363320312500000e+05
1.435017753906250000e+05
1.434948320312500000e+05
1.435019179687500000e+05
1.434920898437500000e+05
1.434835644531250000e+05
1.434808066406250000e+05
1.434761269531250000e+05
1.434880703125000000e+05
1.434825058593750000e+05
1.434813007812500000e+05
1.434874277343750000e+05
1.434885878906250000e+05
1.434640937500000000e+05
1.434672753906250000e+05
1.434654023437500000e+05
1.434608339843750000e+05
1.434621992187500000e+05
1.434628144531250000e+05
1.434596445312500000e+05
1.434599003906250000e+05
1.434567675781250000e+05
1.434574531250000000e+05
1.434677910156250000e+05
1.434632714843750000e+05
1.434658886718750000e+05
1.434548125000000000e+05
1.434850800781250000e+05
1.434893671875000000e+05
1.434628730468750000e+05
1.434580957031250000e+05
1.434526777343750000e+05
1.434558750000000000e+05
1.434526445312500000e+05
1.434561191406250000e+05
1.434548281250000000e+05
1.434527246093750000e+05
1.434496074218750000e+05
1.434500507812500000e+05
1.434538496093750000e+05
1.434530742187500000e+05
1.434527207031250000e+05
1.434530839843750000e+05
1.434524316406250000e+05
1.434567636718750000e+05
1.434563789062500000e+05
1.434550664062500000e+05
1.434494707031250000e+05
1.434488242187500000e+05
1.434462734375000000e+05
1.434524980468750000e+05
1.434505429687500000e+05
1.434521953125000000e+05
1.434536777343750000e+05
1.434529394531250000e+05
1.434585332031250000e+05
1.434546933593750000e+05
1.434735156250000000e+05
1.434834941406250000e+05
1.434701406250000000e+05
1.434471894531250000e+05
1.434450058593750000e+05
1.434455195312500000e+05
1.434517753906250000e+05
1.434517851562500000e+05
1.434558339843750000e+05
1.434475917968750000e+05
1.434485195312500000e+05
1.434459082031250000e+05
1.434468476562500000e+05
1.434471406250000000e+05
1.434543398437500000e+05
1.434596015625000000e+05
1.434655937500000000e+05
1.434472480468750000e+05
1.434481093750000000e+05
1.434532167968750000e+05
1.434525781250000000e+05
1.434519277343750000e+05
1.434501406250000000e+05
