8.465742187500000000e+04
8.465742187500000000e+04
8.465742187500000000e+04
8.465742187500000000e+04
8.465742187500000000e+04
8.465742187500000000e+04
8.465742187500000000e+04
8.465742187500000000e+04
8.465742187500000000e+04
8.465742187500000000e+04
8.465742187500000000e+04
8.465746875000000000e+04
8.465742187500000000e+04
8.456823632812500000e+04
7.927546191406250000e+04
7.422352539062500000e+04
7.433330957031250000e+04
7.448047460937500000e+04
7.411835742187500000e+04
7.383884570312500000e+04
7.376328808593750000e+04
7.378581347656250000e+04
7.379008398437500000e+04
7.377250292968750000e+04
7.375949414062500000e+04
7.375787207031250000e+04
7.375933203125000000e+04
7.375904199218750000e+04
7.375737207031250000e+04
7.375640917968750000e+04
7.375631250000000000e+04
7.375603808593750000e+04
7.375585937500000000e+04
7.375551269531250000e+04
7.375531347656250000e+04
7.375516015625000000e+04
7.375507421875000000e+04
7.375487597656250000e+04
7.375468652343750000e+04
7.375455371093750000e+04
7.375438867187500000e+04
7.375426367187500000e+04
7.375410937500000000e+04
7.375400878906250000e+04
7.375389257812500000e+04
7.375378808593750000e+04
7.375369238281250000e+04
7.375359960937500000e+04
7.375350878906250000e+04
7.375343554687500000e+04
7.375332128906250000e+04
7.375325683593750000e+04
7.375312988281250000e+04
7.375308203125000000e+04
7.375295117187500000e+04
7.375283105468750000e+04
7.375278417968750000e+04
7.375268164062500000e+04
7.375261230468750000e+04
7.375249121093750000e+04
7.375241503906250000e+04
7.375237988281250000e+04
7.375229394531250000e+04
7.375216210937500000e+04
7.375205664062500000e+04
7.375197558593750000e+04
7.375187695312500000e+04
7.375164453125000000e+04
7.375148144531250000e+04
7.375120117187500000e+04
7.375095019531250000e+04
7.375073437500000000e+04
7.375059375000000000e+04
7.375033300781250000e+04
7.375045605468750000e+04
7.374992285156250000e+04
7.374979394531250000e+04
7.374968750000000000e+04
7.374939355468750000e+04
7.374928125000000000e+04
7.374919433593750000e+04
7.374902734375000000e+04
7.374877343750000000e+04
7.374866210937500000e+04
7.374847167968750000e+04
7.374828906250000000e+04
7.374825781250000000e+04
7.374797949218750000e+04
7.374793066406250000e+04
7.374782617187500000e+04
7.374743554687500000e+04
7.374716992187500000e+04
7.374707519531250000e+04
7.374683300781250000e+04
7.374655957031250000e+04
7.374636816406250000e+04
7.374609277343750000e+04
7.374584472656250000e+04
7.374580957031250000e+04
7.374544238281250000e+04
7.374520214843750000e+04
7.374494042968750000e+04
7.374464355468750000e+04
7.374452734375000000e+04
7.374419433593750000e+04
7.374408496093750000e+04
7.374353222656250000e+04
7.374321972656250000e+04
7.374295996093750000e+04
7.374212304687500000e+04
7.374180859375000000e+04
7.374197949218750000e+04
7.374107128906250000e+04
7.374075878906250000e+04
