1.520354472656250000e+05
1.498854531250000000e+05
1.495628886718750000e+05
1.491988535156250000e+05
1.485660175781250000e+05
1.477398808593750000e+05
1.466892597656250000e+05
1.454930546875000000e+05
1.444304394531250000e+05
1.438407070312500000e+05
1.437129472656250000e+05
1.436758242187500000e+05
1.435791054687500000e+05
1.435295585937500000e+05
1.435063945312500000e+05
1.434926269531250000e+05
1.434714589843750000e+05
1.434570703125000000e+05
1.434411230468750000e+05
1.434347167968750000e+05
1.434261093750000000e+05
1.434154902343750000e+05
1.434140097656250000e+05
1.434057382812500000e+05
1.433985429687500000e+05
1.434021894531250000e+05
1.433874453125000000e+05
1.433840800781250000e+05
1.433944609375000000e+05
1.433890410156250000e+05
1.433902011718750000e+05
1.434008574218750000e+05
1.433804726562500000e+05
1.433742519531250000e+05
1.433765312500000000e+05
1.433676406250000000e+05
1.433744687500000000e+05
1.433701582031250000e+05
1.433622070312500000e+05
1.433745214843750000e+05
1.433729785156250000e+05
1.433718554687500000e+05
1.433772070312500000e+05
1.433878964843750000e+05
1.433660683593750000e+05
1.433741230468750000e+05
1.433689179687500000e+05
1.433610175781250000e+05
1.433593867187500000e+05
1.433619726562500000e+05
1.433580722656250000e+05
1.433584296875000000e+05
1.433577050781250000e+05
1.433549160156250000e+05
1.433575937500000000e+05
1.433575781250000000e+05
1.433686210937500000e+05
1.433677851562500000e+05
1.433825820312500000e+05
1.433754765625000000e+05
1.433696855468750000e+05
1.433789707031250000e+05
1.433647070312500000e+05
1.433656933593750000e+05
1.433679179687500000e+05
1.433666445312500000e+05
1.433590605468750000e+05
1.433568730468750000e+05
1.433542324218750000e+05
1.433554472656250000e+05
1.433558300781250000e+05
1.433579824218750000e+05
1.433585312500000000e+05
1.433579335937500000e+05
1.433694531250000000e+05
1.433715957031250000e+05
1.433675058593750000e+05
1.433734179687500000e+05
1.433603027343750000e+05
1.433573535156250000e+05
1.433575644531250000e+05
1.433510957031250000e+05
1.433510605468750000e+05
1.433545039062500000e+05
1.433532246093750000e+05
1.433497910156250000e+05
1.433728125000000000e+05
1.433500039062500000e+05
1.433511816406250000e+05
1.433549785156250000e+05
1.433519277343750000e+05
1.433514921875000000e+05
1.433480117187500000e+05
1.433476269531250000e+05
