2022-01-24 14:09:29,432:INFO:All directories created, ready to load the data
2022-01-24 14:09:29,514:INFO:Dataset loaded from /data/theorie/jthoeve/event_generation/events_high_stats/pT/lin/cHq3/events_1.npy
2022-01-24 14:09:29,522:INFO:Dataset loaded from /data/theorie/jthoeve/event_generation/events_high_stats/pT/sm/events_1.npy
2022-01-24 14:09:32,049:INFO:Epoch 1, Training loss 84655.76171875, Validation loss 84655.76171875
2022-01-24 14:09:34,544:INFO:Epoch 2, Training loss 84655.76171875, Validation loss 84655.76171875
2022-01-24 14:09:37,016:INFO:Epoch 3, Training loss 84655.76171875, Validation loss 84655.76171875
2022-01-24 14:09:39,514:INFO:Epoch 4, Training loss 84655.76171875, Validation loss 84655.76171875
2022-01-24 14:09:41,991:INFO:Epoch 5, Training loss 84655.76171875, Validation loss 84655.76171875
2022-01-24 14:09:44,460:INFO:Epoch 6, Training loss 84655.76171875, Validation loss 84655.76171875
2022-01-24 14:09:46,954:INFO:Epoch 7, Training loss 84655.76171875, Validation loss 84655.76171875
2022-01-24 14:09:49,449:INFO:Epoch 8, Training loss 84655.76171875, Validation loss 84655.76171875
2022-01-24 14:09:51,935:INFO:Epoch 9, Training loss 84655.76171875, Validation loss 84655.76171875
2022-01-24 14:09:54,397:INFO:Epoch 10, Training loss 84655.76171875, Validation loss 84655.76171875
2022-01-24 14:09:56,894:INFO:Epoch 11, Training loss 84655.76171875, Validation loss 84655.76171875
2022-01-24 14:09:56,898:INFO:Detected stagant training, reset the weights
2022-01-24 14:09:59,386:INFO:Epoch 12, Training loss 83328.0537109375, Validation loss 79006.1376953125
2022-01-24 14:10:01,901:INFO:Epoch 13, Training loss 76619.3583984375, Validation loss 74227.3818359375
2022-01-24 14:10:04,359:INFO:Epoch 14, Training loss 74050.9091796875, Validation loss 74151.81640625
2022-01-24 14:10:06,859:INFO:Epoch 15, Training loss 74337.8232421875, Validation loss 74398.2197265625
2022-01-24 14:10:09,320:INFO:Epoch 16, Training loss 74304.7080078125, Validation loss 74067.556640625
2022-01-24 14:10:11,859:INFO:Epoch 17, Training loss 73948.609375, Validation loss 73792.072265625
2022-01-24 14:10:14,328:INFO:Epoch 18, Training loss 73773.0078125, Validation loss 73781.3916015625
2022-01-24 14:10:16,819:INFO:Epoch 19, Training loss 73795.619140625, Validation loss 73811.84765625
2022-01-24 14:10:19,292:INFO:Epoch 20, Training loss 73789.9365234375, Validation loss 73777.326171875
2022-01-24 14:10:21,825:INFO:Epoch 21, Training loss 73761.1279296875, Validation loss 73759.435546875
2022-01-24 14:10:24,317:INFO:Epoch 22, Training loss 73752.4208984375, Validation loss 73760.1650390625
2022-01-24 14:10:26,811:INFO:Epoch 23, Training loss 73754.822265625, Validation loss 73761.4638671875
2022-01-24 14:10:29,291:INFO:Epoch 24, Training loss 73754.2421875, Validation loss 73759.97265625
2022-01-24 14:10:31,809:INFO:Epoch 25, Training loss 73751.927734375, Validation loss 73758.970703125
2022-01-24 14:10:34,298:INFO:Epoch 26, Training loss 73750.3701171875, Validation loss 73759.552734375
2022-01-24 14:10:36,791:INFO:Epoch 27, Training loss 73749.955078125, Validation loss 73760.666015625
2022-01-24 14:10:39,292:INFO:Epoch 28, Training loss 73749.7998046875, Validation loss 73761.095703125
2022-01-24 14:10:41,799:INFO:Epoch 29, Training loss 73749.2861328125, Validation loss 73761.591796875
2022-01-24 14:10:44,300:INFO:Epoch 30, Training loss 73748.6826171875, Validation loss 73761.748046875
2022-01-24 14:10:46,765:INFO:Epoch 31, Training loss 73748.4892578125, Validation loss 73762.087890625
2022-01-24 14:10:49,273:INFO:Epoch 32, Training loss 73748.3330078125, Validation loss 73762.947265625
2022-01-24 14:10:51,772:INFO:Epoch 33, Training loss 73748.115234375, Validation loss 73762.8828125
2022-01-24 14:10:54,270:INFO:Epoch 34, Training loss 73747.818359375, Validation loss 73763.330078125
2022-01-24 14:10:56,730:INFO:Epoch 35, Training loss 73747.6474609375, Validation loss 73763.310546875
2022-01-24 14:10:59,240:INFO:Epoch 36, Training loss 73747.4755859375, Validation loss 73763.3115234375
2022-01-24 14:11:01,705:INFO:Epoch 37, Training loss 73747.3134765625, Validation loss 73764.0673828125
2022-01-24 14:11:04,237:INFO:Epoch 38, Training loss 73747.1787109375, Validation loss 73764.484375
2022-01-24 14:11:06,703:INFO:Epoch 39, Training loss 73747.04296875, Validation loss 73765.1455078125
2022-01-24 14:11:09,207:INFO:Epoch 40, Training loss 73746.8486328125, Validation loss 73765.6435546875
2022-01-24 14:11:11,688:INFO:Epoch 41, Training loss 73746.7412109375, Validation loss 73764.8505859375
2022-01-24 14:11:14,202:INFO:Epoch 42, Training loss 73746.51953125, Validation loss 73765.1005859375
2022-01-24 14:11:16,676:INFO:Epoch 43, Training loss 73746.3916015625, Validation loss 73765.4375
2022-01-24 14:11:19,164:INFO:Epoch 44, Training loss 73746.3427734375, Validation loss 73766.2373046875
2022-01-24 14:11:21,638:INFO:Epoch 45, Training loss 73746.1357421875, Validation loss 73765.8154296875
2022-01-24 14:11:24,159:INFO:Epoch 46, Training loss 73746.033203125, Validation loss 73765.482421875
2022-01-24 14:11:26,645:INFO:Epoch 47, Training loss 73745.9150390625, Validation loss 73766.294921875
2022-01-24 14:11:29,122:INFO:Epoch 48, Training loss 73745.77734375, Validation loss 73766.7880859375
2022-01-24 14:11:31,619:INFO:Epoch 49, Training loss 73745.8291015625, Validation loss 73765.609375
2022-01-24 14:11:34,128:INFO:Epoch 50, Training loss 73745.607421875, Validation loss 73765.9765625
2022-01-24 14:11:36,630:INFO:Epoch 51, Training loss 73745.4052734375, Validation loss 73766.955078125
2022-01-24 14:11:39,100:INFO:Epoch 52, Training loss 73745.337890625, Validation loss 73766.974609375
2022-01-24 14:11:41,619:INFO:Epoch 53, Training loss 73745.16796875, Validation loss 73767.0908203125
2022-01-24 14:11:44,125:INFO:Epoch 54, Training loss 73745.0517578125, Validation loss 73767.1962890625
2022-01-24 14:11:46,638:INFO:Epoch 55, Training loss 73745.119140625, Validation loss 73766.638671875
2022-01-24 14:11:49,101:INFO:Epoch 56, Training loss 73744.9248046875, Validation loss 73768.6474609375
2022-01-24 14:11:51,626:INFO:Epoch 57, Training loss 73744.86328125, Validation loss 73767.9892578125
2022-01-24 14:11:54,108:INFO:Epoch 58, Training loss 73744.6025390625, Validation loss 73767.119140625
2022-01-24 14:11:56,660:INFO:Epoch 59, Training loss 73744.44140625, Validation loss 73767.662109375
2022-01-24 14:11:59,126:INFO:Epoch 60, Training loss 73744.283203125, Validation loss 73767.6953125
2022-01-24 14:12:01,636:INFO:Epoch 61, Training loss 73744.0615234375, Validation loss 73768.7626953125
2022-01-24 14:12:04,112:INFO:Epoch 62, Training loss 73744.01953125, Validation loss 73767.5517578125
2022-01-24 14:12:06,641:INFO:Epoch 63, Training loss 73743.7626953125, Validation loss 73768.0849609375
2022-01-24 14:12:09,113:INFO:Epoch 64, Training loss 73743.5947265625, Validation loss 73768.580078125
2022-01-24 14:12:11,590:INFO:Epoch 65, Training loss 73743.3896484375, Validation loss 73769.197265625
2022-01-24 14:12:14,075:INFO:Epoch 66, Training loss 73743.28515625, Validation loss 73769.8671875
2022-01-24 14:12:16,589:INFO:Epoch 67, Training loss 73743.4951171875, Validation loss 73766.728515625
2022-01-24 14:12:19,067:INFO:Epoch 68, Training loss 73743.046875, Validation loss 73768.5244140625
2022-01-24 14:12:21,537:INFO:Epoch 69, Training loss 73743.318359375, Validation loss 73771.7607421875
2022-01-24 14:12:24,023:INFO:Epoch 70, Training loss 73742.8525390625, Validation loss 73768.1142578125
2022-01-24 14:12:26,529:INFO:Epoch 71, Training loss 73742.4541015625, Validation loss 73768.3388671875
2022-01-24 14:12:29,023:INFO:Epoch 72, Training loss 73742.04296875, Validation loss 73771.0341796875
2022-01-24 14:12:31,476:INFO:Epoch 73, Training loss 73742.03515625, Validation loss 73769.8701171875
2022-01-24 14:12:33,967:INFO:Epoch 74, Training loss 73741.6259765625, Validation loss 73771.494140625
2022-01-24 14:12:36,468:INFO:Epoch 75, Training loss 73741.3330078125, Validation loss 73771.419921875
2022-01-24 14:12:36,474:INFO:Finished training
