2022-01-24 14:05:53,426:INFO:All directories created, ready to load the data
2022-01-24 14:05:53,480:INFO:Dataset loaded from /data/theorie/jthoeve/event_generation/events_high_stats/pT/lin/cHW/events_11.npy
2022-01-24 14:05:53,535:INFO:Dataset loaded from /data/theorie/jthoeve/event_generation/events_high_stats/pT/sm/events_11.npy
2022-01-24 14:05:55,943:INFO:Epoch 1, Training loss 164238.759765625, Validation loss 150117.447265625
2022-01-24 14:05:58,335:INFO:Epoch 2, Training loss 143735.5546875, Validation loss 135629.978515625
2022-01-24 14:06:00,706:INFO:Epoch 3, Training loss 131663.73046875, Validation loss 126387.501953125
2022-01-24 14:06:03,142:INFO:Epoch 4, Training loss 123615.955078125, Validation loss 119806.482421875
2022-01-24 14:06:05,594:INFO:Epoch 5, Training loss 117744.80859375, Validation loss 114947.75
2022-01-24 14:06:08,046:INFO:Epoch 6, Training loss 113578.708984375, Validation loss 111755.568359375
2022-01-24 14:06:10,510:INFO:Epoch 7, Training loss 110980.130859375, Validation loss 110017.017578125
2022-01-24 14:06:12,987:INFO:Epoch 8, Training loss 109751.7578125, Validation loss 109464.65625
2022-01-24 14:06:15,449:INFO:Epoch 9, Training loss 109502.30859375, Validation loss 109531.3984375
2022-01-24 14:06:17,895:INFO:Epoch 10, Training loss 109614.033203125, Validation loss 109620.458984375
2022-01-24 14:06:20,377:INFO:Epoch 11, Training loss 109626.7890625, Validation loss 109526.248046875
2022-01-24 14:06:22,847:INFO:Epoch 12, Training loss 109497.03515625, Validation loss 109384.912109375
2022-01-24 14:06:25,321:INFO:Epoch 13, Training loss 109378.94921875, Validation loss 109315.197265625
2022-01-24 14:06:27,757:INFO:Epoch 14, Training loss 109336.810546875, Validation loss 109305.69921875
2022-01-24 14:06:30,245:INFO:Epoch 15, Training loss 109329.708984375, Validation loss 109296.484375
2022-01-24 14:06:32,693:INFO:Epoch 16, Training loss 109312.5625, Validation loss 109270.13671875
2022-01-24 14:06:35,206:INFO:Epoch 17, Training loss 109285.158203125, Validation loss 109245.376953125
2022-01-24 14:06:37,645:INFO:Epoch 18, Training loss 109263.625, Validation loss 109228.697265625
2022-01-24 14:06:40,127:INFO:Epoch 19, Training loss 109248.96875, Validation loss 109214.271484375
2022-01-24 14:06:42,570:INFO:Epoch 20, Training loss 109233.681640625, Validation loss 109198.345703125
2022-01-24 14:06:45,075:INFO:Epoch 21, Training loss 109217.091796875, Validation loss 109181.41015625
2022-01-24 14:06:47,533:INFO:Epoch 22, Training loss 109199.458984375, Validation loss 109165.185546875
2022-01-24 14:06:49,992:INFO:Epoch 23, Training loss 109182.33984375, Validation loss 109149.33203125
2022-01-24 14:06:52,461:INFO:Epoch 24, Training loss 109165.56640625, Validation loss 109131.96484375
2022-01-24 14:06:54,964:INFO:Epoch 25, Training loss 109146.8671875, Validation loss 109112.890625
2022-01-24 14:06:57,431:INFO:Epoch 26, Training loss 109126.5234375, Validation loss 109090.60546875
2022-01-24 14:06:59,886:INFO:Epoch 27, Training loss 109103.12890625, Validation loss 109064.837890625
2022-01-24 14:07:02,363:INFO:Epoch 28, Training loss 109077.1015625, Validation loss 109036.908203125
2022-01-24 14:07:04,855:INFO:Epoch 29, Training loss 109048.296875, Validation loss 109005.994140625
2022-01-24 14:07:07,348:INFO:Epoch 30, Training loss 109016.37109375, Validation loss 108971.8984375
2022-01-24 14:07:09,791:INFO:Epoch 31, Training loss 108981.369140625, Validation loss 108934.033203125
2022-01-24 14:07:12,273:INFO:Epoch 32, Training loss 108940.654296875, Validation loss 108891.255859375
2022-01-24 14:07:14,755:INFO:Epoch 33, Training loss 108896.9375, Validation loss 108847.935546875
2022-01-24 14:07:17,238:INFO:Epoch 34, Training loss 108854.384765625, Validation loss 108804.658203125
2022-01-24 14:07:19,675:INFO:Epoch 35, Training loss 108808.904296875, Validation loss 108760.396484375
2022-01-24 14:07:22,173:INFO:Epoch 36, Training loss 108763.935546875, Validation loss 108719.166015625
2022-01-24 14:07:24,621:INFO:Epoch 37, Training loss 108720.111328125, Validation loss 108679.890625
2022-01-24 14:07:27,135:INFO:Epoch 38, Training loss 108682.099609375, Validation loss 108645.73828125
2022-01-24 14:07:29,586:INFO:Epoch 39, Training loss 108645.69140625, Validation loss 108616.57421875
2022-01-24 14:07:32,061:INFO:Epoch 40, Training loss 108614.849609375, Validation loss 108591.259765625
2022-01-24 14:07:34,529:INFO:Epoch 41, Training loss 108588.708984375, Validation loss 108573.0078125
2022-01-24 14:07:37,046:INFO:Epoch 42, Training loss 108566.03125, Validation loss 108557.9609375
2022-01-24 14:07:39,504:INFO:Epoch 43, Training loss 108548.515625, Validation loss 108545.830078125
2022-01-24 14:07:42,005:INFO:Epoch 44, Training loss 108535.064453125, Validation loss 108539.94921875
2022-01-24 14:07:44,476:INFO:Epoch 45, Training loss 108524.09765625, Validation loss 108536.90625
2022-01-24 14:07:46,985:INFO:Epoch 46, Training loss 108517.875, Validation loss 108536.34375
2022-01-24 14:07:49,461:INFO:Epoch 47, Training loss 108514.04296875, Validation loss 108538.06640625
2022-01-24 14:07:51,927:INFO:Epoch 48, Training loss 108507.658203125, Validation loss 108539.158203125
2022-01-24 14:07:54,397:INFO:Epoch 49, Training loss 108504.404296875, Validation loss 108536.806640625
2022-01-24 14:07:56,888:INFO:Epoch 50, Training loss 108499.162109375, Validation loss 108537.70703125
2022-01-24 14:07:59,375:INFO:Epoch 51, Training loss 108496.16015625, Validation loss 108538.01953125
2022-01-24 14:08:01,820:INFO:Epoch 52, Training loss 108493.76953125, Validation loss 108539.60546875
2022-01-24 14:08:04,307:INFO:Epoch 53, Training loss 108489.603515625, Validation loss 108540.044921875
2022-01-24 14:08:06,783:INFO:Epoch 54, Training loss 108488.994140625, Validation loss 108539.748046875
2022-01-24 14:08:09,275:INFO:Epoch 55, Training loss 108485.25, Validation loss 108539.02734375
2022-01-24 14:08:11,714:INFO:Epoch 56, Training loss 108484.083984375, Validation loss 108538.732421875
2022-01-24 14:08:14,207:INFO:Epoch 57, Training loss 108483.078125, Validation loss 108541.99609375
2022-01-24 14:08:16,655:INFO:Epoch 58, Training loss 108482.34765625, Validation loss 108540.91796875
2022-01-24 14:08:19,180:INFO:Epoch 59, Training loss 108480.01171875, Validation loss 108542.421875
2022-01-24 14:08:21,627:INFO:Epoch 60, Training loss 108480.962890625, Validation loss 108543.11328125
2022-01-24 14:08:24,122:INFO:Epoch 61, Training loss 108478.8046875, Validation loss 108542.03515625
2022-01-24 14:08:26,574:INFO:Epoch 62, Training loss 108480.142578125, Validation loss 108543.40625
2022-01-24 14:08:29,085:INFO:Epoch 63, Training loss 108480.755859375, Validation loss 108547.443359375
2022-01-24 14:08:31,550:INFO:Epoch 64, Training loss 108477.37890625, Validation loss 108544.19921875
2022-01-24 14:08:34,028:INFO:Epoch 65, Training loss 108476.484375, Validation loss 108542.125
2022-01-24 14:08:36,489:INFO:Epoch 66, Training loss 108473.939453125, Validation loss 108543.560546875
2022-01-24 14:08:38,999:INFO:Epoch 67, Training loss 108473.869140625, Validation loss 108544.55859375
2022-01-24 14:08:41,465:INFO:Epoch 68, Training loss 108473.47265625, Validation loss 108546.021484375
2022-01-24 14:08:43,928:INFO:Epoch 69, Training loss 108472.005859375, Validation loss 108543.521484375
2022-01-24 14:08:46,401:INFO:Epoch 70, Training loss 108473.89453125, Validation loss 108541.494140625
2022-01-24 14:08:48,893:INFO:Epoch 71, Training loss 108472.123046875, Validation loss 108543.794921875
2022-01-24 14:08:51,381:INFO:Epoch 72, Training loss 108470.76171875, Validation loss 108542.837890625
2022-01-24 14:08:53,834:INFO:Epoch 73, Training loss 108475.0, Validation loss 108545.498046875
2022-01-24 14:08:56,326:INFO:Epoch 74, Training loss 108471.021484375, Validation loss 108547.408203125
2022-01-24 14:08:58,823:INFO:Epoch 75, Training loss 108470.935546875, Validation loss 108543.87109375
2022-01-24 14:09:01,316:INFO:Epoch 76, Training loss 108469.39453125, Validation loss 108542.951171875
2022-01-24 14:09:03,766:INFO:Epoch 77, Training loss 108469.951171875, Validation loss 108545.501953125
2022-01-24 14:09:06,263:INFO:Epoch 78, Training loss 108468.095703125, Validation loss 108545.86328125
2022-01-24 14:09:08,712:INFO:Epoch 79, Training loss 108468.5234375, Validation loss 108545.076171875
2022-01-24 14:09:11,231:INFO:Epoch 80, Training loss 108468.34765625, Validation loss 108544.833984375
2022-01-24 14:09:13,684:INFO:Epoch 81, Training loss 108467.509765625, Validation loss 108543.677734375
2022-01-24 14:09:16,171:INFO:Epoch 82, Training loss 108466.373046875, Validation loss 108543.26953125
2022-01-24 14:09:18,635:INFO:Epoch 83, Training loss 108466.705078125, Validation loss 108545.001953125
2022-01-24 14:09:21,146:INFO:Epoch 84, Training loss 108466.38671875, Validation loss 108544.3828125
2022-01-24 14:09:23,606:INFO:Epoch 85, Training loss 108466.830078125, Validation loss 108543.599609375
2022-01-24 14:09:26,078:INFO:Epoch 86, Training loss 108465.494140625, Validation loss 108546.255859375
2022-01-24 14:09:28,549:INFO:Epoch 87, Training loss 108466.31640625, Validation loss 108544.767578125
2022-01-24 14:09:31,067:INFO:Epoch 88, Training loss 108464.349609375, Validation loss 108544.498046875
2022-01-24 14:09:33,547:INFO:Epoch 89, Training loss 108466.884765625, Validation loss 108546.82421875
2022-01-24 14:09:36,105:INFO:Epoch 90, Training loss 108464.935546875, Validation loss 108545.79296875
2022-01-24 14:09:38,601:INFO:Epoch 91, Training loss 108465.638671875, Validation loss 108544.490234375
2022-01-24 14:09:41,108:INFO:Epoch 92, Training loss 108463.5625, Validation loss 108544.412109375
2022-01-24 14:09:43,598:INFO:Epoch 93, Training loss 108466.248046875, Validation loss 108547.7578125
2022-01-24 14:09:46,064:INFO:Epoch 94, Training loss 108464.05078125, Validation loss 108544.357421875
2022-01-24 14:09:48,575:INFO:Epoch 95, Training loss 108465.021484375, Validation loss 108544.16015625
2022-01-24 14:09:51,066:INFO:Epoch 96, Training loss 108465.49609375, Validation loss 108546.283203125
2022-01-24 14:09:51,072:INFO:Finished training
