1.534346933593750000e+05
1.502847402343750000e+05
1.496552207031250000e+05
1.492044511718750000e+05
1.484284199218750000e+05
1.474567558593750000e+05
1.464762578125000000e+05
1.455906582031250000e+05
1.447863515625000000e+05
1.443027597656250000e+05
1.440712656250000000e+05
1.439665136718750000e+05
1.438953574218750000e+05
1.438333222656250000e+05
1.437832109375000000e+05
1.437462304687500000e+05
1.437232968750000000e+05
1.437015019531250000e+05
1.436854492187500000e+05
1.436698007812500000e+05
1.436641328125000000e+05
1.436547812500000000e+05
1.436573652343750000e+05
1.436431914062500000e+05
1.436348183593750000e+05
1.436382734375000000e+05
1.436330625000000000e+05
1.436243222656250000e+05
1.436283437500000000e+05
1.436291328125000000e+05
1.436289394531250000e+05
1.436170097656250000e+05
1.436217285156250000e+05
1.436196777343750000e+05
1.436246777343750000e+05
1.436196328125000000e+05
1.436153417968750000e+05
1.436189921875000000e+05
1.436228984375000000e+05
1.436195351562500000e+05
1.436099335937500000e+05
1.436081914062500000e+05
1.436071835937500000e+05
1.436073203125000000e+05
1.436067050781250000e+05
1.436109140625000000e+05
1.436142539062500000e+05
1.436047089843750000e+05
1.436103066406250000e+05
1.436071054687500000e+05
1.436172421875000000e+05
1.436183808593750000e+05
1.436119921875000000e+05
1.436080507812500000e+05
1.436051347656250000e+05
1.435994609375000000e+05
1.436029414062500000e+05
1.436126855468750000e+05
1.436041328125000000e+05
1.436073359375000000e+05
1.436028476562500000e+05
1.436038085937500000e+05
1.436003320312500000e+05
1.436015937500000000e+05
1.436065273437500000e+05
1.435962968750000000e+05
1.435985410156250000e+05
1.435974453125000000e+05
1.435969667968750000e+05
1.435971972656250000e+05
1.436014511718750000e+05
1.436007929687500000e+05
1.436032871093750000e+05
1.436022792968750000e+05
1.435968730468750000e+05
1.435983828125000000e+05
1.436025351562500000e+05
1.435922597656250000e+05
1.435960546875000000e+05
1.435976406250000000e+05
1.435945136718750000e+05
1.435953984375000000e+05
1.435953554687500000e+05
1.436013652343750000e+05
1.435932421875000000e+05
1.436068984375000000e+05
1.435965996093750000e+05
1.435946582031250000e+05
1.435951152343750000e+05
1.436143496093750000e+05
1.436040292968750000e+05
1.435965566406250000e+05
1.435927851562500000e+05
1.435979277343750000e+05
1.436011328125000000e+05
1.436039550781250000e+05
1.436085937500000000e+05
1.436250527343750000e+05
1.436148710937500000e+05
1.435988554687500000e+05
1.435972792968750000e+05
1.435984687500000000e+05
1.436064687500000000e+05
1.435988378906250000e+05
1.436227011718750000e+05
1.436215507812500000e+05
1.436037636718750000e+05
1.435989882812500000e+05
1.436039042968750000e+05
1.436244726562500000e+05
1.436276269531250000e+05
1.436033535156250000e+05
1.436048066406250000e+05
1.436192734375000000e+05
1.436047363281250000e+05
1.435949941406250000e+05
1.435976542968750000e+05
1.435952617187500000e+05
1.435942675781250000e+05
1.435915468750000000e+05
1.435901582031250000e+05
1.435902929687500000e+05
1.435909335937500000e+05
1.435926562500000000e+05
1.435893007812500000e+05
1.435953554687500000e+05
1.435952949218750000e+05
1.435955664062500000e+05
1.435952851562500000e+05
1.435919589843750000e+05
1.436108671875000000e+05
1.436009902343750000e+05
1.435905449218750000e+05
1.436077988281250000e+05
1.436081562500000000e+05
1.436326621093750000e+05
1.436316445312500000e+05
1.436048554687500000e+05
1.436053027343750000e+05
1.435951757812500000e+05
1.435952402343750000e+05
1.435943984375000000e+05
1.435943613281250000e+05
1.435977675781250000e+05
1.435930605468750000e+05
1.435940937500000000e+05
1.435921718750000000e+05
1.435855488281250000e+05
1.435867167968750000e+05
1.435892011718750000e+05
1.435967871093750000e+05
1.436007773437500000e+05
1.435998476562500000e+05
1.435884082031250000e+05
1.435913164062500000e+05
1.435898339843750000e+05
1.435877050781250000e+05
1.435887910156250000e+05
1.435903085937500000e+05
1.435949101562500000e+05
1.435940292968750000e+05
1.435883554687500000e+05
1.435878261718750000e+05
1.435863046875000000e+05
1.435865976562500000e+05
1.435929023437500000e+05
1.435902421875000000e+05
1.435900937500000000e+05
1.435902539062500000e+05
1.435891542968750000e+05
1.435887773437500000e+05
1.435828105468750000e+05
1.435831699218750000e+05
1.435856640625000000e+05
1.435844531250000000e+05
1.435858632812500000e+05
1.435825605468750000e+05
