1.498990644531250000e+05
1.488850878906250000e+05
1.481595214843750000e+05
1.472020781250000000e+05
1.461750722656250000e+05
1.452304414062500000e+05
1.443962207031250000e+05
1.437929843750000000e+05
1.435574531250000000e+05
1.435098886718750000e+05
1.434724199218750000e+05
1.434246406250000000e+05
1.434079531250000000e+05
1.433971679687500000e+05
1.433819277343750000e+05
1.433724453125000000e+05
1.433656914062500000e+05
1.433622402343750000e+05
1.433596542968750000e+05
1.433578007812500000e+05
1.433522695312500000e+05
1.433475371093750000e+05
1.433441562500000000e+05
1.433414707031250000e+05
1.433416386718750000e+05
1.433404863281250000e+05
1.433395507812500000e+05
1.433378808593750000e+05
1.433363476562500000e+05
1.433336757812500000e+05
1.433325878906250000e+05
1.433344550781250000e+05
1.433370351562500000e+05
1.433295332031250000e+05
1.433352324218750000e+05
1.433344316406250000e+05
1.433333339843750000e+05
1.433359472656250000e+05
1.433395175781250000e+05
1.433369296875000000e+05
1.433415625000000000e+05
1.433368613281250000e+05
1.433394746093750000e+05
1.433447246093750000e+05
1.433352441406250000e+05
1.433287792968750000e+05
1.433248554687500000e+05
1.433330996093750000e+05
1.433290703125000000e+05
1.433285800781250000e+05
1.433264843750000000e+05
1.433241367187500000e+05
1.433240878906250000e+05
1.433264511718750000e+05
1.433291347656250000e+05
1.433253789062500000e+05
1.433223046875000000e+05
1.433252851562500000e+05
1.433243906250000000e+05
1.433249199218750000e+05
1.433277382812500000e+05
1.433241679687500000e+05
1.433216796875000000e+05
1.433202910156250000e+05
1.433201933593750000e+05
1.433197617187500000e+05
1.433205117187500000e+05
1.433213984375000000e+05
1.433237382812500000e+05
1.433199238281250000e+05
1.433177597656250000e+05
1.433197363281250000e+05
1.433181914062500000e+05
1.433194335937500000e+05
1.433164082031250000e+05
1.433173359375000000e+05
1.433159160156250000e+05
1.433155546875000000e+05
1.433174804687500000e+05
1.433150273437500000e+05
1.433157558593750000e+05
1.433142128906250000e+05
1.433161503906250000e+05
1.433166718750000000e+05
1.433229511718750000e+05
1.433236972656250000e+05
1.433157792968750000e+05
1.433135273437500000e+05
1.433143242187500000e+05
1.433175546875000000e+05
1.433138105468750000e+05
1.433343730468750000e+05
1.433161113281250000e+05
1.433198945312500000e+05
1.433180156250000000e+05
1.433131093750000000e+05
1.433148300781250000e+05
1.433182871093750000e+05
1.433139824218750000e+05
1.433139921875000000e+05
1.433168671875000000e+05
1.433119726562500000e+05
1.433121054687500000e+05
1.433128593750000000e+05
1.433220683593750000e+05
1.433280878906250000e+05
1.433162324218750000e+05
1.433122500000000000e+05
1.433096738281250000e+05
1.433114082031250000e+05
1.433130917968750000e+05
1.433126367187500000e+05
1.433094570312500000e+05
1.433219863281250000e+05
1.433163476562500000e+05
1.433178867187500000e+05
1.433115371093750000e+05
1.433077734375000000e+05
1.433118085937500000e+05
1.433180937500000000e+05
1.433193750000000000e+05
1.433222929687500000e+05
1.433145214843750000e+05
1.433095722656250000e+05
1.433131699218750000e+05
1.433114316406250000e+05
1.433138359375000000e+05
1.433130839843750000e+05
1.433081015625000000e+05
1.433102500000000000e+05
1.433074472656250000e+05
1.433123515625000000e+05
1.433086542968750000e+05
1.433080859375000000e+05
1.433064628906250000e+05
1.433086328125000000e+05
1.433056425781250000e+05
1.433062929687500000e+05
1.433093457031250000e+05
1.433125859375000000e+05
1.433106230468750000e+05
1.433068359375000000e+05
1.433081796875000000e+05
1.433064707031250000e+05
1.433075703125000000e+05
1.433056191406250000e+05
1.433131933593750000e+05
1.433134003906250000e+05
1.433217558593750000e+05
1.433136660156250000e+05
1.433097832031250000e+05
1.433144511718750000e+05
1.433061328125000000e+05
1.433073847656250000e+05
1.433056191406250000e+05
1.433155351562500000e+05
1.433107714843750000e+05
1.433072324218750000e+05
1.433052167968750000e+05
1.433044335937500000e+05
1.433078164062500000e+05
1.433094628906250000e+05
1.433126835937500000e+05
1.433068554687500000e+05
1.433088203125000000e+05
1.433064550781250000e+05
1.433039746093750000e+05
1.433056816406250000e+05
1.433031855468750000e+05
1.433040566406250000e+05
1.433033203125000000e+05
1.433089433593750000e+05
1.433062578125000000e+05
1.433035078125000000e+05
1.433048613281250000e+05
1.433045117187500000e+05
1.433066406250000000e+05
1.433058027343750000e+05
1.433052011718750000e+05
1.433104355468750000e+05
1.433010234375000000e+05
1.433048378906250000e+05
1.433088457031250000e+05
1.433100156250000000e+05
1.433072753906250000e+05
1.433016875000000000e+05
1.433109804687500000e+05
1.433101640625000000e+05
1.433112929687500000e+05
1.433100019531250000e+05
1.433019863281250000e+05
1.433111894531250000e+05
1.433078789062500000e+05
1.433033574218750000e+05
1.433011738281250000e+05
1.433017558593750000e+05
1.432999667968750000e+05
1.433045507812500000e+05
1.433072128906250000e+05
1.433061582031250000e+05
1.433113769531250000e+05
1.433055742187500000e+05
1.433028144531250000e+05
1.432995410156250000e+05
1.433064257812500000e+05
1.433009394531250000e+05
1.433027128906250000e+05
1.433008652343750000e+05
1.433055527343750000e+05
1.433029687500000000e+05
1.432991855468750000e+05
1.433010175781250000e+05
1.433021777343750000e+05
1.433058906250000000e+05
1.433125585937500000e+05
1.433232695312500000e+05
1.433127675781250000e+05
1.433107695312500000e+05
1.433160761718750000e+05
1.433069960937500000e+05
1.433115078125000000e+05
1.433152519531250000e+05
1.433065332031250000e+05
1.433077304687500000e+05
1.433031093750000000e+05
1.433026308593750000e+05
1.433023789062500000e+05
1.432981074218750000e+05
1.433001933593750000e+05
1.432974746093750000e+05
1.432980605468750000e+05
1.432965703125000000e+05
1.432980898437500000e+05
1.433004687500000000e+05
1.432968203125000000e+05
1.433022578125000000e+05
1.433009003906250000e+05
1.433032968750000000e+05
1.432986503906250000e+05
1.432951171875000000e+05
1.432995722656250000e+05
1.433009316406250000e+05
1.433036718750000000e+05
1.432963437500000000e+05
1.433004570312500000e+05
1.432973125000000000e+05
1.432987128906250000e+05
