1.841381250000000000e+05
1.841381210937500000e+05
1.841381250000000000e+05
1.841381289062500000e+05
1.841381210937500000e+05
1.841381289062500000e+05
1.841381289062500000e+05
1.841381210937500000e+05
1.841381250000000000e+05
1.841381250000000000e+05
1.841381250000000000e+05
1.841381250000000000e+05
1.841381289062500000e+05
1.841381250000000000e+05
1.841381250000000000e+05
1.841381210937500000e+05
1.841381289062500000e+05
1.841381250000000000e+05
1.841381210937500000e+05
1.841381250000000000e+05
1.841381210937500000e+05
1.685410878906250000e+05
1.519030078125000000e+05
1.487133457031250000e+05
1.486746210937500000e+05
1.478145371093750000e+05
1.466147363281250000e+05
1.455564843750000000e+05
1.446945429687500000e+05
1.441500703125000000e+05
1.438552500000000000e+05
1.437355664062500000e+05
1.436670820312500000e+05
1.435943437500000000e+05
1.435685839843750000e+05
1.435475078125000000e+05
1.435414746093750000e+05
1.435385898437500000e+05
1.435382910156250000e+05
1.435261503906250000e+05
1.435173789062500000e+05
1.435283574218750000e+05
1.435201796875000000e+05
1.435139062500000000e+05
1.435157929687500000e+05
1.435058320312500000e+05
1.435074335937500000e+05
1.435117285156250000e+05
1.435059843750000000e+05
1.435089550781250000e+05
1.435025976562500000e+05
1.435043320312500000e+05
1.435116835937500000e+05
1.435071269531250000e+05
1.434960605468750000e+05
1.434967597656250000e+05
1.434917792968750000e+05
1.434913886718750000e+05
1.434920058593750000e+05
1.434874531250000000e+05
1.434958359375000000e+05
1.434917441406250000e+05
1.434876230468750000e+05
1.434913574218750000e+05
1.434900449218750000e+05
1.434865703125000000e+05
1.434885507812500000e+05
1.434829218750000000e+05
1.434821074218750000e+05
1.434817304687500000e+05
1.434821406250000000e+05
1.434794492187500000e+05
1.434790371093750000e+05
1.434780390625000000e+05
1.434797597656250000e+05
1.434800371093750000e+05
1.434770546875000000e+05
1.434786484375000000e+05
1.434787656250000000e+05
1.434759042968750000e+05
1.434780996093750000e+05
1.434761425781250000e+05
1.434813652343750000e+05
1.434761757812500000e+05
1.434795566406250000e+05
1.434873730468750000e+05
1.434786386718750000e+05
1.434903417968750000e+05
1.434802753906250000e+05
1.434746054687500000e+05
1.434742285156250000e+05
1.434741972656250000e+05
1.434732968750000000e+05
1.434753847656250000e+05
1.434800410156250000e+05
1.434771933593750000e+05
1.434761406250000000e+05
1.434736035156250000e+05
1.434734511718750000e+05
1.434738105468750000e+05
1.434749101562500000e+05
1.434714296875000000e+05
1.434762500000000000e+05
1.434737011718750000e+05
1.434731074218750000e+05
1.434749628906250000e+05
1.434713339843750000e+05
1.434754667968750000e+05
1.434709667968750000e+05
1.434717363281250000e+05
1.434736074218750000e+05
1.434768203125000000e+05
1.434775234375000000e+05
1.434730195312500000e+05
1.434755117187500000e+05
1.434816269531250000e+05
1.434760039062500000e+05
1.434713066406250000e+05
1.434760957031250000e+05
1.434770000000000000e+05
1.434688359375000000e+05
1.434731718750000000e+05
1.434662968750000000e+05
1.434691523437500000e+05
1.434714160156250000e+05
1.434748457031250000e+05
1.434665058593750000e+05
1.434695488281250000e+05
1.434679570312500000e+05
1.434683261718750000e+05
1.434705078125000000e+05
1.434797207031250000e+05
1.434711503906250000e+05
1.434660546875000000e+05
1.434702226562500000e+05
1.434705234375000000e+05
1.434707539062500000e+05
1.434724726562500000e+05
1.434683828125000000e+05
1.434662304687500000e+05
1.434670273437500000e+05
1.434703359375000000e+05
1.434630332031250000e+05
1.434654843750000000e+05
1.434634433593750000e+05
1.434633125000000000e+05
1.434634980468750000e+05
1.434639296875000000e+05
1.434734492187500000e+05
1.434637187500000000e+05
1.434669316406250000e+05
1.434631113281250000e+05
1.434634589843750000e+05
1.434628828125000000e+05
1.434664609375000000e+05
1.434613476562500000e+05
1.434709550781250000e+05
1.434804726562500000e+05
1.434686953125000000e+05
1.434635039062500000e+05
1.434730546875000000e+05
1.434734277343750000e+05
1.434743808593750000e+05
1.434724082031250000e+05
1.434630898437500000e+05
1.434641015625000000e+05
1.434624414062500000e+05
1.434625371093750000e+05
1.434680683593750000e+05
1.434748007812500000e+05
