7.836893652343750000e+04
7.459376855468750000e+04
7.380419238281250000e+04
7.391822656250000000e+04
7.399485253906250000e+04
7.390511035156250000e+04
7.380000000000000000e+04
7.375282226562500000e+04
7.375209960937500000e+04
7.375895214843750000e+04
7.375620507812500000e+04
7.374849707031250000e+04
7.374386425781250000e+04
7.374328320312500000e+04
7.374301855468750000e+04
7.374222949218750000e+04
7.374178222656250000e+04
7.374162402343750000e+04
7.374105566406250000e+04
7.374083007812500000e+04
7.374058007812500000e+04
7.374043359375000000e+04
7.374016308593750000e+04
7.374002050781250000e+04
7.373984765625000000e+04
7.373964746093750000e+04
7.373951562500000000e+04
7.373944335937500000e+04
7.373928710937500000e+04
7.373914648437500000e+04
7.373920410156250000e+04
7.373887109375000000e+04
7.373877539062500000e+04
7.373863476562500000e+04
7.373848046875000000e+04
7.373825488281250000e+04
7.373814746093750000e+04
7.373799316406250000e+04
7.373780273437500000e+04
7.373785156250000000e+04
7.373754785156250000e+04
7.373739550781250000e+04
7.373726953125000000e+04
7.373734472656250000e+04
7.373699218750000000e+04
7.373674121093750000e+04
7.373658300781250000e+04
7.373650195312500000e+04
7.373629589843750000e+04
7.373608300781250000e+04
7.373599804687500000e+04
7.373586816406250000e+04
7.373549804687500000e+04
7.373539453125000000e+04
7.373526464843750000e+04
7.373496972656250000e+04
7.373469628906250000e+04
7.373444726562500000e+04
7.373463964843750000e+04
7.373407226562500000e+04
7.373400976562500000e+04
7.373391015625000000e+04
7.373354980468750000e+04
7.373334472656250000e+04
7.373312500000000000e+04
7.373295214843750000e+04
7.373258398437500000e+04
7.373226757812500000e+04
7.373198339843750000e+04
7.373185742187500000e+04
7.373166210937500000e+04
7.373136914062500000e+04
7.373124316406250000e+04
7.373169628906250000e+04
7.373092578125000000e+04
7.373115039062500000e+04
7.373053515625000000e+04
7.372997265625000000e+04
7.372973632812500000e+04
7.372935156250000000e+04
7.372912011718750000e+04
