1.446333867187500000e+05
1.337615429687500000e+05
1.269964062500000000e+05
1.220800800781250000e+05
1.179276835937500000e+05
1.142624707031250000e+05
1.113628437500000000e+05
1.097558457031250000e+05
1.094867011718750000e+05
1.096444824218750000e+05
1.095248066406250000e+05
1.093204941406250000e+05
1.092392617187500000e+05
1.092346621093750000e+05
1.092124472656250000e+05
1.091733789062500000e+05
1.091457636718750000e+05
1.091264160156250000e+05
1.091044472656250000e+05
1.090807734375000000e+05
1.090593906250000000e+05
1.090376210937500000e+05
1.090136328125000000e+05
1.089879277343750000e+05
1.089598750000000000e+05
1.089283125000000000e+05
1.088931269531250000e+05
1.088562207031250000e+05
1.088182812500000000e+05
1.087788164062500000e+05
1.087378730468750000e+05
1.086983613281250000e+05
1.086604042968750000e+05
1.086248320312500000e+05
1.085926875000000000e+05
1.085705429687500000e+05
1.085526679687500000e+05
1.085441328125000000e+05
1.085352207031250000e+05
1.085264921875000000e+05
1.085221015625000000e+05
1.085213652343750000e+05
1.085170429687500000e+05
1.085128398437500000e+05
1.085095546875000000e+05
1.085086406250000000e+05
1.085061796875000000e+05
1.085020390625000000e+05
1.085014433593750000e+05
1.085025351562500000e+05
1.084986406250000000e+05
1.084965429687500000e+05
1.084952187500000000e+05
1.084961562500000000e+05
1.084958378906250000e+05
1.084928359375000000e+05
1.084910683593750000e+05
1.084903964843750000e+05
1.084892402343750000e+05
1.084876777343750000e+05
1.084865410156250000e+05
1.084878847656250000e+05
1.084854101562500000e+05
1.084839667968750000e+05
1.084833183593750000e+05
1.084846679687500000e+05
1.084879589843750000e+05
1.084841542968750000e+05
1.084834570312500000e+05
1.084816640625000000e+05
1.084825371093750000e+05
1.084795058593750000e+05
1.084826074218750000e+05
1.084782675781250000e+05
1.084788398437500000e+05
1.084776035156250000e+05
1.084790703125000000e+05
1.084773046875000000e+05
1.084759023437500000e+05
1.084773320312500000e+05
1.084768437500000000e+05
1.084764140625000000e+05
1.084754902343750000e+05
1.084736367187500000e+05
1.084735273437500000e+05
1.084739941406250000e+05
1.084720058593750000e+05
1.084722890625000000e+05
1.084739296875000000e+05
1.084776933593750000e+05
1.084754042968750000e+05
1.084764980468750000e+05
1.084735566406250000e+05
1.084721777343750000e+05
1.084689140625000000e+05
1.084687949218750000e+05
1.084686562500000000e+05
1.084684902343750000e+05
1.084714648437500000e+05
1.084710820312500000e+05
1.084716093750000000e+05
1.084700156250000000e+05
1.084672304687500000e+05
1.084706445312500000e+05
1.084688183593750000e+05
1.084678945312500000e+05
1.084690273437500000e+05
1.084681523437500000e+05
1.084653671875000000e+05
1.084649042968750000e+05
1.084657734375000000e+05
1.084643925781250000e+05
1.084667890625000000e+05
1.084704707031250000e+05
1.084693281250000000e+05
1.084669648437500000e+05
1.084667441406250000e+05
1.084658613281250000e+05
1.084650859375000000e+05
1.084662402343750000e+05
1.084654472656250000e+05
1.084629765625000000e+05
1.084635566406250000e+05
1.084616015625000000e+05
1.084619550781250000e+05
1.084620273437500000e+05
1.084626699218750000e+05
1.084622070312500000e+05
1.084611796875000000e+05
1.084626289062500000e+05
1.084610312500000000e+05
1.084604980468750000e+05
1.084609746093750000e+05
1.084606289062500000e+05
1.084639062500000000e+05
1.084700859375000000e+05
1.084666289062500000e+05
1.084651074218750000e+05
1.084684882812500000e+05
1.084625976562500000e+05
1.084641171875000000e+05
1.084655878906250000e+05
1.084647050781250000e+05
1.084608691406250000e+05
1.084602343750000000e+05
1.084601015625000000e+05
1.084628222656250000e+05
1.084615000000000000e+05
1.084618046875000000e+05
1.084602070312500000e+05
1.084591953125000000e+05
1.084581640625000000e+05
1.084585468750000000e+05
1.084574003906250000e+05
1.084580000000000000e+05
1.084597089843750000e+05
1.084570117187500000e+05
1.084577070312500000e+05
1.084615273437500000e+05
1.084584531250000000e+05
1.084604082031250000e+05
1.084573457031250000e+05
1.084576308593750000e+05
1.084576621093750000e+05
1.084563320312500000e+05
1.084588847656250000e+05
1.084564707031250000e+05
1.084626464843750000e+05
1.084588203125000000e+05
1.084568535156250000e+05
