7.586332812500000000e+04
7.537253906250000000e+04
7.496871875000000000e+04
7.464346093750000000e+04
7.438617187500000000e+04
7.418660156250000000e+04
7.403571875000000000e+04
7.392548437500000000e+04
7.384882031250000000e+04
7.380005468750000000e+04
7.377458593750000000e+04
7.376559375000000000e+04
7.376802343750000000e+04
7.377800781250000000e+04
7.379204687500000000e+04
7.380704687500000000e+04
7.382076562500000000e+04
7.383180468750000000e+04
7.383950781250000000e+04
7.384354687500000000e+04
7.384410156250000000e+04
7.384160937500000000e+04
7.383671093750000000e+04
7.383024218750000000e+04
7.382278125000000000e+04
7.381455468750000000e+04
7.380579687500000000e+04
7.379694531250000000e+04
7.378839062500000000e+04
7.378057812500000000e+04
7.377375000000000000e+04
7.376815625000000000e+04
7.376387500000000000e+04
7.376108593750000000e+04
7.375971093750000000e+04
7.375957031250000000e+04
7.376038281250000000e+04
7.376158593750000000e+04
7.376273437500000000e+04
7.376355468750000000e+04
7.376393750000000000e+04
7.376394531250000000e+04
7.376371875000000000e+04
7.376328906250000000e+04
7.376277343750000000e+04
7.376226562500000000e+04
7.376174218750000000e+04
7.376123437500000000e+04
7.376077343750000000e+04
7.376038281250000000e+04
7.376005468750000000e+04
7.375976562500000000e+04
7.375950781250000000e+04
7.375925781250000000e+04
7.375902343750000000e+04
7.375881250000000000e+04
7.375861718750000000e+04
7.375846093750000000e+04
7.375831250000000000e+04
7.375817968750000000e+04
7.375806250000000000e+04
7.375795312500000000e+04
7.375789843750000000e+04
7.375786718750000000e+04
7.375785937500000000e+04
7.375784375000000000e+04
7.375778125000000000e+04
7.375767968750000000e+04
7.375753906250000000e+04
7.375739062500000000e+04
7.375726562500000000e+04
7.375715625000000000e+04
7.375707812500000000e+04
7.375700000000000000e+04
7.375696875000000000e+04
7.375694531250000000e+04
7.375692187500000000e+04
7.375689843750000000e+04
7.375685937500000000e+04
7.375682031250000000e+04
7.375677343750000000e+04
7.375671093750000000e+04
7.375664062500000000e+04
7.375657812500000000e+04
7.375654687500000000e+04
