2021-11-17 17:54:11,612:INFO:All directories created, ready to load the data
2021-11-17 17:54:11,701:INFO:Dataset loaded from /data/theorie/jthoeve/event_generation/events_high_stats/lin/cHW/events_22.npy
2021-11-17 17:54:11,738:INFO:Dataset loaded from /data/theorie/jthoeve/event_generation/events_high_stats/sm/events_22.npy
2021-11-17 17:54:15,296:INFO:Epoch 1, Training loss 208067.6171875, Validation loss 208067.6171875
2021-11-17 17:54:18,796:INFO:Epoch 2, Training loss 208067.6171875, Validation loss 208067.6171875
2021-11-17 17:54:22,286:INFO:Epoch 3, Training loss 208067.6171875, Validation loss 208067.6171875
2021-11-17 17:54:25,811:INFO:Epoch 4, Training loss 208067.6171875, Validation loss 208067.6171875
2021-11-17 17:54:29,317:INFO:Epoch 5, Training loss 208067.6171875, Validation loss 208067.6171875
2021-11-17 17:54:32,797:INFO:Epoch 6, Training loss 208067.6171875, Validation loss 208067.6171875
2021-11-17 17:54:36,262:INFO:Epoch 7, Training loss 208067.6171875, Validation loss 208067.6171875
2021-11-17 17:54:39,761:INFO:Epoch 8, Training loss 208067.6171875, Validation loss 208067.6171875
2021-11-17 17:54:43,249:INFO:Epoch 9, Training loss 208067.6171875, Validation loss 208067.6171875
2021-11-17 17:54:46,727:INFO:Epoch 10, Training loss 208067.6171875, Validation loss 208067.6171875
2021-11-17 17:54:50,199:INFO:Epoch 11, Training loss 208067.6171875, Validation loss 208067.6171875
2021-11-17 17:54:50,203:INFO:Detected stagant training, reset the weights
2021-11-17 17:54:53,692:INFO:Epoch 12, Training loss 131586.0625, Validation loss 124966.66015625
2021-11-17 17:54:57,177:INFO:Epoch 13, Training loss 121322.84375, Validation loss 116776.833984375
2021-11-17 17:55:00,639:INFO:Epoch 14, Training loss 114696.310546875, Validation loss 112152.4140625
2021-11-17 17:55:04,130:INFO:Epoch 15, Training loss 111060.189453125, Validation loss 109826.583984375
2021-11-17 17:55:07,645:INFO:Epoch 16, Training loss 109476.685546875, Validation loss 109275.0234375
2021-11-17 17:55:11,136:INFO:Epoch 17, Training loss 109362.923828125, Validation loss 109548.705078125
2021-11-17 17:55:14,587:INFO:Epoch 18, Training loss 109571.908203125, Validation loss 109546.986328125
2021-11-17 17:55:18,091:INFO:Epoch 19, Training loss 109444.716796875, Validation loss 109314.244140625
2021-11-17 17:55:21,545:INFO:Epoch 20, Training loss 109240.177734375, Validation loss 109185.0703125
2021-11-17 17:55:25,076:INFO:Epoch 21, Training loss 109172.203125, Validation loss 109180.328125
2021-11-17 17:55:28,532:INFO:Epoch 22, Training loss 109175.982421875, Validation loss 109174.79296875
2021-11-17 17:55:32,035:INFO:Epoch 23, Training loss 109156.09765625, Validation loss 109138.10546875
2021-11-17 17:55:35,492:INFO:Epoch 24, Training loss 109118.48046875, Validation loss 109105.498046875
2021-11-17 17:55:39,025:INFO:Epoch 25, Training loss 109093.2734375, Validation loss 109091.376953125
2021-11-17 17:55:42,510:INFO:Epoch 26, Training loss 109081.484375, Validation loss 109078.7421875
2021-11-17 17:55:46,006:INFO:Epoch 27, Training loss 109066.546875, Validation loss 109061.34375
2021-11-17 17:55:49,480:INFO:Epoch 28, Training loss 109050.837890625, Validation loss 109046.80078125
2021-11-17 17:55:52,988:INFO:Epoch 29, Training loss 109038.5078125, Validation loss 109035.94921875
2021-11-17 17:55:56,467:INFO:Epoch 30, Training loss 109028.607421875, Validation loss 109025.126953125
2021-11-17 17:55:59,949:INFO:Epoch 31, Training loss 109018.33984375, Validation loss 109015.431640625
2021-11-17 17:56:03,430:INFO:Epoch 32, Training loss 109009.51953125, Validation loss 109006.951171875
2021-11-17 17:56:06,935:INFO:Epoch 33, Training loss 109001.734375, Validation loss 108998.76953125
2021-11-17 17:56:10,422:INFO:Epoch 34, Training loss 108993.666015625, Validation loss 108991.359375
2021-11-17 17:56:13,887:INFO:Epoch 35, Training loss 108987.03515625, Validation loss 108984.349609375
2021-11-17 17:56:17,385:INFO:Epoch 36, Training loss 108979.9296875, Validation loss 108977.826171875
2021-11-17 17:56:20,880:INFO:Epoch 37, Training loss 108973.767578125, Validation loss 108971.666015625
2021-11-17 17:56:24,371:INFO:Epoch 38, Training loss 108967.546875, Validation loss 108965.921875
2021-11-17 17:56:27,831:INFO:Epoch 39, Training loss 108961.787109375, Validation loss 108960.5859375
2021-11-17 17:56:31,336:INFO:Epoch 40, Training loss 108956.318359375, Validation loss 108955.8671875
2021-11-17 17:56:34,797:INFO:Epoch 41, Training loss 108952.0078125, Validation loss 108951.880859375
2021-11-17 17:56:38,348:INFO:Epoch 42, Training loss 108947.7109375, Validation loss 108948.41015625
2021-11-17 17:56:41,819:INFO:Epoch 43, Training loss 108944.166015625, Validation loss 108945.451171875
2021-11-17 17:56:45,324:INFO:Epoch 44, Training loss 108941.12109375, Validation loss 108942.767578125
2021-11-17 17:56:48,795:INFO:Epoch 45, Training loss 108938.451171875, Validation loss 108940.447265625
2021-11-17 17:56:52,328:INFO:Epoch 46, Training loss 108935.658203125, Validation loss 108938.775390625
2021-11-17 17:56:55,820:INFO:Epoch 47, Training loss 108934.041015625, Validation loss 108937.13671875
2021-11-17 17:56:59,332:INFO:Epoch 48, Training loss 108932.6875, Validation loss 108935.916015625
2021-11-17 17:57:02,830:INFO:Epoch 49, Training loss 108931.103515625, Validation loss 108934.716796875
2021-11-17 17:57:06,373:INFO:Epoch 50, Training loss 108929.83984375, Validation loss 108933.94140625
2021-11-17 17:57:09,868:INFO:Epoch 51, Training loss 108929.13671875, Validation loss 108933.392578125
2021-11-17 17:57:13,368:INFO:Epoch 52, Training loss 108928.51171875, Validation loss 108932.775390625
2021-11-17 17:57:16,871:INFO:Epoch 53, Training loss 108927.974609375, Validation loss 108932.578125
2021-11-17 17:57:20,393:INFO:Epoch 54, Training loss 108927.271484375, Validation loss 108932.123046875
2021-11-17 17:57:23,901:INFO:Epoch 55, Training loss 108927.150390625, Validation loss 108932.009765625
2021-11-17 17:57:27,391:INFO:Epoch 56, Training loss 108926.841796875, Validation loss 108931.708984375
2021-11-17 17:57:30,922:INFO:Epoch 57, Training loss 108926.357421875, Validation loss 108931.2421875
2021-11-17 17:57:34,434:INFO:Epoch 58, Training loss 108926.068359375, Validation loss 108930.953125
2021-11-17 17:57:37,943:INFO:Epoch 59, Training loss 108925.931640625, Validation loss 108930.771484375
2021-11-17 17:57:41,444:INFO:Epoch 60, Training loss 108925.29296875, Validation loss 108930.560546875
2021-11-17 17:57:44,969:INFO:Epoch 61, Training loss 108924.91015625, Validation loss 108930.40625
2021-11-17 17:57:48,452:INFO:Epoch 62, Training loss 108924.62109375, Validation loss 108930.271484375
2021-11-17 17:57:52,004:INFO:Epoch 63, Training loss 108924.53125, Validation loss 108930.00390625
2021-11-17 17:57:55,495:INFO:Epoch 64, Training loss 108924.064453125, Validation loss 108929.927734375
2021-11-17 17:57:59,013:INFO:Epoch 65, Training loss 108924.017578125, Validation loss 108930.24609375
2021-11-17 17:58:02,534:INFO:Epoch 66, Training loss 108923.794921875, Validation loss 108929.931640625
2021-11-17 17:58:06,082:INFO:Epoch 67, Training loss 108923.40234375, Validation loss 108929.67578125
2021-11-17 17:58:09,577:INFO:Epoch 68, Training loss 108922.759765625, Validation loss 108929.83203125
2021-11-17 17:58:13,093:INFO:Epoch 69, Training loss 108922.740234375, Validation loss 108929.841796875
2021-11-17 17:58:16,592:INFO:Epoch 70, Training loss 108922.185546875, Validation loss 108929.75
2021-11-17 17:58:20,121:INFO:Epoch 71, Training loss 108922.283203125, Validation loss 108929.486328125
2021-11-17 17:58:23,620:INFO:Epoch 72, Training loss 108921.787109375, Validation loss 108929.830078125
2021-11-17 17:58:27,121:INFO:Epoch 73, Training loss 108921.51953125, Validation loss 108929.4765625
2021-11-17 17:58:30,635:INFO:Epoch 74, Training loss 108922.171875, Validation loss 108929.451171875
2021-11-17 17:58:34,163:INFO:Epoch 75, Training loss 108921.0, Validation loss 108929.7890625
2021-11-17 17:58:37,676:INFO:Epoch 76, Training loss 108921.046875, Validation loss 108929.39453125
2021-11-17 17:58:41,184:INFO:Epoch 77, Training loss 108920.5234375, Validation loss 108929.48828125
2021-11-17 17:58:44,701:INFO:Epoch 78, Training loss 108920.15234375, Validation loss 108929.49609375
2021-11-17 17:58:48,217:INFO:Epoch 79, Training loss 108920.490234375, Validation loss 108929.291015625
2021-11-17 17:58:51,738:INFO:Epoch 80, Training loss 108920.20703125, Validation loss 108929.35546875
2021-11-17 17:58:55,222:INFO:Epoch 81, Training loss 108919.609375, Validation loss 108929.46875
2021-11-17 17:58:58,747:INFO:Epoch 82, Training loss 108919.859375, Validation loss 108929.712890625
2021-11-17 17:59:02,221:INFO:Epoch 83, Training loss 108919.953125, Validation loss 108929.5078125
2021-11-17 17:59:05,766:INFO:Epoch 84, Training loss 108919.103515625, Validation loss 108929.55859375
2021-11-17 17:59:09,251:INFO:Epoch 85, Training loss 108919.25, Validation loss 108929.787109375
2021-11-17 17:59:12,778:INFO:Epoch 86, Training loss 108918.7890625, Validation loss 108929.708984375
2021-11-17 17:59:16,262:INFO:Epoch 87, Training loss 108918.595703125, Validation loss 108929.658203125
2021-11-17 17:59:19,814:INFO:Epoch 88, Training loss 108918.595703125, Validation loss 108929.921875
2021-11-17 17:59:23,306:INFO:Epoch 89, Training loss 108918.1953125, Validation loss 108929.890625
2021-11-17 17:59:26,820:INFO:Epoch 90, Training loss 108918.03515625, Validation loss 108930.04296875
2021-11-17 17:59:30,322:INFO:Epoch 91, Training loss 108918.259765625, Validation loss 108930.02734375
2021-11-17 17:59:33,858:INFO:Epoch 92, Training loss 108917.943359375, Validation loss 108930.294921875
2021-11-17 17:59:37,354:INFO:Epoch 93, Training loss 108917.7421875, Validation loss 108929.978515625
2021-11-17 17:59:40,874:INFO:Epoch 94, Training loss 108917.638671875, Validation loss 108930.27734375
2021-11-17 17:59:44,381:INFO:Epoch 95, Training loss 108917.1796875, Validation loss 108930.23046875
2021-11-17 17:59:47,912:INFO:Epoch 96, Training loss 108917.43359375, Validation loss 108930.33203125
2021-11-17 17:59:51,428:INFO:Epoch 97, Training loss 108917.076171875, Validation loss 108930.1875
2021-11-17 17:59:54,910:INFO:Epoch 98, Training loss 108916.98046875, Validation loss 108930.6953125
2021-11-17 17:59:58,430:INFO:Epoch 99, Training loss 108917.080078125, Validation loss 108930.48046875
2021-11-17 17:59:58,436:INFO:Finished training, producing training report at /data/theorie/jthoeve/ML4EFT_higgs/models/17_11/model_final_lin_cHW/mc_run_22/plots/training_report/
2021-11-17 18:00:00,848:WARNING:findfont: Font family ['sans-serif'] not found. Falling back to DejaVu Sans.
