8.464356445312500000e+04
8.464356445312500000e+04
8.464356445312500000e+04
8.464356445312500000e+04
8.464356445312500000e+04
8.464356445312500000e+04
8.464356445312500000e+04
8.464356445312500000e+04
8.464356445312500000e+04
8.464356445312500000e+04
8.464356445312500000e+04
7.382148437500000000e+04
7.380500781250000000e+04
7.374990332031250000e+04
7.376048242187500000e+04
7.374382324218750000e+04
7.374708203125000000e+04
7.374146679687500000e+04
7.374125097656250000e+04
7.373903027343750000e+04
7.373833886718750000e+04
7.373756152343750000e+04
7.373661718750000000e+04
7.373625781250000000e+04
7.373616406250000000e+04
7.373508496093750000e+04
7.373479687500000000e+04
7.373558789062500000e+04
7.373536914062500000e+04
7.373341796875000000e+04
7.373306347656250000e+04
7.373256640625000000e+04
7.373231152343750000e+04
7.373184863281250000e+04
7.373198437500000000e+04
7.373111132812500000e+04
7.373096875000000000e+04
7.373035058593750000e+04
7.373006054687500000e+04
7.372920898437500000e+04
7.373003417968750000e+04
7.373111621093750000e+04
7.372920898437500000e+04
7.372884277343750000e+04
7.372796386718750000e+04
7.372728710937500000e+04
7.372965332031250000e+04
7.372680566406250000e+04
7.372687011718750000e+04
7.372632128906250000e+04
7.372569042968750000e+04
7.372541113281250000e+04
7.372389843750000000e+04
7.372415625000000000e+04
7.372324316406250000e+04
7.372304199218750000e+04
7.372295996093750000e+04
7.372191015625000000e+04
7.372263574218750000e+04
7.372266015625000000e+04
7.372293847656250000e+04
7.372097558593750000e+04
7.371950000000000000e+04
7.371972167968750000e+04
7.371757128906250000e+04
7.372104589843750000e+04
7.371921679687500000e+04
