2022-03-03 14:19:26,169:INFO:All directories created, ready to load the data
2022-03-03 14:19:26,273:INFO:Dataset loaded from /data/theorie/jthoeve/training_data/zh/features_mzh_y_ptz_v2/lin/cHq3/events_25.pkl.gz
2022-03-03 14:19:26,310:INFO:Dataset loaded from /data/theorie/jthoeve/training_data/zh/features_mzh_y_ptz_v2/sm/events_25.pkl.gz
2022-03-03 14:19:28,568:INFO:Epoch 1, Training loss 84624.04296875, Validation loss 84624.04296875
2022-03-03 14:19:30,883:INFO:Epoch 2, Training loss 84624.04296875, Validation loss 84624.04296875
2022-03-03 14:19:33,119:INFO:Epoch 3, Training loss 84624.04296875, Validation loss 84624.04296875
2022-03-03 14:19:35,374:INFO:Epoch 4, Training loss 84624.04296875, Validation loss 84624.04296875
2022-03-03 14:19:37,619:INFO:Epoch 5, Training loss 84624.04296875, Validation loss 84624.04296875
2022-03-03 14:19:39,911:INFO:Epoch 6, Training loss 84624.04296875, Validation loss 84624.04296875
2022-03-03 14:19:42,169:INFO:Epoch 7, Training loss 84624.04296875, Validation loss 84624.04296875
2022-03-03 14:19:44,408:INFO:Epoch 8, Training loss 84624.04296875, Validation loss 84624.04296875
2022-03-03 14:19:46,663:INFO:Epoch 9, Training loss 84624.04296875, Validation loss 84624.04296875
2022-03-03 14:19:48,946:INFO:Epoch 10, Training loss 84624.04296875, Validation loss 84624.04296875
2022-03-03 14:19:51,202:INFO:Epoch 11, Training loss 84624.04296875, Validation loss 84624.04296875
2022-03-03 14:19:51,206:INFO:Detected stagant training, reset the weights
2022-03-03 14:19:53,428:INFO:Epoch 12, Training loss 73876.658203125, Validation loss 73738.0546875
2022-03-03 14:19:55,686:INFO:Epoch 13, Training loss 73785.123046875, Validation loss 73804.0498046875
2022-03-03 14:19:57,949:INFO:Epoch 14, Training loss 73768.9267578125, Validation loss 73729.255859375
2022-03-03 14:20:00,221:INFO:Epoch 15, Training loss 73731.509765625, Validation loss 73747.6943359375
2022-03-03 14:20:02,440:INFO:Epoch 16, Training loss 73742.2373046875, Validation loss 73732.853515625
2022-03-03 14:20:04,715:INFO:Epoch 17, Training loss 73726.0078125, Validation loss 73730.435546875
2022-03-03 14:20:06,937:INFO:Epoch 18, Training loss 73728.8955078125, Validation loss 73732.2421875
2022-03-03 14:20:09,250:INFO:Epoch 19, Training loss 73725.537109375, Validation loss 73728.30078125
2022-03-03 14:20:11,474:INFO:Epoch 20, Training loss 73724.044921875, Validation loss 73730.5166015625
2022-03-03 14:20:13,738:INFO:Epoch 21, Training loss 73723.732421875, Validation loss 73728.9384765625
2022-03-03 14:20:15,966:INFO:Epoch 22, Training loss 73722.34765625, Validation loss 73729.6728515625
2022-03-03 14:20:18,269:INFO:Epoch 23, Training loss 73722.1474609375, Validation loss 73729.8525390625
2022-03-03 14:20:20,504:INFO:Epoch 24, Training loss 73721.8330078125, Validation loss 73730.5126953125
2022-03-03 14:20:22,751:INFO:Epoch 25, Training loss 73721.185546875, Validation loss 73730.603515625
2022-03-03 14:20:24,992:INFO:Epoch 26, Training loss 73720.6552734375, Validation loss 73730.67578125
2022-03-03 14:20:27,284:INFO:Epoch 27, Training loss 73720.3076171875, Validation loss 73730.998046875
2022-03-03 14:20:29,530:INFO:Epoch 28, Training loss 73719.8994140625, Validation loss 73731.5244140625
2022-03-03 14:20:31,765:INFO:Epoch 29, Training loss 73719.689453125, Validation loss 73731.8271484375
2022-03-03 14:20:34,014:INFO:Epoch 30, Training loss 73719.2998046875, Validation loss 73732.4130859375
2022-03-03 14:20:36,290:INFO:Epoch 31, Training loss 73718.923828125, Validation loss 73732.5625
2022-03-03 14:20:38,544:INFO:Epoch 32, Training loss 73718.498046875, Validation loss 73732.7333984375
2022-03-03 14:20:40,761:INFO:Epoch 33, Training loss 73718.3017578125, Validation loss 73732.9150390625
2022-03-03 14:20:43,021:INFO:Epoch 34, Training loss 73717.9833984375, Validation loss 73732.974609375
2022-03-03 14:20:45,292:INFO:Epoch 35, Training loss 73717.68359375, Validation loss 73733.5087890625
2022-03-03 14:20:47,555:INFO:Epoch 36, Training loss 73717.357421875, Validation loss 73734.0478515625
2022-03-03 14:20:49,851:INFO:Epoch 37, Training loss 73717.0361328125, Validation loss 73734.849609375
2022-03-03 14:20:52,119:INFO:Epoch 38, Training loss 73716.990234375, Validation loss 73734.1865234375
2022-03-03 14:20:54,333:INFO:Epoch 39, Training loss 73716.537109375, Validation loss 73734.0224609375
2022-03-03 14:20:56,647:INFO:Epoch 40, Training loss 73716.1201171875, Validation loss 73734.5869140625
2022-03-03 14:20:58,870:INFO:Epoch 41, Training loss 73715.7529296875, Validation loss 73735.0615234375
2022-03-03 14:21:01,137:INFO:Epoch 42, Training loss 73715.35546875, Validation loss 73735.265625
2022-03-03 14:21:03,363:INFO:Epoch 43, Training loss 73714.927734375, Validation loss 73735.826171875
2022-03-03 14:21:05,666:INFO:Epoch 44, Training loss 73714.875, Validation loss 73736.1142578125
2022-03-03 14:21:07,899:INFO:Epoch 45, Training loss 73714.5986328125, Validation loss 73735.5703125
2022-03-03 14:21:10,150:INFO:Epoch 46, Training loss 73713.9609375, Validation loss 73735.7001953125
2022-03-03 14:21:12,395:INFO:Epoch 47, Training loss 73714.1943359375, Validation loss 73736.4501953125
2022-03-03 14:21:14,686:INFO:Epoch 48, Training loss 73713.892578125, Validation loss 73736.921875
2022-03-03 14:21:16,936:INFO:Epoch 49, Training loss 73713.892578125, Validation loss 73736.974609375
2022-03-03 14:21:19,171:INFO:Epoch 50, Training loss 73713.1376953125, Validation loss 73736.2763671875
2022-03-03 14:21:21,418:INFO:Epoch 51, Training loss 73712.8974609375, Validation loss 73737.23828125
2022-03-03 14:21:23,699:INFO:Epoch 52, Training loss 73712.16796875, Validation loss 73737.240234375
2022-03-03 14:21:25,955:INFO:Epoch 53, Training loss 73711.73828125, Validation loss 73737.80078125
2022-03-03 14:21:28,183:INFO:Epoch 54, Training loss 73712.3369140625, Validation loss 73738.1845703125
2022-03-03 14:21:30,461:INFO:Epoch 55, Training loss 73711.07421875, Validation loss 73737.7060546875
2022-03-03 14:21:32,733:INFO:Epoch 56, Training loss 73710.748046875, Validation loss 73737.3603515625
2022-03-03 14:21:34,996:INFO:Epoch 57, Training loss 73710.7451171875, Validation loss 73737.9365234375
2022-03-03 14:21:37,210:INFO:Epoch 58, Training loss 73710.1474609375, Validation loss 73738.8916015625
2022-03-03 14:21:39,479:INFO:Epoch 59, Training loss 73710.099609375, Validation loss 73738.388671875
2022-03-03 14:21:41,694:INFO:Epoch 60, Training loss 73709.841796875, Validation loss 73738.2294921875
2022-03-03 14:21:44,009:INFO:Epoch 61, Training loss 73708.7880859375, Validation loss 73738.8427734375
2022-03-03 14:21:46,234:INFO:Epoch 62, Training loss 73708.9697265625, Validation loss 73738.44921875
2022-03-03 14:21:48,508:INFO:Epoch 63, Training loss 73708.525390625, Validation loss 73738.6142578125
2022-03-03 14:21:50,735:INFO:Epoch 64, Training loss 73708.189453125, Validation loss 73739.3740234375
2022-03-03 14:21:53,038:INFO:Epoch 65, Training loss 73707.8828125, Validation loss 73739.20703125
2022-03-03 14:21:55,271:INFO:Epoch 66, Training loss 73707.2568359375, Validation loss 73739.662109375
2022-03-03 14:21:57,519:INFO:Epoch 67, Training loss 73706.6875, Validation loss 73739.97265625
2022-03-03 14:21:59,757:INFO:Epoch 68, Training loss 73706.65234375, Validation loss 73738.845703125
2022-03-03 14:22:02,054:INFO:Epoch 69, Training loss 73706.01953125, Validation loss 73740.3076171875
2022-03-03 14:22:02,061:INFO:Finished training
