7.570061523437500000e+04
7.438211914062500000e+04
7.391704785156250000e+04
7.381283105468750000e+04
7.383631445312500000e+04
7.385268945312500000e+04
7.383615429687500000e+04
7.381420703125000000e+04
7.380490039062500000e+04
7.380621875000000000e+04
7.380644433593750000e+04
7.380414941406250000e+04
7.380297363281250000e+04
7.380265136718750000e+04
7.380253027343750000e+04
7.380224609375000000e+04
7.380193457031250000e+04
7.380166503906250000e+04
7.380159863281250000e+04
7.380129589843750000e+04
7.380113085937500000e+04
7.380089843750000000e+04
7.380073437500000000e+04
7.380048730468750000e+04
7.380032324218750000e+04
7.380016210937500000e+04
7.379993750000000000e+04
7.379972070312500000e+04
7.379961425781250000e+04
7.379960742187500000e+04
7.379918457031250000e+04
7.379898046875000000e+04
7.379886328125000000e+04
7.379865234375000000e+04
7.379839160156250000e+04
7.379842382812500000e+04
7.379803515625000000e+04
7.379780175781250000e+04
7.379758789062500000e+04
7.379741210937500000e+04
7.379720117187500000e+04
7.379697851562500000e+04
7.379682031250000000e+04
7.379656152343750000e+04
7.379633398437500000e+04
7.379611035156250000e+04
7.379591210937500000e+04
7.379573242187500000e+04
7.379542871093750000e+04
7.379531445312500000e+04
7.379513867187500000e+04
7.379476269531250000e+04
7.379455859375000000e+04
7.379456933593750000e+04
7.379472265625000000e+04
7.379385351562500000e+04
7.379365234375000000e+04
7.379352246093750000e+04
7.379313769531250000e+04
7.379301953125000000e+04
7.379271777343750000e+04
7.379266015625000000e+04
