1.506402636718750000e+05
1.495681718750000000e+05
1.490794863281250000e+05
1.483345839843750000e+05
1.474201445312500000e+05
1.464039492187500000e+05
1.453630585937500000e+05
1.444793496093750000e+05
1.439616093750000000e+05
1.437800664062500000e+05
1.437369238281250000e+05
1.436748886718750000e+05
1.436193925781250000e+05
1.435910507812500000e+05
1.435741015625000000e+05
1.435535527343750000e+05
1.435414492187500000e+05
1.435418125000000000e+05
1.435201308593750000e+05
1.435219863281250000e+05
1.435157753906250000e+05
1.435042167968750000e+05
1.434969296875000000e+05
1.434938906250000000e+05
1.434904726562500000e+05
1.434907031250000000e+05
1.434913476562500000e+05
1.434834472656250000e+05
1.434804980468750000e+05
1.434809453125000000e+05
1.434778886718750000e+05
1.434711171875000000e+05
1.434726855468750000e+05
1.434641054687500000e+05
1.434676562500000000e+05
1.434645292968750000e+05
1.434642460937500000e+05
1.434706015625000000e+05
1.434701933593750000e+05
1.434625507812500000e+05
1.434704218750000000e+05
1.434648925781250000e+05
1.434570292968750000e+05
1.434529628906250000e+05
1.434566289062500000e+05
1.434578261718750000e+05
1.434654042968750000e+05
1.434666933593750000e+05
1.434537265625000000e+05
1.434502636718750000e+05
1.434475937500000000e+05
1.434485722656250000e+05
1.434555742187500000e+05
1.434543515625000000e+05
1.434484726562500000e+05
1.434496699218750000e+05
1.434538105468750000e+05
1.434467832031250000e+05
1.434494335937500000e+05
1.434486113281250000e+05
1.434499394531250000e+05
1.434476132812500000e+05
1.434446152343750000e+05
1.434461269531250000e+05
1.434466660156250000e+05
1.434452851562500000e+05
1.434487421875000000e+05
1.434431875000000000e+05
1.434451992187500000e+05
1.434439023437500000e+05
1.434485332031250000e+05
1.434459707031250000e+05
1.434448691406250000e+05
1.434408242187500000e+05
1.434459121093750000e+05
1.434426035156250000e+05
1.434436015625000000e+05
1.434438027343750000e+05
1.434394355468750000e+05
1.434459335937500000e+05
1.434423652343750000e+05
1.434416406250000000e+05
1.434385371093750000e+05
1.434401816406250000e+05
1.434402851562500000e+05
1.434400488281250000e+05
1.434445214843750000e+05
1.434369667968750000e+05
1.434418808593750000e+05
1.434399257812500000e+05
1.434394023437500000e+05
1.434392949218750000e+05
1.434351289062500000e+05
1.434392519531250000e+05
1.434443925781250000e+05
1.434392851562500000e+05
1.434399472656250000e+05
1.434350605468750000e+05
1.434387636718750000e+05
1.434408710937500000e+05
1.434377871093750000e+05
1.434359238281250000e+05
1.434364140625000000e+05
1.434422460937500000e+05
1.434378085937500000e+05
1.434374863281250000e+05
1.434398906250000000e+05
1.434392929687500000e+05
1.434369355468750000e+05
1.434347343750000000e+05
1.434338886718750000e+05
1.434319121093750000e+05
1.434330625000000000e+05
1.434356406250000000e+05
1.434358007812500000e+05
1.434365058593750000e+05
1.434365273437500000e+05
1.434394980468750000e+05
1.434380820312500000e+05
1.434401074218750000e+05
1.434446816406250000e+05
1.434401679687500000e+05
1.434484785156250000e+05
1.434349550781250000e+05
1.434318164062500000e+05
1.434489785156250000e+05
1.434418339843750000e+05
1.434535156250000000e+05
1.434502089843750000e+05
1.434504628906250000e+05
1.434406152343750000e+05
1.434472675781250000e+05
1.434410683593750000e+05
1.434345117187500000e+05
1.434320117187500000e+05
1.434324394531250000e+05
1.434367871093750000e+05
1.434337070312500000e+05
1.434301953125000000e+05
1.434337597656250000e+05
1.434349492187500000e+05
1.434367617187500000e+05
1.434323632812500000e+05
1.434337636718750000e+05
1.434325585937500000e+05
1.434317109375000000e+05
1.434333320312500000e+05
