2022-03-03 12:56:08,927:INFO:All directories created, ready to load the data
2022-03-03 12:56:09,001:INFO:Dataset loaded from /data/theorie/jthoeve/training_data/zh/features_mzh_y_ptz_v2/lin/cHW/events_22.pkl.gz
2022-03-03 12:56:09,058:INFO:Dataset loaded from /data/theorie/jthoeve/training_data/zh/features_mzh_y_ptz_v2/sm/events_22.pkl.gz
2022-03-03 12:56:11,459:INFO:Epoch 1, Training loss 208067.71484375, Validation loss 208067.71484375
2022-03-03 12:56:13,914:INFO:Epoch 2, Training loss 208067.71484375, Validation loss 208067.71484375
2022-03-03 12:56:16,302:INFO:Epoch 3, Training loss 208067.71484375, Validation loss 208067.71484375
2022-03-03 12:56:18,708:INFO:Epoch 4, Training loss 208067.71484375, Validation loss 208067.71484375
2022-03-03 12:56:21,101:INFO:Epoch 5, Training loss 208067.71484375, Validation loss 208067.71484375
2022-03-03 12:56:23,548:INFO:Epoch 6, Training loss 208067.71484375, Validation loss 208067.71484375
2022-03-03 12:56:25,947:INFO:Epoch 7, Training loss 208067.71484375, Validation loss 208067.71484375
2022-03-03 12:56:28,335:INFO:Epoch 8, Training loss 208067.71484375, Validation loss 208067.71484375
2022-03-03 12:56:30,757:INFO:Epoch 9, Training loss 208067.71484375, Validation loss 208067.71484375
2022-03-03 12:56:33,199:INFO:Epoch 10, Training loss 208067.71484375, Validation loss 208067.71484375
2022-03-03 12:56:35,603:INFO:Epoch 11, Training loss 208067.71484375, Validation loss 208067.71484375
2022-03-03 12:56:35,607:INFO:Detected stagant training, reset the weights
2022-03-03 12:56:37,982:INFO:Epoch 12, Training loss 162068.642578125, Validation loss 148267.45703125
2022-03-03 12:56:40,396:INFO:Epoch 13, Training loss 140445.638671875, Validation loss 130093.650390625
2022-03-03 12:56:42,820:INFO:Epoch 14, Training loss 125051.81640625, Validation loss 118694.177734375
2022-03-03 12:56:45,243:INFO:Epoch 15, Training loss 115752.662109375, Validation loss 112226.572265625
2022-03-03 12:56:47,610:INFO:Epoch 16, Training loss 110945.52734375, Validation loss 109639.830078125
2022-03-03 12:56:50,036:INFO:Epoch 17, Training loss 109483.892578125, Validation loss 109557.48828125
2022-03-03 12:56:52,405:INFO:Epoch 18, Training loss 109729.2890625, Validation loss 109886.75
2022-03-03 12:56:54,868:INFO:Epoch 19, Training loss 109857.716796875, Validation loss 109729.61328125
2022-03-03 12:56:57,244:INFO:Epoch 20, Training loss 109621.068359375, Validation loss 109453.564453125
2022-03-03 12:56:59,665:INFO:Epoch 21, Training loss 109389.82421875, Validation loss 109298.921875
2022-03-03 12:57:02,045:INFO:Epoch 22, Training loss 109287.275390625, Validation loss 109255.4296875
2022-03-03 12:57:04,507:INFO:Epoch 23, Training loss 109266.232421875, Validation loss 109250.4609375
2022-03-03 12:57:06,896:INFO:Epoch 24, Training loss 109262.37890625, Validation loss 109240.953125
2022-03-03 12:57:09,298:INFO:Epoch 25, Training loss 109248.666015625, Validation loss 109219.5234375
2022-03-03 12:57:11,687:INFO:Epoch 26, Training loss 109225.69921875, Validation loss 109194.5390625
2022-03-03 12:57:14,140:INFO:Epoch 27, Training loss 109202.91015625, Validation loss 109172.130859375
2022-03-03 12:57:16,541:INFO:Epoch 28, Training loss 109182.5625, Validation loss 109152.84765625
2022-03-03 12:57:18,926:INFO:Epoch 29, Training loss 109164.814453125, Validation loss 109133.361328125
2022-03-03 12:57:21,335:INFO:Epoch 30, Training loss 109145.90625, Validation loss 109112.85546875
2022-03-03 12:57:23,776:INFO:Epoch 31, Training loss 109126.0546875, Validation loss 109089.7578125
2022-03-03 12:57:26,183:INFO:Epoch 32, Training loss 109103.5, Validation loss 109064.78125
2022-03-03 12:57:28,559:INFO:Epoch 33, Training loss 109079.806640625, Validation loss 109037.478515625
2022-03-03 12:57:30,974:INFO:Epoch 34, Training loss 109053.220703125, Validation loss 109006.5703125
2022-03-03 12:57:33,404:INFO:Epoch 35, Training loss 109024.2890625, Validation loss 108971.724609375
2022-03-03 12:57:35,823:INFO:Epoch 36, Training loss 108990.23046875, Validation loss 108931.328125
2022-03-03 12:57:38,188:INFO:Epoch 37, Training loss 108950.83203125, Validation loss 108886.1953125
2022-03-03 12:57:40,615:INFO:Epoch 38, Training loss 108910.287109375, Validation loss 108835.17578125
2022-03-03 12:57:42,986:INFO:Epoch 39, Training loss 108864.330078125, Validation loss 108781.083984375
2022-03-03 12:57:45,457:INFO:Epoch 40, Training loss 108819.935546875, Validation loss 108730.98828125
2022-03-03 12:57:47,832:INFO:Epoch 41, Training loss 108777.2421875, Validation loss 108681.412109375
2022-03-03 12:57:50,254:INFO:Epoch 42, Training loss 108737.576171875, Validation loss 108637.171875
2022-03-03 12:57:52,639:INFO:Epoch 43, Training loss 108706.404296875, Validation loss 108602.982421875
2022-03-03 12:57:55,102:INFO:Epoch 44, Training loss 108686.25, Validation loss 108582.3359375
2022-03-03 12:57:57,485:INFO:Epoch 45, Training loss 108671.0078125, Validation loss 108569.119140625
2022-03-03 12:57:59,895:INFO:Epoch 46, Training loss 108660.68359375, Validation loss 108560.466796875
2022-03-03 12:58:02,289:INFO:Epoch 47, Training loss 108652.294921875, Validation loss 108554.453125
2022-03-03 12:58:04,739:INFO:Epoch 48, Training loss 108646.419921875, Validation loss 108551.212890625
2022-03-03 12:58:07,139:INFO:Epoch 49, Training loss 108640.94140625, Validation loss 108549.115234375
2022-03-03 12:58:09,536:INFO:Epoch 50, Training loss 108635.8515625, Validation loss 108544.87109375
2022-03-03 12:58:11,940:INFO:Epoch 51, Training loss 108632.279296875, Validation loss 108543.693359375
2022-03-03 12:58:14,385:INFO:Epoch 52, Training loss 108628.7578125, Validation loss 108542.458984375
2022-03-03 12:58:16,793:INFO:Epoch 53, Training loss 108625.75390625, Validation loss 108542.19140625
2022-03-03 12:58:19,181:INFO:Epoch 54, Training loss 108623.591796875, Validation loss 108539.615234375
2022-03-03 12:58:21,600:INFO:Epoch 55, Training loss 108620.044921875, Validation loss 108537.375
2022-03-03 12:58:24,026:INFO:Epoch 56, Training loss 108617.15234375, Validation loss 108537.541015625
2022-03-03 12:58:26,451:INFO:Epoch 57, Training loss 108615.1015625, Validation loss 108536.0234375
2022-03-03 12:58:28,824:INFO:Epoch 58, Training loss 108613.583984375, Validation loss 108534.458984375
2022-03-03 12:58:31,250:INFO:Epoch 59, Training loss 108611.2109375, Validation loss 108534.16015625
2022-03-03 12:58:33,626:INFO:Epoch 60, Training loss 108610.76953125, Validation loss 108534.3515625
2022-03-03 12:58:36,095:INFO:Epoch 61, Training loss 108608.7578125, Validation loss 108533.037109375
2022-03-03 12:58:38,464:INFO:Epoch 62, Training loss 108607.25, Validation loss 108531.78515625
2022-03-03 12:58:40,891:INFO:Epoch 63, Training loss 108606.400390625, Validation loss 108532.248046875
2022-03-03 12:58:43,276:INFO:Epoch 64, Training loss 108605.509765625, Validation loss 108531.650390625
2022-03-03 12:58:45,734:INFO:Epoch 65, Training loss 108604.044921875, Validation loss 108531.259765625
2022-03-03 12:58:48,123:INFO:Epoch 66, Training loss 108602.8046875, Validation loss 108530.578125
2022-03-03 12:58:50,533:INFO:Epoch 67, Training loss 108602.484375, Validation loss 108530.013671875
2022-03-03 12:58:52,932:INFO:Epoch 68, Training loss 108601.19140625, Validation loss 108529.31640625
2022-03-03 12:58:55,381:INFO:Epoch 69, Training loss 108599.888671875, Validation loss 108529.126953125
2022-03-03 12:58:57,777:INFO:Epoch 70, Training loss 108599.359375, Validation loss 108528.728515625
2022-03-03 12:59:00,164:INFO:Epoch 71, Training loss 108598.85546875, Validation loss 108528.294921875
2022-03-03 12:59:02,575:INFO:Epoch 72, Training loss 108597.03515625, Validation loss 108527.041015625
2022-03-03 12:59:05,010:INFO:Epoch 73, Training loss 108597.5859375, Validation loss 108528.6875
2022-03-03 12:59:07,424:INFO:Epoch 74, Training loss 108596.09765625, Validation loss 108527.705078125
2022-03-03 12:59:09,797:INFO:Epoch 75, Training loss 108595.015625, Validation loss 108526.0625
2022-03-03 12:59:12,215:INFO:Epoch 76, Training loss 108593.349609375, Validation loss 108526.669921875
2022-03-03 12:59:14,644:INFO:Epoch 77, Training loss 108592.35546875, Validation loss 108527.404296875
2022-03-03 12:59:17,065:INFO:Epoch 78, Training loss 108592.2578125, Validation loss 108525.9375
2022-03-03 12:59:19,430:INFO:Epoch 79, Training loss 108591.841796875, Validation loss 108524.818359375
2022-03-03 12:59:21,855:INFO:Epoch 80, Training loss 108591.671875, Validation loss 108525.548828125
2022-03-03 12:59:24,223:INFO:Epoch 81, Training loss 108591.283203125, Validation loss 108528.62890625
2022-03-03 12:59:26,691:INFO:Epoch 82, Training loss 108589.630859375, Validation loss 108526.28515625
2022-03-03 12:59:29,066:INFO:Epoch 83, Training loss 108590.7265625, Validation loss 108523.623046875
2022-03-03 12:59:31,488:INFO:Epoch 84, Training loss 108588.380859375, Validation loss 108524.669921875
2022-03-03 12:59:33,872:INFO:Epoch 85, Training loss 108588.330078125, Validation loss 108525.634765625
2022-03-03 12:59:36,338:INFO:Epoch 86, Training loss 108588.1328125, Validation loss 108525.578125
2022-03-03 12:59:38,728:INFO:Epoch 87, Training loss 108587.224609375, Validation loss 108525.37890625
2022-03-03 12:59:41,132:INFO:Epoch 88, Training loss 108586.5078125, Validation loss 108526.326171875
2022-03-03 12:59:43,528:INFO:Epoch 89, Training loss 108585.498046875, Validation loss 108524.142578125
2022-03-03 12:59:45,979:INFO:Epoch 90, Training loss 108585.525390625, Validation loss 108523.96875
2022-03-03 12:59:48,373:INFO:Epoch 91, Training loss 108584.904296875, Validation loss 108524.630859375
2022-03-03 12:59:50,760:INFO:Epoch 92, Training loss 108583.267578125, Validation loss 108526.69140625
2022-03-03 12:59:53,164:INFO:Epoch 93, Training loss 108584.263671875, Validation loss 108526.208984375
2022-03-03 12:59:55,594:INFO:Epoch 94, Training loss 108583.6953125, Validation loss 108525.52734375
2022-03-03 12:59:58,004:INFO:Epoch 95, Training loss 108582.716796875, Validation loss 108524.5078125
2022-03-03 13:00:00,377:INFO:Epoch 96, Training loss 108582.65625, Validation loss 108524.2421875
2022-03-03 13:00:02,789:INFO:Epoch 97, Training loss 108582.31640625, Validation loss 108526.11328125
2022-03-03 13:00:05,216:INFO:Epoch 98, Training loss 108581.962890625, Validation loss 108526.19140625
2022-03-03 13:00:07,631:INFO:Epoch 99, Training loss 108582.58984375, Validation loss 108524.62890625
2022-03-03 13:00:09,993:INFO:Epoch 100, Training loss 108581.779296875, Validation loss 108525.62109375
2022-03-03 13:00:12,417:INFO:Epoch 101, Training loss 108582.322265625, Validation loss 108524.572265625
2022-03-03 13:00:14,793:INFO:Epoch 102, Training loss 108580.1171875, Validation loss 108526.20703125
2022-03-03 13:00:17,261:INFO:Epoch 103, Training loss 108580.841796875, Validation loss 108527.865234375
2022-03-03 13:00:19,629:INFO:Epoch 104, Training loss 108580.056640625, Validation loss 108525.96875
2022-03-03 13:00:22,048:INFO:Epoch 105, Training loss 108579.21875, Validation loss 108525.271484375
2022-03-03 13:00:24,429:INFO:Epoch 106, Training loss 108578.73046875, Validation loss 108525.640625
2022-03-03 13:00:26,890:INFO:Epoch 107, Training loss 108578.01171875, Validation loss 108526.23828125
2022-03-03 13:00:29,276:INFO:Epoch 108, Training loss 108578.181640625, Validation loss 108526.56640625
2022-03-03 13:00:31,680:INFO:Epoch 109, Training loss 108577.986328125, Validation loss 108525.51171875
2022-03-03 13:00:34,080:INFO:Epoch 110, Training loss 108577.4921875, Validation loss 108524.990234375
2022-03-03 13:00:36,532:INFO:Epoch 111, Training loss 108577.53125, Validation loss 108525.65234375
2022-03-03 13:00:38,930:INFO:Epoch 112, Training loss 108578.6484375, Validation loss 108526.162109375
2022-03-03 13:00:41,318:INFO:Epoch 113, Training loss 108576.453125, Validation loss 108528.15234375
2022-03-03 13:00:43,727:INFO:Epoch 114, Training loss 108576.88671875, Validation loss 108528.478515625
2022-03-03 13:00:46,110:INFO:Epoch 115, Training loss 108576.59765625, Validation loss 108526.525390625
2022-03-03 13:00:48,454:INFO:Epoch 116, Training loss 108575.29296875, Validation loss 108526.001953125
2022-03-03 13:00:50,764:INFO:Epoch 117, Training loss 108576.412109375, Validation loss 108527.267578125
2022-03-03 13:00:53,110:INFO:Epoch 118, Training loss 108574.609375, Validation loss 108527.048828125
2022-03-03 13:00:55,468:INFO:Epoch 119, Training loss 108575.529296875, Validation loss 108526.689453125
2022-03-03 13:00:57,823:INFO:Epoch 120, Training loss 108575.015625, Validation loss 108528.501953125
2022-03-03 13:01:00,123:INFO:Epoch 121, Training loss 108574.74609375, Validation loss 108528.0234375
2022-03-03 13:01:02,481:INFO:Epoch 122, Training loss 108573.80859375, Validation loss 108526.599609375
2022-03-03 13:01:04,786:INFO:Epoch 123, Training loss 108573.7578125, Validation loss 108528.73828125
2022-03-03 13:01:07,190:INFO:Epoch 124, Training loss 108573.83203125, Validation loss 108529.966796875
2022-03-03 13:01:09,492:INFO:Epoch 125, Training loss 108574.8671875, Validation loss 108526.40625
2022-03-03 13:01:11,844:INFO:Epoch 126, Training loss 108574.25, Validation loss 108529.041015625
2022-03-03 13:01:14,161:INFO:Epoch 127, Training loss 108572.115234375, Validation loss 108528.037109375
2022-03-03 13:01:16,559:INFO:Epoch 128, Training loss 108571.982421875, Validation loss 108528.564453125
2022-03-03 13:01:18,881:INFO:Epoch 129, Training loss 108572.14453125, Validation loss 108527.033203125
2022-03-03 13:01:21,212:INFO:Epoch 130, Training loss 108572.662109375, Validation loss 108529.318359375
2022-03-03 13:01:23,542:INFO:Epoch 131, Training loss 108571.92578125, Validation loss 108527.96875
2022-03-03 13:01:25,930:INFO:Epoch 132, Training loss 108571.560546875, Validation loss 108527.8359375
2022-03-03 13:01:28,259:INFO:Epoch 133, Training loss 108572.005859375, Validation loss 108530.232421875
2022-03-03 13:01:28,267:INFO:Finished training
