8.464121093750000000e+04
8.464121093750000000e+04
8.464121093750000000e+04
8.464121093750000000e+04
8.464121093750000000e+04
8.464121093750000000e+04
8.464121093750000000e+04
8.464121093750000000e+04
8.464121093750000000e+04
8.464121093750000000e+04
8.464121093750000000e+04
8.463210546875000000e+04
8.450001757812500000e+04
8.215657324218750000e+04
7.511433203125000000e+04
7.506983593750000000e+04
7.486499023437500000e+04
7.403634765625000000e+04
7.386975781250000000e+04
7.388810253906250000e+04
7.378595214843750000e+04
7.376289453125000000e+04
7.376720605468750000e+04
7.375177343750000000e+04
7.375371191406250000e+04
7.374777929687500000e+04
7.374770507812500000e+04
7.374605566406250000e+04
7.374576074218750000e+04
7.374476367187500000e+04
7.374424316406250000e+04
7.374356640625000000e+04
7.374326562500000000e+04
7.374275097656250000e+04
7.374247460937500000e+04
7.374208886718750000e+04
7.374183593750000000e+04
7.374143457031250000e+04
7.374103027343750000e+04
7.374064550781250000e+04
7.374050488281250000e+04
7.374015917968750000e+04
7.373993457031250000e+04
7.373964941406250000e+04
7.373942382812500000e+04
7.373913378906250000e+04
7.373885156250000000e+04
7.373854882812500000e+04
7.373840527343750000e+04
7.373805957031250000e+04
7.373777636718750000e+04
7.373769335937500000e+04
7.373752343750000000e+04
7.373733886718750000e+04
7.373720019531250000e+04
7.373694140625000000e+04
7.373658300781250000e+04
7.373651367187500000e+04
7.373652539062500000e+04
7.373638574218750000e+04
7.373603320312500000e+04
7.373622167968750000e+04
7.373551855468750000e+04
7.373539746093750000e+04
7.373538574218750000e+04
7.373483007812500000e+04
7.373482421875000000e+04
7.373457324218750000e+04
7.373443652343750000e+04
7.373429394531250000e+04
7.373381640625000000e+04
7.373384863281250000e+04
7.373353710937500000e+04
7.373351367187500000e+04
7.373311425781250000e+04
7.373323730468750000e+04
7.373231152343750000e+04
7.373219824218750000e+04
7.373165136718750000e+04
7.373168359375000000e+04
7.373128320312500000e+04
7.373086621093750000e+04
