8.292271386718750000e+04
7.737433105468750000e+04
7.460509082031250000e+04
7.391943554687500000e+04
7.397057128906250000e+04
7.400539355468750000e+04
7.389140527343750000e+04
7.376978613281250000e+04
7.373195507812500000e+04
7.375009472656250000e+04
7.374361328125000000e+04
7.372994042968750000e+04
7.372914648437500000e+04
7.373072460937500000e+04
7.372903027343750000e+04
7.372740136718750000e+04
7.372712402343750000e+04
7.372693750000000000e+04
7.372651953125000000e+04
7.372617089843750000e+04
7.372602246093750000e+04
7.372594921875000000e+04
7.372559082031250000e+04
7.372540527343750000e+04
7.372528613281250000e+04
7.372519531250000000e+04
7.372492382812500000e+04
7.372483300781250000e+04
7.372466699218750000e+04
7.372478515625000000e+04
7.372441503906250000e+04
7.372423535156250000e+04
7.372405761718750000e+04
7.372399707031250000e+04
7.372382714843750000e+04
7.372369238281250000e+04
7.372355957031250000e+04
7.372346875000000000e+04
7.372313281250000000e+04
7.372298632812500000e+04
7.372298144531250000e+04
7.372296386718750000e+04
7.372273730468750000e+04
7.372254785156250000e+04
7.372268945312500000e+04
7.372229101562500000e+04
7.372216992187500000e+04
7.372207714843750000e+04
7.372193164062500000e+04
7.372198535156250000e+04
7.372155957031250000e+04
7.372178710937500000e+04
7.372125000000000000e+04
7.372124316406250000e+04
7.372103710937500000e+04
7.372098046875000000e+04
7.372073144531250000e+04
7.372066015625000000e+04
7.372128613281250000e+04
7.372042871093750000e+04
7.372113281250000000e+04
7.372037500000000000e+04
7.372042480468750000e+04
7.372022753906250000e+04
7.371982714843750000e+04
7.371979101562500000e+04
