2021-11-24 15:26:08,397:INFO:All directories created, ready to load the data
2021-11-24 15:26:08,435:INFO:Dataset loaded from /data/theorie/jthoeve/event_generation/events_high_stats/quad/cHW/events_17.npy
2021-11-24 15:26:08,438:INFO:Dataset loaded from /data/theorie/jthoeve/event_generation/events_high_stats/sm/events_17.npy
2021-11-24 15:26:12,275:INFO:Epoch 1, Training loss 183627.44140625, Validation loss 183528.3125
2021-11-24 15:26:16,114:INFO:Epoch 2, Training loss 183627.4453125, Validation loss 183528.3125
2021-11-24 15:26:19,886:INFO:Epoch 3, Training loss 183627.44921875, Validation loss 183528.3125
2021-11-24 15:26:23,742:INFO:Epoch 4, Training loss 183627.4453125, Validation loss 183528.3125
2021-11-24 15:26:27,524:INFO:Epoch 5, Training loss 183627.44140625, Validation loss 183528.3125
2021-11-24 15:26:31,323:INFO:Epoch 6, Training loss 183627.44140625, Validation loss 183528.3125
2021-11-24 15:26:35,132:INFO:Epoch 7, Training loss 183627.44140625, Validation loss 183528.3125
2021-11-24 15:26:38,960:INFO:Epoch 8, Training loss 183627.4453125, Validation loss 183528.3125
2021-11-24 15:26:42,746:INFO:Epoch 9, Training loss 183627.44140625, Validation loss 183528.3125
2021-11-24 15:26:46,535:INFO:Epoch 10, Training loss 183627.4453125, Validation loss 183528.3125
2021-11-24 15:26:50,370:INFO:Epoch 11, Training loss 183627.44921875, Validation loss 183528.3125
2021-11-24 15:26:54,199:INFO:Epoch 12, Training loss 183627.44140625, Validation loss 183528.3125
2021-11-24 15:26:58,003:INFO:Epoch 13, Training loss 183627.44921875, Validation loss 183528.3125
2021-11-24 15:27:01,795:INFO:Epoch 14, Training loss 183627.44140625, Validation loss 183528.3125
2021-11-24 15:27:05,602:INFO:Epoch 15, Training loss 183627.4453125, Validation loss 183528.3125
2021-11-24 15:27:05,607:INFO:Detected stagant training, reset the weights
2021-11-24 15:27:09,416:INFO:Epoch 16, Training loss 183627.4453125, Validation loss 183528.3125
2021-11-24 15:27:09,420:INFO:Detected stagant training, reset the weights
2021-11-24 15:27:13,235:INFO:Epoch 17, Training loss 156701.69140625, Validation loss 151803.943359375
2021-11-24 15:27:17,038:INFO:Epoch 18, Training loss 150643.9921875, Validation loss 149665.96484375
2021-11-24 15:27:20,888:INFO:Epoch 19, Training loss 149617.072265625, Validation loss 149405.3203125
2021-11-24 15:27:24,661:INFO:Epoch 20, Training loss 149222.90234375, Validation loss 148662.3125
2021-11-24 15:27:28,513:INFO:Epoch 21, Training loss 148240.5234375, Validation loss 147354.748046875
2021-11-24 15:27:32,294:INFO:Epoch 22, Training loss 146819.755859375, Validation loss 145794.8359375
2021-11-24 15:27:36,113:INFO:Epoch 23, Training loss 145253.029296875, Validation loss 144410.44140625
2021-11-24 15:27:39,894:INFO:Epoch 24, Training loss 144024.173828125, Validation loss 143670.203125
2021-11-24 15:27:43,746:INFO:Epoch 25, Training loss 143519.70703125, Validation loss 143712.439453125
2021-11-24 15:27:47,567:INFO:Epoch 26, Training loss 143538.53125, Validation loss 143716.4140625
2021-11-24 15:27:51,756:INFO:Epoch 27, Training loss 143475.484375, Validation loss 143571.373046875
2021-11-24 15:27:55,559:INFO:Epoch 28, Training loss 143405.9609375, Validation loss 143510.708984375
2021-11-24 15:27:59,399:INFO:Epoch 29, Training loss 143394.22265625, Validation loss 143496.845703125
2021-11-24 15:28:03,199:INFO:Epoch 30, Training loss 143382.42578125, Validation loss 143486.494140625
2021-11-24 15:28:06,991:INFO:Epoch 31, Training loss 143358.494140625, Validation loss 143495.513671875
2021-11-24 15:28:10,817:INFO:Epoch 32, Training loss 143340.98046875, Validation loss 143476.392578125
2021-11-24 15:28:14,644:INFO:Epoch 33, Training loss 143332.279296875, Validation loss 143466.654296875
2021-11-24 15:28:18,455:INFO:Epoch 34, Training loss 143322.41015625, Validation loss 143481.60546875
2021-11-24 15:28:22,258:INFO:Epoch 35, Training loss 143319.98828125, Validation loss 143448.47265625
2021-11-24 15:28:26,097:INFO:Epoch 36, Training loss 143314.49609375, Validation loss 143442.544921875
2021-11-24 15:28:29,923:INFO:Epoch 37, Training loss 143304.34765625, Validation loss 143476.12890625
2021-11-24 15:28:33,749:INFO:Epoch 38, Training loss 143311.12890625, Validation loss 143439.21875
2021-11-24 15:28:37,537:INFO:Epoch 39, Training loss 143297.671875, Validation loss 143434.259765625
2021-11-24 15:28:41,399:INFO:Epoch 40, Training loss 143295.6640625, Validation loss 143432.7265625
2021-11-24 15:28:45,180:INFO:Epoch 41, Training loss 143293.49609375, Validation loss 143437.361328125
2021-11-24 15:28:49,038:INFO:Epoch 42, Training loss 143290.365234375, Validation loss 143448.912109375
2021-11-24 15:28:52,827:INFO:Epoch 43, Training loss 143299.498046875, Validation loss 143425.4921875
2021-11-24 15:28:56,661:INFO:Epoch 44, Training loss 143284.19140625, Validation loss 143429.673828125
2021-11-24 15:29:00,451:INFO:Epoch 45, Training loss 143284.232421875, Validation loss 143427.80078125
2021-11-24 15:29:04,302:INFO:Epoch 46, Training loss 143280.384765625, Validation loss 143430.96484375
2021-11-24 15:29:08,123:INFO:Epoch 47, Training loss 143280.826171875, Validation loss 143440.451171875
2021-11-24 15:29:11,945:INFO:Epoch 48, Training loss 143278.119140625, Validation loss 143423.57421875
2021-11-24 15:29:15,745:INFO:Epoch 49, Training loss 143278.322265625, Validation loss 143428.716796875
2021-11-24 15:29:19,587:INFO:Epoch 50, Training loss 143274.431640625, Validation loss 143422.791015625
2021-11-24 15:29:23,400:INFO:Epoch 51, Training loss 143276.0703125, Validation loss 143423.013671875
2021-11-24 15:29:27,206:INFO:Epoch 52, Training loss 143274.822265625, Validation loss 143423.6640625
2021-11-24 15:29:31,102:INFO:Epoch 53, Training loss 143287.61328125, Validation loss 143423.24609375
2021-11-24 15:29:34,931:INFO:Epoch 54, Training loss 143287.66796875, Validation loss 143423.59375
2021-11-24 15:29:38,753:INFO:Epoch 55, Training loss 143283.259765625, Validation loss 143418.349609375
2021-11-24 15:29:42,579:INFO:Epoch 56, Training loss 143274.943359375, Validation loss 143432.63671875
2021-11-24 15:29:46,414:INFO:Epoch 57, Training loss 143273.404296875, Validation loss 143423.083984375
2021-11-24 15:29:50,253:INFO:Epoch 58, Training loss 143272.361328125, Validation loss 143422.009765625
2021-11-24 15:29:54,087:INFO:Epoch 59, Training loss 143278.927734375, Validation loss 143433.494140625
2021-11-24 15:29:57,877:INFO:Epoch 60, Training loss 143280.595703125, Validation loss 143421.390625
2021-11-24 15:30:01,706:INFO:Epoch 61, Training loss 143274.16796875, Validation loss 143425.904296875
2021-11-24 15:30:05,495:INFO:Epoch 62, Training loss 143281.869140625, Validation loss 143426.212890625
2021-11-24 15:30:09,395:INFO:Epoch 63, Training loss 143282.3984375, Validation loss 143435.71875
2021-11-24 15:30:13,250:INFO:Epoch 64, Training loss 143282.298828125, Validation loss 143432.6875
2021-11-24 15:30:17,155:INFO:Epoch 65, Training loss 143278.62890625, Validation loss 143417.650390625
2021-11-24 15:30:21,010:INFO:Epoch 66, Training loss 143276.091796875, Validation loss 143427.400390625
2021-11-24 15:30:24,902:INFO:Epoch 67, Training loss 143277.560546875, Validation loss 143435.3671875
2021-11-24 15:30:28,761:INFO:Epoch 68, Training loss 143276.46875, Validation loss 143424.68359375
2021-11-24 15:30:32,641:INFO:Epoch 69, Training loss 143277.705078125, Validation loss 143430.2421875
2021-11-24 15:30:36,498:INFO:Epoch 70, Training loss 143266.318359375, Validation loss 143426.04296875
2021-11-24 15:30:40,425:INFO:Epoch 71, Training loss 143276.23828125, Validation loss 143423.751953125
2021-11-24 15:30:44,304:INFO:Epoch 72, Training loss 143280.416015625, Validation loss 143425.748046875
2021-11-24 15:30:48,171:INFO:Epoch 73, Training loss 143281.875, Validation loss 143447.580078125
2021-11-24 15:30:52,049:INFO:Epoch 74, Training loss 143280.115234375, Validation loss 143419.666015625
2021-11-24 15:30:55,967:INFO:Epoch 75, Training loss 143270.748046875, Validation loss 143423.361328125
2021-11-24 15:30:59,797:INFO:Epoch 76, Training loss 143267.6875, Validation loss 143422.7109375
2021-11-24 15:31:03,594:INFO:Epoch 77, Training loss 143266.76953125, Validation loss 143417.98828125
2021-11-24 15:31:07,428:INFO:Epoch 78, Training loss 143264.28125, Validation loss 143423.765625
2021-11-24 15:31:11,512:INFO:Epoch 79, Training loss 143264.205078125, Validation loss 143420.07421875
2021-11-24 15:31:15,341:INFO:Epoch 80, Training loss 143265.6953125, Validation loss 143420.349609375
2021-11-24 15:31:19,150:INFO:Epoch 81, Training loss 143263.689453125, Validation loss 143416.95703125
2021-11-24 15:31:22,993:INFO:Epoch 82, Training loss 143267.400390625, Validation loss 143415.033203125
2021-11-24 15:31:27,083:INFO:Epoch 83, Training loss 143264.498046875, Validation loss 143440.0078125
2021-11-24 15:31:30,950:INFO:Epoch 84, Training loss 143268.154296875, Validation loss 143419.9375
2021-11-24 15:31:34,748:INFO:Epoch 85, Training loss 143273.65234375, Validation loss 143421.92578125
2021-11-24 15:31:38,594:INFO:Epoch 86, Training loss 143274.65625, Validation loss 143431.37890625
2021-11-24 15:31:42,422:INFO:Epoch 87, Training loss 143265.986328125, Validation loss 143416.037109375
2021-11-24 15:31:46,274:INFO:Epoch 88, Training loss 143268.24609375, Validation loss 143417.55078125
2021-11-24 15:31:50,084:INFO:Epoch 89, Training loss 143264.802734375, Validation loss 143421.216796875
2021-11-24 15:31:54,020:INFO:Epoch 90, Training loss 143262.265625, Validation loss 143419.337890625
2021-11-24 15:31:57,832:INFO:Epoch 91, Training loss 143263.74609375, Validation loss 143421.65234375
2021-11-24 15:32:01,680:INFO:Epoch 92, Training loss 143262.349609375, Validation loss 143420.705078125
2021-11-24 15:32:05,488:INFO:Epoch 93, Training loss 143260.35546875, Validation loss 143415.951171875
2021-11-24 15:32:09,301:INFO:Epoch 94, Training loss 143259.630859375, Validation loss 143426.66015625
2021-11-24 15:32:13,317:INFO:Epoch 95, Training loss 143273.638671875, Validation loss 143415.689453125
2021-11-24 15:32:17,134:INFO:Epoch 96, Training loss 143271.373046875, Validation loss 143431.634765625
2021-11-24 15:32:20,940:INFO:Epoch 97, Training loss 143272.58203125, Validation loss 143417.376953125
2021-11-24 15:32:24,740:INFO:Epoch 98, Training loss 143264.791015625, Validation loss 143417.255859375
2021-11-24 15:32:28,552:INFO:Epoch 99, Training loss 143263.951171875, Validation loss 143419.375
2021-11-24 15:32:32,376:INFO:Epoch 100, Training loss 143265.55078125, Validation loss 143425.330078125
2021-11-24 15:32:36,199:INFO:Epoch 101, Training loss 143262.029296875, Validation loss 143433.599609375
2021-11-24 15:32:39,993:INFO:Epoch 102, Training loss 143262.556640625, Validation loss 143415.333984375
2021-11-24 15:32:43,846:INFO:Epoch 103, Training loss 143260.326171875, Validation loss 143416.234375
2021-11-24 15:32:47,633:INFO:Epoch 104, Training loss 143261.18359375, Validation loss 143433.728515625
2021-11-24 15:32:51,579:INFO:Epoch 105, Training loss 143261.291015625, Validation loss 143420.83984375
2021-11-24 15:32:55,369:INFO:Epoch 106, Training loss 143267.119140625, Validation loss 143416.611328125
2021-11-24 15:32:59,203:INFO:Epoch 107, Training loss 143269.724609375, Validation loss 143436.19140625
2021-11-24 15:33:03,008:INFO:Epoch 108, Training loss 143282.388671875, Validation loss 143437.98046875
2021-11-24 15:33:06,859:INFO:Epoch 109, Training loss 143278.822265625, Validation loss 143419.068359375
2021-11-24 15:33:10,654:INFO:Epoch 110, Training loss 143278.7734375, Validation loss 143423.9375
2021-11-24 15:33:14,504:INFO:Epoch 111, Training loss 143282.509765625, Validation loss 143461.138671875
2021-11-24 15:33:18,300:INFO:Epoch 112, Training loss 143277.55859375, Validation loss 143412.951171875
2021-11-24 15:33:22,141:INFO:Epoch 113, Training loss 143271.748046875, Validation loss 143412.8125
2021-11-24 15:33:25,954:INFO:Epoch 114, Training loss 143273.61328125, Validation loss 143439.6796875
2021-11-24 15:33:29,770:INFO:Epoch 115, Training loss 143265.806640625, Validation loss 143426.296875
2021-11-24 15:33:33,589:INFO:Epoch 116, Training loss 143269.203125, Validation loss 143416.08203125
2021-11-24 15:33:37,428:INFO:Epoch 117, Training loss 143270.1796875, Validation loss 143438.369140625
2021-11-24 15:33:41,291:INFO:Epoch 118, Training loss 143269.05859375, Validation loss 143420.875
2021-11-24 15:33:45,116:INFO:Epoch 119, Training loss 143263.9140625, Validation loss 143420.5
2021-11-24 15:33:48,953:INFO:Epoch 120, Training loss 143263.16015625, Validation loss 143425.13671875
2021-11-24 15:33:52,777:INFO:Epoch 121, Training loss 143264.232421875, Validation loss 143423.01953125
2021-11-24 15:33:56,605:INFO:Epoch 122, Training loss 143263.384765625, Validation loss 143414.52734375
2021-11-24 15:34:00,403:INFO:Epoch 123, Training loss 143265.421875, Validation loss 143421.810546875
2021-11-24 15:34:04,245:INFO:Epoch 124, Training loss 143277.28515625, Validation loss 143476.11328125
2021-11-24 15:34:08,037:INFO:Epoch 125, Training loss 143273.666015625, Validation loss 143426.94140625
2021-11-24 15:34:11,923:INFO:Epoch 126, Training loss 143271.38671875, Validation loss 143424.724609375
2021-11-24 15:34:15,725:INFO:Epoch 127, Training loss 143263.26171875, Validation loss 143417.75390625
2021-11-24 15:34:19,555:INFO:Epoch 128, Training loss 143260.40625, Validation loss 143416.326171875
2021-11-24 15:34:23,358:INFO:Epoch 129, Training loss 143265.349609375, Validation loss 143424.03125
2021-11-24 15:34:27,212:INFO:Epoch 130, Training loss 143257.658203125, Validation loss 143412.392578125
2021-11-24 15:34:31,014:INFO:Epoch 131, Training loss 143257.193359375, Validation loss 143416.560546875
2021-11-24 15:34:34,832:INFO:Epoch 132, Training loss 143258.88671875, Validation loss 143421.978515625
2021-11-24 15:34:38,641:INFO:Epoch 133, Training loss 143260.140625, Validation loss 143418.193359375
2021-11-24 15:34:42,497:INFO:Epoch 134, Training loss 143258.5859375, Validation loss 143417.23046875
2021-11-24 15:34:46,314:INFO:Epoch 135, Training loss 143259.375, Validation loss 143426.99609375
2021-11-24 15:34:50,125:INFO:Epoch 136, Training loss 143261.470703125, Validation loss 143418.431640625
2021-11-24 15:34:53,924:INFO:Epoch 137, Training loss 143256.630859375, Validation loss 143412.51171875
2021-11-24 15:34:57,758:INFO:Epoch 138, Training loss 143255.892578125, Validation loss 143416.921875
2021-11-24 15:35:01,569:INFO:Epoch 139, Training loss 143254.138671875, Validation loss 143417.77734375
2021-11-24 15:35:05,392:INFO:Epoch 140, Training loss 143259.08984375, Validation loss 143435.125
2021-11-24 15:35:09,214:INFO:Epoch 141, Training loss 143258.2734375, Validation loss 143426.5234375
2021-11-24 15:35:13,073:INFO:Epoch 142, Training loss 143263.166015625, Validation loss 143420.7421875
2021-11-24 15:35:16,953:INFO:Epoch 143, Training loss 143255.576171875, Validation loss 143414.47265625
2021-11-24 15:35:20,811:INFO:Epoch 144, Training loss 143256.025390625, Validation loss 143413.578125
2021-11-24 15:35:24,756:INFO:Epoch 145, Training loss 143255.876953125, Validation loss 143424.572265625
2021-11-24 15:35:28,619:INFO:Epoch 146, Training loss 143258.34765625, Validation loss 143417.466796875
2021-11-24 15:35:32,558:INFO:Epoch 147, Training loss 143258.3203125, Validation loss 143417.322265625
2021-11-24 15:35:36,363:INFO:Epoch 148, Training loss 143264.900390625, Validation loss 143418.982421875
2021-11-24 15:35:40,207:INFO:Epoch 149, Training loss 143256.63671875, Validation loss 143416.326171875
2021-11-24 15:35:44,039:INFO:Epoch 150, Training loss 143257.349609375, Validation loss 143416.220703125
2021-11-24 15:35:47,903:INFO:Epoch 151, Training loss 143252.95703125, Validation loss 143421.353515625
2021-11-24 15:35:51,715:INFO:Epoch 152, Training loss 143258.94921875, Validation loss 143422.203125
2021-11-24 15:35:55,568:INFO:Epoch 153, Training loss 143254.375, Validation loss 143418.359375
2021-11-24 15:35:59,403:INFO:Epoch 154, Training loss 143260.40625, Validation loss 143419.349609375
2021-11-24 15:36:03,267:INFO:Epoch 155, Training loss 143258.58984375, Validation loss 143422.798828125
2021-11-24 15:36:07,093:INFO:Epoch 156, Training loss 143252.330078125, Validation loss 143415.705078125
2021-11-24 15:36:10,909:INFO:Epoch 157, Training loss 143256.05078125, Validation loss 143423.857421875
2021-11-24 15:36:14,776:INFO:Epoch 158, Training loss 143263.54296875, Validation loss 143427.16015625
2021-11-24 15:36:18,628:INFO:Epoch 159, Training loss 143259.875, Validation loss 143423.630859375
2021-11-24 15:36:22,461:INFO:Epoch 160, Training loss 143257.291015625, Validation loss 143421.24609375
2021-11-24 15:36:26,293:INFO:Epoch 161, Training loss 143254.71484375, Validation loss 143411.990234375
2021-11-24 15:36:30,157:INFO:Epoch 162, Training loss 143253.728515625, Validation loss 143414.658203125
2021-11-24 15:36:34,011:INFO:Epoch 163, Training loss 143255.501953125, Validation loss 143417.482421875
2021-11-24 15:36:37,852:INFO:Epoch 164, Training loss 143254.23828125, Validation loss 143424.259765625
2021-11-24 15:36:41,664:INFO:Epoch 165, Training loss 143258.615234375, Validation loss 143417.892578125
2021-11-24 15:36:45,543:INFO:Epoch 166, Training loss 143253.083984375, Validation loss 143418.861328125
2021-11-24 15:36:49,346:INFO:Epoch 167, Training loss 143256.990234375, Validation loss 143416.96484375
2021-11-24 15:36:53,241:INFO:Epoch 168, Training loss 143255.923828125, Validation loss 143413.576171875
2021-11-24 15:36:57,058:INFO:Epoch 169, Training loss 143258.11328125, Validation loss 143437.998046875
2021-11-24 15:37:00,916:INFO:Epoch 170, Training loss 143260.947265625, Validation loss 143433.173828125
2021-11-24 15:37:04,742:INFO:Epoch 171, Training loss 143269.375, Validation loss 143419.537109375
2021-11-24 15:37:08,638:INFO:Epoch 172, Training loss 143260.056640625, Validation loss 143424.865234375
2021-11-24 15:37:12,492:INFO:Epoch 173, Training loss 143255.865234375, Validation loss 143412.66796875
2021-11-24 15:37:16,343:INFO:Epoch 174, Training loss 143252.021484375, Validation loss 143415.431640625
2021-11-24 15:37:20,169:INFO:Epoch 175, Training loss 143250.037109375, Validation loss 143420.701171875
2021-11-24 15:37:24,044:INFO:Epoch 176, Training loss 143254.912109375, Validation loss 143419.1484375
2021-11-24 15:37:27,882:INFO:Epoch 177, Training loss 143254.185546875, Validation loss 143422.12890625
2021-11-24 15:37:31,714:INFO:Epoch 178, Training loss 143255.427734375, Validation loss 143443.41796875
2021-11-24 15:37:35,550:INFO:Epoch 179, Training loss 143257.7890625, Validation loss 143409.333984375
2021-11-24 15:37:39,409:INFO:Epoch 180, Training loss 143252.84765625, Validation loss 143418.029296875
2021-11-24 15:37:43,290:INFO:Epoch 181, Training loss 143252.177734375, Validation loss 143417.162109375
2021-11-24 15:37:47,143:INFO:Epoch 182, Training loss 143255.17578125, Validation loss 143415.974609375
2021-11-24 15:37:50,997:INFO:Epoch 183, Training loss 143254.287109375, Validation loss 143425.453125
2021-11-24 15:37:54,849:INFO:Epoch 184, Training loss 143255.732421875, Validation loss 143414.568359375
2021-11-24 15:37:58,703:INFO:Epoch 185, Training loss 143254.478515625, Validation loss 143413.0546875
2021-11-24 15:38:02,525:INFO:Epoch 186, Training loss 143251.482421875, Validation loss 143418.716796875
2021-11-24 15:38:06,379:INFO:Epoch 187, Training loss 143259.78515625, Validation loss 143436.203125
2021-11-24 15:38:10,178:INFO:Epoch 188, Training loss 143259.5546875, Validation loss 143416.974609375
2021-11-24 15:38:14,083:INFO:Epoch 189, Training loss 143253.341796875, Validation loss 143420.412109375
2021-11-24 15:38:17,895:INFO:Epoch 190, Training loss 143253.443359375, Validation loss 143421.896484375
2021-11-24 15:38:21,746:INFO:Epoch 191, Training loss 143256.2421875, Validation loss 143413.875
2021-11-24 15:38:25,571:INFO:Epoch 192, Training loss 143256.814453125, Validation loss 143435.072265625
2021-11-24 15:38:29,446:INFO:Epoch 193, Training loss 143256.708984375, Validation loss 143417.1875
2021-11-24 15:38:33,296:INFO:Epoch 194, Training loss 143252.7578125, Validation loss 143411.970703125
2021-11-24 15:38:37,133:INFO:Epoch 195, Training loss 143255.5546875, Validation loss 143413.458984375
2021-11-24 15:38:40,972:INFO:Epoch 196, Training loss 143258.228515625, Validation loss 143434.435546875
2021-11-24 15:38:44,881:INFO:Epoch 197, Training loss 143266.029296875, Validation loss 143418.33984375
2021-11-24 15:38:48,704:INFO:Epoch 198, Training loss 143270.1953125, Validation loss 143437.759765625
2021-11-24 15:38:52,530:INFO:Epoch 199, Training loss 143265.009765625, Validation loss 143432.4375
2021-11-24 15:38:56,366:INFO:Epoch 200, Training loss 143256.447265625, Validation loss 143412.86328125
2021-11-24 15:39:00,220:INFO:Epoch 201, Training loss 143266.109375, Validation loss 143420.099609375
2021-11-24 15:39:04,056:INFO:Epoch 202, Training loss 143250.05859375, Validation loss 143419.259765625
2021-11-24 15:39:07,866:INFO:Epoch 203, Training loss 143255.482421875, Validation loss 143417.453125
2021-11-24 15:39:11,717:INFO:Epoch 204, Training loss 143254.658203125, Validation loss 143414.18359375
2021-11-24 15:39:15,587:INFO:Epoch 205, Training loss 143251.17578125, Validation loss 143419.169921875
2021-11-24 15:39:19,417:INFO:Epoch 206, Training loss 143250.017578125, Validation loss 143418.61328125
2021-11-24 15:39:23,172:INFO:Epoch 207, Training loss 143251.837890625, Validation loss 143415.58203125
2021-11-24 15:39:26,955:INFO:Epoch 208, Training loss 143248.869140625, Validation loss 143423.880859375
2021-11-24 15:39:30,701:INFO:Epoch 209, Training loss 143254.099609375, Validation loss 143420.814453125
2021-11-24 15:39:34,519:INFO:Epoch 210, Training loss 143253.16796875, Validation loss 143424.140625
2021-11-24 15:39:38,260:INFO:Epoch 211, Training loss 143256.271484375, Validation loss 143426.548828125
2021-11-24 15:39:42,050:INFO:Epoch 212, Training loss 143255.423828125, Validation loss 143414.8203125
2021-11-24 15:39:45,828:INFO:Epoch 213, Training loss 143252.484375, Validation loss 143417.51171875
2021-11-24 15:39:49,631:INFO:Epoch 214, Training loss 143256.212890625, Validation loss 143414.41796875
2021-11-24 15:39:53,385:INFO:Epoch 215, Training loss 143252.181640625, Validation loss 143415.46484375
2021-11-24 15:39:57,155:INFO:Epoch 216, Training loss 143250.982421875, Validation loss 143432.646484375
2021-11-24 15:40:00,916:INFO:Epoch 217, Training loss 143253.513671875, Validation loss 143415.671875
2021-11-24 15:40:04,710:INFO:Epoch 218, Training loss 143248.111328125, Validation loss 143422.369140625
2021-11-24 15:40:08,485:INFO:Epoch 219, Training loss 143249.109375, Validation loss 143415.29296875
2021-11-24 15:40:12,252:INFO:Epoch 220, Training loss 143251.181640625, Validation loss 143415.88671875
2021-11-24 15:40:16,056:INFO:Epoch 221, Training loss 143252.2734375, Validation loss 143418.53515625
2021-11-24 15:40:19,838:INFO:Epoch 222, Training loss 143251.046875, Validation loss 143418.90625
2021-11-24 15:40:23,607:INFO:Epoch 223, Training loss 143259.017578125, Validation loss 143417.875
2021-11-24 15:40:27,360:INFO:Epoch 224, Training loss 143251.119140625, Validation loss 143417.642578125
2021-11-24 15:40:31,140:INFO:Epoch 225, Training loss 143247.658203125, Validation loss 143419.3359375
2021-11-24 15:40:34,919:INFO:Epoch 226, Training loss 143251.68359375, Validation loss 143427.767578125
2021-11-24 15:40:38,708:INFO:Epoch 227, Training loss 143253.345703125, Validation loss 143416.38671875
2021-11-24 15:40:42,446:INFO:Epoch 228, Training loss 143248.66796875, Validation loss 143421.3125
2021-11-24 15:40:46,262:INFO:Epoch 229, Training loss 143251.27734375, Validation loss 143417.181640625
2021-11-24 15:40:46,271:INFO:Finished training, producing training report at /data/theorie/jthoeve/ML4EFT_higgs/models/24_11/model_quad_cHW/mc_run_17/plots/training_report/
2021-11-24 15:40:49,239:WARNING:findfont: Font family ['sans-serif'] not found. Falling back to DejaVu Sans.
