8.465960937500000000e+04
8.465960937500000000e+04
8.465960937500000000e+04
8.465960937500000000e+04
8.465960937500000000e+04
8.465960937500000000e+04
8.465960937500000000e+04
8.465960937500000000e+04
8.465960937500000000e+04
8.465960937500000000e+04
8.465960937500000000e+04
8.465960937500000000e+04
7.986328613281250000e+04
7.478079980468750000e+04
7.398470117187500000e+04
7.429294335937500000e+04
7.408801757812500000e+04
7.382807812500000000e+04
7.376941992187500000e+04
7.379142675781250000e+04
7.378068164062500000e+04
7.376328613281250000e+04
7.375737597656250000e+04
7.375863671875000000e+04
7.375868945312500000e+04
7.375754980468750000e+04
7.375679296875000000e+04
7.375653808593750000e+04
7.375642285156250000e+04
7.375613671875000000e+04
7.375590527343750000e+04
7.375576464843750000e+04
7.375564843750000000e+04
7.375556640625000000e+04
7.375539550781250000e+04
7.375522363281250000e+04
7.375511132812500000e+04
7.375496679687500000e+04
7.375481640625000000e+04
7.375482324218750000e+04
7.375463769531250000e+04
7.375463085937500000e+04
7.375442480468750000e+04
7.375432519531250000e+04
7.375420800781250000e+04
7.375409570312500000e+04
7.375398925781250000e+04
7.375393359375000000e+04
7.375382617187500000e+04
7.375389941406250000e+04
7.375362402343750000e+04
7.375354687500000000e+04
7.375357031250000000e+04
7.375334960937500000e+04
7.375323437500000000e+04
7.375315429687500000e+04
7.375325097656250000e+04
7.375312792968750000e+04
7.375295605468750000e+04
7.375284375000000000e+04
7.375274023437500000e+04
7.375266015625000000e+04
7.375255761718750000e+04
7.375266894531250000e+04
7.375256250000000000e+04
7.375228320312500000e+04
7.375223242187500000e+04
7.375216210937500000e+04
7.375211328125000000e+04
7.375194238281250000e+04
7.375180566406250000e+04
7.375173437500000000e+04
